Luxehotels.com-0078-2016Redesign;en-US;;18833;1;50
Broadmoor.com-0073-2016Redesign;en-US;;17333;1;54
Cendyn.com-0095-2016Redesign;en-US;;26815;1;36
Thesagamore.com-0112-2017Redesign;en-US;;32339;1;147
Opalsands.com-0084-2016Redesign;en-US;;20171;1;9
Lidobeachresort.com-0106-2017Redesign;en-US;;29899;1;29
Longboatkeyclub.com-0104-2017Redesign;en-US;;28328;1;88
Cocokeyorlando.com-0059-2015Redesign;en-US;;12394;1;34
Broadmoor.com-0073-2016Redesign;en-US;;16721;1;10
Lakeplacidlodge.com-0105-2017Redesign;en-US;;32804;1;74
Broadmoor.com-0073-2016Redesign;en-US;;21233;1;30
Washingtondukeinn.com-0024-2014Redesign;en-US;;4997;1;14
wentworthcom00212014redesign;en-US;;4306;1;36
Monarchbeachresort.com-0092-2016Redesign;en-US;;23472;1;65
Thesagamore.com-0112-2017Redesign;en-US;;33444;1;27
Thesagamore.com-0112-2017Redesign;en-US;;33452;1;54
Lakeplacidlodge.com-0105-2017Redesign;en-US;;28545;1;32
Thesagamore.com-0112-2017Redesign;en-US;;32339;1;15
Thesagamore.com-0112-2017Redesign;en-US;;32391;1;22
Thelodgeatwoodloch.com-0033-2015Redesign;en-US;;7764;1;43
Thesagamore.com-0112-2017Redesign;en-US;;33921;1;14
Thesagamore.com-0112-2017Redesign;en-US;;32339;1;7
Delraysandsresort.com-0097-2016Redesign;en-US;;27233;1;65
Lakeplacidlodge.com-0105-2017Redesign;en-US;;32805;1;42
Lakeplacidlodge.com-0105-2017Redesign;en-US;;28557;1;143
Broadmoor.com-0073-2016Redesign;en-US;;17269;1;14
Thelodgeatwoodloch.com-0033-2015Redesign;en-US;;7783;1;28
Sandylane.com-0075-2016Redesign;en-US;;17708;1;235
Lakeplacidlodge.com-0105-2017Redesign;en-US;;28557;1;9
Sandpearl.com-0091-2016Redesign;en-US;;22489;1;57
Thelodgeatwoodloch.com-0033-2015Redesign;en-US;;7764;1;26
Casaybelresort.com-0002-2014Redesign;en-US;;1533;1;20
Thesagamore.com-0112-2017Redesign;en-US;;33572;1;11
Glencovemansion.com-0058-2015Redesign;en-US;;13328;1;18
Cendyn.com-0095-2016Redesign;en-US;;29882;1;311
Thelodgeatwoodloch.com-0033-2015Redesign;en-US;;7764;1;14
wentworthcom00212014redesign;en-US;;26679;1;21
Lakeplacidlodge.com-0105-2017Redesign;en-US;;32804;1;11
Thesagamore.com-0112-2017Redesign;en-US;;32346;1;6
Lakeplacidlodge.com-0105-2017Redesign;en-US;;32805;1;26
Thelodgeatwoodloch.com-0033-2015Redesign;en-US;;7764;1;118
Treasureislandbeachresort.com-0089-2016Redesign;en-US;;22201;1;37
Thesagamore.com-0112-2017Redesign;en-US;;33924;1;16
Thelodgeatwoodloch.com-0033-2015Redesign;en-US;;8306;1;1
Galthouse.com-0042-2015Redesign;en-US;;12887;1;58
Thelodgeatwoodloch.com-0033-2015Redesign;en-US;;7764;1;197
Galthouse.com-0042-2015Redesign;en-US;;10592;1;11
Thelodgeatwoodloch.com-0033-2015Redesign;en-US;;7764;1;215
Thesagamore.com-0112-2017Redesign;en-US;;33568;1;219
Casaybelresort.com-0002-2014Redesign;en-US;;1736;1;14
Sandylane.com-0075-2016Redesign;en-US;;17696;1;1
Broadmoor.com-0073-2016Redesign;en-US;;16763;1;53
Longboatkeyclub.com-0104-2017Redesign;en-US;;28316;1;490
Thesagamore.com-0112-2017Redesign;en-US;;32387;1;1
Broadmoor.com-0073-2016Redesign;en-US;;17465;1;62
Thelodgeatwoodloch.com-0033-2015Redesign;en-US;;8257;1;3
Thesagamore.com-0112-2017Redesign;en-US;;32339;1;25
Broadmoor.com-0073-2016Redesign;en-US;;16761;1;1
Galthouse.com-0042-2015Redesign;en-US;;10592;1;5
Sandpearl.com-0091-2016Redesign;en-US;;22481;1;299
Thesagamore.com-0112-2017Redesign;en-US;;32346;1;4
Thelodgeatwoodloch.com-0033-2015Redesign;en-US;;28116;1;136
Glencovemansion.com-0058-2015Redesign;en-US;;13343;1;18
Halcyonhotelcherrycreek.com-0061-2015Redesign;en-US;;23287;1;5
wentworthcom00212014redesign;en-US;;4309;1;15
Thesagamore.com-0112-2017Redesign;en-US;;33922;1;34
Thesagamore.com-0112-2017Redesign;en-US;;33471;1;29
Cendyn.com-0095-2016Redesign;en-US;;30201;1;21
Miravalspamonarchbeach.com-0109-2017Redesign;en-US;;31915;1;95
Broadmoor.com-0073-2016Redesign;en-US;;17465;1;71
Renaissancepittsburghpa.com-0044-2015Redesign;en-US;;9637;1;313
Lakeplacidlodge.com-0105-2017Redesign;en-US;;32806;1;17
Thelodgeatwoodloch.com-0033-2015Redesign;en-US;;7781;1;30
Galthouse.com-0042-2015Redesign;en-US;;10568;1;7
Thesagamore.com-0112-2017Redesign;en-US;;32388;1;18
Sandpearl.com-0091-2016Redesign;en-US;;22482;1;150
Thelodgeatwoodloch.com-0033-2015Redesign;en-US;;9847;1;26
Lakeplacidlodge.com-0105-2017Redesign;en-US;;32783;1;88
Broadmoor.com-0073-2016Redesign;en-US;;17465;1;46
Chrco.com-0107-2017Redesign;en-US;;29280;1;23
