Washingtondukeinn.com-0024-2014Redesign;en-US;;5165;1;16
saddlebrook.com-0011-2014Redesign;en-US;;4539;1;31
Thesagamore.com-0112-2017Redesign;en-US;;33451;1;19
Theoxfordhotel.com-0062-2015Redesign;en-US;;14325;1;8
Theoxfordhotel.com-0062-2015Redesign;en-US;;40362;1;0
Sandylane.com-0075-2016Redesign;en-US;;17645;1;42
Thesagamore.com-0112-2017Redesign;en-US;;32339;1;73
Thelodgeatwoodloch.com-0033-2015Redesign;en-US;;7764;1;151
Broadmoor.com-0073-2016Redesign;en-US;;16724;1;11
Thesagamore.com-0112-2017Redesign;en-US;;32339;1;52
Thesagamore.com-0112-2017Redesign;en-US;;33922;1;13
Broadmoor.com-0073-2016Redesign;en-US;;18259;1;77
Thesagamore.com-0112-2017Redesign;en-US;;33569;1;43
Lakeplacidlodge.com-0105-2017Redesign;en-US;;32804;1;72
Broadmoor.com-0073-2016Redesign;en-US;;18259;1;32
Marriottkeylargo.com-0015-2014Redesign;en-US;;3948;1;74
Galthouse.com-0042-2015Redesign;en-US;;10604;1;20
Thesagamore.com-0112-2017Redesign;en-US;;33921;1;55
Marriottkeylargo.com-0015-2014Redesign;en-US;;3948;1;22
Broadmoor.com-0073-2016Redesign;en-US;;16799;1;2
Thesagamore.com-0112-2017Redesign;en-US;;33921;1;412
wentworthcom00212014redesign;en-US;;4247;1;33
saddlebrook.com-0011-2014Redesign;en-US;;3470;1;9
Cphollywoodbeach.com-0032-2015Redesign;en-US;;7805;1;6
wentworthcom00212014redesign;en-US;;4307;1;184
Broadmoor.com-0073-2016Redesign;en-US;;21231;1;2
Broadmoor.com-0073-2016Redesign;en-US;;16772;1;20
Theoxfordhotel.com-0062-2015Redesign;en-US;;14325;1;10
Thesagamore.com-0112-2017Redesign;en-US;;32339;1;34
Thesagamore.com-0112-2017Redesign;en-US;;33921;1;17
Broadmoor.com-0073-2016Redesign;en-US;;18782;1;2
Casaybelresort.com-0002-2014Redesign;en-US;;1596;1;18
Theoxfordhotel.com-0062-2015Redesign;en-US;;14345;1;1
Opalsands.com-0084-2016Redesign;en-US;;20171;1;281
Thesagamore.com-0112-2017Redesign;en-US;;32346;1;21
Theoxfordhotel.com-0062-2015Redesign;en-US;;14325;1;3
Thesagamore.com-0112-2017Redesign;en-US;;33366;1;181
Theoxfordhotel.com-0062-2015Redesign;en-US;;14346;1;0
Broadmoor.com-0073-2016Redesign;en-US;;20436;1;22
Thesagamore.com-0112-2017Redesign;en-US;;33921;1;24
wentworthcom00212014redesign;en-US;;4250;1;8
Delraysandsresort.com-0097-2016Redesign;en-US;;27280;1;30
Lakeplacidlodge.com-0105-2017Redesign;en-US;;28593;1;22
Thelodgeatwoodloch.com-0033-2015Redesign;en-US;;9801;1;22
Thelodgeatwoodloch.com-0033-2015Redesign;en-US;;8390;1;5
Thesagamore.com-0112-2017Redesign;en-US;;33922;1;18
Thesagamore.com-0112-2017Redesign;en-US;;33924;1;12
Sandylane.com-0075-2016Redesign;en-US;;17611;1;22
Thesagamore.com-0112-2017Redesign;en-US;;32389;1;19
Halcyonhotelcherrycreek.com-0061-2015Redesign;en-US;;41138;1;31
Theharborsidehotel.com-0114-2017Redesign;en-US;;38412;1;28
Sandylane.com-0075-2016Redesign;en-US;;17675;1;5
Thesagamore.com-0112-2017Redesign;en-US;;33921;1;9
Thesagamore.com-0112-2017Redesign;en-US;;33452;1;30
Thesagamore.com-0112-2017Redesign;en-US;;32391;1;24
saddlebrook.com-0011-2014Redesign;en-US;;3463;1;35
Lakeplacidlodge.com-0105-2017Redesign;en-US;;28545;1;18
Casaybelresort.com-0002-2014Redesign;en-US;;1613;1;21
Bluebirch.com-0072-2016Redesign;en-US;;16693;1;2
Thesagamore.com-0112-2017Redesign;en-US;;32346;1;22
Thesagamore.com-0112-2017Redesign;en-US;;32388;1;20
Thesagamore.com-0112-2017Redesign;en-US;;33922;1;7
Thesagamore.com-0112-2017Redesign;en-US;;32359;1;21
Theharborsidehotel.com-0114-2017Redesign;en-US;;37579;1;11
wentworthcom00212014redesign;en-US;;4299;1;1003
Broadmoor.com-0073-2016Redesign;en-US;;18010;1;80
Thesagamore.com-0112-2017Redesign;en-US;;33921;1;5
Theharborsidehotel.com-0114-2017Redesign;en-US;;37608;1;3
Broadmoor.com-0073-2016Redesign;en-US;;16721;1;6
Chrco.com-0107-2017Redesign;en-US;;29434;1;474
Thesagamore.com-0112-2017Redesign;en-US;;33453;1;15
Broadmoor.com-0073-2016Redesign;en-US;;16721;1;15
Delraysandsresort.com-0097-2016Redesign;en-US;;36464;1;28
Amzak.com-0023-2014Redesign;en-US;;3745;1;248
Thesagamore.com-0112-2017Redesign;en-US;;33923;1;6
Thelodgeatwoodloch.com-0033-2015Redesign;en-US;;7782;1;59
Lakeplacidlodge.com-0105-2017Redesign;en-US;;40790;1;31
Lakeplacidlodge.com-0105-2017Redesign;en-US;;28546;1;65
Secretharbourvi.com-0040-2015Redesign;en-US;;9231;1;12
Longboatkeyclub.com-0104-2017Redesign;en-US;;28316;1;48
Thelodgeatwoodloch.com-0033-2015Redesign;en-US;;8257;1;109
Thesagamore.com-0112-2017Redesign;en-US;;33921;1;69
Thesagamore.com-0112-2017Redesign;en-US;;33922;1;37
Thesagamore.com-0112-2017Redesign;en-US;;33454;1;9
Broadmoor.com-0073-2016Redesign;en-US;;16755;1;13
Sandylane.com-0075-2016Redesign;en-US;;17611;1;26
Treasureislandbeachresort.com-0089-2016Redesign;en-US;;22169;1;123
Thesagamore.com-0112-2017Redesign;en-US;;33924;1;7
Amzak.com-0023-2014Redesign;en-US;;4220;1;94
