Broadmoor.com-0073-2016Redesign;en-US;;21867;1;9
Miravalspamonarchbeach.com-0109-2017Redesign;en-US;;31728;1;72
Broadmoor.com-0073-2016Redesign;en-US;;16800;1;31
Minnetonkamarriott.com-0039-2015Redesign;en-US;;8853;1;11
Thesagamore.com-0112-2017Redesign;en-US;;33922;1;22
Broadmoor.com-0073-2016Redesign;en-US;;16728;1;23
Miravalspamonarchbeach.com-0109-2017Redesign;en-US;;31709;1;14
Thesagamore.com-0112-2017Redesign;en-US;;32339;1;47
Thelodgeatwoodloch.com-0033-2015Redesign;en-US;;7783;1;24
Broadmoor.com-0073-2016Redesign;en-US;;17269;1;6
Longboatkeyclub.com-0104-2017Redesign;en-US;;28316;1;0
Thelodgeatwoodloch.com-0033-2015Redesign;en-US;;7782;1;19
Thelodgeatwoodloch.com-0033-2015Redesign;en-US;;9849;1;75
Cphollywoodbeach.com-0032-2015Redesign;en-US;;7805;1;18
Miravalspamonarchbeach.com-0109-2017Redesign;en-US;;32043;1;2
Opalsands.com-0084-2016Redesign;en-US;;20171;1;17
Unionstationhotelnashville.com-0047-2015Redesign;en-US;;41720;1;12
Thelodgeatwoodloch.com-0033-2015Redesign;en-US;;9847;1;2
Secretharbourvi.com-0040-2015Redesign;en-US;;9231;1;6
Cphollywoodbeach.com-0032-2015Redesign;en-US;;7805;1;253
Theloganhotel.com-0043-2015Redesign;en-US;;20218;1;38
Zotabeachresort.com-0090-2016Redesign;en-US;;22357;1;9
Thesagamore.com-0112-2017Redesign;en-US;;32339;1;19
Sandylane.com-0075-2016Redesign;en-US;;17611;1;60
Miravalspamonarchbeach.com-0109-2017Redesign;en-US;;31719;1;4
Lakeplacidlodge.com-0105-2017Redesign;en-US;;28545;1;14
Miravalspamonarchbeach.com-0109-2017Redesign;en-US;;32872;1;0
Napavalleymarriott.com-0071-2016Redesign;en-US;;16432;1;17
Thelodgeatwoodloch.com-0033-2015Redesign;en-US;;8261;1;5
Theharborsidehotel.com-0114-2017Redesign;en-US;;37571;1;8
Cendyn.com-0095-2016Redesign;en-US;;26640;1;27
theweststreethotel.com-0115-2017Redesign;en-US;;37653;1;47
Renaissancepittsburghpa.com-0044-2015Redesign;en-US;;9637;1;12
Sandpearl.com-0091-2016Redesign;en-US;;22481;1;31
Broadmoor.com-0073-2016Redesign;en-US;;16721;1;14
Thesagamore.com-0112-2017Redesign;en-US;;33924;1;19
Zotabeachresort.com-0090-2016Redesign;en-US;;22368;1;7
Washingtoncourthotel.com-0076-2016Redesign;en-US;;17858;1;35
Broadmoor.com-0073-2016Redesign;en-US;;17336;1;15
Thesagamore.com-0112-2017Redesign;en-US;;32355;1;34
Broadmoor.com-0073-2016Redesign;en-US;;18010;1;20
Broadmoor.com-0073-2016Redesign;en-US;;17269;1;22
Longboatkeyclub.com-0104-2017Redesign;en-US;;28316;1;1
Thesagamore.com-0112-2017Redesign;en-US;;33537;1;29
Samosetresort.com-0113-2017Redesign;en-US;;32576;1;48
Miravalspamonarchbeach.com-0109-2017Redesign;en-US;;33978;1;25
wentworthcom00212014redesign;en-US;;4259;1;0
wentworthcom00212014redesign;en-US;;26679;1;0
Glencovemansion.com-0058-2015Redesign;en-US;;13328;1;38
Broadmoor.com-0073-2016Redesign;en-US;;18014;1;65
Sandylane.com-0075-2016Redesign;en-US;;17692;1;21
Theoxfordhotel.com-0062-2015Redesign;en-US;;14325;1;200
Thesagamore.com-0112-2017Redesign;en-US;;33921;1;24
Thesagamore.com-0112-2017Redesign;en-US;;32351;1;8
Casaybelresort.com-0002-2014Redesign;en-US;;1613;1;13
Theoxfordhotel.com-0062-2015Redesign;en-US;;14430;1;2
theweststreethotel.com-0115-2017Redesign;en-US;;37654;1;24
Thesagamore.com-0112-2017Redesign;en-US;;33922;1;5
Bellemontfarm.com-0007-2013Redesign;en-US;;11497;1;95
Bellemontfarm.com-0007-2013Redesign;en-US;;10360;1;0
Galthouse.com-0042-2015Redesign;en-US;;31905;1;8
Opalsands.com-0084-2016Redesign;en-US;;20171;1;36
Broadmoor.com-0073-2016Redesign;en-US;;16724;1;20
Thesagamore.com-0112-2017Redesign;en-US;;32344;1;22
Monarchbeachresort.com-0092-2016Redesign;en-US;;22994;1;522
Casaybelresort.com-0002-2014Redesign;en-US;;1603;1;10
Thesagamore.com-0112-2017Redesign;en-US;;33922;1;11
Lidobeachresort.com-0106-2017Redesign;en-US;;28666;1;61
Sandylane.com-0075-2016Redesign;en-US;;17611;1;67
Thesagamore.com-0112-2017Redesign;en-US;;32351;1;21
Lakeplacidlodge.com-0105-2017Redesign;en-US;;28545;1;162
Broadmoor.com-0073-2016Redesign;en-US;;16728;1;6
Sandpearl.com-0091-2016Redesign;en-US;;22530;1;33
Thesagamore.com-0112-2017Redesign;en-US;;33921;1;37
Thesagamore.com-0112-2017Redesign;en-US;;32339;1;18
Thecurtis.com-0079-2016Redesign;en-US;;19398;1;2
Thesagamore.com-0112-2017Redesign;en-US;;33577;1;65
Broadmoor.com-0073-2016Redesign;en-US;;16755;1;55
Thelodgeatwoodloch.com-0033-2015Redesign;en-US;;8265;1;72
Renaissancepittsburghpa.com-0044-2015Redesign;en-US;;9637;1;91
Thesagamore.com-0112-2017Redesign;en-US;;33443;1;56
Napavalleymarriott.com-0071-2016Redesign;en-US;;18282;1;217
Thesagamore.com-0112-2017Redesign;en-US;;33921;1;42
