Hhotellosangeles.com-0118-2017Redesign;en-US;;37901;1;32
Theoxfordhotel.com-0062-2015Redesign;en-US;;14333;1;1
Broadmoor.com-0073-2016Redesign;en-US;;16766;1;8
Thesagamore.com-0112-2017Redesign;en-US;;33922;1;11
Longboatkeyclub.com-0104-2017Redesign;en-US;;28316;1;6
Casaybelresort.com-0002-2014Redesign;en-US;;1533;1;20
Sandpearl.com-0091-2016Redesign;en-US;;22481;1;14
Galthouse.com-0042-2015Redesign;en-US;;10568;1;153
Washingtondukeinn.com-0024-2014Redesign;en-US;;4737;1;19
Thesagamore.com-0112-2017Redesign;en-US;;32348;1;14
Thesagamore.com-0112-2017Redesign;en-US;;32339;1;96
Thecrawfordhotel.com-0074-2016Redesign;en-US;;17145;1;10
Chrco.com-0107-2017Redesign;en-US;;29280;1;9
Longboatkeyclub.com-0104-2017Redesign;en-US;;28381;1;32
Broadmoor.com-0073-2016Redesign;en-US;;16761;1;90
Cocokeyorlando.com-0059-2015Redesign;en-US;;12414;1;154
Cocokeyorlando.com-0059-2015Redesign;en-US;;12409;1;0
saddlebrook.com-0011-2014Redesign;en-US;;3452;1;43
wentworthcom00212014redesign;en-US;;26679;1;26
Thecrawfordhotel.com-0074-2016Redesign;en-US;;17667;1;5
Sandpearl.com-0091-2016Redesign;en-US;;22595;1;281
Sandpearl.com-0091-2016Redesign;en-US;;22481;1;33
Lidobeachresort.com-0106-2017Redesign;en-US;;29823;1;56
Broadmoor.com-0073-2016Redesign;en-US;;16770;1;19
Napavalleymarriott.com-0071-2016Redesign;en-US;;18369;1;11
Thelodgeatwoodloch.com-0033-2015Redesign;en-US;;8269;1;29
Laxembassy.com-0008-2014Redesign;en-US;;2037;1;59
Thesagamore.com-0112-2017Redesign;en-US;;32340;1;176
Cocokeyorlando.com-0059-2015Redesign;en-US;;12406;1;13
Hospitalityupgrade.com-0093-2016Redesign;en-US;;37894;1;75
Casaybelresort.com-0002-2014Redesign;en-US;;1571;1;17
saddlebrook.com-0011-2014Redesign;en-US;;3515;1;16
Oxfordclubspa.com-0068-2016Redesign;en-US;;15568;1;92
Thesagamore.com-0112-2017Redesign;en-US;;33366;1;56
Casaybelresort.com-0002-2014Redesign;en-US;;1597;1;4
Oxfordclubspa.com-0068-2016Redesign;en-US;;40635;1;1
Monarchbeachresort.com-0092-2016Redesign;en-US;;22995;1;100
Broadmoor.com-0073-2016Redesign;en-US;;16767;1;11
Thesagamore.com-0112-2017Redesign;en-US;;33921;1;23
Thelodgeatwoodloch.com-0033-2015Redesign;en-US;;9932;1;12
Sandpearl.com-0091-2016Redesign;en-US;;22481;1;24
Theharborsidehotel.com-0114-2017Redesign;en-US;;38027;1;113
Casaybelresort.com-0002-2014Redesign;en-US;;1613;1;230
Broadmoor.com-0073-2016Redesign;en-US;;21796;1;996
Lakeplacidlodge.com-0105-2017Redesign;en-US;;32805;1;58
Springhillsuitesdenver.com-0060-2015Redesign;en-US;;12307;1;10
Thesagamore.com-0112-2017Redesign;en-US;;33477;1;57
Thelodgeatwoodloch.com-0033-2015Redesign;en-US;;9916;1;11
Monarchbeachresort.com-0092-2016Redesign;en-US;;23906;1;114
Broadmoor.com-0073-2016Redesign;en-US;;16724;1;10
Casaybelresort.com-0002-2014Redesign;en-US;;1533;1;17
Broadmoor.com-0073-2016Redesign;en-US;;16776;1;38
Monarchbeachresort.com-0092-2016Redesign;en-US;;22744;1;18
Casaybelresort.com-0002-2014Redesign;en-US;;1597;1;3
Thesagamore.com-0112-2017Redesign;en-US;;33922;1;195
Zotabeachresort.com-0090-2016Redesign;en-US;;22357;1;95
Minnetonkamarriott.com-0039-2015Redesign;en-US;;9619;1;90
Thesagamore.com-0112-2017Redesign;en-US;;33922;1;24
