Thesagamore.com-0112-2017Redesign;en-US;;32347;1;25
Broadmoor.com-0073-2016Redesign;en-US;;16762;1;1
Thesagamore.com-0112-2017Redesign;en-US;;33923;1;14
Broadmoor.com-0073-2016Redesign;en-US;;16759;1;19
Springhillsuitesdenver.com-0060-2015Redesign;en-US;;12307;1;81
Sandpearl.com-0091-2016Redesign;en-US;;22481;1;27
Thesagamore.com-0112-2017Redesign;en-US;;33921;1;5
Treasureislandbeachresort.com-0089-2016Redesign;en-US;;23209;1;177
Lakeplacidlodge.com-0105-2017Redesign;en-US;;28545;1;13
Cocokeyorlando.com-0059-2015Redesign;en-US;;12406;1;61
Thesagamore.com-0112-2017Redesign;en-US;;33535;1;50
Broadmoor.com-0073-2016Redesign;en-US;;16778;1;10
Thesagamore.com-0112-2017Redesign;en-US;;33923;1;15
Broadmoor.com-0073-2016Redesign;en-US;;17444;1;7
Broadmoor.com-0073-2016Redesign;en-US;;16721;1;10
Secretharbourvi.com-0040-2015Redesign;en-US;;9231;1;7
Opalsands.com-0084-2016Redesign;en-US;;21650;1;30
Broadmoor.com-0073-2016Redesign;en-US;;18259;1;47
Theloganhotel.com-0043-2015Redesign;en-US;;15962;1;72
Broadmoor.com-0073-2016Redesign;en-US;;21231;1;49
Thesagamore.com-0112-2017Redesign;en-US;;32346;1;26
Thesagamore.com-0112-2017Redesign;en-US;;33924;1;72
Galthouse.com-0042-2015Redesign;en-US;;10055;1;95
Lakeplacidlodge.com-0105-2017Redesign;en-US;;28552;1;12
Thesagamore.com-0112-2017Redesign;en-US;;32351;1;61
Opalsands.com-0084-2016Redesign;en-US;;20797;1;9
Broadmoor.com-0073-2016Redesign;en-US;;16722;1;11
Monarchbeachresort.com-0092-2016Redesign;en-US;;22725;1;38
Lakeplacidlodge.com-0105-2017Redesign;en-US;;28545;1;75
Thesagamore.com-0112-2017Redesign;en-US;;33924;1;20
Cocokeyorlando.com-0059-2015Redesign;en-US;;12404;1;86
Broadmoor.com-0073-2016Redesign;en-US;;16761;1;36
Thelodgeatwoodloch.com-0033-2015Redesign;en-US;;7764;1;190
Edgewaternaples.com-0094-2016Redesign;en-US;;25239;1;11
Broadmoor.com-0073-2016Redesign;en-US;;16721;1;4
Galthouse.com-0042-2015Redesign;en-US;;31905;1;48
Treasureislandbeachresort.com-0089-2016Redesign;en-US;;22176;1;22
Thesagamore.com-0112-2017Redesign;en-US;;32391;1;19
Thesagamore.com-0112-2017Redesign;en-US;;32358;1;20
Thesagamore.com-0112-2017Redesign;en-US;;32351;1;183
Cocokeyorlando.com-0059-2015Redesign;en-US;;12410;1;31
Thesagamore.com-0112-2017Redesign;en-US;;33921;1;5
Theharborsidehotel.com-0114-2017Redesign;en-US;;37571;1;13
Galthouse.com-0042-2015Redesign;en-US;;31905;1;252
Thesagamore.com-0112-2017Redesign;en-US;;33922;1;244
Thelodgeatwoodloch.com-0033-2015Redesign;en-US;;8257;1;5
Springhillsuitesdenver.com-0060-2015Redesign;en-US;;12341;1;30
Thesagamore.com-0112-2017Redesign;en-US;;33452;1;26
Sandpearl.com-0091-2016Redesign;en-US;;22532;1;31
Thelodgeatwoodloch.com-0033-2015Redesign;en-US;;7764;1;7
Lakeplacidlodge.com-0105-2017Redesign;en-US;;32783;1;13
Lakeplacidlodge.com-0105-2017Redesign;en-US;;28595;1;18
Lidobeachresort.com-0106-2017Redesign;en-US;;28683;1;891
Opalsands.com-0084-2016Redesign;en-US;;20795;1;17
Broadmoor.com-0073-2016Redesign;en-US;;18208;1;70
Thesagamore.com-0112-2017Redesign;en-US;;32346;1;11
Thelodgeatwoodloch.com-0033-2015Redesign;en-US;;8253;1;28
Broadmoor.com-0073-2016Redesign;en-US;;22159;1;60
Broadmoor.com-0073-2016Redesign;en-US;;23547;1;2
Broadmoor.com-0073-2016Redesign;en-US;;16721;1;7
Thelodgeatwoodloch.com-0033-2015Redesign;en-US;;8250;1;8
Broadmoor.com-0073-2016Redesign;en-US;;16724;1;7
Longboatkeyclub.com-0104-2017Redesign;en-US;;28316;1;7
Thesagamore.com-0112-2017Redesign;en-US;;33921;1;17
Thesagamore.com-0112-2017Redesign;en-US;;32339;1;3
Samosetresort.com-0113-2017Redesign;en-US;;32541;1;5
Thecurtis.com-0079-2016Redesign;en-US;;18372;1;55
Lakeplacidlodge.com-0105-2017Redesign;en-US;;28557;1;15
Broadmoor.com-0073-2016Redesign;en-US;;16756;1;672
Thesagamore.com-0112-2017Redesign;en-US;;33924;1;21
Thelodgeatwoodloch.com-0033-2015Redesign;en-US;;8395;1;6
Galthouse.com-0042-2015Redesign;en-US;;10055;1;22
Broadmoor.com-0073-2016Redesign;en-US;;16751;1;4
Lakeplacidlodge.com-0105-2017Redesign;en-US;;28545;1;60
Broadmoor.com-0073-2016Redesign;en-US;;18259;1;40
Thesagamore.com-0112-2017Redesign;en-US;;32339;1;7
Lakeplacidlodge.com-0105-2017Redesign;en-US;;28545;1;57
