Cphollywoodbeach.com-0032-2015Redesign;en-US;Bing;7805;1;0
Hospitalityupgrade.com-0093-2016Redesign;en-US;Bing;22790;1;0
Hospitalityupgrade.com-0093-2016Redesign;en-US;Google;25405;1;0
Secretharbourvi.com-0040-2015Redesign;en-US;Yahoo;9500;1;0
Thesagamore.com-0112-2017Redesign;en-US;Google;32339;1;0
Hospitalityupgrade.com-0093-2016Redesign;en-US;Google;25405;1;0
Thesagamore.com-0112-2017Redesign;en-US;Google;32339;1;0
Theoxfordhotel.com-0062-2015Redesign;en-US;Bing;14325;1;0
Monarchbeachresort.com-0092-2016Redesign;en-US;Baidu;22847;1;0
Hospitalityupgrade.com-0093-2016Redesign;en-US;Bing;22790;1;0
Hospitalityupgrade.com-0093-2016Redesign;en-US;Bing;36914;1;0
Thelodgeatwoodloch.com-0033-2015Redesign;en-US;Baidu;40353;1;0
Broadmoor.com-0073-2016Redesign;en-US;Yahoo;17335;1;0
Hospitalityupgrade.com-0093-2016Redesign;en-US;Bing;36187;1;0
Edgewaternaples.com-0094-2016Redesign;en-US;Baidu;25239;1;0
Cendyn.com-0095-2016Redesign;en-US;Bing;26640;1;0
Theloganhotel.com-0043-2015Redesign;en-US;Google;20218;1;0
saddlebrook.com-0011-2014Redesign;en-US;Bing;3514;1;0
saddlebrook.com-0011-2014Redesign;en-US;Bing;3482;1;0
saddlebrook.com-0011-2014Redesign;en-US;Bing;40673;1;0
saddlebrook.com-0011-2014Redesign;en-US;Bing;3490;1;0
Cendyn.com-0095-2016Redesign;en-US;Bing;26640;1;0
Unionstationhotelnashville.com-0047-2015Redesign;en-US;Bing;24620;1;0
