Lehotels.com-0049-2015Transfer;en-US;636409018800540004#5xteslcyye14izsyuqn2hcq5;12108;1;0
Oxfordclubspa.com-0068-2016Redesign;en-US;636409018802568030#vu3abovj4inrbua23pq3vuue;15568;1;0
Washingtoncourthotel.com-0076-2016Redesign;en-US;636409018802568030#3aitjjerq0yhhr2o02nyeuqp;17858;1;0
Meateatery.com-0080-2016Redesign;en-US;636409018802724032#etduu0boicqpwfcoow4thcqm;18505;1;0
Texturefoodanddrink.com-0067-2016Redesign;en-US;636409018802724032#zz4g1k5d1tj2uu01m15p5rg5;15452;1;0
Bocatrans.com-0082-2016Redesign;en-US;636409018802724032#ozd45gqpgq4uxp5wzegfwvcm;19758;1;0
Glencovemansion.com-0058-2015Redesign;en-US;636409018802724032#bh2r4vm3vq1mnjnzwu3wpqkz;13328;1;0
Naiaresortandspa.com-0077-2016Redesign;en-US;636409018802724032#kauicpqdquk1unwzkpiqgqmv;20455;1;0
Lakeplacidlodge.com-0105-2017Redesign;en-US;636409018802724032#n0ebljhsi3rdcslevzuugbbt;39238;1;0
Treasureislandbeachresort.com-0089-2016Redesign;en-US;636409018802880034#2kiiluyrtiqrksp2bs1ujctw;38057;1;0
Theoxfordhotel.com-0062-2015Redesign;en-US;636409018803036036#ezcidp2p1vqhxtox1kjkvvbg;14325;1;0
Lakeplacidlodge.com-0105-2017Redesign;en-US;636409018803348040#qfhyficuvxi2q0iqoge0sd2e;28545;1;0
Edgewaternaples.com-0094-2016Redesign;en-US;636409018808808110#ofnpfd0cjlih4ihgjzrf3uja;25239;1;0
Thesagamore.com-0112-2017Redesign;en-US;636409018811460144#5yvbap2d13phd31pcqgqw33c;32354;1;0
Lidobeachresort.com-0106-2017Redesign;en-US;636409018816452208#x5fjivx5yw5p5dlfgj0f31cv;28666;1;0
Lidobeachresort.com-0106-2017Redesign;en-US;636409018816608210#nf303ewm1r0zl3uud1oxh1nh;28666;1;0
Broadmoor.com-0073-2016Redesign;en-US;636409018816608210#mhsb1nti1pchkrbqvhylzmbp;16721;1;0
Theharborsidehotel.com-0114-2017Redesign;en-US;636409018817232218#wbqn1qzvzpx1m2mqxvfqyyc5;37571;1;0
Thesagamore.com-0112-2017Redesign;en-US;636409018818324232#cpefu4oyqtriufhyufqqk2ru;38422;1;0
Cendyn.com-0095-2016Redesign;en-US;636409018819884252#p1dauj0aer2ev32gh2sp2x0q;26640;1;0
Napavalleymarriott.com-0071-2016Redesign;en-US;636409018820040254#s3vgxxtr5k0ay3xrawuoyd4r;16432;1;0
Longboatkeyclub.com-0104-2017Redesign;en-US;636409018820040254#ukrwypwyndw2agrbhikloewb;38054;1;0
Lidobeachresort.com-0106-2017Redesign;en-US;636409018820664262#e34v0lwgaoe2kdw2vopalq5h;38053;1;0
Thelodgeatwoodloch.com-0033-2015Redesign;en-US;636409018820664262#rjt0r2gao2c5t3j5trdctx2a;7764;1;0
Thesagamore.com-0112-2017Redesign;en-US;636409018820820264#ea2pff0c5n5znqii5kroipah;39241;1;0
Assuranceoperations.com-0065-2015Redesign;en-US;636409018823004292#zyfsojieu0ghaewz3ttaczk4;15263;1;0
Abbingtonbanquets.com-0070-2016Redesign;en-US;636409018823004292#vqa14beeewl3zvbetm32pzqr;15789;1;0
Degreerestaurant.com-0056-2015Redesign;en-US;636409018823004292#s0vsfeewhk2hdojee4nefnf2;11598;1;0
Galthouse.com-0042-2015Redesign;en-US;636409018823160294#mal4wzmbdlnczdikwysv4kbx;38060;1;0
Theoxfordhotel.com-0062-2015Redesign;en-US;636409018823160294#rgazypnadxxm12s5fb1nhc1d;14325;1;0
Thecurtis.com-0079-2016Redesign;en-US;636409018823160294#xjpwqqkszt5tpldrfahiflse;17981;1;0
Homewoodsuiteslax.com-0110-2017Redesign;en-US;636409018823160294#4neizt1cehclgsdys3owhnpc;30747;1;0
Jupiterbeachresort.com-0103-2017Redesign;en-US;636409018823316296#hzet1qyt0zsk0zph2rhhcayl;38052;1;0
Sandylane.com-0075-2016Redesign;en-US;636409018823628300#ynhcrvko45uawerktxes5iek;17611;1;0
Zotabeachresort.com-0090-2016Redesign;en-US;636409018823628300#jl4i0pco1kgk0nwsc505k4of;38058;1;0
Samosetresort.com-0113-2017Redesign;en-US;636409018823628300#eyxzf4g5l2lm5vrkxd5yjn1x;40334;1;0
Chrco.com-0107-2017Redesign;en-US;636409018823628300#21ylkwdvth5g3qrne1zahagy;29280;1;0
Edgewaternaples.com-0094-2016Redesign;en-US;636409018823784302#sh5n3dwphypd2lqprks1kr25;38051;1;0
Theharborsidehotel.com-0114-2017Redesign;en-US;636409018823784302#gqpetf2lmfa3wsh4ro2wjsn4;40403;1;0
Beverlyhillsresidenceinn.com-0087-2016Redesign;en-US;636409018823940304#e1qqbpiaqapose1nrkchqwda;20999;1;0
Bluebirch.com-0072-2016Redesign;en-US;636409018824096306#3u0de50htown1i3cfrnxqdbf;16693;1;0
Halcyonhotelcherrycreek.com-0061-2015Redesign;en-US;636409018824096306#aqurtj51huj2hzynllyjnggl;22121;1;0
Thecrawfordhotel.com-0074-2016Redesign;en-US;636409018824096306#54hc3dlzzoo20graaqwq4xlt;17145;1;0
Hhotellosangeles.com-0118-2017Redesign;en-US;636409018824252308#jdpyx3f0hdfmqobecshft5w2;35289;1;0
Opalsands.com-0084-2016Redesign;en-US;636409018824408310#cfk0q3gv45r5eiq22q1laono;38055;1;0
Jbdukehotel.com-0086-2016Redesign;en-US;636409018824408310#jazf3l1vjmxdjhc13xlui3d0;21918;1;0
Luxehotels.com-0078-2016Redesign;en-US;636409018824408310#ynhh3s5adgnqmcrlr21y0jh3;18805;1;0
Sandpearl.com-0091-2016Redesign;en-US;636409018826592338#4sr4k23gi44x4iomucpell0s;36208;1;0
Passport.lehotels.com-0069-2016BlogRedesign;en-US;636409018826904342#jhlffquho1mk5qzv2grc0l0r;41068;1;0
Hospitalityupgrade.com-0093-2016Redesign;en-US;636409018826904342#uvdzyzmpbt4zlrzkjnrmiotc;25405;1;0
Delraysandsresort.com-0097-2016Redesign;en-US;636409018827060344#0emwoae4oog54kggo0yva52r;38049;1;0
Cendyn.com-0095-2016Redesign;en-US;636409018827372348#dpw4kjggn3pwybbdudldr3e4;26640;1;0
Cendyn.com-0095-2016Redesign;en-US;636409018827372348#b22rc222gcnz3wg2pomip30s;26640;1;0
Cendyn.com-0095-2016Redesign;en-US;636409018827528350#unk5xsvwz3ah01qwl4wzrdfc;26640;1;0
Lakeplacidlodge.com-0105-2017Redesign;en-US;636409018828776366#afvorzkvzgesn3dpuakrpe11;28545;1;0
Broadmoor.com-0073-2016Redesign;en-US;636409018830336386#ppnsddbvgunohrhtlirn1vnk;16721;1;0
Lakeplacidlodge.com-0105-2017Redesign;en-US;636409018831740404#afvorzkvzgesn3dpuakrpe11;28545;1;0
Unionstationhotelnashville.com-0047-2015Redesign;en-US;636409018836108460#ywhzrkenvkgz5rdyrkymb1h2;32226;1;0
Edgewaternaples.com-0094-2016Redesign;en-US;636409018836732468#qw5rmh0yeercktl2tenutdjb;25239;1;0
Hospitalityupgrade.com-0093-2016Redesign;en-US;636409018837668480#2lcvjpjj330r2dc5fie5qdf5;33544;1;0
Thesagamore.com-0112-2017Redesign;en-US;636409018838292488#x311vz3odex45ootnm33th3p;32339;1;0
Sandpearl.com-0091-2016Redesign;en-US;636409018838916496#vs3tnpygd0rv4xnktybptayn;38056;1;0
Opalsands.com-0084-2016Redesign;en-US;636409018840788520#yqvosy3a24ohrva3g12dhztx;20171;1;0
Edgewaternaples.com-0094-2016Redesign;en-US;636409018843128550#xgyllxa3gc4d11d1ps1mmkap;25239;1;0
Broadmoor.com-0073-2016Redesign;en-US;636409018843284552#hqxfxm1jg4nmgfkq1x2o3xyj;16721;1;0
Samosetresort.com-0113-2017Redesign;en-US;636409018846560594#4wfcrpx2f2t2so2jxbmxkcza;32541;1;0
Samosetresort.com-0113-2017Redesign;en-US;636409018846716596#s0mj5ibywhs0zn0cvqjmi1op;32541;1;0
Opalsands.com-0084-2016Redesign;en-US;636409018847496606#yqvosy3a24ohrva3g12dhztx;20171;1;0
Cendyn.com-0095-2016Redesign;en-US;636409018847964612#gdrgkzoauejnystmqfxsajqx;26640;1;0
Hospitalityupgrade.com-0093-2016Redesign;en-US;636409018848276616#o35ola5ijjbcjnatneva1hjb;37631;1;0
Opalsands.com-0084-2016Redesign;en-US;636409018849524632#yqvosy3a24ohrva3g12dhztx;20171;1;0
Broadmoor.com-0073-2016Redesign;en-US;636409018849836636#313rwyqwi3ahbe0o34zbjr01;38059;1;0
Edgewaternaples.com-0094-2016Redesign;en-US;636409018849992638#qw5rmh0yeercktl2tenutdjb;25239;1;0
Broadmoor.com-0073-2016Redesign;en-US;636409018850928650#hqxfxm1jg4nmgfkq1x2o3xyj;16721;1;0
Meateatery.com-0080-2016Redesign;en-US;636409018852488670#00fnum3wguwl1jk2t4nlel44;18505;1;0
Glencovemansion.com-0058-2015Redesign;en-US;636409018852488670#0d2qsmcyigniobpw41x4veqo;13328;1;0
Oxfordclubspa.com-0068-2016Redesign;en-US;636409018852488670#wof5xx1clrzvaokkv1mfeopi;15568;1;0
Bocatrans.com-0082-2016Redesign;en-US;636409018852644672#qgg0bekmjynkfcox03otf34l;19758;1;0
Washingtoncourthotel.com-0076-2016Redesign;en-US;636409018852644672#2kiq2hnicad3t5zra2jsoxk2;17858;1;0
Texturefoodanddrink.com-0067-2016Redesign;en-US;636409018852644672#5tnw3ork0jemtfhv1hnhnkiq;15452;1;0
Lakeplacidlodge.com-0105-2017Redesign;en-US;636409018852800674#nq2yum2itjnh02efor2epoxg;39238;1;0
Naiaresortandspa.com-0077-2016Redesign;en-US;636409018852800674#ql31ucmdrt2pnsmdjdzcsxkg;20455;1;0
Theloganhotel.com-0043-2015Redesign;en-US;636409018852800674#d0axxllv0e1nzbmmb3v2eriw;20218;1;0
Treasureislandbeachresort.com-0089-2016Redesign;en-US;636409018852956676#wnr4smwryfauhrf5vimedjog;38057;1;0
Broadmoor.com-0073-2016Redesign;en-US;636409018852956676#hqxfxm1jg4nmgfkq1x2o3xyj;16721;1;0
Lakeplacidlodge.com-0105-2017Redesign;en-US;636409018853892688#sq20vpesmuvqyj0vwcvgnchv;28588;1;0
Broadmoor.com-0073-2016Redesign;en-US;636409018858884752#4dz52mdnkxjhv13a0n1euj2x;17269;1;0
Thesagamore.com-0112-2017Redesign;en-US;636409018865904842#2i2q4n05hmcvr0d4p53imh3w;32391;1;0
Lakeplacidlodge.com-0105-2017Redesign;en-US;636409018866216846#3z4m3hrxrldcqnt5y50nt4il;32804;1;0
Edgewaternaples.com-0094-2016Redesign;en-US;636409018866840854#xgyllxa3gc4d11d1ps1mmkap;25239;1;0
Cendyn.com-0095-2016Redesign;en-US;636409018869804892#ctxmz43xui55mrbba0eye5jw;26640;1;0
Unionstationhotelnashville.com-0047-2015Redesign;en-US;636409018869960894#ywhzrkenvkgz5rdyrkymb1h2;32226;1;0
Napavalleymarriott.com-0071-2016Redesign;en-US;636409018870116896#gof3cmqz13exejam21sxvnuk;16432;1;0
Longboatkeyclub.com-0104-2017Redesign;en-US;636409018870116896#1yl2h2ijhecfsumxwqt5sbgr;38054;1;0
Thesagamore.com-0112-2017Redesign;en-US;636409018870116896#3zdz5xshnbn03sk3j5q2pdia;39241;1;0
Lidobeachresort.com-0106-2017Redesign;en-US;636409018870116896#bf5sxganba2lrfp4kshcjkn0;38053;1;0
Renaissancepittsburghpa.com-0044-2015Redesign;en-US;636409018871988920#b3jiyquaau2tsgqejsc0raey;9637;1;0
Laxembassy.com-0008-2014Redesign;en-US;636409018872300924#ioiun3yw0cu2cythcusdoo3e;2037;1;0
Assuranceoperations.com-0065-2015Redesign;en-US;636409018873080934#3hs1xspf14p1eir4ft30tseb;15263;1;0
Galthouse.com-0042-2015Redesign;en-US;636409018873080934#czpdeek55fe11trxuphccg05;38060;1;0
Degreerestaurant.com-0056-2015Redesign;en-US;636409018873236936#ut4jbwl5hrizsvy3ltyxaygf;11598;1;0
Abbingtonbanquets.com-0070-2016Redesign;en-US;636409018873236936#c1q3qonxukjihqedvvybtf2s;15789;1;0
Hhotellosangeles.com-0118-2017Redesign;en-US;636409018873236936#r404yavg3lhv55mnjtgnit3f;35289;1;0
Halcyonhotelcherrycreek.com-0061-2015Redesign;en-US;636409018873236936#5iybhisupmgex2y4wrqhlw3g;22121;1;0
Bluebirch.com-0072-2016Redesign;en-US;636409018873392938#u5lpdjkxllb0syeuumyfcgdj;16693;1;0
Luxehotels.com-0078-2016Redesign;en-US;636409018873392938#qcj1fwqdbi3y5gz5sru3kftn;18805;1;0
Beverlyhillsresidenceinn.com-0087-2016Redesign;en-US;636409018873704942#j3xgdwfp152g0tlhzawtqvzy;20999;1;0
Thecurtis.com-0079-2016Redesign;en-US;636409018873704942#h2ezab5ooc0gdojtndnlgtoc;17981;1;0
Chrco.com-0107-2017Redesign;en-US;636409018873704942#kd23awmd2gvgbe2bgrglnpyd;29280;1;0
Jbdukehotel.com-0086-2016Redesign;en-US;636409018873704942#tvquzaubdtebeoqihqppjidd;21918;1;0
Thecrawfordhotel.com-0074-2016Redesign;en-US;636409018873704942#llpqp0v3t3n2taaswt2gsjfk;17145;1;0
Zotabeachresort.com-0090-2016Redesign;en-US;636409018873704942#4njbwe5aitdclkw10tfdyoca;38058;1;0
Opalsands.com-0084-2016Redesign;en-US;636409018873704942#jms1bb1hqrusrqi1ntg33iaj;38055;1;0
Samosetresort.com-0113-2017Redesign;en-US;636409018873860944#j4jpaaf5o5lqf35aqnfaarxk;40334;1;0
Theharborsidehotel.com-0114-2017Redesign;en-US;636409018874016946#sl1u1lcnrk3stgcc5x1muh0n;40403;1;0
Broadmoor.com-0073-2016Redesign;en-US;636409018874016946#ycnad1nw1oc2y4acjxhgtk2v;16721;1;0
Edgewaternaples.com-0094-2016Redesign;en-US;636409018874172948#t5x4wem5cvwdbadbwas153gw;38051;1;0
Jupiterbeachresort.com-0103-2017Redesign;en-US;636409018874328950#iwq35u2zv2cehipea2s3awvv;38052;1;0
Sandylane.com-0075-2016Redesign;en-US;636409018874796956#luxqxzwdj4ryyeksmsqatcpp;17611;1;0
Theoxfordhotel.com-0062-2015Redesign;en-US;636409018874796956#evbvx0qpeq1k4jl0jj1ttl4o;14325;1;0
Glencovemansion.com-0058-2015Redesign;en-US;636409018874952958#a0asaiasvo5dy02t2iuvqjmo;13328;1;0
Homewoodsuiteslax.com-0110-2017Redesign;en-US;636409018875108960#hwbol1oaeupyoypo0wbaeuv0;30747;1;0
Thesagamore.com-0112-2017Redesign;en-US;636409018876200974#g2dgnk3zx1rfrsifezai4nkl;32339;1;0
Samosetresort.com-0113-2017Redesign;en-US;636409018876356976#1wlkuiu01ed45itslizrj4vs;32550;1;0
Hospitalityupgrade.com-0093-2016Redesign;en-US;636409018876980984#sgmsz1mdidafdtuwauveqqmc;25405;1;0
Delraysandsresort.com-0097-2016Redesign;en-US;636409018876980984#ll5kbnztub4hrz1gjggydi3y;38049;1;0
Passport.lehotels.com-0069-2016BlogRedesign;en-US;636409018876980984#rvcsujxq0rauadr5o0t0x450;41068;1;0
Cendyn.com-0095-2016Redesign;en-US;636409018878072998#g2q2i30dgvr322e03bpw24ra;26640;1;0
Cendyn.com-0095-2016Redesign;en-US;636409018878072998#moqlr4xpu2d1lddhjopj2o0w;26640;1;0
Cendyn.com-0095-2016Redesign;en-US;636409018878541004#ue0svq0vg12fxx23f4xnjrvr;26640;1;0
Cendyn.com-0095-2016Redesign;en-US;636409018880569030#0w5o0sgkvdfokuorw2une5sj;26640;1;0
Theharborsidehotel.com-0114-2017Redesign;en-US;636409018883065062#wbqn1qzvzpx1m2mqxvfqyyc5;37571;1;0
Broadmoor.com-0073-2016Redesign;en-US;636409018883689070#20nvduhny13nihmmoiy2e5np;16721;1;0
Cocokeyorlando.com-0059-2015Redesign;en-US;636409018886653108#qhtmilruk1do1ke13svqoa4b;12547;1;0
Sandpearl.com-0091-2016Redesign;en-US;636409018888837136#q1majhs1uwx0ef0fitsuvenj;38056;1;0
Cendyn.com-0095-2016Redesign;en-US;636409018890865162#4jf005xrxvbwpu5veez023dt;26640;1;0
Longboatkeyclub.com-0104-2017Redesign;en-US;636409018891021164#mu3s4xbpv0aghm1vruezr405;28316;1;0
Washingtondukeinn.com-0024-2014Redesign;en-US;636409018892737186#zuinmleorivvw3bmk2peeggm;4524;1;0
Monarchbeachresort.com-0092-2016Redesign;en-US;636409018894453208#yys3btzpkbbjb3h4cgtw51fv;22725;1;0
Thesagamore.com-0112-2017Redesign;en-US;636409018895233218#jwbi4nww2zbexzui1egmzvnk;32339;1;0
Cendyn.com-0095-2016Redesign;en-US;636409018898041254#vxygpiwbzb3mvszylofpgxrj;26640;1;0
Casaybelresort.com-0002-2014Redesign;en-US;636409018898977266#dy4vtpfr3v1mdsrbhzgsxlsc;1533;1;0
Broadmoor.com-0073-2016Redesign;en-US;636409018899913278#dbu04shgpr14whn2gkc12vj2;38059;1;0
Thecurtis.com-0079-2016Redesign;en-US;636409018901941304#i4jzpknwy4043ap0vjipflfo;17981;1;0
Bocatrans.com-0082-2016Redesign;en-US;636409018902565312#n1s3cf43cdephq1ea1opzjjv;19758;1;0
Texturefoodanddrink.com-0067-2016Redesign;en-US;636409018902565312#nei15qoee5z5x4cr3gm2qn01;15452;1;0
Glencovemansion.com-0058-2015Redesign;en-US;636409018902565312#ssh5zjifo53xtgph2mkdblf3;13328;1;0
Treasureislandbeachresort.com-0089-2016Redesign;en-US;636409018902565312#yfxepwy23bqoowkl2kixj1dk;38057;1;0
Oxfordclubspa.com-0068-2016Redesign;en-US;636409018902565312#14ye0jn0xltml2ji2xgzqrtj;15568;1;0
Meateatery.com-0080-2016Redesign;en-US;636409018902565312#m4gfamuqhbyxzpzkq4no0y0e;18505;1;0
Naiaresortandspa.com-0077-2016Redesign;en-US;636409018902565312#5ook05nhnrvrxcyukomfg50c;20455;1;0
Lakeplacidlodge.com-0105-2017Redesign;en-US;636409018902721314#r0wyqzqc3ulwrzgnxpnz1fgv;39238;1;0
Washingtoncourthotel.com-0076-2016Redesign;en-US;636409018902721314#j1taxjpnx2idp0pw0gg2pozc;17858;1;0
Casaybelresort.com-0002-2014Redesign;en-US;636409018905997356#hxfseyjlpdujlmbdes1szvix;1613;1;0
Broadmoor.com-0073-2016Redesign;en-US;636409018906621364#20nvduhny13nihmmoiy2e5np;16721;1;0
Lehotels.com-0049-2015Transfer;en-US;636409018907713378#30gl2d33oh0sakzpk2k2ilk3;13726;1;0
Cendyn.com-0095-2016Redesign;en-US;636409018914889470#0ho00m3i5sh5kaukbfeo4hkc;26640;1;0
Glencovemansion.com-0058-2015Redesign;en-US;636409018915669480#wthe0bl1amv3t5f54mkp5cxx;15514;1;0
Broadmoor.com-0073-2016Redesign;en-US;636409018916605492#20nvduhny13nihmmoiy2e5np;16721;1;0
Thesagamore.com-0112-2017Redesign;en-US;636409018917073498#o1frbud3dfnq5kggs33p5utt;32339;1;0
Bocatrans.com-0082-2016Redesign;en-US;636409018917853508#cv01m1ntamb1ujh3ouoprhuz;19758;1;0
Cendyn.com-0095-2016Redesign;en-US;636409018919881534#f54gj1smm0w1xwbkaczwh1md;26640;1;0
Napavalleymarriott.com-0071-2016Redesign;en-US;636409018920037536#lzljipd1gqtnlshsrvryyn1j;16432;1;0
Longboatkeyclub.com-0104-2017Redesign;en-US;636409018920037536#sjk0whep4wyew1v1lpuk13b0;38054;1;0
Lidobeachresort.com-0106-2017Redesign;en-US;636409018920037536#2coqcj5diq3go2ltyvwnvi0c;38053;1;0
Thesagamore.com-0112-2017Redesign;en-US;636409018920193538#1uupwnjzce2rt0szbclrc5cw;39241;1;0
Degreerestaurant.com-0056-2015Redesign;en-US;636409018923001574#qz3z3on1mmikztpwhrwqpelz;11598;1;0
Bluebirch.com-0072-2016Redesign;en-US;636409018923001574#bay0rsmizc5nlha0grd2ioas;16693;1;0
Hhotellosangeles.com-0118-2017Redesign;en-US;636409018923001574#5lm5q0l2ss45fgr125v0l3m1;35289;1;0
Assuranceoperations.com-0065-2015Redesign;en-US;636409018923001574#mfdgwe3cigiphy5a5f1plx5w;15263;1;0
Thecrawfordhotel.com-0074-2016Redesign;en-US;636409018923001574#n3ogtoy5if31ddkom1rlnbie;17145;1;0
Galthouse.com-0042-2015Redesign;en-US;636409018923001574#kqmnp2etj4qap33svw2lmwad;38060;1;0
Abbingtonbanquets.com-0070-2016Redesign;en-US;636409018923157576#z5f355sn4ihpks22kod2gnix;15789;1;0
Chrco.com-0107-2017Redesign;en-US;636409018923157576#zlomtz4vkaypxmezkpukfjvw;29280;1;0
Jbdukehotel.com-0086-2016Redesign;en-US;636409018923157576#hqvn2gsn4vt1clav2usjoq1h;21918;1;0
Luxehotels.com-0078-2016Redesign;en-US;636409018923313578#yrswbbp2rwzcqp3kc3jt0jlr;18805;1;0
Halcyonhotelcherrycreek.com-0061-2015Redesign;en-US;636409018923313578#uu1zmxgx4vq1ggz4yk4io5xd;22121;1;0
Homewoodsuiteslax.com-0110-2017Redesign;en-US;636409018923313578#noypgrndkdwg0kpjjop40prd;30747;1;0
Theoxfordhotel.com-0062-2015Redesign;en-US;636409018923313578#ucbupy2bdfnkpxsmvtnu4oxc;14325;1;0
Sandylane.com-0075-2016Redesign;en-US;636409018923313578#qxdb10dyvi2d525sa1bhzf5u;17611;1;0
Jupiterbeachresort.com-0103-2017Redesign;en-US;636409018923469580#n5ssj40awagdvzwwhastpgp2;38052;1;0
Theharborsidehotel.com-0114-2017Redesign;en-US;636409018923469580#whszj0fc4ehoibxpn1vmp4as;40403;1;0
Zotabeachresort.com-0090-2016Redesign;en-US;636409018923469580#duo5vqfipqgi2ywjkxqgvl41;38058;1;0
Thecurtis.com-0079-2016Redesign;en-US;636409018923469580#ehip5rwvgh2vs1xwmr45ljgj;17981;1;0
Edgewaternaples.com-0094-2016Redesign;en-US;636409018923469580#o4u0bl53smfykcpd15mgxzli;38051;1;0
Luxehotels.com-0078-2016Redesign;en-US;636409018923469580#ymtdmuv0tht1hw4wzilfysrs;29602;1;0
Beverlyhillsresidenceinn.com-0087-2016Redesign;en-US;636409018923625582#h2u1j5ksen5wb20fs1enz4nl;20999;1;0
Samosetresort.com-0113-2017Redesign;en-US;636409018923625582#yawa5yahbkiym1mfq2rm342p;40334;1;0
Opalsands.com-0084-2016Redesign;en-US;636409018923781584#zq4mkucjv3plsf121jry5m2q;38055;1;0
Sandylane.com-0075-2016Redesign;en-US;636409018924405592#xdwbhcacfzidpgwjm5o3v2l1;17679;1;0
Monarchbeachresort.com-0092-2016Redesign;en-US;636409018925965612#0ifiq2amvynoy2fya2sas05n;26797;1;0
Hospitalityupgrade.com-0093-2016Redesign;en-US;636409018927057626#c12bmt15hp34cglawac03k1i;25405;1;0
Passport.lehotels.com-0069-2016BlogRedesign;en-US;636409018927057626#q1clli0j2hlmz5gq4xump4cc;41068;1;0
Delraysandsresort.com-0097-2016Redesign;en-US;636409018927057626#finxmsa52zdduzcba1224tyl;38049;1;0
Cendyn.com-0095-2016Redesign;en-US;636409018927525632#wiuaoq5t4cq3omv140w2cc22;26640;1;0
Cendyn.com-0095-2016Redesign;en-US;636409018927525632#tpc3pselu1bmgha4l5ioktmu;26640;1;0
Cendyn.com-0095-2016Redesign;en-US;636409018927525632#0lbmlglxv44w2rplajachfeq;26640;1;0
Luxehotels.com-0078-2016Redesign;en-US;636409018928617646#24dudh3520blbqhaypim4d5d;18805;1;0
Broadmoor.com-0073-2016Redesign;en-US;636409018929241654#fmkgi22pt1pmjkxrdjzbdvry;16724;1;0
Theharborsidehotel.com-0114-2017Redesign;en-US;636409018929397656#zmqt5eesvumi10npxvdq2yoj;38001;1;0
Saddlebrookprep.com-0022-2014Transfer;en-US;636409018930489670#dk4sd1xgnfyqpuymvsqpqsxn;3914;1;0
Samosetresort.com-0113-2017Redesign;en-US;636409018933921714#jbricncix1fr4bv02antmk2e;32541;1;0
Broadmoor.com-0073-2016Redesign;en-US;636409018934545722#4dz52mdnkxjhv13a0n1euj2x;17339;1;0
Broadmoor.com-0073-2016Redesign;en-US;636409018936417746#lzbogiu0u1ymwlrom14nyxjj;16728;1;0
Broadmoor.com-0073-2016Redesign;en-US;636409018936885752#w2wyva32ygtydd4bj42ebpov;19687;1;0
Jupiterbeachresort.com-0103-2017Redesign;en-US;636409018938445772#eik3ttftxp5u2wut5eywsol2;28158;1;0
Sandpearl.com-0091-2016Redesign;en-US;636409018938913778#b0tq2x54qzovfhognrl1hdr3;38056;1;0
Lakeplacidlodge.com-0105-2017Redesign;en-US;636409018941097806#3anlrhkq3nmbqiqmftg3x5fi;32804;1;0
Hospitalityupgrade.com-0093-2016Redesign;en-US;636409018943905842#gnxj3znc2ggxpxclmcnprlog;25405;1;0
Theoxfordhotel.com-0062-2015Redesign;en-US;636409018944841854#k4ayjb4jjvydtk3rclfjjrez;14325;1;0
Luxehotels.com-0078-2016Redesign;en-US;636409018946089870#ymtdmuv0tht1hw4wzilfysrs;18833;1;0
Jupiterbeachresort.com-0103-2017Redesign;en-US;636409018946557876#eik3ttftxp5u2wut5eywsol2;28158;1;0
Cendyn.com-0095-2016Redesign;en-US;636409018947961894#z1cjcttua4gly2w0xjebeeb1;26640;1;0
Longboatkeyclub.com-0104-2017Redesign;en-US;636409018949677916#5bnpv2n1ildizuau0u5l1ogx;28316;1;0
Longboatkeyclub.com-0104-2017Redesign;en-US;636409018949833918#hax3r4r0ittyhqv1ihwgbtyv;28316;1;0
Broadmoor.com-0073-2016Redesign;en-US;636409018949833918#1txymzam2sjdokh0tedgxadz;38059;1;0
Edgewaternaples.com-0094-2016Redesign;en-US;636409018949989920#ihsx2kycdhichtpudeml2v5k;25239;1;0
Cendyn.com-0095-2016Redesign;en-US;636409018949989920#qv4ybc1dfi0xgibf2sg1gbwr;26815;1;0
Oxfordclubspa.com-0068-2016Redesign;en-US;636409018952485952#wreg4tgyk5q1saeiflql1es5;15568;1;0
Glencovemansion.com-0058-2015Redesign;en-US;636409018952485952#2wbia1axyliswzkdrkpdtugg;13328;1;0
Lakeplacidlodge.com-0105-2017Redesign;en-US;636409018952485952#t32hub3bsptsdi1k51zbnd00;39238;1;0
Bocatrans.com-0082-2016Redesign;en-US;636409018952641954#vcvivebtco0bei20k2sazarj;19758;1;0
Washingtoncourthotel.com-0076-2016Redesign;en-US;636409018952641954#4agxmkvkolv3kcnb1fiv354y;17858;1;0
Texturefoodanddrink.com-0067-2016Redesign;en-US;636409018952797956#gld1ap3r4vzhfysdsewah2gs;15452;1;0
Naiaresortandspa.com-0077-2016Redesign;en-US;636409018952797956#i5xj1oq42zqi3pay2ec4gcc3;20455;1;0
Meateatery.com-0080-2016Redesign;en-US;636409018952797956#obe2oox4bxmzzoa0exjvqctd;18505;1;0
Treasureislandbeachresort.com-0089-2016Redesign;en-US;636409018952953958#l1ajsr1vslts4b0ezkffdvx3;38057;1;0
Cendyn.com-0095-2016Redesign;en-US;636409018952953958#1rthgvawkcirvmuubdila1jr;26640;1;0
Lakeplacidlodge.com-0105-2017Redesign;en-US;636409018954201974#afvorzkvzgesn3dpuakrpe11;28552;1;0
Broadmoor.com-0073-2016Redesign;en-US;636409018959974048#w2wyva32ygtydd4bj42ebpov;20418;1;0
theweststreethotel.com-0115-2017Redesign;en-US;636409018963250090#dv5yeckk2xw3ecf53oeezdqg;36683;1;0
Monarchbeachresort.com-0092-2016Redesign;en-US;636409018964498106#p4vuqo4tadswv1s4ai2qysiv;22725;1;0
Denvercy.com-0036-2015Redesign;en-US;636409018964810110#l4d0chmd1xrdikttb1jbep11;8150;1;0
Glencovemansion.com-0058-2015Redesign;en-US;636409018967306142#s1qqcealb1wi20fyks1zhlkh;13328;1;0
Cendyn.com-0095-2016Redesign;en-US;636409018969802174#k1fujokcdxbri3gw0mikfaki;26640;1;0
Napavalleymarriott.com-0071-2016Redesign;en-US;636409018969958176#rkhjt5xppmgdixfchwvbskz0;16432;1;0
Thesagamore.com-0112-2017Redesign;en-US;636409018969958176#xsl42gk4kt4fxwzarkzh1yy1;39241;1;0
Longboatkeyclub.com-0104-2017Redesign;en-US;636409018970270180#r1vjur055mr2tc5ju1g1hjb2;38054;1;0
Lidobeachresort.com-0106-2017Redesign;en-US;636409018970426182#3jvdouqaxf5lgfjjalpexzgy;38053;1;0
Cphollywoodbeach.com-0032-2015Redesign;en-US;636409018970582184#yoobo5uj5sm0uajgjaqtrpfs;7831;1;0
Bluebirch.com-0072-2016Redesign;en-US;636409018972922214#psl3a1gfwexqz30g5h0uoei2;16693;1;0
Degreerestaurant.com-0056-2015Redesign;en-US;636409018973078216#lyfujhsqfujtmxmmroo1mtjj;11598;1;0
Galthouse.com-0042-2015Redesign;en-US;636409018973078216#30krtkjg0bl4zf5v4cddxk3n;38060;1;0
Theharborsidehotel.com-0114-2017Redesign;en-US;636409018973078216#4r0wnm20dmu3i2bcwzprfj20;40403;1;0
Jbdukehotel.com-0086-2016Redesign;en-US;636409018973078216#hhe425ntzl1etlcvbkqiqn2x;21918;1;0
Halcyonhotelcherrycreek.com-0061-2015Redesign;en-US;636409018973078216#3vawsnt0iuyxokh0u4offuzy;22121;1;0
Thecurtis.com-0079-2016Redesign;en-US;636409018973234218#pp3vv05pwurbsnv3v1o5ffdd;17981;1;0
Chrco.com-0107-2017Redesign;en-US;636409018973234218#dzh2ppw2hkm0005nz2k3uopx;29280;1;0
Samosetresort.com-0113-2017Redesign;en-US;636409018973234218#oup2qpyunal5mlo4hmnx43mc;40334;1;0
Theoxfordhotel.com-0062-2015Redesign;en-US;636409018973234218#jxhfpqyducorwzyzpbxin4c5;14325;1;0
Edgewaternaples.com-0094-2016Redesign;en-US;636409018973390220#zgyem2gsebn3kdpchuqdtpxk;38051;1;0
Opalsands.com-0084-2016Redesign;en-US;636409018973546222#xuays5upkfxj5d5mxyj2hso1;38055;1;0
Homewoodsuiteslax.com-0110-2017Redesign;en-US;636409018973546222#pwlskyk4gr3ehe1fpoo5fiw1;30747;1;0
Beverlyhillsresidenceinn.com-0087-2016Redesign;en-US;636409018973546222#ssmfg0wpckgadhmvbst4ku42;20999;1;0
Zotabeachresort.com-0090-2016Redesign;en-US;636409018973546222#tmuow542kpk2rw2jfgb5mb1i;38058;1;0
Sandylane.com-0075-2016Redesign;en-US;636409018973546222#jvmu0ja3fivs2ofsfxxd5bnj;17611;1;0
Luxehotels.com-0078-2016Redesign;en-US;636409018974014228#a5d00oiu4neogfpgulsyqyny;18805;1;0
Assuranceoperations.com-0065-2015Redesign;en-US;636409018974014228#lejyncf5h1nrg1la0fv5kgeq;15263;1;0
Thecrawfordhotel.com-0074-2016Redesign;en-US;636409018974482234#ffvxfp4xpmm3sbg5qpo11cf3;17145;1;0
Jupiterbeachresort.com-0103-2017Redesign;en-US;636409018974482234#mpnln1ot0uxupeshsfn0w3u0;38052;1;0
Unionstationhotelnashville.com-0047-2015Redesign;en-US;636409018974638236#ywhzrkenvkgz5rdyrkymb1h2;10385;1;0
Hhotellosangeles.com-0118-2017Redesign;en-US;636409018974794238#ybs1qocvp4vyihp3lalscmzh;35289;1;0
Abbingtonbanquets.com-0070-2016Redesign;en-US;636409018974950240#fdrydoiivqzw0b4pdg2n4odq;15789;1;0
Hospitalityupgrade.com-0093-2016Redesign;en-US;636409018975730250#oljfnce524ljjfr3acm2j1xu;22790;1;0
Monarchbeachresort.com-0092-2016Redesign;en-US;636409018976042254#2cywueliqhgvzj0jjalhmy1a;22725;1;0
Hospitalityupgrade.com-0093-2016Redesign;en-US;636409018976822264#2cdzwvhcfy5dmm4vflcgnn0h;25405;1;0
Passport.lehotels.com-0069-2016BlogRedesign;en-US;636409018976822264#vqqcphqlld3ix1llnybt3e25;41068;1;0
Delraysandsresort.com-0097-2016Redesign;en-US;636409018976822264#5qcxznb04xyxjfdrv5ns2kvf;38049;1;0
Cendyn.com-0095-2016Redesign;en-US;636409018977446272#4ampnne0vnze15pyqypcoded;26640;1;0
Cendyn.com-0095-2016Redesign;en-US;636409018977446272#jqkzw5w1mkykgkk2ursarlmx;26640;1;0
Degreerestaurant.com-0056-2015Redesign;en-US;636409018977602274#qkmpst0u5ikj00rbywnp4yaq;11598;1;0
Cendyn.com-0095-2016Redesign;en-US;636409018978694288#5taurpy10cgoxwgyg0b2djlr;26640;1;0
Theharborsidehotel.com-0114-2017Redesign;en-US;636409018980878316#blsgmmfb2io4jwrseqmsulsl;41599;1;0
Thesagamore.com-0112-2017Redesign;en-US;636409018981034318#x311vz3odex45ootnm33th3p;32359;1;0
Theoxfordhotel.com-0062-2015Redesign;en-US;636409018982750340#k4ayjb4jjvydtk3rclfjjrez;14331;1;0
Lidobeachresort.com-0106-2017Redesign;en-US;636409018984778366#uqszhsyb4u1fwnqg2bgmfpsv;28666;1;0
Monarchbeachresort.com-0092-2016Redesign;en-US;636409018984934368#dhmn0nncot1ankey3zukmn1p;22725;1;0
Sandpearl.com-0091-2016Redesign;en-US;636409018989614428#qeigf4zjnkkcd2iety0wak2j;38056;1;0
Hospitalityupgrade.com-0093-2016Redesign;en-US;636409018990550440#qgkmw54cvkq3euqwwjlhky1x;22790;1;0
Thecurtis.com-0079-2016Redesign;en-US;636409018992422464#i4jzpknwy4043ap0vjipflfo;40237;1;0
Theoxfordhotel.com-0062-2015Redesign;en-US;636409018994138486#k4ayjb4jjvydtk3rclfjjrez;14325;1;0
Broadmoor.com-0073-2016Redesign;en-US;636409018997726532#4efzgud24bvyeck2cocpqsq1;16724;1;0
Cendyn.com-0095-2016Redesign;en-US;636409018998038536#w0jsfhim2ysqffcaicfqpix4;26640;1;0
Cocokeyorlando.com-0059-2015Redesign;en-US;636409018998506542#wjze4avo3irdl20d1t5qfkiz;12394;1;0
Thesagamore.com-0112-2017Redesign;en-US;636409018999286552#4aw22dsy2vs4sbfu0qalhgbp;32346;1;0
Edgewaternaples.com-0094-2016Redesign;en-US;636409018999754558#hd11t4sep5ebzynvorwhndg5;25239;1;0
Galthouse.com-0042-2015Redesign;en-US;636409018999754558#inhwhuv2vd1mqrazjgmtey4h;31905;1;0
Thecurtis.com-0079-2016Redesign;en-US;636409018999754558#apwz2fsq23v2zkc1aooo3ang;17981;1;0
Broadmoor.com-0073-2016Redesign;en-US;636409018999910560#kt30mv1lren1awpdjtuh2a4p;38059;1;0
Edgewaternaples.com-0094-2016Redesign;en-US;636409018999910560#soyonzwqaxsd4bad5oqxwurh;25239;1;0
Galthouse.com-0042-2015Redesign;en-US;636409018999910560#xdogg5xwazj5c1ekoge5xz2c;31905;1;0
Laxembassy.com-0008-2014Redesign;en-US;636409019000378566#wfmrpzxgkdkhmu51gep4xxlx;2037;1;0
Broadmoor.com-0073-2016Redesign;en-US;636409019001626582#4efzgud24bvyeck2cocpqsq1;16724;1;0
Galthouse.com-0042-2015Redesign;en-US;636409019001782584#5ntfhwafsef4cyyzqjvlecbe;31905;1;0
Galthouse.com-0042-2015Redesign;en-US;636409019001938586#4n3euey4ujpk5med3rgp0vpy;31905;1;0
Texturefoodanddrink.com-0067-2016Redesign;en-US;636409019002406592#jniegxs12pwiru0wpq2cajdv;15452;1;0
Oxfordclubspa.com-0068-2016Redesign;en-US;636409019002406592#je0burvb2ouohmk3vouxqpvv;15568;1;0
Naiaresortandspa.com-0077-2016Redesign;en-US;636409019002406592#a30mkqs5dwpisem4wrgfn3tw;20455;1;0
Meateatery.com-0080-2016Redesign;en-US;636409019002406592#txhqc0ngkcan0i4y0k0yduym;18505;1;0
Washingtoncourthotel.com-0076-2016Redesign;en-US;636409019002406592#ixyhtkc02ydjk2w3qu5g1a5m;17858;1;0
Treasureislandbeachresort.com-0089-2016Redesign;en-US;636409019002406592#05xxpm2cfxyodv4ndtjrk1qo;38057;1;0
Glencovemansion.com-0058-2015Redesign;en-US;636409019002562594#zhf0w5sanuvmdv43fqr0rqgy;13328;1;0
Bocatrans.com-0082-2016Redesign;en-US;636409019002562594#3kcbydvkipjdzgkufmfsmozf;19758;1;0
Lakeplacidlodge.com-0105-2017Redesign;en-US;636409019002562594#bwvvwmujnb3goa5mado4xs30;39238;1;0
Secretharbourvi.com-0040-2015Redesign;en-US;636409019004122614#2zwrosi1m5lj02vypkgb3yyy;9231;1;0
Sandpearl.com-0091-2016Redesign;en-US;636409019006462644#gsutqzcyhckrlcq4a2glf4wq;22481;1;0
Lakeplacidlodge.com-0105-2017Redesign;en-US;636409019008958676#mt4dvzlvzh0sbemxqerso3ga;28545;1;0
Sandpearl.com-0091-2016Redesign;en-US;636409019010362694#gsutqzcyhckrlcq4a2glf4wq;22481;1;0
Delraysandsresort.com-0097-2016Redesign;en-US;636409019013014728#14z40jxgc3ph0pvzxw22gdwl;27232;1;0
Sandylane.com-0075-2016Redesign;en-US;636409019013170730#h5d22nguexacs5ss5cym1jmj;17611;1;0
Delraysandsresort.com-0097-2016Redesign;en-US;636409019013326732#nswas42plweppz0dlcyal1ay;27232;1;0
Hospitalityupgrade.com-0093-2016Redesign;en-US;636409019013326732#oitsdx3egv2kvucikudxiezg;25405;1;0
Sandylane.com-0075-2016Redesign;en-US;636409019013950740#en53q25bbarxbn0qknd5rx4j;17611;1;0
Casaybelresort.com-0002-2014Redesign;en-US;636409019015978766#5xpbgmjzn3odycfp3x3yupmx;1533;1;0
Casaybelresort.com-0002-2014Redesign;en-US;636409019017226782#o2g3pdswuic0bangqv5fekgg;1602;1;0
Cendyn.com-0095-2016Redesign;en-US;636409019019878816#v5zhfd2eefkggvytcrnh3a5w;26640;1;0
Napavalleymarriott.com-0071-2016Redesign;en-US;636409019019878816#rlndyxbymshuh1iwpj0fxare;16432;1;0
Lidobeachresort.com-0106-2017Redesign;en-US;636409019020190820#gpl03baoprwyxjxiemydnsqf;38053;1;0
Thesagamore.com-0112-2017Redesign;en-US;636409019020190820#hu2gj3x303ldmnpeks5apwi5;39241;1;0
Longboatkeyclub.com-0104-2017Redesign;en-US;636409019020502824#jg2fhpbstjy1sutga1vjslpp;38054;1;0
Sandpearl.com-0091-2016Redesign;en-US;636409019022218846#gsutqzcyhckrlcq4a2glf4wq;22481;1;0
Degreerestaurant.com-0056-2015Redesign;en-US;636409019022998856#fs0jamsp1azy23dihw0j3g3v;11598;1;0
Jupiterbeachresort.com-0103-2017Redesign;en-US;636409019022998856#ts2ihztc4gw1h3a3rbsckbzo;38052;1;0
Bluebirch.com-0072-2016Redesign;en-US;636409019022998856#1kac0bzzppaeh1re2jgxp3av;16693;1;0
Jbdukehotel.com-0086-2016Redesign;en-US;636409019022998856#wlddrlvovzgusxgpqufcyn2z;21918;1;0
Homewoodsuiteslax.com-0110-2017Redesign;en-US;636409019022998856#su4gijknxy5tny5yrm3zn2uj;30747;1;0
Sandylane.com-0075-2016Redesign;en-US;636409019023154858#5ictcwuwotqvb40h3wghoadw;17611;1;0
Thecrawfordhotel.com-0074-2016Redesign;en-US;636409019023154858#bnu3xzwbibmkek2fvdurycwd;17145;1;0
Abbingtonbanquets.com-0070-2016Redesign;en-US;636409019023154858#2gkxwbocwbl0yn3n4ahx2vnr;15789;1;0
Assuranceoperations.com-0065-2015Redesign;en-US;636409019023154858#m1uinwtvd55ht2orq5y0hydg;15263;1;0
Thecurtis.com-0079-2016Redesign;en-US;636409019023154858#cuztq12kctcji4sddussfc1l;17981;1;0
Theoxfordhotel.com-0062-2015Redesign;en-US;636409019023154858#aekqryngcwstqquow4kgbz4w;14325;1;0
Halcyonhotelcherrycreek.com-0061-2015Redesign;en-US;636409019023154858#ds1hl4q1boqigjr2enx3jmpw;22121;1;0
Hhotellosangeles.com-0118-2017Redesign;en-US;636409019023154858#kq15ewovcb2uhdvy5hct5w3l;35289;1;0
Edgewaternaples.com-0094-2016Redesign;en-US;636409019023310860#1eaeuitdj44nkqays5m4uomu;38051;1;0
Theharborsidehotel.com-0114-2017Redesign;en-US;636409019023310860#t54tpnglh2labopdmwrgnguv;40403;1;0
Samosetresort.com-0113-2017Redesign;en-US;636409019023310860#mdevjajinveml5mlygi1v5qe;40334;1;0
Opalsands.com-0084-2016Redesign;en-US;636409019023310860#lzrnsubrnpi2qo2nho2givak;38055;1;0
Zotabeachresort.com-0090-2016Redesign;en-US;636409019023310860#o41wscbzprm1d1zuwgclt1ka;38058;1;0
Chrco.com-0107-2017Redesign;en-US;636409019023466862#prumyqo13hrzjdfmwiqcf1fh;29280;1;0
Beverlyhillsresidenceinn.com-0087-2016Redesign;en-US;636409019023466862#4mannr5a35ynkaniv4jqzae4;20999;1;0
Galthouse.com-0042-2015Redesign;en-US;636409019023466862#kzme0u14job1rt2d24055mwa;38060;1;0
Luxehotels.com-0078-2016Redesign;en-US;636409019023466862#uwc1125ya5500mlezgqqngxs;18805;1;0
Hospitalityupgrade.com-0093-2016Redesign;en-US;636409019026898906#zvkkq51jgbmazehv5y3b5de2;25405;1;0
Delraysandsresort.com-0097-2016Redesign;en-US;636409019026898906#twndr3jbvlkun0d100evrku4;38049;1;0
Passport.lehotels.com-0069-2016BlogRedesign;en-US;636409019026898906#wkvy23ha0gziabktk1vcvunv;41068;1;0
Cendyn.com-0095-2016Redesign;en-US;636409019027366912#w4g5sydvvoflric5bpl031ea;26640;1;0
Cendyn.com-0095-2016Redesign;en-US;636409019027366912#0zbm1bgrwys0sutn4rnb3taq;26640;1;0
Cendyn.com-0095-2016Redesign;en-US;636409019027366912#5tw3mukadox2utktvrlbxuei;26640;1;0
Thesagamore.com-0112-2017Redesign;en-US;636409019029082934#imbp3mlciilfb1sueolpj1zv;33475;1;0
Lakeplacidlodge.com-0105-2017Redesign;en-US;636409019029550940#afvorzkvzgesn3dpuakrpe11;28593;1;0
Sandylane.com-0075-2016Redesign;en-US;636409019033138986#wrauqifsrzgunj31qfbasorj;17679;1;0
Renaissancepittsburghpa.com-0044-2015Redesign;en-US;636409019035479016#v0qbxplwvlr31dpastqkh5el;9637;1;0
Edgewaternaples.com-0094-2016Redesign;en-US;636409019038131050#yh4zucgtwzgsqnn4o0mx3vwl;25246;1;0
Sandpearl.com-0091-2016Redesign;en-US;636409019038911060#2np4tnomcdfu52bw1e0d2ofu;38056;1;0
wentworthcom00212014redesign;en-US;636409019043903124#jywysosdn4zuydcty535zkjy;4307;1;0
Casaybelresort.com-0002-2014Redesign;en-US;636409019047491170#t0cn11chmb1i5nyrqqviz4al;1533;1;0
Cendyn.com-0095-2016Redesign;en-US;636409019047803174#y0tnumggeowhmbaoumeluwvo;26640;1;0
Broadmoor.com-0073-2016Redesign;en-US;636409019047959176#nrzjteokv3rs5rrbvcqkynwp;16724;1;0
Edgewaternaples.com-0094-2016Redesign;en-US;636409019048427182#yh4zucgtwzgsqnn4o0mx3vwl;25246;1;0
Thesagamore.com-0112-2017Redesign;en-US;636409019049207192#juirxhadmb2cyeawcl3zqgq1;32339;1;0
Broadmoor.com-0073-2016Redesign;en-US;636409019049831200#rrgyjdehbwe3exxv0gxuo4zq;38059;1;0
Galthouse.com-0042-2015Redesign;en-US;636409019050143204#5cc1q4mjmgakh43o31fsjnf1;31905;1;0
Galthouse.com-0042-2015Redesign;en-US;636409019050299206#hcrupslvot55xvtiee3bhkyy;31905;1;0
Texturefoodanddrink.com-0067-2016Redesign;en-US;636409019052327232#bgad4cdo1icar1qjjuddvynb;15452;1;0
Washingtoncourthotel.com-0076-2016Redesign;en-US;636409019052327232#ywfgfxmyzi5k1bqrjdoay2sc;17858;1;0
Oxfordclubspa.com-0068-2016Redesign;en-US;636409019052327232#hnlibhhs1sj24txkcpmya2hn;15568;1;0
Naiaresortandspa.com-0077-2016Redesign;en-US;636409019052327232#i2hwiev4ibjwqlj5bz40j0ps;20455;1;0
Lakeplacidlodge.com-0105-2017Redesign;en-US;636409019052483234#syf1oiyvjno2k5gu5q03ko2s;39238;1;0
Meateatery.com-0080-2016Redesign;en-US;636409019052483234#1yyn1zrlmq35is0h5zfvf3rw;18505;1;0
Glencovemansion.com-0058-2015Redesign;en-US;636409019052483234#thz2txvsggic0b2cj544skdr;13328;1;0
Treasureislandbeachresort.com-0089-2016Redesign;en-US;636409019052639236#sw50ibke1h0ncstqlcls54ck;38057;1;0
Bocatrans.com-0082-2016Redesign;en-US;636409019052639236#zbs0ofl3rbnd2wg3kafgv5k5;19758;1;0
Broadmoor.com-0073-2016Redesign;en-US;636409019053419246#nrzjteokv3rs5rrbvcqkynwp;16724;1;0
Sandylane.com-0075-2016Redesign;en-US;636409019058255308#pbxx22ayy4yngng0imdepxip;19751;1;0
Courtyardportlandcitycenter.com-0063-2015Redesign;en-US;636409019061687352#om0i5tuqaaeqc121n0erbbha;14545;1;0
Sandpearl.com-0091-2016Redesign;en-US;636409019061687352#gsutqzcyhckrlcq4a2glf4wq;40726;1;0
saddlebrook.com-0011-2014Redesign;en-US;636409019061687352#20hcxo535c5n0s4vfass3wo5;3385;1;0
Thesagamore.com-0112-2017Redesign;en-US;636409019062467362#1ftuzrlde2kddn1dg3vsip2m;32339;1;0
Lehotels.com-0049-2015Transfer;en-US;636409019063559376#gjbbynlo4ue324yqoodrgq21;12108;1;0
Samosetresort.com-0113-2017Redesign;en-US;636409019065743404#nldi2movts3igemcsc1ocxsv;32541;1;0
Galthouse.com-0042-2015Redesign;en-US;636409019066367412#1axxzn2gmw2t0f1vfxuhbbm3;10568;1;0
Luxehotels.com-0078-2016Redesign;en-US;636409019067147422#rm3g10hjmebofehcszsmjxdw;18805;1;0
Lakeplacidlodge.com-0105-2017Redesign;en-US;636409019067303424#sq20vpesmuvqyj0vwcvgnchv;28595;1;0
Theharborsidehotel.com-0114-2017Redesign;en-US;636409019068551440#wcevavnx5321fhuojsbeebu1;37571;1;0
Theharborsidehotel.com-0114-2017Redesign;en-US;636409019068707442#ucn1sv3p2grup3heyrwol2p1;37571;1;0
Montaukyachtclub.com-0010-2014Redesign;en-US;636409019069331450#noubjqj2r4gkntenpox5vfhu;36447;1;0
Napavalleymarriott.com-0071-2016Redesign;en-US;636409019069799456#dv0ad5t02ba24culwj1ls0mb;16432;1;0
Lidobeachresort.com-0106-2017Redesign;en-US;636409019069799456#gzhx3vrdugac0t2y05vvatfd;38053;1;0
Longboatkeyclub.com-0104-2017Redesign;en-US;636409019069955458#uvjieny2b5jnf2rfixg53e4j;38054;1;0
Cendyn.com-0095-2016Redesign;en-US;636409019069955458#fk2socqgh2wnywvlxqrep5ze;26640;1;0
Thesagamore.com-0112-2017Redesign;en-US;636409019070267462#qkfqtbouckeqwkqqpiwithw3;39241;1;0
Homewoodsuiteslax.com-0110-2017Redesign;en-US;636409019072919496#yp2uz24pr4e5oedddaon4zvv;30747;1;0
Degreerestaurant.com-0056-2015Redesign;en-US;636409019072919496#meci5f0vcskm3zf2jebp5ays;11598;1;0
Theoxfordhotel.com-0062-2015Redesign;en-US;636409019072919496#ppcpulfolvykimrjv0coa1av;14325;1;0
Thecrawfordhotel.com-0074-2016Redesign;en-US;636409019072919496#11xxkrgkp4qbtbsctvpfamo0;17145;1;0
Hhotellosangeles.com-0118-2017Redesign;en-US;636409019072919496#4amwmxi5hg1pebwovjsl4mgs;35289;1;0
Thecurtis.com-0079-2016Redesign;en-US;636409019073075498#r3e41wvkp1j10vp34gjdrphk;17981;1;0
Zotabeachresort.com-0090-2016Redesign;en-US;636409019073075498#x5g4itnj31ppjdqueuq1qevw;38058;1;0
Galthouse.com-0042-2015Redesign;en-US;636409019073075498#mzelvw5leepoyxguqggoot0m;38060;1;0
Abbingtonbanquets.com-0070-2016Redesign;en-US;636409019073075498#dkke25vj1wassj4kla4y00zh;15789;1;0
Jbdukehotel.com-0086-2016Redesign;en-US;636409019073075498#4lqx43xxrgdpl4c3ncu22wwh;21918;1;0
Assuranceoperations.com-0065-2015Redesign;en-US;636409019073231500#40xecvjy4mha3d5srcbss2bw;15263;1;0
Sandylane.com-0075-2016Redesign;en-US;636409019073231500#53wvk1a41pmae1bqoh2jjsl4;17611;1;0
Luxehotels.com-0078-2016Redesign;en-US;636409019073387502#lc53jjcmqrkw3xnk3tkvtqlb;18805;1;0
Theharborsidehotel.com-0114-2017Redesign;en-US;636409019073387502#uxcjqtooyrbozoq5xedvguya;40403;1;0
Edgewaternaples.com-0094-2016Redesign;en-US;636409019073387502#n5r4rib2vlwz3blm5js5s2v5;38051;1;0
Halcyonhotelcherrycreek.com-0061-2015Redesign;en-US;636409019073543504#ntaggaxuvnp0wdm4r5ot3ywb;22121;1;0
Samosetresort.com-0113-2017Redesign;en-US;636409019073543504#ww4cwohhewccrqbs1aiz21wa;40334;1;0
Jupiterbeachresort.com-0103-2017Redesign;en-US;636409019073543504#hziyrpdo01tu0o5vmnrqmkqn;38052;1;0
Chrco.com-0107-2017Redesign;en-US;636409019073543504#utnciyuyqvwps0qluqvfs3f0;29280;1;0
Beverlyhillsresidenceinn.com-0087-2016Redesign;en-US;636409019073699506#ust1micmy0hy5ayohtx2eni4;20999;1;0
Bluebirch.com-0072-2016Redesign;en-US;636409019073699506#nhjfxzmktwg3usqm3pc4u3dk;16693;1;0
Opalsands.com-0084-2016Redesign;en-US;636409019073699506#nypro2nip4tm2oj2zg2qics2;38055;1;0
Hospitalityupgrade.com-0093-2016Redesign;en-US;636409019076819546#e0ea00qizm10dedxn13mzzol;25405;1;0
Passport.lehotels.com-0069-2016BlogRedesign;en-US;636409019076819546#wpr0zqjgq4ub0xbresyhk0nq;41068;1;0
Delraysandsresort.com-0097-2016Redesign;en-US;636409019076819546#jmxxt2bkatjchfpe2ixepd10;38049;1;0
Cendyn.com-0095-2016Redesign;en-US;636409019077443554#provsaynm04pydqprd0vqwrr;26640;1;0
Cendyn.com-0095-2016Redesign;en-US;636409019077443554#xhq5rsdxjg0i0vtjsbopqpnm;26640;1;0
Cendyn.com-0095-2016Redesign;en-US;636409019077443554#u2hkrlocpo0thancmeyzzgcr;26640;1;0
Luxehotels.com-0078-2016Redesign;en-US;636409019084775648#24dudh3520blbqhaypim4d5d;18805;1;0
Montaukyachtclub.com-0010-2014Redesign;en-US;636409019085399656#ffrh4sndaryesxxuqs5dztkw;2240;1;0
Passport.lehotels.com-0069-2016BlogRedesign;en-US;636409019085711660#ccqh3nayxmfhn034io1kqx2h;15730;1;0
Hi-nyc.com-0108-2017Redesogm;en-US;636409019086179666#xiogxom0w40ltld2gt0z1dvp;30080;1;0
Luxehotels.com-0078-2016Redesign;en-US;636409019087895688#ymtdmuv0tht1hw4wzilfysrs;18833;1;0
Sandpearl.com-0091-2016Redesign;en-US;636409019088831700#2mhfv4dljq0ldwvqtg4tbbn3;38056;1;0
Lakeplacidlodge.com-0105-2017Redesign;en-US;636409019095071780#sq20vpesmuvqyj0vwcvgnchv;32987;1;0
Sandpearl.com-0091-2016Redesign;en-US;636409019095695788#hyrgnhtslf5ayy3ot0w03xql;23074;1;0
Lehotels.com-0049-2015Transfer;en-US;636409019096475798#g1b0o4cckbuxoa2oqcdgvy23;13131;1;0
C1awards.com-0020-2014Redesign;en-US;636409019097723814#jbh4njrifzmrl42pdsefowyt;3519;1;0
Cendyn.com-0095-2016Redesign;en-US;636409019097879816#zcrezwtg1yhcd1zdfndgu1eb;26640;1;0
Jbdukehotel.com-0086-2016Redesign;en-US;636409019098035818#vrfmhr31nd0jn3bwshjgze3e;21918;1;0
Homewoodsuiteslax.com-0110-2017Redesign;en-US;636409019098191820#pljsh1aouepbddec0mag1na1;30747;1;0
Sandpearl.com-0091-2016Redesign;en-US;636409019098347822#hyrgnhtslf5ayy3ot0w03xql;23074;1;0
Broadmoor.com-0073-2016Redesign;en-US;636409019099907842#jzi5dqpffhbzyjc4cix5hi3a;38059;1;0
Glencovemansion.com-0058-2015Redesign;en-US;636409019102403874#dk0rjrulhdzcadrjciodl5an;13328;1;0
Meateatery.com-0080-2016Redesign;en-US;636409019102403874#f231rcdcqxw3wqe3k2mirw0x;18505;1;0
Texturefoodanddrink.com-0067-2016Redesign;en-US;636409019102403874#esw4rx0sc5c3h1wcb3icggbw;15452;1;0
Oxfordclubspa.com-0068-2016Redesign;en-US;636409019102403874#pmi1bzr3oqn3pm5oerflcnyr;15568;1;0
Washingtoncourthotel.com-0076-2016Redesign;en-US;636409019102403874#eh5k0phaittpcelwymczzvcz;17858;1;0
Naiaresortandspa.com-0077-2016Redesign;en-US;636409019102403874#1iwofrdvt5juujgkx2jbpwpi;20455;1;0
Bocatrans.com-0082-2016Redesign;en-US;636409019102403874#gfy1gyg0ujhwsbiyti3f3kbj;19758;1;0
Lakeplacidlodge.com-0105-2017Redesign;en-US;636409019102403874#eho3hjbnqp01sbxfhjckuq3a;39238;1;0
Treasureislandbeachresort.com-0089-2016Redesign;en-US;636409019102559876#urkf2g555mx3yyqkomqtnf3s;38057;1;0
Galthouse.com-0042-2015Redesign;en-US;636409019105367912#mmvm1hv0x4q5hfth0db4xb3f;31905;1;0
Broadmoor.com-0073-2016Redesign;en-US;636409019109891970#zsy2pqzfm4bwafef24qtq5ch;17699;1;0
Casaybelresort.com-0002-2014Redesign;en-US;636409019112232000#ikcoarad4di50tldkmxwgm4d;1571;1;0
Cendyn.com-0095-2016Redesign;en-US;636409019120344104#ivkob2khefvsskwskdzzqa3q;26640;1;0
Lidobeachresort.com-0106-2017Redesign;en-US;636409019120344104#rqwx3uktpstjtkp5ajdvyhzl;38053;1;0
Napavalleymarriott.com-0071-2016Redesign;en-US;636409019120344104#gijl3cwduyse5ylgegep1c21;16432;1;0
Longboatkeyclub.com-0104-2017Redesign;en-US;636409019120344104#bc5yd1stlpkyrbpsqag2wtqo;38054;1;0
Thesagamore.com-0112-2017Redesign;en-US;636409019120500106#ov0nklp4itykt52ibep1iva4;39241;1;0
Theoxfordhotel.com-0062-2015Redesign;en-US;636409019122996138#irjak5tyqmavmavgap5hxpz0;14325;1;0
Galthouse.com-0042-2015Redesign;en-US;636409019122996138#ardpdx5yvyezocg4jkqoa5uu;38060;1;0
Thecrawfordhotel.com-0074-2016Redesign;en-US;636409019122996138#c1ezd35bhsrwgydgi4dngqmi;17145;1;0
Homewoodsuiteslax.com-0110-2017Redesign;en-US;636409019122996138#cadlnu2yulilwfpep5psmj0m;30747;1;0
Degreerestaurant.com-0056-2015Redesign;en-US;636409019122996138#b2uqln4hh2muhg21gnrtswo0;11598;1;0
Jbdukehotel.com-0086-2016Redesign;en-US;636409019122996138#02qnleqajc5k4ofshjny2oam;21918;1;0
Sandylane.com-0075-2016Redesign;en-US;636409019123152140#vdl0dovb41bymk3exgs1huiv;17611;1;0
Thecurtis.com-0079-2016Redesign;en-US;636409019123152140#o0facvq1yyqcden2jezcis2l;17981;1;0
Bluebirch.com-0072-2016Redesign;en-US;636409019123308142#htu15svlzk1fmcsp051nb0d3;16693;1;0
Zotabeachresort.com-0090-2016Redesign;en-US;636409019123308142#qgfep0xeew4ox2hvamldkrbg;38058;1;0
Edgewaternaples.com-0094-2016Redesign;en-US;636409019123308142#smbk3fyr0zdxxxx0pwklssz5;38051;1;0
Abbingtonbanquets.com-0070-2016Redesign;en-US;636409019123308142#vvhb5e3uszc2bmb5hw1rnbw3;15789;1;0
Theharborsidehotel.com-0114-2017Redesign;en-US;636409019123308142#jpd01fymdfz1at43iatqcbyu;40403;1;0
Assuranceoperations.com-0065-2015Redesign;en-US;636409019123308142#tkzt1231wx55jhrwzd4rd0j0;15263;1;0
Beverlyhillsresidenceinn.com-0087-2016Redesign;en-US;636409019123464144#iavcwkhuphll2hv3te5e3ctc;20999;1;0
Opalsands.com-0084-2016Redesign;en-US;636409019123464144#uc2zj45oi45eiwpndxdymny1;38055;1;0
Jupiterbeachresort.com-0103-2017Redesign;en-US;636409019123464144#tcbisy1yfyloj0q0mddfwlvm;38052;1;0
Samosetresort.com-0113-2017Redesign;en-US;636409019123464144#4x4bd0kmpijze5viloqc2t2l;40334;1;0
Hhotellosangeles.com-0118-2017Redesign;en-US;636409019123464144#ntdvjb5rk05kx5rd4wsyerpd;35289;1;0
Halcyonhotelcherrycreek.com-0061-2015Redesign;en-US;636409019123464144#ejubpmwvulx2xsntqfyy1rvr;22121;1;0
Luxehotels.com-0078-2016Redesign;en-US;636409019123620146#jlp4fwlwyskpxoolbzyzqvvj;18805;1;0
Chrco.com-0107-2017Redesign;en-US;636409019123620146#2us40herxe0qbpptc1rjwc3c;29280;1;0
Casaybelresort.com-0002-2014Redesign;en-US;636409019124556158#yp1i3uzxip5w1ybcilga4pt0;1533;1;0
Casaybelresort.com-0002-2014Redesign;en-US;636409019125336168#nxmt54jhk3sjkiklj3bmw5hz;1533;1;0
Cendyn.com-0095-2016Redesign;en-US;636409019126584184#ofg3mhrnqb2i5jtgpgclq2y5;26640;1;0
Hospitalityupgrade.com-0093-2016Redesign;en-US;636409019126740186#3gbjb1op0mccixuykhwxotpy;25405;1;0
Delraysandsresort.com-0097-2016Redesign;en-US;636409019126896188#ioaellv5trcffdoilclbcrl3;38049;1;0
Passport.lehotels.com-0069-2016BlogRedesign;en-US;636409019126896188#1jrkyqjtsd0q1ybkk3avddfd;41068;1;0
Cendyn.com-0095-2016Redesign;en-US;636409019127520196#b4cvf35cc1yorbiua42eqqpj;26640;1;0
Cendyn.com-0095-2016Redesign;en-US;636409019127520196#dl1owuvaztf3ajw11gc5lznz;26640;1;0
Cendyn.com-0095-2016Redesign;en-US;636409019127520196#yojhyz42icov5vg1x1y1glez;26640;1;0
Casaybelresort.com-0002-2014Redesign;en-US;636409019127988202#ttiicg2hleeryap3mvztxp5h;1624;1;0
Chrco.com-0107-2017Redesign;en-US;636409019129860226#dexmqxnryy2lj4hrtd3523m3;29280;1;0
Thesagamore.com-0112-2017Redesign;en-US;636409019130328232#4aw22dsy2vs4sbfu0qalhgbp;32391;1;0
Renaissancepittsburghpa.com-0044-2015Redesign;en-US;636409019134696288#1rvnrja4jqjuu1q2toqfbfgv;9637;1;0
Amzak.com-0023-2014Redesign;en-US;636409019134696288#rsaru3njcdzvafqdy2slxunn;3739;1;0
Unionstationhotelnashville.com-0047-2015Redesign;en-US;636409019136100306#ywhzrkenvkgz5rdyrkymb1h2;24315;1;0
Sandpearl.com-0091-2016Redesign;en-US;636409019138908342#buvhllibudn5zee3xxfcpwsr;38056;1;0
Unionstationhotelnashville.com-0047-2015Redesign;en-US;636409019139064344#ywhzrkenvkgz5rdyrkymb1h2;24058;1;0
Unionstationhotelnashville.com-0047-2015Redesign;en-US;636409019144212410#ywhzrkenvkgz5rdyrkymb1h2;24315;1;0
Ecommerce.washingtondukeinn.com-0027-2014ShoppingCart;en-US;636409019147176448#sdo3ycbqcz15v3kpgu415rth;11387;1;0
Cendyn.com-0095-2016Redesign;en-US;636409019147800456#q5lfxn4saz0cseoy51xh50gx;26640;1;0
Broadmoor.com-0073-2016Redesign;en-US;636409019149828482#hueck3afizron2ju3g2taniz;38059;1;0
Thesagamore.com-0112-2017Redesign;en-US;636409019150140486#w4c5bveizuzm3jbpj0iwcl4e;32339;1;0
Galthouse.com-0042-2015Redesign;en-US;636409019151232500#1axxzn2gmw2t0f1vfxuhbbm3;13200;1;0
Oxfordclubspa.com-0068-2016Redesign;en-US;636409019152324514#d4pzodzxghqicvqqhu5zyywo;15568;1;0
Washingtoncourthotel.com-0076-2016Redesign;en-US;636409019152324514#nmri4nsyi1rgdgdfh4gqhnxq;17858;1;0
Bocatrans.com-0082-2016Redesign;en-US;636409019152324514#vefu0m0kqnxk3qzss41afupm;19758;1;0
Texturefoodanddrink.com-0067-2016Redesign;en-US;636409019152480516#lqqt0xgqefyvo4qtqzjx0ksq;15452;1;0
Lakeplacidlodge.com-0105-2017Redesign;en-US;636409019152480516#2tmxpbyey1xmwlmrkd0t0fam;39238;1;0
Treasureislandbeachresort.com-0089-2016Redesign;en-US;636409019152480516#jjoi2pklvxgf2h1ohqclkmog;38057;1;0
Glencovemansion.com-0058-2015Redesign;en-US;636409019152480516#t4tffonp3yq0kuarr3d1enpz;13328;1;0
Meateatery.com-0080-2016Redesign;en-US;636409019152636518#wdwzo2ws15pow3nbm4z5afik;18505;1;0
Naiaresortandspa.com-0077-2016Redesign;en-US;636409019152636518#xqbb3rlhl0xa0yd4wzifx4uc;20455;1;0
Degreerestaurant.com-0056-2015Redesign;en-US;636409019161372630#qkmpst0u5ikj00rbywnp4yaq;27361;1;0
Jupiterbeachresort.com-0103-2017Redesign;en-US;636409019161840636#21e0awhbvczlujukmaobvprp;28158;1;0
Theharborsidehotel.com-0114-2017Redesign;en-US;636409019162308642#3zwjwtzlw4tlgpb5pbs1t5il;38023;1;0
Broadmoor.com-0073-2016Redesign;en-US;636409019162620646#1haeajudy3ndukhlzbd0iv3j;16724;1;0
Passport.lehotels.com-0069-2016BlogRedesign;en-US;636409019162932650#hr2topuw5zxn3hr3ywvekfra;15730;1;0
Passport.lehotels.com-0069-2016BlogRedesign;en-US;636409019163088652#z3cw2jceqyq1ojwhanmya4cf;15730;1;0
Residenceinnnyc.com-0034-2015Redesign;en-US;636409019163556658#jax4ktzzmmplmrjej1s0s2um;7926;1;0
Jupiterbeachresort.com-0103-2017Redesign;en-US;636409019164492670#3ctyok2mo0mfmsgk0hwmcop1;28158;1;0
Sandpearl.com-0091-2016Redesign;en-US;636409019165116678#hyrgnhtslf5ayy3ot0w03xql;23074;1;0
Thesagamore.com-0112-2017Redesign;en-US;636409019165116678#hslqzjox2mgbs2fbve3p4qds;32339;1;0
Broadmoor.com-0073-2016Redesign;en-US;636409019165896688#1haeajudy3ndukhlzbd0iv3j;16724;1;0
Samosetresort.com-0113-2017Redesign;en-US;636409019169640736#1wlkuiu01ed45itslizrj4vs;32558;1;0
Longboatkeyclub.com-0104-2017Redesign;en-US;636409019169952740#thjqhlbhnegz5gh10pdql12k;38054;1;0
Lidobeachresort.com-0106-2017Redesign;en-US;636409019169952740#10dqfzl0rkormi2xt3l32unb;38053;1;0
Napavalleymarriott.com-0071-2016Redesign;en-US;636409019169952740#nhmkn3dskyhs00h3wsfw4kh3;16432;1;0
Cendyn.com-0095-2016Redesign;en-US;636409019170108742#4h5xh2heupbrs3lq0oiuxzmi;26640;1;0
Thesagamore.com-0112-2017Redesign;en-US;636409019170108742#ykim2juqee1xea2qeem452z1;39241;1;0
Thesagamore.com-0112-2017Redesign;en-US;636409019172292770#zgor3d0f3balcnugns30qdbr;32351;1;0
Hhotellosangeles.com-0118-2017Redesign;en-US;636409019172916778#syeib4tv3j0n4jznersngccm;35289;1;0
Bluebirch.com-0072-2016Redesign;en-US;636409019172916778#soe3xtxazxcvsgtrey2htmy3;16693;1;0
Thecurtis.com-0079-2016Redesign;en-US;636409019172916778#mcdfwhvxupmlwtzls2f0ywov;17981;1;0
Sandylane.com-0075-2016Redesign;en-US;636409019173072780#f4hlijfkr0vtnbpvn5zej0j2;17611;1;0
Jupiterbeachresort.com-0103-2017Redesign;en-US;636409019173072780#t3apkpsfhkecrzxwnkd3zysm;38052;1;0
Zotabeachresort.com-0090-2016Redesign;en-US;636409019173072780#x2io5m2aqepk3tdcs4qvjfqu;38058;1;0
Opalsands.com-0084-2016Redesign;en-US;636409019173072780#fi3hs0z54omhjuai23yiegtf;38055;1;0
Chrco.com-0107-2017Redesign;en-US;636409019173072780#ama4papqlpgrbwcwyfqbscw4;29280;1;0
Theharborsidehotel.com-0114-2017Redesign;en-US;636409019173228782#ln0wkjsdpkdec21xjfxteafq;40403;1;0
Edgewaternaples.com-0094-2016Redesign;en-US;636409019173228782#p5a4dagrxb34jwo151qkthet;38051;1;0
Halcyonhotelcherrycreek.com-0061-2015Redesign;en-US;636409019173228782#i33anzvyg1ei52yvvsvppbzc;22121;1;0
Assuranceoperations.com-0065-2015Redesign;en-US;636409019173384784#ndi4es1mpgx0haeutwlhtzks;15263;1;0
Galthouse.com-0042-2015Redesign;en-US;636409019173384784#0lz0yz4djkue4l5ji54lrrr2;38060;1;0
Degreerestaurant.com-0056-2015Redesign;en-US;636409019173384784#ejpttuvucchmm5vf1qrpdthi;11598;1;0
Abbingtonbanquets.com-0070-2016Redesign;en-US;636409019173540786#pggcuvcp5kbisxyddynxmsso;15789;1;0
Theoxfordhotel.com-0062-2015Redesign;en-US;636409019173540786#twx5yhcun3lqjkxizxitqdap;14325;1;0
Luxehotels.com-0078-2016Redesign;en-US;636409019173540786#ppiyh3jsq1uleo04vys5rxvu;18805;1;0
Homewoodsuiteslax.com-0110-2017Redesign;en-US;636409019173540786#brvn4h3ue2vrcyqrdmydauom;30747;1;0
Jbdukehotel.com-0086-2016Redesign;en-US;636409019173696788#vlvws4e1u3dv43gmh5l13opp;21918;1;0
Beverlyhillsresidenceinn.com-0087-2016Redesign;en-US;636409019173696788#nxzul0gwxjtwzy5osixodxm3;20999;1;0
Samosetresort.com-0113-2017Redesign;en-US;636409019173696788#4ktznn3kl4t2oxb1cjryrkdi;40334;1;0
Thecrawfordhotel.com-0074-2016Redesign;en-US;636409019173852790#wrsz0on1ewerr1gui3ebjzd0;17145;1;0
Thelodgeatwoodloch.com-0033-2015Redesign;en-US;636409019174164794#5nrb04mmvctobtoced0z41ul;8254;1;0
Hospitalityupgrade.com-0093-2016Redesign;en-US;636409019176816828#rxoyzr4t4lrh3vjlqltg42dr;25405;1;0
Passport.lehotels.com-0069-2016BlogRedesign;en-US;636409019176816828#zjj4cs4w1asoctzh1l0lwml3;41068;1;0
Delraysandsresort.com-0097-2016Redesign;en-US;636409019176816828#ob2on5uujdvxgobri5pscai0;38049;1;0
Cendyn.com-0095-2016Redesign;en-US;636409019177440836#05lwbc2urxlciwsi530fx2gy;26640;1;0
Cendyn.com-0095-2016Redesign;en-US;636409019177440836#2sotpuvesk1p3dkml1u545d4;26640;1;0
Cendyn.com-0095-2016Redesign;en-US;636409019177596838#w315c0sh3ifxfyv1zrnmpkja;26640;1;0
Cendyn.com-0095-2016Redesign;en-US;636409019178844854#ofg3mhrnqb2i5jtgpgclq2y5;26640;1;0
Secretharbourvi.com-0040-2015Redesign;en-US;636409019179156858#epckuamoytu2kowv2t135opm;9231;1;0
Sandylane.com-0075-2016Redesign;en-US;636409019181028882#xdwbhcacfzidpgwjm5o3v2l1;17745;1;0
Thesagamore.com-0112-2017Redesign;en-US;636409019183056908#dyq2pnb2b4vall0hffo0quow;32339;1;0
Lakeplacidlodge.com-0105-2017Redesign;en-US;636409019186644954#kxunleruake4g4vuaapgan5m;28545;1;0
Abbingtonbanquets.com-0070-2016Redesign;en-US;636409019186800956#azhr5pszfe1yw0cyduzq3y40;15789;1;0
Lakeplacidlodge.com-0105-2017Redesign;en-US;636409019186956958#5bmdz0yy315bl4pljs2jl3i5;28545;1;0
Cendyn.com-0095-2016Redesign;en-US;636409019186956958#dbs2lafnqeg3rdfoavxgbwm4;26640;1;0
Beverlyhillsresidenceinn.com-0087-2016Redesign;en-US;636409019187268962#m1k251mjf0owufdtjpmlwne0;20999;1;0
saddlebrook.com-0011-2014Redesign;en-US;636409019187268962#lo5zawt0rjk31lzixzvr2cg5;3457;1;0
Longboatkeyclub.com-0104-2017Redesign;en-US;636409019188048972#aqwfcpplir1dlzb2vzyzikyh;35641;1;0
saddlebrook.com-0011-2014Redesign;en-US;636409019188204974#pgbrnuj2ahl03zxhhpir2mag;3385;1;0
Sandpearl.com-0091-2016Redesign;en-US;636409019189140986#fac5utnqg3famtrnfjzqdda5;38056;1;0
Cocokeyorlando.com-0059-2015Redesign;en-US;636409019189920996#qhtmilruk1do1ke13svqoa4b;12410;1;0
Casaybelresort.com-0002-2014Redesign;en-US;636409019189920996#yp1i3uzxip5w1ybcilga4pt0;1613;1;0
Washingtondukeinn.com-0024-2014Redesign;en-US;636409019195849072#lbmyibicovug3bkr4xi03h4i;5165;1;0
Cendyn.com-0095-2016Redesign;en-US;636409019197721096#alnxd4xuiiikybrrk5pyyb42;26640;1;0
Washingtondukeinn.com-0024-2014Redesign;en-US;636409019198033100#lbmyibicovug3bkr4xi03h4i;5165;1;0
Broadmoor.com-0073-2016Redesign;en-US;636409019199905124#ui1fe0glpz4bx1is1ebtxhst;38059;1;0
Longboatkeyclub.com-0104-2017Redesign;en-US;636409019200841136#aqwfcpplir1dlzb2vzyzikyh;28316;1;0
Oxfordclubspa.com-0068-2016Redesign;en-US;636409019202401156#h5to14h3fspn0y0tqmt3xjzv;15568;1;0
Meateatery.com-0080-2016Redesign;en-US;636409019202401156#thrdn3uc1fndgrac5lorxl15;18505;1;0
Bocatrans.com-0082-2016Redesign;en-US;636409019202401156#q5xi5s3jo4ndmhnpvjqbds5t;19758;1;0
Texturefoodanddrink.com-0067-2016Redesign;en-US;636409019202401156#pwpsspnhisb13kb2ubzbgfcm;15452;1;0
Glencovemansion.com-0058-2015Redesign;en-US;636409019202401156#15bvhxpouonrcr2e3vpndkvn;13328;1;0
Naiaresortandspa.com-0077-2016Redesign;en-US;636409019202401156#zpnj132rfsq1ju5nog2134gg;20455;1;0
Treasureislandbeachresort.com-0089-2016Redesign;en-US;636409019202401156#r15231atlmg4voeyb1k4yd2q;38057;1;0
Lakeplacidlodge.com-0105-2017Redesign;en-US;636409019202557158#xiee53gfirsf00gmx2lhaqyt;39238;1;0
Washingtoncourthotel.com-0076-2016Redesign;en-US;636409019202557158#341bgx1k1deagkjaghukjzpk;17858;1;0
Thesagamore.com-0112-2017Redesign;en-US;636409019204117178#zgor3d0f3balcnugns30qdbr;33921;1;0
Longboatkeyclub.com-0104-2017Redesign;en-US;636409019204897188#aqwfcpplir1dlzb2vzyzikyh;28316;1;0
Cocokeyorlando.com-0059-2015Redesign;en-US;636409019213009292#c0qoacjfz5jedsykzzg35yg5;12394;1;0
Cocokeyorlando.com-0059-2015Redesign;en-US;636409019214881316#c0qoacjfz5jedsykzzg35yg5;12394;1;0
Thesagamore.com-0112-2017Redesign;en-US;636409019216285334#2i2q4n05hmcvr0d4p53imh3w;32389;1;0
Montaukyachtclub.com-0010-2014Redesign;en-US;636409019216909342#ffrh4sndaryesxxuqs5dztkw;2280;1;0
Hospitalityupgrade.com-0093-2016Redesign;en-US;636409019218937368#2as1kixosc0ejn0mpptrho1x;22790;1;0
Lidobeachresort.com-0106-2017Redesign;en-US;636409019219873380#5i0ssvbztgpqidm5l4f5t3vh;38053;1;0
Cendyn.com-0095-2016Redesign;en-US;636409019219873380#ssyhjnmwbd3usvxaaud22n0w;26640;1;0
Napavalleymarriott.com-0071-2016Redesign;en-US;636409019220029382#cokfme4fehf4pkl1xhdgpcvg;16432;1;0
Longboatkeyclub.com-0104-2017Redesign;en-US;636409019220029382#4dtj31mi3fwmrrpkgmdu4fqn;38054;1;0
Thesagamore.com-0112-2017Redesign;en-US;636409019220497388#24zzlhqmg3rcjnl0uy0gwc2g;39241;1;0
Bluebirch.com-0072-2016Redesign;en-US;636409019222993420#djxfs4ziajfnvrajq4p3gffv;16693;1;0
Jupiterbeachresort.com-0103-2017Redesign;en-US;636409019222993420#4grwkbl5nh1ts05mef5zfabg;38052;1;0
Halcyonhotelcherrycreek.com-0061-2015Redesign;en-US;636409019222993420#byeecqkk2r5jg0pvo32wf1in;22121;1;0
Chrco.com-0107-2017Redesign;en-US;636409019223149422#rdskxdx52xqk12fpve4b2j4z;29280;1;0
Degreerestaurant.com-0056-2015Redesign;en-US;636409019223149422#mgaojln2pcl403ul4optny3u;11598;1;0
Assuranceoperations.com-0065-2015Redesign;en-US;636409019223305424#ysqdhevh3svewp0g4f2ozzd0;15263;1;0
Hhotellosangeles.com-0118-2017Redesign;en-US;636409019223305424#cxcyhqs2xpbbl3x3tgtrurer;35289;1;0
Theoxfordhotel.com-0062-2015Redesign;en-US;636409019223305424#vd2h3hzwo00db54tfwoq25em;14325;1;0
Zotabeachresort.com-0090-2016Redesign;en-US;636409019223305424#ejys3zsxoy14zq425x15tkus;38058;1;0
Jbdukehotel.com-0086-2016Redesign;en-US;636409019223461426#1gixvw2h0wxderqzcew3pqtl;21918;1;0
Abbingtonbanquets.com-0070-2016Redesign;en-US;636409019223461426#u4ubkng21epzuqe2pxsk2bje;15789;1;0
Opalsands.com-0084-2016Redesign;en-US;636409019223461426#xcb3q2jt1ohovij01cikchif;38055;1;0
Thecurtis.com-0079-2016Redesign;en-US;636409019223461426#03mza2nopfsql2ivc0utm11h;17981;1;0
Theharborsidehotel.com-0114-2017Redesign;en-US;636409019223461426#lxopyuwcu3ddtmgokspatlsr;40403;1;0
Luxehotels.com-0078-2016Redesign;en-US;636409019223617428#b241caokqu0xwdoxy23ygxkr;18805;1;0
Beverlyhillsresidenceinn.com-0087-2016Redesign;en-US;636409019223617428#n5tkbvdgcvtubrhwze11ljc4;20999;1;0
Sandylane.com-0075-2016Redesign;en-US;636409019223617428#fnuqa3gosdrwzx3kv0ek3g3x;17611;1;0
Samosetresort.com-0113-2017Redesign;en-US;636409019223617428#dsbnyfp0kq35h33l2im3dabg;40334;1;0
Thecrawfordhotel.com-0074-2016Redesign;en-US;636409019223617428#ozx23yhdj1ftk2q0ie3tep42;17145;1;0
Edgewaternaples.com-0094-2016Redesign;en-US;636409019223617428#ejdikf50gx4ffsxilh2df2kg;38051;1;0
Galthouse.com-0042-2015Redesign;en-US;636409019223773430#kfiofctg0uwxv0iom4xdozzz;38060;1;0
Homewoodsuiteslax.com-0110-2017Redesign;en-US;636409019223773430#hh3ate3gyn5cnlktopu5ny4z;30747;1;0
Delraysandsresort.com-0097-2016Redesign;en-US;636409019226893470#nln5uv000awtear3vh4avsf4;38049;1;0
Hospitalityupgrade.com-0093-2016Redesign;en-US;636409019227049472#x0kwpoxp2r25ve15w5q4ju21;25405;1;0
Passport.lehotels.com-0069-2016BlogRedesign;en-US;636409019227049472#4qdk1xcdzfrmhbdqqq5pswnh;41068;1;0
Cendyn.com-0095-2016Redesign;en-US;636409019227361476#sm2ljuxwwwwmmjnz2ckpg3f2;26640;1;0
Cendyn.com-0095-2016Redesign;en-US;636409019227361476#0ctne4qebtwta3rwfy4strxp;26640;1;0
Cendyn.com-0095-2016Redesign;en-US;636409019227361476#qblocpxr2i0qvhasw3u4aqie;26640;1;0
Theoxfordhotel.com-0062-2015Redesign;en-US;636409019230013510#ezcidp2p1vqhxtox1kjkvvbg;14430;1;0
Longboatkeyclub.com-0104-2017Redesign;en-US;636409019231729532#4hw35dyma4mq2wegefgcx0w4;29848;1;0
Edgewaternaples.com-0094-2016Redesign;en-US;636409019236253590#c2t5iew1bdcyz5vqgmb3xrcb;25302;1;0
Miravalspamonarchbeach.com-0109-2017Redesign;en-US;636409019238749622#tvrzrw54livnc4f1xtmyvsdj;32984;1;0
Sandpearl.com-0091-2016Redesign;en-US;636409019238905624#tgclfkri312wslhkzkqocwi2;38056;1;0
Thecurtis.com-0079-2016Redesign;en-US;636409019241869662#2n2kevijt10sta0v2muzemdw;17981;1;0
Cendyn.com-0095-2016Redesign;en-US;636409019244677698#1hvctm4klhrwhplolmxdvq54;26640;1;0
Unionstationhotelnashville.com-0047-2015Redesign;en-US;636409019245925714#ywhzrkenvkgz5rdyrkymb1h2;10385;1;0
Marriottkeylargo.com-0015-2014Redesign;en-US;636409019246237718#cbbdmuy5dwb3qbdxfcr4bncc;3948;1;0
Cendyn.com-0095-2016Redesign;en-US;636409019247797738#rnns2wy5j2jrezk0zn4nwn0r;26640;1;0
Broadmoor.com-0073-2016Redesign;en-US;636409019249825764#4zy3rcxcgre3qb5owcbm0yyu;38059;1;0
Miravalspamonarchbeach.com-0109-2017Redesign;en-US;636409019252009792#tvrzrw54livnc4f1xtmyvsdj;31709;1;0
Oxfordclubspa.com-0068-2016Redesign;en-US;636409019252321796#drb4qmn322aahhvgqtxje2fm;15568;1;0
Lakeplacidlodge.com-0105-2017Redesign;en-US;636409019252321796#3fz0a5ftrfiwwsa4njk4nv34;39238;1;0
Meateatery.com-0080-2016Redesign;en-US;636409019252321796#zyuvdvvysexs1qvoercpbtlk;18505;1;0
Washingtoncourthotel.com-0076-2016Redesign;en-US;636409019252477798#sxckueejvxqflswvksnzapi4;17858;1;0
Bocatrans.com-0082-2016Redesign;en-US;636409019252633800#y315h1zi0o25v2olgsee5p3a;19758;1;0
Glencovemansion.com-0058-2015Redesign;en-US;636409019252633800#h3s1ih013pz4xguz32ccernm;13328;1;0
Naiaresortandspa.com-0077-2016Redesign;en-US;636409019252633800#jqhkgy3rxyt0riq2gdptoc4y;20455;1;0
Texturefoodanddrink.com-0067-2016Redesign;en-US;636409019252789802#wqosjq2rzdyhit5epv4qku1d;15452;1;0
Treasureislandbeachresort.com-0089-2016Redesign;en-US;636409019253101806#2evwy1wpn511hbtntdbzryyh;38057;1;0
Theoxfordhotel.com-0062-2015Redesign;en-US;636409019255441836#ezcidp2p1vqhxtox1kjkvvbg;14325;1;0
Thesagamore.com-0112-2017Redesign;en-US;636409019257001856#hslqzjox2mgbs2fbve3p4qds;32339;1;0
Broadmoor.com-0073-2016Redesign;en-US;636409019258405874#zkfwzixfgeaiad1rulgfvwtf;18010;1;0
Cendyn.com-0095-2016Redesign;en-US;636409019258405874#btoifs0bykxe53040qzmn5tv;26640;1;0
Glencovemansion.com-0058-2015Redesign;en-US;636409019258873880#aiyitnx3jbodrrtwpj3ur5er;13328;1;0
Broadmoor.com-0073-2016Redesign;en-US;636409019259029882#sd4vwaur0kua5v3oike2sg0v;16721;1;0
Broadmoor.com-0073-2016Redesign;en-US;636409019259653890#vxrcsid2q4pcab03bq4wxhbw;16721;1;0
Broadmoor.com-0073-2016Redesign;en-US;636409019260745904#k0vt5b02fuiasr1pb2wdtmoe;16721;1;0
Broadmoor.com-0073-2016Redesign;en-US;636409019263085934#zkfwzixfgeaiad1rulgfvwtf;18010;1;0
Cendyn.com-0095-2016Redesign;en-US;636409019263709942#faawk3r325pavo1teubwyoix;26640;1;0
Theoxfordhotel.com-0062-2015Redesign;en-US;636409019264021946#ezcidp2p1vqhxtox1kjkvvbg;14325;1;0
Thesagamore.com-0112-2017Redesign;en-US;636409019269014010#1eqhxaimnlooetut11t1hewm;32339;1;0
Cendyn.com-0095-2016Redesign;en-US;636409019269170012#btoifs0bykxe53040qzmn5tv;26640;1;0
Theoxfordhotel.com-0062-2015Redesign;en-US;636409019269326014#ezcidp2p1vqhxtox1kjkvvbg;14325;1;0
Napavalleymarriott.com-0071-2016Redesign;en-US;636409019269794020#jrpipdxhpkay5lk4an10mrm1;16432;1;0
Cendyn.com-0095-2016Redesign;en-US;636409019269794020#ua2pt3uts2gc4e5xa1lbmeth;26640;1;0
Lidobeachresort.com-0106-2017Redesign;en-US;636409019269794020#2l5rtn231qrxxcvwwvijlwly;38053;1;0
Thesagamore.com-0112-2017Redesign;en-US;636409019270106024#o0qjjxme1bqmxbnoshwszess;39241;1;0
Longboatkeyclub.com-0104-2017Redesign;en-US;636409019270574030#wtu5csf01sic1ny2of3izopk;38054;1;0
Thesagamore.com-0112-2017Redesign;en-US;636409019271510042#3ww1qjgsvfsshwcxppt3w5a1;32339;1;0
Secretharbourvi.com-0040-2015Redesign;en-US;636409019272446054#epckuamoytu2kowv2t135opm;20178;1;0
Chrco.com-0107-2017Redesign;en-US;636409019272914060#kqskgy4thl5aefyrhshpmkkk;29280;1;0
Degreerestaurant.com-0056-2015Redesign;en-US;636409019272914060#fnu31oyctlikoofdkfdfqnwr;11598;1;0
Abbingtonbanquets.com-0070-2016Redesign;en-US;636409019272914060#30fpvpct2pesm5pq1vxhmbik;15789;1;0
Opalsands.com-0084-2016Redesign;en-US;636409019272914060#aflbg2kemk24rmthg2xwgv41;38055;1;0
Bluebirch.com-0072-2016Redesign;en-US;636409019272914060#wld5zgwhhfaz5bie3zned14r;16693;1;0
Hhotellosangeles.com-0118-2017Redesign;en-US;636409019273070062#tohyjiimxijh31powbkujugw;35289;1;0
Assuranceoperations.com-0065-2015Redesign;en-US;636409019273070062#ftg3jwhdwdbqmxr5q5hucirg;15263;1;0
Galthouse.com-0042-2015Redesign;en-US;636409019273070062#1axxzn2gmw2t0f1vfxuhbbm3;33603;1;0
Thecurtis.com-0079-2016Redesign;en-US;636409019273070062#xnhclaavsw40oxmwzycuznhp;17981;1;0
Theoxfordhotel.com-0062-2015Redesign;en-US;636409019273226064#3povuw3okwohxdffhyydel1t;14325;1;0
Jbdukehotel.com-0086-2016Redesign;en-US;636409019273226064#xnhiqbe442ow1lml4huhpy41;21918;1;0
Samosetresort.com-0113-2017Redesign;en-US;636409019273226064#dmd2nndlroe1col2tyre1rew;40334;1;0
Homewoodsuiteslax.com-0110-2017Redesign;en-US;636409019273226064#swwv3vd5imxjqa1p2mbezfsr;30747;1;0
Galthouse.com-0042-2015Redesign;en-US;636409019273226064#1pt123fvffs53snfpoulweci;38060;1;0
Thecrawfordhotel.com-0074-2016Redesign;en-US;636409019273226064#5gtjfsyakaya0gnnlmnlrjjb;17145;1;0
Beverlyhillsresidenceinn.com-0087-2016Redesign;en-US;636409019273226064#e1ikhjn1axb1rq25li2bu10j;20999;1;0
Zotabeachresort.com-0090-2016Redesign;en-US;636409019273382066#lrowzjqdthhme1hfehob2dfh;38058;1;0
Theharborsidehotel.com-0114-2017Redesign;en-US;636409019273382066#ry4h3sg2dnsaqgsvl2htrnbb;40403;1;0
Sandylane.com-0075-2016Redesign;en-US;636409019273538068#tdu1540gyt1nnalpuvzzawso;17611;1;0
Edgewaternaples.com-0094-2016Redesign;en-US;636409019273538068#nssajce3ks0z00ibmo5nrari;38051;1;0
Halcyonhotelcherrycreek.com-0061-2015Redesign;en-US;636409019273538068#q34mgyn2ct4zjgujpunjqnzx;22121;1;0
Luxehotels.com-0078-2016Redesign;en-US;636409019273694070#mppjqmzs5rzoh45vi54n5td4;18805;1;0
Jupiterbeachresort.com-0103-2017Redesign;en-US;636409019273850072#yyxl2q43qlq5uxzqz3tznc1c;38052;1;0
Springhillsuitesdenver.com-0060-2015Redesign;en-US;636409019273850072#j5kvv1exdagntbongfkyvfli;12307;1;0
Luxehotels.com-0078-2016Redesign;en-US;636409019275566094#o40iypddah0iljuhgdlhhtww;18805;1;0
Casaybelresort.com-0002-2014Redesign;en-US;636409019276346104#0jp0ze3dezvm0c5ume2qxhx1;1533;1;0
Hospitalityupgrade.com-0093-2016Redesign;en-US;636409019276814110#ga5wkr3zcnk1fmndhgpwmxde;25405;1;0
Passport.lehotels.com-0069-2016BlogRedesign;en-US;636409019276814110#dln305a1qmdd3myjo54k1kzy;41068;1;0
Delraysandsresort.com-0097-2016Redesign;en-US;636409019276814110#mnsv21zy5c0se1oc5caayxqk;38049;1;0
Cendyn.com-0095-2016Redesign;en-US;636409019277438118#rwvhpcv2nazet50sm41d5hay;26640;1;0
Cendyn.com-0095-2016Redesign;en-US;636409019277438118#itv0rbg2lz225xryd1jz3i1k;26640;1;0
Cendyn.com-0095-2016Redesign;en-US;636409019277438118#fxc4szsiz40xdrp20zinzn4y;26640;1;0
Lehotels.com-0049-2015Transfer;en-US;636409019279154140#iy3tlkavmryslm0jffwgnnw4;12108;1;0
Sandylane.com-0075-2016Redesign;en-US;636409019280402156#xdwbhcacfzidpgwjm5o3v2l1;17919;1;0
Monarchbeachresort.com-0092-2016Redesign;en-US;636409019283210192#wsdc2chfc2hhopv5gdd4m4qt;22725;1;0
Broadmoor.com-0073-2016Redesign;en-US;636409019284302206#ppnsddbvgunohrhtlirn1vnk;16721;1;0
Ecommerce.saddlebrook.com-0028-2014ShoppingCart;en-US;636409019287734250#fkzih1lsdhde53tvq5rpkeoe;6316;1;0
Bocatrans.com-0082-2016Redesign;en-US;636409019287890252#kcxt0qseau5xxrpuozoagw02;19758;1;0
Ecommerce.saddlebrook.com-0028-2014ShoppingCart;en-US;636409019288046254#1o12kofpk1wuudmciodcptqg;6316;1;0
Broadmoor.com-0073-2016Redesign;en-US;636409019288046254#sqeqdsjq2urpfcprniyub2ho;16721;1;0
Meateatery.com-0080-2016Redesign;en-US;636409019288202256#qu1rxe1foixvafobsfm3hsz0;18505;1;0
Broadmoor.com-0073-2016Redesign;en-US;636409019288202256#1u1ffzlrewvw2tvatka3ck43;16721;1;0
Sandpearl.com-0091-2016Redesign;en-US;636409019288826264#tz0eds1d2tgbjzpvb42knyns;38056;1;0
wentworthcom00212014redesign;en-US;636409019289294270#jbvhp5qhwonub5ynd0iky3a2;26679;1;0
Treasureislandbeachresort.com-0089-2016Redesign;en-US;636409019289450272#ad3qmltv5rcnvjjvjddgheim;22169;1;0
Treasureislandbeachresort.com-0089-2016Redesign;en-US;636409019289606274#kof4mr4i5kpj5vt3ai5fp0ed;22169;1;0
Monarchbeachresort.com-0092-2016Redesign;en-US;636409019293662326#wsdc2chfc2hhopv5gdd4m4qt;22725;1;0
Cendyn.com-0095-2016Redesign;en-US;636409019297718378#aclsjndzutdzw4efvyidezhx;26640;1;0
Opalsands.com-0084-2016Redesign;en-US;636409019298342386#rmuooca2s21kkfak4flyt2gb;20557;1;0
Broadmoor.com-0073-2016Redesign;en-US;636409019299902406#b330ssepfyczz5i4ohxa54wr;38059;1;0
Lakeplacidlodge.com-0105-2017Redesign;en-US;636409019300838418#ewcrmj531y1rdokvx4lbqees;28545;1;0
Bocatrans.com-0082-2016Redesign;en-US;636409019302398438#1asv0a4j2eexj4hrt4jxubpv;19758;1;0
Washingtoncourthotel.com-0076-2016Redesign;en-US;636409019302398438#5mmptxnltbj04uhirx1msvs5;17858;1;0
Meateatery.com-0080-2016Redesign;en-US;636409019302398438#vwofsp3jeypjcognvx4itpx3;18505;1;0
Lakeplacidlodge.com-0105-2017Redesign;en-US;636409019302398438#4vue0gwyodx0zps3zx2aa03k;39238;1;0
Oxfordclubspa.com-0068-2016Redesign;en-US;636409019302398438#v4l1ws2xh50iavcmsod05ei1;15568;1;0
Naiaresortandspa.com-0077-2016Redesign;en-US;636409019302398438#stcmoeevg2h4eqwk2adlz2kc;20455;1;0
Glencovemansion.com-0058-2015Redesign;en-US;636409019302398438#k4gebmxeyuxdxzkxeu5sezqa;13328;1;0
Texturefoodanddrink.com-0067-2016Redesign;en-US;636409019302554440#xe3lc2fsemlecbgfgzxuqp4h;15452;1;0
Treasureislandbeachresort.com-0089-2016Redesign;en-US;636409019303178448#344gr433t4yijhrcdbkmckfz;38057;1;0
Cphollywoodbeach.com-0032-2015Redesign;en-US;636409019305674480#vlng21h0c02jqy0t4xpf4ddv;7831;1;0
Lehotels.com-0049-2015Transfer;en-US;636409019307078498#n2zyad0vlzhmpkmjvapss55y;12108;1;0
Meateatery.com-0080-2016Redesign;en-US;636409019308950522#m30e1xaxgdalbiu0jhgimtdd;18505;1;0
Homewoodsuiteslax.com-0110-2017Redesign;en-US;636409019314098588#42tl0i5hu0rfxbfudlmjvaqq;30747;1;0
Theoxfordhotel.com-0062-2015Redesign;en-US;636409019314878598#do5akvgg1uwmb53edv1gov5f;14325;1;0
Broadmoor.com-0073-2016Redesign;en-US;636409019315034600#fmkgi22pt1pmjkxrdjzbdvry;16793;1;0
Broadmoor.com-0073-2016Redesign;en-US;636409019316438618#epp4gmsufodhw4gwlemlc0bv;16724;1;0
Cendyn.com-0095-2016Redesign;en-US;636409019319714660#2bzfh0gbfhsq10dxp3zwegly;26640;1;0
Napavalleymarriott.com-0071-2016Redesign;en-US;636409019319714660#dkrdubcraf1c2vv545enggds;16432;1;0
Lidobeachresort.com-0106-2017Redesign;en-US;636409019319714660#5iy314gysexyps2irfzoahjg;38053;1;0
Thesagamore.com-0112-2017Redesign;en-US;636409019319870662#a1x0t33oiob3d2klpd5zbw2y;39241;1;0
Longboatkeyclub.com-0104-2017Redesign;en-US;636409019320026664#onj1u0dqtw1lairj04cbkd2s;38054;1;0
Broadmoor.com-0073-2016Redesign;en-US;636409019320650672#epp4gmsufodhw4gwlemlc0bv;16724;1;0
Theharborsidehotel.com-0114-2017Redesign;en-US;636409019320962676#3zwjwtzlw4tlgpb5pbs1t5il;37989;1;0
Longboatkeyclub.com-0104-2017Redesign;en-US;636409019322678698#fk422gx03hwrlr0p0xytopyc;28316;1;0
Cendyn.com-0095-2016Redesign;en-US;636409019322678698#x0iyehgbpqy3heubycm1od2y;26640;1;0
Bluebirch.com-0072-2016Redesign;en-US;636409019322990702#dk0d5nqwtvl3k4qpoieoxbyb;16693;1;0
Chrco.com-0107-2017Redesign;en-US;636409019322990702#qjfr4bmqhbbzmy4w5sedzh2e;29280;1;0
Theoxfordhotel.com-0062-2015Redesign;en-US;636409019322990702#skmj4tvo0wlhi4zyeaaqg3rm;14325;1;0
Thecurtis.com-0079-2016Redesign;en-US;636409019322990702#u5wl3k2ncclhioqsff5erzhd;17981;1;0
Thecrawfordhotel.com-0074-2016Redesign;en-US;636409019323146704#bfjinupo1veinwjzfrqdick5;17145;1;0
Jbdukehotel.com-0086-2016Redesign;en-US;636409019323146704#yu51udwxau3ihzdwm13b24gx;21918;1;0
Abbingtonbanquets.com-0070-2016Redesign;en-US;636409019323146704#q1zrsoktvwomvwqozutwvoji;15789;1;0
Halcyonhotelcherrycreek.com-0061-2015Redesign;en-US;636409019323302706#zeg0alqmovbupw0bzcj3wf30;22121;1;0
Degreerestaurant.com-0056-2015Redesign;en-US;636409019323302706#rc1hzybi13xhyslmybjbme5j;11598;1;0
Samosetresort.com-0113-2017Redesign;en-US;636409019323302706#bupbfjm2zy3isto5na2ajd1a;40334;1;0
Luxehotels.com-0078-2016Redesign;en-US;636409019324238718#b5jr3jjm4qlgglq4dxvzxoq5;18805;1;0
Beverlyhillsresidenceinn.com-0087-2016Redesign;en-US;636409019324238718#2dbg0neye4gp32l0dhebpb42;20999;1;0
Edgewaternaples.com-0094-2016Redesign;en-US;636409019324238718#0kxgglneedtcgig4k3r2wbko;38051;1;0
Theharborsidehotel.com-0114-2017Redesign;en-US;636409019324238718#vx1uoc4avm2i2qgxn5yp5zme;40403;1;0
Zotabeachresort.com-0090-2016Redesign;en-US;636409019324238718#qadom53sw0z0sxdkh5x2gihs;38058;1;0
Sandylane.com-0075-2016Redesign;en-US;636409019324394720#0fjmfp3g1xsv2dc1mb2042ja;17611;1;0
Hhotellosangeles.com-0118-2017Redesign;en-US;636409019324394720#ueik2nonpiy0gwziq4clopcl;35289;1;0
Assuranceoperations.com-0065-2015Redesign;en-US;636409019324394720#iye33z51ik5m4vqs3qz5rdyn;15263;1;0
Opalsands.com-0084-2016Redesign;en-US;636409019324394720#vnbjdwlilonvar122an1uqvx;38055;1;0
Jupiterbeachresort.com-0103-2017Redesign;en-US;636409019324394720#z4qkvitkxes4z1krhrycnhp2;38052;1;0
Galthouse.com-0042-2015Redesign;en-US;636409019324550722#j44n32fcxrbwiw2u2e0xh4aq;38060;1;0
Homewoodsuiteslax.com-0110-2017Redesign;en-US;636409019324550722#imijl3ejnbtmirvsrwglpsor;30747;1;0
Lidobeachresort.com-0106-2017Redesign;en-US;636409019324550722#mswkr52xiwzmqn5i1dspfy0u;36008;1;0
Hospitalityupgrade.com-0093-2016Redesign;en-US;636409019326734750#sa3npfwc2vxhcxbnn3vwzqte;25405;1;0
Delraysandsresort.com-0097-2016Redesign;en-US;636409019326734750#0o4qee41nsl2psfg44qm0mkj;38049;1;0
Passport.lehotels.com-0069-2016BlogRedesign;en-US;636409019326734750#frg15hxbklh2t3rayttl3pfi;41068;1;0
Lakeplacidlodge.com-0105-2017Redesign;en-US;636409019326734750#q14x5ffpryodod53rv34vpeh;28545;1;0
Casaybelresort.com-0002-2014Redesign;en-US;636409019327358758#fqvd4nbtx1imdpjzlyxuwyoi;1613;1;0
Cendyn.com-0095-2016Redesign;en-US;636409019327358758#e4ghr3vrznybuekpneqt0vip;26640;1;0
Cendyn.com-0095-2016Redesign;en-US;636409019327358758#w005txzungzyris21jmlt3hn;26640;1;0
Cendyn.com-0095-2016Redesign;en-US;636409019327358758#es1xbb2vpjqtbj0g2nsootdy;26640;1;0
Luxehotels.com-0078-2016Redesign;en-US;636409019328138768#rjklyujxezpwhyykqufmpkzt;18805;1;0
Zotabeachresort.com-0090-2016Redesign;en-US;636409019328138768#lxcrhscs0d5dskds00wpc5fm;22357;1;0
Lakeplacidlodge.com-0105-2017Redesign;en-US;636409019328762776#q14x5ffpryodod53rv34vpeh;28545;1;0
Washingtoncourthotel.com-0076-2016Redesign;en-US;636409019331414810#dgajvm32y3o2nxppry5bhala;17858;1;0
Thecurtis.com-0079-2016Redesign;en-US;636409019333442836#ui50et2p2l5duqajsclzebrm;17981;1;0
Lidobeachresort.com-0106-2017Redesign;en-US;636409019334378848#mswkr52xiwzmqn5i1dspfy0u;36008;1;0
Thesagamore.com-0112-2017Redesign;en-US;636409019337498888#prd0viccmv3vykeicxaswbev;33923;1;0
Sandpearl.com-0091-2016Redesign;en-US;636409019338902906#2ldsgcfq3etcuesnilkhbz4l;38056;1;0
wentworthcom00212014redesign;en-US;636409019342646954#2e3xsveyik0qwd2lq0p1wolv;26679;1;0
Thesagamore.com-0112-2017Redesign;en-US;636409019342802956#il22lemmgymddx1rkcymf0ca;32339;1;0
Luxehotels.com-0078-2016Redesign;en-US;636409019343114960#24dudh3520blbqhaypim4d5d;18805;1;0
Thesagamore.com-0112-2017Redesign;en-US;636409019345922996#il22lemmgymddx1rkcymf0ca;32339;1;0
Cendyn.com-0095-2016Redesign;en-US;636409019347795020#ffoc5lgtdfgocp4eetjmcv2l;26640;1;0
Broadmoor.com-0073-2016Redesign;en-US;636409019349823046#xyjttsp20hvu14zl5lvlfb5x;38059;1;0
Glencovemansion.com-0058-2015Redesign;en-US;636409019352319078#2hlg0xz2eiza0r13aa2irmpp;13328;1;0
Meateatery.com-0080-2016Redesign;en-US;636409019352319078#nczr4upqhuunc03preazxqqx;18505;1;0
Washingtoncourthotel.com-0076-2016Redesign;en-US;636409019352319078#dzw4xicvfcls5ccntlgphewx;17858;1;0
Naiaresortandspa.com-0077-2016Redesign;en-US;636409019352319078#ow2iooqumlj5fgo1sa21avan;20455;1;0
Bocatrans.com-0082-2016Redesign;en-US;636409019352319078#qf02naupib440qbixx4md04g;19758;1;0
Texturefoodanddrink.com-0067-2016Redesign;en-US;636409019352319078#k2xykvdgzzfhl4sfzchfpotq;15452;1;0
Oxfordclubspa.com-0068-2016Redesign;en-US;636409019352475080#rh3m3jqdyrj4ijacxfrkaltd;15568;1;0
Treasureislandbeachresort.com-0089-2016Redesign;en-US;636409019352475080#cdjdnooghottkr40d1okyz30;38057;1;0
Lakeplacidlodge.com-0105-2017Redesign;en-US;636409019352475080#dkcx3rygdqfiwzqlj1tiibpo;39238;1;0
Renaissancepittsburghpa.com-0044-2015Redesign;en-US;636409019358247154#2znuxf55z0waiuj3mlrcgfwp;10072;1;0
Napavalleymarriott.com-0071-2016Redesign;en-US;636409019358247154#5bxeqydn5puwhob11ym0xgpg;16432;1;0
Cendyn.com-0095-2016Redesign;en-US;636409019360743186#iqc0ujgh0ysem2imhnucmbdb;26815;1;0
Unionstationhotelnashville.com-0047-2015Redesign;en-US;636409019366515260#4x1fmdjs4xh4ygj0rmem0oba;32226;1;0
Washingtoncourthotel.com-0076-2016Redesign;en-US;636409019369479298#xcvu2gai1xpe0iwwob0jeiub;17858;1;0
Napavalleymarriott.com-0071-2016Redesign;en-US;636409019369791302#0x5h34fatuga1ymicfgu0u25;16432;1;0
Thesagamore.com-0112-2017Redesign;en-US;636409019369791302#nkt1mqfblmrfvholwyfkduh3;39241;1;0
Lidobeachresort.com-0106-2017Redesign;en-US;636409019369791302#0e0d02ygc102jtu4oa3xnl3t;38053;1;0
Longboatkeyclub.com-0104-2017Redesign;en-US;636409019369791302#selkoipdpcjevyfc0mpthwg4;38054;1;0
Cendyn.com-0095-2016Redesign;en-US;636409019369791302#eylbbr025mdkw50jclug1a5c;26640;1;0
Thecurtis.com-0079-2016Redesign;en-US;636409019372911342#u1aapjky2pqbf1bdeucqmbfw;17981;1;0
Thecrawfordhotel.com-0074-2016Redesign;en-US;636409019372911342#yun0th4qiz04xy1u1x5xsunv;17145;1;0
Opalsands.com-0084-2016Redesign;en-US;636409019372911342#bu3zyyjl3sc4w3he2wdd2t4x;38055;1;0
Abbingtonbanquets.com-0070-2016Redesign;en-US;636409019372911342#wzcbqrrmphq4u2nzxaiwnznq;15789;1;0
Hhotellosangeles.com-0118-2017Redesign;en-US;636409019373067344#1r1uorr2o1xjcjewau5sth1f;35289;1;0
Jbdukehotel.com-0086-2016Redesign;en-US;636409019373067344#sxlmyn1rdkkhyj5j3kcchbhj;21918;1;0
Beverlyhillsresidenceinn.com-0087-2016Redesign;en-US;636409019373067344#wsnbqygbcutchy3c2h0krvpx;20999;1;0
Degreerestaurant.com-0056-2015Redesign;en-US;636409019373223346#31xbejvdk5rz1qo3mp1x4sq3;11598;1;0
Chrco.com-0107-2017Redesign;en-US;636409019373379348#5mcql0cq5ge5wsmku2ervta3;29280;1;0
Assuranceoperations.com-0065-2015Redesign;en-US;636409019373379348#ynh5famdxig3x3we5hwmkiau;15263;1;0
Jupiterbeachresort.com-0103-2017Redesign;en-US;636409019373379348#qyqt2kkaydapb5qm43s2rn2f;38052;1;0
Sandylane.com-0075-2016Redesign;en-US;636409019373379348#1lpjvjku4hfyqnwbvyoxlcuy;17611;1;0
Samosetresort.com-0113-2017Redesign;en-US;636409019373847354#tjivnrwvkhfakpz2ysog1bke;40334;1;0
Bluebirch.com-0072-2016Redesign;en-US;636409019373847354#uiyzzu5jzlz4yx2cbsyx2ivl;16693;1;0
Homewoodsuiteslax.com-0110-2017Redesign;en-US;636409019373847354#waonxfssnjg5djsbqfnnupqr;30747;1;0
Zotabeachresort.com-0090-2016Redesign;en-US;636409019373847354#wlxttnrdutkl4h2bjysulf1j;38058;1;0
Edgewaternaples.com-0094-2016Redesign;en-US;636409019373847354#kjcsynjxz2ourgef5e0nhw05;38051;1;0
Theoxfordhotel.com-0062-2015Redesign;en-US;636409019374003356#5wk5jc0ftmclniqp5lbwmjks;14325;1;0
Luxehotels.com-0078-2016Redesign;en-US;636409019374003356#lmxwgav2lgknw2oth0yr3dpb;18805;1;0
Halcyonhotelcherrycreek.com-0061-2015Redesign;en-US;636409019374003356#uvre4tqeu33qbmfi4dgcc1bo;22121;1;0
Galthouse.com-0042-2015Redesign;en-US;636409019374159358#2xa2lg44arnetjpl554oc5p4;38060;1;0
Theharborsidehotel.com-0114-2017Redesign;en-US;636409019374471362#akdsbnfu504jakzxsa32d3ys;40403;1;0
Springhillsuitesdenver.com-0060-2015Redesign;en-US;636409019374939368#52wg3w0ikvmhjue31ws2qy4u;12307;1;0
Glencovemansion.com-0058-2015Redesign;en-US;636409019375095370#wthe0bl1amv3t5f54mkp5cxx;41345;1;0
Thecurtis.com-0079-2016Redesign;en-US;636409019375095370#gwgbb2slshialdpvskewoe53;17981;1;0
Secretharbourvi.com-0040-2015Redesign;en-US;636409019375407374#gietcmoqixav51prtfhb14rx;9231;1;0
Hospitalityupgrade.com-0093-2016Redesign;en-US;636409019376655390#v1ofzf5dbq41bq2cqljcc1ps;25405;1;0
Passport.lehotels.com-0069-2016BlogRedesign;en-US;636409019376655390#l10jtcnbfv5w3d1i03xku1g5;41068;1;0
Delraysandsresort.com-0097-2016Redesign;en-US;636409019376811392#g1xf1dyxzb25qgmmldcoyjai;38049;1;0
Cendyn.com-0095-2016Redesign;en-US;636409019377279398#fxdcnmxwhh4m2aqtugzkcasm;26640;1;0
Cendyn.com-0095-2016Redesign;en-US;636409019377279398#ycb50hoqh3vdgzs5vm3m1eb0;26640;1;0
Cendyn.com-0095-2016Redesign;en-US;636409019377279398#hcz40enkf1ho4k4jrd2sw1bj;26640;1;0
Samosetresort.com-0113-2017Redesign;en-US;636409019378371412#1wlkuiu01ed45itslizrj4vs;32550;1;0
Edgewaternaples.com-0094-2016Redesign;en-US;636409019378683416#g4ybh2vi3dtqmkyu5x1lx10c;25239;1;0
saddlebrook.com-0011-2014Redesign;en-US;636409019381335450#ffuszg4r3aptc20n4uc343yi;3385;1;0
Theloganhotel.com-0043-2015Redesign;en-US;636409019382739468#swfgyab5igjm50ox4dpnntso;20218;1;0
Delraysandsresort.com-0097-2016Redesign;en-US;636409019385859508#abugyn3ulopy3efudqxjuwht;28289;1;0
Sandpearl.com-0091-2016Redesign;en-US;636409019386483516#tihpp4mqlb2ude43g12wppkw;22481;1;0
Sandpearl.com-0091-2016Redesign;en-US;636409019386483516#4pwyrmpxjssyarcefjyjzkzu;22481;1;0
Sandpearl.com-0091-2016Redesign;en-US;636409019386795520#bhahyl3ialig13zeox2tvxvb;22481;1;0
Sandpearl.com-0091-2016Redesign;en-US;636409019386795520#kmdxyvguckbtmove2oov0xnj;22481;1;0
Beverlyhillsresidenceinn.com-0087-2016Redesign;en-US;636409019387107524#xoutzg0iwglwmjxfbwxsirmp;20999;1;0
Cendyn.com-0095-2016Redesign;en-US;636409019387107524#fw3upfhbwnkzjflagkd0scrp;26640;1;0
Cendyn.com-0095-2016Redesign;en-US;636409019387731532#4hbfm13ivi3nui3utyrlx24h;26640;1;0
Sandpearl.com-0091-2016Redesign;en-US;636409019388823546#0w0pl1euz2xmfbaaqeldlvfp;38056;1;0
Lehotels.com-0049-2015Transfer;en-US;636409019393971612#u5l53c4sne1dlqyrslzyconk;12108;1;0
Thesagamore.com-0112-2017Redesign;en-US;636409019394595620#yjxr4beuw5ptqtc2k51pcqa4;41584;1;0
Theoxfordhotel.com-0062-2015Redesign;en-US;636409019397091652#d4xrrurr1upkt2a3q1kqsyye;14331;1;0
Cendyn.com-0095-2016Redesign;en-US;636409019397559658#whbw315e2ki2lctsvclz3g1g;26640;1;0
Broadmoor.com-0073-2016Redesign;en-US;636409019399899688#eutgscwatjwnck2pxvmcaymf;38059;1;0
