Thecurtis.com-0079-2016Redesign;en-US;636408972602926661#llbci3eckohxm2ewp533wxls;17981;1;0
Thecurtis.com-0079-2016Redesign;en-US;636408972603082663#h3ank4l0khqxueklyic1dpyw;17981;1;0
Degreerestaurant.com-0056-2015Redesign;en-US;636408972603238665#5nffpd4b45dtazor0luqg5wz;11598;1;0
Texturefoodanddrink.com-0067-2016Redesign;en-US;636408972603238665#x2dtmyil1sucmloyfymlevrz;15452;1;0
Jbdukehotel.com-0086-2016Redesign;en-US;636408972603238665#lrjon2nffwjccpx5ffcnqjtq;21918;1;0
Assuranceoperations.com-0065-2015Redesign;en-US;636408972603238665#lqpvwzcog0kygsonxxs1hsu3;15263;1;0
Glencovemansion.com-0058-2015Redesign;en-US;636408972603394667#hfq30tmxfi3nvmcsdd4epvie;13328;1;0
Bocatrans.com-0082-2016Redesign;en-US;636408972603394667#xadfps5iuaiuirv1nigckcyx;19758;1;0
Homewoodsuiteslax.com-0110-2017Redesign;en-US;636408972603394667#1hnvbmokndwfgf4wp12dvvjy;30747;1;0
Hhotellosangeles.com-0118-2017Redesign;en-US;636408972603394667#hn11lfuwggtky2fc1kxdfjxz;35289;1;0
Naiaresortandspa.com-0077-2016Redesign;en-US;636408972603550669#uexnra2otacswbwz2vm1th1t;20455;1;0
Treasureislandbeachresort.com-0089-2016Redesign;en-US;636408972603550669#w2l1em3ffcmzvxrutml5ddic;38057;1;0
Halcyonhotelcherrycreek.com-0061-2015Redesign;en-US;636408972603550669#agkacbmfhumtbvkwkvesojx5;22121;1;0
Edgewaternaples.com-0094-2016Redesign;en-US;636408972603550669#uo5nwd13laxqsmllusob32os;38051;1;0
Luxehotels.com-0078-2016Redesign;en-US;636408972603550669#zbo4sbbafjdj4tv1yhy5j0m3;18805;1;0
Chrco.com-0107-2017Redesign;en-US;636408972604018675#c4hrytztudhvvdk5d5qzhbhh;29280;1;0
Meateatery.com-0080-2016Redesign;en-US;636408972604018675#ucyoso0fsvspzupmvj4hwiim;18505;1;0
Oxfordclubspa.com-0068-2016Redesign;en-US;636408972604018675#gsmrq2uct24nkty3feye1f3g;15568;1;0
Opalsands.com-0084-2016Redesign;en-US;636408972604018675#23co50z2ryfaowpfnobyg0d5;38055;1;0
Abbingtonbanquets.com-0070-2016Redesign;en-US;636408972604174677#f3fkyjlf3zgindypm5d4joow;15789;1;0
Theoxfordhotel.com-0062-2015Redesign;en-US;636408972604174677#z0443443qlc4g4jgkllknvbh;14325;1;0
Sandylane.com-0075-2016Redesign;en-US;636408972604174677#hynz4brq5yihusjgfdjhqike;17611;1;0
Bluebirch.com-0072-2016Redesign;en-US;636408972604174677#dx3kmhlfrtzzyysp3rtomdwm;16693;1;0
Washingtoncourthotel.com-0076-2016Redesign;en-US;636408972604174677#sbskl1cvxxd3zno0pcv04xd1;17858;1;0
Beverlyhillsresidenceinn.com-0087-2016Redesign;en-US;636408972604174677#qs21tsxch5ulittktk2w1y5f;20999;1;0
Galthouse.com-0042-2015Redesign;en-US;636408972604174677#talnxvntk0ufu0hkp1nljj35;38060;1;0
Lakeplacidlodge.com-0105-2017Redesign;en-US;636408972604330679#cuvvfxkvngybalff4pp0eeal;39238;1;0
Theharborsidehotel.com-0114-2017Redesign;en-US;636408972604330679#mmuf0vefxx23yvfvwd2bdh43;40403;1;0
Zotabeachresort.com-0090-2016Redesign;en-US;636408972604330679#cedsrlcnet2xrx4jbrxabc2d;38058;1;0
Jupiterbeachresort.com-0103-2017Redesign;en-US;636408972604330679#burvsxexjzqvp0hsdgcxjon1;38052;1;0
Thecrawfordhotel.com-0074-2016Redesign;en-US;636408972604330679#hbwccgad24or2hh0kd5rskli;17145;1;0
Samosetresort.com-0113-2017Redesign;en-US;636408972604330679#0uw1dauuzsltaxttsqv1l42i;40334;1;0
Broadmoor.com-0073-2016Redesign;en-US;636408972605110689#ab0blzclyjgszgwf0ozu5pzb;16724;1;0
Broadmoor.com-0073-2016Redesign;en-US;636408972605266691#pznf2cx4f01vy2x0fkvxfz4m;16721;1;0
Hospitalityupgrade.com-0093-2016Redesign;en-US;636408972607606721#b3gz4jqnv4rvyuoutrhd1ihl;22790;1;0
Casaybelresort.com-0002-2014Redesign;en-US;636408972607918725#44ciezwczrbsxf1tpqykkllp;1533;1;0
Hospitalityupgrade.com-0093-2016Redesign;en-US;636408972609790749#svmufnmc4symlxrqktubxzin;26754;1;0
Cendyn.com-0095-2016Redesign;en-US;636408972610414757#53aqe04nd5rru5esj2ds5lj3;26640;1;0
Cendyn.com-0095-2016Redesign;en-US;636408972610414757#lqni31ifsixpsb3rglmlvtxq;26640;1;0
Cendyn.com-0095-2016Redesign;en-US;636408972610414757#4vtpk0iwunlmxx0xf4daatwa;26640;1;0
Passport.lehotels.com-0069-2016BlogRedesign;en-US;636408972610414757#ea01tsuahrr2aawi1ebogzh4;41068;1;0
Hospitalityupgrade.com-0093-2016Redesign;en-US;636408972610414757#5jijbxbp4dcev35k1igg5m2j;25405;1;0
Cendyn.com-0095-2016Redesign;en-US;636408972610726761#b202zn0jkyf5rn0tsh2yknd0;26640;1;0
Longboatkeyclub.com-0104-2017Redesign;en-US;636408972611662773#qnieoyzv1vblwq1e1n33dcl2;29749;1;0
Longboatkeyclub.com-0104-2017Redesign;en-US;636408972612286781#3ztsrv5odltd4xwj1hhfvged;28316;1;0
Broadmoor.com-0073-2016Redesign;en-US;636408972612598785#fbxqmz14fprzsopn0gxt2kdh;18259;1;0
Thesagamore.com-0112-2017Redesign;en-US;636408972616810839#gztucebo3lcyiwh4vbfl5kdb;32339;1;0
Longboatkeyclub.com-0104-2017Redesign;en-US;636408972618526861#3ztsrv5odltd4xwj1hhfvged;28316;1;0
Thesagamore.com-0112-2017Redesign;en-US;636408972620710889#gztucebo3lcyiwh4vbfl5kdb;32339;1;0
Cphollywoodbeach.com-0032-2015Redesign;en-US;636408972621022893#miueurv5pbjr13o21ixb1axp;7831;1;0
Napavalleymarriott.com-0071-2016Redesign;en-US;636408972621178895#myirj53ggc1g5rpyt4no4b4l;16432;1;0
Lidobeachresort.com-0106-2017Redesign;en-US;636408972621334897#wdhb4fm3tmt1tpa5hhyjrddj;38053;1;0
Thesagamore.com-0112-2017Redesign;en-US;636408972621334897#2lpawzguoyblywf3ynhha0py;39241;1;0
Longboatkeyclub.com-0104-2017Redesign;en-US;636408972621334897#ejbzgyifn021yav4errtdgo4;38054;1;0
Galthouse.com-0042-2015Redesign;en-US;636408972621646901#lj0rxzzypqga1rp400eum0oz;31905;1;0
Galthouse.com-0042-2015Redesign;en-US;636408972623986931#w3bcvndruhm3qtk5f2jguvy4;10563;1;0
Opalsands.com-0084-2016Redesign;en-US;636408972625078945#c5ld1leiabcviraeqajsofar;21218;1;0
Broadmoor.com-0073-2016Redesign;en-US;636408972626326961#fsx4yqodj0leuck4ao5dvrhj;16731;1;0
Galthouse.com-0042-2015Redesign;en-US;636408972626638965#lj0rxzzypqga1rp400eum0oz;31905;1;0
Hospitalityupgrade.com-0093-2016Redesign;en-US;636408972627730979#zgxsz5ajugj0xu4vi4hx4tm1;36351;1;0
Cendyn.com-0095-2016Redesign;en-US;636408972631319025#v0gr2an5ypgyf032aqhv5jbv;26640;1;0
Broadmoor.com-0073-2016Redesign;en-US;636408972631319025#b5yvgtdjiwk1bkj0nxrbholx;38059;1;0
Broadmoor.com-0073-2016Redesign;en-US;636408972631943033#fsx4yqodj0leuck4ao5dvrhj;16731;1;0
Hospitalityupgrade.com-0093-2016Redesign;en-US;636408972637559105#gb0yrz3ch2t50mmu2lmh14hw;22790;1;0
Broadmoor.com-0073-2016Redesign;en-US;636408972638027111#d3bba2rhveet2czhwy1f53lj;16756;1;0
Thesagamore.com-0112-2017Redesign;en-US;636408972639119125#fuvdri3hprepizznszgzbfyf;32339;1;0
Thecurtis.com-0079-2016Redesign;en-US;636408972639275127#cljhzp1lr0snm4tnchlyrkrm;18823;1;0
Delraysandsresort.com-0097-2016Redesign;en-US;636408972640835147#i50bql0fqn1kg13r4dcspuia;38049;1;0
Sandpearl.com-0091-2016Redesign;en-US;636408972641303153#sbjmm31nmc2w355voqceixtp;38056;1;0
Jupiterbeachresort.com-0103-2017Redesign;en-US;636408972641615157#sl2u4ia5jllew5wd2eqjdjc3;28177;1;0
Thecurtis.com-0079-2016Redesign;en-US;636408972653003303#10loxvckgbsjilf5in22gsd2;17981;1;0
Assuranceoperations.com-0065-2015Redesign;en-US;636408972653003303#vfnnbgnjmakogomedc5l5gjt;15263;1;0
Homewoodsuiteslax.com-0110-2017Redesign;en-US;636408972653003303#xuzcuxsv10bmcdusgm2rlqs2;30747;1;0
Meateatery.com-0080-2016Redesign;en-US;636408972653003303#bfupf05zqcunzrpgby5vycf1;18505;1;0
Oxfordclubspa.com-0068-2016Redesign;en-US;636408972653003303#n2xcufq10pgvuvj3o42pandc;15568;1;0
Hhotellosangeles.com-0118-2017Redesign;en-US;636408972653159305#qxcjmmidxax4jdbdylfienk3;35289;1;0
Bluebirch.com-0072-2016Redesign;en-US;636408972653159305#xjcrv4ggu5cjh5a2amm1pup5;16693;1;0
Texturefoodanddrink.com-0067-2016Redesign;en-US;636408972653315307#3ygtgszipdrrzv3byexgke2r;15452;1;0
Jbdukehotel.com-0086-2016Redesign;en-US;636408972653315307#0txog0jej3jlzs5zfo1jpvpp;21918;1;0
Chrco.com-0107-2017Redesign;en-US;636408972653315307#iavoxkvschtcqg4arkxr3q0c;29280;1;0
Thecrawfordhotel.com-0074-2016Redesign;en-US;636408972653315307#nfzejvx5acciasdgntlgk4py;17145;1;0
Halcyonhotelcherrycreek.com-0061-2015Redesign;en-US;636408972653315307#conmyatiivf5qlqcweuycifb;22121;1;0
Beverlyhillsresidenceinn.com-0087-2016Redesign;en-US;636408972653471309#lfi2ct0nuucwk4pgf1wxemcm;20999;1;0
Treasureislandbeachresort.com-0089-2016Redesign;en-US;636408972653471309#rcb25uztnim1xhnx0pixawpt;38057;1;0
Edgewaternaples.com-0094-2016Redesign;en-US;636408972653471309#hty5l30zngpywdcml0uigm0b;38051;1;0
Theoxfordhotel.com-0062-2015Redesign;en-US;636408972653627311#n3sziscaqf42cqs2j4bky2pw;14325;1;0
Luxehotels.com-0078-2016Redesign;en-US;636408972653627311#rp2q1doqxb23fyidkrc0nc1m;18805;1;0
Galthouse.com-0042-2015Redesign;en-US;636408972653627311#uhntaj1sediijlxpeuy23ul2;38060;1;0
Degreerestaurant.com-0056-2015Redesign;en-US;636408972653627311#uq5s5grxsup0phe5haczrp02;11598;1;0
Lakeplacidlodge.com-0105-2017Redesign;en-US;636408972653627311#0y0lbmlgcqz3i4vkf5emnojg;39238;1;0
Zotabeachresort.com-0090-2016Redesign;en-US;636408972653627311#230f1d54bd00edpoo4adm1ep;38058;1;0
Opalsands.com-0084-2016Redesign;en-US;636408972653783313#k10wsh2x3flxnfjqorfdsrqz;38055;1;0
Sandylane.com-0075-2016Redesign;en-US;636408972653783313#sbdx4qeoz15o5ljzjm2p4nlp;17611;1;0
Theharborsidehotel.com-0114-2017Redesign;en-US;636408972653939315#cg0x4212b1u2mzoj2lij4cgn;40403;1;0
Washingtoncourthotel.com-0076-2016Redesign;en-US;636408972653939315#esd0o4ge45yhtqzx5oomorz4;17858;1;0
Abbingtonbanquets.com-0070-2016Redesign;en-US;636408972653939315#3uzmdfopyvnktueupq5gav2k;15789;1;0
Samosetresort.com-0113-2017Redesign;en-US;636408972653939315#yjpi1hrt4rwurohmm305x45g;40334;1;0
Glencovemansion.com-0058-2015Redesign;en-US;636408972654095317#k1401w3bjt13dc4x0acywrlo;13328;1;0
Naiaresortandspa.com-0077-2016Redesign;en-US;636408972654095317#pmxsuxo1wbsfzucvuap2cfx1;20455;1;0
Bocatrans.com-0082-2016Redesign;en-US;636408972654095317#zwa2wcn0w5if0edhisvxhdcn;19758;1;0
Lehotels.com-0049-2015Transfer;en-US;636408972654095317#44aypslqimopxqwfnzlehbv1;12108;1;0
Jupiterbeachresort.com-0103-2017Redesign;en-US;636408972654251319#nsbozrk2xej3edyucfuyn2tm;38052;1;0
Broadmoor.com-0073-2016Redesign;en-US;636408972654251319#ab0blzclyjgszgwf0ozu5pzb;16793;1;0
Treasureislandbeachresort.com-0089-2016Redesign;en-US;636408972660023393#t523z51eplgevbasnyy2qtdb;22852;1;0
Cendyn.com-0095-2016Redesign;en-US;636408972660491399#1ttcdj5u44etugcm4bm03uda;26640;1;0
Cendyn.com-0095-2016Redesign;en-US;636408972660491399#cmmn2cs3z0qqi35owfju42k4;26640;1;0
Hospitalityupgrade.com-0093-2016Redesign;en-US;636408972660491399#3ck4c5gz5lhnztpsnysdlniz;25405;1;0
Cendyn.com-0095-2016Redesign;en-US;636408972660491399#ilu2mh0lkvzyyr2atvocqved;26640;1;0
Cendyn.com-0095-2016Redesign;en-US;636408972660491399#jlwsnhihzprtkclwj43idvyx;26640;1;0
Passport.lehotels.com-0069-2016BlogRedesign;en-US;636408972660491399#qmmuvpr0u0injuou02pb2x5x;41068;1;0
Hospitalityupgrade.com-0093-2016Redesign;en-US;636408972664703453#zgxsz5ajugj0xu4vi4hx4tm1;32674;1;0
Lehotels.com-0049-2015Transfer;en-US;636408972668135497#c1unevqtktbmfcdthg4i3v1t;12129;1;0
Longboatkeyclub.com-0104-2017Redesign;en-US;636408972669695517#3ztsrv5odltd4xwj1hhfvged;35641;1;0
Monarchbeachresort.com-0092-2016Redesign;en-US;636408972669851519#m0x1scybaujc0xqquzjkhuz1;23615;1;0
Thesagamore.com-0112-2017Redesign;en-US;636408972671255537#52mswc3q0te2ozlaxbgfzcp5;39241;1;0
Lidobeachresort.com-0106-2017Redesign;en-US;636408972671255537#0fmp4yrtc5onr1gu2m20pqpa;38053;1;0
Napavalleymarriott.com-0071-2016Redesign;en-US;636408972671411539#2cayz3z2wujex1bddoyhz5eo;16432;1;0
Thesagamore.com-0112-2017Redesign;en-US;636408972671567541#fuvdri3hprepizznszgzbfyf;32339;1;0
Longboatkeyclub.com-0104-2017Redesign;en-US;636408972671879545#3zejykcvveculxaybuxt2bek;38054;1;0
Hospitalityupgrade.com-0093-2016Redesign;en-US;636408972674999585#zgxsz5ajugj0xu4vi4hx4tm1;41771;1;0
Unionstationhotelnashville.com-0047-2015Redesign;en-US;636408972679523643#ogsigaw2skdkmjbtojmo2xs1;32226;1;0
Marriottkeylargo.com-0015-2014Redesign;en-US;636408972679991649#5emguvze2rzklw42yw3yhrby;4028;1;0
Edgewaternaples.com-0094-2016Redesign;en-US;636408972680615657#4usijuig3d2eebw2zrhezdt4;25239;1;0
Washingtoncourthotel.com-0076-2016Redesign;en-US;636408972681239665#owslrnn5kxb0i4im5meuc00s;17858;1;0
Cendyn.com-0095-2016Redesign;en-US;636408972681395667#cv0z2t5oyfawpobzv4tdp3xb;26640;1;0
Broadmoor.com-0073-2016Redesign;en-US;636408972681395667#t3ngjtg5ynqllew2jvimeont;38059;1;0
Lakeplacidlodge.com-0105-2017Redesign;en-US;636408972684203703#ktz0gsm23jqu12hseaff2coa;40790;1;0
Thecrawfordhotel.com-0074-2016Redesign;en-US;636408972684359705#kei0k0a3lerdnmgklezt1ow5;17145;1;0
Edgewaternaples.com-0094-2016Redesign;en-US;636408972688571759#4usijuig3d2eebw2zrhezdt4;25239;1;0
Unionstationhotelnashville.com-0047-2015Redesign;en-US;636408972688571759#ogsigaw2skdkmjbtojmo2xs1;32226;1;0
Delraysandsresort.com-0097-2016Redesign;en-US;636408972690911789#zuqvx141d1iduzpenbuvgnqq;38049;1;0
Sandpearl.com-0091-2016Redesign;en-US;636408972691379795#vcwwtbnxngd2xlszdix2k3ww;38056;1;0
Casaybelresort.com-0002-2014Redesign;en-US;636408972693095817#d5ebtiyoft2ahceoxnbeje3v;1613;1;0
Thesagamore.com-0112-2017Redesign;en-US;636408972695123843#pp2hgp1fy3xhjpqckmg1ucot;33448;1;0
Washingtondukeinn.com-0024-2014Redesign;en-US;636408972697775877#25ccszfhzef1qvh21qelsnik;4734;1;0
Hospitalityupgrade.com-0093-2016Redesign;en-US;636408972698243883#cqzywwq2wsuyei1e0akxj3ey;22790;1;0
Oxfordclubspa.com-0068-2016Redesign;en-US;636408972703079945#bhslykb5bnu3dchwdbc3p3li;15568;1;0
Hhotellosangeles.com-0118-2017Redesign;en-US;636408972703079945#x5ibuluvxlifwl14duj3sgzh;35289;1;0
Treasureislandbeachresort.com-0089-2016Redesign;en-US;636408972703079945#jaqzffysdqx5d2wpqtvho3od;38057;1;0
Samosetresort.com-0113-2017Redesign;en-US;636408972703235947#2ie255lr2bjbsk3wl0ul5dxk;40334;1;0
Texturefoodanddrink.com-0067-2016Redesign;en-US;636408972703391949#hyj2c1vnndd25wefokwkydzg;15452;1;0
Thecrawfordhotel.com-0074-2016Redesign;en-US;636408972703391949#dvmmb2pp4bw1rcejauqu1pv2;17145;1;0
Theharborsidehotel.com-0114-2017Redesign;en-US;636408972703391949#gbfj2yxsje4cbmfxfsho24lw;40403;1;0
Abbingtonbanquets.com-0070-2016Redesign;en-US;636408972703547951#12bkuajl5p0nd4sdijpc45ma;15789;1;0
Lakeplacidlodge.com-0105-2017Redesign;en-US;636408972703547951#xc0x0losms0stjfjisnzdmnh;39238;1;0
Opalsands.com-0084-2016Redesign;en-US;636408972703703953#jrvrlsca3qo45oce3y0k5gy1;38055;1;0
Meateatery.com-0080-2016Redesign;en-US;636408972703703953#30knaaaoox5dnv4fqhkjlmes;18505;1;0
Thecurtis.com-0079-2016Redesign;en-US;636408972703703953#fn4vjqh5psxhjks4k35nlv4x;17981;1;0
Washingtoncourthotel.com-0076-2016Redesign;en-US;636408972703703953#t1aip1hyqkp5hai33tthqup1;17858;1;0
Galthouse.com-0042-2015Redesign;en-US;636408972703859955#r1xiceabxdskgkmuxqi0gds4;38060;1;0
Bluebirch.com-0072-2016Redesign;en-US;636408972704483963#r4cwhkmaqkzap2y4la2glfbt;16693;1;0
Beverlyhillsresidenceinn.com-0087-2016Redesign;en-US;636408972704483963#4am1hcionmt1oh2f5mu3wldq;20999;1;0
Halcyonhotelcherrycreek.com-0061-2015Redesign;en-US;636408972704639965#4jrdkgpkmkozweh3e55fn33d;22121;1;0
Naiaresortandspa.com-0077-2016Redesign;en-US;636408972704639965#j3a51rgmw2tuohwleef2ej2m;20455;1;0
Sandylane.com-0075-2016Redesign;en-US;636408972704639965#uvdshbfwosipdg5wicd1ekny;17611;1;0
Zotabeachresort.com-0090-2016Redesign;en-US;636408972704639965#exazykielxjl1ztiafoxli3e;38058;1;0
Jupiterbeachresort.com-0103-2017Redesign;en-US;636408972704639965#auidg2nbfre1ul4pyomtpin4;38052;1;0
Bocatrans.com-0082-2016Redesign;en-US;636408972704639965#ajouug5hqbih2bnjs2beku4b;19758;1;0
Degreerestaurant.com-0056-2015Redesign;en-US;636408972704795967#gshwozy5431uaun2cix3dh3p;11598;1;0
Theoxfordhotel.com-0062-2015Redesign;en-US;636408972704795967#zxaucjtmyf0u5fgloria1njr;14325;1;0
Assuranceoperations.com-0065-2015Redesign;en-US;636408972704795967#qzppt5p3iyb1wwn2o5mtdwmf;15263;1;0
Homewoodsuiteslax.com-0110-2017Redesign;en-US;636408972704795967#pudehofext0n13blrlrvrfmh;30747;1;0
Luxehotels.com-0078-2016Redesign;en-US;636408972704795967#ehbhhfncstozystojzqvopq3;18805;1;0
Edgewaternaples.com-0094-2016Redesign;en-US;636408972704795967#tze3oekhwuw35y0tnh225wh5;38051;1;0
Glencovemansion.com-0058-2015Redesign;en-US;636408972704795967#2vhnealll4wt2j0z1uxg5otj;13328;1;0
Chrco.com-0107-2017Redesign;en-US;636408972704951969#ry4dmlumabnvlzolkw4gzf4b;29280;1;0
Jbdukehotel.com-0086-2016Redesign;en-US;636408972704951969#nozid1l3jsivrhakwk53kfks;21918;1;0
Sandpearl.com-0091-2016Redesign;en-US;636408972705107971#0p1ahug25v5l2cyjlfshr3nj;22530;1;0
Opalsands.com-0084-2016Redesign;en-US;636408972709008021#ftm1mi5vbyyh42hlsc3yikwp;20171;1;0
Cendyn.com-0095-2016Redesign;en-US;636408972710412039#sbdfvkqhssfftneowbnin5gq;26640;1;0
Cendyn.com-0095-2016Redesign;en-US;636408972710412039#xj4c4o0zw5f5ill2gyt4dfxd;26640;1;0
Cendyn.com-0095-2016Redesign;en-US;636408972710412039#jibhh0pdyhage1sxdaabk2bp;26640;1;0
Cendyn.com-0095-2016Redesign;en-US;636408972710412039#tl0shfnhepjzag3g3fyrp4rp;26640;1;0
Passport.lehotels.com-0069-2016BlogRedesign;en-US;636408972710412039#vhe2cxdml04gn0u3osi1kith;41068;1;0
Hospitalityupgrade.com-0093-2016Redesign;en-US;636408972710412039#2iffvtenysousuokfnomjwwp;25405;1;0
Galthouse.com-0042-2015Redesign;en-US;636408972712596067#tvdxkvt5bbimoyeavgrv51le;10558;1;0
Broadmoor.com-0073-2016Redesign;en-US;636408972719616157#fsaqk2yzkdbpa2bry25wz2ic;16721;1;0
Thesagamore.com-0112-2017Redesign;en-US;636408972721332179#wcdbv2jpbuv1ok3ziorkrq21;39241;1;0
Lidobeachresort.com-0106-2017Redesign;en-US;636408972721332179#citag3blh2jkvtxd53wy3jqf;38053;1;0
Napavalleymarriott.com-0071-2016Redesign;en-US;636408972721332179#oy0s042vzdnbmh4mr2is1xbd;16432;1;0
Longboatkeyclub.com-0104-2017Redesign;en-US;636408972722112189#glb5xihn1ru3rzo103j4fzg4;38054;1;0
Broadmoor.com-0073-2016Redesign;en-US;636408972722892199#fsaqk2yzkdbpa2bry25wz2ic;16721;1;0
Cendyn.com-0095-2016Redesign;en-US;636408972725700235#z1wkuqwjdsk3a5azlx4prtau;26640;1;0
Galthouse.com-0042-2015Redesign;en-US;636408972728664273#de3s4usjum0rnqfuw3rq00me;31905;1;0
Cendyn.com-0095-2016Redesign;en-US;636408972731316307#3miqooz35l3wovcaswpfrt1a;26640;1;0
Broadmoor.com-0073-2016Redesign;en-US;636408972731316307#aiyckrkwtvitmahhi2xtouud;38059;1;0
Unionstationhotelnashville.com-0047-2015Redesign;en-US;636408972732720325#ogsigaw2skdkmjbtojmo2xs1;41675;1;0
Cendyn.com-0095-2016Redesign;en-US;636408972732876327#t5iyrf4o3w1f4vdvvixrpa0o;27863;1;0
Galthouse.com-0042-2015Redesign;en-US;636408972735528361#de3s4usjum0rnqfuw3rq00me;31905;1;0
Galthouse.com-0042-2015Redesign;en-US;636408972737556387#de3s4usjum0rnqfuw3rq00me;31905;1;0
Cendyn.com-0095-2016Redesign;en-US;636408972738024393#z1wkuqwjdsk3a5azlx4prtau;26640;1;0
Delraysandsresort.com-0097-2016Redesign;en-US;636408972740988431#ikiky3ppwurdwlw1bxjkafe5;38049;1;0
Sandpearl.com-0091-2016Redesign;en-US;636408972741456437#vjhduxeazzi1gjkknh4mhm5a;38056;1;0
Thesagamore.com-0112-2017Redesign;en-US;636408972742080445#zgc4ocg0r11ckjgjk3yh1d1a;32339;1;0
Hi-nyc.com-0108-2017Redesogm;en-US;636408972745200485#xsflcjlo5t0rksphhk1lhqrr;30080;1;0
Thesagamore.com-0112-2017Redesign;en-US;636408972745668491#1lxslmhchmsxzbsxbgpjtod5;32358;1;0
Galthouse.com-0042-2015Redesign;en-US;636408972745980495#wezs0oey3tntxbewktcvejlr;10562;1;0
Thesagamore.com-0112-2017Redesign;en-US;636408972747228511#zgc4ocg0r11ckjgjk3yh1d1a;32339;1;0
Oxfordclubspa.com-0068-2016Redesign;en-US;636408972748788531#hm5tqrkdgrfyydyy3f1qck1l;15568;1;0
Broadmoor.com-0073-2016Redesign;en-US;636408972752376577#5zww1zboaqjwn3bezrcizdro;16724;1;0
Texturefoodanddrink.com-0067-2016Redesign;en-US;636408972753000585#1p4ejptxqis1eujykrxrr1fi;15452;1;0
Hhotellosangeles.com-0118-2017Redesign;en-US;636408972753000585#eat15kkinlwkc04h12rbshos;35289;1;0
Abbingtonbanquets.com-0070-2016Redesign;en-US;636408972753000585#5ncvsml1u4ydctqggtw54amt;15789;1;0
Thecurtis.com-0079-2016Redesign;en-US;636408972753000585#jcrcrk3dqt4qydydq4ilwlaw;17981;1;0
Treasureislandbeachresort.com-0089-2016Redesign;en-US;636408972753156587#4zr2xhthiebguae5tudsswj4;38057;1;0
Thecrawfordhotel.com-0074-2016Redesign;en-US;636408972753156587#osmkwc5qvnagtcgmz3n4uspt;17145;1;0
Washingtoncourthotel.com-0076-2016Redesign;en-US;636408972753156587#md51niae3cdhsxvec5nohlu1;17858;1;0
Oxfordclubspa.com-0068-2016Redesign;en-US;636408972753156587#ptr4s2f1mteot3qxzbemy5fd;15568;1;0
Thecurtis.com-0079-2016Redesign;en-US;636408972753156587#cljhzp1lr0snm4tnchlyrkrm;18015;1;0
Bluebirch.com-0072-2016Redesign;en-US;636408972753156587#fwbuls3qtdzd31soksh02yaw;16693;1;0
Meateatery.com-0080-2016Redesign;en-US;636408972753312589#lo0zmakkpm0wososdmyxoauv;18505;1;0
Lakeplacidlodge.com-0105-2017Redesign;en-US;636408972753312589#lbjw0zf5erblthzd0h1a33z4;39238;1;0
Samosetresort.com-0113-2017Redesign;en-US;636408972753312589#zmrmt2u3trrjyilyqzhz3yie;40334;1;0
Glencovemansion.com-0058-2015Redesign;en-US;636408972753312589#yoyiqwrydqrmprimy1a3ffr2;13328;1;0
Degreerestaurant.com-0056-2015Redesign;en-US;636408972753312589#qrnym0bc5nb5px2vqcntjeeo;11598;1;0
Theharborsidehotel.com-0114-2017Redesign;en-US;636408972753312589#bw0dnqofdlqwbblme4bbsms4;40403;1;0
Theoxfordhotel.com-0062-2015Redesign;en-US;636408972753312589#xl31rjywedggtjvwkc2r3vyi;14325;1;0
Homewoodsuiteslax.com-0110-2017Redesign;en-US;636408972753468591#02ngljtgnrvn2qkp0ki4ld3c;30747;1;0
Chrco.com-0107-2017Redesign;en-US;636408972753468591#fdjngf33mu4djeepcz4tp23a;29280;1;0
Jupiterbeachresort.com-0103-2017Redesign;en-US;636408972753468591#fln505qgxycpzyfvjxcmxg4w;38052;1;0
Bocatrans.com-0082-2016Redesign;en-US;636408972753468591#oj3nasnj2otmsf52yyz4te10;19758;1;0
Galthouse.com-0042-2015Redesign;en-US;636408972753468591#mdve5bcya3n1mfrdphdldan2;38060;1;0
Sandylane.com-0075-2016Redesign;en-US;636408972753468591#ys0fmfl1yurwh4xrpitjnaec;17611;1;0
Luxehotels.com-0078-2016Redesign;en-US;636408972753468591#z0hhpdaahgailvmzxmkf30le;18805;1;0
Edgewaternaples.com-0094-2016Redesign;en-US;636408972753624593#5df1wkqfugog2fxqu0ct5qgc;38051;1;0
Halcyonhotelcherrycreek.com-0061-2015Redesign;en-US;636408972753624593#ol1mfrmt1e4p4rabvyo4jfrg;22121;1;0
Jbdukehotel.com-0086-2016Redesign;en-US;636408972753624593#zgdobrry32agw2o3we4dtyv3;21918;1;0
Zotabeachresort.com-0090-2016Redesign;en-US;636408972753624593#ojnn0zbtelxrlsjjqir52ses;38058;1;0
Assuranceoperations.com-0065-2015Redesign;en-US;636408972753624593#qdkhg0vlnmryvftdmq0bxx1z;15263;1;0
Naiaresortandspa.com-0077-2016Redesign;en-US;636408972753624593#xlwhqm2p5yisehosvmpjnwc3;20455;1;0
Casaybelresort.com-0002-2014Redesign;en-US;636408972753624593#ay1qcofgnh3jili2i42x05xy;1602;1;0
Beverlyhillsresidenceinn.com-0087-2016Redesign;en-US;636408972753624593#ezwq1sly4lovwmu422jcm5b2;20999;1;0
Opalsands.com-0084-2016Redesign;en-US;636408972753936597#zlqujxl1ar5smpwubvuigiex;38055;1;0
Oxfordclubspa.com-0068-2016Redesign;en-US;636408972758460655#hm5tqrkdgrfyydyy3f1qck1l;15568;1;0
Oxfordclubspa.com-0068-2016Redesign;en-US;636408972758928661#hm5tqrkdgrfyydyy3f1qck1l;15568;1;0
Casaybelresort.com-0002-2014Redesign;en-US;636408972759708671#scxtykm3nmzku4r4byvn2yzl;1533;1;0
Cendyn.com-0095-2016Redesign;en-US;636408972760332679#3ma30nlq5ne2nqycworgne5l;26640;1;0
Cendyn.com-0095-2016Redesign;en-US;636408972760332679#haolgbbqmxcn021yfr5innf4;26640;1;0
Hospitalityupgrade.com-0093-2016Redesign;en-US;636408972760332679#ys4awktomhxdjqtcm4x5hidq;25405;1;0
Cendyn.com-0095-2016Redesign;en-US;636408972760332679#uyky5cjr3hbjj4tcgmoeifbk;26640;1;0
Passport.lehotels.com-0069-2016BlogRedesign;en-US;636408972760488681#ciwvzsscb3j31bq4yflnm1aj;41068;1;0
Cendyn.com-0095-2016Redesign;en-US;636408972760488681#ihcjmb5euxg5ywubmu1yixeg;26640;1;0
Casaybelresort.com-0002-2014Redesign;en-US;636408972761892699#ay1qcofgnh3jili2i42x05xy;1602;1;0
Oxfordclubspa.com-0068-2016Redesign;en-US;636408972762984713#hm5tqrkdgrfyydyy3f1qck1l;15568;1;0
Napavalleymarriott.com-0071-2016Redesign;en-US;636408972771408821#ktt0vobuyitj35zvs3kunmi5;16432;1;0
Thesagamore.com-0112-2017Redesign;en-US;636408972771564823#d1iks32xmf3xyopdyiifq3ze;39241;1;0
Longboatkeyclub.com-0104-2017Redesign;en-US;636408972771720825#cbti1spqm2ticgjetasmwujr;38054;1;0
Lidobeachresort.com-0106-2017Redesign;en-US;636408972771876827#y4cgtku1x10zfevqmwwfb5i1;38053;1;0
Oxfordclubspa.com-0068-2016Redesign;en-US;636408972773124843#hm5tqrkdgrfyydyy3f1qck1l;15568;1;0
Casaybelresort.com-0002-2014Redesign;en-US;636408972775152869#rnbi1p52x00dy0o0qnxehlqf;1601;1;0
Halcyonhotelcherrycreek.com-0061-2015Redesign;en-US;636408972777336897#2gv2xu5i0yva1b5bvip35rfd;22121;1;0
Thesagamore.com-0112-2017Redesign;en-US;636408972779208921#zgc4ocg0r11ckjgjk3yh1d1a;32339;1;0
Hospitalityupgrade.com-0093-2016Redesign;en-US;636408972780924943#ebxjfsqavjhpyqmearwdsk35;33165;1;0
Cendyn.com-0095-2016Redesign;en-US;636408972781392949#jd5k0djcygi25fmek2e4dlxd;26640;1;0
Broadmoor.com-0073-2016Redesign;en-US;636408972781392949#pdm1aj0y2ayfqoq0nozx1yjx;38059;1;0
Washingtoncourthotel.com-0076-2016Redesign;en-US;636408972786073009#rlxytrfenbymb2gfwevfvfts;17858;1;0
Broadmoor.com-0073-2016Redesign;en-US;636408972786853019#fsx4yqodj0leuck4ao5dvrhj;16755;1;0
Sandpearl.com-0091-2016Redesign;en-US;636408972789661055#solr43uu4cf5e3h0gldcdav0;22481;1;0
Delraysandsresort.com-0097-2016Redesign;en-US;636408972790909071#ecsetmxumgansaivydy3eyrc;38049;1;0
Sandpearl.com-0091-2016Redesign;en-US;636408972791533079#axi2jgjjcgcg0zz4cnc4xgqt;38056;1;0
Monarchbeachresort.com-0092-2016Redesign;en-US;636408972795121125#ogbcjnodvt4mfnkjytithgu2;22725;1;0
theweststreethotel.com-0115-2017Redesign;en-US;636408972798241165#n00geeov54fbqr4z0ore0r5u;36683;1;0
Lehotels.com-0049-2015Transfer;en-US;636408972798709171#c1unevqtktbmfcdthg4i3v1t;12129;1;0
Longboatkeyclub.com-0104-2017Redesign;en-US;636408972801049201#ti0bkhw14jqq1uyjv4w452ar;28317;1;0
Texturefoodanddrink.com-0067-2016Redesign;en-US;636408972803077227#jqmjbopqi2vnhlc203uauit4;15452;1;0
Hhotellosangeles.com-0118-2017Redesign;en-US;636408972803233229#bewyhtlgxov1bwcvbzir1we2;35289;1;0
Naiaresortandspa.com-0077-2016Redesign;en-US;636408972803389231#0cbcnoobdnuzlnmklgqt01mw;20455;1;0
Abbingtonbanquets.com-0070-2016Redesign;en-US;636408972803389231#o1zr0uvmql2f0fkupjpse23g;15789;1;0
Meateatery.com-0080-2016Redesign;en-US;636408972803389231#d14awzw4fnrdxbem3x31m2af;18505;1;0
Treasureislandbeachresort.com-0089-2016Redesign;en-US;636408972803389231#jjseljxqjpynkbh2phn5kkkr;38057;1;0
Lakeplacidlodge.com-0105-2017Redesign;en-US;636408972803545233#ifvyub1dto452c3vvj4po0ns;39238;1;0
Jbdukehotel.com-0086-2016Redesign;en-US;636408972803545233#m3qsmi0zxrj5xunio2013szo;21918;1;0
Chrco.com-0107-2017Redesign;en-US;636408972803545233#ewfkeqxmfy2ddliiwlobpd3i;29280;1;0
Luxehotels.com-0078-2016Redesign;en-US;636408972803701235#mr03yakt0v2shlxcrggmyemw;18805;1;0
Jupiterbeachresort.com-0103-2017Redesign;en-US;636408972803857237#vjznzalk1picp3tsjl4xwhjd;38052;1;0
Zotabeachresort.com-0090-2016Redesign;en-US;636408972803857237#i3bgwlp2ivwosgfrghhkzg0g;38058;1;0
Edgewaternaples.com-0094-2016Redesign;en-US;636408972804013239#crlf3f4tpcxeugspioey3vb0;38051;1;0
Theharborsidehotel.com-0114-2017Redesign;en-US;636408972804169241#wgszjyahxqqqnh0cea1fwog3;40403;1;0
Bocatrans.com-0082-2016Redesign;en-US;636408972804169241#j2s3pvu2jmsyodmminliwjju;19758;1;0
Theoxfordhotel.com-0062-2015Redesign;en-US;636408972804325243#isgtdkz0k2lkn44ars1igeol;14325;1;0
Homewoodsuiteslax.com-0110-2017Redesign;en-US;636408972804325243#olbyllbgbev0t5vkwgwansrf;30747;1;0
Halcyonhotelcherrycreek.com-0061-2015Redesign;en-US;636408972804325243#zmnvwsuhfdzvdiwhr0ucvlq1;22121;1;0
Sandylane.com-0075-2016Redesign;en-US;636408972804481245#dk2enrocc1ftdy5yshq3q4ta;17611;1;0
Assuranceoperations.com-0065-2015Redesign;en-US;636408972804481245#mjkgkbofpqmqadw2i3uhjcie;15263;1;0
Galthouse.com-0042-2015Redesign;en-US;636408972804481245#l5g2ep0yyal2zgz1awlidlt1;38060;1;0
Oxfordclubspa.com-0068-2016Redesign;en-US;636408972804637247#dupxprusimyynrlonlyq0yjy;15568;1;0
Opalsands.com-0084-2016Redesign;en-US;636408972804637247#lqaxspyjjkht3xh4nn13vrfp;38055;1;0
Washingtoncourthotel.com-0076-2016Redesign;en-US;636408972804793249#owrd4ynlqjropt4zic0ojz11;17858;1;0
Bluebirch.com-0072-2016Redesign;en-US;636408972804793249#oa2m0j3tu5ag1a1sg5ustxj2;16693;1;0
Glencovemansion.com-0058-2015Redesign;en-US;636408972804793249#iu50sufv345beiscggg4nedr;13328;1;0
Degreerestaurant.com-0056-2015Redesign;en-US;636408972804793249#w24s1tdusoqf51asl11jokj5;11598;1;0
Samosetresort.com-0113-2017Redesign;en-US;636408972804949251#eoaheu41xj4txz24it04x3qq;40334;1;0
Beverlyhillsresidenceinn.com-0087-2016Redesign;en-US;636408972804949251#b3uvbhpxriph4wq4a2eeiwil;20999;1;0
Thecurtis.com-0079-2016Redesign;en-US;636408972805105253#rrpe5sckkj5w5r2vpgve2upn;17981;1;0
Thecrawfordhotel.com-0074-2016Redesign;en-US;636408972805105253#pdrjzn2luyvxuykvspktjouv;17145;1;0
Thelodgeatwoodloch.com-0033-2015Redesign;en-US;636408972807133279#oo2pi0al3uf13d1rzyycovjo;8390;1;0
Galthouse.com-0042-2015Redesign;en-US;636408972808693299#x0mcqn2dlghbzlsxjklkpe0u;10558;1;0
Cendyn.com-0095-2016Redesign;en-US;636408972810409321#kwyqjcd4sgpcsgpgtx3h3wq2;26640;1;0
Cendyn.com-0095-2016Redesign;en-US;636408972810409321#ys5prh2t4qbq3zepo3zti4r2;26640;1;0
Hospitalityupgrade.com-0093-2016Redesign;en-US;636408972810409321#eb0qpjnvldmu14ofwt5dcybc;25405;1;0
Passport.lehotels.com-0069-2016BlogRedesign;en-US;636408972810409321#3wntzc23vvnueukpdbgyx04z;41068;1;0
Cendyn.com-0095-2016Redesign;en-US;636408972810409321#uq2qxsb2vc4do0zlbedcdcqw;26640;1;0
Cendyn.com-0095-2016Redesign;en-US;636408972810409321#p4rpbb0yp5gzrt2i14di0u5b;26640;1;0
Thelodgeatwoodloch.com-0033-2015Redesign;en-US;636408972814153369#bdw00tl5ezttlcwb5vgnrphg;7764;1;0
Assuranceoperations.com-0065-2015Redesign;en-US;636408972816181395#sfhietwpfblxsyidkj0xgeq5;15263;1;0
Thecrawfordhotel.com-0074-2016Redesign;en-US;636408972818521425#kei0k0a3lerdnmgklezt1ow5;17158;1;0
Cphollywoodbeach.com-0032-2015Redesign;en-US;636408972819457437#ujh4n41wh1lrlr5evl54v3a3;7805;1;0
Theoxfordhotel.com-0062-2015Redesign;en-US;636408972821017457#tzoo2xo1nw3oldahkr5hxr0p;14325;1;0
Napavalleymarriott.com-0071-2016Redesign;en-US;636408972821329461#idljwhy3eoes4y4rfzti3vzs;16432;1;0
Lidobeachresort.com-0106-2017Redesign;en-US;636408972821329461#ts0m5ete03jgigefuzhpkpr3;38053;1;0
Thesagamore.com-0112-2017Redesign;en-US;636408972821485463#dwsdn2ptgcixg3imb2udbxsh;39241;1;0
Longboatkeyclub.com-0104-2017Redesign;en-US;636408972821485463#4jxfekjb4pb4aw1djhcnnthi;38054;1;0
Theoxfordhotel.com-0062-2015Redesign;en-US;636408972824449501#tzoo2xo1nw3oldahkr5hxr0p;14325;1;0
Broadmoor.com-0073-2016Redesign;en-US;636408972824917507#g5ludeiupg1zygpsbgan4j13;16724;1;0
Theloganhotel.com-0043-2015Redesign;en-US;636408972826945533#nvkmelt3hjinlgp2r1abzkv2;20218;1;0
Cendyn.com-0095-2016Redesign;en-US;636408972831313589#x4s10k5ptyodnilrsixd5yqw;26640;1;0
Broadmoor.com-0073-2016Redesign;en-US;636408972831313589#fqoxo0sath22agvcugzw355i;38059;1;0
Thesagamore.com-0112-2017Redesign;en-US;636408972834277627#le3tiytidt1no5xi3if45gfe;32339;1;0
Sandpearl.com-0091-2016Redesign;en-US;636408972835681645#0o1go5rgzfnhwdpocaj1rg4z;22481;1;0
Sandpearl.com-0091-2016Redesign;en-US;636408972839893699#0o1go5rgzfnhwdpocaj1rg4z;22481;1;0
Longboatkeyclub.com-0104-2017Redesign;en-US;636408972839893699#ti0bkhw14jqq1uyjv4w452ar;28316;1;0
Broadmoor.com-0073-2016Redesign;en-US;636408972840517707#pamimtrrzcsa4rt5yrc2l5ne;16751;1;0
Delraysandsresort.com-0097-2016Redesign;en-US;636408972840829711#izcwgktxvvqb3m5zg1l2uqoj;38049;1;0
Broadmoor.com-0073-2016Redesign;en-US;636408972841141715#g5ludeiupg1zygpsbgan4j13;16724;1;0
Sandpearl.com-0091-2016Redesign;en-US;636408972841453719#itu3pzexbvxa5mr2rj2nod13;38056;1;0
Treasureislandbeachresort.com-0089-2016Redesign;en-US;636408972841765723#t523z51eplgevbasnyy2qtdb;22852;1;0
Cocokeyorlando.com-0059-2015Redesign;en-US;636408972845197767#tgmwsqj1h4gx5c123j0nlzln;12394;1;0
Thesagamore.com-0112-2017Redesign;en-US;636408972846133779#yw1q1zefqcwngyoiv05nifmu;32351;1;0
Longboatkeyclub.com-0104-2017Redesign;en-US;636408972847069791#ti0bkhw14jqq1uyjv4w452ar;35641;1;0
Galthouse.com-0042-2015Redesign;en-US;636408972847381795#xznojncqqkperjdby5kqe5vq;31905;1;0
Broadmoor.com-0073-2016Redesign;en-US;636408972850501835#fsx4yqodj0leuck4ao5dvrhj;16728;1;0
Jbdukehotel.com-0086-2016Redesign;en-US;636408972852997867#hi3cnyvh54puwkfnc2rjpyd4;21918;1;0
Texturefoodanddrink.com-0067-2016Redesign;en-US;636408972853153869#0in3ktxilzugowlyqpk5lf1d;15452;1;0
Samosetresort.com-0113-2017Redesign;en-US;636408972853153869#f3bt4pcb0kn0tc0pdfrvwv20;40334;1;0
Meateatery.com-0080-2016Redesign;en-US;636408972853309871#10fqnpv01nyl2bearbqfbj5t;18505;1;0
Halcyonhotelcherrycreek.com-0061-2015Redesign;en-US;636408972853309871#pl0tocbmfrgxjw3mtmyh3wit;22121;1;0
Thecurtis.com-0079-2016Redesign;en-US;636408972853309871#aes2uqo3p0px0jvyfwqn0odo;17981;1;0
Oxfordclubspa.com-0068-2016Redesign;en-US;636408972853309871#bijklnjhbutxala0rorr1owe;15568;1;0
Sandylane.com-0075-2016Redesign;en-US;636408972853309871#1nzey4ruym5lbbsah3whewye;17611;1;0
Galthouse.com-0042-2015Redesign;en-US;636408972853465873#gcxfdtqp3eijdvw1wjj40dpd;38060;1;0
Theoxfordhotel.com-0062-2015Redesign;en-US;636408972853621875#wix0qltvzqujuxoxn043s4cc;14325;1;0
Washingtoncourthotel.com-0076-2016Redesign;en-US;636408972853621875#cid1oe4offqq2uyfi2x15p35;17858;1;0
Luxehotels.com-0078-2016Redesign;en-US;636408972853621875#wkcbmakbyh4tswylpjk5tgoo;18805;1;0
Bocatrans.com-0082-2016Redesign;en-US;636408972853621875#nfpgisaaw225kuy0t5wddrca;19758;1;0
Lakeplacidlodge.com-0105-2017Redesign;en-US;636408972853777877#escuvaynqfk2c1jruk2j0125;39238;1;0
Naiaresortandspa.com-0077-2016Redesign;en-US;636408972853777877#yzstyuvynmf1bwf5rxhjyxif;20455;1;0
Opalsands.com-0084-2016Redesign;en-US;636408972853777877#vtguint2ocv2lxwl0tkhgsbq;38055;1;0
Theharborsidehotel.com-0114-2017Redesign;en-US;636408972853777877#4xcrqbbfvpfxxusu2icoewtz;40403;1;0
Hhotellosangeles.com-0118-2017Redesign;en-US;636408972853777877#300svdtqgjrqrrvzc1uyx3lm;35289;1;0
Degreerestaurant.com-0056-2015Redesign;en-US;636408972853933879#qnyuqkiaxxdea0aznggilh2e;11598;1;0
Homewoodsuiteslax.com-0110-2017Redesign;en-US;636408972853933879#a5yjo3axwx3rmgloh2vr1jwh;30747;1;0
Thecrawfordhotel.com-0074-2016Redesign;en-US;636408972853933879#a4ymggieovgge3cevy2hnt3y;17145;1;0
Edgewaternaples.com-0094-2016Redesign;en-US;636408972853933879#veeeq2r3w2v0vhpkbzizk2ai;38051;1;0
Chrco.com-0107-2017Redesign;en-US;636408972854089881#0fa0n5ud0cv4dp5bpzwkanfy;29280;1;0
Beverlyhillsresidenceinn.com-0087-2016Redesign;en-US;636408972854089881#ruesxmphh5kmvf0r0orszcgw;20999;1;0
Jupiterbeachresort.com-0103-2017Redesign;en-US;636408972854089881#vp0x34d5lcnreoojaxxjrpto;38052;1;0
Glencovemansion.com-0058-2015Redesign;en-US;636408972854089881#o5nsvp1sycbioiyplfcj2y0t;13328;1;0
Zotabeachresort.com-0090-2016Redesign;en-US;636408972854245883#mma24r2ormbnh1aekrzycyiz;38058;1;0
Abbingtonbanquets.com-0070-2016Redesign;en-US;636408972854245883#o1wq3awx2sxulzzr41noo0le;15789;1;0
Assuranceoperations.com-0065-2015Redesign;en-US;636408972854245883#blo1glfdm0cvp3g1lp5piqv0;15263;1;0
Treasureislandbeachresort.com-0089-2016Redesign;en-US;636408972854245883#akmkapvo0whm0s5mwjep1rtw;38057;1;0
Bluebirch.com-0072-2016Redesign;en-US;636408972854401885#wqldepg43v1ggqmenxyiajyf;16693;1;0
theweststreethotel.com-0115-2017Redesign;en-US;636408972854557887#n00geeov54fbqr4z0ore0r5u;36718;1;0
Miravalspamonarchbeach.com-0109-2017Redesign;en-US;636408972854713889#jrsh51hgf3fu1nkwvmvlvfru;31709;1;0
Washingtoncourthotel.com-0076-2016Redesign;en-US;636408972858301935#fxgf4cnpmfrh0bsfgkyx0tbh;17858;1;0
Cendyn.com-0095-2016Redesign;en-US;636408972860329961#alja03yb1trrt1k40bxerfyv;26640;1;0
Hospitalityupgrade.com-0093-2016Redesign;en-US;636408972860329961#2qzz24vcu3dw3xtmkewwy2hd;25405;1;0
Passport.lehotels.com-0069-2016BlogRedesign;en-US;636408972860329961#psysf5wkasobbm5bchh55hg2;41068;1;0
Cendyn.com-0095-2016Redesign;en-US;636408972860329961#3bf2waa4xhwitmhcy3zrkc5h;26640;1;0
Cendyn.com-0095-2016Redesign;en-US;636408972860485963#dkkb3eez1feoju5kozurzm5y;26640;1;0
Cendyn.com-0095-2016Redesign;en-US;636408972860485963#s01sm2athidwrb05v3nhtwan;26640;1;0
Thesagamore.com-0112-2017Redesign;en-US;636408972871874109#job34gnqp1agt02eei2g3ntd;39241;1;0
Longboatkeyclub.com-0104-2017Redesign;en-US;636408972871874109#wvpwpahnv3objda5414wcmvd;38054;1;0
Napavalleymarriott.com-0071-2016Redesign;en-US;636408972872030111#32jp1npry2y4ccckwrtwkuin;16432;1;0
Lidobeachresort.com-0106-2017Redesign;en-US;636408972872030111#ogllxmhxelzk4j3jykcmzhgw;38053;1;0
Monarchbeachresort.com-0092-2016Redesign;en-US;636408972873122125#poyvlhvobjgibvau4umrsms3;22725;1;0
Washingtoncourthotel.com-0076-2016Redesign;en-US;636408972877958187#owslrnn5kxb0i4im5meuc00s;17911;1;0
Broadmoor.com-0073-2016Redesign;en-US;636408972879830211#jm0b4jqomp2gv3tmsjan2wnz;16724;1;0
Hospitalityupgrade.com-0093-2016Redesign;en-US;636408972880142215#zgxsz5ajugj0xu4vi4hx4tm1;36351;1;0
Longboatkeyclub.com-0104-2017Redesign;en-US;636408972880610221#ti0bkhw14jqq1uyjv4w452ar;28317;1;0
Cendyn.com-0095-2016Redesign;en-US;636408972881390231#z1v0im1yceaz32h3xx4mmc2k;26640;1;0
Broadmoor.com-0073-2016Redesign;en-US;636408972881390231#5xooghcznvnehs2ahdgeqdlu;38059;1;0
Opalsands.com-0084-2016Redesign;en-US;636408972883730261#si2zpbfpfy2nznlhe0tprqfn;20171;1;0
saddlebrook.com-0011-2014Redesign;en-US;636408972884978277#gp1axk34k0ob4d3y31fkw2wy;3499;1;0
Broadmoor.com-0073-2016Redesign;en-US;636408972886070291#jm0b4jqomp2gv3tmsjan2wnz;16724;1;0
Casaybelresort.com-0002-2014Redesign;en-US;636408972887474309#rnbi1p52x00dy0o0qnxehlqf;1571;1;0
Delraysandsresort.com-0097-2016Redesign;en-US;636408972890906353#yoykrhaxqtd5vnt0drmbe4ur;38049;1;0
Sandpearl.com-0091-2016Redesign;en-US;636408972891530361#ifgcv3anhbe2kbuedmkpyljc;38056;1;0
Broadmoor.com-0073-2016Redesign;en-US;636408972893870391#kqnxbd0lve1mwe532paleoly;21231;1;0
Broadmoor.com-0073-2016Redesign;en-US;636408972897146433#pamimtrrzcsa4rt5yrc2l5ne;18782;1;0
Longboatkeyclub.com-0104-2017Redesign;en-US;636408972902294499#wuv2bk1aha4wa0zaohksiaem;28316;1;0
Meateatery.com-0080-2016Redesign;en-US;636408972903074509#x0pfrityijuo5wyuovnwgocl;18505;1;0
Sandylane.com-0075-2016Redesign;en-US;636408972903230511#ivsbjcgjeepuls2kbnkhc0os;17611;1;0
Thecrawfordhotel.com-0074-2016Redesign;en-US;636408972903386513#w1hxz04poesie1njmwweoly5;17145;1;0
Hhotellosangeles.com-0118-2017Redesign;en-US;636408972903386513#j1hmoon2yn0yjygokxjm45s2;35289;1;0
Halcyonhotelcherrycreek.com-0061-2015Redesign;en-US;636408972903386513#jcjs4sx5wwruvmqyskpiiviv;22121;1;0
Oxfordclubspa.com-0068-2016Redesign;en-US;636408972903386513#ty0bsxoshofvbaouzwut40em;15568;1;0
Washingtoncourthotel.com-0076-2016Redesign;en-US;636408972903542515#j5gwqm2vm0ubxindkw0evyye;17858;1;0
Abbingtonbanquets.com-0070-2016Redesign;en-US;636408972903542515#asdq35f4b1qzzwtly41yb0xl;15789;1;0
Assuranceoperations.com-0065-2015Redesign;en-US;636408972903698517#addorefm553wwa2ece3pkw3q;15263;1;0
Galthouse.com-0042-2015Redesign;en-US;636408972903698517#lqor3azyvcjtrioceljatgfb;38060;1;0
Glencovemansion.com-0058-2015Redesign;en-US;636408972903698517#lwqkdnykqbrjtua0nskm05bd;13328;1;0
Theoxfordhotel.com-0062-2015Redesign;en-US;636408972903854519#acfn4qj4vuwjsndbs41pgez2;14325;1;0
Bocatrans.com-0082-2016Redesign;en-US;636408972903854519#3fcw0ncpdho2dpryanbwcxwt;19758;1;0
Degreerestaurant.com-0056-2015Redesign;en-US;636408972903854519#5mca120f32g15hsrxqqeirkf;11598;1;0
Edgewaternaples.com-0094-2016Redesign;en-US;636408972903854519#ezj5hqn5b3naja2syf5pckct;38051;1;0
Luxehotels.com-0078-2016Redesign;en-US;636408972903854519#msnkcrbrakvg0ct2ywgiky2e;18805;1;0
Beverlyhillsresidenceinn.com-0087-2016Redesign;en-US;636408972903854519#jxfjeqwtyxqqa0qfvmxqwwa3;20999;1;0
Texturefoodanddrink.com-0067-2016Redesign;en-US;636408972904010521#ymmkowypsezm1pn3ymwfwuu3;15452;1;0
Bluebirch.com-0072-2016Redesign;en-US;636408972904010521#r2x4nizmwkfyfllsawekuy4i;16693;1;0
Theharborsidehotel.com-0114-2017Redesign;en-US;636408972904010521#x5ppnt4fmum3jymbsswjqfsi;40403;1;0
Jupiterbeachresort.com-0103-2017Redesign;en-US;636408972904010521#vkb1zrv4cqu2qnvzqacmygkt;38052;1;0
Chrco.com-0107-2017Redesign;en-US;636408972904166523#ehbppn5rzl5hwr20x50kdht2;29280;1;0
Lakeplacidlodge.com-0105-2017Redesign;en-US;636408972904166523#ezdiopv1twemepew5pakm0zo;39238;1;0
Treasureislandbeachresort.com-0089-2016Redesign;en-US;636408972904166523#yowpu1cwcimmglrrh1qdzkdf;38057;1;0
Opalsands.com-0084-2016Redesign;en-US;636408972904166523#nc1fxztg54ghw5wxxpu4mhsl;38055;1;0
Zotabeachresort.com-0090-2016Redesign;en-US;636408972904166523#4lv1up0wvvsfwr4i4soazhvs;38058;1;0
Jbdukehotel.com-0086-2016Redesign;en-US;636408972904166523#dfjp2n04jtaiygy52pfw3uzu;21918;1;0
Homewoodsuiteslax.com-0110-2017Redesign;en-US;636408972904322525#dqf1tkpbusf2dpt4a4z4b1ek;30747;1;0
Samosetresort.com-0113-2017Redesign;en-US;636408972904478527#gnezx1pt5klowqectufemczn;40334;1;0
Naiaresortandspa.com-0077-2016Redesign;en-US;636408972904478527#xbsdbi3jik4r21r2jmzjlk34;20455;1;0
Thecurtis.com-0079-2016Redesign;en-US;636408972904478527#bveewmnp1m0233txjpjuj5ys;17981;1;0
Hospitalityupgrade.com-0093-2016Redesign;en-US;636408972906350551#zgxsz5ajugj0xu4vi4hx4tm1;32674;1;0
Sandpearl.com-0091-2016Redesign;en-US;636408972907286563#af54mpu453zg2ang5j40wq3w;22481;1;0
Thesagamore.com-0112-2017Redesign;en-US;636408972907598567#gifg02pojjkqm3qatiy2epei;33357;1;0
Longboatkeyclub.com-0104-2017Redesign;en-US;636408972907754569#wuv2bk1aha4wa0zaohksiaem;28316;1;0
Sandpearl.com-0091-2016Redesign;en-US;636408972909314589#h1s5ewjbfsay2x0jtrkq3mdv;22481;1;0
Longboatkeyclub.com-0104-2017Redesign;en-US;636408972910250601#3ztsrv5odltd4xwj1hhfvged;41579;1;0
Hospitalityupgrade.com-0093-2016Redesign;en-US;636408972910406603#o5yhaxzgjpb2qhn5tzyahb0p;25405;1;0
Cendyn.com-0095-2016Redesign;en-US;636408972910406603#ga4bpxcw55j24ktneentj5qg;26640;1;0
Cendyn.com-0095-2016Redesign;en-US;636408972910406603#sfflkij5zzfyh2rmsgbevycg;26640;1;0
Passport.lehotels.com-0069-2016BlogRedesign;en-US;636408972910406603#k0fj2c3mch4i4p1dj50lnu1j;41068;1;0
Cendyn.com-0095-2016Redesign;en-US;636408972910406603#d5s3xtyuhm32ddbifayaaqcd;26640;1;0
Cendyn.com-0095-2016Redesign;en-US;636408972910874609#asn5rmk5vvroexuqkm1he55f;26640;1;0
Washingtoncourthotel.com-0076-2016Redesign;en-US;636408972914462655#5pn2khiuw005iqvl4n5bsszi;17858;1;0
Hospitalityupgrade.com-0093-2016Redesign;en-US;636408972918050701#rpvhe12vzrpi5nr222152hqp;22790;1;0
Theoxfordhotel.com-0062-2015Redesign;en-US;636408972918986713#3245wbes1zzq2fzom4onz5cx;14325;1;0
Lidobeachresort.com-0106-2017Redesign;en-US;636408972921794749#jhz35fpj4tqpxt2jjkeo3zly;38053;1;0
Thesagamore.com-0112-2017Redesign;en-US;636408972921950751#rqei4k4res2hziqujut2zvil;39241;1;0
Longboatkeyclub.com-0104-2017Redesign;en-US;636408972922262755#afckw3scgc4fhwqbm0xm40dz;38054;1;0
Napavalleymarriott.com-0071-2016Redesign;en-US;636408972922418757#wcztkq5yydqxfvm3oaik3bjp;16432;1;0
Casaybelresort.com-0002-2014Redesign;en-US;636408972925694799#13nb1s4dpvwm22ytoflrujmn;1732;1;0
theweststreethotel.com-0115-2017Redesign;en-US;636408972927098817#n00geeov54fbqr4z0ore0r5u;37718;1;0
Cendyn.com-0095-2016Redesign;en-US;636408972931466873#5ta02ijj12ne1q3sfpa21loo;26640;1;0
Broadmoor.com-0073-2016Redesign;en-US;636408972931466873#akgebk10i0jlqndsrucu14qd;38059;1;0
Thecurtis.com-0079-2016Redesign;en-US;636408972933182895#cljhzp1lr0snm4tnchlyrkrm;19185;1;0
Broadmoor.com-0073-2016Redesign;en-US;636408972933494899#xivih4qdzohlgx1jv1xqlha0;18259;1;0
Galthouse.com-0042-2015Redesign;en-US;636408972937082945#2gh2vwkrpxtel0s0rrihzbwu;10055;1;0
Delraysandsresort.com-0097-2016Redesign;en-US;636408972940826993#pog0y5in5dbcygwwl4dwhqax;38049;1;0
Sandpearl.com-0091-2016Redesign;en-US;636408972941451001#kkfqyo0ghskfeaprupfwod0m;38056;1;0
Thelodgeatwoodloch.com-0033-2015Redesign;en-US;636408972943791031#oo2pi0al3uf13d1rzyycovjo;7764;1;0
Delraysandsresort.com-0097-2016Redesign;en-US;636408972946755069#te033hla0aptxo4f2twigvdy;27232;1;0
Delraysandsresort.com-0097-2016Redesign;en-US;636408972950343115#te033hla0aptxo4f2twigvdy;27232;1;0
Meateatery.com-0080-2016Redesign;en-US;636408972952995149#qg4lszeh3txko1r4gxpgfusn;18505;1;0
Halcyonhotelcherrycreek.com-0061-2015Redesign;en-US;636408972952995149#e2y1qcj2aax22hdf4hde2o33;22121;1;0
Degreerestaurant.com-0056-2015Redesign;en-US;636408972953151151#ymqaxw0vobjiv12funjjxjjb;11598;1;0
Thecrawfordhotel.com-0074-2016Redesign;en-US;636408972953307153#g51i21a5g3zt0er5e4twsbkr;17145;1;0
Hhotellosangeles.com-0118-2017Redesign;en-US;636408972953307153#yis5syx41blqru1tun5khde0;35289;1;0
Sandylane.com-0075-2016Redesign;en-US;636408972953307153#3oxwmhvgoubahhknybpqz30b;17611;1;0
Bocatrans.com-0082-2016Redesign;en-US;636408972953307153#snodxnyt4sfmv3mnfxkgpeh1;19758;1;0
Abbingtonbanquets.com-0070-2016Redesign;en-US;636408972953463155#2tmarxzc3odwfh5ozcmg0it0;15789;1;0
Oxfordclubspa.com-0068-2016Redesign;en-US;636408972953463155#cbqwur50jw2whvnjil3oomhb;15568;1;0
Thecurtis.com-0079-2016Redesign;en-US;636408972953463155#kxkoyf3gbzblpfl140coeanf;17981;1;0
Treasureislandbeachresort.com-0089-2016Redesign;en-US;636408972953931161#a1lnpitj330rcowptdg43zr4;38057;1;0
Bluebirch.com-0072-2016Redesign;en-US;636408972953931161#qfambxzuf4socss3uv2gr5lr;16693;1;0
Edgewaternaples.com-0094-2016Redesign;en-US;636408972953931161#kuuareid2w2kjwzsm15ietmz;38051;1;0
Assuranceoperations.com-0065-2015Redesign;en-US;636408972953931161#ipwzpobxjaa02usqe2uqae2e;15263;1;0
Chrco.com-0107-2017Redesign;en-US;636408972954087163#xovwmtxd3gek4rr4sqjohyfd;29280;1;0
Luxehotels.com-0078-2016Redesign;en-US;636408972954087163#40wpvfn2gxh2frdwaivr3qyh;18805;1;0
Zotabeachresort.com-0090-2016Redesign;en-US;636408972954087163#43hgtzzurtkve00gv1jxmo0t;38058;1;0
Opalsands.com-0084-2016Redesign;en-US;636408972954087163#0tgv4uros5yuox4w34uh1dp2;38055;1;0
Jbdukehotel.com-0086-2016Redesign;en-US;636408972954087163#wsz5tuqb4ixtf1ueqds3utxg;21918;1;0
Theharborsidehotel.com-0114-2017Redesign;en-US;636408972954243165#oug0oeruuxsbmhczkyiffq4g;40403;1;0
Naiaresortandspa.com-0077-2016Redesign;en-US;636408972954243165#qwljmkirgzzwb0oafzwh42ld;20455;1;0
Washingtoncourthotel.com-0076-2016Redesign;en-US;636408972954243165#kya4cqn033yr0axgywcgsugb;17858;1;0
Homewoodsuiteslax.com-0110-2017Redesign;en-US;636408972954243165#c3juq5yuzrej35ktwkvxtyc4;30747;1;0
Glencovemansion.com-0058-2015Redesign;en-US;636408972954243165#f0belvifo1w4omizbj2oj4fd;13328;1;0
Texturefoodanddrink.com-0067-2016Redesign;en-US;636408972954243165#giegjrr0hbgwaqqe0gmy51l1;15452;1;0
Samosetresort.com-0113-2017Redesign;en-US;636408972954399167#oodzdv5utv2happ11xkpps3m;40334;1;0
Lakeplacidlodge.com-0105-2017Redesign;en-US;636408972954399167#etwyp0t1lx2tk34we4c3kxi5;39238;1;0
Theoxfordhotel.com-0062-2015Redesign;en-US;636408972954399167#bvchhotjaaqkoz4q53zl1vn2;14325;1;0
Galthouse.com-0042-2015Redesign;en-US;636408972954399167#31fjbmc1sit2pdy432b5mw3n;38060;1;0
Beverlyhillsresidenceinn.com-0087-2016Redesign;en-US;636408972954555169#piw4dqc4cw4525wdvomj15d5;20999;1;0
Jupiterbeachresort.com-0103-2017Redesign;en-US;636408972954555169#xn34jsztkyaapahcoaysrir3;38052;1;0
Hospitalityupgrade.com-0093-2016Redesign;en-US;636408972960327243#5p2fu3wvoxc0xybrmvsqskrs;25405;1;0
Cendyn.com-0095-2016Redesign;en-US;636408972960327243#zlqu4aty1gdo1wzsdyyiuspx;26640;1;0
Cendyn.com-0095-2016Redesign;en-US;636408972960327243#mftjuj5wkrtldrlg1rujetvh;26640;1;0
Cendyn.com-0095-2016Redesign;en-US;636408972960327243#xuhffpxq5m4mwiee303fkcyc;26640;1;0
Passport.lehotels.com-0069-2016BlogRedesign;en-US;636408972960327243#esyraqwh45mpbwljlceozqic;41068;1;0
Cendyn.com-0095-2016Redesign;en-US;636408972960327243#13uujj5tibjzyispxelvuzod;26640;1;0
Broadmoor.com-0073-2016Redesign;en-US;636408972963603285#5zww1zboaqjwn3bezrcizdro;16793;1;0
Washingtondukeinn.com-0024-2014Redesign;en-US;636408972968907353#q2guzxllsblk05skb0uuu2xy;4997;1;0
Monarchbeachresort.com-0092-2016Redesign;en-US;636408972971247383#vnrplt11ax30dxkzataspbcf;22725;1;0
Lidobeachresort.com-0106-2017Redesign;en-US;636408972971403385#ffv0zbgrqdpnsglyvfv2beh2;38053;1;0
Napavalleymarriott.com-0071-2016Redesign;en-US;636408972971403385#2rmh4ue0ncrnkmgfz1m03w1w;16432;1;0
Longboatkeyclub.com-0104-2017Redesign;en-US;636408972971403385#kpimil033iuztnltqbstfg3f;38054;1;0
Thesagamore.com-0112-2017Redesign;en-US;636408972971403385#xwvribtjfdz0bnbvkpjr2kea;39241;1;0
Broadmoor.com-0073-2016Redesign;en-US;636408972972651401#fsx4yqodj0leuck4ao5dvrhj;18013;1;0
Casaybelresort.com-0002-2014Redesign;en-US;636408972979047483#13nb1s4dpvwm22ytoflrujmn;1736;1;0
saddlebrook.com-0011-2014Redesign;en-US;636408972979827493#1we112w2nbtfzzkiafmcr3cn;3385;1;0
Cendyn.com-0095-2016Redesign;en-US;636408972981387513#se4tn4xeximqrdhnkumehlcb;26640;1;0
Broadmoor.com-0073-2016Redesign;en-US;636408972981387513#0o4g0nwajqsvqsgchtuvpylt;38059;1;0
Galthouse.com-0042-2015Redesign;en-US;636408972982635529#nvwugiksyhs4si45ajgdzg25;31905;1;0
Broadmoor.com-0073-2016Redesign;en-US;636408972984663555#ab0blzclyjgszgwf0ozu5pzb;16721;1;0
Galthouse.com-0042-2015Redesign;en-US;636408972989031611#nvwugiksyhs4si45ajgdzg25;31905;1;0
Delraysandsresort.com-0097-2016Redesign;en-US;636408972990903635#b0gkib2qpk40yiyxj5a0xvc0;38049;1;0
Galthouse.com-0042-2015Redesign;en-US;636408972991215639#nvwugiksyhs4si45ajgdzg25;31905;1;0
Sandpearl.com-0091-2016Redesign;en-US;636408972991527643#iojaipbscwyatdlq0jc2zzs1;38056;1;0
Washingtondukeinn.com-0024-2014Redesign;en-US;636408972991839647#q2guzxllsblk05skb0uuu2xy;4738;1;0
saddlebrook.com-0011-2014Redesign;en-US;636408972995739697#gp1axk34k0ob4d3y31fkw2wy;3614;1;0
Monarchbeachresort.com-0092-2016Redesign;en-US;636408972995895699#vnrplt11ax30dxkzataspbcf;22725;1;0
Casaybelresort.com-0002-2014Redesign;en-US;636408972996675709#mkgwavu5hwynlomswpj5eulk;1613;1;0
Broadmoor.com-0073-2016Redesign;en-US;636408972997299717#x12xfc3wqnpoaw0ejfzg1uku;23743;1;0
Casaybelresort.com-0002-2014Redesign;en-US;636408973001823775#rnbi1p52x00dy0o0qnxehlqf;1613;1;0
Degreerestaurant.com-0056-2015Redesign;en-US;636408973003071791#fi5pzt4coyhvywen1uq2dnps;11598;1;0
Hhotellosangeles.com-0118-2017Redesign;en-US;636408973003071791#ig11wancehhxtq4ds1f4psr2;35289;1;0
Halcyonhotelcherrycreek.com-0061-2015Redesign;en-US;636408973003071791#r0uxgtlupawnydi30d3c0ny4;22121;1;0
Meateatery.com-0080-2016Redesign;en-US;636408973003071791#tnftwuzqd0loyib2ndq3yhl0;18505;1;0
Assuranceoperations.com-0065-2015Redesign;en-US;636408973003227793#t0lqf2jcmxlps0vlzdhyhnbo;15263;1;0
Broadmoor.com-0073-2016Redesign;en-US;636408973003383795#n0103jvzufgd3zjodlwrt3yu;16761;1;0
Oxfordclubspa.com-0068-2016Redesign;en-US;636408973003383795#vwgroha1bfdmj3vo1eyz0u2q;15568;1;0
Beverlyhillsresidenceinn.com-0087-2016Redesign;en-US;636408973003539797#1uarxptnqhytla1kqhpgovrp;20999;1;0
Samosetresort.com-0113-2017Redesign;en-US;636408973003539797#njsvlm4hyf5w5kwvbqwluv0d;40334;1;0
Glencovemansion.com-0058-2015Redesign;en-US;636408973003539797#quzjfpqsvpoy5oqimx5lewwl;13328;1;0
Bocatrans.com-0082-2016Redesign;en-US;636408973003695799#k4iewnkk3yb3xn1yd1yjxf3x;19758;1;0
Thecurtis.com-0079-2016Redesign;en-US;636408973003695799#uebhydsl2stwrmyohrm2dcah;17981;1;0
Thecrawfordhotel.com-0074-2016Redesign;en-US;636408973003695799#x1sykczbqflalj12mo4tcz42;17145;1;0
Sandylane.com-0075-2016Redesign;en-US;636408973004007803#ilf4wi4304qk05mvlc5dvu3a;17611;1;0
Washingtoncourthotel.com-0076-2016Redesign;en-US;636408973004007803#he0zqv44orb3zbumyas3a1g2;17858;1;0
Opalsands.com-0084-2016Redesign;en-US;636408973004163805#2dllr4o4wcic32ljgaaso140;38055;1;0
Theharborsidehotel.com-0114-2017Redesign;en-US;636408973004163805#1wbz1wr5v1pcyaznq2aqcdjl;40403;1;0
Chrco.com-0107-2017Redesign;en-US;636408973004475809#ss3jia5mq0rqyjnb4vjr2dav;29280;1;0
Naiaresortandspa.com-0077-2016Redesign;en-US;636408973004475809#mzuaqeyxuu30ietwyudtyxes;20455;1;0
Thecurtis.com-0079-2016Redesign;en-US;636408973004475809#5ybzgtoeplbgokfpcxzwdwal;17981;1;0
Galthouse.com-0042-2015Redesign;en-US;636408973004475809#0tmgo3ngbmcthwrrdymm02b3;38060;1;0
Homewoodsuiteslax.com-0110-2017Redesign;en-US;636408973004631811#zig3w3woczvo05kqonm15wxz;30747;1;0
Lakeplacidlodge.com-0105-2017Redesign;en-US;636408973004787813#u2aqgcqsglgsgf5tkxiw1lky;39238;1;0
Jbdukehotel.com-0086-2016Redesign;en-US;636408973004943815#eairbdwa24d2krquigk11zt4;21918;1;0
Zotabeachresort.com-0090-2016Redesign;en-US;636408973005255819#pzwfboeaa5ofrqib400a0zve;38058;1;0
Thelodgeatwoodloch.com-0033-2015Redesign;en-US;636408973005255819#wq2vyn2dtmjt3avmrafpnh1r;8267;1;0
Jupiterbeachresort.com-0103-2017Redesign;en-US;636408973005411821#wdpg0rzufc1r3fe0mwic3vfs;38052;1;0
Bluebirch.com-0072-2016Redesign;en-US;636408973005411821#2j4ceqh3jqoyeogv1ohe0dyr;16693;1;0
Treasureislandbeachresort.com-0089-2016Redesign;en-US;636408973005411821#zypd02rg1zxqn1vohm0kwszk;38057;1;0
Abbingtonbanquets.com-0070-2016Redesign;en-US;636408973005411821#lahnecba02a0ay2e0lg5dz2w;15789;1;0
Luxehotels.com-0078-2016Redesign;en-US;636408973005567823#0fbdy0mn2blcl1csp4zutohv;18805;1;0
Samosetresort.com-0113-2017Redesign;en-US;636408973005723825#imcbrpvpljwgslytuqzoyavl;32541;1;0
Texturefoodanddrink.com-0067-2016Redesign;en-US;636408973005723825#uit0uadlcftabhcpgjnle3fa;15452;1;0
Theoxfordhotel.com-0062-2015Redesign;en-US;636408973006035829#zrhb13ft4nnrk1yxhj3xhdqy;14325;1;0
Edgewaternaples.com-0094-2016Redesign;en-US;636408973006035829#ubzyt0fm41fg4fpyfdsoasga;38051;1;0
Galthouse.com-0042-2015Redesign;en-US;636408973006503835#2gh2vwkrpxtel0s0rrihzbwu;31905;1;0
Galthouse.com-0042-2015Redesign;en-US;636408973007439847#2gh2vwkrpxtel0s0rrihzbwu;31905;1;0
Thesagamore.com-0112-2017Redesign;en-US;636408973008219857#oo3udvgecqpoh1nrwfgareip;32339;1;0
Hospitalityupgrade.com-0093-2016Redesign;en-US;636408973010403885#3vpbjwcofwazzwlfpsm2mwl4;25405;1;0
Cendyn.com-0095-2016Redesign;en-US;636408973010403885#bosidqx55hgd5qwucngtu3ud;26640;1;0
Cendyn.com-0095-2016Redesign;en-US;636408973010403885#ssxfeurbnyf4sjk3klbq1oxe;26640;1;0
Cendyn.com-0095-2016Redesign;en-US;636408973010403885#3pcdbkdkvldp05emgmd2w22t;26640;1;0
Passport.lehotels.com-0069-2016BlogRedesign;en-US;636408973010403885#b1cj3pba0qa2cpydhbstfzlr;41068;1;0
Cendyn.com-0095-2016Redesign;en-US;636408973010403885#r2oewnqs3kxjn3fd2guujdci;26640;1;0
Cphollywoodbeach.com-0032-2015Redesign;en-US;636408973010715889#evgjyiutjv13pcz2rhh323jm;7831;1;0
Galthouse.com-0042-2015Redesign;en-US;636408973012899917#2gh2vwkrpxtel0s0rrihzbwu;31905;1;0
Thesagamore.com-0112-2017Redesign;en-US;636408973012899917#oo3udvgecqpoh1nrwfgareip;32339;1;0
Cphollywoodbeach.com-0032-2015Redesign;en-US;636408973012899917#gck2xnrk5g3d0azkw0cyp03n;7831;1;0
Thelodgeatwoodloch.com-0033-2015Redesign;en-US;636408973017423975#nemlzfawn0ilxuykeweti1c0;8254;1;0
Monarchbeachresort.com-0092-2016Redesign;en-US;636408973017735979#poyvlhvobjgibvau4umrsms3;26788;1;0
Galthouse.com-0042-2015Redesign;en-US;636408973017891981#2gh2vwkrpxtel0s0rrihzbwu;31905;1;0
Longboatkeyclub.com-0104-2017Redesign;en-US;636408973021324025#4keucyufgsxdgjemzfuxxc0t;38054;1;0
Lidobeachresort.com-0106-2017Redesign;en-US;636408973021636029#sas43crjbjxphnqiy513sxc5;38053;1;0
Napavalleymarriott.com-0071-2016Redesign;en-US;636408973021636029#iktlo1qjyxlttshhdkhvpzn0;16432;1;0
Thesagamore.com-0112-2017Redesign;en-US;636408973021636029#pkvoar5sqar3rgvafsmsdaom;39241;1;0
Broadmoor.com-0073-2016Redesign;en-US;636408973021792031#qr5dcqknupbvj0l3bt2ddduw;16799;1;0
Springhillsuitesdenver.com-0060-2015Redesign;en-US;636408973029436129#3qklpsgkxhib1au3nryrr2yj;12307;1;0
theweststreethotel.com-0115-2017Redesign;en-US;636408973029592131#lnzuevnxtegwuph3pxq5esq1;36726;1;0
Casaybelresort.com-0002-2014Redesign;en-US;636408973030528143#i2wduyu0dymg0iswk1unbapq;1652;1;0
Broadmoor.com-0073-2016Redesign;en-US;636408973031464155#vl25adts1pmvlneslhkzapmc;38059;1;0
Cendyn.com-0095-2016Redesign;en-US;636408973031464155#f3tbffhp23ezety40clwqcd1;26640;1;0
Broadmoor.com-0073-2016Redesign;en-US;636408973033960187#qr5dcqknupbvj0l3bt2ddduw;16799;1;0
Thesagamore.com-0112-2017Redesign;en-US;636408973035364205#gifg02pojjkqm3qatiy2epei;33467;1;0
Sandpearl.com-0091-2016Redesign;en-US;636408973038016239#vhzhtualoe2grbpjme4kjxfu;22481;1;0
Galthouse.com-0042-2015Redesign;en-US;636408973040044265#fl5a05uq5r5buzclmbb2xw03;10577;1;0
Delraysandsresort.com-0097-2016Redesign;en-US;636408973040824275#4crisqkxat1tqgdyuf24odbr;38049;1;0
Sandpearl.com-0091-2016Redesign;en-US;636408973041448283#5adtj3e1qko0ewzg3rxahzr2;22481;1;0
Sandpearl.com-0091-2016Redesign;en-US;636408973041448283#cmc0i0m5rtj1vqcmumlw32cc;38056;1;0
Marriottkeylargo.com-0015-2014Redesign;en-US;636408973044412321#kjjv4rlgn2zv2mhoiq3zna2m;3948;1;0
Hospitalityupgrade.com-0093-2016Redesign;en-US;636408973045660337#vtbuwz1wxp1vle3bsgcyjx0q;33296;1;0
Halcyonhotelcherrycreek.com-0061-2015Redesign;en-US;636408973046908353#jea0rxwau2n5anhnz5cggb1u;22121;1;0
Marriottkeylargo.com-0015-2014Redesign;en-US;636408973050808403#kjjv4rlgn2zv2mhoiq3zna2m;3948;1;0
Edgewaternaples.com-0094-2016Redesign;en-US;636408973052056419#revbwddkiw3srtrhgfxpnrur;25239;1;0
Broadmoor.com-0073-2016Redesign;en-US;636408973052212421#kyobpiby5mxjqm2wxbymr3vw;16721;1;0
Hhotellosangeles.com-0118-2017Redesign;en-US;636408973052992431#po2l4cs3hjlfaj42nfs4etud;35289;1;0
Degreerestaurant.com-0056-2015Redesign;en-US;636408973052992431#ijh1hae40f2ctotbelj5zotf;11598;1;0
Meateatery.com-0080-2016Redesign;en-US;636408973052992431#irzd4nlqc33r1ojtjn3zwcth;18505;1;0
Luxehotels.com-0078-2016Redesign;en-US;636408973053148433#k4oaxte0sekyypnakkqn2e2z;18805;1;0
Thecrawfordhotel.com-0074-2016Redesign;en-US;636408973053616439#swbm5kwxlk2ncrzcxvfhivww;17145;1;0
Chrco.com-0107-2017Redesign;en-US;636408973053616439#2mrknyxhvpyxl43df0fenbpe;29280;1;0
Washingtoncourthotel.com-0076-2016Redesign;en-US;636408973053616439#tqupwbktctmre0n2wnvyxckp;17858;1;0
Theoxfordhotel.com-0062-2015Redesign;en-US;636408973053616439#dp4mg35vtrpmznnah5io0rwd;14325;1;0
Texturefoodanddrink.com-0067-2016Redesign;en-US;636408973053616439#rx01hi1lrjdxn5la1w2t1xr0;15452;1;0
Homewoodsuiteslax.com-0110-2017Redesign;en-US;636408973053772441#lidyzvhawzkbpxmoixpdvowc;30747;1;0
Glencovemansion.com-0058-2015Redesign;en-US;636408973053772441#3ib1hzxqsdvrf4zcnl0reg1m;13328;1;0
Sandylane.com-0075-2016Redesign;en-US;636408973053772441#pvfmaecjdikxe2mbkg5ibbfe;17611;1;0
Oxfordclubspa.com-0068-2016Redesign;en-US;636408973053772441#eedgpq1ufoszmjs2ddlgu4ef;15568;1;0
Jbdukehotel.com-0086-2016Redesign;en-US;636408973053772441#dth5lel022t5r5gxsicr5l4a;21918;1;0
Theharborsidehotel.com-0114-2017Redesign;en-US;636408973053928443#lp3vc20b3nlyhsoyvx2ng0pl;40403;1;0
Lakeplacidlodge.com-0105-2017Redesign;en-US;636408973053928443#sjvuber2mauphzchvy4fs53f;39238;1;0
Thecurtis.com-0079-2016Redesign;en-US;636408973053928443#02pd4da2f3nby0ewz1a1h03x;17981;1;0
Bluebirch.com-0072-2016Redesign;en-US;636408973054084445#nc1bdnweamkvt3l5ezkl1cck;16693;1;0
Halcyonhotelcherrycreek.com-0061-2015Redesign;en-US;636408973054084445#ddi5gjgssip5fi2hpklnh23p;22121;1;0
Opalsands.com-0084-2016Redesign;en-US;636408973054084445#1abt02qrdqglyjp1ibfgesxk;38055;1;0
Assuranceoperations.com-0065-2015Redesign;en-US;636408973054084445#dfis4ehh5nmbesxjg3tmhoue;15263;1;0
Jupiterbeachresort.com-0103-2017Redesign;en-US;636408973054084445#ixt54v2jmpwml1qic2us0fju;38052;1;0
Treasureislandbeachresort.com-0089-2016Redesign;en-US;636408973054084445#awirgsxcrnep4uo331hllpq3;38057;1;0
Abbingtonbanquets.com-0070-2016Redesign;en-US;636408973054084445#lygzmu1k35nwiqlfqn1nrg3l;15789;1;0
Beverlyhillsresidenceinn.com-0087-2016Redesign;en-US;636408973054084445#j5oh4ncc2xlxqimmhw0ljiv1;20999;1;0
Bocatrans.com-0082-2016Redesign;en-US;636408973054084445#iskfrij2yg3nabdn3wo0vadk;19758;1;0
Zotabeachresort.com-0090-2016Redesign;en-US;636408973054084445#gjqbpxj0qw3jvfxqs5j2qcac;38058;1;0
Galthouse.com-0042-2015Redesign;en-US;636408973054240447#nez0qbbh0r310g1puci1ocec;38060;1;0
Samosetresort.com-0113-2017Redesign;en-US;636408973054240447#uoulukjp0rrc0zrl1dym3eij;40334;1;0
Naiaresortandspa.com-0077-2016Redesign;en-US;636408973054240447#2wyp0kh4jolmbkmioo0hlmyv;20455;1;0
Edgewaternaples.com-0094-2016Redesign;en-US;636408973054240447#sx4edydjz11pgmmglmrszm2o;38051;1;0
Broadmoor.com-0073-2016Redesign;en-US;636408973055800467#kyobpiby5mxjqm2wxbymr3vw;16721;1;0
Sandylane.com-0075-2016Redesign;en-US;636408973057828493#uucsguw2vhz4n5d4qd3tp0ua;17695;1;0
Edgewaternaples.com-0094-2016Redesign;en-US;636408973058296499#vzxwl3f4p5o50h4jtsu3jlje;25239;1;0
Monarchbeachresort.com-0092-2016Redesign;en-US;636408973059388513#hpdgvz31vu0wmm01mxmcxztq;22725;1;0
Cendyn.com-0095-2016Redesign;en-US;636408973060324525#m5l0u5nfsxp2ltu3uaq1rgcr;26640;1;0
Cendyn.com-0095-2016Redesign;en-US;636408973060324525#vdvj03xuips1bozwyktizm43;26640;1;0
Hospitalityupgrade.com-0093-2016Redesign;en-US;636408973060324525#rb3ph02ne2cjmgc13sm1ldoi;25405;1;0
Cendyn.com-0095-2016Redesign;en-US;636408973060324525#45mnkhpq2i3y4rsmldagduf2;26640;1;0
Passport.lehotels.com-0069-2016BlogRedesign;en-US;636408973060480527#3nu2ue0gn3adtymkcukhx3qt;41068;1;0
Cendyn.com-0095-2016Redesign;en-US;636408973060480527#5po0bysz3flnb021r3ldgx0o;26640;1;0
Edgewaternaples.com-0094-2016Redesign;en-US;636408973064380577#vjjxugv2yvabxi0vaiezar50;25239;1;0
Thesagamore.com-0112-2017Redesign;en-US;636408973065472591#mjyphluyl4sc3hqjpqbmmcuy;32339;1;0
Edgewaternaples.com-0094-2016Redesign;en-US;636408973069216639#vjjxugv2yvabxi0vaiezar50;25239;1;0
Thesagamore.com-0112-2017Redesign;en-US;636408973070308653#mjyphluyl4sc3hqjpqbmmcuy;32339;1;0
Napavalleymarriott.com-0071-2016Redesign;en-US;636408973071244665#3vtxlcvdrj2kz21bkfpsxst2;16432;1;0
Lidobeachresort.com-0106-2017Redesign;en-US;636408973071244665#p1pzcslw5uo1t3ism5yx42eo;38053;1;0
Longboatkeyclub.com-0104-2017Redesign;en-US;636408973071400667#afaz4hlfi4aafmqeb0ybj3en;38054;1;0
Thesagamore.com-0112-2017Redesign;en-US;636408973071556669#dchn52hk3w2trh0gcze22cyy;39241;1;0
Broadmoor.com-0073-2016Redesign;en-US;636408973073116689#au4qlklphfhhdx0uamw2rgcw;16721;1;0
Lehotels.com-0049-2015Transfer;en-US;636408973075144715#pkm14abrblbrwb5wujx4rgk2;12108;1;0
Broadmoor.com-0073-2016Redesign;en-US;636408973078576759#fbxqmz14fprzsopn0gxt2kdh;18259;1;0
Casaybelresort.com-0002-2014Redesign;en-US;636408973079044765#13nb1s4dpvwm22ytoflrujmn;4205;1;0
Thesagamore.com-0112-2017Redesign;en-US;636408973079824775#le3tiytidt1no5xi3if45gfe;32339;1;0
Samosetresort.com-0113-2017Redesign;en-US;636408973080292781#3uvgnvx2aneskameryiemolh;35329;1;0
Cendyn.com-0095-2016Redesign;en-US;636408973081384795#wjk0jefymejcbze44cpsffk5;26640;1;0
Broadmoor.com-0073-2016Redesign;en-US;636408973081384795#empvf1pnmwd5yrqt2twgcxfc;38059;1;0
Hospitalityupgrade.com-0093-2016Redesign;en-US;636408973082320807#fjt1kmfcir4k2e5av1bwqagb;36914;1;0
Washingtoncourthotel.com-0076-2016Redesign;en-US;636408973083100817#fxgf4cnpmfrh0bsfgkyx0tbh;17935;1;0
Broadmoor.com-0073-2016Redesign;en-US;636408973084036829#xivih4qdzohlgx1jv1xqlha0;17344;1;0
Casaybelresort.com-0002-2014Redesign;en-US;636408973086376859#rnbi1p52x00dy0o0qnxehlqf;1570;1;0
Broadmoor.com-0073-2016Redesign;en-US;636408973090276909#ap3owrafttsgzotnokw0jo3n;18259;1;0
Sandpearl.com-0091-2016Redesign;en-US;636408973090744915#0p1ahug25v5l2cyjlfshr3nj;23074;1;0
Delraysandsresort.com-0097-2016Redesign;en-US;636408973090900917#rvyse3odoae5rrgftfp0oevc;38049;1;0
Galthouse.com-0042-2015Redesign;en-US;636408973091368923#tvdxkvt5bbimoyeavgrv51le;10568;1;0
Sandpearl.com-0091-2016Redesign;en-US;636408973091524925#d4zeo0bog4mydldahrtzu13x;38056;1;0
Hospitalityupgrade.com-0093-2016Redesign;en-US;636408973091680927#dzrrxe11ymumym2efajwdwgx;36914;1;0
Hospitalityupgrade.com-0093-2016Redesign;en-US;636408973096048983#zgxsz5ajugj0xu4vi4hx4tm1;41771;1;0
Cphollywoodbeach.com-0032-2015Redesign;en-US;636408973096672991#ivywjylr53r4ssv1of3kzhat;7831;1;0
Edgewaternaples.com-0094-2016Redesign;en-US;636408973097140997#vjjxugv2yvabxi0vaiezar50;25239;1;0
Thesagamore.com-0112-2017Redesign;en-US;636408973101197049#pl5o14daqe1ivj3qharhr4gi;32339;1;0
Naiaresortandspa.com-0077-2016Redesign;en-US;636408973103069073#imoqvzygcxhwmokt0pt4bowp;20455;1;0
Hhotellosangeles.com-0118-2017Redesign;en-US;636408973103069073#dpzp55bqmkcinidn0wzgelcs;35289;1;0
Oxfordclubspa.com-0068-2016Redesign;en-US;636408973103069073#1qxucta4caepfe1hu50xh15e;15568;1;0
Zotabeachresort.com-0090-2016Redesign;en-US;636408973103069073#uvjv4gorlxsh414gh3bu3ip1;38058;1;0
Glencovemansion.com-0058-2015Redesign;en-US;636408973103225075#sn2g5vj3gfauztadd5hb00lw;13328;1;0
Theoxfordhotel.com-0062-2015Redesign;en-US;636408973103225075#5gben441auk1ompzgecrfa1m;14325;1;0
Luxehotels.com-0078-2016Redesign;en-US;636408973103225075#jce5031hrrhfqx1dtkuptrs3;18805;1;0
Bluebirch.com-0072-2016Redesign;en-US;636408973103381077#eowkbwun3mftmnuwjao3pu5f;16693;1;0
Thecurtis.com-0079-2016Redesign;en-US;636408973103381077#g4bqeul0noq0nd5dungs0xx5;17981;1;0
Degreerestaurant.com-0056-2015Redesign;en-US;636408973103381077#p1ss2jbza0kxtfxmm2lwt1if;11598;1;0
Assuranceoperations.com-0065-2015Redesign;en-US;636408973103381077#ecvbx32nk3sogjh3hvn3brhp;15263;1;0
Washingtoncourthotel.com-0076-2016Redesign;en-US;636408973103537079#vohgv4yefrmxec3z1el10zwt;17858;1;0
Halcyonhotelcherrycreek.com-0061-2015Redesign;en-US;636408973103537079#jcnoy01lqcddn4zehlkkypyx;22121;1;0
Texturefoodanddrink.com-0067-2016Redesign;en-US;636408973103537079#41o4wuiuv113uufpqlijsi4g;15452;1;0
Bocatrans.com-0082-2016Redesign;en-US;636408973103537079#30tgjbtzct5yxmowcs4baexi;19758;1;0
Sandylane.com-0075-2016Redesign;en-US;636408973103537079#gyfm01ixerlcvuxybaw1efag;17611;1;0
Jupiterbeachresort.com-0103-2017Redesign;en-US;636408973103537079#fyyhabidbtpgfcj1padykeq0;38052;1;0
Galthouse.com-0042-2015Redesign;en-US;636408973103693081#m2s4niyxfwco0htbxvywa5cd;38060;1;0
Lakeplacidlodge.com-0105-2017Redesign;en-US;636408973103693081#d53zv3ggq3rw4twpxxrfj1pv;39238;1;0
Samosetresort.com-0113-2017Redesign;en-US;636408973103693081#b3x3wphm11vnzkixxrqxtudk;40334;1;0
Meateatery.com-0080-2016Redesign;en-US;636408973103693081#qr50gx1ewttzgltzxbubxrac;18505;1;0
Abbingtonbanquets.com-0070-2016Redesign;en-US;636408973103849083#h3tmdbecymxdnnjtxosdnhgl;15789;1;0
Theharborsidehotel.com-0114-2017Redesign;en-US;636408973103849083#0wntlm02kbuj5efw4sjj4by2;40403;1;0
Thecrawfordhotel.com-0074-2016Redesign;en-US;636408973103849083#2syqypglmyfgbxtotsca5w5k;17145;1;0
Opalsands.com-0084-2016Redesign;en-US;636408973103849083#kfd3upvetjldg2kohjai4dze;38055;1;0
Chrco.com-0107-2017Redesign;en-US;636408973103849083#u4c2xde1xdponcne2t1104vx;29280;1;0
Edgewaternaples.com-0094-2016Redesign;en-US;636408973104005085#et54wlopks5lezq2kiqhwmsb;38051;1;0
Treasureislandbeachresort.com-0089-2016Redesign;en-US;636408973104005085#l5mrw0hvkecv5wrlpzu5teew;38057;1;0
Thesagamore.com-0112-2017Redesign;en-US;636408973104161087#pl5o14daqe1ivj3qharhr4gi;32339;1;0
Homewoodsuiteslax.com-0110-2017Redesign;en-US;636408973104317089#csnfxojpcgjsaz5rrlufhzq5;30747;1;0
Beverlyhillsresidenceinn.com-0087-2016Redesign;en-US;636408973104317089#in3ddefnmr3higl3ncrfmrzf;20999;1;0
Jbdukehotel.com-0086-2016Redesign;en-US;636408973104473091#erj5by3okkdxlks3xsrblocx;21918;1;0
Galthouse.com-0042-2015Redesign;en-US;636408973104629093#5v55dsaew50ji5i55ucxs1in;31905;1;0
saddlebrook.com-0011-2014Redesign;en-US;636408973106657119#tvmd01xxx51me5gg2m4msh5d;3385;1;0
Delraysandsresort.com-0097-2016Redesign;en-US;636408973107905135#2rz0fknjzi4fjmd4d4o0ih5e;27232;1;0
wentworthcom00212014redesign;en-US;636408973109465155#wianprvra1utdxwjjfddy4hi;4250;1;0
Casaybelresort.com-0002-2014Redesign;en-US;636408973109621157#ztbpkfrepsfsykk5lncaof4m;1533;1;0
Delraysandsresort.com-0097-2016Redesign;en-US;636408973109933161#2rz0fknjzi4fjmd4d4o0ih5e;27232;1;0
Hospitalityupgrade.com-0093-2016Redesign;en-US;636408973110401167#lwl0amjqgaik1aeo2h5llagv;25405;1;0
Cendyn.com-0095-2016Redesign;en-US;636408973110401167#ff5kqhm3si5gzeinponctpjv;26640;1;0
Cendyn.com-0095-2016Redesign;en-US;636408973110401167#nakdja42ilrggh1zrkvp3cux;26640;1;0
Cendyn.com-0095-2016Redesign;en-US;636408973110401167#s0mbeuyl1lliyxglosynxcui;26640;1;0
Passport.lehotels.com-0069-2016BlogRedesign;en-US;636408973110401167#3nhpz105e4vm5kx5hx2xbx5z;41068;1;0
Cendyn.com-0095-2016Redesign;en-US;636408973110401167#z1rjuztk5z10gjc3dxtfwrh0;26640;1;0
Sandpearl.com-0091-2016Redesign;en-US;636408973112117189#0o1go5rgzfnhwdpocaj1rg4z;23076;1;0
Cphollywoodbeach.com-0032-2015Redesign;en-US;636408973112273191#refxmo4yosdo3sblrdvp1rj3;7831;1;0
Napavalleymarriott.com-0071-2016Redesign;en-US;636408973121165305#qsldtgsdwtuuruybtoodatjx;16432;1;0
Lidobeachresort.com-0106-2017Redesign;en-US;636408973121321307#pkjsudzy2jwhdr4lti2vdwhg;38053;1;0
Thesagamore.com-0112-2017Redesign;en-US;636408973121321307#p3zrswav00il4ar51wspv5gh;39241;1;0
Longboatkeyclub.com-0104-2017Redesign;en-US;636408973121633311#qt4gbloplguicpdgkyf0rvfw;38054;1;0
Broadmoor.com-0073-2016Redesign;en-US;636408973122257319#kyobpiby5mxjqm2wxbymr3vw;16722;1;0
Thesagamore.com-0112-2017Redesign;en-US;636408973122725325#rqhbks4esud2wzohnxw3w1m3;33444;1;0
Thesagamore.com-0112-2017Redesign;en-US;636408973122881327#pl5o14daqe1ivj3qharhr4gi;32339;1;0
Washingtoncourthotel.com-0076-2016Redesign;en-US;636408973123349333#rlxytrfenbymb2gfwevfvfts;17858;1;0
Broadmoor.com-0073-2016Redesign;en-US;636408973123505335#fsx4yqodj0leuck4ao5dvrhj;16728;1;0
Hospitalityupgrade.com-0093-2016Redesign;en-US;636408973128809403#wxkonrh045ihizlqtbcvjg0y;22790;1;0
Casaybelresort.com-0002-2014Redesign;en-US;636408973129121407#13nb1s4dpvwm22ytoflrujmn;1596;1;0
Cendyn.com-0095-2016Redesign;en-US;636408973131305435#tzearanewaiejzpezeak0kin;26640;1;0
Broadmoor.com-0073-2016Redesign;en-US;636408973131461437#vbrs2xkmmwet4rhzpiu5fwnt;38059;1;0
Renaissancepittsburghpa.com-0044-2015Redesign;en-US;636408973132709453#uybmepd3gqwz02eiqb4s4jdb;9637;1;0
Marriottkeylargo.com-0015-2014Redesign;en-US;636408973133801467#5vledoiiapveyspwjobv2l1u;3958;1;0
Thesagamore.com-0112-2017Redesign;en-US;636408973135829493#dhgo3r0pa0wwlryi24ir3job;32339;1;0
Delraysandsresort.com-0097-2016Redesign;en-US;636408973139261537#te033hla0aptxo4f2twigvdy;27232;1;0
Delraysandsresort.com-0097-2016Redesign;en-US;636408973140977559#t4efrlcp25imolrf4d0k4yvt;38049;1;0
Sandpearl.com-0091-2016Redesign;en-US;636408973141445565#kiofqgflyn1wti33zvclfitq;38056;1;0
Sandpearl.com-0091-2016Redesign;en-US;636408973142381577#5adtj3e1qko0ewzg3rxahzr2;23075;1;0
Hospitalityupgrade.com-0093-2016Redesign;en-US;636408973148933661#cl2gq1ywf1pdaqd1gn2xme4h;37999;1;0
Texturefoodanddrink.com-0067-2016Redesign;en-US;636408973153145715#hgtexnym410kqq5ixwpypess;15452;1;0
Jbdukehotel.com-0086-2016Redesign;en-US;636408973153145715#2rd2czxnjbbu1guqdjedwn5p;21918;1;0
Degreerestaurant.com-0056-2015Redesign;en-US;636408973153145715#o1p534rr1w2dkbd2ogbdk3zr;11598;1;0
Washingtoncourthotel.com-0076-2016Redesign;en-US;636408973153145715#f1kcedtshhrv1xfqk4wrirg2;17858;1;0
Edgewaternaples.com-0094-2016Redesign;en-US;636408973153145715#hwhxrogy5t4hbfidrb3grm2b;38051;1;0
Meateatery.com-0080-2016Redesign;en-US;636408973153457719#o3lw1ujt33r54g5sxkog5cgu;18505;1;0
Bluebirch.com-0072-2016Redesign;en-US;636408973153457719#0necaaa4q4x1ssffj5wc033k;16693;1;0
Samosetresort.com-0113-2017Redesign;en-US;636408973153457719#4d1ugxwgean3tophrtnx3miv;40334;1;0
Naiaresortandspa.com-0077-2016Redesign;en-US;636408973153457719#yuytdpgqd4jglsxzv4byh3gs;20455;1;0
Abbingtonbanquets.com-0070-2016Redesign;en-US;636408973153613721#jrbg0xgn52sk4pruepccqane;15789;1;0
Thecrawfordhotel.com-0074-2016Redesign;en-US;636408973153613721#o1insefdx5w3bsras5mptuph;17145;1;0
Bocatrans.com-0082-2016Redesign;en-US;636408973153769723#rqgxe2odxebidmt34vtz5xmh;19758;1;0
Glencovemansion.com-0058-2015Redesign;en-US;636408973153769723#ox3v3gdzyrfihiie2cjxy2vd;13328;1;0
Oxfordclubspa.com-0068-2016Redesign;en-US;636408973153769723#v0rqdgsfqel4g5ee4y4kshzv;15568;1;0
Assuranceoperations.com-0065-2015Redesign;en-US;636408973153925725#llmtrxgd5j20jm3rfybvbdxj;15263;1;0
Galthouse.com-0042-2015Redesign;en-US;636408973153925725#d3dreahpsnd5rdbjoydsiaf3;38060;1;0
Jupiterbeachresort.com-0103-2017Redesign;en-US;636408973154081727#peqkti3obyhoho4lvvwa2sal;38052;1;0
Luxehotels.com-0078-2016Redesign;en-US;636408973154081727#uzsg2gddgaysggqmoczp1nxy;18805;1;0
Sandylane.com-0075-2016Redesign;en-US;636408973154081727#ix2k1lh0fktzps25rh1w4xmv;17611;1;0
Theharborsidehotel.com-0114-2017Redesign;en-US;636408973154081727#py4txdtc2x2xi4hm3xdudd5u;40403;1;0
Beverlyhillsresidenceinn.com-0087-2016Redesign;en-US;636408973154081727#da45pnfgfc3ddio1dtrvqgar;20999;1;0
Zotabeachresort.com-0090-2016Redesign;en-US;636408973154081727#grlgydtj3z4f22eth5wnmdiv;38058;1;0
Homewoodsuiteslax.com-0110-2017Redesign;en-US;636408973154081727#zsrcpxzhcrlzw0lnaa5xwjlq;30747;1;0
Halcyonhotelcherrycreek.com-0061-2015Redesign;en-US;636408973154081727#u1izibshuqfnp5e50eq2pd35;22121;1;0
Theoxfordhotel.com-0062-2015Redesign;en-US;636408973154237729#qhxgztlfbbbveqpj4hxtgotk;14325;1;0
Chrco.com-0107-2017Redesign;en-US;636408973154237729#hadd3vkkxssammeoqrz01thx;29280;1;0
Treasureislandbeachresort.com-0089-2016Redesign;en-US;636408973154237729#f53eh3025bz2h3dhb3vmcy1d;38057;1;0
Lakeplacidlodge.com-0105-2017Redesign;en-US;636408973154237729#jymq2igmhrcpuwyxpdt4ukka;39238;1;0
Thecurtis.com-0079-2016Redesign;en-US;636408973154393731#pprlbewsydpvrpyhnfk5c5fl;17981;1;0
Jbdukehotel.com-0086-2016Redesign;en-US;636408973154549733#ijekw1y5leeeie5vnfyzbg2p;21918;1;0
Opalsands.com-0084-2016Redesign;en-US;636408973154705735#d5z5bowlqdrep4xliy4nwnyk;38055;1;0
Hhotellosangeles.com-0118-2017Redesign;en-US;636408973154705735#z52hoxfnoqgc3ymndnepevoc;35289;1;0
Galthouse.com-0042-2015Redesign;en-US;636408973156421757#tvdxkvt5bbimoyeavgrv51le;10609;1;0
Bellemontfarm.com-0007-2013Redesign;en-US;636408973156577759#grpkbgw5gzjza4mcwe3mgeo2;2502;1;0
Cendyn.com-0095-2016Redesign;en-US;636408973160321807#ocqvz41uqpzyq0mofocczonh;26640;1;0
Hospitalityupgrade.com-0093-2016Redesign;en-US;636408973160321807#begykcsz32rsswaekbwbxw3l;25405;1;0
Cendyn.com-0095-2016Redesign;en-US;636408973160321807#1tkpobb5iiiwwhz3ljbr3xel;26640;1;0
Cendyn.com-0095-2016Redesign;en-US;636408973160321807#wrtw3052hi1zvydbp0nz2qnd;26640;1;0
Cendyn.com-0095-2016Redesign;en-US;636408973160321807#2tb2pysa3l53ppmx1zc4xn42;26640;1;0
Passport.lehotels.com-0069-2016BlogRedesign;en-US;636408973160321807#mjdngs5ngfiutvatpozrxu20;41068;1;0
Theharborsidehotel.com-0114-2017Redesign;en-US;636408973163597849#tn5nlitxwkkxqm5z4detlpvc;37606;1;0
Thelodgeatwoodloch.com-0033-2015Redesign;en-US;636408973165469873#pppwew0m5unnldm1ockabcdb;8305;1;0
Samosetresort.com-0113-2017Redesign;en-US;636408973169837929#xlu13hia4cbtdmq3q0vu4i2h;35312;1;0
Napavalleymarriott.com-0071-2016Redesign;en-US;636408973171085945#bu0ckkla0bfl2eggmguk4n21;16432;1;0
Thesagamore.com-0112-2017Redesign;en-US;636408973171241947#koyogxhfcpp1bsudlhm3uulg;39241;1;0
Longboatkeyclub.com-0104-2017Redesign;en-US;636408973171397949#h0jzqwegivgn3wx4jfrtg4nu;38054;1;0
Lidobeachresort.com-0106-2017Redesign;en-US;636408973171553951#fypf0viaocdfpionnphub3iz;38053;1;0
Theharborsidehotel.com-0114-2017Redesign;en-US;636408973171709953#tn5nlitxwkkxqm5z4detlpvc;37606;1;0
Zotabeachresort.com-0090-2016Redesign;en-US;636408973173893981#dzs5eb2gsq5wxpnfalkxok2g;22357;1;0
Hospitalityupgrade.com-0093-2016Redesign;en-US;636408973174829993#ro3yz1wk1ribisxjh0quwiuq;36914;1;0
Thelodgeatwoodloch.com-0033-2015Redesign;en-US;636408973176078009#wq2vyn2dtmjt3avmrafpnh1r;8268;1;0
Broadmoor.com-0073-2016Redesign;en-US;636408973176234011#ppnsddbvgunohrhtlirn1vnk;16721;1;0
Cendyn.com-0095-2016Redesign;en-US;636408973177326025#hx0g3we2kdlz1bz3spk0v1gn;26857;1;0
Broadmoor.com-0073-2016Redesign;en-US;636408973178262037#1ysmnxq4rtxb1to0if254gcs;16724;1;0
Galthouse.com-0042-2015Redesign;en-US;636408973178574041#op3h0haazwarg2u35nw3ku5g;31905;1;0
Casaybelresort.com-0002-2014Redesign;en-US;636408973179354051#13nb1s4dpvwm22ytoflrujmn;1571;1;0
Thelodgeatwoodloch.com-0033-2015Redesign;en-US;636408973179978059#aeldq4g1sq3iu1kxcvaas5bj;7764;1;0
Cendyn.com-0095-2016Redesign;en-US;636408973181382077#am52re2rc2xzymb0jkmwyctq;26640;1;0
Broadmoor.com-0073-2016Redesign;en-US;636408973181382077#gxlpcbpeu3ageuwftjl5kncs;38059;1;0
Bellemontfarm.com-0007-2013Redesign;en-US;636408973183566105#d0zqedmcm3ri2cb2drrps01i;1991;1;0
Zotabeachresort.com-0090-2016Redesign;en-US;636408973183566105#dzs5eb2gsq5wxpnfalkxok2g;22357;1;0
Thesagamore.com-0112-2017Redesign;en-US;636408973184658119#cszftvunk4sot1gr11suyjga;32339;1;0
Broadmoor.com-0073-2016Redesign;en-US;636408973185126125#1ysmnxq4rtxb1to0if254gcs;16724;1;0
Hospitalityupgrade.com-0093-2016Redesign;en-US;636408973186842147#ipj4nwipiic4rvxsbz5b1awd;22790;1;0
Delraysandsresort.com-0097-2016Redesign;en-US;636408973190898199#vjrgmmconsy3angaewv22lqo;38049;1;0
Sandpearl.com-0091-2016Redesign;en-US;636408973191522207#ndmmvhovjh34syawibxyc5er;38056;1;0
Thesagamore.com-0112-2017Redesign;en-US;636408973191990213#cszftvunk4sot1gr11suyjga;32339;1;0
Thesagamore.com-0112-2017Redesign;en-US;636408973194486245#cszftvunk4sot1gr11suyjga;32339;1;0
Casaybelresort.com-0002-2014Redesign;en-US;636408973196826275#mfni0kroupbqmjqb5hsakzbe;1613;1;0
