Cendyn.com-0095-2016Redesign;en-US;636409009800472620#q1ad5j2p0qeukdke3yvurab2;26640;1;0
Broadmoor.com-0073-2016Redesign;en-US;636409009800940626#b2qorih1reoeg44rv1slsr4z;38059;1;0
Sandpearl.com-0091-2016Redesign;en-US;636409009801252630#if1itx2bfxslbyjcwbylxbwp;22481;1;0
Hospitalityupgrade.com-0093-2016Redesign;en-US;636409009802344644#vd42fsslyl0zvhj0mp0e3krm;25405;1;0
Casaybelresort.com-0002-2014Redesign;en-US;636409009803124654#yrg2aquubb4jxdfnh4d1cbx5;1533;1;0
Hhotellosangeles.com-0118-2017Redesign;en-US;636409009804684674#ibyccct3igcl41ivxuobpwrd;35289;1;0
Meateatery.com-0080-2016Redesign;en-US;636409009804684674#my3lgtslecxkmqkye4vhld33;18505;1;0
Thecurtis.com-0079-2016Redesign;en-US;636409009804684674#fwlhvgvjlwapyphxdx0z22gc;17981;1;0
Halcyonhotelcherrycreek.com-0061-2015Redesign;en-US;636409009804684674#qe255bmgw5xttc0yyycnub2e;22121;1;0
Bluebirch.com-0072-2016Redesign;en-US;636409009804684674#m10th2h5hxpbb4lctskpzesk;16693;1;0
Thecrawfordhotel.com-0074-2016Redesign;en-US;636409009804840676#aagogmedkcaw0iiyni4xpuom;17145;1;0
Bocatrans.com-0082-2016Redesign;en-US;636409009804840676#ismfr03fy3r3z51fsqkqqjhv;19758;1;0
Sandylane.com-0075-2016Redesign;en-US;636409009804840676#k2aohufuekrhyhy354ppigqq;17611;1;0
Texturefoodanddrink.com-0067-2016Redesign;en-US;636409009804840676#adwnfxdmob2ibusexvsox3jj;15452;1;0
Degreerestaurant.com-0056-2015Redesign;en-US;636409009804996678#0hubsociur1nziay5m0f4h0e;11598;1;0
Beverlyhillsresidenceinn.com-0087-2016Redesign;en-US;636409009804996678#kptjfn25puh1wvageersv5lo;20999;1;0
Edgewaternaples.com-0094-2016Redesign;en-US;636409009804996678#kird0krl2aqpjmgo2lh1g4is;38051;1;0
Treasureislandbeachresort.com-0089-2016Redesign;en-US;636409009804996678#fztr4m5abcraqk3w43w2ixvu;38057;1;0
Zotabeachresort.com-0090-2016Redesign;en-US;636409009805152680#4mtxovtdqh2eiblyx25slsj0;38058;1;0
Assuranceoperations.com-0065-2015Redesign;en-US;636409009805152680#kcnls5oulchdvrjymg0ruhcj;15263;1;0
Chrco.com-0107-2017Redesign;en-US;636409009805152680#gvjhgo2ew1asmdtj44oagvh5;29280;1;0
Theoxfordhotel.com-0062-2015Redesign;en-US;636409009805152680#knri5dy1pr3at2sw0vazid1q;14325;1;0
Jbdukehotel.com-0086-2016Redesign;en-US;636409009805152680#nb5vd1j4q10eji1aqdyl3pqb;21918;1;0
Washingtoncourthotel.com-0076-2016Redesign;en-US;636409009805152680#zsz4gzvbuaj5kh000xr33xpy;17858;1;0
Homewoodsuiteslax.com-0110-2017Redesign;en-US;636409009805308682#gldwq2cmlraxxysosudgfmyn;30747;1;0
Opalsands.com-0084-2016Redesign;en-US;636409009805308682#abpjxt4v2azyuxeoqqacorar;38055;1;0
Galthouse.com-0042-2015Redesign;en-US;636409009805308682#un03gok4vppsvhepi2mcrrj1;38060;1;0
Abbingtonbanquets.com-0070-2016Redesign;en-US;636409009805308682#tr1xwl14gw2ce0k1gz5k0qxp;15789;1;0
Theharborsidehotel.com-0114-2017Redesign;en-US;636409009805308682#bun1rozuptl41vb0rm0o0ryb;40403;1;0
Samosetresort.com-0113-2017Redesign;en-US;636409009805308682#w2fjp2efh0uldtvragkxcajx;40334;1;0
Naiaresortandspa.com-0077-2016Redesign;en-US;636409009805308682#bosl0azvehc4z1pskdzkap2y;20455;1;0
Lakeplacidlodge.com-0105-2017Redesign;en-US;636409009805464684#ljnaqctsztfuef1wbxjyenia;39238;1;0
Luxehotels.com-0078-2016Redesign;en-US;636409009805464684#wh3kzo5ts0hiafse2qlwovlx;18805;1;0
Jupiterbeachresort.com-0103-2017Redesign;en-US;636409009805464684#sbsksfeurqf1ypaahbbjzxue;38052;1;0
Oxfordclubspa.com-0068-2016Redesign;en-US;636409009805620686#4fqdy20sicmjjegw0eo1wmbs;15568;1;0
Glencovemansion.com-0058-2015Redesign;en-US;636409009805776688#dx4tx4rdoxkj3wrak24wrur5;13328;1;0
Hospitalityupgrade.com-0093-2016Redesign;en-US;636409009809520736#hz3g5qrrbxbr1fodcs3tbgha;25405;1;0
Passport.lehotels.com-0069-2016BlogRedesign;en-US;636409009809520736#p5ttxfd1xhqhyafostcsperc;41068;1;0
Delraysandsresort.com-0097-2016Redesign;en-US;636409009809676738#2y15abytrj2lvdmwt0c5rrdk;38049;1;0
Zotabeachresort.com-0090-2016Redesign;en-US;636409009810612750#gqkvdvikc3om0b2tluatwfxa;22357;1;0
Newyorkpalacemeetings.com-0045-2015Redesign;en-US;636409009810924754#qibvtffv4ilppze2btkj1k4x;9207;1;0
Thesagamore.com-0112-2017Redesign;en-US;636409009814512800#2ybiahnphamesvuupp2vtz0m;32339;1;0
Opalsands.com-0084-2016Redesign;en-US;636409009815292810#df5ksyt0xzscxcg5s5agkl1p;20171;1;0
Newyorkpalacemeetings.com-0045-2015Redesign;en-US;636409009817008832#2ntsz3bo2dhcgr2ljbiaxk5f;9207;1;0
Napavalleymarriott.com-0071-2016Redesign;en-US;636409009821220886#10kiwbjqtiqgvnqea0xee3qu;16432;1;0
Thesagamore.com-0112-2017Redesign;en-US;636409009821376888#zkwbny0qovkl4dmyr13kdzr3;39241;1;0
Lidobeachresort.com-0106-2017Redesign;en-US;636409009821376888#0exml3mux3wizc0xybj3fjoy;38053;1;0
Longboatkeyclub.com-0104-2017Redesign;en-US;636409009821376888#ldzz0aybldcypazdusg3v0hc;38054;1;0
saddlebrook.com-0011-2014Redesign;en-US;636409009822468902#lql1vz3zhqx0xtg2msew3mw4;4565;1;0
Newyorkpalacemeetings.com-0045-2015Redesign;en-US;636409009824652930#gujbsjexuyli5sjkvoakioce;9207;1;0
Cendyn.com-0095-2016Redesign;en-US;636409009829800996#0jbvr5ulide5o3wdb2gee0q5;26640;1;0
Cendyn.com-0095-2016Redesign;en-US;636409009829800996#w5nns2r2bg5zxi4chi441dha;26640;1;0
Cendyn.com-0095-2016Redesign;en-US;636409009829956998#vqauh0bbw23apc4vih015lmz;26640;1;0
Cendyn.com-0095-2016Redesign;en-US;636409009829956998#hfyvej0licw3cilfubiwlytk;26640;1;0
Napavalleymarriott.com-0071-2016Redesign;en-US;636409009833857048#rlvbxsvbukapxi01ds50yst3;16454;1;0
Galthouse.com-0042-2015Redesign;en-US;636409009837445094#aidqrnx02eeo3gjmhn3m4bc0;10055;1;0
Sandpearl.com-0091-2016Redesign;en-US;636409009840409132#qdicx2wepuieibrjf0e3fppu;38056;1;0
Sandpearl.com-0091-2016Redesign;en-US;636409009841189142#cwrcdjo4w5v340ymspjhqxrs;22483;1;0
Laxembassy.com-0008-2014Redesign;en-US;636409009842905164#eeehw0wqpqs55bxassc4sjej;2078;1;0
Luxehotels.com-0078-2016Redesign;en-US;636409009842905164#zd0hc3dyplizxnubu05hnmrw;18833;1;0
Unionstationhotelnashville.com-0047-2015Redesign;en-US;636409009846493210#razziiemzvs2vlex4wt2qlj4;32226;1;0
Treasureislandbeachresort.com-0089-2016Redesign;en-US;636409009849457248#tuqfmw5uevqatzbtaokqpits;22217;1;0
Cendyn.com-0095-2016Redesign;en-US;636409009850549262#q3oquhb005r01asw5twtpgse;26640;1;0
Broadmoor.com-0073-2016Redesign;en-US;636409009850705264#na4zh4vgk1ywf1qya5j3zrka;38059;1;0
Thesagamore.com-0112-2017Redesign;en-US;636409009852889292#csuvvlmivsnt5u4eblsrlp1k;33922;1;0
Luxehotels.com-0078-2016Redesign;en-US;636409009853357298#smfgfg2aks4al4n44rdlx1rx;18833;1;0
Meateatery.com-0080-2016Redesign;en-US;636409009854605314#uocu0i2ft4k4btwipwk5zlay;18505;1;0
Beverlyhillsresidenceinn.com-0087-2016Redesign;en-US;636409009854761316#xabzkc3u1q1cjfaukr303eq5;20999;1;0
Bocatrans.com-0082-2016Redesign;en-US;636409009854761316#q0y0ftmtsfeopq21ymaejkek;19758;1;0
Hhotellosangeles.com-0118-2017Redesign;en-US;636409009854761316#2njwdi2nndziflauexwpdcz4;35289;1;0
Sandylane.com-0075-2016Redesign;en-US;636409009854917318#1amofdmdk3cdpm3peifie1v2;17611;1;0
Thecurtis.com-0079-2016Redesign;en-US;636409009854917318#wv2pahedmnfollcfzn5rstrh;17981;1;0
Halcyonhotelcherrycreek.com-0061-2015Redesign;en-US;636409009854917318#c42x2mhtvdledklmtcl0bi4n;22121;1;0
Texturefoodanddrink.com-0067-2016Redesign;en-US;636409009855073320#1bwy2wn22rcq3421jb1dk4bp;15452;1;0
Glencovemansion.com-0058-2015Redesign;en-US;636409009855229322#onixpi2ga1yomghdyu0wnp0l;13328;1;0
Assuranceoperations.com-0065-2015Redesign;en-US;636409009855229322#f2mxeiz5tp15zkdgpe1e0wx1;15263;1;0
Samosetresort.com-0113-2017Redesign;en-US;636409009855229322#xypfqi0tgupof4pd0nznvhgq;40334;1;0
Edgewaternaples.com-0094-2016Redesign;en-US;636409009855385324#eskrzuuue5vshhqbddmhhysn;38051;1;0
Bluebirch.com-0072-2016Redesign;en-US;636409009855541326#4rxbdhrhbvg0ggb0zibjklbj;16693;1;0
Opalsands.com-0084-2016Redesign;en-US;636409009855541326#aebd3ogobygp34sdrhvkqwy5;38055;1;0
Lakeplacidlodge.com-0105-2017Redesign;en-US;636409009855697328#kaw4h0b1odx5abehpyth1bqm;39238;1;0
Jupiterbeachresort.com-0103-2017Redesign;en-US;636409009856009332#5bj4ftpadcoq0hmblrdtxqnb;38052;1;0
Homewoodsuiteslax.com-0110-2017Redesign;en-US;636409009856009332#aqlzsltj2acyso2ieaa1fjzy;30747;1;0
Thecrawfordhotel.com-0074-2016Redesign;en-US;636409009856009332#lzeikdj1ihpmlxyiblaxwnbc;17145;1;0
Abbingtonbanquets.com-0070-2016Redesign;en-US;636409009856165334#1enz3bbqg3vu41ok0faclq25;15789;1;0
Washingtoncourthotel.com-0076-2016Redesign;en-US;636409009856165334#1nkv5se4x45b5p1dra1cynmb;17858;1;0
Degreerestaurant.com-0056-2015Redesign;en-US;636409009856321336#4ic3uf0gdvsveginhxv5buwo;11598;1;0
Theoxfordhotel.com-0062-2015Redesign;en-US;636409009856321336#xwukd0mkakgovas1yqjeuleo;14325;1;0
Oxfordclubspa.com-0068-2016Redesign;en-US;636409009856321336#nqn5sgkaw32vdsdz4kh3n4ex;15568;1;0
Treasureislandbeachresort.com-0089-2016Redesign;en-US;636409009856321336#yn3zyxsww4ne5jeq1gotgdts;38057;1;0
Jbdukehotel.com-0086-2016Redesign;en-US;636409009856477338#xwtc32n2urjuex2qdkypduts;21918;1;0
Chrco.com-0107-2017Redesign;en-US;636409009856633340#ry35qsnchytso2jrxxery3e0;29280;1;0
Galthouse.com-0042-2015Redesign;en-US;636409009856633340#t1os1pssgbhalfux1tqu0yyr;38060;1;0
Naiaresortandspa.com-0077-2016Redesign;en-US;636409009856633340#32nbu0zj0urzwze0ey1n3xoh;20455;1;0
Luxehotels.com-0078-2016Redesign;en-US;636409009856789342#51cmgzdlulhlf2dv0wu0tfyb;18805;1;0
Zotabeachresort.com-0090-2016Redesign;en-US;636409009856789342#hymte4mev0m2gheo0tcsz5tl;38058;1;0
Theharborsidehotel.com-0114-2017Redesign;en-US;636409009857101346#eolf5stinboecqcpszx3udwe;40403;1;0
Delraysandsresort.com-0097-2016Redesign;en-US;636409009859597378#cgxral3lcwgt1ipichgopiyt;38049;1;0
Hospitalityupgrade.com-0093-2016Redesign;en-US;636409009859597378#ejhypbbdrff03dlo4xcm1q4u;25405;1;0
Passport.lehotels.com-0069-2016BlogRedesign;en-US;636409009859753380#2ljuifj40mgpkl3umnvfkutn;41068;1;0
saddlebrook.com-0011-2014Redesign;en-US;636409009863653430#33bbrug0gxk2rjjwocv2jieq;3385;1;0
Cendyn.com-0095-2016Redesign;en-US;636409009865681456#n0ffwlt3g55nxogvy55hbmj0;26640;1;0
saddlebrook.com-0011-2014Redesign;en-US;636409009866305464#lql1vz3zhqx0xtg2msew3mw4;4567;1;0
saddlebrook.com-0011-2014Redesign;en-US;636409009867241476#33bbrug0gxk2rjjwocv2jieq;4534;1;0
Thesagamore.com-0112-2017Redesign;en-US;636409009871297528#b3wi14q514z4j1dc4o1jxvbb;39241;1;0
Longboatkeyclub.com-0104-2017Redesign;en-US;636409009871297528#gh20yt45i0zi3em4vhzvpo2v;38054;1;0
Lidobeachresort.com-0106-2017Redesign;en-US;636409009871297528#5vx2vi0zzy3341qzkhzktgtk;38053;1;0
Napavalleymarriott.com-0071-2016Redesign;en-US;636409009871453530#qgfznnwao1golyyktyfoz4vz;16432;1;0
Thesagamore.com-0112-2017Redesign;en-US;636409009873013550#1m0rnro3plnxgsn4wbr0iaet;33577;1;0
Bocatrans.com-0082-2016Redesign;en-US;636409009874885574#msb4z3bqrmkcwb2hwio1cebo;19762;1;0
Bocatrans.com-0082-2016Redesign;en-US;636409009875041576#a5g4psxxsvvhrkyz05senqpn;19764;1;0
Bocatrans.com-0082-2016Redesign;en-US;636409009875509582#m5mnlwbhprj1wzcowy1nd5px;19763;1;0
Cendyn.com-0095-2016Redesign;en-US;636409009876445594#opolg5oauyfjvfynmkqmfvsg;26640;1;0
Renaissancepittsburghpa.com-0044-2015Redesign;en-US;636409009878005614#ifor4qkk5felie0jbp3n3zqy;9637;1;0
Unionstationhotelnashville.com-0047-2015Redesign;en-US;636409009878629622#razziiemzvs2vlex4wt2qlj4;32226;1;0
Cendyn.com-0095-2016Redesign;en-US;636409009879721636#0q2ovcij31dn0yonct41gmkv;26640;1;0
Cendyn.com-0095-2016Redesign;en-US;636409009879721636#sreoeyjrez3xde3wruqyv2tv;26640;1;0
Cendyn.com-0095-2016Redesign;en-US;636409009879721636#xzsvjhlisxafcjkvossvnx3a;26640;1;0
Cendyn.com-0095-2016Redesign;en-US;636409009879721636#1equynaiqwk23hpv5gda2pp0;26640;1;0
Theloganhotel.com-0043-2015Redesign;en-US;636409009883621686#21fyvtvzl0jrzsisdybg1fdc;20218;1;0
Broadmoor.com-0073-2016Redesign;en-US;636409009883621686#2ck410yfo1ltnggmzfwqtqv0;16761;1;0
Thesagamore.com-0112-2017Redesign;en-US;636409009883621686#r4q0zsg1y5unpfzbhfwforgd;32355;1;0
Broadmoor.com-0073-2016Redesign;en-US;636409009883621686#nm55iturhsvnn5b1nmumbkjp;21232;1;0
Cendyn.com-0095-2016Redesign;en-US;636409009883621686#a4cir10ndxkyinobuv5xo05u;26640;1;0
Theloganhotel.com-0043-2015Redesign;en-US;636409009888457748#3klca1mcmp4e1n1hva2qrpuz;20218;1;0
Thesagamore.com-0112-2017Redesign;en-US;636409009890173770#w5i13kispopkrvmktllks3nv;32339;1;0
Sandpearl.com-0091-2016Redesign;en-US;636409009890329772#gvwv0h1pihzmmdodoj0p0t3w;38056;1;0
Hi-nyc.com-0108-2017Redesogm;en-US;636409009891265784#yow4s23zmsd0qtlfw2omnfgg;30080;1;0
Broadmoor.com-0073-2016Redesign;en-US;636409009893761816#thsuq04jx4rncuzy0izq3ewq;16756;1;0
Broadmoor.com-0073-2016Redesign;en-US;636409009897037858#ppnsddbvgunohrhtlirn1vnk;16721;1;0
Bocatrans.com-0082-2016Redesign;en-US;636409009897817868#0e4dmsdj1jcouohqgtxjmza3;19759;1;0
Cphollywoodbeach.com-0032-2015Redesign;en-US;636409009897973870#rcuzqqocbchy300jdwxv4wep;7831;1;0
Bocatrans.com-0082-2016Redesign;en-US;636409009898129872#v0a1b5ux2ch4ght2qnsnpe4e;19761;1;0
Broadmoor.com-0073-2016Redesign;en-US;636409009899845894#hdkf52i445ikzcuydrlrdf2h;16764;1;0
Cendyn.com-0095-2016Redesign;en-US;636409009900001896#pimil2snszq0dpiqhm3ytfyl;26640;1;0
Cendyn.com-0095-2016Redesign;en-US;636409009900625904#cmedkigabfxyundwt0x4e4ry;26640;1;0
Broadmoor.com-0073-2016Redesign;en-US;636409009900781906#qstgh2wtp3eohlcbzsvopawy;38059;1;0
Broadmoor.com-0073-2016Redesign;en-US;636409009901561916#hu5qzkmykkon22vamtwzx3l3;22159;1;0
Broadmoor.com-0073-2016Redesign;en-US;636409009902029922#2oqm05xnhrqpw3kejcca1klx;16721;1;0
Luxehotels.com-0078-2016Redesign;en-US;636409009902029922#rm3g10hjmebofehcszsmjxdw;18805;1;0
Broadmoor.com-0073-2016Redesign;en-US;636409009902809932#2oqm05xnhrqpw3kejcca1klx;16721;1;0
Lidobeachresort.com-0106-2017Redesign;en-US;636409009902965934#3t23cde0ajfj22frplkizzyu;29833;1;0
Broadmoor.com-0073-2016Redesign;en-US;636409009904057948#34l14hzsft2jxyrct1t0pprw;18259;1;0
Oxfordclubspa.com-0068-2016Redesign;en-US;636409009904681956#ramoppemk2mvzaltnzuxuncy;15568;1;0
Bluebirch.com-0072-2016Redesign;en-US;636409009904837958#u5mhig1tfjmjoc3s0vw3d0ky;16693;1;0
Galthouse.com-0042-2015Redesign;en-US;636409009904837958#xeugywx0u2pjsyixy1cvfr53;38060;1;0
Samosetresort.com-0113-2017Redesign;en-US;636409009904837958#c52pxwm3hlmoxc44kdvh55ie;40334;1;0
Zotabeachresort.com-0090-2016Redesign;en-US;636409009904993960#bvi1bxww3yavz0dzymhpkghj;38058;1;0
Abbingtonbanquets.com-0070-2016Redesign;en-US;636409009905149962#rkef3wu35qwtyogaiwyfcl3t;15789;1;0
Lakeplacidlodge.com-0105-2017Redesign;en-US;636409009905149962#r0n1dxxot4x2io1zbwdoe1ry;39238;1;0
Edgewaternaples.com-0094-2016Redesign;en-US;636409009905305964#ynp3q3sxoum5x2sudnkb42jy;38051;1;0
Halcyonhotelcherrycreek.com-0061-2015Redesign;en-US;636409009905305964#guzz0ed5siyscmu1qzibe5xb;22121;1;0
Bocatrans.com-0082-2016Redesign;en-US;636409009905305964#hmb4gtkywifoinpfxgnsqgld;19766;1;0
Texturefoodanddrink.com-0067-2016Redesign;en-US;636409009905461966#503uqvrjaazp4g2mecgam0ml;15452;1;0
Meateatery.com-0080-2016Redesign;en-US;636409009905461966#yly0gt2eybuwnmlvbcdywxcd;18505;1;0
Theoxfordhotel.com-0062-2015Redesign;en-US;636409009905461966#lncy0hspqjpu5x5xxvgwjrxe;14325;1;0
Hhotellosangeles.com-0118-2017Redesign;en-US;636409009905461966#n4gcbgvhetzwdzxrpccl0ibp;35289;1;0
Glencovemansion.com-0058-2015Redesign;en-US;636409009905461966#3gg2h10xtgnvcijbwmhqnph3;13328;1;0
Opalsands.com-0084-2016Redesign;en-US;636409009905617968#mwz5po1ezixe3zgo0c3wexg2;38055;1;0
Homewoodsuiteslax.com-0110-2017Redesign;en-US;636409009905617968#w1dcmdsbjfneq0kgybrwiiuz;30747;1;0
Thecurtis.com-0079-2016Redesign;en-US;636409009905773970#mwek4b3ukj44j2nv2viztw32;17981;1;0
Beverlyhillsresidenceinn.com-0087-2016Redesign;en-US;636409009905773970#d5eed4y3ei2lmacuifmy2kdd;20999;1;0
Jbdukehotel.com-0086-2016Redesign;en-US;636409009905773970#my3pxtunldgshrvl4jzxskam;21918;1;0
Assuranceoperations.com-0065-2015Redesign;en-US;636409009905929972#0gtoe3ivmtip2ih1mrj3jlvc;15263;1;0
Washingtoncourthotel.com-0076-2016Redesign;en-US;636409009905929972#lejb4ccsep1jyorc1fisdaiu;17858;1;0
Jupiterbeachresort.com-0103-2017Redesign;en-US;636409009905929972#5yfvvkakq2jmuwa4pi5kdblv;38052;1;0
Sandylane.com-0075-2016Redesign;en-US;636409009906085974#1oqqqwzbawrqqbecnutbqvtx;17611;1;0
Degreerestaurant.com-0056-2015Redesign;en-US;636409009906085974#i4mdcrce4oege0v5jup4uhrn;11598;1;0
Luxehotels.com-0078-2016Redesign;en-US;636409009906085974#5bptxs3jk1bbnr22dilj0wpo;18805;1;0
Naiaresortandspa.com-0077-2016Redesign;en-US;636409009906241976#1hoh2q2haw5shgcuou1vmi4o;20455;1;0
Thecrawfordhotel.com-0074-2016Redesign;en-US;636409009906397978#wyvhv01u31sitjxrlrkialjg;17145;1;0
Theharborsidehotel.com-0114-2017Redesign;en-US;636409009906397978#s4nmwitovpdlttbq1urplnjs;40403;1;0
Chrco.com-0107-2017Redesign;en-US;636409009906397978#kgeqj5h5gzaef1ik1s2vykr2;29280;1;0
Treasureislandbeachresort.com-0089-2016Redesign;en-US;636409009906397978#mbgujot5meojfwaom2kzglnp;38057;1;0
Bocatrans.com-0082-2016Redesign;en-US;636409009906709982#lmhuapospchqbz2h4ius4wyz;19758;1;0
Hospitalityupgrade.com-0093-2016Redesign;en-US;636409009909674020#nfedlqwyd0ysufhvz0nk4edr;25405;1;0
Delraysandsresort.com-0097-2016Redesign;en-US;636409009909674020#rgekc2ue0bhvi3sl5zahwl3u;38049;1;0
Passport.lehotels.com-0069-2016BlogRedesign;en-US;636409009909674020#21oadbo20kqaqadoy54odvu3;41068;1;0
Galthouse.com-0042-2015Redesign;en-US;636409009910454030#kot2iswn1g3cz0z0vpg11r4p;10567;1;0
Bocatrans.com-0082-2016Redesign;en-US;636409009910610032#mrhbry0deqvpjqtcnyidchxl;19769;1;0
Luxehotels.com-0078-2016Redesign;en-US;636409009914822086#24dudh3520blbqhaypim4d5d;18805;1;0
Thelodgeatwoodloch.com-0033-2015Redesign;en-US;636409009916382106#g4qopa3xba4zxeibxoxzvpms;8268;1;0
Broadmoor.com-0073-2016Redesign;en-US;636409009918566134#2ck410yfo1ltnggmzfwqtqv0;16761;1;0
Samosetresort.com-0113-2017Redesign;en-US;636409009919658148#hda3jrnqkviubgij2eaahw1m;35127;1;0
Napavalleymarriott.com-0071-2016Redesign;en-US;636409009921218168#fgmgdlfaek4udcy3wf2t25y3;16432;1;0
Longboatkeyclub.com-0104-2017Redesign;en-US;636409009921218168#nxlembc5jwmzmr53cdq0pecf;38054;1;0
Lidobeachresort.com-0106-2017Redesign;en-US;636409009921218168#nmf0gqxk31swer5nuizs5u32;38053;1;0
Thesagamore.com-0112-2017Redesign;en-US;636409009921218168#p4naiahqm2euz2bexampl4kr;39241;1;0
Bocatrans.com-0082-2016Redesign;en-US;636409009922466184#xpedpzgr0mt2dnj5ekwnrnvk;19770;1;0
Bocatrans.com-0082-2016Redesign;en-US;636409009922466184#2fgxojluqo02oaq5bzbgsxws;19765;1;0
Hospitalityupgrade.com-0093-2016Redesign;en-US;636409009926678238#vpxmh3rnjdvvop5cbl3hpwvc;22790;1;0
saddlebrook.com-0011-2014Redesign;en-US;636409009927458248#lql1vz3zhqx0xtg2msew3mw4;4570;1;0
Denvercy.com-0036-2015Redesign;en-US;636409009927614250#yrsbutjwjc32r4ty0imx05lr;8150;1;0
Unionstationhotelnashville.com-0047-2015Redesign;en-US;636409009927770252#razziiemzvs2vlex4wt2qlj4;24058;1;0
Cendyn.com-0095-2016Redesign;en-US;636409009929798278#ocuorbgwergkgep4jq5dqt4t;26640;1;0
Cendyn.com-0095-2016Redesign;en-US;636409009929798278#etdy3xhr0vxfxthrfwl2g1b1;26640;1;0
Cendyn.com-0095-2016Redesign;en-US;636409009929798278#4s3e4ff3hxbwwr1w3ifx31l0;26640;1;0
Cendyn.com-0095-2016Redesign;en-US;636409009929798278#xcy0ug5wjcsvztwnrsskdxpp;26640;1;0
saddlebrook.com-0011-2014Redesign;en-US;636409009934166334#detopl15ucmgij1wdgzagxyz;3486;1;0
Hospitalityupgrade.com-0093-2016Redesign;en-US;636409009939158398#2lcvjpjj330r2dc5fie5qdf5;25405;1;0
Halcyonhotelcherrycreek.com-0061-2015Redesign;en-US;636409009939158398#svtaqojzxl3ivbq3ndl1sd1a;41221;1;0
Sandpearl.com-0091-2016Redesign;en-US;636409009940406414#erg2wzudpkc1fivdxpnej5th;38056;1;0
Luxehotels.com-0078-2016Redesign;en-US;636409009941498428#rm3g10hjmebofehcszsmjxdw;18805;1;0
Bocatrans.com-0082-2016Redesign;en-US;636409009942122436#oj1p0g2kddkwgoaacf41a41p;19758;1;0
Hospitalityupgrade.com-0093-2016Redesign;en-US;636409009944306464#2lcvjpjj330r2dc5fie5qdf5;26755;1;0
Galthouse.com-0042-2015Redesign;en-US;636409009945398478#o5n43qygno010ledqbbryjn0;10568;1;0
Cendyn.com-0095-2016Redesign;en-US;636409009950546544#pr3aa2ho2m5fqiij04d0vky3;26640;1;0
Broadmoor.com-0073-2016Redesign;en-US;636409009950858548#01lt12nmkxjaepqnefbhbfjx;38059;1;0
Luxehotels.com-0078-2016Redesign;en-US;636409009954602596#xcl5oinn3i5ozhpqdjlriqgq;18805;1;0
Hhotellosangeles.com-0118-2017Redesign;en-US;636409009954602596#hdun1zdulg32htotbyex4hfi;35289;1;0
Oxfordclubspa.com-0068-2016Redesign;en-US;636409009954602596#wscfvs0j3didzfptl5s2edjh;15568;1;0
Abbingtonbanquets.com-0070-2016Redesign;en-US;636409009954602596#k2dhe13qddcblrlz1lsvafoj;15789;1;0
Jupiterbeachresort.com-0103-2017Redesign;en-US;636409009954602596#een4n1og1z1bxh4qor51uqr0;38052;1;0
Degreerestaurant.com-0056-2015Redesign;en-US;636409009954602596#pmiomouyrslknn3dl0vxeeko;11598;1;0
Bluebirch.com-0072-2016Redesign;en-US;636409009954602596#mkhamqacywfmgw4briefqzlt;16693;1;0
Edgewaternaples.com-0094-2016Redesign;en-US;636409009954602596#fxg4tay5rsq1smrfbgw31naf;38051;1;0
Meateatery.com-0080-2016Redesign;en-US;636409009954758598#bmpnynhm34sa0xov4ybovxli;18505;1;0
Zotabeachresort.com-0090-2016Redesign;en-US;636409009954758598#4tf2sztj32vqzarc1xuuz2mx;38058;1;0
Lakeplacidlodge.com-0105-2017Redesign;en-US;636409009954758598#cikpxnkker2l2vftae0y52gg;39238;1;0
Washingtoncourthotel.com-0076-2016Redesign;en-US;636409009954758598#omezjt5vc2rqnpgmvrubtfzz;17858;1;0
Jbdukehotel.com-0086-2016Redesign;en-US;636409009954758598#rl4yku5d3zezy5zzdntuurcy;21918;1;0
Texturefoodanddrink.com-0067-2016Redesign;en-US;636409009954758598#mp15zt5jqgnqp0g2ainij5xa;15452;1;0
Naiaresortandspa.com-0077-2016Redesign;en-US;636409009954914600#tcoqakndyxttsfs3omkhfjrl;20455;1;0
Assuranceoperations.com-0065-2015Redesign;en-US;636409009954914600#z5zuf4nkpddmlkn2f1ndhdgz;15263;1;0
Samosetresort.com-0113-2017Redesign;en-US;636409009954914600#roe5bd4edsomw5jonuokfsup;40334;1;0
Thecrawfordhotel.com-0074-2016Redesign;en-US;636409009954914600#pfrl2mwakr1mn3ati5l40uov;17145;1;0
Halcyonhotelcherrycreek.com-0061-2015Redesign;en-US;636409009954914600#30busfcnkvpvarjevbjyvued;22121;1;0
Theoxfordhotel.com-0062-2015Redesign;en-US;636409009954914600#w2j2q0ky1cjyarw5hoq5imrv;14325;1;0
Bocatrans.com-0082-2016Redesign;en-US;636409009954914600#hu4bx45nozk0h4car1cz1e00;19758;1;0
Opalsands.com-0084-2016Redesign;en-US;636409009954914600#rx1nn5slammbtm3mg3vu1pdf;38055;1;0
Beverlyhillsresidenceinn.com-0087-2016Redesign;en-US;636409009955070602#ms4ostpq5kynphhp3mcfbzug;20999;1;0
Thecurtis.com-0079-2016Redesign;en-US;636409009955070602#e5zdydr2jxmgc4cw3i1ga3yg;17981;1;0
Theharborsidehotel.com-0114-2017Redesign;en-US;636409009955070602#fb3nv0xh3x04jpvo53w2a2c0;40403;1;0
Chrco.com-0107-2017Redesign;en-US;636409009955070602#wzf4kvfbjanj3mec4wxsl5mc;29280;1;0
Treasureislandbeachresort.com-0089-2016Redesign;en-US;636409009955226604#kj5efuldzjtlezqfexxkkjir;38057;1;0
Galthouse.com-0042-2015Redesign;en-US;636409009955226604#ap13mpccg225fkrdriutj1pi;38060;1;0
Thesagamore.com-0112-2017Redesign;en-US;636409009955382606#ksut5kovffr2jjc0med11y14;32339;1;0
Sandylane.com-0075-2016Redesign;en-US;636409009955382606#s5p1dkier5axa2wcao3wrwg4;17611;1;0
Glencovemansion.com-0058-2015Redesign;en-US;636409009955382606#0yj11dxkh2muu5rlgpu4olol;13328;1;0
Homewoodsuiteslax.com-0110-2017Redesign;en-US;636409009955538608#yrwp53jvvisp5hcjns4nxfya;30747;1;0
Thesagamore.com-0112-2017Redesign;en-US;636409009956318618#ksut5kovffr2jjc0med11y14;32339;1;0
Broadmoor.com-0073-2016Redesign;en-US;636409009958034640#yogsvazfr35vpqsx0uf0dxyb;16721;1;0
Hospitalityupgrade.com-0093-2016Redesign;en-US;636409009959594660#xd3bmrbgbhtuzznrp45j45jq;25405;1;0
Delraysandsresort.com-0097-2016Redesign;en-US;636409009959594660#4de3ckiwruetbzmerov05sgc;38049;1;0
Passport.lehotels.com-0069-2016BlogRedesign;en-US;636409009959750662#je3kk5t25cr1tux1jyloksws;41068;1;0
Halcyonhotelcherrycreek.com-0061-2015Redesign;en-US;636409009960062666#svtaqojzxl3ivbq3ndl1sd1a;22121;1;0
Springhillsuitesdenver.com-0060-2015Redesign;en-US;636409009963494710#srijjyu3toler34a5h4odqr4;12464;1;0
wentworthcom00212014redesign;en-US;636409009966770752#0fll5iwtlxmlsfqc1cqgdxxt;26679;1;0
Hospitalityupgrade.com-0093-2016Redesign;en-US;636409009969734790#bb5cy1uj1wvqu55owcikzuic;25405;1;0
Longboatkeyclub.com-0104-2017Redesign;en-US;636409009971606814#i10mo5i03mxoeriikxiwulyx;38054;1;0
Thesagamore.com-0112-2017Redesign;en-US;636409009971606814#nztdptl4eolf0vfnsrpb5lmf;39241;1;0
Napavalleymarriott.com-0071-2016Redesign;en-US;636409009971762816#mqlxqmaah00ev0h3xn30uzlp;16432;1;0
Lidobeachresort.com-0106-2017Redesign;en-US;636409009971762816#yhtncxw53ntnrwbhd0rwvgth;38053;1;0
Casaybelresort.com-0002-2014Redesign;en-US;636409009973010832#einog4sbodefwxttq2re5fay;1613;1;0
Washingtoncourthotel.com-0076-2016Redesign;en-US;636409009973946844#d2022alyotbxbt4myj5iexdq;17911;1;0
Cendyn.com-0095-2016Redesign;en-US;636409009979718918#2hvbtnqpwctyukedhnmffv4j;26640;1;0
Cendyn.com-0095-2016Redesign;en-US;636409009979718918#d4cfejcwfz4xjqvfr42e3px0;26640;1;0
Cendyn.com-0095-2016Redesign;en-US;636409009979718918#ax2f4jqcfyvfu1itlhrcaxjl;26640;1;0
Cendyn.com-0095-2016Redesign;en-US;636409009979718918#xyqfcux4hqkc1cslc4ztt0yd;26640;1;0
wentworthcom00212014redesign;en-US;636409009982838958#0fll5iwtlxmlsfqc1cqgdxxt;26679;1;0
Thecurtis.com-0079-2016Redesign;en-US;636409009983774970#25uywdowic2eokhjobzcwxik;17981;1;0
wentworthcom00212014redesign;en-US;636409009984242976#0fll5iwtlxmlsfqc1cqgdxxt;26679;1;0
Unionstationhotelnashville.com-0047-2015Redesign;en-US;636409009985334990#razziiemzvs2vlex4wt2qlj4;24062;1;0
Theloganhotel.com-0043-2015Redesign;en-US;636409009987051012#3klca1mcmp4e1n1hva2qrpuz;9119;1;0
Thesagamore.com-0112-2017Redesign;en-US;636409009987987024#kc5k5sskmr5hzaygf1aszzfh;32339;1;0
wentworthcom00212014redesign;en-US;636409009988455030#0fll5iwtlxmlsfqc1cqgdxxt;26679;1;0
Galthouse.com-0042-2015Redesign;en-US;636409009989235040#kot2iswn1g3cz0z0vpg11r4p;10564;1;0
Broadmoor.com-0073-2016Redesign;en-US;636409009989859048#ixyuwhux1gwzirugd4iear02;18259;1;0
Sandpearl.com-0091-2016Redesign;en-US;636409009990171052#xqrjduvv1ctmdj2mb1raw1is;38056;1;0
Cendyn.com-0095-2016Redesign;en-US;636409009994695110#f1dudmevohynbbr5bcxwrdoz;26640;1;0
Thesagamore.com-0112-2017Redesign;en-US;636409009995163116#lzfphzfugjt2gwvw43y10sey;33466;1;0
Galthouse.com-0042-2015Redesign;en-US;636409009996099128#issjlanhf4v3talyzuzakcom;10558;1;0
Thesagamore.com-0112-2017Redesign;en-US;636409009999219168#kc5k5sskmr5hzaygf1aszzfh;32339;1;0
Cendyn.com-0095-2016Redesign;en-US;636409010000467184#sbsxg2kxgoszcnedwtsjracx;26640;1;0
Broadmoor.com-0073-2016Redesign;en-US;636409010000779188#labummny32pxtlyncxh5ukqq;38059;1;0
Thesagamore.com-0112-2017Redesign;en-US;636409010004055230#t3feevvgdyi2qg5dbzmpbw5j;32387;1;0
Oxfordclubspa.com-0068-2016Redesign;en-US;636409010004523236#tuojxsrgywvcklubnqgfixht;15568;1;0
Abbingtonbanquets.com-0070-2016Redesign;en-US;636409010004523236#g2nbrznubfhea50xuekltqpz;15789;1;0
Meateatery.com-0080-2016Redesign;en-US;636409010004523236#fitknd4p0gjvgrp0zhm3jvhr;18505;1;0
Thecrawfordhotel.com-0074-2016Redesign;en-US;636409010004523236#ru0sidziu3ks5fpgrmvvmih0;17145;1;0
Assuranceoperations.com-0065-2015Redesign;en-US;636409010004991242#qji2jxswbsnfdljwcxhgk5y1;15263;1;0
Thecurtis.com-0079-2016Redesign;en-US;636409010004991242#d4j4ynnlrfwte35cymfajcxn;17981;1;0
Bocatrans.com-0082-2016Redesign;en-US;636409010004991242#0c1ped5peppmxltmdggttmis;19758;1;0
Washingtoncourthotel.com-0076-2016Redesign;en-US;636409010004991242#tg4uanlgtvn5l1a25gmzgfvp;17858;1;0
Beverlyhillsresidenceinn.com-0087-2016Redesign;en-US;636409010004991242#eupxjtd32w5nvgtwksh0mztv;20999;1;0
Hhotellosangeles.com-0118-2017Redesign;en-US;636409010004991242#yacocvgnrlre5u23n03ufo4t;35289;1;0
Degreerestaurant.com-0056-2015Redesign;en-US;636409010004991242#rix42fha0jjo5z3qh5kkyg2c;11598;1;0
Theharborsidehotel.com-0114-2017Redesign;en-US;636409010005147244#ylxpw1dufqil1n50jo4dhsul;40403;1;0
Homewoodsuiteslax.com-0110-2017Redesign;en-US;636409010005147244#ctzaud0qudbxbid5ocvjccmj;30747;1;0
Sandylane.com-0075-2016Redesign;en-US;636409010005147244#d4cploxolugi1rvbnlsubqxw;17611;1;0
Bluebirch.com-0072-2016Redesign;en-US;636409010005303246#00fm1scxahsare4pz0cb5hzf;16693;1;0
Zotabeachresort.com-0090-2016Redesign;en-US;636409010005303246#u4mvuj1zg1md3k2r0pfol1jp;38058;1;0
Glencovemansion.com-0058-2015Redesign;en-US;636409010005303246#sipctdqdhypvqvv0yfxsy3f5;13328;1;0
Edgewaternaples.com-0094-2016Redesign;en-US;636409010005303246#a5lpacizr0lrievvpcrqxq53;38051;1;0
Treasureislandbeachresort.com-0089-2016Redesign;en-US;636409010005303246#jo2zncjxlwn0aotk2ldqw0z4;38057;1;0
Galthouse.com-0042-2015Redesign;en-US;636409010005303246#rsbv3rtmrsa0wuf1tugeb02m;38060;1;0
Chrco.com-0107-2017Redesign;en-US;636409010005303246#kbircli5zex541snf3x3yfmi;29280;1;0
Texturefoodanddrink.com-0067-2016Redesign;en-US;636409010005459248#0mdgx1gnv1zmbrt1yonasudc;15452;1;0
Naiaresortandspa.com-0077-2016Redesign;en-US;636409010005459248#h1ke5pnzxxifmzlqpqbsgx0p;20455;1;0
Opalsands.com-0084-2016Redesign;en-US;636409010005459248#ytdp1vmhj4bwpoxouqx5u10m;38055;1;0
Jbdukehotel.com-0086-2016Redesign;en-US;636409010005459248#r4hs3tzhgzzeztftzobc1bsb;21918;1;0
Samosetresort.com-0113-2017Redesign;en-US;636409010005615250#earaapnktex4zsbvu4uztljy;40334;1;0
Theoxfordhotel.com-0062-2015Redesign;en-US;636409010005615250#4ceifwuh3mr0vjzwcpurblmc;14325;1;0
Luxehotels.com-0078-2016Redesign;en-US;636409010005615250#oo5e1nsx5becct2zltvqd5d4;18805;1;0
Halcyonhotelcherrycreek.com-0061-2015Redesign;en-US;636409010005615250#52fr1zvptddq1l05bezzlqo5;22121;1;0
Jupiterbeachresort.com-0103-2017Redesign;en-US;636409010005615250#eisrknl1pt1c14mxf4dnpi4g;38052;1;0
Lakeplacidlodge.com-0105-2017Redesign;en-US;636409010005771252#xuo2i3zcacoqriadimctkuuh;39238;1;0
Hospitalityupgrade.com-0093-2016Redesign;en-US;636409010009671302#tvmpzfqub3jzhhe3lhmjebg4;25405;1;0
Passport.lehotels.com-0069-2016BlogRedesign;en-US;636409010009671302#ut4jilg021w0z0qae35dzorw;41068;1;0
Delraysandsresort.com-0097-2016Redesign;en-US;636409010009671302#ica4cclzfm3q0pzexjcjb0ph;38049;1;0
Sandpearl.com-0091-2016Redesign;en-US;636409010009827304#i1eqyw5ujvzsmpafpufgf5ql;22481;1;0
Springhillsuitesdenver.com-0060-2015Redesign;en-US;636409010011543326#lldzzkpr20mlod3xbumgtiqi;12307;1;0
Thesagamore.com-0112-2017Redesign;en-US;636409010012635340#fz0l3mwi1c35eapngbnbwjnt;32339;1;0
Galthouse.com-0042-2015Redesign;en-US;636409010013103346#q3dzykapzatyqkhgm1s15kds;31905;1;0
Lakeplacidlodge.com-0105-2017Redesign;en-US;636409010013415350#31mrfi5scsacmgfxi02u0tgt;32804;1;0
Cendyn.com-0095-2016Redesign;en-US;636409010014195360#f1dudmevohynbbr5bcxwrdoz;26640;1;0
Broadmoor.com-0073-2016Redesign;en-US;636409010014663366#br3cwrqfwnpu3mt2m1iwjwwd;16724;1;0
Jbdukehotel.com-0086-2016Redesign;en-US;636409010015755380#uwebarja2rdmmu4zwzctmp05;21934;1;0
Washingtoncourthotel.com-0076-2016Redesign;en-US;636409010016847394#d2022alyotbxbt4myj5iexdq;17955;1;0
Longboatkeyclub.com-0104-2017Redesign;en-US;636409010021371452#gtx2y31chmyrcdq1bzlaokuc;38054;1;0
Napavalleymarriott.com-0071-2016Redesign;en-US;636409010021527454#p32jum1fimy3klprm3ns5ghh;16432;1;0
Lidobeachresort.com-0106-2017Redesign;en-US;636409010021683456#efibjbad3wc5znepoyqo534u;38053;1;0
Thesagamore.com-0112-2017Redesign;en-US;636409010021839458#wwub4kf50mophyv3bf0utihb;39241;1;0
Chrco.com-0107-2017Redesign;en-US;636409010022151462#ccrap23iqupzgypq2irykbda;29280;1;0
saddlebrook.com-0011-2014Redesign;en-US;636409010023243476#lql1vz3zhqx0xtg2msew3mw4;4569;1;0
Cendyn.com-0095-2016Redesign;en-US;636409010029639558#r2z4krvu0fovq1is4uaqpngz;26640;1;0
Cendyn.com-0095-2016Redesign;en-US;636409010029639558#1ggsdfhulm4snyk1hjpznipv;26640;1;0
Cendyn.com-0095-2016Redesign;en-US;636409010029795560#pzwd1z4mx2xuluzuyl3yqtna;26640;1;0
Cendyn.com-0095-2016Redesign;en-US;636409010029795560#mncuicqascvby10zjxwbchvw;26640;1;0
Jbdukehotel.com-0086-2016Redesign;en-US;636409010029795560#xvvnjauc1qgyrf5sbqfku0jn;21918;1;0
Broadmoor.com-0073-2016Redesign;en-US;636409010030419568#hdkf52i445ikzcuydrlrdf2h;16721;1;0
Broadmoor.com-0073-2016Redesign;en-US;636409010030575570#4mz3bxz5kcb4pidxsycvajs5;16721;1;0
Jbdukehotel.com-0086-2016Redesign;en-US;636409010031355580#uwebarja2rdmmu4zwzctmp05;21918;1;0
Sandpearl.com-0091-2016Redesign;en-US;636409010040247694#ks4rsiliiyw1zrht0eyuxcgw;38056;1;0
Thesagamore.com-0112-2017Redesign;en-US;636409010040559698#fz0l3mwi1c35eapngbnbwjnt;32339;1;0
Renaissancepittsburghpa.com-0044-2015Redesign;en-US;636409010042587724#vrduvsyolsxih3qsehxsrlfp;9637;1;0
Thesagamore.com-0112-2017Redesign;en-US;636409010044615750#fz0l3mwi1c35eapngbnbwjnt;32339;1;0
Thesagamore.com-0112-2017Redesign;en-US;636409010044927754#beksat4hyau34015k24qynvm;32339;1;0
Luxehotels.com-0078-2016Redesign;en-US;636409010046331772#1p5dxngnxqb2xhxc1lxycxus;19275;1;0
Thelodgeatwoodloch.com-0033-2015Redesign;en-US;636409010046799778#gjkmmxyxgqs2sljogknsuyrr;8254;1;0
Napavalleymarriott.com-0071-2016Redesign;en-US;636409010047111782#vxo23aiyynqbckdzlwpxhbgo;16432;1;0
Cendyn.com-0095-2016Redesign;en-US;636409010050543826#lekrvxd5oyjpr3kp2hjohxzl;26640;1;0
Broadmoor.com-0073-2016Redesign;en-US;636409010050699828#cqi00wmrm33mfekvdfu5vyty;38059;1;0
Meateatery.com-0080-2016Redesign;en-US;636409010054599878#y5rxk3ztktfvhulou2w5d422;18505;1;0
Naiaresortandspa.com-0077-2016Redesign;en-US;636409010054599878#ech3y3dr3m2jgz20gdgnkapm;20455;1;0
Assuranceoperations.com-0065-2015Redesign;en-US;636409010054599878#bs0a2jd4mwu4luuge3qj2tex;15263;1;0
Abbingtonbanquets.com-0070-2016Redesign;en-US;636409010054599878#mjng5mkg1vpnhqru5f4fiq3u;15789;1;0
Thecrawfordhotel.com-0074-2016Redesign;en-US;636409010054599878#0qbmqzot35pbp0plkyohbn5n;17145;1;0
Texturefoodanddrink.com-0067-2016Redesign;en-US;636409010054599878#5wjoyrkxcszob31cepztarow;15452;1;0
Hhotellosangeles.com-0118-2017Redesign;en-US;636409010054599878#auylvoonnfeaueiigh3f2fyw;35289;1;0
Thecurtis.com-0079-2016Redesign;en-US;636409010054911882#4e1jz35acingmgs4y2hp3y0a;17981;1;0
Beverlyhillsresidenceinn.com-0087-2016Redesign;en-US;636409010054911882#g5yzvm3pxy2rweluj35fxg04;20999;1;0
Oxfordclubspa.com-0068-2016Redesign;en-US;636409010054911882#3hv4vi2wbgdpmkimxs4ts1en;15568;1;0
Sandylane.com-0075-2016Redesign;en-US;636409010054911882#urlxaol0yyvl3huz0jf0opok;17611;1;0
Galthouse.com-0042-2015Redesign;en-US;636409010054911882#oxnzw0pazqjq0o21r1uruig2;38060;1;0
Bocatrans.com-0082-2016Redesign;en-US;636409010054911882#4xii4kg3ucr2d2qv1qrjki45;19758;1;0
Theharborsidehotel.com-0114-2017Redesign;en-US;636409010055067884#5epulrkgzljvrp5phq3sag2d;40403;1;0
Samosetresort.com-0113-2017Redesign;en-US;636409010055067884#05g3aouch1ww1zg4oervpwku;40334;1;0
Halcyonhotelcherrycreek.com-0061-2015Redesign;en-US;636409010055067884#ppfkbikqu3ytar4twkhm5zyz;22121;1;0
Degreerestaurant.com-0056-2015Redesign;en-US;636409010055067884#5csf3cx5qkcpwkg3n5cuffni;11598;1;0
Theoxfordhotel.com-0062-2015Redesign;en-US;636409010055067884#i05mq1i3cdtlhk13f1tgs5lo;14325;1;0
Luxehotels.com-0078-2016Redesign;en-US;636409010055067884#ge30yqif20duxjhjkrqa3htb;18805;1;0
Edgewaternaples.com-0094-2016Redesign;en-US;636409010055223886#mg4al3dj2x2hf5hh3ll05p20;38051;1;0
Zotabeachresort.com-0090-2016Redesign;en-US;636409010055223886#ffuyt1gp5gwzo11fqeifrp4v;38058;1;0
Chrco.com-0107-2017Redesign;en-US;636409010055223886#i4h3k1b4tbit044oci5gbh3w;29280;1;0
Jupiterbeachresort.com-0103-2017Redesign;en-US;636409010055223886#1af31tkcmq0wupdce4uxbvb4;38052;1;0
Opalsands.com-0084-2016Redesign;en-US;636409010055223886#qdmmuc2jfg322ieoadw02vgj;38055;1;0
Lakeplacidlodge.com-0105-2017Redesign;en-US;636409010055223886#50n00wnru2asufmgyxre1ojm;39238;1;0
Treasureislandbeachresort.com-0089-2016Redesign;en-US;636409010055379888#3y2z50skbvzb1kclgqzdg5br;38057;1;0
Homewoodsuiteslax.com-0110-2017Redesign;en-US;636409010055535890#fobld1ysbcm5ufr4wv5nru5w;30747;1;0
Glencovemansion.com-0058-2015Redesign;en-US;636409010055535890#d22k3r0jpqxgcy40rvwt2g0o;13328;1;0
Bluebirch.com-0072-2016Redesign;en-US;636409010055691892#mifpwp2pxrx5vtefsbapfixr;16693;1;0
Jbdukehotel.com-0086-2016Redesign;en-US;636409010055691892#iocg2qnp2kduv5kwuedthtbu;21918;1;0
Washingtoncourthotel.com-0076-2016Redesign;en-US;636409010055691892#mwokaki15kpvcgl4zrlcooap;17858;1;0
Sandylane.com-0075-2016Redesign;en-US;636409010056627904#0ocu3wmgy2lzl4ezsjus4jjk;17698;1;0
Napavalleymarriott.com-0071-2016Redesign;en-US;636409010057251912#2h5xkj01oe1ezupi3zpcxb2j;16432;1;0
Thesagamore.com-0112-2017Redesign;en-US;636409010057719918#beksat4hyau34015k24qynvm;32339;1;0
Passport.lehotels.com-0069-2016BlogRedesign;en-US;636409010059591942#rtkyqzittllrg1pz1pdkjtdq;41068;1;0
Delraysandsresort.com-0097-2016Redesign;en-US;636409010059747944#yjiccjjeca3nvqlua3arge5j;38049;1;0
Thesagamore.com-0112-2017Redesign;en-US;636409010059903946#gvfpn0wweujvr3jwz1hh3plz;32339;1;0
Hospitalityupgrade.com-0093-2016Redesign;en-US;636409010060215950#ksh4z3iiblglpcgsjqdlm3zn;25405;1;0
Theoxfordhotel.com-0062-2015Redesign;en-US;636409010066456030#ksbs0jwsjei2pdnivllgtfdr;14325;1;0
Springhillsuitesdenver.com-0060-2015Redesign;en-US;636409010067080038#lldzzkpr20mlod3xbumgtiqi;12307;1;0
Theoxfordhotel.com-0062-2015Redesign;en-US;636409010069888074#ksbs0jwsjei2pdnivllgtfdr;14325;1;0
Lidobeachresort.com-0106-2017Redesign;en-US;636409010071136090#v2gekl1pnyn1lbt4mkwto30a;38053;1;0
Napavalleymarriott.com-0071-2016Redesign;en-US;636409010071136090#fa5rhoosk2bzlpfnsfhhevzh;16432;1;0
Thesagamore.com-0112-2017Redesign;en-US;636409010071136090#f0brsccgdygfpwgderxtmlri;39241;1;0
Longboatkeyclub.com-0104-2017Redesign;en-US;636409010071448094#arv3eivescm0kxzpu5jo4nnt;38054;1;0
Sandpearl.com-0091-2016Redesign;en-US;636409010072384106#dctv52skggvgbwz3kt2u3ixz;22481;1;0
Galthouse.com-0042-2015Redesign;en-US;636409010075192142#kot2iswn1g3cz0z0vpg11r4p;10566;1;0
Luxehotels.com-0078-2016Redesign;en-US;636409010077844176#1p5dxngnxqb2xhxc1lxycxus;18805;1;0
Cendyn.com-0095-2016Redesign;en-US;636409010079716200#cppfp22hfuio20tatypcnyss;26640;1;0
Cendyn.com-0095-2016Redesign;en-US;636409010079716200#bkuioucwlsihs3dum14pgjaw;26640;1;0
Cendyn.com-0095-2016Redesign;en-US;636409010079716200#1cflzpeknsni3b1wop0jeh0h;26640;1;0
Cendyn.com-0095-2016Redesign;en-US;636409010079716200#b2oeranfzvb3y3k1q454q24q;26640;1;0
Cocokeyorlando.com-0059-2015Redesign;en-US;636409010080652212#niuqjunn2dsxgeesghj43ain;12634;1;0
Chrco.com-0107-2017Redesign;en-US;636409010080808214#ccrap23iqupzgypq2irykbda;29280;1;0
Thecurtis.com-0079-2016Redesign;en-US;636409010081744226#25uywdowic2eokhjobzcwxik;18015;1;0
Broadmoor.com-0073-2016Redesign;en-US;636409010082368234#ppnsddbvgunohrhtlirn1vnk;16721;1;0
Luxehotels.com-0078-2016Redesign;en-US;636409010082836240#dzcubhdjv5p0o3ubnjhn1jtf;19297;1;0
wentworthcom00212014redesign;en-US;636409010084708264#3jwyy3uwmuuh44t5cylzhnyh;4251;1;0
Sandpearl.com-0091-2016Redesign;en-US;636409010087828304#wvqbyblakcgn2gwypfy2zmbv;22481;1;0
Treasureislandbeachresort.com-0089-2016Redesign;en-US;636409010089388324#tuqfmw5uevqatzbtaokqpits;35634;1;0
Sandpearl.com-0091-2016Redesign;en-US;636409010090168334#2ee4b1ockg3qb3mosqoybd1k;38056;1;0
Sandpearl.com-0091-2016Redesign;en-US;636409010090948344#zbwwxwlos4ugpccjcx4bjasd;23075;1;0
Sandpearl.com-0091-2016Redesign;en-US;636409010092040358#zbwwxwlos4ugpccjcx4bjasd;23075;1;0
Broadmoor.com-0073-2016Redesign;en-US;636409010093756380#g2ar3bnhfsmerfw350gw5ig3;16738;1;0
Broadmoor.com-0073-2016Redesign;en-US;636409010094224386#5x0o5asa0ihhvl0ppaybcauw;16765;1;0
Luxehotels.com-0078-2016Redesign;en-US;636409010098592442#rm3g10hjmebofehcszsmjxdw;18805;1;0
Theharborsidehotel.com-0114-2017Redesign;en-US;636409010099216450#11tvehxgijqhuq0xob4lhbsq;37571;1;0
Cendyn.com-0095-2016Redesign;en-US;636409010100464466#cxqld2ka1jdjn3fwzypasvcc;26640;1;0
Broadmoor.com-0073-2016Redesign;en-US;636409010100776470#x5nbcyatk1fqon5xsyjguyht;38059;1;0
Theharborsidehotel.com-0114-2017Redesign;en-US;636409010101868484#11tvehxgijqhuq0xob4lhbsq;37571;1;0
Cocokeyorlando.com-0059-2015Redesign;en-US;636409010102648494#aipyargerj35yzxgyxoa40um;12414;1;0
Assuranceoperations.com-0065-2015Redesign;en-US;636409010104520518#usrafdbq2dfsumvzifqlbncd;15263;1;0
Halcyonhotelcherrycreek.com-0061-2015Redesign;en-US;636409010104520518#gt0lw3wkl5gikpcq1bklecmi;22121;1;0
Meateatery.com-0080-2016Redesign;en-US;636409010104520518#pbd0axxdkfsjsk2nrkoe0hn3;18505;1;0
Thecrawfordhotel.com-0074-2016Redesign;en-US;636409010104676520#tjmv22mosgrng33wocoj4uy5;17145;1;0
Degreerestaurant.com-0056-2015Redesign;en-US;636409010104676520#er4i5gcgybbr0sks21zjk21d;11598;1;0
Abbingtonbanquets.com-0070-2016Redesign;en-US;636409010104676520#3vpdpov3yz0cxenrnppgdq3f;15789;1;0
Samosetresort.com-0113-2017Redesign;en-US;636409010104676520#0bcbsirbf0jopporg5epohsn;40334;1;0
Thecurtis.com-0079-2016Redesign;en-US;636409010104676520#0e35jn1zimh2jogpmmsqjt4x;17981;1;0
Glencovemansion.com-0058-2015Redesign;en-US;636409010104832522#tnqviidt3eltnx1141xyq42m;13328;1;0
Sandylane.com-0075-2016Redesign;en-US;636409010104832522#xa3zrvczbuo5tgolxiyj035u;17611;1;0
Chrco.com-0107-2017Redesign;en-US;636409010104832522#lj2fom10osdgdcyzfszbiae0;29280;1;0
Bocatrans.com-0082-2016Redesign;en-US;636409010104988524#wgymyvs12k0u03cwgcqlz4oy;19758;1;0
Beverlyhillsresidenceinn.com-0087-2016Redesign;en-US;636409010104988524#4p3desclduooikkqyobp4zje;20999;1;0
Oxfordclubspa.com-0068-2016Redesign;en-US;636409010104988524#n0nypwyzrfbivk0134ysfzwk;15568;1;0
Theharborsidehotel.com-0114-2017Redesign;en-US;636409010104988524#gx1fsdxutk51mpgd1wqjze5o;40403;1;0
Naiaresortandspa.com-0077-2016Redesign;en-US;636409010105144526#svmqralzh1moz3qibbgi05ff;20455;1;0
Bluebirch.com-0072-2016Redesign;en-US;636409010105300528#atikzf04kywgerqmszh0mibu;16693;1;0
Jbdukehotel.com-0086-2016Redesign;en-US;636409010105300528#cyesihktg4tbi5x24adpeaah;21918;1;0
Homewoodsuiteslax.com-0110-2017Redesign;en-US;636409010105300528#ynlexvi1cliwycgdqsipmwb3;30747;1;0
Zotabeachresort.com-0090-2016Redesign;en-US;636409010105300528#wrhcntx3g40xvvjbawusc4nz;38058;1;0
Lakeplacidlodge.com-0105-2017Redesign;en-US;636409010105456530#frqzaybnucxdcvqzio5u3v03;39238;1;0
Opalsands.com-0084-2016Redesign;en-US;636409010105456530#rwnxq10n4aanykcvwcjh3jgy;38055;1;0
Hhotellosangeles.com-0118-2017Redesign;en-US;636409010105456530#ivvnrh5n4fzlij5dq2f1p0mt;35289;1;0
Jupiterbeachresort.com-0103-2017Redesign;en-US;636409010105612532#1l331zwlcv42ieb14lwohnpo;38052;1;0
Treasureislandbeachresort.com-0089-2016Redesign;en-US;636409010105612532#uhhwtyj1b2hsbdxs5yul05ac;38057;1;0
Washingtoncourthotel.com-0076-2016Redesign;en-US;636409010105768534#weu5tn4hs0saoz3y22cqm4sh;17858;1;0
Texturefoodanddrink.com-0067-2016Redesign;en-US;636409010106080538#1jk2qxn5bprtkufofl1qhgsq;15452;1;0
Galthouse.com-0042-2015Redesign;en-US;636409010106080538#gqrghkxjdh55uq4kxwyv44jp;38060;1;0
Luxehotels.com-0078-2016Redesign;en-US;636409010106236540#pjuvwdwscujboowj0jthagof;18805;1;0
Edgewaternaples.com-0094-2016Redesign;en-US;636409010106704546#tep5imgv0liy01u3tji0lkzm;38051;1;0
Theoxfordhotel.com-0062-2015Redesign;en-US;636409010107172552#uednddhcogjp3lapgaifucg4;14325;1;0
Galthouse.com-0042-2015Redesign;en-US;636409010107640558#tlckzxkwegbmlxb1x2adf2ve;31905;1;0
Sandpearl.com-0091-2016Redesign;en-US;636409010108108564#jaschgpzfedezirgibyrxbok;22490;1;0
Galthouse.com-0042-2015Redesign;en-US;636409010108576570#kot2iswn1g3cz0z0vpg11r4p;10561;1;0
Cocokeyorlando.com-0059-2015Redesign;en-US;636409010109356580#235q5db1gelo1wuxwhxpruha;12394;1;0
Hospitalityupgrade.com-0093-2016Redesign;en-US;636409010109668584#2smfmlzrirz2evdfronva0uf;25405;1;0
Delraysandsresort.com-0097-2016Redesign;en-US;636409010109668584#1zxngvpgannkbrjul12yn2kb;38049;1;0
Passport.lehotels.com-0069-2016BlogRedesign;en-US;636409010109668584#vjn3xh20l0motclpevtlojed;41068;1;0
Casaybelresort.com-0002-2014Redesign;en-US;636409010112320618#3sxegvlht1dyp4b0sb1iajxp;1533;1;0
theweststreethotel.com-0115-2017Redesign;en-US;636409010113100628#dpufq2d3bsg4xbamacm45egz;37486;1;0
Lakeplacidlodge.com-0105-2017Redesign;en-US;636409010113412632#ylbopkidiat4kmcytnxocdjv;28545;1;0
Theharborsidehotel.com-0114-2017Redesign;en-US;636409010114036640#m5idhc1qyaisbqqiikxell3e;37571;1;0
Hospitalityupgrade.com-0093-2016Redesign;en-US;636409010114348644#orkmtpuzy1zam1f2dr4nhalo;22790;1;0
Thesagamore.com-0112-2017Redesign;en-US;636409010116220668#1m0rnro3plnxgsn4wbr0iaet;32389;1;0
Theharborsidehotel.com-0114-2017Redesign;en-US;636409010117000678#m5idhc1qyaisbqqiikxell3e;37571;1;0
Thesagamore.com-0112-2017Redesign;en-US;636409010121212732#5zcj3mj0gjkfhhqtzwvz2r2h;39241;1;0
Lidobeachresort.com-0106-2017Redesign;en-US;636409010121212732#44eafrj5yxwmplul22dvlzna;38053;1;0
Longboatkeyclub.com-0104-2017Redesign;en-US;636409010121212732#sqn50j3ob2hqdqyk21fbdg3h;38054;1;0
Napavalleymarriott.com-0071-2016Redesign;en-US;636409010121992742#lb4gpaitv4uzezyhaiibc0yr;16432;1;0
Sandpearl.com-0091-2016Redesign;en-US;636409010123084756#lnii0fcm1d45rcbxwkmbdfww;22490;1;0
Broadmoor.com-0073-2016Redesign;en-US;636409010124176770#4mz3bxz5kcb4pidxsycvajs5;16724;1;0
saddlebrook.com-0011-2014Redesign;en-US;636409010125424786#detopl15ucmgij1wdgzagxyz;3385;1;0
Chrco.com-0107-2017Redesign;en-US;636409010128700828#ccrap23iqupzgypq2irykbda;29680;1;0
Cendyn.com-0095-2016Redesign;en-US;636409010129636840#nzkup0egqqx2amjfhqmgas1a;26640;1;0
Cendyn.com-0095-2016Redesign;en-US;636409010129636840#1d03lapkd5uxcclbn5ngq3im;26640;1;0
Cendyn.com-0095-2016Redesign;en-US;636409010129636840#x1o0qmgc0vl03ag03au01rfn;26640;1;0
Cendyn.com-0095-2016Redesign;en-US;636409010129636840#jsqgkxyy1ahhogqivkr214cd;26640;1;0
Theloganhotel.com-0043-2015Redesign;en-US;636409010130104846#3klca1mcmp4e1n1hva2qrpuz;18415;1;0
Cocokeyorlando.com-0059-2015Redesign;en-US;636409010132132872#235q5db1gelo1wuxwhxpruha;12394;1;0
Theloganhotel.com-0043-2015Redesign;en-US;636409010132288874#3klca1mcmp4e1n1hva2qrpuz;18415;1;0
Unionstationhotelnashville.com-0047-2015Redesign;en-US;636409010132756880#ya232uypgdonpzfqwcv0binx;32226;1;0
Napavalleymarriott.com-0071-2016Redesign;en-US;636409010137592942#vxo23aiyynqbckdzlwpxhbgo;25818;1;0
Sandpearl.com-0091-2016Redesign;en-US;636409010140244976#mbp0ikmigv0yiuwdozqlq54d;38056;1;0
Jbdukehotel.com-0086-2016Redesign;en-US;636409010140400978#uwebarja2rdmmu4zwzctmp05;22139;1;0
Unionstationhotelnashville.com-0047-2015Redesign;en-US;636409010148201078#ya232uypgdonpzfqwcv0binx;32226;1;0
Broadmoor.com-0073-2016Redesign;en-US;636409010149137090#br3cwrqfwnpu3mt2m1iwjwwd;18293;1;0
Cendyn.com-0095-2016Redesign;en-US;636409010150541108#meyvxpcgpubvnply4nnuiuxs;26640;1;0
Broadmoor.com-0073-2016Redesign;en-US;636409010150853112#h1ouvcldfbmohyh0tixacbbp;38059;1;0
Casaybelresort.com-0002-2014Redesign;en-US;636409010152257130#einog4sbodefwxttq2re5fay;1613;1;0
Degreerestaurant.com-0056-2015Redesign;en-US;636409010154597160#u030ikphcojhhc2jvl5zpje4;11598;1;0
Bocatrans.com-0082-2016Redesign;en-US;636409010154597160#x14duajjqzuqscor1vrg5uzi;19758;1;0
Edgewaternaples.com-0094-2016Redesign;en-US;636409010154597160#izx4zglbudkbwhu3pyjvcwdr;38051;1;0
Theharborsidehotel.com-0114-2017Redesign;en-US;636409010154597160#1cjxdsjuv0ak1bdddwjb5kj2;40403;1;0
Halcyonhotelcherrycreek.com-0061-2015Redesign;en-US;636409010154753162#4tcrecpqslt4rbf54i04usf1;22121;1;0
Washingtoncourthotel.com-0076-2016Redesign;en-US;636409010154753162#xlisbmjys1cdwtcbiaxcwi5i;17858;1;0
Glencovemansion.com-0058-2015Redesign;en-US;636409010154753162#1xijkr3dtjgbrq2hwt4goav2;13328;1;0
Jbdukehotel.com-0086-2016Redesign;en-US;636409010154909164#qf0ralhmqxd1gto2gl1nkl4j;21918;1;0
Chrco.com-0107-2017Redesign;en-US;636409010154909164#avi1viz1p55z1lh25xvdn5n3;29280;1;0
Luxehotels.com-0078-2016Redesign;en-US;636409010155221168#ku52enterrjvwpjyawe3mpda;18805;1;0
Zotabeachresort.com-0090-2016Redesign;en-US;636409010155221168#ckqndih0va4j0gks1fmiq2wk;38058;1;0
Galthouse.com-0042-2015Redesign;en-US;636409010155377170#tz5secetvntipd5aadlsujqu;38060;1;0
Thecrawfordhotel.com-0074-2016Redesign;en-US;636409010155377170#bmrubkug3werpfvoaruk4smj;17145;1;0
Thecurtis.com-0079-2016Redesign;en-US;636409010155377170#baendiotqzdkj2ckwtdansyy;17981;1;0
Oxfordclubspa.com-0068-2016Redesign;en-US;636409010155533172#14zenlzeycvknslle4lf21wp;15568;1;0
Beverlyhillsresidenceinn.com-0087-2016Redesign;en-US;636409010155533172#qgg0cpqdm0re0m1ecnwripoz;20999;1;0
Assuranceoperations.com-0065-2015Redesign;en-US;636409010155533172#c1seaiafxevm00lxlifkxub4;15263;1;0
Lakeplacidlodge.com-0105-2017Redesign;en-US;636409010155533172#2g2yd5wmc3fzv0pswuaokwjw;39238;1;0
Treasureislandbeachresort.com-0089-2016Redesign;en-US;636409010155533172#h34yuekyd3c0n5bcrewrqyof;38057;1;0
Naiaresortandspa.com-0077-2016Redesign;en-US;636409010155689174#mokhcozfno0gvsdh5g5boon2;20455;1;0
Theoxfordhotel.com-0062-2015Redesign;en-US;636409010155689174#ck3bbokaakmtf3evzn4mmia4;14325;1;0
Jupiterbeachresort.com-0103-2017Redesign;en-US;636409010155689174#eviatqlcdk4rwfu3iaigxw1t;38052;1;0
Hhotellosangeles.com-0118-2017Redesign;en-US;636409010155845176#j2zlrxk0qtmah1orz4l3urzh;35289;1;0
Texturefoodanddrink.com-0067-2016Redesign;en-US;636409010155845176#b04c1y4xpwpkxlmgaqhdspjy;15452;1;0
Samosetresort.com-0113-2017Redesign;en-US;636409010155845176#5zsksgcriplphdki2dmobcad;40334;1;0
Opalsands.com-0084-2016Redesign;en-US;636409010155845176#okajvd2tf3r20ie3edgtzp2m;38055;1;0
Meateatery.com-0080-2016Redesign;en-US;636409010156001178#e0onzrxryxdrgo04z3ygjyip;18505;1;0
Sandylane.com-0075-2016Redesign;en-US;636409010156001178#ojipma4knvetntszdinn4j5y;17611;1;0
Homewoodsuiteslax.com-0110-2017Redesign;en-US;636409010156157180#vabocwfduhjuzoqozfq4hztn;30747;1;0
Bluebirch.com-0072-2016Redesign;en-US;636409010156157180#xyjf5wz02r3xzahelmayv5if;16693;1;0
Abbingtonbanquets.com-0070-2016Redesign;en-US;636409010156157180#ds0e32b0aaxgwlrbyi4idi1q;15789;1;0
Cocokeyorlando.com-0059-2015Redesign;en-US;636409010157561198#235q5db1gelo1wuxwhxpruha;12394;1;0
Assuranceoperations.com-0065-2015Redesign;en-US;636409010157717200#2jhk2nbdc415s1y5sltndubf;15263;1;0
Passport.lehotels.com-0069-2016BlogRedesign;en-US;636409010159589224#cdgsjk1mb0zdpaebi2r4wqut;41068;1;0
Hospitalityupgrade.com-0093-2016Redesign;en-US;636409010159589224#iqbuokr3siywpf1vsved3rab;25405;1;0
Delraysandsresort.com-0097-2016Redesign;en-US;636409010159745226#yl1uxz4mc3jhnjd0vpqokkwm;38049;1;0
Galthouse.com-0042-2015Redesign;en-US;636409010162085256#kot2iswn1g3cz0z0vpg11r4p;10563;1;0
Casaybelresort.com-0002-2014Redesign;en-US;636409010162241258#urquf5lk4hivgac5lopeft3p;1613;1;0
Treasureislandbeachresort.com-0089-2016Redesign;en-US;636409010166453312#clpxijogrc11nxs4au3lvkpg;22169;1;0
Secretharbourvi.com-0040-2015Redesign;en-US;636409010168169334#hf2qdbhzsoo5fzvqm52svk1b;9231;1;0
Oxfordclubspa.com-0068-2016Redesign;en-US;636409010169573352#l1txcjv52gky3qqnskisn25u;15600;1;0
Napavalleymarriott.com-0071-2016Redesign;en-US;636409010171133372#zlhxiufzub40zd2snoouxjhc;16432;1;0
Lidobeachresort.com-0106-2017Redesign;en-US;636409010171133372#n1swka2u2grjoxollo2jvl4f;38053;1;0
Longboatkeyclub.com-0104-2017Redesign;en-US;636409010171133372#ifcyfhme1y1pigvvz42wt13d;38054;1;0
Thesagamore.com-0112-2017Redesign;en-US;636409010171445376#fa4odxdcoftaia4hwwtjipzd;39241;1;0
Monarchbeachresort.com-0092-2016Redesign;en-US;636409010173005396#fr4i0ly3afuhv4tsupqfhisw;40212;1;0
Luxehotels.com-0078-2016Redesign;en-US;636409010173473402#zd0hc3dyplizxnubu05hnmrw;18833;1;0
Treasureislandbeachresort.com-0089-2016Redesign;en-US;636409010178933472#clpxijogrc11nxs4au3lvkpg;22169;1;0
Oxfordclubspa.com-0068-2016Redesign;en-US;636409010180181488#l1txcjv52gky3qqnskisn25u;15568;1;0
Cendyn.com-0095-2016Redesign;en-US;636409010180805496#nv4tei2xppritnm3we4rvmr4;26640;1;0
Cendyn.com-0095-2016Redesign;en-US;636409010180805496#o5cfomkwna2vykkbqptj1fdg;26640;1;0
Cendyn.com-0095-2016Redesign;en-US;636409010180805496#hwpvhrc1ga2oxuinuiynalpd;26640;1;0
Cendyn.com-0095-2016Redesign;en-US;636409010180805496#vob31veawejbwmziaxegazxv;26640;1;0
Oxfordclubspa.com-0068-2016Redesign;en-US;636409010181273502#l1txcjv52gky3qqnskisn25u;15568;1;0
Napavalleymarriott.com-0071-2016Redesign;en-US;636409010182053512#vxo23aiyynqbckdzlwpxhbgo;26847;1;0
Galthouse.com-0042-2015Redesign;en-US;636409010186577570#kot2iswn1g3cz0z0vpg11r4p;10560;1;0
Sandpearl.com-0091-2016Redesign;en-US;636409010190165616#msuxscgdunnzcwp55sdlxm42;38056;1;0
Broadmoor.com-0073-2016Redesign;en-US;636409010194845676#2ck410yfo1ltnggmzfwqtqv0;16767;1;0
Jbdukehotel.com-0086-2016Redesign;en-US;636409010195157680#tf42b42j3sqwpo4sts4ux2kz;21918;1;0
Broadmoor.com-0073-2016Redesign;en-US;636409010197809714#lpmry3vud13bf0nu2mrgwhub;18782;1;0
Cendyn.com-0095-2016Redesign;en-US;636409010200461748#ykq4y5r1usw1ukpzarevx0ju;26640;1;0
Broadmoor.com-0073-2016Redesign;en-US;636409010200773752#hpcsdyv5dbbyua5rfgu0h511;38059;1;0
wentworthcom00212014redesign;en-US;636409010201865766#3jwyy3uwmuuh44t5cylzhnyh;4306;1;0
Lehotels.com-0049-2015Transfer;en-US;636409010202645776#jwucsw4lddd5tsj5mcxvdqss;17809;1;0
Luxehotels.com-0078-2016Redesign;en-US;636409010204517800#zudf2fwzhhve3crldqhkibxx;18805;1;0
Bluebirch.com-0072-2016Redesign;en-US;636409010204517800#uus253qbt5widps2heoe5mvi;16693;1;0
Washingtoncourthotel.com-0076-2016Redesign;en-US;636409010204517800#tfkl4smu5olfuyg5qkwlolp5;17858;1;0
Halcyonhotelcherrycreek.com-0061-2015Redesign;en-US;636409010204673802#cgtiwnc2mqphjnkoed2pdf05;22121;1;0
Theharborsidehotel.com-0114-2017Redesign;en-US;636409010204673802#i5gjluoyxsohmg5o4xsjkrt1;40403;1;0
Edgewaternaples.com-0094-2016Redesign;en-US;636409010204673802#1gt1pwd5v2jw4vo3q5h0gnye;38051;1;0
Galthouse.com-0042-2015Redesign;en-US;636409010204829804#yh3wfdulrtyi1p54bsu5we2y;38060;1;0
Jbdukehotel.com-0086-2016Redesign;en-US;636409010204829804#3d0yz32lobioce2hlfr5lsxb;21918;1;0
Bocatrans.com-0082-2016Redesign;en-US;636409010204985806#ukigeb4v54bwznxndidvcwbd;19758;1;0
Meateatery.com-0080-2016Redesign;en-US;636409010205141808#11fw44kaolr5wkaqwg1oqn3n;18505;1;0
Chrco.com-0107-2017Redesign;en-US;636409010205141808#s1plt2t1qggp0j24ebk2cvbc;29280;1;0
Thecrawfordhotel.com-0074-2016Redesign;en-US;636409010205609814#we3udqf2swjfdkiwtpbgemte;17145;1;0
Hhotellosangeles.com-0118-2017Redesign;en-US;636409010205609814#g2t41jlzp1oxc3ox4vmfmodu;35289;1;0
Assuranceoperations.com-0065-2015Redesign;en-US;636409010205765816#g5ft3bs3fhzslwf5ykpqwpjr;15263;1;0
Homewoodsuiteslax.com-0110-2017Redesign;en-US;636409010205765816#htejugkdazcjuwl4gk1jqq55;30747;1;0
Sandylane.com-0075-2016Redesign;en-US;636409010205765816#m4lilgv5qxvptavrebefbl4r;17611;1;0
Opalsands.com-0084-2016Redesign;en-US;636409010205765816#euyozufonbgvrv5gkqffk3p3;38055;1;0
Texturefoodanddrink.com-0067-2016Redesign;en-US;636409010205765816#mplso55z0z0x1gpuvyrsdvj3;15452;1;0
Samosetresort.com-0113-2017Redesign;en-US;636409010205921818#1pxzmbx5xpkbejooasux3plm;40334;1;0
Oxfordclubspa.com-0068-2016Redesign;en-US;636409010205921818#3p51p43xjwqqssnl0l4lvoxo;15568;1;0
Thecurtis.com-0079-2016Redesign;en-US;636409010205921818#e5xjvvmczk1yora2mzmzselx;17981;1;0
Abbingtonbanquets.com-0070-2016Redesign;en-US;636409010205921818#bumkgt0tx50bb2r2wdyik425;15789;1;0
Glencovemansion.com-0058-2015Redesign;en-US;636409010205921818#3l3w1udjthu55gewkesr4hop;13328;1;0
Lakeplacidlodge.com-0105-2017Redesign;en-US;636409010206077820#tr22ij1kyc3oddvglts33miv;39238;1;0
Beverlyhillsresidenceinn.com-0087-2016Redesign;en-US;636409010206077820#zb1lq32ezwaesglgiyqoi0lv;20999;1;0
Degreerestaurant.com-0056-2015Redesign;en-US;636409010206077820#z05dvaftn3vmqe5vnoadmh0a;11598;1;0
Jupiterbeachresort.com-0103-2017Redesign;en-US;636409010206077820#or54s2jp4avt3g53sbrhzfpz;38052;1;0
Treasureislandbeachresort.com-0089-2016Redesign;en-US;636409010206077820#t1qvmjaaal0zeoyl2ygqmt0b;38057;1;0
Theoxfordhotel.com-0062-2015Redesign;en-US;636409010206077820#j3zn0la4y2g2rcj25cqlhmce;14325;1;0
Naiaresortandspa.com-0077-2016Redesign;en-US;636409010206077820#5smjkzui5cp413ocmqvs4rti;20455;1;0
Jbdukehotel.com-0086-2016Redesign;en-US;636409010206233822#tf42b42j3sqwpo4sts4ux2kz;21918;1;0
Zotabeachresort.com-0090-2016Redesign;en-US;636409010206233822#rdlf42onslmxxdyvajbtg5cn;38058;1;0
Thesagamore.com-0112-2017Redesign;en-US;636409010207169834#rygpf5nfueoa1rnxfa20gxd3;32339;1;0
Delraysandsresort.com-0097-2016Redesign;en-US;636409010207325836#dup1ggmlcax5truww5izbm5t;27232;1;0
Delraysandsresort.com-0097-2016Redesign;en-US;636409010208261848#dup1ggmlcax5truww5izbm5t;27232;1;0
Passport.lehotels.com-0069-2016BlogRedesign;en-US;636409010209665866#xpj0z0etrox5u1cvvkznuxdd;41068;1;0
Hospitalityupgrade.com-0093-2016Redesign;en-US;636409010209665866#luopgbaixosajmqnbj3lvytl;25405;1;0
Delraysandsresort.com-0097-2016Redesign;en-US;636409010209665866#ukg115ekifbwkqj0e3avnlis;38049;1;0
Halcyonhotelcherrycreek.com-0061-2015Redesign;en-US;636409010209821868#vp0g4gu1b5pzovhlodbdqqij;22121;1;0
Halcyonhotelcherrycreek.com-0061-2015Redesign;en-US;636409010211225886#j2b00zy1d2mwbjqx3yn300lz;22121;1;0
Thesagamore.com-0112-2017Redesign;en-US;636409010211381888#rygpf5nfueoa1rnxfa20gxd3;32339;1;0
Cocokeyorlando.com-0059-2015Redesign;en-US;636409010212941908#nmkxjkl1dqiyivdknqt5kjqn;12394;1;0
Longboatkeyclub.com-0104-2017Redesign;en-US;636409010213877920#vadybgjfj13xnlqvjt3k24h0;28316;1;0
Broadmoor.com-0073-2016Redesign;en-US;636409010214501928#hol5nti3gtl2tvn35gcutzmf;16721;1;0
Galthouse.com-0042-2015Redesign;en-US;636409010214657930#tlckzxkwegbmlxb1x2adf2ve;31905;1;0
Cocokeyorlando.com-0059-2015Redesign;en-US;636409010214813932#nmkxjkl1dqiyivdknqt5kjqn;12394;1;0
Halcyonhotelcherrycreek.com-0061-2015Redesign;en-US;636409010216685956#vp0g4gu1b5pzovhlodbdqqij;22121;1;0
Hospitalityupgrade.com-0093-2016Redesign;en-US;636409010217153962#5i2z0z0oil5vpvbozxcqdj25;22790;1;0
Casaybelresort.com-0002-2014Redesign;en-US;636409010217153962#3sxegvlht1dyp4b0sb1iajxp;1573;1;0
Halcyonhotelcherrycreek.com-0061-2015Redesign;en-US;636409010217465966#svtaqojzxl3ivbq3ndl1sd1a;23287;1;0
Thesagamore.com-0112-2017Redesign;en-US;636409010218245976#t3feevvgdyi2qg5dbzmpbw5j;33577;1;0
Casaybelresort.com-0002-2014Redesign;en-US;636409010218869984#oyrumnrazul1a053g43asnnf;1533;1;0
Broadmoor.com-0073-2016Redesign;en-US;636409010219961998#3cscljpoo1jxznrlhewxwsjr;16721;1;0
Napavalleymarriott.com-0071-2016Redesign;en-US;636409010221054012#ufn1dyj4nxk22kzc3ovifupz;16432;1;0
Longboatkeyclub.com-0104-2017Redesign;en-US;636409010221210014#jg1ocy3ae3zouvzoqb4jjyzl;38054;1;0
Thesagamore.com-0112-2017Redesign;en-US;636409010221210014#2mmvkrvxlwrdbed4rlwsgj4z;39241;1;0
Lidobeachresort.com-0106-2017Redesign;en-US;636409010221210014#qq3ulrbekd2gs5o3qhklbl5j;38053;1;0
Theharborsidehotel.com-0114-2017Redesign;en-US;636409010222926036#m5idhc1qyaisbqqiikxell3e;38008;1;0
saddlebrook.com-0011-2014Redesign;en-US;636409010225422068#33bbrug0gxk2rjjwocv2jieq;4918;1;0
saddlebrook.com-0011-2014Redesign;en-US;636409010225734072#lql1vz3zhqx0xtg2msew3mw4;3477;1;0
Theloganhotel.com-0043-2015Redesign;en-US;636409010226670084#dciynoyjmmto5tipt12fw0ua;20218;1;0
Lakeplacidlodge.com-0105-2017Redesign;en-US;636409010227450094#agpacsyh3plavl5lj41txdr5;28545;1;0
Lakeplacidlodge.com-0105-2017Redesign;en-US;636409010229322118#agpacsyh3plavl5lj41txdr5;28545;1;0
Oxfordclubspa.com-0068-2016Redesign;en-US;636409010229322118#l1txcjv52gky3qqnskisn25u;15596;1;0
Cendyn.com-0095-2016Redesign;en-US;636409010229634122#rhqfvaivhrpskjsbhxtu5ars;26640;1;0
Cendyn.com-0095-2016Redesign;en-US;636409010229634122#w4z1up44sqemcoxrhvudmolt;26640;1;0
Cendyn.com-0095-2016Redesign;en-US;636409010229634122#fqcb5cpxfovvuxpxkfquomf2;26640;1;0
Cendyn.com-0095-2016Redesign;en-US;636409010229634122#sryre4p445det2yiutzn5o2j;26640;1;0
Halcyonhotelcherrycreek.com-0061-2015Redesign;en-US;636409010230570134#svtaqojzxl3ivbq3ndl1sd1a;22121;1;0
Theloganhotel.com-0043-2015Redesign;en-US;636409010234002178#3klca1mcmp4e1n1hva2qrpuz;9327;1;0
Delraysandsresort.com-0097-2016Redesign;en-US;636409010234470184#dup1ggmlcax5truww5izbm5t;27232;1;0
Secretharbourvi.com-0040-2015Redesign;en-US;636409010235874202#hf2qdbhzsoo5fzvqm52svk1b;20178;1;0
Oxfordclubspa.com-0068-2016Redesign;en-US;636409010236186206#l1txcjv52gky3qqnskisn25u;15568;1;0
Oxfordclubspa.com-0068-2016Redesign;en-US;636409010237746226#l1txcjv52gky3qqnskisn25u;15568;1;0
Longboatkeyclub.com-0104-2017Redesign;en-US;636409010238214232#vadybgjfj13xnlqvjt3k24h0;35641;1;0
Longboatkeyclub.com-0104-2017Redesign;en-US;636409010239306246#mhok1fzgtm4e0iaa1gcucbnx;28347;1;0
Sandpearl.com-0091-2016Redesign;en-US;636409010240086256#hzkn25ub4n2cn4mh12knpb3c;38056;1;0
Thesagamore.com-0112-2017Redesign;en-US;636409010240242258#rygpf5nfueoa1rnxfa20gxd3;32339;1;0
Longboatkeyclub.com-0104-2017Redesign;en-US;636409010240554262#mhok1fzgtm4e0iaa1gcucbnx;28347;1;0
Halcyonhotelcherrycreek.com-0061-2015Redesign;en-US;636409010241958280#j2b00zy1d2mwbjqx3yn300lz;22121;1;0
Broadmoor.com-0073-2016Redesign;en-US;636409010242114282#hdkf52i445ikzcuydrlrdf2h;16764;1;0
Broadmoor.com-0073-2016Redesign;en-US;636409010242114282#2oqm05xnhrqpw3kejcca1klx;16721;1;0
Broadmoor.com-0073-2016Redesign;en-US;636409010243206296#iieu0zlfqrtumj52arvgv5u5;16721;1;0
Broadmoor.com-0073-2016Redesign;en-US;636409010243362298#2oqm05xnhrqpw3kejcca1klx;16721;1;0
Thecurtis.com-0079-2016Redesign;en-US;636409010244610314#a4tsrz5jzetbhjzb0v24vosh;17981;1;0
Broadmoor.com-0073-2016Redesign;en-US;636409010249758380#34l14hzsft2jxyrct1t0pprw;21232;1;0
Cendyn.com-0095-2016Redesign;en-US;636409010250538390#ldyd0qsw15huk41nd4uobe12;26640;1;0
Napavalleymarriott.com-0071-2016Redesign;en-US;636409010250538390#rlvbxsvbukapxi01ds50yst3;16454;1;0
Broadmoor.com-0073-2016Redesign;en-US;636409010250694392#pjygj3oezu0nbmexctviaod3;38059;1;0
Opalsands.com-0084-2016Redesign;en-US;636409010254594442#j0elflwmyywbez15fxdeqicm;38055;1;0
Theharborsidehotel.com-0114-2017Redesign;en-US;636409010254594442#wmcn1d4yiwhiqhqfyqm4seej;40403;1;0
Washingtoncourthotel.com-0076-2016Redesign;en-US;636409010254594442#lz3yl20d2hf4psgcnixxfteq;17858;1;0
Edgewaternaples.com-0094-2016Redesign;en-US;636409010254594442#e0ohk0wwwyaiq1vy4ybuowas;38051;1;0
Jbdukehotel.com-0086-2016Redesign;en-US;636409010254594442#p5wcgp405dzd2mnvwbjv13or;21918;1;0
Chrco.com-0107-2017Redesign;en-US;636409010254750444#yodykbghrh1kmcd4q3bxpbil;29280;1;0
Meateatery.com-0080-2016Redesign;en-US;636409010254906446#kp4cejz1bfsmio3woh4mi0gm;18505;1;0
Jupiterbeachresort.com-0103-2017Redesign;en-US;636409010254906446#rgnyum35egxbcmfceo2lbzk3;38052;1;0
Hhotellosangeles.com-0118-2017Redesign;en-US;636409010255062448#iz41i0aamvsalag4nedvqws3;35289;1;0
Galthouse.com-0042-2015Redesign;en-US;636409010255218450#xws3f1zhpq1b5b25y44lohzp;38060;1;0
Luxehotels.com-0078-2016Redesign;en-US;636409010255218450#ntkf5as2ef4hi2sfx31iy2sr;18805;1;0
Glencovemansion.com-0058-2015Redesign;en-US;636409010255218450#0dgmgpqqxd04dijwe2nmpbpq;13328;1;0
Thecrawfordhotel.com-0074-2016Redesign;en-US;636409010255218450#nc14wta0yqqqz35wcxdqxslv;17145;1;0
Oxfordclubspa.com-0068-2016Redesign;en-US;636409010255530454#zmeovq5i0034u0lztnklr4jo;15568;1;0
Naiaresortandspa.com-0077-2016Redesign;en-US;636409010255686456#tznv2j3q51iaz4p3rge0zkym;20455;1;0
Treasureislandbeachresort.com-0089-2016Redesign;en-US;636409010255686456#0a0j4rvqvj0iey4oa1hvj2ce;38057;1;0
Samosetresort.com-0113-2017Redesign;en-US;636409010255686456#4rj1al0ckbzz4begi3ixfpcy;40334;1;0
Zotabeachresort.com-0090-2016Redesign;en-US;636409010255686456#054sszkv3pqz1woaqit25ach;38058;1;0
Theoxfordhotel.com-0062-2015Redesign;en-US;636409010255998460#ek3ogx2nrv23hurbefvlksic;14325;1;0
Thecurtis.com-0079-2016Redesign;en-US;636409010255998460#ihmhco1itpqkx0t21axl1urb;17981;1;0
Bluebirch.com-0072-2016Redesign;en-US;636409010255998460#jpaemw5sci0vm5wgnk0cgxe3;16693;1;0
Bocatrans.com-0082-2016Redesign;en-US;636409010256154462#2i4oxua02viq1xmz4suag5oa;19758;1;0
Halcyonhotelcherrycreek.com-0061-2015Redesign;en-US;636409010256154462#zlt3yihj1opazefgdfvvsojc;22121;1;0
Abbingtonbanquets.com-0070-2016Redesign;en-US;636409010256154462#co5dcve32acvb50f2kbalc54;15789;1;0
Texturefoodanddrink.com-0067-2016Redesign;en-US;636409010256154462#0ktbq1bygnbeygxaxmhfftu5;15452;1;0
Beverlyhillsresidenceinn.com-0087-2016Redesign;en-US;636409010256154462#mfz3xp1prfxfnrnyefgdaarl;20999;1;0
Sandylane.com-0075-2016Redesign;en-US;636409010256154462#vtksnwphhhmsgs2z4qztyn0a;17611;1;0
Lakeplacidlodge.com-0105-2017Redesign;en-US;636409010256310464#nluw5rvjjj5aw0n53kgpfxke;39238;1;0
Degreerestaurant.com-0056-2015Redesign;en-US;636409010256310464#qsfhnluny4mly4tw4jzru53m;11598;1;0
Assuranceoperations.com-0065-2015Redesign;en-US;636409010256466466#zxkgm0p4ad0u1wzktf1hzib5;15263;1;0
Homewoodsuiteslax.com-0110-2017Redesign;en-US;636409010256466466#hdyvpky3o0hb2pdtrlc1e1lb;30747;1;0
Broadmoor.com-0073-2016Redesign;en-US;636409010257870484#5x0o5asa0ihhvl0ppaybcauw;16721;1;0
Hospitalityupgrade.com-0093-2016Redesign;en-US;636409010259586506#op2usnubecir0uxymhw5jjxa;25405;1;0
Passport.lehotels.com-0069-2016BlogRedesign;en-US;636409010259586506#pj00mzw2ldr2igbpdfioo1v3;41068;1;0
Delraysandsresort.com-0097-2016Redesign;en-US;636409010259586506#fupg4ln55q0npdifiakuitqv;38049;1;0
Sandylane.com-0075-2016Redesign;en-US;636409010260522518#wk3mq5dgozm3sk3bel4xo54e;17611;1;0
Broadmoor.com-0073-2016Redesign;en-US;636409010260678520#vjppbpx0smjo4amn3hdd0sux;18010;1;0
Galthouse.com-0042-2015Redesign;en-US;636409010262082538#kot2iswn1g3cz0z0vpg11r4p;10566;1;0
Broadmoor.com-0073-2016Redesign;en-US;636409010264578570#vjppbpx0smjo4amn3hdd0sux;18010;1;0
Edgewaternaples.com-0094-2016Redesign;en-US;636409010265046576#z0r24qfiy0d224z5spyiuad0;25246;1;0
Unionstationhotelnashville.com-0047-2015Redesign;en-US;636409010265514582#ya232uypgdonpzfqwcv0binx;24054;1;0
Broadmoor.com-0073-2016Redesign;en-US;636409010265982588#iieu0zlfqrtumj52arvgv5u5;16721;1;0
Samosetresort.com-0113-2017Redesign;en-US;636409010267230604#l245af0zmj2euubxeymoxbk1;32541;1;0
Edgewaternaples.com-0094-2016Redesign;en-US;636409010268946626#z0r24qfiy0d224z5spyiuad0;25246;1;0
Broadmoor.com-0073-2016Redesign;en-US;636409010269102628#iieu0zlfqrtumj52arvgv5u5;16721;1;0
Lidobeachresort.com-0106-2017Redesign;en-US;636409010271130654#y4yrqaxautjxfmorg3eyszbr;38053;1;0
Thesagamore.com-0112-2017Redesign;en-US;636409010271286656#3hzjvhq422lvl410gm5f1zcv;39241;1;0
Longboatkeyclub.com-0104-2017Redesign;en-US;636409010271286656#cnzqyskbpwby3hmatxt4ojib;38054;1;0
Napavalleymarriott.com-0071-2016Redesign;en-US;636409010271910664#mwabx5myaalwbqdmkw1fux13;16432;1;0
Samosetresort.com-0113-2017Redesign;en-US;636409010273938690#l245af0zmj2euubxeymoxbk1;32541;1;0
Samosetresort.com-0113-2017Redesign;en-US;636409010275654712#l245af0zmj2euubxeymoxbk1;32541;1;0
Springhillsuitesdenver.com-0060-2015Redesign;en-US;636409010278774752#gk2l5qw3hvr34pvalvzfxl5b;12307;1;0
Thesagamore.com-0112-2017Redesign;en-US;636409010278930754#t3feevvgdyi2qg5dbzmpbw5j;41600;1;0
Cendyn.com-0095-2016Redesign;en-US;636409010279554762#mulukleuxhqp02cdc0kohyah;26640;1;0
Cendyn.com-0095-2016Redesign;en-US;636409010279710764#pf0nkgthtnzc0sdkicdyctty;26640;1;0
Cendyn.com-0095-2016Redesign;en-US;636409010279866766#omkz02rf24rcegb3ybjdjawi;26640;1;0
Cendyn.com-0095-2016Redesign;en-US;636409010282830804#zhreof30dvar1jgfkh5jw0ak;26640;1;0
Galthouse.com-0042-2015Redesign;en-US;636409010284234822#kot2iswn1g3cz0z0vpg11r4p;10561;1;0
Laxembassy.com-0008-2014Redesign;en-US;636409010284702828#eeehw0wqpqs55bxassc4sjej;2094;1;0
Lakeplacidlodge.com-0105-2017Redesign;en-US;636409010285794842#ylbopkidiat4kmcytnxocdjv;28546;1;0
theweststreethotel.com-0115-2017Redesign;en-US;636409010286106846#xsytqo4df0h0c2qqtb53zibn;41601;1;0
wentworthcom00212014redesign;en-US;636409010286262848#d5e51kkd2baesnoociew5wfv;4307;1;0
Napavalleymarriott.com-0071-2016Redesign;en-US;636409010286262848#rlvbxsvbukapxi01ds50yst3;16432;1;0
Hospitalityupgrade.com-0093-2016Redesign;en-US;636409010290162898#zov545a10zn3tbpc3m4pyn2k;25405;1;0
Sandpearl.com-0091-2016Redesign;en-US;636409010290162898#3csfobvmbojzlvukjvaxdxjn;38056;1;0
Cendyn.com-0095-2016Redesign;en-US;636409010290318900#zru4npct5ijdm5ghbgpvr0f1;26860;1;0
wentworthcom00212014redesign;en-US;636409010290630904#3jwyy3uwmuuh44t5cylzhnyh;26679;1;0
Napavalleymarriott.com-0071-2016Redesign;en-US;636409010291722918#vxo23aiyynqbckdzlwpxhbgo;16457;1;0
theweststreethotel.com-0115-2017Redesign;en-US;636409010295622968#dpufq2d3bsg4xbamacm45egz;37486;1;0
wentworthcom00212014redesign;en-US;636409010295778970#3jwyy3uwmuuh44t5cylzhnyh;26679;1;0
Sandpearl.com-0091-2016Redesign;en-US;636409010296090974#mujgi3wxnalaacmj5o0vyach;22593;1;0
Hospitalityupgrade.com-0093-2016Redesign;en-US;636409010296714982#2lcvjpjj330r2dc5fie5qdf5;26762;1;0
Cendyn.com-0095-2016Redesign;en-US;636409010300459030#eiv3q4hamwdcxklt0zde4bcw;26640;1;0
Broadmoor.com-0073-2016Redesign;en-US;636409010300615032#hdkf52i445ikzcuydrlrdf2h;16761;1;0
Broadmoor.com-0073-2016Redesign;en-US;636409010300771034#rp1jsrjbqafmrwaeaqyfcbdn;38059;1;0
Washingtoncourthotel.com-0076-2016Redesign;en-US;636409010304515082#yyv2m3xwlch3kdhtfrbz4s0i;17858;1;0
Homewoodsuiteslax.com-0110-2017Redesign;en-US;636409010304515082#mfnputhl3jvbl4cqizee2mld;30747;1;0
Assuranceoperations.com-0065-2015Redesign;en-US;636409010304515082#43y311wnvgugx1zafk4pegnt;15263;1;0
Edgewaternaples.com-0094-2016Redesign;en-US;636409010304515082#2fs22bj05s3ap0nldfxjcun1;38051;1;0
Degreerestaurant.com-0056-2015Redesign;en-US;636409010304515082#4w50r0cssji52m1cmqymvg1e;11598;1;0
Lakeplacidlodge.com-0105-2017Redesign;en-US;636409010304671084#cpybtdwswarzqwuaeqrv1cx1;39238;1;0
Oxfordclubspa.com-0068-2016Redesign;en-US;636409010304671084#5j55ih4qfr4vskllvjtpzwps;15568;1;0
Sandylane.com-0075-2016Redesign;en-US;636409010304827086#xxiq42sqfpm3qthr4w3ag3av;17611;1;0
Galthouse.com-0042-2015Redesign;en-US;636409010304827086#ze3nw3sf5ai4eor2r0zmtqfm;38060;1;0
Glencovemansion.com-0058-2015Redesign;en-US;636409010304827086#wwc5200tenk2vxdh4lltcmyk;13328;1;0
Treasureislandbeachresort.com-0089-2016Redesign;en-US;636409010305139090#0gctxmllmmaaf0ctnipw3r3z;38057;1;0
Hhotellosangeles.com-0118-2017Redesign;en-US;636409010305139090#n0dtklevuy5wazcwlj5z2dq1;35289;1;0
Theharborsidehotel.com-0114-2017Redesign;en-US;636409010305139090#xogpva04af2rtiklkfzhqrjl;40403;1;0
Bocatrans.com-0082-2016Redesign;en-US;636409010305295092#bqcqzuqj0h1fe2e431z2azn4;19758;1;0
Jbdukehotel.com-0086-2016Redesign;en-US;636409010305295092#3fsbirmrugaxykvxbk01sqbk;21918;1;0
Thecrawfordhotel.com-0074-2016Redesign;en-US;636409010305295092#fgqfx4r4s525xxmrv3cokr4t;17145;1;0
Opalsands.com-0084-2016Redesign;en-US;636409010305451094#xt435x4nmigtmh5bbovdc3hg;38055;1;0
Luxehotels.com-0078-2016Redesign;en-US;636409010305451094#o3n44gacmdn2qm3qn1aacc5p;18805;1;0
Theoxfordhotel.com-0062-2015Redesign;en-US;636409010305607096#5urgd4u3u50r2smulrl1n4xy;14325;1;0
Meateatery.com-0080-2016Redesign;en-US;636409010305607096#fu4oksx0ompcmeqvyazph2op;18505;1;0
Samosetresort.com-0113-2017Redesign;en-US;636409010305607096#f3ggeqdzamt1hxwaw0e5tf5s;40334;1;0
Naiaresortandspa.com-0077-2016Redesign;en-US;636409010305763098#1qxcai3he054qtk2oa2vew3y;20455;1;0
Zotabeachresort.com-0090-2016Redesign;en-US;636409010305763098#akf02qpswtjxuzit3k1yhewv;38058;1;0
Beverlyhillsresidenceinn.com-0087-2016Redesign;en-US;636409010305919100#xingq12avhbhvwspl2lb0ucj;20999;1;0
Bluebirch.com-0072-2016Redesign;en-US;636409010305919100#pmmgcsotpggqy4xhrk0kkwyz;16693;1;0
Texturefoodanddrink.com-0067-2016Redesign;en-US;636409010305919100#o20eitw3t252d0rlcfdlo4xr;15452;1;0
Chrco.com-0107-2017Redesign;en-US;636409010306075102#d0be2gtbwfwsk3aruuqctecg;29280;1;0
Thecurtis.com-0079-2016Redesign;en-US;636409010306075102#jxbsxyvrvtu4i0lr0rovzgqy;17981;1;0
Halcyonhotelcherrycreek.com-0061-2015Redesign;en-US;636409010306075102#pogxfy210bbabelnvu4z155a;22121;1;0
Washingtondukeinn.com-0024-2014Redesign;en-US;636409010306387106#ks5pdze1ej0brxlrqszj2rl2;4759;1;0
Jupiterbeachresort.com-0103-2017Redesign;en-US;636409010307635122#jyuenxbvm4bt5m0iypnsd5zc;38052;1;0
Abbingtonbanquets.com-0070-2016Redesign;en-US;636409010309975152#un0p0tyx2fruezxkbnejo3qs;15789;1;0
Jupiterbeachresort.com-0103-2017Redesign;en-US;636409010310599160#4cde4esjjjsxjxispbyoivkr;29245;1;0
Hospitalityupgrade.com-0093-2016Redesign;en-US;636409010314343208#xmrgahqewvlcrpbwuccqffws;25405;1;0
Passport.lehotels.com-0069-2016BlogRedesign;en-US;636409010314343208#hdtczdoa3z33dtlghtkjs3bw;41068;1;0
Delraysandsresort.com-0097-2016Redesign;en-US;636409010314499210#0qkdaphaiv0m00k4bkc1zegj;38049;1;0
Lidobeachresort.com-0106-2017Redesign;en-US;636409010321519300#ghikydx021ivufi5crfx50tv;38053;1;0
Thesagamore.com-0112-2017Redesign;en-US;636409010321519300#51t1yyy0x0lgeibgdtfnduaw;39241;1;0
Longboatkeyclub.com-0104-2017Redesign;en-US;636409010321519300#ug1bkz4tvl0pcybezkh1sn3j;38054;1;0
Napavalleymarriott.com-0071-2016Redesign;en-US;636409010321519300#vvmado4kqco5tht0nlxcoeqz;16432;1;0
Cendyn.com-0095-2016Redesign;en-US;636409010329631404#y4rujndvgfwo2lmygtzb0uig;26640;1;0
Cendyn.com-0095-2016Redesign;en-US;636409010329631404#qbwjjjucrnpjlhp0fg3ito2j;26640;1;0
Cendyn.com-0095-2016Redesign;en-US;636409010329631404#wnguwhwsas2exiu5k25effjg;26640;1;0
Cendyn.com-0095-2016Redesign;en-US;636409010329631404#fprgfofcmxvbkzovcxuz0qwt;26640;1;0
Cphollywoodbeach.com-0032-2015Redesign;en-US;636409010331659430#5l0ghgpvqhhbfaj3ghoxedy3;7831;1;0
Casaybelresort.com-0002-2014Redesign;en-US;636409010332439440#yapdzrs3b1idw1crijaumm4v;1533;1;0
Theoxfordhotel.com-0062-2015Redesign;en-US;636409010332595442#2ow04t23exm4codv3eslglw2;14325;1;0
Thesagamore.com-0112-2017Redesign;en-US;636409010334311464#ufyl5t41qrwe1qvu4nw00jgb;33924;1;0
Halcyonhotelcherrycreek.com-0061-2015Redesign;en-US;636409010336183488#svtaqojzxl3ivbq3ndl1sd1a;29884;1;0
Cphollywoodbeach.com-0032-2015Redesign;en-US;636409010337899510#gem4ec5vr4af4iait5woy403;7831;1;0
Thecurtis.com-0079-2016Redesign;en-US;636409010339459530#cxcdhvt5yno2hhqkss2ng0ce;17981;1;0
Broadmoor.com-0073-2016Redesign;en-US;636409010341019550#ail4ihpzyenzvjdjsiwzraiz;16721;1;0
Longboatkeyclub.com-0104-2017Redesign;en-US;636409010341019550#53vy0ngda2adsra02vq2bsqw;28316;1;0
Sandpearl.com-0091-2016Redesign;en-US;636409010341019550#dkahpyamull5dildgoh21mxz;38056;1;0
Unionstationhotelnashville.com-0047-2015Redesign;en-US;636409010345231604#ya232uypgdonpzfqwcv0binx;24057;1;0
Broadmoor.com-0073-2016Redesign;en-US;636409010346791624#rcfpbkhsddrczqsbv03ggcsb;16721;1;0
Broadmoor.com-0073-2016Redesign;en-US;636409010348663648#lpmry3vud13bf0nu2mrgwhub;21230;1;0
Thesagamore.com-0112-2017Redesign;en-US;636409010348819650#rygpf5nfueoa1rnxfa20gxd3;32351;1;0
Opalsands.com-0084-2016Redesign;en-US;636409010349443658#tyfp0xs4tmgm0zsnzjlikb0g;40846;1;0
Hospitalityupgrade.com-0093-2016Redesign;en-US;636409010350847676#vwi4lhwhslefmiudzynbvhvx;35200;1;0
Cendyn.com-0095-2016Redesign;en-US;636409010352719700#yxduuphskomggtchpsnh2xgs;26640;1;0
Broadmoor.com-0073-2016Redesign;en-US;636409010353655712#n0azuhv451n43f1ugx10yjqw;38059;1;0
Broadmoor.com-0073-2016Redesign;en-US;636409010356151744#hdkf52i445ikzcuydrlrdf2h;16763;1;0
Degreerestaurant.com-0056-2015Redesign;en-US;636409010357243758#tryqoufiffgaxrtq3o4ycgme;11598;1;0
Homewoodsuiteslax.com-0110-2017Redesign;en-US;636409010357243758#1u1c3s5ljhvngyigohuwrlzd;30747;1;0
Sandylane.com-0075-2016Redesign;en-US;636409010357243758#jr33nejautsqdr3chdgrgskt;17611;1;0
Treasureislandbeachresort.com-0089-2016Redesign;en-US;636409010357243758#bzxmu022mye030dy0scujw3s;38057;1;0
Oxfordclubspa.com-0068-2016Redesign;en-US;636409010357243758#uqfxskf3nacd4tdvt1fusflb;15568;1;0
Bocatrans.com-0082-2016Redesign;en-US;636409010357399760#ciejveymtijfbtx3xi42pqee;19758;1;0
Thecrawfordhotel.com-0074-2016Redesign;en-US;636409010357399760#xwwnbxpyciz0iehb45nyewmc;17145;1;0
Bluebirch.com-0072-2016Redesign;en-US;636409010357399760#i5emikxbflfbe4mga2dwfd1c;16693;1;0
Washingtoncourthotel.com-0076-2016Redesign;en-US;636409010357399760#undo1kq21x0guqzdzylexczj;17858;1;0
Galthouse.com-0042-2015Redesign;en-US;636409010357555762#soj4d4hlo4lf3ms02ci3pdq3;38060;1;0
Assuranceoperations.com-0065-2015Redesign;en-US;636409010357555762#rdmwxz2eccjaptb0mxtal0zd;15263;1;0
Hhotellosangeles.com-0118-2017Redesign;en-US;636409010357555762#qq3iadxexzz0mepxw42s5o44;35289;1;0
Lakeplacidlodge.com-0105-2017Redesign;en-US;636409010357555762#4xinzc4ieirmuqtv5d0nfkex;39238;1;0
Glencovemansion.com-0058-2015Redesign;en-US;636409010357711764#2xnjevap44wsfb2g4dejkvxz;13328;1;0
Meateatery.com-0080-2016Redesign;en-US;636409010357711764#de5yeqbj3ho1ypoymw4myz02;18505;1;0
Beverlyhillsresidenceinn.com-0087-2016Redesign;en-US;636409010357711764#hnjd1k0i1r1rahl32it1upyz;20999;1;0
Texturefoodanddrink.com-0067-2016Redesign;en-US;636409010357711764#mxc13ow4fbsr4vodrnrtmq0w;15452;1;0
Theoxfordhotel.com-0062-2015Redesign;en-US;636409010357867766#uatggl3hx33rxhqs4vjplz0t;14325;1;0
Zotabeachresort.com-0090-2016Redesign;en-US;636409010357867766#bqz5w3r0jjky4d30dfs4xilb;38058;1;0
Edgewaternaples.com-0094-2016Redesign;en-US;636409010357867766#u4od5c1t1dprrwuofcg3cnp2;38051;1;0
Abbingtonbanquets.com-0070-2016Redesign;en-US;636409010357867766#jmryhuliavwxe1my1wyp4h4k;15789;1;0
Thecurtis.com-0079-2016Redesign;en-US;636409010357867766#5o3zv5thk034upptujstj2cg;17981;1;0
Naiaresortandspa.com-0077-2016Redesign;en-US;636409010357867766#h5s1xiazhvj0105zqlceajza;20455;1;0
Samosetresort.com-0113-2017Redesign;en-US;636409010358023768#qfjjonfyzyionfxco21dkowp;40334;1;0
Luxehotels.com-0078-2016Redesign;en-US;636409010358023768#3lo31emokim1gdcelj5ixzkf;18805;1;0
Chrco.com-0107-2017Redesign;en-US;636409010358179770#v45y2rxna2ir3mgzugcmvkff;29280;1;0
Jupiterbeachresort.com-0103-2017Redesign;en-US;636409010358179770#vabrvlnh1waku0sqximvnwtm;38052;1;0
Opalsands.com-0084-2016Redesign;en-US;636409010358179770#mt3hlhv4u3ppeckzz10frckp;38055;1;0
Broadmoor.com-0073-2016Redesign;en-US;636409010358647776#rcfpbkhsddrczqsbv03ggcsb;16721;1;0
Halcyonhotelcherrycreek.com-0061-2015Redesign;en-US;636409010358803778#cmdy35pmttwxxomyovxafbot;22121;1;0
Halcyonhotelcherrycreek.com-0061-2015Redesign;en-US;636409010358803778#svtaqojzxl3ivbq3ndl1sd1a;22121;1;0
Theharborsidehotel.com-0114-2017Redesign;en-US;636409010358959780#0yzrtkvl1ln2220emoauhu0s;40403;1;0
Jbdukehotel.com-0086-2016Redesign;en-US;636409010359115782#ilchvxa3wvktfq4bfejx0ize;21918;1;0
Delraysandsresort.com-0097-2016Redesign;en-US;636409010360207796#e4iyrcfkk3j2nl0bzlbjsuot;38049;1;0
Hospitalityupgrade.com-0093-2016Redesign;en-US;636409010360207796#losssdm343o4nybc53tpexro;25405;1;0
Passport.lehotels.com-0069-2016BlogRedesign;en-US;636409010360207796#1knjsd5ioig0muqyoy2dasfs;41068;1;0
Napavalleymarriott.com-0071-2016Redesign;en-US;636409010360831804#vxo23aiyynqbckdzlwpxhbgo;25446;1;0
Broadmoor.com-0073-2016Redesign;en-US;636409010360987806#ixyuwhux1gwzirugd4iear02;16755;1;0
Cocokeyorlando.com-0059-2015Redesign;en-US;636409010361455812#235q5db1gelo1wuxwhxpruha;12394;1;0
Longboatkeyclub.com-0104-2017Redesign;en-US;636409010364731854#53vy0ngda2adsra02vq2bsqw;35641;1;0
Samosetresort.com-0113-2017Redesign;en-US;636409010365511864#zwcewmasidohaeiax2hbwa4s;32541;1;0
Lehotels.com-0049-2015Transfer;en-US;636409010365823868#iyparjrj0kkojyhzg2nazqeb;12108;1;0
Thesagamore.com-0112-2017Redesign;en-US;636409010366603878#lzfphzfugjt2gwvw43y10sey;33467;1;0
Cendyn.com-0095-2016Redesign;en-US;636409010367695892#ds0zjg400epzzfz2j153gkxp;26640;1;0
Cendyn.com-0095-2016Redesign;en-US;636409010367851894#ny1bjgkykdbfrv1cz0ydyysv;26640;1;0
Cendyn.com-0095-2016Redesign;en-US;636409010367851894#jhuseaisl4auzpa2dxygzofi;26640;1;0
Cendyn.com-0095-2016Redesign;en-US;636409010368007896#ncklowkpez55wykj43hd2za1;26640;1;0
Cendyn.com-0095-2016Redesign;en-US;636409010368007896#pbjff0z2soos5iudhayf2dzn;26640;1;0
Theharborsidehotel.com-0114-2017Redesign;en-US;636409010369411914#m5idhc1qyaisbqqiikxell3e;37571;1;0
Thesagamore.com-0112-2017Redesign;en-US;636409010371283938#qlwyrvdjz3gdfkd3msur4vol;39241;1;0
Longboatkeyclub.com-0104-2017Redesign;en-US;636409010371283938#10k0ruislq2024n10zipzagu;38054;1;0
Napavalleymarriott.com-0071-2016Redesign;en-US;636409010371439940#41rv4na44ongvhs0fmaqfs5t;16432;1;0
Lidobeachresort.com-0106-2017Redesign;en-US;636409010371595942#qyox5luao3vhcvl0p23cwiqs;38053;1;0
Thesagamore.com-0112-2017Redesign;en-US;636409010372375952#1m0rnro3plnxgsn4wbr0iaet;33569;1;0
Cendyn.com-0095-2016Redesign;en-US;636409010381268066#wwl5zim5ajjxmb1goohfp4xc;26640;1;0
Hospitalityupgrade.com-0093-2016Redesign;en-US;636409010382516082#vwi4lhwhslefmiudzynbvhvx;37631;1;0
saddlebrook.com-0011-2014Redesign;en-US;636409010384232104#ucflduoycg5skiaq0bu1gvqy;3454;1;0
Cendyn.com-0095-2016Redesign;en-US;636409010385792124#iax55iwgm2sk2iwncypiyppt;26640;1;0
Cphollywoodbeach.com-0032-2015Redesign;en-US;636409010386104128#mmxbnxht4visrl0jelbkfmql;7831;1;0
Cendyn.com-0095-2016Redesign;en-US;636409010386884138#wiq15w2mtnpvckao4qxwv010;26640;1;0
Cendyn.com-0095-2016Redesign;en-US;636409010387040140#bm3qxcbgexwu0o2afdgywnjm;26640;1;0
Broadmoor.com-0073-2016Redesign;en-US;636409010387196142#s40a45nlvq5fqmms0piwgapd;16721;1;0
Cendyn.com-0095-2016Redesign;en-US;636409010387976152#li5hybqusnvteqdl11onayrd;26640;1;0
Cendyn.com-0095-2016Redesign;en-US;636409010387976152#iwwijuyyvza4kpqb3qshs012;26640;1;0
Cendyn.com-0095-2016Redesign;en-US;636409010387976152#x1hotfxiq4yg5bwdl4s3vvic;26640;1;0
Longboatkeyclub.com-0104-2017Redesign;en-US;636409010388288156#o2xt5yyxdhgyjvgor21d5jr0;35641;1;0
Galthouse.com-0042-2015Redesign;en-US;636409010388756162#kot2iswn1g3cz0z0vpg11r4p;10564;1;0
Washingtondukeinn.com-0024-2014Redesign;en-US;636409010389536172#b5zhurucrstnzvsbdmio4epa;5165;1;0
Sandpearl.com-0091-2016Redesign;en-US;636409010390628186#cj31iw3aozwiqxfy3tnaswhi;38056;1;0
Washingtondukeinn.com-0024-2014Redesign;en-US;636409010392344208#b5zhurucrstnzvsbdmio4epa;5165;1;0
Cendyn.com-0095-2016Redesign;en-US;636409010392500210#t2w1lhf5c4tn5wxwoe2u4j4q;26640;1;0
Longboatkeyclub.com-0104-2017Redesign;en-US;636409010395776252#o2xt5yyxdhgyjvgor21d5jr0;28316;1;0
Longboatkeyclub.com-0104-2017Redesign;en-US;636409010397648276#o2xt5yyxdhgyjvgor21d5jr0;28316;1;0
Cendyn.com-0095-2016Redesign;en-US;636409010397804278#4svdwxrstnl5zotjr11cpaqj;26640;1;0
Lidobeachresort.com-0106-2017Redesign;en-US;636409010397960280#odp3kakwaazfmgezp3cum01g;28666;1;0
saddlebrook.com-0011-2014Redesign;en-US;636409010399208296#4r33kil03uvhpfrhkahf0m30;3454;1;0
