Cendyn.com-0095-2016Redesign;en-US;636409104605852058#1iatn52g3nsqwg12otvxndn0;26640;1;0
Cendyn.com-0095-2016Redesign;en-US;636409104606008060#wokk12mbusoribuqbchwxztw;26640;1;0
Longboatkeyclub.com-0104-2017Redesign;en-US;636409104606008060#wondzdrxc0oi1dpnjovi4woc;28316;1;0
Broadmoor.com-0073-2016Redesign;en-US;636409104606788070#5szgu0krd0ua4dw4ereex22g;16741;1;0
Abbingtonbanquets.com-0070-2016Redesign;en-US;636409104607256076#mgnanlm5ulgeaq2i31seulet;15789;1;0
Assuranceoperations.com-0065-2015Redesign;en-US;636409104607256076#vtlst3epikjfd50r2hz31ziu;15263;1;0
Galthouse.com-0042-2015Redesign;en-US;636409104607256076#isk3ru3o4b0qkmyn4uezq05b;38060;1;0
Bluebirch.com-0072-2016Redesign;en-US;636409104607256076#5v4wjetgqciabjbbrzo2jabh;16693;1;0
Chrco.com-0107-2017Redesign;en-US;636409104607256076#mczsa5baxcn5rsqubqf4s044;29280;1;0
Napavalleymarriott.com-0071-2016Redesign;en-US;636409104607568080#eebdyvzzf3dizpvbi5r4i0mx;16432;1;0
Sandylane.com-0075-2016Redesign;en-US;636409104607568080#e4xrvmenez50ncrnruoqtxjk;17611;1;0
Homewoodsuiteslax.com-0110-2017Redesign;en-US;636409104607568080#npvnfklibgt2xktkexw0gaxv;30747;1;0
Longboatkeyclub.com-0104-2017Redesign;en-US;636409104607724082#w23bhtik3alq4wnshgrj0v3d;38054;1;0
Hospitalityupgrade.com-0093-2016Redesign;en-US;636409104607724082#ckcvhvm4nc3aauezziqsf0tb;25405;1;0
Thecurtis.com-0079-2016Redesign;en-US;636409104607724082#luzkgi2s132bulhrfdde1043;17981;1;0
Opalsands.com-0084-2016Redesign;en-US;636409104607880084#2halbooinduvkqhpppc5ozy0;38055;1;0
Delraysandsresort.com-0097-2016Redesign;en-US;636409104607880084#5k03xbekmytqihkwatggyp0p;38049;1;0
Degreerestaurant.com-0056-2015Redesign;en-US;636409104608036086#0spgd2zof1mwtwj1l23dx3fc;11598;1;0
Luxehotels.com-0078-2016Redesign;en-US;636409104608036086#pndaiwmtnmon4zkasez5hdb1;18805;1;0
Beverlyhillsresidenceinn.com-0087-2016Redesign;en-US;636409104608192088#fxiuombn5l0nzp3uykbgzitb;20999;1;0
Edgewaternaples.com-0094-2016Redesign;en-US;636409104608192088#nj2juvkyzgb5ax2jticb5eur;38051;1;0
Jupiterbeachresort.com-0103-2017Redesign;en-US;636409104608192088#cujdn525hflfm0srixyynu3i;38052;1;0
Samosetresort.com-0113-2017Redesign;en-US;636409104608348090#5d24upf015dxnmo4xt2egokf;40334;1;0
Thecrawfordhotel.com-0074-2016Redesign;en-US;636409104608504092#fwhefkqotaggzaro00rgsrpu;17145;1;0
Passport.lehotels.com-0069-2016BlogRedesign;en-US;636409104608504092#bchuyszwxh2pcqys0k3doxds;41068;1;0
Halcyonhotelcherrycreek.com-0061-2015Redesign;en-US;636409104608660094#gzlnl5xmu1sm1gzhehc45g2p;22121;1;0
Broadmoor.com-0073-2016Redesign;en-US;636409104608660094#fim0o2sojsvdlc4m2i0tam1k;38059;1;0
Cendyn.com-0095-2016Redesign;en-US;636409104608972098#ldsa10h5cg1e5e2dw3d015id;26640;1;0
Jbdukehotel.com-0086-2016Redesign;en-US;636409104608972098#01xlmfwogo34bskhgru5mwvw;21918;1;0
Theoxfordhotel.com-0062-2015Redesign;en-US;636409104609284102#wrpcdk1lhmzcpdsk1sfikqd0;14325;1;0
Thesagamore.com-0112-2017Redesign;en-US;636409104609284102#rqdru1ls2grsqbiiiqfpnma1;39241;1;0
Lidobeachresort.com-0106-2017Redesign;en-US;636409104609284102#51tnb1xrdnx1wywhjecjtumo;38053;1;0
Hhotellosangeles.com-0118-2017Redesign;en-US;636409104609908110#fuhzg3nkul4m4lv2hrc5podk;35289;1;0
Zotabeachresort.com-0090-2016Redesign;en-US;636409104610220114#ideepw2wgzibahndidy0iglz;38058;1;0
Theharborsidehotel.com-0114-2017Redesign;en-US;636409104610220114#jkbczfofzmy54qh34nk4ufgp;40403;1;0
Broadmoor.com-0073-2016Redesign;en-US;636409104610844122#gmerfphocvyuiong30cmosnx;16721;1;0
theweststreethotel.com-0115-2017Redesign;en-US;636409104611000124#1oh41hfdrupp2hi1k1vz3w2z;36683;1;0
Broadmoor.com-0073-2016Redesign;en-US;636409104613028150#gmerfphocvyuiong30cmosnx;16721;1;0
Theharborsidehotel.com-0114-2017Redesign;en-US;636409104615368180#b01or3qxqaklaqfwb0eysln5;38584;1;0
Broadmoor.com-0073-2016Redesign;en-US;636409104618020214#odqxmtp0zyuvjk0kpzgi5vq5;17269;1;0
Hospitalityupgrade.com-0093-2016Redesign;en-US;636409104620672248#knlfre50hfcdkrogjdshpwtz;37631;1;0
Thecrawfordhotel.com-0074-2016Redesign;en-US;636409104623480284#zirp0zazvldslw03e35sgvlg;17158;1;0
Galthouse.com-0042-2015Redesign;en-US;636409104626444322#ocdrog1vxlgvtpo2texm1lm1;31905;1;0
Lidobeachresort.com-0106-2017Redesign;en-US;636409104628160344#zugiy53jwdchfyzjo4kugruq;28666;1;0
saddlebrook.com-0011-2014Redesign;en-US;636409104629252358#lvjhqvevkqvmox54tbuvaryx;3385;1;0
Monarchbeachresort.com-0092-2016Redesign;en-US;636409104631124382#gykzgwy4533didc5gpy0p53k;22725;1;0
Galthouse.com-0042-2015Redesign;en-US;636409104631280384#0angjh5fux0rsfkiyud1ttcx;10602;1;0
Cendyn.com-0095-2016Redesign;en-US;636409104631280384#avgtvtgxmol2d4mtbkgedrwe;26640;1;0
Cendyn.com-0095-2016Redesign;en-US;636409104631280384#wo5ubnhriqs1cg3mlsnbmzbl;26640;1;0
Sandpearl.com-0091-2016Redesign;en-US;636409104631280384#xzastbbokdswr2nb445yv4aw;38056;1;0
Cocokeyorlando.com-0059-2015Redesign;en-US;636409104631904392#ghjgr01sydru1p2y1pm34rgb;12414;1;0
saddlebrook.com-0011-2014Redesign;en-US;636409104634244422#fcyphlnyf3ccl11nekeughhi;3477;1;0
Galthouse.com-0042-2015Redesign;en-US;636409104634244422#1tx23jmkcgs2irh4xgqxtkrh;31905;1;0
Oxfordclubspa.com-0068-2016Redesign;en-US;636409104642044522#t0v0s0s4xayg2wgjtegdg53z;15568;1;0
Washingtoncourthotel.com-0076-2016Redesign;en-US;636409104642200524#g4tq2e1tgdpzfmzsc4qhscww;17858;1;0
Bocatrans.com-0082-2016Redesign;en-US;636409104642512528#znzvggp1n4crtijnbc4304wg;19758;1;0
Naiaresortandspa.com-0077-2016Redesign;en-US;636409104642668530#bmqab21cwfjdm1bvovsvo4of;20455;1;0
Texturefoodanddrink.com-0067-2016Redesign;en-US;636409104642980534#nj1y4sjfhsnvkoqx4k4p3wo5;15452;1;0
Glencovemansion.com-0058-2015Redesign;en-US;636409104643136536#bqxyiok3jsnn5nu22dzthb32;13328;1;0
Meateatery.com-0080-2016Redesign;en-US;636409104643448540#yujgm30s3iqx4aixmdouzhyx;18505;1;0
Treasureislandbeachresort.com-0089-2016Redesign;en-US;636409104643604542#e5v0ltz44z3k3l2dbiajc5xf;38057;1;0
Lakeplacidlodge.com-0105-2017Redesign;en-US;636409104643604542#2z3dwiymqawhxzg2efcw2zdl;39238;1;0
Monarchbeachresort.com-0092-2016Redesign;en-US;636409104644696556#xcht2x0qlxphuunqtnleqgho;22847;1;0
Lakeplacidlodge.com-0105-2017Redesign;en-US;636409104644696556#gmebkdftfj3skj21ekeqdp1d;32807;1;0
Chrco.com-0107-2017Redesign;en-US;636409104646568580#3qgridxshsdnt35emojve20b;29280;1;0
Samosetresort.com-0113-2017Redesign;en-US;636409104647036586#coiygcxnhi5lcfymqff5sj1y;32554;1;0
saddlebrook.com-0011-2014Redesign;en-US;636409104648128600#fmtfgs4zrbr24ca14rvngpt4;3385;1;0
Sandpearl.com-0091-2016Redesign;en-US;636409104648752608#ml5njdionfx3dnv4dikqcsw0;22534;1;0
Thesagamore.com-0112-2017Redesign;en-US;636409104648908610#acme1xnwtif0mc0ltxxz10sb;33924;1;0
Denvercy.com-0036-2015Redesign;en-US;636409104649688620#n45t5ix52zmqulphzpscqial;8150;1;0
Sandpearl.com-0091-2016Redesign;en-US;636409104649688620#4h25qsjlhpcgicjhjlosqrv0;22481;1;0
C1awards.com-0020-2014Redesign;en-US;636409104649688620#g4fkecpbw425rca1w0nveaa2;3519;1;0
Cendyn.com-0095-2016Redesign;en-US;636409104651716646#kjscubtuhpuqpkas1shml0du;26640;1;0
Sandpearl.com-0091-2016Redesign;en-US;636409104652964662#4h25qsjlhpcgicjhjlosqrv0;22481;1;0
Renaissancepittsburghpa.com-0044-2015Redesign;en-US;636409104654056676#5g0fixuzd2dckdeemgl4n5av;9691;1;0
Cendyn.com-0095-2016Redesign;en-US;636409104654524682#cgpfbfgi0vk135tlguevayio;26640;1;0
Abbingtonbanquets.com-0070-2016Redesign;en-US;636409104657176716#osw0my3eb2qvko025u1foy41;15789;1;0
Assuranceoperations.com-0065-2015Redesign;en-US;636409104657176716#sawrtpp41ud1u4bkh3qs5k55;15263;1;0
Galthouse.com-0042-2015Redesign;en-US;636409104657176716#ifitydvuhzfy1glk4w3yyad1;38060;1;0
Chrco.com-0107-2017Redesign;en-US;636409104657332718#lo35icxh4px5giw050chwphl;29280;1;0
Opalsands.com-0084-2016Redesign;en-US;636409104657332718#22eijkieeasfc5gvewbulsbc;38055;1;0
Beverlyhillsresidenceinn.com-0087-2016Redesign;en-US;636409104657332718#mfnovyd0y5g4hpnaln4hbbfz;20999;1;0
Samosetresort.com-0113-2017Redesign;en-US;636409104657488720#yjhcsuji20suyn3hczfsu1yw;40334;1;0
Bluebirch.com-0072-2016Redesign;en-US;636409104657488720#lqxnjhybru43b1rtej5h3pft;16693;1;0
Halcyonhotelcherrycreek.com-0061-2015Redesign;en-US;636409104657488720#ivnlkit2vjuyvx0cazugyarp;22121;1;0
Passport.lehotels.com-0069-2016BlogRedesign;en-US;636409104657488720#xzat3ogak05xwge4zzwwhxie;41068;1;0
Homewoodsuiteslax.com-0110-2017Redesign;en-US;636409104657644722#tlykwim14jz1stp4zcogwgwr;30747;1;0
Thecurtis.com-0079-2016Redesign;en-US;636409104657644722#cfysufuzyh0h43j22swu1czm;17981;1;0
Napavalleymarriott.com-0071-2016Redesign;en-US;636409104657644722#nvjwpussprdqoleyna3u0pjj;16432;1;0
Degreerestaurant.com-0056-2015Redesign;en-US;636409104657800724#wre30eloh5z3v0sxzk5ficdm;11598;1;0
Jbdukehotel.com-0086-2016Redesign;en-US;636409104657800724#jayagvulky1segi2i0nhugb1;21918;1;0
Thecrawfordhotel.com-0074-2016Redesign;en-US;636409104657956726#umhwfsd4aynhf44pw1ofgift;17145;1;0
Sandylane.com-0075-2016Redesign;en-US;636409104657956726#yckurptc4qpnuy0vlzcyhyib;17611;1;0
Luxehotels.com-0078-2016Redesign;en-US;636409104658112728#uyxyu11vxuxucf3jumt4jxv5;18805;1;0
Hhotellosangeles.com-0118-2017Redesign;en-US;636409104658112728#4hntylhziujv4bkvsx1ugvyo;35289;1;0
Edgewaternaples.com-0094-2016Redesign;en-US;636409104658112728#hwytpg4ycaknitrqnwcvlvf0;38051;1;0
Delraysandsresort.com-0097-2016Redesign;en-US;636409104658112728#ojijhvvesxjjo15mzaqe0043;38049;1;0
Thesagamore.com-0112-2017Redesign;en-US;636409104658268730#g4xqt513ukzexhcwctq0momj;39241;1;0
Lidobeachresort.com-0106-2017Redesign;en-US;636409104658424732#iymqjmxqk3cz5b0qlpu0h405;38053;1;0
Zotabeachresort.com-0090-2016Redesign;en-US;636409104658580734#p4phutsiaemki41o1t1rmzau;38058;1;0
Theharborsidehotel.com-0114-2017Redesign;en-US;636409104658580734#eskjixses4qab5fwvnmnlniw;40403;1;0
Broadmoor.com-0073-2016Redesign;en-US;636409104658580734#icfr0jdx5fdoy4nrlsuhd3iv;38059;1;0
Hospitalityupgrade.com-0093-2016Redesign;en-US;636409104660296756#tj2tp3arifmaz044znafweug;25405;1;0
Cendyn.com-0095-2016Redesign;en-US;636409104662168780#5svafqvumxzj3jzao00obr3e;26640;1;0
Longboatkeyclub.com-0104-2017Redesign;en-US;636409104662792788#phbvnjkznt2j2oh30uoasngh;38054;1;0
Theoxfordhotel.com-0062-2015Redesign;en-US;636409104663104792#012yo2iq3zfgssjqxtq1hvsb;14325;1;0
Jupiterbeachresort.com-0103-2017Redesign;en-US;636409104663884802#wvel5jvblngddqudltpgx4gg;38052;1;0
Thesagamore.com-0112-2017Redesign;en-US;636409104671060894#gu0ldrh4xiyijx0142gxt5u5;32339;1;0
Thesagamore.com-0112-2017Redesign;en-US;636409104671372898#codjji41n1gdska0bnihh3le;32387;1;0
Thelodgeatwoodloch.com-0033-2015Redesign;en-US;636409104672932918#sc50yt5tdng03jaugi31j5yu;7764;1;0
Monarchbeachresort.com-0092-2016Redesign;en-US;636409104673088920#u3kqwceufanxln0hqvohu4fk;22995;1;0
Thelodgeatwoodloch.com-0033-2015Redesign;en-US;636409104673088920#fdrsksxaw1cowsjveazk1t32;7764;1;0
Thesagamore.com-0112-2017Redesign;en-US;636409104674024932#0sdsdzz1cp3f5ti1rfnlu1kz;32339;1;0
saddlebrook.com-0011-2014Redesign;en-US;636409104674336936#ezmpm2hm2rms5gqm2bicre2d;4538;1;0
Cphollywoodbeach.com-0032-2015Redesign;en-US;636409104674492938#0hqx0hpvkfr1myjktpvhufyj;7831;1;0
Edgewaternaples.com-0094-2016Redesign;en-US;636409104674804942#gkpufbnzki11vepdjoysbmmw;25239;1;0
Laxembassy.com-0008-2014Redesign;en-US;636409104674960944#awo3fnwc3ezdosyyeu0upa3w;2037;1;0
Thesagamore.com-0112-2017Redesign;en-US;636409104675272948#gu0ldrh4xiyijx0142gxt5u5;32339;1;0
Broadmoor.com-0073-2016Redesign;en-US;636409104676832968#2o1apzvpy42o4zikhr4u0zkm;16721;1;0
Marriottdelraybeach.com-0009-2014Redesign;en-US;636409104677144972#ufx0ik5bnnzfgneniz5pxmsx;2829;1;0
Jbdukehotel.com-0086-2016Redesign;en-US;636409104677456976#fbq445l4psypftnojtdo50ho;21918;1;0
Thecrawfordhotel.com-0074-2016Redesign;en-US;636409104677768980#rlkvxcqhgmsa1gmoxr2ibr50;17258;1;0
Hospitalityupgrade.com-0093-2016Redesign;en-US;636409104679485002#zj31qcd1nojsndxfnsrsdwgp;25405;1;0
Broadmoor.com-0073-2016Redesign;en-US;636409104679953008#h5yejhg2zu3rwv32zu4lwyz1;16721;1;0
Galthouse.com-0042-2015Redesign;en-US;636409104681045022#yw0ftgdv5xdpuamvdixysikq;10568;1;0
Cendyn.com-0095-2016Redesign;en-US;636409104681045022#o5nf1imul0k1yq2iqkpis151;26640;1;0
Sandpearl.com-0091-2016Redesign;en-US;636409104681045022#14gdyo4sctgknwyqpof4ervm;38056;1;0
Cendyn.com-0095-2016Redesign;en-US;636409104681357026#x2ldeglzzyx5ohuww4dmm401;26640;1;0
Marriottdelraybeach.com-0009-2014Redesign;en-US;636409104681825032#ufx0ik5bnnzfgneniz5pxmsx;2829;1;0
Sandpearl.com-0091-2016Redesign;en-US;636409104682293038#vxabax3e3nccydu2tuvg1mmo;22481;1;0
Sandpearl.com-0091-2016Redesign;en-US;636409104682293038#5pdz5tcyduinjp05d1irv2pr;22481;1;0
Sandpearl.com-0091-2016Redesign;en-US;636409104682761044#pxvcyay5jekx2rbchpty2obh;22481;1;0
Sandpearl.com-0091-2016Redesign;en-US;636409104683385052#q3ayz34gvxtf51mcm05mfonn;22481;1;0
Broadmoor.com-0073-2016Redesign;en-US;636409104683541054#4jqxjxl3oyk43zmwxsexs2ek;41466;1;0
Broadmoor.com-0073-2016Redesign;en-US;636409104703041304#kfvjej0xkuiaikeqatl1nebz;17465;1;0
Sandpearl.com-0091-2016Redesign;en-US;636409104716769480#nrvkqy2wgxzurt3w5i55k2hp;22481;1;0
Sandylane.com-0075-2016Redesign;en-US;636409104718953508#kw5bjobrqtrrvoibv55lckuv;17683;1;0
Oxfordclubspa.com-0068-2016Redesign;en-US;636409104720981534#3jbv4555mjsigkqggznuqxty;15568;1;0
Washingtoncourthotel.com-0076-2016Redesign;en-US;636409104720981534#vbctx344nkv3gcd4yx4af4uo;17858;1;0
Texturefoodanddrink.com-0067-2016Redesign;en-US;636409104721293538#pebi3or3b2izpviggei1ocpx;15452;1;0
Bocatrans.com-0082-2016Redesign;en-US;636409104721293538#3iytacam5ihnh1bmh1jv5wbt;19758;1;0
Glencovemansion.com-0058-2015Redesign;en-US;636409104721449540#efq4mlfzeeje445xrs0h5zhb;13328;1;0
Lakeplacidlodge.com-0105-2017Redesign;en-US;636409104721449540#np2rbt2xtl11dq3j3yrc40y1;39238;1;0
Meateatery.com-0080-2016Redesign;en-US;636409104721605542#1jt2e4vu4jkjfq24iahba4wb;18505;1;0
Naiaresortandspa.com-0077-2016Redesign;en-US;636409104721761544#fzvsmth055brnl4hhuuxp0dn;20455;1;0
Treasureislandbeachresort.com-0089-2016Redesign;en-US;636409104721917546#3jrr5jyevho5upedondxpwtl;38057;1;0
Broadmoor.com-0073-2016Redesign;en-US;636409104723321564#30hehdzrxj143ccudkgm0kmq;18208;1;0
Thesagamore.com-0112-2017Redesign;en-US;636409104724569580#bhh2ykzswtsfsh2fptppjcgd;33924;1;0
Treasureislandbeachresort.com-0089-2016Redesign;en-US;636409104725661594#lssu4bnwbyvuqau3p300er5a;22201;1;0
Cendyn.com-0095-2016Redesign;en-US;636409104726285602#frgbytwe0iy1lopt1u4j2dzn;26640;1;0
Cendyn.com-0095-2016Redesign;en-US;636409104728781634#w1hkmpsmxnvgmmlbcitdvb1v;26640;1;0
Degreerestaurant.com-0056-2015Redesign;en-US;636409104728781634#1gkzgrxjtfo4pnq334kh3x4q;11598;1;0
Abbingtonbanquets.com-0070-2016Redesign;en-US;636409104728781634#qh4dfk3gkd5aru1khtqn2yrx;15789;1;0
Beverlyhillsresidenceinn.com-0087-2016Redesign;en-US;636409104728781634#s2nkqnuglvi2wwhxq0hogcwe;20999;1;0
Homewoodsuiteslax.com-0110-2017Redesign;en-US;636409104728937636#fejjosgvm4nzevg5tcqjcby5;30747;1;0
Jbdukehotel.com-0086-2016Redesign;en-US;636409104728937636#25bha13iy33pfepxq2mi4d4y;21918;1;0
Napavalleymarriott.com-0071-2016Redesign;en-US;636409104729093638#ccvcj0drjzkz0npviy00cn1v;16432;1;0
Sandylane.com-0075-2016Redesign;en-US;636409104729093638#jitwsadkjmg351hshj0tx1l0;17611;1;0
Edgewaternaples.com-0094-2016Redesign;en-US;636409104729093638#k34sktiz15qjs0r14xthnkrr;38051;1;0
Luxehotels.com-0078-2016Redesign;en-US;636409104729249640#s20sqkzadurzqcv0rj1aidwi;18805;1;0
Thecrawfordhotel.com-0074-2016Redesign;en-US;636409104729249640#yq1juikzbia55ooxrlbqbedw;17145;1;0
Theharborsidehotel.com-0114-2017Redesign;en-US;636409104729249640#1pgdclqyt5lnfk1g1nxm3kbh;40403;1;0
Hospitalityupgrade.com-0093-2016Redesign;en-US;636409104729249640#24clrxbdvnfd0rufcsqk5crb;25405;1;0
Lidobeachresort.com-0106-2017Redesign;en-US;636409104729249640#1brpxozx0qyzcozyxr1mf4it;38053;1;0
Zotabeachresort.com-0090-2016Redesign;en-US;636409104729405642#1et2ipac1jemkaxu2sfskkzb;38058;1;0
Thesagamore.com-0112-2017Redesign;en-US;636409104729405642#m5mwpzvxvqvkzzy1welzr4ct;39241;1;0
Delraysandsresort.com-0097-2016Redesign;en-US;636409104729405642#zafxh4jnr1pu0ofnrsq2bq0i;38049;1;0
Theoxfordhotel.com-0062-2015Redesign;en-US;636409104729405642#p531pbou4i2rql0ceae4n1km;14325;1;0
Jupiterbeachresort.com-0103-2017Redesign;en-US;636409104729561644#tsar5hlz50hstlpudmpimvwx;38052;1;0
Broadmoor.com-0073-2016Redesign;en-US;636409104729561644#kso0z0efytfgw3uvkg3uh4ie;38059;1;0
Longboatkeyclub.com-0104-2017Redesign;en-US;636409104729717646#cait1i4oc23f02latwjxehfe;38054;1;0
Cendyn.com-0095-2016Redesign;en-US;636409104729717646#1smsmpvxzuegz34tjqqwjrvz;26640;1;0
Bluebirch.com-0072-2016Redesign;en-US;636409104729873648#kkirfjhqpwhavxmafex3g243;16693;1;0
Assuranceoperations.com-0065-2015Redesign;en-US;636409104730029650#akifgav3ybrfqedo5zhljnqm;15263;1;0
Galthouse.com-0042-2015Redesign;en-US;636409104730029650#oapjk0kn2sko4wenqf51ctov;38060;1;0
Chrco.com-0107-2017Redesign;en-US;636409104730185652#idgxs5bq5gtumnea23j2mpvj;29280;1;0
Opalsands.com-0084-2016Redesign;en-US;636409104730341654#x4nvxwediigxeemsybruy1j0;38055;1;0
Hhotellosangeles.com-0118-2017Redesign;en-US;636409104730809660#h5q0fvdsluiysdttoqvmp13f;35289;1;0
Thecurtis.com-0079-2016Redesign;en-US;636409104731745672#m00ttkb0c33wiiekpz3ynakh;17981;1;0
Samosetresort.com-0113-2017Redesign;en-US;636409104731745672#ap1oft5opjgz0dcunzdq51lb;40334;1;0
Passport.lehotels.com-0069-2016BlogRedesign;en-US;636409104731745672#jzrffp3xsb3hjfbe0hjjpyds;41068;1;0
Halcyonhotelcherrycreek.com-0061-2015Redesign;en-US;636409104732369680#kav2y1qtv3avfzl3owsqcudg;22121;1;0
Galthouse.com-0042-2015Redesign;en-US;636409104732525682#24ywzjdcoempvb3jeed4dxhl;31905;1;0
Amzak.com-0023-2014Redesign;en-US;636409104732681684#uqcryhvql1f1coypqf4jdtvh;3739;1;0
Passport.lehotels.com-0069-2016BlogRedesign;en-US;636409104732681684#rbrrksnpunwwaxlhibtq0i3c;15730;1;0
Sandylane.com-0075-2016Redesign;en-US;636409104733461694#kgu2fnfl4d2xj1u4yrx2opbb;17611;1;0
Renaissancepittsburghpa.com-0044-2015Redesign;en-US;636409104733461694#igfnees4qmtzwote42mopfw5;9637;1;0
Treasureislandbeachresort.com-0089-2016Redesign;en-US;636409104734085702#qrmvnq5n2n4lntx222dqp5ri;22169;1;0
Sandpearl.com-0091-2016Redesign;en-US;636409104734085702#nrvkqy2wgxzurt3w5i55k2hp;22481;1;0
Monarchbeachresort.com-0092-2016Redesign;en-US;636409104734241704#ej4q13psxxyrbmefca3o4pe0;22995;1;0
Hospitalityupgrade.com-0093-2016Redesign;en-US;636409104734241704#5aoo3ovtc0fsjbfpgrjmyv3n;22790;1;0
Thelodgeatwoodloch.com-0033-2015Redesign;en-US;636409104734865712#k2t05orvghip12rsj0rm5hxd;8318;1;0
Cendyn.com-0095-2016Redesign;en-US;636409104734865712#sork5zejf3xjzyt4ew45rxnb;26640;1;0
Jupiterbeachresort.com-0103-2017Redesign;en-US;636409104734865712#p21hv3dn0bxuivqqr4ll1ivy;28158;1;0
Cendyn.com-0095-2016Redesign;en-US;636409104734865712#jkxffkimtkqmvthhz4v4bsds;26640;1;0
Sandpearl.com-0091-2016Redesign;en-US;636409104735021714#beuhccko4rinogwen2eg1iks;38056;1;0
Renaissancepittsburghpa.com-0044-2015Redesign;en-US;636409104735021714#x3sbpemdsn2sc3qx3iibefhv;9680;1;0
Courtyardportlandcitycenter.com-0063-2015Redesign;en-US;636409104735333718#nagxkhrv5jy4ze05vvxe4hps;14545;1;0
Passport.lehotels.com-0069-2016BlogRedesign;en-US;636409104736581734#ux5mb00vi3ltn0bjbpfjagin;15730;1;0
Broadmoor.com-0073-2016Redesign;en-US;636409104737361744#1yksix1cxu3ed0nanzgjtwfa;21231;1;0
Cendyn.com-0095-2016Redesign;en-US;636409104737673748#v5pd2cozshe0x4fxyjlefz0w;26640;1;0
Hospitalityupgrade.com-0093-2016Redesign;en-US;636409104737829750#knlfre50hfcdkrogjdshpwtz;37631;1;0
Ecommerce.washingtondukeinn.com-0027-2014ShoppingCart;en-US;636409104738609760#cfpqkwpo1ngjfnfyqbge1dfs;11387;1;0
Galthouse.com-0042-2015Redesign;en-US;636409104739701774#24ywzjdcoempvb3jeed4dxhl;31905;1;0
Halcyonhotelcherrycreek.com-0061-2015Redesign;en-US;636409104740637786#yirpd1l0ee0jc4hywwl1r1vl;41138;1;0
Treasureislandbeachresort.com-0089-2016Redesign;en-US;636409104757954008#qrmvnq5n2n4lntx222dqp5ri;22169;1;0
Bocatrans.com-0082-2016Redesign;en-US;636409104758578016#txyzdbssjoh0fsi4uoe2dci4;19758;1;0
Washingtoncourthotel.com-0076-2016Redesign;en-US;636409104758734018#eecuskkrorvcpd32ndbh12di;17858;1;0
Glencovemansion.com-0058-2015Redesign;en-US;636409104758890020#h10crxhlly550bkd2rca5wpc;13328;1;0
Treasureislandbeachresort.com-0089-2016Redesign;en-US;636409104759046022#ubf52y5a023nar5ep4l43u1q;38057;1;0
Oxfordclubspa.com-0068-2016Redesign;en-US;636409104759202024#exl3rrmjjmdf1khbsvth4drr;15568;1;0
Naiaresortandspa.com-0077-2016Redesign;en-US;636409104759514028#pymlojxg2xfra2flu3bwgsli;20455;1;0
Texturefoodanddrink.com-0067-2016Redesign;en-US;636409104759514028#kfo4rdkaz4evhnu22fhklrgy;15452;1;0
Lakeplacidlodge.com-0105-2017Redesign;en-US;636409104759826032#cyciii22ddspdrkigjmie55y;39238;1;0
Meateatery.com-0080-2016Redesign;en-US;636409104759826032#h0y24ahituvucyzjcfd1ul14;18505;1;0
Broadmoor.com-0073-2016Redesign;en-US;636409104760606042#hmlceeq0nazzubapnuv05v0j;17465;1;0
Jupiterbeachresort.com-0103-2017Redesign;en-US;636409104767938136#p21hv3dn0bxuivqqr4ll1ivy;28158;1;0
Ecommerce.saddlebrook.com-0028-2014ShoppingCart;en-US;636409104767938136#xunyl3g1xlj3etmlkgu0wazq;6316;1;0
Thecurtis.com-0079-2016Redesign;en-US;636409104768250140#it1iarfqigofkvlzhyqgbjhp;17981;1;0
Broadmoor.com-0073-2016Redesign;en-US;636409104769810160#1flbznpxqupozgo10f3q4bcp;16721;1;0
Cphollywoodbeach.com-0032-2015Redesign;en-US;636409104769966162#xkv0bcr1pphk3ob2gnwacz2p;7831;1;0
Cendyn.com-0095-2016Redesign;en-US;636409104773554208#1y5c0kolgbcab150uvypejgd;26640;1;0
Cendyn.com-0095-2016Redesign;en-US;636409104775738236#q4n5msd4y2ue4jq2rfiihh3e;26640;1;0
Abbingtonbanquets.com-0070-2016Redesign;en-US;636409104777610260#xjnjp2zmxp0torkalvmwcb14;15789;1;0
Bluebirch.com-0072-2016Redesign;en-US;636409104777922264#bv5cyqpljr5ao4fabyqvqiiu;16693;1;0
Assuranceoperations.com-0065-2015Redesign;en-US;636409104777922264#aofp5p1u1ibzihl5grgvsovh;15263;1;0
Samosetresort.com-0113-2017Redesign;en-US;636409104778078266#qyw2ac3wkc4c35wwmdaf1r3j;40334;1;0
Halcyonhotelcherrycreek.com-0061-2015Redesign;en-US;636409104778078266#mv13qwpryj0srn1o1zqlzjjl;22121;1;0
Luxehotels.com-0078-2016Redesign;en-US;636409104778390270#gneds1bta3z2kuvd04qguibe;18805;1;0
Lidobeachresort.com-0106-2017Redesign;en-US;636409104778702274#uck4gtk0vprcsb3pp32a34qz;38053;1;0
Homewoodsuiteslax.com-0110-2017Redesign;en-US;636409104778858276#5bduesrqbvcy1mfzqsheus3q;30747;1;0
Jbdukehotel.com-0086-2016Redesign;en-US;636409104779170280#df5lgzxywbimowd4vsvgfva5;21918;1;0
Passport.lehotels.com-0069-2016BlogRedesign;en-US;636409104779482284#50bhzvi1wa1klhp2lf2qu5bt;41068;1;0
Theharborsidehotel.com-0114-2017Redesign;en-US;636409104779638286#gzccy3vx43jxpyiysybxx2k0;40403;1;0
Edgewaternaples.com-0094-2016Redesign;en-US;636409104780418296#1wxsvwcr3wb5jwbtobjioq5f;38051;1;0
Sandylane.com-0075-2016Redesign;en-US;636409104780730300#hlnbvzbzxqgrpawfyiem0xct;17611;1;0
Thesagamore.com-0112-2017Redesign;en-US;636409104780886302#sxmcamqdjblhnprwnxxtw1pa;39241;1;0
Delraysandsresort.com-0097-2016Redesign;en-US;636409104781042304#lwjuzeq4xqwkw43sx1oeu32y;38049;1;0
Theoxfordhotel.com-0062-2015Redesign;en-US;636409104781354308#x5s0fiapuc3cwhs10s2y2t2i;14325;1;0
Zotabeachresort.com-0090-2016Redesign;en-US;636409104781666312#nwl1ohuz3jgnpvsckpv3fmo3;38058;1;0
Hospitalityupgrade.com-0093-2016Redesign;en-US;636409104782134318#uzgbpxeld1vpvz0oxa2wz0tt;25405;1;0
Longboatkeyclub.com-0104-2017Redesign;en-US;636409104782758326#g223225qaq1qtfakem21yeps;38054;1;0
Jupiterbeachresort.com-0103-2017Redesign;en-US;636409104783382334#tu1tuvghagevcz1dvpb1mvsc;38052;1;0
Cendyn.com-0095-2016Redesign;en-US;636409104783850340#50ies0qyucsj2j1zzoapibsl;26640;1;0
Broadmoor.com-0073-2016Redesign;en-US;636409104784006342#br0lpdhockkaolnivoklndz0;38059;1;0
Degreerestaurant.com-0056-2015Redesign;en-US;636409104786034368#vllc2k4etlcilc55yx2zf0di;11598;1;0
Galthouse.com-0042-2015Redesign;en-US;636409104786190370#1f3zknxldjvkmltl1sio4nyn;38060;1;0
Thecurtis.com-0079-2016Redesign;en-US;636409104786502374#itkluwrj1sxevfkv3gzffnzs;17981;1;0
Beverlyhillsresidenceinn.com-0087-2016Redesign;en-US;636409104786658376#henq3carmeuqaobtxsskvqvo;20999;1;0
Chrco.com-0107-2017Redesign;en-US;636409104786970380#kzbncymlr4r2w02vqhie22li;29280;1;0
Napavalleymarriott.com-0071-2016Redesign;en-US;636409104787282384#jitsvjfl5qgotol1xx1kwwja;16432;1;0
Thecrawfordhotel.com-0074-2016Redesign;en-US;636409104787594388#vi5h4i0sf0ru3n1xhm2t5egy;17145;1;0
Opalsands.com-0084-2016Redesign;en-US;636409104787906392#dswl5albybxnouqwj1et5d3z;38055;1;0
Hhotellosangeles.com-0118-2017Redesign;en-US;636409104788374398#4u3nkgjaxghv00tbeq5uahxi;35289;1;0
Thesagamore.com-0112-2017Redesign;en-US;636409104789778416#f1y2aenkwtmanqgyvvbzhlw1;32339;1;0
Chrco.com-0107-2017Redesign;en-US;636409104789778416#orraffnc4yafboyyy5hihire;29280;1;0
Broadmoor.com-0073-2016Redesign;en-US;636409104789778416#2tfya5te345yqmzyvtx4i3p1;16791;1;0
Theoxfordhotel.com-0062-2015Redesign;en-US;636409104790090420#l2hgacab35qdnoz5onnpvjr2;14325;1;0
Broadmoor.com-0073-2016Redesign;en-US;636409104790090420#2o1apzvpy42o4zikhr4u0zkm;21231;1;0
Thesagamore.com-0112-2017Redesign;en-US;636409104790090420#ujoglvl05u3xxfviyxtijsjh;32339;1;0
Broadmoor.com-0073-2016Redesign;en-US;636409104790246422#p3m4aphvzvl4v0e4uz0zlixr;18782;1;0
Thelodgeatwoodloch.com-0033-2015Redesign;en-US;636409104790402424#sc50yt5tdng03jaugi31j5yu;7781;1;0
Lehotels.com-0049-2015Transfer;en-US;636409104790714428#1n4e3scfvwiv2g2fpdwjd14p;13761;1;0
Theharborsidehotel.com-0114-2017Redesign;en-US;636409104790870430#02bmmp34hylsiauz4rcahq2e;37571;1;0
Cendyn.com-0095-2016Redesign;en-US;636409104791182434#yj13bpga1ekft2njthxlqucn;27901;1;0
Cendyn.com-0095-2016Redesign;en-US;636409104791338436#v5pd2cozshe0x4fxyjlefz0w;26640;1;0
Thecurtis.com-0079-2016Redesign;en-US;636409104791338436#it1iarfqigofkvlzhyqgbjhp;17981;1;0
Jbdukehotel.com-0086-2016Redesign;en-US;636409104791494438#im2azjn2hl3vvqexr4rrzcfr;21926;1;0
Thecrawfordhotel.com-0074-2016Redesign;en-US;636409104791494438#fs4gfmizshl4vzqvxv0dy3l2;26180;1;0
Broadmoor.com-0073-2016Redesign;en-US;636409104791806442#2sukr3q1k0xfwkwtvhqpihsf;18782;1;0
Cendyn.com-0095-2016Redesign;en-US;636409104792118446#pjsecme2hh40b4tn0p54o1t3;26640;1;0
Sandpearl.com-0091-2016Redesign;en-US;636409104792118446#fbj2d3is4cu52fmf5gvlo1we;38056;1;0
Cendyn.com-0095-2016Redesign;en-US;636409104792118446#odglwgrslaz2zcal0vj3vtp2;26640;1;0
Hospitalityupgrade.com-0093-2016Redesign;en-US;636409104793054458#un4td13slb3zcacxoto2ff5k;37631;1;0
Sandylane.com-0075-2016Redesign;en-US;636409104793522464#jnpuvgdnagoryyfpkxwrxtze;17611;1;0
Galthouse.com-0042-2015Redesign;en-US;636409104793834468#j2mqgjcahqxyxp5jvxvtpsl4;31905;1;0
Galthouse.com-0042-2015Redesign;en-US;636409104793834468#kz1lljb0wq1ifpbvgbrcm2zv;31905;1;0
Miravalspamonarchbeach.com-0109-2017Redesign;en-US;636409104794146472#ggffgvdfivegsyk3bl5g23sd;31709;1;0
Washingtoncourthotel.com-0076-2016Redesign;en-US;636409104794146472#ix2xm50vizunecqu4anksing;17858;1;0
Meateatery.com-0080-2016Redesign;en-US;636409104794458476#m53tnte3vlkvudt1ayjm2p44;18505;1;0
Glencovemansion.com-0058-2015Redesign;en-US;636409104794458476#eb2i5po415cywzjkngpkvimx;13328;1;0
Oxfordclubspa.com-0068-2016Redesign;en-US;636409104794458476#3fmdoo0ndqffd4uj1npafglr;15568;1;0
Bocatrans.com-0082-2016Redesign;en-US;636409104794458476#cvj2lhljblsu15ihr3deonsq;19758;1;0
Montaukyachtclub.com-0010-2014Redesign;en-US;636409104794614478#moeczrjfxmgwn5mtzqy0wirz;2381;1;0
Treasureislandbeachresort.com-0089-2016Redesign;en-US;636409104794614478#05u4gxi4qw20sigyf5hrg1si;38057;1;0
Texturefoodanddrink.com-0067-2016Redesign;en-US;636409104794770480#3e251wteo2gposfnbmm3rpue;15452;1;0
Naiaresortandspa.com-0077-2016Redesign;en-US;636409104794770480#xv0gaofsa4c1lpa3wh1ycsit;20455;1;0
Lakeplacidlodge.com-0105-2017Redesign;en-US;636409104794770480#djkmqqpbpw1x53cq5wn41ipz;39238;1;0
Homewoodsuiteslax.com-0110-2017Redesign;en-US;636409104794926482#dnrnykd31kauv3qefmnqd2bz;30747;1;0
Bocatrans.com-0082-2016Redesign;en-US;636409104794926482#urq2f5j20qojsvgd0bowmrg3;19758;1;0
Meateatery.com-0080-2016Redesign;en-US;636409104795238486#fxb52rdd0y2uk2rntzwo0u2l;18505;1;0
Beverlyhillsresidenceinn.com-0087-2016Redesign;en-US;636409104795238486#qpxp32qfwvgnrqz0s0ksj1fa;20999;1;0
Thelodgeatwoodloch.com-0033-2015Redesign;en-US;636409104795394488#sc50yt5tdng03jaugi31j5yu;7781;1;0
Theharborsidehotel.com-0114-2017Redesign;en-US;636409104796174498#0xfliod50y40j2g2lujdw55i;37571;1;0
Thesagamore.com-0112-2017Redesign;en-US;636409104796798506#ujoglvl05u3xxfviyxtijsjh;32339;1;0
Longboatkeyclub.com-0104-2017Redesign;en-US;636409104796798506#oznkhxnps135envg2kh4fzii;35641;1;0
Monarchbeachresort.com-0092-2016Redesign;en-US;636409104796954508#pc3wazmyigetzklp3xs41vt3;22725;1;0
Galthouse.com-0042-2015Redesign;en-US;636409104797110510#1j4ehu3dvytsrk0worwc1azy;31905;1;0
Galthouse.com-0042-2015Redesign;en-US;636409104797110510#iftaok1saakntsuxpeu1du5t;31905;1;0
Lakeplacidlodge.com-0105-2017Redesign;en-US;636409104797890520#esj4njzseaceqt0xjump0qsw;28545;1;0
Hospitalityupgrade.com-0093-2016Redesign;en-US;636409104807562644#b5nosx2vsrojqg411t3g0yl3;25405;1;0
Luxehotels.com-0078-2016Redesign;en-US;636409104807874648#zoi33dquwyqmopomdvdr1c0x;19329;1;0
Opalsands.com-0084-2016Redesign;en-US;636409104810526682#1h2j42he3wkpxak4jyxoierk;40846;1;0
Cendyn.com-0095-2016Redesign;en-US;636409104812398706#enkg4doe20ylxp1q5aujkrkq;26640;1;0
Cendyn.com-0095-2016Redesign;en-US;636409104816610760#wsu0goah3xlqzaureabzyrvp;26640;1;0
Halcyonhotelcherrycreek.com-0061-2015Redesign;en-US;636409104817234768#yirpd1l0ee0jc4hywwl1r1vl;22121;1;0
Broadmoor.com-0073-2016Redesign;en-US;636409104817234768#wwzjcd04plzzhygcdu4yolpi;16721;1;0
Chrco.com-0107-2017Redesign;en-US;636409104817546772#pj115umhkhqlbipt03vwhlsx;29280;1;0
Assuranceoperations.com-0065-2015Redesign;en-US;636409104817546772#otrsc0ryy0vvjg52kcfsyisd;15263;1;0
Abbingtonbanquets.com-0070-2016Redesign;en-US;636409104817546772#j540yw5z2mddbapyc3vdiuq4;15789;1;0
Theoxfordhotel.com-0062-2015Redesign;en-US;636409104817546772#33l3hbnsusxsel0zw3scz0as;14325;1;0
Thecrawfordhotel.com-0074-2016Redesign;en-US;636409104817546772#zok2jqogspyo5bnumxobnqsb;17145;1;0
Broadmoor.com-0073-2016Redesign;en-US;636409104817546772#fg2gtalk3bg3tnrwpyydsqah;38059;1;0
Napavalleymarriott.com-0071-2016Redesign;en-US;636409104817702774#yi3kczyxmgqzk4zg1hnigiu2;16432;1;0
Halcyonhotelcherrycreek.com-0061-2015Redesign;en-US;636409104817702774#fsmwjijsxolvtirkohdyurme;22121;1;0
Homewoodsuiteslax.com-0110-2017Redesign;en-US;636409104817702774#ttt3uahe4unk3gfiddjueavu;30747;1;0
Beverlyhillsresidenceinn.com-0087-2016Redesign;en-US;636409104817702774#c4gwktuo3av0mxg0hnbcymnc;20999;1;0
Degreerestaurant.com-0056-2015Redesign;en-US;636409104817858776#gt2ub22tr2rrk2vfbzqjquzm;11598;1;0
Thecurtis.com-0079-2016Redesign;en-US;636409104817858776#teaizkfx1lg0432vnqxgru2f;17981;1;0
Passport.lehotels.com-0069-2016BlogRedesign;en-US;636409104817858776#ccodtha43l42dq5jinw2nksb;41068;1;0
Luxehotels.com-0078-2016Redesign;en-US;636409104817858776#hj30upmkesxyognkbnf4mf4n;18805;1;0
Samosetresort.com-0113-2017Redesign;en-US;636409104817858776#2yykc5iroz13q5rbhdxjkiz0;40334;1;0
Edgewaternaples.com-0094-2016Redesign;en-US;636409104818014778#karod5zlcqlexb1vpcta0kpm;38051;1;0
Zotabeachresort.com-0090-2016Redesign;en-US;636409104818014778#l5mhmwlazsjmbg0hemf4lh5u;38058;1;0
Hospitalityupgrade.com-0093-2016Redesign;en-US;636409104818014778#olxpqyfza1mqrs1ob420uv2g;25405;1;0
Thesagamore.com-0112-2017Redesign;en-US;636409104818014778#rtpj4vnktocip103rjnejvct;39241;1;0
Theharborsidehotel.com-0114-2017Redesign;en-US;636409104818170780#nyznnbyhvzs532tnrxhq0otd;40403;1;0
Delraysandsresort.com-0097-2016Redesign;en-US;636409104818170780#sqbpbghp5rwkidv2skfyxgxq;38049;1;0
Jbdukehotel.com-0086-2016Redesign;en-US;636409104818326782#hz0uwisor5mgpkmxiktx3bd2;21918;1;0
Lidobeachresort.com-0106-2017Redesign;en-US;636409104818326782#mxayxgcy22ejm1gw5nodc3dp;38053;1;0
Longboatkeyclub.com-0104-2017Redesign;en-US;636409104818326782#zh0jn3f1vbwhvkvmx2r3snsm;38054;1;0
Opalsands.com-0084-2016Redesign;en-US;636409104818326782#x0s3fx1dxcwnr0h3aldpg4u1;38055;1;0
Cendyn.com-0095-2016Redesign;en-US;636409104818482784#aywucsdvdntsbov013oix0c0;26640;1;0
Jupiterbeachresort.com-0103-2017Redesign;en-US;636409104818482784#2zros13w1y5lnp31kvtrun52;38052;1;0
Bluebirch.com-0072-2016Redesign;en-US;636409104818794788#ejyxpvmnufh5tkuzd3r5j5g0;16693;1;0
Hhotellosangeles.com-0118-2017Redesign;en-US;636409104820042804#x3o1zky1h3gbwbmdxksxmr4d;35289;1;0
Galthouse.com-0042-2015Redesign;en-US;636409104820042804#2nlogydv3qcvoritfqhb1yq4;38060;1;0
Sandylane.com-0075-2016Redesign;en-US;636409104820198806#phn3xcncgmhynzhw0mdlbakn;17611;1;0
Longboatkeyclub.com-0104-2017Redesign;en-US;636409104820978816#oznkhxnps135envg2kh4fzii;28316;1;0
Sandpearl.com-0091-2016Redesign;en-US;636409104821134818#4h25qsjlhpcgicjhjlosqrv0;22481;1;0
Ecommerce.saddlebrook.com-0028-2014ShoppingCart;en-US;636409104822538836#wx1u13xsqikor5ipxlm4bxko;6316;1;0
Lidobeachresort.com-0106-2017Redesign;en-US;636409104822538836#dr43csnsu1iz2v5nxubahyos;28673;1;0
Minnetonkamarriott.com-0039-2015Redesign;en-US;636409104822538836#gnmfmij1qwg00mxpmhmur3z1;8843;1;0
Broadmoor.com-0073-2016Redesign;en-US;636409104822538836#2tfya5te345yqmzyvtx4i3p1;16791;1;0
Halcyonhotelcherrycreek.com-0061-2015Redesign;en-US;636409104822850840#sapp3uavu5mdr30r2pcsm1le;22121;1;0
Broadmoor.com-0073-2016Redesign;en-US;636409104823162844#ppnsddbvgunohrhtlirn1vnk;16721;1;0
Longboatkeyclub.com-0104-2017Redesign;en-US;636409104823630850#oznkhxnps135envg2kh4fzii;28316;1;0
Cocokeyorlando.com-0059-2015Redesign;en-US;636409104823786852#0tthsu2rdd4fuqj544xndiga;12581;1;0
Broadmoor.com-0073-2016Redesign;en-US;636409104824878866#ppnsddbvgunohrhtlirn1vnk;16721;1;0
saddlebrook.com-0011-2014Redesign;en-US;636409104832834968#ezmpm2hm2rms5gqm2bicre2d;4534;1;0
Luxehotels.com-0078-2016Redesign;en-US;636409104832990970#t1njpzwecxp3raad42kzed3h;18833;1;0
Cendyn.com-0095-2016Redesign;en-US;636409104833926982#h5dmgdhqvhfsffnsijjcahqj;26640;1;0
Sandpearl.com-0091-2016Redesign;en-US;636409104834082984#bfkap3nvij1lwyglkijav5ow;38056;1;0
Cendyn.com-0095-2016Redesign;en-US;636409104834082984#kblcabppl5mcfihw5j23nuyp;26640;1;0
Hospitalityupgrade.com-0093-2016Redesign;en-US;636409104834394988#f2hlhesvgnyveondbqkgma4m;22774;1;0
Minnetonkamarriott.com-0039-2015Redesign;en-US;636409104836891020#gnmfmij1qwg00mxpmhmur3z1;8843;1;0
Theharborsidehotel.com-0114-2017Redesign;en-US;636409104837827032#jk1v5kgeo0ezm3wj2ccuihkh;38061;1;0
Monarchbeachresort.com-0092-2016Redesign;en-US;636409104838919046#xcht2x0qlxphuunqtnleqgho;22725;1;0
Minnetonkamarriott.com-0039-2015Redesign;en-US;636409104838919046#gnmfmij1qwg00mxpmhmur3z1;8843;1;0
Bocatrans.com-0082-2016Redesign;en-US;636409104839855058#tku4ni2desjeqc11jinthfrn;19758;1;0
Texturefoodanddrink.com-0067-2016Redesign;en-US;636409104839855058#0zxvc5rr4omizlngn3hke0zw;15452;1;0
Ecommerce.saddlebrook.com-0028-2014ShoppingCart;en-US;636409104839855058#paitn05tha4qkqoenl5s1zgm;6316;1;0
Ecommerce.saddlebrook.com-0028-2014ShoppingCart;en-US;636409104840167062#grghuhomuukusnpfb0vev1nq;6316;1;0
Oxfordclubspa.com-0068-2016Redesign;en-US;636409104840167062#ykeptna43ynzt3cirleqvaup;15568;1;0
Treasureislandbeachresort.com-0089-2016Redesign;en-US;636409104840167062#cxwyvvr1w0ngmsvccg1bpqw2;38057;1;0
Naiaresortandspa.com-0077-2016Redesign;en-US;636409104840323064#vkvwya3sibbnhnguyy5wix2x;20455;1;0
Glencovemansion.com-0058-2015Redesign;en-US;636409104840323064#sldu2lzfni4q5n2p4mcftco0;13328;1;0
Meateatery.com-0080-2016Redesign;en-US;636409104840323064#5sdtl3f5b1e1wvvi2hvwsxci;18505;1;0
Washingtoncourthotel.com-0076-2016Redesign;en-US;636409104840323064#0n3z5zchuhbzaim3g4yfacjm;17858;1;0
Lakeplacidlodge.com-0105-2017Redesign;en-US;636409104840323064#e0sxtug0fhhwxf3sugk3ai5e;39238;1;0
Treasureislandbeachresort.com-0089-2016Redesign;en-US;636409104840947072#rvqzx4t22cwksbjg0aor1ake;22169;1;0
Broadmoor.com-0073-2016Redesign;en-US;636409104841571080#jpcpwdt3zblrftk2d1ktmqan;17465;1;0
Sandpearl.com-0091-2016Redesign;en-US;636409104842507092#nrvkqy2wgxzurt3w5i55k2hp;22481;1;0
Theoxfordhotel.com-0062-2015Redesign;en-US;636409104842663094#l2hgacab35qdnoz5onnpvjr2;14325;1;0
Thecurtis.com-0079-2016Redesign;en-US;636409104842975098#4hljstiv1geiyake2bfcwguk;19041;1;0
Broadmoor.com-0073-2016Redesign;en-US;636409104842975098#xvxd2oikjmqvyyuayhxo2evq;17465;1;0
Minnetonkamarriott.com-0039-2015Redesign;en-US;636409104844223114#gnmfmij1qwg00mxpmhmur3z1;8843;1;0
Ecommerce.saddlebrook.com-0028-2014ShoppingCart;en-US;636409104844379116#no2j14so4cui0mykaujsfldc;6316;1;0
Thecrawfordhotel.com-0074-2016Redesign;en-US;636409104849683184#kwpehabixbbi20ygucuawyei;17159;1;0
Minnetonkamarriott.com-0039-2015Redesign;en-US;636409104851399206#gnmfmij1qwg00mxpmhmur3z1;8843;1;0
Luxehotels.com-0078-2016Redesign;en-US;636409104851867212#idrjkipp012n1mbhedxcyoqs;18805;1;0
Cendyn.com-0095-2016Redesign;en-US;636409104852023214#fgokzzuu5mpsiyv31mryxz4w;26640;1;0
Broadmoor.com-0073-2016Redesign;en-US;636409104853895238#x55zxvar32how0hadk2mrnkp;16728;1;0
Cendyn.com-0095-2016Redesign;en-US;636409104854051240#ef5aih4mxzreyumr0icwvn3z;26640;1;0
Broadmoor.com-0073-2016Redesign;en-US;636409104854519246#wt3t01qi4qsm3ayx14vdandv;17465;1;0
Hospitalityupgrade.com-0093-2016Redesign;en-US;636409104854519246#knlfre50hfcdkrogjdshpwtz;37631;1;0
Degreerestaurant.com-0056-2015Redesign;en-US;636409104857327282#dirkehx1b1c5c4rtwxkktuyo;11598;1;0
Thecurtis.com-0079-2016Redesign;en-US;636409104857327282#h51ub0ozgeqjli3xwbfc5fod;17981;1;0
Sandylane.com-0075-2016Redesign;en-US;636409104857327282#i3x2nctafvltbgs2kc4gnhpg;17611;1;0
Edgewaternaples.com-0094-2016Redesign;en-US;636409104857483284#kjpnhig5i5lkj3jocdkeqqse;38051;1;0
Hospitalityupgrade.com-0093-2016Redesign;en-US;636409104857483284#vh4j3z5bw04jm2ocbowdrhqf;25405;1;0
Jupiterbeachresort.com-0103-2017Redesign;en-US;636409104857483284#nnyuxtfp5nxhqevkatjp35j4;38052;1;0
Opalsands.com-0084-2016Redesign;en-US;636409104857639286#ye23qz5pedmq0vip3tnnms2i;38055;1;0
Zotabeachresort.com-0090-2016Redesign;en-US;636409104857795288#dpd0rxyrjka3mf5z5qldhyi3;38058;1;0
Hhotellosangeles.com-0118-2017Redesign;en-US;636409104857795288#kljg3kz1ziqxjmqycc41opr0;35289;1;0
Lidobeachresort.com-0106-2017Redesign;en-US;636409104857795288#43mw1xr5xcgtlkmesehqcea3;38053;1;0
Thesagamore.com-0112-2017Redesign;en-US;636409104857795288#robej5bgtdgkltbe3wtj3rcf;39241;1;0
Samosetresort.com-0113-2017Redesign;en-US;636409104857951290#1mx120d5wfdamvxqshbnv2cf;40334;1;0
Theharborsidehotel.com-0114-2017Redesign;en-US;636409104858107292#wg144x3b01tvhkfghnijuobl;40403;1;0
Longboatkeyclub.com-0104-2017Redesign;en-US;636409104858107292#ivwcehvnryqg12xbcjh2veja;38054;1;0
Luxehotels.com-0078-2016Redesign;en-US;636409104858107292#hfyhcxynaidi3011b2hufjlf;18805;1;0
Halcyonhotelcherrycreek.com-0061-2015Redesign;en-US;636409104858419296#0nh2rko4j0utj1id3kd3bk2n;22121;1;0
Passport.lehotels.com-0069-2016BlogRedesign;en-US;636409104858419296#pvkezzs2xsa5lsvkhg3zhpab;41068;1;0
Delraysandsresort.com-0097-2016Redesign;en-US;636409104858419296#tlyx5tcjjobjfl0sxrcala2g;38049;1;0
Beverlyhillsresidenceinn.com-0087-2016Redesign;en-US;636409104858419296#5yzwtazcachgfvlbp5ssl1cd;20999;1;0
Jbdukehotel.com-0086-2016Redesign;en-US;636409104858419296#dh4vhmqbxwt3z4xbmiebwof3;21918;1;0
Bluebirch.com-0072-2016Redesign;en-US;636409104858419296#telnkz5kiinsryg55mvuxhkj;16693;1;0
Theoxfordhotel.com-0062-2015Redesign;en-US;636409104858575298#4ffgydomchdzphskavcbfyjc;14325;1;0
Galthouse.com-0042-2015Redesign;en-US;636409104858575298#1agqj0dtagtqv0sow4cubvey;38060;1;0
Thecrawfordhotel.com-0074-2016Redesign;en-US;636409104858731300#qdyl4hecpndnjstmdo5ngys2;17145;1;0
Chrco.com-0107-2017Redesign;en-US;636409104858731300#vjz01ufeq4butijxtqw0fjxj;29280;1;0
Abbingtonbanquets.com-0070-2016Redesign;en-US;636409104859043304#u4fwycom3fjqbbvfcrx0rqpn;15789;1;0
Homewoodsuiteslax.com-0110-2017Redesign;en-US;636409104859199306#ca0bssbcleu2ncgjmyzficva;30747;1;0
Assuranceoperations.com-0065-2015Redesign;en-US;636409104859199306#1my5mnunnpskpgvfp12ws1bs;15263;1;0
Napavalleymarriott.com-0071-2016Redesign;en-US;636409104859355308#rjy2xixeyqprtxyqi0boipu4;16432;1;0
Broadmoor.com-0073-2016Redesign;en-US;636409104862007342#3f5zrwrhphp3v0eyb3nx4i5e;16721;1;0
Thesagamore.com-0112-2017Redesign;en-US;636409104862631350#34mstgxewkeur0sz4a45cwxn;32387;1;0
Halcyonhotelcherrycreek.com-0061-2015Redesign;en-US;636409104863099356#sapp3uavu5mdr30r2pcsm1le;22121;1;0
Thecrawfordhotel.com-0074-2016Redesign;en-US;636409104869495438#tiuigygbqplmfowcnq1daxok;17176;1;0
Thecrawfordhotel.com-0074-2016Redesign;en-US;636409104870275448#vb4pjzdgs5qtucvybryhnleh;17181;1;0
Thecrawfordhotel.com-0074-2016Redesign;en-US;636409104875267512#vb4pjzdgs5qtucvybryhnleh;17181;1;0
Jupiterbeachresort.com-0103-2017Redesign;en-US;636409104875891520#csqgh2xcixmq0yuvxczoupcs;28158;1;0
Abbingtonbanquets.com-0070-2016Redesign;en-US;636409104876203524#wqj3lxqyzqeyrzbdmlmqmevm;15789;1;0
Lidobeachresort.com-0106-2017Redesign;en-US;636409104876203524#q1x01hzjsxpxw35jl1nhhdpf;28666;1;0
Jupiterbeachresort.com-0103-2017Redesign;en-US;636409104876827532#clab5suru3sqin2cxyh4zy54;28158;1;0
Lidobeachresort.com-0106-2017Redesign;en-US;636409104876983534#r3ja21i13vjyi3nlmf2koh1t;28666;1;0
Thecrawfordhotel.com-0074-2016Redesign;en-US;636409104878855558#z0d30vly5svergqdbo1gdgk4;17181;1;0
Cendyn.com-0095-2016Redesign;en-US;636409104879947572#lbdqajefdtjphowsepblurxf;26640;1;0
Cendyn.com-0095-2016Redesign;en-US;636409104879947572#mnr2l4wjhipeftzezt4f3ieu;26640;1;0
Sandpearl.com-0091-2016Redesign;en-US;636409104879947572#phy0kynmsxhk0goudm42yqya;38056;1;0
Broadmoor.com-0073-2016Redesign;en-US;636409104880727582#bkhybufe3bq0cj0gxvergoe2;17465;1;0
Broadmoor.com-0073-2016Redesign;en-US;636409104881975598#wwzjcd04plzzhygcdu4yolpi;16721;1;0
Samosetresort.com-0113-2017Redesign;en-US;636409104882443604#jiwjjgfpdxm5u2dmhsgl3jqk;35129;1;0
Broadmoor.com-0073-2016Redesign;en-US;636409104882755608#ywhhin21lm4vv5r3tewzwnp4;16777;1;0
Zotabeachresort.com-0090-2016Redesign;en-US;636409104883379616#ic4ixa01fwyj4fspw4dar1i1;22369;1;0
Jbdukehotel.com-0086-2016Redesign;en-US;636409104884315628#w41nkg1fu5quf1wgjhkg2xj2;21918;1;0
Broadmoor.com-0073-2016Redesign;en-US;636409104886031650#htotwatc3iozrvmouteosftb;16761;1;0
Jbdukehotel.com-0086-2016Redesign;en-US;636409104886655658#w41nkg1fu5quf1wgjhkg2xj2;21918;1;0
Broadmoor.com-0073-2016Redesign;en-US;636409104888839686#3f5zrwrhphp3v0eyb3nx4i5e;16761;1;0
Renaissancepittsburghpa.com-0044-2015Redesign;en-US;636409104889463694#x3sbpemdsn2sc3qx3iibefhv;9637;1;0
Naiaresortandspa.com-0077-2016Redesign;en-US;636409104889619696#ufo5on2plevgfh4lvfufogxb;20455;1;0
Washingtoncourthotel.com-0076-2016Redesign;en-US;636409104889619696#rbqeljap5m5rz3dmnub3i3l1;17858;1;0
Meateatery.com-0080-2016Redesign;en-US;636409104889619696#ac5y3sw1wlo1lbvyhyf5ub50;18505;1;0
Oxfordclubspa.com-0068-2016Redesign;en-US;636409104889619696#02radwgngtagatr21i45ddw5;15568;1;0
Texturefoodanddrink.com-0067-2016Redesign;en-US;636409104889775698#l0nzqvafjgrllcykw2rnmtxq;15452;1;0
Glencovemansion.com-0058-2015Redesign;en-US;636409104889775698#2fzp4av1thanuawnicb3hqiw;13328;1;0
Bocatrans.com-0082-2016Redesign;en-US;636409104890087702#sxz0g3neqku4znuapmd3g1ny;19758;1;0
Beverlyhillsresidenceinn.com-0087-2016Redesign;en-US;636409104890243704#s2qxkxsrn5wtq4jwtpyxl3sr;20999;1;0
Galthouse.com-0042-2015Redesign;en-US;636409104890243704#cbhla2kyyjjz20vifvq5j2t3;31905;1;0
Lakeplacidlodge.com-0105-2017Redesign;en-US;636409104890243704#5pg4wleyvqdxqi4vscn3busi;39238;1;0
Treasureislandbeachresort.com-0089-2016Redesign;en-US;636409104890243704#rctivopij5az2cvdlgz5nff2;38057;1;0
Galthouse.com-0042-2015Redesign;en-US;636409104890555708#zkd5tnf5zigcikqglgs3m052;31905;1;0
Broadmoor.com-0073-2016Redesign;en-US;636409104890555708#tiup4jjzrezm3y3wdwqqfdpy;16724;1;0
Thecrawfordhotel.com-0074-2016Redesign;en-US;636409104892583734#1pnivzxkchq2qnxnidy2imdu;17145;1;0
Cendyn.com-0095-2016Redesign;en-US;636409104901787852#d5j4dru2u4lvimzkcq4oj5ya;26640;1;0
Cendyn.com-0095-2016Redesign;en-US;636409104904127882#hvyqjbxtejjid02bfkjdu2f3;26640;1;0
Treasureislandbeachresort.com-0089-2016Redesign;en-US;636409104904283884#rvqzx4t22cwksbjg0aor1ake;22169;1;0
theweststreethotel.com-0115-2017Redesign;en-US;636409104905531900#qi4ocwtumuqkoagmgnlo5p1e;36718;1;0
Beverlyhillsresidenceinn.com-0087-2016Redesign;en-US;636409104907247922#5n1tobij0x4icrelzbvmmjuk;20999;1;0
Theoxfordhotel.com-0062-2015Redesign;en-US;636409104907247922#l523juilluzv2v1dt5npv51e;14325;1;0
Bluebirch.com-0072-2016Redesign;en-US;636409104907247922#opfhuf40ms1swibndndlicih;16693;1;0
Passport.lehotels.com-0069-2016BlogRedesign;en-US;636409104907247922#1bn0hrwm0mpuz523prcxilyg;41068;1;0
Edgewaternaples.com-0094-2016Redesign;en-US;636409104907247922#0amvmlhwjmfp5rtrczjk03gk;38051;1;0
Delraysandsresort.com-0097-2016Redesign;en-US;636409104907403924#qmdv1cnvclasazmdu4jz223p;38049;1;0
Sandylane.com-0075-2016Redesign;en-US;636409104907559926#y0wldi1c3xeiofl2uzft2oup;17611;1;0
Zotabeachresort.com-0090-2016Redesign;en-US;636409104907559926#j54pq11mwmeg2wjoid3q2yys;38058;1;0
Thecrawfordhotel.com-0074-2016Redesign;en-US;636409104907715928#f1jc2c5ug3eaz2laxrffxunt;17145;1;0
Thecurtis.com-0079-2016Redesign;en-US;636409104907715928#hjdlq2tbnxudrwsad3h4uh4x;17981;1;0
Thesagamore.com-0112-2017Redesign;en-US;636409104907715928#zoorjfr2h210ss5wez0glvs2;39241;1;0
Degreerestaurant.com-0056-2015Redesign;en-US;636409104907871930#wt1g1oalvkyaea0wcl04ajlb;11598;1;0
Theharborsidehotel.com-0114-2017Redesign;en-US;636409104907871930#bgerd0gstfydyob3hse2iign;40403;1;0
Lidobeachresort.com-0106-2017Redesign;en-US;636409104908027932#f45gghqgb3qz2wkqqpltoz5u;38053;1;0
Longboatkeyclub.com-0104-2017Redesign;en-US;636409104908027932#rsv5htqaqqc0ecchapifyggp;38054;1;0
Galthouse.com-0042-2015Redesign;en-US;636409104908027932#rqq1phbqdzzvzsiocxf10xv3;38060;1;0
Jbdukehotel.com-0086-2016Redesign;en-US;636409104908027932#4z534aqghlj0k42at2xj20sd;21918;1;0
Abbingtonbanquets.com-0070-2016Redesign;en-US;636409104908339936#ztfnkib4h5gbd0f30xrenuj2;15789;1;0
Assuranceoperations.com-0065-2015Redesign;en-US;636409104908339936#tcl22fkihu24jwpjqdwwtlmu;15263;1;0
Hospitalityupgrade.com-0093-2016Redesign;en-US;636409104908495938#bu2vnwapc3uzxrwr3efolg3b;25405;1;0
Homewoodsuiteslax.com-0110-2017Redesign;en-US;636409104908495938#xzzsomvf3cgu355m3w34h4tn;30747;1;0
Luxehotels.com-0078-2016Redesign;en-US;636409104908495938#nd0lkxuzaq2vp1mmixgaxeod;18805;1;0
Opalsands.com-0084-2016Redesign;en-US;636409104908495938#orrqqfttiotfx33zbarqfp1u;38055;1;0
Halcyonhotelcherrycreek.com-0061-2015Redesign;en-US;636409104909275948#gor2ppia44devctrvkkloi2r;22121;1;0
Samosetresort.com-0113-2017Redesign;en-US;636409104909275948#guecxt4ijzk54arjyk3t4jl4;40334;1;0
Jupiterbeachresort.com-0103-2017Redesign;en-US;636409104909275948#fk2ek5ghptswpdj3me2rqhwx;38052;1;0
Chrco.com-0107-2017Redesign;en-US;636409104909431950#unot1z2ihqw52h2ticggqa3v;29280;1;0
Hhotellosangeles.com-0118-2017Redesign;en-US;636409104909431950#rquxhitizxastg4goijb1qko;35289;1;0
Napavalleymarriott.com-0071-2016Redesign;en-US;636409104909431950#zprpcbtzxcqzte4ojayq02ki;16432;1;0
Thesagamore.com-0112-2017Redesign;en-US;636409104909743954#mzrtim213jomh5quotpyz1po;32339;1;0
Treasureislandbeachresort.com-0089-2016Redesign;en-US;636409104909743954#rvqzx4t22cwksbjg0aor1ake;22169;1;0
Broadmoor.com-0073-2016Redesign;en-US;636409104910211960#g5f3jklqxbttfzarwa3bf4tj;16724;1;0
Thesagamore.com-0112-2017Redesign;en-US;636409104912863994#mzrtim213jomh5quotpyz1po;32339;1;0
Thesagamore.com-0112-2017Redesign;en-US;636409104913019996#0sdsdzz1cp3f5ti1rfnlu1kz;33931;1;0
Broadmoor.com-0073-2016Redesign;en-US;636409104915672030#2pbz2vfbu1zd0cbyhsr1lhjr;16721;1;0
Cphollywoodbeach.com-0032-2015Redesign;en-US;636409104916452040#iekshzt2xor5uyznz3origa4;7805;1;0
Sandylane.com-0075-2016Redesign;en-US;636409104917388052#xk10wkz4xlfng3judu0mwjog;17611;1;0
Samosetresort.com-0113-2017Redesign;en-US;636409104917388052#nllgrhhv0mt2vrbfrlwytgjj;32541;1;0
Broadmoor.com-0073-2016Redesign;en-US;636409104918792070#1flbznpxqupozgo10f3q4bcp;18259;1;0
Broadmoor.com-0073-2016Redesign;en-US;636409104918948072#gemqer05dra2iigdemyrutrj;17465;1;0
Passport.lehotels.com-0069-2016BlogRedesign;en-US;636409104919260076#4ift0onvyswbvkbhwrwfmmuw;15730;1;0
saddlebrook.com-0011-2014Redesign;en-US;636409104919572080#ew2nvhcmp3b14m4dm125yoru;3463;1;0
Broadmoor.com-0073-2016Redesign;en-US;636409104919884084#2jcvl04ygbisigztvcpvcaba;16731;1;0
Hi-nyc.com-0108-2017Redesogm;en-US;636409104920040086#4uy3psuai4rw3wvbhd0inxjf;30080;1;0
theweststreethotel.com-0115-2017Redesign;en-US;636409104921288102#qi4ocwtumuqkoagmgnlo5p1e;36691;1;0
Broadmoor.com-0073-2016Redesign;en-US;636409104921912110#3f5zrwrhphp3v0eyb3nx4i5e;16767;1;0
Broadmoor.com-0073-2016Redesign;en-US;636409104923160126#ly3konks2wkvwpxqgwqby5xg;16728;1;0
Hospitalityupgrade.com-0093-2016Redesign;en-US;636409104923628132#un4td13slb3zcacxoto2ff5k;37631;1;0
Thecrawfordhotel.com-0074-2016Redesign;en-US;636409104923784134#jdisrah1ip0j0vjyumuib2jk;17369;1;0
Cphollywoodbeach.com-0032-2015Redesign;en-US;636409104924564144#jl1eumz5wz4oen4lban1cbby;7831;1;0
Zotabeachresort.com-0090-2016Redesign;en-US;636409104925500156#kjtc3nibrmry3r32rqqkslyv;22364;1;0
Cendyn.com-0095-2016Redesign;en-US;636409104930024214#bvklxmnmoiarjow03xcxpva4;26640;1;0
Cendyn.com-0095-2016Redesign;en-US;636409104930024214#gue0g3smkdsvcketrdqbgull;26640;1;0
Thesagamore.com-0112-2017Redesign;en-US;636409104930024214#codjji41n1gdska0bnihh3le;41600;1;0
Sandpearl.com-0091-2016Redesign;en-US;636409104930024214#e5qc0xgtdy4cxbqxbqodhpew;38056;1;0
Samosetresort.com-0113-2017Redesign;en-US;636409104932676248#qdxc2pax1gkuqsre5pyr0bxw;32541;1;0
Halcyonhotelcherrycreek.com-0061-2015Redesign;en-US;636409104935172280#yirpd1l0ee0jc4hywwl1r1vl;23322;1;0
theweststreethotel.com-0115-2017Redesign;en-US;636409104935172280#qi4ocwtumuqkoagmgnlo5p1e;36683;1;0
Thesagamore.com-0112-2017Redesign;en-US;636409104935328282#x2cv3qjlu4oy3qhszdixmoco;32351;1;0
Broadmoor.com-0073-2016Redesign;en-US;636409104935952290#lpk2kmuksoei3cva3vqkaxrn;16721;1;0
Broadmoor.com-0073-2016Redesign;en-US;636409104936420296#4p1jmaqgppudomudsfnbi3of;16721;1;0
Samosetresort.com-0113-2017Redesign;en-US;636409104937824314#qdxc2pax1gkuqsre5pyr0bxw;32541;1;0
Broadmoor.com-0073-2016Redesign;en-US;636409104939384334#uae3xdia20tbwriqyx4nnu4o;17465;1;0
Meateatery.com-0080-2016Redesign;en-US;636409104939540336#aiirhbkfrxihmts3cb1ckowz;18505;1;0
Glencovemansion.com-0058-2015Redesign;en-US;636409104939540336#h3zhcmjnvs0bloxm5sxe3wgz;13328;1;0
Oxfordclubspa.com-0068-2016Redesign;en-US;636409104939540336#s2z00we0b3d5vr5zib0eqyzx;15568;1;0
Texturefoodanddrink.com-0067-2016Redesign;en-US;636409104939540336#y2ihrkcnrdtnj1ecddhr4oqw;15452;1;0
Bocatrans.com-0082-2016Redesign;en-US;636409104939696338#h35hf3e2gv3phthxfjuismqs;19758;1;0
Washingtoncourthotel.com-0076-2016Redesign;en-US;636409104939696338#a3f4gjnh1co1211wiyeyhwqy;17858;1;0
Naiaresortandspa.com-0077-2016Redesign;en-US;636409104939696338#uhby3ckzhzeuk2mu40jidyjn;20455;1;0
Lakeplacidlodge.com-0105-2017Redesign;en-US;636409104939852340#ha4wcy2qhmamnapmirwifpzj;39238;1;0
Treasureislandbeachresort.com-0089-2016Redesign;en-US;636409104940008342#sd33kceza0urimsxrdomwuvu;38057;1;0
Lehotels.com-0049-2015Transfer;en-US;636409104942660376#envfyo10jyvr1ydi4xvps224;19470;1;0
Cphollywoodbeach.com-0032-2015Redesign;en-US;636409104942972380#nfmq4hv1ofe1afn0t1pels04;7831;1;0
Galthouse.com-0042-2015Redesign;en-US;636409104948120446#iofsop0uapmos2uhf0won5rx;10568;1;0
Thecrawfordhotel.com-0074-2016Redesign;en-US;636409104950616478#guk0pj2xriccseihssylg1nm;17163;1;0
Edgewaternaples.com-0094-2016Redesign;en-US;636409104950928482#4ogdlxt3zdrc5ehro10iwjx1;25239;1;0
Broadmoor.com-0073-2016Redesign;en-US;636409104950928482#2o1apzvpy42o4zikhr4u0zkm;16772;1;0
Edgewaternaples.com-0094-2016Redesign;en-US;636409104951240486#f22vv11wtsg5lpfdip15p1j2;25239;1;0
Cendyn.com-0095-2016Redesign;en-US;636409104951708492#gct1uvkrypgyvr2qeb32lqlc;26640;1;0
Cendyn.com-0095-2016Redesign;en-US;636409104954048522#voh0tt4o3n15rq0srgjq4ub1;26640;1;0
Halcyonhotelcherrycreek.com-0061-2015Redesign;en-US;636409104956700556#yirpd1l0ee0jc4hywwl1r1vl;22121;1;0
Beverlyhillsresidenceinn.com-0087-2016Redesign;en-US;636409104957168562#n5sqkjtbexas02detdkz31b3;20999;1;0
Theoxfordhotel.com-0062-2015Redesign;en-US;636409104957168562#rratjculsb0zdd2o5ba5r5ls;14325;1;0
Thecrawfordhotel.com-0074-2016Redesign;en-US;636409104957168562#lxvoter1vgovjo01jqwaqybe;17145;1;0
Sandylane.com-0075-2016Redesign;en-US;636409104957480566#s2cerutip2qmcq0eduhlz2j3;17611;1;0
Edgewaternaples.com-0094-2016Redesign;en-US;636409104957480566#v3vv1wxp1yia5rr0cgzjoap1;38051;1;0
Passport.lehotels.com-0069-2016BlogRedesign;en-US;636409104957480566#jc2n0jrcnfqs4pvx3teaqakt;41068;1;0
Degreerestaurant.com-0056-2015Redesign;en-US;636409104957636568#5v1zr0wl1e4e45ez1gdg10nw;11598;1;0
Thecurtis.com-0079-2016Redesign;en-US;636409104957792570#4tmjvgpsoxfzmu21ccq0ihfk;17981;1;0
Thesagamore.com-0112-2017Redesign;en-US;636409104957792570#frtvblubkdo0ooj5ctvpbngg;39241;1;0
Assuranceoperations.com-0065-2015Redesign;en-US;636409104957948572#sh23yd2lirh5lprkfldoqcw1;15263;1;0
Abbingtonbanquets.com-0070-2016Redesign;en-US;636409104957948572#zdfd5pi4ajhu04cazveohg24;15789;1;0
Bluebirch.com-0072-2016Redesign;en-US;636409104958104574#rhmnsyqosbgqa0lbujjzfzwk;16693;1;0
Samosetresort.com-0113-2017Redesign;en-US;636409104958104574#cimbjzzl3v2z20svjgcjxrmz;40334;1;0
Napavalleymarriott.com-0071-2016Redesign;en-US;636409104958104574#r2ebyqrmj3vlmbxgugfkfk0a;16432;1;0
Galthouse.com-0042-2015Redesign;en-US;636409104958260576#kjiey4031izzfjdtmb5tko4p;38060;1;0
Opalsands.com-0084-2016Redesign;en-US;636409104958416578#sutnslj0hsnyqzcag5e4j4kx;38055;1;0
Hhotellosangeles.com-0118-2017Redesign;en-US;636409104958416578#0ubo1x533utn5rjhhf2ca1i4;35289;1;0
Lidobeachresort.com-0106-2017Redesign;en-US;636409104958572580#dcxtaiwomwphcpxftanvakfu;38053;1;0
Zotabeachresort.com-0090-2016Redesign;en-US;636409104958728582#2oqb0d2ccbj3xgsm41mvyz4y;38058;1;0
Jbdukehotel.com-0086-2016Redesign;en-US;636409104958728582#pdd3wr3otis40fiwq1wi1z05;21918;1;0
Luxehotels.com-0078-2016Redesign;en-US;636409104958728582#iwb4g0c4mgt3y4spgpafi4od;18805;1;0
Halcyonhotelcherrycreek.com-0061-2015Redesign;en-US;636409104958884584#w2jghr0rtpfr5o05tfd1rwzb;22121;1;0
Jupiterbeachresort.com-0103-2017Redesign;en-US;636409104958884584#4xsnjeuqcvp1lzelmku3aikx;38052;1;0
Hospitalityupgrade.com-0093-2016Redesign;en-US;636409104958884584#rx1wu0uzvfnzlfgypzdwnb2i;25405;1;0
Homewoodsuiteslax.com-0110-2017Redesign;en-US;636409104959664594#hpea4oxzo0wjdpwz2domj1pm;30747;1;0
Theharborsidehotel.com-0114-2017Redesign;en-US;636409104959664594#h2nclysmqq5agnwhui0cq1l0;40403;1;0
Delraysandsresort.com-0097-2016Redesign;en-US;636409104959664594#nnezxoefnxuhw44whpgcr3lk;38049;1;0
Chrco.com-0107-2017Redesign;en-US;636409104959820596#2mszklvwtn5aohfzn5suaowx;29280;1;0
Longboatkeyclub.com-0104-2017Redesign;en-US;636409104960132600#2e5c2s0elbn3rmex3wxqs4iy;38054;1;0
Thelodgeatwoodloch.com-0033-2015Redesign;en-US;636409104960756608#3eorcc0xt4rwjnyrmltmgrzb;7764;1;0
Cocokeyorlando.com-0059-2015Redesign;en-US;636409104964344654#zvmaiby1a5jwroamjm20l3js;12404;1;0
Broadmoor.com-0073-2016Redesign;en-US;636409104965904674#vxrcsid2q4pcab03bq4wxhbw;16721;1;0
Broadmoor.com-0073-2016Redesign;en-US;636409104966060676#k0vt5b02fuiasr1pb2wdtmoe;16721;1;0
Hospitalityupgrade.com-0093-2016Redesign;en-US;636409104969960726#knlfre50hfcdkrogjdshpwtz;37631;1;0
Thelodgeatwoodloch.com-0033-2015Redesign;en-US;636409104970272730#kr4zviojb1pnmv5g4srqqokg;7764;1;0
Thecrawfordhotel.com-0074-2016Redesign;en-US;636409104977292820#s1hn5andcnjvycwylsd2irvu;17145;1;0
Cphollywoodbeach.com-0032-2015Redesign;en-US;636409104978696838#s2p05p0fduanncc3s5qdbmfu;7805;1;0
Treasureislandbeachresort.com-0089-2016Redesign;en-US;636409104979476848#lssu4bnwbyvuqau3p300er5a;22852;1;0
Cendyn.com-0095-2016Redesign;en-US;636409104979944854#qhzotrme54cjsrvfqeu1xdmr;26640;1;0
Cendyn.com-0095-2016Redesign;en-US;636409104979944854#f0ypnk4vpefuol4ujqibd33x;26640;1;0
Sandpearl.com-0091-2016Redesign;en-US;636409104979944854#u0qcn3dlnmctls1kk2qvnqes;38056;1;0
Broadmoor.com-0073-2016Redesign;en-US;636409104983064894#ppnsddbvgunohrhtlirn1vnk;16721;1;0
Thecurtis.com-0079-2016Redesign;en-US;636409104984936918#4hljstiv1geiyake2bfcwguk;18015;1;0
Meateatery.com-0080-2016Redesign;en-US;636409104989460976#awoh1uu14qfklxiv4jfiq1of;18505;1;0
Glencovemansion.com-0058-2015Redesign;en-US;636409104989460976#5pyphmjudu1kovuozpsndsoz;13328;1;0
Oxfordclubspa.com-0068-2016Redesign;en-US;636409104989460976#wemx2dn4wc4ro4vriqfecbgq;15568;1;0
Washingtoncourthotel.com-0076-2016Redesign;en-US;636409104989616978#buhmy3oghtruofmgcdru3rtr;17858;1;0
Bocatrans.com-0082-2016Redesign;en-US;636409104989616978#jpphov4xtv3damipzvrexg0l;19758;1;0
Treasureislandbeachresort.com-0089-2016Redesign;en-US;636409104989616978#0uvabjna2ucbvffqe2a2oqxd;38057;1;0
Naiaresortandspa.com-0077-2016Redesign;en-US;636409104989772980#0syigmq1axlvvp4pjwa00rxd;20455;1;0
Lakeplacidlodge.com-0105-2017Redesign;en-US;636409104989772980#wxxjxwwfx0kp4qwvb2lp2dsk;39238;1;0
Texturefoodanddrink.com-0067-2016Redesign;en-US;636409104989772980#wazw1d2yewyjxsecn2ll2av2;15452;1;0
Marriottkeylargo.com-0015-2014Redesign;en-US;636409104990396988#crzf1twqwp1dy5o3vthqzxna;3948;1;0
Thecrawfordhotel.com-0074-2016Redesign;en-US;636409104996949072#tvgwh45au3z1rmlwn10221fh;17145;1;0
Cendyn.com-0095-2016Redesign;en-US;636409104998197088#obetci3k3jrp3yyhc4lfe3wr;26640;1;0
Broadmoor.com-0073-2016Redesign;en-US;636409104999289102#htotwatc3iozrvmouteosftb;16764;1;0
Cendyn.com-0095-2016Redesign;en-US;636409105001785134#sy4sozniijdinfuqsfucxt4s;26640;1;0
Broadmoor.com-0073-2016Redesign;en-US;636409105003657158#3lxy0hxkuzuomvwejohn3ew4;17443;1;0
Cendyn.com-0095-2016Redesign;en-US;636409105004125164#fcuex53fphepmbrarkvzrl53;26640;1;0
Broadmoor.com-0073-2016Redesign;en-US;636409105004437168#lbunoczqnuk13kxjhz5qnbs4;16721;1;0
Degreerestaurant.com-0056-2015Redesign;en-US;636409105007245204#hcqjyys1oo4jvns4eudxhsb0;11598;1;0
Thecrawfordhotel.com-0074-2016Redesign;en-US;636409105007245204#0ifmfpr5rn2wbe1vawwqdrd0;17145;1;0
Edgewaternaples.com-0094-2016Redesign;en-US;636409105007245204#og00rb201aiavuad4x3uakll;38051;1;0
Thecurtis.com-0079-2016Redesign;en-US;636409105007245204#1lryaf4epyu3jl5kexpjpvlk;17981;1;0
Galthouse.com-0042-2015Redesign;en-US;636409105007245204#4v2ycpcsobbnxflyti4uqs4y;38060;1;0
Lidobeachresort.com-0106-2017Redesign;en-US;636409105007401206#tiw2h0thmxjsy25vr4ctga2h;38053;1;0
Delraysandsresort.com-0097-2016Redesign;en-US;636409105007401206#xhvi4g310o3o24dupbojjg0y;38049;1;0
Opalsands.com-0084-2016Redesign;en-US;636409105007557208#034ngqk2fsof4xrv4rnqfpso;38055;1;0
Samosetresort.com-0113-2017Redesign;en-US;636409105007557208#5ac11m4xe4e100jlsu4wezvk;40334;1;0
Luxehotels.com-0078-2016Redesign;en-US;636409105007557208#aywkpd1hgsbzpm1xe52xqigr;18805;1;0
Homewoodsuiteslax.com-0110-2017Redesign;en-US;636409105007869212#a22emldfsalt5l43ash2kkou;30747;1;0
Thesagamore.com-0112-2017Redesign;en-US;636409105007869212#s5jentnksnpwojn2bk5vma5h;33925;1;0
Theharborsidehotel.com-0114-2017Redesign;en-US;636409105007869212#l2jq20iqpyp2iom4fqxb1edm;40403;1;0
Chrco.com-0107-2017Redesign;en-US;636409105008025214#5pk3in3he515cj5copomxvgs;29280;1;0
Hhotellosangeles.com-0118-2017Redesign;en-US;636409105008649222#kqymplyldncl5zyttfba3glp;35289;1;0
Bluebirch.com-0072-2016Redesign;en-US;636409105009117228#ob11b051sbruergvwdlzgmna;16693;1;0
Passport.lehotels.com-0069-2016BlogRedesign;en-US;636409105009117228#i03num1u1jetxaflkzvfnjq1;41068;1;0
Abbingtonbanquets.com-0070-2016Redesign;en-US;636409105009117228#tvfj1f4ism5g3srhthk0t2oa;15789;1;0
Beverlyhillsresidenceinn.com-0087-2016Redesign;en-US;636409105009117228#dsysrw4wo3420qfzm4otxnmr;20999;1;0
Napavalleymarriott.com-0071-2016Redesign;en-US;636409105009273230#321ag5fwmoi3gilfsdgcswj0;16432;1;0
Thesagamore.com-0112-2017Redesign;en-US;636409105009273230#bp1zy0pde1vmuxirhk5cy0cy;39241;1;0
Hospitalityupgrade.com-0093-2016Redesign;en-US;636409105009429232#bhz4tf4ifi1ylvcvqfcajjwq;25405;1;0
Longboatkeyclub.com-0104-2017Redesign;en-US;636409105009429232#wugbrq5oqoquytvisqcj2vuh;38054;1;0
Zotabeachresort.com-0090-2016Redesign;en-US;636409105009429232#uu54ifg3454woru22x3likfq;38058;1;0
Jupiterbeachresort.com-0103-2017Redesign;en-US;636409105009585234#132b4ykurhjnycfwfjwfgzod;38052;1;0
Halcyonhotelcherrycreek.com-0061-2015Redesign;en-US;636409105009897238#5f2xf2ipept5wjdldhugm5pt;22121;1;0
Theoxfordhotel.com-0062-2015Redesign;en-US;636409105009897238#tep5tj3mgbguscokqcksocma;14325;1;0
Sandylane.com-0075-2016Redesign;en-US;636409105010053240#345fgy13yhgh5vlhvghlanev;17611;1;0
Jbdukehotel.com-0086-2016Redesign;en-US;636409105010053240#w43zhjmsor150qjlpb5033up;21918;1;0
Assuranceoperations.com-0065-2015Redesign;en-US;636409105010209242#fe1o5a2wlmxfvf35egdq43cz;15263;1;0
Thelodgeatwoodloch.com-0033-2015Redesign;en-US;636409105010677248#ewuvf1dyo4tydtvbwxcg4nr1;7764;1;0
saddlebrook.com-0011-2014Redesign;en-US;636409105010833250#fcyphlnyf3ccl11nekeughhi;3451;1;0
Thesagamore.com-0112-2017Redesign;en-US;636409105014421296#wvzyubmjkhkws1jns4op1alh;32339;1;0
Thecrawfordhotel.com-0074-2016Redesign;en-US;636409105014733300#aoajpveffpejuw0qp4o1pjwj;17162;1;0
Abbingtonbanquets.com-0070-2016Redesign;en-US;636409105015045304#smhvdtoxflmkwbg3yz1m5zjs;15789;1;0
Secretharbourvi.com-0040-2015Redesign;en-US;636409105015357308#grthxuih4t54i31ebh0tk2cl;9231;1;0
Lidobeachresort.com-0106-2017Redesign;en-US;636409105015981316#bqdrtlaih1vygitrm1v0w5d4;28666;1;0
Broadmoor.com-0073-2016Redesign;en-US;636409105018633350#4ejxj3pwx0kna4ojug02wvk0;16778;1;0
Casaybelresort.com-0002-2014Redesign;en-US;636409105018633350#dfwdo3f0kjxzywqzh2kpydp2;1613;1;0
Thesagamore.com-0112-2017Redesign;en-US;636409105018789352#wvzyubmjkhkws1jns4op1alh;32339;1;0
saddlebrook.com-0011-2014Redesign;en-US;636409105020973380#ezmpm2hm2rms5gqm2bicre2d;3515;1;0
Casaybelresort.com-0002-2014Redesign;en-US;636409105024561426#mkeqp3gcbz1dkw2gm2prrjpe;1533;1;0
Thesagamore.com-0112-2017Redesign;en-US;636409105026277448#bhh2ykzswtsfsh2fptppjcgd;32339;1;0
Galthouse.com-0042-2015Redesign;en-US;636409105026589452#jhlv0y5fmln1sxkkvqenwo4f;31905;1;0
Edgewaternaples.com-0094-2016Redesign;en-US;636409105026589452#jgv5foy2qrbnjl1lya3ym1yh;25239;1;0
Thecrawfordhotel.com-0074-2016Redesign;en-US;636409105026589452#xkmlprwb1p0lxzw0onkuz4zh;17145;1;0
Secretharbourvi.com-0040-2015Redesign;en-US;636409105026745454#lvvaj2oarl4b5fd1hkmx4hgi;9231;1;0
Washingtoncourthotel.com-0076-2016Redesign;en-US;636409105026745454#bmas0hotfgd4emwar4eib4d1;17858;1;0
Texturefoodanddrink.com-0067-2016Redesign;en-US;636409105026901456#2nu3cx5weswfz4rx3pzjrkxs;15452;1;0
Napavalleymarriott.com-0071-2016Redesign;en-US;636409105026901456#xx2s1fpa5talm3ipw1hwobvp;16432;1;0
Galthouse.com-0042-2015Redesign;en-US;636409105027057458#vlmyukgx1e0qgjazhe0mbodd;31905;1;0
Halcyonhotelcherrycreek.com-0061-2015Redesign;en-US;636409105027057458#e1qsdspq0em5alcwijmhg4hi;22121;1;0
Degreerestaurant.com-0056-2015Redesign;en-US;636409105027213460#j0qf1dkvkogawxj3er2js1j4;11598;1;0
Theoxfordhotel.com-0062-2015Redesign;en-US;636409105027213460#jubeeskbso4c32qpxjylzhzr;14325;1;0
Thecurtis.com-0079-2016Redesign;en-US;636409105028461476#krwb3wgl0vlycfmhogednoo4;18827;1;0
Thelodgeatwoodloch.com-0033-2015Redesign;en-US;636409105028773480#kr4zviojb1pnmv5g4srqqokg;7783;1;0
Lidobeachresort.com-0106-2017Redesign;en-US;636409105029397488#bqdrtlaih1vygitrm1v0w5d4;28666;1;0
Cendyn.com-0095-2016Redesign;en-US;636409105030021496#ai24wbmbprvyklyou3spkdoi;26640;1;0
Cendyn.com-0095-2016Redesign;en-US;636409105030021496#4cpednmn1a0h0jpp140ocvh1;26640;1;0
Sandpearl.com-0091-2016Redesign;en-US;636409105030021496#51b0obib1jmvxihrkly4h0mp;38056;1;0
Zotabeachresort.com-0090-2016Redesign;en-US;636409105032829532#x5oofor3i1o1gsgziaqo0jav;22357;1;0
Thecrawfordhotel.com-0074-2016Redesign;en-US;636409105032829532#rr3qpnpuzd1n5vk2b2lp40rn;17145;1;0
Thelodgeatwoodloch.com-0033-2015Redesign;en-US;636409105032829532#a4f51ybsgnvcid5rvdixce4b;7764;1;0
Thesagamore.com-0112-2017Redesign;en-US;636409105033765544#s5jentnksnpwojn2bk5vma5h;32339;1;0
Longboatkeyclub.com-0104-2017Redesign;en-US;636409105035013560#le44axvxnyocweoqlwtu2v0b;28317;1;0
Delraysandsresort.com-0097-2016Redesign;en-US;636409105036261576#xrd13ctugq02ogbkd25tog3l;27232;1;0
Broadmoor.com-0073-2016Redesign;en-US;636409105037509592#4jqxjxl3oyk43zmwxsexs2ek;16742;1;0
Longboatkeyclub.com-0104-2017Redesign;en-US;636409105037977598#fmnnczergkwug2fc4jbozoiz;28316;1;0
Broadmoor.com-0073-2016Redesign;en-US;636409105038601606#tmuvko1ps314e4jlz4rrf1xk;16721;1;0
Broadmoor.com-0073-2016Redesign;en-US;636409105039225614#kidimuu3y3p4szgl5pcjouvv;16724;1;0
Broadmoor.com-0073-2016Redesign;en-US;636409105039225614#bmdoip0yf2xfqp1v2ggcpii3;16724;1;0
Thesagamore.com-0112-2017Redesign;en-US;636409105044217678#s5jentnksnpwojn2bk5vma5h;32339;1;0
Bocatrans.com-0082-2016Redesign;en-US;636409105045933700#uh2xyppalubjewsy1xcsoivf;19758;1;0
Naiaresortandspa.com-0077-2016Redesign;en-US;636409105046089702#pjle5q4d2twbzxp5awidpv3r;20455;1;0
Washingtoncourthotel.com-0076-2016Redesign;en-US;636409105046245704#3ssudy3as2vkpe55xhzjgi0b;17858;1;0
Oxfordclubspa.com-0068-2016Redesign;en-US;636409105046401706#rwftvtcfqpxuwre2m5lbmwaa;15568;1;0
Meateatery.com-0080-2016Redesign;en-US;636409105046557708#2roosk1mjny3gwmq20vbh3zl;18505;1;0
Glencovemansion.com-0058-2015Redesign;en-US;636409105047337718#gpuhy4olglhgn1sw0i12v3ed;13328;1;0
Treasureislandbeachresort.com-0089-2016Redesign;en-US;636409105047493720#ii5ff4l4sbychmnwvvf401dm;38057;1;0
Texturefoodanddrink.com-0067-2016Redesign;en-US;636409105047493720#ggrrs2ykgwiffubexylxk1qe;15452;1;0
Lakeplacidlodge.com-0105-2017Redesign;en-US;636409105047493720#qly5f5xj2romfwojdhdsrvfc;39238;1;0
Delraysandsresort.com-0097-2016Redesign;en-US;636409105047649722#xrd13ctugq02ogbkd25tog3l;27232;1;0
Treasureislandbeachresort.com-0089-2016Redesign;en-US;636409105049209742#xwbrfju2ppthaavpy3i1kypn;22169;1;0
Thesagamore.com-0112-2017Redesign;en-US;636409105049365744#mzrtim213jomh5quotpyz1po;33921;1;0
Hospitalityupgrade.com-0093-2016Redesign;en-US;636409105049365744#un4td13slb3zcacxoto2ff5k;22790;1;0
Treasureislandbeachresort.com-0089-2016Redesign;en-US;636409105049677748#faaxufgaotds5oxlbsqlxvkl;22169;1;0
Cendyn.com-0095-2016Redesign;en-US;636409105052017778#zfcmnkhbhg2xvy3fwo5nlwg0;26640;1;0
Thesagamore.com-0112-2017Redesign;en-US;636409105052329782#f3mi11v22t5m4sdeuymzhe05;32339;1;0
Casaybelresort.com-0002-2014Redesign;en-US;636409105053265794#qgj1wvtbyhohlbozww1sygv3;1639;1;0
Cendyn.com-0095-2016Redesign;en-US;636409105054045804#i3opu4qgaydontawy3siytey;26640;1;0
Cocokeyorlando.com-0059-2015Redesign;en-US;636409105054825814#wzeob4kqrazsvef40ytjwtsd;12394;1;0
Miravalspamonarchbeach.com-0109-2017Redesign;en-US;636409105057321846#dtcfubmq0fdfc5bpdsuychl5;31709;1;0
Broadmoor.com-0073-2016Redesign;en-US;636409105058257858#ywhhin21lm4vv5r3tewzwnp4;16721;1;0
Degreerestaurant.com-0056-2015Redesign;en-US;636409105058413860#phzlr1d4pl5hh5yjiczqz0uo;11598;1;0
Thecurtis.com-0079-2016Redesign;en-US;636409105058569862#scumpufq3ussgqanjfrcpocq;17981;1;0
Samosetresort.com-0113-2017Redesign;en-US;636409105058881866#ajiknylzf2b1indwsgcc3dm2;40334;1;0
Unionstationhotelnashville.com-0047-2015Redesign;en-US;636409105059037868#p4wo2bevieevi5bck5x1cdjd;10385;1;0
Assuranceoperations.com-0065-2015Redesign;en-US;636409105059661876#3m0hfzg1t1loflskpt0t5kzs;15263;1;0
Thecrawfordhotel.com-0074-2016Redesign;en-US;636409105059817878#cuimx1ddoplmrdmalb0w5seo;17145;1;0
Passport.lehotels.com-0069-2016BlogRedesign;en-US;636409105059973880#g1iahkzr00jmkb5k4uo2wxb2;41068;1;0
Opalsands.com-0084-2016Redesign;en-US;636409105059973880#k1tm35afgmwjpcrk4ktzjxiz;38055;1;0
Homewoodsuiteslax.com-0110-2017Redesign;en-US;636409105060129882#qci3qkjysfbbro54hn0bqi0d;30747;1;0
Chrco.com-0107-2017Redesign;en-US;636409105060597888#xx4m5yapvzojdblzrnwp1irg;29280;1;0
Theharborsidehotel.com-0114-2017Redesign;en-US;636409105060753890#rdgvzg1d1mssxxotmui0i1oc;40403;1;0
Beverlyhillsresidenceinn.com-0087-2016Redesign;en-US;636409105061065894#p4xkiyk4qwwlifsjyh2kt0r5;20999;1;0
Thesagamore.com-0112-2017Redesign;en-US;636409105061221896#nw1dcsz10phlufpxwxx2hopr;39241;1;0
Jupiterbeachresort.com-0103-2017Redesign;en-US;636409105061221896#1z1go5yrcupekib5bfnmgzyh;38052;1;0
Abbingtonbanquets.com-0070-2016Redesign;en-US;636409105061377898#zvsgaulzwrqjlee0j05lzbck;15789;1;0
Edgewaternaples.com-0094-2016Redesign;en-US;636409105061689902#dvjh425fs2eli2ovjnckk2lp;38051;1;0
Jbdukehotel.com-0086-2016Redesign;en-US;636409105061845904#gqbta2eval1a5l53b5a51bfc;21918;1;0
Napavalleymarriott.com-0071-2016Redesign;en-US;636409105062001906#rfezclwkuaf2v3bsgwc15c05;16432;1;0
Halcyonhotelcherrycreek.com-0061-2015Redesign;en-US;636409105062469912#hrdzbu2wantqtjnmhx34c2ng;22121;1;0
Bluebirch.com-0072-2016Redesign;en-US;636409105062469912#wv3pl2ob1oh3kjrnalgs3abx;16693;1;0
Delraysandsresort.com-0097-2016Redesign;en-US;636409105062625914#jqs0nv1lx2vuagen4hon13l1;38049;1;0
Zotabeachresort.com-0090-2016Redesign;en-US;636409105062625914#eam40sv0yjqhcivsd3dwbxr3;38058;1;0
Galthouse.com-0042-2015Redesign;en-US;636409105062625914#fm305bservrjfdo0c0nz1o0z;38060;1;0
Lidobeachresort.com-0106-2017Redesign;en-US;636409105062781916#csqoo5nn12e2mulirp4ufjv3;38053;1;0
Hospitalityupgrade.com-0093-2016Redesign;en-US;636409105062937918#rfkp4il1e3bjlwqwyszsobgz;25405;1;0
Sandylane.com-0075-2016Redesign;en-US;636409105063249922#1rs45pmg0mrum5uabdbphwj5;17611;1;0
Hhotellosangeles.com-0118-2017Redesign;en-US;636409105063249922#vn1hnuz0zl3tzrpavww1uqkb;35289;1;0
Luxehotels.com-0078-2016Redesign;en-US;636409105063405924#431kwdith5owupxqvjevy0nq;18805;1;0
Longboatkeyclub.com-0104-2017Redesign;en-US;636409105063561926#0aqu2nb3q0r5bpypahxisrvz;38054;1;0
Theoxfordhotel.com-0062-2015Redesign;en-US;636409105063873930#irsiux4yg1jtpkddsgzbf1gu;14325;1;0
Theharborsidehotel.com-0114-2017Redesign;en-US;636409105064809942#ueu5rbywwhnb3pk4q0v3pml3;37571;1;0
Broadmoor.com-0073-2016Redesign;en-US;636409105065121946#uae3xdia20tbwriqyx4nnu4o;17443;1;0
Thelodgeatwoodloch.com-0033-2015Redesign;en-US;636409105065901956#itjfmdukn0mnh3cvpeoc0xmp;8257;1;0
Theharborsidehotel.com-0114-2017Redesign;en-US;636409105065901956#ueu5rbywwhnb3pk4q0v3pml3;37571;1;0
Delraysandsresort.com-0097-2016Redesign;en-US;636409105065901956#xrd13ctugq02ogbkd25tog3l;27232;1;0
Hospitalityupgrade.com-0093-2016Redesign;en-US;636409105067149972#2qc15vd1rwmrvqskesa1cwmd;22790;1;0
Casaybelresort.com-0002-2014Redesign;en-US;636409105068709992#rskkd32x14tpxj0juvgwdiex;1613;1;0
saddlebrook.com-0011-2014Redesign;en-US;636409105069490002#ezmpm2hm2rms5gqm2bicre2d;3385;1;0
Thecrawfordhotel.com-0074-2016Redesign;en-US;636409105070114010#5evjtjzlzstaygbottvrgf3n;17145;1;0
Newyorkpalacemeetings.com-0045-2015Redesign;en-US;636409105071518028#hw1rxj2jtsrnn5uzhyv5pbtn;9207;1;0
Lakeplacidlodge.com-0105-2017Redesign;en-US;636409105073390052#5nj1cc1pe2yfyjctv5v12mpy;28545;1;0
saddlebrook.com-0011-2014Redesign;en-US;636409105073858058#ew2nvhcmp3b14m4dm125yoru;4534;1;0
Broadmoor.com-0073-2016Redesign;en-US;636409105074794070#4ejxj3pwx0kna4ojug02wvk0;18164;1;0
Galthouse.com-0042-2015Redesign;en-US;636409105076354090#1021cd1ibwcty5v0hdxon4pv;10561;1;0
Galthouse.com-0042-2015Redesign;en-US;636409105079942136#1021cd1ibwcty5v0hdxon4pv;10561;1;0
Sandpearl.com-0091-2016Redesign;en-US;636409105080098138#k5udh2wzmkhzwxkbvnzla0rf;38056;1;0
Cendyn.com-0095-2016Redesign;en-US;636409105080098138#nuazhetyo2i2uim0bkln04hv;26640;1;0
Cendyn.com-0095-2016Redesign;en-US;636409105080098138#5o4jnkxwiqiblgfb2pkibkd1;26640;1;0
theweststreethotel.com-0115-2017Redesign;en-US;636409105084934200#j4pm5irrizkc34nkowvuqmbq;36683;1;0
Broadmoor.com-0073-2016Redesign;en-US;636409105085402206#slxey45d5isiwr4nfse2nlpw;16722;1;0
Longboatkeyclub.com-0104-2017Redesign;en-US;636409105085558208#sseentyobmwybnjrokhebhs1;28316;1;0
Longboatkeyclub.com-0104-2017Redesign;en-US;636409105086338218#bcwrpaag0qzy1dagqmfdi4vv;28316;1;0
Hospitalityupgrade.com-0093-2016Redesign;en-US;636409105086494220#knlfre50hfcdkrogjdshpwtz;37631;1;0
Thecrawfordhotel.com-0074-2016Redesign;en-US;636409105088834250#0f1ilujthw13w11ut5mqxpiq;17257;1;0
Washingtoncourthotel.com-0076-2016Redesign;en-US;636409105089458258#fhmjxg4zvhvb21jfjiwcdxic;17858;1;0
Naiaresortandspa.com-0077-2016Redesign;en-US;636409105089458258#c144voxyar31fl3f2c0lkqaz;20455;1;0
Bocatrans.com-0082-2016Redesign;en-US;636409105089458258#0vksrmhla4cxc2b4cuimyzx4;19758;1;0
Meateatery.com-0080-2016Redesign;en-US;636409105089458258#isjszfmohmvufcocnasitfc3;18505;1;0
Treasureislandbeachresort.com-0089-2016Redesign;en-US;636409105089458258#uyxw35jfoec4qxynfiuyig5d;38057;1;0
Oxfordclubspa.com-0068-2016Redesign;en-US;636409105089614260#brlhxsetk21tr1sqgdlc05wx;15568;1;0
Texturefoodanddrink.com-0067-2016Redesign;en-US;636409105089614260#jgd2a2qi4o3sztbn4wmm0djs;15452;1;0
Lakeplacidlodge.com-0105-2017Redesign;en-US;636409105089614260#3hf3pbwgmvawtbgmbi5cwhdn;39238;1;0
Glencovemansion.com-0058-2015Redesign;en-US;636409105089770262#xhz3rywo0r1rn32zkm2auyxh;13328;1;0
Unionstationhotelnashville.com-0047-2015Redesign;en-US;636409105089770262#f52poj1hb0eae0u0m51nheeg;32226;1;0
Broadmoor.com-0073-2016Redesign;en-US;636409105095542336#0zggzfa33ygso02gb1qrboum;16721;1;0
Broadmoor.com-0073-2016Redesign;en-US;636409105096010342#2o1apzvpy42o4zikhr4u0zkm;16721;1;0
Cocokeyorlando.com-0059-2015Redesign;en-US;636409105096946354#ihkrmsifns1t3xmn1q2tqnzs;12410;1;0
Thelodgeatwoodloch.com-0033-2015Redesign;en-US;636409105096946354#3eorcc0xt4rwjnyrmltmgrzb;11007;1;0
Hospitalityupgrade.com-0093-2016Redesign;en-US;636409105098038368#kbgqxfzvjpgb5s4mt2qbiwxt;22790;1;0
Newyorkpalacemeetings.com-0045-2015Redesign;en-US;636409105098194370#1vqeq40mhfus1vtoqvi4k4mq;9207;1;0
Cendyn.com-0095-2016Redesign;en-US;636409105101782416#x2mffhkqg0rbzgi33dpvlrts;26640;1;0
Cendyn.com-0095-2016Redesign;en-US;636409105104122446#4xebx0h3yvmkfw35pjocxhtp;26640;1;0
Lakeplacidlodge.com-0105-2017Redesign;en-US;636409105105838468#pbdqz14ntrifrpcxgbqtrasx;28545;1;0
Newyorkpalacemeetings.com-0045-2015Redesign;en-US;636409105106150472#1vqeq40mhfus1vtoqvi4k4mq;9207;1;0
Broadmoor.com-0073-2016Redesign;en-US;636409105106930482#0zggzfa33ygso02gb1qrboum;16721;1;0
Passport.lehotels.com-0069-2016BlogRedesign;en-US;636409105107398488#pecnhgbjq4idcosunrze3lhw;41068;1;0
Thecurtis.com-0079-2016Redesign;en-US;636409105107398488#qymjf1qy4ndzjy5pxlg4dlt0;17981;1;0
Degreerestaurant.com-0056-2015Redesign;en-US;636409105107398488#bhappjqhus5qqje3iwixpri0;11598;1;0
Beverlyhillsresidenceinn.com-0087-2016Redesign;en-US;636409105107710492#si3xq3p5radvxatgjapxf5ub;20999;1;0
Thecrawfordhotel.com-0074-2016Redesign;en-US;636409105107710492#vo0hx0ker1jqe04sdvrximvk;17145;1;0
Thesagamore.com-0112-2017Redesign;en-US;636409105107866494#i3l12bdanhayxk5ghak0kn22;39241;1;0
Opalsands.com-0084-2016Redesign;en-US;636409105107866494#hn53crltqptzxsxwdxwqmjt1;38055;1;0
Chrco.com-0107-2017Redesign;en-US;636409105108022496#grt4wdvirgwivpeqnc2fhtd2;29280;1;0
Jbdukehotel.com-0086-2016Redesign;en-US;636409105108334500#2l40umqz4tubgyb31mrmn1n0;21918;1;0
Abbingtonbanquets.com-0070-2016Redesign;en-US;636409105108334500#g005tpdckg5zrqhzaxerq2k4;15789;1;0
Jupiterbeachresort.com-0103-2017Redesign;en-US;636409105108334500#rwtbpu043at2u5tg1garmbku;38052;1;0
Napavalleymarriott.com-0071-2016Redesign;en-US;636409105108490502#aa04mzlorfon1pj4mrn1ydgo;16432;1;0
Theharborsidehotel.com-0114-2017Redesign;en-US;636409105108490502#gdjd4ntmyhialyk2lcjpxc41;40403;1;0
Edgewaternaples.com-0094-2016Redesign;en-US;636409105108646504#hbq10asmm2afboo05f2pzn13;38051;1;0
Halcyonhotelcherrycreek.com-0061-2015Redesign;en-US;636409105108802506#bvaplwmwoyl2iesroeafcxqd;22121;1;0
Galthouse.com-0042-2015Redesign;en-US;636409105108802506#wl10loxigzdhtti2ul1e1nut;38060;1;0
Homewoodsuiteslax.com-0110-2017Redesign;en-US;636409105108958508#msp5bzkqnytjqbnab0qznmb3;30747;1;0
Lidobeachresort.com-0106-2017Redesign;en-US;636409105109114510#v13kyv0eiivrawawdbpp2pqn;38053;1;0
Samosetresort.com-0113-2017Redesign;en-US;636409105109114510#pqdc2qvr04q1riwyglrw1aer;40334;1;0
Assuranceoperations.com-0065-2015Redesign;en-US;636409105109270512#zekqhy1ypkxitcknqmgeh01p;15263;1;0
Hhotellosangeles.com-0118-2017Redesign;en-US;636409105109270512#1k3imj0pgmqxagxpk5w2ljg1;35289;1;0
Luxehotels.com-0078-2016Redesign;en-US;636409105109270512#q1ik3fmxil2y10rxsulrc0zr;18805;1;0
Sandylane.com-0075-2016Redesign;en-US;636409105109426514#ofxfkhztifwq5brjeeccdmj2;17611;1;0
Delraysandsresort.com-0097-2016Redesign;en-US;636409105109582516#aes5kzvuleectti0eukr5u5l;38049;1;0
Theoxfordhotel.com-0062-2015Redesign;en-US;636409105109582516#e1tvnpjiriqgesnxupo0ccei;14325;1;0
Hospitalityupgrade.com-0093-2016Redesign;en-US;636409105109582516#xy2gntlh2utpm2ugxongu2gy;25405;1;0
Zotabeachresort.com-0090-2016Redesign;en-US;636409105109738518#q41z3d3vggv5pis3yn2gup1i;38058;1;0
Longboatkeyclub.com-0104-2017Redesign;en-US;636409105109738518#tg511zegu32shipeuanyolui;38054;1;0
Bluebirch.com-0072-2016Redesign;en-US;636409105110830532#40dszk0ku0yewdedsez4wdnp;16693;1;0
Thecrawfordhotel.com-0074-2016Redesign;en-US;636409105111298538#us4yf3n4igxdb2ghoodcvqcs;17259;1;0
Thesagamore.com-0112-2017Redesign;en-US;636409105111922546#x2cv3qjlu4oy3qhszdixmoco;32340;1;0
Cendyn.com-0095-2016Redesign;en-US;636409105112078548#k2jrvjivapeymzmvjek0ybxq;26640;1;0
Cocokeyorlando.com-0059-2015Redesign;en-US;636409105112234550#x11mt0onhfxtlou2wumgf0am;12394;1;0
Galthouse.com-0042-2015Redesign;en-US;636409105113170562#cdj0sknphe0zdoem5tdo0gnj;25695;1;0
Lakeplacidlodge.com-0105-2017Redesign;en-US;636409105113170562#pbdqz14ntrifrpcxgbqtrasx;28545;1;0
Thelodgeatwoodloch.com-0033-2015Redesign;en-US;636409105113326564#ewuvf1dyo4tydtvbwxcg4nr1;9801;1;0
Cocokeyorlando.com-0059-2015Redesign;en-US;636409105113950572#x11mt0onhfxtlou2wumgf0am;12394;1;0
Springhillsuitesdenver.com-0060-2015Redesign;en-US;636409105114886584#m2rwrvgxng1rqp1v21nfod5o;12307;1;0
Marriottdelraybeach.com-0009-2014Redesign;en-US;636409105115666594#4yxk4nckyc5xx3d52znmg1ax;2829;1;0
Newyorkpalacemeetings.com-0045-2015Redesign;en-US;636409105116914610#1vqeq40mhfus1vtoqvi4k4mq;9207;1;0
Broadmoor.com-0073-2016Redesign;en-US;636409105117070612#4ejxj3pwx0kna4ojug02wvk0;18164;1;0
Broadmoor.com-0073-2016Redesign;en-US;636409105117226614#hevke2oro15z2qsux03d2afr;16721;1;0
Broadmoor.com-0073-2016Redesign;en-US;636409105119566644#2sukr3q1k0xfwkwtvhqpihsf;18782;1;0
Denvercy.com-0036-2015Redesign;en-US;636409105120502656#1gdonagc50hcxh53ebp2t55v;8150;1;0
Lehotels.com-0049-2015Transfer;en-US;636409105120970662#2rtmoxoj5cnkequmaoc2ssfn;13470;1;0
Broadmoor.com-0073-2016Redesign;en-US;636409105121750672#uae3xdia20tbwriqyx4nnu4o;17465;1;0
Hospitalityupgrade.com-0093-2016Redesign;en-US;636409105122218678#u1h4tr4mzqnqgtifotqmnzzt;39355;1;0
Thelodgeatwoodloch.com-0033-2015Redesign;en-US;636409105123934700#lz0dvqfncxia43yfijx4dz0g;8278;1;0
Cendyn.com-0095-2016Redesign;en-US;636409105127210742#mjfep3h3fd2icmcvdpr32edj;26640;1;0
Broadmoor.com-0073-2016Redesign;en-US;636409105127210742#1tudjzwgo3qtxkrgbpqsbedp;38059;1;0
Thecrawfordhotel.com-0074-2016Redesign;en-US;636409105127834750#1eckdcfdyukbhnxixgzlpzee;17145;1;0
Newyorkpalacemeetings.com-0045-2015Redesign;en-US;636409105129238768#1vqeq40mhfus1vtoqvi4k4mq;9207;1;0
Sandpearl.com-0091-2016Redesign;en-US;636409105130174780#zlqqwgei0bftve33l1y5sf3t;38056;1;0
Cendyn.com-0095-2016Redesign;en-US;636409105130174780#geqkbmge0nbfprkftm5tr1z4;26640;1;0
Cendyn.com-0095-2016Redesign;en-US;636409105130174780#f2q1etyjkbf4xp3aukxu0jsg;26640;1;0
Broadmoor.com-0073-2016Redesign;en-US;636409105131266794#4ejxj3pwx0kna4ojug02wvk0;17335;1;0
Cendyn.com-0095-2016Redesign;en-US;636409105131734800#ti5idtbb0gvbvosrnpkxicxj;26640;1;0
Glencovemansion.com-0058-2015Redesign;en-US;636409105132826814#lrc1dfnjajuvduangpr1siwg;13328;1;0
Thelodgeatwoodloch.com-0033-2015Redesign;en-US;636409105132982816#3shvja0zb2vzr0lhc0nxlaze;7783;1;0
Laxembassy.com-0008-2014Redesign;en-US;636409105133294820#niok24rlxz400su550oe0pjn;2667;1;0
Glencovemansion.com-0058-2015Redesign;en-US;636409105133606824#wxu2uxszlbtxgpjlam3zgstz;13328;1;0
Samosetresort.com-0113-2017Redesign;en-US;636409105135322846#qdxc2pax1gkuqsre5pyr0bxw;35232;1;0
Broadmoor.com-0073-2016Redesign;en-US;636409105136882866#0ymgkxmok3czofj0c3dnqx3a;18014;1;0
Hospitalityupgrade.com-0093-2016Redesign;en-US;636409105138442886#54rriovxny1j2ogzzf1p4kns;22790;1;0
Thesagamore.com-0112-2017Redesign;en-US;636409105139222896#mzrtim213jomh5quotpyz1po;33922;1;0
Texturefoodanddrink.com-0067-2016Redesign;en-US;636409105139534900#z5dlqsyncf5em3cdn3g1uhf5;15452;1;0
Bocatrans.com-0082-2016Redesign;en-US;636409105139534900#katwbi1mvy0wd2wj00fbztaq;19758;1;0
Meateatery.com-0080-2016Redesign;en-US;636409105139534900#i5kzoknpevtdsjljt3u0rljk;18505;1;0
Treasureislandbeachresort.com-0089-2016Redesign;en-US;636409105139534900#mp5nqufcrb4gll3t3jr02e0u;38057;1;0
Oxfordclubspa.com-0068-2016Redesign;en-US;636409105139534900#33dfomwhldaivvcz3x5rca02;15568;1;0
Washingtoncourthotel.com-0076-2016Redesign;en-US;636409105139534900#lulxd1lntpzi1l2vu5saykhd;17858;1;0
Glencovemansion.com-0058-2015Redesign;en-US;636409105139534900#tlekcrlv5qox1la5mco0hcwf;13328;1;0
Naiaresortandspa.com-0077-2016Redesign;en-US;636409105139690902#na2nkpcvgbwzjxry05x4o0ei;20455;1;0
Lakeplacidlodge.com-0105-2017Redesign;en-US;636409105139690902#ayhlpoovetr3lpx1enctud4l;39238;1;0
Newyorkpalacemeetings.com-0045-2015Redesign;en-US;636409105142186934#1vqeq40mhfus1vtoqvi4k4mq;9207;1;0
Thelodgeatwoodloch.com-0033-2015Redesign;en-US;636409105143590952#ewuvf1dyo4tydtvbwxcg4nr1;9932;1;0
Hospitalityupgrade.com-0093-2016Redesign;en-US;636409105143590952#dxu0tuhfayxv4wvvh42igniv;22790;1;0
Thesagamore.com-0112-2017Redesign;en-US;636409105143902956#bhh2ykzswtsfsh2fptppjcgd;33925;1;0
Cendyn.com-0095-2016Redesign;en-US;636409105148115010#jfjukmmr4shtgufr4jawsw4o;26640;1;0
Hospitalityupgrade.com-0093-2016Redesign;en-US;636409105149675030#yrxnejtwkvszxyadrshxigjn;22790;1;0
Thecrawfordhotel.com-0074-2016Redesign;en-US;636409105149675030#icpv2ryq3kltmkd5shvzniji;17160;1;0
Newyorkpalacemeetings.com-0045-2015Redesign;en-US;636409105149831032#1vqeq40mhfus1vtoqvi4k4mq;9207;1;0
Cendyn.com-0095-2016Redesign;en-US;636409105151859058#aafeeaqscwlwrbslmtpjxjgl;26640;1;0
Cphollywoodbeach.com-0032-2015Redesign;en-US;636409105152171062#yuohvc0ewjpyx4n3gbi05u1l;7805;1;0
Cendyn.com-0095-2016Redesign;en-US;636409105154355090#grpdxfzfadxlk3gvl1xgqk4v;26640;1;0
Broadmoor.com-0073-2016Redesign;en-US;636409105154511092#zykzxlbjzu0xsggzmf1uuptt;18187;1;0
Lakeplacidlodge.com-0105-2017Redesign;en-US;636409105157319128#khq5qzrnvn53tdgjja3yie3j;28545;1;0
Beverlyhillsresidenceinn.com-0087-2016Redesign;en-US;636409105157943136#vfevwg0bxpfzuww0x11wndbg;20999;1;0
Degreerestaurant.com-0056-2015Redesign;en-US;636409105157943136#jpugin5efxs0c2gisymus203;11598;1;0
Samosetresort.com-0113-2017Redesign;en-US;636409105158099138#034eyx4kyiafere2zqsq425t;40334;1;0
Homewoodsuiteslax.com-0110-2017Redesign;en-US;636409105158099138#dwcicr5gzxnzpyfogoq2swfl;30747;1;0
Sandylane.com-0075-2016Redesign;en-US;636409105158255140#jotgtm3vr3xm00ik2pvjjupa;17611;1;0
Theharborsidehotel.com-0114-2017Redesign;en-US;636409105158255140#jhgtdhcm0k3kvuc5u5xu4d30;40403;1;0
Bluebirch.com-0072-2016Redesign;en-US;636409105158411142#5ykqyilvzehj5aafkdxilui2;16693;1;0
Delraysandsresort.com-0097-2016Redesign;en-US;636409105158567144#n5c4tmbtggv4edse3v5ratye;38049;1;0
Longboatkeyclub.com-0104-2017Redesign;en-US;636409105158879148#2urroaoizfe0z3lzns0leiig;38054;1;0
Thecurtis.com-0079-2016Redesign;en-US;636409105158879148#a3ii3esxyzbfotbozfhxz42b;17981;1;0
Thesagamore.com-0112-2017Redesign;en-US;636409105158879148#eu432f3xyrfabxbps0tadewy;39241;1;0
Opalsands.com-0084-2016Redesign;en-US;636409105158879148#goaeaalfn2i2uwap134n4f41;38055;1;0
Edgewaternaples.com-0094-2016Redesign;en-US;636409105159191152#stklzkcb4amhou0x5nayw0d2;38051;1;0
Napavalleymarriott.com-0071-2016Redesign;en-US;636409105160127164#2uyacwy3ih5hh0qrjiosre5p;16432;1;0
Halcyonhotelcherrycreek.com-0061-2015Redesign;en-US;636409105160595170#2em0nl3ivdgs4swl0ainzg3g;22121;1;0
Assuranceoperations.com-0065-2015Redesign;en-US;636409105160595170#1im2pzbau3lvxfvnkobnayq1;15263;1;0
Luxehotels.com-0078-2016Redesign;en-US;636409105160595170#kl4k4xewcarcccx5dnuwufai;18805;1;0
Galthouse.com-0042-2015Redesign;en-US;636409105160751172#v3difckj31oehmwsnpgqnc5m;38060;1;0
Theoxfordhotel.com-0062-2015Redesign;en-US;636409105160907174#e2rj0xdjt0ypzqisb14ur3al;14325;1;0
Abbingtonbanquets.com-0070-2016Redesign;en-US;636409105160907174#pn2blp40conl3nrdn0cusgj5;15789;1;0
Hhotellosangeles.com-0118-2017Redesign;en-US;636409105160907174#sijwoud2e40jsh1jasqlpsnc;35289;1;0
Passport.lehotels.com-0069-2016BlogRedesign;en-US;636409105161063176#ojoql5uxwsull3i405rqww4y;41068;1;0
Zotabeachresort.com-0090-2016Redesign;en-US;636409105161063176#brzaxy1naqm4ryrymmcmrvhd;38058;1;0
Thecrawfordhotel.com-0074-2016Redesign;en-US;636409105161219178#cfjdwn5mv0da2xsbwm0hg1b5;17145;1;0
Lidobeachresort.com-0106-2017Redesign;en-US;636409105161219178#xiso5xa05jvd1vyeexxdmk04;38053;1;0
Chrco.com-0107-2017Redesign;en-US;636409105161219178#bmm14ecazvzlna40rrwhz41l;29280;1;0
Jupiterbeachresort.com-0103-2017Redesign;en-US;636409105161375180#a3dbzz5bnuvgv53oqwa4zi1x;38052;1;0
Hospitalityupgrade.com-0093-2016Redesign;en-US;636409105161843186#n0a5uyix550tqdc4essdehnp;25405;1;0
Jbdukehotel.com-0086-2016Redesign;en-US;636409105162155190#xqv4cxlnfmjxa01euziiproc;21918;1;0
Lakeplacidlodge.com-0105-2017Redesign;en-US;636409105163247204#yefskboyd0rq05csh2ijuht1;28545;1;0
Newyorkpalacemeetings.com-0045-2015Redesign;en-US;636409105163715210#1vqeq40mhfus1vtoqvi4k4mq;9207;1;0
Unionstationhotelnashville.com-0047-2015Redesign;en-US;636409105163871212#p4wo2bevieevi5bck5x1cdjd;25493;1;0
Hospitalityupgrade.com-0093-2016Redesign;en-US;636409105163871212#ufkr3tl4l2gd1vvlacmyqhar;22790;1;0
Cocokeyorlando.com-0059-2015Redesign;en-US;636409105164495220#fpfnadldwm015hqxy5we3kad;12394;1;0
Hospitalityupgrade.com-0093-2016Redesign;en-US;636409105164651222#un4td13slb3zcacxoto2ff5k;22790;1;0
Cocokeyorlando.com-0059-2015Redesign;en-US;636409105164651222#w0lumq15r1z45aw03ocqifkj;12394;1;0
Hospitalityupgrade.com-0093-2016Redesign;en-US;636409105165119228#y55hqqupnxvl52bbrb3qyhsx;37631;1;0
Denvercy.com-0036-2015Redesign;en-US;636409105165431232#1gdonagc50hcxh53ebp2t55v;8642;1;0
Renaissancepittsburghpa.com-0044-2015Redesign;en-US;636409105166367244#x3sbpemdsn2sc3qx3iibefhv;9637;1;0
Hospitalityupgrade.com-0093-2016Redesign;en-US;636409105166991252#13ygw4rfhk4l2vjfnlmlwj1y;22790;1;0
Monarchbeachresort.com-0092-2016Redesign;en-US;636409105167615260#uorajydj0kpoht14v0p0gkg0;22725;1;0
Thelodgeatwoodloch.com-0033-2015Redesign;en-US;636409105167927264#itjfmdukn0mnh3cvpeoc0xmp;8261;1;0
Casaybelresort.com-0002-2014Redesign;en-US;636409105170267294#rtmep2515ocsozdpvtzi3xkc;1533;1;0
Cphollywoodbeach.com-0032-2015Redesign;en-US;636409105170579298#vszi4px0yf2g5uijukw00ivh;7805;1;0
Hospitalityupgrade.com-0093-2016Redesign;en-US;636409105171827314#iaf3hhomuwj1c4nqmuxe2qys;22790;1;0
Lakeplacidlodge.com-0105-2017Redesign;en-US;636409105172607324#5nj1cc1pe2yfyjctv5v12mpy;28545;1;0
Newyorkpalacemeetings.com-0045-2015Redesign;en-US;636409105172607324#1vqeq40mhfus1vtoqvi4k4mq;9207;1;0
Thesagamore.com-0112-2017Redesign;en-US;636409105173075330#myfqpnxa5yji4r1tkukde2t2;33447;1;0
Broadmoor.com-0073-2016Redesign;en-US;636409105174167344#hqnx15j0f3jddgyk1yojghlc;16724;1;0
Delraysandsresort.com-0097-2016Redesign;en-US;636409105176975380#244lxwgf4umwxzi0vfxegd5v;27232;1;0
Broadmoor.com-0073-2016Redesign;en-US;636409105177911392#mdz2eaqqnf3g4gdmkcuqw5nj;38059;1;0
Thecrawfordhotel.com-0074-2016Redesign;en-US;636409105179471412#ogobub1shp5i2trfgijlw2vr;17145;1;0
Cendyn.com-0095-2016Redesign;en-US;636409105179783416#vtlmyuncujqkcgy2ebqluemg;26640;1;0
Cendyn.com-0095-2016Redesign;en-US;636409105182123446#l5bslq1gmsspjky4aaifhvtm;26640;1;0
Broadmoor.com-0073-2016Redesign;en-US;636409105182123446#hqnx15j0f3jddgyk1yojghlc;16724;1;0
Cendyn.com-0095-2016Redesign;en-US;636409105183215460#h4htts4sav2zbg5ehvkknuby;26640;1;0
Sandpearl.com-0091-2016Redesign;en-US;636409105183371462#ckr3wzxidaykhnqwckcpuzwh;38056;1;0
Newyorkpalacemeetings.com-0045-2015Redesign;en-US;636409105184775480#1vqeq40mhfus1vtoqvi4k4mq;9207;1;0
Samosetresort.com-0113-2017Redesign;en-US;636409105186803506#rk141uzvidtoizupp3ybadxj;32541;1;0
Theharborsidehotel.com-0114-2017Redesign;en-US;636409105186803506#drtdvzy1ysaneqxyklhsdafo;37571;1;0
Washingtondukeinn.com-0024-2014Redesign;en-US;636409105187271512#pkylylp12kvybskehnyjyycm;4524;1;0
Delraysandsresort.com-0097-2016Redesign;en-US;636409105187427514#yyn2ssnxwoqis4vwfaicihn5;27232;1;0
Thecrawfordhotel.com-0074-2016Redesign;en-US;636409105187739518#dau2qx0i1gxkdfye1vdznhaq;17145;1;0
Thecurtis.com-0079-2016Redesign;en-US;636409105188051522#ovylqzft4ghj4ww2dxa2qcaj;17981;1;0
Broadmoor.com-0073-2016Redesign;en-US;636409105188675530#3lxy0hxkuzuomvwejohn3ew4;18196;1;0
Samosetresort.com-0113-2017Redesign;en-US;636409105188831532#0xfysjm4blelokkdeeypacs1;32541;1;0
Delraysandsresort.com-0097-2016Redesign;en-US;636409105190859558#peu15r5wyy0mxwlljbfvkvy1;27232;1;0
Hospitalityupgrade.com-0093-2016Redesign;en-US;636409105192419578#zkun52hkjdxjw0idhnh22n3y;22790;1;0
Texturefoodanddrink.com-0067-2016Redesign;en-US;636409105192731582#qfyqtpxyfwovgsx4r0253zab;15452;1;0
Meateatery.com-0080-2016Redesign;en-US;636409105192731582#ecqzjinbfggnmn1d2e1vdumf;18505;1;0
Naiaresortandspa.com-0077-2016Redesign;en-US;636409105192731582#0vbj2d3gr3h1vpci5qeb3uta;20455;1;0
Washingtoncourthotel.com-0076-2016Redesign;en-US;636409105192887584#0kc2te4u5wmvls15ixqjl2e1;17858;1;0
Bocatrans.com-0082-2016Redesign;en-US;636409105192887584#xrbbvhz0hlevyjpcma0yfqi1;19758;1;0
Treasureislandbeachresort.com-0089-2016Redesign;en-US;636409105192887584#5xbik3ws31al2yagvqb3tgyh;38057;1;0
Lakeplacidlodge.com-0105-2017Redesign;en-US;636409105193043586#5brl1qjf5l0vl5rfcldlbguc;39238;1;0
Oxfordclubspa.com-0068-2016Redesign;en-US;636409105193043586#btl4pd141pfqjqig1kymy5dz;15568;1;0
Broadmoor.com-0073-2016Redesign;en-US;636409105193199588#krusuqiyj5demavqacuwhirh;17465;1;0
Jupiterbeachresort.com-0103-2017Redesign;en-US;636409105193199588#ni24cdse3tf2nyao0w303urq;28158;1;0
Theharborsidehotel.com-0114-2017Redesign;en-US;636409105193511592#ueu5rbywwhnb3pk4q0v3pml3;37941;1;0
Glencovemansion.com-0058-2015Redesign;en-US;636409105193511592#am5syvopp5pdznybvjso02et;13328;1;0
Thecurtis.com-0079-2016Redesign;en-US;636409105193511592#d2up0kceiektskmszp0ncn4m;17981;1;0
Broadmoor.com-0073-2016Redesign;en-US;636409105194447604#jd2qcythzgiuywjb0tnkvfaf;17465;1;0
Lakeplacidlodge.com-0105-2017Redesign;en-US;636409105194759608#ralqmu4x43ovjfi3wep1hpox;28545;1;0
Lidobeachresort.com-0106-2017Redesign;en-US;636409105194915610#mb52ibi2dpnwcxpiz430rhr1;28666;1;0
Lakeplacidlodge.com-0105-2017Redesign;en-US;636409105195383616#dpw5eq1vdxbylfsu0qslty5n;32789;1;0
Marriottdelraybeach.com-0009-2014Redesign;en-US;636409105196319628#lrmrpqub4cowshuxsh04ofdl;2829;1;0
Hospitalityupgrade.com-0093-2016Redesign;en-US;636409105196319628#pucfpkmuogf4t1ecdfhodjnz;22790;1;0
Washingtondukeinn.com-0024-2014Redesign;en-US;636409105196787634#pkylylp12kvybskehnyjyycm;4524;1;0
Newyorkpalacemeetings.com-0045-2015Redesign;en-US;636409105196943636#1vqeq40mhfus1vtoqvi4k4mq;9207;1;0
Edgewaternaples.com-0094-2016Redesign;en-US;636409105198815660#n0snrzi44pgk33mgw0s2ayru;25239;1;0
