Marriottkeylargo.com-0015-2014Redesign;en-US;636409105200531682#guuliuattfavfvf3wjyavz2r;3948;1;0
Luxehotels.com-0078-2016Redesign;en-US;636409105201779698#mznsulvryfiihzhhe2aqim2z;18831;1;0
Cendyn.com-0095-2016Redesign;en-US;636409105201935700#jmuwa2r1a2koi31c23nrpc0h;26640;1;0
Hospitalityupgrade.com-0093-2016Redesign;en-US;636409105202091702#knlfre50hfcdkrogjdshpwtz;37631;1;0
Springhillsuitesdenver.com-0060-2015Redesign;en-US;636409105202403706#q5used3qdww5u1i4vq351aq5;12307;1;0
Unionstationhotelnashville.com-0047-2015Redesign;en-US;636409105203183716#f52poj1hb0eae0u0m51nheeg;32226;1;0
Cendyn.com-0095-2016Redesign;en-US;636409105204119728#l2qxtz2ov5crksf054nopiuz;26640;1;0
Beverlyhillsresidenceinn.com-0087-2016Redesign;en-US;636409105207551772#yus3kaoabcatomtws5kis42h;20999;1;0
Bluebirch.com-0072-2016Redesign;en-US;636409105207551772#wazulcjev1go4fdi1uxlj31z;16693;1;0
Theharborsidehotel.com-0114-2017Redesign;en-US;636409105207707774#vjftav0bhuiu5lxbyrxjge4y;40403;1;0
Napavalleymarriott.com-0071-2016Redesign;en-US;636409105207863776#hto1cmc5myqi0xojtha05wb2;16432;1;0
Opalsands.com-0084-2016Redesign;en-US;636409105207863776#cxpdyw30g2shhmwntjqlbz0s;38055;1;0
Galthouse.com-0042-2015Redesign;en-US;636409105207863776#uz032jvsod0arijgynrfmqje;38060;1;0
Hhotellosangeles.com-0118-2017Redesign;en-US;636409105208019778#gjwzgnriipetcdynab3rl3kf;35289;1;0
Theoxfordhotel.com-0062-2015Redesign;en-US;636409105208175780#mbzdrnzg5hiiulogy2wygeaa;14325;1;0
Halcyonhotelcherrycreek.com-0061-2015Redesign;en-US;636409105208175780#sbd1k3p4jzbgc4s2521knswq;22121;1;0
Longboatkeyclub.com-0104-2017Redesign;en-US;636409105208331782#rynu2kirap0fxfnvalxzxvgt;38054;1;0
Samosetresort.com-0113-2017Redesign;en-US;636409105208643786#kgisgfj53mvjuuqhyhlyzqmz;40334;1;0
Passport.lehotels.com-0069-2016BlogRedesign;en-US;636409105208643786#2nzj1inyqhaa3eoc0xh3kkgx;41068;1;0
Chrco.com-0107-2017Redesign;en-US;636409105208643786#mpjnftrx2kr5tlp2t5yvrmsu;29280;1;0
Sandylane.com-0075-2016Redesign;en-US;636409105208955790#5t5vafzn2cun00sw1tlgdfjh;17611;1;0
Degreerestaurant.com-0056-2015Redesign;en-US;636409105209111792#ehrss52fybvlu3olrz02fqed;11598;1;0
Thecrawfordhotel.com-0074-2016Redesign;en-US;636409105209111792#qxapvacabodzeax4rucacvme;17145;1;0
Zotabeachresort.com-0090-2016Redesign;en-US;636409105209267794#jbyteyoptbxrlp5yzohx2dfz;38058;1;0
Lidobeachresort.com-0106-2017Redesign;en-US;636409105209267794#p5mbbwxufm3opue13ytfoijq;38053;1;0
Thecurtis.com-0079-2016Redesign;en-US;636409105209423796#kxghdfk33f3q2zu1i4at5vgs;17981;1;0
Luxehotels.com-0078-2016Redesign;en-US;636409105209423796#h5llh2l0el1hl0xkuq1j5ebk;18805;1;0
Hospitalityupgrade.com-0093-2016Redesign;en-US;636409105209423796#mzogcvzckmyqzl02fsvktxar;25405;1;0
Assuranceoperations.com-0065-2015Redesign;en-US;636409105209579798#oz3lpcmzlekzzyqfqqumh5ip;15263;1;0
Abbingtonbanquets.com-0070-2016Redesign;en-US;636409105209579798#p2qgpdlkobao1ttyxg5s2vs3;15789;1;0
Jupiterbeachresort.com-0103-2017Redesign;en-US;636409105209579798#5bq4b5btyufql1uivclxxjjx;38052;1;0
Edgewaternaples.com-0094-2016Redesign;en-US;636409105209891802#um0uup3t3earwqpsfsnqivyc;38051;1;0
Jbdukehotel.com-0086-2016Redesign;en-US;636409105209891802#f1hhinrck4hnjh34aggxgj0b;21918;1;0
Thesagamore.com-0112-2017Redesign;en-US;636409105210047804#jwbxetmd3qzixaix4t4i0mqb;39241;1;0
Homewoodsuiteslax.com-0110-2017Redesign;en-US;636409105210047804#ma4bxozwhysr23ubydh2pkze;30747;1;0
Delraysandsresort.com-0097-2016Redesign;en-US;636409105210203806#pluyuit343opzhvt3sv4jjfb;38049;1;0
Samosetresort.com-0113-2017Redesign;en-US;636409105212699838#wjgkws2ynj412alndppcodkh;32541;1;0
Thelodgeatwoodloch.com-0033-2015Redesign;en-US;636409105212699838#3eorcc0xt4rwjnyrmltmgrzb;8390;1;0
Longboatkeyclub.com-0104-2017Redesign;en-US;636409105213947854#d111riysrr0mrt5efrnegyl5;35641;1;0
Sandylane.com-0075-2016Redesign;en-US;636409105214259858#zsomzxv0sipjgbqbdqastnyd;17745;1;0
Assuranceoperations.com-0065-2015Redesign;en-US;636409105214571862#nrjguhogyluzjpxfguuqgz5y;15263;1;0
Oxfordclubspa.com-0068-2016Redesign;en-US;636409105214571862#c0wluifyugqrwtn3wgtvdtbx;15568;1;0
Secretharbourvi.com-0040-2015Redesign;en-US;636409105214571862#ygiaa21ces12zfzokucnoyru;9231;1;0
Unionstationhotelnashville.com-0047-2015Redesign;en-US;636409105214571862#dikbnyswpfnurywpuidum3cc;32226;1;0
Secretharbourvi.com-0040-2015Redesign;en-US;636409105214571862#jirxyomro2x5ki4kseqlcyqx;9231;1;0
Samosetresort.com-0113-2017Redesign;en-US;636409105215039868#wjgkws2ynj412alndppcodkh;32541;1;0
Theloganhotel.com-0043-2015Redesign;en-US;636409105215039868#ymnmnazgijqbvhthyu1m3a2m;20218;1;0
Hospitalityupgrade.com-0093-2016Redesign;en-US;636409105216755890#htsc0450x3ntjchmfk5cfqbm;22790;1;0
Thesagamore.com-0112-2017Redesign;en-US;636409105219095920#1ghmrqra4w31dtqhexc1gu4x;32339;1;0
wentworthcom00212014redesign;en-US;636409105219875930#ytg1xdbtub25vgcdrcu2r2jx;26679;1;0
theweststreethotel.com-0115-2017Redesign;en-US;636409105222371962#fovlgg54511w3a5jrs2mb3e1;36683;1;0
Glencovemansion.com-0058-2015Redesign;en-US;636409105222683966#wxu2uxszlbtxgpjlam3zgstz;13328;1;0
Chrco.com-0107-2017Redesign;en-US;636409105223151972#ibx41rcrnifdernwufmi0vuo;29280;1;0
Broadmoor.com-0073-2016Redesign;en-US;636409105224243986#d1fypnbex1ykjcyxwbzy4y13;17465;1;0
Sandpearl.com-0091-2016Redesign;en-US;636409105225023996#c4zcxoetfbltcgktdtwvx5c5;22481;1;0
Thesagamore.com-0112-2017Redesign;en-US;636409105226584016#f1y2aenkwtmanqgyvvbzhlw1;33921;1;0
Cendyn.com-0095-2016Redesign;en-US;636409105227208024#jw3eoje41mkqltoids3thwrw;26640;1;0
Broadmoor.com-0073-2016Redesign;en-US;636409105227208024#iusjgjcw4dpt2rd21yddb2bk;38059;1;0
Cendyn.com-0095-2016Redesign;en-US;636409105230016060#craz0s4i504trovzkpubribe;26640;1;0
Sandpearl.com-0091-2016Redesign;en-US;636409105230016060#t1u1ra5xqk3hm13bmjazl0zp;38056;1;0
Cendyn.com-0095-2016Redesign;en-US;636409105230016060#zsw5d44bl5lzvj5fbfnp5khw;26640;1;0
Hospitalityupgrade.com-0093-2016Redesign;en-US;636409105233136100#mfiodg0eq1u1q3mydroytt5s;22790;1;0
Cphollywoodbeach.com-0032-2015Redesign;en-US;636409105234696120#ttfmmzmlhk1tuwo20mh35jcl;7805;1;0
Monarchbeachresort.com-0092-2016Redesign;en-US;636409105237504156#hd0zgauh2gubiynjmno3xrof;22877;1;0
Thecrawfordhotel.com-0074-2016Redesign;en-US;636409105238440168#md0tjm2mjibdp5xvpt0qcxda;17145;1;0
Washingtoncourthotel.com-0076-2016Redesign;en-US;636409105239532182#rximiltut51lnp02vmls0uty;17858;1;0
Bocatrans.com-0082-2016Redesign;en-US;636409105239532182#qurmjqnwhijkvxy3gmpek5ej;19758;1;0
Treasureislandbeachresort.com-0089-2016Redesign;en-US;636409105239532182#3ns0yg4s3bcjveqmfmpshzep;38057;1;0
Oxfordclubspa.com-0068-2016Redesign;en-US;636409105239532182#umgxow214mynb4o0uud3ro5h;15568;1;0
Glencovemansion.com-0058-2015Redesign;en-US;636409105239532182#hvfs1u3t4jjuyabrczd0lmsx;13328;1;0
Thesagamore.com-0112-2017Redesign;en-US;636409105239532182#e1gfy2f0wweowhtljxlhwscc;32339;1;0
Texturefoodanddrink.com-0067-2016Redesign;en-US;636409105239688184#11mbn3rcajncmqbi4dyegfiy;15452;1;0
Meateatery.com-0080-2016Redesign;en-US;636409105239688184#olf0x3sa5bns2ki1gnqtg3b0;18505;1;0
Lakeplacidlodge.com-0105-2017Redesign;en-US;636409105240000188#hd3yqabys421lk2qhvacdggf;39238;1;0
Naiaresortandspa.com-0077-2016Redesign;en-US;636409105240156190#25zooymwjg4xsqfbluqz1dpy;20455;1;0
Hospitalityupgrade.com-0093-2016Redesign;en-US;636409105240624196#q3pzxihgsx4fjkqd5ngz0h05;22790;1;0
Thesagamore.com-0112-2017Redesign;en-US;636409105242964226#e1gfy2f0wweowhtljxlhwscc;32339;1;0
Monarchbeachresort.com-0092-2016Redesign;en-US;636409105243120228#dnsrb5c3kx2kczw0nwyh3inm;23906;1;0
Broadmoor.com-0073-2016Redesign;en-US;636409105243276230#tmuvko1ps314e4jlz4rrf1xk;16793;1;0
Broadmoor.com-0073-2016Redesign;en-US;636409105248112292#hk3y2hap51n4ur4xvsebwfsg;17465;1;0
Broadmoor.com-0073-2016Redesign;en-US;636409105249204306#ppnsddbvgunohrhtlirn1vnk;16721;1;0
Hospitalityupgrade.com-0093-2016Redesign;en-US;636409105249516310#is5uhisqcydv15oiu3se3wlz;22790;1;0
Samosetresort.com-0113-2017Redesign;en-US;636409105251232332#c31jt4ojp3cs5i5ndgewr3fa;32541;1;0
Washingtondukeinn.com-0024-2014Redesign;en-US;636409105251388334#o5h5anwyinjjqozldr1cm3fb;4524;1;0
Cendyn.com-0095-2016Redesign;en-US;636409105251700338#qlkiyph4dk3amocpd3a50ofa;26640;1;0
theweststreethotel.com-0115-2017Redesign;en-US;636409105253104356#wgn2eibexvi5t5tq2hxhlpd1;37656;1;0
Cendyn.com-0095-2016Redesign;en-US;636409105254040368#z2rvnvcws1sy30s22hh2jpzn;26640;1;0
Longboatkeyclub.com-0104-2017Redesign;en-US;636409105254820378#lduxoslfkqvaxzyjaqbfuln5;28348;1;0
Bluebirch.com-0072-2016Redesign;en-US;636409105255288384#ti3k2xe0t5e1l4vdua24yssv;16693;1;0
Chrco.com-0107-2017Redesign;en-US;636409105255444386#wvppobfz4phr5xqbvsatpllo;29280;1;0
Washingtondukeinn.com-0024-2014Redesign;en-US;636409105257160408#o5h5anwyinjjqozldr1cm3fb;4524;1;0
Bluebirch.com-0072-2016Redesign;en-US;636409105257472412#3zcplssrwz3thtyiifjbx0cm;16693;1;0
Galthouse.com-0042-2015Redesign;en-US;636409105257472412#tpdygs0gns5igzt1za25eus1;38060;1;0
Beverlyhillsresidenceinn.com-0087-2016Redesign;en-US;636409105257628414#0vdaye0plxdjwxfuvqwfnqhd;20999;1;0
Hospitalityupgrade.com-0093-2016Redesign;en-US;636409105257628414#iz2iya2pr5wxewu3vcev1ljc;22790;1;0
Samosetresort.com-0113-2017Redesign;en-US;636409105257784416#xgizg0wlj5ksg5spnynh4kid;40334;1;0
Sandylane.com-0075-2016Redesign;en-US;636409105258096420#40oog2kmoyilfdvsm0fqw53o;17611;1;0
Thecrawfordhotel.com-0074-2016Redesign;en-US;636409105258408424#u0dz1ug4kczbfntfgx1u3xhf;17145;1;0
Passport.lehotels.com-0069-2016BlogRedesign;en-US;636409105258564426#0ylmromy5u3ows41eyi0bujv;41068;1;0
Thecurtis.com-0079-2016Redesign;en-US;636409105258720428#2k330npzhxxxxzk3t2gaeqg1;17981;1;0
Assuranceoperations.com-0065-2015Redesign;en-US;636409105258720428#fpvqcxjczm3kmak5u1jdg5rr;15263;1;0
Longboatkeyclub.com-0104-2017Redesign;en-US;636409105258720428#zz0x0c3mr33m0lidzdss5my0;38054;1;0
Lidobeachresort.com-0106-2017Redesign;en-US;636409105258876430#xexrserbjzv2rkxs1lvizadk;38053;1;0
Zotabeachresort.com-0090-2016Redesign;en-US;636409105258876430#ktdbjj52sso5cdilso2fzrpr;38058;1;0
Jbdukehotel.com-0086-2016Redesign;en-US;636409105259188434#s4h5k13oynti1k0zlsgvku3m;21918;1;0
Hospitalityupgrade.com-0093-2016Redesign;en-US;636409105259344436#pl31angoziqgzm5dzfc5iz3m;25405;1;0
Edgewaternaples.com-0094-2016Redesign;en-US;636409105259344436#ng5di02gzytvm0b4jocdhdjp;38051;1;0
Thesagamore.com-0112-2017Redesign;en-US;636409105259344436#nx1mkvcvaznik1rdn5evxtui;39241;1;0
Abbingtonbanquets.com-0070-2016Redesign;en-US;636409105259656440#bgduqbwuuc1yg1treo2pdsh4;15789;1;0
Theoxfordhotel.com-0062-2015Redesign;en-US;636409105259656440#tfpspnmvcly5etsqxbhv0yhy;14325;1;0
Delraysandsresort.com-0097-2016Redesign;en-US;636409105259656440#dumzks0zsyaufdycahxqnykg;38049;1;0
Homewoodsuiteslax.com-0110-2017Redesign;en-US;636409105259812442#0ooi4rr3j2xkeadgty4l50kg;30747;1;0
Napavalleymarriott.com-0071-2016Redesign;en-US;636409105259812442#dqxvbfafi44mogboxmzzfwp5;16432;1;0
Theharborsidehotel.com-0114-2017Redesign;en-US;636409105259968444#h1gnhwoh1syhl0thwpy1proy;40403;1;0
Hhotellosangeles.com-0118-2017Redesign;en-US;636409105259968444#hyoh1bvbrssvf5rwaa3v5ulz;35289;1;0
Opalsands.com-0084-2016Redesign;en-US;636409105260124446#lsfzwm5db2aoy2rrk4kucc51;38055;1;0
Degreerestaurant.com-0056-2015Redesign;en-US;636409105260124446#i0cmmxgovtxbrbxvxtg11leh;11598;1;0
Chrco.com-0107-2017Redesign;en-US;636409105260592452#jesd055z3hc4yy4yyf4w53go;29280;1;0
Luxehotels.com-0078-2016Redesign;en-US;636409105260592452#redpgty5lxich4sbfk5hh1kq;18805;1;0
Jupiterbeachresort.com-0103-2017Redesign;en-US;636409105260904456#bxeyux2fn5xtspn43roqlnv4;38052;1;0
Samosetresort.com-0113-2017Redesign;en-US;636409105261840468#c31jt4ojp3cs5i5ndgewr3fa;32541;1;0
Thelodgeatwoodloch.com-0033-2015Redesign;en-US;636409105261996470#mttcf0dupqmtd4cujh4vmqrt;7764;1;0
Jbdukehotel.com-0086-2016Redesign;en-US;636409105261996470#0aalpxmn1jnlotpsezkltdeb;21918;1;0
Halcyonhotelcherrycreek.com-0061-2015Redesign;en-US;636409105262152472#4lmbl1rthdqgjar5g5qaiatg;22121;1;0
Theloganhotel.com-0043-2015Redesign;en-US;636409105263244486#bvxbjemvagfq3ggunbghn2ko;23207;1;0
Casaybelresort.com-0002-2014Redesign;en-US;636409105265428514#gy4qyodkcy3ak5ne3haqapza;1613;1;0
Thecurtis.com-0079-2016Redesign;en-US;636409105265428514#ovylqzft4ghj4ww2dxa2qcaj;18015;1;0
Thecrawfordhotel.com-0074-2016Redesign;en-US;636409105267768544#gjrbvkjwmtrahc3m42ct1ous;17145;1;0
Sandylane.com-0075-2016Redesign;en-US;636409105268548554#arqkxw503teat1vjcfvymlb3;17611;1;0
Thesagamore.com-0112-2017Redesign;en-US;636409105268704556#mzrtim213jomh5quotpyz1po;33924;1;0
Hospitalityupgrade.com-0093-2016Redesign;en-US;636409105269172562#ehg01tm2ngl0ancrftffvv3u;22790;1;0
Lakeplacidlodge.com-0105-2017Redesign;en-US;636409105270264576#pbdqz14ntrifrpcxgbqtrasx;32805;1;0
Miravalspamonarchbeach.com-0109-2017Redesign;en-US;636409105270576580#y0ouda1zqalicyq3tfkz0yyp;31709;1;0
Sandpearl.com-0091-2016Redesign;en-US;636409105276816660#35eiajxrv2rplqo5sw2lo1hq;22481;1;0
Cendyn.com-0095-2016Redesign;en-US;636409105277128664#xzsbuljb2fr0cvgjarlcgk0q;26640;1;0
Broadmoor.com-0073-2016Redesign;en-US;636409105277128664#4jsbzo21vdl4sb5yk4v4etbq;38059;1;0
Hospitalityupgrade.com-0093-2016Redesign;en-US;636409105278532682#rvxgavx2uo4eq4o2m5st44gv;22790;1;0
Cendyn.com-0095-2016Redesign;en-US;636409105279936700#s5vzfy02qusx2qcoj31wfrsg;26640;1;0
Cendyn.com-0095-2016Redesign;en-US;636409105279936700#armiynmf52mtqhyk0xq4ns15;26640;1;0
Sandpearl.com-0091-2016Redesign;en-US;636409105279936700#wfialhrbbk32srsbz2xhvdr1;38056;1;0
Hospitalityupgrade.com-0093-2016Redesign;en-US;636409105284460758#2s5ge3fpdqysgcpdlwb5rlkb;36743;1;0
Residenceinnlax.com-0026-2014Redesign;en-US;636409105284616760#bkl5ubatqe540mzahaa43dke;5271;1;0
Broadmoor.com-0073-2016Redesign;en-US;636409105284928764#34vrn4mp323roydi4gok2cyj;16721;1;0
Sandpearl.com-0091-2016Redesign;en-US;636409105285084766#l5x2rh5qzrlpuu1dtkkjbopw;22481;1;0
Montaukyachtclub.com-0010-2014Redesign;en-US;636409105285396770#da2sde42m5umd4z42qxsvy4i;2240;1;0
Sandpearl.com-0091-2016Redesign;en-US;636409105285552772#glufcarebklsnarcito5hki0;22481;1;0
Sandpearl.com-0091-2016Redesign;en-US;636409105286488784#0jwvwzl2cqu5x3a1ufq2yymn;22481;1;0
wentworthcom00212014redesign;en-US;636409105286644786#duuvypfkompo5p302llch5bo;26679;1;0
Sandpearl.com-0091-2016Redesign;en-US;636409105286644786#fgah1zmtli3ky0odxvtevxyt;22481;1;0
Hospitalityupgrade.com-0093-2016Redesign;en-US;636409105287736800#5lop5lkzoaq133b0sjlfhfgv;22790;1;0
Hospitalityupgrade.com-0093-2016Redesign;en-US;636409105289140818#va0b4o33q0o5bpza5aeuhjcs;25405;1;0
Glencovemansion.com-0058-2015Redesign;en-US;636409105289452822#xgbdvq5wkl0f3rx4rrezijyd;13328;1;0
Bocatrans.com-0082-2016Redesign;en-US;636409105289452822#zoakvnf1dlfdmlivjdbndxnv;19758;1;0
Washingtoncourthotel.com-0076-2016Redesign;en-US;636409105289608824#n32t5qvuxrq3llsbbaooi5j2;17858;1;0
Oxfordclubspa.com-0068-2016Redesign;en-US;636409105289764826#eyaqmiblsvwtkilwp1irixcj;15568;1;0
Meateatery.com-0080-2016Redesign;en-US;636409105289764826#ygmv0x5fl1kb4x5ostzmhgkw;18505;1;0
Treasureislandbeachresort.com-0089-2016Redesign;en-US;636409105289920828#m5ghb32x2j5nnf04rtvvnutc;38057;1;0
Texturefoodanddrink.com-0067-2016Redesign;en-US;636409105289920828#hq2vfzclb0ijugfpf0rv4p5u;15452;1;0
Lakeplacidlodge.com-0105-2017Redesign;en-US;636409105290076830#5cdwbryp3w35i3kmhbx1l5pg;39238;1;0
Naiaresortandspa.com-0077-2016Redesign;en-US;636409105290076830#1kedjqlpubcnwn5wqph23inp;20455;1;0
Theharborsidehotel.com-0114-2017Redesign;en-US;636409105290700838#rh54suqlrbkk0lmyptlgjh5b;37571;1;0
Hospitalityupgrade.com-0093-2016Redesign;en-US;636409105291012842#niljudcffsyc1lcyi3vafcmu;22790;1;0
Cocokeyorlando.com-0059-2015Redesign;en-US;636409105292260858#ihkrmsifns1t3xmn1q2tqnzs;12410;1;0
Cphollywoodbeach.com-0032-2015Redesign;en-US;636409105292728864#vszi4px0yf2g5uijukw00ivh;7805;1;0
Hospitalityupgrade.com-0093-2016Redesign;en-US;636409105296316910#u1z2sqs5rtdwwwwyvorn5hj5;22790;1;0
Broadmoor.com-0073-2016Redesign;en-US;636409105297096920#x55zxvar32how0hadk2mrnkp;18782;1;0
Assuranceoperations.com-0065-2015Redesign;en-US;636409105299436950#a4leiqypqij4dranalgk4zsg;15263;1;0
Cendyn.com-0095-2016Redesign;en-US;636409105301776980#hwv2wyyhcrtmhf2j32cvhhix;26640;1;0
Thelodgeatwoodloch.com-0033-2015Redesign;en-US;636409105303024996#bwv3z2euln3u1rcaogh2kmrp;8257;1;0
Cendyn.com-0095-2016Redesign;en-US;636409105303961008#44wjt14vqina2zeq2g1cl1kt;26640;1;0
Beverlyhillsresidenceinn.com-0087-2016Redesign;en-US;636409105307237050#jvmqwo3cmeghcnrvy0fr0tyv;20999;1;0
Assuranceoperations.com-0065-2015Redesign;en-US;636409105307237050#xd3lahuw3sy4i22nelkgucdt;15263;1;0
Hhotellosangeles.com-0118-2017Redesign;en-US;636409105307237050#cnrvw5occtzwmv1zhmln3ies;35289;1;0
Jbdukehotel.com-0086-2016Redesign;en-US;636409105307237050#bkexkdzp0txhkhphyt4vkezb;21918;1;0
Chrco.com-0107-2017Redesign;en-US;636409105307237050#g43ayyh45mqd1p1rmh2xnklf;29280;1;0
Halcyonhotelcherrycreek.com-0061-2015Redesign;en-US;636409105307393052#24mmoc2p3gytvmtwjwfcm4hf;22121;1;0
Samosetresort.com-0113-2017Redesign;en-US;636409105307393052#tftyk43nj2pj5wa0gw2ziden;40334;1;0
Lidobeachresort.com-0106-2017Redesign;en-US;636409105307393052#inkq4dmf0ga3qs20onig222x;38053;1;0
Thesagamore.com-0112-2017Redesign;en-US;636409105307549054#apg1j5xhajfnbe2kb0ybhnj0;39241;1;0
Edgewaternaples.com-0094-2016Redesign;en-US;636409105307705056#3ns41vkmfnqmjfpzgvad0cvs;38051;1;0
Luxehotels.com-0078-2016Redesign;en-US;636409105307705056#wdwr2apttvn500ngja2hzuq2;18805;1;0
Degreerestaurant.com-0056-2015Redesign;en-US;636409105307705056#bnatdiivald2heehkdazj4jm;11598;1;0
Homewoodsuiteslax.com-0110-2017Redesign;en-US;636409105307705056#wpmct4igudnwfgu4gctzry52;30747;1;0
Theharborsidehotel.com-0114-2017Redesign;en-US;636409105307861058#f2soomxcmtqa5mbf1zkuglvp;40403;1;0
Zotabeachresort.com-0090-2016Redesign;en-US;636409105307861058#laidiox0gmrpkb3ktedlt4ei;38058;1;0
Theoxfordhotel.com-0062-2015Redesign;en-US;636409105307861058#guj11eylkuque1xt1hwxld5a;14325;1;0
Galthouse.com-0042-2015Redesign;en-US;636409105308017060#km1xtde04baspyijhdyoec5o;38060;1;0
Thecrawfordhotel.com-0074-2016Redesign;en-US;636409105308173062#duaxcz1jvdbo0ceex1trlawr;17145;1;0
Bluebirch.com-0072-2016Redesign;en-US;636409105308173062#3pptg54bgutz0jebyuokibya;16693;1;0
Longboatkeyclub.com-0104-2017Redesign;en-US;636409105308173062#th5ujw12j2f32kminkbirbgy;38054;1;0
Delraysandsresort.com-0097-2016Redesign;en-US;636409105308641068#b1jjlnnfbk1uvfarcqclw5nk;38049;1;0
Jupiterbeachresort.com-0103-2017Redesign;en-US;636409105308641068#uzjcfhdullvpiyei5nmvyfnw;38052;1;0
Opalsands.com-0084-2016Redesign;en-US;636409105308641068#zdrunh5ohw2a1pvbe0r3cegm;38055;1;0
Napavalleymarriott.com-0071-2016Redesign;en-US;636409105308641068#2fdazxuoiksup2sorznh4xao;16432;1;0
Passport.lehotels.com-0069-2016BlogRedesign;en-US;636409105308797070#2b15adtnqcuvytaxivwzhtbv;41068;1;0
Sandylane.com-0075-2016Redesign;en-US;636409105309109074#g4liyltnvgdxnwwo3n4qb0bw;17611;1;0
Thecurtis.com-0079-2016Redesign;en-US;636409105309109074#ndgu4x3ho3m12kkfb0b2jpm5;17981;1;0
Abbingtonbanquets.com-0070-2016Redesign;en-US;636409105309265076#fblarqcejfkx5s4nw5kxhrpc;15789;1;0
Hospitalityupgrade.com-0093-2016Redesign;en-US;636409105309577080#cby4uats45ekmsp4tungm0uk;25405;1;0
Casaybelresort.com-0002-2014Redesign;en-US;636409105309733082#3s5p0tqkh4hwnqrgtqei5ij1;1533;1;0
Theoxfordhotel.com-0062-2015Redesign;en-US;636409105310201088#l2hgacab35qdnoz5onnpvjr2;14430;1;0
Thelodgeatwoodloch.com-0033-2015Redesign;en-US;636409105310201088#oahprr4cuob30b4lpyhdj0vk;8261;1;0
Broadmoor.com-0073-2016Redesign;en-US;636409105311137100#0v5pze02ndmb5ehmjznczpns;17465;1;0
Hospitalityupgrade.com-0093-2016Redesign;en-US;636409105312229114#fvgjywsgtbdv2kngl1gxvd34;22790;1;0
saddlebrook.com-0011-2014Redesign;en-US;636409105314413142#ezmpm2hm2rms5gqm2bicre2d;4534;1;0
Broadmoor.com-0073-2016Redesign;en-US;636409105315817160#isawqnmllyzivxhqsvei0zed;16724;1;0
Hospitalityupgrade.com-0093-2016Redesign;en-US;636409105317845186#knlfre50hfcdkrogjdshpwtz;37631;1;0
Galthouse.com-0042-2015Redesign;en-US;636409105321277230#jc4bd3j5kba04iu0fndlun4y;31905;1;0
Hospitalityupgrade.com-0093-2016Redesign;en-US;636409105324553272#jqvfehpru1iae54k4rb0p2fi;22790;1;0
Thelodgeatwoodloch.com-0033-2015Redesign;en-US;636409105325333282#rnfaj3qq5r1eorv1i3nvs0y5;7764;1;0
Broadmoor.com-0073-2016Redesign;en-US;636409105326269294#amjewlz4vkw4gjvrs1mqvql5;18259;1;0
Cendyn.com-0095-2016Redesign;en-US;636409105327205306#1glxss5wf2l0etnvxc0qouko;26640;1;0
Broadmoor.com-0073-2016Redesign;en-US;636409105327205306#5fo5awsdsu40fsi5lg21nnu5;38059;1;0
Montaukyachtclub.com-0010-2014Redesign;en-US;636409105327361308#yqbbubeadok4nno1bsqp0eic;2240;1;0
Thesagamore.com-0112-2017Redesign;en-US;636409105330169344#oohiy4omjqt3omw12k2rlbmc;32340;1;0
Sandpearl.com-0091-2016Redesign;en-US;636409105330169344#zvles5dixw4def1ps1obnvgg;38056;1;0
Cendyn.com-0095-2016Redesign;en-US;636409105330325346#npkktd00d4n0ig3ysc3sz0ar;26640;1;0
Cendyn.com-0095-2016Redesign;en-US;636409105330325346#ph1vamljiknqivd2pro4wuiu;26640;1;0
Hospitalityupgrade.com-0093-2016Redesign;en-US;636409105330481348#xbqvfb54fd0qakcbtxekoyq0;22790;1;0
Thecurtis.com-0079-2016Redesign;en-US;636409105332509374#ovylqzft4ghj4ww2dxa2qcaj;18000;1;0
Hospitalityupgrade.com-0093-2016Redesign;en-US;636409105335161408#422z2kujphtzcxbieaers1la;33172;1;0
Broadmoor.com-0073-2016Redesign;en-US;636409105339061458#cfsnouqy1sr3mtdvknvrjhcc;17465;1;0
Oxfordclubspa.com-0068-2016Redesign;en-US;636409105339529464#wvsp2vkeyh1nlxb3np2zttnp;15568;1;0
Washingtoncourthotel.com-0076-2016Redesign;en-US;636409105339529464#kckqegfrgc0enltl3bt2h1bn;17858;1;0
Naiaresortandspa.com-0077-2016Redesign;en-US;636409105339529464#vpx0qaouzi1hbxrt3cdovw3u;20455;1;0
Bocatrans.com-0082-2016Redesign;en-US;636409105339529464#3eja4sibmbdvvo5gihl2tps3;19758;1;0
Treasureislandbeachresort.com-0089-2016Redesign;en-US;636409105339529464#42jkpmh230ft143b0j3myg5o;38057;1;0
Glencovemansion.com-0058-2015Redesign;en-US;636409105339529464#vdbmipnikle1nuofgl4omnmh;13328;1;0
Texturefoodanddrink.com-0067-2016Redesign;en-US;636409105339529464#lmeqt1hysq15ecbkbzqqzf4s;15452;1;0
Meateatery.com-0080-2016Redesign;en-US;636409105339529464#2tkskexhz2koe5wtpqqneh2l;18505;1;0
Lakeplacidlodge.com-0105-2017Redesign;en-US;636409105339685466#pj4thbnlyrewad4cssi2a1tk;39238;1;0
Lehotels.com-0049-2015Transfer;en-US;636409105341401488#1f3dfpt4iqwvhpivr1fvcpeh;12150;1;0
Theoxfordhotel.com-0062-2015Redesign;en-US;636409105344053522#l2hgacab35qdnoz5onnpvjr2;14325;1;0
Luxehotels.com-0078-2016Redesign;en-US;636409105346237550#mznsulvryfiihzhhe2aqim2z;19298;1;0
Marriottkeylargo.com-0015-2014Redesign;en-US;636409105346393552#t3hb0deqc2lrgsowvoaygyik;3948;1;0
Cendyn.com-0095-2016Redesign;en-US;636409105346861558#04vbblnvcorf405dpn0r3bcs;26640;1;0
Cocokeyorlando.com-0059-2015Redesign;en-US;636409105347173562#ihkrmsifns1t3xmn1q2tqnzs;12581;1;0
Cendyn.com-0095-2016Redesign;en-US;636409105348577580#akcw12ace2mnkkv3t4natfjn;26640;1;0
Lakeplacidlodge.com-0105-2017Redesign;en-US;636409105348733582#5f3eiv5nf3enfeexf1dpnp21;28545;1;0
Theoxfordhotel.com-0062-2015Redesign;en-US;636409105348733582#l2hgacab35qdnoz5onnpvjr2;14325;1;0
Hospitalityupgrade.com-0093-2016Redesign;en-US;636409105349513592#lkszh3ravgaih3mode5ke0bg;22790;1;0
Theoxfordhotel.com-0062-2015Redesign;en-US;636409105349981598#l2hgacab35qdnoz5onnpvjr2;14325;1;0
Cendyn.com-0095-2016Redesign;en-US;636409105351697620#giglk4qu4i2w1qawngdkb00r;26640;1;0
Cendyn.com-0095-2016Redesign;en-US;636409105354037650#xrxotakpubdlft0qmxc2bqpy;26640;1;0
Lakeplacidlodge.com-0105-2017Redesign;en-US;636409105354193652#5f3eiv5nf3enfeexf1dpnp21;28545;1;0
Laxembassy.com-0008-2014Redesign;en-US;636409105355441668#cuwufdu4lhb4rdk1u0qylnvt;8661;1;0
Halcyonhotelcherrycreek.com-0061-2015Redesign;en-US;636409105357157690#iskk5iy0q5ujqi1irdf3y305;22121;1;0
Beverlyhillsresidenceinn.com-0087-2016Redesign;en-US;636409105357157690#0euwhqj55r3n2uk3kmlk0x4z;20999;1;0
Assuranceoperations.com-0065-2015Redesign;en-US;636409105357313692#rdvcojjdrdg0ccatdfl113kt;15263;1;0
Hhotellosangeles.com-0118-2017Redesign;en-US;636409105357313692#dqe0pvqvt1vzkqdsceii2hxs;35289;1;0
Edgewaternaples.com-0094-2016Redesign;en-US;636409105357469694#4hmguzreb3nzhgoozbjkcu1n;38051;1;0
Thecurtis.com-0079-2016Redesign;en-US;636409105357469694#yvj1p5mbkpdz02cekzyb0p0o;17981;1;0
Thecrawfordhotel.com-0074-2016Redesign;en-US;636409105357469694#amyjfz353k0lcjltoxhjp0fy;17145;1;0
Galthouse.com-0042-2015Redesign;en-US;636409105357469694#rulte0dvz30v5neq2kzszr11;38060;1;0
Theharborsidehotel.com-0114-2017Redesign;en-US;636409105357625696#lxchjqemy3gcifvulfniiqew;40403;1;0
Longboatkeyclub.com-0104-2017Redesign;en-US;636409105357625696#jnrh0gtcykbnuzkbrdzrdzbz;38054;1;0
Sandylane.com-0075-2016Redesign;en-US;636409105357781698#tpvl5bpstwuxo4c0c2kwecih;17611;1;0
Opalsands.com-0084-2016Redesign;en-US;636409105357781698#hra0onnvqnhof2jrxnni5psy;38055;1;0
Thesagamore.com-0112-2017Redesign;en-US;636409105357781698#u1dcd1vxa0lkpenox2xkiczv;39241;1;0
Delraysandsresort.com-0097-2016Redesign;en-US;636409105358093702#wvku4bk4tig254v053b4qtba;38049;1;0
Bluebirch.com-0072-2016Redesign;en-US;636409105358093702#mc3mbpeq4ifdbuqaaiynavzx;16693;1;0
Zotabeachresort.com-0090-2016Redesign;en-US;636409105358249704#hglmberoyo1u04tw5wpebc45;38058;1;0
Passport.lehotels.com-0069-2016BlogRedesign;en-US;636409105358249704#hw3sqrs1xitrjsqy1hcaf1u5;41068;1;0
Theoxfordhotel.com-0062-2015Redesign;en-US;636409105358873712#hu2uvh5u3cgvf2hgzfix5lb0;14325;1;0
Hospitalityupgrade.com-0093-2016Redesign;en-US;636409105358873712#nyuayiwwl4swmwlrgzlcxxn0;25405;1;0
Abbingtonbanquets.com-0070-2016Redesign;en-US;636409105359029714#2zfpejm5odud5fhrppyt5g4j;15789;1;0
Jupiterbeachresort.com-0103-2017Redesign;en-US;636409105359029714#zaxgmwojyt2u0u4bye3hoez3;38052;1;0
Jbdukehotel.com-0086-2016Redesign;en-US;636409105359185716#r0ch1sfbpddg0fg52czg2wb5;21918;1;0
Luxehotels.com-0078-2016Redesign;en-US;636409105359185716#2dgoseyt0d1tdgpqkxorm1oh;18805;1;0
Lidobeachresort.com-0106-2017Redesign;en-US;636409105359653722#zupdew355vi0z14apa1qs0qa;38053;1;0
Homewoodsuiteslax.com-0110-2017Redesign;en-US;636409105359653722#ck23ya0dabyyqzwc4kgwxfbg;30747;1;0
Degreerestaurant.com-0056-2015Redesign;en-US;636409105359653722#fkw2scyz4kmgivjvazo3fvek;11598;1;0
Chrco.com-0107-2017Redesign;en-US;636409105359653722#ids5ftlndnqyeajnjfhp3inc;29280;1;0
Samosetresort.com-0113-2017Redesign;en-US;636409105359809724#qbec33xcbdz0g4nz0ccycqxn;40334;1;0
Napavalleymarriott.com-0071-2016Redesign;en-US;636409105359965726#abrjimzbyeaq0ygy2boy5vg0;16432;1;0
Hospitalityupgrade.com-0093-2016Redesign;en-US;636409105360901738#ltgbi2trueajg4aelug024oa;22790;1;0
Cendyn.com-0095-2016Redesign;en-US;636409105362305756#mdp1fugm1xutvpwig0efox5p;26640;1;0
Samosetresort.com-0113-2017Redesign;en-US;636409105363085766#coiygcxnhi5lcfymqff5sj1y;35129;1;0
Thesagamore.com-0112-2017Redesign;en-US;636409105364489784#x2cv3qjlu4oy3qhszdixmoco;32355;1;0
Cendyn.com-0095-2016Redesign;en-US;636409105364957790#leonzga0eoharc34ycdhaeev;26640;1;0
Hospitalityupgrade.com-0093-2016Redesign;en-US;636409105368077830#txlj5uuuaz2dz1tzutjloykd;22790;1;0
Sandpearl.com-0091-2016Redesign;en-US;636409105370105856#enhdhxwcry11xgdpyu4cjr3b;22481;1;0
Luxehotels.com-0078-2016Redesign;en-US;636409105372445886#1uvkuqlzqlqkajubffacfysc;18805;1;0
Cendyn.com-0095-2016Redesign;en-US;636409105373069894#leonzga0eoharc34ycdhaeev;26640;1;0
Delraysandsresort.com-0097-2016Redesign;en-US;636409105376189934#a2zgg0mgyeleav3vkze1b0nr;28441;1;0
Cendyn.com-0095-2016Redesign;en-US;636409105377125946#lp1eofwtoxo3zdg3rrdg2arh;26640;1;0
Minnetonkamarriott.com-0039-2015Redesign;en-US;636409105377125946#retqajb0jo04hes3pa22svqr;8817;1;0
Broadmoor.com-0073-2016Redesign;en-US;636409105377281948#qtldeqanfhah3soikcrlajr4;38059;1;0
Montaukyachtclub.com-0010-2014Redesign;en-US;636409105377437950#yqbbubeadok4nno1bsqp0eic;2436;1;0
Cendyn.com-0095-2016Redesign;en-US;636409105377593952#mdp1fugm1xutvpwig0efox5p;26640;1;0
Thelodgeatwoodloch.com-0033-2015Redesign;en-US;636409105378061958#vepnkwbvtqqhtd1ycdt2kp1p;7764;1;0
Broadmoor.com-0073-2016Redesign;en-US;636409105378997970#ww3ojh0lwhnr4kt5i3rhbwmz;17465;1;0
Sandpearl.com-0091-2016Redesign;en-US;636409105379621978#enhdhxwcry11xgdpyu4cjr3b;22481;1;0
Cendyn.com-0095-2016Redesign;en-US;636409105379933982#rsj2myjzioz2pln5i2adl0kd;26640;1;0
Cendyn.com-0095-2016Redesign;en-US;636409105379933982#miczk5nu34sf2p30uu2e0urb;26640;1;0
Sandpearl.com-0091-2016Redesign;en-US;636409105379933982#s1kjit1sob2lzuqep3rft2nk;38056;1;0
Sandpearl.com-0091-2016Redesign;en-US;636409105382274012#enhdhxwcry11xgdpyu4cjr3b;22481;1;0
Jbdukehotel.com-0086-2016Redesign;en-US;636409105384458040#0aalpxmn1jnlotpsezkltdeb;21920;1;0
Sandylane.com-0075-2016Redesign;en-US;636409105385394052#zsomzxv0sipjgbqbdqastnyd;18032;1;0
Broadmoor.com-0073-2016Redesign;en-US;636409105386330064#ibzsmhhkaoiqoibwh2dogslv;18259;1;0
Thesagamore.com-0112-2017Redesign;en-US;636409105386486066#qv5mmzxbf2lbjlrwwyc4r5ul;32339;1;0
Broadmoor.com-0073-2016Redesign;en-US;636409105389138100#ilaujfdzzpx2yzv2vet0zlbx;17465;1;0
Meateatery.com-0080-2016Redesign;en-US;636409105389450104#rcavesjv3nqsoks4ujfypdbo;18505;1;0
Naiaresortandspa.com-0077-2016Redesign;en-US;636409105389450104#ishvo4eo5g0gzli0zlwz4v1w;20455;1;0
Bocatrans.com-0082-2016Redesign;en-US;636409105389450104#nbzvm24ziw0kpqrvwarf1vad;19758;1;0
Treasureislandbeachresort.com-0089-2016Redesign;en-US;636409105389606106#v0ohqudgiwrcyqb2aposzlzj;38057;1;0
Oxfordclubspa.com-0068-2016Redesign;en-US;636409105389606106#ab5l5jecmock3c4g0vqubsy5;15568;1;0
Lakeplacidlodge.com-0105-2017Redesign;en-US;636409105389606106#i5rnejii4cjytxv1vjf4bpye;39238;1;0
Washingtoncourthotel.com-0076-2016Redesign;en-US;636409105389606106#opnxsmlymq4foyjyrq0mxqyv;17858;1;0
Texturefoodanddrink.com-0067-2016Redesign;en-US;636409105389762108#2opuwxgylx2floqd2smfaxt3;15452;1;0
Glencovemansion.com-0058-2015Redesign;en-US;636409105389918110#gjvfkz5fsjcyuhw2j4wzbuii;13328;1;0
Mysageinternship.com-0051-2015Redesign;en-US;636409105390854122#oa0jmo5a2lfe2wwgcdutnaap;11336;1;0
Blog.cphollywoodbeach.com-0037-2015BlogRedesign;en-US;636409105393350154#qhgs5zyup3buy0ooeq0dkjxg;8864;1;0
Hospitalityupgrade.com-0093-2016Redesign;en-US;636409105394130164#um0ft1yq1mx3lnqx4v3uu5cb;22790;1;0
Theharborsidehotel.com-0114-2017Redesign;en-US;636409105395222178#unjahnnu3ue5zdohrrnc4osk;37571;1;0
Samosetresort.com-0113-2017Redesign;en-US;636409105395534182#hy1svo0luafl1z2z3iqnmpon;32541;1;0
Theharborsidehotel.com-0114-2017Redesign;en-US;636409105396938200#b1hajvewkmhpgecdy0royjo4;37571;1;0
Beverlyhillsresidenceinn.com-0087-2016Redesign;en-US;636409105397562208#vxmhcyewt1zuqysrt02tbtca;20999;1;0
Thesagamore.com-0112-2017Redesign;en-US;636409105397562208#aom5rzmwjewgd0mrpffzilo1;32355;1;0
Galthouse.com-0042-2015Redesign;en-US;636409105398030214#p1le1iclz0jd0wdvkn3lacsv;31905;1;0
Galthouse.com-0042-2015Redesign;en-US;636409105398186216#ckiwjj4jljkvyaybwctt0pnm;31905;1;0
Galthouse.com-0042-2015Redesign;en-US;636409105398186216#ulepfhrjeyaaj5px3qylf533;31905;1;0
Galthouse.com-0042-2015Redesign;en-US;636409105398342218#apyzt3fscexhvurexmr1rpi5;31905;1;0
Lehotels.com-0049-2015Transfer;en-US;636409105399746236#r4plfd131hdt34mr5l1lnl2v;12108;1;0
Broadmoor.com-0073-2016Redesign;en-US;636409105400214242#rwnufu0ypko2e4dna5kg25f1;16797;1;0
Cendyn.com-0095-2016Redesign;en-US;636409105401774262#tqk2tpfz2x5lnjtbgystg3r3;26640;1;0
Samosetresort.com-0113-2017Redesign;en-US;636409105402086266#hy1svo0luafl1z2z3iqnmpon;32541;1;0
Broadmoor.com-0073-2016Redesign;en-US;636409105402242268#5szgu0krd0ua4dw4ereex22g;16765;1;0
Cendyn.com-0095-2016Redesign;en-US;636409105403958290#vodwi0pcxks1amczo1hq2mlu;26640;1;0
Broadmoor.com-0073-2016Redesign;en-US;636409105405206306#ly3konks2wkvwpxqgwqby5xg;16728;1;0
Broadmoor.com-0073-2016Redesign;en-US;636409105405986316#jpcpwdt3zblrftk2d1ktmqan;16721;1;0
Assuranceoperations.com-0065-2015Redesign;en-US;636409105407234332#drtljqjhac0byc2o2cl01etn;15263;1;0
Sandylane.com-0075-2016Redesign;en-US;636409105407234332#e1ysbj4dcixdaeeftxsoyurc;17611;1;0
Passport.lehotels.com-0069-2016BlogRedesign;en-US;636409105407234332#lqiavbvwb2zvvcob112wuvyt;41068;1;0
Theharborsidehotel.com-0114-2017Redesign;en-US;636409105407234332#uzrlo5222fok4mqp5hmejyma;40403;1;0
Hhotellosangeles.com-0118-2017Redesign;en-US;636409105407390334#fmklgzhwmh3vhkp4pmvnacvu;35289;1;0
Thecrawfordhotel.com-0074-2016Redesign;en-US;636409105407702338#flntxopnx4pixzyvpjiufhtr;17145;1;0
Theoxfordhotel.com-0062-2015Redesign;en-US;636409105407702338#gncivptqoaz00fft4sj3qiip;14325;1;0
Thesagamore.com-0112-2017Redesign;en-US;636409105407702338#qlbvlfwuemzixdhdwx4shl5j;39241;1;0
Beverlyhillsresidenceinn.com-0087-2016Redesign;en-US;636409105407702338#lbrvn53v5pgcqqmlbpwk0kqs;20999;1;0
Halcyonhotelcherrycreek.com-0061-2015Redesign;en-US;636409105407858340#ajvzbpdwqvzkqbhvvjdfy1gc;22121;1;0
Jbdukehotel.com-0086-2016Redesign;en-US;636409105407858340#agic2kbzs5xsiovx1zpfjnrt;21918;1;0
Abbingtonbanquets.com-0070-2016Redesign;en-US;636409105407858340#aakdhn41hl2feawyfjvagqam;15789;1;0
Opalsands.com-0084-2016Redesign;en-US;636409105408014342#rbgm0bipg3wck4cyfzuslpw4;38055;1;0
Degreerestaurant.com-0056-2015Redesign;en-US;636409105408014342#hafrngnyzxffr4lkgdvko1ep;11598;1;0
Chrco.com-0107-2017Redesign;en-US;636409105408170344#ub5bkjkwhixei4crmg54qp1a;29280;1;0
Longboatkeyclub.com-0104-2017Redesign;en-US;636409105408170344#03jhhctkjmnlnoisgm4bee2e;38054;1;0
Thecurtis.com-0079-2016Redesign;en-US;636409105408326346#2ofw2432py5ck3juerekvfcw;17981;1;0
Homewoodsuiteslax.com-0110-2017Redesign;en-US;636409105408326346#jyved2tvsduyvej1hc4sq4ai;30747;1;0
Hospitalityupgrade.com-0093-2016Redesign;en-US;636409105408482348#x3fhg5bt1xkn5uawqrq0q2qv;25405;1;0
Lidobeachresort.com-0106-2017Redesign;en-US;636409105408482348#kmyxmlcn3ufqzkaejdmaespc;38053;1;0
Bluebirch.com-0072-2016Redesign;en-US;636409105408638350#5ktxpmuiekkqquh0pdks1g5h;16693;1;0
Galthouse.com-0042-2015Redesign;en-US;636409105408638350#1op2myzs0sdzt0ksavpfvmbz;38060;1;0
Edgewaternaples.com-0094-2016Redesign;en-US;636409105408638350#qrpgc4vdtuzrhgg2mcjrynq1;38051;1;0
Napavalleymarriott.com-0071-2016Redesign;en-US;636409105408794352#1rtcwr43yk2mwe2mzihbhe15;16432;1;0
Jupiterbeachresort.com-0103-2017Redesign;en-US;636409105408794352#03h3f0chn3by02eakmseil1w;38052;1;0
Luxehotels.com-0078-2016Redesign;en-US;636409105409262358#zlgqdjrsolcflknyh04aaf02;18805;1;0
Delraysandsresort.com-0097-2016Redesign;en-US;636409105409262358#tsuthari0rlb5kmssfzm2uiu;38049;1;0
Thesagamore.com-0112-2017Redesign;en-US;636409105409418360#mzrtim213jomh5quotpyz1po;33921;1;0
Zotabeachresort.com-0090-2016Redesign;en-US;636409105409574362#psrkyz2try31giik5tmngrlm;38058;1;0
Samosetresort.com-0113-2017Redesign;en-US;636409105409574362#3pff5e2zpkjpkfyms13zffqq;40334;1;0
Monarchbeachresort.com-0092-2016Redesign;en-US;636409105409886366#dnsrb5c3kx2kczw0nwyh3inm;23683;1;0
Chrco.com-0107-2017Redesign;en-US;636409105415970444#tfycoyolcj051zirdzrx122z;29280;1;0
Thelodgeatwoodloch.com-0033-2015Redesign;en-US;636409105415970444#itjfmdukn0mnh3cvpeoc0xmp;9920;1;0
Broadmoor.com-0073-2016Redesign;en-US;636409105417530464#uevqbppaz1cccy30rvx5crnp;16721;1;0
Samosetresort.com-0113-2017Redesign;en-US;636409105419402488#qdxc2pax1gkuqsre5pyr0bxw;35129;1;0
Hospitalityupgrade.com-0093-2016Redesign;en-US;636409105419870494#qei4pvjdx0dzpxnr3jedteu0;22790;1;0
Theloganhotel.com-0043-2015Redesign;en-US;636409105419870494#ba5du0k45ay0yui3tabwjnfr;20218;1;0
Chrco.com-0107-2017Redesign;en-US;636409105421430514#ur24gbjxxisy5c2fdmhyc1nh;29280;1;0
Chrco.com-0107-2017Redesign;en-US;636409105425018560#ur24gbjxxisy5c2fdmhyc1nh;29280;1;0
Cendyn.com-0095-2016Redesign;en-US;636409105427202588#ti2j4eexzsyd5jrr20ctipjc;26640;1;0
Broadmoor.com-0073-2016Redesign;en-US;636409105427202588#5hlxypzlodktbhinb34bn0dl;38059;1;0
Thelodgeatwoodloch.com-0033-2015Redesign;en-US;636409105428762608#l3mha2drmn2a3nxbvlbsgera;7764;1;0
Chrco.com-0107-2017Redesign;en-US;636409105429230614#ur24gbjxxisy5c2fdmhyc1nh;29280;1;0
Cendyn.com-0095-2016Redesign;en-US;636409105430010624#ksp545juzbjojxhh2atfqv30;26640;1;0
Cendyn.com-0095-2016Redesign;en-US;636409105430010624#bardtcruj03hjqi3f02kgttl;26640;1;0
Sandpearl.com-0091-2016Redesign;en-US;636409105430010624#cvr1vxvry4h4f4pbvutlerii;38056;1;0
Hospitalityupgrade.com-0093-2016Redesign;en-US;636409105431726646#vxmvqe1y2nj55vvdm1dpdt5u;22790;1;0
Theharborsidehotel.com-0114-2017Redesign;en-US;636409105432974662#b01or3qxqaklaqfwb0eysln5;38001;1;0
Broadmoor.com-0073-2016Redesign;en-US;636409105433286666#uevqbppaz1cccy30rvx5crnp;16721;1;0
Chrco.com-0107-2017Redesign;en-US;636409105433442668#ur24gbjxxisy5c2fdmhyc1nh;29280;1;0
Monarchbeachresort.com-0092-2016Redesign;en-US;636409105433442668#nrelpldsxxvzrgkyijb0ul3t;22725;1;0
Hospitalityupgrade.com-0093-2016Redesign;en-US;636409105434066676#knlfre50hfcdkrogjdshpwtz;37631;1;0
saddlebrook.com-0011-2014Redesign;en-US;636409105435470694#ezmpm2hm2rms5gqm2bicre2d;32324;1;0
Broadmoor.com-0073-2016Redesign;en-US;636409105436250704#uevqbppaz1cccy30rvx5crnp;16721;1;0
Theloganhotel.com-0043-2015Redesign;en-US;636409105439370744#ba5du0k45ay0yui3tabwjnfr;20218;1;0
Meateatery.com-0080-2016Redesign;en-US;636409105439526746#wcftvd5poe11i5eq3enf2jhr;18505;1;0
Texturefoodanddrink.com-0067-2016Redesign;en-US;636409105439526746#1gughr21a3g3lnflg3sdwgr2;15452;1;0
Naiaresortandspa.com-0077-2016Redesign;en-US;636409105439526746#hggkgmm2teeytmzct3wklz5f;20455;1;0
Glencovemansion.com-0058-2015Redesign;en-US;636409105439526746#niw1jznpauvst45bw5dadvn3;13328;1;0
Lakeplacidlodge.com-0105-2017Redesign;en-US;636409105439526746#v5pkl5yvkniy0brijynvgoip;39238;1;0
Washingtoncourthotel.com-0076-2016Redesign;en-US;636409105439682748#nssy3yyj4ty2f0gble2o01uy;17858;1;0
Bocatrans.com-0082-2016Redesign;en-US;636409105439682748#lupjswnx51ipl4rohdtkluf5;19758;1;0
Oxfordclubspa.com-0068-2016Redesign;en-US;636409105439682748#lcxuxqz520ffvzfbd0peda31;15568;1;0
Treasureislandbeachresort.com-0089-2016Redesign;en-US;636409105439682748#mjkqrhep0spgcvhs111pjbyk;38057;1;0
Samosetresort.com-0113-2017Redesign;en-US;636409105441866776#fokxhsuhsyen44lwuo1r1y12;32541;1;0
Samosetresort.com-0113-2017Redesign;en-US;636409105442178780#hy1svo0luafl1z2z3iqnmpon;32541;1;0
Samosetresort.com-0113-2017Redesign;en-US;636409105442490784#l4mfvuy0tzm5cazbushbtjlc;32541;1;0
saddlebrook.com-0011-2014Redesign;en-US;636409105444206806#lsh2sz0a413v3idbzgmtpwdj;3536;1;0
Monarchbeachresort.com-0092-2016Redesign;en-US;636409105445142818#uorajydj0kpoht14v0p0gkg0;26800;1;0
Cphollywoodbeach.com-0032-2015Redesign;en-US;636409105449822878#me3or5lhm5bupbwqopg0o5t4;7805;1;0
wentworthcom00212014redesign;en-US;636409105450758890#2pceupej2qi0kmpzfito1rgt;26679;1;0
Cendyn.com-0095-2016Redesign;en-US;636409105451694902#fegdiapqas4uneopnmitxisd;26640;1;0
Jupiterbeachresort.com-0103-2017Redesign;en-US;636409105452006906#lzutg4bcqjlngmei1eyphrkc;28214;1;0
Broadmoor.com-0073-2016Redesign;en-US;636409105452162908#li0uigwxspjehm2g3ghglrqi;16721;1;0
Broadmoor.com-0073-2016Redesign;en-US;636409105452786916#1vvaaz4jgwgqhynwlgquyo5h;17465;1;0
Thelodgeatwoodloch.com-0033-2015Redesign;en-US;636409105453878930#l3mha2drmn2a3nxbvlbsgera;7764;1;0
Cendyn.com-0095-2016Redesign;en-US;636409105453878930#ypel3fcuos15lfbmposfnfct;26640;1;0
Hospitalityupgrade.com-0093-2016Redesign;en-US;636409105454190934#ofvx1ur4xe3azhaxoaxwaztj;22790;1;0
Broadmoor.com-0073-2016Redesign;en-US;636409105456998970#jpcpwdt3zblrftk2d1ktmqan;17465;1;0
Thecurtis.com-0079-2016Redesign;en-US;636409105457154972#iypgoqfyzsvefscpepdauyt2;17981;1;0
Thesagamore.com-0112-2017Redesign;en-US;636409105457154972#p551kzoaip4osvx3sdhn0hb1;39241;1;0
Bluebirch.com-0072-2016Redesign;en-US;636409105457154972#i0jctv30y4hdzhxg1d5f4vnp;16693;1;0
Longboatkeyclub.com-0104-2017Redesign;en-US;636409105457154972#huoahngo0mjwpgd41mr2rc5d;38054;1;0
Edgewaternaples.com-0094-2016Redesign;en-US;636409105457310974#3hm5xevhlq3an4vuqncoqyl1;38051;1;0
Chrco.com-0107-2017Redesign;en-US;636409105457466976#xz2cg32p5evbfxljhbtwlrfd;29280;1;0
Assuranceoperations.com-0065-2015Redesign;en-US;636409105457466976#n22hv3b4jwpqd1x3xwygsj0n;15263;1;0
Beverlyhillsresidenceinn.com-0087-2016Redesign;en-US;636409105457466976#zrtpobtpn1fmk04al5p353vy;20999;1;0
Homewoodsuiteslax.com-0110-2017Redesign;en-US;636409105457466976#ls3lwsjnyb5tk2qutou4qzvh;30747;1;0
Luxehotels.com-0078-2016Redesign;en-US;636409105457622978#fzameruj5o2znyhikfkjagdu;18805;1;0
Napavalleymarriott.com-0071-2016Redesign;en-US;636409105457622978#h41bmhj3swent1udj4mipa0o;16432;1;0
Halcyonhotelcherrycreek.com-0061-2015Redesign;en-US;636409105457622978#mnf1aymzabwv4dkk1b0kgzop;22121;1;0
Hospitalityupgrade.com-0093-2016Redesign;en-US;636409105457778980#kbljhwi4y2ygutlksvwozb2q;25405;1;0
Delraysandsresort.com-0097-2016Redesign;en-US;636409105458246986#402gshrq2yahtewkjdohfkea;38049;1;0
Degreerestaurant.com-0056-2015Redesign;en-US;636409105458246986#qgxncwu0fouaqrnjzr3qbk3o;11598;1;0
Thecrawfordhotel.com-0074-2016Redesign;en-US;636409105458246986#useqpm5ycnbfc22epvsqsvw5;17145;1;0
Zotabeachresort.com-0090-2016Redesign;en-US;636409105458246986#uhv5gzvvac0fedxbtsgoyfjk;38058;1;0
Samosetresort.com-0113-2017Redesign;en-US;636409105458402988#2jf55vj4xxduttvzfqeb4qxq;40334;1;0
Abbingtonbanquets.com-0070-2016Redesign;en-US;636409105458402988#gah0fux3fbkeei205d0hgvng;15789;1;0
Lidobeachresort.com-0106-2017Redesign;en-US;636409105458402988#marxfdlp1srbmtp2sftuyqqx;38053;1;0
Jbdukehotel.com-0086-2016Redesign;en-US;636409105458402988#sxvc0vjn1fxub5vcch31fs3o;21918;1;0
Jupiterbeachresort.com-0103-2017Redesign;en-US;636409105458402988#o1dkihuyxcnrwwjvlkrd5u4m;38052;1;0
Theharborsidehotel.com-0114-2017Redesign;en-US;636409105458402988#toxypotpevpa5qms0di3eh3t;40403;1;0
Hhotellosangeles.com-0118-2017Redesign;en-US;636409105458558990#wfmyc5sexm1ivqsh5f3vblju;35289;1;0
Theoxfordhotel.com-0062-2015Redesign;en-US;636409105458558990#nxpmnvz1hgrcr2y3nizkzl2x;14325;1;0
Opalsands.com-0084-2016Redesign;en-US;636409105458558990#koyy0a3mo0hwv0ch5fj04dku;38055;1;0
Passport.lehotels.com-0069-2016BlogRedesign;en-US;636409105458558990#5ldbkt5odqxbgeq3mpatdiwh;41068;1;0
Residenceinnnyc.com-0034-2015Redesign;en-US;636409105458714992#sratconms0yf51cguykc5mv0;7926;1;0
Thelodgeatwoodloch.com-0033-2015Redesign;en-US;636409105458714992#l3mha2drmn2a3nxbvlbsgera;7764;1;0
Sandylane.com-0075-2016Redesign;en-US;636409105459339000#st3ow5mbumpis4f1jf4lqhex;17611;1;0
Galthouse.com-0042-2015Redesign;en-US;636409105459495002#rjbla5yqgywqb5muh5pub23y;38060;1;0
wentworthcom00212014redesign;en-US;636409105459495002#2pceupej2qi0kmpzfito1rgt;26679;1;0
Unionstationhotelnashville.com-0047-2015Redesign;en-US;636409105461367026#p4wo2bevieevi5bck5x1cdjd;25482;1;0
Hospitalityupgrade.com-0093-2016Redesign;en-US;636409105463083048#i3llox404igkof2gscxitcai;22790;1;0
Broadmoor.com-0073-2016Redesign;en-US;636409105464175062#ibzsmhhkaoiqoibwh2dogslv;18782;1;0
Thelodgeatwoodloch.com-0033-2015Redesign;en-US;636409105466671094#l3mha2drmn2a3nxbvlbsgera;7764;1;0
Broadmoor.com-0073-2016Redesign;en-US;636409105467295102#htotwatc3iozrvmouteosftb;16767;1;0
Montaukyachtclub.com-0010-2014Redesign;en-US;636409105467763108#yqbbubeadok4nno1bsqp0eic;2384;1;0
Theoxfordhotel.com-0062-2015Redesign;en-US;636409105468231114#dzimlzfeehwdsiaowqsbgiun;14333;1;0
Thelodgeatwoodloch.com-0033-2015Redesign;en-US;636409105469791134#l3mha2drmn2a3nxbvlbsgera;7764;1;0
Broadmoor.com-0073-2016Redesign;en-US;636409105470883148#wim4gy1xtsjvgt22bef2uqbg;17465;1;0
Laxembassy.com-0008-2014Redesign;en-US;636409105473847186#irz5r1jglntznndcqgkpg0uh;2163;1;0
Thelodgeatwoodloch.com-0033-2015Redesign;en-US;636409105474159190#l3mha2drmn2a3nxbvlbsgera;7764;1;0
Thelodgeatwoodloch.com-0033-2015Redesign;en-US;636409105475095202#vepnkwbvtqqhtd1ycdt2kp1p;7781;1;0
Thelodgeatwoodloch.com-0033-2015Redesign;en-US;636409105476031214#l3mha2drmn2a3nxbvlbsgera;7764;1;0
Cendyn.com-0095-2016Redesign;en-US;636409105477123228#wsltv4qajjgvopiwb3nf0b1m;26640;1;0
Broadmoor.com-0073-2016Redesign;en-US;636409105477123228#ztbmracy5w22o5fbcuoa2lqk;38059;1;0
Thesagamore.com-0112-2017Redesign;en-US;636409105477279230#f1y2aenkwtmanqgyvvbzhlw1;33922;1;0
Thelodgeatwoodloch.com-0033-2015Redesign;en-US;636409105477747236#l3mha2drmn2a3nxbvlbsgera;7764;1;0
Thelodgeatwoodloch.com-0033-2015Redesign;en-US;636409105479463258#l3mha2drmn2a3nxbvlbsgera;7764;1;0
Cendyn.com-0095-2016Redesign;en-US;636409105480243268#sjwshzoumubz41dg0hztvt2n;26640;1;0
Sandpearl.com-0091-2016Redesign;en-US;636409105480399270#2xpe2tdzbnzcxqdcbcpsro00;38056;1;0
Lidobeachresort.com-0106-2017Redesign;en-US;636409105480399270#np0p0eax5hoyxltjjobiulja;28666;1;0
Abbingtonbanquets.com-0070-2016Redesign;en-US;636409105480555272#pkfqlb3u2au0goqhhnpepo30;15789;1;0
Cendyn.com-0095-2016Redesign;en-US;636409105480555272#1yompcge0fnvpyxkjiigohx1;26640;1;0
Jupiterbeachresort.com-0103-2017Redesign;en-US;636409105480711274#naibnbxnaenk2fo3hsxxj4mp;28158;1;0
Lidobeachresort.com-0106-2017Redesign;en-US;636409105480867276#fcf5oacinejifum5a5tl4art;28666;1;0
Jupiterbeachresort.com-0103-2017Redesign;en-US;636409105481647286#ewmkq5ye3aitdfh11t333abx;28158;1;0
Thelodgeatwoodloch.com-0033-2015Redesign;en-US;636409105481959290#l3mha2drmn2a3nxbvlbsgera;7764;1;0
Lehotels.com-0049-2015Transfer;en-US;636409105482427296#hukseqaph0lniiy5vyibjpjt;13896;1;0
Opalsands.com-0084-2016Redesign;en-US;636409105486639350#qnbxmac411iznsc15u00a12c;20171;1;0
Opalsands.com-0084-2016Redesign;en-US;636409105486795352#2l4vbculvdddaczdb1jlcv2u;20171;1;0
Laxembassy.com-0008-2014Redesign;en-US;636409105488979380#p4fg2npzujgqn2rqaugsiaiq;2037;1;0
Washingtoncourthotel.com-0076-2016Redesign;en-US;636409105489447386#tsdalqjf5yhmehr5delzmy2j;17858;1;0
Bocatrans.com-0082-2016Redesign;en-US;636409105489447386#v0lqextki0o35dhp15odszc1;19758;1;0
Meateatery.com-0080-2016Redesign;en-US;636409105489447386#ypdiguntztvy111py0gu1fhp;18505;1;0
Oxfordclubspa.com-0068-2016Redesign;en-US;636409105489447386#ruvy2i0ceoefmh0v4jbka2hi;15568;1;0
Glencovemansion.com-0058-2015Redesign;en-US;636409105489447386#ue41yrfdpfik20b0gou21ewz;13328;1;0
Naiaresortandspa.com-0077-2016Redesign;en-US;636409105489603388#r41o2kpubfsslpuf04s2nx3x;20455;1;0
Lakeplacidlodge.com-0105-2017Redesign;en-US;636409105489603388#i4s0hshq4tqnio440fvxkvdy;39238;1;0
Texturefoodanddrink.com-0067-2016Redesign;en-US;636409105489603388#0zdvv5ucrq53kwgewjrhztdk;15452;1;0
Treasureislandbeachresort.com-0089-2016Redesign;en-US;636409105489603388#nwj2xuwelgupvvyixntmuo12;38057;1;0
Edgewaternaples.com-0094-2016Redesign;en-US;636409105491007406#ie30j0gepuewg1nlf4ltzyba;25239;1;0
Beverlyhillsresidenceinn.com-0087-2016Redesign;en-US;636409105491163408#y5jyo0xr0lhqi52uni35rmg2;20999;1;0
Galthouse.com-0042-2015Redesign;en-US;636409105491319410#t0h3blx2el10t5namaicpsz2;31905;1;0
Monarchbeachresort.com-0092-2016Redesign;en-US;636409105491631414#a1m5op1u0x1jrhfcqqavuawd;22725;1;0
Galthouse.com-0042-2015Redesign;en-US;636409105491631414#3hgdr0gdceu5o10hdwnyso3x;31905;1;0
Thelodgeatwoodloch.com-0033-2015Redesign;en-US;636409105493035432#ewuvf1dyo4tydtvbwxcg4nr1;9847;1;0
Casaybelresort.com-0002-2014Redesign;en-US;636409105495531464#b0h0vitge5g4xubgjnmr4gnn;1533;1;0
Samosetresort.com-0113-2017Redesign;en-US;636409105495999470#hsfbm3st1mcxjqdycacpdmdh;32541;1;0
saddlebrook.com-0011-2014Redesign;en-US;636409105497715492#gpxdpyuy13d4rseke0u4f03z;3385;1;0
Broadmoor.com-0073-2016Redesign;en-US;636409105498963508#x55zxvar32how0hadk2mrnkp;16721;1;0
Samosetresort.com-0113-2017Redesign;en-US;636409105499431514#hsfbm3st1mcxjqdycacpdmdh;32541;1;0
Delraysandsresort.com-0097-2016Redesign;en-US;636409105500835532#a2zgg0mgyeleav3vkze1b0nr;28438;1;0
Thelodgeatwoodloch.com-0033-2015Redesign;en-US;636409105500991534#gpezjgbg4jux5s1wvtu53pbw;7764;1;0
Cendyn.com-0095-2016Redesign;en-US;636409105501771544#5r0ly1didv1ckie5ef3zbm5y;26640;1;0
Edgewaternaples.com-0094-2016Redesign;en-US;636409105502395552#ie30j0gepuewg1nlf4ltzyba;25239;1;0
saddlebrook.com-0011-2014Redesign;en-US;636409105503643568#gpxdpyuy13d4rseke0u4f03z;3385;1;0
Sandpearl.com-0091-2016Redesign;en-US;636409105503799570#d4ws3synx2r4tmklxfzmrs1h;22481;1;0
Cendyn.com-0095-2016Redesign;en-US;636409105503955572#hig1v4h40rx1jfuwaqbvahvi;26640;1;0
Sandpearl.com-0091-2016Redesign;en-US;636409105505671594#y0lo0fpp0prvftqpkkeb1yfu;22481;1;0
Thecurtis.com-0079-2016Redesign;en-US;636409105507231614#54z4xb33fxfcahl3iwwudurm;17981;1;0
Longboatkeyclub.com-0104-2017Redesign;en-US;636409105507231614#dlvpda30u2d2kuk5gx45afjg;38054;1;0
Assuranceoperations.com-0065-2015Redesign;en-US;636409105507231614#zdxmryimnvm2alzb2dcxedmn;15263;1;0
Chrco.com-0107-2017Redesign;en-US;636409105507231614#sva5zixpps1sghjrmwlqyanf;29280;1;0
Thesagamore.com-0112-2017Redesign;en-US;636409105507387616#e53qh1qkuwybav25ajqhzicy;39241;1;0
Jbdukehotel.com-0086-2016Redesign;en-US;636409105507387616#wuoeplmbbfbsfl0r01jqvkyx;21918;1;0
Edgewaternaples.com-0094-2016Redesign;en-US;636409105507387616#3vrjcidgjsksmrxvwjj0cmg4;38051;1;0
Beverlyhillsresidenceinn.com-0087-2016Redesign;en-US;636409105507387616#eyhs4q0utzgkozjhoc1554e3;20999;1;0
Thecrawfordhotel.com-0074-2016Redesign;en-US;636409105507387616#bx4js4qub1nxjx2uswu3fkrl;17145;1;0
Degreerestaurant.com-0056-2015Redesign;en-US;636409105507543618#niq1ii3k4ukgtj1w50li0a43;11598;1;0
Galthouse.com-0042-2015Redesign;en-US;636409105507543618#bagdniewnyr0s5otabj4oa32;38060;1;0
Homewoodsuiteslax.com-0110-2017Redesign;en-US;636409105507543618#ljp3e5i5tboi5kbpj3pjdafr;30747;1;0
Zotabeachresort.com-0090-2016Redesign;en-US;636409105507543618#5lzzoqkgyyebc1hlezjcakuz;38058;1;0
Passport.lehotels.com-0069-2016BlogRedesign;en-US;636409105507543618#iftz25hg0bgbqfg413owwpja;41068;1;0
Luxehotels.com-0078-2016Redesign;en-US;636409105507699620#344eqxz41cnropvb1vruff15;18805;1;0
Jupiterbeachresort.com-0103-2017Redesign;en-US;636409105507699620#lodncn25fb4rq400hmkckjkm;38052;1;0
Samosetresort.com-0113-2017Redesign;en-US;636409105507699620#wwx341anafktzn2fnockp4aw;40334;1;0
Hospitalityupgrade.com-0093-2016Redesign;en-US;636409105507699620#12u34heetg0mt3po2z30vfwg;25405;1;0
Halcyonhotelcherrycreek.com-0061-2015Redesign;en-US;636409105507855622#bkldkrtayw2my24qdfzsxu1v;22121;1;0
Theoxfordhotel.com-0062-2015Redesign;en-US;636409105507855622#3vetirkgu3okqcqsduiwkgij;14325;1;0
Abbingtonbanquets.com-0070-2016Redesign;en-US;636409105507855622#ir4rk2umtup2ab4wtrkayy00;15789;1;0
Theharborsidehotel.com-0114-2017Redesign;en-US;636409105507855622#0v5hwzaonqo2bgyjcawr4jb1;40403;1;0
Delraysandsresort.com-0097-2016Redesign;en-US;636409105507855622#l4xb5ylanwomlizueyu0m1jw;38049;1;0
Lidobeachresort.com-0106-2017Redesign;en-US;636409105508011624#nh2gw4ung5flgoalttgtjl2k;38053;1;0
Opalsands.com-0084-2016Redesign;en-US;636409105508011624#mfpsbsu3yqdcb3cagtzgenru;38055;1;0
Napavalleymarriott.com-0071-2016Redesign;en-US;636409105509259640#50z5nzv5vsqnhtwtq4tbzpjo;16432;1;0
Hhotellosangeles.com-0118-2017Redesign;en-US;636409105509571644#gbvai232znjx5yguzp25kqvg;35289;1;0
Bluebirch.com-0072-2016Redesign;en-US;636409105509571644#lse5mxseivsyltb54w1irg2z;16693;1;0
Sandylane.com-0075-2016Redesign;en-US;636409105510195652#pxu3yyiszqxuttzwa4uax2vc;17611;1;0
saddlebrook.com-0011-2014Redesign;en-US;636409105510507656#fs1obkfouo1ctns2fmpvup5t;3385;1;0
Sandpearl.com-0091-2016Redesign;en-US;636409105512067676#d4ws3synx2r4tmklxfzmrs1h;22481;1;0
Theharborsidehotel.com-0114-2017Redesign;en-US;636409105516747736#rh54suqlrbkk0lmyptlgjh5b;37606;1;0
Thesagamore.com-0112-2017Redesign;en-US;636409105517683748#vw4lf3etd4xill2yl1ytng55;33921;1;0
Cphollywoodbeach.com-0032-2015Redesign;en-US;636409105517683748#jvz053m4jjqd0ixdwqi4p0yl;7805;1;0
Galthouse.com-0042-2015Redesign;en-US;636409105518775762#bxyofmxrxyereggj1qq111fu;25695;1;0
Thesagamore.com-0112-2017Redesign;en-US;636409105518931764#acme1xnwtif0mc0ltxxz10sb;33921;1;0
Opalsands.com-0084-2016Redesign;en-US;636409105519867776#poj4ntl1sbob0c0ophf3vkby;20171;1;0
Broadmoor.com-0073-2016Redesign;en-US;636409105520023778#rwnufu0ypko2e4dna5kg25f1;16721;1;0
Thelodgeatwoodloch.com-0033-2015Redesign;en-US;636409105520023778#hirz5ps1pzgrkryxxmuuxny1;8303;1;0
Cphollywoodbeach.com-0032-2015Redesign;en-US;636409105522051804#jvz053m4jjqd0ixdwqi4p0yl;7805;1;0
Thesagamore.com-0112-2017Redesign;en-US;636409105524079830#rp5vb1onq4fiwkhm1utderux;32339;1;0
Renaissancepittsburghpa.com-0044-2015Redesign;en-US;636409105525639850#3xcz2cvh1if1nrybmend4f1e;9637;1;0
saddlebrook.com-0011-2014Redesign;en-US;636409105526263858#ew2nvhcmp3b14m4dm125yoru;4918;1;0
Thesagamore.com-0112-2017Redesign;en-US;636409105526419860#rp5vb1onq4fiwkhm1utderux;32339;1;0
Samosetresort.com-0113-2017Redesign;en-US;636409105526419860#3jmfeyjqe1ippfellphryytc;32541;1;0
Broadmoor.com-0073-2016Redesign;en-US;636409105526575862#amjewlz4vkw4gjvrs1mqvql5;21232;1;0
Opalsands.com-0084-2016Redesign;en-US;636409105527199870#tqm52hoidnnyf3rwmeusqwp0;40846;1;0
Cendyn.com-0095-2016Redesign;en-US;636409105527199870#wmkfk0pc54lt2dg2oibuo3h1;26640;1;0
Broadmoor.com-0073-2016Redesign;en-US;636409105527199870#fggdqda3uihjybalsh404g0c;38059;1;0
Passport.lehotels.com-0069-2016BlogRedesign;en-US;636409105529227896#0bn2dgk0ekctstod34x02ynm;15730;1;0
Thelodgeatwoodloch.com-0033-2015Redesign;en-US;636409105529695902#lz0dvqfncxia43yfijx4dz0g;9847;1;0
Cendyn.com-0095-2016Redesign;en-US;636409105530007906#5cfoxm0gqbh4jlczuhpqf2df;26640;1;0
Cendyn.com-0095-2016Redesign;en-US;636409105530007906#245if1gg5erxa3iiok0oilki;26640;1;0
Sandpearl.com-0091-2016Redesign;en-US;636409105530007906#1hhy1l30f5exrsl2j4kznbpq;38056;1;0
Sandpearl.com-0091-2016Redesign;en-US;636409105530787916#y5ffvfp235huj54ui22tx4z4;22488;1;0
Broadmoor.com-0073-2016Redesign;en-US;636409105530787916#5szgu0krd0ua4dw4ereex22g;16721;1;0
Hi-nyc.com-0108-2017Redesogm;en-US;636409105530943918#aka4mzqil00nwx3m42j3l4au;30080;1;0
Renaissancepittsburghpa.com-0044-2015Redesign;en-US;636409105531879930#3xcz2cvh1if1nrybmend4f1e;9637;1;0
Broadmoor.com-0073-2016Redesign;en-US;636409105537496002#ppnsddbvgunohrhtlirn1vnk;16721;1;0
Glencovemansion.com-0058-2015Redesign;en-US;636409105539368026#2cjnfvo54ojorbvknxnkje4l;13328;1;0
Oxfordclubspa.com-0068-2016Redesign;en-US;636409105539368026#injhuxporrgarsaij2kh04nv;15568;1;0
Bocatrans.com-0082-2016Redesign;en-US;636409105539368026#rld1yqkpgjciahxy2tblv15m;19758;1;0
Meateatery.com-0080-2016Redesign;en-US;636409105539368026#ot3bj2jue5ne3tdf3hxeoss0;18505;1;0
Texturefoodanddrink.com-0067-2016Redesign;en-US;636409105539524028#v4hyhi1syl4lkbkt2ufjj52c;15452;1;0
Lakeplacidlodge.com-0105-2017Redesign;en-US;636409105539524028#cbbfwvnhain5weuyfom4qtdi;39238;1;0
Washingtoncourthotel.com-0076-2016Redesign;en-US;636409105539680030#mt2zcdl0wtntyi2ocxo2fhnf;17858;1;0
Treasureislandbeachresort.com-0089-2016Redesign;en-US;636409105539680030#2mnvjnfibo1fzfzk5v2o4wtc;38057;1;0
Naiaresortandspa.com-0077-2016Redesign;en-US;636409105539680030#t0oz3v1nhxekc11ylqv1gf42;20455;1;0
Cphollywoodbeach.com-0032-2015Redesign;en-US;636409105542644068#s2p05p0fduanncc3s5qdbmfu;7815;1;0
Hospitalityupgrade.com-0093-2016Redesign;en-US;636409105550600170#knlfre50hfcdkrogjdshpwtz;37631;1;0
Cendyn.com-0095-2016Redesign;en-US;636409105551848186#0q3qlxxtarfsm4xlsaa1350g;26640;1;0
Broadmoor.com-0073-2016Redesign;en-US;636409105553096202#1flbznpxqupozgo10f3q4bcp;21231;1;0
Cendyn.com-0095-2016Redesign;en-US;636409105554032214#3rdqnxbatoconawskpjvfxbz;26640;1;0
Galthouse.com-0042-2015Redesign;en-US;636409105554968226#iofsop0uapmos2uhf0won5rx;10570;1;0
Edgewaternaples.com-0094-2016Redesign;en-US;636409105555748236#ka5jd4nrljlbo2rrpsoar5p0;25239;1;0
Edgewaternaples.com-0094-2016Redesign;en-US;636409105555904238#rglww1h0fy3niutegyiw4ufr;25239;1;0
Thecurtis.com-0079-2016Redesign;en-US;636409105557152254#j10azjqobuihczn5sjrr2jzs;17981;1;0
Theharborsidehotel.com-0114-2017Redesign;en-US;636409105557152254#xws52hjkyl5fx0lpxrs2i4ev;40403;1;0
Passport.lehotels.com-0069-2016BlogRedesign;en-US;636409105557308256#ignljsqymmphe2o4lys00ni0;41068;1;0
Opalsands.com-0084-2016Redesign;en-US;636409105557308256#cxtfd5gzcnv3opmkugyvxml0;38055;1;0
Bluebirch.com-0072-2016Redesign;en-US;636409105557776262#1thhddcpyxb2umkkwgyonncp;16693;1;0
Theoxfordhotel.com-0062-2015Redesign;en-US;636409105557932264#fg1s050rmeovkndkaku3b203;14325;1;0
Delraysandsresort.com-0097-2016Redesign;en-US;636409105557932264#gwf5n1qwgdf5jllph1ig03q4;38049;1;0
Napavalleymarriott.com-0071-2016Redesign;en-US;636409105557932264#ht4ex4jwwt2vlpk5gqtnnehz;16432;1;0
Halcyonhotelcherrycreek.com-0061-2015Redesign;en-US;636409105558088266#wrjncsn1gyiis0a3jefz2eor;22121;1;0
Longboatkeyclub.com-0104-2017Redesign;en-US;636409105558088266#kbtjyrr0wy30ug5qrjnhj1rq;38054;1;0
Edgewaternaples.com-0094-2016Redesign;en-US;636409105558244268#vxfglhbe5m4jr0sy34d4yh55;38051;1;0
Hospitalityupgrade.com-0093-2016Redesign;en-US;636409105558244268#1iu03ld0r52ksxtls3xltsmu;25405;1;0
Sandylane.com-0075-2016Redesign;en-US;636409105558400270#5o4lascbcpn4nzcs4zer44ce;17611;1;0
Hhotellosangeles.com-0118-2017Redesign;en-US;636409105558400270#ajw5jgzdty2cazs5uabnx1fu;35289;1;0
Samosetresort.com-0113-2017Redesign;en-US;636409105558556272#nceuyaiyfmh5f0fyjearuzbr;40334;1;0
Jbdukehotel.com-0086-2016Redesign;en-US;636409105558556272#4cpmjtmv0ytibv3ckkrv5pmf;21918;1;0
Zotabeachresort.com-0090-2016Redesign;en-US;636409105558556272#scis2xjnc0gx0wphvded5ogd;38058;1;0
Homewoodsuiteslax.com-0110-2017Redesign;en-US;636409105559336282#yp0sewddohytcpjqahxq1pk4;30747;1;0
Abbingtonbanquets.com-0070-2016Redesign;en-US;636409105559492284#bz2n5g0jak3ejyblzfwk3yfb;15789;1;0
Degreerestaurant.com-0056-2015Redesign;en-US;636409105559648286#elvgtagc1kq4g1ugj0th3i0m;11598;1;0
Thecrawfordhotel.com-0074-2016Redesign;en-US;636409105559648286#v5uls4xjxwoyj5nlzqfjhw2c;17145;1;0
Galthouse.com-0042-2015Redesign;en-US;636409105559648286#pn5z3dre0dau1s5cfe31t55v;38060;1;0
Luxehotels.com-0078-2016Redesign;en-US;636409105559804288#jf5w0ytg3xlgvbejciv2dtmd;18805;1;0
Assuranceoperations.com-0065-2015Redesign;en-US;636409105559804288#lfqexo4bnmsznxh3gplptbwh;15263;1;0
Thesagamore.com-0112-2017Redesign;en-US;636409105559804288#5wtrqmzuyty5spu24jcry2rl;39241;1;0
Jupiterbeachresort.com-0103-2017Redesign;en-US;636409105559960290#ipv10gopi2wn0o0ck3cnqrpz;38052;1;0
Lidobeachresort.com-0106-2017Redesign;en-US;636409105559960290#iglrk20kawpljqy4pjoyuu0g;38053;1;0
Chrco.com-0107-2017Redesign;en-US;636409105559960290#ilr2joilbrxpx2retnobvdjw;29280;1;0
Thesagamore.com-0112-2017Redesign;en-US;636409105560428296#b4trlvxacdvt4v5xt1wirhe0;32339;1;0
Cphollywoodbeach.com-0032-2015Redesign;en-US;636409105560428296#s2p05p0fduanncc3s5qdbmfu;7805;1;0
Beverlyhillsresidenceinn.com-0087-2016Redesign;en-US;636409105560428296#4vxu3b5unjzjfzy35zgl23jc;20999;1;0
Chrco.com-0107-2017Redesign;en-US;636409105561520310#fe5ywr1zhfh0f0brtrueyg52;29280;1;0
Thecurtis.com-0079-2016Redesign;en-US;636409105561832314#g0kriw200ao2fqllfxrqtlzv;17981;1;0
Laxembassy.com-0008-2014Redesign;en-US;636409105570256422#hj2ob3crnhap4pqregkys1j4;2101;1;0
Unionstationhotelnashville.com-0047-2015Redesign;en-US;636409105571504438#5tkm3mvdy0qgqm1wbcenjs0c;32226;1;0
Jupiterbeachresort.com-0103-2017Redesign;en-US;636409105573064458#f41ntgf3pazukxslb14k13ty;28158;1;0
Sandpearl.com-0091-2016Redesign;en-US;636409105574936482#0ljqzbmsatru2i5nclie4jwa;22481;1;0
Edgewaternaples.com-0094-2016Redesign;en-US;636409105576340500#zx3vt51f0huknhb1qtd0qnu4;25239;1;0
Cendyn.com-0095-2016Redesign;en-US;636409105577120510#0t5fk53bwukcbkg000ahuchh;26640;1;0
Broadmoor.com-0073-2016Redesign;en-US;636409105577744518#cb3ewybr422lmtizsyzp31yp;38059;1;0
Jupiterbeachresort.com-0103-2017Redesign;en-US;636409105578680530#f41ntgf3pazukxslb14k13ty;28158;1;0
Cendyn.com-0095-2016Redesign;en-US;636409105579928546#d4qzol0loqenjui0jzve2tff;26640;1;0
Sandpearl.com-0091-2016Redesign;en-US;636409105579928546#wgl2ufoc5yz2pzuyu3ztofle;38056;1;0
Cendyn.com-0095-2016Redesign;en-US;636409105579928546#0btqfami1zxbxgasjoistarz;26640;1;0
Longboatkeyclub.com-0104-2017Redesign;en-US;636409105580084548#y1lwxq0l4lcv5jzbcaaog1gq;28316;1;0
Samosetresort.com-0113-2017Redesign;en-US;636409105581488566#fokxhsuhsyen44lwuo1r1y12;32576;1;0
Thecrawfordhotel.com-0074-2016Redesign;en-US;636409105581956572#quukjeojffhajvbgaukpwtpa;17667;1;0
Longboatkeyclub.com-0104-2017Redesign;en-US;636409105581956572#y1lwxq0l4lcv5jzbcaaog1gq;28316;1;0
Casaybelresort.com-0002-2014Redesign;en-US;636409105582424578#rfkzfbggz2usasoev4lwjhpd;1533;1;0
Galthouse.com-0042-2015Redesign;en-US;636409105582424578#waoiiuax2sltsdt1g2kche2e;31905;1;0
Lakeplacidlodge.com-0105-2017Redesign;en-US;636409105585076612#1invywrhfpp0aba14tyhviga;28562;1;0
Unionstationhotelnashville.com-0047-2015Redesign;en-US;636409105586012624#12q1pekbo5zfjw5yn0eqq00k;32226;1;0
Miravalspamonarchbeach.com-0109-2017Redesign;en-US;636409105586168626#uwa5ko0l11y0aqwvofmkjsle;31709;1;0
Broadmoor.com-0073-2016Redesign;en-US;636409105587260640#k3doczyiqk0h1uyf5g1qhu5m;17465;1;0
Meateatery.com-0080-2016Redesign;en-US;636409105589288666#kfajykc3k4bk5dgf5jlqa5wa;18505;1;0
Glencovemansion.com-0058-2015Redesign;en-US;636409105589288666#fc5e2v1btyxh45jim43q1io2;13328;1;0
Lakeplacidlodge.com-0105-2017Redesign;en-US;636409105589444668#1appy0pkdvyon2fveycd2apr;39238;1;0
Oxfordclubspa.com-0068-2016Redesign;en-US;636409105589444668#vpfe5dml2gchxbg01oz325he;15568;1;0
Bocatrans.com-0082-2016Redesign;en-US;636409105589444668#minah05ot1kcjwtcs1tfn1rq;19758;1;0
Texturefoodanddrink.com-0067-2016Redesign;en-US;636409105589444668#ahwxxxptnixkhj0unn10f5vq;15452;1;0
Naiaresortandspa.com-0077-2016Redesign;en-US;636409105589444668#cl0fwbmfirenwekgmjimqjhd;20455;1;0
Treasureislandbeachresort.com-0089-2016Redesign;en-US;636409105589444668#ggag2qeof024zamiav1aidwo;38057;1;0
Washingtoncourthotel.com-0076-2016Redesign;en-US;636409105589600670#uhihgxpselkmh3yam1uhzp2p;17858;1;0
Opalsands.com-0084-2016Redesign;en-US;636409105590380680#poj4ntl1sbob0c0ophf3vkby;20564;1;0
Casaybelresort.com-0002-2014Redesign;en-US;636409105592408706#2l0prgaqazcwcx4bxrfnjkiq;1533;1;0
Casaybelresort.com-0002-2014Redesign;en-US;636409105593812724#zfr2h40wop2oruyxhsikpdw3;1602;1;0
Hospitalityupgrade.com-0093-2016Redesign;en-US;636409105595840750#wiaixkmapjaapr2bwpaymeve;31708;1;0
Chrco.com-0107-2017Redesign;en-US;636409105598648786#fe5ywr1zhfh0f0brtrueyg52;29280;1;0
Cendyn.com-0095-2016Redesign;en-US;636409105601768826#4f1cs2bgt20xh5nc3jlloblc;26640;1;0
Luxehotels.com-0078-2016Redesign;en-US;636409105601924828#tjqoewjz4ltmghg0vbhjmvmr;18830;1;0
Sandpearl.com-0091-2016Redesign;en-US;636409105602392834#mu2rd2dfwmp0sn1jktlmlzd3;38884;1;0
Unionstationhotelnashville.com-0047-2015Redesign;en-US;636409105603016842#12q1pekbo5zfjw5yn0eqq00k;32226;1;0
Cendyn.com-0095-2016Redesign;en-US;636409105603952854#4ir5hg2gimhs2v1gmp5vnh4c;26640;1;0
Broadmoor.com-0073-2016Redesign;en-US;636409105604888866#k0j01rta1oj1ya05tohhqkxt;16724;1;0
Edgewaternaples.com-0094-2016Redesign;en-US;636409105605356872#zx3vt51f0huknhb1qtd0qnu4;25239;1;0
Thecurtis.com-0079-2016Redesign;en-US;636409105607228896#yo4hsppmx5j5mj0d3lgbnqhd;17981;1;0
Bluebirch.com-0072-2016Redesign;en-US;636409105607228896#hb21jwvjk2xaggl4ebfudjkz;16693;1;0
Opalsands.com-0084-2016Redesign;en-US;636409105607228896#0okrviimzrthvagc4cqk20dr;38055;1;0
Theoxfordhotel.com-0062-2015Redesign;en-US;636409105607228896#wjt5fmfjfrwqt5hdnm4x5exx;14325;1;0
Jbdukehotel.com-0086-2016Redesign;en-US;636409105607384898#r1gza0hhssv0frewp1p0xg5k;21918;1;0
Homewoodsuiteslax.com-0110-2017Redesign;en-US;636409105607384898#pwpbeo5lcemchq024plht4n1;30747;1;0
Jupiterbeachresort.com-0103-2017Redesign;en-US;636409105607540900#hudqz5gvyfwaruoeuz3h1rs1;38052;1;0
Beverlyhillsresidenceinn.com-0087-2016Redesign;en-US;636409105607540900#3oluzls2emdh3burnh1uakph;20999;1;0
Longboatkeyclub.com-0104-2017Redesign;en-US;636409105607540900#rvuyyvt5eolvqafdgfni4mpc;38054;1;0
Edgewaternaples.com-0094-2016Redesign;en-US;636409105607540900#3bf1ylfoh4eerqi5qhfb1bgh;38051;1;0
Chrco.com-0107-2017Redesign;en-US;636409105607696902#bcmkruse4hgfbatretu0gbzo;29280;1;0
Thesagamore.com-0112-2017Redesign;en-US;636409105607696902#xedooyu4et2gx2grksgguvov;39241;1;0
Galthouse.com-0042-2015Redesign;en-US;636409105608008906#uewo4qbq0h1vny3h4ipmtn4f;38060;1;0
Abbingtonbanquets.com-0070-2016Redesign;en-US;636409105608008906#hbzwaxl0smlzn5f1mvmqu2h3;15789;1;0
Assuranceoperations.com-0065-2015Redesign;en-US;636409105608008906#mrbzdixwkob0pajy5tp4epqs;15263;1;0
Theharborsidehotel.com-0114-2017Redesign;en-US;636409105608008906#wzb02ayqk34ziw4dwqpfhnro;40403;1;0
Halcyonhotelcherrycreek.com-0061-2015Redesign;en-US;636409105608320910#anwdpfzx2a2mxaq0ylkxdqb2;22121;1;0
Thecrawfordhotel.com-0074-2016Redesign;en-US;636409105608476912#1fguli5afvun0t3qjguxh3cn;17145;1;0
Hospitalityupgrade.com-0093-2016Redesign;en-US;636409105608476912#wq50o4urnsnzvmotri5y3em5;25405;1;0
Napavalleymarriott.com-0071-2016Redesign;en-US;636409105608632914#5twr4gbodunirgjsznpm2lqw;16432;1;0
Degreerestaurant.com-0056-2015Redesign;en-US;636409105608632914#jupz3qa2akr1zbjcs3ory3lh;11598;1;0
Zotabeachresort.com-0090-2016Redesign;en-US;636409105608632914#hovk5hpitp3eaupujqgtussm;38058;1;0
Luxehotels.com-0078-2016Redesign;en-US;636409105608788916#fq5elbrerljgchl5zxm0k2vh;18805;1;0
Hhotellosangeles.com-0118-2017Redesign;en-US;636409105608788916#gne5n25e5h3zj1bazz4vvxzw;35289;1;0
Lidobeachresort.com-0106-2017Redesign;en-US;636409105608788916#m14gqucaq5vbtfzcx1naeh5e;38053;1;0
Delraysandsresort.com-0097-2016Redesign;en-US;636409105608944918#11rf5epmw2yyehhsqbmv2rwn;38049;1;0
Passport.lehotels.com-0069-2016BlogRedesign;en-US;636409105608944918#awuqwi2przumhnjeum2dbwvx;41068;1;0
Sandylane.com-0075-2016Redesign;en-US;636409105608944918#5wznskbnrhq4my3i3e5mbwuj;17611;1;0
Samosetresort.com-0113-2017Redesign;en-US;636409105609412924#3t0tpowbx1ub4l2rn1ce1y20;40334;1;0
Thesagamore.com-0112-2017Redesign;en-US;636409105610348936#15dhcf2l0mrbjprhsswiyatu;33922;1;0
Broadmoor.com-0073-2016Redesign;en-US;636409105613936982#k0j01rta1oj1ya05tohhqkxt;16724;1;0
Cocokeyorlando.com-0059-2015Redesign;en-US;636409105614248986#zvmaiby1a5jwroamjm20l3js;12394;1;0
Broadmoor.com-0073-2016Redesign;en-US;636409105614560990#m2wpld25thxp22h414trmsgt;17465;1;0
Cocokeyorlando.com-0059-2015Redesign;en-US;636409105617213024#zvmaiby1a5jwroamjm20l3js;12394;1;0
Thelodgeatwoodloch.com-0033-2015Redesign;en-US;636409105618773044#ewuvf1dyo4tydtvbwxcg4nr1;7771;1;0
Broadmoor.com-0073-2016Redesign;en-US;636409105624389116#cmydmpi54caobdzdj5b2e52f;41775;1;0
Cocokeyorlando.com-0059-2015Redesign;en-US;636409105624545118#zvmaiby1a5jwroamjm20l3js;12394;1;0
Casaybelresort.com-0002-2014Redesign;en-US;636409105625169126#1cjqkad3t1ibwleetrf1qn0o;1613;1;0
Cendyn.com-0095-2016Redesign;en-US;636409105627197152#siffpffjy4w3tybulxgcpqo4;26640;1;0
Broadmoor.com-0073-2016Redesign;en-US;636409105627197152#k4wdzu0ccla4zpdoux4ihoop;38059;1;0
Cendyn.com-0095-2016Redesign;en-US;636409105630005188#tf4nfehwh2iillb4et0t3025;26640;1;0
Cendyn.com-0095-2016Redesign;en-US;636409105630005188#k3nika2ivty50jcsfoj4n0er;26640;1;0
Sandpearl.com-0091-2016Redesign;en-US;636409105630005188#1iizwf4jpdcqkjtas0lubebf;38056;1;0
Washingtondukeinn.com-0024-2014Redesign;en-US;636409105630941200#mnek5kfaqtjq14pq5k5nav0u;4524;1;0
Samosetresort.com-0113-2017Redesign;en-US;636409105633749236#cewaaznrym5plhu33ztgsthr;32541;1;0
Meateatery.com-0080-2016Redesign;en-US;636409105639365308#kgynefwxkh0am1qc5iprneow;18505;1;0
Oxfordclubspa.com-0068-2016Redesign;en-US;636409105639521310#pflqr22t033o4jubdbpsldwg;15568;1;0
Bocatrans.com-0082-2016Redesign;en-US;636409105639521310#sj3xylj4wrcstsrixnjcamug;19758;1;0
Naiaresortandspa.com-0077-2016Redesign;en-US;636409105639677312#gxcjyj0ejtuq4rstszyu4evz;20455;1;0
Lakeplacidlodge.com-0105-2017Redesign;en-US;636409105639677312#t2f0mhulzokc4iebsqedzeaa;39238;1;0
Treasureislandbeachresort.com-0089-2016Redesign;en-US;636409105639677312#50tis2hs33wc4xvitudj2oca;38057;1;0
Glencovemansion.com-0058-2015Redesign;en-US;636409105639677312#vqveyqsctops3j0rhszlyyyy;13328;1;0
Texturefoodanddrink.com-0067-2016Redesign;en-US;636409105639833314#wrcwyuzlhblgduxf4cdj451z;15452;1;0
Washingtoncourthotel.com-0076-2016Redesign;en-US;636409105639989316#khwoxnqcusfiuedsh5ozu0ge;17858;1;0
Broadmoor.com-0073-2016Redesign;en-US;636409105643733364#x55zxvar32how0hadk2mrnkp;16751;1;0
wentworthcom00212014redesign;en-US;636409105643733364#tstydomwp4ubvnweqmuhvzwu;26679;1;0
Unionstationhotelnashville.com-0047-2015Redesign;en-US;636409105644981380#5tkm3mvdy0qgqm1wbcenjs0c;32226;1;0
Broadmoor.com-0073-2016Redesign;en-US;636409105646697402#30hehdzrxj143ccudkgm0kmq;16722;1;0
Thesagamore.com-0112-2017Redesign;en-US;636409105649661440#15dhcf2l0mrbjprhsswiyatu;33921;1;0
Samosetresort.com-0113-2017Redesign;en-US;636409105650441450#qdxc2pax1gkuqsre5pyr0bxw;35128;1;0
Cendyn.com-0095-2016Redesign;en-US;636409105651689466#rfju0ugotfby0gbe3fydlvsa;26640;1;0
Cendyn.com-0095-2016Redesign;en-US;636409105654029496#n4vkgvbbh52t1rscqh152quy;26640;1;0
Broadmoor.com-0073-2016Redesign;en-US;636409105654497502#qryhj5nv3smnwbanvvvmwp5g;17465;1;0
Cocokeyorlando.com-0059-2015Redesign;en-US;636409105654497502#mikkxu3hhla2ir3vu3gjom4r;12394;1;0
Thecurtis.com-0079-2016Redesign;en-US;636409105657149536#5i13cgiaqsx2iavxugthbim2;17981;1;0
Hhotellosangeles.com-0118-2017Redesign;en-US;636409105657149536#nzbsjoe3nubzurtymj0tmjhk;35289;1;0
Homewoodsuiteslax.com-0110-2017Redesign;en-US;636409105657149536#m0ptutxavjcptqtm34fnt01d;30747;1;0
Zotabeachresort.com-0090-2016Redesign;en-US;636409105657149536#atin3d5thngidevxp4sumyzl;38058;1;0
Longboatkeyclub.com-0104-2017Redesign;en-US;636409105657149536#kcspjt34xdic1r3vok44fqn3;38054;1;0
Chrco.com-0107-2017Redesign;en-US;636409105657305538#ccsv35d3e4scn5hn3al2omgz;29280;1;0
Bluebirch.com-0072-2016Redesign;en-US;636409105657305538#o3wnug2ikwwz0qfolbx0u0sw;16693;1;0
Hospitalityupgrade.com-0093-2016Redesign;en-US;636409105657617542#2xyyv0i2yy44ka2znvlkmted;25405;1;0
Galthouse.com-0042-2015Redesign;en-US;636409105657617542#ra4nwtt3rie34kt4jlngz2hd;38060;1;0
Jupiterbeachresort.com-0103-2017Redesign;en-US;636409105657617542#vfxi0rnv54u4hfw4z44kbv3u;38052;1;0
Beverlyhillsresidenceinn.com-0087-2016Redesign;en-US;636409105657617542#asqsapt3su3wjwezavfyhcvk;20999;1;0
Theharborsidehotel.com-0114-2017Redesign;en-US;636409105657617542#difefsz1stqnjxkp1ggkyjlt;40403;1;0
Theoxfordhotel.com-0062-2015Redesign;en-US;636409105657773544#vfu55tgxs4ifji534et4o4qt;14325;1;0
Opalsands.com-0084-2016Redesign;en-US;636409105657773544#idkhswfx12evbvsb4pwtv5wt;38055;1;0
Jbdukehotel.com-0086-2016Redesign;en-US;636409105657773544#bcqtaie4ylineyol5hsdzxvb;21918;1;0
Samosetresort.com-0113-2017Redesign;en-US;636409105657773544#s21aqxpulafqcip4hgknbbgx;40334;1;0
Degreerestaurant.com-0056-2015Redesign;en-US;636409105657929546#rc1sqnkjtws2bkn23kkpyfhb;11598;1;0
Assuranceoperations.com-0065-2015Redesign;en-US;636409105657929546#ru5jfwylmqdfp21ltd5atiux;15263;1;0
Abbingtonbanquets.com-0070-2016Redesign;en-US;636409105657929546#zn2s1ss0ncrxdj0vqfmdoyh3;15789;1;0
Halcyonhotelcherrycreek.com-0061-2015Redesign;en-US;636409105657929546#rxgvclmlnbm0n1bqbgiu3b1f;22121;1;0
Edgewaternaples.com-0094-2016Redesign;en-US;636409105657929546#3y1syae3ytv32t00h1mm2o2j;38051;1;0
Thesagamore.com-0112-2017Redesign;en-US;636409105657929546#51sz4ijiivdyy5espypxtxuu;39241;1;0
Napavalleymarriott.com-0071-2016Redesign;en-US;636409105658085548#jfzemrtercgg1vtmewyorlih;16432;1;0
Luxehotels.com-0078-2016Redesign;en-US;636409105658085548#vcro4lip020yhckzcou5a2m0;18805;1;0
Passport.lehotels.com-0069-2016BlogRedesign;en-US;636409105658085548#dahwcpcsyhsbrq2pggnbx4gw;41068;1;0
Lidobeachresort.com-0106-2017Redesign;en-US;636409105658085548#2ysy3s2hp32k1dkyjt4bhpox;38053;1;0
Sandylane.com-0075-2016Redesign;en-US;636409105658085548#s33y0nxp1tjcprd5qda1ykud;17611;1;0
Delraysandsresort.com-0097-2016Redesign;en-US;636409105658085548#m13s042ixmhwjfrtlqsn5hwf;38049;1;0
Thecrawfordhotel.com-0074-2016Redesign;en-US;636409105658397552#zlp1havmlqvb2yz11zgy3vca;17145;1;0
Hospitalityupgrade.com-0093-2016Redesign;en-US;636409105663233614#ulewxaulvnv0pjr4gc41j0tz;25405;1;0
wentworthcom00212014redesign;en-US;636409105663233614#tstydomwp4ubvnweqmuhvzwu;26679;1;0
Broadmoor.com-0073-2016Redesign;en-US;636409105663701620#n1dgoukp4iq0gis5qyv15vbr;16721;1;0
wentworthcom00212014redesign;en-US;636409105664169626#tstydomwp4ubvnweqmuhvzwu;26679;1;0
Miravalspamonarchbeach.com-0109-2017Redesign;en-US;636409105664793634#rpdewv3bgmizg2yreuanidrg;31709;1;0
Lehotels.com-0049-2015Transfer;en-US;636409105665261640#kou5bc0kmqyvlnbpcypdokef;13834;1;0
Hospitalityupgrade.com-0093-2016Redesign;en-US;636409105666041650#knlfre50hfcdkrogjdshpwtz;37631;1;0
Broadmoor.com-0073-2016Redesign;en-US;636409105666041650#n1dgoukp4iq0gis5qyv15vbr;16721;1;0
Cphollywoodbeach.com-0032-2015Redesign;en-US;636409105666821660#s2p05p0fduanncc3s5qdbmfu;7815;1;0
Broadmoor.com-0073-2016Redesign;en-US;636409105667601670#n1dgoukp4iq0gis5qyv15vbr;16721;1;0
Broadmoor.com-0073-2016Redesign;en-US;636409105668381680#qurz2vnotsjjzww0iaedbv1b;16721;1;0
Broadmoor.com-0073-2016Redesign;en-US;636409105668849686#n1dgoukp4iq0gis5qyv15vbr;16721;1;0
Broadmoor.com-0073-2016Redesign;en-US;636409105671189716#n1dgoukp4iq0gis5qyv15vbr;16721;1;0
Cocokeyorlando.com-0059-2015Redesign;en-US;636409105671345718#nvfk0svg0pt0obyxdq3qxtgx;12394;1;0
Broadmoor.com-0073-2016Redesign;en-US;636409105672749736#n1dgoukp4iq0gis5qyv15vbr;16721;1;0
Galthouse.com-0042-2015Redesign;en-US;636409105673841750#waoiiuax2sltsdt1g2kche2e;10924;1;0
Broadmoor.com-0073-2016Redesign;en-US;636409105674309756#n1dgoukp4iq0gis5qyv15vbr;16721;1;0
Thelodgeatwoodloch.com-0033-2015Redesign;en-US;636409105674309756#vepnkwbvtqqhtd1ycdt2kp1p;9920;1;0
Sandpearl.com-0091-2016Redesign;en-US;636409105674465758#y5ffvfp235huj54ui22tx4z4;22530;1;0
Laxembassy.com-0008-2014Redesign;en-US;636409105674621760#pkeeihhgrx2mcw2xak1knybi;2164;1;0
Monarchbeachresort.com-0092-2016Redesign;en-US;636409105674933764#ej4q13psxxyrbmefca3o4pe0;22996;1;0
Broadmoor.com-0073-2016Redesign;en-US;636409105675869776#n1dgoukp4iq0gis5qyv15vbr;16721;1;0
Cendyn.com-0095-2016Redesign;en-US;636409105677273794#args12gtzu5l10mltazhdw1b;26640;1;0
Broadmoor.com-0073-2016Redesign;en-US;636409105677273794#o2hu2q4ntbgiaizi4byezmfj;38059;1;0
Broadmoor.com-0073-2016Redesign;en-US;636409105677897802#n1dgoukp4iq0gis5qyv15vbr;16721;1;0
Cocokeyorlando.com-0059-2015Redesign;en-US;636409105678677812#nvfk0svg0pt0obyxdq3qxtgx;12394;1;0
Casaybelresort.com-0002-2014Redesign;en-US;636409105679613824#1satgi1bnbykbjmxvxfvoqop;1613;1;0
Broadmoor.com-0073-2016Redesign;en-US;636409105679769826#n1dgoukp4iq0gis5qyv15vbr;16721;1;0
Cendyn.com-0095-2016Redesign;en-US;636409105679925828#vkznbuurdyzdv3at3ocnd4sm;26640;1;0
Sandpearl.com-0091-2016Redesign;en-US;636409105679925828#3qdwiuqmrqacqsd4wa1ok53a;38056;1;0
Cendyn.com-0095-2016Redesign;en-US;636409105679925828#13ks00bkqnet24g2430n3joq;26640;1;0
Thecurtis.com-0079-2016Redesign;en-US;636409105683045868#1ugzg5jwl2jlr11skifvjyu1;17981;1;0
Broadmoor.com-0073-2016Redesign;en-US;636409105684761890#umrjll3mvjxmrx0qwqvbqwiw;17465;1;0
Thelodgeatwoodloch.com-0033-2015Redesign;en-US;636409105686477912#ewuvf1dyo4tydtvbwxcg4nr1;7771;1;0
Bocatrans.com-0082-2016Redesign;en-US;636409105689285948#5zcgtdbat3xnjn0dld140mjh;19758;1;0
Meateatery.com-0080-2016Redesign;en-US;636409105689285948#hdi340yhycakbuqbz4un0ihu;18505;1;0
Texturefoodanddrink.com-0067-2016Redesign;en-US;636409105689285948#130nw5ybudeagmpgri4kqek3;15452;1;0
Washingtoncourthotel.com-0076-2016Redesign;en-US;636409105689285948#s1zqxrdzqstaoooelzmcbhpz;17858;1;0
Oxfordclubspa.com-0068-2016Redesign;en-US;636409105689285948#ed3emiaowjjsrfrxjlwo3kbg;15568;1;0
Glencovemansion.com-0058-2015Redesign;en-US;636409105689441950#uremogp1q2fdmbaywl3tqamm;13328;1;0
Naiaresortandspa.com-0077-2016Redesign;en-US;636409105689441950#d3uzvfqomm3m1pvtcpbapho1;20455;1;0
Treasureislandbeachresort.com-0089-2016Redesign;en-US;636409105689441950#n523oltpaper3k51yukdqe3q;38057;1;0
Lakeplacidlodge.com-0105-2017Redesign;en-US;636409105689441950#xlrf00twnxr2pra4sgsi2cag;39238;1;0
Casaybelresort.com-0002-2014Redesign;en-US;636409105691937982#ce4tj1d02ujetpjdhyog2rdb;1613;1;0
Broadmoor.com-0073-2016Redesign;en-US;636409105692717992#bjbw1wezf0cr0poduotnkfgy;18259;1;0
Longboatkeyclub.com-0104-2017Redesign;en-US;636409105693654004#5rex2w5zdn1atto5ygqztxzv;28316;1;0
Bocatrans.com-0082-2016Redesign;en-US;636409105693654004#ojsem4g0o511pxcg1ejqmxcj;19758;1;0
Longboatkeyclub.com-0104-2017Redesign;en-US;636409105693810006#a0fm4vcijlo5nvcei4kq0rez;28316;1;0
Sandpearl.com-0091-2016Redesign;en-US;636409105694278012#jim1gcfjeyq1we0vofcybew1;22481;1;0
Casaybelresort.com-0002-2014Redesign;en-US;636409105694746018#qsutks22wvags1dmcrznm1j1;1571;1;0
Samosetresort.com-0113-2017Redesign;en-US;636409105695526028#hsfbm3st1mcxjqdycacpdmdh;35151;1;0
Saddlebrookprep.com-0022-2014Transfer;en-US;636409105699114074#cqphzfx4elcdl04j1a4jqxqg;3914;1;0
theweststreethotel.com-0115-2017Redesign;en-US;636409105699426078#jxuagg3xyd0pv4ej2ouy2twv;36683;1;0
Sandpearl.com-0091-2016Redesign;en-US;636409105699738082#jim1gcfjeyq1we0vofcybew1;22481;1;0
Cendyn.com-0095-2016Redesign;en-US;636409105701766108#0xgadhxd3kwmtc4tzprg5fct;26640;1;0
Cendyn.com-0095-2016Redesign;en-US;636409105704418142#p1nqv1klfvmghuphcwevly1w;26640;1;0
Monarchbeachresort.com-0092-2016Redesign;en-US;636409105705822160#ej4q13psxxyrbmefca3o4pe0;22995;1;0
Theoxfordhotel.com-0062-2015Redesign;en-US;636409105707226178#kdpb32qdzorl045k1umxs24p;14325;1;0
Bluebirch.com-0072-2016Redesign;en-US;636409105707226178#fdpbi02qvpzgwhz5f1vrsl5t;16693;1;0
Luxehotels.com-0078-2016Redesign;en-US;636409105707226178#be2o2ey4d2teujwhn4nxaoch;18805;1;0
Zotabeachresort.com-0090-2016Redesign;en-US;636409105707226178#soutyhh3dcu4bmuzgvt1pahb;38058;1;0
Samosetresort.com-0113-2017Redesign;en-US;636409105707226178#kdqa4ldtrlw2rjjclvegq1x2;40334;1;0
Homewoodsuiteslax.com-0110-2017Redesign;en-US;636409105707382180#25gtwzmubthzs5c32ttcuy0m;30747;1;0
Galthouse.com-0042-2015Redesign;en-US;636409105707538182#rypiinqw1pg3otgn31clvlyg;38060;1;0
Halcyonhotelcherrycreek.com-0061-2015Redesign;en-US;636409105707538182#igp521mdbluupmvj50dqtwp0;22121;1;0
Thecurtis.com-0079-2016Redesign;en-US;636409105707538182#crfu0tppr2jjn0btoy3q1to4;17981;1;0
Chrco.com-0107-2017Redesign;en-US;636409105707694184#b30ykwbexbzbz2qsqxuyr4pf;29280;1;0
Beverlyhillsresidenceinn.com-0087-2016Redesign;en-US;636409105707694184#qyvxw1yyoa2bhqqitgmrfe4f;20999;1;0
Thesagamore.com-0112-2017Redesign;en-US;636409105707694184#3elagqx5olgy1cyzqf4z2hba;39241;1;0
Hhotellosangeles.com-0118-2017Redesign;en-US;636409105707694184#spvyo2aw4jvnx5xk2tufa2p4;35289;1;0
Passport.lehotels.com-0069-2016BlogRedesign;en-US;636409105707850186#u4mwzsd12bsk5ulymsexoeof;41068;1;0
Degreerestaurant.com-0056-2015Redesign;en-US;636409105707850186#z4a04tydbswqyu1q5lae13tm;11598;1;0
Assuranceoperations.com-0065-2015Redesign;en-US;636409105707850186#wyirrjfvbj3qeu3d0tbfyqy5;15263;1;0
Sandylane.com-0075-2016Redesign;en-US;636409105708006188#v0djijc1pkdnc5iooldcqtg2;17611;1;0
Napavalleymarriott.com-0071-2016Redesign;en-US;636409105708006188#tzrhtb1xxf4fawvmxdfygr0l;16432;1;0
Thecrawfordhotel.com-0074-2016Redesign;en-US;636409105708006188#tavlxaa4eaeth5pjxnx1cp2g;17145;1;0
Hospitalityupgrade.com-0093-2016Redesign;en-US;636409105708006188#s3h3u1khhrlzalthi4yckizu;25405;1;0
Edgewaternaples.com-0094-2016Redesign;en-US;636409105708006188#3yfv2mal2ip4pzpveidrsxha;38051;1;0
Theharborsidehotel.com-0114-2017Redesign;en-US;636409105708006188#a3faj3ww5pukqnjqdhqztyum;40403;1;0
Longboatkeyclub.com-0104-2017Redesign;en-US;636409105708162190#unhf2ocq0jihczn4a4pf4gbz;38054;1;0
Opalsands.com-0084-2016Redesign;en-US;636409105708162190#nhkg45acgagbucp53jqstbbv;38055;1;0
Lidobeachresort.com-0106-2017Redesign;en-US;636409105708162190#j5lypcng4d15olad2q4cx242;38053;1;0
Jbdukehotel.com-0086-2016Redesign;en-US;636409105708474194#zxwisufltkkrsxaragz2efut;21918;1;0
Delraysandsresort.com-0097-2016Redesign;en-US;636409105708474194#rmq5csjn24djkco0nzacgbwd;38049;1;0
Abbingtonbanquets.com-0070-2016Redesign;en-US;636409105708630196#raxwvruziyljbx1z1e1akxef;15789;1;0
Jupiterbeachresort.com-0103-2017Redesign;en-US;636409105709254204#rc1qyuemdoxghyzh3aswppqc;38052;1;0
Thelodgeatwoodloch.com-0033-2015Redesign;en-US;636409105711126228#ewuvf1dyo4tydtvbwxcg4nr1;7781;1;0
Cocokeyorlando.com-0059-2015Redesign;en-US;636409105711594234#p2d1gsvl5tphzcjyckgggpry;12394;1;0
Cocokeyorlando.com-0059-2015Redesign;en-US;636409105713466258#p2d1gsvl5tphzcjyckgggpry;12394;1;0
Thesagamore.com-0112-2017Redesign;en-US;636409105718614324#4wqb4nhhazaia45qyjrh34fw;32339;1;0
Miravalspamonarchbeach.com-0109-2017Redesign;en-US;636409105722514374#uwa5ko0l11y0aqwvofmkjsle;34318;1;0
Cendyn.com-0095-2016Redesign;en-US;636409105722670376#lc4ypomdnsb3a1hkmfr4gd5y;26640;1;0
Thesagamore.com-0112-2017Redesign;en-US;636409105723294384#4wqb4nhhazaia45qyjrh34fw;32339;1;0
Monarchbeachresort.com-0092-2016Redesign;en-US;636409105723606388#idtg0voxzok3v4oynebb1ps5;23492;1;0
Cendyn.com-0095-2016Redesign;en-US;636409105727194434#q1gwdpclgqbz3yxc31w2iya4;26640;1;0
Broadmoor.com-0073-2016Redesign;en-US;636409105727194434#4o1gaeqwcz5i420ui3sdk0x5;38059;1;0
Cendyn.com-0095-2016Redesign;en-US;636409105730002470#zxxq2k3fcqxdws3g440n0rvu;26640;1;0
Cendyn.com-0095-2016Redesign;en-US;636409105730002470#bypab03k1t5vdwkra5lnrvub;26640;1;0
Sandpearl.com-0091-2016Redesign;en-US;636409105730002470#gjftlz3st3ahqp0zgyenjsod;38056;1;0
Thelodgeatwoodloch.com-0033-2015Redesign;en-US;636409105730782480#hirz5ps1pzgrkryxxmuuxny1;8305;1;0
Monarchbeachresort.com-0092-2016Redesign;en-US;636409105731250486#nypol5lwwffcifipggbkszf1;22725;1;0
Thelodgeatwoodloch.com-0033-2015Redesign;en-US;636409105734058522#itjfmdukn0mnh3cvpeoc0xmp;7781;1;0
Sandpearl.com-0091-2016Redesign;en-US;636409105737022560#sqa5dkp0xonro5jty1yyhdhq;22481;1;0
Cendyn.com-0095-2016Redesign;en-US;636409105738738582#inxewxo2i0cn0swhrq0cveyq;26640;1;0
Glencovemansion.com-0058-2015Redesign;en-US;636409105739206588#pmjqs5xdpryxbi42htww4mgp;13328;1;0
Washingtoncourthotel.com-0076-2016Redesign;en-US;636409105739206588#yvxfz1t22tyavwa1zmhzgej0;17858;1;0
Lakeplacidlodge.com-0105-2017Redesign;en-US;636409105739362590#e00gu1lvwgauc05qlesu4xev;39238;1;0
Meateatery.com-0080-2016Redesign;en-US;636409105739362590#rszbq1mj4114vs2dzvxvyfps;18505;1;0
Oxfordclubspa.com-0068-2016Redesign;en-US;636409105739362590#dnumha2oj2gqym2jv4qvfkw0;15568;1;0
Texturefoodanddrink.com-0067-2016Redesign;en-US;636409105739518592#lp3kvxh50jdq0yb4gi3wj2jg;15452;1;0
Treasureislandbeachresort.com-0089-2016Redesign;en-US;636409105739518592#rnciqi2g4p5une4ybw3d45jl;38057;1;0
Naiaresortandspa.com-0077-2016Redesign;en-US;636409105739518592#a0igyztv4k4ln5sk1o1g5eme;20455;1;0
Bocatrans.com-0082-2016Redesign;en-US;636409105739674594#ssxnsersyw5fzmu45pwxe34y;19758;1;0
Sandpearl.com-0091-2016Redesign;en-US;636409105739674594#jim1gcfjeyq1we0vofcybew1;22481;1;0
Broadmoor.com-0073-2016Redesign;en-US;636409105747786698#fvqpgyjpgen4tih1vgksbgpd;32312;1;0
Galthouse.com-0042-2015Redesign;en-US;636409105750126728#1vgntix15ab2dyqgiwsh0cyx;31905;1;0
Edgewaternaples.com-0094-2016Redesign;en-US;636409105751530746#txpxhu5f3l3tgyvmgohuuisi;25239;1;0
Cendyn.com-0095-2016Redesign;en-US;636409105751686748#aanhvab5a1mqb1evr21kzqko;26640;1;0
Cendyn.com-0095-2016Redesign;en-US;636409105754026778#xzi2vupq0qs5b5ykifp115ew;26640;1;0
Saddlebrookprep.com-0022-2014Transfer;en-US;636409105754026778#2f4qvaa2kl3qxnvngrjpdn54;3914;1;0
Broadmoor.com-0073-2016Redesign;en-US;636409105754494784#2o1apzvpy42o4zikhr4u0zkm;16768;1;0
theweststreethotel.com-0115-2017Redesign;en-US;636409105755430796#w03g4p0tdsnfqhx05ulgi505;36683;1;0
Galthouse.com-0042-2015Redesign;en-US;636409105755898802#1vgntix15ab2dyqgiwsh0cyx;31905;1;0
Montaukyachtclub.com-0010-2014Redesign;en-US;636409105756366808#1lspxvdzy2skfvrtz3tknstu;2383;1;0
Bluebirch.com-0072-2016Redesign;en-US;636409105757146818#b4oxqymm20pkrxg4fgn3ih3m;16693;1;0
Napavalleymarriott.com-0071-2016Redesign;en-US;636409105757146818#2nitfnrk1cceashjnf1xgzmd;16432;1;0
Homewoodsuiteslax.com-0110-2017Redesign;en-US;636409105757146818#iiuucb43ikbkb1ioish5jfwj;30747;1;0
Galthouse.com-0042-2015Redesign;en-US;636409105757146818#yftceikwxrjjpczdajnaix0m;38060;1;0
Zotabeachresort.com-0090-2016Redesign;en-US;636409105757146818#qmagsk3xdmfjn33ko1sovhez;38058;1;0
Longboatkeyclub.com-0104-2017Redesign;en-US;636409105757458822#obh4rrea344tfti2okarkufx;38054;1;0
Degreerestaurant.com-0056-2015Redesign;en-US;636409105757458822#tpzidyfqepqbsmurgub4unhw;11598;1;0
Delraysandsresort.com-0097-2016Redesign;en-US;636409105757458822#1vk2ryaiogks4oap1lb3004u;38049;1;0
Theoxfordhotel.com-0062-2015Redesign;en-US;636409105757614824#44d0gydmn4hcqv3pjecxjnmf;14325;1;0
Thesagamore.com-0112-2017Redesign;en-US;636409105757614824#cdsia1hyl5xw2bt3gltrspe0;39241;1;0
Edgewaternaples.com-0094-2016Redesign;en-US;636409105757614824#cx1q3u2mzmo1gri3mbirsz3s;38051;1;0
Samosetresort.com-0113-2017Redesign;en-US;636409105757614824#5teix01re4vy035xomnxdtyw;40334;1;0
Halcyonhotelcherrycreek.com-0061-2015Redesign;en-US;636409105757770826#l03vljjuf3vz2cvaiq3xdzut;22121;1;0
Galthouse.com-0042-2015Redesign;en-US;636409105757770826#1vgntix15ab2dyqgiwsh0cyx;31905;1;0
Lidobeachresort.com-0106-2017Redesign;en-US;636409105757926828#tzm1vjalujr4aotx2anbu0ix;38053;1;0
Theharborsidehotel.com-0114-2017Redesign;en-US;636409105757926828#i1am2qqng2pqy5cxu0lra3od;40403;1;0
wentworthcom00212014redesign;en-US;636409105758082830#4jrofnsaxfxb325ue2d2yfuq;26679;1;0
Hospitalityupgrade.com-0093-2016Redesign;en-US;636409105758082830#chdcaeswpu2qdewkpzq1j15u;25405;1;0
Assuranceoperations.com-0065-2015Redesign;en-US;636409105758082830#ao5gnma5mqriesvfv350a15t;15263;1;0
Luxehotels.com-0078-2016Redesign;en-US;636409105758238832#sob5shhdb3rb2ckvbma4df2z;18805;1;0
Abbingtonbanquets.com-0070-2016Redesign;en-US;636409105758394834#ymty5snwhqjr5ecfuasb2xjo;15789;1;0
Thecrawfordhotel.com-0074-2016Redesign;en-US;636409105758394834#30u45ua5rsagswhj44axbnwz;17145;1;0
Hhotellosangeles.com-0118-2017Redesign;en-US;636409105758706838#15bmcwpr0l5vrd0k5guzv2pd;35289;1;0
Passport.lehotels.com-0069-2016BlogRedesign;en-US;636409105758862840#vkxncqbbfsond4iyvq0reeyd;41068;1;0
Jbdukehotel.com-0086-2016Redesign;en-US;636409105758862840#kltnml20dwtgfqkiossa5wyl;21918;1;0
Opalsands.com-0084-2016Redesign;en-US;636409105759330846#etslzzo0iwmqlq20ctigyrjn;38055;1;0
Beverlyhillsresidenceinn.com-0087-2016Redesign;en-US;636409105759486848#5gsiweshcpsl0ezsihoj0ugu;20999;1;0
Jupiterbeachresort.com-0103-2017Redesign;en-US;636409105759798852#gspffp3hpqyvzqbynyuxmtdz;38052;1;0
Sandylane.com-0075-2016Redesign;en-US;636409105759954854#ceb5few3fm5x5lmz2knsb505;17611;1;0
Chrco.com-0107-2017Redesign;en-US;636409105760266858#wo3p3yu4fc1xentt1nzkoouj;29280;1;0
Thecurtis.com-0079-2016Redesign;en-US;636409105760266858#z1whc2r2ynehvht4m31xw23y;17981;1;0
Cendyn.com-0095-2016Redesign;en-US;636409105761670876#zrb2o4dbcsqef5z45lsoma3a;26640;1;0
Thesagamore.com-0112-2017Redesign;en-US;636409105763542900#gx3q3ojl3y5wc4fonn2nnsgh;32339;1;0
saddlebrook.com-0011-2014Redesign;en-US;636409105763854904#du0jbfl5uzbmzcqm4f5m2v1l;3385;1;0
Broadmoor.com-0073-2016Redesign;en-US;636409105764010906#30hehdzrxj143ccudkgm0kmq;17447;1;0
Thesagamore.com-0112-2017Redesign;en-US;636409105765570926#gx3q3ojl3y5wc4fonn2nnsgh;32339;1;0
Cocokeyorlando.com-0059-2015Redesign;en-US;636409105765726928#nvfk0svg0pt0obyxdq3qxtgx;12394;1;0
Theharborsidehotel.com-0114-2017Redesign;en-US;636409105765882930#b01or3qxqaklaqfwb0eysln5;37571;1;0
Lakeplacidlodge.com-0105-2017Redesign;en-US;636409105766038932#3xoyhp2pvwvkrzxthixu2rcq;28545;1;0
Napavalleymarriott.com-0071-2016Redesign;en-US;636409105766038932#onvi3cylpm4uve4psptg2nzj;16432;1;0
Lakeplacidlodge.com-0105-2017Redesign;en-US;636409105766194934#wchguh2ytidrige1vbgvv4fr;28545;1;0
saddlebrook.com-0011-2014Redesign;en-US;636409105766506938#fs1obkfouo1ctns2fmpvup5t;3479;1;0
Broadmoor.com-0073-2016Redesign;en-US;636409105767598952#aqe4byd34mpumcmnqvxiauik;16721;1;0
Broadmoor.com-0073-2016Redesign;en-US;636409105767598952#xsrkbrjfo0u54x50grv2kqos;16721;1;0
Napavalleymarriott.com-0071-2016Redesign;en-US;636409105768690966#onvi3cylpm4uve4psptg2nzj;16432;1;0
Theharborsidehotel.com-0114-2017Redesign;en-US;636409105768690966#rh54suqlrbkk0lmyptlgjh5b;41599;1;0
Broadmoor.com-0073-2016Redesign;en-US;636409105769470976#45qldlglmedi0bmhu3b3hya2;16721;1;0
Broadmoor.com-0073-2016Redesign;en-US;636409105770718992#wavje0atf40mkny4vboclvz5;16721;1;0
Broadmoor.com-0073-2016Redesign;en-US;636409105771186998#uhiy3xtd2qyxkhq3bxn2l4a5;16721;1;0
Broadmoor.com-0073-2016Redesign;en-US;636409105772123010#m3wdgyfmg3vzn5vqhdjcdjev;16721;1;0
Broadmoor.com-0073-2016Redesign;en-US;636409105774619042#m3wdgyfmg3vzn5vqhdjcdjev;16721;1;0
Cendyn.com-0095-2016Redesign;en-US;636409105777115074#4k35sbm4dtamjjwb5kbc42ou;26640;1;0
Broadmoor.com-0073-2016Redesign;en-US;636409105777115074#l3zt4o5lazbjg4o2hoxqlbtr;38059;1;0
Cendyn.com-0095-2016Redesign;en-US;636409105779923110#xlfu4lixgqnfsclwcysbyrlj;26640;1;0
Cendyn.com-0095-2016Redesign;en-US;636409105779923110#dm3zfy3qlvdnw3kmd04p3sjo;26640;1;0
Sandpearl.com-0091-2016Redesign;en-US;636409105779923110#lijnrwwutkqjbmrd1rgz3rgm;38056;1;0
Sandylane.com-0075-2016Redesign;en-US;636409105781015124#oya1zjubuzap22brcj1smeoc;17611;1;0
Hospitalityupgrade.com-0093-2016Redesign;en-US;636409105781483130#knlfre50hfcdkrogjdshpwtz;37631;1;0
Laxembassy.com-0008-2014Redesign;en-US;636409105786787198#32gzn4vsavx5ycmdgp2leyqw;2171;1;0
saddlebrook.com-0011-2014Redesign;en-US;636409105787255204#ytjsydmyuqms0wd4tayu5hqp;3385;1;0
Texturefoodanddrink.com-0067-2016Redesign;en-US;636409105789127228#p50jy3nqahud231ohxtwqoks;15452;1;0
Washingtoncourthotel.com-0076-2016Redesign;en-US;636409105789127228#51yrzcdnplx0odb1534wm44x;17858;1;0
Meateatery.com-0080-2016Redesign;en-US;636409105789127228#f4c23qtpaqxvy5kfi2iuv04n;18505;1;0
Naiaresortandspa.com-0077-2016Redesign;en-US;636409105789127228#sksiidxijniexican1r5owj0;20455;1;0
Glencovemansion.com-0058-2015Redesign;en-US;636409105789283230#laiw3lmiuvace23mbwgpsjfq;13328;1;0
Oxfordclubspa.com-0068-2016Redesign;en-US;636409105789283230#rpegtypyvq1rtp44mwmtbgos;15568;1;0
Bocatrans.com-0082-2016Redesign;en-US;636409105789283230#3htz5rv5ktzlkvcqpdbhf3wv;19758;1;0
Treasureislandbeachresort.com-0089-2016Redesign;en-US;636409105789283230#thsfonxbvqynukznadwc0q1g;38057;1;0
Lakeplacidlodge.com-0105-2017Redesign;en-US;636409105789439232#fl4u1fdvq3xhodhjfjkniprl;39238;1;0
Casaybelresort.com-0002-2014Redesign;en-US;636409105789751236#3d5f2isazulpgncqgna45upu;1613;1;0
Cocokeyorlando.com-0059-2015Redesign;en-US;636409105792091266#nvfk0svg0pt0obyxdq3qxtgx;12394;1;0
Samosetresort.com-0113-2017Redesign;en-US;636409105792247268#dspdrqycfg1jlummvjzmu3hd;32541;1;0
Samosetresort.com-0113-2017Redesign;en-US;636409105792403270#fl4prlv2tlylfzuoldtqysp3;32541;1;0
Thelodgeatwoodloch.com-0033-2015Redesign;en-US;636409105793183280#oahprr4cuob30b4lpyhdj0vk;8265;1;0
Thelodgeatwoodloch.com-0033-2015Redesign;en-US;636409105793963290#hirz5ps1pzgrkryxxmuuxny1;7764;1;0
Miravalspamonarchbeach.com-0109-2017Redesign;en-US;636409105796771326#uwa5ko0l11y0aqwvofmkjsle;31709;1;0
Delraysandsresort.com-0097-2016Redesign;en-US;636409105798175344#a0kstbdb3auygom2terid2yu;27232;1;0
Delraysandsresort.com-0097-2016Redesign;en-US;636409105798487348#kyf35ifbp4geyqpcay3tj5i1;27232;1;0
saddlebrook.com-0011-2014Redesign;en-US;636409105799111356#ytjsydmyuqms0wd4tayu5hqp;3385;1;0
