saddlebrook.com-0011-2014Redesign;en-US;636408942600778023#4nkidlmr4x2v4l4p3yhvrh3o;3385;1;0
Luxehotels.com-0078-2016Redesign;en-US;636408942602338043#i0bzjwxkxyilv4gvg4rspre0;18833;1;0
Galthouse.com-0042-2015Redesign;en-US;636408942602494045#s0qsje1tm2kbarosghafdim3;31905;1;0
Cphollywoodbeach.com-0032-2015Redesign;en-US;636408942603430057#h5msa5kkrftonx0pdpeqdeox;7831;1;0
Cendyn.com-0095-2016Redesign;en-US;636408942604054065#onbe2zogutbi2jasmu51gvpa;26640;1;0
Cendyn.com-0095-2016Redesign;en-US;636408942604054065#w53pjwuibr2weavw3cnwhfre;26640;1;0
Cendyn.com-0095-2016Redesign;en-US;636408942604054065#02qym4a0odkyrcjwkkx52lfo;26640;1;0
Cendyn.com-0095-2016Redesign;en-US;636408942604054065#nmz40xzhjk3jlkstya5djsj4;26640;1;0
Passport.lehotels.com-0069-2016BlogRedesign;en-US;636408942604054065#qzktmcyftbvzokgion1cinto;41068;1;0
Galthouse.com-0042-2015Redesign;en-US;636408942606862101#s0qsje1tm2kbarosghafdim3;31905;1;0
saddlebrook.com-0011-2014Redesign;en-US;636408942608110117#4nkidlmr4x2v4l4p3yhvrh3o;3385;1;0
Thesagamore.com-0112-2017Redesign;en-US;636408942608266119#a5qn2g530rnnglagfu5xjdhd;32339;1;0
Sandpearl.com-0091-2016Redesign;en-US;636408942608578123#2o10xv0wrxkpbrykedawbbja;38056;1;0
Montaukyachtclub.com-0010-2014Redesign;en-US;636408942610138143#kwlys0netkc4l5b3vwcal0h5;2436;1;0
Montaukyachtclub.com-0010-2014Redesign;en-US;636408942610762151#lbfdrfssdbvxn3akm2bymps2;2240;1;0
Thelodgeatwoodloch.com-0033-2015Redesign;en-US;636408942611230157#otcuhg0uts1r4c3fp41ck4g3;7764;1;0
Galthouse.com-0042-2015Redesign;en-US;636408942611698163#am4qw5w1lwqfsks4xc45bv2y;31905;1;0
Thecurtis.com-0079-2016Redesign;en-US;636408942612010167#wcxfrwtfpauzy0beucfwec1c;17981;1;0
Lakeplacidlodge.com-0105-2017Redesign;en-US;636408942612946179#gqkwhguc4tgynujctdtcghw4;28545;1;0
Lehotels.com-0049-2015Transfer;en-US;636408942613726189#isodluqelv5m2jna24rqfv1y;12108;1;0
Lehotels.com-0049-2015Transfer;en-US;636408942614194195#dgcptkbnk5yehcj5hpxpq20f;12108;1;0
saddlebrook.com-0011-2014Redesign;en-US;636408942614662201#4nkidlmr4x2v4l4p3yhvrh3o;3385;1;0
Kittitianhill.com-0012-2014Redesign;en-US;636408942614818203#tvammnr30xov4jpjsbbbm5gx;2236;1;0
Samosetresort.com-0113-2017Redesign;en-US;636408942614818203#dtmyt4xse30k22fwmqg4ly2p;32541;1;0
Washingtoncourthotel.com-0076-2016Redesign;en-US;636408942616066219#5xrrm1k01a2yn4hyc0dkajpa;17858;1;0
Degreerestaurant.com-0056-2015Redesign;en-US;636408942616066219#d2zicop50cofskycxaahpl5v;11598;1;0
Sandylane.com-0075-2016Redesign;en-US;636408942616222221#j0pps0ywbj1cvh15xkarbe4h;17611;1;0
Halcyonhotelcherrycreek.com-0061-2015Redesign;en-US;636408942616222221#j5btjmhgpis2k2ybqu41v1bq;22121;1;0
Glencovemansion.com-0058-2015Redesign;en-US;636408942616222221#o4cbkv5bhpb4mm50iaz0a3m3;13328;1;0
Thecurtis.com-0079-2016Redesign;en-US;636408942616222221#yyua4quew3uvf2frua4juavk;17981;1;0
Lakeplacidlodge.com-0105-2017Redesign;en-US;636408942616222221#3ue0gufwwj5cbajjc2kjmvao;39238;1;0
Hhotellosangeles.com-0118-2017Redesign;en-US;636408942616378223#pdovdwwhl2bjru0cdzuuapmg;35289;1;0
Edgewaternaples.com-0094-2016Redesign;en-US;636408942616378223#n5dxg0tgtjd5bvfp0u1rabc0;38051;1;0
Bocatrans.com-0082-2016Redesign;en-US;636408942616378223#pjuzylpq15br4hgqbhrrvhh0;19758;1;0
Abbingtonbanquets.com-0070-2016Redesign;en-US;636408942616378223#55z5t1s0epjra40zkefhiiaa;15789;1;0
Texturefoodanddrink.com-0067-2016Redesign;en-US;636408942616378223#mhhznyla2algzofm4tdjk1hv;15452;1;0
Naiaresortandspa.com-0077-2016Redesign;en-US;636408942616378223#5ihqhn4faclhajdb4bopxnff;20455;1;0
Bluebirch.com-0072-2016Redesign;en-US;636408942616534225#5d5v5f2vscim2mzgn4bcbgbs;16693;1;0
Galthouse.com-0042-2015Redesign;en-US;636408942616534225#lz3szyj3x4jeukljmf2ryvyk;38060;1;0
Meateatery.com-0080-2016Redesign;en-US;636408942616534225#o4avbk12qx5jjgnvjjjyol2k;18505;1;0
Beverlyhillsresidenceinn.com-0087-2016Redesign;en-US;636408942616534225#5oqt1s4c04etqfq1bb0ihlmm;20999;1;0
Jbdukehotel.com-0086-2016Redesign;en-US;636408942616690227#olllkbp33guaqwwiawz3buez;21918;1;0
Opalsands.com-0084-2016Redesign;en-US;636408942616690227#k43khiccmw5rexrovzgjzvhh;38055;1;0
Theoxfordhotel.com-0062-2015Redesign;en-US;636408942616690227#u3c4dvrf0ddrrm52azfvio10;14325;1;0
Assuranceoperations.com-0065-2015Redesign;en-US;636408942616690227#byzl21tr5n0wwllbwkeddnpc;15263;1;0
Samosetresort.com-0113-2017Redesign;en-US;636408942616690227#xwgdfdleipdsn2pwkoknbbqg;40334;1;0
Theharborsidehotel.com-0114-2017Redesign;en-US;636408942616690227#xprspzv01ec4doya0vwitrls;40403;1;0
Thecrawfordhotel.com-0074-2016Redesign;en-US;636408942616690227#iomdtmqhy1z0mgcaqprxcvbc;17145;1;0
Homewoodsuiteslax.com-0110-2017Redesign;en-US;636408942616690227#2n2cj0fuowfjlckzutg5th4z;30747;1;0
Chrco.com-0107-2017Redesign;en-US;636408942616846229#fwmeb2muc4m1daf4emq2m003;29280;1;0
Luxehotels.com-0078-2016Redesign;en-US;636408942616846229#h30aecelwhj1yxoxwenjehb0;18805;1;0
Treasureislandbeachresort.com-0089-2016Redesign;en-US;636408942616846229#kv200iw32gmu1u3hsu5ni20i;38057;1;0
Zotabeachresort.com-0090-2016Redesign;en-US;636408942616846229#rwmn2qmdfcfl5nluhpamirep;38058;1;0
Jupiterbeachresort.com-0103-2017Redesign;en-US;636408942616846229#4cnbxglmlwytengrumyampo4;38052;1;0
Oxfordclubspa.com-0068-2016Redesign;en-US;636408942617314235#te1fzkvnnhwa4eskalgyemyb;15568;1;0
saddlebrook.com-0011-2014Redesign;en-US;636408942619654265#4nkidlmr4x2v4l4p3yhvrh3o;3385;1;0
Broadmoor.com-0073-2016Redesign;en-US;636408942622306299#ppnsddbvgunohrhtlirn1vnk;16721;1;0
Hospitalityupgrade.com-0093-2016Redesign;en-US;636408942624490327#gfrnubmzrfvsizjo31sqxid1;25405;1;0
saddlebrook.com-0011-2014Redesign;en-US;636408942624490327#4nkidlmr4x2v4l4p3yhvrh3o;3385;1;0
Broadmoor.com-0073-2016Redesign;en-US;636408942624490327#zlot25expqwp3mdikpleqtvi;38059;1;0
Cendyn.com-0095-2016Redesign;en-US;636408942624802331#j1uu1vvx1pbep5zi0evrdeah;26640;1;0
saddlebrook.com-0011-2014Redesign;en-US;636408942629638393#4nkidlmr4x2v4l4p3yhvrh3o;3385;1;0
saddlebrook.com-0011-2014Redesign;en-US;636408942633538443#4nkidlmr4x2v4l4p3yhvrh3o;3385;1;0
Longboatkeyclub.com-0104-2017Redesign;en-US;636408942633850447#uvvccs5jd2plhaa304peqx2o;35641;1;0
Lakeplacidlodge.com-0105-2017Redesign;en-US;636408942634006449#vh2pldnh13mzlig3atqnw0bx;28545;1;0
Lidobeachresort.com-0106-2017Redesign;en-US;636408942634162451#psr1gw1oow1iupv12ckrvl55;38053;1;0
Napavalleymarriott.com-0071-2016Redesign;en-US;636408942634162451#3ihhsfm3dddayljvnrzwiebg;16432;1;0
Longboatkeyclub.com-0104-2017Redesign;en-US;636408942634162451#bfxxqyfno4ma5wpyod3utgls;38054;1;0
Thesagamore.com-0112-2017Redesign;en-US;636408942634162451#wgqj0mexc5c1vutqaksh3yci;39241;1;0
Hospitalityupgrade.com-0093-2016Redesign;en-US;636408942634474455#55yt45jrm0d4kxpf0orhysok;37631;1;0
Delraysandsresort.com-0097-2016Redesign;en-US;636408942635098463#fubx4ogorx2w5dor14bmz50r;38049;1;0
Broadmoor.com-0073-2016Redesign;en-US;636408942637438493#ltsnzrlu4hzir2002ehiniki;16728;1;0
saddlebrook.com-0011-2014Redesign;en-US;636408942639622521#4nkidlmr4x2v4l4p3yhvrh3o;3385;1;0
Broadmoor.com-0073-2016Redesign;en-US;636408942639778523#ltsnzrlu4hzir2002ehiniki;16728;1;0
Longboatkeyclub.com-0104-2017Redesign;en-US;636408942639778523#uvvccs5jd2plhaa304peqx2o;28316;1;0
Longboatkeyclub.com-0104-2017Redesign;en-US;636408942641494545#uvvccs5jd2plhaa304peqx2o;28316;1;0
Cocokeyorlando.com-0059-2015Redesign;en-US;636408942642274555#fz4yaokbdqqgff2bhhp4rbvj;12394;1;0
Thesagamore.com-0112-2017Redesign;en-US;636408942651634675#yjew43n3susasawgdqgdpuqj;32339;1;0
Cendyn.com-0095-2016Redesign;en-US;636408942653974705#blxhoo2gb51obl3tl24zwhnt;26640;1;0
Cendyn.com-0095-2016Redesign;en-US;636408942653974705#fm3std243vysimgx3g0j5q01;26640;1;0
Cendyn.com-0095-2016Redesign;en-US;636408942654286709#xk4u4qxuvfah2mxtche0z4eg;26640;1;0
Cendyn.com-0095-2016Redesign;en-US;636408942654286709#bpvzuiycvzt00baj0bzu2jh2;26640;1;0
Passport.lehotels.com-0069-2016BlogRedesign;en-US;636408942654286709#eot2rvscr3a3pvi5mohjcmvh;41068;1;0
Lakeplacidlodge.com-0105-2017Redesign;en-US;636408942654598713#2fq1tlhihmciozlaahfw0ql4;28545;1;0
Assuranceoperations.com-0065-2015Redesign;en-US;636408942655378723#xq4atutt2vemix1neu5kkdc1;15263;1;0
Delraysandsresort.com-0097-2016Redesign;en-US;636408942657562751#pkt10eqeglmvzhzn0nujhvpt;27246;1;0
Sandpearl.com-0091-2016Redesign;en-US;636408942658498763#opppdr11vxthv5lptv2ut0n5;38056;1;0
Luxehotels.com-0078-2016Redesign;en-US;636408942658654765#gllku4uzjgm5feg2wwr01k42;18830;1;0
Theoxfordhotel.com-0062-2015Redesign;en-US;636408942659902781#ogrudumzegdrvg020dr2q1v5;14332;1;0
Broadmoor.com-0073-2016Redesign;en-US;636408942662086809#soyskammpjqzots0kksp5u3r;16721;1;0
Sandylane.com-0075-2016Redesign;en-US;636408942663646829#o3tv2dzldhw3nwmzousvapmf;17611;1;0
Glencovemansion.com-0058-2015Redesign;en-US;636408942665986859#s0rpcmn04ljsc3ckybbd0xxm;13328;1;0
Degreerestaurant.com-0056-2015Redesign;en-US;636408942665986859#jx1owmar1xvex5zmird0eokr;11598;1;0
Samosetresort.com-0113-2017Redesign;en-US;636408942665986859#rsnsllv5n1j1ffeivpyhoq4r;40334;1;0
Theoxfordhotel.com-0062-2015Redesign;en-US;636408942666142861#iyvlfific3qr2k3lcvtjsip5;14325;1;0
Zotabeachresort.com-0090-2016Redesign;en-US;636408942666142861#tblxc5hm3xdzudzyjr5uxjth;38058;1;0
Thecurtis.com-0079-2016Redesign;en-US;636408942666142861#q2lyrby21mav1bnma1dvof0f;17981;1;0
Meateatery.com-0080-2016Redesign;en-US;636408942666142861#qpfasanw3dryl2uppugn42xh;18505;1;0
Thecrawfordhotel.com-0074-2016Redesign;en-US;636408942666298863#5tz101xucur122zr4dmjyofs;17145;1;0
Washingtoncourthotel.com-0076-2016Redesign;en-US;636408942666298863#gwy55dqnyfkyb4lr4bv0utoi;17858;1;0
Halcyonhotelcherrycreek.com-0061-2015Redesign;en-US;636408942666298863#csjgtvlzouk3uowb1c1jtpig;22121;1;0
Texturefoodanddrink.com-0067-2016Redesign;en-US;636408942666298863#ymuv41yobjqw4thdb4pfnqsi;15452;1;0
Abbingtonbanquets.com-0070-2016Redesign;en-US;636408942666298863#r0fz3acaxqcmddywu25wav5s;15789;1;0
Assuranceoperations.com-0065-2015Redesign;en-US;636408942666454865#pxbrzb3rgus3tbtnm3sdsr1n;15263;1;0
Beverlyhillsresidenceinn.com-0087-2016Redesign;en-US;636408942666454865#14icjsuttn1ofyphylwm3hn5;20999;1;0
Naiaresortandspa.com-0077-2016Redesign;en-US;636408942666454865#z1fmsamzfjotgtzcgbhgg4jo;20455;1;0
Galthouse.com-0042-2015Redesign;en-US;636408942666454865#dlzjj3ucch0kkrncmcobnqek;38060;1;0
Jbdukehotel.com-0086-2016Redesign;en-US;636408942666454865#m4sj5zfrjlgd4cs2jojp2oze;21918;1;0
Luxehotels.com-0078-2016Redesign;en-US;636408942666454865#gnf2yxrgofnbnuydhdklx3ez;18805;1;0
Homewoodsuiteslax.com-0110-2017Redesign;en-US;636408942666454865#ota03nj4xf1uamqc3rzc0grl;30747;1;0
Oxfordclubspa.com-0068-2016Redesign;en-US;636408942666454865#tlwcjgbgi2ca2pamquahi4mm;15568;1;0
Chrco.com-0107-2017Redesign;en-US;636408942666454865#0crcksybwdtbiw3fsh2wqwih;29280;1;0
Theharborsidehotel.com-0114-2017Redesign;en-US;636408942666610867#4duimdfjwszmr5tqp5ovuspf;40403;1;0
Opalsands.com-0084-2016Redesign;en-US;636408942666610867#5d1fucdaqazi5kjolfcnzmr1;38055;1;0
Hhotellosangeles.com-0118-2017Redesign;en-US;636408942666610867#dzz4cbsfiln5gwfkgjpctn2f;35289;1;0
Bluebirch.com-0072-2016Redesign;en-US;636408942666610867#jo10smc5d5x5ngtepz5kebla;16693;1;0
Treasureislandbeachresort.com-0089-2016Redesign;en-US;636408942666610867#ariq1kgqqxfnea5uu5xc5bpl;38057;1;0
Lakeplacidlodge.com-0105-2017Redesign;en-US;636408942666610867#hloib3zrmcsh3m0imbyzquga;39238;1;0
Sandylane.com-0075-2016Redesign;en-US;636408942666766869#2zylja33ejj4a2sivke4gnil;17611;1;0
Broadmoor.com-0073-2016Redesign;en-US;636408942666766869#soyskammpjqzots0kksp5u3r;16721;1;0
Jupiterbeachresort.com-0103-2017Redesign;en-US;636408942666922871#kcst5jzthpstr45x1uxisc2a;38052;1;0
Edgewaternaples.com-0094-2016Redesign;en-US;636408942666922871#ws3wfwle1xxftfsd23wneton;38051;1;0
Bocatrans.com-0082-2016Redesign;en-US;636408942667078873#pfy4omn10w3ufnbztbzice3t;19758;1;0
Delraysandsresort.com-0097-2016Redesign;en-US;636408942668326889#pkt10eqeglmvzhzn0nujhvpt;27246;1;0
Hi-nyc.com-0108-2017Redesogm;en-US;636408942670198913#pjmirpkbupjpqk3brnxbnga3;30080;1;0
Theloganhotel.com-0043-2015Redesign;en-US;636408942670198913#yqjdowve0b2wx1vpqjv1ndx0;36893;1;0
Lidobeachresort.com-0106-2017Redesign;en-US;636408942673474955#40ytkczsz50gjys050v0qcfw;29899;1;0
Lakeplacidlodge.com-0105-2017Redesign;en-US;636408942673942961#54aibhyjuofhm4cehcxvtroh;28545;1;0
Hospitalityupgrade.com-0093-2016Redesign;en-US;636408942674410967#cr3zvryyipuednq2gjd2wm3z;25405;1;0
Broadmoor.com-0073-2016Redesign;en-US;636408942674410967#chlej3rzjqwapns2bawgf4cj;38059;1;0
Cendyn.com-0095-2016Redesign;en-US;636408942674722971#4zhkihi0yg0qekohfjyjwr3m;26640;1;0
Samosetresort.com-0113-2017Redesign;en-US;636408942674878973#kafuo13m0jio3oudbz0ifreg;32541;1;0
Thelodgeatwoodloch.com-0033-2015Redesign;en-US;636408942676282991#hjrcwx21fbyijfg1sqnydbsu;8257;1;0
Broadmoor.com-0073-2016Redesign;en-US;636408942676906999#hiwsn3zknxarmt3mhzezmglk;16721;1;0
Hospitalityupgrade.com-0093-2016Redesign;en-US;636408942677219003#2tk31o0klejytndwpte4isq3;37631;1;0
Galthouse.com-0042-2015Redesign;en-US;636408942679247029#yqc24vd3ftypu2lt3tuy54hx;31905;1;0
Napavalleymarriott.com-0071-2016Redesign;en-US;636408942684083091#efgoxakafrvzcaqps0udpzr2;16432;1;0
Thesagamore.com-0112-2017Redesign;en-US;636408942684083091#1voa5herkabosom1cil1mrqx;39241;1;0
Lidobeachresort.com-0106-2017Redesign;en-US;636408942684083091#4dnsllmlx010ztgehr4l4mnk;38053;1;0
Sandylane.com-0075-2016Redesign;en-US;636408942684239093#bv2nwz0cfk4sl4w3cxfziqwn;17731;1;0
Longboatkeyclub.com-0104-2017Redesign;en-US;636408942684239093#klhhtlomp1lkyw31bkvw1xhs;38054;1;0
Thesagamore.com-0112-2017Redesign;en-US;636408942684551097#yjew43n3susasawgdqgdpuqj;32339;1;0
Thecurtis.com-0079-2016Redesign;en-US;636408942685643111#2df40fm0zcbsx5guedlzi0tb;17981;1;0
Delraysandsresort.com-0097-2016Redesign;en-US;636408942685799113#jfsgjnsqlr32q3nd2ewqu3wl;38049;1;0
Broadmoor.com-0073-2016Redesign;en-US;636408942689855165#zwscqeppwdtkg1oh43sl5pve;18010;1;0
Lakeplacidlodge.com-0105-2017Redesign;en-US;636408942691727189#wyavvebrzkmsco3jocgfukgy;28545;1;0
Broadmoor.com-0073-2016Redesign;en-US;636408942693911217#zsq1brh0lvabol4aiqge4lg2;22040;1;0
theweststreethotel.com-0115-2017Redesign;en-US;636408942700151297#cavt5eofj5xsgw3fmlymfxwz;36692;1;0
Casaybelresort.com-0002-2014Redesign;en-US;636408942700775305#3h5qrjeil1hzbyauuwxlm4u4;1613;1;0
Broadmoor.com-0073-2016Redesign;en-US;636408942701087309#yr0ttnlhokc3hw1j25pm53lk;16721;1;0
Sandylane.com-0075-2016Redesign;en-US;636408942704051347#gmur2yjrbysddljdbgplfvhu;17745;1;0
Cendyn.com-0095-2016Redesign;en-US;636408942704051347#ozmiegcihfmssuomuiwd0qtq;26640;1;0
Cendyn.com-0095-2016Redesign;en-US;636408942704051347#0iwxqvne0yss3eofzd0vtgfd;26640;1;0
Cendyn.com-0095-2016Redesign;en-US;636408942704051347#23gjyq3fwwot3epmenvhrnuq;26640;1;0
Broadmoor.com-0073-2016Redesign;en-US;636408942704207349#k1skfh2osywvuikphjcqnek2;16721;1;0
Passport.lehotels.com-0069-2016BlogRedesign;en-US;636408942704207349#ibtcv213kupjcu3fzwwz5qov;41068;1;0
Cendyn.com-0095-2016Redesign;en-US;636408942704207349#hliypdeditt2iriphasgt2cr;26640;1;0
Sandpearl.com-0091-2016Redesign;en-US;636408942708419403#xwmaowesj3bydeq1hgjnoucs;38056;1;0
Cphollywoodbeach.com-0032-2015Redesign;en-US;636408942710135425#53z3q1ly1pj1tcmrih5bvwbb;7831;1;0
Thecurtis.com-0079-2016Redesign;en-US;636408942712007449#2df40fm0zcbsx5guedlzi0tb;17981;1;0
Samosetresort.com-0113-2017Redesign;en-US;636408942713255465#2gq3lezqxbh0lqvmdef2or3f;32541;1;0
Lakeplacidlodge.com-0105-2017Redesign;en-US;636408942713255465#2u0riaxdkizsmcnt3npfjupi;28545;1;0
Halcyonhotelcherrycreek.com-0061-2015Redesign;en-US;636408942716063501#20bw2g30c150gbkhg0yt1qmd;22121;1;0
Hhotellosangeles.com-0118-2017Redesign;en-US;636408942716063501#ozdvty103sygfpixzsvckrfk;35289;1;0
Galthouse.com-0042-2015Redesign;en-US;636408942716063501#nkg3siyixcuoie5bb0k0nrlb;38060;1;0
Glencovemansion.com-0058-2015Redesign;en-US;636408942716063501#d0xg5wa3ygrtbuysysl5qfec;13328;1;0
Degreerestaurant.com-0056-2015Redesign;en-US;636408942716219503#1dxvhib4003ye0vrvd4tktfx;11598;1;0
Meateatery.com-0080-2016Redesign;en-US;636408942716219503#q1n5dlatyxe2bb2ufbv3n0zg;18505;1;0
Chrco.com-0107-2017Redesign;en-US;636408942716219503#xizhbuw3byrxbwtvrn0ryee1;29280;1;0
Homewoodsuiteslax.com-0110-2017Redesign;en-US;636408942716219503#ji2tzknqscvvykocj2e0batk;30747;1;0
Oxfordclubspa.com-0068-2016Redesign;en-US;636408942716375505#wfppeg0kv2wqrcwzow0hiycg;15568;1;0
Luxehotels.com-0078-2016Redesign;en-US;636408942716375505#tnmkl2q431exvdzmyj1s0ftu;18805;1;0
Samosetresort.com-0113-2017Redesign;en-US;636408942716531507#u3cpucpj4wretvvjzctemt4a;40334;1;0
Thecurtis.com-0079-2016Redesign;en-US;636408942716687509#ss3bvnxo32vzytwdoyipm0on;17981;1;0
Jbdukehotel.com-0086-2016Redesign;en-US;636408942716687509#n0j2jytts340dphw2kvqzu5l;21918;1;0
Thecrawfordhotel.com-0074-2016Redesign;en-US;636408942716687509#0sxt2vdrpis2mf25m5duwjlx;17145;1;0
Abbingtonbanquets.com-0070-2016Redesign;en-US;636408942716843511#mgjimt1gs1wrk43pqc02ee2u;15789;1;0
Assuranceoperations.com-0065-2015Redesign;en-US;636408942716843511#lc2fkvpczt5fl1tcuqigaw4i;15263;1;0
Zotabeachresort.com-0090-2016Redesign;en-US;636408942716999513#1sgkpnwjjzxird3kazy0ei2a;38058;1;0
Beverlyhillsresidenceinn.com-0087-2016Redesign;en-US;636408942716999513#qopjetyuxzhn0v14pijgtjqa;20999;1;0
Texturefoodanddrink.com-0067-2016Redesign;en-US;636408942716999513#qaxxmjqcuuk5tw1v0bkkjccx;15452;1;0
Theharborsidehotel.com-0114-2017Redesign;en-US;636408942716999513#stp2uvgu0gtl0iwdqbctv0dv;40403;1;0
Edgewaternaples.com-0094-2016Redesign;en-US;636408942717311517#pyy54p0py3lml2yfcmdnkdaw;38051;1;0
Bocatrans.com-0082-2016Redesign;en-US;636408942717467519#hmy1zmfjnrkemmzepoemmguj;19758;1;0
Lakeplacidlodge.com-0105-2017Redesign;en-US;636408942717467519#50qi3hvu40qrg04rf03chkpx;39238;1;0
Sandylane.com-0075-2016Redesign;en-US;636408942717467519#nvt1xnkymtwtggnyhq4wt53r;17611;1;0
Treasureislandbeachresort.com-0089-2016Redesign;en-US;636408942717623521#bssv4opj5etwxvpkl2cui22u;38057;1;0
Jupiterbeachresort.com-0103-2017Redesign;en-US;636408942717623521#sfblqqfcegcjyfberpq1pwj0;38052;1;0
Opalsands.com-0084-2016Redesign;en-US;636408942717623521#m1f4mo1p45bxmpkoi4fzpegv;38055;1;0
Washingtoncourthotel.com-0076-2016Redesign;en-US;636408942717779523#ahdocmyimrkvdout3ydm53zp;17858;1;0
Bluebirch.com-0072-2016Redesign;en-US;636408942717779523#uc4tfvkvpxyrdge3p1nbxtlv;16693;1;0
Theoxfordhotel.com-0062-2015Redesign;en-US;636408942717935525#nv4zz12k5rmy1let2uatabaf;14325;1;0
Naiaresortandspa.com-0077-2016Redesign;en-US;636408942717935525#xsbbstn5sm0nlwmgpnabja41;20455;1;0
Cendyn.com-0095-2016Redesign;en-US;636408942720119553#yxctrcrz2clnhryalaxtusrq;27813;1;0
Lehotels.com-0049-2015Transfer;en-US;636408942724019603#oxh4i0ghgfnhl1ksvf5jdy0y;12108;1;0
Hospitalityupgrade.com-0093-2016Redesign;en-US;636408942724487609#disbx2uopwqv0nnpgapkalgj;25405;1;0
Broadmoor.com-0073-2016Redesign;en-US;636408942724487609#zz2rgm0u5jrvhsetvdto1zld;38059;1;0
Cendyn.com-0095-2016Redesign;en-US;636408942724643611#t0wm4dgwivtqathofsxpgcxn;26640;1;0
Hospitalityupgrade.com-0093-2016Redesign;en-US;636408942728387659#0wgvy2ad10fi1oeldr3h2bi4;37631;1;0
Napavalleymarriott.com-0071-2016Redesign;en-US;636408942734003731#x25udykstlyak5lnjwr5s0cv;16432;1;0
Thesagamore.com-0112-2017Redesign;en-US;636408942734003731#zs5putz1r2keusocgzui2dkp;39241;1;0
Lidobeachresort.com-0106-2017Redesign;en-US;636408942734003731#gdi12dslaec401go5nzgt1i1;38053;1;0
Longboatkeyclub.com-0104-2017Redesign;en-US;636408942734159733#11rcjeotyxjzlih15obra0iu;38054;1;0
Delraysandsresort.com-0097-2016Redesign;en-US;636408942734939743#nhyiqs00agcvsl2a4dectsji;38049;1;0
Lehotels.com-0049-2015Transfer;en-US;636408942736811767#dsyzhnkovgvlmbtq40oueulj;25820;1;0
Thelodgeatwoodloch.com-0033-2015Redesign;en-US;636408942738839793#otcuhg0uts1r4c3fp41ck4g3;9932;1;0
Lakeplacidlodge.com-0105-2017Redesign;en-US;636408942740711817#psvqruxf4takte3opujnpn1o;28545;1;0
Cendyn.com-0095-2016Redesign;en-US;636408942741023821#5t2t3dwrafol2rorvlbfaibk;27813;1;0
Samosetresort.com-0113-2017Redesign;en-US;636408942742739843#kpvocmw2x3xfmmmyjdzg1p5t;32541;1;0
Samosetresort.com-0113-2017Redesign;en-US;636408942745703881#kpvocmw2x3xfmmmyjdzg1p5t;32541;1;0
Opalsands.com-0084-2016Redesign;en-US;636408942751943961#c24rdefpu5jykrzaxq05fqd4;40846;1;0
Cendyn.com-0095-2016Redesign;en-US;636408942753971987#4tnu0h3wdc4unyqmw4libqpc;26640;1;0
Cendyn.com-0095-2016Redesign;en-US;636408942753971987#byj15lbwv2y15vlerdyjvgii;26640;1;0
Cendyn.com-0095-2016Redesign;en-US;636408942753971987#s1ldgzwx3l2zpblbbq3nb51b;26640;1;0
Passport.lehotels.com-0069-2016BlogRedesign;en-US;636408942753971987#01htg5otccis0443rna0efh4;41068;1;0
Cendyn.com-0095-2016Redesign;en-US;636408942753971987#ted4wnik5mikvzje1zcdjagg;26640;1;0
Sandylane.com-0075-2016Redesign;en-US;636408942754127989#nup3smgj3ewkolmjq20k1x35;17611;1;0
Lehotels.com-0049-2015Transfer;en-US;636408942757716035#dsyzhnkovgvlmbtq40oueulj;25820;1;0
Sandpearl.com-0091-2016Redesign;en-US;636408942758340043#xwusjdtaypz55dqavbm5f0rs;38056;1;0
Sandylane.com-0075-2016Redesign;en-US;636408942758964051#gmur2yjrbysddljdbgplfvhu;17743;1;0
Broadmoor.com-0073-2016Redesign;en-US;636408942759588059#opzyuuiao0reqbpe1jl0z2yk;16724;1;0
Lakeplacidlodge.com-0105-2017Redesign;en-US;636408942760524071#akhsk3xrzjgyqpq03wfxfrur;28545;1;0
Broadmoor.com-0073-2016Redesign;en-US;636408942765828139#anciwkdmrqvxouzg54dj1wl0;16760;1;0
Halcyonhotelcherrycreek.com-0061-2015Redesign;en-US;636408942765984141#boqzmexexpiqvdoqadsqztzd;22121;1;0
Galthouse.com-0042-2015Redesign;en-US;636408942765984141#upcoi0dhsesmuiaymdq2mo4i;38060;1;0
Assuranceoperations.com-0065-2015Redesign;en-US;636408942766296145#mhxhsxcep2rou1lsvvfwgedc;15263;1;0
Texturefoodanddrink.com-0067-2016Redesign;en-US;636408942766296145#5kseycksewyhmcwqxgkkzmx2;15452;1;0
Bluebirch.com-0072-2016Redesign;en-US;636408942766452147#ouyri3qwpuj3mjhdhuc4rjq5;16693;1;0
Washingtoncourthotel.com-0076-2016Redesign;en-US;636408942766452147#ifauwonjxffjui1y5lc4qobi;17858;1;0
Zotabeachresort.com-0090-2016Redesign;en-US;636408942766452147#v5k2pc3lia35tl2rqtdaupye;38058;1;0
Bocatrans.com-0082-2016Redesign;en-US;636408942766452147#zvt3osq0ygwqn5jobl2nngbr;19758;1;0
Opalsands.com-0084-2016Redesign;en-US;636408942766608149#m1uzhfnfyoshmmvdufv21j5e;38055;1;0
Naiaresortandspa.com-0077-2016Redesign;en-US;636408942766608149#sueaycy0105tkfgj4ayjpxo1;20455;1;0
Jupiterbeachresort.com-0103-2017Redesign;en-US;636408942766608149#05hzdrtze3f1vx1jz3ojncek;38052;1;0
Broadmoor.com-0073-2016Redesign;en-US;636408942766608149#opzyuuiao0reqbpe1jl0z2yk;16724;1;0
Treasureislandbeachresort.com-0089-2016Redesign;en-US;636408942766608149#roiec11dmxad3seyq0xcyw5l;38057;1;0
Edgewaternaples.com-0094-2016Redesign;en-US;636408942766608149#b2l4kbzpp0j51wby3fidp500;38051;1;0
Beverlyhillsresidenceinn.com-0087-2016Redesign;en-US;636408942766608149#hdxifisbll0spuzz2delrp4u;20999;1;0
Sandylane.com-0075-2016Redesign;en-US;636408942766764151#fc5xmvexkxfs0tjplhky0o2i;17611;1;0
Theoxfordhotel.com-0062-2015Redesign;en-US;636408942766764151#yoswqawncorqxlnnedkcy5nz;14325;1;0
Oxfordclubspa.com-0068-2016Redesign;en-US;636408942766764151#ba5eql2zyralt2ra0jei2e3u;15568;1;0
Thecrawfordhotel.com-0074-2016Redesign;en-US;636408942766764151#xiav3sjejqzy2l3fgkv2a2ar;17145;1;0
Glencovemansion.com-0058-2015Redesign;en-US;636408942766764151#jmmcm1wajfzpz2fk0hkmvn0c;13328;1;0
Meateatery.com-0080-2016Redesign;en-US;636408942766764151#smyvdvakm3wptq2cynchh14w;18505;1;0
Thecurtis.com-0079-2016Redesign;en-US;636408942766764151#gwmnaxbqoa0wkvttxucliipd;17981;1;0
Theharborsidehotel.com-0114-2017Redesign;en-US;636408942766920153#5apwqchpcid5y1tyatgp4law;40403;1;0
Hhotellosangeles.com-0118-2017Redesign;en-US;636408942766920153#puvam5ilfkpoolwivksllix2;35289;1;0
Lakeplacidlodge.com-0105-2017Redesign;en-US;636408942766920153#goavhksffcfxnr2zsx3k04ve;39238;1;0
Samosetresort.com-0113-2017Redesign;en-US;636408942766920153#jnyoegfjzw5bm3q2s5n5p451;40334;1;0
Degreerestaurant.com-0056-2015Redesign;en-US;636408942767076155#m5la4455tnhb4akbf3knditj;11598;1;0
Chrco.com-0107-2017Redesign;en-US;636408942767076155#hrcdtasxz1gzt4elyldtj1xe;29280;1;0
Abbingtonbanquets.com-0070-2016Redesign;en-US;636408942767076155#ccstw2isq4miclsoqdoghrfq;15789;1;0
Jbdukehotel.com-0086-2016Redesign;en-US;636408942767076155#ovr22wz13fntbqghxhxrtxq5;21918;1;0
Luxehotels.com-0078-2016Redesign;en-US;636408942767076155#32nmv0mfsbrr2kco3mdywi51;18805;1;0
Homewoodsuiteslax.com-0110-2017Redesign;en-US;636408942767232157#b4moarvowxaxj10jmfut5jh1;30747;1;0
Lehotels.com-0049-2015Transfer;en-US;636408942769416185#dsyzhnkovgvlmbtq40oueulj;25849;1;0
Hospitalityupgrade.com-0093-2016Redesign;en-US;636408942769728189#u5xh50fnynrihcx2caleqbua;37631;1;0
Hospitalityupgrade.com-0093-2016Redesign;en-US;636408942770040193#vko52k2qf4meom1qvm5axdyz;25405;1;0
Samosetresort.com-0113-2017Redesign;en-US;636408942770976205#0f3juratz42vnl0q245qdlx2;32541;1;0
Samosetresort.com-0113-2017Redesign;en-US;636408942771444211#kpvocmw2x3xfmmmyjdzg1p5t;32541;1;0
Hospitalityupgrade.com-0093-2016Redesign;en-US;636408942774408249#kzdoe4dzovo1cxs0l01atv3l;25405;1;0
Broadmoor.com-0073-2016Redesign;en-US;636408942774408249#ns5noxcadndhmdsocia53hhy;38059;1;0
Cendyn.com-0095-2016Redesign;en-US;636408942774720253#21dcz3istaeuoudpg5kn3vj5;26640;1;0
Lakeplacidlodge.com-0105-2017Redesign;en-US;636408942778776305#ha011agt4stmehu2azz3yggp;28545;1;0
Meateatery.com-0080-2016Redesign;en-US;636408942779868319#pcoslh234tjkyzgpor2lov51;18505;1;0
Lehotels.com-0049-2015Transfer;en-US;636408942780648329#ky0nxe1afmnz41jpocjjpaw3;12108;1;0
Thesagamore.com-0112-2017Redesign;en-US;636408942782988359#yjew43n3susasawgdqgdpuqj;32351;1;0
Lidobeachresort.com-0106-2017Redesign;en-US;636408942784080373#tg1xcazza3bspaxhf0bzfkkq;38053;1;0
Thesagamore.com-0112-2017Redesign;en-US;636408942784080373#lnx4j0alukryq0nu0lqnupzw;39241;1;0
Longboatkeyclub.com-0104-2017Redesign;en-US;636408942784392377#baukjge3o3mtniui2c0tlooz;38054;1;0
Delraysandsresort.com-0097-2016Redesign;en-US;636408942786576405#24kcdmf0u4ujbkkm0b4lxicf;38049;1;0
Napavalleymarriott.com-0071-2016Redesign;en-US;636408942786576405#sc05tbvxwo5woxmgd4qjfty0;16432;1;0
Thelodgeatwoodloch.com-0033-2015Redesign;en-US;636408942786576405#52xdtaicgqzevtbv1uakfpwi;7764;1;0
Lakeplacidlodge.com-0105-2017Redesign;en-US;636408942787980423#ifmsm3pp0hc3tluk1hdflr5d;32805;1;0
Broadmoor.com-0073-2016Redesign;en-US;636408942790788459#bi5lzgwq35saj4rlfuigcbv1;16724;1;0
Thesagamore.com-0112-2017Redesign;en-US;636408942792348479#0jpeewqb13hrc2rijdxi03dr;32347;1;0
Broadmoor.com-0073-2016Redesign;en-US;636408942795624521#bi5lzgwq35saj4rlfuigcbv1;16724;1;0
Broadmoor.com-0073-2016Redesign;en-US;636408942797652547#3xpypglmkawlksvvs5kum3wx;32307;1;0
Lakeplacidlodge.com-0105-2017Redesign;en-US;636408942799524571#w0oga1jemfxbeytdthjtwmxr;28545;1;0
Thecurtis.com-0079-2016Redesign;en-US;636408942799680573#52swemmg5yqh1lnx0xmaotah;17981;1;0
Galthouse.com-0042-2015Redesign;en-US;636408942803424621#lno22se5copa5lcfwar1q240;10568;1;0
Cendyn.com-0095-2016Redesign;en-US;636408942804048629#t1nxmorag1jhqsmp0ozhh0jg;26640;1;0
Passport.lehotels.com-0069-2016BlogRedesign;en-US;636408942804048629#y51ssvjgarz2esgwph4kfmi0;41068;1;0
Cendyn.com-0095-2016Redesign;en-US;636408942804048629#geta0wphfwblraobo4cxvvca;26640;1;0
Cendyn.com-0095-2016Redesign;en-US;636408942804048629#p43hlmkjxn3cz0wqhs01nv3n;26640;1;0
Cendyn.com-0095-2016Redesign;en-US;636408942804048629#4jtg0d03wo5y5t2szczziuqa;26640;1;0
Samosetresort.com-0113-2017Redesign;en-US;636408942804984641#sh5nvcrpdi15bi1zitf2jgmm;32541;1;0
Broadmoor.com-0073-2016Redesign;en-US;636408942806076655#ppnsddbvgunohrhtlirn1vnk;16721;1;0
Sandpearl.com-0091-2016Redesign;en-US;636408942808416685#a4uyztxq4wqx3jvgacnooz2g;38056;1;0
Hospitalityupgrade.com-0093-2016Redesign;en-US;636408942813408749#rsuvpotnluewaxatxsmwwmtm;37631;1;0
Halcyonhotelcherrycreek.com-0061-2015Redesign;en-US;636408942816216785#rfcho3ljc5jhj3ss1uyvzmdq;22121;1;0
Bluebirch.com-0072-2016Redesign;en-US;636408942816216785#pro4wqr1cmn0zqobhgtgpymm;16693;1;0
Degreerestaurant.com-0056-2015Redesign;en-US;636408942816372787#g2mh0h5gnk5appukylzi2fdu;11598;1;0
Assuranceoperations.com-0065-2015Redesign;en-US;636408942816528789#ram2z4jzzzch2hrqycxcfuwu;15263;1;0
Galthouse.com-0042-2015Redesign;en-US;636408942816528789#4htdysl5l4tibmnosj2fqi3q;38060;1;0
Glencovemansion.com-0058-2015Redesign;en-US;636408942816528789#udxbxp0pydheodbnkfeinbl1;13328;1;0
Luxehotels.com-0078-2016Redesign;en-US;636408942816684791#pvjrlwtvaq0wjekxvxjxwymy;18805;1;0
Jbdukehotel.com-0086-2016Redesign;en-US;636408942816684791#xnvhid5di33zlfdwprnkueqt;21918;1;0
Jupiterbeachresort.com-0103-2017Redesign;en-US;636408942816684791#xpma2snkwiwfiqbexosc23to;38052;1;0
Beverlyhillsresidenceinn.com-0087-2016Redesign;en-US;636408942816840793#ewp3pfqedmkjaq3o4k1dcyt3;20999;1;0
Oxfordclubspa.com-0068-2016Redesign;en-US;636408942816840793#ycgvg4ffzzt2kmwt0bq2r01k;15568;1;0
Bocatrans.com-0082-2016Redesign;en-US;636408942816840793#w0oz4lz5tzyypqlkadh1soa1;19758;1;0
Lakeplacidlodge.com-0105-2017Redesign;en-US;636408942816996795#mfbdyjprtkjy2tkujjromdqr;28545;1;0
Opalsands.com-0084-2016Redesign;en-US;636408942816996795#ctnuttep3f145tvdt3xko0nw;38055;1;0
Chrco.com-0107-2017Redesign;en-US;636408942817308799#livc3k515aramaep252ehwgx;29280;1;0
Edgewaternaples.com-0094-2016Redesign;en-US;636408942817308799#pgcyymxp4spvfovlazgu2amb;38051;1;0
Thecurtis.com-0079-2016Redesign;en-US;636408942817620803#sc32lxdmuserc4yjhua0u0no;17981;1;0
Hhotellosangeles.com-0118-2017Redesign;en-US;636408942817620803#imfkdgnlkxahvsilad1dfvzv;35289;1;0
Sandylane.com-0075-2016Redesign;en-US;636408942817620803#nmc5y5a5jdvii0hhbo4v1pxv;17611;1;0
Zotabeachresort.com-0090-2016Redesign;en-US;636408942817620803#52ypq4230pioeeh4eauiicui;38058;1;0
Lakeplacidlodge.com-0105-2017Redesign;en-US;636408942817932807#gtwe5hqshawpoma5cipgdiia;39238;1;0
Abbingtonbanquets.com-0070-2016Redesign;en-US;636408942818088809#5bk5mi1nusd0seu0itp2obco;15789;1;0
Theoxfordhotel.com-0062-2015Redesign;en-US;636408942818088809#ebxlz1rqgpalvnyjujgymllr;14325;1;0
Meateatery.com-0080-2016Redesign;en-US;636408942818400813#qrxdlgab201f0gcilkxhqfhg;18505;1;0
Theharborsidehotel.com-0114-2017Redesign;en-US;636408942818556815#3lbn0tyriupeoyezjftvtkun;40403;1;0
Homewoodsuiteslax.com-0110-2017Redesign;en-US;636408942818712817#wcyhms21maw34yblr0sldily;30747;1;0
Thecrawfordhotel.com-0074-2016Redesign;en-US;636408942818868819#ngotvifrlzimeestki5ewlty;17145;1;0
Samosetresort.com-0113-2017Redesign;en-US;636408942819024821#uqjka3qyltsyyduxbqnq2pnf;40334;1;0
Treasureislandbeachresort.com-0089-2016Redesign;en-US;636408942819024821#15w225j3fsiddaly2s4tjesp;38057;1;0
Naiaresortandspa.com-0077-2016Redesign;en-US;636408942819024821#0avsnrytq1jxppj4deujjici;20455;1;0
Texturefoodanddrink.com-0067-2016Redesign;en-US;636408942819024821#hwotvqkhu3kohcsilmri3gy3;15452;1;0
Washingtoncourthotel.com-0076-2016Redesign;en-US;636408942819180823#4mrasaqlhstw51sl1sthk4ag;17858;1;0
Samosetresort.com-0113-2017Redesign;en-US;636408942824016885#ekzprjnoekgnxmpn0l1safyb;32541;1;0
Hospitalityupgrade.com-0093-2016Redesign;en-US;636408942824484891#ohl3suixz01kk0yvwrzlpbty;25405;1;0
Broadmoor.com-0073-2016Redesign;en-US;636408942824484891#zh3ta4trzucqp5mzto2s5dkb;38059;1;0
Cendyn.com-0095-2016Redesign;en-US;636408942824796895#vx3h512g41rnhhayjhzvnupc;26640;1;0
Thelodgeatwoodloch.com-0033-2015Redesign;en-US;636408942827136925#otcuhg0uts1r4c3fp41ck4g3;8261;1;0
Broadmoor.com-0073-2016Redesign;en-US;636408942829008949#saxqnxc3fh2stmzjl0rh1t4r;16721;1;0
Napavalleymarriott.com-0071-2016Redesign;en-US;636408942834001013#3nh0b0vjomtow51ujc1eoiyr;16432;1;0
Lidobeachresort.com-0106-2017Redesign;en-US;636408942834001013#o1zo4sjy1pu3rlh2akwewbfz;38053;1;0
Thesagamore.com-0112-2017Redesign;en-US;636408942834001013#w2dyaxgogj5ucasfjk4ahz1q;39241;1;0
Longboatkeyclub.com-0104-2017Redesign;en-US;636408942834469019#vkrn1bshg5pdmosz331g5g5r;38054;1;0
Hi-nyc.com-0108-2017Redesogm;en-US;636408942834937025#5aqbkf3vighz0d4v3oij2hy3;30080;1;0
Delraysandsresort.com-0097-2016Redesign;en-US;636408942835093027#vpjxgraw1icnjjcucggpovny;38049;1;0
Lakeplacidlodge.com-0105-2017Redesign;en-US;636408942838213067#q5t2zjp3c4gqumeytmudxd0w;28545;1;0
Theoxfordhotel.com-0062-2015Redesign;en-US;636408942839149079#ogrudumzegdrvg020dr2q1v5;14430;1;0
Lidobeachresort.com-0106-2017Redesign;en-US;636408942839773087#t4qp2vhkip5yxcdaxiwq0uc2;28666;1;0
Thelodgeatwoodloch.com-0033-2015Redesign;en-US;636408942846793177#m4ar5ndlzft0nfnzpn0kcnqc;9801;1;0
Hospitalityupgrade.com-0093-2016Redesign;en-US;636408942850225221#ir3eugz4mumlzionypaxnf4l;37631;1;0
Cendyn.com-0095-2016Redesign;en-US;636408942853969269#p2qqlj11d2js1qfos5ipbi1z;26640;1;0
Cendyn.com-0095-2016Redesign;en-US;636408942853969269#mg0p1w0fo0m3uuva2e41lf14;26640;1;0
Passport.lehotels.com-0069-2016BlogRedesign;en-US;636408942853969269#tpfkrnf1bhav3cdkvxfqiy22;41068;1;0
Cendyn.com-0095-2016Redesign;en-US;636408942853969269#iylnkyqyufaw5c1vw3od5t11;26640;1;0
Cendyn.com-0095-2016Redesign;en-US;636408942854125271#azhtg5suhgz5243rvzvnzdgx;26640;1;0
Samosetresort.com-0113-2017Redesign;en-US;636408942854125271#uqpnfukrkkispy2cqbrfnga2;32541;1;0
Lakeplacidlodge.com-0105-2017Redesign;en-US;636408942855529289#nbbwfkv4jbzokaujr0ohkslq;28545;1;0
Sandpearl.com-0091-2016Redesign;en-US;636408942858337325#k5geadmteeiv3wnuqybhga04;38056;1;0
saddlebrook.com-0011-2014Redesign;en-US;636408942859117335#3dmgqvoid5f1lr4l2mi4cjo4;3463;1;0
Thelodgeatwoodloch.com-0033-2015Redesign;en-US;636408942863485391#otcuhg0uts1r4c3fp41ck4g3;11304;1;0
Bluebirch.com-0072-2016Redesign;en-US;636408942865981423#a1ret2eivk11wlpn0h4etzbu;16693;1;0
Beverlyhillsresidenceinn.com-0087-2016Redesign;en-US;636408942866293427#v3qvk5zzhitgtdxynotwlu4i;20999;1;0
Oxfordclubspa.com-0068-2016Redesign;en-US;636408942866293427#ppgxw0eq0baeoaxci55oplxu;15568;1;0
Degreerestaurant.com-0056-2015Redesign;en-US;636408942866293427#em4y352nbyi1qog3zz0u0rpx;11598;1;0
Edgewaternaples.com-0094-2016Redesign;en-US;636408942866293427#vojqwhetpbrk2kcfjebmkm3b;38051;1;0
Lakeplacidlodge.com-0105-2017Redesign;en-US;636408942866449429#rw2ckx3uecindktnfmicbiea;39238;1;0
Galthouse.com-0042-2015Redesign;en-US;636408942866449429#dup5zxtiksfyvhgsprfh0bub;38060;1;0
Hhotellosangeles.com-0118-2017Redesign;en-US;636408942866449429#csdvby0eexlsys52xy23b2c3;35289;1;0
Luxehotels.com-0078-2016Redesign;en-US;636408942866605431#lvuipmkmfjufwtjyowrjrz3m;18805;1;0
Texturefoodanddrink.com-0067-2016Redesign;en-US;636408942866605431#oq4iguxjsu0b0jkp0gaim1k2;15452;1;0
Sandylane.com-0075-2016Redesign;en-US;636408942866761433#v2zulhxtq5raw5u5exx1khpi;17611;1;0
Glencovemansion.com-0058-2015Redesign;en-US;636408942866761433#hhnftpgjeo0kkhfkb2kxczsr;13328;1;0
Halcyonhotelcherrycreek.com-0061-2015Redesign;en-US;636408942866917435#btosr2eoi3s3erwxico1ri3c;22121;1;0
Treasureislandbeachresort.com-0089-2016Redesign;en-US;636408942866917435#hutb0v5gwtrj51gvb3pu5vlw;38057;1;0
Samosetresort.com-0113-2017Redesign;en-US;636408942866917435#bj332pm20eu1bgpv2t0ofmlg;40334;1;0
Bocatrans.com-0082-2016Redesign;en-US;636408942866917435#qo3wxfbmm3cyzj55t2lu32fq;19758;1;0
Washingtoncourthotel.com-0076-2016Redesign;en-US;636408942867073437#hpxzrciqqudupbilukx0uvtc;17858;1;0
Thecurtis.com-0079-2016Redesign;en-US;636408942867073437#s0stscojumdp2jmkorgcaal0;17981;1;0
Jbdukehotel.com-0086-2016Redesign;en-US;636408942867229439#qxzgo1ycsvu2tx55n00uaguy;21918;1;0
Homewoodsuiteslax.com-0110-2017Redesign;en-US;636408942867229439#ywntj5uemc435o41vhfc4hhx;30747;1;0
Opalsands.com-0084-2016Redesign;en-US;636408942867229439#dqyjasatvjmqdaedxaa5t2ou;38055;1;0
Theharborsidehotel.com-0114-2017Redesign;en-US;636408942867385441#tpxbi5mf1ybv2rrtct45y53g;40403;1;0
Meateatery.com-0080-2016Redesign;en-US;636408942867541443#bowodens3kmfvc4ezkexwpjr;18505;1;0
Abbingtonbanquets.com-0070-2016Redesign;en-US;636408942867541443#3jmy3mxfgqpci2tbqqcvmtfh;15789;1;0
Naiaresortandspa.com-0077-2016Redesign;en-US;636408942867541443#qc4w5a4z1rxmioc13jtf0ike;20455;1;0
Assuranceoperations.com-0065-2015Redesign;en-US;636408942867541443#qiqwzpaueb1rvqgkmww0mgdf;15263;1;0
Jupiterbeachresort.com-0103-2017Redesign;en-US;636408942867697445#qod0gys0o0n31y2wstyomq0h;38052;1;0
Zotabeachresort.com-0090-2016Redesign;en-US;636408942867697445#emyzg1caeqpqghvgttkacm5w;38058;1;0
Theoxfordhotel.com-0062-2015Redesign;en-US;636408942867697445#4ioo1ac2jie50sikowzi0zbo;14325;1;0
Chrco.com-0107-2017Redesign;en-US;636408942867697445#uoavx0nlex5pr5rsmocclf30;29280;1;0
Thecrawfordhotel.com-0074-2016Redesign;en-US;636408942867853447#oa1tdkkonu5qg31jnlxbqhih;17145;1;0
Lidobeachresort.com-0106-2017Redesign;en-US;636408942870661483#hlbg0icpflgeiswegvpkkyvk;28666;1;0
Hospitalityupgrade.com-0093-2016Redesign;en-US;636408942871129489#xhztnppbuogn2sno1ym55m2f;37631;1;0
Theoxfordhotel.com-0062-2015Redesign;en-US;636408942871909499#ogrudumzegdrvg020dr2q1v5;14325;1;0
Hospitalityupgrade.com-0093-2016Redesign;en-US;636408942874405531#hpsjvo3vq0y0nq5bhvlnkedh;25405;1;0
Broadmoor.com-0073-2016Redesign;en-US;636408942874405531#k1whb2xphk3hdts2i3vbq422;38059;1;0
Cendyn.com-0095-2016Redesign;en-US;636408942874717535#dtxzqivz2nads44t45qxzzyo;26640;1;0
Sandpearl.com-0091-2016Redesign;en-US;636408942876745561#abxiaudmb4wzesdynlmlrgmi;22481;1;0
Theloganhotel.com-0043-2015Redesign;en-US;636408942880801613#yqjdowve0b2wx1vpqjv1ndx0;9118;1;0
Napavalleymarriott.com-0071-2016Redesign;en-US;636408942884077655#i3eavgyiksbs0ccvl0lez2ne;16432;1;0
Lidobeachresort.com-0106-2017Redesign;en-US;636408942884077655#fy30dlq050rwn1lgai5cppe1;38053;1;0
Longboatkeyclub.com-0104-2017Redesign;en-US;636408942884077655#kedgpr1ewagqgfsxn41oraxh;38054;1;0
Thesagamore.com-0112-2017Redesign;en-US;636408942884077655#i5beb31vcny1ej0oltv4c1oo;39241;1;0
Delraysandsresort.com-0097-2016Redesign;en-US;636408942885169669#hojqhsy0yyvcg2jxpb3e3v0c;38049;1;0
Lakeplacidlodge.com-0105-2017Redesign;en-US;636408942885637675#ro5g4hwvlzzxxrg5v1n2l0ww;28545;1;0
Samosetresort.com-0113-2017Redesign;en-US;636408942887509699#hpyxbyu03wtgyxwk3yfpjidm;32541;1;0
Theoxfordhotel.com-0062-2015Redesign;en-US;636408942887509699#ogrudumzegdrvg020dr2q1v5;14325;1;0
Lidobeachresort.com-0106-2017Redesign;en-US;636408942890317735#2l4csgdp32wzcdmcxhhj1w4w;29982;1;0
Halcyonhotelcherrycreek.com-0061-2015Redesign;en-US;636408942895933807#vmtbbpdvertqtaqvwk1wvsaa;22121;1;0
Hospitalityupgrade.com-0093-2016Redesign;en-US;636408942896713817#rgaa5nb5gbwypz11d0bgkesk;37631;1;0
Thelodgeatwoodloch.com-0033-2015Redesign;en-US;636408942902173887#czsn1upbpjvcx1yl4owelny3;8319;1;0
Cendyn.com-0095-2016Redesign;en-US;636408942904045911#rhe4ergh4vipln1ahlc4qbjb;26640;1;0
Cendyn.com-0095-2016Redesign;en-US;636408942904045911#sbtco3wzbfgzddb1rhzl1ekc;26640;1;0
Cendyn.com-0095-2016Redesign;en-US;636408942904045911#yos3w0nfzyzai51mlw0uioam;26640;1;0
Cendyn.com-0095-2016Redesign;en-US;636408942904045911#em1t4hxinyy0st2g1iolanex;26640;1;0
Passport.lehotels.com-0069-2016BlogRedesign;en-US;636408942904045911#ptlabi1u11mhl01x1g25koac;41068;1;0
Zotabeachresort.com-0090-2016Redesign;en-US;636408942904981923#sjkom2qorrv4fqri2qrvo2ji;22357;1;0
Miravalspamonarchbeach.com-0109-2017Redesign;en-US;636408942905917935#cqc1hpa0u2diytdp3padxefr;31709;1;0
Lakeplacidlodge.com-0105-2017Redesign;en-US;636408942906229939#nr4fq505c1m0otgxrv1m2t4r;28545;1;0
Sandpearl.com-0091-2016Redesign;en-US;636408942908725971#f1hmw3ambyf2okxnf1keqpdw;38056;1;0
Thelodgeatwoodloch.com-0033-2015Redesign;en-US;636408942910129989#1bb20b5doms0ct01asgyblea;7764;1;0
Hospitalityupgrade.com-0093-2016Redesign;en-US;636408942910285991#21cjkxnzfy14uido0iuhky1d;37631;1;0
Samosetresort.com-0113-2017Redesign;en-US;636408942911378005#m2vocgnjekzhid2s3i2an4rk;32542;1;0
Degreerestaurant.com-0056-2015Redesign;en-US;636408942916058065#beobuu0g04ttt5lbfvrxpl1d;11598;1;0
Sandylane.com-0075-2016Redesign;en-US;636408942916058065#aqrz0gih2pd01reipagiab45;17611;1;0
Oxfordclubspa.com-0068-2016Redesign;en-US;636408942916214067#eooyswgfv3gggnucsku3cyc5;15568;1;0
Theoxfordhotel.com-0062-2015Redesign;en-US;636408942916214067#r33ticcv0h1jlul1uihiuk1v;14325;1;0
Texturefoodanddrink.com-0067-2016Redesign;en-US;636408942916370069#3tu0vmar2rrjids2plq0q2nv;15452;1;0
Glencovemansion.com-0058-2015Redesign;en-US;636408942916370069#y4crzgzgjqymivepctfxypnj;13328;1;0
Luxehotels.com-0078-2016Redesign;en-US;636408942916370069#ibqqcjbqxyifdt3uizhvi1at;18805;1;0
Hhotellosangeles.com-0118-2017Redesign;en-US;636408942916370069#uumooueqokxxitymlpwkj2ua;35289;1;0
Galthouse.com-0042-2015Redesign;en-US;636408942916370069#ggbjh4jmvxccdv2ave1zypex;38060;1;0
Zotabeachresort.com-0090-2016Redesign;en-US;636408942916526071#42smi4tx2egtanv4ddrqvpbr;38058;1;0
Thecurtis.com-0079-2016Redesign;en-US;636408942916682073#3nn51wcy1at5mexi1hfa1vft;17981;1;0
Edgewaternaples.com-0094-2016Redesign;en-US;636408942916682073#4il3l2yund1j24nsyrcxplm3;38051;1;0
Bluebirch.com-0072-2016Redesign;en-US;636408942916682073#xaiwkbstfm3s12lokvr03m5t;16693;1;0
Thecrawfordhotel.com-0074-2016Redesign;en-US;636408942916838075#dckeg5qhkdxkexqolqqf5crj;17145;1;0
Halcyonhotelcherrycreek.com-0061-2015Redesign;en-US;636408942916838075#4mnqzt0db0ppe5w3ciexb014;22121;1;0
Meateatery.com-0080-2016Redesign;en-US;636408942916838075#3554h0yogohzcfd2vvll2lwv;18505;1;0
Opalsands.com-0084-2016Redesign;en-US;636408942916838075#hqlfijgtngferwvh23zrc1yy;38055;1;0
Treasureislandbeachresort.com-0089-2016Redesign;en-US;636408942916838075#rkzcefyzd10ixhmzjj200dld;38057;1;0
Jbdukehotel.com-0086-2016Redesign;en-US;636408942916994077#zzurjntzcn2kq1fcuvo05kp1;21918;1;0
Abbingtonbanquets.com-0070-2016Redesign;en-US;636408942916994077#rvsnfvisqswiord2wunbwnib;15789;1;0
Beverlyhillsresidenceinn.com-0087-2016Redesign;en-US;636408942916994077#0ylt5m5jpc4wlxlzemipuqq0;20999;1;0
Jupiterbeachresort.com-0103-2017Redesign;en-US;636408942916994077#hlks5g3iuzlfa1jo2df2mpuz;38052;1;0
Samosetresort.com-0113-2017Redesign;en-US;636408942916994077#olmerepani5fah4kftbglkvi;40334;1;0
Assuranceoperations.com-0065-2015Redesign;en-US;636408942917150079#3vgnstftkmxv301m5huoobur;15263;1;0
Bocatrans.com-0082-2016Redesign;en-US;636408942917150079#3r1j11xj1obh0pjidicehtmz;19758;1;0
Lakeplacidlodge.com-0105-2017Redesign;en-US;636408942917150079#nghblbreyqgsyqx2c1xfland;39238;1;0
Homewoodsuiteslax.com-0110-2017Redesign;en-US;636408942917150079#xwxlgi5t0lokoimlygkj0i5n;30747;1;0
Theharborsidehotel.com-0114-2017Redesign;en-US;636408942917306081#1lnrnkicdlz1fgmulzzpuezz;40403;1;0
Naiaresortandspa.com-0077-2016Redesign;en-US;636408942917306081#0ai3vg2zy2ifhgjatcpakr52;20455;1;0
Washingtoncourthotel.com-0076-2016Redesign;en-US;636408942917306081#r4l3pk20wx42w1ykhkhqy3hf;17858;1;0
Chrco.com-0107-2017Redesign;en-US;636408942917462083#npmxgn2mltcwutbfaa2hkhci;29280;1;0
Thelodgeatwoodloch.com-0033-2015Redesign;en-US;636408942917930089#hjrcwx21fbyijfg1sqnydbsu;15817;1;0
Theoxfordhotel.com-0062-2015Redesign;en-US;636408942918242093#oq23vnn3lltakezkiv5sciei;14325;1;0
theweststreethotel.com-0115-2017Redesign;en-US;636408942919022103#cavt5eofj5xsgw3fmlymfxwz;36699;1;0
Cphollywoodbeach.com-0032-2015Redesign;en-US;636408942921518135#y4icyeelc2s2api2sqllf1ji;7805;1;0
Casaybelresort.com-0002-2014Redesign;en-US;636408942921518135#wwd4uw3q01zobxs2zj2gapsv;1533;1;0
Zotabeachresort.com-0090-2016Redesign;en-US;636408942921830139#sjkom2qorrv4fqri2qrvo2ji;22357;1;0
Broadmoor.com-0073-2016Redesign;en-US;636408942924482173#e312grrbp1kdnmxlkbcaq0ln;38059;1;0
Hospitalityupgrade.com-0093-2016Redesign;en-US;636408942924482173#bmdvl1de4w3nzjmasqkjdbcw;25405;1;0
Cendyn.com-0095-2016Redesign;en-US;636408942924638175#dfugjbe5klovbixz4pmprgkc;26640;1;0
Theharborsidehotel.com-0114-2017Redesign;en-US;636408942924794177#35lj1unxnffeh3ys0bnans4w;37571;1;0
Thesagamore.com-0112-2017Redesign;en-US;636408942925574187#0jpeewqb13hrc2rijdxi03dr;32347;1;0
Cphollywoodbeach.com-0032-2015Redesign;en-US;636408942925730189#wrvw2iil13mghnnvqgzx2uhj;7831;1;0
Samosetresort.com-0113-2017Redesign;en-US;636408942926510199#vgyvcr5cnyxb4h4rdm15hui1;32541;1;0
Thesagamore.com-0112-2017Redesign;en-US;636408942930098245#v1jj20kiqceewk0qsn1ldezh;32339;1;0
Hospitalityupgrade.com-0093-2016Redesign;en-US;636408942933062283#dfzoclmixqbmehmhr2y055f2;37631;1;0
Thesagamore.com-0112-2017Redesign;en-US;636408942934154297#egshqddy512e3biugru0lcqy;39241;1;0
Lidobeachresort.com-0106-2017Redesign;en-US;636408942934154297#k5schhc14sz3dui5vqrqgu3a;38053;1;0
Longboatkeyclub.com-0104-2017Redesign;en-US;636408942934466301#qdrpfwyxzims51iup1xqjdgs;38054;1;0
Theharborsidehotel.com-0114-2017Redesign;en-US;636408942934778305#35lj1unxnffeh3ys0bnans4w;37571;1;0
Delraysandsresort.com-0097-2016Redesign;en-US;636408942934934307#bxkeo3uwngdnkfcdc4omvsp2;38049;1;0
Napavalleymarriott.com-0071-2016Redesign;en-US;636408942935090309#h3dcxcifurwknt40u5cj2fya;16432;1;0
Samosetresort.com-0113-2017Redesign;en-US;636408942936026321#vgyvcr5cnyxb4h4rdm15hui1;32541;1;0
Lakeplacidlodge.com-0105-2017Redesign;en-US;636408942937118335#uc23hme1ljkoh0f434xppgbd;28545;1;0
Courtyardportlandcitycenter.com-0063-2015Redesign;en-US;636408942938366351#jj1bdj5ne1lzb0xbq0w2yi1d;14545;1;0
Samosetresort.com-0113-2017Redesign;en-US;636408942938834357#vgyvcr5cnyxb4h4rdm15hui1;32541;1;0
Samosetresort.com-0113-2017Redesign;en-US;636408942939302363#jfj2arwhmwiws5mwndevg4fp;32541;1;0
Thelodgeatwoodloch.com-0033-2015Redesign;en-US;636408942941018385#otos2i1tgtvvzpleltw4t5ey;7764;1;0
Lehotels.com-0049-2015Transfer;en-US;636408942941018385#yjwak4uzoim3lpzl5a53m4h1;14480;1;0
Thesagamore.com-0112-2017Redesign;en-US;636408942942110399#v1jj20kiqceewk0qsn1ldezh;32339;1;0
Thesagamore.com-0112-2017Redesign;en-US;636408942944918435#v1jj20kiqceewk0qsn1ldezh;32339;1;0
Renaissancepittsburghpa.com-0044-2015Redesign;en-US;636408942950846511#rof2qqoatvwd2vyczwt5fo4p;9637;1;0
Hospitalityupgrade.com-0093-2016Redesign;en-US;636408942951002513#bqwtsojwmvj0ydiyuaxlxl0z;33084;1;0
Theloganhotel.com-0043-2015Redesign;en-US;636408942951002513#nklzqsdzlxio2skm0fhp1a4i;20218;1;0
Hospitalityupgrade.com-0093-2016Redesign;en-US;636408942952250529#xq0vjmhjxdwhgqhohcpxjoiz;37631;1;0
Cendyn.com-0095-2016Redesign;en-US;636408942953966551#rrhh3cc3prafgnvg0demwxfr;26640;1;0
Cendyn.com-0095-2016Redesign;en-US;636408942953966551#3fasora5kbmxqx2femnxa2vt;26640;1;0
Cendyn.com-0095-2016Redesign;en-US;636408942953966551#ppsys4v1iqanv0sgkooc1uun;26640;1;0
Passport.lehotels.com-0069-2016BlogRedesign;en-US;636408942953966551#2b4jynn5nysw01uci2cfluhh;41068;1;0
Cendyn.com-0095-2016Redesign;en-US;636408942953966551#dyppv2k3is3w2ln2huw420o4;26640;1;0
Samosetresort.com-0113-2017Redesign;en-US;636408942957242593#my1aspgxmxgmdrbwtoj4d13n;32541;1;0
Sandpearl.com-0091-2016Redesign;en-US;636408942958334607#e0xeqbxy15eggbrezb1cwur1;38056;1;0
Samosetresort.com-0113-2017Redesign;en-US;636408942961142643#my1aspgxmxgmdrbwtoj4d13n;32541;1;0
Lakeplacidlodge.com-0105-2017Redesign;en-US;636408942964262683#n3tqebt25nmta4k21wnjrnq5;28545;1;0
Degreerestaurant.com-0056-2015Redesign;en-US;636408942965978705#t44nhikvrgpndzxwifzhzfav;11598;1;0
Sandylane.com-0075-2016Redesign;en-US;636408942966134707#lbqbh5ouvd5s2d4kaj2fgq3x;17611;1;0
Hhotellosangeles.com-0118-2017Redesign;en-US;636408942966134707#apmkr101n0cllamo1gwm5q21;35289;1;0
Glencovemansion.com-0058-2015Redesign;en-US;636408942966290709#sqvvuvt3smfes0trgvezn3c1;13328;1;0
Thecrawfordhotel.com-0074-2016Redesign;en-US;636408942966290709#pbper2wjjouvpjr0qh4kfh0q;17145;1;0
Theoxfordhotel.com-0062-2015Redesign;en-US;636408942966290709#ovlkazu1myhlggfzyji0aq4h;14325;1;0
Bluebirch.com-0072-2016Redesign;en-US;636408942966290709#rllur1yuwvgugxuv54ljv1bl;16693;1;0
Texturefoodanddrink.com-0067-2016Redesign;en-US;636408942966446711#t4lc4btkkgp5zaywrdnallxq;15452;1;0
Galthouse.com-0042-2015Redesign;en-US;636408942966446711#q4j1u25ifxwr200w1w3h4ekk;38060;1;0
Bocatrans.com-0082-2016Redesign;en-US;636408942966446711#i1po2lkkw5vaq1lpqodcazis;19758;1;0
Assuranceoperations.com-0065-2015Redesign;en-US;636408942966446711#oz4ybu4wm23d1x4qbbpzuydl;15263;1;0
Zotabeachresort.com-0090-2016Redesign;en-US;636408942966446711#j35lkirmwjojlq4pvuqvpzdc;38058;1;0
Samosetresort.com-0113-2017Redesign;en-US;636408942966602713#301atdjns3gmfgmo2pqsvhmq;40334;1;0
Oxfordclubspa.com-0068-2016Redesign;en-US;636408942966602713#lggiyl33fahx0yp0xf0bkegx;15568;1;0
Meateatery.com-0080-2016Redesign;en-US;636408942966602713#oedqiukzlsjrqzpimyw0myim;18505;1;0
Thecurtis.com-0079-2016Redesign;en-US;636408942966602713#qhduih5wjaminv5f1mt4s4kp;17981;1;0
Treasureislandbeachresort.com-0089-2016Redesign;en-US;636408942966602713#soh3crmuuahjejjoown1qiyu;38057;1;0
Beverlyhillsresidenceinn.com-0087-2016Redesign;en-US;636408942966602713#uszzbmfhoy3eyfxghbtgzfva;20999;1;0
Lakeplacidlodge.com-0105-2017Redesign;en-US;636408942966602713#tpkv4a1leovvxjnppskend1q;39238;1;0
Washingtoncourthotel.com-0076-2016Redesign;en-US;636408942966758715#e1uejo0hqr5bbwdscakz0p0r;17858;1;0
Halcyonhotelcherrycreek.com-0061-2015Redesign;en-US;636408942966758715#03i20s4uogcwp2lxcn4ejqtx;22121;1;0
Luxehotels.com-0078-2016Redesign;en-US;636408942966758715#myrk355bqvhcyaua4aofxflo;18805;1;0
Theharborsidehotel.com-0114-2017Redesign;en-US;636408942966758715#hbfuhvhcswsnmlpqayp4adiu;40403;1;0
Homewoodsuiteslax.com-0110-2017Redesign;en-US;636408942966758715#ender4qj5l1bn0nrnzirsgem;30747;1;0
Opalsands.com-0084-2016Redesign;en-US;636408942966758715#v0patshtbilw0kbtowidhf12;38055;1;0
Jbdukehotel.com-0086-2016Redesign;en-US;636408942966758715#3h2ctrctkqxau55lr1afanmt;21918;1;0
Jupiterbeachresort.com-0103-2017Redesign;en-US;636408942966914717#mvbugs1c3hcmk5p0wctrwo2f;38052;1;0
Abbingtonbanquets.com-0070-2016Redesign;en-US;636408942966914717#ogmvdy1chp4xshibruihgrvb;15789;1;0
Chrco.com-0107-2017Redesign;en-US;636408942966914717#1oggw515trsistyhi2ylghfb;29280;1;0
Naiaresortandspa.com-0077-2016Redesign;en-US;636408942966914717#azeq50zojgyp5gcem2ssjcel;20455;1;0
Edgewaternaples.com-0094-2016Redesign;en-US;636408942967070719#njrvgabtf5uzkglpins141ta;38051;1;0
Hospitalityupgrade.com-0093-2016Redesign;en-US;636408942973310799#a1rycptgiwblddn20zt5btim;37631;1;0
Samosetresort.com-0113-2017Redesign;en-US;636408942973934807#rdvyapaqyojyqkv15nrqm5uy;32541;1;0
Hospitalityupgrade.com-0093-2016Redesign;en-US;636408942974402813#4ogvz4kmvihopdaiyssyo2yp;25405;1;0
Broadmoor.com-0073-2016Redesign;en-US;636408942974402813#nahh2ajm5ndqrcgtgjmxukno;38059;1;0
Hospitalityupgrade.com-0093-2016Redesign;en-US;636408942974558815#ncie03otnldy5uf11c05xsdt;37631;1;0
Cendyn.com-0095-2016Redesign;en-US;636408942974714817#ydk0tnhjmk0jinekaavkxd5c;26640;1;0
Broadmoor.com-0073-2016Redesign;en-US;636408942974870819#ejaxaz4ejm3cmi0z25p51hrq;16721;1;0
Theloganhotel.com-0043-2015Redesign;en-US;636408942975026821#nklzqsdzlxio2skm0fhp1a4i;20218;1;0
Broadmoor.com-0073-2016Redesign;en-US;636408942975650829#audzoipjgpkbc5zbonvsh4p3;16721;1;0
Renaissancepittsburghpa.com-0044-2015Redesign;en-US;636408942978302863#40r2tzav3sef2gqyxxwl3o5v;10040;1;0
Broadmoor.com-0073-2016Redesign;en-US;636408942979238875#fh15pbxniwwrmbqdle2rjdfe;16721;1;0
Broadmoor.com-0073-2016Redesign;en-US;636408942979550879#micjj4wby02bblpvftessghw;16721;1;0
Thecurtis.com-0079-2016Redesign;en-US;636408942982670919#2df40fm0zcbsx5guedlzi0tb;17981;1;0
Broadmoor.com-0073-2016Redesign;en-US;636408942982826921#oouhe4kj4emqp5za2cxvl5bq;16721;1;0
Lakeplacidlodge.com-0105-2017Redesign;en-US;636408942983294927#zckmazjdp1pnwp30ojpttkdq;28545;1;0
Courtyardportlandcitycenter.com-0063-2015Redesign;en-US;636408942983762933#jj1bdj5ne1lzb0xbq0w2yi1d;14545;1;0
Napavalleymarriott.com-0071-2016Redesign;en-US;636408942984074937#cymxufupdqy0z3egwcmayh31;16432;1;0
Thesagamore.com-0112-2017Redesign;en-US;636408942984074937#nzdeektvk5vaili5ybkbga3v;39241;1;0
Longboatkeyclub.com-0104-2017Redesign;en-US;636408942984230939#bca2hgyho5zfhov55eqcdxrw;38054;1;0
Lidobeachresort.com-0106-2017Redesign;en-US;636408942984230939#5oer3fhddh25555j5um1zzda;38053;1;0
Delraysandsresort.com-0097-2016Redesign;en-US;636408942984542943#mdmabxz3i2pzu0bujj5jsn05;38049;1;0
Monarchbeachresort.com-0092-2016Redesign;en-US;636408942985322953#ln0eeoesdqc3xpf0c4eib0cd;22725;1;0
Theharborsidehotel.com-0114-2017Redesign;en-US;636408942985946961#35lj1unxnffeh3ys0bnans4w;37571;1;0
Lehotels.com-0049-2015Transfer;en-US;636408942986258965#42grsavx5thdasmxg3znofq3;13590;1;0
theweststreethotel.com-0115-2017Redesign;en-US;636408942989067001#cavt5eofj5xsgw3fmlymfxwz;36692;1;0
Broadmoor.com-0073-2016Redesign;en-US;636408942990627021#15ilbsrpfxpnv040jwzybw0p;21232;1;0
Lehotels.com-0049-2015Transfer;en-US;636408942990939025#yjwak4uzoim3lpzl5a53m4h1;12108;1;0
Broadmoor.com-0073-2016Redesign;en-US;636408942993279055#3xpypglmkawlksvvs5kum3wx;16721;1;0
Lehotels.com-0049-2015Transfer;en-US;636408942996867101#2xhx0mu3f3zqyw1u4apkztln;12108;1;0
Cendyn.com-0095-2016Redesign;en-US;636408943004667201#uwe5s4x4uxip00fkwixrk4mc;26640;1;0
Cendyn.com-0095-2016Redesign;en-US;636408943004667201#zkhdffpyihcoc0istwts41dn;26640;1;0
Passport.lehotels.com-0069-2016BlogRedesign;en-US;636408943004667201#dlvtbrlcmkmzx4zvu1euyqfx;41068;1;0
Cendyn.com-0095-2016Redesign;en-US;636408943004667201#akvxjwm1xqh2eof4a3jfjjpd;26640;1;0
Casaybelresort.com-0002-2014Redesign;en-US;636408943004823203#poxmijfcvbh5bjgeuiuyzllp;1533;1;0
Cendyn.com-0095-2016Redesign;en-US;636408943004823203#ttae2u1uso0drsglazgl3oxp;26640;1;0
Casaybelresort.com-0002-2014Redesign;en-US;636408943006695227#hcpkrxwzifvorrfsg3nvz1ga;1613;1;0
Newyorkpalacemeetings.com-0045-2015Redesign;en-US;636408943007007231#qfybbqga4xh2ullekcyfjja2;9207;1;0
Lakeplacidlodge.com-0105-2017Redesign;en-US;636408943007319235#yikrecveumgf0hrzmh4gmys0;28545;1;0
Sandpearl.com-0091-2016Redesign;en-US;636408943008411249#0ixegqm4v5iydvv3gtltyvke;38056;1;0
Thecurtis.com-0079-2016Redesign;en-US;636408943008567251#wcxfrwtfpauzy0beucfwec1c;19391;1;0
Cocokeyorlando.com-0059-2015Redesign;en-US;636408943008723253#rumvdndvns0cvccjx2vnhcvk;12394;1;0
Newyorkpalacemeetings.com-0045-2015Redesign;en-US;636408943010127271#qfybbqga4xh2ullekcyfjja2;9207;1;0
Hospitalityupgrade.com-0093-2016Redesign;en-US;636408943012467301#l2wblr3bk5lbcgcapsevksfq;37631;1;0
Hospitalityupgrade.com-0093-2016Redesign;en-US;636408943014807331#bp15tjgr0xn2rsqxlq2q4s23;37631;1;0
Naiaresortandspa.com-0077-2016Redesign;en-US;636408943016055347#a2on5w43e3ebofetkojvoz5t;20455;1;0
Sandylane.com-0075-2016Redesign;en-US;636408943016055347#x0aloz0gmdcjff1kkm1rpknn;17611;1;0
Meateatery.com-0080-2016Redesign;en-US;636408943016055347#ggxu4ler1kgy5p4cdb3v4ucg;18505;1;0
Edgewaternaples.com-0094-2016Redesign;en-US;636408943016055347#upd1kmi0s3ztbdzvhqb11psc;38051;1;0
Theoxfordhotel.com-0062-2015Redesign;en-US;636408943016055347#ufegqpeippxzmpootcfsdqhm;14325;1;0
Glencovemansion.com-0058-2015Redesign;en-US;636408943016055347#gy0psll4qq5wmpkqynpta0z2;13328;1;0
Texturefoodanddrink.com-0067-2016Redesign;en-US;636408943016055347#skczknvu3cmyf2llgkg04fyp;15452;1;0
Degreerestaurant.com-0056-2015Redesign;en-US;636408943016055347#fokiivprvo20iagj5gnbddhe;11598;1;0
Thecrawfordhotel.com-0074-2016Redesign;en-US;636408943016211349#3weytorsx55rfxr0ait1tll5;17145;1;0
Thecurtis.com-0079-2016Redesign;en-US;636408943016211349#loryvizpsb5urgbnyzy042wz;17981;1;0
Bluebirch.com-0072-2016Redesign;en-US;636408943016367351#gpmxr4m5jkubqhmmcvnsm4au;16693;1;0
Assuranceoperations.com-0065-2015Redesign;en-US;636408943016367351#me5vf1dop2jjdv5zxoyp0xfb;15263;1;0
Beverlyhillsresidenceinn.com-0087-2016Redesign;en-US;636408943016367351#vet00ituligsn3cpflumswvb;20999;1;0
Luxehotels.com-0078-2016Redesign;en-US;636408943016367351#brspyeqaw5rv4sctke5x2tir;18805;1;0
Washingtoncourthotel.com-0076-2016Redesign;en-US;636408943016367351#2avjjugimp3yrwjusvayngdd;17858;1;0
Jbdukehotel.com-0086-2016Redesign;en-US;636408943016523353#o40edxjfedwrossotsw5yguf;21918;1;0
Samosetresort.com-0113-2017Redesign;en-US;636408943016523353#jwb4h3hebyyn4k2tyzsftmj4;40334;1;0
Treasureislandbeachresort.com-0089-2016Redesign;en-US;636408943016523353#b4bvrhax2e5atvvlpqbyzuqf;38057;1;0
Lakeplacidlodge.com-0105-2017Redesign;en-US;636408943016523353#fgx3wtptaunfqtqmnk0q25cs;39238;1;0
Abbingtonbanquets.com-0070-2016Redesign;en-US;636408943016523353#ibqeq2z2hzzaomd0rxaj1jfg;15789;1;0
Homewoodsuiteslax.com-0110-2017Redesign;en-US;636408943016523353#qj1jkllr3t5gpbyqgbificau;30747;1;0
Halcyonhotelcherrycreek.com-0061-2015Redesign;en-US;636408943016523353#c5340jmchx0541nfslu2woaw;22121;1;0
Chrco.com-0107-2017Redesign;en-US;636408943016679355#np1afbthw3dfsdgvfzrxyboq;29280;1;0
Zotabeachresort.com-0090-2016Redesign;en-US;636408943016679355#m5qq1mkglidmktjfs1h4gvkr;38058;1;0
Hhotellosangeles.com-0118-2017Redesign;en-US;636408943016679355#u0ysiysvlzvd1okogxqgieej;35289;1;0
Opalsands.com-0084-2016Redesign;en-US;636408943016679355#bcv1md2lamu43g1sycqo20kf;38055;1;0
Jupiterbeachresort.com-0103-2017Redesign;en-US;636408943016679355#ssrwqzb40yxpum1ivfpxunf4;38052;1;0
Oxfordclubspa.com-0068-2016Redesign;en-US;636408943016679355#o5dvipgbb4ddowqnj12vfnil;15568;1;0
Theharborsidehotel.com-0114-2017Redesign;en-US;636408943016679355#424qa2v3glkth1ys2luq2iev;40403;1;0
Bocatrans.com-0082-2016Redesign;en-US;636408943017303363#duwrrbzzh5egmcrjtdtjnxnv;19758;1;0
Galthouse.com-0042-2015Redesign;en-US;636408943017303363#abgorq5fhoyw0144n2ln1wpp;38060;1;0
Casaybelresort.com-0002-2014Redesign;en-US;636408943020579405#0seye20uxm4x4ie4d2rejumx;1533;1;0
Theloganhotel.com-0043-2015Redesign;en-US;636408943021827421#uct2zzkqvmm1vwdhcbf4yusn;20218;1;0
Lakeplacidlodge.com-0105-2017Redesign;en-US;636408943024791459#0oypvdt5n5hgqyaagphnv1ez;28545;1;0
Hospitalityupgrade.com-0093-2016Redesign;en-US;636408943024791459#es0ot1afdv1wmmwn054422nn;25405;1;0
Broadmoor.com-0073-2016Redesign;en-US;636408943024791459#shj21vebup05rpprwdg2wqak;38059;1;0
Cendyn.com-0095-2016Redesign;en-US;636408943024947461#dyw13i1sngfiznghxrd0b43z;26640;1;0
Broadmoor.com-0073-2016Redesign;en-US;636408943024947461#rg4evtyv5gpxo0czvwjhhdpw;16721;1;0
Samosetresort.com-0113-2017Redesign;en-US;636408943028223503#vd141kvocu1h0yqit1uj2gii;32541;1;0
Broadmoor.com-0073-2016Redesign;en-US;636408943030719535#qxdvrs4ncuhm0lnpfpypl0jv;16721;1;0
Galthouse.com-0042-2015Redesign;en-US;636408943031655547#pzzfbqis3dllyqguf2lygelg;31905;1;0
Thecurtis.com-0079-2016Redesign;en-US;636408943032123553#2df40fm0zcbsx5guedlzi0tb;19041;1;0
Jupiterbeachresort.com-0103-2017Redesign;en-US;636408943032903563#n11zagswgi1lcz0bl30g4akj;28165;1;0
Cocokeyorlando.com-0059-2015Redesign;en-US;636408943033527571#rumvdndvns0cvccjx2vnhcvk;12394;1;0
Longboatkeyclub.com-0104-2017Redesign;en-US;636408943033995577#4zkrio2kg5313whaqdpfd025;38054;1;0
Lidobeachresort.com-0106-2017Redesign;en-US;636408943033995577#iofbyrnqcxyycex5lkmtman2;38053;1;0
Napavalleymarriott.com-0071-2016Redesign;en-US;636408943034151579#s4qeqzlcj5pklkmor3u04smy;16432;1;0
Thesagamore.com-0112-2017Redesign;en-US;636408943034307581#bz3p1fktpg5qalrvhnzfyiwz;39241;1;0
Delraysandsresort.com-0097-2016Redesign;en-US;636408943034619585#j1ygbuuq3c05aygxgfx0w5us;38049;1;0
Hospitalityupgrade.com-0093-2016Redesign;en-US;636408943035555597#3yghno0lj1pqs3wmhyzp5xzf;37631;1;0
Thesagamore.com-0112-2017Redesign;en-US;636408943040235657#yjew43n3susasawgdqgdpuqj;33921;1;0
Samosetresort.com-0113-2017Redesign;en-US;636408943040703663#n3bqdcisren1actdsyibxfvk;32541;1;0
Samosetresort.com-0113-2017Redesign;en-US;636408943043979705#3ajhylmo3133h4qznazqn2ji;32541;1;0
Unionstationhotelnashville.com-0047-2015Redesign;en-US;636408943044291709#5ek4utdbfzr5quy5rgakyq3f;32226;1;0
Galthouse.com-0042-2015Redesign;en-US;636408943044759715#pzzfbqis3dllyqguf2lygelg;31905;1;0
Lakeplacidlodge.com-0105-2017Redesign;en-US;636408943046475737#vrcuw43cg12kzj4ze4ec3fr2;28545;1;0
Montaukyachtclub.com-0010-2014Redesign;en-US;636408943049907781#0aewki5tvovmttxumtl2n3xp;2240;1;0
Cphollywoodbeach.com-0032-2015Redesign;en-US;636408943051779805#ub5veujrtrsj4ezm3ainjtjg;7831;1;0
Montaukyachtclub.com-0010-2014Redesign;en-US;636408943053027821#0aewki5tvovmttxumtl2n3xp;2240;1;0
Cendyn.com-0095-2016Redesign;en-US;636408943053963833#3io0ca1u2jwb3ehe1j0l12yn;26640;1;0
Cendyn.com-0095-2016Redesign;en-US;636408943054275837#ebznyh3dmklt34ko1lk0c0zq;26640;1;0
Cendyn.com-0095-2016Redesign;en-US;636408943054275837#4s0cqamnu4nk3tje3ymsteyh;26640;1;0
Cendyn.com-0095-2016Redesign;en-US;636408943054275837#uq2bethyq5nkfrherma03vn4;26640;1;0
Passport.lehotels.com-0069-2016BlogRedesign;en-US;636408943054431839#wcjqgxyo5bzys2sfqbtmeyio;41068;1;0
Thesagamore.com-0112-2017Redesign;en-US;636408943056927871#sryptfoexevh5edxgn3zsv3q;32339;1;0
Thesagamore.com-0112-2017Redesign;en-US;636408943057551879#osiivzmut0a0f1we4ldaxyng;32339;1;0
Broadmoor.com-0073-2016Redesign;en-US;636408943058175887#ldgrz0zbiiczd2js4eyyzxgc;16724;1;0
Sandpearl.com-0091-2016Redesign;en-US;636408943058331889#vrkgutiec1oq5akva5boiiba;38056;1;0
Thelodgeatwoodloch.com-0033-2015Redesign;en-US;636408943059423903#1bb20b5doms0ct01asgyblea;9932;1;0
Broadmoor.com-0073-2016Redesign;en-US;636408943062231939#ldgrz0zbiiczd2js4eyyzxgc;16724;1;0
saddlebrook.com-0011-2014Redesign;en-US;636408943063947961#1yglwfyjxxhkysqx1wrq3f53;3385;1;0
Broadmoor.com-0073-2016Redesign;en-US;636408943065507981#pycrsise0ngkhb4vndilwohw;16724;1;0
Beverlyhillsresidenceinn.com-0087-2016Redesign;en-US;636408943065975987#0wxgykzudvhkoqlgghwgssq0;20999;1;0
Bluebirch.com-0072-2016Redesign;en-US;636408943065975987#4u3epcknbcp33reyuqrimwup;16693;1;0
Texturefoodanddrink.com-0067-2016Redesign;en-US;636408943065975987#x5fivppnu3v1ymcxdpvcrnwl;15452;1;0
Meateatery.com-0080-2016Redesign;en-US;636408943065975987#thf22kyzbufgdyjtrshcjqev;18505;1;0
Treasureislandbeachresort.com-0089-2016Redesign;en-US;636408943065975987#gh1flfds5p32qj0k2jy0tufp;38057;1;0
Degreerestaurant.com-0056-2015Redesign;en-US;636408943066131989#ps1bapqwixjc12wxmynmna3m;11598;1;0
Hhotellosangeles.com-0118-2017Redesign;en-US;636408943066131989#wizn5oamyabe1zv3rxnq05z5;35289;1;0
Homewoodsuiteslax.com-0110-2017Redesign;en-US;636408943066131989#imswfb2mbvzdq23kuuiydlkb;30747;1;0
Thecurtis.com-0079-2016Redesign;en-US;636408943066131989#y2ocnovnptfsctvr31jonf4e;17981;1;0
Naiaresortandspa.com-0077-2016Redesign;en-US;636408943066287991#qzv0cqs3yq2lrgzojevukgko;20455;1;0
Lakeplacidlodge.com-0105-2017Redesign;en-US;636408943066287991#1xrfqgdjjop4pe4kpvgsruwg;39238;1;0
Sandylane.com-0075-2016Redesign;en-US;636408943066287991#3s3dzfvy4w0mpbdaouhnxevd;17611;1;0
Theoxfordhotel.com-0062-2015Redesign;en-US;636408943066443993#zk4yvjpramneee1qldceby5h;14325;1;0
Oxfordclubspa.com-0068-2016Redesign;en-US;636408943066443993#ahgwkl5vcgoid03ppdzrlsvn;15568;1;0
Jbdukehotel.com-0086-2016Redesign;en-US;636408943066599995#mi4zaapv0hlylphki4thb0lz;21918;1;0
Assuranceoperations.com-0065-2015Redesign;en-US;636408943066599995#bdmkpvusqeuvy5abkcuq2fbp;15263;1;0
Glencovemansion.com-0058-2015Redesign;en-US;636408943066599995#0hvgaajc4qfkwqjtea1tcntd;13328;1;0
Theharborsidehotel.com-0114-2017Redesign;en-US;636408943066755997#5c4qr5tdlmov3a4403wkepn4;40403;1;0
Opalsands.com-0084-2016Redesign;en-US;636408943066911999#jpyk0o5nchvwa3b1n4b0ivat;38055;1;0
Halcyonhotelcherrycreek.com-0061-2015Redesign;en-US;636408943066911999#wpgitdh0eemurvxrfgayzy5d;22121;1;0
Zotabeachresort.com-0090-2016Redesign;en-US;636408943066911999#riho4t3feag20uycqlb1qxce;38058;1;0
Jupiterbeachresort.com-0103-2017Redesign;en-US;636408943066911999#mrper2m1pj22paib2cqcprfs;38052;1;0
Abbingtonbanquets.com-0070-2016Redesign;en-US;636408943066911999#obskym2tft4xbrovn1hsgbdv;15789;1;0
Chrco.com-0107-2017Redesign;en-US;636408943067380005#2snrclb2irvtan3zlmfi1auy;29280;1;0
Bocatrans.com-0082-2016Redesign;en-US;636408943067536007#nscjnd2xbtoahw4h4gn44tuo;19758;1;0
Thecrawfordhotel.com-0074-2016Redesign;en-US;636408943067536007#lan0gog3qxiygltrdx1msowz;17145;1;0
Samosetresort.com-0113-2017Redesign;en-US;636408943067848011#w5je1uj1l0bfq3uwb2i210jv;40334;1;0
Luxehotels.com-0078-2016Redesign;en-US;636408943068004013#h1pehwuqu5d0nwqyiau31yv3;18805;1;0
Lakeplacidlodge.com-0105-2017Redesign;en-US;636408943068160015#bzauzu5u01lvadbz4kewvnvg;28545;1;0
Galthouse.com-0042-2015Redesign;en-US;636408943068160015#aa2rjshqnzshhtynlk51xaqx;38060;1;0
Washingtoncourthotel.com-0076-2016Redesign;en-US;636408943068316017#5op2cugh0yytayhtzrklooqb;17858;1;0
Edgewaternaples.com-0094-2016Redesign;en-US;636408943068628021#g5doys4mjit4geietl1tlryv;38051;1;0
Unionstationhotelnashville.com-0047-2015Redesign;en-US;636408943068784023#5ek4utdbfzr5quy5rgakyq3f;32226;1;0
Hospitalityupgrade.com-0093-2016Redesign;en-US;636408943068940025#nbqq2jmk2lmmc1noi1lagwia;37631;1;0
Jupiterbeachresort.com-0103-2017Redesign;en-US;636408943072060065#cncvimxll4q32s4wpiqgvqrk;38882;1;0
Hospitalityupgrade.com-0093-2016Redesign;en-US;636408943074400095#4j3pffby1lcwa3lmrvmaek5t;25405;1;0
Broadmoor.com-0073-2016Redesign;en-US;636408943074400095#ytmrpwu2qyxj4nhckiu2dgf0;38059;1;0
Cendyn.com-0095-2016Redesign;en-US;636408943074712099#q3bb1cpq4d12ni4nlfy3cwkp;26640;1;0
Broadmoor.com-0073-2016Redesign;en-US;636408943076428121#pgxqwjjstif4z3etea35wj20;16724;1;0
Thelodgeatwoodloch.com-0033-2015Redesign;en-US;636408943076896127#pxjkrlsn3jfvn3fphpjxn3tj;7764;1;0
Renaissancepittsburghpa.com-0044-2015Redesign;en-US;636408943078456147#40r2tzav3sef2gqyxxwl3o5v;9637;1;0
Galthouse.com-0042-2015Redesign;en-US;636408943079548161#lno22se5copa5lcfwar1q240;33603;1;0
Sandpearl.com-0091-2016Redesign;en-US;636408943079860165#50hpi45ro3uboa2dxqgxdhog;22481;1;0
saddlebrook.com-0011-2014Redesign;en-US;636408943083448211#lulydi3ln32jrk4rexsxbfbu;4567;1;0
Samosetresort.com-0113-2017Redesign;en-US;636408943083448211#x4wwhfxninosr2iifa2eiycm;32541;1;0
Lidobeachresort.com-0106-2017Redesign;en-US;636408943084072219#ppjrwo4dyyluakcctxtquxyd;38053;1;0
Longboatkeyclub.com-0104-2017Redesign;en-US;636408943084072219#ar4hzmu5cij22tdcq0nv5eik;38054;1;0
Napavalleymarriott.com-0071-2016Redesign;en-US;636408943084228221#lzgum151u2b5z1jqm0smhxyh;16432;1;0
Delraysandsresort.com-0097-2016Redesign;en-US;636408943084696227#dyaj5z5vgzkxh03v5gtn3qgg;38049;1;0
Thesagamore.com-0112-2017Redesign;en-US;636408943084852229#fyl3ml1ib2grekix0gig4nqu;39241;1;0
Broadmoor.com-0073-2016Redesign;en-US;636408943086256247#pgxqwjjstif4z3etea35wj20;16724;1;0
Lakeplacidlodge.com-0105-2017Redesign;en-US;636408943089688291#suut00dt5a50arokygd3qkcr;28545;1;0
Hospitalityupgrade.com-0093-2016Redesign;en-US;636408943090000295#4zqvoqdm01ewkwbjhvewsfm5;37631;1;0
Lehotels.com-0049-2015Transfer;en-US;636408943091716317#2xhx0mu3f3zqyw1u4apkztln;12108;1;0
Lehotels.com-0049-2015Transfer;en-US;636408943092496327#wjzxwnvhmxwfs3o4p0ug2s1m;13012;1;0
Theloganhotel.com-0043-2015Redesign;en-US;636408943100140425#a112rvwwxkdltov5yl0rbkcq;20218;1;0
Cendyn.com-0095-2016Redesign;en-US;636408943104040475#iv3pdsiwc0obumdjkco0qs11;26640;1;0
Cendyn.com-0095-2016Redesign;en-US;636408943104040475#kvcxb0cunu1zl5gbtghxnilr;26640;1;0
Cendyn.com-0095-2016Redesign;en-US;636408943104040475#va2ifkluyi1qy2kyrvqylryu;26640;1;0
Passport.lehotels.com-0069-2016BlogRedesign;en-US;636408943104040475#kfkerpu1auoxpfolctgm33mj;41068;1;0
Cendyn.com-0095-2016Redesign;en-US;636408943104040475#tzhsl5jl50sxwdxq4jpqfff2;26640;1;0
Jbdukehotel.com-0086-2016Redesign;en-US;636408943106068501#pvb1kbscec5ukskyfb31hys3;21918;1;0
Theharborsidehotel.com-0114-2017Redesign;en-US;636408943106536507#0tfib3m1s4jrrgw54axdirys;38022;1;0
Sandpearl.com-0091-2016Redesign;en-US;636408943108252529#czaw11dvyhdmo0or4lx3eayl;38056;1;0
Hospitalityupgrade.com-0093-2016Redesign;en-US;636408943110904563#lwf1xxmnwg1papk04csflqci;33544;1;0
Theharborsidehotel.com-0114-2017Redesign;en-US;636408943111684573#0tfib3m1s4jrrgw54axdirys;38022;1;0
Meateatery.com-0080-2016Redesign;en-US;636408943116052629#zsi5fnz4xzocwbddj4ypadtg;18505;1;0
Luxehotels.com-0078-2016Redesign;en-US;636408943116052629#mzun0iyxx2dapwt4xdy3jus1;18805;1;0
Hhotellosangeles.com-0118-2017Redesign;en-US;636408943116052629#nn2r1yl1ijybk5l15fzam55r;35289;1;0
Chrco.com-0107-2017Redesign;en-US;636408943116052629#ni4g3e53m4lx0hdj0w4g5b54;29280;1;0
Homewoodsuiteslax.com-0110-2017Redesign;en-US;636408943116208631#wqegpvngqv0tk3uw4xvnxuds;30747;1;0
Zotabeachresort.com-0090-2016Redesign;en-US;636408943116208631#d50zdozvaatbdf5gerw2k3e1;38058;1;0
Edgewaternaples.com-0094-2016Redesign;en-US;636408943116208631#4gtc0fvktq2en1exiv5mpjuw;38051;1;0
Theharborsidehotel.com-0114-2017Redesign;en-US;636408943116364633#rraych01qtp1v30dc4byjlri;40403;1;0
Beverlyhillsresidenceinn.com-0087-2016Redesign;en-US;636408943116364633#grywqvrjgn3fkr1gurygiwi0;20999;1;0
Thecurtis.com-0079-2016Redesign;en-US;636408943116520635#0rfbxkpff4tmsxc40cu4uphj;17981;1;0
Washingtoncourthotel.com-0076-2016Redesign;en-US;636408943116520635#yeus3xmebtyumdni54ni1upb;17858;1;0
Degreerestaurant.com-0056-2015Redesign;en-US;636408943116676637#0kob3zdynmzedoqeztbwp2b3;11598;1;0
Oxfordclubspa.com-0068-2016Redesign;en-US;636408943116676637#0mwdn2gz21p0i2m34d2n1u2u;15568;1;0
Assuranceoperations.com-0065-2015Redesign;en-US;636408943116676637#xugghiii00ylzsbdy0blgt3s;15263;1;0
Theoxfordhotel.com-0062-2015Redesign;en-US;636408943116676637#aevgrjyqg0hs5aqvvxfqhuat;14325;1;0
Halcyonhotelcherrycreek.com-0061-2015Redesign;en-US;636408943116832639#wivr0vffgxm5c5s0jrroptas;22121;1;0
Texturefoodanddrink.com-0067-2016Redesign;en-US;636408943116832639#5j325n4np1a4eymz0xmzvz3w;15452;1;0
Abbingtonbanquets.com-0070-2016Redesign;en-US;636408943116988641#0hne1xdruhjpu254civxxxom;15789;1;0
Bocatrans.com-0082-2016Redesign;en-US;636408943116988641#e0clw3432wmrkx0mrph1jjwe;19758;1;0
Lakeplacidlodge.com-0105-2017Redesign;en-US;636408943116988641#1q3qtsytvqehfyfzklkiphng;39238;1;0
Opalsands.com-0084-2016Redesign;en-US;636408943116988641#gmdpmfvgoh0eq4slnwxeeloi;38055;1;0
Naiaresortandspa.com-0077-2016Redesign;en-US;636408943116988641#cjqmu4zw2hiqatlw2ll2ehq3;20455;1;0
Thecrawfordhotel.com-0074-2016Redesign;en-US;636408943117456647#wph3grprreigrolz5wx254yu;17145;1;0
Glencovemansion.com-0058-2015Redesign;en-US;636408943117456647#pwmhdudozqmk53jqkwchryu2;13328;1;0
Treasureislandbeachresort.com-0089-2016Redesign;en-US;636408943117456647#5u3s0jt4f2ccitzcck0cdhyx;38057;1;0
Jbdukehotel.com-0086-2016Redesign;en-US;636408943117456647#bjmias4i5h3l4trxqxwjkwd3;21918;1;0
Jupiterbeachresort.com-0103-2017Redesign;en-US;636408943117456647#hy031x4rezqqskddyfi01r5b;38052;1;0
Bluebirch.com-0072-2016Redesign;en-US;636408943117612649#msqji05505n21kmtulff5qgg;16693;1;0
Sandylane.com-0075-2016Redesign;en-US;636408943117612649#2nikew1ewcxt4jyzwzn0z4au;17611;1;0
Samosetresort.com-0113-2017Redesign;en-US;636408943117768651#sl5uwl3jsez243xeawvvy04k;40334;1;0
Galthouse.com-0042-2015Redesign;en-US;636408943117768651#lb5ndfczjj4vdr3rwxgsmefz;38060;1;0
Hospitalityupgrade.com-0093-2016Redesign;en-US;636408943119640675#ggpqvlcadg2lwyefgp322z33;37631;1;0
Longboatkeyclub.com-0104-2017Redesign;en-US;636408943121824703#ho442dem3zvfhsmbl2ryudtg;28316;1;0
Thesagamore.com-0112-2017Redesign;en-US;636408943122448711#yjew43n3susasawgdqgdpuqj;33924;1;0
Hospitalityupgrade.com-0093-2016Redesign;en-US;636408943124320735#2f2fk51fcbz42sm5jrbgos3b;25405;1;0
Broadmoor.com-0073-2016Redesign;en-US;636408943124476737#qglpj4b3v012dqbantxuqhle;38059;1;0
Cendyn.com-0095-2016Redesign;en-US;636408943124632739#aekema5cqxcmtkpokqe1habw;26640;1;0
Longboatkeyclub.com-0104-2017Redesign;en-US;636408943124788741#ho442dem3zvfhsmbl2ryudtg;28316;1;0
Lakeplacidlodge.com-0105-2017Redesign;en-US;636408943126660765#ou52jj4iapcpk1oyc0dpgcf0;28545;1;0
Halcyonhotelcherrycreek.com-0061-2015Redesign;en-US;636408943127440775#mcztrejbfqxxsphughdyioh4;41138;1;0
Hospitalityupgrade.com-0093-2016Redesign;en-US;636408943128688791#5t15mjw0zwxon45w44rc40gb;37631;1;0
Thesagamore.com-0112-2017Redesign;en-US;636408943130404813#5ygvrhn0kpicxlttcm52tw2r;33471;1;0
Napavalleymarriott.com-0071-2016Redesign;en-US;636408943133992859#pwk1vt0bsds4oiw0xvwtyp2g;16432;1;0
Lidobeachresort.com-0106-2017Redesign;en-US;636408943134148861#4inenotgke4dlksmw2zdyhdc;38053;1;0
Longboatkeyclub.com-0104-2017Redesign;en-US;636408943134304863#c54vcvtlesjghoc1qln3xd1v;38054;1;0
Delraysandsresort.com-0097-2016Redesign;en-US;636408943134304863#2rrrz1uj0ea34k0l5olyevas;38049;1;0
Thesagamore.com-0112-2017Redesign;en-US;636408943134772869#iu2yt2laddcxteacquepe03c;39241;1;0
Samosetresort.com-0113-2017Redesign;en-US;636408943137112899#fs4spzfmmvnjnagercguxzds;32541;1;0
Lakeplacidlodge.com-0105-2017Redesign;en-US;636408943138048911#bsxhocnfnvqdkhdpkot3ygii;28545;1;0
Thecurtis.com-0079-2016Redesign;en-US;636408943139296927#2df40fm0zcbsx5guedlzi0tb;19076;1;0
Broadmoor.com-0073-2016Redesign;en-US;636408943139608931#3xpypglmkawlksvvs5kum3wx;32307;1;0
Blog.cphollywoodbeach.com-0037-2015BlogRedesign;en-US;636408943142260965#51j4vbtt4ly1nm3cgtpfjwnp;8967;1;0
Thelodgeatwoodloch.com-0033-2015Redesign;en-US;636408943147565033#czsn1upbpjvcx1yl4owelny3;7764;1;0
Lakeplacidlodge.com-0105-2017Redesign;en-US;636408943147721035#bsxhocnfnvqdkhdpkot3ygii;28545;1;0
Lakeplacidlodge.com-0105-2017Redesign;en-US;636408943149593059#bsxhocnfnvqdkhdpkot3ygii;28545;1;0
Samosetresort.com-0113-2017Redesign;en-US;636408943150529071#my1aspgxmxgmdrbwtoj4d13n;35231;1;0
Lakeplacidlodge.com-0105-2017Redesign;en-US;636408943152869101#iowrkjxqzptdt0oiaxmso5rj;28545;1;0
Sandylane.com-0075-2016Redesign;en-US;636408943152869101#bv2nwz0cfk4sl4w3cxfziqwn;17611;1;0
Cendyn.com-0095-2016Redesign;en-US;636408943153961115#gowkmibkruzqrbf2axb5vafw;26640;1;0
Cendyn.com-0095-2016Redesign;en-US;636408943153961115#0u3qw45daap4sk5lkpfw2fvr;26640;1;0
Cendyn.com-0095-2016Redesign;en-US;636408943153961115#n2sm2b2vq4ovlpz3mvqfdsry;26640;1;0
Passport.lehotels.com-0069-2016BlogRedesign;en-US;636408943153961115#yxpflaiy1pnrd0kwyv0d1r4g;41068;1;0
Cendyn.com-0095-2016Redesign;en-US;636408943154117117#n3rprtpkpzfjwjcttic45tjm;26640;1;0
Sandpearl.com-0091-2016Redesign;en-US;636408943158329171#ejvht0b4fxjradgv4mozsgwa;38056;1;0
Cocokeyorlando.com-0059-2015Redesign;en-US;636408943160825203#rumvdndvns0cvccjx2vnhcvk;12394;1;0
Hospitalityupgrade.com-0093-2016Redesign;en-US;636408943162073219#mnwhmgcu21b2jc4zhbmt3flb;37631;1;0
Cocokeyorlando.com-0059-2015Redesign;en-US;636408943163165233#rumvdndvns0cvccjx2vnhcvk;12394;1;0
Degreerestaurant.com-0056-2015Redesign;en-US;636408943166285273#un4p0o43tgavsbqyqbkppnu5;11598;1;0
Washingtoncourthotel.com-0076-2016Redesign;en-US;636408943166285273#3tejj3b1cm4cpv5yrnvn4ofd;17858;1;0
Hhotellosangeles.com-0118-2017Redesign;en-US;636408943166285273#20rsbgacir30jzia4nd5jqbw;35289;1;0
Luxehotels.com-0078-2016Redesign;en-US;636408943166285273#umc21qjxi0anfescdifitnfk;18805;1;0
Assuranceoperations.com-0065-2015Redesign;en-US;636408943166441275#pgyeic3wnkjrbram31nf2yu1;15263;1;0
Oxfordclubspa.com-0068-2016Redesign;en-US;636408943166441275#3sky1ypm02umyjbqqtipazwx;15568;1;0
Thecurtis.com-0079-2016Redesign;en-US;636408943166597277#uhpokts51a3h4pq05szthvja;17981;1;0
Bluebirch.com-0072-2016Redesign;en-US;636408943166597277#zn2tozxn13i21dsmefapvgvd;16693;1;0
Theoxfordhotel.com-0062-2015Redesign;en-US;636408943166597277#gon1wnsl0yucki2b0qr13tdz;14325;1;0
Thecrawfordhotel.com-0074-2016Redesign;en-US;636408943166597277#sdfkuul1tpqm00445lxv155l;17145;1;0
Glencovemansion.com-0058-2015Redesign;en-US;636408943166597277#12dcaj001mrtuq1kjxulxfle;13328;1;0
Theharborsidehotel.com-0114-2017Redesign;en-US;636408943166597277#bzurk244ehadfsfrpgb4m30n;40403;1;0
Texturefoodanddrink.com-0067-2016Redesign;en-US;636408943166597277#02tdnyltydeu32wrpil3c5rw;15452;1;0
Beverlyhillsresidenceinn.com-0087-2016Redesign;en-US;636408943166597277#hoyqbdrdo0vsq0t3qaimqs0i;20999;1;0
Naiaresortandspa.com-0077-2016Redesign;en-US;636408943166753279#e2teviu3gspge4cblutv4zfd;20455;1;0
Bocatrans.com-0082-2016Redesign;en-US;636408943166753279#fhvn24nkqiu3xrak4wbk4cyk;19758;1;0
Chrco.com-0107-2017Redesign;en-US;636408943166753279#230hnfu22it2riyidb4vcwev;29280;1;0
Halcyonhotelcherrycreek.com-0061-2015Redesign;en-US;636408943166753279#ln1ycfanrqsfjduhd4on33hf;22121;1;0
Opalsands.com-0084-2016Redesign;en-US;636408943166753279#bdf5mqy4bqusciqm0bywquhq;38055;1;0
Jbdukehotel.com-0086-2016Redesign;en-US;636408943166753279#cq4oqvboayjip0npsysq3ebg;21918;1;0
Abbingtonbanquets.com-0070-2016Redesign;en-US;636408943166753279#uvyk5cwd1fiksdh2wsfe1lac;15789;1;0
Galthouse.com-0042-2015Redesign;en-US;636408943166909281#cyf0k0q212m5ka05r5xxlgki;38060;1;0
Jupiterbeachresort.com-0103-2017Redesign;en-US;636408943166909281#1efej23s0pckdopphmal20va;38052;1;0
Lakeplacidlodge.com-0105-2017Redesign;en-US;636408943166909281#2ybci3gy0vchkxwae0twkcll;39238;1;0
Sandylane.com-0075-2016Redesign;en-US;636408943166909281#r5w1ff3fcyp5xtiyemsjpapz;17611;1;0
Treasureislandbeachresort.com-0089-2016Redesign;en-US;636408943167065283#fehk2zdsypi41n50k11ej42i;38057;1;0
Samosetresort.com-0113-2017Redesign;en-US;636408943167065283#2kh2pq14iucgz51nvxc5coxo;40334;1;0
Edgewaternaples.com-0094-2016Redesign;en-US;636408943167065283#odcdk3qdhlbssz5wanijwikg;38051;1;0
Homewoodsuiteslax.com-0110-2017Redesign;en-US;636408943167065283#j4rktfimte5imvdwasypc0zn;30747;1;0
Meateatery.com-0080-2016Redesign;en-US;636408943167221285#qqvlbfi02whrut3htvyc2php;18505;1;0
Zotabeachresort.com-0090-2016Redesign;en-US;636408943167377287#1cg3l5nh1qp0oiq4k5otiqs4;38058;1;0
Hospitalityupgrade.com-0093-2016Redesign;en-US;636408943168625303#cftjbi1ybphmiwbgyqdtblpz;37631;1;0
Thesagamore.com-0112-2017Redesign;en-US;636408943169405313#rsj3sv20ay2ezr31fpvxpqw3;32339;1;0
Thecurtis.com-0079-2016Redesign;en-US;636408943169717317#2df40fm0zcbsx5guedlzi0tb;19041;1;0
Broadmoor.com-0073-2016Redesign;en-US;636408943174397377#mq4wajnbteuqjqhvv5etly5a;16724;1;0
Hospitalityupgrade.com-0093-2016Redesign;en-US;636408943174397377#1ofjn0zospm40ag4btlkiw1g;25405;1;0
Broadmoor.com-0073-2016Redesign;en-US;636408943174397377#ezwu4lqohparbbswcczohv2d;38059;1;0
Cendyn.com-0095-2016Redesign;en-US;636408943174865383#2gzdzfe1klxgfltpgobizmge;26640;1;0
Montaukyachtclub.com-0010-2014Redesign;en-US;636408943175645393#isnjk50p4z3t12yigdnsxwuh;2240;1;0
theweststreethotel.com-0115-2017Redesign;en-US;636408943176425403#czqt34zknuw1qiwq5qinwoez;36683;1;0
Thelodgeatwoodloch.com-0033-2015Redesign;en-US;636408943177673419#czsn1upbpjvcx1yl4owelny3;8346;1;0
Broadmoor.com-0073-2016Redesign;en-US;636408943178141425#mq4wajnbteuqjqhvv5etly5a;16724;1;0
Napavalleymarriott.com-0071-2016Redesign;en-US;636408943178141425#ezfncttnjnmcrgbtr4bbrw5z;16432;1;0
Napavalleymarriott.com-0071-2016Redesign;en-US;636408943185473519#305uwrjwzyeuuv2l5wugfkjf;16432;1;0
Lidobeachresort.com-0106-2017Redesign;en-US;636408943185473519#e354v5tzzkpjsw2oq0lhwuei;38053;1;0
Thesagamore.com-0112-2017Redesign;en-US;636408943185629521#ts2unzjdptybhfditl40teif;39241;1;0
Longboatkeyclub.com-0104-2017Redesign;en-US;636408943185785523#jysiarojkjam43refg3zszp5;38054;1;0
Napavalleymarriott.com-0071-2016Redesign;en-US;636408943186253529#ezfncttnjnmcrgbtr4bbrw5z;16432;1;0
Delraysandsresort.com-0097-2016Redesign;en-US;636408943187345543#aphs01dprxmzyyjs05wvxyrp;38049;1;0
Samosetresort.com-0113-2017Redesign;en-US;636408943187969551#zhjpct35k5n5zqchxfis41q2;32541;1;0
Lehotels.com-0049-2015Transfer;en-US;636408943188125553#4rezvymgnivbzvsuc1cd5biq;13801;1;0
Edgewaternaples.com-0094-2016Redesign;en-US;636408943188437557#gjsgz2ngpl1pdwes1xkg12il;25252;1;0
Theloganhotel.com-0043-2015Redesign;en-US;636408943189841575#fjyiwsizeapkhullld3jly5a;18415;1;0
Lakeplacidlodge.com-0105-2017Redesign;en-US;636408943192025603#ror0pb4ojl0quysne2kt1gqq;28556;1;0
saddlebrook.com-0011-2014Redesign;en-US;636408943195301645#lulydi3ln32jrk4rexsxbfbu;4571;1;0
Montaukyachtclub.com-0010-2014Redesign;en-US;636408943196393659#phn1z4ktry1fjgw0yhmvgwxi;2240;1;0
