Sandpearl.com-0091-2016Redesign;en-US;636408990600384160#3cvonm2hyqu001r4bnazvpcl;22481;1;0
Cendyn.com-0095-2016Redesign;en-US;636408990601944360#4pqo2kvpugv2bsivpw1jhjf5;26640;1;0
Edgewaternaples.com-0094-2016Redesign;en-US;636408990602412420#dysmwzx2pprz3wweg4xh405i;25595;1;0
Bluebirch.com-0072-2016Redesign;en-US;636408990605220780#mluubz00rhrbccew35ve5bw2;16693;1;0
Bocatrans.com-0082-2016Redesign;en-US;636408990605220780#ywlmuzfliedueowvruebe0ro;19758;1;0
Hhotellosangeles.com-0118-2017Redesign;en-US;636408990605220780#fu0ovwvszu32gf5qcuomjzkj;35289;1;0
Degreerestaurant.com-0056-2015Redesign;en-US;636408990605220780#3ok4pybfl3m5cpspfx4mb12r;11598;1;0
Assuranceoperations.com-0065-2015Redesign;en-US;636408990605220780#xawe4abwmhgowoppzuenl0co;15263;1;0
Thecrawfordhotel.com-0074-2016Redesign;en-US;636408990605220780#nio3wpldlmbs14qywe5a3zho;17145;1;0
Homewoodsuiteslax.com-0110-2017Redesign;en-US;636408990605220780#0qhs1evhu04kqjkirejetsaj;30747;1;0
Abbingtonbanquets.com-0070-2016Redesign;en-US;636408990605220780#ofcnxu1tkadyqmy1nsfffw5s;15789;1;0
Thecurtis.com-0079-2016Redesign;en-US;636408990605376800#rvhsrilvhah5gfzbt1mayqgx;17981;1;0
Glencovemansion.com-0058-2015Redesign;en-US;636408990605376800#fas0t2isci5qm0ifvjdika1l;13328;1;0
Lakeplacidlodge.com-0105-2017Redesign;en-US;636408990605376800#dzohnx1mst2qzrbalj00dmss;39238;1;0
Oxfordclubspa.com-0068-2016Redesign;en-US;636408990605376800#tlrwsripv13510mfhnoyz1ys;15568;1;0
Meateatery.com-0080-2016Redesign;en-US;636408990605688840#sk5v3u34r10s42s40pjpjxvi;18505;1;0
Luxehotels.com-0078-2016Redesign;en-US;636408990605688840#zhsfje3ptct44jmc005xb1fr;18805;1;0
Galthouse.com-0042-2015Redesign;en-US;636408990605844860#umjldbvdh5hf3qrajzfswyva;38060;1;0
Samosetresort.com-0113-2017Redesign;en-US;636408990605844860#oz1mw1rxkqovm3kajnpeqqcv;40334;1;0
Jbdukehotel.com-0086-2016Redesign;en-US;636408990605844860#cmjzktarsx4xranx1rktg2c3;21918;1;0
Treasureislandbeachresort.com-0089-2016Redesign;en-US;636408990605844860#pfz4x0p01ytckhjjji3vh2y3;38057;1;0
Opalsands.com-0084-2016Redesign;en-US;636408990606000880#qmcmfrhqqlbpuv23wks2dnxz;38055;1;0
Texturefoodanddrink.com-0067-2016Redesign;en-US;636408990606000880#05ywhlprcnozl2bcoqatcdaf;15452;1;0
Jupiterbeachresort.com-0103-2017Redesign;en-US;636408990606156900#br3u30ofximttjicjzms4cs1;38052;1;0
Chrco.com-0107-2017Redesign;en-US;636408990606156900#xhcs1gdcwnyawh0tj15wkfnn;29280;1;0
Beverlyhillsresidenceinn.com-0087-2016Redesign;en-US;636408990606156900#cqvtyveaczfeqhzsqdqdb20q;20999;1;0
Theoxfordhotel.com-0062-2015Redesign;en-US;636408990606312920#a1gypfcbjp0vmhstwvw4qp5j;14325;1;0
Sandylane.com-0075-2016Redesign;en-US;636408990606312920#2fqjwssfrsp5zio4syextfh5;17611;1;0
Washingtoncourthotel.com-0076-2016Redesign;en-US;636408990606312920#keqc4kn3io50kk4az45pjwhn;17858;1;0
Halcyonhotelcherrycreek.com-0061-2015Redesign;en-US;636408990606312920#2w2mybavlub0tqou45zyfvjz;22121;1;0
Theharborsidehotel.com-0114-2017Redesign;en-US;636408990606312920#ihwbqv0cemimhsfy2wvxq4vy;40403;1;0
Edgewaternaples.com-0094-2016Redesign;en-US;636408990606780980#01h2yzd4zqya5vsipqjxd1ao;38051;1;0
Zotabeachresort.com-0090-2016Redesign;en-US;636408990606780980#32fljngvpncr5b2zq5sbstvu;38058;1;0
Naiaresortandspa.com-0077-2016Redesign;en-US;636408990606937000#vrsmdwa2uamgzd3bsqalrtps;20455;1;0
Glencovemansion.com-0058-2015Redesign;en-US;636408990607405060#3d3hcqw35ri253vxoxv34dmp;13343;1;0
Thesagamore.com-0112-2017Redesign;en-US;636408990609901380#pi002cljyifua5x1qph0elu4;32390;1;0
Cendyn.com-0095-2016Redesign;en-US;636408990613177800#rx5atf5qhlnuu5wv5f31xari;26640;1;0
Sandpearl.com-0091-2016Redesign;en-US;636408990613177800#gsyqbmshimmttd2cg2vs5dc5;22481;1;0
Cphollywoodbeach.com-0032-2015Redesign;en-US;636408990613177800#mlocsfpgiddiujrxe13pbgfo;7831;1;0
Hospitalityupgrade.com-0093-2016Redesign;en-US;636408990613333820#0wral4ijzoqfs1napddfc2ei;25405;1;0
Cendyn.com-0095-2016Redesign;en-US;636408990613333820#g44eqv31qhtyhty03qwmo3al;26640;1;0
Passport.lehotels.com-0069-2016BlogRedesign;en-US;636408990613333820#13tixqcaobzxqkccst2szepc;41068;1;0
Cendyn.com-0095-2016Redesign;en-US;636408990613801880#swr1t0reuljglhfbg2bowyft;26640;1;0
Cendyn.com-0095-2016Redesign;en-US;636408990613801880#nywsds3rjdf00k1j05nrrofg;26640;1;0
Secretharbourvi.com-0040-2015Redesign;en-US;636408990614269940#maiqq4cfj1cah4hfd1k4h1f5;9231;1;0
Thesagamore.com-0112-2017Redesign;en-US;636408990614738000#d5jxhlfjdylg00q2q0d3o4ew;33922;1;0
Luxehotels.com-0078-2016Redesign;en-US;636408990615206060#24dudh3520blbqhaypim4d5d;18805;1;0
Broadmoor.com-0073-2016Redesign;en-US;636408990617858400#ng4wg10svxicw13brdgjsl4n;16721;1;0
saddlebrook.com-0011-2014Redesign;en-US;636408990618326460#chbkwrzq5i5k3c2heeke3aa5;3457;1;0
Broadmoor.com-0073-2016Redesign;en-US;636408990620822780#ng4wg10svxicw13brdgjsl4n;16721;1;0
Chrco.com-0107-2017Redesign;en-US;636408990621602880#3sgpd22mgczq3robf4pbdizv;29680;1;0
Luxehotels.com-0078-2016Redesign;en-US;636408990621602880#4wvq3b3cw3shapm1xeqmli3b;30302;1;0
Thesagamore.com-0112-2017Redesign;en-US;636408990621914920#rlfaf4v1znbtwt2knbakhegq;32339;1;0
Thesagamore.com-0112-2017Redesign;en-US;636408990622695020#gyrsshqkc2gwzfz4bgb1lzhd;39241;1;0
Longboatkeyclub.com-0104-2017Redesign;en-US;636408990622695020#ev3khriayrlrq2g0hxqitex3;38054;1;0
Napavalleymarriott.com-0071-2016Redesign;en-US;636408990622695020#l0ohxrppxlide5fkxpmxe4y4;16432;1;0
Lidobeachresort.com-0106-2017Redesign;en-US;636408990623475120#p44vihqe0tguzzzyct404fjd;38053;1;0
Cphollywoodbeach.com-0032-2015Redesign;en-US;636408990624255220#tuule0oebzvqcosmdzogbyk1;7861;1;0
Broadmoor.com-0073-2016Redesign;en-US;636408990629715920#buvlroev5geazhepf33ulicx;16751;1;0
Washingtoncourthotel.com-0076-2016Redesign;en-US;636408990630964080#0mbk2slloe3chpbtizsra50c;17911;1;0
Cendyn.com-0095-2016Redesign;en-US;636408990632992340#vyo32dtcrykdn5yqexmi0lo2;26640;1;0
Broadmoor.com-0073-2016Redesign;en-US;636408990632992340#klmhyciffay5ouwyhfwnrqeo;38059;1;0
Broadmoor.com-0073-2016Redesign;en-US;636408990632992340#bokbzo2gqvzo0cbt1zlbvqq3;16721;1;0
Lidobeachresort.com-0106-2017Redesign;en-US;636408990635332640#ib2atmkp1j3mtnqv1olnjgfy;28666;1;0
Casaybelresort.com-0002-2014Redesign;en-US;636408990640949360#w2ryf3om0s3leohv54wsf2im;1613;1;0
Sandpearl.com-0091-2016Redesign;en-US;636408990642821600#iqwpd5vingm4j4kjdquvqeyw;38056;1;0
Delraysandsresort.com-0097-2016Redesign;en-US;636408990642821600#vs0vi3oqmyai0gqjaqapeolp;38049;1;0
Lidobeachresort.com-0106-2017Redesign;en-US;636408990642977620#ib2atmkp1j3mtnqv1olnjgfy;28666;1;0
Opalsands.com-0084-2016Redesign;en-US;636408990644849860#cjdewuvusrizg21bl4zmz42h;20792;1;0
Lakeplacidlodge.com-0105-2017Redesign;en-US;636408990652494840#31mrfi5scsacmgfxi02u0tgt;28545;1;0
Degreerestaurant.com-0056-2015Redesign;en-US;636408990655147180#vplowph3nnj1xuhmekk3cf4z;11598;1;0
Jbdukehotel.com-0086-2016Redesign;en-US;636408990655147180#cpmh0odokrz3twzxmx10ligf;21918;1;0
Hhotellosangeles.com-0118-2017Redesign;en-US;636408990655147180#4d0vuj42ptqx4xn4rocuj1ef;35289;1;0
Meateatery.com-0080-2016Redesign;en-US;636408990655147180#zosokwhxjfyjpmksqk5wxbxf;18505;1;0
Bocatrans.com-0082-2016Redesign;en-US;636408990655147180#y0z5bxelgimyamre5dgonant;19758;1;0
Bluebirch.com-0072-2016Redesign;en-US;636408990655303200#xdq0ixegun2n4f3znxemnwix;16693;1;0
Homewoodsuiteslax.com-0110-2017Redesign;en-US;636408990655459220#j00shvk1g3e5rgwir12exwra;30747;1;0
Glencovemansion.com-0058-2015Redesign;en-US;636408990655459220#xcysf5qnm1gllg5nn52434wp;13328;1;0
Assuranceoperations.com-0065-2015Redesign;en-US;636408990655459220#cj4e2ewmibslvkhlcfl3hxkw;15263;1;0
Naiaresortandspa.com-0077-2016Redesign;en-US;636408990655615240#4qmf51y5sgyvwgodkthz0b1e;20455;1;0
Luxehotels.com-0078-2016Redesign;en-US;636408990655615240#mjwsqnmwd3poy4stjuvazayr;18805;1;0
Halcyonhotelcherrycreek.com-0061-2015Redesign;en-US;636408990655615240#z42vozgaiammonlt1rsca531;22121;1;0
Thecrawfordhotel.com-0074-2016Redesign;en-US;636408990655615240#m52vbbtnrlm5542npvnq1e3c;17145;1;0
Thecurtis.com-0079-2016Redesign;en-US;636408990655615240#3234j4ii32zag0otcrpew3ra;17981;1;0
Washingtoncourthotel.com-0076-2016Redesign;en-US;636408990655615240#cm3eixixs5wnq12dmrwkdl10;17858;1;0
Galthouse.com-0042-2015Redesign;en-US;636408990655771260#vby4oszylgpqitums2ywishk;38060;1;0
Abbingtonbanquets.com-0070-2016Redesign;en-US;636408990655771260#azkcb5fd0hol2bmyy4yfbgjy;15789;1;0
Jupiterbeachresort.com-0103-2017Redesign;en-US;636408990655771260#zzyiz1a34zjoqif0sfbrdfoh;38052;1;0
Oxfordclubspa.com-0068-2016Redesign;en-US;636408990655771260#skd5wnc1nm3035okgoedefw3;15568;1;0
Theharborsidehotel.com-0114-2017Redesign;en-US;636408990655771260#vtari3jhf0awflxrwhlfgr22;40403;1;0
Samosetresort.com-0113-2017Redesign;en-US;636408990655927280#tr4g3rrvct523zgmrx4qpa5t;40334;1;0
Theoxfordhotel.com-0062-2015Redesign;en-US;636408990655927280#oa10kixcpcwjs41z4fjcejav;14325;1;0
Treasureislandbeachresort.com-0089-2016Redesign;en-US;636408990655927280#4hk5aa4i5wptii2zrrwcouhl;38057;1;0
Opalsands.com-0084-2016Redesign;en-US;636408990656083300#cmjmmcgbp5dtt5dvppusssfr;38055;1;0
Edgewaternaples.com-0094-2016Redesign;en-US;636408990656083300#gchq1v0uaddxvsccnrcqawxb;38051;1;0
Sandylane.com-0075-2016Redesign;en-US;636408990656083300#bm3vend5nqqeyptmuybjqj25;17611;1;0
Zotabeachresort.com-0090-2016Redesign;en-US;636408990656083300#f2if14tvre4aadf4bjv1q4bx;38058;1;0
Beverlyhillsresidenceinn.com-0087-2016Redesign;en-US;636408990656083300#z2gbr4iovqxvjdxiwoxmncsx;20999;1;0
Texturefoodanddrink.com-0067-2016Redesign;en-US;636408990656239320#hej3syi3hoo545srpjpobjvb;15452;1;0
Chrco.com-0107-2017Redesign;en-US;636408990656395340#fwi40o24afrs5wpa4nte1lmn;29280;1;0
Lakeplacidlodge.com-0105-2017Redesign;en-US;636408990656395340#attsjd3n0bbwt0dfg12hqbch;39238;1;0
Secretharbourvi.com-0040-2015Redesign;en-US;636408990656863400#52pqg3lpiq2ethmckqdtnrcr;9231;1;0
Thelodgeatwoodloch.com-0033-2015Redesign;en-US;636408990658423600#4eamo3ijyz01szrlmnfy5ymq;7771;1;0
Thesagamore.com-0112-2017Redesign;en-US;636408990660763900#55kvp2gdglngs2aqwfnpv41s;32339;1;0
Cendyn.com-0095-2016Redesign;en-US;636408990662792160#1rvgdhluvzoz0jhx5cthkrga;26640;1;0
Cendyn.com-0095-2016Redesign;en-US;636408990662792160#mqv4xrkadretpp22uwolzbwm;26640;1;0
Passport.lehotels.com-0069-2016BlogRedesign;en-US;636408990662792160#ajsbcmovzju4fnejduoqwch5;41068;1;0
Cendyn.com-0095-2016Redesign;en-US;636408990662792160#jki43jg3342unke1dtiajari;26640;1;0
Cendyn.com-0095-2016Redesign;en-US;636408990662792160#abrmuhnea1gdfuy45llp3u0w;26640;1;0
Hospitalityupgrade.com-0093-2016Redesign;en-US;636408990662792160#hk5tjcniqpe3tb30fmswj0ad;25405;1;0
Luxehotels.com-0078-2016Redesign;en-US;636408990667316740#24dudh3520blbqhaypim4d5d;18805;1;0
Lehotels.com-0049-2015Transfer;en-US;636408990667472760#ebr4heyklnhmqtymjmrpuu3v;12129;1;0
Broadmoor.com-0073-2016Redesign;en-US;636408990667940820#ppnsddbvgunohrhtlirn1vnk;16721;1;0
Monarchbeachresort.com-0092-2016Redesign;en-US;636408990668720920#5nexwgya0csp53tenbjycbpw;40212;1;0
Broadmoor.com-0073-2016Redesign;en-US;636408990671685300#je32m0hxo2hj3gvcdnzrkyoy;16728;1;0
Longboatkeyclub.com-0104-2017Redesign;en-US;636408990672933460#5r002yygjxztzjxv5qy5fzuw;38054;1;0
Napavalleymarriott.com-0071-2016Redesign;en-US;636408990672933460#kyudigaksjzw1vjqkexoyfy4;16432;1;0
Thesagamore.com-0112-2017Redesign;en-US;636408990673089480#yly10gvslmk0fcvtt4z1cggl;39241;1;0
Lidobeachresort.com-0106-2017Redesign;en-US;636408990673089480#gahplxl1tkexvhfcllb40hzk;38053;1;0
Lidobeachresort.com-0106-2017Redesign;en-US;636408990677458040#ib2atmkp1j3mtnqv1olnjgfy;28666;1;0
Secretharbourvi.com-0040-2015Redesign;en-US;636408990677614060#maiqq4cfj1cah4hfd1k4h1f5;20178;1;0
Marriottkeylargo.com-0015-2014Redesign;en-US;636408990678550180#z2z3qessk4oslweczkvkcnoe;4027;1;0
Monarchbeachresort.com-0092-2016Redesign;en-US;636408990679174260#pwgzey2moljc2rck1tntsqol;23492;1;0
Thesagamore.com-0112-2017Redesign;en-US;636408990681046500#55kvp2gdglngs2aqwfnpv41s;32339;1;0
Cendyn.com-0095-2016Redesign;en-US;636408990682918740#krlwlu0yjq4xptjcjxo3k03n;26640;1;0
Broadmoor.com-0073-2016Redesign;en-US;636408990682918740#p4rhuqnadbubzm2drtx4jggi;38059;1;0
Longboatkeyclub.com-0104-2017Redesign;en-US;636408990686975260#ssy0qszewh5jlqgbrqwo5cwx;28364;1;0
Galthouse.com-0042-2015Redesign;en-US;636408990689627600#ndinphgs4ycxbobkqkhkngiv;31905;1;0
Longboatkeyclub.com-0104-2017Redesign;en-US;636408990689627600#ssy0qszewh5jlqgbrqwo5cwx;28364;1;0
Delraysandsresort.com-0097-2016Redesign;en-US;636408990693216060#duy3krqtcyby2piq10hgomny;38049;1;0
Sandpearl.com-0091-2016Redesign;en-US;636408990693216060#n2tpltxdewpzceuoydxfcu45;38056;1;0
Theoxfordhotel.com-0062-2015Redesign;en-US;636408990694776260#qy3i22pdrt3ppnzwzkfjdkfm;14430;1;0
Luxehotels.com-0078-2016Redesign;en-US;636408990695712380#z2uggq4f12vpsala4g3k5qol;18805;1;0
Thesagamore.com-0112-2017Redesign;en-US;636408990695712380#pi002cljyifua5x1qph0elu4;32346;1;0
Samosetresort.com-0113-2017Redesign;en-US;636408990698676760#bcadctge5sbnxg0tvee114or;32547;1;0
Jbdukehotel.com-0086-2016Redesign;en-US;636408990701173080#40mh3enuyyozreuzcsfktrsb;21918;1;0
Cocokeyorlando.com-0059-2015Redesign;en-US;636408990703513380#n3tlfj1u42elm2edk1abho3a;12394;1;0
Washingtoncourthotel.com-0076-2016Redesign;en-US;636408990705229600#2wq5k4wudic53bc5mlrfhdri;17858;1;0
Degreerestaurant.com-0056-2015Redesign;en-US;636408990705229600#1rdb5vjvugd0jgdpkffusk4k;11598;1;0
Glencovemansion.com-0058-2015Redesign;en-US;636408990705229600#sk3m2eewuio0sptfxj2q20zs;13328;1;0
Homewoodsuiteslax.com-0110-2017Redesign;en-US;636408990705229600#zqyaqlwpqguvr2kxez5wvbaf;30747;1;0
Assuranceoperations.com-0065-2015Redesign;en-US;636408990705229600#mysvofuitykgwbr0cvj2sh4m;15263;1;0
Bocatrans.com-0082-2016Redesign;en-US;636408990705229600#qczrr4cxbu0nkrpvyb35krmj;19758;1;0
Abbingtonbanquets.com-0070-2016Redesign;en-US;636408990705229600#2c20ewz0skz1c5q0nmpxvlm0;15789;1;0
Jbdukehotel.com-0086-2016Redesign;en-US;636408990705385620#l0kmptuuz5snrpsydavie0f2;21918;1;0
Thecrawfordhotel.com-0074-2016Redesign;en-US;636408990705385620#xa5ltmr4rdv0rmkpffvtadcz;17145;1;0
Hhotellosangeles.com-0118-2017Redesign;en-US;636408990705385620#0f3w4yvj1ilermvf30a0zsxl;35289;1;0
Luxehotels.com-0078-2016Redesign;en-US;636408990705541640#eixjete4rdxpizfuhst0w23z;18805;1;0
Thecurtis.com-0079-2016Redesign;en-US;636408990705541640#skpcfc00cmuzjkg5g1yqvkhv;17981;1;0
Bluebirch.com-0072-2016Redesign;en-US;636408990705541640#thjohes32eue2v2cbm2tx1aj;16693;1;0
Meateatery.com-0080-2016Redesign;en-US;636408990705541640#vmshqwozinz3eu12p0bxr0ot;18505;1;0
Texturefoodanddrink.com-0067-2016Redesign;en-US;636408990705541640#vt2d10glwg2g004gqhghbunm;15452;1;0
Naiaresortandspa.com-0077-2016Redesign;en-US;636408990705541640#uj4b1n2anmyztgtmcnpdetph;20455;1;0
Galthouse.com-0042-2015Redesign;en-US;636408990705541640#qc14xzwg4f5lfjlavi4fdfta;38060;1;0
Oxfordclubspa.com-0068-2016Redesign;en-US;636408990705697660#j13wwzhd0u42wl5fykolbw2x;15568;1;0
Beverlyhillsresidenceinn.com-0087-2016Redesign;en-US;636408990705697660#dzstxufhgzl4kkxtkzvmpeih;20999;1;0
Theoxfordhotel.com-0062-2015Redesign;en-US;636408990705697660#ntzjhmzlm1ket1gs5mbxbxms;14325;1;0
Theharborsidehotel.com-0114-2017Redesign;en-US;636408990705697660#ufljvrsekriplrie4kj0ftwn;40403;1;0
Chrco.com-0107-2017Redesign;en-US;636408990705697660#0e0f0dcynbq0yn21dk3qfa2p;29280;1;0
Treasureislandbeachresort.com-0089-2016Redesign;en-US;636408990705697660#zfxoxb3nkgc1d1ydaflrdd00;38057;1;0
Samosetresort.com-0113-2017Redesign;en-US;636408990705853680#khqe4sz1b0rjm1zsvepmqomh;40334;1;0
Jupiterbeachresort.com-0103-2017Redesign;en-US;636408990705853680#yrt0xwdegep3lrj2qb3lwtze;38052;1;0
Halcyonhotelcherrycreek.com-0061-2015Redesign;en-US;636408990705853680#1ptonipmemti4v4cdtjwuoos;22121;1;0
Opalsands.com-0084-2016Redesign;en-US;636408990705853680#5ce5mjcqedyqubgmwsuodjhb;38055;1;0
Zotabeachresort.com-0090-2016Redesign;en-US;636408990705853680#quqawlc0i0ksyvh2ahznu4gb;38058;1;0
Lakeplacidlodge.com-0105-2017Redesign;en-US;636408990705853680#lxncjltpey3hwg5ri0ajtlxv;39238;1;0
Sandylane.com-0075-2016Redesign;en-US;636408990706321740#ozuqc0xy0eecyhzzon35ng5b;17611;1;0
Cocokeyorlando.com-0059-2015Redesign;en-US;636408990706477760#n3tlfj1u42elm2edk1abho3a;12394;1;0
Edgewaternaples.com-0094-2016Redesign;en-US;636408990706477760#lkzdoevfr1mp222ijxfsro0p;38051;1;0
Thesagamore.com-0112-2017Redesign;en-US;636408990711314380#d5jxhlfjdylg00q2q0d3o4ew;33921;1;0
Cendyn.com-0095-2016Redesign;en-US;636408990712718560#ktqd3ude5xtga1aenabxw215;26640;1;0
Cendyn.com-0095-2016Redesign;en-US;636408990712718560#dlbzucgsp0ka35i1bi2slff3;26640;1;0
Cendyn.com-0095-2016Redesign;en-US;636408990712718560#yf00xz0wl4uw5fou3en3wsez;26640;1;0
Cendyn.com-0095-2016Redesign;en-US;636408990712718560#fpowysxyjiy3pu54xanhw2zb;26640;1;0
Passport.lehotels.com-0069-2016BlogRedesign;en-US;636408990712718560#jtoacwhtd5dgcts50rpyhe3d;41068;1;0
Hospitalityupgrade.com-0093-2016Redesign;en-US;636408990712718560#kdzj22tqhquw0epttnmikahp;25405;1;0
Lakeplacidlodge.com-0105-2017Redesign;en-US;636408990718179260#12scm0xghik5civx1cqzkw4w;32795;1;0
Sandylane.com-0075-2016Redesign;en-US;636408990719739460#zlh3u3axj3zie1bzs4igqpdb;17611;1;0
Theoxfordhotel.com-0062-2015Redesign;en-US;636408990721299660#qy3i22pdrt3ppnzwzkfjdkfm;14325;1;0
Napavalleymarriott.com-0071-2016Redesign;en-US;636408990722703840#ijrlj1yzk2d34ejfs2rnbvd4;16432;1;0
Lidobeachresort.com-0106-2017Redesign;en-US;636408990722859860#2i3niknos4r2trqrj352xr25;38053;1;0
Thesagamore.com-0112-2017Redesign;en-US;636408990722859860#15eknz1h40aoo13xh2qhdkcp;39241;1;0
Broadmoor.com-0073-2016Redesign;en-US;636408990723483940#tfv4nsv04vmclsuyzurrdmde;16721;1;0
Longboatkeyclub.com-0104-2017Redesign;en-US;636408990723952000#gwa3wqnuyc12jjgpacnxko3l;38054;1;0
Chrco.com-0107-2017Redesign;en-US;636408990725044140#vp3whtkjo5scnraueqmrjhcy;29280;1;0
Theloganhotel.com-0043-2015Redesign;en-US;636408990726136280#qqr35rnnnnwqdkzlje0nmzoq;24449;1;0
Broadmoor.com-0073-2016Redesign;en-US;636408990730036780#tfv4nsv04vmclsuyzurrdmde;16721;1;0
wentworthcom00212014redesign;en-US;636408990732845140#shp3rxf5nawfign01sirdxbg;26679;1;0
Cendyn.com-0095-2016Redesign;en-US;636408990732845140#oxtyxvacl0e3zq0m20zceopj;26640;1;0
Broadmoor.com-0073-2016Redesign;en-US;636408990732845140#vcx2rag2f2iwncx4x1vgc1m0;38059;1;0
Theoxfordhotel.com-0062-2015Redesign;en-US;636408990734093300#qy3i22pdrt3ppnzwzkfjdkfm;14325;1;0
Broadmoor.com-0073-2016Redesign;en-US;636408990736121560#tfv4nsv04vmclsuyzurrdmde;16721;1;0
Newyorkpalacemeetings.com-0045-2015Redesign;en-US;636408990739241960#rkww5zbxp2jikrkrf5giamt1;9251;1;0
Theoxfordhotel.com-0062-2015Redesign;en-US;636408990739397980#qy3i22pdrt3ppnzwzkfjdkfm;14325;1;0
Broadmoor.com-0073-2016Redesign;en-US;636408990741738280#tfv4nsv04vmclsuyzurrdmde;16721;1;0
Monarchbeachresort.com-0092-2016Redesign;en-US;636408990741738280#hcs0wtrqcyxkldqsoebsf1e5;23485;1;0
Delraysandsresort.com-0097-2016Redesign;en-US;636408990742830420#wdvswmiw0pnn1bba5fqcf2uc;38049;1;0
Sandpearl.com-0091-2016Redesign;en-US;636408990742830420#hu1w3xpztfyom1houa5efewe;38056;1;0
Jupiterbeachresort.com-0103-2017Redesign;en-US;636408990742986440#iynw5iulexvxsjzoxpdoqhmq;41589;1;0
wentworthcom00212014redesign;en-US;636408990743142460#s5qtq3lwe3mccolpjposppvq;4311;1;0
Bellemontfarm.com-0007-2013Redesign;en-US;636408990745950820#ke4k0hgn4vau2ws1zxtklqqx;2502;1;0
Broadmoor.com-0073-2016Redesign;en-US;636408990746574900#tfv4nsv04vmclsuyzurrdmde;16721;1;0
Washingtondukeinn.com-0024-2014Redesign;en-US;636408990747511020#drxa0uoprdjkogfmjyrihtr4;5087;1;0
Broadmoor.com-0073-2016Redesign;en-US;636408990753595800#tfv4nsv04vmclsuyzurrdmde;16721;1;0
Jbdukehotel.com-0086-2016Redesign;en-US;636408990755156000#abztiiuslqgonmpemqq5p5it;21918;1;0
Theoxfordhotel.com-0062-2015Redesign;en-US;636408990755156000#3ybpjaxnsajgfcldmhdyrp2a;14325;1;0
Naiaresortandspa.com-0077-2016Redesign;en-US;636408990755156000#25dn3r2fhv41zl541da0ctd5;20455;1;0
Luxehotels.com-0078-2016Redesign;en-US;636408990755156000#o2ql20q2dcedm3kiiik2sfoy;18805;1;0
Sandylane.com-0075-2016Redesign;en-US;636408990755312020#gc1oy4nb5m5zrj2oifouggbz;17611;1;0
Jupiterbeachresort.com-0103-2017Redesign;en-US;636408990755312020#w05p2pxcw4cjxrrd4ui2geb1;38052;1;0
Opalsands.com-0084-2016Redesign;en-US;636408990755312020#d3tibtpcn3sawa0iaiezuf5y;38055;1;0
Lakeplacidlodge.com-0105-2017Redesign;en-US;636408990755312020#g5di0gbn3bl0brnfdtpqkng0;39238;1;0
Zotabeachresort.com-0090-2016Redesign;en-US;636408990755312020#ps3e3g1kd31gllhv4xgqcgo1;38058;1;0
Beverlyhillsresidenceinn.com-0087-2016Redesign;en-US;636408990755312020#mnjjh0u04z4oskihhitibnng;20999;1;0
Glencovemansion.com-0058-2015Redesign;en-US;636408990755468040#qvhlwemjxbqoy4loinbfhuln;13328;1;0
Meateatery.com-0080-2016Redesign;en-US;636408990755468040#3h415vci1xahswxolpmsg2qx;18505;1;0
Bluebirch.com-0072-2016Redesign;en-US;636408990755468040#4elmaawv1szd5kpsxd4zz4o4;16693;1;0
Thecurtis.com-0079-2016Redesign;en-US;636408990755468040#m0o4dqxsoohl04jpdyakx2gq;17981;1;0
Thecrawfordhotel.com-0074-2016Redesign;en-US;636408990755624060#bg1l1ilxrntjv13ex3jggae0;17145;1;0
Homewoodsuiteslax.com-0110-2017Redesign;en-US;636408990755624060#3oxjczldhdw32o0naqavun5s;30747;1;0
Galthouse.com-0042-2015Redesign;en-US;636408990755624060#n33u25zpc1yl2marbkklxnob;38060;1;0
Texturefoodanddrink.com-0067-2016Redesign;en-US;636408990755624060#wrbznrmb2nk3dkpngcuj3zy5;15452;1;0
Abbingtonbanquets.com-0070-2016Redesign;en-US;636408990755780080#0bogmi2zkhadn1gssxeo0u4r;15789;1;0
Chrco.com-0107-2017Redesign;en-US;636408990755780080#fij5eetjtad5uawa400dbz0u;29280;1;0
Theharborsidehotel.com-0114-2017Redesign;en-US;636408990755780080#ddbr4f2ms5qu0jiu4j02wben;40403;1;0
Assuranceoperations.com-0065-2015Redesign;en-US;636408990755780080#t0rfrkcs0q1yv14rzyfoaudo;15263;1;0
Edgewaternaples.com-0094-2016Redesign;en-US;636408990755936100#bufoa434njs4opm10p4aktpx;38051;1;0
Halcyonhotelcherrycreek.com-0061-2015Redesign;en-US;636408990755936100#tjlrtsfp2wbjscso3vzwl12v;22121;1;0
Degreerestaurant.com-0056-2015Redesign;en-US;636408990756092120#0h0iyou0xj0d0joszsra4vrs;11598;1;0
Oxfordclubspa.com-0068-2016Redesign;en-US;636408990756248140#dukb0pa25mplkzlx4rncokov;15568;1;0
Treasureislandbeachresort.com-0089-2016Redesign;en-US;636408990756404160#apadp4omyfqhdacte1rpfjks;38057;1;0
Samosetresort.com-0113-2017Redesign;en-US;636408990756404160#hqv1uugqvx5jb2dqctuist3u;40334;1;0
Washingtoncourthotel.com-0076-2016Redesign;en-US;636408990756404160#mzlu5xqpfwnvsvwwiadu4ew2;17858;1;0
Hhotellosangeles.com-0118-2017Redesign;en-US;636408990756560180#nxur5nyaxzew5mc0q4lt3q1i;35289;1;0
Bocatrans.com-0082-2016Redesign;en-US;636408990756716200#efsw5lgkbedekpbn401dqr00;19758;1;0
Bellemontfarm.com-0007-2013Redesign;en-US;636408990756716200#ke4k0hgn4vau2ws1zxtklqqx;1991;1;0
Broadmoor.com-0073-2016Redesign;en-US;636408990758588440#tfv4nsv04vmclsuyzurrdmde;16721;1;0
Jupiterbeachresort.com-0103-2017Redesign;en-US;636408990761552820#fyhbptmg3vdmj1yrkruexng5;28158;1;0
Cendyn.com-0095-2016Redesign;en-US;636408990762644960#c1zgu0awzqky0bpxdh1qvmlm;26640;1;0
Cendyn.com-0095-2016Redesign;en-US;636408990762644960#tdjz42xcqrqbav1xnqzqm4pb;26640;1;0
Cendyn.com-0095-2016Redesign;en-US;636408990762644960#v0sxsyn3ne4t3vb1vfjydprq;26640;1;0
Hospitalityupgrade.com-0093-2016Redesign;en-US;636408990762644960#vw3ppcy2mfuhfumudzpl5lys;25405;1;0
Passport.lehotels.com-0069-2016BlogRedesign;en-US;636408990762644960#k5xfe5oy2t55aubiq4kk5kts;41068;1;0
Cendyn.com-0095-2016Redesign;en-US;636408990762644960#uihdds5fc3blxtyxrzth1ktz;26640;1;0
Broadmoor.com-0073-2016Redesign;en-US;636408990763269040#tfv4nsv04vmclsuyzurrdmde;16721;1;0
Lehotels.com-0049-2015Transfer;en-US;636408990763581080#hfhyhmdg5drax2o3htb1m1qb;13910;1;0
Sandylane.com-0075-2016Redesign;en-US;636408990764517200#yx3erziq4xzlhc0nalswojoc;17611;1;0
Luxehotels.com-0078-2016Redesign;en-US;636408990765141280#24dudh3520blbqhaypim4d5d;18805;1;0
Jupiterbeachresort.com-0103-2017Redesign;en-US;636408990765609340#fyhbptmg3vdmj1yrkruexng5;28158;1;0
Broadmoor.com-0073-2016Redesign;en-US;636408990766077400#dzdeot42ss5a4uj1fbchvejs;16728;1;0
Samosetresort.com-0113-2017Redesign;en-US;636408990766077400#koup1zecnoyrmhvwnkzpq244;35355;1;0
Hospitalityupgrade.com-0093-2016Redesign;en-US;636408990767169540#sok4prrbepcqbkdihuwb3p3x;37631;1;0
Broadmoor.com-0073-2016Redesign;en-US;636408990768105660#tfv4nsv04vmclsuyzurrdmde;16721;1;0
Bellemontfarm.com-0007-2013Redesign;en-US;636408990768417700#ke4k0hgn4vau2ws1zxtklqqx;11497;1;0
Napavalleymarriott.com-0071-2016Redesign;en-US;636408990772630240#rsybidmtvbz4n1lj3httxju0;16432;1;0
Thesagamore.com-0112-2017Redesign;en-US;636408990772786260#d4ixavoahc2jz5nnbe5jyzpl;39241;1;0
Longboatkeyclub.com-0104-2017Redesign;en-US;636408990772942280#3hxaodxfgnfqusdm00x2zbx0;38054;1;0
Lidobeachresort.com-0106-2017Redesign;en-US;636408990773566360#0did4wesvopv4kyv20xyqynh;38053;1;0
Broadmoor.com-0073-2016Redesign;en-US;636408990774502480#tfv4nsv04vmclsuyzurrdmde;16721;1;0
Luxehotels.com-0078-2016Redesign;en-US;636408990776062680#24dudh3520blbqhaypim4d5d;18805;1;0
Thesagamore.com-0112-2017Redesign;en-US;636408990776218700#q5yyzva31olu4ox2vijzhu2b;33455;1;0
Bellemontfarm.com-0007-2013Redesign;en-US;636408990776530740#ke4k0hgn4vau2ws1zxtklqqx;12011;1;0
Delraysandsresort.com-0097-2016Redesign;en-US;636408990776686760#4uuv4fkbshby21b2zo3ijoml;28435;1;0
Samosetresort.com-0113-2017Redesign;en-US;636408990777310840#koup1zecnoyrmhvwnkzpq244;35355;1;0
Thesagamore.com-0112-2017Redesign;en-US;636408990778090940#rlfaf4v1znbtwt2knbakhegq;32346;1;0
Laxembassy.com-0008-2014Redesign;en-US;636408990779183080#t5zvynqklw1l00lkel2pq1rc;2101;1;0
Broadmoor.com-0073-2016Redesign;en-US;636408990779963180#buvlroev5geazhepf33ulicx;16722;1;0
Thelodgeatwoodloch.com-0033-2015Redesign;en-US;636408990780743280#4eamo3ijyz01szrlmnfy5ymq;7783;1;0
Luxehotels.com-0078-2016Redesign;en-US;636408990782771540#24dudh3520blbqhaypim4d5d;18805;1;0
Cendyn.com-0095-2016Redesign;en-US;636408990782771540#3rcbcakxtjnozsontg0jxvey;26640;1;0
Broadmoor.com-0073-2016Redesign;en-US;636408990782927560#nraubo5prwwfkvbyvxfnt4mq;38059;1;0
Bellemontfarm.com-0007-2013Redesign;en-US;636408990788076220#ke4k0hgn4vau2ws1zxtklqqx;11497;1;0
Luxehotels.com-0078-2016Redesign;en-US;636408990790416520#24dudh3520blbqhaypim4d5d;18805;1;0
wentworthcom00212014redesign;en-US;636408990791040600#shp3rxf5nawfign01sirdxbg;26679;1;0
Sandpearl.com-0091-2016Redesign;en-US;636408990792756820#q1m4gavodituqr1vbrckgw3w;38056;1;0
Delraysandsresort.com-0097-2016Redesign;en-US;636408990792756820#f5kzubje15433oyeevjxtrau;38049;1;0
Thesagamore.com-0112-2017Redesign;en-US;636408990793380900#hxhwq52fg3ii4ztaln3ftfe3;32339;1;0
Thesagamore.com-0112-2017Redesign;en-US;636408990795409160#hxhwq52fg3ii4ztaln3ftfe3;32339;1;0
wentworthcom00212014redesign;en-US;636408990796345280#shp3rxf5nawfign01sirdxbg;26679;1;0
Thesagamore.com-0112-2017Redesign;en-US;636408990803054140#4vvvde22ky0wrw3etgyneqit;33921;1;0
Bluebirch.com-0072-2016Redesign;en-US;636408990805238420#zw4guw0avrlml0yoeuyehtmm;16693;1;0
Naiaresortandspa.com-0077-2016Redesign;en-US;636408990805238420#lksicy4nzwtbdsp1yhfr24d3;20455;1;0
Zotabeachresort.com-0090-2016Redesign;en-US;636408990805238420#pmgofb4py5fpeqxof2esdoa1;38058;1;0
Degreerestaurant.com-0056-2015Redesign;en-US;636408990805238420#q3hjdjlliscotveoriw2ocm0;11598;1;0
Meateatery.com-0080-2016Redesign;en-US;636408990805238420#lyk5lfxvuglnvujny3pjqmlr;18505;1;0
Galthouse.com-0042-2015Redesign;en-US;636408990805394440#yj5n3pjqb0defjyqmf2vynsf;38060;1;0
Thesagamore.com-0112-2017Redesign;en-US;636408990805394440#pi002cljyifua5x1qph0elu4;32391;1;0
Luxehotels.com-0078-2016Redesign;en-US;636408990805394440#cfwkr3x2tlq2qqhgl1cxga4u;18805;1;0
Beverlyhillsresidenceinn.com-0087-2016Redesign;en-US;636408990805394440#hrz4kxrwxzpz4fnsewk104bi;20999;1;0
Thecurtis.com-0079-2016Redesign;en-US;636408990805550460#zwzvz3ulmyj4za0sloh44bql;17981;1;0
Abbingtonbanquets.com-0070-2016Redesign;en-US;636408990805550460#wl2ephasmqpgobnqwpmw3pxz;15789;1;0
Thecrawfordhotel.com-0074-2016Redesign;en-US;636408990805550460#2g2emcdbm0xbmdymv3x0i4cz;17145;1;0
Jbdukehotel.com-0086-2016Redesign;en-US;636408990805550460#4tx1mcs43utfwwn0gtihmo5n;21918;1;0
Chrco.com-0107-2017Redesign;en-US;636408990805550460#1bkcdj0yyagtklmcperyfgkw;29280;1;0
Assuranceoperations.com-0065-2015Redesign;en-US;636408990805550460#qzjq412ihyukktwmt3ddxnie;15263;1;0
Bocatrans.com-0082-2016Redesign;en-US;636408990805550460#3bkbx32w0xsjh1s115dto34t;19758;1;0
Texturefoodanddrink.com-0067-2016Redesign;en-US;636408990805550460#dcekgy5le1mrgglagivy3s5c;15452;1;0
Halcyonhotelcherrycreek.com-0061-2015Redesign;en-US;636408990805706480#rucpiqzgcmhdb0fmindot3kx;22121;1;0
Lakeplacidlodge.com-0105-2017Redesign;en-US;636408990805706480#qdj3kyki10frjefrmotzv00i;39238;1;0
Edgewaternaples.com-0094-2016Redesign;en-US;636408990805706480#1tjiybutnkgamcdkahu4dle1;38051;1;0
Treasureislandbeachresort.com-0089-2016Redesign;en-US;636408990805706480#bszs3sir1lvxnhw3faa2s4s5;38057;1;0
Theharborsidehotel.com-0114-2017Redesign;en-US;636408990805706480#umad2wg2uw0dq1rkcoa4xnsn;40403;1;0
Samosetresort.com-0113-2017Redesign;en-US;636408990805706480#y3k2bjym512gbse30ykuollq;40334;1;0
Jupiterbeachresort.com-0103-2017Redesign;en-US;636408990805706480#s41cwgbw4d2qdrjfyo2irv0p;38052;1;0
Oxfordclubspa.com-0068-2016Redesign;en-US;636408990805862500#aa35hsq2e3t1y3jwuopd24cp;15568;1;0
Theoxfordhotel.com-0062-2015Redesign;en-US;636408990805862500#nvooyvqbvthbowaopclxlte3;14325;1;0
Homewoodsuiteslax.com-0110-2017Redesign;en-US;636408990805862500#d5izpcwb00gv0quktwz5vtg0;30747;1;0
Washingtoncourthotel.com-0076-2016Redesign;en-US;636408990805862500#g3eng3wfnffy2ttzdtopqqpi;17858;1;0
Opalsands.com-0084-2016Redesign;en-US;636408990805862500#i1zequue3s3auergvhp5x3oq;38055;1;0
Hhotellosangeles.com-0118-2017Redesign;en-US;636408990805862500#4wbntkwzsemf3vsig5hxfozz;35289;1;0
Glencovemansion.com-0058-2015Redesign;en-US;636408990805862500#5j1a441uqlar0pgwmz1xwatu;13328;1;0
Sandylane.com-0075-2016Redesign;en-US;636408990805862500#fbdzuwwohfguhwcprbo02dbr;17611;1;0
Hospitalityupgrade.com-0093-2016Redesign;en-US;636408990807110660#evqedg3i4n4tonsimqmpxzbs;37631;1;0
Thesagamore.com-0112-2017Redesign;en-US;636408990807422700#hxhwq52fg3ii4ztaln3ftfe3;32339;1;0
Napavalleymarriott.com-0071-2016Redesign;en-US;636408990810699120#blpied0xta5yqc4kew0ykm2y;16432;1;0
Broadmoor.com-0073-2016Redesign;en-US;636408990812415340#je32m0hxo2hj3gvcdnzrkyoy;18259;1;0
Jupiterbeachresort.com-0103-2017Redesign;en-US;636408990814287580#ajro11pi3vi1lblulngojre1;28158;1;0
Passport.lehotels.com-0069-2016BlogRedesign;en-US;636408990814287580#zd1aq00ynofyqczqubnsrstx;41068;1;0
Cendyn.com-0095-2016Redesign;en-US;636408990814287580#mtewjtjbvrtj0cb5wt3ru5nw;26640;1;0
Hospitalityupgrade.com-0093-2016Redesign;en-US;636408990814287580#d02j1nh5n4tg45u3fez5agsv;25405;1;0
Cendyn.com-0095-2016Redesign;en-US;636408990814287580#uebcv5jjsps4sm354h1qalqu;26640;1;0
Cendyn.com-0095-2016Redesign;en-US;636408990814443600#ll5r5vtaggj2pkfbyleysyts;26640;1;0
Cendyn.com-0095-2016Redesign;en-US;636408990814443600#gbiubyigwbg0yoalsdu1z4rs;26640;1;0
Monarchbeachresort.com-0092-2016Redesign;en-US;636408990814443600#txjedjn4nnswv55bvrsq2jzw;23492;1;0
Monarchbeachresort.com-0092-2016Redesign;en-US;636408990815379720#2oopkna2pxyixj3es03tspcj;22983;1;0
Theloganhotel.com-0043-2015Redesign;en-US;636408990818032060#swhyfogq5gnionnjpl2s5uee;27979;1;0
Napavalleymarriott.com-0071-2016Redesign;en-US;636408990818500120#blpied0xta5yqc4kew0ykm2y;16432;1;0
Jupiterbeachresort.com-0103-2017Redesign;en-US;636408990819436240#ajro11pi3vi1lblulngojre1;28158;1;0
Napavalleymarriott.com-0071-2016Redesign;en-US;636408990822712660#ipzzfmvmmoorhhwv1eygfcj1;16432;1;0
Broadmoor.com-0073-2016Redesign;en-US;636408990822712660#1cpivv4usjoxqkomc2vbsxrm;16721;1;0
Thesagamore.com-0112-2017Redesign;en-US;636408990822712660#udnwvrb35nmoksmulnldml01;39241;1;0
Longboatkeyclub.com-0104-2017Redesign;en-US;636408990822868680#vckraurpy0vdjlqbz2nfeoaj;38054;1;0
Lidobeachresort.com-0106-2017Redesign;en-US;636408990822868680#fg2unouvafwnmfmcti2vjdo2;38053;1;0
Thesagamore.com-0112-2017Redesign;en-US;636408990823336740#hwvt5ncv0wb25gmoksz43jkp;33921;1;0
Monarchbeachresort.com-0092-2016Redesign;en-US;636408990825677040#qcuaaneviv2qnyix21qwbey5;22977;1;0
Glencovemansion.com-0058-2015Redesign;en-US;636408990826769180#p3qnflof5pv3aokkairolz20;13328;1;0
Broadmoor.com-0073-2016Redesign;en-US;636408990829577540#dzdeot42ss5a4uj1fbchvejs;18010;1;0
Samosetresort.com-0113-2017Redesign;en-US;636408990829889580#bcadctge5sbnxg0tvee114or;35274;1;0
Cendyn.com-0095-2016Redesign;en-US;636408990832853960#wv0cuda4e3tfrnchan22hgbf;26640;1;0
Broadmoor.com-0073-2016Redesign;en-US;636408990832853960#krgso4c3aqqtwh02uydqoqug;38059;1;0
Residenceinnnyc.com-0034-2015Redesign;en-US;636408990833166000#z3xtdlre1ef3fpxllnapq00u;7926;1;0
Washingtondukeinn.com-0024-2014Redesign;en-US;636408990833166000#ixl1bhs4nkl5q5fuu2dbgpa4;4524;1;0
Sandpearl.com-0091-2016Redesign;en-US;636408990838626700#3jsunjl2p5ywvpxb4bibp0jw;22481;1;0
Edgewaternaples.com-0094-2016Redesign;en-US;636408990842371180#dysmwzx2pprz3wweg4xh405i;25287;1;0
Delraysandsresort.com-0097-2016Redesign;en-US;636408990842839240#oovqeulorsswm4u33mukv5ba;38049;1;0
Sandpearl.com-0091-2016Redesign;en-US;636408990842839240#kyezme3q1b341rbaghtgcak0;38056;1;0
Lidobeachresort.com-0106-2017Redesign;en-US;636408990844867500#p1qtwoxnpvyrrd0bguv4j4vw;28666;1;0
Cocokeyorlando.com-0059-2015Redesign;en-US;636408990847051780#igcf0zpt32jrblnrsg3tgrib;12394;1;0
Montaukyachtclub.com-0010-2014Redesign;en-US;636408990847831880#dleqw04pfj2h4l4sigzegko4;2240;1;0
Jupiterbeachresort.com-0103-2017Redesign;en-US;636408990850328200#ajro11pi3vi1lblulngojre1;28158;1;0
Samosetresort.com-0113-2017Redesign;en-US;636408990853448600#4eiw3ea4znlao4keudrpaa5g;32541;1;0
Bluebirch.com-0072-2016Redesign;en-US;636408990855164820#bilqlvpzlhr3ank5gxwlm11a;16693;1;0
Degreerestaurant.com-0056-2015Redesign;en-US;636408990855320840#uvkewec0yo1jetve2hwvx1ra;11598;1;0
Assuranceoperations.com-0065-2015Redesign;en-US;636408990855320840#fpm0b2etpq2elmvuf2jirutj;15263;1;0
Beverlyhillsresidenceinn.com-0087-2016Redesign;en-US;636408990855476860#szpthvst1zyrph2edgwy31ma;20999;1;0
Chrco.com-0107-2017Redesign;en-US;636408990855788900#21iz5g5mv5ktlyiz1gpnqdbl;29280;1;0
Luxehotels.com-0078-2016Redesign;en-US;636408990855788900#dgglggqtyyzg4vmvmvicwanj;18805;1;0
Thecrawfordhotel.com-0074-2016Redesign;en-US;636408990855788900#o5yjnce3nlljqs24on512cht;17145;1;0
Halcyonhotelcherrycreek.com-0061-2015Redesign;en-US;636408990855788900#0hychonks2zqwfy2ueqekpgj;22121;1;0
Samosetresort.com-0113-2017Redesign;en-US;636408990855788900#phs2ogjkoc13jb2gsoj2old0;40334;1;0
Lakeplacidlodge.com-0105-2017Redesign;en-US;636408990855788900#qdtlds5ts2nw12qgrkoo0afy;39238;1;0
Hhotellosangeles.com-0118-2017Redesign;en-US;636408990855788900#ke2msrcx2txtiruueitvjvo5;35289;1;0
Theoxfordhotel.com-0062-2015Redesign;en-US;636408990855788900#a5bfucc5d1gxnweuditiq03j;14325;1;0
Sandylane.com-0075-2016Redesign;en-US;636408990855788900#mkrwutb24vxcedofrkagzbsq;17611;1;0
Opalsands.com-0084-2016Redesign;en-US;636408990855788900#qmva24urtq522lbtc3je4jgk;38055;1;0
Theharborsidehotel.com-0114-2017Redesign;en-US;636408990855788900#vizm20mahhryvynzymar3qgj;40403;1;0
Washingtoncourthotel.com-0076-2016Redesign;en-US;636408990855944920#gke05g5tql4obxeowhm40wdw;17858;1;0
Glencovemansion.com-0058-2015Redesign;en-US;636408990855944920#a1t2zj5q13ve04ridpxim2az;13328;1;0
Jbdukehotel.com-0086-2016Redesign;en-US;636408990855944920#uotlguguzdxlh5biq1tzqg4q;21918;1;0
Homewoodsuiteslax.com-0110-2017Redesign;en-US;636408990855944920#oofhbormksrbjme3ccqfivwh;30747;1;0
Oxfordclubspa.com-0068-2016Redesign;en-US;636408990855944920#l3gtwogqpztubcehg0is3qpi;15568;1;0
Abbingtonbanquets.com-0070-2016Redesign;en-US;636408990855944920#wqacaxhidpxqsscwmcuuhpyh;15789;1;0
Meateatery.com-0080-2016Redesign;en-US;636408990855944920#mmqw5andq0yjjcjmavskzepf;18505;1;0
Edgewaternaples.com-0094-2016Redesign;en-US;636408990855944920#3jll2t5hftaw014ioeqebyuv;38051;1;0
Bocatrans.com-0082-2016Redesign;en-US;636408990855944920#g0l3wj1ujlszwzkhebk4j1v0;19758;1;0
Treasureislandbeachresort.com-0089-2016Redesign;en-US;636408990855944920#bclu1oqauqtbwz24zsyrbhds;38057;1;0
Zotabeachresort.com-0090-2016Redesign;en-US;636408990856100940#0metpdjv305eyv42fa42yk4y;38058;1;0
Texturefoodanddrink.com-0067-2016Redesign;en-US;636408990856100940#5li23zhjwh0vtdjmnggapgxp;15452;1;0
Naiaresortandspa.com-0077-2016Redesign;en-US;636408990856100940#imnxmwydnb2mufllixv0deqy;20455;1;0
Galthouse.com-0042-2015Redesign;en-US;636408990856100940#5p0jcosalbjc0a4svhh1cwgh;38060;1;0
Jupiterbeachresort.com-0103-2017Redesign;en-US;636408990856100940#stb0gqjcqdhfzbx145u35nnz;38052;1;0
Thecurtis.com-0079-2016Redesign;en-US;636408990856256960#5i0ex3t1gxzmjgtnjo1cq0jz;17981;1;0
Monarchbeachresort.com-0092-2016Redesign;en-US;636408990860001440#joeuuyjr3epw0l4qgmnslroy;23001;1;0
Marriottkeylargo.com-0015-2014Redesign;en-US;636408990860625520#q1lynvyaeynej2ckjvls05no;3975;1;0
Broadmoor.com-0073-2016Redesign;en-US;636408990861717660#wi2kigvf342qj3v2qzzoysi1;16721;1;0
Hospitalityupgrade.com-0093-2016Redesign;en-US;636408990862653780#wqon3l3ptzljsrwdbt41nd01;25405;1;0
Cendyn.com-0095-2016Redesign;en-US;636408990862653780#nhiw2f3xfdcdeeiejcte10em;26640;1;0
Cendyn.com-0095-2016Redesign;en-US;636408990862653780#zx3x0n0e15s4qqesv35crw31;26640;1;0
Cendyn.com-0095-2016Redesign;en-US;636408990862653780#t2wuuq45pv0jsnszybyhemtx;26640;1;0
Passport.lehotels.com-0069-2016BlogRedesign;en-US;636408990862653780#14jt5pdkbwn4yvdd5rfuhz1i;41068;1;0
Cendyn.com-0095-2016Redesign;en-US;636408990862965820#s4kstdawj0ahqg34gdelgyze;26640;1;0
Lakeplacidlodge.com-0105-2017Redesign;en-US;636408990863901940#crrgxstb5ycrja4heqwd0jkk;28545;1;0
Hospitalityupgrade.com-0093-2016Redesign;en-US;636408990865774180#4hjdvqdxyrfjhrqbvqabwgoj;25405;1;0
Thecrawfordhotel.com-0074-2016Redesign;en-US;636408990867178360#naufqy5pk5ruxrduvclqz34h;17145;1;0
Montaukyachtclub.com-0010-2014Redesign;en-US;636408990868738560#a0g3251zlb1hp3czdanshwll;2240;1;0
Napavalleymarriott.com-0071-2016Redesign;en-US;636408990872795080#ysrv0atpdqdji4h3otledxuy;16432;1;0
Lidobeachresort.com-0106-2017Redesign;en-US;636408990873419160#qylfgcmx4lwlrecjpvkevrks;38053;1;0
Thesagamore.com-0112-2017Redesign;en-US;636408990873419160#srej12lbcgphiouqhc2wo4tc;39241;1;0
Longboatkeyclub.com-0104-2017Redesign;en-US;636408990873575180#v2lhagry5xx00001j0nrlykz;38054;1;0
Longboatkeyclub.com-0104-2017Redesign;en-US;636408990874199260#mqzo2yweb0f4gpyputtsb1ro;28325;1;0
Assuranceoperations.com-0065-2015Redesign;en-US;636408990874511300#xlrkhcztcjtwcpll4lccijff;15263;1;0
Broadmoor.com-0073-2016Redesign;en-US;636408990875915480#5qshdpzindcz3dmgkbriwq0l;16721;1;0
Thesagamore.com-0112-2017Redesign;en-US;636408990877631700#pi002cljyifua5x1qph0elu4;33572;1;0
Broadmoor.com-0073-2016Redesign;en-US;636408990877943740#5qshdpzindcz3dmgkbriwq0l;16721;1;0
Cendyn.com-0095-2016Redesign;en-US;636408990882936380#niutrv0bkcpflam5dd3dgk5n;26640;1;0
Broadmoor.com-0073-2016Redesign;en-US;636408990882936380#g453oixvrexrtwvidoo2xq03;38059;1;0
Broadmoor.com-0073-2016Redesign;en-US;636408990885900760#mkqdz3w4aj401slclek43ei4;21230;1;0
Washingtondukeinn.com-0024-2014Redesign;en-US;636408990887460960#ixl1bhs4nkl5q5fuu2dbgpa4;4732;1;0
Glencovemansion.com-0058-2015Redesign;en-US;636408990890269320#p3qnflof5pv3aokkairolz20;13342;1;0
Luxehotels.com-0078-2016Redesign;en-US;636408990890581360#fic3lvnw2iawuammxbkrfdmd;18805;1;0
Delraysandsresort.com-0097-2016Redesign;en-US;636408990892765640#0uhdmujbettvc5vkoodhdqit;38049;1;0
Sandpearl.com-0091-2016Redesign;en-US;636408990892765640#oxzfxh5cu45b5sqdn0spyhsq;38056;1;0
Theharborsidehotel.com-0114-2017Redesign;en-US;636408990899162460#rquln0qr4l3hljphkjqv1kar;37571;1;0
Thesagamore.com-0112-2017Redesign;en-US;636408990899318480#sd15ehgwtailsojx1belo5nw;32339;1;0
Marriottkeylargo.com-0015-2014Redesign;en-US;636408990899786540#hp33ukfn3enl5tmyf234kpcp;3948;1;0
Theharborsidehotel.com-0114-2017Redesign;en-US;636408990899786540#rquln0qr4l3hljphkjqv1kar;37571;1;0
Cphollywoodbeach.com-0032-2015Redesign;en-US;636408990902906940#mu0vamjg4vxzood3x1rpwmx0;7831;1;0
Thesagamore.com-0112-2017Redesign;en-US;636408990903999080#sd15ehgwtailsojx1belo5nw;32339;1;0
Bocatrans.com-0082-2016Redesign;en-US;636408990905247240#ounha2x5hekowvhr0odea0am;19758;1;0
Treasureislandbeachresort.com-0089-2016Redesign;en-US;636408990905247240#zw0l3i11a2chpekdchwt2ipy;38057;1;0
Degreerestaurant.com-0056-2015Redesign;en-US;636408990905247240#uhsfzahr431anh5mkr4ehcyc;11598;1;0
Glencovemansion.com-0058-2015Redesign;en-US;636408990905247240#h0hhxhbk0m2ctfv5jhtpsvxm;13328;1;0
Opalsands.com-0084-2016Redesign;en-US;636408990905247240#p55fgwr4xsp3z4qfihc0bknr;38055;1;0
Theharborsidehotel.com-0114-2017Redesign;en-US;636408990905247240#pxeu2lscxoko20mm3odjomxg;40403;1;0
Thecrawfordhotel.com-0074-2016Redesign;en-US;636408990905247240#mfsvtswspnayoyq0324olc2x;17145;1;0
Thecurtis.com-0079-2016Redesign;en-US;636408990905403260#mwhvjoddbmxdwyivzr34azii;17981;1;0
Lakeplacidlodge.com-0105-2017Redesign;en-US;636408990905559280#jdxkmfatnrzvbhpunysy4rpk;39238;1;0
Galthouse.com-0042-2015Redesign;en-US;636408990905559280#4hxcvzn24b04rju3dn4h2j0o;38060;1;0
Jbdukehotel.com-0086-2016Redesign;en-US;636408990905559280#ffnbmmq2jllwegad40wdozdf;21918;1;0
Bluebirch.com-0072-2016Redesign;en-US;636408990905715300#lotqmqrey240ifvboye2jxay;16693;1;0
Texturefoodanddrink.com-0067-2016Redesign;en-US;636408990905871320#qybe3q2tkoz0eff5edhpjz1e;15452;1;0
Beverlyhillsresidenceinn.com-0087-2016Redesign;en-US;636408990905871320#w0vgxktf1tzcmi1tiknrtxpv;20999;1;0
Chrco.com-0107-2017Redesign;en-US;636408990905871320#xyjvv44gcye2fowmm4jew3cg;29280;1;0
Jupiterbeachresort.com-0103-2017Redesign;en-US;636408990906027340#c0ayrszuo34cv23rzaqs141i;38052;1;0
Luxehotels.com-0078-2016Redesign;en-US;636408990906027340#bcg4rir43kvl2rlg0q01wo5l;18805;1;0
Assuranceoperations.com-0065-2015Redesign;en-US;636408990906027340#d0yo11ly5habbeiioes0jhwg;15263;1;0
Meateatery.com-0080-2016Redesign;en-US;636408990906183360#ej0oifydhtzp2ili0sqsnbvk;18505;1;0
Edgewaternaples.com-0094-2016Redesign;en-US;636408990906183360#ldf3dlu4yq45ckzd4kqu2ntr;38051;1;0
Washingtoncourthotel.com-0076-2016Redesign;en-US;636408990906339380#hdgydjntlmkhx5hd510sdfjz;17858;1;0
Homewoodsuiteslax.com-0110-2017Redesign;en-US;636408990906339380#n40e41qyayg54tiluu0ncyd4;30747;1;0
Abbingtonbanquets.com-0070-2016Redesign;en-US;636408990906495400#phowiifojf1bu55vlto3mxwx;15789;1;0
Theoxfordhotel.com-0062-2015Redesign;en-US;636408990906651420#bxrgfxzismr431dbteqa4ikg;14325;1;0
Halcyonhotelcherrycreek.com-0061-2015Redesign;en-US;636408990906651420#rmv2bk5ekgsmtkiqz1fuoiuu;22121;1;0
Samosetresort.com-0113-2017Redesign;en-US;636408990906807440#yxt5m3zxhans2qgvontvnhlr;40334;1;0
Zotabeachresort.com-0090-2016Redesign;en-US;636408990906807440#fuy0jr2krpaehsiqwthgn2bn;38058;1;0
Hhotellosangeles.com-0118-2017Redesign;en-US;636408990906807440#4ymv4dwcdq4qz4rrklarj0d2;35289;1;0
Sandylane.com-0075-2016Redesign;en-US;636408990906963460#q4brmebj5w4jdl33u5ycr2xa;17611;1;0
Oxfordclubspa.com-0068-2016Redesign;en-US;636408990906963460#zrojaho5yklkzuxxjpfd1yhq;15568;1;0
Naiaresortandspa.com-0077-2016Redesign;en-US;636408990907431520#rfv5kffpptky225g5fqaklmu;20455;1;0
Broadmoor.com-0073-2016Redesign;en-US;636408990909303760#wiykb3lhwf1sltsnn2ndxugn;16738;1;0
Delraysandsresort.com-0097-2016Redesign;en-US;636408990910083860#u0vze11toqbfvpnu1wq0rhdl;27232;1;0
Luxehotels.com-0078-2016Redesign;en-US;636408990912424160#4bp2oiunqatbdmexlrn3gy14;18805;1;0
Cendyn.com-0095-2016Redesign;en-US;636408990912736200#5r5xhsijoh4y5x3ktxv3xyye;26640;1;0
Cendyn.com-0095-2016Redesign;en-US;636408990912892220#3ijlqrcrzhqevjxo130e5yne;26640;1;0
Cendyn.com-0095-2016Redesign;en-US;636408990912892220#toxkwb2wcgrikjaldcddqhzz;26640;1;0
Cendyn.com-0095-2016Redesign;en-US;636408990912892220#rjyl4xtonra0hspi0aayxcff;26640;1;0
Hospitalityupgrade.com-0093-2016Redesign;en-US;636408990912892220#2z5mgfjgzickg4agkyyfnkqx;25405;1;0
Passport.lehotels.com-0069-2016BlogRedesign;en-US;636408990913048240#mdqhgihhobic0spbcuhb5ozc;41068;1;0
Delraysandsresort.com-0097-2016Redesign;en-US;636408990914140380#u0vze11toqbfvpnu1wq0rhdl;27232;1;0
Broadmoor.com-0073-2016Redesign;en-US;636408990917572820#d2hu0aky3ihxhywtzy5o1rdz;16721;1;0
Broadmoor.com-0073-2016Redesign;en-US;636408990919445060#buvlroev5geazhepf33ulicx;17443;1;0
Residenceinnnyc.com-0034-2015Redesign;en-US;636408990919445060#z3xtdlre1ef3fpxllnapq00u;7926;1;0
Marriottdelraybeach.com-0009-2014Redesign;en-US;636408990921941380#ctd2omsfmunv2cpz2ni2vbu5;2829;1;0
Napavalleymarriott.com-0071-2016Redesign;en-US;636408990922721480#ps544grxejigw4sfsao5bdgz;16432;1;0
Theoxfordhotel.com-0062-2015Redesign;en-US;636408990922721480#jhod3smmlq42tw5zihceqkyx;14325;1;0
Thesagamore.com-0112-2017Redesign;en-US;636408990922721480#jdxeysq4mdllc3kxmqjukgbt;39241;1;0
Longboatkeyclub.com-0104-2017Redesign;en-US;636408990922721480#ufn5kqwv20b3uman3v35isyq;38054;1;0
Lidobeachresort.com-0106-2017Redesign;en-US;636408990922721480#f0wnclgg04rhjnhg2vh2yn3o;38053;1;0
Sandpearl.com-0091-2016Redesign;en-US;636408990923189540#4asdwwvualsps5y4q0fqvbli;23082;1;0
Broadmoor.com-0073-2016Redesign;en-US;636408990923813620#mkqdz3w4aj401slclek43ei4;18259;1;0
Sandpearl.com-0091-2016Redesign;en-US;636408990924125660#4asdwwvualsps5y4q0fqvbli;23082;1;0
wentworthcom00212014redesign;en-US;636408990925997900#4vj4dzbzevali0rgufhankls;4426;1;0
saddlebrook.com-0011-2014Redesign;en-US;636408990926465960#rxbr1lo3lqlpxdjfqimfu1va;4871;1;0
Luxehotels.com-0078-2016Redesign;en-US;636408990927246060#q0tinbusltxoaljhlcazchtm;18805;1;0
Edgewaternaples.com-0094-2016Redesign;en-US;636408990927870140#cl3wll3rkl25z1yaoyrpccsy;25239;1;0
Broadmoor.com-0073-2016Redesign;en-US;636408990931458600#d2hu0aky3ihxhywtzy5o1rdz;16721;1;0
Cphollywoodbeach.com-0032-2015Redesign;en-US;636408990932706760#2dea0x1fhmrlk25fkvit45ee;7831;1;0
Cendyn.com-0095-2016Redesign;en-US;636408990933330840#anrb4fc4od1uwciabl2umh34;26640;1;0
Broadmoor.com-0073-2016Redesign;en-US;636408990933330840#a3xmnfp4mcvsy4n3dwfwu4ao;38059;1;0
Broadmoor.com-0073-2016Redesign;en-US;636408990934422980#d2hu0aky3ihxhywtzy5o1rdz;16721;1;0
Lakeplacidlodge.com-0105-2017Redesign;en-US;636408990936451240#12scm0xghik5civx1cqzkw4w;28545;1;0
Broadmoor.com-0073-2016Redesign;en-US;636408990938167460#mkqdz3w4aj401slclek43ei4;16751;1;0
Glencovemansion.com-0058-2015Redesign;en-US;636408990941287860#p3qnflof5pv3aokkairolz20;13340;1;0
Edgewaternaples.com-0094-2016Redesign;en-US;636408990941911940#cl3wll3rkl25z1yaoyrpccsy;25239;1;0
Sandpearl.com-0091-2016Redesign;en-US;636408990942848060#i53hoi2xp4o15a3anmwvyzi3;38056;1;0
Delraysandsresort.com-0097-2016Redesign;en-US;636408990942848060#2djupny1wzhaxwhf2yz54ad2;38049;1;0
Thesagamore.com-0112-2017Redesign;en-US;636408990943472140#sd15ehgwtailsojx1belo5nw;32339;1;0
Opalsands.com-0084-2016Redesign;en-US;636408990943628160#4eswakqkkm22422y3d5p3c4w;21540;1;0
theweststreethotel.com-0115-2017Redesign;en-US;636408990943628160#vspzv1efbit2k5ngc2qo0bp1;36683;1;0
Luxehotels.com-0078-2016Redesign;en-US;636408990946904580#24dudh3520blbqhaypim4d5d;18805;1;0
Sandylane.com-0075-2016Redesign;en-US;636408990947216620#fao45tsj0znpi0vbjkgyf4un;17701;1;0
Jupiterbeachresort.com-0103-2017Redesign;en-US;636408990949712940#ytfzzrbhnox55uqthnhtxr30;28269;1;0
Sandylane.com-0075-2016Redesign;en-US;636408990952053240#espwazyo3t03fght5pfr3wlm;17701;1;0
Degreerestaurant.com-0056-2015Redesign;en-US;636408990955329660#dmabz4gyfbvrqxbqsrnsv0i4;11598;1;0
Jbdukehotel.com-0086-2016Redesign;en-US;636408990955485680#mbp4ofyypzmsn5v3lngsbkhf;21918;1;0
Luxehotels.com-0078-2016Redesign;en-US;636408990955485680#ymjs0urbqmqxbix5y4llbvue;18805;1;0
Glencovemansion.com-0058-2015Redesign;en-US;636408990955485680#nl4rklsusyoxalavjpdwa2oz;13328;1;0
Thecrawfordhotel.com-0074-2016Redesign;en-US;636408990955641700#p3pltlglfhffvjvjp22mvcmi;17145;1;0
Bluebirch.com-0072-2016Redesign;en-US;636408990955641700#csfwbx1lffaq10qkn4rxy4sq;16693;1;0
Galthouse.com-0042-2015Redesign;en-US;636408990955641700#vo1cowutcqpmnyynfz0ethog;38060;1;0
Homewoodsuiteslax.com-0110-2017Redesign;en-US;636408990955797720#xxo42wpdje11chnkstve43g4;30747;1;0
Theoxfordhotel.com-0062-2015Redesign;en-US;636408990955797720#kc0k0c5torrrmeu22goohs14;14325;1;0
Edgewaternaples.com-0094-2016Redesign;en-US;636408990955797720#jdvpiwd55ofmsefnezan3fil;38051;1;0
Zotabeachresort.com-0090-2016Redesign;en-US;636408990955797720#yjobe5ssneyfk4jz004dkejq;38058;1;0
Texturefoodanddrink.com-0067-2016Redesign;en-US;636408990955953740#0nhqt3bucjvwbxdikiktuvmg;15452;1;0
Jupiterbeachresort.com-0103-2017Redesign;en-US;636408990955953740#hmgubphksvurh0i3tplecpoa;38052;1;0
Hhotellosangeles.com-0118-2017Redesign;en-US;636408990955953740#2o0knruj25v2nnobwskbvtlp;35289;1;0
Assuranceoperations.com-0065-2015Redesign;en-US;636408990955953740#mpy4kw4gxb4jkrb5vmpngg1m;15263;1;0
Halcyonhotelcherrycreek.com-0061-2015Redesign;en-US;636408990955953740#hcknrqh2twlghdu450ubyy4h;22121;1;0
Naiaresortandspa.com-0077-2016Redesign;en-US;636408990956109760#t4tsgsw025q1fxvkqknij52c;20455;1;0
Opalsands.com-0084-2016Redesign;en-US;636408990956109760#ozgzo4hykayyk31yu1oqeuka;38055;1;0
Meateatery.com-0080-2016Redesign;en-US;636408990956265780#2gu5pr2ql4cesutgeg1bnhfo;18505;1;0
Sandylane.com-0075-2016Redesign;en-US;636408990956265780#hivhvov2hpsryfsijqbfm5ke;17611;1;0
Oxfordclubspa.com-0068-2016Redesign;en-US;636408990956265780#rlgoygq5r2j3agjp3iheumr2;15568;1;0
Thecurtis.com-0079-2016Redesign;en-US;636408990956265780#jysihkabqocytsqpvswtp3bv;17981;1;0
Samosetresort.com-0113-2017Redesign;en-US;636408990956265780#yqehvwxqyna2jtafsh0l25tq;40334;1;0
Treasureislandbeachresort.com-0089-2016Redesign;en-US;636408990956421800#fxjcajf5dot12en33yhzlfqn;38057;1;0
Chrco.com-0107-2017Redesign;en-US;636408990956421800#wenjgre40snnthduf4vkib2r;29280;1;0
Washingtoncourthotel.com-0076-2016Redesign;en-US;636408990956577820#5wwiafaony0ou5ylcrtal4l2;17858;1;0
Beverlyhillsresidenceinn.com-0087-2016Redesign;en-US;636408990956577820#glow0qh0qkvdcggoyfjv5bld;20999;1;0
Theharborsidehotel.com-0114-2017Redesign;en-US;636408990956577820#mqvskabtphbgl1pk3ose1dqk;40403;1;0
Sandylane.com-0075-2016Redesign;en-US;636408990956733840#lchwcf0dmwqzotdljz3ov4fy;17611;1;0
Hospitalityupgrade.com-0093-2016Redesign;en-US;636408990956733840#i432102pkz1gi4pgn0lnudqy;25405;1;0
Lakeplacidlodge.com-0105-2017Redesign;en-US;636408990957045880#uqg3ma5djcmzxlb1b2aeiic5;39238;1;0
Bocatrans.com-0082-2016Redesign;en-US;636408990957045880#4uvjzmtgsxk3ecwhja2q01k4;19758;1;0
Abbingtonbanquets.com-0070-2016Redesign;en-US;636408990957201900#ahlg5ide5yc3tcb4wvfgdqyl;15789;1;0
Lehotels.com-0049-2015Transfer;en-US;636408990957982000#mmjmparzypqsjs3s3smv0guf;13755;1;0
Thesagamore.com-0112-2017Redesign;en-US;636408990958762100#cxhvnpqdbpjlb51v04kjfewg;32339;1;0
Delraysandsresort.com-0097-2016Redesign;en-US;636408990959386180#u0vze11toqbfvpnu1wq0rhdl;27232;1;0
Cendyn.com-0095-2016Redesign;en-US;636408990962662600#dcymbfjolqpznsjz3m23s4gl;26640;1;0
Cendyn.com-0095-2016Redesign;en-US;636408990962662600#fxnqh5v0u0ef5kyuyvxp44kz;26640;1;0
Cendyn.com-0095-2016Redesign;en-US;636408990962662600#zfrwy5qwfhjbnhec0zeytolu;26640;1;0
Cendyn.com-0095-2016Redesign;en-US;636408990962662600#tucuyw1uykuk34knz3jcqw4b;26640;1;0
Hospitalityupgrade.com-0093-2016Redesign;en-US;636408990962662600#yk3iyrxrhthikecnue0r45mj;25405;1;0
Passport.lehotels.com-0069-2016BlogRedesign;en-US;636408990962662600#bhkhpibga1vtmljxxz3xrtr0;41068;1;0
Theharborsidehotel.com-0114-2017Redesign;en-US;636408990967187180#rquln0qr4l3hljphkjqv1kar;37941;1;0
Monarchbeachresort.com-0092-2016Redesign;en-US;636408990971399720#n2efrfngkaiczp5xbc0hi42n;23492;1;0
Washingtoncourthotel.com-0076-2016Redesign;en-US;636408990972335840#lj2kmvw4fgfaxdaouowbw2a2;17858;1;0
Galthouse.com-0042-2015Redesign;en-US;636408990972335840#v2ux2gjujkxkahzqimi52vhg;10579;1;0
Napavalleymarriott.com-0071-2016Redesign;en-US;636408990972647880#xm44vi4bqamf0sed4ztkxuco;16432;1;0
Longboatkeyclub.com-0104-2017Redesign;en-US;636408990972647880#vrnldu1skvrsnranl4dhpyfs;38054;1;0
Thesagamore.com-0112-2017Redesign;en-US;636408990972647880#4dyoqj5f1uhni0ut4ljgrxdr;39241;1;0
Courtyardportlandcitycenter.com-0063-2015Redesign;en-US;636408990973115940#34cu0vrkqmk45i4uoiklxw5p;14545;1;0
Lidobeachresort.com-0106-2017Redesign;en-US;636408990973115940#b1nrqfrcz5vtvrwzkyequgfx;38053;1;0
Thesagamore.com-0112-2017Redesign;en-US;636408990977328480#hwvt5ncv0wb25gmoksz43jkp;33922;1;0
Samosetresort.com-0113-2017Redesign;en-US;636408990977796540#qfwkw1l3lveneacqd4a4fc5f;35144;1;0
theweststreethotel.com-0115-2017Redesign;en-US;636408990978888680#vspzv1efbit2k5ngc2qo0bp1;36683;1;0
Samosetresort.com-0113-2017Redesign;en-US;636408990981853060#05jad3m2pge5xg52ylnczth5;35144;1;0
Cendyn.com-0095-2016Redesign;en-US;636408990982789180#ocu1af35ekf2gjlsvfbreb1q;26640;1;0
Broadmoor.com-0073-2016Redesign;en-US;636408990982945200#t3lf4lnezt2gccmjwpha33q5;38059;1;0
Courtyardportlandcitycenter.com-0063-2015Redesign;en-US;636408990987313760#4wor3zduzg5mdzffzk1ry1oy;14545;1;0
Delraysandsresort.com-0097-2016Redesign;en-US;636408990992774460#i0c3oq255m5rtkqgrv0huft3;38049;1;0
Sandpearl.com-0091-2016Redesign;en-US;636408990992774460#nrsa3fyms032bey2utdm4ncz;38056;1;0
Newyorkpalacemeetings.com-0045-2015Redesign;en-US;636408991000107400#rkww5zbxp2jikrkrf5giamt1;9230;1;0
Assuranceoperations.com-0065-2015Redesign;en-US;636408991005256060#0pzqbljy1mvevgjlove3pw1g;15263;1;0
Beverlyhillsresidenceinn.com-0087-2016Redesign;en-US;636408991005256060#3qygdwotgwvog0okcjusshld;20999;1;0
Degreerestaurant.com-0056-2015Redesign;en-US;636408991005256060#j5utzq3xizztvb44vel0gxcw;11598;1;0
Meateatery.com-0080-2016Redesign;en-US;636408991005412080#fabigpegfsx4yzw0prlmex01;18505;1;0
Hhotellosangeles.com-0118-2017Redesign;en-US;636408991005412080#3fdprz31qx0bvaqhbscvs3dg;35289;1;0
Abbingtonbanquets.com-0070-2016Redesign;en-US;636408991005412080#21ok4xluxbt2hio33fy2gxz3;15789;1;0
Edgewaternaples.com-0094-2016Redesign;en-US;636408991005412080#fd2ivqqcbptsd3lflwrhwore;38051;1;0
Luxehotels.com-0078-2016Redesign;en-US;636408991005412080#th01udc5h5mn5u15bveihe0j;18805;1;0
Texturefoodanddrink.com-0067-2016Redesign;en-US;636408991005568100#ojqnaqihw5txavgbgiqo4qdl;15452;1;0
Theoxfordhotel.com-0062-2015Redesign;en-US;636408991005568100#t4tjuhpwwkcvtovoyz0nvsjd;14325;1;0
Jbdukehotel.com-0086-2016Redesign;en-US;636408991005724120#2vnlia5hudqozkjb0eyts0pl;21918;1;0
Halcyonhotelcherrycreek.com-0061-2015Redesign;en-US;636408991005724120#dmugddxq1zp2qguvur1koqvq;22121;1;0
Bluebirch.com-0072-2016Redesign;en-US;636408991005724120#0ognuteqs1wbchjylipkb1vv;16693;1;0
Galthouse.com-0042-2015Redesign;en-US;636408991005724120#5k3gpi4ekgfkngacfjsexxl0;38060;1;0
Chrco.com-0107-2017Redesign;en-US;636408991005880140#pv5sqlb2zwfjaaeis1ivlkmw;29280;1;0
Jupiterbeachresort.com-0103-2017Redesign;en-US;636408991005880140#w4qfif02vptinw5ugsvzwvg1;38052;1;0
Homewoodsuiteslax.com-0110-2017Redesign;en-US;636408991005880140#ezi14dtx0pb5mwez3w3xngnx;30747;1;0
Samosetresort.com-0113-2017Redesign;en-US;636408991006036160#3mzji0h4swamjd33sz1epj05;40334;1;0
Bocatrans.com-0082-2016Redesign;en-US;636408991006036160#jwx1ftk2tzhazqakzb1xy00l;19758;1;0
Naiaresortandspa.com-0077-2016Redesign;en-US;636408991006036160#knhukzxr0wbhkxrz4jw4pcfu;20455;1;0
Sandylane.com-0075-2016Redesign;en-US;636408991006192180#g42ccreix1d0p32ogn4gt2a3;17611;1;0
Glencovemansion.com-0058-2015Redesign;en-US;636408991006504220#df3nq3qnefuzv5asjcu4ig52;13328;1;0
Thecrawfordhotel.com-0074-2016Redesign;en-US;636408991006504220#tmeqizxyzy30aeiewtgzauz1;17145;1;0
Thecurtis.com-0079-2016Redesign;en-US;636408991006660240#fuj5b0htvmkaleowagt1l2di;17981;1;0
Treasureislandbeachresort.com-0089-2016Redesign;en-US;636408991006660240#px2laguotbwsc0qqvbxlnpub;38057;1;0
Lakeplacidlodge.com-0105-2017Redesign;en-US;636408991006660240#lqeyodryi4vk5rlpjbrw51gb;39238;1;0
Theharborsidehotel.com-0114-2017Redesign;en-US;636408991006660240#ulp5s2kgidlutda4yu31vq5f;40403;1;0
Zotabeachresort.com-0090-2016Redesign;en-US;636408991006816260#pna1emdk3vznrsfvipx3rrs2;38058;1;0
Opalsands.com-0084-2016Redesign;en-US;636408991006816260#kiizm5qiyuf0seley0x2eomv;38055;1;0
Oxfordclubspa.com-0068-2016Redesign;en-US;636408991006972280#3c00vxmgtm5omrjpb1bfbm4i;15568;1;0
Washingtoncourthotel.com-0076-2016Redesign;en-US;636408991006972280#lwan3s2s3ec0j5o0u30ju5wx;17858;1;0
Broadmoor.com-0073-2016Redesign;en-US;636408991007596360#je32m0hxo2hj3gvcdnzrkyoy;21231;1;0
Theloganhotel.com-0043-2015Redesign;en-US;636408991010248700#aeofymdqwvywsmklkzll2n2t;37415;1;0
Cendyn.com-0095-2016Redesign;en-US;636408991012589000#5cddtonvnsibv5lqqgwc5glj;26640;1;0
Hospitalityupgrade.com-0093-2016Redesign;en-US;636408991012589000#czyibukl24laewjfguwrb4ib;25405;1;0
Cendyn.com-0095-2016Redesign;en-US;636408991012589000#lbaz3cws0b1wwwzt3b3bswcw;26640;1;0
Passport.lehotels.com-0069-2016BlogRedesign;en-US;636408991012589000#k4zof3ef0rj2entthcyznj1v;41068;1;0
Cendyn.com-0095-2016Redesign;en-US;636408991012589000#uiex1gw4z1gxexr03wrh4jtd;26640;1;0
Cendyn.com-0095-2016Redesign;en-US;636408991012745020#ehe2cjicvsibbfnla5i2kv1o;26640;1;0
Bellemontfarm.com-0007-2013Redesign;en-US;636408991013681140#luig1hlsy2ttahyz1m12uwl0;1989;1;0
Newyorkpalacemeetings.com-0045-2015Redesign;en-US;636408991014773280#rkww5zbxp2jikrkrf5giamt1;9243;1;0
Thesagamore.com-0112-2017Redesign;en-US;636408991016645520#qo3zjbq1ztterp5azqpkbjsl;32339;1;0
Thesagamore.com-0112-2017Redesign;en-US;636408991021326120#wnuo5focrewemz5o5mymss4e;33921;1;0
Cendyn.com-0095-2016Redesign;en-US;636408991022262240#n35r553mku2korzgdhmdo5fk;27813;1;0
Thesagamore.com-0112-2017Redesign;en-US;636408991022574280#rlfaf4v1znbtwt2knbakhegq;33921;1;0
Napavalleymarriott.com-0071-2016Redesign;en-US;636408991022730300#ro2p4gitbxpl5gbnlmqewcxz;16432;1;0
Thesagamore.com-0112-2017Redesign;en-US;636408991022886320#u0ghhudmt4w43mpfdhkbj00z;39241;1;0
Lidobeachresort.com-0106-2017Redesign;en-US;636408991023198360#1r3anaf3lyeqclfprrzofftu;38053;1;0
Longboatkeyclub.com-0104-2017Redesign;en-US;636408991023198360#bzbw0sraknqnxsm5bjb11zej;38054;1;0
Newyorkpalacemeetings.com-0045-2015Redesign;en-US;636408991025538660#rkww5zbxp2jikrkrf5giamt1;9207;1;0
Thesagamore.com-0112-2017Redesign;en-US;636408991027254880#v5zmnq0qhounznhqge5uwnx3;41600;1;0
Luxehotels.com-0078-2016Redesign;en-US;636408991027254880#1g1pkl5ia52qgek0tvl4nuki;18805;1;0
Glencovemansion.com-0058-2015Redesign;en-US;636408991027410900#mi5x21wbwcexrdgnpxg3vpzv;13343;1;0
Broadmoor.com-0073-2016Redesign;en-US;636408991028347020#rh3ygx5lrvzart1bq2lvxdvr;16721;1;0
Luxehotels.com-0078-2016Redesign;en-US;636408991028815080#tpj3nvmmlocuru2vl2lg1g4d;18805;1;0
Luxehotels.com-0078-2016Redesign;en-US;636408991028815080#5zx30geyijm1lqocf10bpqtj;18805;1;0
Luxehotels.com-0078-2016Redesign;en-US;636408991028815080#ptzmshpcgrjzl0avwr42mqvd;18805;1;0
Luxehotels.com-0078-2016Redesign;en-US;636408991028815080#mi1ajvgcdntcboatjvd5vny5;18805;1;0
Broadmoor.com-0073-2016Redesign;en-US;636408991032871600#gsdug2zhi13vomzznyxsxqrq;38059;1;0
Cendyn.com-0095-2016Redesign;en-US;636408991033183640#dpxulveyescp3wqbpvjz3w02;26640;1;0
Chrco.com-0107-2017Redesign;en-US;636408991033339660#1gcotrtfjhyme3d0hjfvptxj;29280;1;0
Hospitalityupgrade.com-0093-2016Redesign;en-US;636408991033651700#xxr2w5km2emhuo1tk2ok0i2n;25405;1;0
Springhillsuitesdenver.com-0060-2015Redesign;en-US;636408991033963740#f0cw43l2wie2ryx1uaylxnkz;12307;1;0
Thesagamore.com-0112-2017Redesign;en-US;636408991034587820#qo3zjbq1ztterp5azqpkbjsl;32355;1;0
Thesagamore.com-0112-2017Redesign;en-US;636408991036772100#l0lqsow4qvghpkw3pnh43knu;33925;1;0
Samosetresort.com-0113-2017Redesign;en-US;636408991037396180#clpgkvce45muh1gpnvubbd22;32541;1;0
Bellemontfarm.com-0007-2013Redesign;en-US;636408991037864240#luig1hlsy2ttahyz1m12uwl0;11497;1;0
Thesagamore.com-0112-2017Redesign;en-US;636408991040204540#qo3zjbq1ztterp5azqpkbjsl;32339;1;0
Montaukyachtclub.com-0010-2014Redesign;en-US;636408991040516580#a0g3251zlb1hp3czdanshwll;2383;1;0
Thesagamore.com-0112-2017Redesign;en-US;636408991041452700#ldrqjcrgsiy5r4ivujxjpvw3;32339;1;0
Delraysandsresort.com-0097-2016Redesign;en-US;636408991042856880#fg41d0dzurts11wltakbtw4q;38049;1;0
Sandpearl.com-0091-2016Redesign;en-US;636408991042856880#4vcvhsgkzmspjzwmek3a4fto;38056;1;0
Miravalspamonarchbeach.com-0109-2017Redesign;en-US;636408991043012900#xpyx3k4qzxqawmdp4wdth5ui;31709;1;0
Washingtoncourthotel.com-0076-2016Redesign;en-US;636408991046445340#1mas45zpo21mf5pr2pugadat;17933;1;0
Thelodgeatwoodloch.com-0033-2015Redesign;en-US;636408991052842160#4eamo3ijyz01szrlmnfy5ymq;7782;1;0
Beverlyhillsresidenceinn.com-0087-2016Redesign;en-US;636408991055182460#c4vsxjpxbvc5lwf1pzthzz4y;20999;1;0
Theoxfordhotel.com-0062-2015Redesign;en-US;636408991055182460#idnqftvqepeispgkynqd55iq;14325;1;0
Abbingtonbanquets.com-0070-2016Redesign;en-US;636408991055182460#ygmqfxcanwguwookk45g42fm;15789;1;0
Luxehotels.com-0078-2016Redesign;en-US;636408991055494500#04glsuremvzqfilzzpmm24rm;18805;1;0
Bluebirch.com-0072-2016Redesign;en-US;636408991055494500#4sqgeg2s4a4irsejwndutgpe;16693;1;0
Meateatery.com-0080-2016Redesign;en-US;636408991055494500#mspqogjnsl2krt3lfeny3knm;18505;1;0
Thecurtis.com-0079-2016Redesign;en-US;636408991055494500#yjffdqx5fetuxuttrwsvpfds;17981;1;0
Theharborsidehotel.com-0114-2017Redesign;en-US;636408991055494500#biaq2mr2c1kxu02pqkaerrtq;40403;1;0
Samosetresort.com-0113-2017Redesign;en-US;636408991055494500#tdu3pasoxnsg2n33xaz4xqr5;40334;1;0
Degreerestaurant.com-0056-2015Redesign;en-US;636408991055650520#5zpc2gbmobqi0dqvyqff2epx;11598;1;0
Washingtoncourthotel.com-0076-2016Redesign;en-US;636408991055650520#uzvvu3me4mhku2jfrzr4rgm4;17858;1;0
Opalsands.com-0084-2016Redesign;en-US;636408991055650520#j2mmpa3afi02ptetjjephd0n;38055;1;0
Treasureislandbeachresort.com-0089-2016Redesign;en-US;636408991055962560#s1g5wv5gstn5ziclvsg3aqt4;38057;1;0
Homewoodsuiteslax.com-0110-2017Redesign;en-US;636408991055962560#vavmtip3gb1lhmb3n3urtqdj;30747;1;0
Jbdukehotel.com-0086-2016Redesign;en-US;636408991055962560#lpjig4om0v4baohgjy4zlk15;21918;1;0
Edgewaternaples.com-0094-2016Redesign;en-US;636408991056118580#dmm4h5uekocjqh2pnyszu2tv;38051;1;0
Assuranceoperations.com-0065-2015Redesign;en-US;636408991056274600#3wh0spebodo4ua5wajyr3xcw;15263;1;0
Sandylane.com-0075-2016Redesign;en-US;636408991056430620#yadvj3zguornmpivkln0pk0d;17611;1;0
Oxfordclubspa.com-0068-2016Redesign;en-US;636408991056430620#w4w0djsiyoa2ssswikcoqudv;15568;1;0
Hhotellosangeles.com-0118-2017Redesign;en-US;636408991056430620#vzjlj2fjlrbpsas3ionnkdhj;35289;1;0
Zotabeachresort.com-0090-2016Redesign;en-US;636408991056430620#bnpd0yf10quugga2n5udp3rk;38058;1;0
Bocatrans.com-0082-2016Redesign;en-US;636408991056430620#5yd25cy0czwgszmdxm0ztxw0;19758;1;0
Glencovemansion.com-0058-2015Redesign;en-US;636408991056586640#aemjir2jb4d4lnvmv3lyy3bk;13328;1;0
Thecrawfordhotel.com-0074-2016Redesign;en-US;636408991056586640#xzwqjh32uq13gmvsg2mlkrx0;17145;1;0
Lakeplacidlodge.com-0105-2017Redesign;en-US;636408991056586640#0m3vyfcgnpf2px1j1j120o3o;39238;1;0
Chrco.com-0107-2017Redesign;en-US;636408991056742660#q1kmp4id44g3m4oq4lzqo5en;29280;1;0
Galthouse.com-0042-2015Redesign;en-US;636408991056742660#lcwltrybvgaom0n20qhbavmm;38060;1;0
Halcyonhotelcherrycreek.com-0061-2015Redesign;en-US;636408991056742660#rsuncnhlrfedqddk1madkgz1;22121;1;0
Naiaresortandspa.com-0077-2016Redesign;en-US;636408991056742660#plxgmbfdnxubxfe3mua3onmn;20455;1;0
Texturefoodanddrink.com-0067-2016Redesign;en-US;636408991056742660#ldsyocc2hnvcm30f0njll0zr;15452;1;0
Jupiterbeachresort.com-0103-2017Redesign;en-US;636408991056898680#e4sq43ld0wsrpgh31swajawp;38052;1;0
Amzak.com-0023-2014Redesign;en-US;636408991058614900#mc3r3u4qhbiemc0oibkrklss;3763;1;0
Samosetresort.com-0113-2017Redesign;en-US;636408991060019080#xqfh2mpi3yvilmrjkicptspr;32541;1;0
Washingtondukeinn.com-0024-2014Redesign;en-US;636408991061891320#drxa0uoprdjkogfmjyrihtr4;4524;1;0
Sandpearl.com-0091-2016Redesign;en-US;636408991062359380#x2jrmpeghnidsgttamn2rnyf;22490;1;0
Cendyn.com-0095-2016Redesign;en-US;636408991062671420#nzic41s13u3yyj5wicugplgc;26640;1;0
Cendyn.com-0095-2016Redesign;en-US;636408991062671420#p0ufgvylxpthex0vvdieigfd;26640;1;0
Cendyn.com-0095-2016Redesign;en-US;636408991062671420#gwviiuzblmaxfajfwovchqve;26640;1;0
Hospitalityupgrade.com-0093-2016Redesign;en-US;636408991062671420#lbisyclsikqtbqxlsgaftk3d;25405;1;0
Passport.lehotels.com-0069-2016BlogRedesign;en-US;636408991062671420#ksollvfmj4nmhulfy0aqxd0y;41068;1;0
Cendyn.com-0095-2016Redesign;en-US;636408991062827440#j45nezrgcpubr1lps2coaplp;26640;1;0
Thelodgeatwoodloch.com-0033-2015Redesign;en-US;636408991065947840#nzrp0xlykblta12c25tezr1c;8261;1;0
Samosetresort.com-0113-2017Redesign;en-US;636408991068600180#xqfh2mpi3yvilmrjkicptspr;32541;1;0
Theloganhotel.com-0043-2015Redesign;en-US;636408991070004360#4vtzhldgagcjkfzrj3enf2fl;20218;1;0
Amzak.com-0023-2014Redesign;en-US;636408991070160380#hq0syz4jbntky2aueessgqlr;3763;1;0
Amzak.com-0023-2014Redesign;en-US;636408991070940480#l4ycjm4vjou4o3vbgb0pz12i;3763;1;0
Galthouse.com-0042-2015Redesign;en-US;636408991070940480#uftmksdh1wleb3tvjcgmfjpm;31905;1;0
saddlebrook.com-0011-2014Redesign;en-US;636408991071720580#gf2nik0r3vlk04m0f1kjugc5;4871;1;0
Amzak.com-0023-2014Redesign;en-US;636408991071876600#qd0jg55yqhootr254oyb5h55;3763;1;0
Napavalleymarriott.com-0071-2016Redesign;en-US;636408991072656700#za4oa0cysvilo1olwdk41olz;16432;1;0
Lidobeachresort.com-0106-2017Redesign;en-US;636408991072812720#okvlhw5iyttfa55yzrbu5odr;38053;1;0
Longboatkeyclub.com-0104-2017Redesign;en-US;636408991072812720#juyrg0bobfa1ixbcj3lva5hl;38054;1;0
Thesagamore.com-0112-2017Redesign;en-US;636408991072812720#yful34m32325v0b2f245chhv;39241;1;0
Thesagamore.com-0112-2017Redesign;en-US;636408991076245160#mpd5jn4gemvwxgcfrtc2ar0i;32339;1;0
Cocokeyorlando.com-0059-2015Redesign;en-US;636408991076401180#fd14fznixqbfjwckoau5xtzz;12394;1;0
Sandpearl.com-0091-2016Redesign;en-US;636408991079677600#x2jrmpeghnidsgttamn2rnyf;22490;1;0
Sandpearl.com-0091-2016Redesign;en-US;636408991080769740#bzmjiqrsd0pmg4xg1zau0ulo;22481;1;0
Galthouse.com-0042-2015Redesign;en-US;636408991082329940#u3x1jicfvfm210hymrbm33wv;10923;1;0
Hospitalityupgrade.com-0093-2016Redesign;en-US;636408991082485960#hbyokmqwvdjmpa0xgtfjxrov;25405;1;0
Cendyn.com-0095-2016Redesign;en-US;636408991082954020#toqnnbjjqkdlmwhdcymphsuu;26640;1;0
Broadmoor.com-0073-2016Redesign;en-US;636408991082954020#4d4owrggxd2cmscdqcfpjgbd;38059;1;0
Hospitalityupgrade.com-0093-2016Redesign;en-US;636408991083110040#h20are3dldvclzou4daycsoi;37631;1;0
Amzak.com-0023-2014Redesign;en-US;636408991083422080#wobynuqk2eskrse33bydqg45;3763;1;0
Sandpearl.com-0091-2016Redesign;en-US;636408991084202180#x5t5k5vixy1oltjl2i4vlvz5;22481;1;0
Sandpearl.com-0091-2016Redesign;en-US;636408991085762380#bzmjiqrsd0pmg4xg1zau0ulo;22481;1;0
Montaukyachtclub.com-0010-2014Redesign;en-US;636408991087322580#htalsf34qaarqrd4hqnttj3i;2240;1;0
Miravalspamonarchbeach.com-0109-2017Redesign;en-US;636408991088570740#z3x0qtyye2zwmrselroms3pw;31709;1;0
Thesagamore.com-0112-2017Redesign;en-US;636408991089506860#wnuo5focrewemz5o5mymss4e;32355;1;0
Miravalspamonarchbeach.com-0109-2017Redesign;en-US;636408991089974920#wivdhy1mdjfv1j5xt0gleks3;32984;1;0
Thesagamore.com-0112-2017Redesign;en-US;636408991090755020#cxhvnpqdbpjlb51v04kjfewg;32358;1;0
wentworthcom00212014redesign;en-US;636408991092315220#shp3rxf5nawfign01sirdxbg;4281;1;0
Sandpearl.com-0091-2016Redesign;en-US;636408991092783280#cwh0pzbgkumu4gs45r0xl22e;38056;1;0
Delraysandsresort.com-0097-2016Redesign;en-US;636408991092783280#ldrxej4p4w4suuevnqunvlwj;38049;1;0
Cphollywoodbeach.com-0032-2015Redesign;en-US;636408991097151840#dmbkr1jiuvmv3tueriba5mxo;7805;1;0
Galthouse.com-0042-2015Redesign;en-US;636408991100896320#xxgmlpswyyim2phzo2bkdlsc;25671;1;0
Thesagamore.com-0112-2017Redesign;en-US;636408991103860700#shfamduhdiujv0kwj5zw5ups;32346;1;0
Luxehotels.com-0078-2016Redesign;en-US;636408991105264880#uumajaocjmsjh03nw21nmxaf;18805;1;0
Theoxfordhotel.com-0062-2015Redesign;en-US;636408991105264880#gqfyvxhs3uxrjv0aqbs04ksy;14325;1;0
Degreerestaurant.com-0056-2015Redesign;en-US;636408991105264880#gqig2vah5vgahu5lw3ajguqu;11598;1;0
Abbingtonbanquets.com-0070-2016Redesign;en-US;636408991105264880#eqeaklxd5unjupwysr1fhfr1;15789;1;0
Meateatery.com-0080-2016Redesign;en-US;636408991105264880#i15ghs3yqtrpgpd53cudh5y5;18505;1;0
Samosetresort.com-0113-2017Redesign;en-US;636408991105264880#ue4av3anhx05c0caw4ld4e3g;40334;1;0
Beverlyhillsresidenceinn.com-0087-2016Redesign;en-US;636408991105264880#bs0s3jmbod01qvco3gkjkjnw;20999;1;0
Homewoodsuiteslax.com-0110-2017Redesign;en-US;636408991105576920#ojewi5iwvmqxc1t4l3qmba0w;30747;1;0
Hhotellosangeles.com-0118-2017Redesign;en-US;636408991105576920#dowdz2zxdpv2ya4kpcpcza1c;35289;1;0
Theharborsidehotel.com-0114-2017Redesign;en-US;636408991105576920#5lxwnn341anrwamrh2dvzwpd;40403;1;0
Opalsands.com-0084-2016Redesign;en-US;636408991105732940#3hiddvxroyw1dn4ulz1idyfo;38055;1;0
Sandylane.com-0075-2016Redesign;en-US;636408991105732940#htv52qijkagovqai5gysds1x;17611;1;0
Edgewaternaples.com-0094-2016Redesign;en-US;636408991105732940#qwu2nc2rz1mpyrjpk1mfx2xm;38051;1;0
Bluebirch.com-0072-2016Redesign;en-US;636408991105888960#hk0dlyk1c3oelq0hpwdbivbq;16693;1;0
Glencovemansion.com-0058-2015Redesign;en-US;636408991105888960#1hao54mecplfycpr5z1jnyrn;13328;1;0
Oxfordclubspa.com-0068-2016Redesign;en-US;636408991105888960#ax3iuoxi2fph0e40vaye0mrd;15568;1;0
Bocatrans.com-0082-2016Redesign;en-US;636408991105888960#lhuy3ecztd3lkuu4fwxwvnuq;19758;1;0
Jbdukehotel.com-0086-2016Redesign;en-US;636408991106044980#inpwcocbulhgsk2uldfz1ku2;21918;1;0
Galthouse.com-0042-2015Redesign;en-US;636408991106044980#vb2nzk5gxegqy04ndz2d5lkb;38060;1;0
Jupiterbeachresort.com-0103-2017Redesign;en-US;636408991106201000#nycbf0ejvqdinfdlrkahmb40;38052;1;0
Assuranceoperations.com-0065-2015Redesign;en-US;636408991106201000#e2qvviklpvcwxssbejxghayu;15263;1;0
Halcyonhotelcherrycreek.com-0061-2015Redesign;en-US;636408991106357020#zuoe42a4bmpglyblibxs1p4n;22121;1;0
Texturefoodanddrink.com-0067-2016Redesign;en-US;636408991106357020#b25hcolnhch2rtcukv5slmw4;15452;1;0
Washingtoncourthotel.com-0076-2016Redesign;en-US;636408991106357020#v2rgkd0yml24h2f34edf5hle;17858;1;0
Thecrawfordhotel.com-0074-2016Redesign;en-US;636408991106357020#ubbrgs5sfx52ly3jtd0cemvf;17145;1;0
Naiaresortandspa.com-0077-2016Redesign;en-US;636408991106513040#s0tuqh5vls3hzgxr22ddjavu;20455;1;0
Zotabeachresort.com-0090-2016Redesign;en-US;636408991106513040#oal1bq4vvatxe5ga2ia5jbtm;38058;1;0
Lakeplacidlodge.com-0105-2017Redesign;en-US;636408991106513040#cguadxd31u5w3bdd50ev0jmi;39238;1;0
Treasureislandbeachresort.com-0089-2016Redesign;en-US;636408991106981100#uar4oasbwsc5vlmcpj4zci4h;38057;1;0
Chrco.com-0107-2017Redesign;en-US;636408991107137120#jm1hoh5hwfrul4fvwvcmameq;29280;1;0
Broadmoor.com-0073-2016Redesign;en-US;636408991107293140#cwav1sncoti5jljxrydkaqjj;17269;1;0
Thecurtis.com-0079-2016Redesign;en-US;636408991107293140#appfjpbtnc4e0fslu5ll2t2t;17981;1;0
Longboatkeyclub.com-0104-2017Redesign;en-US;636408991108853340#r1qn1yjfdvk02je4yxjqo4w5;28316;1;0
Samosetresort.com-0113-2017Redesign;en-US;636408991109321400#xqfh2mpi3yvilmrjkicptspr;32541;1;0
Miravalspamonarchbeach.com-0109-2017Redesign;en-US;636408991111193640#jx433ruwhmrf3ohh0rlhhz2y;32984;1;0
Miravalspamonarchbeach.com-0109-2017Redesign;en-US;636408991111505680#iqhyegmgrp0htnddw55ucgg0;31709;1;0
Hospitalityupgrade.com-0093-2016Redesign;en-US;636408991112597820#ry3aiefwra0wztt20fxjpncs;36914;1;0
Hospitalityupgrade.com-0093-2016Redesign;en-US;636408991112753840#qq5qbiguq2itmmmmuecpi4vl;25405;1;0
Cendyn.com-0095-2016Redesign;en-US;636408991112753840#o4ytrzxbssqtuqipvydbwbfo;26640;1;0
Cendyn.com-0095-2016Redesign;en-US;636408991112753840#nyrhfustf50eriagpruoe2vv;26640;1;0
Passport.lehotels.com-0069-2016BlogRedesign;en-US;636408991112753840#kt1yxejkkl4vw1otl5evd3ju;41068;1;0
Cendyn.com-0095-2016Redesign;en-US;636408991112909860#jrdvjdizni023tn05iecshky;26640;1;0
Cendyn.com-0095-2016Redesign;en-US;636408991113533940#nezwdqiqypdbarweh2sleeti;26640;1;0
Edgewaternaples.com-0094-2016Redesign;en-US;636408991113533940#v24pbtk4p4qzh3vifjzlnsyz;32090;1;0
Luxehotels.com-0078-2016Redesign;en-US;636408991115094140#o2vnw3o4ipiume1xi0oq5psc;19375;1;0
Washingtondukeinn.com-0024-2014Redesign;en-US;636408991118526580#f0k30bzcl3c5leeyao3mnrgf;4524;1;0
Theharborsidehotel.com-0114-2017Redesign;en-US;636408991121178920#heefl205d2os03eppstfqyyf;38012;1;0
Thesagamore.com-0112-2017Redesign;en-US;636408991122895140#20tdk1jieeejj2wfkt2hnzl2;39241;1;0
Napavalleymarriott.com-0071-2016Redesign;en-US;636408991122895140#5b5t1kkhnnpkygfmdpwft1w2;16432;1;0
Lidobeachresort.com-0106-2017Redesign;en-US;636408991123207180#4xjzqc0wqosz4gbai34kxh4z;38053;1;0
Longboatkeyclub.com-0104-2017Redesign;en-US;636408991123831260#vlffuajavdfj5mtqyt13tlyd;38054;1;0
Broadmoor.com-0073-2016Redesign;en-US;636408991123831260#ppnsddbvgunohrhtlirn1vnk;16721;1;0
Washingtondukeinn.com-0024-2014Redesign;en-US;636408991123987280#0bmu0k3f1ki0y2l3wngknq54;4524;1;0
Monarchbeachresort.com-0092-2016Redesign;en-US;636408991125703500#45nxqc5zx0ibs3rxepgz4jzi;22979;1;0
Broadmoor.com-0073-2016Redesign;en-US;636408991127575740#pjkqsmcl0ywacutu44qibozy;16721;1;0
Sandylane.com-0075-2016Redesign;en-US;636408991132724400#52hcpvp32aly1cl4hq2qvk2i;17708;1;0
Cendyn.com-0095-2016Redesign;en-US;636408991132880420#y1uip4sbgngsc3ptep1teqvk;26640;1;0
Broadmoor.com-0073-2016Redesign;en-US;636408991132880420#d4bqnk4fdahkh454m2c0itc2;38059;1;0
Thesagamore.com-0112-2017Redesign;en-US;636408991134284600#sj05mky1zckz34d3js13qyoe;32340;1;0
Glencovemansion.com-0058-2015Redesign;en-US;636408991138185100#p3qnflof5pv3aokkairolz20;13343;1;0
Jbdukehotel.com-0086-2016Redesign;en-US;636408991138653160#aruewrjg0ufud3y4cb4o4ly5;21918;1;0
Glencovemansion.com-0058-2015Redesign;en-US;636408991139589280#p3qnflof5pv3aokkairolz20;13340;1;0
Delraysandsresort.com-0097-2016Redesign;en-US;636408991142865700#a2fqprptwn1o3gqhdz1fkmn2;38049;1;0
Sandpearl.com-0091-2016Redesign;en-US;636408991142865700#ynz22ibil2wyqmoswpzck0jg;38056;1;0
Lakeplacidlodge.com-0105-2017Redesign;en-US;636408991151446800#oyqisnakaoo4comc1bwziese;28545;1;0
Bellemontfarm.com-0007-2013Redesign;en-US;636408991154411180#a4pawmzglumi5d4bsva2jooo;12014;1;0
Abbingtonbanquets.com-0070-2016Redesign;en-US;636408991155191280#kfu3bgwnri5jy1dqpgmfrsmx;15789;1;0
Theoxfordhotel.com-0062-2015Redesign;en-US;636408991155191280#gj1grm5mj4vemrmh2pbvdrhq;14325;1;0
Jbdukehotel.com-0086-2016Redesign;en-US;636408991155191280#lyori55b2r2kzo1mq1nrgc5z;21918;1;0
Glencovemansion.com-0058-2015Redesign;en-US;636408991155347300#dsbnssde2qolbinrzohlu5js;13328;1;0
Thecrawfordhotel.com-0074-2016Redesign;en-US;636408991155347300#neegwtr0tg14pf5iuvsca0ta;17145;1;0
Galthouse.com-0042-2015Redesign;en-US;636408991155347300#enrdr2ts1tuxwtgy4gmxbwuq;38060;1;0
Beverlyhillsresidenceinn.com-0087-2016Redesign;en-US;636408991155347300#2nampx1b0sogo1cu5lpfeyot;20999;1;0
Edgewaternaples.com-0094-2016Redesign;en-US;636408991155503320#t1wpig2rsmfi3clrt1vf43dh;38051;1;0
Naiaresortandspa.com-0077-2016Redesign;en-US;636408991155503320#i0gyxohxxlcofpmmdx4kay0p;20455;1;0
Samosetresort.com-0113-2017Redesign;en-US;636408991155503320#smmxrvgp5jyaimxmxo52fudg;40334;1;0
Treasureislandbeachresort.com-0089-2016Redesign;en-US;636408991155503320#gfabgqnhsfwd2gnmcntm0cia;38057;1;0
Lakeplacidlodge.com-0105-2017Redesign;en-US;636408991155503320#tr52akr2g0mlvq4akgrf11wa;39238;1;0
Chrco.com-0107-2017Redesign;en-US;636408991155503320#wx1i0u3karg1yyhgqhznlb2y;29280;1;0
Bluebirch.com-0072-2016Redesign;en-US;636408991155659340#se1wdjxktl5murk0ghd3bvnr;16693;1;0
Meateatery.com-0080-2016Redesign;en-US;636408991155659340#ktzv2jzd42uluqiaybjed1um;18505;1;0
Bocatrans.com-0082-2016Redesign;en-US;636408991155659340#ozfgv5ehctpuzmqmjeem13td;19758;1;0
Theharborsidehotel.com-0114-2017Redesign;en-US;636408991155659340#2ku0r1c0qe1gygi03ewmtoz0;40403;1;0
Degreerestaurant.com-0056-2015Redesign;en-US;636408991155659340#b5f0b11dza1ru41ynbc4j5jr;11598;1;0
Hhotellosangeles.com-0118-2017Redesign;en-US;636408991155659340#1vczcqpsjst12xw14252u1v0;35289;1;0
Washingtoncourthotel.com-0076-2016Redesign;en-US;636408991155815360#tra2kmnmcvmo3x0kxqd0yvmj;17858;1;0
Opalsands.com-0084-2016Redesign;en-US;636408991155815360#45sr2niusia1gg2kx12tjfvn;38055;1;0
Homewoodsuiteslax.com-0110-2017Redesign;en-US;636408991155815360#nhvpejqfhzopqyvou43vexla;30747;1;0
Assuranceoperations.com-0065-2015Redesign;en-US;636408991155815360#po5qdlfsc0m1nzrc5ksarad4;15263;1;0
Thecurtis.com-0079-2016Redesign;en-US;636408991155815360#swqgr1x5zewgonlr20jnomyj;17981;1;0
Zotabeachresort.com-0090-2016Redesign;en-US;636408991155971380#i1d2mc3p3ggwz2qnnyz00r3y;38058;1;0
Jupiterbeachresort.com-0103-2017Redesign;en-US;636408991155971380#22kwusywvlq5f1lvfx4ufi5v;38052;1;0
Luxehotels.com-0078-2016Redesign;en-US;636408991156127400#ndyqwc1crikulotav4mg03tr;18805;1;0
Texturefoodanddrink.com-0067-2016Redesign;en-US;636408991156127400#pb0mud1ozb0c3amcblct3nwp;15452;1;0
Oxfordclubspa.com-0068-2016Redesign;en-US;636408991156127400#touvrphkpvolmpqlnzizuvwa;15568;1;0
Sandylane.com-0075-2016Redesign;en-US;636408991156127400#fmbihe5j3ce3uhvquw03r4qj;17611;1;0
Halcyonhotelcherrycreek.com-0061-2015Redesign;en-US;636408991156127400#n0zcfiwer13und2weia0o0le;22121;1;0
Theharborsidehotel.com-0114-2017Redesign;en-US;636408991157219540#qcz1g1xky5iqrxvh3tsr5kol;37571;1;0
Bellemontfarm.com-0007-2013Redesign;en-US;636408991161276060#sgkztkihllq1odoqhh54d4pa;11497;1;0
Cendyn.com-0095-2016Redesign;en-US;636408991162680240#cjtph53girnuwblpl0f3tpsd;26640;1;0
Cendyn.com-0095-2016Redesign;en-US;636408991162680240#n4umfh5czzn4riac2ds3lnry;26640;1;0
Passport.lehotels.com-0069-2016BlogRedesign;en-US;636408991163148300#sryyw4kmainfljy1nom0ixpm;41068;1;0
Hospitalityupgrade.com-0093-2016Redesign;en-US;636408991163148300#d4mlmcktfccgu4i2rmmch0cq;25405;1;0
Cendyn.com-0095-2016Redesign;en-US;636408991163148300#ajhcyezckbkjfcwkz4fbtjez;26640;1;0
Theharborsidehotel.com-0114-2017Redesign;en-US;636408991163304320#qcz1g1xky5iqrxvh3tsr5kol;37571;1;0
Cendyn.com-0095-2016Redesign;en-US;636408991163304320#b2jhizni3ixfahll03dlxlnb;26640;1;0
Theloganhotel.com-0043-2015Redesign;en-US;636408991163460340#f2fxwxecejyq1ez01hzhwd0g;20218;1;0
Bellemontfarm.com-0007-2013Redesign;en-US;636408991165176560#sgkztkihllq1odoqhh54d4pa;11497;1;0
Bellemontfarm.com-0007-2013Redesign;en-US;636408991167984920#sgkztkihllq1odoqhh54d4pa;11497;1;0
Longboatkeyclub.com-0104-2017Redesign;en-US;636408991170949300#ssy0qszewh5jlqgbrqwo5cwx;31258;1;0
Bellemontfarm.com-0007-2013Redesign;en-US;636408991171105320#sgkztkihllq1odoqhh54d4pa;11497;1;0
Broadmoor.com-0073-2016Redesign;en-US;636408991172665520#ivyb5umxjxf2o2uobqvtxsal;16797;1;0
Lidobeachresort.com-0106-2017Redesign;en-US;636408991172977560#zhw01vctf3vijgegy3lo1mwf;38053;1;0
Thesagamore.com-0112-2017Redesign;en-US;636408991173133580#nktqsjt2cijwgc52iupxj1nz;39241;1;0
Longboatkeyclub.com-0104-2017Redesign;en-US;636408991173289600#tkcy4mwzhveaicem3wy33i3r;38054;1;0
Broadmoor.com-0073-2016Redesign;en-US;636408991173289600#poybc2f1skuanyxzhpefb0f5;16721;1;0
Napavalleymarriott.com-0071-2016Redesign;en-US;636408991173289600#o2mm5sndikdofvayrqldodkm;16432;1;0
Sandpearl.com-0091-2016Redesign;en-US;636408991173601640#5o2dbpskwdazf3bigoeoxcna;22497;1;0
Bellemontfarm.com-0007-2013Redesign;en-US;636408991173757660#sgkztkihllq1odoqhh54d4pa;11497;1;0
Bellemontfarm.com-0007-2013Redesign;en-US;636408991174069700#luig1hlsy2ttahyz1m12uwl0;2502;1;0
Ecommerce.washingtondukeinn.com-0027-2014ShoppingCart;en-US;636408991175317860#mvw5e10afwi1zeoac4v4erki;6276;1;0
Bellemontfarm.com-0007-2013Redesign;en-US;636408991176566020#sgkztkihllq1odoqhh54d4pa;11497;1;0
Broadmoor.com-0073-2016Redesign;en-US;636408991177658160#lgnyap0luwrrwnj3eepx21vl;16760;1;0
Thesagamore.com-0112-2017Redesign;en-US;636408991178438260#51f3ezfacevr2rsalnljw0d5;32339;1;0
Thesagamore.com-0112-2017Redesign;en-US;636408991179842440#hwvt5ncv0wb25gmoksz43jkp;32340;1;0
Bellemontfarm.com-0007-2013Redesign;en-US;636408991179842440#sgkztkihllq1odoqhh54d4pa;11497;1;0
Broadmoor.com-0073-2016Redesign;en-US;636408991180154480#cwav1sncoti5jljxrydkaqjj;17335;1;0
Cocokeyorlando.com-0059-2015Redesign;en-US;636408991180466520#fhgo0dcbom44dzmfpdh4pbgx;12414;1;0
Broadmoor.com-0073-2016Redesign;en-US;636408991180778560#mkqdz3w4aj401slclek43ei4;16753;1;0
Thesagamore.com-0112-2017Redesign;en-US;636408991182806820#51f3ezfacevr2rsalnljw0d5;32339;1;0
Cendyn.com-0095-2016Redesign;en-US;636408991182962840#jlo0hxns2ijzsskdgoxcmeic;26640;1;0
Broadmoor.com-0073-2016Redesign;en-US;636408991182962840#smmw0mksjz0xz1do21a5m3w4;38059;1;0
Bellemontfarm.com-0007-2013Redesign;en-US;636408991183118860#sgkztkihllq1odoqhh54d4pa;11497;1;0
Lakeplacidlodge.com-0105-2017Redesign;en-US;636408991183118860#oyqisnakaoo4comc1bwziese;28545;1;0
Bellemontfarm.com-0007-2013Redesign;en-US;636408991183586920#luig1hlsy2ttahyz1m12uwl0;11497;1;0
Bellemontfarm.com-0007-2013Redesign;en-US;636408991186083240#sgkztkihllq1odoqhh54d4pa;11497;1;0
Luxehotels.com-0078-2016Redesign;en-US;636408991186083240#24dudh3520blbqhaypim4d5d;18805;1;0
Bellemontfarm.com-0007-2013Redesign;en-US;636408991188891600#sgkztkihllq1odoqhh54d4pa;11497;1;0
Cphollywoodbeach.com-0032-2015Redesign;en-US;636408991192636080#1qyr4y3p2wnbc0hgg2lm0sbf;7831;1;0
Delraysandsresort.com-0097-2016Redesign;en-US;636408991192792100#0kjwawbjguyyunofv213hh13;38049;1;0
Sandpearl.com-0091-2016Redesign;en-US;636408991192792100#5fgtx0cxygcfuwhmnl0q4ltp;38056;1;0
Longboatkeyclub.com-0104-2017Redesign;en-US;636408991193260160#mqzo2yweb0f4gpyputtsb1ro;28385;1;0
Thesagamore.com-0112-2017Redesign;en-US;636408991196848620#sd15ehgwtailsojx1belo5nw;32346;1;0
Lidobeachresort.com-0106-2017Redesign;en-US;636408991199500960#cj2prrapxhlv43rmmnvg2z2v;28666;1;0
