Lakeplacidlodge.com-0105-2017Redesign;en-US;636408991802028444#amd5qafwqelalxh3ctez4pzs;28545;1;0
Meateatery.com-0080-2016Redesign;en-US;636408991805304612#opyt2mz1sw2ec0vnhjivprjp;18505;1;0
Degreerestaurant.com-0056-2015Redesign;en-US;636408991805304612#jkgftpugd44k5bqzrdiubvuv;11598;1;0
Beverlyhillsresidenceinn.com-0087-2016Redesign;en-US;636408991805304612#5jnw2m0lzspcayvioxsl1t1w;20999;1;0
Chrco.com-0107-2017Redesign;en-US;636408991805304612#iihozycsm34lhm1puif2utkd;29280;1;0
Treasureislandbeachresort.com-0089-2016Redesign;en-US;636408991805304612#q545utfyxpez0i2tpgidowk2;38057;1;0
Theharborsidehotel.com-0114-2017Redesign;en-US;636408991805304612#kvnzpthiwo4usrryhxogs0e5;40403;1;0
Abbingtonbanquets.com-0070-2016Redesign;en-US;636408991805304612#ddbne0t54yg1fl32xq5xes3v;15789;1;0
Lakeplacidlodge.com-0105-2017Redesign;en-US;636408991805304612#n5hgtvmq2hf2p5wnvjydqjpx;39238;1;0
Glencovemansion.com-0058-2015Redesign;en-US;636408991805460620#i00l15vjjtw5iz4wztl5f1vi;13328;1;0
Oxfordclubspa.com-0068-2016Redesign;en-US;636408991805460620#1b2wamu4guldmcqvatrkwz2k;15568;1;0
Homewoodsuiteslax.com-0110-2017Redesign;en-US;636408991805460620#4yiqedminoxtn25dr5nebdxg;30747;1;0
Hhotellosangeles.com-0118-2017Redesign;en-US;636408991805460620#yjdi2cx3ezbsaigpzwwdzhsm;35289;1;0
Texturefoodanddrink.com-0067-2016Redesign;en-US;636408991805460620#54menfd45x001ngw0gpwknxh;15452;1;0
Halcyonhotelcherrycreek.com-0061-2015Redesign;en-US;636408991805616628#foksuxbtunpr4k4k1kt2wx50;22121;1;0
Thecurtis.com-0079-2016Redesign;en-US;636408991805616628#yuu3r5mwsftxweeuhxwwaryo;17981;1;0
Samosetresort.com-0113-2017Redesign;en-US;636408991805772636#c4bdd53wkfmb1mxbzry2ia5e;40334;1;0
Bluebirch.com-0072-2016Redesign;en-US;636408991805928644#kzuqvgsjyg1t5u1mnnk3ttlb;16693;1;0
Opalsands.com-0084-2016Redesign;en-US;636408991805928644#on1peqxyisuxrbubwwecx2cj;38055;1;0
Zotabeachresort.com-0090-2016Redesign;en-US;636408991805928644#wdd4c1twt2uywcpaw3hjwm4r;38058;1;0
Luxehotels.com-0078-2016Redesign;en-US;636408991805928644#iqqhhkj0fsxlqaaa2letenex;18805;1;0
Washingtoncourthotel.com-0076-2016Redesign;en-US;636408991806084652#h1rz4d0hnx05ghq5wcyi41ss;17858;1;0
Naiaresortandspa.com-0077-2016Redesign;en-US;636408991806084652#1wvmyrvxi25fyy20r4stjzv3;20455;1;0
Galthouse.com-0042-2015Redesign;en-US;636408991806240660#wm2tedb2jiociu3orcfli43g;38060;1;0
Sandylane.com-0075-2016Redesign;en-US;636408991806240660#dovtukgc0zl5y2juiicd4hbg;17611;1;0
Theoxfordhotel.com-0062-2015Redesign;en-US;636408991806396668#ygbl3vy2mi5f2vwppt5axnli;14325;1;0
Jupiterbeachresort.com-0103-2017Redesign;en-US;636408991806396668#pwnqtjeowcxd20ggkpyvgvup;38052;1;0
Bocatrans.com-0082-2016Redesign;en-US;636408991806552676#ww5zfdeo3ceo2yeqv2i3fybg;19758;1;0
Edgewaternaples.com-0094-2016Redesign;en-US;636408991806552676#q0wdyqti2ifzcloykkglirc0;38051;1;0
Jbdukehotel.com-0086-2016Redesign;en-US;636408991806708684#0014luo4y2ql3vkdjd2bitek;21918;1;0
Thecrawfordhotel.com-0074-2016Redesign;en-US;636408991806708684#xmyii1tfz0jldsmhg4z3sj21;17145;1;0
Assuranceoperations.com-0065-2015Redesign;en-US;636408991806708684#e0et3on5tcrl5par1h0z0nht;15263;1;0
Bellemontfarm.com-0007-2013Redesign;en-US;636408991806864692#qyzv44kblo5mxuq14kellp5u;11497;1;0
Unionstationhotelnashville.com-0047-2015Redesign;en-US;636408991807176708#woczvsqpfjfu45tf4tajnwpm;32226;1;0
Samosetresort.com-0113-2017Redesign;en-US;636408991811700940#xqfh2mpi3yvilmrjkicptspr;35352;1;0
Hospitalityupgrade.com-0093-2016Redesign;en-US;636408991812480980#brbo3yijrbkfqkno2xzbquhp;25405;1;0
Cendyn.com-0095-2016Redesign;en-US;636408991812480980#crtk4nixx5ohx1a4yafr55w2;26640;1;0
Cendyn.com-0095-2016Redesign;en-US;636408991812480980#gww5zwxao3mdppcz0raclmvx;26640;1;0
Passport.lehotels.com-0069-2016BlogRedesign;en-US;636408991812480980#lqeb2vkxhcxvwjlohfdo1lfh;41068;1;0
Cendyn.com-0095-2016Redesign;en-US;636408991812636988#ip2wiigrmqv0ndnw0zbu0erj;26640;1;0
Cendyn.com-0095-2016Redesign;en-US;636408991812636988#mu4bpsxazzi01hfe0eue2351;26640;1;0
Sandylane.com-0075-2016Redesign;en-US;636408991812792996#wexv1f5xrgi5bc5o0psgxndt;17611;1;0
Bellemontfarm.com-0007-2013Redesign;en-US;636408991815757148#qyzv44kblo5mxuq14kellp5u;11497;1;0
Unionstationhotelnashville.com-0047-2015Redesign;en-US;636408991819969364#woczvsqpfjfu45tf4tajnwpm;32226;1;0
Broadmoor.com-0073-2016Redesign;en-US;636408991821685452#hsajojcrn2hrnq10lq5i41bz;16721;1;0
Samosetresort.com-0113-2017Redesign;en-US;636408991822153476#3z4h41v1o5t1twy2q3b4z1oy;32558;1;0
Monarchbeachresort.com-0092-2016Redesign;en-US;636408991822777508#adik1skdv5xa0qqgatq5zrri;23615;1;0
Napavalleymarriott.com-0071-2016Redesign;en-US;636408991822777508#3fb235mpzszahvj04uvhzbyn;16432;1;0
Lidobeachresort.com-0106-2017Redesign;en-US;636408991822777508#n42dfyuoppbrke2ik53a02vf;38053;1;0
Longboatkeyclub.com-0104-2017Redesign;en-US;636408991822777508#sjqmndtaq5jw3xgviuuk1jhw;38054;1;0
Thesagamore.com-0112-2017Redesign;en-US;636408991822777508#uza5kvbsbqzdgjvnmyz1hch5;39241;1;0
Bellemontfarm.com-0007-2013Redesign;en-US;636408991823713556#qyzv44kblo5mxuq14kellp5u;11497;1;0
Halcyonhotelcherrycreek.com-0061-2015Redesign;en-US;636408991824181580#zbddmbk3f4fgqpbxgc0c1h33;22121;1;0
Broadmoor.com-0073-2016Redesign;en-US;636408991824649604#hsajojcrn2hrnq10lq5i41bz;16721;1;0
Cendyn.com-0095-2016Redesign;en-US;636408991824961620#wslnm1tzxmrgu5yvqvtcgff0;26640;1;0
Sandylane.com-0075-2016Redesign;en-US;636408991825273636#zlh3u3axj3zie1bzs4igqpdb;17645;1;0
Theharborsidehotel.com-0114-2017Redesign;en-US;636408991825429644#1rxsvas4x35sgu3q1e0gsjfa;37571;1;0
Bellemontfarm.com-0007-2013Redesign;en-US;636408991831357948#qyzv44kblo5mxuq14kellp5u;11497;1;0
Samosetresort.com-0113-2017Redesign;en-US;636408991831981980#3z4h41v1o5t1twy2q3b4z1oy;32558;1;0
Theharborsidehotel.com-0114-2017Redesign;en-US;636408991832450004#1rxsvas4x35sgu3q1e0gsjfa;37571;1;0
Cendyn.com-0095-2016Redesign;en-US;636408991832918028#l12h45jg5b5uyimbvsfqkltg;26640;1;0
Broadmoor.com-0073-2016Redesign;en-US;636408991832918028#oc2hufohqalflnga5ohjdckr;38059;1;0
Theharborsidehotel.com-0114-2017Redesign;en-US;636408991834010084#04orufhg4u2wje3tdrlms40g;37571;1;0
Theharborsidehotel.com-0114-2017Redesign;en-US;636408991837130244#04orufhg4u2wje3tdrlms40g;37571;1;0
saddlebrook.com-0011-2014Redesign;en-US;636408991837130244#252xccgjqrz320fqo4pxmuy1;3385;1;0
Galthouse.com-0042-2015Redesign;en-US;636408991837130244#5bx4xyhc4xnbuqmvosgq5rhd;31905;1;0
Broadmoor.com-0073-2016Redesign;en-US;636408991837754276#je32m0hxo2hj3gvcdnzrkyoy;16721;1;0
Cendyn.com-0095-2016Redesign;en-US;636408991838066292#wslnm1tzxmrgu5yvqvtcgff0;26640;1;0
Thelodgeatwoodloch.com-0033-2015Redesign;en-US;636408991839002340#1fywau3jfant2a511hlkqjpr;7764;1;0
Renaissancepittsburghpa.com-0044-2015Redesign;en-US;636408991839002340#nkqzumo5lc0mhyj3ubnwohxx;10072;1;0
Bellemontfarm.com-0007-2013Redesign;en-US;636408991839470364#qyzv44kblo5mxuq14kellp5u;11497;1;0
Galthouse.com-0042-2015Redesign;en-US;636408991842434516#5bx4xyhc4xnbuqmvosgq5rhd;31905;1;0
Delraysandsresort.com-0097-2016Redesign;en-US;636408991842902540#e2frvilvs3sxc0qzu3nrfr1y;38049;1;0
Sandpearl.com-0091-2016Redesign;en-US;636408991842902540#riujstpf0cc134p1ia0awc00;38056;1;0
saddlebrook.com-0011-2014Redesign;en-US;636408991843370564#252xccgjqrz320fqo4pxmuy1;3385;1;0
Galthouse.com-0042-2015Redesign;en-US;636408991844150604#5bx4xyhc4xnbuqmvosgq5rhd;31905;1;0
Edgewaternaples.com-0094-2016Redesign;en-US;636408991846022700#u4m1rjs20br5i1tekipa00gq;25287;1;0
Bellemontfarm.com-0007-2013Redesign;en-US;636408991847426772#qyzv44kblo5mxuq14kellp5u;11497;1;0
Broadmoor.com-0073-2016Redesign;en-US;636408991851794996#ng4wg10svxicw13brdgjsl4n;16742;1;0
Meateatery.com-0080-2016Redesign;en-US;636408991853199068#nnkmaavgr3bm0ch4y2vsnis4;18505;1;0
Hospitalityupgrade.com-0093-2016Redesign;en-US;636408991853979108#p1i4htfyyara5fl2ruz1f1na;22790;1;0
Meateatery.com-0080-2016Redesign;en-US;636408991855227172#nnkmaavgr3bm0ch4y2vsnis4;18505;1;0
Meateatery.com-0080-2016Redesign;en-US;636408991855227172#k4apuzqhyflv0eyqla504310;18505;1;0
Naiaresortandspa.com-0077-2016Redesign;en-US;636408991855227172#tw4ibnlxgojsrai5ua2gssem;20455;1;0
Beverlyhillsresidenceinn.com-0087-2016Redesign;en-US;636408991855227172#kz5gxo0h41mimwl5jdxu3tcw;20999;1;0
Degreerestaurant.com-0056-2015Redesign;en-US;636408991855227172#sj2a4kccqkz53bkhz3ym1wld;11598;1;0
Sandylane.com-0075-2016Redesign;en-US;636408991855383180#z0gch3veyb0nijdq0fbgfen0;17611;1;0
Oxfordclubspa.com-0068-2016Redesign;en-US;636408991855539188#1gxa3fmhdygm2ikwqzf14pqz;15568;1;0
Treasureislandbeachresort.com-0089-2016Redesign;en-US;636408991855539188#gcrrd2foirwolmnovvgpta0v;38057;1;0
Thecurtis.com-0079-2016Redesign;en-US;636408991855539188#ps3zjjisp2aqjmy5th3x4mff;17981;1;0
Bluebirch.com-0072-2016Redesign;en-US;636408991855695196#cmvoyti1vve44fpnglsnsosu;16693;1;0
Homewoodsuiteslax.com-0110-2017Redesign;en-US;636408991855695196#r04z0znh0ngnc1vvx1o0fwbq;30747;1;0
Bellemontfarm.com-0007-2013Redesign;en-US;636408991855851204#qyzv44kblo5mxuq14kellp5u;11497;1;0
Washingtoncourthotel.com-0076-2016Redesign;en-US;636408991855851204#5v5pw0hwhshfafqsrp3qbhsv;17858;1;0
Lakeplacidlodge.com-0105-2017Redesign;en-US;636408991856007212#5umjklhjww4vj1qxkmsej5a3;39238;1;0
Halcyonhotelcherrycreek.com-0061-2015Redesign;en-US;636408991856007212#3l40rn4gdpsip1xnl4l44gxf;22121;1;0
Theharborsidehotel.com-0114-2017Redesign;en-US;636408991856163220#oxbpkky1yrw11xd3o1fbgzik;40403;1;0
Bocatrans.com-0082-2016Redesign;en-US;636408991856163220#ut3roibqshp1vyn11yxyy51a;19758;1;0
Theoxfordhotel.com-0062-2015Redesign;en-US;636408991856163220#scehq2bt52ze4tdjl4pc2dc1;14325;1;0
Luxehotels.com-0078-2016Redesign;en-US;636408991856319228#or51uapdsnkysso4qwo4zwh2;18805;1;0
Thecrawfordhotel.com-0074-2016Redesign;en-US;636408991856319228#pltmwa2ntalbhiaerhmt214c;17145;1;0
Opalsands.com-0084-2016Redesign;en-US;636408991856319228#ua0d0d25inlbggezbegobtqv;38055;1;0
Zotabeachresort.com-0090-2016Redesign;en-US;636408991856319228#qqslqkmhnw2p55voonknhbx3;38058;1;0
Samosetresort.com-0113-2017Redesign;en-US;636408991856475236#502k23ymn4pwvzhlz3vgwxiw;40334;1;0
Jupiterbeachresort.com-0103-2017Redesign;en-US;636408991856475236#y1aj0fa2xleyzessd2xqk32s;38052;1;0
Hhotellosangeles.com-0118-2017Redesign;en-US;636408991856475236#udffjs5iadr3dhetrglu30ab;35289;1;0
Galthouse.com-0042-2015Redesign;en-US;636408991856631244#4ldzp2bhp24aiiq2zhkngbg4;38060;1;0
Texturefoodanddrink.com-0067-2016Redesign;en-US;636408991856787252#md0tpkjnp1ndn1ehv50culni;15452;1;0
Edgewaternaples.com-0094-2016Redesign;en-US;636408991856943260#xvhp0bfdtbwiiurm4334q3bt;38051;1;0
Jbdukehotel.com-0086-2016Redesign;en-US;636408991857099268#emg2epyquwntdye4cxoxbl2z;21918;1;0
Assuranceoperations.com-0065-2015Redesign;en-US;636408991857099268#miexo2hpz1xfj0zd5cnuu4b5;15263;1;0
Chrco.com-0107-2017Redesign;en-US;636408991857255276#04ffzik50ibkzue3cfcysov3;29280;1;0
Abbingtonbanquets.com-0070-2016Redesign;en-US;636408991857411284#zcvgclrrohgmkt0ps4lucarz;15789;1;0
Glencovemansion.com-0058-2015Redesign;en-US;636408991857879308#qvfviz3q0lls5thn0rqsezur;13328;1;0
Unionstationhotelnashville.com-0047-2015Redesign;en-US;636408991859283380#woczvsqpfjfu45tf4tajnwpm;41675;1;0
Broadmoor.com-0073-2016Redesign;en-US;636408991861935516#v02x0rfeovcerpgzmj5tc3tz;18259;1;0
Cendyn.com-0095-2016Redesign;en-US;636408991862559548#xurxcfpkfzhqqbsbjwk0s5bt;26640;1;0
Cendyn.com-0095-2016Redesign;en-US;636408991862559548#r4etn1o51sirr2vksleet5lx;26640;1;0
Cendyn.com-0095-2016Redesign;en-US;636408991862559548#lwdbbjfd5zywksjpyda140xb;26640;1;0
Cendyn.com-0095-2016Redesign;en-US;636408991862559548#3oltgmysd1hgjdw2aurcsv2v;26640;1;0
Hospitalityupgrade.com-0093-2016Redesign;en-US;636408991862559548#ardzssrxyzonkfejekxmhzec;25405;1;0
Passport.lehotels.com-0069-2016BlogRedesign;en-US;636408991862871564#kwgj5hsx22ec0pbn20x1zb5b;41068;1;0
Thesagamore.com-0112-2017Redesign;en-US;636408991863339588#urgfw4reeih5qdi2ppzmzzi3;32339;1;0
Bellemontfarm.com-0007-2013Redesign;en-US;636408991863807612#qyzv44kblo5mxuq14kellp5u;11497;1;0
Thesagamore.com-0112-2017Redesign;en-US;636408991866303740#urgfw4reeih5qdi2ppzmzzi3;32339;1;0
Broadmoor.com-0073-2016Redesign;en-US;636408991867863820#dhnln3u0pqqvx0bxdyfhtkmq;16721;1;0
Lakeplacidlodge.com-0105-2017Redesign;en-US;636408991868175836#fbetzq0wl44pwnsa20004rn2;32794;1;0
Broadmoor.com-0073-2016Redesign;en-US;636408991869111884#dhnln3u0pqqvx0bxdyfhtkmq;16721;1;0
Broadmoor.com-0073-2016Redesign;en-US;636408991870827972#dhnln3u0pqqvx0bxdyfhtkmq;16721;1;0
Broadmoor.com-0073-2016Redesign;en-US;636408991872232044#pjkqsmcl0ywacutu44qibozy;16756;1;0
Napavalleymarriott.com-0071-2016Redesign;en-US;636408991872700068#3wvbdohr0nonik3x5gskywpl;16432;1;0
Longboatkeyclub.com-0104-2017Redesign;en-US;636408991873012084#43a5ozeulwksuzwl1pgdqy12;38054;1;0
Thesagamore.com-0112-2017Redesign;en-US;636408991873324100#0a0fqzy50gyquuizuobhbome;39241;1;0
Broadmoor.com-0073-2016Redesign;en-US;636408991873324100#dhnln3u0pqqvx0bxdyfhtkmq;16721;1;0
Lidobeachresort.com-0106-2017Redesign;en-US;636408991873480108#1t4qmaeeb1awa3vt4vpbzyep;38053;1;0
Broadmoor.com-0073-2016Redesign;en-US;636408991876288252#dhnln3u0pqqvx0bxdyfhtkmq;16721;1;0
Broadmoor.com-0073-2016Redesign;en-US;636408991878472364#dhnln3u0pqqvx0bxdyfhtkmq;16721;1;0
Cendyn.com-0095-2016Redesign;en-US;636408991880500468#hwy0gj2bmihrugeseqpad2ds;26640;1;0
Broadmoor.com-0073-2016Redesign;en-US;636408991880968492#qsoem31lr4sqmpgss22xrbca;21233;1;0
Broadmoor.com-0073-2016Redesign;en-US;636408991882216556#dhnln3u0pqqvx0bxdyfhtkmq;16721;1;0
Thesagamore.com-0112-2017Redesign;en-US;636408991882684580#urgfw4reeih5qdi2ppzmzzi3;32339;1;0
Broadmoor.com-0073-2016Redesign;en-US;636408991882996596#g0nyq2xkzczoqh5jwlwx3p2d;38059;1;0
Cendyn.com-0095-2016Redesign;en-US;636408991883152604#cxmot3qz52ir4s0cl1cyzkgr;26640;1;0
Sandylane.com-0075-2016Redesign;en-US;636408991885024700#k5zyrhz20ai2vrtz4wa22asj;17611;1;0
Broadmoor.com-0073-2016Redesign;en-US;636408991886272764#dhnln3u0pqqvx0bxdyfhtkmq;16721;1;0
Cendyn.com-0095-2016Redesign;en-US;636408991888300868#laaadb0ejc2h0cr5cjhzuzoe;26640;1;0
Cendyn.com-0095-2016Redesign;en-US;636408991889236916#5pqgisg3d0csiw5guv1gcfhl;26640;1;0
Broadmoor.com-0073-2016Redesign;en-US;636408991889392924#dhnln3u0pqqvx0bxdyfhtkmq;16721;1;0
Cendyn.com-0095-2016Redesign;en-US;636408991889548932#tcoswxxdow0l5apxewql3bbx;26640;1;0
saddlebrook.com-0011-2014Redesign;en-US;636408991892513084#weduebu22tvzbwpnpo2rkmgd;3469;1;0
Broadmoor.com-0073-2016Redesign;en-US;636408991892513084#dhnln3u0pqqvx0bxdyfhtkmq;16721;1;0
Napavalleymarriott.com-0071-2016Redesign;en-US;636408991892825100#y4rpx03co5sfknlqzwdvnghr;16432;1;0
Sandpearl.com-0091-2016Redesign;en-US;636408991892825100#353jncx11uziismagmr024vx;38056;1;0
Delraysandsresort.com-0097-2016Redesign;en-US;636408991892981108#te31wrchngn1l4w03doij0vi;38049;1;0
Lakeplacidlodge.com-0105-2017Redesign;en-US;636408991894229172#yxwb44mmocbvuxndexo2m4pg;32807;1;0
Hospitalityupgrade.com-0093-2016Redesign;en-US;636408991901561548#dtmddq4j3dzevahoxbu54lip;36914;1;0
Cphollywoodbeach.com-0032-2015Redesign;en-US;636408991901561548#xgl35udeavzw0aod322no3da;7831;1;0
Sandpearl.com-0091-2016Redesign;en-US;636408991903433644#wjipegyuj0vcyx20uqksadvc;22488;1;0
Laxembassy.com-0008-2014Redesign;en-US;636408991905149732#ht3bqxb2js0joupi2prjhkoz;2146;1;0
Thecrawfordhotel.com-0074-2016Redesign;en-US;636408991905305740#3bzdncvz20r2yzgg4fm35hdd;17145;1;0
Galthouse.com-0042-2015Redesign;en-US;636408991905305740#smlgp3kjjobgwd2zveljmdys;38060;1;0
Sandylane.com-0075-2016Redesign;en-US;636408991905305740#0gzifzm24dorilv3epw5s5cd;17611;1;0
Meateatery.com-0080-2016Redesign;en-US;636408991905305740#5lbbpikmzk1uh4z3kuysle0b;18505;1;0
Jbdukehotel.com-0086-2016Redesign;en-US;636408991905305740#caczmvkau3epmvtinqnnei1x;21918;1;0
Samosetresort.com-0113-2017Redesign;en-US;636408991905305740#0ukedrfjjcp05y0q0zza3fdl;40334;1;0
Chrco.com-0107-2017Redesign;en-US;636408991905461748#15rgt0ngg5er11hs2qxhfu1a;29280;1;0
Opalsands.com-0084-2016Redesign;en-US;636408991905461748#w2z4urgtp5mocvyxlrbu2akp;38055;1;0
Jupiterbeachresort.com-0103-2017Redesign;en-US;636408991905461748#bnzdocy1v2liav2ivec00s5v;38052;1;0
Abbingtonbanquets.com-0070-2016Redesign;en-US;636408991905461748#mrklzv4qzvwsqumyvj5i42nz;15789;1;0
Hhotellosangeles.com-0118-2017Redesign;en-US;636408991905461748#fmsm1j1c333vjrkly4ac4kbs;35289;1;0
Homewoodsuiteslax.com-0110-2017Redesign;en-US;636408991905461748#a5zktrzu1nqtt2wmtcpqejtp;30747;1;0
Glencovemansion.com-0058-2015Redesign;en-US;636408991905617756#i4homhyz14svzronnsw5mc3j;13328;1;0
Treasureislandbeachresort.com-0089-2016Redesign;en-US;636408991905617756#y0fkej0wpzw54vtbejitevci;38057;1;0
Naiaresortandspa.com-0077-2016Redesign;en-US;636408991905617756#efts2fyewycl1iu1nziks1rz;20455;1;0
Washingtoncourthotel.com-0076-2016Redesign;en-US;636408991906397796#2qt1wlecxg1jifpdrcgtjqjs;17858;1;0
Bocatrans.com-0082-2016Redesign;en-US;636408991906397796#egmzo2zipkk3k4vqajzlcvls;19758;1;0
Assuranceoperations.com-0065-2015Redesign;en-US;636408991906397796#cmwfugb3bkd223icpwingqg1;15263;1;0
Thecurtis.com-0079-2016Redesign;en-US;636408991906397796#zg3y1xfiuz5pjbnvgahl3fqi;17981;1;0
Lakeplacidlodge.com-0105-2017Redesign;en-US;636408991906397796#wlfz051mraselq10qbdvfocf;39238;1;0
Zotabeachresort.com-0090-2016Redesign;en-US;636408991906397796#vgkwxzk5akcombrexolz1141;38058;1;0
Theharborsidehotel.com-0114-2017Redesign;en-US;636408991906397796#n4gpobzjtqkknha2hba55mtt;40403;1;0
Texturefoodanddrink.com-0067-2016Redesign;en-US;636408991906553804#hp2a4xvzzzmw0qgywg1mxxy4;15452;1;0
Halcyonhotelcherrycreek.com-0061-2015Redesign;en-US;636408991906553804#ho23gnpp3pauprwofqgiz3sc;22121;1;0
Luxehotels.com-0078-2016Redesign;en-US;636408991906553804#c3tgqltpzvfiwql4xuh2nafg;18805;1;0
Theoxfordhotel.com-0062-2015Redesign;en-US;636408991906553804#r0gxrqbamcikye5fkhpcghxt;14325;1;0
Degreerestaurant.com-0056-2015Redesign;en-US;636408991906553804#1nmtqepa00u50mhwqcthfcyd;11598;1;0
Beverlyhillsresidenceinn.com-0087-2016Redesign;en-US;636408991906553804#4ik5u0hemgu2u33uyqezw3dw;20999;1;0
Oxfordclubspa.com-0068-2016Redesign;en-US;636408991906553804#s0303ymxqt4rtso320lvpul0;15568;1;0
Edgewaternaples.com-0094-2016Redesign;en-US;636408991906709812#m1jii4zb1oevczsn35n1lmqh;38051;1;0
Bluebirch.com-0072-2016Redesign;en-US;636408991906865820#kaxztgnq4pi5e05d45x0tom4;16693;1;0
Cendyn.com-0095-2016Redesign;en-US;636408991909985980#nnguzpngghixtx2l4g3m24sa;26640;1;0
Jupiterbeachresort.com-0103-2017Redesign;en-US;636408991910766020#f5akezm1dkvkioif1cltlskk;28158;1;0
wentworthcom00212014redesign;en-US;636408991912014084#rqqrb4qfmvyfea3iqp42bszg;4293;1;0
Hospitalityupgrade.com-0093-2016Redesign;en-US;636408991912482108#zmc4ozl2youuhjljcsmrba1b;25405;1;0
Cendyn.com-0095-2016Redesign;en-US;636408991912482108#wtyrztl0o0mxbyshuyhypatr;26640;1;0
Passport.lehotels.com-0069-2016BlogRedesign;en-US;636408991912482108#0ytlvoqxm0v12ciagleffuy4;41068;1;0
Cendyn.com-0095-2016Redesign;en-US;636408991912482108#tlpnege5xzz3s3ohotvqd4id;26640;1;0
Cendyn.com-0095-2016Redesign;en-US;636408991912482108#22hgaomumvqyvqgxecj1qktj;26640;1;0
Cendyn.com-0095-2016Redesign;en-US;636408991912638116#tt0amfbzxux220hb3dny00z4;26640;1;0
Edgewaternaples.com-0094-2016Redesign;en-US;636408991913262148#z5fxxiv1i2d4nhhvej3fe52q;25239;1;0
Theloganhotel.com-0043-2015Redesign;en-US;636408991914822228#rkchv4qmncbrqqe3jkg0tpln;20218;1;0
Edgewaternaples.com-0094-2016Redesign;en-US;636408991915134244#z5fxxiv1i2d4nhhvej3fe52q;25239;1;0
Broadmoor.com-0073-2016Redesign;en-US;636408991917786380#adyk130nknj3j04ytcuzx21l;16721;1;0
Jupiterbeachresort.com-0103-2017Redesign;en-US;636408991918410412#f5akezm1dkvkioif1cltlskk;28158;1;0
Broadmoor.com-0073-2016Redesign;en-US;636408991919970492#btfnsuegx3mklniuptfqeq1w;16721;1;0
Jupiterbeachresort.com-0103-2017Redesign;en-US;636408991920282508#f5akezm1dkvkioif1cltlskk;28158;1;0
Cphollywoodbeach.com-0032-2015Redesign;en-US;636408991921998596#3uri00w2bguu4ndgs0xhokad;7805;1;0
Napavalleymarriott.com-0071-2016Redesign;en-US;636408991922778636#4cxmu05az4m3fwl3unh3ucjr;16432;1;0
Thesagamore.com-0112-2017Redesign;en-US;636408991922778636#hif43wgbafdtusfwre45wxmw;39241;1;0
Lidobeachresort.com-0106-2017Redesign;en-US;636408991922778636#cebpxyhiyauayq2sqclbb0iz;38053;1;0
Longboatkeyclub.com-0104-2017Redesign;en-US;636408991922934644#xf2bktk0tw130ilrhrqodhep;38054;1;0
Cendyn.com-0095-2016Redesign;en-US;636408991923402668#v4a4ygeb4j1z02lyxq4k5e44;26640;1;0
Thesagamore.com-0112-2017Redesign;en-US;636408991924962748#ylcpoulhrwjjdnljus3bz3zg;32339;1;0
Lakeplacidlodge.com-0105-2017Redesign;en-US;636408991927926900#yxwb44mmocbvuxndexo2m4pg;28545;1;0
Broadmoor.com-0073-2016Redesign;en-US;636408991928082908#btfnsuegx3mklniuptfqeq1w;16721;1;0
Cphollywoodbeach.com-0032-2015Redesign;en-US;636408991930579036#3uri00w2bguu4ndgs0xhokad;7805;1;0
Sandylane.com-0075-2016Redesign;en-US;636408991931359076#zlh3u3axj3zie1bzs4igqpdb;17675;1;0
Cendyn.com-0095-2016Redesign;en-US;636408991931827100#v4a4ygeb4j1z02lyxq4k5e44;26640;1;0
Broadmoor.com-0073-2016Redesign;en-US;636408991932919156#3og11dqnvldqx3wdcyfvqkxj;38059;1;0
Cendyn.com-0095-2016Redesign;en-US;636408991932919156#0ethylm1mdtt4acyra5u00fs;26640;1;0
Monarchbeachresort.com-0092-2016Redesign;en-US;636408991933231172#ajfv3tfyxl4pq3gkklk2ovjw;23472;1;0
Hospitalityupgrade.com-0093-2016Redesign;en-US;636408991935883308#fg5dfti53c0fg40o1m4hbacm;22790;1;0
Lehotels.com-0049-2015Transfer;en-US;636408991936351332#j2ip0t5q11baimiowydwykur;13038;1;0
Cendyn.com-0095-2016Redesign;en-US;636408991938067420#0elkfzoslf3tb34tsbiae1bj;26640;1;0
Sandpearl.com-0091-2016Redesign;en-US;636408991943059676#vlozqrdtglvred51ipigwmvc;38056;1;0
Delraysandsresort.com-0097-2016Redesign;en-US;636408991943059676#ufwrk43cphzwvbc5gbhhvji3;38049;1;0
Monarchbeachresort.com-0092-2016Redesign;en-US;636408991944307740#qm0y0g0oz4gvm0tdffj4oxos;22725;1;0
Springhillsuitesdenver.com-0060-2015Redesign;en-US;636408991946647860#1rkzmhxccdlkpljrnsdq1eeu;12307;1;0
Broadmoor.com-0073-2016Redesign;en-US;636408991951484108#je32m0hxo2hj3gvcdnzrkyoy;21231;1;0
Hospitalityupgrade.com-0093-2016Redesign;en-US;636408991951640116#3awefsxu2rupdjmphuwtmgcb;26183;1;0
Broadmoor.com-0073-2016Redesign;en-US;636408991953824228#ppnsddbvgunohrhtlirn1vnk;16721;1;0
Luxehotels.com-0078-2016Redesign;en-US;636408991954292252#24dudh3520blbqhaypim4d5d;18805;1;0
Thecurtis.com-0079-2016Redesign;en-US;636408991955228300#gh5kuqkv13fzjmyagyat5byh;17981;1;0
Naiaresortandspa.com-0077-2016Redesign;en-US;636408991955384308#mifdk0scx41hfihoerhz5uqd;20455;1;0
Bluebirch.com-0072-2016Redesign;en-US;636408991955384308#ttkmuoeva24wddphktvurbkg;16693;1;0
Halcyonhotelcherrycreek.com-0061-2015Redesign;en-US;636408991955384308#pu1s0klohrfyrhh5rno3uiof;22121;1;0
Chrco.com-0107-2017Redesign;en-US;636408991955384308#5210crf0gdz4okat03ztzzyk;29280;1;0
Treasureislandbeachresort.com-0089-2016Redesign;en-US;636408991955384308#jvehzfckw0eiobxxpfirc1kc;38057;1;0
Beverlyhillsresidenceinn.com-0087-2016Redesign;en-US;636408991955384308#1pct1leyqujoinqquct4rz2m;20999;1;0
Homewoodsuiteslax.com-0110-2017Redesign;en-US;636408991955384308#0igljc5onf0h5j35b4chdlww;30747;1;0
Lakeplacidlodge.com-0105-2017Redesign;en-US;636408991955540316#z1df5kncfiqk0gk4bwh3p3kj;39238;1;0
Jupiterbeachresort.com-0103-2017Redesign;en-US;636408991955540316#g0hqd2m5edawhrcp1rxesqzn;38052;1;0
Galthouse.com-0042-2015Redesign;en-US;636408991955540316#gt4tzydrl44anb1m0fhdplmd;38060;1;0
Glencovemansion.com-0058-2015Redesign;en-US;636408991955540316#yxcppynj33qpdgkhh5z5q35v;13328;1;0
Abbingtonbanquets.com-0070-2016Redesign;en-US;636408991955540316#cf01cv1dbdbcs5eld4fisz00;15789;1;0
Sandylane.com-0075-2016Redesign;en-US;636408991955696324#255cwdaytw21cov1plisgiu2;17611;1;0
Hhotellosangeles.com-0118-2017Redesign;en-US;636408991955696324#p0vmmtlcd411omflk1iwxeld;35289;1;0
Washingtoncourthotel.com-0076-2016Redesign;en-US;636408991955696324#t44syqkpx3yzvxonjetnegux;17858;1;0
Bocatrans.com-0082-2016Redesign;en-US;636408991955696324#4s5dba2s1f5ssm4mneqp0qab;19758;1;0
Meateatery.com-0080-2016Redesign;en-US;636408991955852332#qoiocrmxgwbyxqpi23obrxgt;18505;1;0
Jbdukehotel.com-0086-2016Redesign;en-US;636408991955852332#vv1zpdvqeuzpp01xha0i0ki2;21918;1;0
Assuranceoperations.com-0065-2015Redesign;en-US;636408991955852332#4kxdja2bi3bqlycpunxwryy4;15263;1;0
Luxehotels.com-0078-2016Redesign;en-US;636408991955852332#w0xjo3a0e1uaqwykaum3440g;18805;1;0
Samosetresort.com-0113-2017Redesign;en-US;636408991956008340#fd2ezcsluezhgvcx1oj44gwe;40334;1;0
Oxfordclubspa.com-0068-2016Redesign;en-US;636408991956008340#5svxf2vlhdje2cnqzkz45j5e;15568;1;0
Thecrawfordhotel.com-0074-2016Redesign;en-US;636408991956008340#qjam0c2hkstu4h4njyo5yogt;17145;1;0
Edgewaternaples.com-0094-2016Redesign;en-US;636408991956008340#4lkjx2lnxzml2rotw4udhs3t;38051;1;0
Degreerestaurant.com-0056-2015Redesign;en-US;636408991956008340#5j1b3mjwklmlwetxr1c1frr1;11598;1;0
Opalsands.com-0084-2016Redesign;en-US;636408991956164348#qliyqtvvfoscob5tgbundnjp;38055;1;0
Texturefoodanddrink.com-0067-2016Redesign;en-US;636408991956164348#r2v4qltfmkhc3jkog21cdan5;15452;1;0
Theoxfordhotel.com-0062-2015Redesign;en-US;636408991956164348#tphwnorvld5dkxu12zmqysr0;14325;1;0
Theharborsidehotel.com-0114-2017Redesign;en-US;636408991956320356#pdoclc1ehwkxizowdbfyfl0g;40403;1;0
Sandylane.com-0075-2016Redesign;en-US;636408991956320356#yr5m4gz0slnrfpzvbhy5h51y;17611;1;0
Zotabeachresort.com-0090-2016Redesign;en-US;636408991956476364#0hwimzk1u5ehohl0050if1xg;38058;1;0
Marriottkeylargo.com-0015-2014Redesign;en-US;636408991956632372#n5fq503auuoutlzslpls21aj;3948;1;0
Longboatkeyclub.com-0104-2017Redesign;en-US;636408991958972492#zwx0pjss4hbil1v3m2eslq1r;28316;1;0
Thelodgeatwoodloch.com-0033-2015Redesign;en-US;636408991960064548#1fywau3jfant2a511hlkqjpr;7764;1;0
saddlebrook.com-0011-2014Redesign;en-US;636408991960844588#vl2ljwqzhn0s2y0yxn0u5ltr;3482;1;0
Hospitalityupgrade.com-0093-2016Redesign;en-US;636408991962560676#wki54sesgua4zyrtdzwzhpu0;25405;1;0
Cendyn.com-0095-2016Redesign;en-US;636408991962560676#ktnxhxbb40mhirbuksdfax5c;26640;1;0
Cendyn.com-0095-2016Redesign;en-US;636408991962560676#r1jmfet3dmpkrb3x43wpzcpa;26640;1;0
Cendyn.com-0095-2016Redesign;en-US;636408991962560676#42isu0kzz4vakobkkodeppgv;26640;1;0
Cendyn.com-0095-2016Redesign;en-US;636408991962560676#trz43i3v5pnm1ww4czxl0t0c;26640;1;0
Passport.lehotels.com-0069-2016BlogRedesign;en-US;636408991962716684#xuu3crmci1uggw2g1v30omlr;41068;1;0
Opalsands.com-0084-2016Redesign;en-US;636408991964900796#5xajtrwhthxrwrowaizb1kxx;20920;1;0
Broadmoor.com-0073-2016Redesign;en-US;636408991964900796#e4svzge0tshbsgtly1wijabd;21232;1;0
wentworthcom00212014redesign;en-US;636408991965368820#shp3rxf5nawfign01sirdxbg;4321;1;0
Broadmoor.com-0073-2016Redesign;en-US;636408991970673092#2sft4ju1vwrqu1ydb53o2rtd;18782;1;0
Longboatkeyclub.com-0104-2017Redesign;en-US;636408991970985108#zwx0pjss4hbil1v3m2eslq1r;35641;1;0
Napavalleymarriott.com-0071-2016Redesign;en-US;636408991972857204#yo3zrugclur1k4ovxfqpoxp4;16432;1;0
Thesagamore.com-0112-2017Redesign;en-US;636408991972857204#kaxi4wfoeoxaeg3sqozqmiqt;39241;1;0
Lidobeachresort.com-0106-2017Redesign;en-US;636408991972857204#yltgz4pdnzapz5yl3o2su2ka;38053;1;0
Longboatkeyclub.com-0104-2017Redesign;en-US;636408991974105268#hjew2sayhrcsdmjfvid0dcuy;38054;1;0
Casaybelresort.com-0002-2014Redesign;en-US;636408991975821356#lyoiea4cw3a3rjdpjwsn3yod;1537;1;0
Sandpearl.com-0091-2016Redesign;en-US;636408991976913412#a2pkl3kwvtcxdd1rp3bfn5tl;22481;1;0
Sandpearl.com-0091-2016Redesign;en-US;636408991981593652#a2pkl3kwvtcxdd1rp3bfn5tl;22481;1;0
Cendyn.com-0095-2016Redesign;en-US;636408991982997724#l0bqpozj5sqgdi3xrd4qhvhx;26640;1;0
Broadmoor.com-0073-2016Redesign;en-US;636408991982997724#hkzqzsagq2mnlzecxmrtfxyr;38059;1;0
Hospitalityupgrade.com-0093-2016Redesign;en-US;636408991985181836#t5witesvooeksiwk0scte1gy;22790;1;0
Casaybelresort.com-0002-2014Redesign;en-US;636408991989862076#2ebryf3tip4jmc3nmeeyhx4p;1533;1;0
Springhillsuitesdenver.com-0060-2015Redesign;en-US;636408991990174092#1rkzmhxccdlkpljrnsdq1eeu;12307;1;0
Opalsands.com-0084-2016Redesign;en-US;636408991990642116#totdojpmjibhodbnazot4epv;20887;1;0
Sandpearl.com-0091-2016Redesign;en-US;636408991992826228#0eq0irjjyn5fbsvynfbh0gux;38056;1;0
Delraysandsresort.com-0097-2016Redesign;en-US;636408991992982236#wxrn13ojajcjuws4w4su5rvv;38049;1;0
Sandpearl.com-0091-2016Redesign;en-US;636408991995478364#kgn0vgpgvctfkls1cmlzqbqw;22481;1;0
Monarchbeachresort.com-0092-2016Redesign;en-US;636408991999846588#kxx4nugv3jyn3eeoncvl2dad;40819;1;0
Lehotels.com-0049-2015Transfer;en-US;636408992003122756#ovrhzqhekt0oujsn0wfb2n34;13038;1;0
Luxehotels.com-0078-2016Redesign;en-US;636408992003434772#24dudh3520blbqhaypim4d5d;18805;1;0
Assuranceoperations.com-0065-2015Redesign;en-US;636408992005150860#0jn12vz5llrejtublgocgkzn;15263;1;0
Bocatrans.com-0082-2016Redesign;en-US;636408992005150860#3hmzf3xmwlxpjqwz1y3s02bw;19758;1;0
Halcyonhotelcherrycreek.com-0061-2015Redesign;en-US;636408992005150860#u04ssbyefubuq4q40xl2isio;22121;1;0
Beverlyhillsresidenceinn.com-0087-2016Redesign;en-US;636408992005150860#euus45idjnlpq2b5ba0ek3qa;20999;1;0
Jbdukehotel.com-0086-2016Redesign;en-US;636408992005306868#okr14faxha3pkfa3l4ak1pro;21918;1;0
Texturefoodanddrink.com-0067-2016Redesign;en-US;636408992005306868#q3zvq5kiw505dwhlljrkiqxm;15452;1;0
Meateatery.com-0080-2016Redesign;en-US;636408992005306868#n3zmljob3fzxaothxw4at4ri;18505;1;0
Homewoodsuiteslax.com-0110-2017Redesign;en-US;636408992005306868#fl4z1h0cnmldqwgwu3qzjrgd;30747;1;0
Washingtoncourthotel.com-0076-2016Redesign;en-US;636408992005306868#yj0fcl501a33llahp5mbkawf;17858;1;0
Theoxfordhotel.com-0062-2015Redesign;en-US;636408992005306868#q3od2ved0yiiucrjlxeljubx;14325;1;0
Opalsands.com-0084-2016Redesign;en-US;636408992005306868#3gqizduqyolruayeieiictnj;38055;1;0
Chrco.com-0107-2017Redesign;en-US;636408992005462876#kcc5dwibcxj0mdu4iobmxt4r;29280;1;0
Edgewaternaples.com-0094-2016Redesign;en-US;636408992005462876#ypchlkgeddyyaqzd2qvpjawb;38051;1;0
Theharborsidehotel.com-0114-2017Redesign;en-US;636408992005462876#3merik4ikbcx4ieso14vs4c0;40403;1;0
Lakeplacidlodge.com-0105-2017Redesign;en-US;636408992005462876#wwxds4odzofzldudnltldum0;39238;1;0
Sandylane.com-0075-2016Redesign;en-US;636408992005462876#cpvpj4y3pwilemkfnbgjtqtn;17611;1;0
Jupiterbeachresort.com-0103-2017Redesign;en-US;636408992005462876#3qgu12ve5jb5qly4icl1fty1;38052;1;0
Zotabeachresort.com-0090-2016Redesign;en-US;636408992005618884#s1v1cs2b0uxlxs4wz5o5ypue;38058;1;0
Treasureislandbeachresort.com-0089-2016Redesign;en-US;636408992005618884#tjwwxx4az1koy2en3ndabg5c;38057;1;0
Samosetresort.com-0113-2017Redesign;en-US;636408992005618884#1a2ioacdpnss4qgdvznkibqn;40334;1;0
Bluebirch.com-0072-2016Redesign;en-US;636408992005618884#3svqu45saququjvqali4vdzd;16693;1;0
Hhotellosangeles.com-0118-2017Redesign;en-US;636408992005774892#lu5roqrns3vdriqxjexihxfb;35289;1;0
Thecurtis.com-0079-2016Redesign;en-US;636408992005774892#qhtwyqo1a0040tfgnnzduksg;17981;1;0
Thecrawfordhotel.com-0074-2016Redesign;en-US;636408992005774892#iyoozu00ws2wuo5ml5odlwq2;17145;1;0
Abbingtonbanquets.com-0070-2016Redesign;en-US;636408992005774892#ushctit2z2fdi24du4hxuzpm;15789;1;0
Luxehotels.com-0078-2016Redesign;en-US;636408992005930900#pu505hvih035mv5c5tww15y5;18805;1;0
Degreerestaurant.com-0056-2015Redesign;en-US;636408992005930900#mof1mly4z3rhneiuf1accjf3;11598;1;0
Galthouse.com-0042-2015Redesign;en-US;636408992006086908#hlmynydjmfh2kqapt2vhwktj;38060;1;0
Oxfordclubspa.com-0068-2016Redesign;en-US;636408992006086908#ji0ib0c5zli00fpq2oe3fczf;15568;1;0
Glencovemansion.com-0058-2015Redesign;en-US;636408992006242916#siiqhqzkbh1kz3mi5qyzrkcz;13328;1;0
Naiaresortandspa.com-0077-2016Redesign;en-US;636408992006398924#2xm53e2z0py0o0mdg1xc1wdo;20455;1;0
Monarchbeachresort.com-0092-2016Redesign;en-US;636408992008427028#x51v3hnmnsfukh1yw4bhz2z5;40819;1;0
Broadmoor.com-0073-2016Redesign;en-US;636408992009519084#mkqdz3w4aj401slclek43ei4;16753;1;0
Sandylane.com-0075-2016Redesign;en-US;636408992010299124#k5zyrhz20ai2vrtz4wa22asj;17679;1;0
Hospitalityupgrade.com-0093-2016Redesign;en-US;636408992012483236#wqlwwfzoykctdzgkoseugdsg;25405;1;0
Cendyn.com-0095-2016Redesign;en-US;636408992012483236#eedldtfjjfpkcvcfwm5kmmfu;26640;1;0
Cendyn.com-0095-2016Redesign;en-US;636408992012483236#2kvftejui5jx3k1b3gmem30n;26640;1;0
Passport.lehotels.com-0069-2016BlogRedesign;en-US;636408992012639244#prdnpc4ktggxtzikztwnj1dj;41068;1;0
Cendyn.com-0095-2016Redesign;en-US;636408992012639244#brys15rkegugvsfekqcga1sl;26640;1;0
Cendyn.com-0095-2016Redesign;en-US;636408992012639244#0a1m0m0s40qqpedrtfp033pl;26640;1;0
Thecurtis.com-0079-2016Redesign;en-US;636408992013107268#utxj1lethqkijn12c5215wbc;17981;1;0
Lakeplacidlodge.com-0105-2017Redesign;en-US;636408992016227428#jvmbtdkhyk4zelp1555uicny;32807;1;0
Unionstationhotelnashville.com-0047-2015Redesign;en-US;636408992018255532#woczvsqpfjfu45tf4tajnwpm;27589;1;0
Monarchbeachresort.com-0092-2016Redesign;en-US;636408992020127628#pst2nxl2q3qt501eota0hb4o;40819;1;0
Sandylane.com-0075-2016Redesign;en-US;636408992020595652#wno1hmu4ynuahwcuexw1s3m5;17611;1;0
Oxfordclubspa.com-0068-2016Redesign;en-US;636408992022623756#sbff0fb1kvi2izyzzcvookbg;15568;1;0
Napavalleymarriott.com-0071-2016Redesign;en-US;636408992022779764#cujohkxmyahrkiyvszdqr3sd;16432;1;0
Thesagamore.com-0112-2017Redesign;en-US;636408992022779764#kypeb0eizkhn33s4rmxpmg0r;39241;1;0
Longboatkeyclub.com-0104-2017Redesign;en-US;636408992022935772#5scrur3djznygmhjwmdpjwao;38054;1;0
Renaissancepittsburghpa.com-0044-2015Redesign;en-US;636408992023403796#w1xadx40zous2znq4byi0otk;9637;1;0
Lidobeachresort.com-0106-2017Redesign;en-US;636408992023403796#0tximofdmnbvzurc3hro3a2t;38053;1;0
Monarchbeachresort.com-0092-2016Redesign;en-US;636408992029332100#45nxqc5zx0ibs3rxepgz4jzi;23683;1;0
Cendyn.com-0095-2016Redesign;en-US;636408992032920284#2aownk4yx0c4varl55ykuvsb;26640;1;0
Broadmoor.com-0073-2016Redesign;en-US;636408992032920284#2nfyusbp11nifynnejgrio43;38059;1;0
Opalsands.com-0084-2016Redesign;en-US;636408992036820484#edqhg3ywfyos4i25cp11rosm;20171;1;0
Opalsands.com-0084-2016Redesign;en-US;636408992039784636#edqhg3ywfyos4i25cp11rosm;20171;1;0
Theloganhotel.com-0043-2015Redesign;en-US;636408992041812740#5nft4pvzsfjevw2jcb5zcjro;20218;1;0
Denvercy.com-0036-2015Redesign;en-US;636408992042124756#vcefny0s54mcqssl5cshj3qj;8642;1;0
Monarchbeachresort.com-0092-2016Redesign;en-US;636408992042592780#lxv0x2224bwp4513dfyyjuch;40819;1;0
Delraysandsresort.com-0097-2016Redesign;en-US;636408992042904796#4q1un3dtcui5efnnqev21nj5;38049;1;0
Sandpearl.com-0091-2016Redesign;en-US;636408992042904796#tjbnukpe3pvqaja12uhe2p5v;38056;1;0
Broadmoor.com-0073-2016Redesign;en-US;636408992045712940#adyk130nknj3j04ytcuzx21l;16761;1;0
Thesagamore.com-0112-2017Redesign;en-US;636408992046336972#4tqe0xatlolzps3vwqiwae2m;32349;1;0
Cocokeyorlando.com-0059-2015Redesign;en-US;636408992048677092#r4urp5c0iqiheocsfhhfe25m;12394;1;0
Sandpearl.com-0091-2016Redesign;en-US;636408992049145116#kgn0vgpgvctfkls1cmlzqbqw;22481;1;0
Theloganhotel.com-0043-2015Redesign;en-US;636408992050549188#5nft4pvzsfjevw2jcb5zcjro;20218;1;0
Thesagamore.com-0112-2017Redesign;en-US;636408992053981364#urgfw4reeih5qdi2ppzmzzi3;32391;1;0
Degreerestaurant.com-0056-2015Redesign;en-US;636408992055229428#53mt5siyncjviprmhwflkhk2;11598;1;0
Thecurtis.com-0079-2016Redesign;en-US;636408992055229428#b1mqot3afpymneblqvm5tjyk;17981;1;0
Hhotellosangeles.com-0118-2017Redesign;en-US;636408992055229428#nkzxy5pc2o5xcuixkuqvfbxp;35289;1;0
Meateatery.com-0080-2016Redesign;en-US;636408992055229428#ftchjaalmucrqcfjnefjihb5;18505;1;0
Assuranceoperations.com-0065-2015Redesign;en-US;636408992055229428#budv4srysx5xbn4xdgndqfu5;15263;1;0
Bluebirch.com-0072-2016Redesign;en-US;636408992055229428#oqiem2kn0tklo4zj2ckk4o25;16693;1;0
Oxfordclubspa.com-0068-2016Redesign;en-US;636408992055229428#nfqehnlwnhemdfn3yu5blk1d;15568;1;0
Beverlyhillsresidenceinn.com-0087-2016Redesign;en-US;636408992055385436#s4ed0rq0zjmgzjrxp4aojrww;20999;1;0
Glencovemansion.com-0058-2015Redesign;en-US;636408992055385436#umncjmfntpddljnrvgjmkavm;13328;1;0
Thecrawfordhotel.com-0074-2016Redesign;en-US;636408992055385436#mcqtmlljzp0evwp2muy2li0p;17145;1;0
Texturefoodanddrink.com-0067-2016Redesign;en-US;636408992055385436#4eymdv5xiyxlbvm2yawtdsap;15452;1;0
Jbdukehotel.com-0086-2016Redesign;en-US;636408992055385436#ks1luym3eeagafnm4cqeuqoj;21918;1;0
Bocatrans.com-0082-2016Redesign;en-US;636408992055541444#0p3ehnnkhrmvivrr4jpz24eb;19758;1;0
Edgewaternaples.com-0094-2016Redesign;en-US;636408992055541444#lnjhxpzcxu3jt4hchchybdp5;38051;1;0
Treasureislandbeachresort.com-0089-2016Redesign;en-US;636408992055697452#xhxf4ky4sn2qy4g5mguamz4u;38057;1;0
Theharborsidehotel.com-0114-2017Redesign;en-US;636408992055697452#wfaxelh4vpz1grb50dywhglb;40403;1;0
Zotabeachresort.com-0090-2016Redesign;en-US;636408992055697452#hz02tbzsfkd1fhgdrhpvyukx;38058;1;0
Opalsands.com-0084-2016Redesign;en-US;636408992055853460#uzegag1wg2j32sjuvwymoey3;38055;1;0
Halcyonhotelcherrycreek.com-0061-2015Redesign;en-US;636408992055853460#i1lixlq15buronhnzmgf4lsp;22121;1;0
Naiaresortandspa.com-0077-2016Redesign;en-US;636408992055853460#tu5tgsvxetfh0btvjpne3lw1;20455;1;0
Galthouse.com-0042-2015Redesign;en-US;636408992056165476#yrccmwyauqnew2behubyytxu;38060;1;0
Homewoodsuiteslax.com-0110-2017Redesign;en-US;636408992056321484#teyufrheao4d0wh5534hyqrx;30747;1;0
Sandylane.com-0075-2016Redesign;en-US;636408992056321484#ifvgisem1kdgda5ci4i3kdd3;17611;1;0
Luxehotels.com-0078-2016Redesign;en-US;636408992056321484#5ynvnuaws21as4qpwm1asc2m;18805;1;0
Theoxfordhotel.com-0062-2015Redesign;en-US;636408992056321484#p4atwvxcnthx2rxdvv4bpcge;14325;1;0
Lakeplacidlodge.com-0105-2017Redesign;en-US;636408992056477492#1bjai0gteq5sxene1agrdd2u;39238;1;0
Abbingtonbanquets.com-0070-2016Redesign;en-US;636408992056633500#zk2evln1a1bvdyws3u1y4gq3;15789;1;0
Chrco.com-0107-2017Redesign;en-US;636408992056789508#kcwtd035adc0gkzx4cagt33o;29280;1;0
Samosetresort.com-0113-2017Redesign;en-US;636408992057413540#21a03l3wue55bcp1fp3y5hes;40334;1;0
Washingtoncourthotel.com-0076-2016Redesign;en-US;636408992057413540#5pvktsp10jagazvm4m4ens12;17858;1;0
Jupiterbeachresort.com-0103-2017Redesign;en-US;636408992057725556#45tgaqq2ybawe355l0vmt4ij;38052;1;0
Monarchbeachresort.com-0092-2016Redesign;en-US;636408992060377692#hdg2jze5l4fisbtsegrzarbv;22725;1;0
Treasureislandbeachresort.com-0089-2016Redesign;en-US;636408992060845716#jabsk5pr34xz4fmzr2mr5zh4;22169;1;0
Cendyn.com-0095-2016Redesign;en-US;636408992062561804#500a2gifzqc51bou5jtlj5zq;26640;1;0
Hospitalityupgrade.com-0093-2016Redesign;en-US;636408992062561804#tjyhaaprrrchpz3n1umj5hxs;25405;1;0
Cendyn.com-0095-2016Redesign;en-US;636408992062561804#czz5jdn0byhe3hkghlysfijw;26640;1;0
Cendyn.com-0095-2016Redesign;en-US;636408992062561804#y2zg1mc3i2qhn00kvaxanexk;26640;1;0
Cendyn.com-0095-2016Redesign;en-US;636408992062561804#432jjcdux45v3xth4jpsurbu;26640;1;0
Passport.lehotels.com-0069-2016BlogRedesign;en-US;636408992062717812#3wgtgyo2tbr155pqmx5bosc0;41068;1;0
Sandpearl.com-0091-2016Redesign;en-US;636408992063497852#4asdwwvualsps5y4q0fqvbli;22481;1;0
Hospitalityupgrade.com-0093-2016Redesign;en-US;636408992065993980#farngbmyao0zaexlgzmowlt0;25405;1;0
Luxehotels.com-0078-2016Redesign;en-US;636408992066149988#5u4nez1wrl5qa3032btfldnh;27456;1;0
Thesagamore.com-0112-2017Redesign;en-US;636408992067554060#a0x3te1qhmnrbgn5xdimxfgv;32339;1;0
Miravalspamonarchbeach.com-0109-2017Redesign;en-US;636408992071454260#wnztcgeahmjftep30ms4jxx0;31709;1;0
Thesagamore.com-0112-2017Redesign;en-US;636408992072858332#nlqqnbzyajhbirt4k4tcaipr;39241;1;0
Lidobeachresort.com-0106-2017Redesign;en-US;636408992072858332#5qpqf00ybo4s5pm3mqy2gkyi;38053;1;0
Longboatkeyclub.com-0104-2017Redesign;en-US;636408992072858332#jcmssa435smrbzgmiuoo00vh;38054;1;0
Napavalleymarriott.com-0071-2016Redesign;en-US;636408992073170348#1bnekpdfe12zic4dyoma3fxg;16432;1;0
Casaybelresort.com-0002-2014Redesign;en-US;636408992075510468#lyoiea4cw3a3rjdpjwsn3yod;1573;1;0
Sandylane.com-0075-2016Redesign;en-US;636408992077226556#zlh3u3axj3zie1bzs4igqpdb;17676;1;0
Opalsands.com-0084-2016Redesign;en-US;636408992079254660#edqhg3ywfyos4i25cp11rosm;20171;1;0
Longboatkeyclub.com-0104-2017Redesign;en-US;636408992080346716#scbm2senkyqauwwqkzcycb2j;28316;1;0
Assuranceoperations.com-0065-2015Redesign;en-US;636408992080502724#xarmnfvsa4a543k1q2bs4h4p;15263;1;0
Cendyn.com-0095-2016Redesign;en-US;636408992082998852#bys3f0yx0c2cypjdp2zdq02x;26640;1;0
Broadmoor.com-0073-2016Redesign;en-US;636408992082998852#ebmdr3h2ncexwdtv1x3mws13;38059;1;0
Hospitalityupgrade.com-0093-2016Redesign;en-US;636408992083622884#h1vflalwi2yreeihjj1xle2y;25405;1;0
Sandylane.com-0075-2016Redesign;en-US;636408992084714940#5yqz4pqbz4az4bsyxg0ffrsp;17611;1;0
Lehotels.com-0049-2015Transfer;en-US;636408992084870948#0lno0ca34hsbunlozg4ref3h;12108;1;0
Lakeplacidlodge.com-0105-2017Redesign;en-US;636408992084870948#oftcodwg41byu50d1qfciy4n;32804;1;0
saddlebrook.com-0011-2014Redesign;en-US;636408992086587036#weduebu22tvzbwpnpo2rkmgd;3469;1;0
Thecurtis.com-0079-2016Redesign;en-US;636408992087523084#tvdeveovl1fhff1zp00cijdo;17981;1;0
Treasureislandbeachresort.com-0089-2016Redesign;en-US;636408992088303124#jabsk5pr34xz4fmzr2mr5zh4;22169;1;0
Miravalspamonarchbeach.com-0109-2017Redesign;en-US;636408992090955260#wnztcgeahmjftep30ms4jxx0;31709;1;0
Meateatery.com-0080-2016Redesign;en-US;636408992092047316#iejm1z15djmkqygd0lzpiizq;18505;1;0
Delraysandsresort.com-0097-2016Redesign;en-US;636408992092827356#cxhxxnqgdz41igsddrnydbuo;38049;1;0
Sandpearl.com-0091-2016Redesign;en-US;636408992092983364#fmtmvollzlxmfbvcftvaqrmr;38056;1;0
Thesagamore.com-0112-2017Redesign;en-US;636408992094855460#51f3ezfacevr2rsalnljw0d5;33921;1;0
Broadmoor.com-0073-2016Redesign;en-US;636408992096259532#dzdeot42ss5a4uj1fbchvejs;16724;1;0
theweststreethotel.com-0115-2017Redesign;en-US;636408992098911668#lc10i22veclf0mv43e0vy2l2;36718;1;0
Hospitalityupgrade.com-0093-2016Redesign;en-US;636408992103279892#3fl2fnv4sm0gc4mldgrjbx3h;31876;1;0
Hhotellosangeles.com-0118-2017Redesign;en-US;636408992105151988#hclmb5eat12hvyfa0rv2b1wp;35289;1;0
Degreerestaurant.com-0056-2015Redesign;en-US;636408992105151988#thnkrg22zfrrqzy1dz2olnfu;11598;1;0
Thecrawfordhotel.com-0074-2016Redesign;en-US;636408992105307996#3hjbdgxjyv2ez31y4wqotoo0;17145;1;0
Texturefoodanddrink.com-0067-2016Redesign;en-US;636408992105307996#dczawvubcs4as0fukhn3cb02;15452;1;0
Edgewaternaples.com-0094-2016Redesign;en-US;636408992105307996#dducfylkzb4kthf3vufu1e0v;38051;1;0
Abbingtonbanquets.com-0070-2016Redesign;en-US;636408992105307996#ndhw5jqoirp05yeqrdgppxmk;15789;1;0
Opalsands.com-0084-2016Redesign;en-US;636408992105307996#sglulzc0whl5mncetcoq5vrg;38055;1;0
Homewoodsuiteslax.com-0110-2017Redesign;en-US;636408992105464004#vb0u2ieightudb3io234bhu1;30747;1;0
Bocatrans.com-0082-2016Redesign;en-US;636408992105464004#pxoykpeijf33bvosy2bfncnr;19758;1;0
Chrco.com-0107-2017Redesign;en-US;636408992105932028#4a5sw4dzfxgqga5gxmzzozwa;29280;1;0
Sandylane.com-0075-2016Redesign;en-US;636408992106088036#imprmovkzxcutgquaowikh0b;17611;1;0
Lakeplacidlodge.com-0105-2017Redesign;en-US;636408992106088036#ojq5o1pwnzvtn2aoebuuxcaa;39238;1;0
Samosetresort.com-0113-2017Redesign;en-US;636408992106088036#i0gumrx3remvtbsg33jtr4ve;40334;1;0
Jupiterbeachresort.com-0103-2017Redesign;en-US;636408992106244044#qa12t3a1ggqhk35aujgjcbfs;38052;1;0
Washingtoncourthotel.com-0076-2016Redesign;en-US;636408992106244044#ugp1mjbqneb3anxzb1o4c5qy;17858;1;0
Glencovemansion.com-0058-2015Redesign;en-US;636408992106400052#anmhzrczzviqzknenht3ceys;13328;1;0
Beverlyhillsresidenceinn.com-0087-2016Redesign;en-US;636408992106400052#xfanhda4e1sdbqw3yrgghiaz;20999;1;0
Naiaresortandspa.com-0077-2016Redesign;en-US;636408992106400052#mzsvvzcybs0qs5brr3kcpfrk;20455;1;0
Halcyonhotelcherrycreek.com-0061-2015Redesign;en-US;636408992106556060#xxfphc3ygnwp4jcvbgit3da3;22121;1;0
Luxehotels.com-0078-2016Redesign;en-US;636408992106556060#11wqenq0rm2b2d4wlw5lvgm0;18805;1;0
Galthouse.com-0042-2015Redesign;en-US;636408992106712068#42bl1vkrzl5a5t1yscy0xrwa;38060;1;0
Assuranceoperations.com-0065-2015Redesign;en-US;636408992106712068#1ir4db3n5yvmu5p3g21diwrf;15263;1;0
Zotabeachresort.com-0090-2016Redesign;en-US;636408992106712068#suwsxj4nhxmzc0lll3x4u5pn;38058;1;0
Theharborsidehotel.com-0114-2017Redesign;en-US;636408992106868076#0enzt4m5ziymcvhwvvw5w1pr;40403;1;0
Oxfordclubspa.com-0068-2016Redesign;en-US;636408992107024084#jojzx3mxetwvk0q0mcd55xoa;15568;1;0
Bluebirch.com-0072-2016Redesign;en-US;636408992107180092#mgocfsnh5n0uf3vcxl1ykr3l;16693;1;0
Meateatery.com-0080-2016Redesign;en-US;636408992107336100#2iivi2azotvqvl4lk2ne5jey;18505;1;0
Jbdukehotel.com-0086-2016Redesign;en-US;636408992107336100#aiay4xk2lghkvvr5itd4052i;21918;1;0
Thecurtis.com-0079-2016Redesign;en-US;636408992107336100#4az25x1xsf5mxfl1vxoy2u2i;17981;1;0
Treasureislandbeachresort.com-0089-2016Redesign;en-US;636408992107336100#fgxaflbhzwqy3xfb5h3tslum;38057;1;0
Thesagamore.com-0112-2017Redesign;en-US;636408992107492108#4tqe0xatlolzps3vwqiwae2m;33479;1;0
Theoxfordhotel.com-0062-2015Redesign;en-US;636408992107492108#fgua1o55frcb2gjkqpjysblq;14325;1;0
Theoxfordhotel.com-0062-2015Redesign;en-US;636408992107648116#c3dii2agqkcqms5iixg2y3ym;14325;1;0
Hospitalityupgrade.com-0093-2016Redesign;en-US;636408992107804124#tyzawqxjna3pg0kbiksj0iqy;22790;1;0
Montaukyachtclub.com-0010-2014Redesign;en-US;636408992112328356#x0fdeblenmryjvr2j2daallp;2240;1;0
Galthouse.com-0042-2015Redesign;en-US;636408992112328356#orz0tuao5bv5zuby3wheqyox;31905;1;0
Hospitalityupgrade.com-0093-2016Redesign;en-US;636408992112484364#hzld0r1iodr2iywx4w4gd4oj;25405;1;0
Passport.lehotels.com-0069-2016BlogRedesign;en-US;636408992112640372#haym5a0cxhyi0gpy3is0zf15;41068;1;0
Cendyn.com-0095-2016Redesign;en-US;636408992113108396#wdivhw4spwvgdi1rfnutyldw;26640;1;0
Cendyn.com-0095-2016Redesign;en-US;636408992113108396#yv4gzw5sftssc0ucxoveyfz1;26640;1;0
Cendyn.com-0095-2016Redesign;en-US;636408992113108396#2iqvsj4ouswcgeek4d1ezwhz;26640;1;0
Cendyn.com-0095-2016Redesign;en-US;636408992113108396#jfohao2sdsbl5vdo5f4iboyo;26640;1;0
Galthouse.com-0042-2015Redesign;en-US;636408992116384564#orz0tuao5bv5zuby3wheqyox;31905;1;0
Thecurtis.com-0079-2016Redesign;en-US;636408992116540572#tvdeveovl1fhff1zp00cijdo;18486;1;0
Monarchbeachresort.com-0092-2016Redesign;en-US;636408992116696580#00uajiy1jzikbwtsryrwjcz3;22862;1;0
Thesagamore.com-0112-2017Redesign;en-US;636408992120284764#51f3ezfacevr2rsalnljw0d5;33922;1;0
Broadmoor.com-0073-2016Redesign;en-US;636408992121844844#je32m0hxo2hj3gvcdnzrkyoy;16758;1;0
Napavalleymarriott.com-0071-2016Redesign;en-US;636408992122624884#qguufeydha2rtf4idalg4lel;16432;1;0
Lidobeachresort.com-0106-2017Redesign;en-US;636408992122624884#eynl15fyyphkkckrs5j5dhva;38053;1;0
Thesagamore.com-0112-2017Redesign;en-US;636408992122780892#gjbgqdsu3ligiiuqici0in25;39241;1;0
Longboatkeyclub.com-0104-2017Redesign;en-US;636408992123248916#b3pjiqzceuns2acuz0ix0i03;38054;1;0
Sandpearl.com-0091-2016Redesign;en-US;636408992125121012#zchry0iqhpdzi3z1nl4kcj3c;22481;1;0
Theloganhotel.com-0043-2015Redesign;en-US;636408992126213068#h5rewmy1upyzsn5ey2bpm5jh;26358;1;0
Sandpearl.com-0091-2016Redesign;en-US;636408992127617140#zchry0iqhpdzi3z1nl4kcj3c;22481;1;0
Galthouse.com-0042-2015Redesign;en-US;636408992131673348#e1zremta4k5tpw5ul4ikp1zu;10561;1;0
Cendyn.com-0095-2016Redesign;en-US;636408992132921412#vedrr35cjyln2jzjuc3lq05r;26640;1;0
Broadmoor.com-0073-2016Redesign;en-US;636408992132921412#0wkbviwqvgpxexgjjj3kkjyh;38059;1;0
Cocokeyorlando.com-0059-2015Redesign;en-US;636408992133077420#3xcj1pc5ygxeqlfhbujjnmjh;12394;1;0
Broadmoor.com-0073-2016Redesign;en-US;636408992136353588#ppnsddbvgunohrhtlirn1vnk;16721;1;0
Cocokeyorlando.com-0059-2015Redesign;en-US;636408992137289636#3xcj1pc5ygxeqlfhbujjnmjh;12394;1;0
Delraysandsresort.com-0097-2016Redesign;en-US;636408992142905924#vjeqh4x3hnz23tfqnhzbpw5e;38049;1;0
Sandpearl.com-0091-2016Redesign;en-US;636408992142905924#fcrqz1lg11zyxg0pbmxquy2v;38056;1;0
Thecurtis.com-0079-2016Redesign;en-US;636408992144622012#tvdeveovl1fhff1zp00cijdo;18828;1;0
Longboatkeyclub.com-0104-2017Redesign;en-US;636408992152266404#scbm2senkyqauwwqkzcycb2j;28316;1;0
Longboatkeyclub.com-0104-2017Redesign;en-US;636408992153514468#zwx0pjss4hbil1v3m2eslq1r;28332;1;0
Assuranceoperations.com-0065-2015Redesign;en-US;636408992155230556#ulkigmqhtztlyufod2rnvb3p;15263;1;0
Bocatrans.com-0082-2016Redesign;en-US;636408992155386564#xciabfckflcho20p1wkonsd3;19758;1;0
Samosetresort.com-0113-2017Redesign;en-US;636408992155386564#04yxzw01wskp02h1xzqowdmq;40334;1;0
Galthouse.com-0042-2015Redesign;en-US;636408992155542572#tez52jnhxix1p0wawhiy0her;38060;1;0
Meateatery.com-0080-2016Redesign;en-US;636408992155542572#1e0nyj5rgydd3xjqju1fqwor;18505;1;0
Jbdukehotel.com-0086-2016Redesign;en-US;636408992155542572#ai5t2gwz0e4tfacvnnswp0da;21918;1;0
Thecurtis.com-0079-2016Redesign;en-US;636408992155542572#rp5cmjiilf22wzcpjfjhsvxf;17981;1;0
Thecrawfordhotel.com-0074-2016Redesign;en-US;636408992155542572#3akrcizybxp4cichb5ahxkgr;17145;1;0
Halcyonhotelcherrycreek.com-0061-2015Redesign;en-US;636408992155542572#ckyzgsiunph4vhla5pobvu1f;22121;1;0
Bluebirch.com-0072-2016Redesign;en-US;636408992155542572#chs4y2tojpw0m3sr1aldc2gy;16693;1;0
Sandylane.com-0075-2016Redesign;en-US;636408992155698580#3pknutaf52irxd352jv0efd2;17611;1;0
Degreerestaurant.com-0056-2015Redesign;en-US;636408992155698580#hr0af2vdxvoxjfelm1co2rom;11598;1;0
Chrco.com-0107-2017Redesign;en-US;636408992155854588#xjsafprmota5bclvr5iljdl2;29280;1;0
Beverlyhillsresidenceinn.com-0087-2016Redesign;en-US;636408992155854588#objmtntccsdbc0felcg4dhpk;20999;1;0
Abbingtonbanquets.com-0070-2016Redesign;en-US;636408992155854588#sbbm5cirnhx0vwtdz3xskrhn;15789;1;0
Theharborsidehotel.com-0114-2017Redesign;en-US;636408992156010596#cv3ijtm3yds3rotugetxzgcr;40403;1;0
Jupiterbeachresort.com-0103-2017Redesign;en-US;636408992156166604#fzjj3puypo31mea35bqo4alh;38052;1;0
Texturefoodanddrink.com-0067-2016Redesign;en-US;636408992156478620#esarhmhwj2o1yxnq45aavsyl;15452;1;0
Hhotellosangeles.com-0118-2017Redesign;en-US;636408992156478620#2sluvlijn0iuf3pmldfdmtjp;35289;1;0
Treasureislandbeachresort.com-0089-2016Redesign;en-US;636408992156478620#kzyncl0twbsxstdiiby5cghj;38057;1;0
Lakeplacidlodge.com-0105-2017Redesign;en-US;636408992156634628#n1bh3axyole4igmbuqra2tyk;39238;1;0
Homewoodsuiteslax.com-0110-2017Redesign;en-US;636408992156634628#gayh4frkkf5itnce1zoucrqy;30747;1;0
Edgewaternaples.com-0094-2016Redesign;en-US;636408992156634628#soznuj0utjoxyv23ndceg3is;38051;1;0
Zotabeachresort.com-0090-2016Redesign;en-US;636408992156790636#0brjq5yuqnja1guz14ncyd1s;38058;1;0
Naiaresortandspa.com-0077-2016Redesign;en-US;636408992156790636#bxj3egi1ahlighg5g3aoa1wu;20455;1;0
Luxehotels.com-0078-2016Redesign;en-US;636408992156946644#v0hdwxb2dkedx1eu0ouonykp;18805;1;0
Glencovemansion.com-0058-2015Redesign;en-US;636408992156946644#a4sol2iahp4usa2s3m5rgxbu;13328;1;0
Oxfordclubspa.com-0068-2016Redesign;en-US;636408992156946644#ejp0d432xeiteuqktucoes3u;15568;1;0
Opalsands.com-0084-2016Redesign;en-US;636408992157258660#k3zhayds0rek2e1tt4dsjppp;38055;1;0
Theoxfordhotel.com-0062-2015Redesign;en-US;636408992157258660#1frqjdkwlbdzmxn2vgho32lj;14325;1;0
Washingtoncourthotel.com-0076-2016Redesign;en-US;636408992157258660#lq2reouxqnf4k452mfteyim2;17858;1;0
Sandpearl.com-0091-2016Redesign;en-US;636408992157570676#4asdwwvualsps5y4q0fqvbli;23082;1;0
Luxehotels.com-0078-2016Redesign;en-US;636408992162094908#24dudh3520blbqhaypim4d5d;18805;1;0
Hospitalityupgrade.com-0093-2016Redesign;en-US;636408992162562932#10rkdmct30g5wliahbgopbcm;25405;1;0
Cendyn.com-0095-2016Redesign;en-US;636408992162562932#4km5g0trg4cbfy2uxmn12525;26640;1;0
Cendyn.com-0095-2016Redesign;en-US;636408992162562932#mrbz5mk5tctn4yayiwp35eaj;26640;1;0
Cendyn.com-0095-2016Redesign;en-US;636408992162562932#dcz11yht5wji0q0qqakh20zt;26640;1;0
Cendyn.com-0095-2016Redesign;en-US;636408992162562932#ob3gngwsujylhr1pn3tyvghd;26640;1;0
Passport.lehotels.com-0069-2016BlogRedesign;en-US;636408992162562932#vgltjui4wlzft0rnxloyw0am;41068;1;0
Thecurtis.com-0079-2016Redesign;en-US;636408992166931156#tvdeveovl1fhff1zp00cijdo;18486;1;0
Thesagamore.com-0112-2017Redesign;en-US;636408992167087164#51f3ezfacevr2rsalnljw0d5;33924;1;0
Hi-nyc.com-0108-2017Redesogm;en-US;636408992168491236#rzjean1nww5ybzcmzqfwtk4c;30080;1;0
wentworthcom00212014redesign;en-US;636408992169895308#3rxknkk4u125azeduxv4lwdx;4316;1;0
Broadmoor.com-0073-2016Redesign;en-US;636408992175043572#adyk130nknj3j04ytcuzx21l;16766;1;0
Napavalleymarriott.com-0071-2016Redesign;en-US;636408992178631756#j01jxbjbod3f0lhz0ujilzlc;16432;1;0
Longboatkeyclub.com-0104-2017Redesign;en-US;636408992179255788#p2l4w0dygewfe0ghzes5d5wa;38054;1;0
Thesagamore.com-0112-2017Redesign;en-US;636408992180191836#nihsliva3tikogbtwhiuardo;39241;1;0
Lidobeachresort.com-0106-2017Redesign;en-US;636408992182063932#bouvtw5n3jgjzqycmxmszf0f;38053;1;0
Monarchbeachresort.com-0092-2016Redesign;en-US;636408992183468004#qzwdtapkyzsyemy2muz2ynxp;22847;1;0
Glencovemansion.com-0058-2015Redesign;en-US;636408992183468004#2mnmqmm2j1jljr1spvmdswh3;13328;1;0
saddlebrook.com-0011-2014Redesign;en-US;636408992185340100#vl2ljwqzhn0s2y0yxn0u5ltr;6386;1;0
Thelodgeatwoodloch.com-0033-2015Redesign;en-US;636408992186120140#jxluxylfuot1nlyxtzbowmji;11013;1;0
Thesagamore.com-0112-2017Redesign;en-US;636408992188304252#q5yyzva31olu4ox2vijzhu2b;32392;1;0
Thesagamore.com-0112-2017Redesign;en-US;636408992190488364#51f3ezfacevr2rsalnljw0d5;33925;1;0
Sandpearl.com-0091-2016Redesign;en-US;636408992191112396#a2pkl3kwvtcxdd1rp3bfn5tl;40726;1;0
Cendyn.com-0095-2016Redesign;en-US;636408992192048444#5zauzorrck35ig5jwu2hxql0;26640;1;0
Broadmoor.com-0073-2016Redesign;en-US;636408992195792636#w5kp1g2va115mdtypzpswte1;38059;1;0
Delraysandsresort.com-0097-2016Redesign;en-US;636408992197352716#0ep3wxjmqoivuxjapks3ipko;27232;1;0
Miravalspamonarchbeach.com-0109-2017Redesign;en-US;636408992198444772#wnztcgeahmjftep30ms4jxx0;31733;1;0
Broadmoor.com-0073-2016Redesign;en-US;636408992198600780#y0utmraovjy23rwnr00ek4dz;16724;1;0
Delraysandsresort.com-0097-2016Redesign;en-US;636408992198912796#yi34owwz2cmyhjxe4me2kgww;38049;1;0
Lakeplacidlodge.com-0105-2017Redesign;en-US;636408992198912796#qr1rvqmjkoqojitt5vivduug;28545;1;0
Hospitalityupgrade.com-0093-2016Redesign;en-US;636408992199848844#3awefsxu2rupdjmphuwtmgcb;26762;1;0
Sandpearl.com-0091-2016Redesign;en-US;636408992200004852#jokkjvr4m0l4yzybwgvedxkg;38056;1;0
Lakeplacidlodge.com-0105-2017Redesign;en-US;636408992201564932#qr1rvqmjkoqojitt5vivduug;28545;1;0
Broadmoor.com-0073-2016Redesign;en-US;636408992204217068#xhkxq4caocgjgrsw2kvjdvsk;16728;1;0
Sandylane.com-0075-2016Redesign;en-US;636408992205153116#k4ocf1ybe5vs103cuyrcovru;17611;1;0
Degreerestaurant.com-0056-2015Redesign;en-US;636408992205153116#uawlydb1xtvlisjcaviggc3j;11598;1;0
Oxfordclubspa.com-0068-2016Redesign;en-US;636408992205153116#hyvybaaoupte1yyh4smfkori;15568;1;0
Theoxfordhotel.com-0062-2015Redesign;en-US;636408992205309124#l32loilqdo02md5swko3o5hc;14325;1;0
Luxehotels.com-0078-2016Redesign;en-US;636408992205309124#yx0lsoyhub3rsmcc1d4ik2jh;18805;1;0
Lakeplacidlodge.com-0105-2017Redesign;en-US;636408992205465132#bk33apm1bherubswlih02rt3;39238;1;0
Zotabeachresort.com-0090-2016Redesign;en-US;636408992205621140#r5we2vbtrwaqdzcx2wevjtov;38058;1;0
Opalsands.com-0084-2016Redesign;en-US;636408992205621140#lfzfohcoq0zw3vu3omwl04gi;38055;1;0
Treasureislandbeachresort.com-0089-2016Redesign;en-US;636408992205621140#qfd5qyp3f0lmifrgl0ea0b4v;38057;1;0
Glencovemansion.com-0058-2015Redesign;en-US;636408992205933156#pvmtdhawsx3rnplknvupsdw2;13328;1;0
Chrco.com-0107-2017Redesign;en-US;636408992205933156#vf4zsjznezfocp2iuscgz4q1;29280;1;0
Naiaresortandspa.com-0077-2016Redesign;en-US;636408992205933156#mxipa44425fpyip3ap4gwsqb;20455;1;0
Jupiterbeachresort.com-0103-2017Redesign;en-US;636408992206089164#y1hz3i052r3pp13f00lkrk5s;38052;1;0
Jbdukehotel.com-0086-2016Redesign;en-US;636408992206713196#egqy25ehzc13y1qc1gjgj1o2;21918;1;0
Bluebirch.com-0072-2016Redesign;en-US;636408992206713196#ygrzoju5jfiihhn2n1w2catj;16693;1;0
Texturefoodanddrink.com-0067-2016Redesign;en-US;636408992206713196#4u4p1kabdwnqcvwumwo2jm5t;15452;1;0
Halcyonhotelcherrycreek.com-0061-2015Redesign;en-US;636408992206869204#4b1j5onrxgnmwmi2fsirklqu;22121;1;0
Thecrawfordhotel.com-0074-2016Redesign;en-US;636408992206869204#izx4nol20hyodamdioieb5sv;17145;1;0
Beverlyhillsresidenceinn.com-0087-2016Redesign;en-US;636408992206869204#jvbakcdvzsrvpi2amrwgwpep;20999;1;0
Assuranceoperations.com-0065-2015Redesign;en-US;636408992207181220#bpyxh1eqfw1catqkp0lnx243;15263;1;0
Thecurtis.com-0079-2016Redesign;en-US;636408992207181220#55g2diju1ij5h3hkygipduwf;17981;1;0
Bocatrans.com-0082-2016Redesign;en-US;636408992207181220#pgvtvvytgdgd4gxpavcet1ls;19758;1;0
Edgewaternaples.com-0094-2016Redesign;en-US;636408992207181220#dr3pqjuclcj5z2edmgvonydy;38051;1;0
Washingtoncourthotel.com-0076-2016Redesign;en-US;636408992207337228#c3qkm1gatgoztw4f5s302zmk;17858;1;0
Hhotellosangeles.com-0118-2017Redesign;en-US;636408992207337228#f4j3f2h1vyvmuuxcnwtkc3k3;35289;1;0
Homewoodsuiteslax.com-0110-2017Redesign;en-US;636408992207649244#cxlaozplgw42pjeoyb2xiq14;30747;1;0
Theharborsidehotel.com-0114-2017Redesign;en-US;636408992207805252#txyodou4kps3nt4eopsktza4;40403;1;0
Meateatery.com-0080-2016Redesign;en-US;636408992207805252#u304xmvcwc0uzzebask4iwhq;18505;1;0
Lidobeachresort.com-0106-2017Redesign;en-US;636408992207961260#0x30qcpyqcp4a3sn0gkhr1on;28666;1;0
Abbingtonbanquets.com-0070-2016Redesign;en-US;636408992208117268#1dbatnpfrmh1bvme5qntni11;15789;1;0
Galthouse.com-0042-2015Redesign;en-US;636408992208273276#cnyr4jb3hv4ih5zkmnev5sxb;38060;1;0
Samosetresort.com-0113-2017Redesign;en-US;636408992208429284#hphzhj12sp1v24u4z4jjw5se;40334;1;0
Monarchbeachresort.com-0092-2016Redesign;en-US;636408992208897308#lxv0x2224bwp4513dfyyjuch;23670;1;0
Opalsands.com-0084-2016Redesign;en-US;636408992209521340#jilar2tf5wlhmxicipzg4lu2;21542;1;0
Samosetresort.com-0113-2017Redesign;en-US;636408992211081420#0td0fmu1xe0c32v1njwf5d40;35128;1;0
Cendyn.com-0095-2016Redesign;en-US;636408992212485492#pblmsubllsyfcfksqmrbn0q4;26640;1;0
Cendyn.com-0095-2016Redesign;en-US;636408992212641500#rrt5jnox20td1kqqrqqlozc5;26640;1;0
Hospitalityupgrade.com-0093-2016Redesign;en-US;636408992212641500#b2ps20dlqlwjsml1k1l1x3im;25405;1;0
Cendyn.com-0095-2016Redesign;en-US;636408992212641500#iapo4pwun0hppgzhecqsxwkz;26640;1;0
Cendyn.com-0095-2016Redesign;en-US;636408992212641500#1x1zougyxufrbylylcdofjad;26640;1;0
Passport.lehotels.com-0069-2016BlogRedesign;en-US;636408992212797508#1rhgibugpf3zmremjv0lc44k;41068;1;0
Broadmoor.com-0073-2016Redesign;en-US;636408992214357588#dreutir2bvyjzovkk1zc4l03;16721;1;0
Broadmoor.com-0073-2016Redesign;en-US;636408992226682220#dreutir2bvyjzovkk1zc4l03;16721;1;0
Broadmoor.com-0073-2016Redesign;en-US;636408992227774276#dreutir2bvyjzovkk1zc4l03;16721;1;0
Broadmoor.com-0073-2016Redesign;en-US;636408992230270404#dreutir2bvyjzovkk1zc4l03;16721;1;0
Napavalleymarriott.com-0071-2016Redesign;en-US;636408992231206452#ljmzfserj3q0errmtzroyt41;16432;1;0
Longboatkeyclub.com-0104-2017Redesign;en-US;636408992233234556#3ohme4eofgivwdykbzbhctav;38054;1;0
Lidobeachresort.com-0106-2017Redesign;en-US;636408992233546572#rzpembdhqsg4ylqbuqdnbo43;38053;1;0
Thesagamore.com-0112-2017Redesign;en-US;636408992234014596#bpb0lrxyptq3xfazps113bmo;39241;1;0
Hospitalityupgrade.com-0093-2016Redesign;en-US;636408992235106652#zfaedq43ol4m1rhogiqy4idy;25405;1;0
Edgewaternaples.com-0094-2016Redesign;en-US;636408992235730684#5vp4o4wqj20j1ixagqqr12vg;25257;1;0
Cendyn.com-0095-2016Redesign;en-US;636408992239942900#stkyzyqoe0uce1zmdcqz5spv;26640;1;0
Broadmoor.com-0073-2016Redesign;en-US;636408992240566932#horybdbgr4ny0c14dnhsgnyi;38059;1;0
saddlebrook.com-0011-2014Redesign;en-US;636408992242907052#344tz25yn5vifemyxsemof42;3618;1;0
Broadmoor.com-0073-2016Redesign;en-US;636408992243687092#u5kjssencdwmcpkjfxgkyls0;16721;1;0
Broadmoor.com-0073-2016Redesign;en-US;636408992248523340#dreutir2bvyjzovkk1zc4l03;16721;1;0
Sandpearl.com-0091-2016Redesign;en-US;636408992248523340#peeeo55mfnpki13vizaie0jt;38056;1;0
Delraysandsresort.com-0097-2016Redesign;en-US;636408992248523340#10tyuwwomqtbmh3jku5te3rj;38049;1;0
Monarchbeachresort.com-0092-2016Redesign;en-US;636408992248679348#n42w2yapvnbpi02e52khjbiw;22725;1;0
Hospitalityupgrade.com-0093-2016Redesign;en-US;636408992248679348#vut3psequ2oamfy5ei2sla0d;22790;1;0
Broadmoor.com-0073-2016Redesign;en-US;636408992248835356#u5kjssencdwmcpkjfxgkyls0;16721;1;0
Cphollywoodbeach.com-0032-2015Redesign;en-US;636408992249459388#whotyitk2ij4ltd1jvtu52sv;7831;1;0
Opalsands.com-0084-2016Redesign;en-US;636408992249771404#edqhg3ywfyos4i25cp11rosm;20561;1;0
theweststreethotel.com-0115-2017Redesign;en-US;636408992250707452#0m43svg4noczoaufwf2ecvjp;36683;1;0
Luxehotels.com-0078-2016Redesign;en-US;636408992251019468#24dudh3520blbqhaypim4d5d;18805;1;0
Theoxfordhotel.com-0062-2015Redesign;en-US;636408992255231684#vxc4050o4cdmn310vbtjcsku;14325;1;0
Washingtoncourthotel.com-0076-2016Redesign;en-US;636408992255231684#h1bsvhn3ehrcjuefr3ju01ph;17858;1;0
Zotabeachresort.com-0090-2016Redesign;en-US;636408992255231684#oqzcairtepi0x4uslky4fcpg;38058;1;0
Bluebirch.com-0072-2016Redesign;en-US;636408992255231684#jehhdh3p0zuhvf0g5s3c10ay;16693;1;0
Meateatery.com-0080-2016Redesign;en-US;636408992255387692#wk2nyhbcmtdhnjjhm00czubz;18505;1;0
Samosetresort.com-0113-2017Redesign;en-US;636408992255387692#hqejhe4u404tiolsv1qfrflp;40334;1;0
Abbingtonbanquets.com-0070-2016Redesign;en-US;636408992255387692#bq1qgagvltuinvf1fqso5qql;15789;1;0
Hhotellosangeles.com-0118-2017Redesign;en-US;636408992255387692#hrxjecctbxipgfwq4fatao5o;35289;1;0
Homewoodsuiteslax.com-0110-2017Redesign;en-US;636408992255387692#ymi0dcs5uwegx2s5tgmo1lqh;30747;1;0
Jupiterbeachresort.com-0103-2017Redesign;en-US;636408992255387692#y34neytqgs0tbsch0um2ewiv;38052;1;0
Edgewaternaples.com-0094-2016Redesign;en-US;636408992255543700#dv5pbzszzgjlevkxhat0flpb;38051;1;0
Assuranceoperations.com-0065-2015Redesign;en-US;636408992255543700#52gvzn41qwgmtq55exripdmd;15263;1;0
Opalsands.com-0084-2016Redesign;en-US;636408992255699708#q2rapg0iexwb1b3rbyem5m4k;38055;1;0
Lakeplacidlodge.com-0105-2017Redesign;en-US;636408992255699708#5u0yyvs2nadv30yrxhdvzerr;39238;1;0
Halcyonhotelcherrycreek.com-0061-2015Redesign;en-US;636408992255699708#dtj11er5lbpzo20tww41yqep;22121;1;0
Glencovemansion.com-0058-2015Redesign;en-US;636408992255699708#hzqubtirc41odecbtgc5fz5m;13328;1;0
Luxehotels.com-0078-2016Redesign;en-US;636408992255699708#1ha5qekannfd4pz1lygecmfh;18805;1;0
Degreerestaurant.com-0056-2015Redesign;en-US;636408992255855716#bwdtlcxhpinprzubivdfkbzp;11598;1;0
Oxfordclubspa.com-0068-2016Redesign;en-US;636408992255855716#15g3f3by25oqulnebvgjcc54;15568;1;0
Bocatrans.com-0082-2016Redesign;en-US;636408992255855716#1cp1y5m01r4b4f1lzj42if0y;19758;1;0
Jbdukehotel.com-0086-2016Redesign;en-US;636408992255855716#d0zpl1wdsa2suf5zmb3zlzta;21918;1;0
Treasureislandbeachresort.com-0089-2016Redesign;en-US;636408992256011724#nllkjdbg4xipjggvin4mt51q;38057;1;0
Texturefoodanddrink.com-0067-2016Redesign;en-US;636408992256011724#2o0t51ymh5n4f43ivkbbojog;15452;1;0
Thecrawfordhotel.com-0074-2016Redesign;en-US;636408992256011724#ikkxugvzydr1ihgbn5eismzh;17145;1;0
Beverlyhillsresidenceinn.com-0087-2016Redesign;en-US;636408992256167732#wwbptnpslafs0elo1khtuqsz;20999;1;0
Sandylane.com-0075-2016Redesign;en-US;636408992256167732#g5t41reflzvqz2ihiqqnybo2;17611;1;0
Naiaresortandspa.com-0077-2016Redesign;en-US;636408992256167732#gltepx31jffmqt2tddjpgz20;20455;1;0
Chrco.com-0107-2017Redesign;en-US;636408992256167732#egu1mabrmydgh1zln0en2n5o;29280;1;0
Theharborsidehotel.com-0114-2017Redesign;en-US;636408992256791764#hpqx442mz4dtqlx0cthjzthb;40403;1;0
Galthouse.com-0042-2015Redesign;en-US;636408992257103780#2db1opxzo54rp212xfnpuoqn;38060;1;0
Thecurtis.com-0079-2016Redesign;en-US;636408992257415796#kmbpa2jfsapcv53cpqg5xj5p;17981;1;0
Sandylane.com-0075-2016Redesign;en-US;636408992259131884#yr5m4gz0slnrfpzvbhy5h51y;17675;1;0
Thesagamore.com-0112-2017Redesign;en-US;636408992259755916#4tqe0xatlolzps3vwqiwae2m;33582;1;0
Lehotels.com-0049-2015Transfer;en-US;636408992259755916#45sfh3soohtloabm1bg44y0k;13038;1;0
Cendyn.com-0095-2016Redesign;en-US;636408992262564060#v4lvh44byjv3ggft3pq20qlq;26640;1;0
Hospitalityupgrade.com-0093-2016Redesign;en-US;636408992262564060#fon0oh3vnxfiufvwkmex4y4x;25405;1;0
Cendyn.com-0095-2016Redesign;en-US;636408992262564060#vq0vskrlz451efklv0h42nhc;26640;1;0
Passport.lehotels.com-0069-2016BlogRedesign;en-US;636408992262564060#r0bgcuyq2hz15fhvkaj210ae;41068;1;0
Cendyn.com-0095-2016Redesign;en-US;636408992262564060#mn5evzxaakapfk3owsm1fsk1;26640;1;0
Cendyn.com-0095-2016Redesign;en-US;636408992262564060#xtujhsz3xwpl0wt2mgja0lr0;26640;1;0
Lehotels.com-0049-2015Transfer;en-US;636408992266308252#iqgk3kwq14ahspy2fwqukgwm;14104;1;0
Casaybelresort.com-0002-2014Redesign;en-US;636408992275044700#mvvjd4kjkhrlfgmpropznku5;1533;1;0
Zotabeachresort.com-0090-2016Redesign;en-US;636408992276136756#igq4hdvsthyo4en5rlpbuw2l;22357;1;0
Sandylane.com-0075-2016Redesign;en-US;636408992283313124#k5zyrhz20ai2vrtz4wa22asj;17675;1;0
Longboatkeyclub.com-0104-2017Redesign;en-US;636408992284249172#dmudfc1gk5ii0a4jx0iqd2ne;38054;1;0
Lidobeachresort.com-0106-2017Redesign;en-US;636408992284717196#lkv0xzmkxfalvgjftl024zoy;38053;1;0
Napavalleymarriott.com-0071-2016Redesign;en-US;636408992285809252#xvntwj5ebyewo4mjpuvqbqq3;16432;1;0
Thesagamore.com-0112-2017Redesign;en-US;636408992285965260#h43at11v0w2hbhtdcy3zyx3b;39241;1;0
Cendyn.com-0095-2016Redesign;en-US;636408992289709452#5b4f5z3meu3wmblrtichnkuj;26640;1;0
Broadmoor.com-0073-2016Redesign;en-US;636408992290333484#2mjxl0tx3s2fdugn5is22usm;38059;1;0
Zotabeachresort.com-0090-2016Redesign;en-US;636408992298757916#igq4hdvsthyo4en5rlpbuw2l;22357;1;0
Broadmoor.com-0073-2016Redesign;en-US;636408992299069932#0njgjmwwriy5ntola2xadhef;16721;1;0
Sandpearl.com-0091-2016Redesign;en-US;636408992299069932#fbetwmhsikkigo0arbbzkxfx;38056;1;0
Cphollywoodbeach.com-0032-2015Redesign;en-US;636408992299693964#tekooj2x4oelicyf2lbgecqo;7805;1;0
Springhillsuitesdenver.com-0060-2015Redesign;en-US;636408992299849972#1rkzmhxccdlkpljrnsdq1eeu;14162;1;0
Delraysandsresort.com-0097-2016Redesign;en-US;636408992299849972#4f2teuh4kmpw4l0fx3exjh4q;38049;1;0
Zotabeachresort.com-0090-2016Redesign;en-US;636408992301254044#igq4hdvsthyo4en5rlpbuw2l;22357;1;0
Monarchbeachresort.com-0092-2016Redesign;en-US;636408992301878076#ebvrueuc15mma0gef2vsqq3g;22725;1;0
Samosetresort.com-0113-2017Redesign;en-US;636408992302346100#bcadctge5sbnxg0tvee114or;32541;1;0
Samosetresort.com-0113-2017Redesign;en-US;636408992303750172#bcadctge5sbnxg0tvee114or;32541;1;0
wentworthcom00212014redesign;en-US;636408992304842228#ihb3xn0rupyaei4mrtvdiy4c;26679;1;0
Theharborsidehotel.com-0114-2017Redesign;en-US;636408992304998236#heefl205d2os03eppstfqyyf;37571;1;0
Broadmoor.com-0073-2016Redesign;en-US;636408992305154244#0masuawbv5xbditdjjnkimsn;16721;1;0
Thecurtis.com-0079-2016Redesign;en-US;636408992305154244#stz4r3xg0abwjedasqbf1in1;17981;1;0
Jbdukehotel.com-0086-2016Redesign;en-US;636408992305310252#wzqxwyyj4ousyrzqqhk2a4r4;21918;1;0
Theharborsidehotel.com-0114-2017Redesign;en-US;636408992306402308#mrwmpdu12tqgnbj4byd0zclk;40403;1;0
Naiaresortandspa.com-0077-2016Redesign;en-US;636408992306714324#zkwticzhq2js3kvkv1ptef4v;20455;1;0
Theoxfordhotel.com-0062-2015Redesign;en-US;636408992306714324#wcmamrrru3njbmzjljdlo2ni;14325;1;0
Chrco.com-0107-2017Redesign;en-US;636408992306714324#p32uw2n2fxytuf5ntawlij5t;29280;1;0
Hhotellosangeles.com-0118-2017Redesign;en-US;636408992306870332#rjiqe2xausc3npzfnmeniai2;35289;1;0
Thecrawfordhotel.com-0074-2016Redesign;en-US;636408992306870332#ghjfs4aebwidr2kgx4h0d5ya;17145;1;0
Treasureislandbeachresort.com-0089-2016Redesign;en-US;636408992307026340#pmrpm51csxnshb20z12xk235;38057;1;0
Beverlyhillsresidenceinn.com-0087-2016Redesign;en-US;636408992307182348#auld5xevkcs1lmahxubzqoow;20999;1;0
Texturefoodanddrink.com-0067-2016Redesign;en-US;636408992307182348#liug0h5sig4bgkkl4wymkf00;15452;1;0
Oxfordclubspa.com-0068-2016Redesign;en-US;636408992307338356#1zy2ki5az1c5dje3b2enghaj;15568;1;0
Halcyonhotelcherrycreek.com-0061-2015Redesign;en-US;636408992307494364#pyb3jufqom0uuy5mqv5r3ipf;22121;1;0
Sandylane.com-0075-2016Redesign;en-US;636408992307806380#kp5j5jsrt3hb2ezkac01u50d;17611;1;0
Samosetresort.com-0113-2017Redesign;en-US;636408992307806380#5p1doeaskcxfz04jserk0prc;40334;1;0
Luxehotels.com-0078-2016Redesign;en-US;636408992307962388#sufin4ljakfcw55rzvht1f32;18805;1;0
Opalsands.com-0084-2016Redesign;en-US;636408992308118396#k4jzrfisopjrnzuraihdp2oh;38055;1;0
Galthouse.com-0042-2015Redesign;en-US;636408992308274404#n313kqndbkwwd2h5nuhnhemz;38060;1;0
Glencovemansion.com-0058-2015Redesign;en-US;636408992308274404#hjvcgfg1zd42edm3cbo0arsy;13328;1;0
Homewoodsuiteslax.com-0110-2017Redesign;en-US;636408992308430412#hnbu44kowkz31u0kfylzgunh;30747;1;0
Bocatrans.com-0082-2016Redesign;en-US;636408992308430412#11atiu1wckf3fo23ewk11cp3;19758;1;0
Zotabeachresort.com-0090-2016Redesign;en-US;636408992309054444#jre2mx0xftz3ioiunepo5sur;38058;1;0
Assuranceoperations.com-0065-2015Redesign;en-US;636408992309054444#imnyhedvnzb5fmozgthux522;15263;1;0
Degreerestaurant.com-0056-2015Redesign;en-US;636408992310926540#4hafeclyrfycy5czzwgpankd;11598;1;0
Bluebirch.com-0072-2016Redesign;en-US;636408992313734684#gqcb241trz5rcqbsxu3d0lhh;16693;1;0
Abbingtonbanquets.com-0070-2016Redesign;en-US;636408992314514724#xofuruz2rgqgjzzizws25eq0;15789;1;0
Jupiterbeachresort.com-0103-2017Redesign;en-US;636408992314826740#3vw1bvka3eh3oiliura1uzgu;38052;1;0
Edgewaternaples.com-0094-2016Redesign;en-US;636408992315138756#aq2emf3frc1qhbc3diouv0oa;38051;1;0
Meateatery.com-0080-2016Redesign;en-US;636408992316074804#sjtudviicmaljucr4cnj1wem;18505;1;0
Sandpearl.com-0091-2016Redesign;en-US;636408992316386820#kgn0vgpgvctfkls1cmlzqbqw;22481;1;0
Hospitalityupgrade.com-0093-2016Redesign;en-US;636408992317478876#3awefsxu2rupdjmphuwtmgcb;22774;1;0
Cphollywoodbeach.com-0032-2015Redesign;en-US;636408992317634884#kmkpgx50nndnfdsmua0kwvjy;7831;1;0
Longboatkeyclub.com-0104-2017Redesign;en-US;636408992317946900#wo4yvroa0cns1wn3vhedmfg0;28316;1;0
Cendyn.com-0095-2016Redesign;en-US;636408992317946900#uxc3ai2pkk44dknmmk4xncew;26640;1;0
Cendyn.com-0095-2016Redesign;en-US;636408992317946900#rqaqeh0a4jiu3zb2zravjjnw;26640;1;0
Lakeplacidlodge.com-0105-2017Redesign;en-US;636408992318258916#og3gmivganqhoc3bs0hvj2sz;39238;1;0
Cendyn.com-0095-2016Redesign;en-US;636408992318414924#yspbrq4r5ktnwe3r5kghxyvx;26640;1;0
Washingtoncourthotel.com-0076-2016Redesign;en-US;636408992318882948#cnwbxurqlynlssy5kuu5zehf;17858;1;0
Cendyn.com-0095-2016Redesign;en-US;636408992320287020#o3zoxu2kzs5tvn0nwu3pg0xu;26640;1;0
Passport.lehotels.com-0069-2016BlogRedesign;en-US;636408992320911052#3tuk2gv2kcl0qd5vymblc1uh;41068;1;0
Hospitalityupgrade.com-0093-2016Redesign;en-US;636408992322003108#fca5553mu02peljmp4kaj20q;25405;1;0
Cocokeyorlando.com-0059-2015Redesign;en-US;636408992322159116#maq1m2ipqyvi2g1rav5g3spk;12394;1;0
Thesagamore.com-0112-2017Redesign;en-US;636408992323719196#4p0tq32td1cssq4na2j1rd50;39241;1;0
Lidobeachresort.com-0106-2017Redesign;en-US;636408992324187220#okqblbhzmfw3brsd1ntathwa;38053;1;0
Napavalleymarriott.com-0071-2016Redesign;en-US;636408992324343228#iueyyeo0g3rk2dvqiezbvj0n;16432;1;0
Cocokeyorlando.com-0059-2015Redesign;en-US;636408992325279276#0ct0ihadtw4wkvtlgpjzdrp2;12394;1;0
Longboatkeyclub.com-0104-2017Redesign;en-US;636408992326371332#di50n30xndlzno0puwmx2lrh;38054;1;0
Samosetresort.com-0113-2017Redesign;en-US;636408992329647500#m5tzheb2uo40dboqz4fectvv;32541;1;0
Theoxfordhotel.com-0062-2015Redesign;en-US;636408992333547700#r2mmppufgabb0rnclgsomm23;14325;1;0
Hospitalityupgrade.com-0093-2016Redesign;en-US;636408992333703708#brluwon43ot0n3drbwn2ucbu;25405;1;0
Lakeplacidlodge.com-0105-2017Redesign;en-US;636408992333859716#4h03bpsc44qtjjfxhsbhol30;28545;1;0
Cendyn.com-0095-2016Redesign;en-US;636408992334015724#vkjzlrd3qr01rte5n23xhtfd;26640;1;0
Cocokeyorlando.com-0059-2015Redesign;en-US;636408992338695964#0ct0ihadtw4wkvtlgpjzdrp2;12394;1;0
Montaukyachtclub.com-0010-2014Redesign;en-US;636408992338695964#2yz0liosjs3huif1j40oooyc;2240;1;0
Treasureislandbeachresort.com-0089-2016Redesign;en-US;636408992338851972#vo2ulz5ubu50qt43w4v11qcy;22169;1;0
Cendyn.com-0095-2016Redesign;en-US;636408992339163988#aox4h1t0tgvslnbirwb411x5;26640;1;0
Broadmoor.com-0073-2016Redesign;en-US;636408992339163988#pb2a4fitpdsgcvy2recc5k4o;38059;1;0
Hospitalityupgrade.com-0093-2016Redesign;en-US;636408992342128140#3awefsxu2rupdjmphuwtmgcb;41608;1;0
Lakeplacidlodge.com-0105-2017Redesign;en-US;636408992349772532#4h03bpsc44qtjjfxhsbhol30;28545;1;0
saddlebrook.com-0011-2014Redesign;en-US;636408992351488620#vl2ljwqzhn0s2y0yxn0u5ltr;6407;1;0
Treasureislandbeachresort.com-0089-2016Redesign;en-US;636408992354608780#vo2ulz5ubu50qt43w4v11qcy;22169;1;0
Montaukyachtclub.com-0010-2014Redesign;en-US;636408992354764788#2yz0liosjs3huif1j40oooyc;2240;1;0
Sandpearl.com-0091-2016Redesign;en-US;636408992354764788#na2gmvetxvnwyf0egfz3dc01;38056;1;0
Delraysandsresort.com-0097-2016Redesign;en-US;636408992354764788#gxyvoha5wvehb2qebkjskvo3;38049;1;0
Edgewaternaples.com-0094-2016Redesign;en-US;636408992354764788#ljb1dvjiz5eckgztbp5cgyen;25239;1;0
Opalsands.com-0084-2016Redesign;en-US;636408992354920796#edqhg3ywfyos4i25cp11rosm;20171;1;0
Cendyn.com-0095-2016Redesign;en-US;636408992355232812#vkjzlrd3qr01rte5n23xhtfd;26640;1;0
Opalsands.com-0084-2016Redesign;en-US;636408992355232812#5xajtrwhthxrwrowaizb1kxx;20171;1;0
Cphollywoodbeach.com-0032-2015Redesign;en-US;636408992355544828#rspj0h2okijpbmz0cfojd4jt;7831;1;0
Thecrawfordhotel.com-0074-2016Redesign;en-US;636408992355544828#oa1ivn12n4iahq4ha2cgpot5;17145;1;0
Chrco.com-0107-2017Redesign;en-US;636408992355544828#xtja41fpaipembqznjy4dink;29280;1;0
Zotabeachresort.com-0090-2016Redesign;en-US;636408992355700836#y4xjte0jx0eyyhjtltueug1h;38058;1;0
Hhotellosangeles.com-0118-2017Redesign;en-US;636408992355856844#m0jtbg0g0vnrh0q4ge52d0sa;35289;1;0
Bocatrans.com-0082-2016Redesign;en-US;636408992355856844#hzw552aluncm4jqdjt20ahdi;19758;1;0
Halcyonhotelcherrycreek.com-0061-2015Redesign;en-US;636408992355856844#j0jfi24o34szpmy2uqtndbw0;22121;1;0
Washingtoncourthotel.com-0076-2016Redesign;en-US;636408992356012852#vnmq4kohgocazkpcxeprd12b;17858;1;0
Oxfordclubspa.com-0068-2016Redesign;en-US;636408992356168860#y5megkhlk4fj4q05maldhdds;15568;1;0
Edgewaternaples.com-0094-2016Redesign;en-US;636408992356168860#ibgcdve33y5d2ivgsiq2yp52;38051;1;0
Texturefoodanddrink.com-0067-2016Redesign;en-US;636408992356168860#3uelki0l030sc1qwd1dsdy25;15452;1;0
Homewoodsuiteslax.com-0110-2017Redesign;en-US;636408992356168860#3hc0vmpu20wq4qsk20glh44b;30747;1;0
Glencovemansion.com-0058-2015Redesign;en-US;636408992356324868#x3iclr23cd2fxkg0girdvkl2;13328;1;0
Jupiterbeachresort.com-0103-2017Redesign;en-US;636408992356324868#iagtjwswkxvdfcvl3sslq5te;38052;1;0
Assuranceoperations.com-0065-2015Redesign;en-US;636408992356324868#2fyvmvx4u5xtp51pv5sjle1q;15263;1;0
Meateatery.com-0080-2016Redesign;en-US;636408992356480876#vlphcert3m3xqj1lhviugm00;18505;1;0
Degreerestaurant.com-0056-2015Redesign;en-US;636408992356480876#ji4qfmm0shrweyrrm4gf5fa4;11598;1;0
Opalsands.com-0084-2016Redesign;en-US;636408992356480876#jilar2tf5wlhmxicipzg4lu2;23636;1;0
Treasureislandbeachresort.com-0089-2016Redesign;en-US;636408992356636884#j2yhizm24ttvoiitkl1fff10;38057;1;0
Theoxfordhotel.com-0062-2015Redesign;en-US;636408992356636884#3lubwlox12j4awqo0yqapq3s;14325;1;0
Beverlyhillsresidenceinn.com-0087-2016Redesign;en-US;636408992356948900#hhis4ax3akxcc4vabxwqg20j;20999;1;0
Theharborsidehotel.com-0114-2017Redesign;en-US;636408992356948900#bl1hllwy5yhkl0odzdwcwjuj;40403;1;0
Sandylane.com-0075-2016Redesign;en-US;636408992356948900#zme2qufi3l0rmyodozfbxek2;17611;1;0
Samosetresort.com-0113-2017Redesign;en-US;636408992357104908#3zf3utipdrvavvmieq2rrzs3;40334;1;0
Jbdukehotel.com-0086-2016Redesign;en-US;636408992357260916#4vgtgybpl0zzr3qf5fjczkq1;21918;1;0
Opalsands.com-0084-2016Redesign;en-US;636408992357260916#yefwn40011mzfgga3mqjku1y;38055;1;0
Bluebirch.com-0072-2016Redesign;en-US;636408992357416924#clpbxl4mx3bbsfhz1hppectm;16693;1;0
Galthouse.com-0042-2015Redesign;en-US;636408992357416924#n3na0ezosmgc2o45bkknivcb;38060;1;0
Thecurtis.com-0079-2016Redesign;en-US;636408992358196964#eoycxkwp5aejpk10li1z1aey;17981;1;0
Hospitalityupgrade.com-0093-2016Redesign;en-US;636408992358508980#brluwon43ot0n3drbwn2ucbu;25405;1;0
Naiaresortandspa.com-0077-2016Redesign;en-US;636408992358508980#bl4lhykzl5bdpybczxrwwiq3;20455;1;0
Luxehotels.com-0078-2016Redesign;en-US;636408992358508980#24dudh3520blbqhaypim4d5d;18805;1;0
Abbingtonbanquets.com-0070-2016Redesign;en-US;636408992358508980#ido0eqo1bt2v241j5avvoxxe;15789;1;0
Lakeplacidlodge.com-0105-2017Redesign;en-US;636408992358664988#tezdwcqdyffxvqvnishl2smz;39238;1;0
Luxehotels.com-0078-2016Redesign;en-US;636408992358664988#ygplgzp1emxwssuuhun44fyp;18805;1;0
Luxehotels.com-0078-2016Redesign;en-US;636408992359133012#vgrfmjw4tcpcdkvjsal3xfvv;18805;1;0
saddlebrook.com-0011-2014Redesign;en-US;636408992359913052#344tz25yn5vifemyxsemof42;3385;1;0
Broadmoor.com-0073-2016Redesign;en-US;636408992361473132#0njgjmwwriy5ntola2xadhef;16721;1;0
Cendyn.com-0095-2016Redesign;en-US;636408992362409180#kjwhzv0rq0tjinnwad3tfnvg;26640;1;0
Hospitalityupgrade.com-0093-2016Redesign;en-US;636408992362409180#3ql5kkupm4n4txtn44revmpv;25405;1;0
Cendyn.com-0095-2016Redesign;en-US;636408992362409180#2gosjdqvou0ykiiqhclqknrx;26640;1;0
Cendyn.com-0095-2016Redesign;en-US;636408992362409180#yjqm24osnyclj35dtco3diub;26640;1;0
Passport.lehotels.com-0069-2016BlogRedesign;en-US;636408992362409180#yg5et3ixls2hxfcc1seitpyl;41068;1;0
Cendyn.com-0095-2016Redesign;en-US;636408992362565188#ogdcj1pmscb5wyuai21yasmi;26640;1;0
Opalsands.com-0084-2016Redesign;en-US;636408992363033212#edqhg3ywfyos4i25cp11rosm;20171;1;0
Lakeplacidlodge.com-0105-2017Redesign;en-US;636408992367869460#qr1rvqmjkoqojitt5vivduug;28557;1;0
wentworthcom00212014redesign;en-US;636408992370677604#hnrtni0ggdtezn3l4bmkss1j;26679;1;0
Casaybelresort.com-0002-2014Redesign;en-US;636408992374733812#lyoiea4cw3a3rjdpjwsn3yod;1570;1;0
Cendyn.com-0095-2016Redesign;en-US;636408992375201836#1ob2ksgdcyxz4m3dj2qb0juq;26640;1;0
Cendyn.com-0095-2016Redesign;en-US;636408992375669860#pznchbitodidbrlqeplq0r2i;26640;1;0
Opalsands.com-0084-2016Redesign;en-US;636408992379258044#5xajtrwhthxrwrowaizb1kxx;20171;1;0
Thesagamore.com-0112-2017Redesign;en-US;636408992380038084#pswrnivzg3jpmbq4kenwsj0h;39241;1;0
Napavalleymarriott.com-0071-2016Redesign;en-US;636408992380194092#l44tptzyn4dj2fceewnncgqr;16432;1;0
Lidobeachresort.com-0106-2017Redesign;en-US;636408992380194092#g100kfkgdyfmqi04edpucwtf;38053;1;0
Longboatkeyclub.com-0104-2017Redesign;en-US;636408992380506108#jrx42kb3szh0jksk1dgaz3o5;38054;1;0
Thesagamore.com-0112-2017Redesign;en-US;636408992382066188#urgfw4reeih5qdi2ppzmzzi3;33924;1;0
Thesagamore.com-0112-2017Redesign;en-US;636408992382066188#ywba5axxmueysm5app5ryuiu;32339;1;0
Broadmoor.com-0073-2016Redesign;en-US;636408992382378204#c0kcji3mpqy0ecz3p31kxicz;16721;1;0
Cendyn.com-0095-2016Redesign;en-US;636408992382690220#giw4pyh0hmg5liou411vi3vg;26640;1;0
Broadmoor.com-0073-2016Redesign;en-US;636408992382690220#g2anukf4xcqpk2b0agkxr3hg;38059;1;0
Thesagamore.com-0112-2017Redesign;en-US;636408992385498364#ywba5axxmueysm5app5ryuiu;32339;1;0
Broadmoor.com-0073-2016Redesign;en-US;636408992385654372#c0kcji3mpqy0ecz3p31kxicz;16721;1;0
wentworthcom00212014redesign;en-US;636408992385654372#ihb3xn0rupyaei4mrtvdiy4c;26679;1;0
Lakeplacidlodge.com-0105-2017Redesign;en-US;636408992386278404#usgha3tqvby1lqrnixxekcpo;28545;1;0
Lakeplacidlodge.com-0105-2017Redesign;en-US;636408992386902436#4h03bpsc44qtjjfxhsbhol30;28545;1;0
wentworthcom00212014redesign;en-US;636408992386902436#ihb3xn0rupyaei4mrtvdiy4c;26679;1;0
Broadmoor.com-0073-2016Redesign;en-US;636408992388150500#0njgjmwwriy5ntola2xadhef;16721;1;0
wentworthcom00212014redesign;en-US;636408992389398564#ihb3xn0rupyaei4mrtvdiy4c;26679;1;0
Sandpearl.com-0091-2016Redesign;en-US;636408992392830740#mn3pmfscvami50tjv2pgkov0;38056;1;0
Delraysandsresort.com-0097-2016Redesign;en-US;636408992392830740#e3auu0rw43csa00vkyajytsl;38049;1;0
Cendyn.com-0095-2016Redesign;en-US;636408992393610780#4h3ti1fxxd2tokh51c20cmck;26640;1;0
Treasureislandbeachresort.com-0089-2016Redesign;en-US;636408992395170860#vo2ulz5ubu50qt43w4v11qcy;22169;1;0
Cphollywoodbeach.com-0032-2015Redesign;en-US;636408992396262916#tekooj2x4oelicyf2lbgecqo;7831;1;0
Thesagamore.com-0112-2017Redesign;en-US;636408992397822996#vilfi3btxujn5il0ljyadyi4;32339;1;0
Galthouse.com-0042-2015Redesign;en-US;636408992398135012#vihbg3vfp00jkayzgj2y1rqg;31905;1;0
