Opalsands.com-0084-2016Redesign;en-US;636409056600292610#buzl3ds5pwcmk5r3tkqkvpnq;20171;1;0
Monarchbeachresort.com-0092-2016Redesign;en-US;636409056600916618#0ee1rp5hzobatjx4lbisebhg;23001;1;0
Thesagamore.com-0112-2017Redesign;en-US;636409056601228622#45czbdcp4wrkocgor4o1dfom;32339;1;0
saddlebrook.com-0011-2014Redesign;en-US;636409056601384624#4hcjwlujkzc0w2bqfkjrzh2j;3451;1;0
Hospitalityupgrade.com-0093-2016Redesign;en-US;636409056603256648#m5vkrebq2igvfnazvvxbowom;31876;1;0
Thesagamore.com-0112-2017Redesign;en-US;636409056604192660#fe3gtzavccklr5gq00qs0ees;33540;1;0
Thesagamore.com-0112-2017Redesign;en-US;636409056605752680#fe3gtzavccklr5gq00qs0ees;33539;1;0
Washingtondukeinn.com-0024-2014Redesign;en-US;636409056606844694#zv5rpthyac3u3on4puaiis5w;4737;1;0
Longboatkeyclub.com-0104-2017Redesign;en-US;636409056606844694#swhqdrlfplkmsdfkupzk3rav;28316;1;0
Longboatkeyclub.com-0104-2017Redesign;en-US;636409056607312700#vxbn50tll3n55icvfyk3wgvb;28316;1;0
Broadmoor.com-0073-2016Redesign;en-US;636409056609808732#o2dex1nils4m2bbe1kaexy4h;16721;1;0
Beverlyhillsresidenceinn.com-0087-2016Redesign;en-US;636409056611680756#3e3at55tiiyxravhq1memxvp;20999;1;0
Lakeplacidlodge.com-0105-2017Redesign;en-US;636409056613864784#vujp0i0onrf0y1u4gxbd4tug;28593;1;0
wentworthcom00212014redesign;en-US;636409056614488792#cuy0ek5aasnlbncag1jkp35c;4299;1;0
Thecrawfordhotel.com-0074-2016Redesign;en-US;636409056614800796#0ttun5vgffasssaudzibaum2;17145;1;0
Degreerestaurant.com-0056-2015Redesign;en-US;636409056614800796#awhalnk50ue3cngq1c4cqwhb;11598;1;0
Hospitalityupgrade.com-0093-2016Redesign;en-US;636409056614800796#gwqol2xhzycsnqcmcdpf04vv;25405;1;0
Bluebirch.com-0072-2016Redesign;en-US;636409056614800796#uhurg4cwteltqhemyr3ttebg;16693;1;0
Hospitalityupgrade.com-0093-2016Redesign;en-US;636409056614800796#necvvf5xoajy1jce5nhvykrb;22790;1;0
Halcyonhotelcherrycreek.com-0061-2015Redesign;en-US;636409056614956798#wkk1g0wvu54zk2vzhd5lupbd;22121;1;0
Lidobeachresort.com-0106-2017Redesign;en-US;636409056614956798#bji1aynxmgf01aq2zxwv5w4u;38053;1;0
Napavalleymarriott.com-0071-2016Redesign;en-US;636409056614956798#0lbxy23fg1nr3ppa4bhdfpma;16432;1;0
Cendyn.com-0095-2016Redesign;en-US;636409056614956798#slo1coqw2pltw0zvwcpumjax;26640;1;0
Zotabeachresort.com-0090-2016Redesign;en-US;636409056614956798#fsepynm22xba1y3z210ipp5t;38058;1;0
Delraysandsresort.com-0097-2016Redesign;en-US;636409056615112800#szlepwrexqpileiqktghr2ol;38049;1;0
Cendyn.com-0095-2016Redesign;en-US;636409056615112800#cpzsbg4j0avsgmx04b54hx3d;26640;1;0
Cendyn.com-0095-2016Redesign;en-US;636409056615112800#tigsn1yqfrfog2imj5vfutg5;26640;1;0
Homewoodsuiteslax.com-0110-2017Redesign;en-US;636409056615268802#qoum5xmxzhwg2hqk2ndlrcwp;30747;1;0
Chrco.com-0107-2017Redesign;en-US;636409056615268802#ajoc4bymu45kghrukpw2tbdl;29280;1;0
Luxehotels.com-0078-2016Redesign;en-US;636409056615268802#x2oz4o5s5hr1izqullzbg1nl;18805;1;0
Edgewaternaples.com-0094-2016Redesign;en-US;636409056615268802#fwrb0ukfiw2bfwsgk0sxz0dx;38051;1;0
Samosetresort.com-0113-2017Redesign;en-US;636409056615268802#scnr13pq5gbqmi0f0rqkqjgo;40334;1;0
Jupiterbeachresort.com-0103-2017Redesign;en-US;636409056615268802#kj0ypomkhtph50pvjl4r2uoa;38052;1;0
Thecurtis.com-0079-2016Redesign;en-US;636409056615268802#uhmqqeco1hy4d4yw0lihjkez;17981;1;0
Assuranceoperations.com-0065-2015Redesign;en-US;636409056615268802#3sejth0vjv0hkowlymep2p0t;15263;1;0
Abbingtonbanquets.com-0070-2016Redesign;en-US;636409056615268802#hcmocqxfnmmdi2cdxfdfynem;15789;1;0
Sandylane.com-0075-2016Redesign;en-US;636409056615268802#vle4m5u1nxxzausz2mtutcfc;17611;1;0
Thesagamore.com-0112-2017Redesign;en-US;636409056615268802#wcdesij3ujvttfui0ufbw2me;39241;1;0
Opalsands.com-0084-2016Redesign;en-US;636409056615424804#iq5u1wh4v1hudfyjdfpfvjfp;38055;1;0
Theoxfordhotel.com-0062-2015Redesign;en-US;636409056615424804#pjgofnuvgry32mku15zha5aj;14325;1;0
Theharborsidehotel.com-0114-2017Redesign;en-US;636409056615424804#ujzaaxz5p4fwf2jdbmtcxait;40403;1;0
Passport.lehotels.com-0069-2016BlogRedesign;en-US;636409056615424804#m5druuqhhbmwl0ushzh2z3mx;41068;1;0
Hhotellosangeles.com-0118-2017Redesign;en-US;636409056615424804#ztaylgff1o0r2but0yfbaq2j;35289;1;0
Longboatkeyclub.com-0104-2017Redesign;en-US;636409056615580806#bx2fnphiq50szyobytkljipr;38054;1;0
Beverlyhillsresidenceinn.com-0087-2016Redesign;en-US;636409056615580806#tqge2rqzsucjkkagscydmjgd;20999;1;0
Galthouse.com-0042-2015Redesign;en-US;636409056615580806#kg3irllkn5ttwgbdn1ljkoes;38060;1;0
Jbdukehotel.com-0086-2016Redesign;en-US;636409056615892810#ezq5fxw5jamkt2fdyprjc1lk;21918;1;0
Lehotels.com-0049-2015Transfer;en-US;636409056618544844#ejesq3rran02tjx1wvunhjs5;13745;1;0
Treasureislandbeachresort.com-0089-2016Redesign;en-US;636409056618544844#a4cvjrtjisgr1udii2rgtpcx;22873;1;0
Cocokeyorlando.com-0059-2015Redesign;en-US;636409056619324854#jnbayw0gecekcghoqm1sgm5v;12581;1;0
Monarchbeachresort.com-0092-2016Redesign;en-US;636409056619948862#xl35l5acozv0yqeiyaztbe01;36388;1;0
Cendyn.com-0095-2016Redesign;en-US;636409056620416868#xyuircjyy53f0mshhdlensmn;26640;1;0
Bocatrans.com-0082-2016Redesign;en-US;636409056620572870#ughvej5mzhtgggoxh3ojugl0;19758;1;0
Meateatery.com-0080-2016Redesign;en-US;636409056620572870#cm44ouvbq5napomkwjuesnod;18505;1;0
Homewoodsuiteslax.com-0110-2017Redesign;en-US;636409056620572870#bngh5cfqqgheonsqv5lrxny5;30747;1;0
Broadmoor.com-0073-2016Redesign;en-US;636409056626500946#hqyjuhujnmxjimizgql5jedw;16721;1;0
Lehotels.com-0049-2015Transfer;en-US;636409056627124954#gsdxstrxv1kg5xdvtljzzjua;12150;1;0
Broadmoor.com-0073-2016Redesign;en-US;636409056628060966#l5mswtkkv5dxtek1jagxgwrd;16721;1;0
Broadmoor.com-0073-2016Redesign;en-US;636409056628684974#uorapcavkwnt1k3p3moay2s3;16755;1;0
Thesagamore.com-0112-2017Redesign;en-US;636409056629776988#guuxaapsqrtd4t420xtrcchb;32346;1;0
Thesagamore.com-0112-2017Redesign;en-US;636409056632117018#0rn05ofhdznn2epfw2lxb4br;33922;1;0
Thelodgeatwoodloch.com-0033-2015Redesign;en-US;636409056633521036#51uuf4xe2efwgzp2toy4coz0;9932;1;0
Sandpearl.com-0091-2016Redesign;en-US;636409056634301046#dc2ej5xxyyr5s1avoqqojz0j;38056;1;0
Delraysandsresort.com-0097-2016Redesign;en-US;636409056634301046#ql2lq2gp4pwwsubxqtered1z;27232;1;0
Edgewaternaples.com-0094-2016Redesign;en-US;636409056634457048#32245zmjwelizheao5pe4la0;25239;1;0
Thelodgeatwoodloch.com-0033-2015Redesign;en-US;636409056634457048#s0js0f2dx3ey5m1fzmysyzz3;8379;1;0
Lakeplacidlodge.com-0105-2017Redesign;en-US;636409056634769052#rgh0pzo4i253t2bx00qxpgna;28545;1;0
Delraysandsresort.com-0097-2016Redesign;en-US;636409056634769052#mfmz3wze53fsvgl1vuqawo12;27232;1;0
Broadmoor.com-0073-2016Redesign;en-US;636409056635237058#u342hshpos0wpzgcpylvofrg;16721;1;0
Cendyn.com-0095-2016Redesign;en-US;636409056638669102#3wf1ekcgulcaskzlaanzgy2j;26640;1;0
Cendyn.com-0095-2016Redesign;en-US;636409056642257148#x5ysupgtqbwpoulitpoybjms;26640;1;0
Sandpearl.com-0091-2016Redesign;en-US;636409056643661166#n0hkbsvqimzjshvned2ezh4g;22481;1;0
Abbingtonbanquets.com-0070-2016Redesign;en-US;636409056645065184#45ixpancng2jls4oiri0c53x;15790;1;0
Bocatrans.com-0082-2016Redesign;en-US;636409056645065184#wq0l1puwsfrnvlb3vjcmmi1i;19758;1;0
Treasureislandbeachresort.com-0089-2016Redesign;en-US;636409056645221186#2prep53tgbtbyogyprgmflo0;38057;1;0
Glencovemansion.com-0058-2015Redesign;en-US;636409056645221186#ldnbv0gyjwomkptehl4mrdyd;13328;1;0
Washingtoncourthotel.com-0076-2016Redesign;en-US;636409056645221186#pkaavempg5s1gqp0wcog5u4e;17858;1;0
Broadmoor.com-0073-2016Redesign;en-US;636409056645377188#d4sceyu3lidg4j31ybhxithz;38059;1;0
Meateatery.com-0080-2016Redesign;en-US;636409056645377188#lktc4whw1fzluyj45mcoliw5;18505;1;0
Lakeplacidlodge.com-0105-2017Redesign;en-US;636409056645533190#xikhjfsuo1iyltuphkyybvhu;39238;1;0
Texturefoodanddrink.com-0067-2016Redesign;en-US;636409056645533190#zrbvjlofsnle3qsx4zrpafp1;15452;1;0
Oxfordclubspa.com-0068-2016Redesign;en-US;636409056645533190#w3tlq40dtfwdcqblpug0lzev;15568;1;0
Naiaresortandspa.com-0077-2016Redesign;en-US;636409056645533190#i0j1neprulwwsg5fdoslgiba;20455;1;0
Thesagamore.com-0112-2017Redesign;en-US;636409056646157198#k21yyqgww1k4dh5dkdpkwejw;33471;1;0
theweststreethotel.com-0115-2017Redesign;en-US;636409056646469202#z5tlaqly1f4ol2a4i3df4xrs;36683;1;0
Samosetresort.com-0113-2017Redesign;en-US;636409056647093210#tmaqi3ey54dz4lb1ubpvsxiq;32541;1;0
Edgewaternaples.com-0094-2016Redesign;en-US;636409056650057248#32245zmjwelizheao5pe4la0;25239;1;0
Napavalleymarriott.com-0071-2016Redesign;en-US;636409056650993260#s2v1alhhbrc1nyhhgvh0pn12;16442;1;0
Broadmoor.com-0073-2016Redesign;en-US;636409056651149262#uitz23d5jzcs0sbgxzaiglds;16760;1;0
Broadmoor.com-0073-2016Redesign;en-US;636409056651617268#uorapcavkwnt1k3p3moay2s3;16756;1;0
Ecommerce.saddlebrook.com-0028-2014ShoppingCart;en-US;636409056657077338#ma5h5z0efd3pbohjpfknccen;6316;1;0
Ecommerce.saddlebrook.com-0028-2014ShoppingCart;en-US;636409056657233340#euvy44yz5akbv0oraiaxlnvh;6316;1;0
Thelodgeatwoodloch.com-0033-2015Redesign;en-US;636409056657701346#coljmoulmc34lrqzyfyl21c1;9526;1;0
Marriottkeylargo.com-0015-2014Redesign;en-US;636409056657857348#kwjyvqzmj5t2fevvqonf1rcu;4002;1;0
Broadmoor.com-0073-2016Redesign;en-US;636409056659105364#nvd2vuuwwufz114powxwvooa;16721;1;0
Broadmoor.com-0073-2016Redesign;en-US;636409056660821386#3h4qeedlqonppbppde3d4ox0;16721;1;0
Longboatkeyclub.com-0104-2017Redesign;en-US;636409056660821386#miahvkqtr4trsorrjoogm13h;28317;1;0
Broadmoor.com-0073-2016Redesign;en-US;636409056664253430#nvd2vuuwwufz114powxwvooa;16721;1;0
wentworthcom00212014redesign;en-US;636409056664253430#wu4io32t31oo1b2iqnbc0iyh;4415;1;0
Lakeplacidlodge.com-0105-2017Redesign;en-US;636409056664253430#nop1o0opqm1tw152ez2wz0pa;32932;1;0
Theoxfordhotel.com-0062-2015Redesign;en-US;636409056664721436#kjtkhmanaysqtnedyw1bwpx2;14325;1;0
Thecrawfordhotel.com-0074-2016Redesign;en-US;636409056664721436#5foo4mkya2fqdzqqe1oyzq2h;17145;1;0
Hhotellosangeles.com-0118-2017Redesign;en-US;636409056664721436#zcwsbiz5h5gpat0imbmrd0ls;35289;1;0
Degreerestaurant.com-0056-2015Redesign;en-US;636409056664721436#ax3gchms2w3k1ndkbhpox4lu;11598;1;0
Napavalleymarriott.com-0071-2016Redesign;en-US;636409056664877438#xna2ho5wjbprfmxtzazwqkvl;16432;1;0
Thecurtis.com-0079-2016Redesign;en-US;636409056664877438#tzmhswzwipe1ko4il41d0eaf;17981;1;0
Zotabeachresort.com-0090-2016Redesign;en-US;636409056665033440#laep2l0g11e3wujzvbvkakoj;38058;1;0
Assuranceoperations.com-0065-2015Redesign;en-US;636409056665033440#xdpfebkx2qww2vuvrqgvpgq3;15263;1;0
Bluebirch.com-0072-2016Redesign;en-US;636409056665033440#m152whdnbwftrrymzpqyz5sq;16693;1;0
Halcyonhotelcherrycreek.com-0061-2015Redesign;en-US;636409056665033440#vrtgpinnca4b1ej3ziotxcnr;22121;1;0
Jupiterbeachresort.com-0103-2017Redesign;en-US;636409056665189442#0hg5m4q3cjchasz2lvdb3yh0;38052;1;0
Cendyn.com-0095-2016Redesign;en-US;636409056665189442#kialpvcz3kppmb3lzeuwvvjk;26640;1;0
Lidobeachresort.com-0106-2017Redesign;en-US;636409056665189442#efahbqojczcf1cxyxatuohrt;38053;1;0
Passport.lehotels.com-0069-2016BlogRedesign;en-US;636409056665345444#gafpvmlwmvojuatktroeuy1s;41068;1;0
Opalsands.com-0084-2016Redesign;en-US;636409056665345444#j0kykzmxp3zjebuctlcuxaph;38055;1;0
Samosetresort.com-0113-2017Redesign;en-US;636409056665345444#jluotpxuy1j1d145xjrqw2qf;40334;1;0
Hospitalityupgrade.com-0093-2016Redesign;en-US;636409056665501446#xihkovvuo0yfchkfmckbktt1;25405;1;0
Longboatkeyclub.com-0104-2017Redesign;en-US;636409056665501446#rjhkceha0a524pwxrvye1rdf;38054;1;0
Jbdukehotel.com-0086-2016Redesign;en-US;636409056665501446#qg4zg0rxsosbgzmmkhdq0cyw;21918;1;0
Cendyn.com-0095-2016Redesign;en-US;636409056665657448#2wvlzzi3mqwbgjpeq5ns1idg;26640;1;0
Cendyn.com-0095-2016Redesign;en-US;636409056665657448#gww45mqgltzmvwokiov52hei;26640;1;0
Beverlyhillsresidenceinn.com-0087-2016Redesign;en-US;636409056665657448#2cx4o20wjwdutlxq5zlryinx;20999;1;0
Galthouse.com-0042-2015Redesign;en-US;636409056665813450#dineweldarnmwsrmyy10us1b;38060;1;0
Chrco.com-0107-2017Redesign;en-US;636409056665813450#yuj3321wzjcjaynlmfxpebwd;29280;1;0
Luxehotels.com-0078-2016Redesign;en-US;636409056665813450#wfpzhysui1wiujlqhfymz2bp;18805;1;0
Thesagamore.com-0112-2017Redesign;en-US;636409056665813450#ulafb0zpcmdxfgvhxjrjydou;39241;1;0
Homewoodsuiteslax.com-0110-2017Redesign;en-US;636409056665969452#ksb12dq4si1v4502wrwk1wl3;30747;1;0
Edgewaternaples.com-0094-2016Redesign;en-US;636409056665969452#dedsk2mrfnsrug531tyti2fy;38051;1;0
Sandylane.com-0075-2016Redesign;en-US;636409056665969452#dn1k1tm3yl2nxkqxmshwh3tg;17611;1;0
Delraysandsresort.com-0097-2016Redesign;en-US;636409056665969452#cl3s5mcn5fx54j5fxtexu1r3;38049;1;0
Theharborsidehotel.com-0114-2017Redesign;en-US;636409056665969452#kp33dlxpupmj4jwgu2tor1sn;40403;1;0
Abbingtonbanquets.com-0070-2016Redesign;en-US;636409056666437458#vyvbwergqlhxqy4oexw4hsbm;15789;1;0
Broadmoor.com-0073-2016Redesign;en-US;636409056668465484#3h4qeedlqonppbppde3d4ox0;16721;1;0
Broadmoor.com-0073-2016Redesign;en-US;636409056670025504#3h4qeedlqonppbppde3d4ox0;16721;1;0
Hospitalityupgrade.com-0093-2016Redesign;en-US;636409056670337508#necvvf5xoajy1jce5nhvykrb;22790;1;0
Lidobeachresort.com-0106-2017Redesign;en-US;636409056671741526#4d4sz5krnvfohhhukj0lplkx;28666;1;0
Luxehotels.com-0078-2016Redesign;en-US;636409056673925554#prghvtdkh0lfyp305pc25clw;18805;1;0
Monarchbeachresort.com-0092-2016Redesign;en-US;636409056674549562#gqs1j1de4clle032pzc0a45j;23492;1;0
Broadmoor.com-0073-2016Redesign;en-US;636409056675329572#4dyk3axyzzn0scak1djriych;16721;1;0
theweststreethotel.com-0115-2017Redesign;en-US;636409056677201596#ogukfm3crcjd55qg2dk0koo5;36718;1;0
Galthouse.com-0042-2015Redesign;en-US;636409056677201596#bwftjotzo2kypn2hm15o4ao0;31905;1;0
Luxehotels.com-0078-2016Redesign;en-US;636409056680945644#rzy0wys5gnm2pgo0yfnsvo5r;18805;1;0
saddlebrook.com-0011-2014Redesign;en-US;636409056681725654#4hcjwlujkzc0w2bqfkjrzh2j;3456;1;0
Secretharbourvi.com-0040-2015Redesign;en-US;636409056682973670#qthqcoxjwazt3ftcmhjm03am;9231;1;0
Sandpearl.com-0091-2016Redesign;en-US;636409056684221686#v5fydzygpz5lj1cm24t2dbj2;38056;1;0
Secretharbourvi.com-0040-2015Redesign;en-US;636409056685625704#qthqcoxjwazt3ftcmhjm03am;9231;1;0
theweststreethotel.com-0115-2017Redesign;en-US;636409056686249712#z5tlaqly1f4ol2a4i3df4xrs;36683;1;0
Longboatkeyclub.com-0104-2017Redesign;en-US;636409056687653730#lecnugqju3rlbfsmvawlemz1;28316;1;0
Cendyn.com-0095-2016Redesign;en-US;636409056688589742#upf01gcl5kmjgzsfvqbvfkdl;26640;1;0
Monarchbeachresort.com-0092-2016Redesign;en-US;636409056690929772#zfeccpoxq2ogzcb4q4im4sgj;22725;1;0
Cendyn.com-0095-2016Redesign;en-US;636409056692333790#am1wq0sgplb2wsehwwaspjox;26640;1;0
Lakeplacidlodge.com-0105-2017Redesign;en-US;636409056693269802#yvkoid3f4pigfeu124u5r52h;28545;1;0
Hospitalityupgrade.com-0093-2016Redesign;en-US;636409056693425804#cnv3lhhs1qdrqy1bdfz30g1w;25405;1;0
Lakeplacidlodge.com-0105-2017Redesign;en-US;636409056693893810#oka2ls5ipyn3bri0ajqicu0n;28545;1;0
Broadmoor.com-0073-2016Redesign;en-US;636409056694829822#5x2u0fttkse30dvbzzkib5rr;16724;1;0
Bocatrans.com-0082-2016Redesign;en-US;636409056695141826#xibryql3vz3kncfholr4mjpe;19758;1;0
Glencovemansion.com-0058-2015Redesign;en-US;636409056695141826#5rqqgf1yzevhwvwm0fdjfvos;13328;1;0
Washingtoncourthotel.com-0076-2016Redesign;en-US;636409056695141826#3mksmo3qrlwj23wwoqrpgrd0;17858;1;0
Meateatery.com-0080-2016Redesign;en-US;636409056695141826#tej2m5ydnrr2xbbfsvbkoers;18505;1;0
Naiaresortandspa.com-0077-2016Redesign;en-US;636409056695297828#bgrcrdx4izkw0ycory4q4vd0;20455;1;0
Texturefoodanddrink.com-0067-2016Redesign;en-US;636409056695297828#jknbvsa5wkcwh3yggginwxup;15452;1;0
Oxfordclubspa.com-0068-2016Redesign;en-US;636409056695297828#zchrgilf3axpsmlc4nppgc4v;15568;1;0
Lakeplacidlodge.com-0105-2017Redesign;en-US;636409056695453830#c1lpixhbu2rtufb15gt5urfw;39238;1;0
Treasureislandbeachresort.com-0089-2016Redesign;en-US;636409056695453830#ju5pfqkisvsg4ehmm5mrrddg;38057;1;0
Broadmoor.com-0073-2016Redesign;en-US;636409056695609832#emswfmkfeemaknqbe5lgpkv5;38059;1;0
Hospitalityupgrade.com-0093-2016Redesign;en-US;636409056696545844#4o4j0agbx23mhrs2mxi2yefa;37631;1;0
Broadmoor.com-0073-2016Redesign;en-US;636409056699041876#5x2u0fttkse30dvbzzkib5rr;16724;1;0
Thesagamore.com-0112-2017Redesign;en-US;636409056701849912#bhtypewfgktxptfcihy33h3b;33457;1;0
theweststreethotel.com-0115-2017Redesign;en-US;636409056703253930#ixblgrtzhzonfuswoufres55;36683;1;0
Hospitalityupgrade.com-0093-2016Redesign;en-US;636409056705905964#lhvf0vgceedl23heh02jr05z;25405;1;0
Thesagamore.com-0112-2017Redesign;en-US;636409056707777988#wdv0mnbclphyqszdwea2wwwx;32339;1;0
theweststreethotel.com-0115-2017Redesign;en-US;636409056708714000#z10w3ny23mwqsn4g5gnjd5wq;36700;1;0
Hi-nyc.com-0108-2017Redesogm;en-US;636409056710586024#5moaqg4edueu0qozgfmgtmrj;30080;1;0
Longboatkeyclub.com-0104-2017Redesign;en-US;636409056710898028#lecnugqju3rlbfsmvawlemz1;35641;1;0
Thesagamore.com-0112-2017Redesign;en-US;636409056712146044#w5waglneurwte1eeayy3zzap;33921;1;0
Hospitalityupgrade.com-0093-2016Redesign;en-US;636409056712926054#necvvf5xoajy1jce5nhvykrb;22790;1;0
Hhotellosangeles.com-0118-2017Redesign;en-US;636409056714954080#s5jwdepvuwlmlx3shlpryk2i;35289;1;0
Degreerestaurant.com-0056-2015Redesign;en-US;636409056714954080#rgd1lkq3qtt1nirmrt0kbunp;11598;1;0
Napavalleymarriott.com-0071-2016Redesign;en-US;636409056714954080#xrvkogpb1uxqidp2n4nxkuvb;16432;1;0
Thecrawfordhotel.com-0074-2016Redesign;en-US;636409056714954080#xykkkfurtuiia1ze3ki2a4kl;17145;1;0
Theoxfordhotel.com-0062-2015Redesign;en-US;636409056714954080#41f42mubvwfz3xnfda5jgcqu;14325;1;0
Bluebirch.com-0072-2016Redesign;en-US;636409056715110082#tkqv423qr04wa5ua222v4m2w;16693;1;0
Opalsands.com-0084-2016Redesign;en-US;636409056715110082#qyeentwjyvqjdp0dv150hk2t;38055;1;0
Samosetresort.com-0113-2017Redesign;en-US;636409056715110082#ag25io2qad5kreme0qrm4ohg;40334;1;0
Halcyonhotelcherrycreek.com-0061-2015Redesign;en-US;636409056715110082#swx4pk3llqxjdbjs35qoqbo5;22121;1;0
Passport.lehotels.com-0069-2016BlogRedesign;en-US;636409056715266084#4w53z4qckwekqhgfuxtqxzhn;41068;1;0
Longboatkeyclub.com-0104-2017Redesign;en-US;636409056715266084#xcfsh4wd35l5ofdwvuv021x5;38054;1;0
Jbdukehotel.com-0086-2016Redesign;en-US;636409056715266084#owxgfiow0rhixl2pf0vn2zam;21918;1;0
Thecurtis.com-0079-2016Redesign;en-US;636409056715266084#gw0gk2mzaqaxjwnuttnee5cb;17981;1;0
Luxehotels.com-0078-2016Redesign;en-US;636409056715266084#z5wtlsheqbu1tfzwufrjg2ef;18805;1;0
Zotabeachresort.com-0090-2016Redesign;en-US;636409056715422086#gxr1zpp4vlzlbfs1unbuofek;38058;1;0
Jupiterbeachresort.com-0103-2017Redesign;en-US;636409056715422086#ishifunpucthbpzhvbkk1t0o;38052;1;0
Homewoodsuiteslax.com-0110-2017Redesign;en-US;636409056715422086#gxtydqsxvfbfh5rkt4da1vuu;30747;1;0
Thesagamore.com-0112-2017Redesign;en-US;636409056715422086#sgkwr2mofyxp3dfa3bvgy223;39241;1;0
Galthouse.com-0042-2015Redesign;en-US;636409056715422086#nyfj2wviz5i245qghnapld5i;38060;1;0
Chrco.com-0107-2017Redesign;en-US;636409056715578088#dwxdtucaxthubtvvfgjs1xqh;29280;1;0
Sandylane.com-0075-2016Redesign;en-US;636409056715578088#nptklbgw2navlckbvltcfyuw;17611;1;0
Delraysandsresort.com-0097-2016Redesign;en-US;636409056715578088#0dgogwdj3lejoouxuppk4czh;38049;1;0
Lidobeachresort.com-0106-2017Redesign;en-US;636409056715578088#pwckxbqqvxri5ldnyri2vzfw;38053;1;0
Hospitalityupgrade.com-0093-2016Redesign;en-US;636409056715578088#em2q1cgw5daliemfgd441knw;25405;1;0
Cendyn.com-0095-2016Redesign;en-US;636409056715734090#mhyocqkr1100muzxhaurd54g;26640;1;0
Theharborsidehotel.com-0114-2017Redesign;en-US;636409056715734090#vraubd5lwtbeocrytbhqhtxf;40403;1;0
Beverlyhillsresidenceinn.com-0087-2016Redesign;en-US;636409056715734090#le1lksx3clsiin4jgdarrhzx;20999;1;0
Abbingtonbanquets.com-0070-2016Redesign;en-US;636409056715734090#qplhbl3iuspqfrpw2jnl5ubg;15789;1;0
Cendyn.com-0095-2016Redesign;en-US;636409056715890092#oelgrgupkls1eugb231yf1zo;26640;1;0
Assuranceoperations.com-0065-2015Redesign;en-US;636409056715890092#vpf0nvdj5wjvll3mr3ezfztr;15263;1;0
Cendyn.com-0095-2016Redesign;en-US;636409056715890092#zzzheii3lpywnqewaedzbmc3;26640;1;0
Edgewaternaples.com-0094-2016Redesign;en-US;636409056717294110#2w5stpo4dvnkatdj04zzyjlr;38051;1;0
Broadmoor.com-0073-2016Redesign;en-US;636409056717918118#o2dex1nils4m2bbe1kaexy4h;16721;1;0
Monarchbeachresort.com-0092-2016Redesign;en-US;636409056718854130#z4ihwauk5hy4m2s420pvtanm;22725;1;0
Thesagamore.com-0112-2017Redesign;en-US;636409056719322136#4ke52zunchyswtxy4atc5cxh;32391;1;0
theweststreethotel.com-0115-2017Redesign;en-US;636409056719478138#4an55t40wf1ax0k5y1nkh1fk;36684;1;0
Theharborsidehotel.com-0114-2017Redesign;en-US;636409056719478138#pskjnixpmyyjyqwlkppsyleb;37571;1;0
Broadmoor.com-0073-2016Redesign;en-US;636409056719634140#clslkuzemxahrnsavlmd0eho;16721;1;0
Broadmoor.com-0073-2016Redesign;en-US;636409056719790142#stgp3xuwzkomqj4o0rmfvdp3;16721;1;0
Thesagamore.com-0112-2017Redesign;en-US;636409056720102146#ymecre34ufo4vhmbvclz3r1p;33449;1;0
Theharborsidehotel.com-0114-2017Redesign;en-US;636409056721194160#m1hwftfmo3n3ndbxc4ew40dd;37571;1;0
Thecrawfordhotel.com-0074-2016Redesign;en-US;636409056721818168#ptoz1ou2b1xuu2lzbdrirnou;17145;1;0
Lidobeachresort.com-0106-2017Redesign;en-US;636409056722286174#ytttwef5xaucewnivihdgll1;28682;1;0
Hospitalityupgrade.com-0093-2016Redesign;en-US;636409056728214250#ofaccomrthou3rjfdexo3scp;41423;1;0
Oxfordclubspa.com-0068-2016Redesign;en-US;636409056728526254#4z0gtibh24imvm5kgecqdvdv;15568;1;0
Cphollywoodbeach.com-0032-2015Redesign;en-US;636409056731022286#dellwunmlsyfngqtwoyasyme;7831;1;0
theweststreethotel.com-0115-2017Redesign;en-US;636409056731178288#zveixp3qsxe0egvy2khhgt3h;37424;1;0
Lidobeachresort.com-0106-2017Redesign;en-US;636409056733518318#ytttwef5xaucewnivihdgll1;28682;1;0
Sandpearl.com-0091-2016Redesign;en-US;636409056734142326#wjnuoicut4vnv4cwa2byjy0w;38056;1;0
Oxfordclubspa.com-0068-2016Redesign;en-US;636409056735390342#ixqusoptgo13rdsn5cppgpg0;15599;1;0
theweststreethotel.com-0115-2017Redesign;en-US;636409056736326354#zevn40eznwb34ws3fb2bpscb;36696;1;0
Zotabeachresort.com-0090-2016Redesign;en-US;636409056738042376#evrrbmug53xyleiyz1cxnwb2;22357;1;0
Treasureislandbeachresort.com-0089-2016Redesign;en-US;636409056738354380#ipxr2eksd4ilkqsg3wgmrihw;22169;1;0
Treasureislandbeachresort.com-0089-2016Redesign;en-US;636409056738510382#b5dkzziccw2e5y0jzhix11db;22169;1;0
Cendyn.com-0095-2016Redesign;en-US;636409056738666384#puyqymxrq23sl3rbpoelad1l;26640;1;0
Zotabeachresort.com-0090-2016Redesign;en-US;636409056740226404#f5pqijcsfi3yjwbynndvnw03;22357;1;0
Jupiterbeachresort.com-0103-2017Redesign;en-US;636409056740382406#xzk33jfp3sxgandubvxelziw;28158;1;0
Zotabeachresort.com-0090-2016Redesign;en-US;636409056740382406#avohh5dpywac4lmuynvrfhyf;22357;1;0
Sandpearl.com-0091-2016Redesign;en-US;636409056740538408#tu4ktczlvxc2vcnwaryc4cke;22481;1;0
Opalsands.com-0084-2016Redesign;en-US;636409056740694410#t0ywelcgv4o52mbtahx154sl;20171;1;0
Lidobeachresort.com-0106-2017Redesign;en-US;636409056740694410#khuw5zhtqbp3ghc4q4um321k;28666;1;0
Jupiterbeachresort.com-0103-2017Redesign;en-US;636409056741162416#d5jqjm1yb5bchqij4c2mjxcd;28158;1;0
Longboatkeyclub.com-0104-2017Redesign;en-US;636409056741318418#331ujmxc1tatrv3vk0tht0hd;28316;1;0
Lidobeachresort.com-0106-2017Redesign;en-US;636409056741474420#eivpqwo1jnpkm0ltpfh4p2sc;28666;1;0
Sandpearl.com-0091-2016Redesign;en-US;636409056741630422#2wivqc2koczr4sy4eq24w3pa;22481;1;0
Opalsands.com-0084-2016Redesign;en-US;636409056741630422#ik43zw1l2zx0ckenvsxnp0d1;20171;1;0
Jupiterbeachresort.com-0103-2017Redesign;en-US;636409056742098428#cfjrzheorqblifq5teb1ci4q;28158;1;0
Jupiterbeachresort.com-0103-2017Redesign;en-US;636409056742254430#xzp32wovsbdz3djjllxaanft;28158;1;0
Cendyn.com-0095-2016Redesign;en-US;636409056742254430#wtogy1n3irxbdh3iorw0gu1s;26640;1;0
Sandpearl.com-0091-2016Redesign;en-US;636409056742566434#ihbvllurmxpvunu3jb5uqy0m;22481;1;0
Lidobeachresort.com-0106-2017Redesign;en-US;636409056742722436#3ftr4fv3cslb24mbvxhvp0bg;28666;1;0
Opalsands.com-0084-2016Redesign;en-US;636409056742722436#efquibacutab4tb3d3vavxnm;20171;1;0
Lidobeachresort.com-0106-2017Redesign;en-US;636409056743814450#1mawdthrl1tcllir1nmhbopg;28666;1;0
Thesagamore.com-0112-2017Redesign;en-US;636409056743814450#pi002cljyifua5x1qph0elu4;33538;1;0
Lakeplacidlodge.com-0105-2017Redesign;en-US;636409056744126454#pa31kk1tu3xabm3vu4zyap4i;32805;1;0
Lidobeachresort.com-0106-2017Redesign;en-US;636409056744750462#43ntwcgixbhqu33mq1jiqpah;28666;1;0
theweststreethotel.com-0115-2017Redesign;en-US;636409056744906464#cvtdwk0toywcpw3zhf04p5pz;37425;1;0
Glencovemansion.com-0058-2015Redesign;en-US;636409056745062466#sldaxturehag2ftof3xafgj4;13328;1;0
Meateatery.com-0080-2016Redesign;en-US;636409056745062466#jkpplb1sv5bttq1efw4kk0nr;18505;1;0
Texturefoodanddrink.com-0067-2016Redesign;en-US;636409056745062466#zk2y3bqrxop1zu5qm4riswer;15452;1;0
Broadmoor.com-0073-2016Redesign;en-US;636409056745218468#3osna5okmnes30xa3nh5lt4g;38059;1;0
Oxfordclubspa.com-0068-2016Redesign;en-US;636409056745218468#qmgzcucorcgelhfxrict20ks;15568;1;0
Washingtoncourthotel.com-0076-2016Redesign;en-US;636409056745374470#ncfizbp2w3tkgvqo35qzbquo;17858;1;0
Bocatrans.com-0082-2016Redesign;en-US;636409056745374470#sr0vnhbi2fjjtvw0nbtaz4i2;19758;1;0
Naiaresortandspa.com-0077-2016Redesign;en-US;636409056745530472#zh5av3ktnovnkmlotiiq3ho1;20455;1;0
Lakeplacidlodge.com-0105-2017Redesign;en-US;636409056745530472#aknj3fimb5g0alilsba5qhi1;39238;1;0
Treasureislandbeachresort.com-0089-2016Redesign;en-US;636409056745530472#adiokz0uk1l3gxpd3xaqnjjv;38057;1;0
Broadmoor.com-0073-2016Redesign;en-US;636409056746778488#ppnsddbvgunohrhtlirn1vnk;16721;1;0
Opalsands.com-0084-2016Redesign;en-US;636409056750990542#25x3opzm0dm2ynpywlo1am5h;20171;1;0
Thesagamore.com-0112-2017Redesign;en-US;636409056750990542#zsr4eqvhynb5xdf5mmxgl2mh;32339;1;0
theweststreethotel.com-0115-2017Redesign;en-US;636409056753642576#znlqjw1vwz1bpqhhxcy0xak5;37426;1;0
Oxfordclubspa.com-0068-2016Redesign;en-US;636409056754110582#ixqusoptgo13rdsn5cppgpg0;15568;1;0
Theloganhotel.com-0043-2015Redesign;en-US;636409056756294610#5s01jdxavjr0hft5hha0ipii;18416;1;0
Oxfordclubspa.com-0068-2016Redesign;en-US;636409056759414650#ixqusoptgo13rdsn5cppgpg0;15568;1;0
Broadmoor.com-0073-2016Redesign;en-US;636409056760350662#yzexl2yhy3cq5h5pbewiib0t;16721;1;0
Samosetresort.com-0113-2017Redesign;en-US;636409056760506664#fvkxepjhrvarm2b4ci3hzfxx;32541;1;0
Thelodgeatwoodloch.com-0033-2015Redesign;en-US;636409056760662666#51uuf4xe2efwgzp2toy4coz0;9801;1;0
Hospitalityupgrade.com-0093-2016Redesign;en-US;636409056761910682#rs3z2yrpakr2awzeth0nvkpa;37631;1;0
theweststreethotel.com-0115-2017Redesign;en-US;636409056762222686#k5sqbstndy1ke2zar2gmjfhr;37428;1;0
Hospitalityupgrade.com-0093-2016Redesign;en-US;636409056764406714#y1keeth00bl5aymabaixbwo0;25405;1;0
Bluebirch.com-0072-2016Redesign;en-US;636409056764718718#eetjyagnjrurrxbrtzjusdp4;16693;1;0
Beverlyhillsresidenceinn.com-0087-2016Redesign;en-US;636409056764718718#znawpo3hntvde2flxcq4ty15;20999;1;0
Passport.lehotels.com-0069-2016BlogRedesign;en-US;636409056764874720#1syvcbglalgnjim2iaqhx03a;41068;1;0
Opalsands.com-0084-2016Redesign;en-US;636409056764874720#3naafthawaduvskdqm1olpcq;38055;1;0
Thecrawfordhotel.com-0074-2016Redesign;en-US;636409056764874720#ooj5f53htbjbghbzfvbwiuoq;17145;1;0
Sandylane.com-0075-2016Redesign;en-US;636409056764874720#mx3x0hckpm5tflvz5umt4rcs;17611;1;0
Jupiterbeachresort.com-0103-2017Redesign;en-US;636409056764874720#zzh4jr0v3fg1r0xmkm2rpigb;38052;1;0
Theharborsidehotel.com-0114-2017Redesign;en-US;636409056764874720#0f3cfqfvyohpesns3gqyykcb;40403;1;0
Luxehotels.com-0078-2016Redesign;en-US;636409056765030722#10hkj4bwa2cxulnafq0xnznm;18805;1;0
Hhotellosangeles.com-0118-2017Redesign;en-US;636409056765186724#w3nkbnfwzqheychsaibku2dg;35289;1;0
Delraysandsresort.com-0097-2016Redesign;en-US;636409056765342726#e55gtxrttcrnzt4smyw1lpmf;38049;1;0
Galthouse.com-0042-2015Redesign;en-US;636409056765342726#3gddzvr0xuyck55agcs0npcn;38060;1;0
Longboatkeyclub.com-0104-2017Redesign;en-US;636409056765342726#xgzlavez5npgnp3i51ny5vi3;38054;1;0
Homewoodsuiteslax.com-0110-2017Redesign;en-US;636409056765342726#kzcdmq5fg4hk0uunnjizsd4i;30747;1;0
Degreerestaurant.com-0056-2015Redesign;en-US;636409056765342726#fmpv5bfn3zceyxu1jxfmkxt5;11598;1;0
Cendyn.com-0095-2016Redesign;en-US;636409056765498728#p3bb3ciaunj421bfwpb1xowf;26640;1;0
Jbdukehotel.com-0086-2016Redesign;en-US;636409056765498728#cesq5kufxo3auxtsj1am04yg;21918;1;0
Thecurtis.com-0079-2016Redesign;en-US;636409056765654730#clad1azqtwpbykcucnex10e1;17981;1;0
Halcyonhotelcherrycreek.com-0061-2015Redesign;en-US;636409056765654730#uqmmg3zdbwda5sxshl5qon1a;22121;1;0
Zotabeachresort.com-0090-2016Redesign;en-US;636409056765810732#fbjoqja3eyawagojjj25vhkg;38058;1;0
Hospitalityupgrade.com-0093-2016Redesign;en-US;636409056765810732#iarg4vf3prlgjkfe3vv0hnku;25405;1;0
Assuranceoperations.com-0065-2015Redesign;en-US;636409056765810732#mzkjsgrm2m3la502mu4r4zln;15263;1;0
Chrco.com-0107-2017Redesign;en-US;636409056765810732#gwchm4qblowfeejxxoaqzbzo;29280;1;0
Abbingtonbanquets.com-0070-2016Redesign;en-US;636409056765810732#4qkwywmg5fcaczvtpg1cstp0;15789;1;0
Theoxfordhotel.com-0062-2015Redesign;en-US;636409056765966734#qf2hikb3c0wze40jto441kms;14325;1;0
Edgewaternaples.com-0094-2016Redesign;en-US;636409056765966734#a2c2fzkulzlslh5ekxlr3p3a;38051;1;0
Cendyn.com-0095-2016Redesign;en-US;636409056765966734#ovpzsidj245r2ohzxjpdsypc;26640;1;0
Napavalleymarriott.com-0071-2016Redesign;en-US;636409056766122736#q3h2a20akmfkc34u2eegsek1;16432;1;0
Oxfordclubspa.com-0068-2016Redesign;en-US;636409056766434740#4z0gtibh24imvm5kgecqdvdv;15568;1;0
Samosetresort.com-0113-2017Redesign;en-US;636409056766902746#aq0gwvhx4yuevy0wg2pr04a3;40334;1;0
Thesagamore.com-0112-2017Redesign;en-US;636409056766902746#tb0rj1vhqmaekxq3ib3iit0b;39241;1;0
Cendyn.com-0095-2016Redesign;en-US;636409056766902746#0zt5ndfia3ajtbixnz1oo25t;26640;1;0
Lidobeachresort.com-0106-2017Redesign;en-US;636409056766902746#dum5obvo5zfahhlnporhqolo;38053;1;0
Samosetresort.com-0113-2017Redesign;en-US;636409056768930772#fvkxepjhrvarm2b4ci3hzfxx;32541;1;0
Hospitalityupgrade.com-0093-2016Redesign;en-US;636409056769086774#y1keeth00bl5aymabaixbwo0;25405;1;0
Longboatkeyclub.com-0104-2017Redesign;en-US;636409056769242776#wnp3yvgzdxupqacwjfduybsc;35641;1;0
Oxfordclubspa.com-0068-2016Redesign;en-US;636409056769710782#4z0gtibh24imvm5kgecqdvdv;15568;1;0
Edgewaternaples.com-0094-2016Redesign;en-US;636409056769866784#32245zmjwelizheao5pe4la0;25239;1;0
Oxfordclubspa.com-0068-2016Redesign;en-US;636409056769866784#4z0gtibh24imvm5kgecqdvdv;15568;1;0
theweststreethotel.com-0115-2017Redesign;en-US;636409056770022786#wwpbdzti5j4dcdhkmnsgt3qj;36726;1;0
Samosetresort.com-0113-2017Redesign;en-US;636409056770490792#fvkxepjhrvarm2b4ci3hzfxx;32541;1;0
Oxfordclubspa.com-0068-2016Redesign;en-US;636409056772362816#4z0gtibh24imvm5kgecqdvdv;15568;1;0
Texturefoodanddrink.com-0067-2016Redesign;en-US;636409056772830822#mvogada4agot4snku0akdeh3;15452;1;0
Thecrawfordhotel.com-0074-2016Redesign;en-US;636409056772830822#tjcnaendz3ieujvmuksq4dnk;17145;1;0
Theoxfordhotel.com-0062-2015Redesign;en-US;636409056772830822#jcehxztamcq1jdm02wrjshbv;14325;1;0
Longboatkeyclub.com-0104-2017Redesign;en-US;636409056777042876#wnp3yvgzdxupqacwjfduybsc;28316;1;0
Thesagamore.com-0112-2017Redesign;en-US;636409056778134890#3kzynkvhveylbb2oiaabt0tv;33366;1;0
Longboatkeyclub.com-0104-2017Redesign;en-US;636409056779226904#wnp3yvgzdxupqacwjfduybsc;28316;1;0
Edgewaternaples.com-0094-2016Redesign;en-US;636409056780006914#32245zmjwelizheao5pe4la0;25239;1;0
Secretharbourvi.com-0040-2015Redesign;en-US;636409056781722936#xyvrd3nt4o5ghim0e53xvtmp;9231;1;0
Thesagamore.com-0112-2017Redesign;en-US;636409056782034940#zsr4eqvhynb5xdf5mmxgl2mh;32339;1;0
Secretharbourvi.com-0040-2015Redesign;en-US;636409056782034940#fcbadazwceaugu32zvej0q44;9231;1;0
Theharborsidehotel.com-0114-2017Redesign;en-US;636409056783906964#z3ks1g0l1p1e52nqk3glov4f;37571;1;0
Sandpearl.com-0091-2016Redesign;en-US;636409056784218968#fpudu5erp2nuj1im34twzast;38056;1;0
Broadmoor.com-0073-2016Redesign;en-US;636409056784218968#yqjpwrqzh0hllrrwplqsimcd;18014;1;0
Thesagamore.com-0112-2017Redesign;en-US;636409056784530972#45czbdcp4wrkocgor4o1dfom;33455;1;0
theweststreethotel.com-0115-2017Redesign;en-US;636409056785154980#m3byzvvahutcdm4g10s4dwcd;36692;1;0
Halcyonhotelcherrycreek.com-0061-2015Redesign;en-US;636409056786558998#k5utb412mhvywkvu3kfva5be;22121;1;0
Theharborsidehotel.com-0114-2017Redesign;en-US;636409056787495010#z3ks1g0l1p1e52nqk3glov4f;37571;1;0
Broadmoor.com-0073-2016Redesign;en-US;636409056787963016#uitz23d5jzcs0sbgxzaiglds;16800;1;0
Cendyn.com-0095-2016Redesign;en-US;636409056788587024#dmid5ss35h223plx002ja0b3;26640;1;0
Thesagamore.com-0112-2017Redesign;en-US;636409056790771052#guuxaapsqrtd4t420xtrcchb;32387;1;0
Cendyn.com-0095-2016Redesign;en-US;636409056792331072#lkugpsowefztc0glx0jjfv1w;26640;1;0
Broadmoor.com-0073-2016Redesign;en-US;636409056793891092#k4iyex3l2dkrvctzuwsgryxb;16722;1;0
Lidobeachresort.com-0106-2017Redesign;en-US;636409056794203096#2qkilwtvdxpgfncthlszvojv;28714;1;0
Broadmoor.com-0073-2016Redesign;en-US;636409056794515100#zuptzvntfvmmihxjobntgf1p;16760;1;0
Naiaresortandspa.com-0077-2016Redesign;en-US;636409056795139108#pmu03n0bqdaenjkmtkivkfky;20455;1;0
Bocatrans.com-0082-2016Redesign;en-US;636409056795139108#g4miljhkmsjntdgj1bniqlc4;19758;1;0
Meateatery.com-0080-2016Redesign;en-US;636409056795139108#ekadmpatfkp5bbo1ooxhsxt2;18505;1;0
Treasureislandbeachresort.com-0089-2016Redesign;en-US;636409056795295110#zr3l3fk2rewkueoufv0rqv5v;38057;1;0
Glencovemansion.com-0058-2015Redesign;en-US;636409056795295110#sawvr3wlg24ckeomp2xhzcf2;13328;1;0
Lakeplacidlodge.com-0105-2017Redesign;en-US;636409056795295110#jdubzqvkab0u2odoxc1xybkj;39238;1;0
Oxfordclubspa.com-0068-2016Redesign;en-US;636409056795295110#ora2zyaqzkudqnracufe0v2z;15568;1;0
Texturefoodanddrink.com-0067-2016Redesign;en-US;636409056795295110#dn5o20wo1ai0oixc0mtbn1sp;15452;1;0
Broadmoor.com-0073-2016Redesign;en-US;636409056795451112#qg00rvoqxqzaq044ommuk31t;38059;1;0
Washingtoncourthotel.com-0076-2016Redesign;en-US;636409056795451112#omo0ffxgi5oftjexkvhmkrcr;17858;1;0
Lehotels.com-0049-2015Transfer;en-US;636409056797323136#2kvr2lt02qazvop2kuyi1qwp;12108;1;0
Beverlyhillsresidenceinn.com-0087-2016Redesign;en-US;636409056801067184#3e3at55tiiyxravhq1memxvp;21304;1;0
Thelodgeatwoodloch.com-0033-2015Redesign;en-US;636409056801379188#todb35x0hllf1tfkxbipq5o1;8267;1;0
Newyorkpalacemeetings.com-0045-2015Redesign;en-US;636409056808711282#cc1k15wndamjlhgj4oiytirv;9207;1;0
Thelodgeatwoodloch.com-0033-2015Redesign;en-US;636409056808711282#gdx5bi2x55zb25mroxpyzvrz;7764;1;0
Thelodgeatwoodloch.com-0033-2015Redesign;en-US;636409056809803296#s0js0f2dx3ey5m1fzmysyzz3;8346;1;0
theweststreethotel.com-0115-2017Redesign;en-US;636409056810271302#4ad0qcpjltot4gyxor5kpus0;37486;1;0
Lehotels.com-0049-2015Transfer;en-US;636409056810271302#otgniznpte1rym4134upjtsv;19455;1;0
theweststreethotel.com-0115-2017Redesign;en-US;636409056813391342#0mt0s5posia15awb3wqokymy;37487;1;0
Bluebirch.com-0072-2016Redesign;en-US;636409056814795360#bn2td2s4pdcqk1uz2ooox3xu;16693;1;0
Thecurtis.com-0079-2016Redesign;en-US;636409056814795360#mtoj4kq0ijkqsi3hc2eknfi1;17981;1;0
Chrco.com-0107-2017Redesign;en-US;636409056814795360#cohwjatdn0yfuohfhqhb13pm;29280;1;0
Zotabeachresort.com-0090-2016Redesign;en-US;636409056814795360#fq0f0snrlctpezlo5c1x4ih4;38058;1;0
Theharborsidehotel.com-0114-2017Redesign;en-US;636409056814795360#hauuhjldlkep4b3bp4ep4vdt;40403;1;0
Degreerestaurant.com-0056-2015Redesign;en-US;636409056814795360#diye0oquebmsha4aslu2iaqy;11598;1;0
Longboatkeyclub.com-0104-2017Redesign;en-US;636409056814951362#fex1bsxxytjjcdacdrkhwwgg;38054;1;0
Thecrawfordhotel.com-0074-2016Redesign;en-US;636409056814951362#h0tjabkasscyp4ocryixwbxo;17145;1;0
Opalsands.com-0084-2016Redesign;en-US;636409056814951362#cxuklpfkvdykyxswkaozvk15;38055;1;0
Galthouse.com-0042-2015Redesign;en-US;636409056815107364#3jkznfblfndqtudyjlrigbi5;38060;1;0
Delraysandsresort.com-0097-2016Redesign;en-US;636409056815107364#51uohpyes5cktjfksd0pasel;38049;1;0
Cendyn.com-0095-2016Redesign;en-US;636409056815263366#zoqgg5sdcl023b0f3rawnqae;26640;1;0
Hospitalityupgrade.com-0093-2016Redesign;en-US;636409056815263366#wu2oxrsemyezwfcewb1mpxd0;25405;1;0
Cendyn.com-0095-2016Redesign;en-US;636409056815263366#vzlko5p0plf1cwvf243fhddc;26640;1;0
Napavalleymarriott.com-0071-2016Redesign;en-US;636409056815419368#mobpxqqd1xpof4ajky0yjqeg;16432;1;0
Edgewaternaples.com-0094-2016Redesign;en-US;636409056815419368#r1m15neah51wbepvio30mkpc;38051;1;0
Thesagamore.com-0112-2017Redesign;en-US;636409056815419368#hruyomlrxy0rtaxr2ft1rp2t;39241;1;0
Passport.lehotels.com-0069-2016BlogRedesign;en-US;636409056815575370#itbmi5yw2lf0phs3viuwwoek;41068;1;0
Cendyn.com-0095-2016Redesign;en-US;636409056815575370#n5ngd3okljykebidstytpmew;26640;1;0
Theoxfordhotel.com-0062-2015Redesign;en-US;636409056815575370#bef2rs2mqt2d0auwo3z2yjxo;14325;1;0
Luxehotels.com-0078-2016Redesign;en-US;636409056815575370#kpkv3szwxje15akycwblg3y5;18805;1;0
Jbdukehotel.com-0086-2016Redesign;en-US;636409056815731372#3elgvssptv1xqodpmfh0lb5q;21918;1;0
Jupiterbeachresort.com-0103-2017Redesign;en-US;636409056815731372#i1tzf2vpr5dwofylmgusoxc4;38052;1;0
Lidobeachresort.com-0106-2017Redesign;en-US;636409056815731372#ndomqktbv2t5bun2ipjnpxn1;38053;1;0
Halcyonhotelcherrycreek.com-0061-2015Redesign;en-US;636409056815887374#ymdlglqhachcfc2etyxdrhp1;22121;1;0
Beverlyhillsresidenceinn.com-0087-2016Redesign;en-US;636409056815887374#0uuy4f2r1gpebva0kw3m0hpo;20999;1;0
Sandylane.com-0075-2016Redesign;en-US;636409056815887374#gnfctxalmgvpue42v4cwb1xq;17611;1;0
Samosetresort.com-0113-2017Redesign;en-US;636409056815887374#qc0fzkopp45aefqcs5aq0200;40334;1;0
Abbingtonbanquets.com-0070-2016Redesign;en-US;636409056815887374#umji4yjlklymldjyj2sfg4gd;15789;1;0
Monarchbeachresort.com-0092-2016Redesign;en-US;636409056816043376#vntu21ko2u21fqmdpd21mown;22725;1;0
Hhotellosangeles.com-0118-2017Redesign;en-US;636409056816043376#gf5yert2p4qbzeoni3pgtqts;35289;1;0
Assuranceoperations.com-0065-2015Redesign;en-US;636409056816199378#zhqms1bp5twqldie4q0exvng;15263;1;0
Homewoodsuiteslax.com-0110-2017Redesign;en-US;636409056816355380#gdeazt45ara3tphkhczp3e4z;30747;1;0
Beverlyhillsresidenceinn.com-0087-2016Redesign;en-US;636409056819163416#3e3at55tiiyxravhq1memxvp;21304;1;0
Luxehotels.com-0078-2016Redesign;en-US;636409056819787424#lrl1q1nozqcdfcz150teq4r2;19329;1;0
Treasureislandbeachresort.com-0089-2016Redesign;en-US;636409056822751462#a4cvjrtjisgr1udii2rgtpcx;22179;1;0
Lakeplacidlodge.com-0105-2017Redesign;en-US;636409056824155480#xoe4f5xwvj4ppli2qq2wwlzj;28545;1;0
Lakeplacidlodge.com-0105-2017Redesign;en-US;636409056825871502#xoe4f5xwvj4ppli2qq2wwlzj;28545;1;0
Lakeplacidlodge.com-0105-2017Redesign;en-US;636409056826651512#bjnxnhx54ps4ej05x04lltyu;28545;1;0
Springhillsuitesdenver.com-0060-2015Redesign;en-US;636409056826651512#5mya1mlkzajokhqkhotqsohp;12307;1;0
Galthouse.com-0042-2015Redesign;en-US;636409056826651512#vmrcmdokk3demxt2vyd1knxb;31905;1;0
Galthouse.com-0042-2015Redesign;en-US;636409056826807514#ih5yfvks3sfrgbdgrdknkjto;31905;1;0
theweststreethotel.com-0115-2017Redesign;en-US;636409056827587524#xtqwcwvsu3aori5d5ycbyk2l;36693;1;0
Abbingtonbanquets.com-0070-2016Redesign;en-US;636409056827587524#ybujq40fenjc5p3wm0oliduz;15789;1;0
Degreerestaurant.com-0056-2015Redesign;en-US;636409056827743526#qnr3f4eo3geklbgwqji2ti03;11598;1;0
Napavalleymarriott.com-0071-2016Redesign;en-US;636409056827899528#4r3uvcdkfrdofzppd1xxlly2;16432;1;0
Washingtoncourthotel.com-0076-2016Redesign;en-US;636409056827899528#5baly33nt0kw1ij00d20thzv;17858;1;0
Thelodgeatwoodloch.com-0033-2015Redesign;en-US;636409056829771552#51uuf4xe2efwgzp2toy4coz0;11307;1;0
Sandpearl.com-0091-2016Redesign;en-US;636409056834139608#x4lvrnbod50n4dkkjgbwasiu;38056;1;0
theweststreethotel.com-0115-2017Redesign;en-US;636409056834451612#s2cldr1xjomvoakthpvcmjrd;37489;1;0
Thelodgeatwoodloch.com-0033-2015Redesign;en-US;636409056837259648#2zsco0pz3fkrq3jtw5daqyu1;7764;1;0
Hospitalityupgrade.com-0093-2016Redesign;en-US;636409056837571652#necvvf5xoajy1jce5nhvykrb;36914;1;0
Cendyn.com-0095-2016Redesign;en-US;636409056838663666#5v0wst1xvnay1ifq3b02xx5j;26640;1;0
Cphollywoodbeach.com-0032-2015Redesign;en-US;636409056839755680#f1fefx45sbuq1bxwhbcjlbv5;7831;1;0
Broadmoor.com-0073-2016Redesign;en-US;636409056841003696#snwl5awi1kfide0vb3roa4rx;16721;1;0
Cendyn.com-0095-2016Redesign;en-US;636409056842251712#afqxcj4cbcuic2ixza01h4sd;26640;1;0
Edgewaternaples.com-0094-2016Redesign;en-US;636409056843187724#xrlbfclntnipukq54cwhjoa0;25287;1;0
Glencovemansion.com-0058-2015Redesign;en-US;636409056845059748#eqzl4tuuc2lu5ltt5dsa4ram;13328;1;0
Meateatery.com-0080-2016Redesign;en-US;636409056845059748#ik1b03aybaxjfp0ycgy3ny2y;18505;1;0
Naiaresortandspa.com-0077-2016Redesign;en-US;636409056845059748#pjigfhhgue2tdzd0gvjymnlp;20455;1;0
Texturefoodanddrink.com-0067-2016Redesign;en-US;636409056845215750#h4qva33rxgubdebzkyv4husa;15452;1;0
Bocatrans.com-0082-2016Redesign;en-US;636409056845215750#p04dyjb3yhluryvew0rjpkv2;19758;1;0
Oxfordclubspa.com-0068-2016Redesign;en-US;636409056845215750#f5rqps2fakulfz4105fsmu2t;15568;1;0
Broadmoor.com-0073-2016Redesign;en-US;636409056845371752#a0qjiiab0ukggu1atf5iuohj;38059;1;0
Washingtoncourthotel.com-0076-2016Redesign;en-US;636409056845371752#oz2y30yn1z2r5ungwxzkseuz;17858;1;0
Lakeplacidlodge.com-0105-2017Redesign;en-US;636409056845371752#xzjifelxfrc05vg4tswylcro;39238;1;0
Treasureislandbeachresort.com-0089-2016Redesign;en-US;636409056845371752#s1lzu4lborf11usqvfhd5foy;38057;1;0
Sandylane.com-0075-2016Redesign;en-US;636409056846307764#nfmel1rdsdgf03jnxexz0vpp;17686;1;0
Theloganhotel.com-0043-2015Redesign;en-US;636409056847399778#tvxnsgixfeyszluu1c4zdvho;20218;1;0
Cocokeyorlando.com-0059-2015Redesign;en-US;636409056847399778#gfq5t24jh2njtntxkgh25550;12394;1;0
Cocokeyorlando.com-0059-2015Redesign;en-US;636409056847555780#u1cmblyoqvs1bdfuoexq3sib;12394;1;0
theweststreethotel.com-0115-2017Redesign;en-US;636409056848023786#md140xgpdz23bjfsdi2mo0gk;37490;1;0
Marriottdelraybeach.com-0009-2014Redesign;en-US;636409056848803796#tknkq0mpgjfx2n2nxk1k1vkr;2829;1;0
Broadmoor.com-0073-2016Redesign;en-US;636409056850051812#zuptzvntfvmmihxjobntgf1p;16781;1;0
Theharborsidehotel.com-0114-2017Redesign;en-US;636409056855355880#ae0n2jox1m1rwv4rg4jm2pft;37571;1;0
Glencovemansion.com-0058-2015Redesign;en-US;636409056859255930#23wuaa4kfkvlwt0fus1lhux1;13328;1;0
Galthouse.com-0042-2015Redesign;en-US;636409056859411932#n2gutgutfyekcmndusorv3a5;31905;1;0
theweststreethotel.com-0115-2017Redesign;en-US;636409056859723936#plubu015hfv50ou2fhfpo01x;37491;1;0
Monarchbeachresort.com-0092-2016Redesign;en-US;636409056862531972#1tvw1owh2sw5snzvjkhcg3gp;22725;1;0
Thesagamore.com-0112-2017Redesign;en-US;636409056863623986#4ke52zunchyswtxy4atc5cxh;33572;1;0
Sandylane.com-0075-2016Redesign;en-US;636409056864403996#awcgopulzstyql024hrv0dqc;17698;1;0
Thesagamore.com-0112-2017Redesign;en-US;636409056864559998#zsr4eqvhynb5xdf5mmxgl2mh;32346;1;0
Treasureislandbeachresort.com-0089-2016Redesign;en-US;636409056864716000#5dwok2zyeofdzzxknmzbseyw;22169;1;0
Thecrawfordhotel.com-0074-2016Redesign;en-US;636409056864716000#5ycsubpc0whyod1d2firgq3s;17145;1;0
Bluebirch.com-0072-2016Redesign;en-US;636409056864716000#ua1uv3o3zwsybpmvqbtunlv2;16693;1;0
Samosetresort.com-0113-2017Redesign;en-US;636409056864716000#bmeszrb4fefmxgkpzkh3qvdt;40334;1;0
Lidobeachresort.com-0106-2017Redesign;en-US;636409056864872002#cjz2memka3gepr1qcziwl5ch;38053;1;0
Theharborsidehotel.com-0114-2017Redesign;en-US;636409056864872002#u4hto0fyc2rtyeskpuxl201k;40403;1;0
Longboatkeyclub.com-0104-2017Redesign;en-US;636409056865028004#450shsurptwc0yrywgumpcab;38054;1;0
Degreerestaurant.com-0056-2015Redesign;en-US;636409056865028004#owzckoxwwxmy1dyvhyfvmvvl;11598;1;0
Galthouse.com-0042-2015Redesign;en-US;636409056865184006#akk2au0adukowpwpxfafbi0e;38060;1;0
Thecurtis.com-0079-2016Redesign;en-US;636409056865184006#01yqi14gqk52lof0q1s1wnv5;17981;1;0
Chrco.com-0107-2017Redesign;en-US;636409056865184006#f22kln2nn3q123v44vrtpzoj;29280;1;0
Broadmoor.com-0073-2016Redesign;en-US;636409056865184006#nvd2vuuwwufz114powxwvooa;16757;1;0
Delraysandsresort.com-0097-2016Redesign;en-US;636409056865496010#ghik4hksqdccjfq11kaeh2ux;38049;1;0
Jupiterbeachresort.com-0103-2017Redesign;en-US;636409056865496010#ab42zhbqzy0nhcxhdlxji3p1;38052;1;0
Homewoodsuiteslax.com-0110-2017Redesign;en-US;636409056865652012#o0feju3rg5j5zja0xpud1khu;30747;1;0
Sandylane.com-0075-2016Redesign;en-US;636409056865652012#un3guyq1cmz1ilvbmn4m3tdr;17611;1;0
Jbdukehotel.com-0086-2016Redesign;en-US;636409056865652012#zgwnqgjeexlwrenxm0ikxyme;21918;1;0
Beverlyhillsresidenceinn.com-0087-2016Redesign;en-US;636409056865808014#n3lien2cimfwviuq5ivvybk0;20999;1;0
Theoxfordhotel.com-0062-2015Redesign;en-US;636409056865808014#igeh5fu0onelvumngpeixfa5;14325;1;0
Cendyn.com-0095-2016Redesign;en-US;636409056865808014#4c5vj0vtoo1s4wctdzo1v3eq;26640;1;0
Cendyn.com-0095-2016Redesign;en-US;636409056865964016#2ccad2pyhgf0jrglirfyp40w;26640;1;0
Passport.lehotels.com-0069-2016BlogRedesign;en-US;636409056865964016#eex3u0znyhzlwjbcboqsssbo;41068;1;0
Luxehotels.com-0078-2016Redesign;en-US;636409056865964016#s1pkvk3zjwidys5pnhrirx4h;18805;1;0
Zotabeachresort.com-0090-2016Redesign;en-US;636409056865964016#spfzhr4lcaqv3nkwfyaz5xwm;38058;1;0
Hhotellosangeles.com-0118-2017Redesign;en-US;636409056865964016#5lmpnpfbuuv3yjtkqpewm3yn;35289;1;0
Halcyonhotelcherrycreek.com-0061-2015Redesign;en-US;636409056866120018#ekbeflpydvdtbgy1il35hdnr;22121;1;0
Abbingtonbanquets.com-0070-2016Redesign;en-US;636409056866120018#s5zu51q4p1qk2n1lob0uguix;15789;1;0
Cendyn.com-0095-2016Redesign;en-US;636409056866276020#nviuamgccvu352f1u221dojo;26640;1;0
Thesagamore.com-0112-2017Redesign;en-US;636409056866276020#5neyug0qxu5fh4hg413klhmt;39241;1;0
Hospitalityupgrade.com-0093-2016Redesign;en-US;636409056866276020#pthdjxgs312xafvuqtid4xqw;25405;1;0
Edgewaternaples.com-0094-2016Redesign;en-US;636409056866432022#aycp5onxxqjve5h0goskzrlk;38051;1;0
Opalsands.com-0084-2016Redesign;en-US;636409056866588024#5y10b1uc5nyh2p01fbfk5b55;38055;1;0
Assuranceoperations.com-0065-2015Redesign;en-US;636409056866744026#t1xmpxjfhwljx1h3fffnisji;15263;1;0
Napavalleymarriott.com-0071-2016Redesign;en-US;636409056866900028#usn4xwha10qvpylrtybn10ee;16432;1;0
Cphollywoodbeach.com-0032-2015Redesign;en-US;636409056867992042#iuxjrz4lslmjml0nyoyf3nw1;7831;1;0
Hospitalityupgrade.com-0093-2016Redesign;en-US;636409056869552062#d2fwzspjwago0hby5eseo3yk;22790;1;0
Broadmoor.com-0073-2016Redesign;en-US;636409056870956080#yzexl2yhy3cq5h5pbewiib0t;16728;1;0
Monarchbeachresort.com-0092-2016Redesign;en-US;636409056872672102#vntu21ko2u21fqmdpd21mown;26800;1;0
theweststreethotel.com-0115-2017Redesign;en-US;636409056872984106#muhks0bbc3p1yiyyovfqubld;37492;1;0
Thesagamore.com-0112-2017Redesign;en-US;636409056875792142#w5waglneurwte1eeayy3zzap;33443;1;0
Sandylane.com-0075-2016Redesign;en-US;636409056876884156#nfmel1rdsdgf03jnxexz0vpp;17611;1;0
Beverlyhillsresidenceinn.com-0087-2016Redesign;en-US;636409056879068184#xbagrotnonfax2g13xnmlok5;20999;1;0
Galthouse.com-0042-2015Redesign;en-US;636409056881720218#n2gutgutfyekcmndusorv3a5;31905;1;0
Cendyn.com-0095-2016Redesign;en-US;636409056882656230#quazvtpzm4hfvbg1ltq4o3lw;26640;1;0
Broadmoor.com-0073-2016Redesign;en-US;636409056882968234#yzexl2yhy3cq5h5pbewiib0t;16728;1;0
Thesagamore.com-0112-2017Redesign;en-US;636409056884060248#idkxeo3m4tbcph3tmzlu5ghg;32339;1;0
Sandpearl.com-0091-2016Redesign;en-US;636409056884216250#mtzyo4sagdlvq51iuetr0wmi;38056;1;0
Thesagamore.com-0112-2017Redesign;en-US;636409056885932272#idkxeo3m4tbcph3tmzlu5ghg;32339;1;0
Broadmoor.com-0073-2016Redesign;en-US;636409056886088274#f0dpj4zwrmmsqyrhznvyy2ab;18259;1;0
theweststreethotel.com-0115-2017Redesign;en-US;636409056886556280#nvntmkhhfkmqx0nkizhw0dog;37556;1;0
Cphollywoodbeach.com-0032-2015Redesign;en-US;636409056886712282#04o2lbqq0iepsxxlflkr1iwq;7805;1;0
Sandpearl.com-0091-2016Redesign;en-US;636409056887024286#hzgywcuqgjnqd1xzcaimd2jy;22481;1;0
Sandpearl.com-0091-2016Redesign;en-US;636409056887336290#0ulhqsenzoftmafzidsq4wvt;22481;1;0
Cendyn.com-0095-2016Redesign;en-US;636409056887336290#ltlnokr2efaq1yuqwuzqscej;26640;1;0
Cendyn.com-0095-2016Redesign;en-US;636409056888584306#oc2goscyj4ber5rgzkvzrp34;26640;1;0
Theharborsidehotel.com-0114-2017Redesign;en-US;636409056891548344#z3ks1g0l1p1e52nqk3glov4f;37941;1;0
Cendyn.com-0095-2016Redesign;en-US;636409056892328354#3opbigudaamapypstchbtlas;26640;1;0
Broadmoor.com-0073-2016Redesign;en-US;636409056894668384#f0dpj4zwrmmsqyrhznvyy2ab;18259;1;0
Bocatrans.com-0082-2016Redesign;en-US;636409056895136390#zs0ypcb52r4k1vrec1fe3e3y;19758;1;0
Glencovemansion.com-0058-2015Redesign;en-US;636409056895136390#sd1uyreu1w0i3fwdf30ifsss;13328;1;0
Treasureislandbeachresort.com-0089-2016Redesign;en-US;636409056895136390#czay0zu5ik5ikvjoeye1odnn;38057;1;0
Oxfordclubspa.com-0068-2016Redesign;en-US;636409056895292392#nzkv0qsd2gw3yh2axcq2uqvh;15568;1;0
Texturefoodanddrink.com-0067-2016Redesign;en-US;636409056895292392#x4ibcu1uhkto0lieydxdxo1z;15452;1;0
Meateatery.com-0080-2016Redesign;en-US;636409056895292392#q5gohwxiz1adioiw5flhrycu;18505;1;0
Washingtoncourthotel.com-0076-2016Redesign;en-US;636409056895448394#4jb5akzfpkod1lpe4idsf5k5;17858;1;0
Naiaresortandspa.com-0077-2016Redesign;en-US;636409056895448394#melp11mdm1cybyd5yxiv2ls0;20455;1;0
Lakeplacidlodge.com-0105-2017Redesign;en-US;636409056895448394#mpfvqhkvgb42bbwegzctrytn;39238;1;0
Broadmoor.com-0073-2016Redesign;en-US;636409056895448394#tusi0dovcuiai5gt0c5majl2;38059;1;0
Hospitalityupgrade.com-0093-2016Redesign;en-US;636409056899348444#necvvf5xoajy1jce5nhvykrb;36914;1;0
theweststreethotel.com-0115-2017Redesign;en-US;636409056900284456#5h3k3knmrbw5fm2zcooebqvc;37493;1;0
Longboatkeyclub.com-0104-2017Redesign;en-US;636409056901532472#2o2y2ojqeivyial5x55hlqct;28316;1;0
wentworthcom00212014redesign;en-US;636409056904184506#oriamvypmmw5ry01ks4kezi2;26679;1;0
Thesagamore.com-0112-2017Redesign;en-US;636409056904184506#fjwbxxtmm0y20yksc14aaagp;32339;1;0
Thesagamore.com-0112-2017Redesign;en-US;636409056905432522#ymecre34ufo4vhmbvclz3r1p;33448;1;0
Longboatkeyclub.com-0104-2017Redesign;en-US;636409056906368534#2o2y2ojqeivyial5x55hlqct;28316;1;0
Thesagamore.com-0112-2017Redesign;en-US;636409056909020568#fjwbxxtmm0y20yksc14aaagp;32339;1;0
Sandpearl.com-0091-2016Redesign;en-US;636409056911516600#gs2f4j0uvuowpumd1zajmacz;22481;1;0
Sandpearl.com-0091-2016Redesign;en-US;636409056911828604#tgbhnvkaxxzkmrtdmop0vge3;22481;1;0
Broadmoor.com-0073-2016Redesign;en-US;636409056911828604#kgetctppsl4553lorlor1ecg;16721;1;0
Broadmoor.com-0073-2016Redesign;en-US;636409056913700628#k4iyex3l2dkrvctzuwsgryxb;16796;1;0
theweststreethotel.com-0115-2017Redesign;en-US;636409056914636640#2bglajao2jqvitkspyigrqvx;37423;1;0
Thecurtis.com-0079-2016Redesign;en-US;636409056914792642#2zrx5cpxsyzrmg2epae43v1j;17981;1;0
Bluebirch.com-0072-2016Redesign;en-US;636409056914792642#pjqhhuf31iiierjuq4uerqrn;16693;1;0
Jbdukehotel.com-0086-2016Redesign;en-US;636409056914948644#dvntlrw0d4pqzaaksczdz3fb;21918;1;0
Thecrawfordhotel.com-0074-2016Redesign;en-US;636409056914948644#mtpnb4mz5lgnqmvskarraf2e;17145;1;0
Theoxfordhotel.com-0062-2015Redesign;en-US;636409056914948644#fr2ogwieu0co215ioembmgtw;14325;1;0
Sandylane.com-0075-2016Redesign;en-US;636409056914948644#nh30tjxahlvog04yiy2xgdjw;17611;1;0
Chrco.com-0107-2017Redesign;en-US;636409056914948644#hjzxowftwgr2tmrtqloxt2fs;29280;1;0
Degreerestaurant.com-0056-2015Redesign;en-US;636409056915104646#2kb3c41hujr4wizdkresmlx2;11598;1;0
Longboatkeyclub.com-0104-2017Redesign;en-US;636409056915104646#x3xwxrtu2l2zn40azfd3npls;38054;1;0
Abbingtonbanquets.com-0070-2016Redesign;en-US;636409056915104646#xxzogzucvbgl5fsnif3oavte;15789;1;0
Lidobeachresort.com-0106-2017Redesign;en-US;636409056915104646#nfagvwlvxxobemy4kc5ftpkh;38053;1;0
Beverlyhillsresidenceinn.com-0087-2016Redesign;en-US;636409056915260648#zkacrpayp5yrsbsu0od5tonp;20999;1;0
Homewoodsuiteslax.com-0110-2017Redesign;en-US;636409056915260648#e13p3afzn3wpyo23lffud3vq;30747;1;0
Samosetresort.com-0113-2017Redesign;en-US;636409056915260648#ghmvj1etwmu5k3stcmwbuwus;40334;1;0
Theharborsidehotel.com-0114-2017Redesign;en-US;636409056915260648#bd4ckoncinhkjibioum5n215;40403;1;0
Delraysandsresort.com-0097-2016Redesign;en-US;636409056915416650#drgobjuz2yejxmscb4p4oj20;38049;1;0
Halcyonhotelcherrycreek.com-0061-2015Redesign;en-US;636409056915572652#aq1hceciqg2s1pr0oaca1rjv;22121;1;0
Luxehotels.com-0078-2016Redesign;en-US;636409056915572652#1zdkylz0ocyhqpoccjqtnioq;18805;1;0
Passport.lehotels.com-0069-2016BlogRedesign;en-US;636409056915728654#b1eunadfmumvvr4jckrev1dr;41068;1;0
Zotabeachresort.com-0090-2016Redesign;en-US;636409056915884656#vzjb2kaq1jqcz10crg1uzt3h;38058;1;0
Napavalleymarriott.com-0071-2016Redesign;en-US;636409056916040658#fonclpzpg12e1a2pz40ie3wj;16432;1;0
Cendyn.com-0095-2016Redesign;en-US;636409056916040658#aav32dj5vbfcny1t5w4m3vqo;26640;1;0
Galthouse.com-0042-2015Redesign;en-US;636409056916352662#1jlcliald3ehuqba2i35ylgl;38060;1;0
Cendyn.com-0095-2016Redesign;en-US;636409056916352662#ngi415ixj5mfmjpkmw4pb3nh;26640;1;0
Cendyn.com-0095-2016Redesign;en-US;636409056916508664#1xuhi1cy3iphziu2yzcpbvx3;26640;1;0
Edgewaternaples.com-0094-2016Redesign;en-US;636409056916508664#ktmnaui3cobmqjozoqhguefi;38051;1;0
Hospitalityupgrade.com-0093-2016Redesign;en-US;636409056916664666#r4d4yxehrvt3vs3wpgvigvx2;25405;1;0
Hhotellosangeles.com-0118-2017Redesign;en-US;636409056916664666#3xkvxuuaic5sffmlvttan2x1;35289;1;0
Jupiterbeachresort.com-0103-2017Redesign;en-US;636409056916664666#rrhkkie25lwygsakvhzafpks;38052;1;0
Opalsands.com-0084-2016Redesign;en-US;636409056916820668#rzkkrxpizfe0nwl2gnyxuovm;38055;1;0
Thesagamore.com-0112-2017Redesign;en-US;636409056916820668#fsckdigjisao5xmn53tohedb;39241;1;0
saddlebrook.com-0011-2014Redesign;en-US;636409056917132672#plgyjerchzzigdyejj4vh0da;3385;1;0
Assuranceoperations.com-0065-2015Redesign;en-US;636409056917288674#eyblto24pr02o55z4x0jx5zc;15263;1;0
Opalsands.com-0084-2016Redesign;en-US;636409056918380688#buzl3ds5pwcmk5r3tkqkvpnq;20920;1;0
Treasureislandbeachresort.com-0089-2016Redesign;en-US;636409056919160698#5dwok2zyeofdzzxknmzbseyw;22169;1;0
Luxehotels.com-0078-2016Redesign;en-US;636409056920096710#rm3g10hjmebofehcszsmjxdw;18805;1;0
Broadmoor.com-0073-2016Redesign;en-US;636409056920876720#uitz23d5jzcs0sbgxzaiglds;16728;1;0
Miravalspamonarchbeach.com-0109-2017Redesign;en-US;636409056921344726#yl1wi5nswq2qkwqhnulnpdki;31709;1;0
Luxehotels.com-0078-2016Redesign;en-US;636409056921968734#fic3lvnw2iawuammxbkrfdmd;18805;1;0
Samosetresort.com-0113-2017Redesign;en-US;636409056924308764#41x5b51kl1v4fzh2e5d1y34y;32541;1;0
saddlebrook.com-0011-2014Redesign;en-US;636409056928832822#xphcwx31fluapfpt4zpymh5d;3385;1;0
Thesagamore.com-0112-2017Redesign;en-US;636409056929300828#fgoa0vpgu1xqo0i3nczrcipn;32346;1;0
Thecurtis.com-0079-2016Redesign;en-US;636409056930392842#30eteoimtkb3bdxwcnil3all;17981;1;0
Cphollywoodbeach.com-0032-2015Redesign;en-US;636409056933356880#dellwunmlsyfngqtwoyasyme;7831;1;0
Sandpearl.com-0091-2016Redesign;en-US;636409056934136890#cgq0lpr214jt3p400xh1mrmt;38056;1;0
Thesagamore.com-0112-2017Redesign;en-US;636409056937256930#gqxic44be5woww4lgf5qht4m;32339;1;0
Cendyn.com-0095-2016Redesign;en-US;636409056938660948#liijj1ccya4lvp42pgd3qfox;26640;1;0
Treasureislandbeachresort.com-0089-2016Redesign;en-US;636409056939752962#a4cvjrtjisgr1udii2rgtpcx;22228;1;0
saddlebrook.com-0011-2014Redesign;en-US;636409056940220968#f2ude0tx24dhodghhmqcfj1c;3385;1;0
Lidobeachresort.com-0106-2017Redesign;en-US;636409056940376970#2qkilwtvdxpgfncthlszvojv;41578;1;0
Lakeplacidlodge.com-0105-2017Redesign;en-US;636409056940844976#y4xlay43b01st2drg2qxm2fu;32794;1;0
Cendyn.com-0095-2016Redesign;en-US;636409056942248994#1nxr0xl40tqw1uhwe4uewbop;26640;1;0
Hospitalityupgrade.com-0093-2016Redesign;en-US;636409056942248994#necvvf5xoajy1jce5nhvykrb;36914;1;0
Cendyn.com-0095-2016Redesign;en-US;636409056942873002#fuqnzomqpaomxupdk1ycwqd0;26640;1;0
saddlebrook.com-0011-2014Redesign;en-US;636409056943809014#cq3iupezygxiid1m4o0jxova;3486;1;0
Bocatrans.com-0082-2016Redesign;en-US;636409056945057030#gtrswyezpzdt41h2uumd0i0b;19758;1;0
Oxfordclubspa.com-0068-2016Redesign;en-US;636409056945057030#el2bliux14zypekbsq0f1oc1;15568;1;0
Glencovemansion.com-0058-2015Redesign;en-US;636409056945213032#sc4tizgdvx1etaohnowphkps;13328;1;0
Broadmoor.com-0073-2016Redesign;en-US;636409056945213032#45h4etyu3hat21i3jwp0bt51;38059;1;0
Washingtoncourthotel.com-0076-2016Redesign;en-US;636409056945213032#jm02tnfsq5f3q0juhdeboray;17858;1;0
Lakeplacidlodge.com-0105-2017Redesign;en-US;636409056945213032#uszq3ue32o3eospehkngrsso;39238;1;0
Meateatery.com-0080-2016Redesign;en-US;636409056945525036#ontqqycbsmq1dwkw3iia4th3;18505;1;0
Treasureislandbeachresort.com-0089-2016Redesign;en-US;636409056945681038#k1wjn1wi1u0xznqwxogpb5dc;38057;1;0
Naiaresortandspa.com-0077-2016Redesign;en-US;636409056945681038#zv0lzhlnnnbwqws00inywhjv;20455;1;0
Texturefoodanddrink.com-0067-2016Redesign;en-US;636409056945681038#c1rjugwlyqwmxb4nz5urb5eo;15452;1;0
Secretharbourvi.com-0040-2015Redesign;en-US;636409056945837040#0001zyibhl4j2zg4tjht1yp5;9231;1;0
theweststreethotel.com-0115-2017Redesign;en-US;636409056946617050#rimckd12pyqo1edt0xkqsfra;36695;1;0
Thelodgeatwoodloch.com-0033-2015Redesign;en-US;636409056946617050#jyyzse41fjunbfijtpxnaoll;9847;1;0
Thesagamore.com-0112-2017Redesign;en-US;636409056949893092#gqxic44be5woww4lgf5qht4m;32339;1;0
Thesagamore.com-0112-2017Redesign;en-US;636409056953169134#45czbdcp4wrkocgor4o1dfom;32339;1;0
Broadmoor.com-0073-2016Redesign;en-US;636409056954729154#2kkdrmiicvf2m4g5l2zdtam1;21867;1;0
theweststreethotel.com-0115-2017Redesign;en-US;636409056956289174#fhq0oekddr0nyglls40tweed;37653;1;0
Thesagamore.com-0112-2017Redesign;en-US;636409056956445176#zsr4eqvhynb5xdf5mmxgl2mh;32389;1;0
Hospitalityupgrade.com-0093-2016Redesign;en-US;636409056959877220#turqnmjwwxzjbdkokzsbfxzg;37631;1;0
Cendyn.com-0095-2016Redesign;en-US;636409056962685256#fuqnzomqpaomxupdk1ycwqd0;26640;1;0
Luxehotels.com-0078-2016Redesign;en-US;636409056962685256#jog5nnt20j2j051kvc0hviwk;18833;1;0
Bluebirch.com-0072-2016Redesign;en-US;636409056964713282#tvsosfu13s4hsuqk4uva22b4;16693;1;0
Jbdukehotel.com-0086-2016Redesign;en-US;636409056964713282#l1kpfmcdgy2ctlk3rsz41urq;21918;1;0
Thecrawfordhotel.com-0074-2016Redesign;en-US;636409056964713282#zmtj1xgl1k2zla1qtz5x5nv4;17145;1;0
Thecurtis.com-0079-2016Redesign;en-US;636409056964713282#bfflbrkxufzlzt3mlkjzshdy;17981;1;0
Napavalleymarriott.com-0071-2016Redesign;en-US;636409056965181288#2etp2dbgh1p2proxvlzkkyx5;16432;1;0
Assuranceoperations.com-0065-2015Redesign;en-US;636409056965181288#wpnrgs2bi4qr2g45w0imrjzk;15263;1;0
Abbingtonbanquets.com-0070-2016Redesign;en-US;636409056965181288#mcrs5s4eirkdzueoi12l0vjc;15789;1;0
Samosetresort.com-0113-2017Redesign;en-US;636409056965181288#44tc4frtn3y1tccfl2t3d1fl;40334;1;0
Zotabeachresort.com-0090-2016Redesign;en-US;636409056965337290#wpcikesgoruytsjicwwibsu5;38058;1;0
Hospitalityupgrade.com-0093-2016Redesign;en-US;636409056965337290#f2kgg0ep2onbkesprwn0h4rh;25405;1;0
Cendyn.com-0095-2016Redesign;en-US;636409056965337290#y0ufrt1nniffl4gp0ayfqf3g;26640;1;0
Jupiterbeachresort.com-0103-2017Redesign;en-US;636409056965337290#zz1a1pwl5svmgdbgejr3ztep;38052;1;0
Edgewaternaples.com-0094-2016Redesign;en-US;636409056965337290#wwoxwpflsjrvgsqwn1vzr2r4;38051;1;0
Chrco.com-0107-2017Redesign;en-US;636409056965337290#uxu4bx5umdvwaebv2ktidzwt;29280;1;0
Opalsands.com-0084-2016Redesign;en-US;636409056965337290#aiz1hvjkiysa424r3ylwoeio;38055;1;0
Passport.lehotels.com-0069-2016BlogRedesign;en-US;636409056965493292#u5zlyadmlidnxeglubm50laz;41068;1;0
Thesagamore.com-0112-2017Redesign;en-US;636409056965493292#11yr0r50efa3x32gkehhiavd;39241;1;0
Delraysandsresort.com-0097-2016Redesign;en-US;636409056965493292#mkqtoq4nehjrt5yt0m4jsimc;38049;1;0
Cendyn.com-0095-2016Redesign;en-US;636409056965493292#tp1cremwhinqi00ztyputok3;26640;1;0
Cendyn.com-0095-2016Redesign;en-US;636409056965493292#ejllqt3qmqkn5ygubovhbw1f;26640;1;0
Luxehotels.com-0078-2016Redesign;en-US;636409056965493292#mtfstobcnls1kim31uad1fsa;18805;1;0
Beverlyhillsresidenceinn.com-0087-2016Redesign;en-US;636409056965493292#bud04zx4kt3zpb2lz34d2awm;20999;1;0
Halcyonhotelcherrycreek.com-0061-2015Redesign;en-US;636409056965493292#pdqcnfpfjlvlas1cefhfneao;22121;1;0
Galthouse.com-0042-2015Redesign;en-US;636409056965493292#y1xcttbgassydzo41lpyvndm;38060;1;0
Theoxfordhotel.com-0062-2015Redesign;en-US;636409056965649294#qlyals2gecf4utoqqpdkserr;14325;1;0
Theharborsidehotel.com-0114-2017Redesign;en-US;636409056965649294#00fecsjnyhwcpibgl0knup5z;40403;1;0
Degreerestaurant.com-0056-2015Redesign;en-US;636409056965649294#d3o4dt2lxhus4xacazhsgkcj;11598;1;0
Lidobeachresort.com-0106-2017Redesign;en-US;636409056965961298#w0octqizx42hyparamkx0iqq;38053;1;0
Sandylane.com-0075-2016Redesign;en-US;636409056966117300#10ejldut1e2j2q03avg2qgp0;17611;1;0
Longboatkeyclub.com-0104-2017Redesign;en-US;636409056966117300#wkjwvseee5mirnqopqekkfwn;38054;1;0
Homewoodsuiteslax.com-0110-2017Redesign;en-US;636409056966273302#pgipfdkbdb0wyo4i4e1agdes;30747;1;0
Hhotellosangeles.com-0118-2017Redesign;en-US;636409056966429304#c1az0kdojf0v0uex52wg4114;35289;1;0
saddlebrook.com-0011-2014Redesign;en-US;636409056967521318#fdl3mkjf0rgaf3oqqbtumm4r;3385;1;0
Thesagamore.com-0112-2017Redesign;en-US;636409056971889374#gqxic44be5woww4lgf5qht4m;32339;1;0
Sandylane.com-0075-2016Redesign;en-US;636409056972357380#awcgopulzstyql024hrv0dqc;17711;1;0
theweststreethotel.com-0115-2017Redesign;en-US;636409056975009414#h3mydrogwrqp1rbahglocj5d;37654;1;0
Hospitalityupgrade.com-0093-2016Redesign;en-US;636409056976881438#necvvf5xoajy1jce5nhvykrb;36914;1;0
Lidobeachresort.com-0106-2017Redesign;en-US;636409056977349444#21nrmhyxvpqltmakfvo0wzsq;28714;1;0
Lehotels.com-0049-2015Transfer;en-US;636409056978753462#gwyg0ijivdgdjifqofer41sp;12999;1;0
Meateatery.com-0080-2016Redesign;en-US;636409056979221468#3hxcvzfwklflzqx4fruf4j1f;18505;1;0
Meateatery.com-0080-2016Redesign;en-US;636409056982965516#3hxcvzfwklflzqx4fruf4j1f;18505;1;0
Sandpearl.com-0091-2016Redesign;en-US;636409056984213532#ysa1szfg2k3oscxqwed2aphw;38056;1;0
Broadmoor.com-0073-2016Redesign;en-US;636409056985617550#4dyk3axyzzn0scak1djriych;16764;1;0
Thelodgeatwoodloch.com-0033-2015Redesign;en-US;636409056985773552#s0js0f2dx3ey5m1fzmysyzz3;8373;1;0
theweststreethotel.com-0115-2017Redesign;en-US;636409056986865566#h22pdyupupvvp4e5vqu4ux3i;37656;1;0
Cendyn.com-0095-2016Redesign;en-US;636409056988581588#vtg2qibg43js0utgu4yzmufl;26640;1;0
Cendyn.com-0095-2016Redesign;en-US;636409056992325636#ojdgldxanormhbjgbqmjkf24;26640;1;0
Jupiterbeachresort.com-0103-2017Redesign;en-US;636409056993729654#nss5aal54ylclncpfkovuj2p;28158;1;0
Jupiterbeachresort.com-0103-2017Redesign;en-US;636409056994821668#p3db1qczuues3igkgln0tynv;28158;1;0
Meateatery.com-0080-2016Redesign;en-US;636409056995133672#lm3mmgosrxgamxioe4kvsx42;18505;1;0
Bocatrans.com-0082-2016Redesign;en-US;636409056995133672#furffxwjdpv4xjlaaolxjgbn;19758;1;0
Washingtoncourthotel.com-0076-2016Redesign;en-US;636409056995133672#smh34cnkro3if51r2bmpr4i4;17858;1;0
Naiaresortandspa.com-0077-2016Redesign;en-US;636409056995133672#yai4mlgb2msig3xvq2mgkdfd;20455;1;0
Lakeplacidlodge.com-0105-2017Redesign;en-US;636409056995133672#ucdkrem1kwx5ibfc3euwmznh;39238;1;0
Texturefoodanddrink.com-0067-2016Redesign;en-US;636409056995133672#mg4ftpdcbwz0q1iasqm43k5r;15452;1;0
Broadmoor.com-0073-2016Redesign;en-US;636409056995289674#4zaq3klt1syv0y4vwtguv0yo;38059;1;0
Treasureislandbeachresort.com-0089-2016Redesign;en-US;636409056995289674#5ws0z1fkd250cpnj1nrxyifs;38057;1;0
Oxfordclubspa.com-0068-2016Redesign;en-US;636409056995289674#ydlkp0zllrb4wcz2xbf5vwka;15568;1;0
Glencovemansion.com-0058-2015Redesign;en-US;636409056995445676#10qnhwkjedk4b1gvjtades1m;13328;1;0
Broadmoor.com-0073-2016Redesign;en-US;636409056995913682#vbrzfayxarirgvxsqukciixe;16721;1;0
Thelodgeatwoodloch.com-0033-2015Redesign;en-US;636409056996381688#i43nmu4ho2gvhfsherpme3d0;8250;1;0
Cendyn.com-0095-2016Redesign;en-US;636409056996537690#eph3mdd5k2qkphhrzbaq2anf;26865;1;0
Monarchbeachresort.com-0092-2016Redesign;en-US;636409056999969734#iwxlhgqbjolcg4e4jvcb3ocu;22725;1;0
Broadmoor.com-0073-2016Redesign;en-US;636409057000281738#nvd2vuuwwufz114powxwvooa;16765;1;0
theweststreethotel.com-0115-2017Redesign;en-US;636409057000749744#4uwix2uwo2atuoof03hcicjp;37657;1;0
Bluebirch.com-0072-2016Redesign;en-US;636409057001061748#qhp3yz5b1djxhgqigarvob0s;16693;1;0
Assuranceoperations.com-0065-2015Redesign;en-US;636409057001061748#cz03wkwhmb1netrtk51akqfg;15263;1;0
Oxfordclubspa.com-0068-2016Redesign;en-US;636409057001061748#jrjtuazalk3kvob2gnu0qjop;15568;1;0
Secretharbourvi.com-0040-2015Redesign;en-US;636409057001061748#wle3l3k3upql1mpfbuxlf1ix;9231;1;0
Hospitalityupgrade.com-0093-2016Redesign;en-US;636409057001373752#5vhc0g0mrhzduawci2vjissu;41769;1;0
Secretharbourvi.com-0040-2015Redesign;en-US;636409057001373752#55c2zfsiw5g12ylofjrxi4e0;9231;1;0
Hospitalityupgrade.com-0093-2016Redesign;en-US;636409057001685756#qxudric5nmwzka5fuzaopml4;25405;1;0
Unionstationhotelnashville.com-0047-2015Redesign;en-US;636409057002153762#mdk4w3j2emximatokeqr15tx;32226;1;0
Hospitalityupgrade.com-0093-2016Redesign;en-US;636409057002309764#5vhc0g0mrhzduawci2vjissu;41769;1;0
Chrco.com-0107-2017Redesign;en-US;636409057002933772#juowogennxnyuoqvckqbxug2;29280;1;0
Galthouse.com-0042-2015Redesign;en-US;636409057010421868#45senlwzb2fqmpgtxvqz1ku5;31905;1;0
Cphollywoodbeach.com-0032-2015Redesign;en-US;636409057013229904#3drxh3v55kweitii5oanpfgk;7831;1;0
Thecrawfordhotel.com-0074-2016Redesign;en-US;636409057014789924#3on3mykm5ora5g1qkcbxbq0o;17145;1;0
Bluebirch.com-0072-2016Redesign;en-US;636409057014789924#upgiwknpjihnjzbkyl2enzhm;16693;1;0
theweststreethotel.com-0115-2017Redesign;en-US;636409057014789924#zi3kkbtsgvpy2eedq240ydv5;37658;1;0
Thecurtis.com-0079-2016Redesign;en-US;636409057014789924#rwdegtaoiyawbuzb10njfhw4;17981;1;0
Abbingtonbanquets.com-0070-2016Redesign;en-US;636409057014789924#jkghxs23b0qlimwbkcozbp4g;15789;1;0
Chrco.com-0107-2017Redesign;en-US;636409057014945926#zxrm1nufg2kyvjpc545mpy3i;29280;1;0
Passport.lehotels.com-0069-2016BlogRedesign;en-US;636409057014945926#03e4jgmfboan1ho4scvnld4o;41068;1;0
Opalsands.com-0084-2016Redesign;en-US;636409057014945926#3xfawxfoa0vshdcsud5v20jh;38055;1;0
Edgewaternaples.com-0094-2016Redesign;en-US;636409057014945926#lf01rqxx3zlcbp3a0ntopoln;38051;1;0
Thesagamore.com-0112-2017Redesign;en-US;636409057014945926#nnh4rcnvybdeq2bcpohk23u0;39241;1;0
Cendyn.com-0095-2016Redesign;en-US;636409057015101928#woafnhyrcut5tkcqzhzhj0c4;26640;1;0
Cendyn.com-0095-2016Redesign;en-US;636409057015101928#jyrxjreclt5beitmzpcuqj2u;26640;1;0
Homewoodsuiteslax.com-0110-2017Redesign;en-US;636409057015101928#21hnb1ezn0jkeayibmitv2qu;30747;1;0
Cendyn.com-0095-2016Redesign;en-US;636409057015101928#4q5pk5by0c1xf11avzcol45f;26640;1;0
Lidobeachresort.com-0106-2017Redesign;en-US;636409057015101928#e1bqsedmiqc2t3i0dkjb3hgf;38053;1;0
Longboatkeyclub.com-0104-2017Redesign;en-US;636409057015101928#zvxbxepqsrmmegfrdsjulraj;38054;1;0
Hospitalityupgrade.com-0093-2016Redesign;en-US;636409057015257930#lde4ipitt4o2xvdh0313sswt;25405;1;0
Delraysandsresort.com-0097-2016Redesign;en-US;636409057015257930#4zkyzjrjgzzcbcn22d154ahh;38049;1;0
Jupiterbeachresort.com-0103-2017Redesign;en-US;636409057015257930#4g2ii1fg0qutyv5ydvllhpzk;38052;1;0
Beverlyhillsresidenceinn.com-0087-2016Redesign;en-US;636409057015257930#5d0a25x3dnmkkexylawxf1s0;20999;1;0
Sandylane.com-0075-2016Redesign;en-US;636409057015257930#q5aq0yfv3jfwau3g5k1kaj4y;17611;1;0
Theharborsidehotel.com-0114-2017Redesign;en-US;636409057015413932#dtjlgi04ylr4us4roqwk3sft;40403;1;0
Luxehotels.com-0078-2016Redesign;en-US;636409057015413932#fqzixm0bwu200uxo0herqc0k;18805;1;0
Halcyonhotelcherrycreek.com-0061-2015Redesign;en-US;636409057015413932#csb4rln0k3pg1jlxr1l3ikue;22121;1;0
Assuranceoperations.com-0065-2015Redesign;en-US;636409057015413932#emioh14y1mbvubgws1ubstnq;15263;1;0
Samosetresort.com-0113-2017Redesign;en-US;636409057015413932#h2beoenmt5j1olpzqpkdmoqb;40334;1;0
Zotabeachresort.com-0090-2016Redesign;en-US;636409057015413932#gz4v5v3qfkvrfa5h3bvpbsv0;38058;1;0
Degreerestaurant.com-0056-2015Redesign;en-US;636409057015569934#4ogvww45rr3kap2ddqwxk4ys;11598;1;0
Jbdukehotel.com-0086-2016Redesign;en-US;636409057015569934#t2fs1yfjegraghpnn52bk2kj;21918;1;0
Galthouse.com-0042-2015Redesign;en-US;636409057015725936#qc2mv111elelljy4p3mxf4nt;38060;1;0
Napavalleymarriott.com-0071-2016Redesign;en-US;636409057015725936#ij0l013krjawd5qlw20q5pim;16432;1;0
Hhotellosangeles.com-0118-2017Redesign;en-US;636409057015725936#zl1v0gsazbcncdgrsss5xw4u;35289;1;0
Theoxfordhotel.com-0062-2015Redesign;en-US;636409057016037940#pq2x4zqko3okf3jjwkmomvcv;14325;1;0
Samosetresort.com-0113-2017Redesign;en-US;636409057017285956#t0fpvzgml5gyqtmcvko5jsqs;32541;1;0
Thelodgeatwoodloch.com-0033-2015Redesign;en-US;636409057017597960#2zsco0pz3fkrq3jtw5daqyu1;8257;1;0
Broadmoor.com-0073-2016Redesign;en-US;636409057017753962#rhg5w2dqrcnxwpts331415dd;16721;1;0
Samosetresort.com-0113-2017Redesign;en-US;636409057018377970#t0fpvzgml5gyqtmcvko5jsqs;32541;1;0
Hospitalityupgrade.com-0093-2016Redesign;en-US;636409057019157980#necvvf5xoajy1jce5nhvykrb;31876;1;0
Secretharbourvi.com-0040-2015Redesign;en-US;636409057020093992#0001zyibhl4j2zg4tjht1yp5;20178;1;0
Broadmoor.com-0073-2016Redesign;en-US;636409057022278020#rhg5w2dqrcnxwpts331415dd;16721;1;0
Broadmoor.com-0073-2016Redesign;en-US;636409057022434022#qmbcdt5wqghwohf5oy3jfybo;16761;1;0
Broadmoor.com-0073-2016Redesign;en-US;636409057023994042#ppnsddbvgunohrhtlirn1vnk;16721;1;0
Hospitalityupgrade.com-0093-2016Redesign;en-US;636409057025710064#xgh4wx1cbv0wdhf0ttuhmric;37631;1;0
Blog.cphollywoodbeach.com-0037-2015BlogRedesign;en-US;636409057025866066#0mx0ithcg2swhj0nnbmxnbse;8864;1;0
Casaybelresort.com-0002-2014Redesign;en-US;636409057026022068#s4iqutow1xostkfw3jb1qlse;1533;1;0
Montaukyachtclub.com-0010-2014Redesign;en-US;636409057026802078#ywwtfmop5omnv32qxxdkmuon;2240;1;0
Residenceinnlax.com-0026-2014Redesign;en-US;636409057026802078#lka4uaplhcwyhrqmkqmqit3y;5271;1;0
Treasureislandbeachresort.com-0089-2016Redesign;en-US;636409057028986106#xx5fqcdsnm4mpy1ccn1xewwp;22200;1;0
theweststreethotel.com-0115-2017Redesign;en-US;636409057029454112#uyahncfovvtfcakgqyuuhpsb;37422;1;0
Cendyn.com-0095-2016Redesign;en-US;636409057029454112#eiypfh0iogy1q5d0z0rbl13e;41778;1;0
Sandylane.com-0075-2016Redesign;en-US;636409057030546126#nfmel1rdsdgf03jnxexz0vpp;17744;1;0
Sandpearl.com-0091-2016Redesign;en-US;636409057034134172#4d3rcb1cbl4tycv2te50aqru;38056;1;0
Cendyn.com-0095-2016Redesign;en-US;636409057034758180#oamasjpbekl1y3rkfkrlh025;26640;1;0
Thelodgeatwoodloch.com-0033-2015Redesign;en-US;636409057037878220#jyyzse41fjunbfijtpxnaoll;8278;1;0
Thelodgeatwoodloch.com-0033-2015Redesign;en-US;636409057037878220#eebc55wz1zmsxaqgvoxhhqbs;7771;1;0
Sandylane.com-0075-2016Redesign;en-US;636409057037878220#awcgopulzstyql024hrv0dqc;17701;1;0
Luxehotels.com-0078-2016Redesign;en-US;636409057038190224#yxdjvfgj4odmqzyrxnu0x5kb;19290;1;0
theweststreethotel.com-0115-2017Redesign;en-US;636409057038502228#wgvdeymrzceyqmdteh13f2yx;37660;1;0
Cendyn.com-0095-2016Redesign;en-US;636409057038658230#nquxuekgpch3wz235fmifshv;26640;1;0
Luxehotels.com-0078-2016Redesign;en-US;636409057038814232#rm3g10hjmebofehcszsmjxdw;18805;1;0
Thelodgeatwoodloch.com-0033-2015Redesign;en-US;636409057040062248#a14sji45nt51ifrr34aevqqq;7764;1;0
Cendyn.com-0095-2016Redesign;en-US;636409057042246276#szgjo4x3dnyyuy030iywuual;26640;1;0
Texturefoodanddrink.com-0067-2016Redesign;en-US;636409057045054312#yehayq5had5yk2dcuvjtac01;15452;1;0
Oxfordclubspa.com-0068-2016Redesign;en-US;636409057045054312#o43zsjzxtlv5mbddz1g0gctf;15568;1;0
Broadmoor.com-0073-2016Redesign;en-US;636409057045054312#4hn2xekjcemv03clyrjlfvbq;38059;1;0
Lakeplacidlodge.com-0105-2017Redesign;en-US;636409057045054312#we03iwdbonnjb4ode5ul0o0j;39238;1;0
Washingtoncourthotel.com-0076-2016Redesign;en-US;636409057045210314#nncoan0slyyhzilxxrkeffqr;17858;1;0
Naiaresortandspa.com-0077-2016Redesign;en-US;636409057045210314#2pgritptkrxkqy2ve5taz01b;20455;1;0
Meateatery.com-0080-2016Redesign;en-US;636409057045210314#qpnruecry5agwaou4byt2p2z;18505;1;0
Treasureislandbeachresort.com-0089-2016Redesign;en-US;636409057045210314#dk14xqpvlutkgzh044qik2q3;38057;1;0
Luxehotels.com-0078-2016Redesign;en-US;636409057045366316#rm3g10hjmebofehcszsmjxdw;18805;1;0
Glencovemansion.com-0058-2015Redesign;en-US;636409057045522318#4phepnl55oagpr5lezjmsn14;13328;1;0
Bocatrans.com-0082-2016Redesign;en-US;636409057045522318#ncwedr5qrzkjkzj2vq2wfx5z;19758;1;0
Hospitalityupgrade.com-0093-2016Redesign;en-US;636409057049734372#xvrozxc1mi2lkdueclkbihca;37631;1;0
theweststreethotel.com-0115-2017Redesign;en-US;636409057051450394#q22pweq2m1oiaaaxbwghh3wt;41268;1;0
Broadmoor.com-0073-2016Redesign;en-US;636409057056910464#zuptzvntfvmmihxjobntgf1p;16800;1;0
Luxehotels.com-0078-2016Redesign;en-US;636409057057066466#rm3g10hjmebofehcszsmjxdw;18805;1;0
Thelodgeatwoodloch.com-0033-2015Redesign;en-US;636409057057066466#c0k544d2k0m3nsamlxtcnxjn;8265;1;0
Thesagamore.com-0112-2017Redesign;en-US;636409057058470484#guuxaapsqrtd4t420xtrcchb;33577;1;0
Cendyn.com-0095-2016Redesign;en-US;636409057061434522#eiypfh0iogy1q5d0z0rbl13e;41778;1;0
Monarchbeachresort.com-0092-2016Redesign;en-US;636409057062058530#unsnflh5xkmfykie0qljcgp1;22995;1;0
saddlebrook.com-0011-2014Redesign;en-US;636409057062682538#f2ude0tx24dhodghhmqcfj1c;3454;1;0
Bluebirch.com-0072-2016Redesign;en-US;636409057064710564#kyxcmuezzw2iqkylpib0cdnb;16693;1;0
Abbingtonbanquets.com-0070-2016Redesign;en-US;636409057064710564#455mwtv2j0zj3t304xbb35qh;15789;1;0
Thecurtis.com-0079-2016Redesign;en-US;636409057064710564#zrkmyiwfji303o2fkdy5o341;17981;1;0
Edgewaternaples.com-0094-2016Redesign;en-US;636409057064710564#qfv512cxf4velybqkcq3rgck;38051;1;0
Napavalleymarriott.com-0071-2016Redesign;en-US;636409057064866566#rgoaj1ubepmohvnjykzyb0q3;16432;1;0
Theharborsidehotel.com-0114-2017Redesign;en-US;636409057064866566#sqwnzlj4we2cz5ii3vdr5qmk;40403;1;0
Longboatkeyclub.com-0104-2017Redesign;en-US;636409057064866566#fkaedplfhqnosoqelz5h1cjb;38054;1;0
Cendyn.com-0095-2016Redesign;en-US;636409057064866566#q1wni5oy1fy3tijijr3vnb2j;26640;1;0
Jupiterbeachresort.com-0103-2017Redesign;en-US;636409057065022568#san3mj4s42y0h5jg01emonaj;38052;1;0
Chrco.com-0107-2017Redesign;en-US;636409057065022568#z1pqjjfse4wnzianagqtn443;29280;1;0
Delraysandsresort.com-0097-2016Redesign;en-US;636409057065022568#3pw0k5mtah5k1yatfbbzopg3;38049;1;0
Samosetresort.com-0113-2017Redesign;en-US;636409057065022568#c1ijp2l3sw3kdcw1s5qp23lm;40334;1;0
Hhotellosangeles.com-0118-2017Redesign;en-US;636409057065334572#aa0cqghphhspqcb2blxzmjid;35289;1;0
Beverlyhillsresidenceinn.com-0087-2016Redesign;en-US;636409057065490574#ni4bdnoxsv2vts0mtqmlusyj;20999;1;0
Jbdukehotel.com-0086-2016Redesign;en-US;636409057065490574#pccnzsbfk2pxbf1j1qqamcyw;21918;1;0
Thesagamore.com-0112-2017Redesign;en-US;636409057065646576#zim3jrf54sup2jv2gitmpazg;39241;1;0
Halcyonhotelcherrycreek.com-0061-2015Redesign;en-US;636409057066426586#k5cov1q3n1ay40q4djq1r3o5;22121;1;0
Theoxfordhotel.com-0062-2015Redesign;en-US;636409057066426586#2kietjkvlaytstfzq41iwwen;14325;1;0
Hospitalityupgrade.com-0093-2016Redesign;en-US;636409057066582588#atsp1cl0lmlshlcg2esjkdrr;39355;1;0
Homewoodsuiteslax.com-0110-2017Redesign;en-US;636409057066582588#uitohkjmehhzgvcbngv3kzxg;30747;1;0
Cendyn.com-0095-2016Redesign;en-US;636409057066582588#q3p43bwkuohlwmzpuiidvu4z;26640;1;0
Degreerestaurant.com-0056-2015Redesign;en-US;636409057066582588#bl4nzl1q3hc10qzfyqpgxllq;11598;1;0
Hospitalityupgrade.com-0093-2016Redesign;en-US;636409057066582588#oduk3phk1g4w5vef1kt34uqy;25405;1;0
Luxehotels.com-0078-2016Redesign;en-US;636409057066738590#hy5nta4w4xjw0zoqxedronz0;18805;1;0
Galthouse.com-0042-2015Redesign;en-US;636409057066738590#xwxpw4tpeqfa1ld301gxjd3v;38060;1;0
Thecrawfordhotel.com-0074-2016Redesign;en-US;636409057066738590#r3ag0y5l0yohtkoxyaa5dnix;17145;1;0
Lidobeachresort.com-0106-2017Redesign;en-US;636409057066738590#bifokjfnaqvfxdn03w3gikg1;38053;1;0
Miravalspamonarchbeach.com-0109-2017Redesign;en-US;636409057066738590#voy2jall4kwmiwcmtg3mpjud;31709;1;0
Zotabeachresort.com-0090-2016Redesign;en-US;636409057066738590#3hbvtu51icwhvzjabpvj3wfg;38058;1;0
Sandylane.com-0075-2016Redesign;en-US;636409057066738590#5umtmggndtwi45350n5irc2x;17611;1;0
Passport.lehotels.com-0069-2016BlogRedesign;en-US;636409057066738590#hvp5pedin3mhoi30pq1kor0b;41068;1;0
Cendyn.com-0095-2016Redesign;en-US;636409057066894592#icrlrdv5jwuxnnepk0j211yx;26640;1;0
Assuranceoperations.com-0065-2015Redesign;en-US;636409057066894592#o5j1dyt5o2uqyui5gjnwjq3u;15263;1;0
Opalsands.com-0084-2016Redesign;en-US;636409057067206596#vnpvny2xafnbs4bq5p3cfmq4;38055;1;0
Cendyn.com-0095-2016Redesign;en-US;636409057068142608#3q4zgcvaj32yole0ctgpwh5m;26640;1;0
Lidobeachresort.com-0106-2017Redesign;en-US;636409057068454612#hc0nzzhshk4zuj4erwbqhejj;28666;1;0
Cendyn.com-0095-2016Redesign;en-US;636409057068454612#dylryxltiw3zdh24b2dsrqlw;26640;1;0
Broadmoor.com-0073-2016Redesign;en-US;636409057068610614#m4lb15v20hjn1c1dhvfgmkns;16755;1;0
Lidobeachresort.com-0106-2017Redesign;en-US;636409057069234622#gtc4r4q5iorczputh3akepf1;28666;1;0
Opalsands.com-0084-2016Redesign;en-US;636409057070950644#sfeqqjyh32g2caezvkdmjpjo;20561;1;0
theweststreethotel.com-0115-2017Redesign;en-US;636409057072978670#yrc5zbf4wzejah0clgan531n;37708;1;0
Cphollywoodbeach.com-0032-2015Redesign;en-US;636409057073446676#dghp1bluhzo4w1iv3wb1i43j;7831;1;0
Cocokeyorlando.com-0059-2015Redesign;en-US;636409057076098710#aveayrad0qilotuwxa4n1tk4;12394;1;0
Hospitalityupgrade.com-0093-2016Redesign;en-US;636409057078282738#kv3mjqpxnbkocnobtvtz0dnw;31876;1;0
Broadmoor.com-0073-2016Redesign;en-US;636409057083898810#4dyk3axyzzn0scak1djriych;16772;1;0
Sandpearl.com-0091-2016Redesign;en-US;636409057084210814#3uvqomwndoczmbqj0om1brfg;38056;1;0
Marriottkeylargo.com-0015-2014Redesign;en-US;636409057088110864#poa5lemiaw24nox0yguph2hk;3948;1;0
Galthouse.com-0042-2015Redesign;en-US;636409057088422868#jbp4ck5bkthc2gjm2ssxzv1y;31905;1;0
Galthouse.com-0042-2015Redesign;en-US;636409057088422868#lkdshvzhl5azlq5li1enaiy4;31905;1;0
Cendyn.com-0095-2016Redesign;en-US;636409057088578870#bvp5qmoutnbsyih1xar3jvdk;26640;1;0
Galthouse.com-0042-2015Redesign;en-US;636409057088734872#ockloihbyphacjzaj12o3vwx;31905;1;0
Galthouse.com-0042-2015Redesign;en-US;636409057088734872#tegq4tutqxjo5zfy1kxzogfi;31905;1;0
Longboatkeyclub.com-0104-2017Redesign;en-US;636409057089514882#2o2y2ojqeivyial5x55hlqct;28317;1;0
Courtyardportlandcitycenter.com-0063-2015Redesign;en-US;636409057091386906#ogj5meyzqt50x2s1dm2ekqg2;14545;1;0
Sandpearl.com-0091-2016Redesign;en-US;636409057091542908#n0hkbsvqimzjshvned2ezh4g;22493;1;0
Cendyn.com-0095-2016Redesign;en-US;636409057092322918#b5lnkrqsnvwlshrfsdwzamki;26640;1;0
saddlebrook.com-0011-2014Redesign;en-US;636409057093258930#gmfhreksdmvgxltlv5pxecee;3463;1;0
Bocatrans.com-0082-2016Redesign;en-US;636409057094974952#fjisvues3hpfotvtqkqsuwe3;19758;1;0
Texturefoodanddrink.com-0067-2016Redesign;en-US;636409057094974952#c50csxdqsur31yfed5nr402x;15452;1;0
Treasureislandbeachresort.com-0089-2016Redesign;en-US;636409057094974952#eauxskbab5s14cahnfvdiqno;38057;1;0
Naiaresortandspa.com-0077-2016Redesign;en-US;636409057094974952#3cw0ddjefjihztjintpagllj;20455;1;0
Oxfordclubspa.com-0068-2016Redesign;en-US;636409057095130954#xgrzklsdxez40xngjntww21a;15568;1;0
Glencovemansion.com-0058-2015Redesign;en-US;636409057095130954#spnglj23nn3fk3mfqlhgnznl;13328;1;0
Washingtoncourthotel.com-0076-2016Redesign;en-US;636409057095130954#3cgkhwcjsd5mrxr2xyeahwko;17858;1;0
Meateatery.com-0080-2016Redesign;en-US;636409057095130954#a5h4carshminmjjcciukdslw;18505;1;0
Broadmoor.com-0073-2016Redesign;en-US;636409057095130954#0ptlwkys4avuz0grznhzbw44;38059;1;0
Lakeplacidlodge.com-0105-2017Redesign;en-US;636409057095130954#wulbl0yq4net31ugnwp1pii3;39238;1;0
Luxehotels.com-0078-2016Redesign;en-US;636409057100279020#gohou4emhnfsx0xwhjzbybw0;18805;1;0
Thesagamore.com-0112-2017Redesign;en-US;636409057103243058#fe3gtzavccklr5gq00qs0ees;32348;1;0
theweststreethotel.com-0115-2017Redesign;en-US;636409057106207096#sl2iepckbsgdyggahpldjetq;37709;1;0
Edgewaternaples.com-0094-2016Redesign;en-US;636409057109951144#xrlbfclntnipukq54cwhjoa0;32090;1;0
Passport.lehotels.com-0069-2016BlogRedesign;en-US;636409057110731154#wl53k5rxpo1xe5fbrckeisvu;15730;1;0
Broadmoor.com-0073-2016Redesign;en-US;636409057110887156#2kkdrmiicvf2m4g5l2zdtam1;21866;1;0
Hi-nyc.com-0108-2017Redesogm;en-US;636409057111199160#slqcfbo1vhrcgqlr4vwydc54;30080;1;0
Thesagamore.com-0112-2017Redesign;en-US;636409057111355162#xcqqq1n2iu1eoopc1qqsta0p;33467;1;0
Samosetresort.com-0113-2017Redesign;en-US;636409057113071184#akuoiayjwmkemas5zu5oj0yc;32541;1;0
Thelodgeatwoodloch.com-0033-2015Redesign;en-US;636409057113539190#2zsco0pz3fkrq3jtw5daqyu1;15817;1;0
Samosetresort.com-0113-2017Redesign;en-US;636409057113695192#0magrj0xdth4zcx4qil0xvtp;32541;1;0
Luxehotels.com-0078-2016Redesign;en-US;636409057113695192#rm3g10hjmebofehcszsmjxdw;18805;1;0
Abbingtonbanquets.com-0070-2016Redesign;en-US;636409057114787206#vpkjlho2vwewzj2ogdbicd4c;15789;1;0
Thecurtis.com-0079-2016Redesign;en-US;636409057114787206#aegcke5wgppteflo4oja3jmw;17981;1;0
Opalsands.com-0084-2016Redesign;en-US;636409057114787206#qixidcgne20vdqugzc3xz00v;38055;1;0
Passport.lehotels.com-0069-2016BlogRedesign;en-US;636409057114787206#ijer2kgsusu0f2vrxvwbcwz0;41068;1;0
Zotabeachresort.com-0090-2016Redesign;en-US;636409057114787206#hzjnggyz41rmzipjhe1oiedz;38058;1;0
Longboatkeyclub.com-0104-2017Redesign;en-US;636409057114787206#jvryjz02mwxta33dr0b03hw0;38054;1;0
Cendyn.com-0095-2016Redesign;en-US;636409057114787206#fy3utaf5yis05rwyawqrwawa;26640;1;0
Bluebirch.com-0072-2016Redesign;en-US;636409057114787206#ffu1yu5xntzkjeewquf3luoh;16693;1;0
Napavalleymarriott.com-0071-2016Redesign;en-US;636409057114787206#enxeysgsv0twyrdchw44ppmw;16432;1;0
Jbdukehotel.com-0086-2016Redesign;en-US;636409057114943208#rs343j03tccswoi044sxmvgg;21918;1;0
Sandylane.com-0075-2016Redesign;en-US;636409057115099210#y5s23sruwwoiddrw4pqdf31v;17611;1;0
Beverlyhillsresidenceinn.com-0087-2016Redesign;en-US;636409057115099210#hhtkzknencpj0chkyp3vq0lt;20999;1;0
Chrco.com-0107-2017Redesign;en-US;636409057115255212#uvfxxn0g3emlp5iq55rrevpx;29280;1;0
Degreerestaurant.com-0056-2015Redesign;en-US;636409057115411214#hn2vxqzaygk4q3dmuhn4qo3x;11598;1;0
Jupiterbeachresort.com-0103-2017Redesign;en-US;636409057115411214#0hsroriicd4wsubsmszrwgip;38052;1;0
Samosetresort.com-0113-2017Redesign;en-US;636409057115411214#3ibkpb0eu5crkxpbp0scf4pn;40334;1;0
Thecrawfordhotel.com-0074-2016Redesign;en-US;636409057115567216#h40weg1dkh0kffhdtmvz55dt;17145;1;0
Thesagamore.com-0112-2017Redesign;en-US;636409057115567216#v0j1kxr4zlzlfiiywubqqjoj;39241;1;0
Theharborsidehotel.com-0114-2017Redesign;en-US;636409057115567216#lxpr5t20500trvums1iztlmt;40403;1;0
Assuranceoperations.com-0065-2015Redesign;en-US;636409057115723218#15uz55xyx2bhypk0qkq5yaad;15263;1;0
Cendyn.com-0095-2016Redesign;en-US;636409057115723218#ugwgcfpnim31zm5j1ouibyne;26640;1;0
Cendyn.com-0095-2016Redesign;en-US;636409057115879220#1cdnufupqjhejsgsyzy4313r;26640;1;0
Lidobeachresort.com-0106-2017Redesign;en-US;636409057115879220#tams3et3mhiow4cvfc3ovcgn;38053;1;0
Theoxfordhotel.com-0062-2015Redesign;en-US;636409057116191224#2spaupr2hnike4apeoaiimin;14325;1;0
Hhotellosangeles.com-0118-2017Redesign;en-US;636409057116503228#ulbva0c34qecr3cj5svk53xp;35289;1;0
Luxehotels.com-0078-2016Redesign;en-US;636409057116503228#xi2krrvveopukt2cnv5yzsv2;18805;1;0
Homewoodsuiteslax.com-0110-2017Redesign;en-US;636409057116659230#skb3o2d444yc3hjigtea0ood;30747;1;0
Delraysandsresort.com-0097-2016Redesign;en-US;636409057116659230#oqop54jjo3xqpf4xaglovz0o;38049;1;0
Galthouse.com-0042-2015Redesign;en-US;636409057116815232#rumwbjx4u3rigwshml5qcwsn;38060;1;0
Halcyonhotelcherrycreek.com-0061-2015Redesign;en-US;636409057116971234#vcc13rqt11w0d5sqnzk5uflq;22121;1;0
Edgewaternaples.com-0094-2016Redesign;en-US;636409057116971234#4xhpvolqwkn0lljueykhkkyr;38051;1;0
Hospitalityupgrade.com-0093-2016Redesign;en-US;636409057117127236#dkwk34unwqh1meu1pvoqsg1o;25405;1;0
Galthouse.com-0042-2015Redesign;en-US;636409057118219250#iflfcjsvjcb42drfzwmfpbls;31905;1;0
theweststreethotel.com-0115-2017Redesign;en-US;636409057119779270#0t20hw4tw1vt5zqifuthq5rh;37710;1;0
Luxehotels.com-0078-2016Redesign;en-US;636409057122275302#zy5myvl3hwwbpkiwegiq3ccf;18805;1;0
Galthouse.com-0042-2015Redesign;en-US;636409057123523318#oe3bbklo3jg4ane3gwbc2i50;31905;1;0
Broadmoor.com-0073-2016Redesign;en-US;636409057126487356#ipvb5q3clmczcmzzrzre4aon;16721;1;0
Samosetresort.com-0113-2017Redesign;en-US;636409057127267366#wt4044kypdchnqitthoair2h;32554;1;0
Mysageinternship.com-0051-2015Redesign;en-US;636409057127579370#kq222ntjv211cvihg1ilcy4i;11336;1;0
Minnetonkamarriott.com-0039-2015Redesign;en-US;636409057127579370#2rbmhgqeo0eywypatgddma5g;8817;1;0
Thesagamore.com-0112-2017Redesign;en-US;636409057128359380#mdnwrzeislnjvbmyw5kjhxti;32339;1;0
Thesagamore.com-0112-2017Redesign;en-US;636409057129919400#mdnwrzeislnjvbmyw5kjhxti;32339;1;0
Broadmoor.com-0073-2016Redesign;en-US;636409057130075402#ipvb5q3clmczcmzzrzre4aon;16721;1;0
Broadmoor.com-0073-2016Redesign;en-US;636409057130387406#ipvb5q3clmczcmzzrzre4aon;16721;1;0
Thesagamore.com-0112-2017Redesign;en-US;636409057130855412#zsr4eqvhynb5xdf5mmxgl2mh;33569;1;0
Broadmoor.com-0073-2016Redesign;en-US;636409057131635422#k4iyex3l2dkrvctzuwsgryxb;35327;1;0
Monarchbeachresort.com-0092-2016Redesign;en-US;636409057131947426#evlvemejzvcxlap0pbw5tvls;22847;1;0
theweststreethotel.com-0115-2017Redesign;en-US;636409057132571434#3wlowcrke1vbdzzxj2zdc0hz;37661;1;0
Sandpearl.com-0091-2016Redesign;en-US;636409057134131454#bcowukcjehybecygmksfnqh5;38056;1;0
Residenceinnnyc.com-0034-2015Redesign;en-US;636409057138187506#kz1f5lsyyzvnxjephlg2muvs;7926;1;0
Cendyn.com-0095-2016Redesign;en-US;636409057138499510#juhwrjrkq4lqjrw5evltni3f;26640;1;0
Thecurtis.com-0079-2016Redesign;en-US;636409057140839540#30eteoimtkb3bdxwcnil3all;18015;1;0
Cendyn.com-0095-2016Redesign;en-US;636409057142243558#vgcz1j41vxw4zfimlngkj10f;26640;1;0
Assuranceoperations.com-0065-2015Redesign;en-US;636409057143647576#oyggxahvke0vwgus4y1cqpjg;15263;1;0
Miravalspamonarchbeach.com-0109-2017Redesign;en-US;636409057143803578#ejon534x4lbszwhuvr2jwbhh;33978;1;0
Thesagamore.com-0112-2017Redesign;en-US;636409057144115582#azngvayrrpuajotnjo0ji1vj;32355;1;0
Meateatery.com-0080-2016Redesign;en-US;636409057145051594#gnxp0xzordb5rs4ussp4f30z;18505;1;0
Texturefoodanddrink.com-0067-2016Redesign;en-US;636409057145051594#tkqcjho0mtf13csihs0jpfxt;15452;1;0
Washingtoncourthotel.com-0076-2016Redesign;en-US;636409057145051594#y3q0w15pvoqvwbfi24ikuilk;17858;1;0
Bocatrans.com-0082-2016Redesign;en-US;636409057145051594#crl50fkwqv4wiugulzg5zqqh;19758;1;0
Glencovemansion.com-0058-2015Redesign;en-US;636409057145051594#n2mizxhoekk0u4eiqupqf1lz;13328;1;0
Oxfordclubspa.com-0068-2016Redesign;en-US;636409057145051594#qp0pu50lb1zd322iqih3snan;15568;1;0
Lakeplacidlodge.com-0105-2017Redesign;en-US;636409057145207596#c1ref23afefhtilpg54pd5jq;39238;1;0
Hospitalityupgrade.com-0093-2016Redesign;en-US;636409057145207596#s15wlrjvsdf4qrwzlvgnq3xr;22790;1;0
Broadmoor.com-0073-2016Redesign;en-US;636409057145207596#c4j4cjlmf0zgy3ualu4d2xu0;38059;1;0
Treasureislandbeachresort.com-0089-2016Redesign;en-US;636409057145363598#qpu00h3i0pu3dbw5vy0cfon2;38057;1;0
Naiaresortandspa.com-0077-2016Redesign;en-US;636409057145519600#kx4bvm5qqt0bvn3n5dub0hrp;20455;1;0
Thesagamore.com-0112-2017Redesign;en-US;636409057146455612#ymecre34ufo4vhmbvclz3r1p;33923;1;0
theweststreethotel.com-0115-2017Redesign;en-US;636409057147391624#xdqfc00ljjxn4rmmv0x2mrke;37711;1;0
Sandpearl.com-0091-2016Redesign;en-US;636409057149887656#xavdptjguvrajwcn3cda13ig;22481;1;0
Monarchbeachresort.com-0092-2016Redesign;en-US;636409057152695692#fuxyjetuvfw15gsd30iqp5wm;22725;1;0
Thesagamore.com-0112-2017Redesign;en-US;636409057153631704#w5waglneurwte1eeayy3zzap;33447;1;0
Galthouse.com-0042-2015Redesign;en-US;636409057154099710#th40xda1l1l2tvl4mqmbcjwy;31905;1;0
Galthouse.com-0042-2015Redesign;en-US;636409057154411714#swteknhdyfkppq45kjnnjxfm;31905;1;0
theweststreethotel.com-0115-2017Redesign;en-US;636409057154411714#1axsbnvsa5wybwv5ckybcdqv;36683;1;0
Broadmoor.com-0073-2016Redesign;en-US;636409057159091774#tjvgtvbnkisb252n2ts5k3kv;16724;1;0
theweststreethotel.com-0115-2017Redesign;en-US;636409057159559780#xhhljmenmi0k5z2zkiy0fwyt;37712;1;0
Lehotels.com-0049-2015Transfer;en-US;636409057160183788#2j2g5klv0ukf241hz4vzritw;13995;1;0
Broadmoor.com-0073-2016Redesign;en-US;636409057162055812#tjvgtvbnkisb252n2ts5k3kv;16724;1;0
Zotabeachresort.com-0090-2016Redesign;en-US;636409057164707846#to1vmfiubhnmgkcsd4oxw5ls;38058;1;0
Longboatkeyclub.com-0104-2017Redesign;en-US;636409057164707846#rnxs5fxbtv0wbeibpauvgoie;38054;1;0
Galthouse.com-0042-2015Redesign;en-US;636409057164707846#3ov4yd0tvbyjaxg0lqdgsqc3;38060;1;0
Halcyonhotelcherrycreek.com-0061-2015Redesign;en-US;636409057164707846#fptohzzpnlgvxt2d3sy4wtn3;22121;1;0
Thecurtis.com-0079-2016Redesign;en-US;636409057164863848#lmq4u400u4yzczraho0wijum;17981;1;0
Hospitalityupgrade.com-0093-2016Redesign;en-US;636409057164863848#hway2mg5v0doag13b34slz3r;25405;1;0
Edgewaternaples.com-0094-2016Redesign;en-US;636409057164863848#ijlqo12oizig3wvxzuoxraco;38051;1;0
Theharborsidehotel.com-0114-2017Redesign;en-US;636409057164863848#smu15drfh002x4t000otftp2;40403;1;0
Abbingtonbanquets.com-0070-2016Redesign;en-US;636409057165019850#soqvpfrlhdhb3qadlgfrzhns;15789;1;0
Jbdukehotel.com-0086-2016Redesign;en-US;636409057165019850#dhsxnhoipohhnvs1jaswm2mk;21918;1;0
Napavalleymarriott.com-0071-2016Redesign;en-US;636409057165019850#u0nigdrqpunltw0weyneah4b;16432;1;0
Assuranceoperations.com-0065-2015Redesign;en-US;636409057165019850#vd2jkyzh3saaajecihm1qu1k;15263;1;0
Hhotellosangeles.com-0118-2017Redesign;en-US;636409057165175852#djplo4jgekvy4liyajfi2jdk;35289;1;0
Chrco.com-0107-2017Redesign;en-US;636409057165175852#efctd2z3hhsfsqk2edbxk334;29280;1;0
Thecrawfordhotel.com-0074-2016Redesign;en-US;636409057165175852#jsyj1rscsuxhybshofy4kfyq;17145;1;0
Opalsands.com-0084-2016Redesign;en-US;636409057165331854#h0hbvyywrvypf0hvlzqgc2bk;38055;1;0
Theoxfordhotel.com-0062-2015Redesign;en-US;636409057165331854#0rrc4h1kocidt51wxnx2rspg;14325;1;0
Sandylane.com-0075-2016Redesign;en-US;636409057166423868#33qe2tgzr2bcigkf3lut0qri;17611;1;0
Beverlyhillsresidenceinn.com-0087-2016Redesign;en-US;636409057166579870#aksk5sem32hphgpw5ruaimqu;20999;1;0
Luxehotels.com-0078-2016Redesign;en-US;636409057166579870#0301calno3pwubcvwpf1yy43;18805;1;0
Homewoodsuiteslax.com-0110-2017Redesign;en-US;636409057166579870#dk02gqzy3ln4522nzis3jk5y;30747;1;0
Passport.lehotels.com-0069-2016BlogRedesign;en-US;636409057166735872#yxf2dh1dar2zyjvhxqoopmhm;41068;1;0
Thesagamore.com-0112-2017Redesign;en-US;636409057166891874#uovm5n3irbgevdpzm5m2rju1;39241;1;0
Lidobeachresort.com-0106-2017Redesign;en-US;636409057166891874#w32herx1gvh2uapuhb5rx5tq;38053;1;0
Cendyn.com-0095-2016Redesign;en-US;636409057166891874#ydt3sholp1oc5cgfvgm50vjz;26640;1;0
Delraysandsresort.com-0097-2016Redesign;en-US;636409057166891874#mczc5qimwivfuwzyms3zbrmy;38049;1;0
Jupiterbeachresort.com-0103-2017Redesign;en-US;636409057166891874#qgqven301siqjoffg5safzsz;38052;1;0
Samosetresort.com-0113-2017Redesign;en-US;636409057167047876#5zljkinsqi0pd1fieyv52mlj;40334;1;0
Degreerestaurant.com-0056-2015Redesign;en-US;636409057167359880#2dmraw0z3l0ddo1bvcxs5xzt;11598;1;0
Cendyn.com-0095-2016Redesign;en-US;636409057167359880#eomxgyuwbdgcri4uj2odjivw;26640;1;0
Bluebirch.com-0072-2016Redesign;en-US;636409057167359880#jlc405nmonqkhchombs2zvme;16693;1;0
Cendyn.com-0095-2016Redesign;en-US;636409057167515882#5n4ggp34td2x40gtf0h0ywwf;26640;1;0
Longboatkeyclub.com-0104-2017Redesign;en-US;636409057168139890#rbhhu4huiws1cjbccsmm3dwj;28316;1;0
Galthouse.com-0042-2015Redesign;en-US;636409057169075902#n2gutgutfyekcmndusorv3a5;10570;1;0
Longboatkeyclub.com-0104-2017Redesign;en-US;636409057169387906#lecnugqju3rlbfsmvawlemz1;28349;1;0
Treasureislandbeachresort.com-0089-2016Redesign;en-US;636409057169855912#a4cvjrtjisgr1udii2rgtpcx;22217;1;0
Marriottdelraybeach.com-0009-2014Redesign;en-US;636409057171883938#513blvcbapoelcehwkfunjgy;2829;1;0
theweststreethotel.com-0115-2017Redesign;en-US;636409057171883938#yoxwkywzmgd20jvr3phjyekd;37713;1;0
Thelodgeatwoodloch.com-0033-2015Redesign;en-US;636409057173287956#eebc55wz1zmsxaqgvoxhhqbs;7782;1;0
Longboatkeyclub.com-0104-2017Redesign;en-US;636409057173599960#uaawx3kbw4uhsk1f5x5304yu;28316;1;0
Thesagamore.com-0112-2017Redesign;en-US;636409057174535972#uqdqzjf5rxovsxwslllfv0lg;33924;1;0
Cocokeyorlando.com-0059-2015Redesign;en-US;636409057174691974#egn1hzz2h0qfcbihh0ds53pj;12394;1;0
Edgewaternaples.com-0094-2016Redesign;en-US;636409057174847976#cpvdovkmjrv32nhr1kturyfe;25239;1;0
Cendyn.com-0095-2016Redesign;en-US;636409057175003978#mnuacdlaipbvyufst12imfm1;26815;1;0
Edgewaternaples.com-0094-2016Redesign;en-US;636409057175159980#mmz2q4lfj1u12qjhiz3gfqe3;25239;1;0
Broadmoor.com-0073-2016Redesign;en-US;636409057180308046#yzexl2yhy3cq5h5pbewiib0t;16722;1;0
Luxehotels.com-0078-2016Redesign;en-US;636409057180776052#rm3g10hjmebofehcszsmjxdw;18805;1;0
Washingtoncourthotel.com-0076-2016Redesign;en-US;636409057181088056#40oz5wauevye3oaoxxoy5sw0;17858;1;0
Cocokeyorlando.com-0059-2015Redesign;en-US;636409057182648076#egn1hzz2h0qfcbihh0ds53pj;12394;1;0
Cocokeyorlando.com-0059-2015Redesign;en-US;636409057183116082#egn1hzz2h0qfcbihh0ds53pj;12394;1;0
Sandpearl.com-0091-2016Redesign;en-US;636409057184052094#wmdje2q0kpbreebudtax3uhq;38056;1;0
Thelodgeatwoodloch.com-0033-2015Redesign;en-US;636409057184208096#55g4cs4sshi21rqqlwlk1efo;7764;1;0
theweststreethotel.com-0115-2017Redesign;en-US;636409057184676102#fdqgdk0ka34ze4b3pyaxilan;37662;1;0
Luxehotels.com-0078-2016Redesign;en-US;636409057184988106#24dudh3520blbqhaypim4d5d;18805;1;0
Thesagamore.com-0112-2017Redesign;en-US;636409057185768116#qpk2jcduja1o2f3dmapucwwo;32339;1;0
Beverlyhillsresidenceinn.com-0087-2016Redesign;en-US;636409057186080120#epvplstnxn2fphka1pceuk3w;20999;1;0
Abbingtonbanquets.com-0070-2016Redesign;en-US;636409057186080120#4wrjztlqklswyftydjrwdkqa;15789;1;0
Miravalspamonarchbeach.com-0109-2017Redesign;en-US;636409057186080120#ejon534x4lbszwhuvr2jwbhh;33978;1;0
Cendyn.com-0095-2016Redesign;en-US;636409057188576152#qhsk12zb2qkjwdfnnc21ausg;26640;1;0
Thesagamore.com-0112-2017Redesign;en-US;636409057191384188#fe3gtzavccklr5gq00qs0ees;33543;1;0
Cendyn.com-0095-2016Redesign;en-US;636409057192320200#ldnz5pzgw4qc15424wjnmwm3;26640;1;0
Naiaresortandspa.com-0077-2016Redesign;en-US;636409057194972234#dkehxe20igjh2h33eib3c2bj;20455;1;0
Washingtoncourthotel.com-0076-2016Redesign;en-US;636409057194972234#1v4qzl55nay0t3ixcoowqfz1;17858;1;0
Bocatrans.com-0082-2016Redesign;en-US;636409057195128236#kpj2lqw11kz3ypznmm0oyku3;19758;1;0
Texturefoodanddrink.com-0067-2016Redesign;en-US;636409057195128236#414pavt2lqxk3pxxqrfwrln1;15452;1;0
Meateatery.com-0080-2016Redesign;en-US;636409057195128236#udwt4d040wbc4xfci4rh2hzl;18505;1;0
Lakeplacidlodge.com-0105-2017Redesign;en-US;636409057195128236#04cr1r4c5ul5uuzsormkx5kv;39238;1;0
Glencovemansion.com-0058-2015Redesign;en-US;636409057195284238#1st33uflz55czzatsrpjmmdj;13328;1;0
Broadmoor.com-0073-2016Redesign;en-US;636409057195284238#ykq04odpk02d1tihsghexikw;38059;1;0
Oxfordclubspa.com-0068-2016Redesign;en-US;636409057195284238#sod2g5xgyyimq2x0qejrvorb;15568;1;0
Treasureislandbeachresort.com-0089-2016Redesign;en-US;636409057195284238#zsq4gl3xoyp54jlm4ciljvp3;38057;1;0
theweststreethotel.com-0115-2017Redesign;en-US;636409057195908246#qyiapjvn0a3wnrk2exu2fn4r;37715;1;0
Hospitalityupgrade.com-0093-2016Redesign;en-US;636409057198560280#tnk1rg2oefuftfctuy5zjn5c;22790;1;0
