Cendyn.com-0095-2016Redesign;en-US;636409010400456312#hhr4grkokoj1yxvcmi0dwsz5;26640;1;0
Broadmoor.com-0073-2016Redesign;en-US;636409010400768316#cwiurzfo4ndpa1tfwprjzgva;38059;1;0
Cendyn.com-0095-2016Redesign;en-US;636409010400768316#japggsjvfg2r3uefcjlgvmxq;26640;1;0
Glencovemansion.com-0058-2015Redesign;en-US;636409010401080320#ar4ozfecy2bfzksqqm4lwgv3;13328;1;0
theweststreethotel.com-0115-2017Redesign;en-US;636409010403420350#xsytqo4df0h0c2qqtb53zibn;36718;1;0
Monarchbeachresort.com-0092-2016Redesign;en-US;636409010403732354#nhjiqygp4ehsibc5ismscasc;26800;1;0
Cendyn.com-0095-2016Redesign;en-US;636409010414652494#nsfjpmevso4b1dkqicru1q1v;26640;1;0
Hhotellosangeles.com-0118-2017Redesign;en-US;636409010414808496#ak2wviakaxbnrozwpp1zh05c;35289;1;0
Thecurtis.com-0079-2016Redesign;en-US;636409010415744508#0xt5rkuvcm0h01hu3uzvi5yk;17981;1;0
Degreerestaurant.com-0056-2015Redesign;en-US;636409010416992524#t0hmsj1kzfuqyf3qkvzzbs5i;11598;1;0
Beverlyhillsresidenceinn.com-0087-2016Redesign;en-US;636409010418084538#yf3ytzk0uti5ivybeqwaawv1;20999;1;0
Washingtoncourthotel.com-0076-2016Redesign;en-US;636409010418708546#gzfuu1tor5coxjgmot2vcacg;17858;1;0
Lakeplacidlodge.com-0105-2017Redesign;en-US;636409010418864548#ixeau2cbzkakn42ttvpcdagy;39238;1;0
Treasureislandbeachresort.com-0089-2016Redesign;en-US;636409010419332554#ms0xdvgo1zc4hyjmenpkcv5y;38057;1;0
Glencovemansion.com-0058-2015Redesign;en-US;636409010419956562#vqnkwotdzi0vtzfwtmscvgna;13328;1;0
Bluebirch.com-0072-2016Redesign;en-US;636409010420268566#qtijpaubsvumlyqdaglr2zyt;16693;1;0
Bocatrans.com-0082-2016Redesign;en-US;636409010421204578#l3aqwd3m3se0tyguqp1vq12p;19758;1;0
Thecrawfordhotel.com-0074-2016Redesign;en-US;636409010421360580#mjlsobvxm021rf2qg3ows2kh;17145;1;0
Homewoodsuiteslax.com-0110-2017Redesign;en-US;636409010421984588#it4qdhshl0vltw3ciezfqbbv;30747;1;0
Theoxfordhotel.com-0062-2015Redesign;en-US;636409010423700610#bxo4a1dehmagbkf5h1yk1loy;14325;1;0
Texturefoodanddrink.com-0067-2016Redesign;en-US;636409010425104628#w2k0sqaeznmvzxfaoviyp5xp;15452;1;0
Galthouse.com-0042-2015Redesign;en-US;636409010425416632#mwia5ph200ajgdwkmjgcdscl;38060;1;0
Theharborsidehotel.com-0114-2017Redesign;en-US;636409010425572634#5xchxqvvyp5xcnfubahixebo;40403;1;0
Opalsands.com-0084-2016Redesign;en-US;636409010426508646#vv5w0c5dlo5g02d0bed2d4wn;38055;1;0
Zotabeachresort.com-0090-2016Redesign;en-US;636409010426976652#wy2dg23rwig14lphzs1kkjfn;38058;1;0
Jbdukehotel.com-0086-2016Redesign;en-US;636409010426976652#kqkudzffday5vripoeamcmtv;21918;1;0
Samosetresort.com-0113-2017Redesign;en-US;636409010427912664#dx42e4lcjmey3yercsqtcpeg;40334;1;0
Jupiterbeachresort.com-0103-2017Redesign;en-US;636409010428848676#pvau0qxia2zsen4rtgbbtsjk;38052;1;0
Edgewaternaples.com-0094-2016Redesign;en-US;636409010428848676#rzj5yuaguussrbztwsec2ugt;38051;1;0
Luxehotels.com-0078-2016Redesign;en-US;636409010429316682#vfy5bbw25bxczmnqgkv4nz5c;18805;1;0
Oxfordclubspa.com-0068-2016Redesign;en-US;636409010430876702#p3tuxfubfpsg1rs5oxhgylpk;15568;1;0
Assuranceoperations.com-0065-2015Redesign;en-US;636409010431656712#bpm4few3s0mkmafrqlr1trit;15263;1;0
Chrco.com-0107-2017Redesign;en-US;636409010432904728#ufk1fyjipfiblmxjlroaj1up;29280;1;0
Abbingtonbanquets.com-0070-2016Redesign;en-US;636409010433996742#wkzraphsewoagkfgjcy1vejp;15789;1;0
Sandylane.com-0075-2016Redesign;en-US;636409010434152744#5oovi4za4wnuy110txyvbpo4;17611;1;0
Meateatery.com-0080-2016Redesign;en-US;636409010434776752#tnagcb0gituxpvrmdonej3o4;18505;1;0
Halcyonhotelcherrycreek.com-0061-2015Redesign;en-US;636409010435556762#eqdv3dlxz0ihma4dy3co4thf;22121;1;0
Naiaresortandspa.com-0077-2016Redesign;en-US;636409010435712764#3gaa34wgyxsryfqa1jrx3hlu;20455;1;0
Galthouse.com-0042-2015Redesign;en-US;636409010435712764#sdwnzsb51uauj0m1q2wzhkxq;10563;1;0
Hospitalityupgrade.com-0093-2016Redesign;en-US;636409010437272784#vwi4lhwhslefmiudzynbvhvx;37631;1;0
Delraysandsresort.com-0097-2016Redesign;en-US;636409010437428786#nrzd011mkjafumf4alfyszkn;38049;1;0
Hospitalityupgrade.com-0093-2016Redesign;en-US;636409010441328836#gafxdlexbunuvxjfm4rxi4yx;25405;1;0
Passport.lehotels.com-0069-2016BlogRedesign;en-US;636409010441328836#w5cfmbiwxtxgqbxy53wvzv3o;41068;1;0
Broadmoor.com-0073-2016Redesign;en-US;636409010441328836#ixyuwhux1gwzirugd4iear02;18259;1;0
Longboatkeyclub.com-0104-2017Redesign;en-US;636409010442576852#vadybgjfj13xnlqvjt3k24h0;28328;1;0
Monarchbeachresort.com-0092-2016Redesign;en-US;636409010442732854#ezrdwv0z4b3xv1y34yotg0ep;22725;1;0
Delraysandsresort.com-0097-2016Redesign;en-US;636409010443512864#wrxfeojt3nrkqu230hlbk4jf;27232;1;0
Lehotels.com-0049-2015Transfer;en-US;636409010443668866#iyparjrj0kkojyhzg2nazqeb;12108;1;0
Theharborsidehotel.com-0114-2017Redesign;en-US;636409010444760880#g5d4cmbwqc4gnlazdohbrydk;37571;1;0
Cendyn.com-0095-2016Redesign;en-US;636409010444916882#jzqdfupn5tk4lnqql4npfxog;26640;1;0
Cendyn.com-0095-2016Redesign;en-US;636409010444916882#2sxislmfatsiunpmp11gjne2;26640;1;0
Cendyn.com-0095-2016Redesign;en-US;636409010444916882#pqssuhgwvmebrbor5etca3q5;26640;1;0
Cendyn.com-0095-2016Redesign;en-US;636409010444916882#i5cbrrf4y2yby2yzsdb11vez;26640;1;0
Oxfordclubspa.com-0068-2016Redesign;en-US;636409010444916882#ecc4cahi1ua2alziaaoabs22;15568;1;0
Napavalleymarriott.com-0071-2016Redesign;en-US;636409010444916882#vxo23aiyynqbckdzlwpxhbgo;26847;1;0
Galthouse.com-0042-2015Redesign;en-US;636409010445072884#sdwnzsb51uauj0m1q2wzhkxq;10563;1;0
Napavalleymarriott.com-0071-2016Redesign;en-US;636409010445072884#4a02ujgsm0mcmfhhewkzhjx0;16432;1;0
Cphollywoodbeach.com-0032-2015Redesign;en-US;636409010445228886#gtltacxpo2zjngpkq4sw51ke;7831;1;0
Sandpearl.com-0091-2016Redesign;en-US;636409010445228886#hwv4izsxkpl0e03ef32poiut;38056;1;0
Thesagamore.com-0112-2017Redesign;en-US;636409010445384888#2cvji3heshm1yx144shvfb0b;39241;1;0
Lidobeachresort.com-0106-2017Redesign;en-US;636409010445384888#vodryssntmyxwajo1jf0cvaa;38053;1;0
Chrco.com-0107-2017Redesign;en-US;636409010446008896#kukfmpa4134zgpjcr2ljykb1;31152;1;0
Longboatkeyclub.com-0104-2017Redesign;en-US;636409010446164898#r204jisqcghkqy22hvgc5itn;38054;1;0
Thesagamore.com-0112-2017Redesign;en-US;636409010449284938#rygpf5nfueoa1rnxfa20gxd3;33922;1;0
theweststreethotel.com-0115-2017Redesign;en-US;636409010449284938#xsytqo4df0h0c2qqtb53zibn;37721;1;0
Broadmoor.com-0073-2016Redesign;en-US;636409010449440940#rcfpbkhsddrczqsbv03ggcsb;18259;1;0
Cendyn.com-0095-2016Redesign;en-US;636409010450532954#pbkjfbuwt2ucxohxvtmr3s5b;26640;1;0
Broadmoor.com-0073-2016Redesign;en-US;636409010450688956#3g4xinor3mgdrlnos5eyrll1;16721;1;0
Broadmoor.com-0073-2016Redesign;en-US;636409010450688956#2oph0zugfnv223arltrc20au;38059;1;0
Delraysandsresort.com-0097-2016Redesign;en-US;636409010454121000#wrxfeojt3nrkqu230hlbk4jf;27232;1;0
Monarchbeachresort.com-0092-2016Redesign;en-US;636409010454433004#nhjiqygp4ehsibc5ismscasc;26788;1;0
Beverlyhillsresidenceinn.com-0087-2016Redesign;en-US;636409010454433004#aspu10mu3mdtcspttz4yvqtx;20999;1;0
Glencovemansion.com-0058-2015Redesign;en-US;636409010454589006#vzjose54pybstrvsw5aozopw;13328;1;0
Washingtoncourthotel.com-0076-2016Redesign;en-US;636409010454589006#u4zcsf2h5gx0x0ftidnea3yf;17858;1;0
Thecrawfordhotel.com-0074-2016Redesign;en-US;636409010454589006#h0hsv3z1febfbuaopdxur3tj;17145;1;0
Meateatery.com-0080-2016Redesign;en-US;636409010454589006#van1xegqopcbw5qssb2twsl3;18505;1;0
Treasureislandbeachresort.com-0089-2016Redesign;en-US;636409010454589006#nvw411ocgzavsa0lbwcnyjjq;38057;1;0
Degreerestaurant.com-0056-2015Redesign;en-US;636409010454589006#y1rkotffit5p502vnopxojx2;11598;1;0
Bocatrans.com-0082-2016Redesign;en-US;636409010454589006#ms4kivizqnjddwbksdg2wc4w;19758;1;0
Thecurtis.com-0079-2016Redesign;en-US;636409010454589006#hyrjkzhn55xxjzigga3z33me;17981;1;0
Assuranceoperations.com-0065-2015Redesign;en-US;636409010454589006#4wq13oxu0aup3o14e0sesd0t;15263;1;0
Oxfordclubspa.com-0068-2016Redesign;en-US;636409010454745008#4nftbthdtm2ot0ssqxislqyd;15568;1;0
Texturefoodanddrink.com-0067-2016Redesign;en-US;636409010454745008#u2yaqbak00cw4md3g5mvayd5;15452;1;0
Zotabeachresort.com-0090-2016Redesign;en-US;636409010454745008#5gbz1wfubjgp2mhghimisw0y;38058;1;0
Galthouse.com-0042-2015Redesign;en-US;636409010454745008#sj00y1ijtzfdenvnpmzxg3z4;38060;1;0
Abbingtonbanquets.com-0070-2016Redesign;en-US;636409010454901010#pywf2khddeur2zr0gjtu0veq;15789;1;0
Theoxfordhotel.com-0062-2015Redesign;en-US;636409010454901010#ite1hqansdy5og5ntqwhtqwa;14325;1;0
Samosetresort.com-0113-2017Redesign;en-US;636409010454901010#bvv1zvlael0rqidzw0wvsgbo;40334;1;0
Naiaresortandspa.com-0077-2016Redesign;en-US;636409010455057012#nmbbss3sxqdrt2jrqj3m4bqo;20455;1;0
Bluebirch.com-0072-2016Redesign;en-US;636409010455057012#fghs2kvvq2xuepwhzpigdpm0;16693;1;0
Lakeplacidlodge.com-0105-2017Redesign;en-US;636409010455057012#2osiejtqcbelnmz1asd4fdtl;39238;1;0
Opalsands.com-0084-2016Redesign;en-US;636409010455057012#v5cy5dt5vlywopw5log14dzk;38055;1;0
Hhotellosangeles.com-0118-2017Redesign;en-US;636409010455213014#ug1mxxz1bfcqn5d35udgjtz1;35289;1;0
Luxehotels.com-0078-2016Redesign;en-US;636409010455369016#4ti0mozsssrubxgwlajgmj3k;18805;1;0
Chrco.com-0107-2017Redesign;en-US;636409010455525018#dqmdbqdsc5x5ecwayf5z0i0o;29280;1;0
Theharborsidehotel.com-0114-2017Redesign;en-US;636409010455525018#ciuwspipeq2pzpxtjf1tr4le;40403;1;0
Jbdukehotel.com-0086-2016Redesign;en-US;636409010455681020#hldj0k0wk2ad04hs0dwnekrn;21918;1;0
Jupiterbeachresort.com-0103-2017Redesign;en-US;636409010455681020#gb4axnfgaiq0ssml5owseynu;38052;1;0
Sandylane.com-0075-2016Redesign;en-US;636409010455681020#kpnsllk0pizmeej2wkovrhk3;17611;1;0
Edgewaternaples.com-0094-2016Redesign;en-US;636409010455681020#se5l5q3rubybtdr1vd4fqnc3;38051;1;0
Halcyonhotelcherrycreek.com-0061-2015Redesign;en-US;636409010456149026#jym2b0tnxujruxs4fpwi2y5b;22121;1;0
Homewoodsuiteslax.com-0110-2017Redesign;en-US;636409010456149026#inixy2duhagsnvypwnpg2fok;30747;1;0
Delraysandsresort.com-0097-2016Redesign;en-US;636409010456305028#wrxfeojt3nrkqu230hlbk4jf;27232;1;0
Broadmoor.com-0073-2016Redesign;en-US;636409010456305028#3g4xinor3mgdrlnos5eyrll1;16721;1;0
Broadmoor.com-0073-2016Redesign;en-US;636409010456461030#s40a45nlvq5fqmms0piwgapd;16728;1;0
Hospitalityupgrade.com-0093-2016Redesign;en-US;636409010462233104#rke0c1ktvug0zggtoqfk1l13;25405;1;0
Springhillsuitesdenver.com-0060-2015Redesign;en-US;636409010464417132#srijjyu3toler34a5h4odqr4;12307;1;0
Hospitalityupgrade.com-0093-2016Redesign;en-US;636409010464573134#pq1i3ffbzusiipe0zp1leyzm;25405;1;0
Delraysandsresort.com-0097-2016Redesign;en-US;636409010465821150#0n5dj5zfyh24fnjjpvtex3pl;38049;1;0
Passport.lehotels.com-0069-2016BlogRedesign;en-US;636409010467537172#kpnwkbd5cfxlfjtuhbm32mhf;41068;1;0
Cendyn.com-0095-2016Redesign;en-US;636409010468941190#meivqjvedsgqetcelpg2e3nm;26640;1;0
Broadmoor.com-0073-2016Redesign;en-US;636409010470345208#pja5n2di52brlgnglq3ebye0;16721;1;0
Hospitalityupgrade.com-0093-2016Redesign;en-US;636409010471437222#vwi4lhwhslefmiudzynbvhvx;39359;1;0
Thesagamore.com-0112-2017Redesign;en-US;636409010474713264#beksat4hyau34015k24qynvm;33921;1;0
Thesagamore.com-0112-2017Redesign;en-US;636409010477521300#sevrx2i4bu3oshznsymuh1gn;39241;1;0
Thecurtis.com-0079-2016Redesign;en-US;636409010477989306#25uywdowic2eokhjobzcwxik;19185;1;0
Lidobeachresort.com-0106-2017Redesign;en-US;636409010478301310#jttm2rymdrhqqnvllf50nja3;38053;1;0
Napavalleymarriott.com-0071-2016Redesign;en-US;636409010478925318#tojx4qfeldfer0qzcenpms5r;16432;1;0
Longboatkeyclub.com-0104-2017Redesign;en-US;636409010478925318#dltji0xb0oyfb4ctmdxrjj0g;38054;1;0
Theloganhotel.com-0043-2015Redesign;en-US;636409010479705328#3klca1mcmp4e1n1hva2qrpuz;18416;1;0
Broadmoor.com-0073-2016Redesign;en-US;636409010479861330#1kzv4xiqbjxgpttgbuy2szmx;16721;1;0
Napavalleymarriott.com-0071-2016Redesign;en-US;636409010479861330#vxo23aiyynqbckdzlwpxhbgo;25446;1;0
Cphollywoodbeach.com-0032-2015Redesign;en-US;636409010480017332#1y10o155ibgx2joifge01lex;7831;1;0
Hospitalityupgrade.com-0093-2016Redesign;en-US;636409010480017332#xqc4yxxxeq10rziyihv3oyww;22790;1;0
Cendyn.com-0095-2016Redesign;en-US;636409010480329336#zubibm3cy5zcfzvvc51weeap;26640;1;0
Cendyn.com-0095-2016Redesign;en-US;636409010480329336#1pw0gqqqmzivbmrix31zi5zd;26640;1;0
Cendyn.com-0095-2016Redesign;en-US;636409010480485338#xmr3g5jh0b42eebb33uiwlfr;26640;1;0
Cendyn.com-0095-2016Redesign;en-US;636409010480641340#px3nh1dvatrde4vdtjliobwe;26640;1;0
Springhillsuitesdenver.com-0060-2015Redesign;en-US;636409010481733354#srijjyu3toler34a5h4odqr4;12307;1;0
Luxehotels.com-0078-2016Redesign;en-US;636409010483761380#24dudh3520blbqhaypim4d5d;18805;1;0
Cendyn.com-0095-2016Redesign;en-US;636409010484853394#meivqjvedsgqetcelpg2e3nm;26640;1;0
Thesagamore.com-0112-2017Redesign;en-US;636409010485789406#bic2auexatiegmyn1c2wqdsa;32339;1;0
Casaybelresort.com-0002-2014Redesign;en-US;636409010487661430#vnudytiisxv22dzou2itioc4;1533;1;0
Sandpearl.com-0091-2016Redesign;en-US;636409010490157462#cgopobotyc130fsdbd2cvemy;38056;1;0
Thesagamore.com-0112-2017Redesign;en-US;636409010490781470#csuvvlmivsnt5u4eblsrlp1k;32339;1;0
Thesagamore.com-0112-2017Redesign;en-US;636409010502169616#e1qzjvouppc1vtxdfec150oa;32339;1;0
Galthouse.com-0042-2015Redesign;en-US;636409010503573634#ztt3wrft4g3wxd3bb5dbbhhm;31905;1;0
Cendyn.com-0095-2016Redesign;en-US;636409010504197642#cmw3qeyvnoqxiq40cusd2qjs;26640;1;0
Broadmoor.com-0073-2016Redesign;en-US;636409010504353644#q4cnsje0qfqmhmvgnxiy0ose;38059;1;0
Broadmoor.com-0073-2016Redesign;en-US;636409010507785688#1kzv4xiqbjxgpttgbuy2szmx;16721;1;0
Bluebirch.com-0072-2016Redesign;en-US;636409010509813714#ec4uepwiczyolszz0zv13xft;16693;1;0
Meateatery.com-0080-2016Redesign;en-US;636409010509813714#yc2nwiegr0xfwljq1vxexb0i;18505;1;0
Texturefoodanddrink.com-0067-2016Redesign;en-US;636409010509969716#xzenx2coz3m0uh0mbfjmzhkh;15452;1;0
Thecurtis.com-0079-2016Redesign;en-US;636409010510125718#a3oiewtrsgwfu0z0wan42c1p;17981;1;0
Oxfordclubspa.com-0068-2016Redesign;en-US;636409010510125718#txgynb1u0xmhfwbve5rma0ny;15568;1;0
Thecrawfordhotel.com-0074-2016Redesign;en-US;636409010510281720#hy5upcgt0n1ofeqo352c0tye;17145;1;0
Washingtoncourthotel.com-0076-2016Redesign;en-US;636409010511217732#fwtx4wkareaebvrv2qxc3hpa;17858;1;0
Abbingtonbanquets.com-0070-2016Redesign;en-US;636409010512309746#um1unljvones5uqqh1pwg4zx;15789;1;0
Galthouse.com-0042-2015Redesign;en-US;636409010512309746#qkfi0ttmux035bx01jcqm1w1;38060;1;0
Zotabeachresort.com-0090-2016Redesign;en-US;636409010512621750#n3jo3r4y2by0hppi5swnzvju;38058;1;0
Opalsands.com-0084-2016Redesign;en-US;636409010512621750#pgt3ezuktvany2uxrsqswmog;38055;1;0
Sandylane.com-0075-2016Redesign;en-US;636409010512621750#jdgprzcayoaxiu5l5eyejkt1;17611;1;0
Treasureislandbeachresort.com-0089-2016Redesign;en-US;636409010513089756#tm1enl3t0bkckfizlm2nvnw0;38057;1;0
Naiaresortandspa.com-0077-2016Redesign;en-US;636409010513557762#dnx2k3g1eo54tuwtaqghmawq;20455;1;0
Chrco.com-0107-2017Redesign;en-US;636409010514025768#3vfrcgmcxaqgm5wv3cxyxh23;29280;1;0
Edgewaternaples.com-0094-2016Redesign;en-US;636409010514493774#vfdksxqatd10ny5yfowydaau;38051;1;0
Theoxfordhotel.com-0062-2015Redesign;en-US;636409010520889856#odjfuttdxmoiriclyzxmipep;14325;1;0
Degreerestaurant.com-0056-2015Redesign;en-US;636409010521669866#hp4ismktsdeywgeojow50xvn;11598;1;0
Hhotellosangeles.com-0118-2017Redesign;en-US;636409010521825868#erp23mnzoskyzs2cpmrfh5dk;35289;1;0
Lakeplacidlodge.com-0105-2017Redesign;en-US;636409010523073884#ykxofpuljeezmxly3zxwmp5s;39238;1;0
Luxehotels.com-0078-2016Redesign;en-US;636409010523541890#znpf1vqyebpkqeky54reg2x4;18805;1;0
Jbdukehotel.com-0086-2016Redesign;en-US;636409010523541890#xd05weakhigijcnkddz40uge;21918;1;0
Halcyonhotelcherrycreek.com-0061-2015Redesign;en-US;636409010523697892#fgch14iuafghiq5kpfqgnjfh;22121;1;0
Samosetresort.com-0113-2017Redesign;en-US;636409010523697892#con1oulsoncwo34z0l4tkt5a;40334;1;0
Bocatrans.com-0082-2016Redesign;en-US;636409010524009896#r1n5epjbj35faixhgeisfj44;19758;1;0
Assuranceoperations.com-0065-2015Redesign;en-US;636409010524165898#caicnnrlksvjnrrpq4dnhs4s;15263;1;0
Theharborsidehotel.com-0114-2017Redesign;en-US;636409010524321900#w0rudk34aojoaxbtnn4pj2qo;40403;1;0
Glencovemansion.com-0058-2015Redesign;en-US;636409010524321900#ntaoqm0vvwodluyamnjgj41z;13328;1;0
Beverlyhillsresidenceinn.com-0087-2016Redesign;en-US;636409010524633904#2kdzjk5osqpjxzrk5h1w0pqe;20999;1;0
Homewoodsuiteslax.com-0110-2017Redesign;en-US;636409010525101910#4ext4ljlblu2fgyop4tiwovb;30747;1;0
Jupiterbeachresort.com-0103-2017Redesign;en-US;636409010525257912#o4ylk1lunqxfgiwserrf413b;38052;1;0
Galthouse.com-0042-2015Redesign;en-US;636409010527597942#ztt3wrft4g3wxd3bb5dbbhhm;31905;1;0
Lakeplacidlodge.com-0105-2017Redesign;en-US;636409010527597942#kralyfp4wnusps5q3fwnrrvt;28546;1;0
Hospitalityupgrade.com-0093-2016Redesign;en-US;636409010527753944#k0kt2tjgqcgc1zhclvj5h2om;25405;1;0
Passport.lehotels.com-0069-2016BlogRedesign;en-US;636409010527753944#wryiba0qvqzojoucy2hzol4b;41068;1;0
Broadmoor.com-0073-2016Redesign;en-US;636409010528221950#1kzv4xiqbjxgpttgbuy2szmx;16721;1;0
Delraysandsresort.com-0097-2016Redesign;en-US;636409010528377952#kq1ho3zinvgpqfbxi2ulbgcx;38049;1;0
Napavalleymarriott.com-0071-2016Redesign;en-US;636409010528845958#q0mqquma5qql4srt4xtrlbnr;16432;1;0
Thesagamore.com-0112-2017Redesign;en-US;636409010529001960#m4fdb3zag0wdnl5gfd3toerq;39241;1;0
Lidobeachresort.com-0106-2017Redesign;en-US;636409010529157962#kooheknalrxdyvlszputs0q2;38053;1;0
Longboatkeyclub.com-0104-2017Redesign;en-US;636409010529157962#qd4de4auz3prjrocnkp0qxdz;38054;1;0
Jbdukehotel.com-0086-2016Redesign;en-US;636409010529937972#uwebarja2rdmmu4zwzctmp05;39313;1;0
Secretharbourvi.com-0040-2015Redesign;en-US;636409010530093974#emow1esf5fsx0vcwin0uxjqw;9231;1;0
Casaybelresort.com-0002-2014Redesign;en-US;636409010530405978#kaiqromxirkradmf1aunab0a;1613;1;0
Cendyn.com-0095-2016Redesign;en-US;636409010530717982#45uth3xgjgmvqeswjhxpsxje;26640;1;0
Cendyn.com-0095-2016Redesign;en-US;636409010530717982#jdfwdftrovugqhnaxiwaju3o;26640;1;0
Cendyn.com-0095-2016Redesign;en-US;636409010530717982#l5fu2cqeqfctwckkdqed5uuj;26640;1;0
Cendyn.com-0095-2016Redesign;en-US;636409010530717982#dzyn3xabq5dd44eoenpu0fhi;26640;1;0
Cphollywoodbeach.com-0032-2015Redesign;en-US;636409010531029986#2wismbfiyrbac4zceq33mcfl;7850;1;0
Thecrawfordhotel.com-0074-2016Redesign;en-US;636409010532278002#f0c3l4d1s1zz1innv5ulfbxv;17667;1;0
Galthouse.com-0042-2015Redesign;en-US;636409010532278002#sdwnzsb51uauj0m1q2wzhkxq;10560;1;0
Broadmoor.com-0073-2016Redesign;en-US;636409010532746008#akig0jwdzxltwcl3wvrgyprk;16721;1;0
Luxehotels.com-0078-2016Redesign;en-US;636409010533370016#24dudh3520blbqhaypim4d5d;18805;1;0
Theharborsidehotel.com-0114-2017Redesign;en-US;636409010533526018#g5d4cmbwqc4gnlazdohbrydk;37571;1;0
Broadmoor.com-0073-2016Redesign;en-US;636409010549282220#akig0jwdzxltwcl3wvrgyprk;16721;1;0
Sandpearl.com-0091-2016Redesign;en-US;636409010549750226#zvz1yibpeldcqjpv3cqksm2u;38056;1;0
Longboatkeyclub.com-0104-2017Redesign;en-US;636409010551310246#53vy0ngda2adsra02vq2bsqw;28316;1;0
Cendyn.com-0095-2016Redesign;en-US;636409010554274284#nnd4hm5swvxsefyotjwxmka4;26640;1;0
Broadmoor.com-0073-2016Redesign;en-US;636409010554586288#edvztfryf4dwlsunxenw5lrt;38059;1;0
Longboatkeyclub.com-0104-2017Redesign;en-US;636409010557394324#vadybgjfj13xnlqvjt3k24h0;28349;1;0
Washingtoncourthotel.com-0076-2016Redesign;en-US;636409010558330336#n5fcz3a0tlwlhosmbqxjiscq;17858;1;0
Bluebirch.com-0072-2016Redesign;en-US;636409010558330336#t1bqap3ewgbovhmwyfqyjw00;16693;1;0
Hospitalityupgrade.com-0093-2016Redesign;en-US;636409010558330336#2lcvjpjj330r2dc5fie5qdf5;36488;1;0
Theharborsidehotel.com-0114-2017Redesign;en-US;636409010558486338#wtkurdxkyjotnqjnxfryphnc;40403;1;0
Abbingtonbanquets.com-0070-2016Redesign;en-US;636409010558798342#vyfql4xphp1cvrzk13sspili;15789;1;0
Meateatery.com-0080-2016Redesign;en-US;636409010558798342#4am2cpasxwcshkwvf1hvzvxm;18505;1;0
Naiaresortandspa.com-0077-2016Redesign;en-US;636409010558798342#btekqtiodarlbd4gnlswryzw;20455;1;0
Oxfordclubspa.com-0068-2016Redesign;en-US;636409010558954344#o12bgdgbeb1bxofarjp0qzhb;15568;1;0
Theoxfordhotel.com-0062-2015Redesign;en-US;636409010558954344#i4cnhdghqygibptb2kjow1cx;14325;1;0
Thecurtis.com-0079-2016Redesign;en-US;636409010558954344#33h1ek2d1cfuze43vhep4njz;17981;1;0
Thecrawfordhotel.com-0074-2016Redesign;en-US;636409010558954344#a0frzp2parwvdisye2u5zukd;17145;1;0
Edgewaternaples.com-0094-2016Redesign;en-US;636409010558954344#oucabjeefb1fvnyyx4zpc4qz;38051;1;0
Bocatrans.com-0082-2016Redesign;en-US;636409010558954344#atn2p5covzcis2nkhzgvou03;19758;1;0
Zotabeachresort.com-0090-2016Redesign;en-US;636409010558954344#u1g0nrch3dwzwoz5w5gb32ox;38058;1;0
Beverlyhillsresidenceinn.com-0087-2016Redesign;en-US;636409010559110346#xymvw54wvgjfikoeakutjx4o;20999;1;0
Galthouse.com-0042-2015Redesign;en-US;636409010559110346#rt02j3eirfw0lkjdxuku4sxl;38060;1;0
Degreerestaurant.com-0056-2015Redesign;en-US;636409010559110346#n40xb1gkkwhc1loss5nv5qa1;11598;1;0
Treasureislandbeachresort.com-0089-2016Redesign;en-US;636409010559110346#44bnh4ulzdgesafc3khsn3ym;38057;1;0
Chrco.com-0107-2017Redesign;en-US;636409010559266348#isurj5rgko0wjhqjbffzacgu;29280;1;0
Homewoodsuiteslax.com-0110-2017Redesign;en-US;636409010559266348#q2kt5b03rybaz4n250wqtelu;30747;1;0
Jupiterbeachresort.com-0103-2017Redesign;en-US;636409010559266348#kvxtv4pddj0a2ngaevoylncw;38052;1;0
Hhotellosangeles.com-0118-2017Redesign;en-US;636409010559266348#hjy1glzopcxeixrnuwxusw0s;35289;1;0
Glencovemansion.com-0058-2015Redesign;en-US;636409010559578352#5mktvtufvhjusekdbnpcd2tk;13328;1;0
Assuranceoperations.com-0065-2015Redesign;en-US;636409010559578352#sqrqqyoum5ebvo2iyusxibu2;15263;1;0
Lakeplacidlodge.com-0105-2017Redesign;en-US;636409010559578352#miricln0s3lceo5hdk4xhh1f;39238;1;0
Luxehotels.com-0078-2016Redesign;en-US;636409010559578352#xtxq3ynet5takwspy2zha3qe;18805;1;0
Sandylane.com-0075-2016Redesign;en-US;636409010559734354#q54bcf5c21aidit1pqjcw21y;17611;1;0
Texturefoodanddrink.com-0067-2016Redesign;en-US;636409010559890356#gvdorgivt44bxxcd2fks0a03;15452;1;0
Jbdukehotel.com-0086-2016Redesign;en-US;636409010559890356#agsyjt4a3dtptf4lwvtvseyw;21918;1;0
Halcyonhotelcherrycreek.com-0061-2015Redesign;en-US;636409010560046358#qpydnmdybkoy24yb2hryrbc1;22121;1;0
Samosetresort.com-0113-2017Redesign;en-US;636409010560202360#nvxifiqsrj5sj13w3pq4uz4p;40334;1;0
Opalsands.com-0084-2016Redesign;en-US;636409010560514364#5znwuv1jmzadcdsucktw31u4;38055;1;0
Passport.lehotels.com-0069-2016BlogRedesign;en-US;636409010561138372#0eq323mn3gb0c0uxiqmszwua;41068;1;0
Delraysandsresort.com-0097-2016Redesign;en-US;636409010561138372#v3iyjtinjtzetpksqpe400ed;38049;1;0
Hospitalityupgrade.com-0093-2016Redesign;en-US;636409010561138372#kogiyrqkxwcnlsu0j2igf0y2;25405;1;0
Thesagamore.com-0112-2017Redesign;en-US;636409010562074384#e1qzjvouppc1vtxdfec150oa;32339;1;0
Broadmoor.com-0073-2016Redesign;en-US;636409010563010396#s40a45nlvq5fqmms0piwgapd;18013;1;0
Longboatkeyclub.com-0104-2017Redesign;en-US;636409010565506428#53vy0ngda2adsra02vq2bsqw;35641;1;0
Hospitalityupgrade.com-0093-2016Redesign;en-US;636409010565974434#vwi4lhwhslefmiudzynbvhvx;39359;1;0
Galthouse.com-0042-2015Redesign;en-US;636409010567690456#kot2iswn1g3cz0z0vpg11r4p;31905;1;0
Galthouse.com-0042-2015Redesign;en-US;636409010569874484#sdwnzsb51uauj0m1q2wzhkxq;10561;1;0
Longboatkeyclub.com-0104-2017Redesign;en-US;636409010571122500#1wtf0gwn55rbm4ueyv2cvdpw;38054;1;0
Lidobeachresort.com-0106-2017Redesign;en-US;636409010571122500#ga01uzxlzvlq0tsoift0db3c;38053;1;0
Napavalleymarriott.com-0071-2016Redesign;en-US;636409010571122500#kkd0hzpluc0kofrltsoskhau;16432;1;0
Thesagamore.com-0112-2017Redesign;en-US;636409010572058512#tye4iz1lyoatzi0tsaudwkwq;39241;1;0
Hospitalityupgrade.com-0093-2016Redesign;en-US;636409010572994524#2lcvjpjj330r2dc5fie5qdf5;36351;1;0
Glencovemansion.com-0058-2015Redesign;en-US;636409010574242540#ar4ozfecy2bfzksqqm4lwgv3;13328;1;0
Hospitalityupgrade.com-0093-2016Redesign;en-US;636409010575490556#2lcvjpjj330r2dc5fie5qdf5;32674;1;0
Cocokeyorlando.com-0059-2015Redesign;en-US;636409010578454594#2whwqq03zov1nurg1sxr4blh;12394;1;0
Galthouse.com-0042-2015Redesign;en-US;636409010579234604#1b25th1hw2vux5w1kdcyngik;31905;1;0
Cendyn.com-0095-2016Redesign;en-US;636409010579234604#booet4gg514a0isdykun0p03;26640;1;0
Cendyn.com-0095-2016Redesign;en-US;636409010579390606#ehc015qc2ggwtgsosaymhtgt;26640;1;0
Cendyn.com-0095-2016Redesign;en-US;636409010579390606#xgjmh2fckgsk2qr04b4pkdcl;26640;1;0
Cendyn.com-0095-2016Redesign;en-US;636409010579390606#z5clrom5d0424hywtun32q3p;26640;1;0
Hospitalityupgrade.com-0093-2016Redesign;en-US;636409010579858612#2lcvjpjj330r2dc5fie5qdf5;41771;1;0
Cocokeyorlando.com-0059-2015Redesign;en-US;636409010580794624#2whwqq03zov1nurg1sxr4blh;12394;1;0
Broadmoor.com-0073-2016Redesign;en-US;636409010584070666#w41u4apfv20aap2njj140a0r;16724;1;0
Galthouse.com-0042-2015Redesign;en-US;636409010585786688#1b25th1hw2vux5w1kdcyngik;31905;1;0
Galthouse.com-0042-2015Redesign;en-US;636409010587190706#1b25th1hw2vux5w1kdcyngik;31905;1;0
Lehotels.com-0049-2015Transfer;en-US;636409010587502710#cgdpdqi5faj5x0ymvkjs2adi;13931;1;0
Thesagamore.com-0112-2017Redesign;en-US;636409010588906728#ttqf3dbaybgdhul5ywq4asbu;32339;1;0
theweststreethotel.com-0115-2017Redesign;en-US;636409010589686738#dmp0ym44efxk2go02baf2pz4;36683;1;0
Sandpearl.com-0091-2016Redesign;en-US;636409010590154744#2saabbdqzid55phngtzavrjq;38056;1;0
Cocokeyorlando.com-0059-2015Redesign;en-US;636409010590934754#q3qk45jl3nlwv1z5d2n2xhke;12394;1;0
Hospitalityupgrade.com-0093-2016Redesign;en-US;636409010591090756#2lcvjpjj330r2dc5fie5qdf5;41608;1;0
Broadmoor.com-0073-2016Redesign;en-US;636409010594054794#g2ar3bnhfsmerfw350gw5ig3;24469;1;0
Galthouse.com-0042-2015Redesign;en-US;636409010594522800#sdwnzsb51uauj0m1q2wzhkxq;10560;1;0
Broadmoor.com-0073-2016Redesign;en-US;636409010595302810#w41u4apfv20aap2njj140a0r;16724;1;0
Cendyn.com-0095-2016Redesign;en-US;636409010600450876#pxzm0x5bwlweus2s3bw0k4l1;26640;1;0
Broadmoor.com-0073-2016Redesign;en-US;636409010600762880#fn5uqccqwk1vfnm1hnjj0h0r;38059;1;0
theweststreethotel.com-0115-2017Redesign;en-US;636409010603414914#dmp0ym44efxk2go02baf2pz4;36683;1;0
Lakeplacidlodge.com-0105-2017Redesign;en-US;636409010603414914#agpacsyh3plavl5lj41txdr5;28552;1;0
Bluebirch.com-0072-2016Redesign;en-US;636409010604506928#fowp1jk5c1vabezluxdq0rac;16693;1;0
Theharborsidehotel.com-0114-2017Redesign;en-US;636409010604506928#lmavbz5kgcde2bhr4sojfllt;40403;1;0
Galthouse.com-0042-2015Redesign;en-US;636409010604506928#hvcjhv322wgqxhwr4zv235qx;38060;1;0
Beverlyhillsresidenceinn.com-0087-2016Redesign;en-US;636409010604506928#hrhdfvxnqegt0mlahho3w4f5;20999;1;0
Zotabeachresort.com-0090-2016Redesign;en-US;636409010604506928#v2czguneevzmomyuj4j3vanh;38058;1;0
Glencovemansion.com-0058-2015Redesign;en-US;636409010604662930#zvn2t0dszq1zaedthadeov5g;13328;1;0
Homewoodsuiteslax.com-0110-2017Redesign;en-US;636409010604662930#5hriyfi2ui5fl5hyi3denhfl;30747;1;0
Opalsands.com-0084-2016Redesign;en-US;636409010604662930#fbthyov0rqlplzub10hy2r1r;38055;1;0
Samosetresort.com-0113-2017Redesign;en-US;636409010604818932#iu5omrwmp5e1kf0vp0dbblop;40334;1;0
Treasureislandbeachresort.com-0089-2016Redesign;en-US;636409010604818932#hamredsdtrnilxqgivtj3lwo;38057;1;0
Halcyonhotelcherrycreek.com-0061-2015Redesign;en-US;636409010604818932#hgrzmae05eutjetowccilfvw;22121;1;0
Chrco.com-0107-2017Redesign;en-US;636409010604818932#hoqtlhjonj5hakgsiihfccjc;29280;1;0
Assuranceoperations.com-0065-2015Redesign;en-US;636409010604974934#y4p0h4qfu0q5wv2dr2yeodzt;15263;1;0
Jbdukehotel.com-0086-2016Redesign;en-US;636409010604974934#g55dgwkuajwjkkvc0h5vymg1;21918;1;0
Jupiterbeachresort.com-0103-2017Redesign;en-US;636409010604974934#baqplqpb1wwtekyvm0epkh2f;38052;1;0
Luxehotels.com-0078-2016Redesign;en-US;636409010604974934#4hhfmkpmddn5uljjw5ak0vsy;18805;1;0
Sandylane.com-0075-2016Redesign;en-US;636409010604974934#gzm2fgfyj5vfgvii0t0bl3nh;17611;1;0
Lakeplacidlodge.com-0105-2017Redesign;en-US;636409010605130936#wuxbmtuixgcwnjpach0p50cy;39238;1;0
Texturefoodanddrink.com-0067-2016Redesign;en-US;636409010605130936#aaow4dg1xupy2d1x5cbsexon;15452;1;0
Hhotellosangeles.com-0118-2017Redesign;en-US;636409010605442940#f5xz2jg1tiph5kx4nvlc24eu;35289;1;0
Naiaresortandspa.com-0077-2016Redesign;en-US;636409010606222950#2hdlelkbrvp2qtlpgmtwcdk5;20455;1;0
Oxfordclubspa.com-0068-2016Redesign;en-US;636409010606222950#5ayyjl2b52q0tt3f1tazwgy0;15568;1;0
Thecurtis.com-0079-2016Redesign;en-US;636409010606222950#ynqpv2cdknocgpclfqhtz0ll;17981;1;0
Bocatrans.com-0082-2016Redesign;en-US;636409010606222950#ibw5sop12kmmg41vfn5b4ury;19758;1;0
Meateatery.com-0080-2016Redesign;en-US;636409010606378952#45y215n52awfxi0qsszgyfjr;18505;1;0
Edgewaternaples.com-0094-2016Redesign;en-US;636409010606846958#hdfq2edgh2iimnfopmemfuhg;38051;1;0
Washingtoncourthotel.com-0076-2016Redesign;en-US;636409010607002960#fnddiqpmeltxorcfjs1v4ifq;17858;1;0
Degreerestaurant.com-0056-2015Redesign;en-US;636409010607002960#qt1wmqjhaqcvnq2s25uxvnxr;11598;1;0
Abbingtonbanquets.com-0070-2016Redesign;en-US;636409010607002960#1zi04l0y4yzkxiouy0abioy1;15789;1;0
Thecrawfordhotel.com-0074-2016Redesign;en-US;636409010607158962#e3ecldfytw0rvbtat5p10dzx;17145;1;0
Theoxfordhotel.com-0062-2015Redesign;en-US;636409010607158962#ib4e303z5d2tcpzyhwdp0rfm;14325;1;0
Thesagamore.com-0112-2017Redesign;en-US;636409010607470966#ttqf3dbaybgdhul5ywq4asbu;32339;1;0
theweststreethotel.com-0115-2017Redesign;en-US;636409010607470966#dmp0ym44efxk2go02baf2pz4;36683;1;0
Hospitalityupgrade.com-0093-2016Redesign;en-US;636409010609498992#ux0fvbtrewrksb1b1qfhruhv;25405;1;0
Passport.lehotels.com-0069-2016BlogRedesign;en-US;636409010609498992#nlrvtdkd4rdef5lo30kmbz5r;41068;1;0
Delraysandsresort.com-0097-2016Redesign;en-US;636409010609498992#dbelvp1miveq4je2j5i0fdja;38049;1;0
Thesagamore.com-0112-2017Redesign;en-US;636409010610747008#ttqf3dbaybgdhul5ywq4asbu;32339;1;0
theweststreethotel.com-0115-2017Redesign;en-US;636409010619327118#dmp0ym44efxk2go02baf2pz4;36683;1;0
Lidobeachresort.com-0106-2017Redesign;en-US;636409010621355144#elaesfzer1rt0frmihm3itdm;38053;1;0
Napavalleymarriott.com-0071-2016Redesign;en-US;636409010621355144#gu1v1ij1dahiljteoazqozwr;16432;1;0
Longboatkeyclub.com-0104-2017Redesign;en-US;636409010621511146#4cbju1xxicv22gdgsxuxrlnf;38054;1;0
Thesagamore.com-0112-2017Redesign;en-US;636409010621511146#jbgkxkrxc2ooetrku53yaldp;39241;1;0
Broadmoor.com-0073-2016Redesign;en-US;636409010621823150#34l14hzsft2jxyrct1t0pprw;18782;1;0
saddlebrook.com-0011-2014Redesign;en-US;636409010622135154#lql1vz3zhqx0xtg2msew3mw4;3614;1;0
theweststreethotel.com-0115-2017Redesign;en-US;636409010622447158#dmp0ym44efxk2go02baf2pz4;36683;1;0
Casaybelresort.com-0002-2014Redesign;en-US;636409010625411196#r00lux1gotsdmqwk1xohiequ;1603;1;0
Cendyn.com-0095-2016Redesign;en-US;636409010629623250#y2cfftyb4vod0tqfts3mod5a;26640;1;0
Galthouse.com-0042-2015Redesign;en-US;636409010630247258#sdwnzsb51uauj0m1q2wzhkxq;10562;1;0
Cendyn.com-0095-2016Redesign;en-US;636409010630715264#vu0apuqkip10rigows1fe5z0;26640;1;0
Cendyn.com-0095-2016Redesign;en-US;636409010632275284#d2p0quwui5yhkc2t3hdrd4qr;26640;1;0
Cendyn.com-0095-2016Redesign;en-US;636409010632899292#zl5pnjayj5fj23qtrzzsqgdl;26640;1;0
theweststreethotel.com-0115-2017Redesign;en-US;636409010636955344#dmp0ym44efxk2go02baf2pz4;36683;1;0
Cphollywoodbeach.com-0032-2015Redesign;en-US;636409010638671366#ev1c5nxuec3uf3z3tvzpw1kh;7831;1;0
theweststreethotel.com-0115-2017Redesign;en-US;636409010639919382#dmp0ym44efxk2go02baf2pz4;36683;1;0
Sandpearl.com-0091-2016Redesign;en-US;636409010640075384#uxaa0vhnqevot4ve01vq4dz1;38056;1;0
Hospitalityupgrade.com-0093-2016Redesign;en-US;636409010642727418#vwi4lhwhslefmiudzynbvhvx;39359;1;0
saddlebrook.com-0011-2014Redesign;en-US;636409010643975434#4r33kil03uvhpfrhkahf0m30;3385;1;0
Thesagamore.com-0112-2017Redesign;en-US;636409010646159462#d012rvlgta5t4eq5hxebmg5q;32339;1;0
Thecrawfordhotel.com-0074-2016Redesign;en-US;636409010646783470#f0c3l4d1s1zz1innv5ulfbxv;41465;1;0
theweststreethotel.com-0115-2017Redesign;en-US;636409010648967498#dmp0ym44efxk2go02baf2pz4;36683;1;0
Thesagamore.com-0112-2017Redesign;en-US;636409010649123500#beksat4hyau34015k24qynvm;33922;1;0
Cendyn.com-0095-2016Redesign;en-US;636409010650527518#y4bhxnpej0ckndly4avil0uj;26640;1;0
Broadmoor.com-0073-2016Redesign;en-US;636409010650683520#kdvuyxnqs3t0v3z1s0m1akz1;38059;1;0
theweststreethotel.com-0115-2017Redesign;en-US;636409010652711546#dmp0ym44efxk2go02baf2pz4;36683;1;0
Hhotellosangeles.com-0118-2017Redesign;en-US;636409010654427568#al11fhc3gw3oqw2xytt43xun;35289;1;0
Abbingtonbanquets.com-0070-2016Redesign;en-US;636409010654427568#cwo55lxpcrc4gzz5cxbwmjrv;15789;1;0
Homewoodsuiteslax.com-0110-2017Redesign;en-US;636409010654427568#aky2he0lr4tcdtvblgqy4tbf;30747;1;0
Samosetresort.com-0113-2017Redesign;en-US;636409010654427568#xo53btp4pdhnmiwswa4vxxyh;40334;1;0
Assuranceoperations.com-0065-2015Redesign;en-US;636409010654583570#goqqe55jk2ph45iphozbf05b;15263;1;0
Lakeplacidlodge.com-0105-2017Redesign;en-US;636409010654583570#kylfufihfphcdq3egzd2nvpa;39238;1;0
Glencovemansion.com-0058-2015Redesign;en-US;636409010654583570#vfxsklnvzkmy1iop24x0tjgn;13328;1;0
Beverlyhillsresidenceinn.com-0087-2016Redesign;en-US;636409010654583570#2vbtwqv50zacpgo2hhjgbcfb;20999;1;0
Zotabeachresort.com-0090-2016Redesign;en-US;636409010654739572#mmsomkyeitrihuol4xzkpyua;38058;1;0
Galthouse.com-0042-2015Redesign;en-US;636409010654739572#nvw3acmjokeyzrcopg5d0cys;38060;1;0
Texturefoodanddrink.com-0067-2016Redesign;en-US;636409010654739572#rfxukqzjaqc33cuqzhoq5tt0;15452;1;0
Thecurtis.com-0079-2016Redesign;en-US;636409010654739572#5fexoyni2xxyq54ew4gcu4fw;17981;1;0
Treasureislandbeachresort.com-0089-2016Redesign;en-US;636409010654739572#5opjklqvovrc0pg2in415es3;38057;1;0
Sandylane.com-0075-2016Redesign;en-US;636409010654895574#dyayboo2yyu4pyym2n2zxv0z;17611;1;0
Jbdukehotel.com-0086-2016Redesign;en-US;636409010654895574#quma50x2vpjx0qvyowoxkdeu;21918;1;0
Opalsands.com-0084-2016Redesign;en-US;636409010654895574#etl5w5kqornqvm31244uetig;38055;1;0
Halcyonhotelcherrycreek.com-0061-2015Redesign;en-US;636409010655051576#p2pgmdeidqieitm21tfudmje;22121;1;0
Degreerestaurant.com-0056-2015Redesign;en-US;636409010655051576#41fce5up24zwui15zvrrxpc2;11598;1;0
Thecrawfordhotel.com-0074-2016Redesign;en-US;636409010655051576#y0xl5apznokwi2pcawzbwodm;17145;1;0
Luxehotels.com-0078-2016Redesign;en-US;636409010655051576#uy10pm3v0mb4doag5l2x5otc;18805;1;0
Theoxfordhotel.com-0062-2015Redesign;en-US;636409010655519582#f0xeapzfi44potve3oxwhtbu;14325;1;0
Naiaresortandspa.com-0077-2016Redesign;en-US;636409010655519582#aqwhdpvfxjeteka3rd2lcoxa;20455;1;0
Washingtoncourthotel.com-0076-2016Redesign;en-US;636409010655519582#ektg1z4t3ieahj150312wgct;17858;1;0
Bocatrans.com-0082-2016Redesign;en-US;636409010655675584#rhyuprbzvewtpswxnbx5iluu;19758;1;0
Theharborsidehotel.com-0114-2017Redesign;en-US;636409010655675584#gev1snmpau0mkposyc0pag0h;40403;1;0
Jupiterbeachresort.com-0103-2017Redesign;en-US;636409010655831586#luwbzqnxtygh0jay10vhihyi;38052;1;0
Bluebirch.com-0072-2016Redesign;en-US;636409010655987588#t10rfvokgozo01ee1jsci0hq;16693;1;0
Edgewaternaples.com-0094-2016Redesign;en-US;636409010655987588#xubz2dt0ma20bal20gmcrxup;38051;1;0
Chrco.com-0107-2017Redesign;en-US;636409010656143590#wsitr1aqpvrowt312s0yxpxv;29280;1;0
Meateatery.com-0080-2016Redesign;en-US;636409010656143590#wdzrdjsyhjowhrezthbj3hng;18505;1;0
Oxfordclubspa.com-0068-2016Redesign;en-US;636409010656143590#cqpcb3f5dojlch1v4kvozcbw;15568;1;0
saddlebrook.com-0011-2014Redesign;en-US;636409010656299592#f0twmd3g2evks5zyrd3ucreg;3385;1;0
Hospitalityupgrade.com-0093-2016Redesign;en-US;636409010659575634#zxhk1yfevpaekgwnzsqcehns;25405;1;0
Passport.lehotels.com-0069-2016BlogRedesign;en-US;636409010659575634#04keikjoemxfe1w0azbppcvl;41068;1;0
Delraysandsresort.com-0097-2016Redesign;en-US;636409010659731636#3vz5xpmgezk2hvdmwx1x4wp0;38049;1;0
Laxembassy.com-0008-2014Redesign;en-US;636409010661135654#fsryr03dolfexvs1sbtamtr4;2037;1;0
wentworthcom00212014redesign;en-US;636409010664567698#3jwyy3uwmuuh44t5cylzhnyh;4312;1;0
theweststreethotel.com-0115-2017Redesign;en-US;636409010664879702#dmp0ym44efxk2go02baf2pz4;36683;1;0
Sandpearl.com-0091-2016Redesign;en-US;636409010664879702#1utw4usd4anyqn55sgoteqyn;23082;1;0
theweststreethotel.com-0115-2017Redesign;en-US;636409010667375734#dmp0ym44efxk2go02baf2pz4;36683;1;0
Jbdukehotel.com-0086-2016Redesign;en-US;636409010667999742#e2vhamzjppclv4ydhga1bq2t;21918;1;0
Broadmoor.com-0073-2016Redesign;en-US;636409010668935754#0masuawbv5xbditdjjnkimsn;16721;1;0
Thesagamore.com-0112-2017Redesign;en-US;636409010671431786#5etm43l33gtpdv4b0zyntpc5;39241;1;0
Lidobeachresort.com-0106-2017Redesign;en-US;636409010671431786#3uc4vnc3kuncdacz3imzv0nc;38053;1;0
Napavalleymarriott.com-0071-2016Redesign;en-US;636409010671743790#wsh1qy1x35ke5jpmpbdc4mxp;16432;1;0
Longboatkeyclub.com-0104-2017Redesign;en-US;636409010671899792#f5yilwol1k2wxzbrkimvoozj;38054;1;0
Longboatkeyclub.com-0104-2017Redesign;en-US;636409010673927818#53vy0ngda2adsra02vq2bsqw;28316;1;0
Denvercy.com-0036-2015Redesign;en-US;636409010677671866#n54amfonclosbhsfrl2psji3;8150;1;0
Cendyn.com-0095-2016Redesign;en-US;636409010679231886#wrzodiimfpwkjwbnc5ngugse;26640;1;0
Cendyn.com-0095-2016Redesign;en-US;636409010679231886#rrbatdticnge25c5iib4b30k;26640;1;0
Cendyn.com-0095-2016Redesign;en-US;636409010679231886#zi5wvz5vndpbyh1gk14hmu1s;26640;1;0
Cendyn.com-0095-2016Redesign;en-US;636409010679231886#i4kzlyzsrn0hcsdf3qmsf33p;26640;1;0
Oxfordclubspa.com-0068-2016Redesign;en-US;636409010680635904#l1txcjv52gky3qqnskisn25u;15568;1;0
Lakeplacidlodge.com-0105-2017Redesign;en-US;636409010680791906#ylbopkidiat4kmcytnxocdjv;28557;1;0
theweststreethotel.com-0115-2017Redesign;en-US;636409010682663930#dmp0ym44efxk2go02baf2pz4;36683;1;0
theweststreethotel.com-0115-2017Redesign;en-US;636409010684847958#dmp0ym44efxk2go02baf2pz4;36683;1;0
Luxehotels.com-0078-2016Redesign;en-US;636409010685783970#24dudh3520blbqhaypim4d5d;18805;1;0
Sandpearl.com-0091-2016Redesign;en-US;636409010687967998#euednntbvsotdufsh3021kny;22481;1;0
Thesagamore.com-0112-2017Redesign;en-US;636409010689060012#rygpf5nfueoa1rnxfa20gxd3;33921;1;0
Broadmoor.com-0073-2016Redesign;en-US;636409010689216014#pwqnpu4ctc5yra25l1o1r1uf;16724;1;0
Sandpearl.com-0091-2016Redesign;en-US;636409010690152026#mjmgnql05pojbfib20tjt0yo;38056;1;0
Thecurtis.com-0079-2016Redesign;en-US;636409010691088038#15jf0khlwca2x2wun3z1ppes;17981;1;0
Longboatkeyclub.com-0104-2017Redesign;en-US;636409010691244040#53vy0ngda2adsra02vq2bsqw;35641;1;0
Sandpearl.com-0091-2016Redesign;en-US;636409010692180052#zcrsr4ycwpv2z0huintqwacw;22481;1;0
Broadmoor.com-0073-2016Redesign;en-US;636409010694832086#pwqnpu4ctc5yra25l1o1r1uf;16724;1;0
theweststreethotel.com-0115-2017Redesign;en-US;636409010695456094#dmp0ym44efxk2go02baf2pz4;36683;1;0
Sandpearl.com-0091-2016Redesign;en-US;636409010698888138#zcrsr4ycwpv2z0huintqwacw;22481;1;0
Jupiterbeachresort.com-0103-2017Redesign;en-US;636409010699512146#hqdevylowgqpex5i0plut2af;28158;1;0
Casaybelresort.com-0002-2014Redesign;en-US;636409010700448158#vcgu5s5tssj5dotznw4jxtru;1533;1;0
Cendyn.com-0095-2016Redesign;en-US;636409010700448158#orbsa1rd515br3itpsmh4kk3;26640;1;0
Broadmoor.com-0073-2016Redesign;en-US;636409010700760162#x5jqmen30l5tmreupruxbxqa;38059;1;0
Sandpearl.com-0091-2016Redesign;en-US;636409010702944190#euednntbvsotdufsh3021kny;22481;1;0
theweststreethotel.com-0115-2017Redesign;en-US;636409010704348208#5mu052ttccd2yyoaxojz4gjh;36683;1;0
Abbingtonbanquets.com-0070-2016Redesign;en-US;636409010704348208#be0030jqjgkovqqjikbw25ug;15789;1;0
Texturefoodanddrink.com-0067-2016Redesign;en-US;636409010704348208#lhtqlk5m5lwqvquvyyhfrqmx;15452;1;0
Bluebirch.com-0072-2016Redesign;en-US;636409010704504210#bxxwndsnnil2ba0u3oizoiy2;16693;1;0
Degreerestaurant.com-0056-2015Redesign;en-US;636409010704504210#o5dk4cvfwlcq1vu2oqgnamjk;11598;1;0
Homewoodsuiteslax.com-0110-2017Redesign;en-US;636409010704660212#iv3rcpid52mcqhtknvqfbphb;30747;1;0
Hhotellosangeles.com-0118-2017Redesign;en-US;636409010704660212#cbkv4zxmeg2kxv1wxc1dvohz;35289;1;0
Oxfordclubspa.com-0068-2016Redesign;en-US;636409010704660212#ajjttrr1rgyl23byp4iqs2tb;15568;1;0
Theharborsidehotel.com-0114-2017Redesign;en-US;636409010704660212#w0dugcuvma3baxz4ho14v5xc;40403;1;0
Samosetresort.com-0113-2017Redesign;en-US;636409010704660212#abgkpuv4xpf53qtvklmi0qye;40334;1;0
Galthouse.com-0042-2015Redesign;en-US;636409010704816214#wxd0esyd2ybqlrvfk2kjeiw5;38060;1;0
Thecurtis.com-0079-2016Redesign;en-US;636409010704816214#a5akwtqoxli4ckcwwvimznmi;17981;1;0
Luxehotels.com-0078-2016Redesign;en-US;636409010704816214#tqhu4ljwbrsezt0m2etpjag1;18805;1;0
Jbdukehotel.com-0086-2016Redesign;en-US;636409010704972216#1mt335w0c3qhx3pwx3r3ilba;21918;1;0
Zotabeachresort.com-0090-2016Redesign;en-US;636409010705128218#n3afye0lntlv15if0b0p1dxm;38058;1;0
Thecrawfordhotel.com-0074-2016Redesign;en-US;636409010705128218#gypqksct32aobbowkzjoefma;17145;1;0
Lakeplacidlodge.com-0105-2017Redesign;en-US;636409010705128218#sa2kqijxv52aw5bzslpxgflq;39238;1;0
Halcyonhotelcherrycreek.com-0061-2015Redesign;en-US;636409010705128218#s50ikdkduosx3zswvoc1su20;22121;1;0
Luxehotels.com-0078-2016Redesign;en-US;636409010705128218#zd0hc3dyplizxnubu05hnmrw;19325;1;0
Theoxfordhotel.com-0062-2015Redesign;en-US;636409010705440222#u1vozib5gz0mde4z42lnszwu;14325;1;0
Beverlyhillsresidenceinn.com-0087-2016Redesign;en-US;636409010705596224#qnaoyzfdgvnzjjb01mmxxb4g;20999;1;0
Sandylane.com-0075-2016Redesign;en-US;636409010705596224#tnslvtfxzalb25nhukw5dbzq;17611;1;0
Meateatery.com-0080-2016Redesign;en-US;636409010705596224#bydoj0hrlb4qlpattj3ke0ap;18505;1;0
Treasureislandbeachresort.com-0089-2016Redesign;en-US;636409010705596224#a45utoz4jc5yu4abjpuihhpi;38057;1;0
Glencovemansion.com-0058-2015Redesign;en-US;636409010705596224#px4qhtusofvjrcakxo23o134;13328;1;0
Jupiterbeachresort.com-0103-2017Redesign;en-US;636409010705752226#pk1dorpga1i5ss2wtuaoz2pd;38052;1;0
Washingtoncourthotel.com-0076-2016Redesign;en-US;636409010705752226#13srfbyiasrifce1mxvtozdp;17858;1;0
Chrco.com-0107-2017Redesign;en-US;636409010705752226#n0laeat4sapjrrwuetwdbctr;29280;1;0
Edgewaternaples.com-0094-2016Redesign;en-US;636409010705752226#vzcuhr4qln3hne2efq03kkjm;38051;1;0
Assuranceoperations.com-0065-2015Redesign;en-US;636409010705908228#hamarjdq55a4tt5nac0yxax3;15263;1;0
Bocatrans.com-0082-2016Redesign;en-US;636409010705908228#111p2ut0x2ubml0qsrsiuf40;19758;1;0
Naiaresortandspa.com-0077-2016Redesign;en-US;636409010705908228#mu2pnlehsh12yjazv2zolvxo;20455;1;0
Opalsands.com-0084-2016Redesign;en-US;636409010706064230#crrftqszldld4s3iz4tbzr4q;38055;1;0
Luxehotels.com-0078-2016Redesign;en-US;636409010707312246#rm3g10hjmebofehcszsmjxdw;18805;1;0
Jupiterbeachresort.com-0103-2017Redesign;en-US;636409010707312246#hqdevylowgqpex5i0plut2af;28158;1;0
Broadmoor.com-0073-2016Redesign;en-US;636409010708404260#hu5qzkmykkon22vamtwzx3l3;22159;1;0
Thesagamore.com-0112-2017Redesign;en-US;636409010708560262#bic2auexatiegmyn1c2wqdsa;32339;1;0
Hospitalityupgrade.com-0093-2016Redesign;en-US;636409010709964280#vsrsxbfrwvlteizy32pl5lu3;25405;1;0
Passport.lehotels.com-0069-2016BlogRedesign;en-US;636409010709964280#4b0nrnn32pqzpi2jkbq4hwbg;41068;1;0
Delraysandsresort.com-0097-2016Redesign;en-US;636409010709964280#4wv5duqiuwc5ez5r05k2ne5e;38049;1;0
Hospitalityupgrade.com-0093-2016Redesign;en-US;636409010710120282#eko5ew24kgjq32oopbzsnvj3;25405;1;0
theweststreethotel.com-0115-2017Redesign;en-US;636409010712460312#5mu052ttccd2yyoaxojz4gjh;36683;1;0
Laxembassy.com-0008-2014Redesign;en-US;636409010714332336#bfa2kxweoo1bm2umtmq4ksbe;2037;1;0
Thesagamore.com-0112-2017Redesign;en-US;636409010714956344#gvfpn0wweujvr3jwz1hh3plz;32387;1;0
Jupiterbeachresort.com-0103-2017Redesign;en-US;636409010715112346#hqdevylowgqpex5i0plut2af;28158;1;0
Broadmoor.com-0073-2016Redesign;en-US;636409010715736354#g2ar3bnhfsmerfw350gw5ig3;16738;1;0
Thesagamore.com-0112-2017Redesign;en-US;636409010717764380#e1qzjvouppc1vtxdfec150oa;32346;1;0
theweststreethotel.com-0115-2017Redesign;en-US;636409010719168398#5mu052ttccd2yyoaxojz4gjh;36683;1;0
Napavalleymarriott.com-0071-2016Redesign;en-US;636409010721040422#nlm0l3s2peyiqo4g4t1s4dx2;16432;1;0
Lidobeachresort.com-0106-2017Redesign;en-US;636409010721196424#ydlvbjsgocwvei300vp0afe2;38053;1;0
Longboatkeyclub.com-0104-2017Redesign;en-US;636409010721352426#mi32pbrw5jw0013ud5bykn2r;38054;1;0
Thesagamore.com-0112-2017Redesign;en-US;636409010721352426#gftu3olgmqpsidr50xcobfgb;39241;1;0
Jupiterbeachresort.com-0103-2017Redesign;en-US;636409010723380452#hqdevylowgqpex5i0plut2af;28158;1;0
theweststreethotel.com-0115-2017Redesign;en-US;636409010724628468#5mu052ttccd2yyoaxojz4gjh;36683;1;0
Hospitalityupgrade.com-0093-2016Redesign;en-US;636409010724784470#vwi4lhwhslefmiudzynbvhvx;39359;1;0
Hospitalityupgrade.com-0093-2016Redesign;en-US;636409010726032486#xxzwaza4skbepo4xdg12daxr;25405;1;0
Broadmoor.com-0073-2016Redesign;en-US;636409010726812496#ppnsddbvgunohrhtlirn1vnk;16721;1;0
Monarchbeachresort.com-0092-2016Redesign;en-US;636409010726968498#qeybvsdkublbydxarbzhfcr0;26788;1;0
Thesagamore.com-0112-2017Redesign;en-US;636409010729152526#ufyl5t41qrwe1qvu4nw00jgb;32340;1;0
Cendyn.com-0095-2016Redesign;en-US;636409010729308528#dwzawceepavfxoucuewo0vbp;26640;1;0
Cendyn.com-0095-2016Redesign;en-US;636409010729308528#u1qzroiovetinrpk30pe4svh;26640;1;0
Cendyn.com-0095-2016Redesign;en-US;636409010729308528#fyvzy32g50mj5lozyizkvwxc;26640;1;0
Cendyn.com-0095-2016Redesign;en-US;636409010729308528#5uc2ilmoxnnz5gmqcj43mnug;26640;1;0
theweststreethotel.com-0115-2017Redesign;en-US;636409010731336554#5mu052ttccd2yyoaxojz4gjh;36683;1;0
Broadmoor.com-0073-2016Redesign;en-US;636409010731648558#akig0jwdzxltwcl3wvrgyprk;16790;1;0
Jupiterbeachresort.com-0103-2017Redesign;en-US;636409010732116564#hqdevylowgqpex5i0plut2af;28158;1;0
Jupiterbeachresort.com-0103-2017Redesign;en-US;636409010738668648#hqdevylowgqpex5i0plut2af;28158;1;0
Sandpearl.com-0091-2016Redesign;en-US;636409010740228668#500lp25isshrsqictgwzbrla;38056;1;0
theweststreethotel.com-0115-2017Redesign;en-US;636409010743036704#5mu052ttccd2yyoaxojz4gjh;36683;1;0
Jupiterbeachresort.com-0103-2017Redesign;en-US;636409010746000742#hqdevylowgqpex5i0plut2af;28158;1;0
Broadmoor.com-0073-2016Redesign;en-US;636409010746312746#34l14hzsft2jxyrct1t0pprw;21236;1;0
Marriottdelraybeach.com-0009-2014Redesign;en-US;636409010746936754#awex4yrpsitc4si2h24auza3;2829;1;0
Cendyn.com-0095-2016Redesign;en-US;636409010750524800#1abnabiqylxmysne4zpelrfs;26640;1;0
Broadmoor.com-0073-2016Redesign;en-US;636409010750680802#hycvnhjz5ezomu44e4jseohz;38059;1;0
Jupiterbeachresort.com-0103-2017Redesign;en-US;636409010751928818#hqdevylowgqpex5i0plut2af;28158;1;0
Casaybelresort.com-0002-2014Redesign;en-US;636409010754268848#fpvv1tp32nj34nr0zvskhaw1;1533;1;0
Texturefoodanddrink.com-0067-2016Redesign;en-US;636409010754424850#vxkb4qgtzxshuzzfd5croj4o;15452;1;0
Oxfordclubspa.com-0068-2016Redesign;en-US;636409010754580852#rhvgrikdn0yvhv0f3m4nujmq;15568;1;0
Treasureislandbeachresort.com-0089-2016Redesign;en-US;636409010754580852#pvvv5j3ba4gcur3pll01g3ni;38057;1;0
Hhotellosangeles.com-0118-2017Redesign;en-US;636409010754580852#iqoswbypr52hjetbwjll5lky;35289;1;0
Zotabeachresort.com-0090-2016Redesign;en-US;636409010754580852#uorsmsr5odg5efnlopeqjsvy;38058;1;0
Luxehotels.com-0078-2016Redesign;en-US;636409010754736854#thfc2qbo0g00um5nxxqz5zjw;18805;1;0
Thecurtis.com-0079-2016Redesign;en-US;636409010754736854#hxvgaojnpgydhc51fw1jhypn;17981;1;0
Degreerestaurant.com-0056-2015Redesign;en-US;636409010754736854#gfz4nhfxzc5m3qln5tgsfjwc;11598;1;0
Homewoodsuiteslax.com-0110-2017Redesign;en-US;636409010754892856#llk3b4nj2cxnu4qojtrmfahm;30747;1;0
Jbdukehotel.com-0086-2016Redesign;en-US;636409010754892856#qs2xrv1tu2p0gcae1mgi1e5a;21918;1;0
Lakeplacidlodge.com-0105-2017Redesign;en-US;636409010754892856#y4vf1kcqaobxb4rpngv1e0bm;39238;1;0
Thecrawfordhotel.com-0074-2016Redesign;en-US;636409010755048858#flqdin0yy0pqu5slwggimkws;17145;1;0
Theoxfordhotel.com-0062-2015Redesign;en-US;636409010755048858#wixsdfgpcy1e2o3ttkch3r0m;14325;1;0
Theharborsidehotel.com-0114-2017Redesign;en-US;636409010755204860#oxexgm4q1zr0d1uk5yksmk1c;40403;1;0
Washingtoncourthotel.com-0076-2016Redesign;en-US;636409010755204860#tcqhpqzt4txkwqpu0xc0boqb;17858;1;0
Bluebirch.com-0072-2016Redesign;en-US;636409010755204860#5merd3l1oky3gn3n2vvkvsf0;16693;1;0
Meateatery.com-0080-2016Redesign;en-US;636409010755204860#tbrocxvc1bzbpsni5ptuuvdk;18505;1;0
Assuranceoperations.com-0065-2015Redesign;en-US;636409010755204860#dvit3m1wgdwtn5qi0r50j2ag;15263;1;0
Galthouse.com-0042-2015Redesign;en-US;636409010755360862#0x4fqfg5westijbk2zhju2vx;38060;1;0
Jupiterbeachresort.com-0103-2017Redesign;en-US;636409010755360862#rdfcu0wbups3dypjzgonbsgp;38052;1;0
Bocatrans.com-0082-2016Redesign;en-US;636409010755360862#rgmcdcly0f0n3rwuqyn1qyqb;19758;1;0
Chrco.com-0107-2017Redesign;en-US;636409010755516864#4ghusam4lf5eqhesbcaescng;29280;1;0
Edgewaternaples.com-0094-2016Redesign;en-US;636409010755516864#gvm2xbgfl1wfwmlibwms2vrx;38051;1;0
Naiaresortandspa.com-0077-2016Redesign;en-US;636409010755516864#wki2pc224ptvxs0dsbieiyvy;20455;1;0
Abbingtonbanquets.com-0070-2016Redesign;en-US;636409010755516864#tfnh2qzzhnhxxhvt3jv5c1kr;15789;1;0
Halcyonhotelcherrycreek.com-0061-2015Redesign;en-US;636409010755672866#4lehb2h33ter12qjligv0txq;22121;1;0
Glencovemansion.com-0058-2015Redesign;en-US;636409010755672866#n0e1mrwm02nd2hdfgfea3hc2;13328;1;0
Opalsands.com-0084-2016Redesign;en-US;636409010755672866#chsnqyb0gjn1pb2mq3ih1hxt;38055;1;0
Beverlyhillsresidenceinn.com-0087-2016Redesign;en-US;636409010755828868#5lhek4i23lu25325kdf2kgxh;20999;1;0
Sandylane.com-0075-2016Redesign;en-US;636409010755984870#0zfp4om2d2xi02ohdjc2knnu;17611;1;0
Samosetresort.com-0113-2017Redesign;en-US;636409010755984870#oqhhihnrfgw0gfuqvjevla1f;40334;1;0
Jupiterbeachresort.com-0103-2017Redesign;en-US;636409010758948908#hqdevylowgqpex5i0plut2af;28158;1;0
Hospitalityupgrade.com-0093-2016Redesign;en-US;636409010759572916#ui04axryw4xxiprdmp4xxtt1;25405;1;0
Passport.lehotels.com-0069-2016BlogRedesign;en-US;636409010759572916#lkdtsqyt1ir4qdrcrvvh5lyy;41068;1;0
Delraysandsresort.com-0097-2016Redesign;en-US;636409010759572916#4eoz0lc1tchip4qgddka5et4;38049;1;0
Luxehotels.com-0078-2016Redesign;en-US;636409010760976934#zd0hc3dyplizxnubu05hnmrw;30302;1;0
Broadmoor.com-0073-2016Redesign;en-US;636409010764564980#hdkf52i445ikzcuydrlrdf2h;16721;1;0
Jupiterbeachresort.com-0103-2017Redesign;en-US;636409010765656994#hqdevylowgqpex5i0plut2af;28158;1;0
Denvercy.com-0036-2015Redesign;en-US;636409010768309028#n54amfonclosbhsfrl2psji3;8642;1;0
Longboatkeyclub.com-0104-2017Redesign;en-US;636409010770025050#dl23ygngut3kfvky3uyf2onu;28324;1;0
Samosetresort.com-0113-2017Redesign;en-US;636409010770337054#vakrbqi4xgct4rg131utd1m1;35153;1;0
Longboatkeyclub.com-0104-2017Redesign;en-US;636409010771117064#zgmzfhzy5xpf3yk02fvnjm30;38054;1;0
Thesagamore.com-0112-2017Redesign;en-US;636409010771585070#5uksppakblqxxmryq2jje0vn;39241;1;0
Napavalleymarriott.com-0071-2016Redesign;en-US;636409010771897074#dyttyuhnwg4lg3qycy1x0zi3;16432;1;0
Lidobeachresort.com-0106-2017Redesign;en-US;636409010771897074#pp2bie2vi45ikp3ife0a0rtm;38053;1;0
Sandpearl.com-0091-2016Redesign;en-US;636409010774393106#mujgi3wxnalaacmj5o0vyach;22595;1;0
Cendyn.com-0095-2016Redesign;en-US;636409010779229168#s0pchux412bp2ht1wblmoq54;26640;1;0
Cendyn.com-0095-2016Redesign;en-US;636409010779229168#e10sjsguncs4nrfi0ebqmprl;26640;1;0
Cendyn.com-0095-2016Redesign;en-US;636409010779229168#4qkqc3ktwht4ruc4wepgem1k;26640;1;0
Cendyn.com-0095-2016Redesign;en-US;636409010779385170#0m0gfpv5a3lzyw2sbo1gjyj1;26640;1;0
Galthouse.com-0042-2015Redesign;en-US;636409010779853176#kot2iswn1g3cz0z0vpg11r4p;10564;1;0
Thesagamore.com-0112-2017Redesign;en-US;636409010781101192#0ak4gyvdyzlih4jcgebautgw;32339;1;0
Samosetresort.com-0113-2017Redesign;en-US;636409010781413196#vakrbqi4xgct4rg131utd1m1;35153;1;0
Sandpearl.com-0091-2016Redesign;en-US;636409010790149308#dm2tx0aee3bzcezbsighq552;38056;1;0
Marriottdelraybeach.com-0009-2014Redesign;en-US;636409010791865330#awex4yrpsitc4si2h24auza3;2829;1;0
saddlebrook.com-0011-2014Redesign;en-US;636409010792957344#mxzc5f1uwluvj4c5du5buh5n;3385;1;0
Glencovemansion.com-0058-2015Redesign;en-US;636409010797481402#4yaxosiq2wesk3okclsun50h;13328;1;0
Napavalleymarriott.com-0071-2016Redesign;en-US;636409010798885420#vxo23aiyynqbckdzlwpxhbgo;16432;1;0
Cendyn.com-0095-2016Redesign;en-US;636409010800445440#osopx04hsy0jbs1peyd0f04w;26640;1;0
Broadmoor.com-0073-2016Redesign;en-US;636409010800757444#zf4yi54mfxblrtnn1gjsypmd;38059;1;0
Springhillsuitesdenver.com-0060-2015Redesign;en-US;636409010802785470#vaoyehrpq5wlifoheqdi0gpi;12307;1;0
Thesagamore.com-0112-2017Redesign;en-US;636409010802785470#0ak4gyvdyzlih4jcgebautgw;32339;1;0
saddlebrook.com-0011-2014Redesign;en-US;636409010803253476#mxzc5f1uwluvj4c5du5buh5n;3385;1;0
Meateatery.com-0080-2016Redesign;en-US;636409010804345490#vnmtwoj5uwampbvsqdi5kpc4;18505;1;0
Naiaresortandspa.com-0077-2016Redesign;en-US;636409010804345490#qsishjohh3hmvzoadpybledr;20455;1;0
Zotabeachresort.com-0090-2016Redesign;en-US;636409010804345490#u5ar51yxfmzutjxf0sxik1ad;38058;1;0
Treasureislandbeachresort.com-0089-2016Redesign;en-US;636409010804345490#h2qe3vm23dh2sypuhlu0fzqc;38057;1;0
Degreerestaurant.com-0056-2015Redesign;en-US;636409010804813496#sdlf0hgbs3gulfljsxxydcgx;11598;1;0
Bocatrans.com-0082-2016Redesign;en-US;636409010804813496#yx1o5b0yxcslri4oeqyslvtf;19758;1;0
Homewoodsuiteslax.com-0110-2017Redesign;en-US;636409010804813496#ofhezegrybe0ikv5klagv3oc;30747;1;0
Oxfordclubspa.com-0068-2016Redesign;en-US;636409010804813496#iqbrs3zsdo5l1tvcrebavoc2;15568;1;0
Abbingtonbanquets.com-0070-2016Redesign;en-US;636409010804969498#ggnytiv2lb1gtfeca4d4zig0;15789;1;0
Lakeplacidlodge.com-0105-2017Redesign;en-US;636409010804969498#i3v2he04gjuj5gbadqbgaihf;39238;1;0
Galthouse.com-0042-2015Redesign;en-US;636409010804969498#y4ejm2zblntuiwj4dbmcb4gu;38060;1;0
Washingtoncourthotel.com-0076-2016Redesign;en-US;636409010804969498#ur1bt0j3m45hvzwm14esozop;17858;1;0
Jupiterbeachresort.com-0103-2017Redesign;en-US;636409010804969498#qmaztmwe2rcbtkwqxswspluc;38052;1;0
Theoxfordhotel.com-0062-2015Redesign;en-US;636409010804969498#w4yuxj5fqafp24h5qdqc5vaa;14325;1;0
Bluebirch.com-0072-2016Redesign;en-US;636409010805125500#d34253oto3qz1yocwrfecalf;16693;1;0
Halcyonhotelcherrycreek.com-0061-2015Redesign;en-US;636409010805125500#zrnnnaxhuim03fpekgvwshdc;22121;1;0
Thecrawfordhotel.com-0074-2016Redesign;en-US;636409010805125500#1haol3gmsv42hnfon3utmgk1;17145;1;0
Beverlyhillsresidenceinn.com-0087-2016Redesign;en-US;636409010805125500#qqawztnbo1usvaompk1ctjfr;20999;1;0
Samosetresort.com-0113-2017Redesign;en-US;636409010805125500#wpkwxr5rlmzrcwpfsjd2fsuu;40334;1;0
Jbdukehotel.com-0086-2016Redesign;en-US;636409010805125500#uoxh5eez5qrpgkfvl2ygzysr;21918;1;0
Thecurtis.com-0079-2016Redesign;en-US;636409010805125500#mxxpmx2jjyyz5c5berq20uft;17981;1;0
Theharborsidehotel.com-0114-2017Redesign;en-US;636409010805125500#r0cuvrlgum0jtd2erwjly4ur;40403;1;0
Edgewaternaples.com-0094-2016Redesign;en-US;636409010805281502#50xhfkhj1fycertapopvvgnc;38051;1;0
Luxehotels.com-0078-2016Redesign;en-US;636409010805281502#cblvrel4g03ailoct1pvzkm1;18805;1;0
Opalsands.com-0084-2016Redesign;en-US;636409010805281502#ixu3ojoqbieu4rzfazdqquu3;38055;1;0
Texturefoodanddrink.com-0067-2016Redesign;en-US;636409010805281502#iphszgmcm2xng4j4e4gldnsk;15452;1;0
Sandylane.com-0075-2016Redesign;en-US;636409010805281502#lzdcd0lggaxsr04zzofmocpq;17611;1;0
Hhotellosangeles.com-0118-2017Redesign;en-US;636409010805437504#ki1bwqfuzuea1gnol0tbm50b;35289;1;0
Chrco.com-0107-2017Redesign;en-US;636409010805593506#p13505nz3lzoinl221hy3h4k;29280;1;0
Glencovemansion.com-0058-2015Redesign;en-US;636409010805593506#zzd305kkfgksasv0q2rn12ci;13328;1;0
Assuranceoperations.com-0065-2015Redesign;en-US;636409010805593506#aphenll50ddp0hwczgelu5vd;15263;1;0
Cphollywoodbeach.com-0032-2015Redesign;en-US;636409010805905510#cudelxhjjowqrwsjsgj0s3tu;7831;1;0
Thesagamore.com-0112-2017Redesign;en-US;636409010806841522#ufyl5t41qrwe1qvu4nw00jgb;33921;1;0
Casaybelresort.com-0002-2014Redesign;en-US;636409010809025550#yapdzrs3b1idw1crijaumm4v;1533;1;0
Hospitalityupgrade.com-0093-2016Redesign;en-US;636409010809493556#ph21sjtxbka3vc0cvxtot3pj;25405;1;0
Delraysandsresort.com-0097-2016Redesign;en-US;636409010809493556#wmawn1w1w1r40z4q3x4qkbdd;38049;1;0
Passport.lehotels.com-0069-2016BlogRedesign;en-US;636409010809493556#vmadrpelmudhjjxpqp33vtk4;41068;1;0
Springhillsuitesdenver.com-0060-2015Redesign;en-US;636409010811209578#vaoyehrpq5wlifoheqdi0gpi;12307;1;0
Galthouse.com-0042-2015Redesign;en-US;636409010812457594#00wqe5jn44bhh50mol2rbb5j;31905;1;0
Casaybelresort.com-0002-2014Redesign;en-US;636409010812769598#3ygie5w4fltbhagr0yylsv3c;1533;1;0
Lakeplacidlodge.com-0105-2017Redesign;en-US;636409010816045640#agpacsyh3plavl5lj41txdr5;28595;1;0
Hospitalityupgrade.com-0093-2016Redesign;en-US;636409010816669648#iixpkizi2umwrskpxdd4okb1;36743;1;0
Hospitalityupgrade.com-0093-2016Redesign;en-US;636409010818073666#vwi4lhwhslefmiudzynbvhvx;39359;1;0
Broadmoor.com-0073-2016Redesign;en-US;636409010818073666#kagf4wqc2p2wmhuawagyjfya;16721;1;0
Lidobeachresort.com-0106-2017Redesign;en-US;636409010821193706#sjognqy14wia3gwxbgiqqjij;38053;1;0
Thesagamore.com-0112-2017Redesign;en-US;636409010821193706#i3t2zyxmghg4gxddxe3oqjac;39241;1;0
Longboatkeyclub.com-0104-2017Redesign;en-US;636409010821349708#a4gvheqxoobib0rnexqpo1vc;38054;1;0
Napavalleymarriott.com-0071-2016Redesign;en-US;636409010821661712#ffnrml0m4kpapfkpklwe0pwx;16432;1;0
Broadmoor.com-0073-2016Redesign;en-US;636409010821817714#kagf4wqc2p2wmhuawagyjfya;16721;1;0
Broadmoor.com-0073-2016Redesign;en-US;636409010822441722#c2dd5xqv4zhpaau3wsegfeqm;22720;1;0
Samosetresort.com-0113-2017Redesign;en-US;636409010828681802#njlwt1ax5lieia1rsspxbygw;32541;1;0
Cendyn.com-0095-2016Redesign;en-US;636409010829305810#fm5l5f5wvllrtxficfir1ics;26640;1;0
Cendyn.com-0095-2016Redesign;en-US;636409010829305810#b0lduy4p1o5klujwq1aysxzp;26640;1;0
Cendyn.com-0095-2016Redesign;en-US;636409010829305810#kdmr2lgv5eopbr4yp135bvln;26640;1;0
Cendyn.com-0095-2016Redesign;en-US;636409010829305810#ykujkhncptvunsicgzigy2uu;26640;1;0
Samosetresort.com-0113-2017Redesign;en-US;636409010831801842#njlwt1ax5lieia1rsspxbygw;32541;1;0
Lehotels.com-0049-2015Transfer;en-US;636409010834765880#keuaixegckgzesqct32ymfa3;13206;1;0
Sandpearl.com-0091-2016Redesign;en-US;636409010840225950#xuqdybxrxqblg3a53mqq0dky;38056;1;0
Luxehotels.com-0078-2016Redesign;en-US;636409010841005960#24dudh3520blbqhaypim4d5d;18805;1;0
Laxembassy.com-0008-2014Redesign;en-US;636409010841629968#eeehw0wqpqs55bxassc4sjej;2095;1;0
Lehotels.com-0049-2015Transfer;en-US;636409010841785970#r4a1k0iiio1nzy54e4n04ink;13729;1;0
Broadmoor.com-0073-2016Redesign;en-US;636409010843189988#2cnaru2q0se1xfvuwzfbq2xx;16728;1;0
Montaukyachtclub.com-0010-2014Redesign;en-US;636409010843813996#uiybykytqktdhjm2gqwc0zhz;2240;1;0
Thecurtis.com-0079-2016Redesign;en-US;636409010844906010#wnciigdsozaqpnocubm3qisq;17981;1;0
Secretharbourvi.com-0040-2015Redesign;en-US;636409010846778034#emow1esf5fsx0vcwin0uxjqw;41786;1;0
Jupiterbeachresort.com-0103-2017Redesign;en-US;636409010848026050#duf3krpiy1ag51wulyy5swlq;28158;1;0
Thesagamore.com-0112-2017Redesign;en-US;636409010848962062#beksat4hyau34015k24qynvm;33921;1;0
Cendyn.com-0095-2016Redesign;en-US;636409010850522082#skd3ogwroxr3fwaerfsgvfye;26640;1;0
Broadmoor.com-0073-2016Redesign;en-US;636409010850678084#kauwcepbrqqeavqrudyq5dl3;38059;1;0
Jupiterbeachresort.com-0103-2017Redesign;en-US;636409010851614096#duf3krpiy1ag51wulyy5swlq;28158;1;0
Thecrawfordhotel.com-0074-2016Redesign;en-US;636409010852238104#f0c3l4d1s1zz1innv5ulfbxv;17157;1;0
Meateatery.com-0080-2016Redesign;en-US;636409010854266130#upq2haxdijmfcxswtj45yia3;18505;1;0
Texturefoodanddrink.com-0067-2016Redesign;en-US;636409010854266130#j0lcvhy2el3w1zhuwhv4nsmv;15452;1;0
Abbingtonbanquets.com-0070-2016Redesign;en-US;636409010854422132#0n12lziw2h3lgwjr3hi3dwxf;15789;1;0
Bocatrans.com-0082-2016Redesign;en-US;636409010854422132#o3yecvx05xddvvx0fvt2bipf;19758;1;0
Opalsands.com-0084-2016Redesign;en-US;636409010854422132#1gfaq0210rpej4et5kxpfx5y;38055;1;0
Edgewaternaples.com-0094-2016Redesign;en-US;636409010854422132#5m5hnqch1gmr1224hh4a3nut;38051;1;0
Thecurtis.com-0079-2016Redesign;en-US;636409010854578134#bmhkqtxt2pujktoo52f5qbt4;17981;1;0
Treasureislandbeachresort.com-0089-2016Redesign;en-US;636409010854578134#0d2qxa3vqc43ulvi25xuseaf;38057;1;0
Washingtoncourthotel.com-0076-2016Redesign;en-US;636409010854578134#yptzr11stoefexs11tyxdrco;17858;1;0
Degreerestaurant.com-0056-2015Redesign;en-US;636409010854578134#iucgwhjx4fw5il4um01cjape;11598;1;0
Luxehotels.com-0078-2016Redesign;en-US;636409010855046140#jrr3hymet1haszwe5tznkmt0;18805;1;0
Thecrawfordhotel.com-0074-2016Redesign;en-US;636409010855202142#3wrvihcr4mhy3om4tlwj40je;17145;1;0
Jbdukehotel.com-0086-2016Redesign;en-US;636409010855202142#e5kwqiy1c0ve4fbodl44f410;21918;1;0
Glencovemansion.com-0058-2015Redesign;en-US;636409010855358144#g5a3yduraml3n3lrblvdugxt;13328;1;0
Halcyonhotelcherrycreek.com-0061-2015Redesign;en-US;636409010855358144#sarobm5m0f3f41ze5kgvbzis;22121;1;0
Jupiterbeachresort.com-0103-2017Redesign;en-US;636409010855358144#3r2sdvnh12gk4i4tiairrzxt;38052;1;0
Lakeplacidlodge.com-0105-2017Redesign;en-US;636409010855514146#01mfmywtftbi3y2x0baxfchw;39238;1;0
Theharborsidehotel.com-0114-2017Redesign;en-US;636409010855514146#tt3yxoxfnjtqgo2bobmuyhz0;40403;1;0
Samosetresort.com-0113-2017Redesign;en-US;636409010855514146#5v0l1naderh10jyprmkq3ijx;40334;1;0
Oxfordclubspa.com-0068-2016Redesign;en-US;636409010855670148#kve1w0fytyzpsgt0p25oq0yx;15568;1;0
Naiaresortandspa.com-0077-2016Redesign;en-US;636409010855670148#2jhcgfgg3rdvdj4zt3cliud5;20455;1;0
Theoxfordhotel.com-0062-2015Redesign;en-US;636409010855982152#jzitwz2uxih03nibhcuh4axb;14325;1;0
Beverlyhillsresidenceinn.com-0087-2016Redesign;en-US;636409010855982152#cinqhh2pvosagqur5rmcsu41;20999;1;0
Homewoodsuiteslax.com-0110-2017Redesign;en-US;636409010855982152#m4wgubibqulgbm2cstjrhiqt;30747;1;0
Sandylane.com-0075-2016Redesign;en-US;636409010855982152#fsdhgqvoj3n4frleoporwd0u;17611;1;0
Assuranceoperations.com-0065-2015Redesign;en-US;636409010856138154#5nvr1r4tifmtnmipix2yiatg;15263;1;0
Galthouse.com-0042-2015Redesign;en-US;636409010856138154#vajpi2i4y5d5e1lfcdsohq3p;38060;1;0
Chrco.com-0107-2017Redesign;en-US;636409010856138154#nws3khr5d1g3e0knn2owyx0s;29280;1;0
Bluebirch.com-0072-2016Redesign;en-US;636409010856138154#ayrzwuohckaegk52kdhkerfw;16693;1;0
Hhotellosangeles.com-0118-2017Redesign;en-US;636409010856450158#e13fxnalvn1qgdfxjwg4sthi;35289;1;0
Zotabeachresort.com-0090-2016Redesign;en-US;636409010856450158#y4kl3y2lult0adsigyjadjvc;38058;1;0
Longboatkeyclub.com-0104-2017Redesign;en-US;636409010857698174#eqlem1liepfsub0yb4jwgbvf;28380;1;0
Passport.lehotels.com-0069-2016BlogRedesign;en-US;636409010859570198#efw5i5jwwoyb0funnqopm2en;41068;1;0
Hospitalityupgrade.com-0093-2016Redesign;en-US;636409010859570198#4aq5xm4swweock3rvbkno3p3;25405;1;0
Delraysandsresort.com-0097-2016Redesign;en-US;636409010859570198#4qrlihlzptwtdhetaj5bpixb;38049;1;0
Monarchbeachresort.com-0092-2016Redesign;en-US;636409010860662212#ezrdwv0z4b3xv1y34yotg0ep;23481;1;0
Thesagamore.com-0112-2017Redesign;en-US;636409010862690238#a2bkkjpbsvv2lro4oaqqiutd;33924;1;0
Broadmoor.com-0073-2016Redesign;en-US;636409010864406260#lpmry3vud13bf0nu2mrgwhub;18259;1;0
Jupiterbeachresort.com-0103-2017Redesign;en-US;636409010866434286#sor4zwvcx00vomzp0cawxbli;28158;1;0
Luxehotels.com-0078-2016Redesign;en-US;636409010866746290#tivmqhb11g30dr3uphboclrl;18805;1;0
Luxehotels.com-0078-2016Redesign;en-US;636409010866902292#icwsemesedmqywdf1bxaqfgt;18805;1;0
Luxehotels.com-0078-2016Redesign;en-US;636409010867214296#orae1d0rmjfsqlvbzvqo0bkr;18805;1;0
Luxehotels.com-0078-2016Redesign;en-US;636409010867682302#j1mtugkgdauxnmcxqzghbxlv;18805;1;0
Luxehotels.com-0078-2016Redesign;en-US;636409010867994306#fhwgqxsti1casf2opb2eck3x;18805;1;0
Napavalleymarriott.com-0071-2016Redesign;en-US;636409010871114346#5xpm5ynblq1wkjnlnvdrbr3p;16432;1;0
Lidobeachresort.com-0106-2017Redesign;en-US;636409010871114346#t2igu0w2boovynyh0gvo2yva;38053;1;0
Thesagamore.com-0112-2017Redesign;en-US;636409010871270348#dqjfqtilkxvtlv5g311w4jnh;39241;1;0
Longboatkeyclub.com-0104-2017Redesign;en-US;636409010871894356#xbgf0srdksed2xyt5k3tnucd;38054;1;0
Jbdukehotel.com-0086-2016Redesign;en-US;636409010876418414#uwebarja2rdmmu4zwzctmp05;21942;1;0
Halcyonhotelcherrycreek.com-0061-2015Redesign;en-US;636409010878602442#svtaqojzxl3ivbq3ndl1sd1a;23287;1;0
Cendyn.com-0095-2016Redesign;en-US;636409010879226450#qfhggsjnzy4m4ucmkd4cun3k;26640;1;0
Cendyn.com-0095-2016Redesign;en-US;636409010879226450#ugxcuqt2xnpqohelrv3kalfa;26640;1;0
Cendyn.com-0095-2016Redesign;en-US;636409010879226450#jtr042obkh4gol0tfoxwtqai;26640;1;0
Cendyn.com-0095-2016Redesign;en-US;636409010879226450#vcv5fvqk55haqcnc2smm1nke;26640;1;0
Broadmoor.com-0073-2016Redesign;en-US;636409010882502492#akig0jwdzxltwcl3wvrgyprk;18208;1;0
Theoxfordhotel.com-0062-2015Redesign;en-US;636409010886714546#a00fpfumfftjni45wmt1ulun;14325;1;0
Sandpearl.com-0091-2016Redesign;en-US;636409010890146590#ueabzyh5t0olhcjrfrofp3et;38056;1;0
Monarchbeachresort.com-0092-2016Redesign;en-US;636409010893890638#b0kmdefvzipomlsm0aytbvjz;23492;1;0
Marriottdelraybeach.com-0009-2014Redesign;en-US;636409010894826650#l2sgtb0ws5gz4lplb4ypbvfl;2829;1;0
Halcyonhotelcherrycreek.com-0061-2015Redesign;en-US;636409010895294656#svtaqojzxl3ivbq3ndl1sd1a;22121;1;0
Secretharbourvi.com-0040-2015Redesign;en-US;636409010897946690#emow1esf5fsx0vcwin0uxjqw;41786;1;0
Monarchbeachresort.com-0092-2016Redesign;en-US;636409010898414696#y2zirtol2vzbzfg1rhq5kkbg;22725;1;0
Marriottdelraybeach.com-0009-2014Redesign;en-US;636409010898570698#l2sgtb0ws5gz4lplb4ypbvfl;2829;1;0
Cocokeyorlando.com-0059-2015Redesign;en-US;636409010898726700#4q2d0ydegaz3cc033l1kh3hd;12394;1;0
Laxembassy.com-0008-2014Redesign;en-US;636409010900910728#zh5sowczcbfeqiq1qbkb2y03;2037;1;0
Cendyn.com-0095-2016Redesign;en-US;636409010900910728#2cyhdvqdty4sqfhmqdyyagyr;26640;1;0
Broadmoor.com-0073-2016Redesign;en-US;636409010901066730#iycc5wdldua3a4cftfg2fh12;38059;1;0
Samosetresort.com-0113-2017Redesign;en-US;636409010901690738#0zy5suumht1szxynlcxrrour;35274;1;0
Hospitalityupgrade.com-0093-2016Redesign;en-US;636409010903406760#vwi4lhwhslefmiudzynbvhvx;39359;1;0
Chrco.com-0107-2017Redesign;en-US;636409010904342772#idak3qml12lzwxzmsnxujigv;29280;1;0
Texturefoodanddrink.com-0067-2016Redesign;en-US;636409010904342772#lwrs4gbbe2p1y0cufysdwbv3;15452;1;0
Abbingtonbanquets.com-0070-2016Redesign;en-US;636409010904498774#rircptl5t43tbqjj4xgvrrv3;15789;1;0
Luxehotels.com-0078-2016Redesign;en-US;636409010904498774#vsnxlrd5zwp0ck1ayfxsipgz;18805;1;0
Washingtoncourthotel.com-0076-2016Redesign;en-US;636409010904498774#vgf4haxuyvyiu4yckilcr0em;17858;1;0
Glencovemansion.com-0058-2015Redesign;en-US;636409010904810778#ff31ftcoaqaowckl0px52he3;13328;1;0
Thecurtis.com-0079-2016Redesign;en-US;636409010904810778#03fzfo3pjysy31jei3pm5nzd;17981;1;0
Thecrawfordhotel.com-0074-2016Redesign;en-US;636409010904810778#lw543j22fsknq4hel0fss0by;17145;1;0
Jbdukehotel.com-0086-2016Redesign;en-US;636409010904810778#k3wnxrltnymellannmxncdgq;21918;1;0
Halcyonhotelcherrycreek.com-0061-2015Redesign;en-US;636409010904810778#2bedykbw3pmyys0feurehopx;22121;1;0
Jupiterbeachresort.com-0103-2017Redesign;en-US;636409010904810778#i3sujtcg50253pwbdcbhtz24;38052;1;0
Oxfordclubspa.com-0068-2016Redesign;en-US;636409010904966780#5k5rzg2oicouioynu00wri2j;15568;1;0
Theharborsidehotel.com-0114-2017Redesign;en-US;636409010904966780#tzkavmxjbaaxanq2opwd0zb3;40403;1;0
Edgewaternaples.com-0094-2016Redesign;en-US;636409010904966780#lwq1aitdx2relok1objntvhp;38051;1;0
Naiaresortandspa.com-0077-2016Redesign;en-US;636409010904966780#ih4wtytu2ilchpt5ahqxv5vn;20455;1;0
Theoxfordhotel.com-0062-2015Redesign;en-US;636409010904966780#1hyuxzjqbz4pwgqbuq2giuam;14325;1;0
Lakeplacidlodge.com-0105-2017Redesign;en-US;636409010904966780#quwyttf1nc0fv0r40sscezur;39238;1;0
Beverlyhillsresidenceinn.com-0087-2016Redesign;en-US;636409010905122782#c5xxaqkhax1yrasrfjtsewfm;20999;1;0
Treasureislandbeachresort.com-0089-2016Redesign;en-US;636409010905122782#r3nikyvnop3fsvkz1ekjkrpt;38057;1;0
Bocatrans.com-0082-2016Redesign;en-US;636409010905122782#wlx2ipmpb3egkedmgwyo2em5;19758;1;0
Meateatery.com-0080-2016Redesign;en-US;636409010905122782#k2jx2pne03y5fgwbhpgzdyvj;18505;1;0
Samosetresort.com-0113-2017Redesign;en-US;636409010905122782#vvfmmkps0wrneptxr5yhbrfp;40334;1;0
Assuranceoperations.com-0065-2015Redesign;en-US;636409010905122782#bt0zivzd5t1klu5bp31gsgaj;15263;1;0
Sandylane.com-0075-2016Redesign;en-US;636409010905278784#cjf4sj1uj1szuw1dmjuxssc0;17611;1;0
Bluebirch.com-0072-2016Redesign;en-US;636409010905278784#jd1zkfqyayyeogvaz4n0fvci;16693;1;0
Homewoodsuiteslax.com-0110-2017Redesign;en-US;636409010905278784#emglkr1mdquu4bcywipou4h3;30747;1;0
Zotabeachresort.com-0090-2016Redesign;en-US;636409010905278784#acmehc2azhg0q5psmfyxvwii;38058;1;0
Opalsands.com-0084-2016Redesign;en-US;636409010905278784#45ulvzrdc3t4xtzcbzqkqxpg;38055;1;0
Galthouse.com-0042-2015Redesign;en-US;636409010905278784#jiak33zql2dcxy0eyn2fpaso;38060;1;0
Degreerestaurant.com-0056-2015Redesign;en-US;636409010905434786#gj5idz52bcull3prazts2muw;11598;1;0
Hhotellosangeles.com-0118-2017Redesign;en-US;636409010905434786#edqbhsgh2oebxsdh0curvpsp;35289;1;0
Cocokeyorlando.com-0059-2015Redesign;en-US;636409010907462812#4q2d0ydegaz3cc033l1kh3hd;12394;1;0
Theharborsidehotel.com-0114-2017Redesign;en-US;636409010907618814#gxnzjdnwraakmelrzntyommr;37571;1;0
Luxehotels.com-0078-2016Redesign;en-US;636409010909334836#24dudh3520blbqhaypim4d5d;18805;1;0
Cocokeyorlando.com-0059-2015Redesign;en-US;636409010909490838#4q2d0ydegaz3cc033l1kh3hd;12394;1;0
Delraysandsresort.com-0097-2016Redesign;en-US;636409010909490838#rqcsbgqxh1lv0ltd2cenw43w;38049;1;0
Passport.lehotels.com-0069-2016BlogRedesign;en-US;636409010909490838#dfcudzyegxkeavac1ocypq3c;41068;1;0
Hospitalityupgrade.com-0093-2016Redesign;en-US;636409010909490838#ng0rddqngansiwduuz1kf4ac;25405;1;0
Broadmoor.com-0073-2016Redesign;en-US;636409010910582852#lpmry3vud13bf0nu2mrgwhub;16724;1;0
Thelodgeatwoodloch.com-0033-2015Redesign;en-US;636409010912766880#4xmezptelgx2v2j3c5af4eld;7764;1;0
Thesagamore.com-0112-2017Redesign;en-US;636409010915106910#beksat4hyau34015k24qynvm;33923;1;0
Broadmoor.com-0073-2016Redesign;en-US;636409010915262912#z4okjvhqsdbefx11fyyty5zs;16721;1;0
Broadmoor.com-0073-2016Redesign;en-US;636409010919318964#ppnsddbvgunohrhtlirn1vnk;16721;1;0
Napavalleymarriott.com-0071-2016Redesign;en-US;636409010921190988#zti5h4552cmjbxvzpi5kkgc0;16432;1;0
Thesagamore.com-0112-2017Redesign;en-US;636409010921502992#qy3imzcoq1yshyfnxisssmuk;39241;1;0
Longboatkeyclub.com-0104-2017Redesign;en-US;636409010921502992#gkkxaxyt2yz32qkvilgtdoqw;38054;1;0
Lidobeachresort.com-0106-2017Redesign;en-US;636409010921814996#ilmyvmdcrbvr5vvlxdt5a0gt;38053;1;0
Jupiterbeachresort.com-0103-2017Redesign;en-US;636409010922127000#duf3krpiy1ag51wulyy5swlq;28158;1;0
Oxfordclubspa.com-0068-2016Redesign;en-US;636409010923219014#l1txcjv52gky3qqnskisn25u;15596;1;0
Halcyonhotelcherrycreek.com-0061-2015Redesign;en-US;636409010923219014#svtaqojzxl3ivbq3ndl1sd1a;41464;1;0
Thelodgeatwoodloch.com-0033-2015Redesign;en-US;636409010924623032#b0y1hvejltuzsrhpgd0s1lxn;7764;1;0
Secretharbourvi.com-0040-2015Redesign;en-US;636409010925403042#emow1esf5fsx0vcwin0uxjqw;41786;1;0
Broadmoor.com-0073-2016Redesign;en-US;636409010926183052#4mn3xxct1lzwaxcq1v3nqxx3;16769;1;0
Monarchbeachresort.com-0092-2016Redesign;en-US;636409010927899074#cj1pbkktdlph340d1smhcm1e;22725;1;0
Cendyn.com-0095-2016Redesign;en-US;636409010929303092#wwr2hnqctehzbsqtsphqxmrg;26640;1;0
Cendyn.com-0095-2016Redesign;en-US;636409010929303092#pkit3rsqorbuvvylvkqtopba;26640;1;0
Cendyn.com-0095-2016Redesign;en-US;636409010929303092#qkbw2l51gdqljjvqpz0w4x0m;26640;1;0
Cendyn.com-0095-2016Redesign;en-US;636409010929303092#ropstdf0svmgeiousw40ivwa;26640;1;0
Thelodgeatwoodloch.com-0033-2015Redesign;en-US;636409010929459094#rn3pfsboijzvm54z0tpdlf5e;7764;1;0
Thecurtis.com-0079-2016Redesign;en-US;636409010931643122#zvo3qjba3yl1ercjtgf3fyso;18015;1;0
theweststreethotel.com-0115-2017Redesign;en-US;636409010932579134#fld1ocd1mvjcbvjboxcbb43h;36683;1;0
Thecurtis.com-0079-2016Redesign;en-US;636409010932891138#wnciigdsozaqpnocubm3qisq;18877;1;0
Oxfordclubspa.com-0068-2016Redesign;en-US;636409010935855176#l1txcjv52gky3qqnskisn25u;15568;1;0
Secretharbourvi.com-0040-2015Redesign;en-US;636409010937727200#emow1esf5fsx0vcwin0uxjqw;41786;1;0
Samosetresort.com-0113-2017Redesign;en-US;636409010938039204#n5miu41cc02lfip51rjt3jp5;32541;1;0
Halcyonhotelcherrycreek.com-0061-2015Redesign;en-US;636409010939911228#hvlvt1nswa3uqbea0befadhn;22121;1;0
Halcyonhotelcherrycreek.com-0061-2015Redesign;en-US;636409010940067230#svtaqojzxl3ivbq3ndl1sd1a;22121;1;0
Sandpearl.com-0091-2016Redesign;en-US;636409010940223232#ripno2m5flhwyouhvrtseswe;38056;1;0
Oxfordclubspa.com-0068-2016Redesign;en-US;636409010941003242#l1txcjv52gky3qqnskisn25u;15568;1;0
Samosetresort.com-0113-2017Redesign;en-US;636409010944591288#n5miu41cc02lfip51rjt3jp5;32541;1;0
saddlebrook.com-0011-2014Redesign;en-US;636409010944903292#zmnebqolszr3cq0rv3vo2qkf;3385;1;0
Broadmoor.com-0073-2016Redesign;en-US;636409010945839304#5sf34ah42cb332idcew2qfv4;16721;1;0
Samosetresort.com-0113-2017Redesign;en-US;636409010946463312#n5miu41cc02lfip51rjt3jp5;32541;1;0
Lakeplacidlodge.com-0105-2017Redesign;en-US;636409010947555326#1axazqve12gmaigj22rqxq21;40790;1;0
Galthouse.com-0042-2015Redesign;en-US;636409010948491338#kot2iswn1g3cz0z0vpg11r4p;31905;1;0
Thelodgeatwoodloch.com-0033-2015Redesign;en-US;636409010948491338#o31gcbzg1d2hg25hxcr22e1y;9932;1;0
Broadmoor.com-0073-2016Redesign;en-US;636409010948803342#5sf34ah42cb332idcew2qfv4;16721;1;0
Halcyonhotelcherrycreek.com-0061-2015Redesign;en-US;636409010948959344#hvlvt1nswa3uqbea0befadhn;22121;1;0
Galthouse.com-0042-2015Redesign;en-US;636409010949427350#kot2iswn1g3cz0z0vpg11r4p;10564;1;0
Sandylane.com-0075-2016Redesign;en-US;636409010950051358#x032qofrskzgr5qo0fzsz14t;17611;1;0
Cendyn.com-0095-2016Redesign;en-US;636409010950519364#upezcr52d4x4xlgab45xex5m;26640;1;0
Broadmoor.com-0073-2016Redesign;en-US;636409010950675366#x0lpb0qyujp05qhrle3m2oke;38059;1;0
Broadmoor.com-0073-2016Redesign;en-US;636409010952703392#u14nbk2hsnknm1towx4u2ngl;16721;1;0
Hhotellosangeles.com-0118-2017Redesign;en-US;636409010954263412#brlpwhcfeeqbrxjccskxcpo4;35289;1;0
Thecurtis.com-0079-2016Redesign;en-US;636409010954263412#esfcoeni41qdmi0t0csccgwq;17981;1;0
Jupiterbeachresort.com-0103-2017Redesign;en-US;636409010954263412#fvpyi4bkjgoa1kgqsvd0m51q;38052;1;0
Zotabeachresort.com-0090-2016Redesign;en-US;636409010954419414#tzaxzuczlbqhih5vi2wstu4m;38058;1;0
Abbingtonbanquets.com-0070-2016Redesign;en-US;636409010954419414#rkutbbxcq0izio1nqtzgevcb;15789;1;0
Bluebirch.com-0072-2016Redesign;en-US;636409010954731418#daz4xbqorhhpremaynfpmxko;16693;1;0
Treasureislandbeachresort.com-0089-2016Redesign;en-US;636409010954731418#ybgrd2fa4g4bryysi4pub1v3;38057;1;0
Degreerestaurant.com-0056-2015Redesign;en-US;636409010954731418#ztmtrmciaidhj3xrxjfyykzt;11598;1;0
Glencovemansion.com-0058-2015Redesign;en-US;636409010954887420#alkzbdact1ectg3xvuiureei;13328;1;0
Washingtoncourthotel.com-0076-2016Redesign;en-US;636409010954887420#3np0v4p4aliti3irkhh1jij2;17858;1;0
Halcyonhotelcherrycreek.com-0061-2015Redesign;en-US;636409010955043422#eldxxkusqrecomoqcnvuzo54;22121;1;0
Meateatery.com-0080-2016Redesign;en-US;636409010955043422#kafz2l4tmca1zbiexbgwjbxm;18505;1;0
Oxfordclubspa.com-0068-2016Redesign;en-US;636409010955043422#erkp1k3jw0tsjegm0ory0b1g;15568;1;0
Theoxfordhotel.com-0062-2015Redesign;en-US;636409010955043422#ab2mcsyiwvfg1031qbwonj4l;14325;1;0
Homewoodsuiteslax.com-0110-2017Redesign;en-US;636409010955043422#soqkq0lbciplmlxlanxv3ccb;30747;1;0
Bocatrans.com-0082-2016Redesign;en-US;636409010955199424#044knpf4yt2cpdd0w3vzapbk;19758;1;0
Sandylane.com-0075-2016Redesign;en-US;636409010955199424#eqewcv3q0s1y3blpbl0omdh0;17611;1;0
Luxehotels.com-0078-2016Redesign;en-US;636409010955355426#hm3hs5rayxjiraqiefogzgvd;18805;1;0
Thecrawfordhotel.com-0074-2016Redesign;en-US;636409010955355426#ri3fg4suardcwrxr5g1gpavx;17145;1;0
Assuranceoperations.com-0065-2015Redesign;en-US;636409010955355426#arcjfw3nthqhkrwc5euxprd0;15263;1;0
Edgewaternaples.com-0094-2016Redesign;en-US;636409010955355426#uhgwyrxyhkc5qhyqcyh5kk2y;38051;1;0
Naiaresortandspa.com-0077-2016Redesign;en-US;636409010955511428#w1ppzgqqx2zmanqb1ymt2wjq;20455;1;0
Opalsands.com-0084-2016Redesign;en-US;636409010955511428#amdu3fhu2qufsf0lr4yetcjx;38055;1;0
Chrco.com-0107-2017Redesign;en-US;636409010955979434#z0xqu2ar0310wbzxzvwefefw;29280;1;0
Texturefoodanddrink.com-0067-2016Redesign;en-US;636409010955979434#sy2n4lhawdc0b33gddwotj4e;15452;1;0
Lakeplacidlodge.com-0105-2017Redesign;en-US;636409010955979434#2d0hq1dh1kcvjb2jzntlqnna;39238;1;0
Beverlyhillsresidenceinn.com-0087-2016Redesign;en-US;636409010955979434#eikiahi1pt2ylril01hynbmr;20999;1;0
Samosetresort.com-0113-2017Redesign;en-US;636409010956135436#t11zqfyru32yr15iqdrctcmc;40334;1;0
Galthouse.com-0042-2015Redesign;en-US;636409010956291438#4wepzwqxe3l00kg55544tgcr;38060;1;0
Theharborsidehotel.com-0114-2017Redesign;en-US;636409010956291438#pdvjajqdoadsruf1qapurepp;40403;1;0
Jbdukehotel.com-0086-2016Redesign;en-US;636409010956603442#tqh0bael5zmjghabmk0xklou;21918;1;0
Monarchbeachresort.com-0092-2016Redesign;en-US;636409010958943472#qeybvsdkublbydxarbzhfcr0;22984;1;0
Hospitalityupgrade.com-0093-2016Redesign;en-US;636409010959567480#r5ly4530wz4folhjul013xfq;25405;1;0
Passport.lehotels.com-0069-2016BlogRedesign;en-US;636409010959567480#lgfwuvjz4xtcujwpe12wuj0u;41068;1;0
Delraysandsresort.com-0097-2016Redesign;en-US;636409010959567480#lompxeostfvzq4rszy4rg3pm;38049;1;0
Secretharbourvi.com-0040-2015Redesign;en-US;636409010960659494#emow1esf5fsx0vcwin0uxjqw;41786;1;0
Sandpearl.com-0091-2016Redesign;en-US;636409010967991588#1utw4usd4anyqn55sgoteqyn;23082;1;0
Washingtoncourthotel.com-0076-2016Redesign;en-US;636409010968771598#p0m21g0vqqbrvcyyoniw321v;17858;1;0
Glencovemansion.com-0058-2015Redesign;en-US;636409010970487620#ctfgcifehxj1brhkyiuahh3o;13328;1;0
Lidobeachresort.com-0106-2017Redesign;en-US;636409010971111628#yqnhyxd3yaeymadnljo0fmbr;38053;1;0
Thesagamore.com-0112-2017Redesign;en-US;636409010971579634#rivvs3cxuthhxw3zzeddfgpa;39241;1;0
Napavalleymarriott.com-0071-2016Redesign;en-US;636409010971735636#ngapyuzd55vxntchzqarwsfh;16432;1;0
Longboatkeyclub.com-0104-2017Redesign;en-US;636409010971891638#3i1miyokcqjyzuwrgjnhct45;38054;1;0
Thesagamore.com-0112-2017Redesign;en-US;636409010973607660#xfw2ua5igv122kyvoska3wdp;32339;1;0
Cendyn.com-0095-2016Redesign;en-US;636409010979223732#tvi2w4x0zmgjut015hpv4cbt;26640;1;0
Cendyn.com-0095-2016Redesign;en-US;636409010979223732#aymegluh3bnwnjj2lcvelidt;26640;1;0
Cendyn.com-0095-2016Redesign;en-US;636409010979223732#hghz1chlyjlflxsnvyhj2hbw;26640;1;0
Cendyn.com-0095-2016Redesign;en-US;636409010979223732#w4cynettgenwbzsjklrhqkps;26640;1;0
Luxehotels.com-0078-2016Redesign;en-US;636409010981563762#rneft5mkptkyhrj51diqtncw;18830;1;0
Broadmoor.com-0073-2016Redesign;en-US;636409010984527800#rg2bytvsscxvbina3fdaxkfk;16721;1;0
Sandpearl.com-0091-2016Redesign;en-US;636409010990143872#3gxjb5k4kzuaypnbcgqh2epw;38056;1;0
Hospitalityupgrade.com-0093-2016Redesign;en-US;636409010990299874#vwi4lhwhslefmiudzynbvhvx;39359;1;0
Thesagamore.com-0112-2017Redesign;en-US;636409010991703892#ctwurweblds2e0rhmdjpxc4m;33471;1;0
Cphollywoodbeach.com-0032-2015Redesign;en-US;636409010997631968#df0h1irikonpysiwe1ajsfdn;7805;1;0
Cphollywoodbeach.com-0032-2015Redesign;en-US;636409010999191988#5uczhaa4m1kp4nzengtvnzko;7831;1;0
