Broadmoor.com-0073-2016Redesign;en-US;636408955200435555#32oeymffrg3jxw1cbs2yy40q;16721;1;0
Sandpearl.com-0091-2016Redesign;en-US;636408955200435555#wdbs1ebg21e0k4ds1v555ryy;22531;1;0
Luxehotels.com-0078-2016Redesign;en-US;636408955201995575#rm3g10hjmebofehcszsmjxdw;18805;1;0
Cendyn.com-0095-2016Redesign;en-US;636408955202463581#ppg0lbajc3rqpxkudmddlzv1;26640;1;0
Passport.lehotels.com-0069-2016BlogRedesign;en-US;636408955202463581#a020wfz2mbz3oskudnjaguxp;41068;1;0
Cendyn.com-0095-2016Redesign;en-US;636408955202463581#4y03j0vo30vu4tnqpj1zuvxf;26640;1;0
Cendyn.com-0095-2016Redesign;en-US;636408955202463581#w00eceeeswkwg5tc5450vakx;26640;1;0
Galthouse.com-0042-2015Redesign;en-US;636408955202619583#ktiitbl3h2utp54szhfcuylv;31905;1;0
Cendyn.com-0095-2016Redesign;en-US;636408955202931587#ksttb4iafrthxocjnvybptlk;26640;1;0
Washingtondukeinn.com-0024-2014Redesign;en-US;636408955203711597#mx5oisuf2utvhegvmyxz5pot;4524;1;0
Sandpearl.com-0091-2016Redesign;en-US;636408955205115615#az22rhp1lmzyqh0xhqlol0ef;38056;1;0
Galthouse.com-0042-2015Redesign;en-US;636408955205427619#ktiitbl3h2utp54szhfcuylv;31905;1;0
Unionstationhotelnashville.com-0047-2015Redesign;en-US;636408955207143641#3c0yv0g1yqhyiav4s4mng5rk;32226;1;0
Broadmoor.com-0073-2016Redesign;en-US;636408955208703661#ev1hszt00t5rua03bcnslnnk;16758;1;0
Unionstationhotelnashville.com-0047-2015Redesign;en-US;636408955210419683#3c0yv0g1yqhyiav4s4mng5rk;32226;1;0
Thecurtis.com-0079-2016Redesign;en-US;636408955214787739#cyfvxl3cknxhq4g1fcasuqlp;17981;1;0
Texturefoodanddrink.com-0067-2016Redesign;en-US;636408955214787739#3dycdh1jrgpd5j21bnmb1v0k;15452;1;0
Bocatrans.com-0082-2016Redesign;en-US;636408955214787739#45fl0i0o25y1rt3vnra2mxsf;19758;1;0
Jupiterbeachresort.com-0103-2017Redesign;en-US;636408955214787739#jnaoscomtpzjrsysblkcerue;38052;1;0
Beverlyhillsresidenceinn.com-0087-2016Redesign;en-US;636408955214943741#wbutyackvqss5wst0immiuel;20999;1;0
Lakeplacidlodge.com-0105-2017Redesign;en-US;636408955214943741#bffxfq31fhjrikfadeyibx2u;39238;1;0
Theharborsidehotel.com-0114-2017Redesign;en-US;636408955214943741#qabehqoi5yjx5aglpdd33444;40403;1;0
Galthouse.com-0042-2015Redesign;en-US;636408955214943741#mkhpmbvg3ifqblecmnhngsrl;38060;1;0
Assuranceoperations.com-0065-2015Redesign;en-US;636408955215567749#iynjdxube2lwgxpdj2jwp2tg;15263;1;0
Meateatery.com-0080-2016Redesign;en-US;636408955215567749#q4vbxwcpxncxoxs10qbtee5h;18505;1;0
Samosetresort.com-0113-2017Redesign;en-US;636408955215567749#rctb4ultfaej4ylmhjbueohz;40334;1;0
Opalsands.com-0084-2016Redesign;en-US;636408955215567749#td3r4tp5qwzlnzwtzbesezqb;38055;1;0
Naiaresortandspa.com-0077-2016Redesign;en-US;636408955215567749#apehwxyzsymghla0xyd4z0kq;20455;1;0
Washingtoncourthotel.com-0076-2016Redesign;en-US;636408955215723751#ndooqztnpinspe30x2ut0chr;17858;1;0
Chrco.com-0107-2017Redesign;en-US;636408955215723751#z2hpwvqchuus0xexlmmxtjea;29280;1;0
Oxfordclubspa.com-0068-2016Redesign;en-US;636408955215723751#u1s2y2hhdj2blgcc25zw2rrw;15568;1;0
Halcyonhotelcherrycreek.com-0061-2015Redesign;en-US;636408955215723751#42sebb5vjagfobkuoaikwbiw;22121;1;0
Degreerestaurant.com-0056-2015Redesign;en-US;636408955215723751#tdnebxfe5h43xck5lkxgxpty;11598;1;0
Jbdukehotel.com-0086-2016Redesign;en-US;636408955215723751#0kmkym41whgeafbk5mirkzvt;21918;1;0
Edgewaternaples.com-0094-2016Redesign;en-US;636408955215723751#cply4kiq32bmo0ecmko4wdbx;38051;1;0
Bluebirch.com-0072-2016Redesign;en-US;636408955215879753#hbxivropoeffgrl2j24ya05f;16693;1;0
Abbingtonbanquets.com-0070-2016Redesign;en-US;636408955215879753#unjat0uwebmovdj5bewwh2fb;15789;1;0
Sandylane.com-0075-2016Redesign;en-US;636408955215879753#ttqjetra134kkwqkevtfndng;17611;1;0
Treasureislandbeachresort.com-0089-2016Redesign;en-US;636408955215879753#isqcojhxnclzzqfbpk54ylh4;38057;1;0
Zotabeachresort.com-0090-2016Redesign;en-US;636408955216035755#f2jgp1sftixylfo4pijmwnac;38058;1;0
Theoxfordhotel.com-0062-2015Redesign;en-US;636408955216035755#lo2kbjkc1zwaemvlygtpoztf;14325;1;0
Luxehotels.com-0078-2016Redesign;en-US;636408955216191757#no2ar4ggcr5fgnxmttvcrx44;18805;1;0
Thecrawfordhotel.com-0074-2016Redesign;en-US;636408955216191757#u1v2blg5zuky0oclbyaxhgzg;17145;1;0
Glencovemansion.com-0058-2015Redesign;en-US;636408955216191757#2fdxvggr4xpagsdxbtpbqyqm;13328;1;0
Hhotellosangeles.com-0118-2017Redesign;en-US;636408955216191757#hyxmru43a3pvphncq2ujfdzj;35289;1;0
Homewoodsuiteslax.com-0110-2017Redesign;en-US;636408955216191757#5prndu5c4yzw0bboyqoywsso;30747;1;0
Broadmoor.com-0073-2016Redesign;en-US;636408955216659763#0qtltobxkqkdeatuqlrwu3u0;16724;1;0
Thesagamore.com-0112-2017Redesign;en-US;636408955218531787#cnlbkakgb1ugzi35ujmqhay2;33924;1;0
Hospitalityupgrade.com-0093-2016Redesign;en-US;636408955219155795#ji5oryfhngpfn3b2pw5d3302;39355;1;0
Broadmoor.com-0073-2016Redesign;en-US;636408955222743841#akx4siyozqriqjc1roacjccu;38059;1;0
Hospitalityupgrade.com-0093-2016Redesign;en-US;636408955222743841#pcs5tjx2mq44o2qarbrblbbf;25405;1;0
Cendyn.com-0095-2016Redesign;en-US;636408955223211847#jcqvciamz0d3rwrudipg5n0k;26640;1;0
Broadmoor.com-0073-2016Redesign;en-US;636408955228047909#dcqeahuskyg3qd4t0fzycjey;16758;1;0
Broadmoor.com-0073-2016Redesign;en-US;636408955230231937#cvxtopnczai12nqezdq1umam;21230;1;0
Longboatkeyclub.com-0104-2017Redesign;en-US;636408955232259963#13bd3oitg2ynoinwpwazc5yu;38054;1;0
Napavalleymarriott.com-0071-2016Redesign;en-US;636408955232259963#xnojv4yqjklct2yvgvwmmi12;16432;1;0
Delraysandsresort.com-0097-2016Redesign;en-US;636408955232259963#scsrjpkgskke3lm4ecqtbq1y;38049;1;0
Thesagamore.com-0112-2017Redesign;en-US;636408955232727969#vyn3cwdp02buvfgdqycur4x1;39241;1;0
Lidobeachresort.com-0106-2017Redesign;en-US;636408955233039973#ymof1banbbrfcenvdnj33wti;38053;1;0
Unionstationhotelnashville.com-0047-2015Redesign;en-US;636408955233039973#byavkdpwh5mhp1dxe2541tp3;24059;1;0
Broadmoor.com-0073-2016Redesign;en-US;636408955233663981#tvbqhy4gukuim2jxv5hd5lmd;22720;1;0
Broadmoor.com-0073-2016Redesign;en-US;636408955235380003#txgkptcfnot3cyzyrrnds0pz;21231;1;0
Unionstationhotelnashville.com-0047-2015Redesign;en-US;636408955238032037#wfhuxke0rm1nvg2iggfyqwqk;10385;1;0
Hospitalityupgrade.com-0093-2016Redesign;en-US;636408955241152077#ui01hlqzpjca1folpbyhbx2w;31876;1;0
Renaissancepittsburghpa.com-0044-2015Redesign;en-US;636408955241932087#dmjtyjo35pbq3ac4leicvpi5;9739;1;0
Cocokeyorlando.com-0059-2015Redesign;en-US;636408955243492107#xiqzp0n042n4vyuyvbarpw1m;12394;1;0
Delraysandsresort.com-0097-2016Redesign;en-US;636408955243804111#pqdpkkckejolcg5k3bhwbyid;27232;1;0
Cendyn.com-0095-2016Redesign;en-US;636408955252384221#fj4nuuyxgsbovsktnaltde2y;26640;1;0
Cendyn.com-0095-2016Redesign;en-US;636408955252384221#1unekxbadyxi1d0q2nt5yj01;26640;1;0
Cendyn.com-0095-2016Redesign;en-US;636408955252384221#enwhqmefrdlpisymi4kzdxij;26640;1;0
Passport.lehotels.com-0069-2016BlogRedesign;en-US;636408955252384221#brzlrifimuk00f2goaerqbbn;41068;1;0
Marriottkeylargo.com-0015-2014Redesign;en-US;636408955252852227#pyojhlhizss34ichpjt30taz;3958;1;0
Cendyn.com-0095-2016Redesign;en-US;636408955252852227#rkpmxiogwznbj4snbhxbjj3d;26640;1;0
Sandpearl.com-0091-2016Redesign;en-US;636408955255036255#ejcl4kzjrew04c5fxy3bfd5d;38056;1;0
Cocokeyorlando.com-0059-2015Redesign;en-US;636408955255972267#3dpjwhicpf1ko50kafdjx2eb;12421;1;0
Monarchbeachresort.com-0092-2016Redesign;en-US;636408955259092307#wfp5jiby5ggcs4pujvxkoy4j;23477;1;0
Broadmoor.com-0073-2016Redesign;en-US;636408955260808329#ppnsddbvgunohrhtlirn1vnk;16721;1;0
Lakeplacidlodge.com-0105-2017Redesign;en-US;636408955263148359#mqnzoj4z4tpinxbmf2z3od4k;28545;1;0
Naiaresortandspa.com-0077-2016Redesign;en-US;636408955264708379#jviqqp5eah3ctbkwxc0inql1;20455;1;0
Bocatrans.com-0082-2016Redesign;en-US;636408955264708379#olpzwuvwz1rjmgw2n4mf3scf;19758;1;0
Jupiterbeachresort.com-0103-2017Redesign;en-US;636408955264864381#4r5ndigj5f2fl1zl5em42y11;38052;1;0
Assuranceoperations.com-0065-2015Redesign;en-US;636408955264864381#1adzialbfzl4b50jsdabyx1z;15263;1;0
Texturefoodanddrink.com-0067-2016Redesign;en-US;636408955264864381#k0wn1eeud33j3fbvxsi0zrcg;15452;1;0
Sandylane.com-0075-2016Redesign;en-US;636408955265020383#ndiofrxrdttggikuz2tkzlgz;17611;1;0
Abbingtonbanquets.com-0070-2016Redesign;en-US;636408955265176385#0nrodggst55ekg1ltxujhpgx;15789;1;0
Theharborsidehotel.com-0114-2017Redesign;en-US;636408955265176385#q120cuiy4kkaqst4dwjgbuwr;40403;1;0
Thecrawfordhotel.com-0074-2016Redesign;en-US;636408955265176385#fh5b04vn53kdvxit11r51w45;17145;1;0
Homewoodsuiteslax.com-0110-2017Redesign;en-US;636408955265332387#iuzl4bnyvygjsbpyd5bjvg4n;30747;1;0
Oxfordclubspa.com-0068-2016Redesign;en-US;636408955265332387#grmqrsmqyr3tyxs3t0xo55fy;15568;1;0
Halcyonhotelcherrycreek.com-0061-2015Redesign;en-US;636408955265956395#4lzwpuww0qpu2cr0ob2hvgs3;22121;1;0
Meateatery.com-0080-2016Redesign;en-US;636408955266112397#c5okagiujdx11arhspgeuw2n;18505;1;0
Degreerestaurant.com-0056-2015Redesign;en-US;636408955266112397#eckvmmcblj0ydpop2ekpybeq;11598;1;0
Treasureislandbeachresort.com-0089-2016Redesign;en-US;636408955266112397#x4kevfq0auq0uhsivljolz3s;38057;1;0
Hhotellosangeles.com-0118-2017Redesign;en-US;636408955266112397#3zr2jhl51mriooqd2w3n34pe;35289;1;0
Lakeplacidlodge.com-0105-2017Redesign;en-US;636408955266268399#1jsnfmgnzu3dkcxslz4b1ber;39238;1;0
Luxehotels.com-0078-2016Redesign;en-US;636408955266268399#ibc10krzmx0dftstbrxx5cxd;18805;1;0
Washingtoncourthotel.com-0076-2016Redesign;en-US;636408955266268399#0lh55svfsmyt2sdaww4hewxy;17858;1;0
Chrco.com-0107-2017Redesign;en-US;636408955266424401#c0wjghvy1bibcn55d33gmjps;29280;1;0
Zotabeachresort.com-0090-2016Redesign;en-US;636408955266580403#chuzfc1s2nrmrpobebtad2cb;38058;1;0
Samosetresort.com-0113-2017Redesign;en-US;636408955266580403#hfth4u5socjw4nqxte4vztvd;40334;1;0
Galthouse.com-0042-2015Redesign;en-US;636408955266736405#ha1rfethkm1qcdgl0zurdxm0;38060;1;0
Glencovemansion.com-0058-2015Redesign;en-US;636408955266892407#wfgxzuc5plbsd1tgghyikays;13328;1;0
Beverlyhillsresidenceinn.com-0087-2016Redesign;en-US;636408955266892407#l1v4305bfnkd1muufiw00ah3;20999;1;0
Opalsands.com-0084-2016Redesign;en-US;636408955267048409#s3ftovvlsrxckjyp0tezuyy5;38055;1;0
Jbdukehotel.com-0086-2016Redesign;en-US;636408955267048409#lliqts1nkkqz5yiaf34rjfgn;21918;1;0
Lakeplacidlodge.com-0105-2017Redesign;en-US;636408955267204411#axtr1wmyvtfgrfdfhru0kvhz;28545;1;0
Theoxfordhotel.com-0062-2015Redesign;en-US;636408955267360413#22h0vwc0tdeepe1eo34fir54;14325;1;0
Thecurtis.com-0079-2016Redesign;en-US;636408955267360413#3xktfy1zkdkejazanartz0og;17981;1;0
Bluebirch.com-0072-2016Redesign;en-US;636408955267516415#plgjak1lls5sddtcbgpuqcsy;16693;1;0
Edgewaternaples.com-0094-2016Redesign;en-US;636408955267828419#dsc5xsu02k0dbeqn4vqktdkd;38051;1;0
Sandpearl.com-0091-2016Redesign;en-US;636408955271104461#lalklhsh5nchkhqgh3tb4smq;22481;1;0
Thesagamore.com-0112-2017Redesign;en-US;636408955271884471#t1e0tpahn0sze1pfytpgcxyi;33924;1;0
Hospitalityupgrade.com-0093-2016Redesign;en-US;636408955272664481#owcnyf3robpfrowsfp4wgkdp;25405;1;0
Broadmoor.com-0073-2016Redesign;en-US;636408955272820483#21szuiv3rd4loqcmeagnsjti;38059;1;0
Cendyn.com-0095-2016Redesign;en-US;636408955273288489#wvo1tyaeaed3eufj4mfu3nga;26640;1;0
Samosetresort.com-0113-2017Redesign;en-US;636408955274536505#r52dwvjmietc4qvizob15ujd;35151;1;0
Bellemontfarm.com-0007-2013Redesign;en-US;636408955274848509#fy0igesgb0hkw2lc4lvtepyh;11497;1;0
Sandpearl.com-0091-2016Redesign;en-US;636408955277344541#lalklhsh5nchkhqgh3tb4smq;22481;1;0
Lehotels.com-0049-2015Transfer;en-US;636408955278748559#1vhsj02wwumbn0032n1fgkji;14247;1;0
Hospitalityupgrade.com-0093-2016Redesign;en-US;636408955281712597#wvedwgzd5oqjmzshzrnesrky;39355;1;0
Napavalleymarriott.com-0071-2016Redesign;en-US;636408955282336605#ruurouef3qopyiisxphfm4st;16432;1;0
Lidobeachresort.com-0106-2017Redesign;en-US;636408955282336605#k1ekp4jpisb45m2yle5oiinz;38053;1;0
Thesagamore.com-0112-2017Redesign;en-US;636408955282492607#5tbpmpoknpcltzlj31hky3ff;39241;1;0
Longboatkeyclub.com-0104-2017Redesign;en-US;636408955282492607#uw4hom34ce42gcxspajkthgx;38054;1;0
Delraysandsresort.com-0097-2016Redesign;en-US;636408955283896625#2t2m4mows3ttamo2sv5iz1e1;38049;1;0
Sandpearl.com-0091-2016Redesign;en-US;636408955292632737#wdbs1ebg21e0k4ds1v555ryy;23177;1;0
Theloganhotel.com-0043-2015Redesign;en-US;636408955297156795#5pwajioctlwiqnpkcrqa4rhh;20218;1;0
Denvercy.com-0036-2015Redesign;en-US;636408955297624801#zmcspzduqdkxyarqw52ygcuy;8150;1;0
Cocokeyorlando.com-0059-2015Redesign;en-US;636408955302304861#rnis4g02ubldp3niacbdrah3;12394;1;0
Cendyn.com-0095-2016Redesign;en-US;636408955302460863#dasu4gcbeitmppklfyxsyvy5;26640;1;0
Passport.lehotels.com-0069-2016BlogRedesign;en-US;636408955302460863#nfr4w2rvpyvrpeuxcyiuhsbw;41068;1;0
Cendyn.com-0095-2016Redesign;en-US;636408955302616865#tmfekp0i24ogqf2q12b0deox;26640;1;0
Cendyn.com-0095-2016Redesign;en-US;636408955302616865#gfvjkxhns2d2keo5smjkz11v;26640;1;0
Cendyn.com-0095-2016Redesign;en-US;636408955302928869#1ebixomjyplpknbn3clucfwe;26640;1;0
Sandpearl.com-0091-2016Redesign;en-US;636408955303240873#hdbwgk4ahntn3s3lm15kvfr4;22481;1;0
Broadmoor.com-0073-2016Redesign;en-US;636408955303708879#hqi0gkyq1tqkwvixqjd0zrh4;16790;1;0
Hospitalityupgrade.com-0093-2016Redesign;en-US;636408955304332887#wsxmut4otbizk0yabsmame4h;31876;1;0
Delraysandsresort.com-0097-2016Redesign;en-US;636408955305112897#xm0zhcoch2fdvzepqu5nnokt;28430;1;0
Sandpearl.com-0091-2016Redesign;en-US;636408955305112897#rp1qbv1zdhdc4xtozx0wwk1i;38056;1;0
Lakeplacidlodge.com-0105-2017Redesign;en-US;636408955311664981#axtr1wmyvtfgrfdfhru0kvhz;28545;1;0
Bocatrans.com-0082-2016Redesign;en-US;636408955314785021#kmqllyey5bxlfnuzp442mpju;19758;1;0
Hhotellosangeles.com-0118-2017Redesign;en-US;636408955314941023#atzf4zxurphvogqi4ptolqaz;35289;1;0
Degreerestaurant.com-0056-2015Redesign;en-US;636408955314941023#hsgfrcxg10jmgc2gjb1cgquq;11598;1;0
Luxehotels.com-0078-2016Redesign;en-US;636408955314941023#cqbe1fagz5biaiblzlq1f514;18805;1;0
Naiaresortandspa.com-0077-2016Redesign;en-US;636408955314941023#ua2b451cgrjujwz3fv2btlru;20455;1;0
Meateatery.com-0080-2016Redesign;en-US;636408955315097025#mqychgsjr0vswsfdm2fzzjtr;18505;1;0
Galthouse.com-0042-2015Redesign;en-US;636408955315097025#2tpsa3uwrw2fobvyj432lax0;38060;1;0
Abbingtonbanquets.com-0070-2016Redesign;en-US;636408955315253027#1sm55aoht2nkmmfdnaybv0uj;15789;1;0
Washingtoncourthotel.com-0076-2016Redesign;en-US;636408955315253027#nwrhb0mgrr2xehyxnpapxueu;17858;1;0
Texturefoodanddrink.com-0067-2016Redesign;en-US;636408955315409029#xmxwmbrzjoflng0uw4yupqrw;15452;1;0
Opalsands.com-0084-2016Redesign;en-US;636408955315409029#neo4eg0hovy4pnznt5iilvxy;38055;1;0
Theoxfordhotel.com-0062-2015Redesign;en-US;636408955315409029#nvog1spdgtwite1woeaqcinh;14325;1;0
Halcyonhotelcherrycreek.com-0061-2015Redesign;en-US;636408955315409029#yv0w2maw04gkt5jggd4cqsz2;22121;1;0
Assuranceoperations.com-0065-2015Redesign;en-US;636408955315409029#iy5yjrj0il3mnrc3laasriil;15263;1;0
Oxfordclubspa.com-0068-2016Redesign;en-US;636408955315409029#1te0a1pvwqjvyl5mech50tpi;15568;1;0
Samosetresort.com-0113-2017Redesign;en-US;636408955315565031#qtvdxo0znkhpklfx0mqci5po;40334;1;0
Jbdukehotel.com-0086-2016Redesign;en-US;636408955315721033#tqcun3f0ernpaegfxrtegbdz;21918;1;0
Bluebirch.com-0072-2016Redesign;en-US;636408955315721033#vf2t1z5fqtog1wqt5drsxnlz;16693;1;0
Thecurtis.com-0079-2016Redesign;en-US;636408955315721033#5jxp2wlp3ydhx2ovetmpywes;17981;1;0
Glencovemansion.com-0058-2015Redesign;en-US;636408955315721033#ba343yrny41zlb4hc5ifeuqe;13328;1;0
Beverlyhillsresidenceinn.com-0087-2016Redesign;en-US;636408955315877035#vm4cmea3darzb5kolpdlpjvp;20999;1;0
Theharborsidehotel.com-0114-2017Redesign;en-US;636408955315877035#puddsbuxx3fj44syfia40lva;40403;1;0
Homewoodsuiteslax.com-0110-2017Redesign;en-US;636408955316189039#pwpztj5syci2movxkm5u1w2z;30747;1;0
Zotabeachresort.com-0090-2016Redesign;en-US;636408955316189039#jvk4u3i0kw53y4aqimkhiz44;38058;1;0
Sandylane.com-0075-2016Redesign;en-US;636408955316345041#imqjwswgz0p1r4khxqxuapke;17611;1;0
Edgewaternaples.com-0094-2016Redesign;en-US;636408955316501043#in2ekgwvmd3v3yhkf1xy0cte;38051;1;0
Jupiterbeachresort.com-0103-2017Redesign;en-US;636408955316501043#xmxcx3wytlnxscw10ebfyfwo;38052;1;0
Thecrawfordhotel.com-0074-2016Redesign;en-US;636408955316501043#wat1f0etunx0dsgpgyjuvsh3;17145;1;0
Lakeplacidlodge.com-0105-2017Redesign;en-US;636408955316501043#xsqjtvsnxutr43cpsbix531w;39238;1;0
Treasureislandbeachresort.com-0089-2016Redesign;en-US;636408955316813047#fnryuaokzijhhg55kjsb55ib;38057;1;0
Chrco.com-0107-2017Redesign;en-US;636408955316969049#lhehjuxdb2ucldtwrusm2l4t;29280;1;0
Hospitalityupgrade.com-0093-2016Redesign;en-US;636408955318061063#bqmavhnmotkxbqg041i3h2hj;36743;1;0
Denvercy.com-0036-2015Redesign;en-US;636408955321337105#zmcspzduqdkxyarqw52ygcuy;8642;1;0
Hospitalityupgrade.com-0093-2016Redesign;en-US;636408955322741123#loowbb3csyel4d03h0fwikoi;25405;1;0
Broadmoor.com-0073-2016Redesign;en-US;636408955322897125#z15mszpqbqztk1zovfyom0wu;38059;1;0
Cendyn.com-0095-2016Redesign;en-US;636408955323209129#crh45gqnlbvljbct5u0xq4r1;26640;1;0
Galthouse.com-0042-2015Redesign;en-US;636408955324769149#qtm2h3yk0vcezmajn34i5xyz;10602;1;0
Thelodgeatwoodloch.com-0033-2015Redesign;en-US;636408955326797175#wz3ogh1og5cckfiysmwzbgla;7764;1;0
Chrco.com-0107-2017Redesign;en-US;636408955328357195#55kybpwnibhrrbin3hfqsrra;31152;1;0
Sandpearl.com-0091-2016Redesign;en-US;636408955330541223#px01ovkfcgmxvpetuk41ojgf;23075;1;0
Napavalleymarriott.com-0071-2016Redesign;en-US;636408955332413247#x5lfgmdnagcggptzk5ejunzy;16432;1;0
Delraysandsresort.com-0097-2016Redesign;en-US;636408955332569249#zdwm2wtogb5cmvajmpvjqohb;38049;1;0
Longboatkeyclub.com-0104-2017Redesign;en-US;636408955333037255#jsfuk0yl1pn41bjrdnn5yphh;38054;1;0
Lidobeachresort.com-0106-2017Redesign;en-US;636408955333037255#3hhs1rdwb2v3rif1leucgxyu;38053;1;0
Thesagamore.com-0112-2017Redesign;en-US;636408955333037255#ytzdrj53df2knhmhrvvgr5ki;39241;1;0
Broadmoor.com-0073-2016Redesign;en-US;636408955335377285#3ph2emwynxvl3l5lbnjgxbnw;16761;1;0
Sandpearl.com-0091-2016Redesign;en-US;636408955336157295#ki0vuc3dkewus3ligezar0ni;22481;1;0
Lakeplacidlodge.com-0105-2017Redesign;en-US;636408955339277335#gspjhh0yrrvxx5qidoxjtnle;28545;1;0
Sandpearl.com-0091-2016Redesign;en-US;636408955340525351#ki0vuc3dkewus3ligezar0ni;22481;1;0
Broadmoor.com-0073-2016Redesign;en-US;636408955346141423#k5cy1mkkwktgww2jlubl5ygn;17344;1;0
Washingtondukeinn.com-0024-2014Redesign;en-US;636408955347701443#y40cu11umsg22sjetmdgvdnh;7844;1;0
Delraysandsresort.com-0097-2016Redesign;en-US;636408955350353477#d2xhewxqr1kzyqihuzadj2oy;27239;1;0
Cendyn.com-0095-2016Redesign;en-US;636408955352381503#kqurbkjcgcrxscr25bpdlrix;26640;1;0
Passport.lehotels.com-0069-2016BlogRedesign;en-US;636408955352381503#ph2skrxz2lahfqnlmc5ibo5c;41068;1;0
Cendyn.com-0095-2016Redesign;en-US;636408955352381503#ta2okyjbys41fivgyuorjhcw;26640;1;0
Cendyn.com-0095-2016Redesign;en-US;636408955352537505#k3k4rmxx5i3lya4i1ugl3es1;26640;1;0
Cendyn.com-0095-2016Redesign;en-US;636408955353005511#k5fr3ponpkycvuz1oisojpr0;26640;1;0
Hospitalityupgrade.com-0093-2016Redesign;en-US;636408955353785521#0i5wqlon5t5la0v0c25mm3nq;39355;1;0
Sandpearl.com-0091-2016Redesign;en-US;636408955355033537#hpmuwza4vfyrh0dj5oerzyeo;38056;1;0
Halcyonhotelcherrycreek.com-0061-2015Redesign;en-US;636408955357061563#t05tlvpyagoevd2vo35gka54;22121;1;0
Broadmoor.com-0073-2016Redesign;en-US;636408955358621583#cvxtopnczai12nqezdq1umam;21233;1;0
Washingtondukeinn.com-0024-2014Redesign;en-US;636408955359245591#y40cu11umsg22sjetmdgvdnh;7844;1;0
Napavalleymarriott.com-0071-2016Redesign;en-US;636408955359557595#byiqiq5kidrzs0sdv3e1ooye;16432;1;0
Luxehotels.com-0078-2016Redesign;en-US;636408955360649609#rm3g10hjmebofehcszsmjxdw;18805;1;0
Renaissancepittsburghpa.com-0044-2015Redesign;en-US;636408955364705661#dmjtyjo35pbq3ac4leicvpi5;9682;1;0
Naiaresortandspa.com-0077-2016Redesign;en-US;636408955364705661#y2yrwwsmlkghp0bwmajglojc;20455;1;0
Meateatery.com-0080-2016Redesign;en-US;636408955364705661#0s1bsd42mhl1yumubzjojz5j;18505;1;0
Assuranceoperations.com-0065-2015Redesign;en-US;636408955364861663#b2zermhyr2t1j24n4pqwei2l;15263;1;0
Bocatrans.com-0082-2016Redesign;en-US;636408955364861663#14xvvqgwwvrz42tf1lvaaiov;19758;1;0
Halcyonhotelcherrycreek.com-0061-2015Redesign;en-US;636408955365017665#uj0itxkqfgleho0jpng0fhb4;22121;1;0
Edgewaternaples.com-0094-2016Redesign;en-US;636408955365017665#tbxqbqmsmyyx3ikv0g5kbzsg;38051;1;0
Zotabeachresort.com-0090-2016Redesign;en-US;636408955365017665#szgbbkmnhc04g1notjadhm2f;38058;1;0
Sandylane.com-0075-2016Redesign;en-US;636408955365173667#nvmd3faaqjkxibqjyyfusxm0;17611;1;0
Homewoodsuiteslax.com-0110-2017Redesign;en-US;636408955365173667#hpyizgjsej25l3i3jh2faxzg;30747;1;0
Glencovemansion.com-0058-2015Redesign;en-US;636408955365329669#qa5jaflkectn5ffun2obefgt;13328;1;0
Washingtoncourthotel.com-0076-2016Redesign;en-US;636408955365329669#yrubgegw3k4jihebok1c5b0h;17858;1;0
Lakeplacidlodge.com-0105-2017Redesign;en-US;636408955365329669#ze2ybqytpgau2o2gzqdddf1j;39238;1;0
Theoxfordhotel.com-0062-2015Redesign;en-US;636408955365485671#jbjj10n1334epjkcz42iwqey;14325;1;0
Beverlyhillsresidenceinn.com-0087-2016Redesign;en-US;636408955365485671#rul0zcxlxjwmqrj2skpbr3bc;20999;1;0
Chrco.com-0107-2017Redesign;en-US;636408955365485671#mjayqe4pon2byyxi1ycv3jec;29280;1;0
Jbdukehotel.com-0086-2016Redesign;en-US;636408955365485671#pewgirv4gsolsnciph5tnd3q;21918;1;0
Degreerestaurant.com-0056-2015Redesign;en-US;636408955365641673#aup2gy4h4wsxt1toqqbmf05b;11598;1;0
Opalsands.com-0084-2016Redesign;en-US;636408955365641673#kndzzrqv0nfy3lncdq4alees;38055;1;0
Thecrawfordhotel.com-0074-2016Redesign;en-US;636408955365641673#m1tjdiwurbzo2dqlho2b2ppr;17145;1;0
Oxfordclubspa.com-0068-2016Redesign;en-US;636408955365797675#xpjwympfz3yuuhzrweannwq3;15568;1;0
Hhotellosangeles.com-0118-2017Redesign;en-US;636408955365797675#r1v4dz530dnwrblcfwfr5txg;35289;1;0
Luxehotels.com-0078-2016Redesign;en-US;636408955365797675#ypsiahpnylcec0nunmyvokia;18805;1;0
Bluebirch.com-0072-2016Redesign;en-US;636408955365797675#3zmmx5o3ipatrifd2me4cyrx;16693;1;0
Galthouse.com-0042-2015Redesign;en-US;636408955365797675#xm2c1qpikxlgivieu0a02c3u;38060;1;0
Thecurtis.com-0079-2016Redesign;en-US;636408955365953677#vuoe3dk3h4fxcaooxyzmv51a;17981;1;0
Samosetresort.com-0113-2017Redesign;en-US;636408955365953677#twkkd1eh2r03d54lstpwhtg2;40334;1;0
Sandpearl.com-0091-2016Redesign;en-US;636408955365953677#ki0vuc3dkewus3ligezar0ni;22481;1;0
Abbingtonbanquets.com-0070-2016Redesign;en-US;636408955366109679#atcmgpl1tzovkwa5wka2llx4;15789;1;0
Jupiterbeachresort.com-0103-2017Redesign;en-US;636408955366109679#23mdkbn41n0tntl2ia4unjnw;38052;1;0
Texturefoodanddrink.com-0067-2016Redesign;en-US;636408955366265681#t1w0uyxenkgvsec5m2t12kq1;15452;1;0
Treasureislandbeachresort.com-0089-2016Redesign;en-US;636408955366265681#hg2ewottxxaso0dp4uvcfk5g;38057;1;0
Theharborsidehotel.com-0114-2017Redesign;en-US;636408955366421683#f4mknr4auetsj5rcemoii03w;40403;1;0
Jupiterbeachresort.com-0103-2017Redesign;en-US;636408955368449709#c0qtgaedb5ylv111zl4sg03n;28158;1;0
Jupiterbeachresort.com-0103-2017Redesign;en-US;636408955371257745#c0qtgaedb5ylv111zl4sg03n;28158;1;0
Hospitalityupgrade.com-0093-2016Redesign;en-US;636408955372817765#tcbxmlntzsviwk0yal2qks5o;25405;1;0
Broadmoor.com-0073-2016Redesign;en-US;636408955372817765#w332xiueivwzb4siimvpxb1x;38059;1;0
Cendyn.com-0095-2016Redesign;en-US;636408955373285771#v0514bhcgbekmwitpjv2srdd;26640;1;0
Thecurtis.com-0079-2016Redesign;en-US;636408955374533787#rroblipfeeifmrjwneyekm5n;17981;1;0
Hospitalityupgrade.com-0093-2016Redesign;en-US;636408955374845791#d1ki2ixf1lk2p1naahqvatew;31876;1;0
Hospitalityupgrade.com-0093-2016Redesign;en-US;636408955378745841#soh0z32pdpkcm1xqbcnkbplz;25405;1;0
Delraysandsresort.com-0097-2016Redesign;en-US;636408955382801893#vjfuzfl5wingnosnkhhe1nls;38049;1;0
Longboatkeyclub.com-0104-2017Redesign;en-US;636408955382801893#rnqlirnnybdbf5bjmkehz1b1;38054;1;0
Napavalleymarriott.com-0071-2016Redesign;en-US;636408955382801893#3pyfq4sni25t5kk3lnptgcmp;16432;1;0
Thesagamore.com-0112-2017Redesign;en-US;636408955382801893#hwn41luqf5xma4al1rtkxvh3;39241;1;0
Lidobeachresort.com-0106-2017Redesign;en-US;636408955382801893#b1wboe1jkzlhgoiwgi5yhchv;38053;1;0
Delraysandsresort.com-0097-2016Redesign;en-US;636408955383581903#xm0zhcoch2fdvzepqu5nnokt;27232;1;0
wentworthcom00212014redesign;en-US;636408955384517915#zgabmxgnmcfg4cpdbmf2hsmb;26679;1;0
Cphollywoodbeach.com-0032-2015Redesign;en-US;636408955385765931#xj312xlugylzmpl0y0ja2eun;7831;1;0
Casaybelresort.com-0002-2014Redesign;en-US;636408955389509979#iuiuaphvrzzcwuwgealij4dt;1533;1;0
Jupiterbeachresort.com-0103-2017Redesign;en-US;636408955390289989#c0qtgaedb5ylv111zl4sg03n;28158;1;0
Monarchbeachresort.com-0092-2016Redesign;en-US;636408955393254027#ekuysaumj5tck4atszqrzrmj;23482;1;0
Thesagamore.com-0112-2017Redesign;en-US;636408955398714097#cvugtapobbwx3wie0uxx5v5z;32387;1;0
Halcyonhotelcherrycreek.com-0061-2015Redesign;en-US;636408955401210129#o5pgbsvzxr4hikwrhrpxvseu;22121;1;0
Cendyn.com-0095-2016Redesign;en-US;636408955402458145#dtvnxs2hd0g4fq1iasesex3k;26640;1;0
Cendyn.com-0095-2016Redesign;en-US;636408955402458145#c1z0raw1zvgv2bkxqsq3z51r;26640;1;0
Cendyn.com-0095-2016Redesign;en-US;636408955402458145#s1a4rdk4lc0p35wybl5p3haf;26640;1;0
Passport.lehotels.com-0069-2016BlogRedesign;en-US;636408955402458145#ojmt2w445i0e5qqfraw5rztp;41068;1;0
Halcyonhotelcherrycreek.com-0061-2015Redesign;en-US;636408955402614147#t05tlvpyagoevd2vo35gka54;22121;1;0
Cendyn.com-0095-2016Redesign;en-US;636408955402926151#tprxjuyv1n1enjadntqbg4hk;26640;1;0
Sandpearl.com-0091-2016Redesign;en-US;636408955405110179#mp3zxxnorodrathk5eqyank4;38056;1;0
wentworthcom00212014redesign;en-US;636408955406046191#zgabmxgnmcfg4cpdbmf2hsmb;26679;1;0
wentworthcom00212014redesign;en-US;636408955407138205#zgabmxgnmcfg4cpdbmf2hsmb;26679;1;0
Theloganhotel.com-0043-2015Redesign;en-US;636408955409790239#usxhweipiqdkpsnws2uleh5f;20218;1;0
Luxehotels.com-0078-2016Redesign;en-US;636408955409946241#rm3g10hjmebofehcszsmjxdw;18805;1;0
Hospitalityupgrade.com-0093-2016Redesign;en-US;636408955410414247#5vtxuf0dn1u423hy4qmqcmb0;39355;1;0
Edgewaternaples.com-0094-2016Redesign;en-US;636408955411818265#yeyqgj2p2mhm1lpiw0ahltdo;25239;1;0
Marriottkeylargo.com-0015-2014Redesign;en-US;636408955411974267#5oqhzaafobirfmfkrpmryry2;3948;1;0
Edgewaternaples.com-0094-2016Redesign;en-US;636408955413690289#yeyqgj2p2mhm1lpiw0ahltdo;25239;1;0
Halcyonhotelcherrycreek.com-0061-2015Redesign;en-US;636408955414938305#o3ocysnev4hlknckr35xqwfk;22121;1;0
Meateatery.com-0080-2016Redesign;en-US;636408955414938305#nkh0gwceurgde4lsum5sexk4;18505;1;0
Samosetresort.com-0113-2017Redesign;en-US;636408955415094307#obuvvoqedbmvb4cwctfncxrz;40334;1;0
Theharborsidehotel.com-0114-2017Redesign;en-US;636408955415094307#st5q2w0spcfyzyhbgdltz1k0;40403;1;0
Lakeplacidlodge.com-0105-2017Redesign;en-US;636408955415094307#nvp51if2fwk3lch0xd1vqhqo;39238;1;0
Galthouse.com-0042-2015Redesign;en-US;636408955415094307#trqvqiyx2r22jbo1a0u3gyd2;38060;1;0
Opalsands.com-0084-2016Redesign;en-US;636408955415250309#fpvdrddmw4antcyfzyvx2ibo;38055;1;0
Texturefoodanddrink.com-0067-2016Redesign;en-US;636408955415406311#hibt3odsj0vuycsjvtyhogu4;15452;1;0
Oxfordclubspa.com-0068-2016Redesign;en-US;636408955415406311#uaunsfbuhywycd3xm540pftn;15568;1;0
Thecurtis.com-0079-2016Redesign;en-US;636408955415562313#nxdf2ssi5btsmtd2exreikwx;17981;1;0
Jupiterbeachresort.com-0103-2017Redesign;en-US;636408955415562313#hdeg10255mjfqrnfju01cfvf;38052;1;0
Bocatrans.com-0082-2016Redesign;en-US;636408955415718315#m3bugshudjxiqaoj14sr1lh0;19758;1;0
Sandylane.com-0075-2016Redesign;en-US;636408955415718315#cwfkxereyfnjj4fij5w3kyuu;17611;1;0
Abbingtonbanquets.com-0070-2016Redesign;en-US;636408955415874317#13llymwpixqxaylqinivgtqz;15789;1;0
Luxehotels.com-0078-2016Redesign;en-US;636408955415874317#bpq3rhkgsqhhzuuis3isqa1i;18805;1;0
Bluebirch.com-0072-2016Redesign;en-US;636408955416342323#p5bqu13y5epaekeopcsglanm;16693;1;0
Assuranceoperations.com-0065-2015Redesign;en-US;636408955416498325#p3h31kughe1pwq1ru0upqk1v;15263;1;0
Naiaresortandspa.com-0077-2016Redesign;en-US;636408955416498325#bjgcuuutiugfhx41fqwwk310;20455;1;0
Degreerestaurant.com-0056-2015Redesign;en-US;636408955416498325#ct1jjnqoko35xvhh2m43i01o;11598;1;0
Thecrawfordhotel.com-0074-2016Redesign;en-US;636408955416498325#ruhr23st1otth4tm3uw1qj4w;17145;1;0
Edgewaternaples.com-0094-2016Redesign;en-US;636408955416498325#2y135zr2253d2nswwspuira3;38051;1;0
Hhotellosangeles.com-0118-2017Redesign;en-US;636408955417122333#ieq0cyznfocj1tcj1e10agpc;35289;1;0
Glencovemansion.com-0058-2015Redesign;en-US;636408955417278335#qm40q0rt3x3xaqjo4aryj2ba;13328;1;0
Treasureislandbeachresort.com-0089-2016Redesign;en-US;636408955417278335#k0yolezwl14on2533ywuuzij;38057;1;0
Zotabeachresort.com-0090-2016Redesign;en-US;636408955417434337#cbrbh2xwfpklvpjjgz5io1vq;38058;1;0
Sandpearl.com-0091-2016Redesign;en-US;636408955417434337#wdbs1ebg21e0k4ds1v555ryy;23119;1;0
Chrco.com-0107-2017Redesign;en-US;636408955417590339#drxvxvabtfpbrdsgn5reqyvv;29280;1;0
Jbdukehotel.com-0086-2016Redesign;en-US;636408955417590339#ahhywkmt0kw5why3hojaqiyo;21918;1;0
Washingtoncourthotel.com-0076-2016Redesign;en-US;636408955417746341#yxkqwqrtbe0qhdn0teawmlrq;17858;1;0
Homewoodsuiteslax.com-0110-2017Redesign;en-US;636408955418058345#feldy2uwbcn543isrrxr2kk3;30747;1;0
Beverlyhillsresidenceinn.com-0087-2016Redesign;en-US;636408955418214347#2vkz35dwfiurrfet2f1o5jxl;20999;1;0
Theoxfordhotel.com-0062-2015Redesign;en-US;636408955418370349#yyyf2vfndgl1upcawisrthm3;14325;1;0
Theloganhotel.com-0043-2015Redesign;en-US;636408955419150359#usxhweipiqdkpsnws2uleh5f;20218;1;0
Broadmoor.com-0073-2016Redesign;en-US;636408955420866381#ppnsddbvgunohrhtlirn1vnk;16721;1;0
Sandylane.com-0075-2016Redesign;en-US;636408955421958395#uy04xruxnlkvmtweovvs3wq5;17675;1;0
Hospitalityupgrade.com-0093-2016Redesign;en-US;636408955422738405#o5ba0n45d0xsatutfvkyotzp;25405;1;0
Broadmoor.com-0073-2016Redesign;en-US;636408955422738405#ibi2glp0hlfrzolxmpmjeqfv;38059;1;0
Cendyn.com-0095-2016Redesign;en-US;636408955423206411#mgk5kw2e24c1sx03a5ocz4zg;26640;1;0
Unionstationhotelnashville.com-0047-2015Redesign;en-US;636408955423362413#byavkdpwh5mhp1dxe2541tp3;24315;1;0
Chrco.com-0107-2017Redesign;en-US;636408955426638455#tk3rrhq2pz3de05ttgzvbjmm;29280;1;0
Broadmoor.com-0073-2016Redesign;en-US;636408955426950459#iupdqvnrsqjxeexcw4nmpock;16756;1;0
Abbingtonbanquets.com-0070-2016Redesign;en-US;636408955428822483#s40yxs0gk4zrwixrhl2r3owh;16652;1;0
Galthouse.com-0042-2015Redesign;en-US;636408955431474517#iubu2jukgfyneoxga1e0r2f2;9789;1;0
Halcyonhotelcherrycreek.com-0061-2015Redesign;en-US;636408955431630519#o5pgbsvzxr4hikwrhrpxvseu;22121;1;0
Cendyn.com-0095-2016Redesign;en-US;636408955432098525#kfisaw4kbx2m3siesessyc5m;26640;1;0
Thesagamore.com-0112-2017Redesign;en-US;636408955432254527#jfqouy2wbtkqjkttdgfbkokc;39241;1;0
Delraysandsresort.com-0097-2016Redesign;en-US;636408955432410529#2fdurhsh5435vx2bx4crkqfm;38049;1;0
Napavalleymarriott.com-0071-2016Redesign;en-US;636408955432722533#0zstkr4a2zlczroen4el1ycj;16432;1;0
Lidobeachresort.com-0106-2017Redesign;en-US;636408955433034537#iih42dfnijgjfqbdsiqlxpek;38053;1;0
Longboatkeyclub.com-0104-2017Redesign;en-US;636408955433190539#bmgd0kquwrlxo3cvr3pxujp3;38054;1;0
Cendyn.com-0095-2016Redesign;en-US;636408955433658545#j1g253vswdjhrm2nlpneu4bg;26640;1;0
Lakeplacidlodge.com-0105-2017Redesign;en-US;636408955437714597#nnfavtxzv1bxpbtjjtndgc12;28545;1;0
Marriottkeylargo.com-0015-2014Redesign;en-US;636408955438338605#pyojhlhizss34ichpjt30taz;4024;1;0
Cocokeyorlando.com-0059-2015Redesign;en-US;636408955438806611#bwzkfk1v32dgnn1lwewahltp;12394;1;0
Cocokeyorlando.com-0059-2015Redesign;en-US;636408955441146641#bwzkfk1v32dgnn1lwewahltp;12394;1;0
Broadmoor.com-0073-2016Redesign;en-US;636408955441302643#be0mgozoxauetffqs5mj13fm;16724;1;0
Bellemontfarm.com-0007-2013Redesign;en-US;636408955442862663#fy0igesgb0hkw2lc4lvtepyh;12518;1;0
Hospitalityupgrade.com-0093-2016Redesign;en-US;636408955443642673#2rg4lmdzngwjjiqis21se34b;31876;1;0
Samosetresort.com-0113-2017Redesign;en-US;636408955445046691#k3aaldtqeqbyo511xdjqk4p3;32541;1;0
Bellemontfarm.com-0007-2013Redesign;en-US;636408955445202693#fy0igesgb0hkw2lc4lvtepyh;12011;1;0
Broadmoor.com-0073-2016Redesign;en-US;636408955445358695#be0mgozoxauetffqs5mj13fm;16724;1;0
Broadmoor.com-0073-2016Redesign;en-US;636408955446606711#hqi0gkyq1tqkwvixqjd0zrh4;25523;1;0
Sandylane.com-0075-2016Redesign;en-US;636408955447698725#uy04xruxnlkvmtweovvs3wq5;17645;1;0
Theharborsidehotel.com-0114-2017Redesign;en-US;636408955451130769#1021j11deahcivcszkvvxksn;38027;1;0
Washingtondukeinn.com-0024-2014Redesign;en-US;636408955451598775#zctpysln4yzuh4kb5cnu4xku;4556;1;0
Cocokeyorlando.com-0059-2015Redesign;en-US;636408955452066781#0p42nq2pqbpy5gd5oxmuxoes;12394;1;0
Samosetresort.com-0113-2017Redesign;en-US;636408955452066781#k3aaldtqeqbyo511xdjqk4p3;32541;1;0
Broadmoor.com-0073-2016Redesign;en-US;636408955452222783#txgkptcfnot3cyzyrrnds0pz;16721;1;0
Passport.lehotels.com-0069-2016BlogRedesign;en-US;636408955452378785#i52g3g5jv5fhfklgqx0rag1m;41068;1;0
Cendyn.com-0095-2016Redesign;en-US;636408955452378785#frmabx15orfgo1vv4ez113lq;26640;1;0
Cendyn.com-0095-2016Redesign;en-US;636408955452378785#lnxx1o4meobewcblzbhquybs;26640;1;0
Cendyn.com-0095-2016Redesign;en-US;636408955452534787#o2hbjjrwcm3yyuma00zg5qiy;26640;1;0
Cendyn.com-0095-2016Redesign;en-US;636408955453002793#pbfxfy0moqamxx1hzoz4vbjr;26640;1;0
Sandpearl.com-0091-2016Redesign;en-US;636408955454874817#v53bzqq3y1dpymq14i2etsbs;38056;1;0
Casaybelresort.com-0002-2014Redesign;en-US;636408955456746841#ph5j4hxfrsh30eali1ha42qx;1533;1;0
Hhotellosangeles.com-0118-2017Redesign;en-US;636408955457526851#vvpp3mddmxfczz1olix2yp3i;35620;1;0
Samosetresort.com-0113-2017Redesign;en-US;636408955457682853#k3aaldtqeqbyo511xdjqk4p3;32541;1;0
Broadmoor.com-0073-2016Redesign;en-US;636408955457838855#fo1pjz0rszdzy2i4owkonlra;16796;1;0
Cendyn.com-0095-2016Redesign;en-US;636408955457994857#kfisaw4kbx2m3siesessyc5m;26640;1;0
Casaybelresort.com-0002-2014Redesign;en-US;636408955458462863#4nkktjwu0ah0brukqjblpxbw;1533;1;0
Cocokeyorlando.com-0059-2015Redesign;en-US;636408955459554877#0k1sxx3zlob5rmefprfz3ffa;12394;1;0
Bellemontfarm.com-0007-2013Redesign;en-US;636408955460802893#jx5q44b3ntbihlhwxhrsm2eu;11497;1;0
Cendyn.com-0095-2016Redesign;en-US;636408955460958895#j1g253vswdjhrm2nlpneu4bg;26640;1;0
Monarchbeachresort.com-0092-2016Redesign;en-US;636408955461894907#ekuysaumj5tck4atszqrzrmj;22999;1;0
Luxehotels.com-0078-2016Redesign;en-US;636408955463454927#vvg0y4g2cf2ox0zpz02yemf4;19308;1;0
Luxehotels.com-0078-2016Redesign;en-US;636408955464078935#rm3g10hjmebofehcszsmjxdw;18805;1;0
Cocokeyorlando.com-0059-2015Redesign;en-US;636408955464390939#0k1sxx3zlob5rmefprfz3ffa;12394;1;0
Degreerestaurant.com-0056-2015Redesign;en-US;636408955464858945#alnnsyppthjpugwskdvrovjc;11598;1;0
Halcyonhotelcherrycreek.com-0061-2015Redesign;en-US;636408955464858945#b51lrn03jaybwyerdzm23hwg;22121;1;0
Galthouse.com-0042-2015Redesign;en-US;636408955464858945#gcmrxsgah5ledyalrg0szr4c;38060;1;0
Thecrawfordhotel.com-0074-2016Redesign;en-US;636408955464858945#ga2pviozjls0b2qrddzdhee3;17145;1;0
Hhotellosangeles.com-0118-2017Redesign;en-US;636408955464858945#r0qjvfpumfn35eywpn4wz3ui;35289;1;0
Homewoodsuiteslax.com-0110-2017Redesign;en-US;636408955465014947#obtxhhfoh1xu3os2hkdetyph;30747;1;0
Chrco.com-0107-2017Redesign;en-US;636408955465014947#342fpregq55gcoo50kadspuf;29280;1;0
Zotabeachresort.com-0090-2016Redesign;en-US;636408955465014947#zki0vpjbmsitzctnitj41zv3;38058;1;0
Treasureislandbeachresort.com-0089-2016Redesign;en-US;636408955465014947#yvjfhnfp20d1gbg251xmya2k;38057;1;0
Beverlyhillsresidenceinn.com-0087-2016Redesign;en-US;636408955465170949#4htu2k0dcmx1v2mr240xdtzl;20999;1;0
Naiaresortandspa.com-0077-2016Redesign;en-US;636408955465170949#tpr3wq3skbotep2sxa2h0bil;20455;1;0
Edgewaternaples.com-0094-2016Redesign;en-US;636408955465170949#ciaxfkg35gje2p2apka2nsgn;38051;1;0
Theoxfordhotel.com-0062-2015Redesign;en-US;636408955465170949#unipwofk1dk54un4n5sfri4u;14325;1;0
Sandylane.com-0075-2016Redesign;en-US;636408955465170949#ylrugytiotdemeka0r1kn3fy;17611;1;0
Jbdukehotel.com-0086-2016Redesign;en-US;636408955465170949#1zftox1es3lostspagqfcd2x;21918;1;0
Opalsands.com-0084-2016Redesign;en-US;636408955465170949#41zob3xjgdfjxnwwpvtkvqgf;38055;1;0
Luxehotels.com-0078-2016Redesign;en-US;636408955465326951#sfdqcxahrj2ppdksgucq5h1v;18805;1;0
Samosetresort.com-0113-2017Redesign;en-US;636408955465326951#ukmw4htyeqcohifg34qdm52z;40334;1;0
Texturefoodanddrink.com-0067-2016Redesign;en-US;636408955465326951#ympl2okciehcr0q22sir3xwn;15452;1;0
Bluebirch.com-0072-2016Redesign;en-US;636408955465482953#xsj0ccixiizauk5tmcvah4bz;16693;1;0
Glencovemansion.com-0058-2015Redesign;en-US;636408955465482953#fetpp5ah0u4emcdssjttlrd5;13328;1;0
Thecurtis.com-0079-2016Redesign;en-US;636408955465482953#y5ijawlt2ywsuakxndwksnnh;17981;1;0
Theharborsidehotel.com-0114-2017Redesign;en-US;636408955465482953#fmz4xtx5bqnkfbpiom1hhntr;40403;1;0
Bellemontfarm.com-0007-2013Redesign;en-US;636408955465638955#jo4ro05tedcuvxv5wvbsszm2;11497;1;0
Abbingtonbanquets.com-0070-2016Redesign;en-US;636408955465638955#zy44hjrjdsisssowiudeuaxr;15789;1;0
Meateatery.com-0080-2016Redesign;en-US;636408955465638955#5toq5sjfjkj2xcjov4o1dwir;18505;1;0
Washingtoncourthotel.com-0076-2016Redesign;en-US;636408955465638955#oalcuxbm1skbnaryg45w3luu;17858;1;0
Jupiterbeachresort.com-0103-2017Redesign;en-US;636408955465638955#eid2kpz1mon4bosvlj5bx01e;38052;1;0
Lakeplacidlodge.com-0105-2017Redesign;en-US;636408955465950959#fmm0viuwmw2fnpbpzn52j1ni;39238;1;0
Oxfordclubspa.com-0068-2016Redesign;en-US;636408955465950959#2okedqaoy5a2smawcdgc4mpj;15568;1;0
Bocatrans.com-0082-2016Redesign;en-US;636408955466418965#dyu41o2c32gdeb3ne0krxciu;19758;1;0
Assuranceoperations.com-0065-2015Redesign;en-US;636408955466574967#tdhfwkurqssgntkzha0j4gek;15263;1;0
Sandylane.com-0075-2016Redesign;en-US;636408955468914997#uy04xruxnlkvmtweovvs3wq5;17919;1;0
Sandylane.com-0075-2016Redesign;en-US;636408955472035037#uy04xruxnlkvmtweovvs3wq5;17745;1;0
Kittitianhill.com-0012-2014Redesign;en-US;636408955472347041#3mngahuhrf2bqzzq50ydenzh;2236;1;0
Hospitalityupgrade.com-0093-2016Redesign;en-US;636408955472815047#hrkrnfsz2l5ssi2px4kpdfpi;25405;1;0
Broadmoor.com-0073-2016Redesign;en-US;636408955472815047#hpnurpbcqloorh4nfbkensbq;38059;1;0
Cocokeyorlando.com-0059-2015Redesign;en-US;636408955472971049#0p42nq2pqbpy5gd5oxmuxoes;12394;1;0
Cendyn.com-0095-2016Redesign;en-US;636408955473283053#oidhixswtv3yfm5wwsqpwse4;26640;1;0
Cocokeyorlando.com-0059-2015Redesign;en-US;636408955473283053#0p42nq2pqbpy5gd5oxmuxoes;12394;1;0
Sandylane.com-0075-2016Redesign;en-US;636408955474375067#uy04xruxnlkvmtweovvs3wq5;17630;1;0
Edgewaternaples.com-0094-2016Redesign;en-US;636408955475311079#gucppxwysloogqbjzhq2icfx;25256;1;0
Casaybelresort.com-0002-2014Redesign;en-US;636408955475467081#d1ajqo1opictqi5hf0jkeaku;1613;1;0
Galthouse.com-0042-2015Redesign;en-US;636408955475935087#rphdk51aouldzetmbwrv4lod;31905;1;0
Hospitalityupgrade.com-0093-2016Redesign;en-US;636408955478431119#3vssuyulno1ynzwouv4a1vv4;22790;1;0
Galthouse.com-0042-2015Redesign;en-US;636408955479523133#rphdk51aouldzetmbwrv4lod;31905;1;0
Monarchbeachresort.com-0092-2016Redesign;en-US;636408955480927151#qdwukifw2lqnnwzxivpwqwm2;22725;1;0
Delraysandsresort.com-0097-2016Redesign;en-US;636408955482331169#xhaeiicktfq2ta1qlng2wdjo;38049;1;0
Lidobeachresort.com-0106-2017Redesign;en-US;636408955482487171#vobkox5tao01k2xpt0agatqc;38053;1;0
Thesagamore.com-0112-2017Redesign;en-US;636408955482487171#ywlra5pz5x3nh2hvg0zxwmnb;39241;1;0
Longboatkeyclub.com-0104-2017Redesign;en-US;636408955482643173#amhyifpoapwm0mysfxbojam5;38054;1;0
Hospitalityupgrade.com-0093-2016Redesign;en-US;636408955482955177#vqfyyze5ucm5cyqaggbvd32h;39355;1;0
Napavalleymarriott.com-0071-2016Redesign;en-US;636408955482955177#2qhidvztsbdtezd3mimjmkza;16432;1;0
Lidobeachresort.com-0106-2017Redesign;en-US;636408955484827201#u4rbgnfabg1kony3po3hjgql;28666;1;0
Edgewaternaples.com-0094-2016Redesign;en-US;636408955487323233#gucppxwysloogqbjzhq2icfx;25256;1;0
Denvercy.com-0036-2015Redesign;en-US;636408955488883253#zmcspzduqdkxyarqw52ygcuy;8699;1;0
Hospitalityupgrade.com-0093-2016Redesign;en-US;636408955491691289#mfu5ykp4ldzwoyayr2cecqey;22790;1;0
Bellemontfarm.com-0007-2013Redesign;en-US;636408955492003293#fy0igesgb0hkw2lc4lvtepyh;2253;1;0
Secretharbourvi.com-0040-2015Redesign;en-US;636408955493251309#ipuc35n1rghl0ud5qodpeepz;9231;1;0
Kittitianhill.com-0012-2014Redesign;en-US;636408955493251309#scfdm0dwh4txuxtzuij3ait3;2236;1;0
Secretharbourvi.com-0040-2015Redesign;en-US;636408955495747341#ipuc35n1rghl0ud5qodpeepz;9231;1;0
Hospitalityupgrade.com-0093-2016Redesign;en-US;636408955500427401#kcur3w12m45bnbhwyzh0p4mj;22790;1;0
Monarchbeachresort.com-0092-2016Redesign;en-US;636408955500739405#c0fn4dhm0125xpdelytjf4jt;23492;1;0
Cphollywoodbeach.com-0032-2015Redesign;en-US;636408955501831419#xj312xlugylzmpl0y0ja2eun;7831;1;0
Cendyn.com-0095-2016Redesign;en-US;636408955502455427#jtesm3n5o2opooonrcsz1m5z;26640;1;0
Cendyn.com-0095-2016Redesign;en-US;636408955502455427#qv4ixvwxqr04qd0wfsbaoctj;26640;1;0
Cendyn.com-0095-2016Redesign;en-US;636408955502455427#oeb1wctfprwuqc4piqaictle;26640;1;0
Passport.lehotels.com-0069-2016BlogRedesign;en-US;636408955502455427#hhv03ira24trla2ocwi51h54;41068;1;0
Cendyn.com-0095-2016Redesign;en-US;636408955502923433#wylftlfkbgepgp3m0k1vvd4y;26640;1;0
Casaybelresort.com-0002-2014Redesign;en-US;636408955504483453#zpmblo0b5y55rvlzyri4peue;1613;1;0
Sandpearl.com-0091-2016Redesign;en-US;636408955504951459#43ea4pxc1dubrssyge1flvgt;38056;1;0
Monarchbeachresort.com-0092-2016Redesign;en-US;636408955505887471#qdwukifw2lqnnwzxivpwqwm2;22725;1;0
Thesagamore.com-0112-2017Redesign;en-US;636408955506355477#5ygvrhn0kpicxlttcm52tw2r;33455;1;0
Luxehotels.com-0078-2016Redesign;en-US;636408955511191539#rm3g10hjmebofehcszsmjxdw;18805;1;0
Montaukyachtclub.com-0010-2014Redesign;en-US;636408955513219565#kq1kilt12to1p505tcvo4qlr;2240;1;0
Theoxfordhotel.com-0062-2015Redesign;en-US;636408955513687571#3p1u10ma3ua2dgwzwgtx31ag;14325;1;0
Delraysandsresort.com-0097-2016Redesign;en-US;636408955514467581#jh3mdn5vqjfmk0st3zvqzkff;27232;1;0
Bluebirch.com-0072-2016Redesign;en-US;636408955514935587#kxg0eq0xjlet5qwzlgzuzvwq;16693;1;0
Beverlyhillsresidenceinn.com-0087-2016Redesign;en-US;636408955514935587#vrhxmbfg0vcfulcywasos1t5;20999;1;0
Degreerestaurant.com-0056-2015Redesign;en-US;636408955514935587#ron45vb4icag2nqxybqdwkoh;11598;1;0
Assuranceoperations.com-0065-2015Redesign;en-US;636408955514935587#bg2c3wzwzl2vpyd4ajii2ltw;15263;1;0
Opalsands.com-0084-2016Redesign;en-US;636408955515091589#x411ny4xjnsgphnzjrg0es14;38055;1;0
Jupiterbeachresort.com-0103-2017Redesign;en-US;636408955515091589#uwvzz1fqsoywrjw3v42m1po2;38052;1;0
Galthouse.com-0042-2015Redesign;en-US;636408955515247591#jyycr121g2kxtfmomhrdgfou;38060;1;0
Texturefoodanddrink.com-0067-2016Redesign;en-US;636408955515247591#tveof3lmd0jvmpk2peli30fr;15452;1;0
Hhotellosangeles.com-0118-2017Redesign;en-US;636408955515403593#eny4yi4zctb421fe3en1vom2;35289;1;0
Glencovemansion.com-0058-2015Redesign;en-US;636408955515403593#qvcn3znnoexe2aztt4we2kqq;13328;1;0
Jbdukehotel.com-0086-2016Redesign;en-US;636408955515403593#k0dsqw0gv5jb31jyi4sc3apr;21918;1;0
Chrco.com-0107-2017Redesign;en-US;636408955515403593#tvlg1gzrm2miq3ohp4sripfv;29280;1;0
Sandylane.com-0075-2016Redesign;en-US;636408955515559595#x5u1rqtsg25dygxo5cg3jfcc;17611;1;0
Halcyonhotelcherrycreek.com-0061-2015Redesign;en-US;636408955515715597#ly4pm2i21fiuhxcclabkatkq;22121;1;0
Bocatrans.com-0082-2016Redesign;en-US;636408955515715597#sbxiowhvkwya2gzejfags1y3;19758;1;0
Luxehotels.com-0078-2016Redesign;en-US;636408955515871599#3iitivas1cdwon53ivpmkrey;18805;1;0
Thecurtis.com-0079-2016Redesign;en-US;636408955515871599#j1dsddzb1aa0am0o15pspjlo;17981;1;0
Theharborsidehotel.com-0114-2017Redesign;en-US;636408955515871599#oriaxa22g1wfdinhvmigka3h;40403;1;0
Broadmoor.com-0073-2016Redesign;en-US;636408955516027601#fo1pjz0rszdzy2i4owkonlra;37939;1;0
Zotabeachresort.com-0090-2016Redesign;en-US;636408955516183603#duzufa5daovy4uztklb3imdy;38058;1;0
Lakeplacidlodge.com-0105-2017Redesign;en-US;636408955516183603#4ywrlanmvtxyt5ubjz03y4uk;39238;1;0
Washingtoncourthotel.com-0076-2016Redesign;en-US;636408955516339605#wk0bqwn4vzi0bmt0kb4wveqt;17858;1;0
Theoxfordhotel.com-0062-2015Redesign;en-US;636408955516339605#uq0pxdyxj3iaf4po4fgi2edl;14325;1;0
Thecrawfordhotel.com-0074-2016Redesign;en-US;636408955516339605#vuzctrposu0ihccibmp5ua3z;17145;1;0
Oxfordclubspa.com-0068-2016Redesign;en-US;636408955516339605#pwfljhtgpngvaggdhqbges3k;15568;1;0
Meateatery.com-0080-2016Redesign;en-US;636408955516495607#iw2x1ntkcdn5h1ri4gejpkuk;18505;1;0
Naiaresortandspa.com-0077-2016Redesign;en-US;636408955516495607#5bwew5kewk1vzmla4s10edcy;20455;1;0
Homewoodsuiteslax.com-0110-2017Redesign;en-US;636408955516495607#dpjexotni5gk3aatixgdhz53;30747;1;0
Abbingtonbanquets.com-0070-2016Redesign;en-US;636408955516495607#4l3v3vzqfpzwfn1pzs2ebcuw;15789;1;0
Samosetresort.com-0113-2017Redesign;en-US;636408955516495607#db5xdh5haqjtohdf51rcq3ok;40334;1;0
Edgewaternaples.com-0094-2016Redesign;en-US;636408955516651609#4ehmn2kmsy3cxzqrhqbnlhyp;38051;1;0
Treasureislandbeachresort.com-0089-2016Redesign;en-US;636408955516651609#etvstzdc0sw2krwiynca4mrk;38057;1;0
Renaissancepittsburghpa.com-0044-2015Redesign;en-US;636408955519771649#dmjtyjo35pbq3ac4leicvpi5;9685;1;0
Napavalleymarriott.com-0071-2016Redesign;en-US;636408955520395657#byiqiq5kidrzs0sdv3e1ooye;16457;1;0
Cendyn.com-0095-2016Redesign;en-US;636408955520707661#nikbpdrydkpn4l024mghsozu;26640;1;0
Cendyn.com-0095-2016Redesign;en-US;636408955520707661#1shozmpj4tsuicl5el2g22lr;26640;1;0
Hospitalityupgrade.com-0093-2016Redesign;en-US;636408955522735687#vp10alksn14icwvlufux5yqk;25405;1;0
Broadmoor.com-0073-2016Redesign;en-US;636408955522735687#1tjtihvgvxny2ab0z3ks4zi0;38059;1;0
Cendyn.com-0095-2016Redesign;en-US;636408955523203693#yfgnlqptis2xgjxerxujb4bk;26640;1;0
Theharborsidehotel.com-0114-2017Redesign;en-US;636408955524607711#phez5d5ugmptdlsfzqkiztyn;37571;1;0
Opalsands.com-0084-2016Redesign;en-US;636408955524607711#dfitqtn3m4n5qa5oyvwpvnen;20171;1;0
Hospitalityupgrade.com-0093-2016Redesign;en-US;636408955524607711#jugubd13dblxl5aqeetcqh43;31876;1;0
wentworthcom00212014redesign;en-US;636408955525387721#zgabmxgnmcfg4cpdbmf2hsmb;4280;1;0
Cendyn.com-0095-2016Redesign;en-US;636408955526791739#d2fi00rjyaw4d00i1gt3bge5;26640;1;0
Monarchbeachresort.com-0092-2016Redesign;en-US;636408955528507761#ekuysaumj5tck4atszqrzrmj;23482;1;0
Montaukyachtclub.com-0010-2014Redesign;en-US;636408955529443773#kq1kilt12to1p505tcvo4qlr;2240;1;0
Cendyn.com-0095-2016Redesign;en-US;636408955529755777#nikbpdrydkpn4l024mghsozu;26640;1;0
Delraysandsresort.com-0097-2016Redesign;en-US;636408955532251809#brfw0jlucrrsr3k3qnhsph4g;27232;1;0
Delraysandsresort.com-0097-2016Redesign;en-US;636408955532407811#i4obfuqyf4xnduii0zfjunzw;38049;1;0
Lidobeachresort.com-0106-2017Redesign;en-US;636408955533187821#fq3h3ymlfdrmyfmboqantqjz;38053;1;0
Thesagamore.com-0112-2017Redesign;en-US;636408955533187821#4fpomrxr4xtericgujluzsbt;39241;1;0
Napavalleymarriott.com-0071-2016Redesign;en-US;636408955533343823#xwz0m4fqacei4v3obhfg1dqx;16432;1;0
Longboatkeyclub.com-0104-2017Redesign;en-US;636408955533499825#g5vf04kteqgjihtxxbdzls3e;38054;1;0
Residenceinnlax.com-0026-2014Redesign;en-US;636408955534123833#34t14ehx5u51bjz0ht4a5sz4;5271;1;0
Broadmoor.com-0073-2016Redesign;en-US;636408955534279835#vxrcsid2q4pcab03bq4wxhbw;16721;1;0
Broadmoor.com-0073-2016Redesign;en-US;636408955534279835#0masuawbv5xbditdjjnkimsn;16721;1;0
Luxehotels.com-0078-2016Redesign;en-US;636408955535215847#rm3g10hjmebofehcszsmjxdw;18805;1;0
Montaukyachtclub.com-0010-2014Redesign;en-US;636408955535683853#3ums4vs4pz3a1yvo2ndzlwnx;2240;1;0
Cocokeyorlando.com-0059-2015Redesign;en-US;636408955535683853#0k1sxx3zlob5rmefprfz3ffa;12394;1;0
Lakeplacidlodge.com-0105-2017Redesign;en-US;636408955535995857#lwagbehb5q4vvgkvrg50lyyt;28545;1;0
Montaukyachtclub.com-0010-2014Redesign;en-US;636408955537711879#3ums4vs4pz3a1yvo2ndzlwnx;2240;1;0
Cphollywoodbeach.com-0032-2015Redesign;en-US;636408955538023883#xj312xlugylzmpl0y0ja2eun;7831;1;0
Thecurtis.com-0079-2016Redesign;en-US;636408955538803893#z24jqwh5r10dnplitecotlds;17981;1;0
Sandylane.com-0075-2016Redesign;en-US;636408955539739905#ka1ihupg2ztffcpzm53hilwb;17694;1;0
Opalsands.com-0084-2016Redesign;en-US;636408955540207911#dfitqtn3m4n5qa5oyvwpvnen;20171;1;0
Cendyn.com-0095-2016Redesign;en-US;636408955540987921#d2fi00rjyaw4d00i1gt3bge5;26640;1;0
Residenceinnlax.com-0026-2014Redesign;en-US;636408955541611929#34t14ehx5u51bjz0ht4a5sz4;5271;1;0
Marriottkeylargo.com-0015-2014Redesign;en-US;636408955542079935#pyojhlhizss34ichpjt30taz;3958;1;0
Cocokeyorlando.com-0059-2015Redesign;en-US;636408955543483953#0k1sxx3zlob5rmefprfz3ffa;12394;1;0
Theoxfordhotel.com-0062-2015Redesign;en-US;636408955544731969#dqvjuevwfbnnokz0cnmyzddf;14325;1;0
Casaybelresort.com-0002-2014Redesign;en-US;636408955545355977#kfscpfcn2b5jlp1lbu15ourv;1613;1;0
Lakeplacidlodge.com-0105-2017Redesign;en-US;636408955546135987#axtr1wmyvtfgrfdfhru0kvhz;32804;1;0
Luxehotels.com-0078-2016Redesign;en-US;636408955550036037#rm3g10hjmebofehcszsmjxdw;18805;1;0
Delraysandsresort.com-0097-2016Redesign;en-US;636408955552064063#xm0zhcoch2fdvzepqu5nnokt;28430;1;0
Cendyn.com-0095-2016Redesign;en-US;636408955552376067#o2p1l4nkrt50wefozvehvnfj;26640;1;0
Cendyn.com-0095-2016Redesign;en-US;636408955552376067#diyrgxdlr4wawwy1kwcxmpbr;26640;1;0
Cendyn.com-0095-2016Redesign;en-US;636408955552376067#yrbxw12xlks2p41tvm3kgvnl;26640;1;0
Passport.lehotels.com-0069-2016BlogRedesign;en-US;636408955552376067#jokjp410jesovxzu30iukv2z;41068;1;0
Cendyn.com-0095-2016Redesign;en-US;636408955552844073#qlhwebclyfc0aiezfjpds5cv;26640;1;0
Sandpearl.com-0091-2016Redesign;en-US;636408955554872099#jmjrp3yyzbyeh3txr5ezhl4j;38056;1;0
Denvercy.com-0036-2015Redesign;en-US;636408955555964113#zmcspzduqdkxyarqw52ygcuy;8699;1;0
Lehotels.com-0049-2015Transfer;en-US;636408955564544223#1fukgsmkhown3hdsf3adjsau;15531;1;0
Homewoodsuiteslax.com-0110-2017Redesign;en-US;636408955565168231#5f45hvuicrrb5j3te0utlxtf;30747;1;0
Degreerestaurant.com-0056-2015Redesign;en-US;636408955565168231#atdz35t0ovkvzan2pqoeshr4;11598;1;0
Beverlyhillsresidenceinn.com-0087-2016Redesign;en-US;636408955565168231#bc1lr13oea41qsjmwg51qq0i;20999;1;0
Glencovemansion.com-0058-2015Redesign;en-US;636408955565324233#ntbtymbawwnetocnrs1sqtr2;13328;1;0
Halcyonhotelcherrycreek.com-0061-2015Redesign;en-US;636408955565324233#if2v2qmabiuemmm4c2cg4yye;22121;1;0
Thecurtis.com-0079-2016Redesign;en-US;636408955565324233#quv5a3avrjk3tmksiv5rehwx;17981;1;0
Sandylane.com-0075-2016Redesign;en-US;636408955565324233#2zcysbcppwfhubwoqbmvaw50;17611;1;0
Jbdukehotel.com-0086-2016Redesign;en-US;636408955565480235#ytci3odj5fyip2ebj5xokzkm;21918;1;0
Thecrawfordhotel.com-0074-2016Redesign;en-US;636408955565480235#w1vsqppjwcfxeu3zo2sf4mp4;17145;1;0
Texturefoodanddrink.com-0067-2016Redesign;en-US;636408955565480235#fczpxmymo34tahpbyfpop3q2;15452;1;0
Abbingtonbanquets.com-0070-2016Redesign;en-US;636408955565636237#y44u4obkh5xzghnlti5wjyeq;15789;1;0
Zotabeachresort.com-0090-2016Redesign;en-US;636408955565636237#lzxyhgdlcrkkk1ojomqlhsb4;38058;1;0
Oxfordclubspa.com-0068-2016Redesign;en-US;636408955565636237#olsff20dbsakqpbhfr0wfkph;15568;1;0
Theoxfordhotel.com-0062-2015Redesign;en-US;636408955565636237#t14viwl3toxbesovuxldq1u1;14325;1;0
Samosetresort.com-0113-2017Redesign;en-US;636408955565792239#aalxwpohmeuzeevlk1ou3pgp;40334;1;0
Treasureislandbeachresort.com-0089-2016Redesign;en-US;636408955565792239#plcztnjei13mjyn1hlnmc1lu;38057;1;0
Edgewaternaples.com-0094-2016Redesign;en-US;636408955565792239#1b5b0pl22l2mz313moofz44q;38051;1;0
Lakeplacidlodge.com-0105-2017Redesign;en-US;636408955565792239#2g5as3dodjrxhcus4ep5gejo;39238;1;0
Bocatrans.com-0082-2016Redesign;en-US;636408955565792239#wuhf15dcnyopxdd4sdlbhpkj;19758;1;0
Assuranceoperations.com-0065-2015Redesign;en-US;636408955565948241#jamdyymysxfv2vltz4s5fl0f;15263;1;0
Chrco.com-0107-2017Redesign;en-US;636408955565948241#eue0vq4xwfglhzli0qnpa5qb;29280;1;0
Meateatery.com-0080-2016Redesign;en-US;636408955565948241#ecu4jhzhgs0ewaz0xnnfpo5a;18505;1;0
Luxehotels.com-0078-2016Redesign;en-US;636408955566104243#uh0fimtyfz0zqda3jpj4h0br;18805;1;0
Washingtoncourthotel.com-0076-2016Redesign;en-US;636408955566104243#k4ukom0swjlwi1cxveiw2tsz;17858;1;0
Hhotellosangeles.com-0118-2017Redesign;en-US;636408955566104243#qqhmcjpkntithd5ktsiraict;35289;1;0
Galthouse.com-0042-2015Redesign;en-US;636408955566104243#ihbpli0xo5dz0arzzbynsyno;38060;1;0
Theharborsidehotel.com-0114-2017Redesign;en-US;636408955566260245#yotnbvt0gdc2byypt55zyvtb;40403;1;0
Bluebirch.com-0072-2016Redesign;en-US;636408955566416247#besul0pxzmzcna4on2xi2xhw;16693;1;0
Naiaresortandspa.com-0077-2016Redesign;en-US;636408955566416247#iwtaqx0zyngrfgcdexqwtx4q;20455;1;0
Jupiterbeachresort.com-0103-2017Redesign;en-US;636408955566416247#munkivy1klzyboggiptqeaus;38052;1;0
Opalsands.com-0084-2016Redesign;en-US;636408955566416247#2atnzn4fwisv5b3o10bwt1ii;38055;1;0
Galthouse.com-0042-2015Redesign;en-US;636408955568912279#rphdk51aouldzetmbwrv4lod;10558;1;0
Hospitalityupgrade.com-0093-2016Redesign;en-US;636408955569848291#sk13zymxdlnqvu04xyz1ornk;39355;1;0
Marriottkeylargo.com-0015-2014Redesign;en-US;636408955570160295#pyojhlhizss34ichpjt30taz;3948;1;0
Delraysandsresort.com-0097-2016Redesign;en-US;636408955570316297#42fjtmtyrm3dqmumwgzrknfy;27232;1;0
Hospitalityupgrade.com-0093-2016Redesign;en-US;636408955572812329#mssaqgzdezm4nbrwijdcrknr;25405;1;0
Broadmoor.com-0073-2016Redesign;en-US;636408955572812329#d5oy1zpgteje5fejfhx0cxt5;38059;1;0
Cendyn.com-0095-2016Redesign;en-US;636408955573280335#02kc3rsvurbzz2iudb3ykzio;26640;1;0
Denvercy.com-0036-2015Redesign;en-US;636408955578116397#zmcspzduqdkxyarqw52ygcuy;8642;1;0
Broadmoor.com-0073-2016Redesign;en-US;636408955578428401#iupdqvnrsqjxeexcw4nmpock;16724;1;0
Napavalleymarriott.com-0071-2016Redesign;en-US;636408955582172449#tm435dxp40ddavx2b3v32k3f;16432;1;0
Thesagamore.com-0112-2017Redesign;en-US;636408955582328451#2t0edtstq1mcb4grujhyv3pu;39241;1;0
Delraysandsresort.com-0097-2016Redesign;en-US;636408955582484453#hunsfqtknhjg3kqqbk01cinl;38049;1;0
Longboatkeyclub.com-0104-2017Redesign;en-US;636408955582796457#kbqrazn455pyvh2phb0xkxn2;38054;1;0
Sandylane.com-0075-2016Redesign;en-US;636408955582796457#4ja4petg1tlp23fq3rxtggmp;17611;1;0
Lidobeachresort.com-0106-2017Redesign;en-US;636408955582952459#rbragijqw4xz1x3qa0jntiqh;38053;1;0
Lakeplacidlodge.com-0105-2017Redesign;en-US;636408955583888471#rcv22ljq2223ogopdynp5pj4;28561;1;0
Marriottkeylargo.com-0015-2014Redesign;en-US;636408955589192539#u3hycjyz0xk5nlubqjlcplai;3948;1;0
Monarchbeachresort.com-0092-2016Redesign;en-US;636408955590284553#ekuysaumj5tck4atszqrzrmj;22996;1;0
Delraysandsresort.com-0097-2016Redesign;en-US;636408955590284553#semklklmg3kim4xybctomuyx;27248;1;0
Hospitalityupgrade.com-0093-2016Redesign;en-US;636408955591064563#wjkut3ydta4lqyaa122mmvdi;31708;1;0
Hospitalityupgrade.com-0093-2016Redesign;en-US;636408955591376567#uvxiz5srtt5sdrnmcg4hljfh;31876;1;0
Sandylane.com-0075-2016Redesign;en-US;636408955592780585#vyelqxvu0d2vv3j03bbkwlds;17688;1;0
Washingtoncourthotel.com-0076-2016Redesign;en-US;636408955593248591#hbl1zpne3yz25yol2nfoormi;17858;1;0
Cendyn.com-0095-2016Redesign;en-US;636408955602452709#5seawc3eqwlbqa1hwnszp0fd;26640;1;0
Cendyn.com-0095-2016Redesign;en-US;636408955602452709#m2yvwl0g4utpqeiqwzdc2uhg;26640;1;0
Cendyn.com-0095-2016Redesign;en-US;636408955602452709#awtazrcoov0kviw3zms2p3bt;26640;1;0
Passport.lehotels.com-0069-2016BlogRedesign;en-US;636408955602452709#ar2suuflrkcgr5g3cgggbffo;41068;1;0
Lakeplacidlodge.com-0105-2017Redesign;en-US;636408955602764713#il2ejka3r1dxyaniqva2k1yn;28545;1;0
Cendyn.com-0095-2016Redesign;en-US;636408955602920715#exepclc2rvqvclaitjrk5lor;26640;1;0
Sandpearl.com-0091-2016Redesign;en-US;636408955604948741#cqtops223yj0axh4guw2zqan;38056;1;0
Delraysandsresort.com-0097-2016Redesign;en-US;636408955605728751#htanq2zrc21nrx4uorfmlrfa;27248;1;0
Jbdukehotel.com-0086-2016Redesign;en-US;636408955607444773#3twabpommkkqiuhgxxwccg20;21918;1;0
Sandpearl.com-0091-2016Redesign;en-US;636408955608692789#bbc4ategl2y0tkxizhkbc32a;22481;1;0
Lakeplacidlodge.com-0105-2017Redesign;en-US;636408955609940805#wob2b2b34whak0mgjnhqcr32;28545;1;0
Lehotels.com-0049-2015Transfer;en-US;636408955611500825#vlxb235upfzekvgrk1r2u4ze;13158;1;0
Lakeplacidlodge.com-0105-2017Redesign;en-US;636408955613684853#il2ejka3r1dxyaniqva2k1yn;28545;1;0
Glencovemansion.com-0058-2015Redesign;en-US;636408955614776867#ea2fvnwgfxmbsulczev2haqz;13328;1;0
Assuranceoperations.com-0065-2015Redesign;en-US;636408955614776867#fwao3t1f1psx05mekpjgjspm;15263;1;0
Homewoodsuiteslax.com-0110-2017Redesign;en-US;636408955614776867#14ryjxhcox2ueijhutu3zphd;30747;1;0
Theoxfordhotel.com-0062-2015Redesign;en-US;636408955614776867#uuwrtcsalzhdtlobxbxcop2i;14325;1;0
Abbingtonbanquets.com-0070-2016Redesign;en-US;636408955614776867#222uyhq1ggylmtkfhvu1vrlq;15789;1;0
Thecurtis.com-0079-2016Redesign;en-US;636408955614932869#wwdi2leq3onfqhrkvtpp1ye3;17981;1;0
Beverlyhillsresidenceinn.com-0087-2016Redesign;en-US;636408955614932869#s3azitlcqvtad0karozuu04u;20999;1;0
Washingtoncourthotel.com-0076-2016Redesign;en-US;636408955614932869#c0n3xvp4fi5s5ptzrb3xms0u;17858;1;0
Texturefoodanddrink.com-0067-2016Redesign;en-US;636408955615088871#ryjtxmht0r1zbsxos50h0l0e;15452;1;0
Jbdukehotel.com-0086-2016Redesign;en-US;636408955615088871#kud4geywrziwpbzokcifsdlk;21918;1;0
Halcyonhotelcherrycreek.com-0061-2015Redesign;en-US;636408955615088871#cetrkfld2xo2zlfb54jou015;22121;1;0
Bocatrans.com-0082-2016Redesign;en-US;636408955615088871#4krrkfldkexd0lxnngerqkqd;19758;1;0
Hhotellosangeles.com-0118-2017Redesign;en-US;636408955615244873#wdnf2kov04nfipzzq3cizvdy;35289;1;0
Degreerestaurant.com-0056-2015Redesign;en-US;636408955615244873#qnz0rbyhydt3rh2wbwedhbjs;11598;1;0
Samosetresort.com-0113-2017Redesign;en-US;636408955615244873#rrjudazjhq1f5rasx30blgoq;40334;1;0
Bluebirch.com-0072-2016Redesign;en-US;636408955615244873#qxkkz1leju4rtzdnvuqfq2xq;16693;1;0
Edgewaternaples.com-0094-2016Redesign;en-US;636408955615244873#4mmccxfnneotvez25qgpbqew;38051;1;0
Lakeplacidlodge.com-0105-2017Redesign;en-US;636408955615244873#4m4wfgo3a4qgg1lgnro0ct30;39238;1;0
Naiaresortandspa.com-0077-2016Redesign;en-US;636408955615400875#hdgxhmxxv1iqqayiwg4zuic1;20455;1;0
Chrco.com-0107-2017Redesign;en-US;636408955615400875#kl0n2w2vzsmopgj4v4j0by4y;29280;1;0
Thecrawfordhotel.com-0074-2016Redesign;en-US;636408955615400875#f0fy4mtncgchazmsribhz1ki;17145;1;0
Meateatery.com-0080-2016Redesign;en-US;636408955615400875#nkve2fh1zzysmmcaf4gwzoy3;18505;1;0
Galthouse.com-0042-2015Redesign;en-US;636408955615400875#busw0iznamco30elx3lqdkhp;38060;1;0
Sandylane.com-0075-2016Redesign;en-US;636408955615556877#n4clzl0ywrlhoxw3bejsd4ti;17611;1;0
Theharborsidehotel.com-0114-2017Redesign;en-US;636408955615556877#h13mo4cbfokacbnp0jzhohga;40403;1;0
Treasureislandbeachresort.com-0089-2016Redesign;en-US;636408955615556877#qvn1zh3iruhj2t3ksgulm0j3;38057;1;0
Luxehotels.com-0078-2016Redesign;en-US;636408955615556877#5tlzqfw34t5iruj32av5e4yj;18805;1;0
Jupiterbeachresort.com-0103-2017Redesign;en-US;636408955615712879#cdyf1je5lkfw4js23a1c351j;38052;1;0
Oxfordclubspa.com-0068-2016Redesign;en-US;636408955615712879#yanaibah0njmf3wul5gytpjs;15568;1;0
Opalsands.com-0084-2016Redesign;en-US;636408955615712879#zd2qvpmjikgcsa23j5i2adl5;38055;1;0
Zotabeachresort.com-0090-2016Redesign;en-US;636408955615868881#omx5pqknhk1bmcpcrj3sihzn;38058;1;0
Montaukyachtclub.com-0010-2014Redesign;en-US;636408955617740905#kq1kilt12to1p505tcvo4qlr;2392;1;0
Hospitalityupgrade.com-0093-2016Redesign;en-US;636408955623200975#xdotwrhqpredm4uxbweh2xhi;25405;1;0
Broadmoor.com-0073-2016Redesign;en-US;636408955623200975#2kv2kezymv2du3xhoxq4d0sc;38059;1;0
Cendyn.com-0095-2016Redesign;en-US;636408955623200975#5wgqnty2fjf2g3y1nniokz4n;26640;1;0
Broadmoor.com-0073-2016Redesign;en-US;636408955625385003#semkdhzkl1wc3lsehioizngd;32314;1;0
Galthouse.com-0042-2015Redesign;en-US;636408955627257027#ii11whzkhyo5yvuddjxynpip;31905;1;0
Hospitalityupgrade.com-0093-2016Redesign;en-US;636408955629285053#wjkut3ydta4lqyaa122mmvdi;25405;1;0
Opalsands.com-0084-2016Redesign;en-US;636408955630065063#ksqtbkxi3rquubral1jna25w;20171;1;0
Galthouse.com-0042-2015Redesign;en-US;636408955630533069#km4inxegthj4ogghaborvykm;31905;1;0
Galthouse.com-0042-2015Redesign;en-US;636408955630689071#r2eml3uz4muohlwpfpzm1v0i;31905;1;0
Monarchbeachresort.com-0092-2016Redesign;en-US;636408955631313079#j1ccifjho2cio1a0oxi5brze;22877;1;0
Broadmoor.com-0073-2016Redesign;en-US;636408955631625083#iupdqvnrsqjxeexcw4nmpock;16755;1;0
Napavalleymarriott.com-0071-2016Redesign;en-US;636408955632249091#pr3joagwpfmnwd0ai1iz25lb;16432;1;0
Longboatkeyclub.com-0104-2017Redesign;en-US;636408955632249091#j3n5pfpz24dvjkqq10nmpiog;38054;1;0
Thesagamore.com-0112-2017Redesign;en-US;636408955632249091#r1vfzqg5zuvtxrijjlk4aj1i;39241;1;0
Lidobeachresort.com-0106-2017Redesign;en-US;636408955632561095#1n4blcy0ndonuc4t4iegxwzj;38053;1;0
Delraysandsresort.com-0097-2016Redesign;en-US;636408955633029101#va0d2ouik4lfkkdywmjuyswo;38049;1;0
Montaukyachtclub.com-0010-2014Redesign;en-US;636408955633497107#kq1kilt12to1p505tcvo4qlr;2240;1;0
Hospitalityupgrade.com-0093-2016Redesign;en-US;636408955636617147#1fl3xcg1kpl20u5opwhvnyyx;39355;1;0
Broadmoor.com-0073-2016Redesign;en-US;636408955639113179#hge1t51z4enbhfuoscwtnul4;16721;1;0
Denvercy.com-0036-2015Redesign;en-US;636408955640049191#zmcspzduqdkxyarqw52ygcuy;8150;1;0
Opalsands.com-0084-2016Redesign;en-US;636408955640361195#ksqtbkxi3rquubral1jna25w;20171;1;0
Luxehotels.com-0078-2016Redesign;en-US;636408955640829201#vvg0y4g2cf2ox0zpz02yemf4;19307;1;0
Renaissancepittsburghpa.com-0044-2015Redesign;en-US;636408955642077217#no3c2adehekojtgtjaozo3nj;9637;1;0
Opalsands.com-0084-2016Redesign;en-US;636408955643169231#ksqtbkxi3rquubral1jna25w;20171;1;0
Halcyonhotelcherrycreek.com-0061-2015Redesign;en-US;636408955643325233#35v0sqgtze51llws0lcpqtfn;22121;1;0
Thesagamore.com-0112-2017Redesign;en-US;636408955645353259#cvugtapobbwx3wie0uxx5v5z;33577;1;0
Luxehotels.com-0078-2016Redesign;en-US;636408955647069281#wcyg2fhvtgfaizv5c4mxsirl;19324;1;0
Galthouse.com-0042-2015Redesign;en-US;636408955648005293#knpal1j53asoc443oo2t4ol3;10568;1;0
Thesagamore.com-0112-2017Redesign;en-US;636408955651437337#a2tvv51e2avpwkq4ymg2c1ws;32339;1;0
Cendyn.com-0095-2016Redesign;en-US;636408955652373349#bzzuuaquusojho42wcqd5iv4;26640;1;0
Cendyn.com-0095-2016Redesign;en-US;636408955652373349#gmdfdsvfhmq0r5oykllcuzqt;26640;1;0
Cendyn.com-0095-2016Redesign;en-US;636408955652373349#1be0zme5qkb1dcbffplnzxnc;26640;1;0
Passport.lehotels.com-0069-2016BlogRedesign;en-US;636408955652373349#uc014fd11rejimkqr1pe0bmx;41068;1;0
Cendyn.com-0095-2016Redesign;en-US;636408955652997357#hhi4lmgu33nida4at0r0zdnc;26640;1;0
Delraysandsresort.com-0097-2016Redesign;en-US;636408955653777367#xm0zhcoch2fdvzepqu5nnokt;41253;1;0
Sandpearl.com-0091-2016Redesign;en-US;636408955655025383#tkfvdvrdlhh2i1a4o3ww2tf4;38056;1;0
Hospitalityupgrade.com-0093-2016Redesign;en-US;636408955661421465#gjfv3qy5jjzdgvakueskg0er;31876;1;0
Naiaresortandspa.com-0077-2016Redesign;en-US;636408955664697507#yjm15b44obm0ll45nxyhdqob;20455;1;0
Hhotellosangeles.com-0118-2017Redesign;en-US;636408955664697507#meeuazl1k1e3v504goj1vlet;35289;1;0
Glencovemansion.com-0058-2015Redesign;en-US;636408955664697507#p0zjx4gqsjoua4dffgoy4ja0;13328;1;0
Treasureislandbeachresort.com-0089-2016Redesign;en-US;636408955664853509#1oub1vgpfvswtbttk4jeql42;38057;1;0
Opalsands.com-0084-2016Redesign;en-US;636408955664853509#kf2ecvxys12rlsxkdsncrnca;38055;1;0
Chrco.com-0107-2017Redesign;en-US;636408955664853509#oqxbd0hxppin3imsoiqa0yvs;29280;1;0
Galthouse.com-0042-2015Redesign;en-US;636408955665009511#tcshqeatq4nbcoyimkn0ptac;38060;1;0
Samosetresort.com-0113-2017Redesign;en-US;636408955665009511#stbqwrwkj1ntedxddxakzv1m;40334;1;0
Jupiterbeachresort.com-0103-2017Redesign;en-US;636408955665009511#uebc31ipy21xtpjrzdi35u3c;38052;1;0
Lakeplacidlodge.com-0105-2017Redesign;en-US;636408955665165513#ojacgdpuxqvmvsyu2mebofw3;39238;1;0
Halcyonhotelcherrycreek.com-0061-2015Redesign;en-US;636408955665165513#ejila11gtsp4umdodyrnlmgn;22121;1;0
Jbdukehotel.com-0086-2016Redesign;en-US;636408955665321515#3xepbefvavc3unzvon2pupta;21918;1;0
Homewoodsuiteslax.com-0110-2017Redesign;en-US;636408955665477517#yewqw2p5vtlqx1xlxzoetykt;30747;1;0
Sandylane.com-0075-2016Redesign;en-US;636408955665633519#4q0ddxtp1ku3jxuwgmqi2pgi;17611;1;0
Meateatery.com-0080-2016Redesign;en-US;636408955665633519#g4u1ydcolc4aga1vmg2oclkj;18505;1;0
Texturefoodanddrink.com-0067-2016Redesign;en-US;636408955665633519#qojnrmrqfmsgyasdgqyt5ue3;15452;1;0
Beverlyhillsresidenceinn.com-0087-2016Redesign;en-US;636408955665633519#ortzhydfmg2srbkwu1b0kbky;20999;1;0
Theoxfordhotel.com-0062-2015Redesign;en-US;636408955665633519#tn0baq1mska4kmremketqz5j;14325;1;0
Abbingtonbanquets.com-0070-2016Redesign;en-US;636408955665789521#vdnze1doeekkg5qzfyu4jkqm;15789;1;0
Oxfordclubspa.com-0068-2016Redesign;en-US;636408955665789521#p1u5kh5f3mhiw3j4uf25xh3o;15568;1;0
Bluebirch.com-0072-2016Redesign;en-US;636408955665789521#0ssdt1xv2zvrflfhtwmoru5z;16693;1;0
Thecrawfordhotel.com-0074-2016Redesign;en-US;636408955665789521#jmnklhqy4ta1cnutvbuix5xd;17145;1;0
Thecurtis.com-0079-2016Redesign;en-US;636408955665789521#0xir0hsno1iho03bk2dgmraa;17981;1;0
Washingtoncourthotel.com-0076-2016Redesign;en-US;636408955665789521#hbl1zpne3yz25yol2nfoormi;17935;1;0
Assuranceoperations.com-0065-2015Redesign;en-US;636408955665789521#drs3mlwfikp512kk4ttzzrtj;15263;1;0
Luxehotels.com-0078-2016Redesign;en-US;636408955665945523#d1n54l550m1ldsbyi44exf25;18805;1;0
Theharborsidehotel.com-0114-2017Redesign;en-US;636408955665945523#kbwgt450ugsva2g5xvhihebg;40403;1;0
Degreerestaurant.com-0056-2015Redesign;en-US;636408955665945523#oaebq5dvtpf3adfxhdkj3rhf;11598;1;0
Edgewaternaples.com-0094-2016Redesign;en-US;636408955665945523#djlyuvncyhdjwu5u1twq3ka0;38051;1;0
Zotabeachresort.com-0090-2016Redesign;en-US;636408955665945523#pg5dnolzt23mammqdrl4lrh1;38058;1;0
Washingtoncourthotel.com-0076-2016Redesign;en-US;636408955666101525#r2rvhk1bzrs2nr2bxm33clkt;17858;1;0
Bocatrans.com-0082-2016Redesign;en-US;636408955666101525#ii3tobdij123f4tvqijfxk15;19758;1;0
Denvercy.com-0036-2015Redesign;en-US;636408955669221565#zmcspzduqdkxyarqw52ygcuy;8641;1;0
Hospitalityupgrade.com-0093-2016Redesign;en-US;636408955672653609#dmq54ci0rcezvt10vpwwfk45;22790;1;0
Hospitalityupgrade.com-0093-2016Redesign;en-US;636408955672809611#4v0hkewhgffp3dyrc4dbhs4m;25405;1;0
Broadmoor.com-0073-2016Redesign;en-US;636408955672809611#w4fuwcg0zeh4xqdtxoddqdil;38059;1;0
Casaybelresort.com-0002-2014Redesign;en-US;636408955673121615#3r32joz45lsuwgomaotdgqjp;1533;1;0
Miravalspamonarchbeach.com-0109-2017Redesign;en-US;636408955673277617#wmzs3cstz5rdqs1ursstrokt;31709;1;0
Cendyn.com-0095-2016Redesign;en-US;636408955673277617#iltdvbhl00ijdlrf4xrwojzb;26640;1;0
Cocokeyorlando.com-0059-2015Redesign;en-US;636408955677177667#z455xxfk2ekszpp5crtrvyml;12402;1;0
Napavalleymarriott.com-0071-2016Redesign;en-US;636408955682325733#2eoghuh50kq2kz5pa3ll045r;16432;1;0
Lidobeachresort.com-0106-2017Redesign;en-US;636408955682325733#aln4sois4yhnildqskhmeivy;38053;1;0
Longboatkeyclub.com-0104-2017Redesign;en-US;636408955682325733#h50ibgnfmzrzrgctk0xmg2ur;38054;1;0
Delraysandsresort.com-0097-2016Redesign;en-US;636408955682325733#2t3i20y0ehjgpily43g5lqwt;38049;1;0
Thesagamore.com-0112-2017Redesign;en-US;636408955682325733#mz21p2ngrutl420yfuhk1gh0;39241;1;0
Casaybelresort.com-0002-2014Redesign;en-US;636408955683261745#4nkktjwu0ah0brukqjblpxbw;1736;1;0
Cocokeyorlando.com-0059-2015Redesign;en-US;636408955687785803#z455xxfk2ekszpp5crtrvyml;12402;1;0
Sandpearl.com-0091-2016Redesign;en-US;636408955688409811#zpt1ejasyhbytx5kbr1w40jc;22493;1;0
Broadmoor.com-0073-2016Redesign;en-US;636408955691373849#v50opyapdgv1psfk0hswhdrk;16724;1;0
Cendyn.com-0095-2016Redesign;en-US;636408955696833919#52pf5go11es3rwigyzgwfrvm;26640;1;0
Broadmoor.com-0073-2016Redesign;en-US;636408955697301925#v50opyapdgv1psfk0hswhdrk;16724;1;0
Unionstationhotelnashville.com-0047-2015Redesign;en-US;636408955708378067#wfhuxke0rm1nvg2iggfyqwqk;24054;1;0
Unionstationhotelnashville.com-0047-2015Redesign;en-US;636408955711498107#wfhuxke0rm1nvg2iggfyqwqk;24054;1;0
Luxehotels.com-0078-2016Redesign;en-US;636408955717582185#pxsop1zuz40ihnhuodk1xqsl;18833;1;0
Luxehotels.com-0078-2016Redesign;en-US;636408955718674199#pxsop1zuz40ihnhuodk1xqsl;18833;1;0
