wentworthcom00212014redesign;en-US;636409048200832926#tz2rmgi1lt0xfs1tmofvfpqd;26679;1;0
Lakeplacidlodge.com-0105-2017Redesign;en-US;636409048202236944#51z5hbxrjv50okjzk0r24ucv;28545;1;0
Broadmoor.com-0073-2016Redesign;en-US;636409048202392946#mr4zqyxcu3yff2ens0pwpuqo;16742;1;0
Hi-nyc.com-0108-2017Redesogm;en-US;636409048203484960#ehqr0ekkxnwc0ygils0pg0nk;30323;1;0
Cocokeyorlando.com-0059-2015Redesign;en-US;636409048208009018#i42hzqcv1wmtx5jcbfgogjpb;12394;1;0
Cocokeyorlando.com-0059-2015Redesign;en-US;636409048209569038#i42hzqcv1wmtx5jcbfgogjpb;12394;1;0
Amzak.com-0023-2014Redesign;en-US;636409048212533076#angmky0flocqk2g2wpggrz1n;3739;1;0
Longboatkeyclub.com-0104-2017Redesign;en-US;636409048214093096#vciz1kk2cnesqrm5hk20rqx5;28372;1;0
Amzak.com-0023-2014Redesign;en-US;636409048214093096#angmky0flocqk2g2wpggrz1n;3739;1;0
Jbdukehotel.com-0086-2016Redesign;en-US;636409048215653116#mhwe1ekkljscoxd4fjbrj1qz;21918;1;0
Bluebirch.com-0072-2016Redesign;en-US;636409048215653116#ci15e2ldaw2r4tlyycyjxt40;16693;1;0
Thecurtis.com-0079-2016Redesign;en-US;636409048215653116#rniy0m33540ajki4of3fywnq;17981;1;0
Opalsands.com-0084-2016Redesign;en-US;636409048215653116#va50tmdneb0krycdyxecb55n;38055;1;0
Sandylane.com-0075-2016Redesign;en-US;636409048215653116#glhlflwvzrq3aklc5kobvi50;17611;1;0
Galthouse.com-0042-2015Redesign;en-US;636409048215809118#fdakvqvm3e4tvvlthrmxmm42;38060;1;0
Napavalleymarriott.com-0071-2016Redesign;en-US;636409048215809118#htxl2zzyv0glnoij3nlzkysi;16432;1;0
Longboatkeyclub.com-0104-2017Redesign;en-US;636409048215809118#w4afrlebqgb3jnq4zl0iq12y;38054;1;0
Beverlyhillsresidenceinn.com-0087-2016Redesign;en-US;636409048215809118#vj3u3qageu112epg3xqdusk5;20999;1;0
Theoxfordhotel.com-0062-2015Redesign;en-US;636409048215965120#tithaoxkfnqgkcjolld3uqtd;14325;1;0
Edgewaternaples.com-0094-2016Redesign;en-US;636409048215965120#su1o52ojadm0ei50rp55xmgk;38051;1;0
Halcyonhotelcherrycreek.com-0061-2015Redesign;en-US;636409048215965120#s4makanv2y1m3cnz05yqk112;22121;1;0
Zotabeachresort.com-0090-2016Redesign;en-US;636409048216433126#kiqprq4g2ql3kxt3gsafmzdn;38058;1;0
Cendyn.com-0095-2016Redesign;en-US;636409048216433126#ny5x4oqa1kj0tugatg0j3gb2;26640;1;0
Cendyn.com-0095-2016Redesign;en-US;636409048216433126#rewyhxzz4modauiym3p5nehm;26640;1;0
Passport.lehotels.com-0069-2016BlogRedesign;en-US;636409048216589128#jn0uwsuixreubk1fiwfvvel3;41068;1;0
Cendyn.com-0095-2016Redesign;en-US;636409048216589128#3k5g2l1sc4exvf5duhzzhtvs;26640;1;0
Hospitalityupgrade.com-0093-2016Redesign;en-US;636409048216589128#f4jj2ecczpaajz2fnbymr2qd;25405;1;0
Delraysandsresort.com-0097-2016Redesign;en-US;636409048216745130#s03om5whlbx04ea24scnmjty;38049;1;0
Homewoodsuiteslax.com-0110-2017Redesign;en-US;636409048216745130#3wx0srn2hdf0txumqaga2uq1;30747;1;0
Luxehotels.com-0078-2016Redesign;en-US;636409048216901132#m1bzz3ecr5wdqf5jtgf53edu;18805;1;0
Samosetresort.com-0113-2017Redesign;en-US;636409048216901132#rstaa012etdqu31hret4bfdv;40334;1;0
Theharborsidehotel.com-0114-2017Redesign;en-US;636409048216901132#3p5qiuledioexfrlhaf2vqfe;40403;1;0
Assuranceoperations.com-0065-2015Redesign;en-US;636409048216901132#duehca4turzcisnehoafwq25;15263;1;0
Hhotellosangeles.com-0118-2017Redesign;en-US;636409048217057134#drqd4dehirldcq4cytgrimtk;35289;1;0
Jupiterbeachresort.com-0103-2017Redesign;en-US;636409048217057134#bndmvspykjdksosnoeb1mqsa;38052;1;0
Thesagamore.com-0112-2017Redesign;en-US;636409048217057134#3sqpcvlcsn5kcq1owaffbou0;39241;1;0
Chrco.com-0107-2017Redesign;en-US;636409048217213136#f4oho5yxxpqzsvrivflw3obo;29280;1;0
Abbingtonbanquets.com-0070-2016Redesign;en-US;636409048217525140#wbtw1yfbh2hglrjrhdldxzdt;15789;1;0
Degreerestaurant.com-0056-2015Redesign;en-US;636409048217525140#mqkb000crfosbcazt12pac4z;11598;1;0
Lidobeachresort.com-0106-2017Redesign;en-US;636409048217525140#gv3gzzgjmkwx2vsruxw3u3al;38053;1;0
Thecrawfordhotel.com-0074-2016Redesign;en-US;636409048217993146#i5yw3wwv5og33jdu1ixxc2l1;17145;1;0
Marriottdelraybeach.com-0009-2014Redesign;en-US;636409048219553166#ynhgz0xmwitc01eexdt1fnzi;2829;1;0
Luxehotels.com-0078-2016Redesign;en-US;636409048220801182#r0h2nyrrkwpcjxafd123yekd;18805;1;0
Halcyonhotelcherrycreek.com-0061-2015Redesign;en-US;636409048221425190#5vfzmt421xayxbbqgswzj1k5;41221;1;0
Luxehotels.com-0078-2016Redesign;en-US;636409048221425190#hg1ssbvfa5nej3b5nsm0njvn;18805;1;0
Hi-nyc.com-0108-2017Redesogm;en-US;636409048222205200#zuguhljad5yeqdjbnowbvu3c;30324;1;0
Hospitalityupgrade.com-0093-2016Redesign;en-US;636409048223765220#c1cpqcu0gklukuv34y3edc33;25405;1;0
Marriottdelraybeach.com-0009-2014Redesign;en-US;636409048225481242#ynhgz0xmwitc01eexdt1fnzi;2829;1;0
Jupiterbeachresort.com-0103-2017Redesign;en-US;636409048225793246#idcxfma2sp0kg2jzzx2eyhwq;28204;1;0
Broadmoor.com-0073-2016Redesign;en-US;636409048226417254#ar1tm00qcgt4q2h143pzo1ca;16721;1;0
Ecommerce.saddlebrook.com-0028-2014ShoppingCart;en-US;636409048226729258#1m2dntcw3bjspiw2mhft2glc;6316;1;0
Ecommerce.saddlebrook.com-0028-2014ShoppingCart;en-US;636409048226885260#2vhqrbmrwpxqlp1f5umvqqgv;6316;1;0
Luxehotels.com-0078-2016Redesign;en-US;636409048229225290#3nz1lta0vubk0ahuc5rteogc;18805;1;0
Hospitalityupgrade.com-0093-2016Redesign;en-US;636409048229381292#yzcmjvpkfqr2bmasoomequwy;25405;1;0
Halcyonhotelcherrycreek.com-0061-2015Redesign;en-US;636409048231253316#e2kge25hzzenp11ivuhv0yy4;23318;1;0
Galthouse.com-0042-2015Redesign;en-US;636409048232033326#vukafx5hsi0yaiy22v1ipkkr;31905;1;0
Galthouse.com-0042-2015Redesign;en-US;636409048234373356#vukafx5hsi0yaiy22v1ipkkr;31905;1;0
Theharborsidehotel.com-0114-2017Redesign;en-US;636409048234841362#rb1kdldxhzq3xrrfbonfwnxo;37571;1;0
Sandpearl.com-0091-2016Redesign;en-US;636409048234841362#54pyvz1sspxxme1g1y0d32mw;38056;1;0
Hospitalityupgrade.com-0093-2016Redesign;en-US;636409048234841362#c1cpqcu0gklukuv34y3edc33;25405;1;0
Cocokeyorlando.com-0059-2015Redesign;en-US;636409048235777374#i42hzqcv1wmtx5jcbfgogjpb;12394;1;0
Minnetonkamarriott.com-0039-2015Redesign;en-US;636409048235933376#ptdiocv3pbnwh0o1oo41yrj3;8817;1;0
Halcyonhotelcherrycreek.com-0061-2015Redesign;en-US;636409048237025390#5vfzmt421xayxbbqgswzj1k5;22121;1;0
Cocokeyorlando.com-0059-2015Redesign;en-US;636409048237025390#i42hzqcv1wmtx5jcbfgogjpb;12394;1;0
Lehotels.com-0049-2015Transfer;en-US;636409048237649398#zpyepa1c3k4kci0ewqeunloy;13447;1;0
Hi-nyc.com-0108-2017Redesogm;en-US;636409048238273406#dwwsvobzo1eanx5w45zriekz;30080;1;0
Cendyn.com-0095-2016Redesign;en-US;636409048239833426#5dydlejo0yrjist1wfpwj2l4;26640;1;0
Theharborsidehotel.com-0114-2017Redesign;en-US;636409048242953466#yfkv2co2uvyt4z31cupis0ap;37571;1;0
Theharborsidehotel.com-0114-2017Redesign;en-US;636409048243109468#xqbapzcn3ryra00omcpxqgyp;37571;1;0
Cendyn.com-0095-2016Redesign;en-US;636409048243889478#jehznwh1p0v3hjahjapzgezn;26640;1;0
Halcyonhotelcherrycreek.com-0061-2015Redesign;en-US;636409048244669488#tent2o1xrppoqphnwjy0gobo;23287;1;0
Cendyn.com-0095-2016Redesign;en-US;636409048246073506#fc23ygwc3miz2qbyt3yf1ekf;26640;1;0
Bocatrans.com-0082-2016Redesign;en-US;636409048246541512#jlpggx5fmnn5vdzjeauhfqge;19758;1;0
Meateatery.com-0080-2016Redesign;en-US;636409048246541512#vcvvjej5zevisyavypwx34kw;18505;1;0
Glencovemansion.com-0058-2015Redesign;en-US;636409048246541512#olga2emtm4lj0wu2acxx52gh;13328;1;0
Texturefoodanddrink.com-0067-2016Redesign;en-US;636409048246697514#tdr5nvcdkyprkhcwrl2npcpm;15452;1;0
Washingtoncourthotel.com-0076-2016Redesign;en-US;636409048246853516#m2mdere1dncmlsl5bcezpn1o;17858;1;0
Naiaresortandspa.com-0077-2016Redesign;en-US;636409048246853516#4ywwvlzqn4svdcs3p54qufpz;20455;1;0
Oxfordclubspa.com-0068-2016Redesign;en-US;636409048247009518#v2s1fuyc1veepmdo5jaml03s;15568;1;0
Treasureislandbeachresort.com-0089-2016Redesign;en-US;636409048247009518#jiyogmb3ykgfgbt4u43kkw1o;38057;1;0
Broadmoor.com-0073-2016Redesign;en-US;636409048247009518#my1vdk5ycxki4kj3dmggzhsn;38059;1;0
Lakeplacidlodge.com-0105-2017Redesign;en-US;636409048247009518#dusku14dzvd3uyq2dq1uoe43;39238;1;0
Halcyonhotelcherrycreek.com-0061-2015Redesign;en-US;636409048252313586#tent2o1xrppoqphnwjy0gobo;22121;1;0
Homewoodsuiteslax.com-0110-2017Redesign;en-US;636409048252469588#uqbpcp3vqg3fwfngy2nwyyee;31025;1;0
Thesagamore.com-0112-2017Redesign;en-US;636409048252625590#xsubqjjgzkthp3kjbetds0yy;33467;1;0
Thesagamore.com-0112-2017Redesign;en-US;636409048253093596#iz1oye2iaoustmbheftdd4h3;33577;1;0
Luxehotels.com-0078-2016Redesign;en-US;636409048253249598#jzpk0jvuix4dx30r4b2p4mrj;18805;1;0
Cphollywoodbeach.com-0032-2015Redesign;en-US;636409048253561602#kbdk3q5gcobu411syck4s2l4;7805;1;0
Opalsands.com-0084-2016Redesign;en-US;636409048256057634#4ouwxcdwtrg3t5u14p3feuzt;21542;1;0
Cendyn.com-0095-2016Redesign;en-US;636409048256369638#fc23ygwc3miz2qbyt3yf1ekf;26640;1;0
Lakeplacidlodge.com-0105-2017Redesign;en-US;636409048259177674#oypiktsb0wkd4ojhbtdlzkm3;28545;1;0
Sandpearl.com-0091-2016Redesign;en-US;636409048259645680#xfm4cpp2eqvwuk43za0wabrw;22490;1;0
Monarchbeachresort.com-0092-2016Redesign;en-US;636409048261205700#sa4jg2rpdvzujf2bpn0ia5bd;26800;1;0
Washingtondukeinn.com-0024-2014Redesign;en-US;636409048264481742#n5yxrwwzy5ulys41fo2dpkvf;4524;1;0
Thesagamore.com-0112-2017Redesign;en-US;636409048264637744#ewb35buzm25f2ye2svngzmla;32339;1;0
Napavalleymarriott.com-0071-2016Redesign;en-US;636409048265573756#vwfaayjhnkbdttwbaif14cpv;16432;1;0
Jbdukehotel.com-0086-2016Redesign;en-US;636409048265573756#zmqkg0zx5rfwgjhg3tklk1yn;21918;1;0
Thecrawfordhotel.com-0074-2016Redesign;en-US;636409048265729758#zicqypgcco5xwkqawurxm0mn;17145;1;0
Thecurtis.com-0079-2016Redesign;en-US;636409048265729758#qwtaywivmvxx0jojjf5bw4uh;17981;1;0
Bluebirch.com-0072-2016Redesign;en-US;636409048265729758#3wr05p1g2x2mzyvyzxtcabam;16693;1;0
Hhotellosangeles.com-0118-2017Redesign;en-US;636409048265729758#spdfj1gvdofbe3jxr44kdbaz;35289;1;0
Theharborsidehotel.com-0114-2017Redesign;en-US;636409048265729758#pqolgrrmz5flrwraohjuclyd;40403;1;0
Chrco.com-0107-2017Redesign;en-US;636409048265729758#hys5fq10hqdkugftei5dlmjl;29280;1;0
Longboatkeyclub.com-0104-2017Redesign;en-US;636409048265885760#0chghw0vs0ven4xzkqhmajyr;38054;1;0
Cendyn.com-0095-2016Redesign;en-US;636409048265885760#wkh0yrcwebygfgqnm2vnggc2;26640;1;0
Theoxfordhotel.com-0062-2015Redesign;en-US;636409048265885760#sdecrmfs2ywtuothnw42gano;14325;1;0
Halcyonhotelcherrycreek.com-0061-2015Redesign;en-US;636409048265885760#cbgg1vjegkpdugr2p4zltqmv;22121;1;0
Galthouse.com-0042-2015Redesign;en-US;636409048266041762#3vko4oxx2k4j2ojffkr4utnr;38060;1;0
Beverlyhillsresidenceinn.com-0087-2016Redesign;en-US;636409048266041762#dft3ax5amia4iwtuljdiw4ia;20999;1;0
Edgewaternaples.com-0094-2016Redesign;en-US;636409048266041762#ia5wl1w3e5edvpyzodta3pwy;38051;1;0
Assuranceoperations.com-0065-2015Redesign;en-US;636409048266041762#ooon25v0vleub0m0io2fowh0;15263;1;0
Zotabeachresort.com-0090-2016Redesign;en-US;636409048266041762#1hrl43u5gq1f5ubu0fvzrmok;38058;1;0
Abbingtonbanquets.com-0070-2016Redesign;en-US;636409048266197764#2xvxtqiturcz1z2vblwammdl;15789;1;0
Sandylane.com-0075-2016Redesign;en-US;636409048266197764#xtbl10oyh0wz3iok5l2adox1;17611;1;0
Samosetresort.com-0113-2017Redesign;en-US;636409048266353766#y00iegmxwudzv0nmj0ypijke;40334;1;0
Degreerestaurant.com-0056-2015Redesign;en-US;636409048266353766#pdbclykeqwffqkyfgwzaqnsi;11598;1;0
Opalsands.com-0084-2016Redesign;en-US;636409048266353766#0bvbncknehdr1alpzqxupkqr;38055;1;0
Thesagamore.com-0112-2017Redesign;en-US;636409048266509768#c4znficahqp4weo43qru0tt0;39241;1;0
Lidobeachresort.com-0106-2017Redesign;en-US;636409048266665770#yxk5drtkf352wrk13meut41n;38053;1;0
Jupiterbeachresort.com-0103-2017Redesign;en-US;636409048266665770#e4fphmc2oic2gl1414e2gabu;38052;1;0
Luxehotels.com-0078-2016Redesign;en-US;636409048266665770#0b1v030x0wp2h2uzxfltwfml;18805;1;0
Homewoodsuiteslax.com-0110-2017Redesign;en-US;636409048266665770#lhgu1vw2yvd1p4kfwrzvd3cq;30747;1;0
Monarchbeachresort.com-0092-2016Redesign;en-US;636409048268381792#igtccfo0npzqhiomedq2wsgc;22725;1;0
Cendyn.com-0095-2016Redesign;en-US;636409048268537794#cqdoir03rbp43jpzewg1hc2z;26640;1;0
Cendyn.com-0095-2016Redesign;en-US;636409048268537794#lgri0luws1efbsvb1chf3giq;26640;1;0
Delraysandsresort.com-0097-2016Redesign;en-US;636409048268537794#3oiitfoncwlwlkp11qdsysft;38049;1;0
Passport.lehotels.com-0069-2016BlogRedesign;en-US;636409048268537794#j30vc2eiaw1sy2mzbcuqpevs;41068;1;0
Hospitalityupgrade.com-0093-2016Redesign;en-US;636409048269161802#kzxpaaiis4cc1gnz4o1pv1bp;25405;1;0
Washingtondukeinn.com-0024-2014Redesign;en-US;636409048270253816#n5yxrwwzy5ulys41fo2dpkvf;4524;1;0
Halcyonhotelcherrycreek.com-0061-2015Redesign;en-US;636409048271345830#tent2o1xrppoqphnwjy0gobo;41464;1;0
Edgewaternaples.com-0094-2016Redesign;en-US;636409048272593846#s55kcf5glsiyrwtldwxwv5ha;25239;1;0
Lehotels.com-0049-2015Transfer;en-US;636409048274153866#yviimunvx5b5qprltas4cx0a;13977;1;0
Cendyn.com-0095-2016Redesign;en-US;636409048274153866#fc23ygwc3miz2qbyt3yf1ekf;26640;1;0
Homewoodsuiteslax.com-0110-2017Redesign;en-US;636409048274309868#uqbpcp3vqg3fwfngy2nwyyee;30747;1;0
Napavalleymarriott.com-0071-2016Redesign;en-US;636409048277429908#ujrlyd4dnj3f5ino4llztpjn;16432;1;0
Broadmoor.com-0073-2016Redesign;en-US;636409048277741912#wetb23k0omszufovjfpk43my;16721;1;0
Broadmoor.com-0073-2016Redesign;en-US;636409048277897914#fflxqsrb2edq1adyxus42025;16721;1;0
Halcyonhotelcherrycreek.com-0061-2015Redesign;en-US;636409048278365920#tent2o1xrppoqphnwjy0gobo;22121;1;0
Edgewaternaples.com-0094-2016Redesign;en-US;636409048278677924#s55kcf5glsiyrwtldwxwv5ha;25239;1;0
Thelodgeatwoodloch.com-0033-2015Redesign;en-US;636409048282109968#xvsoqz5vh5bwsuuj41zryecj;8390;1;0
Cendyn.com-0095-2016Redesign;en-US;636409048283045980#fc23ygwc3miz2qbyt3yf1ekf;26640;1;0
Halcyonhotelcherrycreek.com-0061-2015Redesign;en-US;636409048283513986#e2kge25hzzenp11ivuhv0yy4;22121;1;0
Sandpearl.com-0091-2016Redesign;en-US;636409048284762002#co1uuflrbj5ohp5tgks1hmfw;38056;1;0
Broadmoor.com-0073-2016Redesign;en-US;636409048284918004#xl3qjcq3f14yv3rlttjvzh2n;16721;1;0
Broadmoor.com-0073-2016Redesign;en-US;636409048285230008#hel4pgjfy50gje0y1l5je4lg;16721;1;0
Broadmoor.com-0073-2016Redesign;en-US;636409048286010018#0d0z4zizjb0iekpeeob2f5e4;16721;1;0
Lakeplacidlodge.com-0105-2017Redesign;en-US;636409048286478024#fmoybqe5l2asnmkljf2k0gdi;32783;1;0
Cendyn.com-0095-2016Redesign;en-US;636409048289910068#44yhyxelly4045vpow3vgu5s;26640;1;0
Thesagamore.com-0112-2017Redesign;en-US;636409048289910068#4yioqim3ix3lv3br5usaopbo;32351;1;0
Zotabeachresort.com-0090-2016Redesign;en-US;636409048291782092#mnc41jnndfzatr3hysah3fnz;22357;1;0
Cendyn.com-0095-2016Redesign;en-US;636409048293342112#fc23ygwc3miz2qbyt3yf1ekf;26640;1;0
Cendyn.com-0095-2016Redesign;en-US;636409048293810118#xxqdapjd4wsnfw5ziv0wwwmi;26640;1;0
Meateatery.com-0080-2016Redesign;en-US;636409048296462152#wydevklpxtwotlij5hjyw2lz;18505;1;0
Broadmoor.com-0073-2016Redesign;en-US;636409048296618154#shyt3j1nmykzc5dlbjlmhfww;38059;1;0
Bocatrans.com-0082-2016Redesign;en-US;636409048296618154#y1ltscb0uj1kxxybrq4bygnx;19758;1;0
Naiaresortandspa.com-0077-2016Redesign;en-US;636409048296774156#4jfn1yaegxszcmn4k33gqjwo;20455;1;0
Texturefoodanddrink.com-0067-2016Redesign;en-US;636409048297242162#gypbty0sry313oxtqscugxkk;15452;1;0
Washingtoncourthotel.com-0076-2016Redesign;en-US;636409048297398164#5bb3sb4ir4b31eueftvqkfpb;17858;1;0
Glencovemansion.com-0058-2015Redesign;en-US;636409048297398164#eshmorr55lo2l3p3ql5lbtok;13328;1;0
Treasureislandbeachresort.com-0089-2016Redesign;en-US;636409048297710168#xn2l4uqlmrdaojgp0sm2p44v;38057;1;0
Oxfordclubspa.com-0068-2016Redesign;en-US;636409048297866170#e4w1vhryvr43r3ft1sa2ipn2;15568;1;0
Lakeplacidlodge.com-0105-2017Redesign;en-US;636409048298334176#c2ejrbaofrt4p1hni3rgbd0k;39238;1;0
Lakeplacidlodge.com-0105-2017Redesign;en-US;636409048301298214#dax5mbvtqlnthhwehwlx0txl;28545;1;0
Lakeplacidlodge.com-0105-2017Redesign;en-US;636409048308006300#qguurbqdwhwgwnnj15pplm2g;28545;1;0
Treasureislandbeachresort.com-0089-2016Redesign;en-US;636409048308006300#5etttrz1bgmirausk4y3jwlh;22169;1;0
Treasureislandbeachresort.com-0089-2016Redesign;en-US;636409048308630308#omopa2m4tpi3xls04uhmiyga;22169;1;0
Washingtondukeinn.com-0024-2014Redesign;en-US;636409048309254316#goujqjwuqlmi5cyckabbu4lz;4738;1;0
Lakeplacidlodge.com-0105-2017Redesign;en-US;636409048312374356#qguurbqdwhwgwnnj15pplm2g;28545;1;0
Lakeplacidlodge.com-0105-2017Redesign;en-US;636409048313310368#dax5mbvtqlnthhwehwlx0txl;28545;1;0
Longboatkeyclub.com-0104-2017Redesign;en-US;636409048315494396#jry05zt0etu1rmgwkcjxa2j1;28316;1;0
Bluebirch.com-0072-2016Redesign;en-US;636409048315650398#xo4w0ebf03dpco3b2n3zqjac;16693;1;0
Hhotellosangeles.com-0118-2017Redesign;en-US;636409048315650398#l5qq3x0jobktsxrh4xcxhol2;35289;1;0
Beverlyhillsresidenceinn.com-0087-2016Redesign;en-US;636409048315650398#ju3ypup3j1sppmwy3wckcrtm;20999;1;0
Longboatkeyclub.com-0104-2017Redesign;en-US;636409048315806400#ar0ooekugjwszoydlj2lqhhb;38054;1;0
Sandylane.com-0075-2016Redesign;en-US;636409048315806400#nklnqkounthgtqjhtb5edxql;17611;1;0
Edgewaternaples.com-0094-2016Redesign;en-US;636409048315806400#uycf1kaykorhlnmakwetzjr3;38051;1;0
Thesagamore.com-0112-2017Redesign;en-US;636409048315806400#kg0ljrjqwunyuzjfpxn0fxbc;39241;1;0
Napavalleymarriott.com-0071-2016Redesign;en-US;636409048315806400#bjighn2eowjxlx500aqge0iz;16432;1;0
Theoxfordhotel.com-0062-2015Redesign;en-US;636409048315806400#2zr1jmsr5mqmm0aohbdwl03q;14325;1;0
Jbdukehotel.com-0086-2016Redesign;en-US;636409048315806400#ndz23u13hng331idx5y2wkug;21918;1;0
Chrco.com-0107-2017Redesign;en-US;636409048315962402#ihlz4nctdaomadstyswpmwyc;29280;1;0
Assuranceoperations.com-0065-2015Redesign;en-US;636409048315962402#5xe4bsydipokbbs3c34bfxmd;15263;1;0
Samosetresort.com-0113-2017Redesign;en-US;636409048315962402#kshtqdxqgmd5tjz5tbujqkye;40334;1;0
Thecurtis.com-0079-2016Redesign;en-US;636409048315962402#i3kezf2fwkmkrk21rprzwssk;17981;1;0
Thecrawfordhotel.com-0074-2016Redesign;en-US;636409048315962402#xb1kuytvy2d4rcrhwzi5nrre;17145;1;0
Halcyonhotelcherrycreek.com-0061-2015Redesign;en-US;636409048315962402#zwnghi5gjqm0yo51gtqnx5lf;22121;1;0
Abbingtonbanquets.com-0070-2016Redesign;en-US;636409048315962402#wffhg05gjx2bvj34yf5jqztw;15789;1;0
Galthouse.com-0042-2015Redesign;en-US;636409048316118404#23k0znssgutbhhlywakpdztz;38060;1;0
Zotabeachresort.com-0090-2016Redesign;en-US;636409048316118404#jsv4qq23zrhpd5xbg2jaukyr;38058;1;0
Jupiterbeachresort.com-0103-2017Redesign;en-US;636409048316118404#l04mufxz4cla4tjqw0bvrcst;38052;1;0
Theharborsidehotel.com-0114-2017Redesign;en-US;636409048316118404#h2jnuurdbhuygosmtazh420c;40403;1;0
Cendyn.com-0095-2016Redesign;en-US;636409048316118404#g04jdggofjblp52s1elvprsi;26640;1;0
Opalsands.com-0084-2016Redesign;en-US;636409048316118404#3yjizr3puc0ohqnmvlm2j2nw;38055;1;0
Luxehotels.com-0078-2016Redesign;en-US;636409048316274406#xkc0nlmyl3rarln0jrbrplfo;18805;1;0
Homewoodsuiteslax.com-0110-2017Redesign;en-US;636409048316586410#rixdnjw2fzep44sj0mtg1hbr;30747;1;0
Degreerestaurant.com-0056-2015Redesign;en-US;636409048316586410#hdfutyiwsppfr054ljvgoipu;11598;1;0
Lidobeachresort.com-0106-2017Redesign;en-US;636409048316586410#nbvkfqfjrs1b3wraf0qkenza;38053;1;0
Cendyn.com-0095-2016Redesign;en-US;636409048317678424#le5ynbitrbmbjcjzx52mwpv3;26640;1;0
Hospitalityupgrade.com-0093-2016Redesign;en-US;636409048317678424#pj2rfp1bgypr2znbrlhej22m;25405;1;0
Passport.lehotels.com-0069-2016BlogRedesign;en-US;636409048317834426#ixhalrvvfmpv3bppv1bpmovt;41068;1;0
Delraysandsresort.com-0097-2016Redesign;en-US;636409048317834426#uasqohnxnhwl12wadnqmvjyi;38049;1;0
Cendyn.com-0095-2016Redesign;en-US;636409048317990428#5jvpimk1piiguposbyise2p5;26640;1;0
Casaybelresort.com-0002-2014Redesign;en-US;636409048322202482#uwwq5s30emyojokmhvzakycl;1613;1;0
Jbdukehotel.com-0086-2016Redesign;en-US;636409048323450498#td2jytx2rukcjyre1dtheagi;21918;1;0
Secretharbourvi.com-0040-2015Redesign;en-US;636409048327038544#ppxrci2ghjt2yuabq4lvcu2g;9231;1;0
Sandylane.com-0075-2016Redesign;en-US;636409048330938594#ayut1qpnu2tcjj5ohsarm3c1;17730;1;0
Hospitalityupgrade.com-0093-2016Redesign;en-US;636409048333278624#m5frr4de51ziafsksyozzrh4;22790;1;0
Sandpearl.com-0091-2016Redesign;en-US;636409048333590628#5v45gwahurnvpsrgvu3w02ml;23075;1;0
Washingtondukeinn.com-0024-2014Redesign;en-US;636409048333746630#kkdic0srd4focrch310gtbkz;4737;1;0
Hospitalityupgrade.com-0093-2016Redesign;en-US;636409048334214636#ol4imghkmosoj5velr5fty4q;22790;1;0
Sandpearl.com-0091-2016Redesign;en-US;636409048334838644#gnbbrsfkoo111f1yk11j2u4w;38056;1;0
Thesagamore.com-0112-2017Redesign;en-US;636409048335462652#jddqgg2j2itcrdfwtpycopol;32339;1;0
Hospitalityupgrade.com-0093-2016Redesign;en-US;636409048337958684#oviwsi0wrltta11omlqemdrn;25405;1;0
Cendyn.com-0095-2016Redesign;en-US;636409048339830708#yzym23qnbgds4estwjn20bns;26640;1;0
Thecurtis.com-0079-2016Redesign;en-US;636409048340298714#4dazljzvkhgwqtaaevc45po3;17981;1;0
Secretharbourvi.com-0040-2015Redesign;en-US;636409048342950748#dt3hw0uhlqdk0lbgjkkmo1gx;9231;1;0
Cendyn.com-0095-2016Redesign;en-US;636409048343730758#w1lc5ploropak0pvsynb5m53;26640;1;0
Thesagamore.com-0112-2017Redesign;en-US;636409048345134776#jddqgg2j2itcrdfwtpycopol;32339;1;0
Meateatery.com-0080-2016Redesign;en-US;636409048346538794#fa1mfzwbotjqqltm5pwkas2r;18505;1;0
Bocatrans.com-0082-2016Redesign;en-US;636409048346538794#cde42e0w2l022h5tiwn4i4gz;19758;1;0
Treasureislandbeachresort.com-0089-2016Redesign;en-US;636409048346538794#dslvfwjk5umlwayr2jrwzvh3;38057;1;0
Texturefoodanddrink.com-0067-2016Redesign;en-US;636409048346538794#u2m51rqhvmyjpe50odgavxxw;15452;1;0
Naiaresortandspa.com-0077-2016Redesign;en-US;636409048346538794#4v0s442e4bd5omvlqplziwqk;20455;1;0
Washingtoncourthotel.com-0076-2016Redesign;en-US;636409048346538794#vwqbzfnb1f3wct3fkxc4yq5q;17858;1;0
Glencovemansion.com-0058-2015Redesign;en-US;636409048346538794#lfqvd3c52pbcjdfsqi4ekp52;13328;1;0
Lakeplacidlodge.com-0105-2017Redesign;en-US;636409048346694796#1eapdkuevs0n3ehgjsu5iwab;39238;1;0
Oxfordclubspa.com-0068-2016Redesign;en-US;636409048346694796#jjpvbhlkiubhy00zbirkh0fv;15568;1;0
Broadmoor.com-0073-2016Redesign;en-US;636409048346694796#hoiriya44pvl5dzlofvuzpsy;38059;1;0
Hospitalityupgrade.com-0093-2016Redesign;en-US;636409048347006800#c1cpqcu0gklukuv34y3edc33;25405;1;0
Theloganhotel.com-0043-2015Redesign;en-US;636409048350438844#zjg5qfnvohpdh5prxybm2o1d;20218;1;0
Thecrawfordhotel.com-0074-2016Redesign;en-US;636409048352466870#0jm5ysdb0gzntbnzbvghcasg;17145;1;0
Longboatkeyclub.com-0104-2017Redesign;en-US;636409048352622872#jry05zt0etu1rmgwkcjxa2j1;28316;1;0
Texturefoodanddrink.com-0067-2016Redesign;en-US;636409048352934876#dld2gmrn0i4shltijyghobqg;15452;1;0
Halcyonhotelcherrycreek.com-0061-2015Redesign;en-US;636409048353090878#xa5axvrxdk1pyt4o4skjieph;22121;1;0
Theoxfordhotel.com-0062-2015Redesign;en-US;636409048353090878#txcu2d5vf1mpt3modwf0jbkk;14325;1;0
Thecurtis.com-0079-2016Redesign;en-US;636409048356054916#4dazljzvkhgwqtaaevc45po3;17981;1;0
Theloganhotel.com-0043-2015Redesign;en-US;636409048359330958#zjg5qfnvohpdh5prxybm2o1d;20218;1;0
Newyorkpalacemeetings.com-0045-2015Redesign;en-US;636409048360734976#dkfkkye3lk13hgd3hu2fjegr;9207;1;0
Springhillsuitesdenver.com-0060-2015Redesign;en-US;636409048361358984#dfgdpd4fu53x5xx2ob5msrdc;12307;1;0
Thelodgeatwoodloch.com-0033-2015Redesign;en-US;636409048364011018#qrwy4na3kxzelt3ozqobfvfv;7764;1;0
Thelodgeatwoodloch.com-0033-2015Redesign;en-US;636409048364323022#gpxbqulawjqez4fzryusu04e;7764;1;0
Beverlyhillsresidenceinn.com-0087-2016Redesign;en-US;636409048365571038#wy2tqd3wimzrexu32ug4rnzd;20999;1;0
Thecrawfordhotel.com-0074-2016Redesign;en-US;636409048365571038#zg2ag4pprizwfhsw1p2mt0mx;17145;1;0
Napavalleymarriott.com-0071-2016Redesign;en-US;636409048365571038#a3s2mi0hrhoril3yjtmmyhxt;16432;1;0
Longboatkeyclub.com-0104-2017Redesign;en-US;636409048365883042#es5xwt0aobrabvqwnuxvwijh;38054;1;0
Samosetresort.com-0113-2017Redesign;en-US;636409048366351048#silg3ub53kldiwlohjabqjiz;40334;1;0
Jupiterbeachresort.com-0103-2017Redesign;en-US;636409048366507050#ish21gzsrqktc5ft12mrhrrk;38052;1;0
Jbdukehotel.com-0086-2016Redesign;en-US;636409048366663052#depdgkryb3inuxgsxeuifqpc;21918;1;0
Bluebirch.com-0072-2016Redesign;en-US;636409048366663052#mvznehnohb0g2jg5xcimb2z0;16693;1;0
Luxehotels.com-0078-2016Redesign;en-US;636409048366819054#cdljbsauaxyl35vb1obrhbkq;18805;1;0
Galthouse.com-0042-2015Redesign;en-US;636409048366975056#ljqxbndpyro5cal1wmaqpkec;38060;1;0
Thesagamore.com-0112-2017Redesign;en-US;636409048367131058#xgvhpejsrdvtzyxsegvjmj3h;39241;1;0
Cendyn.com-0095-2016Redesign;en-US;636409048367131058#sauhrczlbnsvmdpxehx5yrnp;26640;1;0
Opalsands.com-0084-2016Redesign;en-US;636409048367131058#lwrqyllmxull2rjjtjohh5hn;38055;1;0
Theoxfordhotel.com-0062-2015Redesign;en-US;636409048367287060#bdyd10yeg1gdjp4ayplf55ym;14325;1;0
Lidobeachresort.com-0106-2017Redesign;en-US;636409048367287060#gv5ysal3cclv1hwxrq0voe40;38053;1;0
Thecurtis.com-0079-2016Redesign;en-US;636409048367599064#duixz24x0nsgek52vs131w2p;17981;1;0
Hhotellosangeles.com-0118-2017Redesign;en-US;636409048367599064#wulszlowz1rsafnqpowikhqm;35289;1;0
Abbingtonbanquets.com-0070-2016Redesign;en-US;636409048367599064#bpbw5b3x34fxhiewadoc3gid;15789;1;0
Zotabeachresort.com-0090-2016Redesign;en-US;636409048367599064#s1clnjojfvuumww5bxakrhsz;38058;1;0
Sandylane.com-0075-2016Redesign;en-US;636409048367755066#kurzzazvnxqt10sg4le4cdfn;17611;1;0
Assuranceoperations.com-0065-2015Redesign;en-US;636409048367911068#lr2zzn2pqlbrpyaq0hzzpz1p;15263;1;0
Edgewaternaples.com-0094-2016Redesign;en-US;636409048368223072#qa2c3rcf15cj2va1jlgtssog;38051;1;0
Homewoodsuiteslax.com-0110-2017Redesign;en-US;636409048368379074#jf14xjd2mhmh10jjc53zb30m;30747;1;0
Chrco.com-0107-2017Redesign;en-US;636409048368535076#cjhtsjwizyff4qsheu45ow00;29280;1;0
Degreerestaurant.com-0056-2015Redesign;en-US;636409048368535076#j5pijmdwm22zqoxlwdpfvyaz;11598;1;0
Theharborsidehotel.com-0114-2017Redesign;en-US;636409048368691078#hgon411amkm5xliyhjfraxac;40403;1;0
Halcyonhotelcherrycreek.com-0061-2015Redesign;en-US;636409048369003082#fml4r5d1koe0bgx1t35zskkm;22121;1;0
Passport.lehotels.com-0069-2016BlogRedesign;en-US;636409048369003082#xczplo2yu0ivjjijbxxiqesh;41068;1;0
Hospitalityupgrade.com-0093-2016Redesign;en-US;636409048369003082#h0233t3t0mgv5ywthrcjoy3e;25405;1;0
Cendyn.com-0095-2016Redesign;en-US;636409048369003082#u4klbuojhajt24wvaicgbsd1;26640;1;0
Cendyn.com-0095-2016Redesign;en-US;636409048369159084#1idxcjgqebyl5k1c3hme1jpn;26640;1;0
Delraysandsresort.com-0097-2016Redesign;en-US;636409048369315086#esdlxw1qzbib3kz5bbqkl001;38049;1;0
Lakeplacidlodge.com-0105-2017Redesign;en-US;636409048369315086#u0q2auoguvbaclzphqg4vzny;28557;1;0
Halcyonhotelcherrycreek.com-0061-2015Redesign;en-US;636409048371967120#5vfzmt421xayxbbqgswzj1k5;23287;1;0
Hospitalityupgrade.com-0093-2016Redesign;en-US;636409048372747130#ol4imghkmosoj5velr5fty4q;22790;1;0
Galthouse.com-0042-2015Redesign;en-US;636409048374307150#lgigrmkclfibdbw3ll5tzffp;31905;1;0
Galthouse.com-0042-2015Redesign;en-US;636409048374463152#b1dee01k330boxq25l2xknlc;31905;1;0
Halcyonhotelcherrycreek.com-0061-2015Redesign;en-US;636409048377271188#5vfzmt421xayxbbqgswzj1k5;22121;1;0
Cocokeyorlando.com-0059-2015Redesign;en-US;636409048382107250#egn1hzz2h0qfcbihh0ds53pj;12394;1;0
Sandpearl.com-0091-2016Redesign;en-US;636409048384915286#dlktwnfyrxhc2w3ph4tiok5a;38056;1;0
Lakeplacidlodge.com-0105-2017Redesign;en-US;636409048386007300#z3hwam12vjkc3epfnyy4acpv;28588;1;0
Thesagamore.com-0112-2017Redesign;en-US;636409048387411318#jddqgg2j2itcrdfwtpycopol;32339;1;0
Galthouse.com-0042-2015Redesign;en-US;636409048388815336#cb5ge5kslu5t3wjcdmzegynl;31905;1;0
Cendyn.com-0095-2016Redesign;en-US;636409048389751348#rudaslbe0hllww3bcfxd0dqu;26640;1;0
Hospitalityupgrade.com-0093-2016Redesign;en-US;636409048391311368#c1cpqcu0gklukuv34y3edc33;25405;1;0
Edgewaternaples.com-0094-2016Redesign;en-US;636409048391623372#te5vw2fegwdcc4wmdvrzsb5z;25239;1;0
Cendyn.com-0095-2016Redesign;en-US;636409048393807400#4km0idnwxz5gjppnsyz3thha;26640;1;0
Broadmoor.com-0073-2016Redesign;en-US;636409048394275406#cyzgoldd1qr4lbdqsib2ikr0;16721;1;0
Thesagamore.com-0112-2017Redesign;en-US;636409048395991428#4yioqim3ix3lv3br5usaopbo;33921;1;0
Texturefoodanddrink.com-0067-2016Redesign;en-US;636409048396771438#ycvtgjn5rh3qe1qktqzd45rk;15452;1;0
Lakeplacidlodge.com-0105-2017Redesign;en-US;636409048396771438#qxraxfri35w04g51cmdjjcuc;39238;1;0
Naiaresortandspa.com-0077-2016Redesign;en-US;636409048396771438#2ed5be4loqkvpbusq5amvpcs;20455;1;0
Broadmoor.com-0073-2016Redesign;en-US;636409048396771438#v3hs1p2ag5nvozumhjppufsd;38059;1;0
Glencovemansion.com-0058-2015Redesign;en-US;636409048396771438#gdqmwlcr45kry4db54laezza;13328;1;0
Oxfordclubspa.com-0068-2016Redesign;en-US;636409048396927440#tuncjfre1e3wuxkylc1dxq2z;15568;1;0
Treasureislandbeachresort.com-0089-2016Redesign;en-US;636409048396927440#yrbd353df4ul4dmp10eyhezg;38057;1;0
Meateatery.com-0080-2016Redesign;en-US;636409048396927440#oqhmf4i0evkc5e4j2rfgg3ro;18505;1;0
Abbingtonbanquets.com-0070-2016Redesign;en-US;636409048397083442#3penb2iqsegzt120otuytac1;15789;1;0
Washingtoncourthotel.com-0076-2016Redesign;en-US;636409048397083442#0uklgfekcrsxh0uw5gii3wfe;17858;1;0
Bocatrans.com-0082-2016Redesign;en-US;636409048397083442#ryhovsem2smlpxbh4zjwbvea;19758;1;0
Napavalleymarriott.com-0071-2016Redesign;en-US;636409048397239444#w5gcjq3pxpf3mwdnwa1i2efi;16432;1;0
wentworthcom00212014redesign;en-US;636409048397551448#b3uflc0nfgoxtbd1epqynduv;4306;1;0
Marriottdelraybeach.com-0009-2014Redesign;en-US;636409048398019454#v401qc4tjirc2xs3bk2vf1le;2829;1;0
Lidobeachresort.com-0106-2017Redesign;en-US;636409048398799464#umzdjkayadxhvjffdi4qehtv;29827;1;0
Edgewaternaples.com-0094-2016Redesign;en-US;636409048399891478#te5vw2fegwdcc4wmdvrzsb5z;25239;1;0
Thesagamore.com-0112-2017Redesign;en-US;636409048400359484#25yiyvhtazg4iekamyh5hgoc;33471;1;0
wentworthcom00212014redesign;en-US;636409048400671488#fbmqsuwh3piqfwnvhg0blu3f;26679;1;0
Edgewaternaples.com-0094-2016Redesign;en-US;636409048401295496#te5vw2fegwdcc4wmdvrzsb5z;25239;1;0
Washingtoncourthotel.com-0076-2016Redesign;en-US;636409048404883542#jcbsw3qn0wcobfbj0y5ee4bn;17858;1;0
Washingtondukeinn.com-0024-2014Redesign;en-US;636409048405195546#kkdic0srd4focrch310gtbkz;5495;1;0
Lakeplacidlodge.com-0105-2017Redesign;en-US;636409048405663552#fcrnwheniebphohu3axxlo2a;28545;1;0
Cocokeyorlando.com-0059-2015Redesign;en-US;636409048406755566#21vbdscq4brlesgh4xywhjlj;12394;1;0
Cocokeyorlando.com-0059-2015Redesign;en-US;636409048406911568#qksmar00fbkf5ddsbj5rjwth;12394;1;0
Broadmoor.com-0073-2016Redesign;en-US;636409048408159584#cyzgoldd1qr4lbdqsib2ikr0;16721;1;0
Halcyonhotelcherrycreek.com-0061-2015Redesign;en-US;636409048408159584#5vfzmt421xayxbbqgswzj1k5;29884;1;0
Jupiterbeachresort.com-0103-2017Redesign;en-US;636409048409407600#gyd3ww5nuiukbprhvi1duigh;28165;1;0
Casaybelresort.com-0002-2014Redesign;en-US;636409048409407600#igs1fzpntrisouvjd25sio41;1533;1;0
Broadmoor.com-0073-2016Redesign;en-US;636409048410499614#cyzgoldd1qr4lbdqsib2ikr0;16721;1;0
Sandpearl.com-0091-2016Redesign;en-US;636409048410967620#l2ga1ncgb115awniucvkemoz;22481;1;0
Thesagamore.com-0112-2017Redesign;en-US;636409048410967620#25yiyvhtazg4iekamyh5hgoc;33471;1;0
Sandpearl.com-0091-2016Redesign;en-US;636409048411435626#sfk0gb4h5seuqi0zmmobgwev;22481;1;0
Cendyn.com-0095-2016Redesign;en-US;636409048411591628#vonuksrugcivqb1eojv4ar4q;26640;1;0
Theloganhotel.com-0043-2015Redesign;en-US;636409048412059634#nmxy3qm3adk3oyyfmot4t25k;20218;1;0
Beverlyhillsresidenceinn.com-0087-2016Redesign;en-US;636409048413307650#v3tky4orj1znalpltyej4zf5;20999;1;0
Hospitalityupgrade.com-0093-2016Redesign;en-US;636409048413463652#l4zr4apq1agmnz0ztz33hyy5;37631;1;0
Lakeplacidlodge.com-0105-2017Redesign;en-US;636409048413931658#fcrnwheniebphohu3axxlo2a;28545;1;0
Halcyonhotelcherrycreek.com-0061-2015Redesign;en-US;636409048414243662#5vfzmt421xayxbbqgswzj1k5;22121;1;0
Theoxfordhotel.com-0062-2015Redesign;en-US;636409048415491678#wu55ca52fbq5rk2wh0blotb3;14325;1;0
Lakeplacidlodge.com-0105-2017Redesign;en-US;636409048415491678#fcrnwheniebphohu3axxlo2a;28545;1;0
Beverlyhillsresidenceinn.com-0087-2016Redesign;en-US;636409048415491678#aym1s4cgj2b0fh1zmvn4lvrs;20999;1;0
Hhotellosangeles.com-0118-2017Redesign;en-US;636409048415803682#z204osl0sfpdainadfla4pur;35289;1;0
Thecurtis.com-0079-2016Redesign;en-US;636409048415803682#ickdvsyp2puh10hvwucrm0me;17981;1;0
Chrco.com-0107-2017Redesign;en-US;636409048415803682#atxkyu4rxdfhcow35uhzfdhm;29280;1;0
Cendyn.com-0095-2016Redesign;en-US;636409048415803682#wfhztdy5ppc3hqtfh1fb3uym;26640;1;0
Halcyonhotelcherrycreek.com-0061-2015Redesign;en-US;636409048415803682#mamxjjn4x403hi1mrkr1jupe;22121;1;0
Theharborsidehotel.com-0114-2017Redesign;en-US;636409048415959684#m02ouhj2j3pnknycbcyrbldq;40403;1;0
Opalsands.com-0084-2016Redesign;en-US;636409048416115686#ykeczpnxw40phrsjfqfeksnf;38055;1;0
Edgewaternaples.com-0094-2016Redesign;en-US;636409048416115686#1o2itrk5ysjinksss004ryl4;38051;1;0
Thesagamore.com-0112-2017Redesign;en-US;636409048416427690#jmbjkvpzefl4razwkhve1f0q;39241;1;0
Abbingtonbanquets.com-0070-2016Redesign;en-US;636409048416583692#4tqdubqny2murosrq1ojagme;15789;1;0
Galthouse.com-0042-2015Redesign;en-US;636409048416739694#ytycrnqycd5qsd4grg0mabij;38060;1;0
Jupiterbeachresort.com-0103-2017Redesign;en-US;636409048416739694#vd0l0phaowyhunfyo2mqlo2n;38052;1;0
Luxehotels.com-0078-2016Redesign;en-US;636409048416895696#tjeqavclfw2q0uvvbbvkoxzc;18805;1;0
Longboatkeyclub.com-0104-2017Redesign;en-US;636409048416895696#wgujppum4idn30osmxkf4iso;38054;1;0
Jbdukehotel.com-0086-2016Redesign;en-US;636409048416895696#rrtcrptinrjbczoypbwnjdo4;21918;1;0
Assuranceoperations.com-0065-2015Redesign;en-US;636409048417051698#va40yszfcx01k34v1r5flokb;15263;1;0
Bluebirch.com-0072-2016Redesign;en-US;636409048417051698#ilzgitknoepyp5223bwo21qf;16693;1;0
Sandylane.com-0075-2016Redesign;en-US;636409048417675706#15qupvlity3tm1gfg3r4bokx;17611;1;0
Samosetresort.com-0113-2017Redesign;en-US;636409048417831708#nepzoyt3is3fih2rt0iyut35;40334;1;0
Degreerestaurant.com-0056-2015Redesign;en-US;636409048417831708#erwn5uqzjsra0rhwioru1wjz;11598;1;0
Napavalleymarriott.com-0071-2016Redesign;en-US;636409048417831708#533ew3jdeujussry5vlbhztq;16432;1;0
Zotabeachresort.com-0090-2016Redesign;en-US;636409048418143712#tmnijzig2meisjlwe5js35c3;38058;1;0
Lidobeachresort.com-0106-2017Redesign;en-US;636409048418143712#coozz1yx4zqbtdnsw53w021u;38053;1;0
Thecrawfordhotel.com-0074-2016Redesign;en-US;636409048418299714#uidoy55tgrd12yu4z5mr0k4x;17145;1;0
Miravalspamonarchbeach.com-0109-2017Redesign;en-US;636409048418455716#1vzq0vwphmw2fryo2pqbhjic;31709;1;0
Homewoodsuiteslax.com-0110-2017Redesign;en-US;636409048418767720#pe1sxfsftfvxn2h5r55fjvxf;30747;1;0
Cendyn.com-0095-2016Redesign;en-US;636409048418923722#b2fld50evaxm5zcjbzm2kop5;26640;1;0
Passport.lehotels.com-0069-2016BlogRedesign;en-US;636409048418923722#bxq1qdht5q0mprrwyt3lurbf;41068;1;0
Delraysandsresort.com-0097-2016Redesign;en-US;636409048418923722#kau3n0rsj30lyndbpwza51fd;38049;1;0
Hospitalityupgrade.com-0093-2016Redesign;en-US;636409048419079724#ihbtwvcyzuiuiys1r3alcool;25405;1;0
Cendyn.com-0095-2016Redesign;en-US;636409048419079724#cir2onoorai1jwodmbkf1eai;26640;1;0
Cendyn.com-0095-2016Redesign;en-US;636409048419235726#n4owgerevm2mrg3edoiefver;26640;1;0
Cendyn.com-0095-2016Redesign;en-US;636409048421575756#fc23ygwc3miz2qbyt3yf1ekf;26640;1;0
Thelodgeatwoodloch.com-0033-2015Redesign;en-US;636409048425943812#mygaz2tmctpgls2pzuszsah0;7764;1;0
Cendyn.com-0095-2016Redesign;en-US;636409048427347830#fc23ygwc3miz2qbyt3yf1ekf;26640;1;0
Hospitalityupgrade.com-0093-2016Redesign;en-US;636409048428127840#nvrluracdvjtnngfsv0ihhxu;37628;1;0
Jbdukehotel.com-0086-2016Redesign;en-US;636409048429687860#td2jytx2rukcjyre1dtheagi;21934;1;0
Laxembassy.com-0008-2014Redesign;en-US;636409048432963902#sadfmljtcldr22jlmiirdepu;2037;1;0
Hospitalityupgrade.com-0093-2016Redesign;en-US;636409048434523922#c1cpqcu0gklukuv34y3edc33;25405;1;0
Sandpearl.com-0091-2016Redesign;en-US;636409048434835926#iip2byqia4kiwkrjxq3u5gsp;38056;1;0
Glencovemansion.com-0058-2015Redesign;en-US;636409048434991928#2qn42kzhmpunxmsgdvryyx3z;13328;1;0
Hospitalityupgrade.com-0093-2016Redesign;en-US;636409048438111968#pnsr4t21evh1slmafavpmhr0;36743;1;0
Jbdukehotel.com-0086-2016Redesign;en-US;636409048438735976#td2jytx2rukcjyre1dtheagi;21918;1;0
Cendyn.com-0095-2016Redesign;en-US;636409048439827990#05azsagikn15pl2qmwi50sfp;26640;1;0
Thesagamore.com-0112-2017Redesign;en-US;636409048439983992#iz1oye2iaoustmbheftdd4h3;32387;1;0
Broadmoor.com-0073-2016Redesign;en-US;636409048443572038#ml2wipvbi4aeb0b0i4bn3i4o;18259;1;0
Cendyn.com-0095-2016Redesign;en-US;636409048443728040#mi2wl0a3b5b3ymv2aaywjfxx;26640;1;0
Naiaresortandspa.com-0077-2016Redesign;en-US;636409048446536076#n0yv35qmvjwpn1urmlpkjjiz;20455;1;0
Washingtoncourthotel.com-0076-2016Redesign;en-US;636409048446536076#0igjjaj4mh4w5g3lpslf5e25;17858;1;0
Glencovemansion.com-0058-2015Redesign;en-US;636409048446536076#dio2s3kphlujy0j2seph4wht;13328;1;0
Bocatrans.com-0082-2016Redesign;en-US;636409048446536076#0e511xrpmlume5cj04bmpus2;19758;1;0
Oxfordclubspa.com-0068-2016Redesign;en-US;636409048446692078#lafs4mzrz1a4qce3kq51klni;15568;1;0
Broadmoor.com-0073-2016Redesign;en-US;636409048446692078#we1cve3en5dqy0o5zicxgdbe;38059;1;0
Lakeplacidlodge.com-0105-2017Redesign;en-US;636409048446692078#3rthuulqjm33cfldegxun21y;39238;1;0
Treasureislandbeachresort.com-0089-2016Redesign;en-US;636409048446848080#0ad1o2xophk3azfwgrapwuix;38057;1;0
Texturefoodanddrink.com-0067-2016Redesign;en-US;636409048446848080#dfsenfirqugmdcarz0er35k3;15452;1;0
Meateatery.com-0080-2016Redesign;en-US;636409048446848080#4pnrjwzrrwpl3pizda4vpezt;18505;1;0
Cphollywoodbeach.com-0032-2015Redesign;en-US;636409048447316086#jlwzzjlwsqtzn0ndc4ixpoed;7805;1;0
Sandpearl.com-0091-2016Redesign;en-US;636409048447940094#wqmcfk2slqfsbew54hhsljyj;22481;1;0
Sandpearl.com-0091-2016Redesign;en-US;636409048448096096#esqbzyb1igo343ph3hjiqduu;22481;1;0
Hospitalityupgrade.com-0093-2016Redesign;en-US;636409048449344112#ctivozhjtb30l0hwj1eucg0k;36743;1;0
Broadmoor.com-0073-2016Redesign;en-US;636409048449812118#kr3ow3l2pmmomvm2ugzi1fpy;16721;1;0
Casaybelresort.com-0002-2014Redesign;en-US;636409048449812118#0psxgrx4il2rr33nol2agpgy;1613;1;0
Broadmoor.com-0073-2016Redesign;en-US;636409048454960184#ppnsddbvgunohrhtlirn1vnk;16721;1;0
saddlebrook.com-0011-2014Redesign;en-US;636409048455116186#bei2uqrni3ejs43z0ya0tnk3;3385;1;0
Hospitalityupgrade.com-0093-2016Redesign;en-US;636409048455428190#dy10e3v1aj2k2wwqu1u5klip;36743;1;0
Broadmoor.com-0073-2016Redesign;en-US;636409048455896196#vf0awzc23cxt11pcgumqjaal;16724;1;0
saddlebrook.com-0011-2014Redesign;en-US;636409048460732258#bei2uqrni3ejs43z0ya0tnk3;3385;1;0
Broadmoor.com-0073-2016Redesign;en-US;636409048461200264#ppnsddbvgunohrhtlirn1vnk;16721;1;0
Broadmoor.com-0073-2016Redesign;en-US;636409048461200264#vf0awzc23cxt11pcgumqjaal;16724;1;0
Edgewaternaples.com-0094-2016Redesign;en-US;636409048462136276#21bdlsbf0fnvmmijyr0jxk4n;25239;1;0
Cendyn.com-0095-2016Redesign;en-US;636409048462604282#fc23ygwc3miz2qbyt3yf1ekf;26640;1;0
Hospitalityupgrade.com-0093-2016Redesign;en-US;636409048463696296#c1cpqcu0gklukuv34y3edc33;25405;1;0
Luxehotels.com-0078-2016Redesign;en-US;636409048465568320#2p51dueb10ghx0ki3narouyp;18805;1;0
Theoxfordhotel.com-0062-2015Redesign;en-US;636409048465568320#pecqtam5zi2riphjcb1xqhbo;14325;1;0
Bluebirch.com-0072-2016Redesign;en-US;636409048465568320#rsm3zcbxlzx25x44qdzqivvj;16693;1;0
Halcyonhotelcherrycreek.com-0061-2015Redesign;en-US;636409048465568320#pw2igfxjp1wwegb4mm45g3x1;22121;1;0
Zotabeachresort.com-0090-2016Redesign;en-US;636409048465724322#nhjvufry32d0doevii2laebv;38058;1;0
Cendyn.com-0095-2016Redesign;en-US;636409048465724322#dk0uwtxlldwpjunazes3m2uf;26640;1;0
Thecrawfordhotel.com-0074-2016Redesign;en-US;636409048465724322#gvnaznjujadbp0zby5jx0olg;17145;1;0
Samosetresort.com-0113-2017Redesign;en-US;636409048465880324#pfvbqk2cfgd4fqyi2r55qke1;40334;1;0
Theharborsidehotel.com-0114-2017Redesign;en-US;636409048465880324#3d3wb5ifpjojhend0tyjcpcr;40403;1;0
Jbdukehotel.com-0086-2016Redesign;en-US;636409048465880324#zu5jmjmod23drdq1pancc4pg;21918;1;0
Homewoodsuiteslax.com-0110-2017Redesign;en-US;636409048465880324#ak0ns50avbhrjncn1blt5ejb;30747;1;0
Lidobeachresort.com-0106-2017Redesign;en-US;636409048465880324#ghxn3lk1z3g0tmorvlzgfrky;38053;1;0
Longboatkeyclub.com-0104-2017Redesign;en-US;636409048465880324#rjkyitye05obflboosbpkouz;38054;1;0
Thecurtis.com-0079-2016Redesign;en-US;636409048466036326#gyvgy2gjwfs3wbnqmwaobtyn;17981;1;0
Beverlyhillsresidenceinn.com-0087-2016Redesign;en-US;636409048466036326#mgu0sl0yjfvhspzgo03x1pbb;20999;1;0
Assuranceoperations.com-0065-2015Redesign;en-US;636409048466036326#orlcens5lv51vxkpzbiqp0b0;15263;1;0
Edgewaternaples.com-0094-2016Redesign;en-US;636409048466192328#n2nrxvbpakvf2kzduaiucfkz;38051;1;0
Chrco.com-0107-2017Redesign;en-US;636409048466192328#vkowlnqko5cg0vsp0ihcpelc;29280;1;0
Opalsands.com-0084-2016Redesign;en-US;636409048466192328#qb4kjpn304u4iklmm2stob2f;38055;1;0
Degreerestaurant.com-0056-2015Redesign;en-US;636409048466504332#kclsfykp5auegndljc4czhmf;11598;1;0
Napavalleymarriott.com-0071-2016Redesign;en-US;636409048466504332#1s1zupjhgqkzvlcjochclrx3;16432;1;0
Sandylane.com-0075-2016Redesign;en-US;636409048466504332#ivsxgdfgxlaxzyssapicfvpz;17611;1;0
Hhotellosangeles.com-0118-2017Redesign;en-US;636409048466660334#p5ikdjbtbw4sduu4qaax12mr;35289;1;0
Jupiterbeachresort.com-0103-2017Redesign;en-US;636409048466816336#hf5zi0cqfchbx4f1ge0gk0am;38052;1;0
Galthouse.com-0042-2015Redesign;en-US;636409048468064352#txoevfza5llcuwrfleavcvpd;38060;1;0
Chrco.com-0107-2017Redesign;en-US;636409048468844362#crczy0dzicmwtk1gs54ohafl;29280;1;0
Abbingtonbanquets.com-0070-2016Redesign;en-US;636409048468844362#g3pftgkqfzrw4ciear0kbbu5;15789;1;0
Cendyn.com-0095-2016Redesign;en-US;636409048468844362#go51ocvqdyksfnnq4wvmwxfo;26640;1;0
Delraysandsresort.com-0097-2016Redesign;en-US;636409048468844362#ymok3sm1nen43rdtmoyl0tay;38049;1;0
Hospitalityupgrade.com-0093-2016Redesign;en-US;636409048469000364#ufntkjraesknszpy1bvt1rtv;25405;1;0
Cendyn.com-0095-2016Redesign;en-US;636409048469156366#w4x41w2z40wgybva2ieviibm;26640;1;0
Passport.lehotels.com-0069-2016BlogRedesign;en-US;636409048469312368#oqogroj5vmjdtt51nslkhifq;41068;1;0
Thesagamore.com-0112-2017Redesign;en-US;636409048469312368#ocudbz5yxbexs2avi545swu0;39241;1;0
Edgewaternaples.com-0094-2016Redesign;en-US;636409048469312368#21bdlsbf0fnvmmijyr0jxk4n;25239;1;0
Hospitalityupgrade.com-0093-2016Redesign;en-US;636409048470092378#2ylut5bp1r2awuyes2lgptxs;22790;1;0
Sandylane.com-0075-2016Redesign;en-US;636409048470560384#nfmel1rdsdgf03jnxexz0vpp;17685;1;0
Galthouse.com-0042-2015Redesign;en-US;636409048471652398#tfsjlibonnmsv4f51c4scdfc;9789;1;0
Broadmoor.com-0073-2016Redesign;en-US;636409048472432408#0hgybyy0iv2ifgjpsemcupxc;16764;1;0
Broadmoor.com-0073-2016Redesign;en-US;636409048480856516#nicu4f5if4uycqhpannsa15k;16721;1;0
Miravalspamonarchbeach.com-0109-2017Redesign;en-US;636409048483508550#dmq2onv5g3hyqz5ipkx4czba;31709;1;0
Cendyn.com-0095-2016Redesign;en-US;636409048483508550#hlcauolfva0ieg3evqxlkyor;26640;1;0
Sandpearl.com-0091-2016Redesign;en-US;636409048484756566#blvuqqga0nangltnxtbls5m2;38056;1;0
Broadmoor.com-0073-2016Redesign;en-US;636409048486004582#nicu4f5if4uycqhpannsa15k;16721;1;0
Sandylane.com-0075-2016Redesign;en-US;636409048488344612#en53q25bbarxbn0qknd5rx4j;17611;1;0
Broadmoor.com-0073-2016Redesign;en-US;636409048489124622#01hz0tspkv04tppnq5342rir;20440;1;0
Casaybelresort.com-0002-2014Redesign;en-US;636409048489124622#zannynjheuf4dybqm0q13253;1533;1;0
Cendyn.com-0095-2016Redesign;en-US;636409048489748630#2soex2y3w4sp5giifmw5poko;26640;1;0
Broadmoor.com-0073-2016Redesign;en-US;636409048491152648#nicu4f5if4uycqhpannsa15k;16721;1;0
Jupiterbeachresort.com-0103-2017Redesign;en-US;636409048493024672#gyd3ww5nuiukbprhvi1duigh;28206;1;0
Cendyn.com-0095-2016Redesign;en-US;636409048493804682#0fpqeszw353rqyosehjy0acx;26640;1;0
Broadmoor.com-0073-2016Redesign;en-US;636409048496300714#nicu4f5if4uycqhpannsa15k;16774;1;0
Meateatery.com-0080-2016Redesign;en-US;636409048496456716#2ghwjjteft4juii5sllhtd0q;18505;1;0
Texturefoodanddrink.com-0067-2016Redesign;en-US;636409048496456716#m10ku1wndeu3d0snoqivgvhf;15452;1;0
Bocatrans.com-0082-2016Redesign;en-US;636409048496456716#oqcxocrhl3qc1qttradufuko;19758;1;0
Oxfordclubspa.com-0068-2016Redesign;en-US;636409048496456716#1ecf3ampkfnshsqlrrtr4vnj;15568;1;0
Naiaresortandspa.com-0077-2016Redesign;en-US;636409048496456716#etnjaxuvrlximk0hmby1ey0g;20455;1;0
Glencovemansion.com-0058-2015Redesign;en-US;636409048496612718#bvcgq3m5it2enxbpq3ku0z4b;13328;1;0
Treasureislandbeachresort.com-0089-2016Redesign;en-US;636409048496612718#gd3j1ifeawqthoinr5djvzdp;38057;1;0
Lakeplacidlodge.com-0105-2017Redesign;en-US;636409048496612718#2wkoknrlisxnxwutkquwcubo;39238;1;0
Washingtoncourthotel.com-0076-2016Redesign;en-US;636409048496768720#0ir0q4kobjrw5sidratwy5ew;17858;1;0
Broadmoor.com-0073-2016Redesign;en-US;636409048496924722#sksh3kgbymvp0hor2e0aoo35;38059;1;0
Sandylane.com-0075-2016Redesign;en-US;636409048501136776#nfmel1rdsdgf03jnxexz0vpp;17611;1;0
theweststreethotel.com-0115-2017Redesign;en-US;636409048501448780#sva03ya2tzw2403y5pxzp5qi;36683;1;0
Hospitalityupgrade.com-0093-2016Redesign;en-US;636409048503632808#c1cpqcu0gklukuv34y3edc33;25405;1;0
Broadmoor.com-0073-2016Redesign;en-US;636409048506128840#cuw4nplfxz1dxahjo5vzitnu;18782;1;0
Cendyn.com-0095-2016Redesign;en-US;636409048508156866#ge4cfzzrobzmtxprh2jdzb3k;26640;1;0
theweststreethotel.com-0115-2017Redesign;en-US;636409048509404882#sva03ya2tzw2403y5pxzp5qi;36683;1;0
Broadmoor.com-0073-2016Redesign;en-US;636409048511744912#nicu4f5if4uycqhpannsa15k;16721;1;0
Hospitalityupgrade.com-0093-2016Redesign;en-US;636409048515176956#c1cpqcu0gklukuv34y3edc33;25405;1;0
Bluebirch.com-0072-2016Redesign;en-US;636409048515488960#fbotbdqiselnedk0dbuc4x4d;16693;1;0
Degreerestaurant.com-0056-2015Redesign;en-US;636409048515488960#hmur0zrizhklinmrm1mvyz4z;11598;1;0
Thecrawfordhotel.com-0074-2016Redesign;en-US;636409048515488960#1doh4tgroh4rw15nby050w4e;17145;1;0
Hhotellosangeles.com-0118-2017Redesign;en-US;636409048515488960#u5qx0dvvsirxqufloionygim;35289;1;0
Theoxfordhotel.com-0062-2015Redesign;en-US;636409048515644962#bayxmaobebqrjk0xiwkd4cnb;14325;1;0
Homewoodsuiteslax.com-0110-2017Redesign;en-US;636409048515644962#3e05lplqv0skgo4gg5z4uxjw;30747;1;0
Assuranceoperations.com-0065-2015Redesign;en-US;636409048515644962#2mzrhcsekv1vynqcfyjzlrce;15263;1;0
Halcyonhotelcherrycreek.com-0061-2015Redesign;en-US;636409048515644962#ffjaaszpqaya2goeoskscbbj;22121;1;0
Cendyn.com-0095-2016Redesign;en-US;636409048515644962#y2rk3xgmhss3mai2vgbmgqfu;26640;1;0
Chrco.com-0107-2017Redesign;en-US;636409048515644962#qleowyguct4faup3zwkro10x;29280;1;0
Opalsands.com-0084-2016Redesign;en-US;636409048515800964#cffkdrz5zgqmuavqobxn4uel;38055;1;0
Galthouse.com-0042-2015Redesign;en-US;636409048515800964#dt4n4eiijahbotqzvqeehibx;38060;1;0
Abbingtonbanquets.com-0070-2016Redesign;en-US;636409048515800964#otzvfysnyq21sx4ubh5szrx5;15789;1;0
Lidobeachresort.com-0106-2017Redesign;en-US;636409048515956966#ehoghlcg1kj3cqjcrus0gde2;38053;1;0
Napavalleymarriott.com-0071-2016Redesign;en-US;636409048515956966#fa0z0tgdqy0zws0o0p2egxm4;16432;1;0
Longboatkeyclub.com-0104-2017Redesign;en-US;636409048515956966#mfpphd2t0dkyqafeefyb4b1o;38054;1;0
Edgewaternaples.com-0094-2016Redesign;en-US;636409048516268970#tqxp3qwaiav2btq5ki5hpzmi;38051;1;0
Thesagamore.com-0112-2017Redesign;en-US;636409048516424972#zjejsh1td3clm55xw2pac3ly;39241;1;0
Jupiterbeachresort.com-0103-2017Redesign;en-US;636409048516424972#xrzd4alj1wx1pcxkwzv5wx2l;38052;1;0
Sandylane.com-0075-2016Redesign;en-US;636409048516424972#yrughlgs5la5mafvivbmesd3;17611;1;0
Luxehotels.com-0078-2016Redesign;en-US;636409048516424972#ylceq0xmll4cpytcgiyxsgbu;18805;1;0
Jbdukehotel.com-0086-2016Redesign;en-US;636409048516580974#terxug4akh3meddasakdgmum;21918;1;0
Beverlyhillsresidenceinn.com-0087-2016Redesign;en-US;636409048516580974#tgyaacigfyv5wtnnryw4ewzr;20999;1;0
Samosetresort.com-0113-2017Redesign;en-US;636409048516580974#xctqoqug45drbbfvghpctu3i;32541;1;0
Thecurtis.com-0079-2016Redesign;en-US;636409048517048980#a3cdprsm23jefsojawssufuz;17981;1;0
Zotabeachresort.com-0090-2016Redesign;en-US;636409048517048980#jcl3ex3cs1ld4vkvpmfonz12;38058;1;0
Samosetresort.com-0113-2017Redesign;en-US;636409048517048980#kshdkvxn4nnlywnlq2v5zs3h;40334;1;0
Theharborsidehotel.com-0114-2017Redesign;en-US;636409048517204982#n1f0ib3vxtvipf0piodcz0ae;40403;1;0
Hospitalityupgrade.com-0093-2016Redesign;en-US;636409048517672988#c1dohfa1kg1koyuafq0zwq23;25405;1;0
Cendyn.com-0095-2016Redesign;en-US;636409048517672988#j5h3inmlnvxpsrj1pwr54rzu;26640;1;0
Cendyn.com-0095-2016Redesign;en-US;636409048517672988#eeinpimuqpibsxtfmaxjapif;26640;1;0
Passport.lehotels.com-0069-2016BlogRedesign;en-US;636409048517672988#x14uiuv41akfo3zk1q1bkwbb;41068;1;0
Delraysandsresort.com-0097-2016Redesign;en-US;636409048517672988#1cnblkoot1bguqohxgrdevvg;38049;1;0
Broadmoor.com-0073-2016Redesign;en-US;636409048517828990#nicu4f5if4uycqhpannsa15k;16774;1;0
Luxehotels.com-0078-2016Redesign;en-US;636409048517828990#rm3g10hjmebofehcszsmjxdw;18805;1;0
Jupiterbeachresort.com-0103-2017Redesign;en-US;636409048519233008#ibghtyivpcnsuysurvnozx0b;28158;1;0
Jupiterbeachresort.com-0103-2017Redesign;en-US;636409048519389010#xdrpbaq4rdgg1pr1tmtj5ydd;28158;1;0
Hospitalityupgrade.com-0093-2016Redesign;en-US;636409048521105032#ol4imghkmosoj5velr5fty4q;36914;1;0
Lakeplacidlodge.com-0105-2017Redesign;en-US;636409048522041044#dpvpvj33ma0o5gy5oinkj5ah;28545;1;0
Lakeplacidlodge.com-0105-2017Redesign;en-US;636409048524225072#dpvpvj33ma0o5gy5oinkj5ah;28545;1;0
Thelodgeatwoodloch.com-0033-2015Redesign;en-US;636409048524849080#uytxueaw4l41tgbrbchkjhyt;7764;1;0
Broadmoor.com-0073-2016Redesign;en-US;636409048528281124#nicu4f5if4uycqhpannsa15k;16769;1;0
Casaybelresort.com-0002-2014Redesign;en-US;636409048529061134#1ip4ldvrzhc4dh2d1hn03vui;1613;1;0
Galthouse.com-0042-2015Redesign;en-US;636409048531713168#ze553xw1yq4gqohj104fxpao;31905;1;0
Broadmoor.com-0073-2016Redesign;en-US;636409048531713168#ypueizxo5ihaaxjzihkakdtd;16724;1;0
Longboatkeyclub.com-0104-2017Redesign;en-US;636409048533117186#hpr0knn1npmf00vgp3wudptx;28317;1;0
Thesagamore.com-0112-2017Redesign;en-US;636409048534833208#lyftc3zw3f5mfjtws22y3qzl;33470;1;0
Sandpearl.com-0091-2016Redesign;en-US;636409048534833208#52555jx50jm0zkt5q321hxn2;38056;1;0
Hospitalityupgrade.com-0093-2016Redesign;en-US;636409048535769220#c1cpqcu0gklukuv34y3edc33;25405;1;0
Broadmoor.com-0073-2016Redesign;en-US;636409048535769220#ypueizxo5ihaaxjzihkakdtd;16724;1;0
Halcyonhotelcherrycreek.com-0061-2015Redesign;en-US;636409048537485242#tent2o1xrppoqphnwjy0gobo;41138;1;0
Lakeplacidlodge.com-0105-2017Redesign;en-US;636409048538109250#z3hwam12vjkc3epfnyy4acpv;28595;1;0
Lakeplacidlodge.com-0105-2017Redesign;en-US;636409048539045262#dpvpvj33ma0o5gy5oinkj5ah;28545;1;0
Cendyn.com-0095-2016Redesign;en-US;636409048539825272#5plbuzx1valw4pfj5nnc1jvs;26640;1;0
Longboatkeyclub.com-0104-2017Redesign;en-US;636409048540137276#vciz1kk2cnesqrm5hk20rqx5;29752;1;0
Cendyn.com-0095-2016Redesign;en-US;636409048541073288#ttudc0t2dz4rtpl3gmuzh4ok;26640;1;0
Hospitalityupgrade.com-0093-2016Redesign;en-US;636409048542009300#xlbiz43uksclwxl3mgxgbujd;22790;1;0
Thelodgeatwoodloch.com-0033-2015Redesign;en-US;636409048542945312#lw3xcvtuq5k2ikqhrpi2afru;7781;1;0
Cendyn.com-0095-2016Redesign;en-US;636409048543725322#oaw5wgfw2sw55cevcazj5x2m;26640;1;0
Hospitalityupgrade.com-0093-2016Redesign;en-US;636409048544973338#c1cpqcu0gklukuv34y3edc33;25405;1;0
Bocatrans.com-0082-2016Redesign;en-US;636409048546533358#crhfrfaykqvl25atjed00ptg;19758;1;0
Texturefoodanddrink.com-0067-2016Redesign;en-US;636409048546533358#jaeldbsjzjrd3jx0h4yhaml2;15452;1;0
Glencovemansion.com-0058-2015Redesign;en-US;636409048546533358#bxrj1b3k0abldbr0mdu2lnpf;13328;1;0
Naiaresortandspa.com-0077-2016Redesign;en-US;636409048546533358#0bopf0zby10qbzszk0rmnpvc;20455;1;0
Lakeplacidlodge.com-0105-2017Redesign;en-US;636409048546533358#3cygjz5brn3u3o04bjvvy1zb;39238;1;0
Meateatery.com-0080-2016Redesign;en-US;636409048546689360#btfhdsu04tzfq2013sd1jqhe;18505;1;0
Washingtoncourthotel.com-0076-2016Redesign;en-US;636409048546689360#d2sgj1e0t5qkutb5nkmewu2g;17858;1;0
Broadmoor.com-0073-2016Redesign;en-US;636409048546689360#hflc2dfaxucfwlxc4cgtmijv;38059;1;0
Thelodgeatwoodloch.com-0033-2015Redesign;en-US;636409048546845362#p0ya33oqnugdqd2v0oucqwkw;7764;1;0
Treasureislandbeachresort.com-0089-2016Redesign;en-US;636409048546845362#bq3kcvyxy3h5ily5vemrlmkq;38057;1;0
Oxfordclubspa.com-0068-2016Redesign;en-US;636409048547001364#thcqwfa4ar5vy3g4oame1dhz;15568;1;0
Passport.lehotels.com-0069-2016BlogRedesign;en-US;636409048547469370#q2l3juf10p5ljbkj0ckmyzri;15730;1;0
Hi-nyc.com-0108-2017Redesogm;en-US;636409048547937376#cqqf5i21bllegtxl5lzfu5in;30080;1;0
Broadmoor.com-0073-2016Redesign;en-US;636409048548561384#nicu4f5if4uycqhpannsa15k;16769;1;0
Halcyonhotelcherrycreek.com-0061-2015Redesign;en-US;636409048550745412#tent2o1xrppoqphnwjy0gobo;22121;1;0
Lehotels.com-0049-2015Transfer;en-US;636409048550901414#irqowi4goenslmbi24ox5kv4;13443;1;0
Opalsands.com-0084-2016Redesign;en-US;636409048551213418#fjy55opu0hrgsxcgpb1fymyn;20171;1;0
Thesagamore.com-0112-2017Redesign;en-US;636409048557921504#vaaeggeai2kqe3hibgcm2mzk;32339;1;0
Thelodgeatwoodloch.com-0033-2015Redesign;en-US;636409048558857516#xvsoqz5vh5bwsuuj41zryecj;7764;1;0
Broadmoor.com-0073-2016Redesign;en-US;636409048558857516#nicu4f5if4uycqhpannsa15k;16751;1;0
Thesagamore.com-0112-2017Redesign;en-US;636409048560105532#vaaeggeai2kqe3hibgcm2mzk;32339;1;0
Lakeplacidlodge.com-0105-2017Redesign;en-US;636409048564629590#z3hwam12vjkc3epfnyy4acpv;32987;1;0
Galthouse.com-0042-2015Redesign;en-US;636409048565565602#1l5ejtsbtn3l1x5xxz4xxiix;38060;1;0
Longboatkeyclub.com-0104-2017Redesign;en-US;636409048565565602#eufvqm1u1doytik0do4w0orc;38054;1;0
Homewoodsuiteslax.com-0110-2017Redesign;en-US;636409048565565602#warz1to1hhlxj1iert2nzbcw;30747;1;0
Thecrawfordhotel.com-0074-2016Redesign;en-US;636409048565565602#zf444z322vyn0x3r2q0wmtjy;17145;1;0
Opalsands.com-0084-2016Redesign;en-US;636409048565721604#h1tmxygagv0xjbbfstxinkjp;38055;1;0
Abbingtonbanquets.com-0070-2016Redesign;en-US;636409048565877606#jn5g21yaqunqwfpscgunikwa;15789;1;0
Lidobeachresort.com-0106-2017Redesign;en-US;636409048565877606#jqlk1m0awqgvb31qoqjouxtr;38053;1;0
Assuranceoperations.com-0065-2015Redesign;en-US;636409048565877606#gwv2zejuadcb3i2bo2mv0qlx;15263;1;0
Luxehotels.com-0078-2016Redesign;en-US;636409048566033608#lmhd250kmlm2ggtvpippoynx;18805;1;0
Edgewaternaples.com-0094-2016Redesign;en-US;636409048566033608#qqdbuhye05f5ohmzs3h5koxo;38051;1;0
Degreerestaurant.com-0056-2015Redesign;en-US;636409048566033608#wqn2rpurwmymg1sxujiwewhz;11598;1;0
Sandylane.com-0075-2016Redesign;en-US;636409048566033608#35wvgcmoobtcx1ifpwpmkjsy;17611;1;0
Theoxfordhotel.com-0062-2015Redesign;en-US;636409048566189610#mk53l03cxcmnuhxgltl0dmhz;14325;1;0
Beverlyhillsresidenceinn.com-0087-2016Redesign;en-US;636409048566189610#3lpnpownt4v4jupnu45phfnm;20999;1;0
Jupiterbeachresort.com-0103-2017Redesign;en-US;636409048566189610#eq2z03w3yvj1smpqekatvx3g;38052;1;0
Thecurtis.com-0079-2016Redesign;en-US;636409048566189610#txzqeyp40wzqbgkom1fveaca;17981;1;0
Thesagamore.com-0112-2017Redesign;en-US;636409048566189610#qckivpzbi2q2q4kbpovoeflz;39241;1;0
Cendyn.com-0095-2016Redesign;en-US;636409048566189610#ypls1l2an31ud3kdzvynzlgl;26640;1;0
Cendyn.com-0095-2016Redesign;en-US;636409048566189610#kv0eaoyclvpp4cfzj52dmj0y;26640;1;0
Cendyn.com-0095-2016Redesign;en-US;636409048566189610#0hct3ar3bw0tm0f5200wfnli;26640;1;0
Samosetresort.com-0113-2017Redesign;en-US;636409048566345612#ae1yejxtygzlarbqntctv24s;40334;1;0
Theharborsidehotel.com-0114-2017Redesign;en-US;636409048566345612#wx1szd1duwewtty2lrmfvq1y;40403;1;0
Zotabeachresort.com-0090-2016Redesign;en-US;636409048566345612#4lqbkumlz4d3zax1vzwnizkx;38058;1;0
Passport.lehotels.com-0069-2016BlogRedesign;en-US;636409048566657616#chbohoqou3xeepojnwb05xhc;41068;1;0
Jbdukehotel.com-0086-2016Redesign;en-US;636409048566657616#qjbugsqu2hvkuquzdhskwy5p;21918;1;0
Chrco.com-0107-2017Redesign;en-US;636409048568217636#5ner5qbm23wmmk4eon4voftw;29280;1;0
Hospitalityupgrade.com-0093-2016Redesign;en-US;636409048568217636#qkcahedaab3gp4m3eqdhyq3z;25405;1;0
Bluebirch.com-0072-2016Redesign;en-US;636409048568217636#33yzqpjr0kjmudum2pxkkd3t;16693;1;0
Halcyonhotelcherrycreek.com-0061-2015Redesign;en-US;636409048568373638#1rml5e20ghesvormpk4vb10t;22121;1;0
Delraysandsresort.com-0097-2016Redesign;en-US;636409048568373638#jvmbs0ie5c24ckdto3ollizc;38049;1;0
Hhotellosangeles.com-0118-2017Redesign;en-US;636409048569153648#rmav35aadumjl30dhonlqdpj;35289;1;0
Napavalleymarriott.com-0071-2016Redesign;en-US;636409048569153648#ongw2gxas0k35vhmybvybfpa;16432;1;0
Hospitalityupgrade.com-0093-2016Redesign;en-US;636409048569777656#ol4imghkmosoj5velr5fty4q;36914;1;0
Casaybelresort.com-0002-2014Redesign;en-US;636409048571961684#gt2nn4qnsv0fprcx2l1z2uht;1533;1;0
Broadmoor.com-0073-2016Redesign;en-US;636409048572429690#gv2iprskbanppken3j0gvjmn;16721;1;0
Blog.cphollywoodbeach.com-0037-2015BlogRedesign;en-US;636409048573209700#i3usjt1ikq3nlf0g2bo0nc4d;8864;1;0
Luxehotels.com-0078-2016Redesign;en-US;636409048573833708#mydl11iypspurm5tycxzb5uj;18805;1;0
Broadmoor.com-0073-2016Redesign;en-US;636409048575237726#nicu4f5if4uycqhpannsa15k;18014;1;0
Jupiterbeachresort.com-0103-2017Redesign;en-US;636409048578357766#ef3ro2pv45mz42u1m0o4vvc5;28158;1;0
Cendyn.com-0095-2016Redesign;en-US;636409048579761784#ttcytupxs12myh5ir2v1ntla;26640;1;0
Broadmoor.com-0073-2016Redesign;en-US;636409048580385792#nicu4f5if4uycqhpannsa15k;18010;1;0
Jupiterbeachresort.com-0103-2017Redesign;en-US;636409048581009800#ef3ro2pv45mz42u1m0o4vvc5;28158;1;0
Broadmoor.com-0073-2016Redesign;en-US;636409048582569820#ey0dwtbku2drdb2bwwsdtmzx;16721;1;0
Opalsands.com-0084-2016Redesign;en-US;636409048584597846#fjy55opu0hrgsxcgpb1fymyn;20171;1;0
Sandpearl.com-0091-2016Redesign;en-US;636409048584753848#wrf3vtfwlj2fi34ee5nn1ys5;38056;1;0
Broadmoor.com-0073-2016Redesign;en-US;636409048585533858#nicu4f5if4uycqhpannsa15k;36006;1;0
Lidobeachresort.com-0106-2017Redesign;en-US;636409048585689860#x3rwuee5n00j2vnusav3cc0y;28666;1;0
Lehotels.com-0049-2015Transfer;en-US;636409048585689860#2cl0ehqpeo52aungbdegtibu;12108;1;0
Unionstationhotelnashville.com-0047-2015Redesign;en-US;636409048585689860#czowrbma5khcg0uvrobvtcjd;32226;1;0
Bluebirch.com-0072-2016Redesign;en-US;636409048586001864#h53fkkyikit4wphvzgooeqdm;16693;1;0
Assuranceoperations.com-0065-2015Redesign;en-US;636409048586157866#50fbtx2ompulh1py0dcdrggv;15263;1;0
Lidobeachresort.com-0106-2017Redesign;en-US;636409048586157866#bo12cerd0u3gtqfgdu25wpfd;28666;1;0
Casaybelresort.com-0002-2014Redesign;en-US;636409048586157866#4aiwqa4mqoh5uys1nmeupg1p;1533;1;0
Secretharbourvi.com-0040-2015Redesign;en-US;636409048586313868#lsuyall0rwaeua4dsopzrelh;9231;1;0
Samosetresort.com-0113-2017Redesign;en-US;636409048586313868#30tmadepktyqckia35dklt4u;32541;1;0
Residenceinnlax.com-0026-2014Redesign;en-US;636409048586469870#wk34bkmykgbbqxc1yh35amnr;5271;1;0
Montaukyachtclub.com-0010-2014Redesign;en-US;636409048586469870#ooyojlcl04u3uznrktkydb04;2240;1;0
Oxfordclubspa.com-0068-2016Redesign;en-US;636409048586781874#1xmcadv0b2xwr1embumpxjxe;15568;1;0
Casaybelresort.com-0002-2014Redesign;en-US;636409048587093878#uwwq5s30emyojokmhvzakycl;1613;1;0
Samosetresort.com-0113-2017Redesign;en-US;636409048588029890#ryoafgigpaeccyu021mud0dw;32541;1;0
Broadmoor.com-0073-2016Redesign;en-US;636409048589277906#ey0dwtbku2drdb2bwwsdtmzx;16721;1;0
Secretharbourvi.com-0040-2015Redesign;en-US;636409048589433908#oqghk5dvw5yehightgtosc2h;9231;1;0
Cendyn.com-0095-2016Redesign;en-US;636409048589745912#qyiiz0ynlwzctzll2h5wc20r;26640;1;0
Broadmoor.com-0073-2016Redesign;en-US;636409048590681924#nicu4f5if4uycqhpannsa15k;18013;1;0
Minnetonkamarriott.com-0039-2015Redesign;en-US;636409048591773938#vq5uiparmufqs1xv33nomsn0;8817;1;0
Cendyn.com-0095-2016Redesign;en-US;636409048593801964#ppf35vngcyutfkcdc3wk3upi;26640;1;0
Broadmoor.com-0073-2016Redesign;en-US;636409048595829990#nicu4f5if4uycqhpannsa15k;18013;1;0
Glencovemansion.com-0058-2015Redesign;en-US;636409048596453998#vtrinemcu1cb1wrci0wo4pqg;13328;1;0
Bocatrans.com-0082-2016Redesign;en-US;636409048596453998#mkqjw424ib0k21zp0ypn5zms;19758;1;0
Meateatery.com-0080-2016Redesign;en-US;636409048596453998#x1sxtxday23iddtei3ifkkto;18505;1;0
Washingtoncourthotel.com-0076-2016Redesign;en-US;636409048596453998#w2vujlqd4nuochvipopndlkc;17858;1;0
Oxfordclubspa.com-0068-2016Redesign;en-US;636409048596453998#e0facxxebvju5eq2l2fmbi0i;15568;1;0
Naiaresortandspa.com-0077-2016Redesign;en-US;636409048596610000#4zx3j1grzewd1l2vfegslwv0;20455;1;0
Lakeplacidlodge.com-0105-2017Redesign;en-US;636409048596610000#hef1chfffue4g5wngfsncso2;39238;1;0
Texturefoodanddrink.com-0067-2016Redesign;en-US;636409048596610000#4mpbqxxbso2gzvnprdrapboi;15452;1;0
Treasureislandbeachresort.com-0089-2016Redesign;en-US;636409048596766002#g3ksirnclzpec5b4pkiptd4w;38057;1;0
Broadmoor.com-0073-2016Redesign;en-US;636409048596766002#gz0besxgggkymsq1veplkrvz;38059;1;0
Jupiterbeachresort.com-0103-2017Redesign;en-US;636409048598482024#ef3ro2pv45mz42u1m0o4vvc5;28158;1;0
Broadmoor.com-0073-2016Redesign;en-US;636409048600978056#nicu4f5if4uycqhpannsa15k;18013;1;0
shop.broadmoor.com-0096-2016ShoppingCart;en-US;636409048601134058#jxuaam0ramiv4ns1rbz0q2qc;26973;1;0
Napavalleymarriott.com-0071-2016Redesign;en-US;636409048601914068#ujrlyd4dnj3f5ino4llztpjn;16432;1;0
Montaukyachtclub.com-0010-2014Redesign;en-US;636409048602538076#e0clwumnp2d0uj13wcp235uv;2240;1;0
Washingtondukeinn.com-0024-2014Redesign;en-US;636409048602694078#4jbuutn4rzjujvwy1jq3kqrv;4579;1;0
Broadmoor.com-0073-2016Redesign;en-US;636409048603942094#qdtuc13psyapgbahyphl4hi4;16721;1;0
Broadmoor.com-0073-2016Redesign;en-US;636409048606126122#nicu4f5if4uycqhpannsa15k;18010;1;0
Newyorkpalacemeetings.com-0045-2015Redesign;en-US;636409048606438126#aw0vgb54jdcnz2v0zv11gcwg;9207;1;0
Cocokeyorlando.com-0059-2015Redesign;en-US;636409048608622154#hjougzc1nxwc2czz2o0bjj14;12394;1;0
Sandylane.com-0075-2016Redesign;en-US;636409048610338176#udinnnawhxallciyar0zijt2;17644;1;0
Broadmoor.com-0073-2016Redesign;en-US;636409048611118186#nicu4f5if4uycqhpannsa15k;18010;1;0
Thelodgeatwoodloch.com-0033-2015Redesign;en-US;636409048611274188#qrwy4na3kxzelt3ozqobfvfv;7783;1;0
Broadmoor.com-0073-2016Redesign;en-US;636409048611586192#01hz0tspkv04tppnq5342rir;16756;1;0
Renaissancepittsburghpa.com-0044-2015Redesign;en-US;636409048612054198#ybeq31wakj155bktqkdcg3jn;9637;1;0
Cphollywoodbeach.com-0032-2015Redesign;en-US;636409048613458216#lassicynkgpyhzhlkpbub3bd;7805;1;0
Bluebirch.com-0072-2016Redesign;en-US;636409048615486242#f5twgqn5czpcrgr04zqunmsk;16693;1;0
Luxehotels.com-0078-2016Redesign;en-US;636409048615486242#f3ga0elkginnjvlqqcnc3eze;18805;1;0
Zotabeachresort.com-0090-2016Redesign;en-US;636409048615486242#xsw1u4hqdqwnmti4njgse4jb;38058;1;0
Thecurtis.com-0079-2016Redesign;en-US;636409048615486242#owj240g2lqqs2ogeq2u2335k;17981;1;0
Napavalleymarriott.com-0071-2016Redesign;en-US;636409048615642244#itva3pohzrvihdmdbltkim5p;16432;1;0
Degreerestaurant.com-0056-2015Redesign;en-US;636409048615642244#jczpod23jeyyqaytx0cfl3q5;11598;1;0
Cendyn.com-0095-2016Redesign;en-US;636409048615642244#312hhs5t1y4kj1yl3zyaxgnv;26640;1;0
Jbdukehotel.com-0086-2016Redesign;en-US;636409048615642244#wabjlflp1itjxjguhoh4hmrk;21918;1;0
Galthouse.com-0042-2015Redesign;en-US;636409048615642244#o5xfif3o3q4myu34l4hnl23m;38060;1;0
Halcyonhotelcherrycreek.com-0061-2015Redesign;en-US;636409048615642244#cnouk3e2xstaqylmrleaiu3c;22121;1;0
Thesagamore.com-0112-2017Redesign;en-US;636409048615798246#gujkygv32ht4fofza4hsodiy;39241;1;0
Chrco.com-0107-2017Redesign;en-US;636409048615798246#yjty3nepngplfe35zbj5lu5s;29280;1;0
Longboatkeyclub.com-0104-2017Redesign;en-US;636409048615798246#ob3ukmm2yfpsidzbwrmr1ct2;38054;1;0
Beverlyhillsresidenceinn.com-0087-2016Redesign;en-US;636409048615798246#twlgvuubnfzllnwnotsvffbr;20999;1;0
Homewoodsuiteslax.com-0110-2017Redesign;en-US;636409048615798246#u53sha2dtinaioysawpnc0fi;30747;1;0
Lidobeachresort.com-0106-2017Redesign;en-US;636409048615954248#ukyggbe22mpnpqodsoxxomo2;38053;1;0
Thecrawfordhotel.com-0074-2016Redesign;en-US;636409048615954248#hhxyhmswxm5hioo3a5w3o3cu;17145;1;0
Abbingtonbanquets.com-0070-2016Redesign;en-US;636409048615954248#h2qgmpld5v2021fsqudt4pvb;15789;1;0
Theoxfordhotel.com-0062-2015Redesign;en-US;636409048615954248#kvvsgikc2cd30fnpglbboet4;14325;1;0
Sandylane.com-0075-2016Redesign;en-US;636409048615954248#jpejxwnbfvdmztezysrwzxne;17611;1;0
Jupiterbeachresort.com-0103-2017Redesign;en-US;636409048615954248#psdkphdwzquvt5uf5aqhtknp;38052;1;0
Samosetresort.com-0113-2017Redesign;en-US;636409048616110250#dw5lydqrqn2hmnnv131ck1xz;40334;1;0
Edgewaternaples.com-0094-2016Redesign;en-US;636409048616110250#ptdi2fbtxita3enhlkdksmvz;38051;1;0
Theharborsidehotel.com-0114-2017Redesign;en-US;636409048616266252#kpsxmhqel0yka301p1mmbcza;40403;1;0
Assuranceoperations.com-0065-2015Redesign;en-US;636409048616422254#yb5jvv1t1im0mdlsi354zojm;15263;1;0
Opalsands.com-0084-2016Redesign;en-US;636409048616422254#hwper2vsugaadqahz3cjbile;38055;1;0
Hhotellosangeles.com-0118-2017Redesign;en-US;636409048617202264#zatsxdqmy4mdun3janzt1umx;35289;1;0
Cendyn.com-0095-2016Redesign;en-US;636409048617982274#mlwl2cm3xzlrczshyp453bwr;26640;1;0
Cendyn.com-0095-2016Redesign;en-US;636409048617982274#a35yox3ipegazsujcuj1ywgo;26640;1;0
Delraysandsresort.com-0097-2016Redesign;en-US;636409048617982274#vwspov4pskzbcpc4fqumdwcn;38049;1;0
Passport.lehotels.com-0069-2016BlogRedesign;en-US;636409048617982274#uekp41swjolrxemu0laodrif;41068;1;0
Hospitalityupgrade.com-0093-2016Redesign;en-US;636409048618138276#5roa2cgwxexqbltnhmsp02j4;25405;1;0
Casaybelresort.com-0002-2014Redesign;en-US;636409048618606282#mm2eudvsaaw1tm5sqi5p4rzx;1571;1;0
Hospitalityupgrade.com-0093-2016Redesign;en-US;636409048619230290#ol4imghkmosoj5velr5fty4q;36914;1;0
Luxehotels.com-0078-2016Redesign;en-US;636409048619230290#5ipdwyj4b2bhojhn2wq2topp;18805;1;0
Cocokeyorlando.com-0059-2015Redesign;en-US;636409048620478306#hjougzc1nxwc2czz2o0bjj14;12394;1;0
Cendyn.com-0095-2016Redesign;en-US;636409048620790310#45ykmixf5jwrfjmyfimtv1ka;26640;1;0
saddlebrook.com-0011-2014Redesign;en-US;636409048620790310#hh42mqcliq1eojyotiynlyem;4538;1;0
Montaukyachtclub.com-0010-2014Redesign;en-US;636409048620946312#e0clwumnp2d0uj13wcp235uv;2240;1;0
Cocokeyorlando.com-0059-2015Redesign;en-US;636409048621882324#hjougzc1nxwc2czz2o0bjj14;12394;1;0
Broadmoor.com-0073-2016Redesign;en-US;636409048621882324#ppnsddbvgunohrhtlirn1vnk;16721;1;0
Broadmoor.com-0073-2016Redesign;en-US;636409048624534358#01hz0tspkv04tppnq5342rir;16756;1;0
Longboatkeyclub.com-0104-2017Redesign;en-US;636409048626406382#x105kfzua115v0oawyu1ndc2;28316;1;0
Hospitalityupgrade.com-0093-2016Redesign;en-US;636409048629058416#hfkeizhega5dbbzrptxhbgo5;22790;1;0
Luxehotels.com-0078-2016Redesign;en-US;636409048630462434#m23xsg1erawjwha0yxtfgj0e;18833;1;0
Galthouse.com-0042-2015Redesign;en-US;636409048631710450#0qegbkhlp5z1li2nn0we5ssg;31905;1;0
Galthouse.com-0042-2015Redesign;en-US;636409048631866452#iers5rawmbl4zl52gkn2sff1;31905;1;0
Galthouse.com-0042-2015Redesign;en-US;636409048631866452#1tikmaxx1unyyk5hyrdrbszy;31905;1;0
Galthouse.com-0042-2015Redesign;en-US;636409048632022454#zyyieewlaca53mhhlnaaliam;31905;1;0
Sandpearl.com-0091-2016Redesign;en-US;636409048634830490#hvbcujxglw0hicwdhao34osw;38056;1;0
Thelodgeatwoodloch.com-0033-2015Redesign;en-US;636409048634830490#gktixho2luovkao0qyodo2wd;7764;1;0
Broadmoor.com-0073-2016Redesign;en-US;636409048636702514#01hz0tspkv04tppnq5342rir;16756;1;0
Cendyn.com-0095-2016Redesign;en-US;636409048639822554#ebsrhq04dplkkz31tclfguwt;26640;1;0
Cendyn.com-0095-2016Redesign;en-US;636409048643722604#doppyjod0bsac5zqzyboawfg;26640;1;0
Lehotels.com-0049-2015Transfer;en-US;636409048644346612#oo4ozhpq1l5tf4nbcko1gey2;12108;1;0
Lidobeachresort.com-0106-2017Redesign;en-US;636409048644346612#umzdjkayadxhvjffdi4qehtv;29825;1;0
Bocatrans.com-0082-2016Redesign;en-US;636409048646530640#ffa11lmotxchamobi2qrteda;19758;1;0
Meateatery.com-0080-2016Redesign;en-US;636409048646530640#e21hr2st1az5xf3ysymx503x;18505;1;0
Texturefoodanddrink.com-0067-2016Redesign;en-US;636409048646530640#arbzmpy2qh1ycu5bbavwkqsq;15452;1;0
Washingtoncourthotel.com-0076-2016Redesign;en-US;636409048646530640#etftctwh1i1mxrozbqjrvyli;17858;1;0
Oxfordclubspa.com-0068-2016Redesign;en-US;636409048646530640#xfeist3cx1ja5kenjyifjrp3;15568;1;0
Glencovemansion.com-0058-2015Redesign;en-US;636409048646530640#ajfp10edcfa3dxnfnxwdlcl2;13328;1;0
Lakeplacidlodge.com-0105-2017Redesign;en-US;636409048646686642#jdfuulbtr5rd1yag4xcobdzl;39238;1;0
Treasureislandbeachresort.com-0089-2016Redesign;en-US;636409048646686642#dbbbz1n41e3zo0sqtjci1sk4;38057;1;0
Broadmoor.com-0073-2016Redesign;en-US;636409048646686642#rxu5vonaa2g43xdfvs50snkq;38059;1;0
Naiaresortandspa.com-0077-2016Redesign;en-US;636409048646686642#wkikclptcbthllbmdp1w0cu4;20455;1;0
Marriottkeylargo.com-0015-2014Redesign;en-US;636409048649962684#lzoiijw1sii303mvdg3e1p2x;3948;1;0
Montaukyachtclub.com-0010-2014Redesign;en-US;636409048652614718#e0clwumnp2d0uj13wcp235uv;2436;1;0
Lehotels.com-0049-2015Transfer;en-US;636409048652770720#2cl0ehqpeo52aungbdegtibu;12108;1;0
theweststreethotel.com-0115-2017Redesign;en-US;636409048653862734#pgk1ajw5eqcmrjkg1oyriqvz;36683;1;0
Newyorkpalacemeetings.com-0045-2015Redesign;en-US;636409048659322804#aw0vgb54jdcnz2v0zv11gcwg;9370;1;0
Bellemontfarm.com-0007-2013Redesign;en-US;636409048659634808#amkmtahydsh1zw2plrplepin;11497;1;0
Galthouse.com-0042-2015Redesign;en-US;636409048659946812#rlkv1bakmgouyicxbzzmlvpo;31905;1;0
Montaukyachtclub.com-0010-2014Redesign;en-US;636409048660570820#e0clwumnp2d0uj13wcp235uv;2240;1;0
Galthouse.com-0042-2015Redesign;en-US;636409048662286842#rlkv1bakmgouyicxbzzmlvpo;31905;1;0
Hospitalityupgrade.com-0093-2016Redesign;en-US;636409048663222854#4q55sdl1a4ajv1yc1pnldibj;25405;1;0
Hhotellosangeles.com-0118-2017Redesign;en-US;636409048665562884#cax1cwawttt15vwbiwxgcicg;35289;1;0
Bluebirch.com-0072-2016Redesign;en-US;636409048665562884#knmblvogsuiyre3vucycmeii;16693;1;0
Edgewaternaples.com-0094-2016Redesign;en-US;636409048665562884#adm0p34xuab2vejao0ypi1wb;38051;1;0
Lidobeachresort.com-0106-2017Redesign;en-US;636409048665562884#nlwmuncjoptokxuktvy5mzh0;38053;1;0
Opalsands.com-0084-2016Redesign;en-US;636409048665562884#tm5l0gj4shgvdd13iw0kejjr;38055;1;0
Jupiterbeachresort.com-0103-2017Redesign;en-US;636409048665562884#ofuxfxv3eblqegy4os3iirrd;38052;1;0
Halcyonhotelcherrycreek.com-0061-2015Redesign;en-US;636409048665718886#gwcc250w1xaazlwjr0dgpqe5;22121;1;0
Thecrawfordhotel.com-0074-2016Redesign;en-US;636409048665874888#l0rvtl34evoozqk2wldrl0uc;17145;1;0
Napavalleymarriott.com-0071-2016Redesign;en-US;636409048665874888#pp2rv0r0hgwafk512zs1kdi1;16432;1;0
Thecurtis.com-0079-2016Redesign;en-US;636409048665874888#r1sqnnhjdwudzwy5thmwmssg;17981;1;0
Jbdukehotel.com-0086-2016Redesign;en-US;636409048665874888#vonsqiiy0xgf220cjhoinrlt;21918;1;0
Galthouse.com-0042-2015Redesign;en-US;636409048666030890#oiv2twpv25ejeoqoip5sa5hp;38060;1;0
Degreerestaurant.com-0056-2015Redesign;en-US;636409048666030890#eigdidqjvg2vfqt1m3ctkwa1;11598;1;0
Homewoodsuiteslax.com-0110-2017Redesign;en-US;636409048666030890#dbnji5c1osxw41dl5jf0zd3n;30747;1;0
Abbingtonbanquets.com-0070-2016Redesign;en-US;636409048666030890#gzkftiwupbpqd3xoygiqjqmx;15789;1;0
Sandylane.com-0075-2016Redesign;en-US;636409048666030890#j43ochrhlgjxepu5j13jf5si;17611;1;0
Beverlyhillsresidenceinn.com-0087-2016Redesign;en-US;636409048666030890#xwdafmti2b5q2xg21lqwz04j;20999;1;0
Theoxfordhotel.com-0062-2015Redesign;en-US;636409048666030890#izhdvoef2ribb4u3z12f1xr4;14325;1;0
Chrco.com-0107-2017Redesign;en-US;636409048666186892#fnjx535by41j535ayr4exact;29280;1;0
Theharborsidehotel.com-0114-2017Redesign;en-US;636409048666186892#snqfkc2s2efbt0m1hlo4rnln;40403;1;0
Samosetresort.com-0113-2017Redesign;en-US;636409048666186892#n5xj4e3sgggrvw0ihjzdmyyh;40334;1;0
Cendyn.com-0095-2016Redesign;en-US;636409048666186892#vwpfu1t32v1dcnlhue2yztez;26640;1;0
Assuranceoperations.com-0065-2015Redesign;en-US;636409048666498896#eso2w1s2dqs0jvfmupv1e4oi;15263;1;0
Longboatkeyclub.com-0104-2017Redesign;en-US;636409048666654898#zxrx0w2sqb0klg51f2dozh4i;38054;1;0
Luxehotels.com-0078-2016Redesign;en-US;636409048666810900#m13qgj45snj1yywb3y3dujhd;18805;1;0
Zotabeachresort.com-0090-2016Redesign;en-US;636409048666810900#upx1abcq5rntruxeonxebcqp;38058;1;0
Thesagamore.com-0112-2017Redesign;en-US;636409048666810900#5whhijczmonau2vqizefuxr3;39241;1;0
Cendyn.com-0095-2016Redesign;en-US;636409048668058916#n5c3jrsl2cdjy2gmmfh5ay05;26640;1;0
Passport.lehotels.com-0069-2016BlogRedesign;en-US;636409048668058916#bcni5gj3ez3xg0aqdwdyr0z2;41068;1;0
Cendyn.com-0095-2016Redesign;en-US;636409048668058916#dylccxrpjjxnfdro0szolyxi;26640;1;0
Delraysandsresort.com-0097-2016Redesign;en-US;636409048668214918#ckxmidjq5y0kssabqpmyt1zu;38049;1;0
Hospitalityupgrade.com-0093-2016Redesign;en-US;636409048668214918#oxrqv2ymgea4cvlkwr13m5n0;25405;1;0
Bellemontfarm.com-0007-2013Redesign;en-US;636409048668370920#amkmtahydsh1zw2plrplepin;11497;1;0
Hospitalityupgrade.com-0093-2016Redesign;en-US;636409048668682924#ol4imghkmosoj5velr5fty4q;36914;1;0
Mysageinternship.com-0051-2015Redesign;en-US;636409048671802964#b2auipo0rg3nzey1ivekou2t;11336;1;0
Cocokeyorlando.com-0059-2015Redesign;en-US;636409048672582974#rwviadlfjinhf0lliofy3sot;12394;1;0
Luxehotels.com-0078-2016Redesign;en-US;636409048676951030#rm3g10hjmebofehcszsmjxdw;18805;1;0
Cocokeyorlando.com-0059-2015Redesign;en-US;636409048677263034#0t0nby4mcxzrajifx2xog1iw;12394;1;0
Saddlebrookprep.com-0022-2014Transfer;en-US;636409048677731040#vkonhdchyguz35l5iw2eq5is;3914;1;0
Minnetonkamarriott.com-0039-2015Redesign;en-US;636409048681631090#0puwcz1gi40lndpleetpwq5a;8817;1;0
Sandpearl.com-0091-2016Redesign;en-US;636409048684751130#rwmckseoiimfph3xqseagb3k;38056;1;0
Residenceinnnyc.com-0034-2015Redesign;en-US;636409048687091160#ooyrfx41pchxzsjj1g331chf;7926;1;0
Cendyn.com-0095-2016Redesign;en-US;636409048689743194#gdw4bytlcna14ceuumgd2ec3;26640;1;0
Sandpearl.com-0091-2016Redesign;en-US;636409048689899196#psi1igfsad3tzehrm3qgbt4a;22481;1;0
Halcyonhotelcherrycreek.com-0061-2015Redesign;en-US;636409048690679206#tent2o1xrppoqphnwjy0gobo;40467;1;0
Broadmoor.com-0073-2016Redesign;en-US;636409048691459216#3kzr4vim04qdo4syifkkbaw4;32316;1;0
Galthouse.com-0042-2015Redesign;en-US;636409048691771220#rqd2xaaocpphrvixybevjnqf;31905;1;0
Galthouse.com-0042-2015Redesign;en-US;636409048692083224#nycshfquzdmi0sevt4aw3ygw;31905;1;0
Sandpearl.com-0091-2016Redesign;en-US;636409048693799246#psi1igfsad3tzehrm3qgbt4a;22481;1;0
Cendyn.com-0095-2016Redesign;en-US;636409048693799246#kt1yorne3kzte1tmzqdlubp1;26640;1;0
Bocatrans.com-0082-2016Redesign;en-US;636409048696451280#l1auq1ilr3rzpk0oxjwdgija;19758;1;0
Meateatery.com-0080-2016Redesign;en-US;636409048696451280#bvi44vlxpkpqj1joyuytzzje;18505;1;0
Naiaresortandspa.com-0077-2016Redesign;en-US;636409048696607282#stuqhiqz4zv3wgalmodc1iiz;20455;1;0
Washingtoncourthotel.com-0076-2016Redesign;en-US;636409048696607282#1hnudnccdq4dnsf2dmj3lcwy;17858;1;0
Glencovemansion.com-0058-2015Redesign;en-US;636409048696607282#2n4xgipgm2ttrsotsno3tmgz;13328;1;0
Texturefoodanddrink.com-0067-2016Redesign;en-US;636409048696607282#cmkyp5aguok3jbp0u3jidf2d;15452;1;0
Oxfordclubspa.com-0068-2016Redesign;en-US;636409048696607282#cnzi5dpyk52biai50jimvdna;15568;1;0
Broadmoor.com-0073-2016Redesign;en-US;636409048696763284#cyh303mf04mqcgcqp4m0n4pt;38059;1;0
Treasureislandbeachresort.com-0089-2016Redesign;en-US;636409048696763284#dqfu2tn1pcsi03l4xqxapu2n;38057;1;0
Lakeplacidlodge.com-0105-2017Redesign;en-US;636409048696763284#fk3fo5tdwzsa3fbarbhk1je5;39238;1;0
Theoxfordhotel.com-0062-2015Redesign;en-US;636409048697231290#ofh12hcmh542exg2gdy3xps2;14325;1;0
saddlebrook.com-0011-2014Redesign;en-US;636409048699259316#nvzr24xg4zqro52nxr4llohz;3385;1;0
Edgewaternaples.com-0094-2016Redesign;en-US;636409048700507332#forsxort21bkolcnkj5w51rp;25239;1;0
Edgewaternaples.com-0094-2016Redesign;en-US;636409048700819336#pj44zlpuakwyksz0e5bxu2zq;25239;1;0
Theloganhotel.com-0043-2015Redesign;en-US;636409048701755348#4qoefa3d3vlmuqk1iypzzip1;40204;1;0
Thecurtis.com-0079-2016Redesign;en-US;636409048701911350#tclidkryfwwdrtfuhdnpmmw2;17981;1;0
Lehotels.com-0049-2015Transfer;en-US;636409048703315368#1l1tgjbxqy0b0s3gkmgw3ula;13443;1;0
Halcyonhotelcherrycreek.com-0061-2015Redesign;en-US;636409048704719386#tent2o1xrppoqphnwjy0gobo;22121;1;0
saddlebrook.com-0011-2014Redesign;en-US;636409048705655398#nvzr24xg4zqro52nxr4llohz;3385;1;0
Newyorkpalacemeetings.com-0045-2015Redesign;en-US;636409048709555448#qoasqgvv4efq54weutzuw0yb;9207;1;0
Longboatkeyclub.com-0104-2017Redesign;en-US;636409048712207482#j2tgtbltsf3cvtub1i3o3m4b;28316;1;0
Bluebirch.com-0072-2016Redesign;en-US;636409048715483524#pkhhssgriteiwwwna40wmm23;16693;1;0
Degreerestaurant.com-0056-2015Redesign;en-US;636409048715483524#ki2f2fqiqhecdjwttu5yoetd;11598;1;0
Abbingtonbanquets.com-0070-2016Redesign;en-US;636409048715483524#zdnrh1qljg4avn0wcx120pe2;15789;1;0
Theoxfordhotel.com-0062-2015Redesign;en-US;636409048715639526#4bos3nfqcy0pwoommu4dl1g3;14325;1;0
Halcyonhotelcherrycreek.com-0061-2015Redesign;en-US;636409048715639526#gtqn2cldunginz5xtgfutkgo;22121;1;0
Lidobeachresort.com-0106-2017Redesign;en-US;636409048715639526#qd2ptiei5b3tzgovdbgcbeij;38053;1;0
Thesagamore.com-0112-2017Redesign;en-US;636409048715639526#znhnucgmssy2lj5pafl3dh2u;39241;1;0
Cendyn.com-0095-2016Redesign;en-US;636409048715795528#kkmim5snaxbbklirelnzckmx;26640;1;0
Longboatkeyclub.com-0104-2017Redesign;en-US;636409048715795528#1uuexsvhrdlmlk4dwp2ne3eg;38054;1;0
Luxehotels.com-0078-2016Redesign;en-US;636409048715795528#csoywlambjyaipharw4zbqum;18805;1;0
Zotabeachresort.com-0090-2016Redesign;en-US;636409048715795528#gll2revpxi2bbnhp420qlbnp;38058;1;0
Sandylane.com-0075-2016Redesign;en-US;636409048715951530#oyupwr5iwkwi5mzpeleqreqx;17611;1;0
Chrco.com-0107-2017Redesign;en-US;636409048715951530#bnneajujihd423vao0iwpdtp;29280;1;0
Samosetresort.com-0113-2017Redesign;en-US;636409048715951530#ihj120bjgy5dn0mfadenmttc;40334;1;0
Assuranceoperations.com-0065-2015Redesign;en-US;636409048715951530#jxokqvb1llbjzlufyklvqbac;15263;1;0
Thecrawfordhotel.com-0074-2016Redesign;en-US;636409048716107532#13a05syy5qf3qp3kgiiifyce;17145;1;0
Jbdukehotel.com-0086-2016Redesign;en-US;636409048716107532#o0w4bsc4dgdqd1bcygd551ve;21918;1;0
Theharborsidehotel.com-0114-2017Redesign;en-US;636409048716107532#epol4bzrx3vrcwyko2eizjxv;40403;1;0
Homewoodsuiteslax.com-0110-2017Redesign;en-US;636409048716107532#5szfnqk5acpfhdxfoheblxsy;30747;1;0
Galthouse.com-0042-2015Redesign;en-US;636409048716107532#sqffxf3pddmvrfaitv5haull;38060;1;0
Napavalleymarriott.com-0071-2016Redesign;en-US;636409048716263534#5rmtlovodkiq4gxsqzj0ysss;16432;1;0
Beverlyhillsresidenceinn.com-0087-2016Redesign;en-US;636409048716263534#pf00pl4s5qcxcm5jrjolgczx;20999;1;0
Thecurtis.com-0079-2016Redesign;en-US;636409048716263534#vdxqnzzzhsoeadfvehkxekvl;17981;1;0
Jupiterbeachresort.com-0103-2017Redesign;en-US;636409048716263534#wz1fmldyjisfna5t1nooeqgn;38052;1;0
Edgewaternaples.com-0094-2016Redesign;en-US;636409048716263534#gsmrgen1nhdgq4rc2igkafrn;38051;1;0
Hhotellosangeles.com-0118-2017Redesign;en-US;636409048717199546#txmoqpkekkgv33twjhcl0i5v;35289;1;0
Cendyn.com-0095-2016Redesign;en-US;636409048717355548#ry12jo42ueg1x4l4manz1fz5;26640;1;0
Delraysandsresort.com-0097-2016Redesign;en-US;636409048717511550#feedchmk5rbstlyohuza5ykc;38049;1;0
Hospitalityupgrade.com-0093-2016Redesign;en-US;636409048717511550#raap5bfah0fxqrhg0llz4xk4;25405;1;0
Opalsands.com-0084-2016Redesign;en-US;636409048717511550#ng3rhvec2w1yndgmu2e10xy5;38055;1;0
Cendyn.com-0095-2016Redesign;en-US;636409048717511550#sgblymw0hthuyvksu2bahgjj;26640;1;0
Assuranceoperations.com-0065-2015Redesign;en-US;636409048718135558#ihdz0s52gqlqvl00ci1qc54a;15263;1;0
Passport.lehotels.com-0069-2016BlogRedesign;en-US;636409048718291560#ind2omhjmecxgaj5f34mqheb;41068;1;0
Cendyn.com-0095-2016Redesign;en-US;636409048719227572#k2lavzym1sq2e3noykf1y0hn;26640;1;0
Newyorkpalacemeetings.com-0045-2015Redesign;en-US;636409048719227572#qoasqgvv4efq54weutzuw0yb;9207;1;0
Theharborsidehotel.com-0114-2017Redesign;en-US;636409048720943594#jjcqcoi0upp1jaxyywqotqb0;37571;1;0
Hospitalityupgrade.com-0093-2016Redesign;en-US;636409048721723604#ol4imghkmosoj5velr5fty4q;31876;1;0
Longboatkeyclub.com-0104-2017Redesign;en-US;636409048723751630#ae3whqqu1qxpe0mjycuvesjq;28316;1;0
Cendyn.com-0095-2016Redesign;en-US;636409048723907632#eo3znfh2zn0qfirrzdzw1rlt;26640;1;0
Longboatkeyclub.com-0104-2017Redesign;en-US;636409048723907632#duulmfleo2wyx4rle4gbbfyp;28316;1;0
Thesagamore.com-0112-2017Redesign;en-US;636409048725311650#ubqdoy2x5h10tcleeg1rfln4;32340;1;0
Thecrawfordhotel.com-0074-2016Redesign;en-US;636409048725779656#zulstr0ifb0vignqbt4vlgil;17181;1;0
Montaukyachtclub.com-0010-2014Redesign;en-US;636409048726559666#e0clwumnp2d0uj13wcp235uv;38585;1;0
Cocokeyorlando.com-0059-2015Redesign;en-US;636409048727651680#powix3rhgn1ujx1bdcof5nbi;12433;1;0
Luxehotels.com-0078-2016Redesign;en-US;636409048728275688#mydl11iypspurm5tycxzb5uj;18805;1;0
Thelodgeatwoodloch.com-0033-2015Redesign;en-US;636409048731083724#lw3xcvtuq5k2ikqhrpi2afru;7782;1;0
Sandpearl.com-0091-2016Redesign;en-US;636409048734827772#agmptqmemxjb241myw0gwdn0;38056;1;0
Thesagamore.com-0112-2017Redesign;en-US;636409048735139776#blt42c3t2ndrqsghgbhu4mmn;32339;1;0
Montaukyachtclub.com-0010-2014Redesign;en-US;636409048735763784#e0clwumnp2d0uj13wcp235uv;2240;1;0
Casaybelresort.com-0002-2014Redesign;en-US;636409048737635808#l5fvpg0wi531pucfb0tkpbey;1613;1;0
Cendyn.com-0095-2016Redesign;en-US;636409048739819836#btkumgcnlcgvnlbreeks5ezs;26640;1;0
Sandpearl.com-0091-2016Redesign;en-US;636409048742159866#zwetnu22oqlitdbyntzbggqn;22481;1;0
Cendyn.com-0095-2016Redesign;en-US;636409048743719886#32yuirx1idq5wteqmiyf4vv4;26640;1;0
Opalsands.com-0084-2016Redesign;en-US;636409048745591910#y4prwcwclp1xlyqeve0s44vx;20792;1;0
Glencovemansion.com-0058-2015Redesign;en-US;636409048746527922#ylgyjdj03l5y5yk5qjlsmhnj;13328;1;0
Oxfordclubspa.com-0068-2016Redesign;en-US;636409048746527922#bmo0mhqoslzyn1thtuvheub1;15568;1;0
Meateatery.com-0080-2016Redesign;en-US;636409048746527922#xkdugqypmwioyba2c3bwobq0;18505;1;0
Texturefoodanddrink.com-0067-2016Redesign;en-US;636409048746527922#bwvi2qso4aqiek4kinmyqzsj;15452;1;0
Bocatrans.com-0082-2016Redesign;en-US;636409048746683924#quoltfxco1ybg4mkk5b45qw3;19758;1;0
Washingtoncourthotel.com-0076-2016Redesign;en-US;636409048746683924#fplo4avvemhgq4uoloo4f1kt;17858;1;0
Naiaresortandspa.com-0077-2016Redesign;en-US;636409048746683924#hwqetzpce0wienbw3a2e545g;20455;1;0
Broadmoor.com-0073-2016Redesign;en-US;636409048746683924#5cdfl4n5qjrl5e4l1p5q1mrc;38059;1;0
Treasureislandbeachresort.com-0089-2016Redesign;en-US;636409048746683924#avysbcvjrj1qp0pp4pn1ltey;38057;1;0
Lakeplacidlodge.com-0105-2017Redesign;en-US;636409048746839926#eaqcb1fpxqx4yc1hstkodh3o;39238;1;0
Halcyonhotelcherrycreek.com-0061-2015Redesign;en-US;636409048746995928#qywx5euu3nclamjyoocqbuhp;22121;1;0
Thecrawfordhotel.com-0074-2016Redesign;en-US;636409048747931940#snpa5vbhcmmgbtl0gzqm03gl;17667;1;0
Hi-nyc.com-0108-2017Redesogm;en-US;636409048748087942#frcgqaogsghkx3oelmyy25w2;30320;1;0
Thesagamore.com-0112-2017Redesign;en-US;636409048748711950#3gpa4ulgzigym0h5b0jgrohi;32339;1;0
Delraysandsresort.com-0097-2016Redesign;en-US;636409048749179956#242szxh1ae11ejzo0qqdpkva;27232;1;0
Abbingtonbanquets.com-0070-2016Redesign;en-US;636409048749179956#n0zzkbxo4soxg20l2h2yglmh;15789;1;0
Beverlyhillsresidenceinn.com-0087-2016Redesign;en-US;636409048749647962#arcoyzmkkltz45ivtjwwpzh2;20999;1;0
Delraysandsresort.com-0097-2016Redesign;en-US;636409048749803964#vk3bthy5m00ge5k2jgzegab1;27232;1;0
Unionstationhotelnashville.com-0047-2015Redesign;en-US;636409048752143994#wubw3dveov3tektwv2h1ya1t;32226;1;0
Thesagamore.com-0112-2017Redesign;en-US;636409048754016018#mhls3n1iidudu1l3i1kvm242;32339;1;0
Sandpearl.com-0091-2016Redesign;en-US;636409048754172020#zwetnu22oqlitdbyntzbggqn;22481;1;0
Galthouse.com-0042-2015Redesign;en-US;636409048757916068#3tsooqlduco1h0bmolcw2acb;31905;1;0
Cocokeyorlando.com-0059-2015Redesign;en-US;636409048762128122#1lqz1mgdath3a1gnpy123zyf;12394;1;0
Unionstationhotelnashville.com-0047-2015Redesign;en-US;636409048762596128#wubw3dveov3tektwv2h1ya1t;32226;1;0
Thesagamore.com-0112-2017Redesign;en-US;636409048762752130#mhls3n1iidudu1l3i1kvm242;32339;1;0
Galthouse.com-0042-2015Redesign;en-US;636409048763376138#3tsooqlduco1h0bmolcw2acb;31905;1;0
Cocokeyorlando.com-0059-2015Redesign;en-US;636409048764312150#1lqz1mgdath3a1gnpy123zyf;12394;1;0
Thesagamore.com-0112-2017Redesign;en-US;636409048764624154#a3amk43favwaczikc02rvaaw;32339;1;0
Theoxfordhotel.com-0062-2015Redesign;en-US;636409048765560166#lc1qkz5zeorbl21px0plbd4h;14325;1;0
Halcyonhotelcherrycreek.com-0061-2015Redesign;en-US;636409048765560166#ux0fnwd1knqqozkj1qze2crd;22121;1;0
Bluebirch.com-0072-2016Redesign;en-US;636409048765716168#bpgnjby0bw40pirajm5aqnqw;16693;1;0
Jbdukehotel.com-0086-2016Redesign;en-US;636409048765716168#5o3zo1i5dqifxj3qnklu02dx;21918;1;0
Hhotellosangeles.com-0118-2017Redesign;en-US;636409048765716168#yqhkm0ducr2vvvczcirv4avx;35289;1;0
Edgewaternaples.com-0094-2016Redesign;en-US;636409048765872170#bfddjgmymo1qdndilxrkldws;38051;1;0
Opalsands.com-0084-2016Redesign;en-US;636409048765872170#dst1zf5xtjzvlijf0zka5mie;38055;1;0
Galthouse.com-0042-2015Redesign;en-US;636409048765872170#gl1zv1554tvh12mvjp1wvn4v;38060;1;0
Theharborsidehotel.com-0114-2017Redesign;en-US;636409048765872170#aepngxqlqkrgpedkk2ekz2fe;40403;1;0
Homewoodsuiteslax.com-0110-2017Redesign;en-US;636409048766028172#rybnwi13sfufkcczs5d3cmr3;30747;1;0
Cendyn.com-0095-2016Redesign;en-US;636409048766028172#d5awajgpdiyrwyu5yu2ifgus;26640;1;0
Thecurtis.com-0079-2016Redesign;en-US;636409048766028172#eej3pgndzyusbofu0rfyqsi3;17981;1;0
Abbingtonbanquets.com-0070-2016Redesign;en-US;636409048766340176#4aejmkk430vkzbzfwsaolxh3;15789;1;0
Samosetresort.com-0113-2017Redesign;en-US;636409048766340176#bo0t3nqfowtr22bijoavnmu4;40334;1;0
Thesagamore.com-0112-2017Redesign;en-US;636409048766340176#3vishciubcbqg1nl1lsxibyi;39241;1;0
Thecrawfordhotel.com-0074-2016Redesign;en-US;636409048766496178#gs2yzfj5f1w0521gukkem1dw;17145;1;0
Napavalleymarriott.com-0071-2016Redesign;en-US;636409048766496178#sx3zxu3ba55w1nigos52m14p;16432;1;0
Lidobeachresort.com-0106-2017Redesign;en-US;636409048766496178#3rl5pqr4b33or0xz5j4axgsa;38053;1;0
Assuranceoperations.com-0065-2015Redesign;en-US;636409048766652180#t5hyhkqqah4evzf0fzxk3tku;15263;1;0
Longboatkeyclub.com-0104-2017Redesign;en-US;636409048766808182#b2gffaltu1qnsyivw4dgzq1a;38054;1;0
Luxehotels.com-0078-2016Redesign;en-US;636409048766808182#wj0vkc2pligc2h2ucqgrxeyv;18805;1;0
Degreerestaurant.com-0056-2015Redesign;en-US;636409048766808182#ahn1tdddwjzlbu4oq4cbtkbx;11598;1;0
Zotabeachresort.com-0090-2016Redesign;en-US;636409048766964184#uuvhfihynrpejg3mfekdypb5;38058;1;0
Sandylane.com-0075-2016Redesign;en-US;636409048766964184#0bk1ktihfea4eygkreswse2v;17611;1;0
Chrco.com-0107-2017Redesign;en-US;636409048767120186#nemp1zu4qrpjxrrxal4s1pke;29280;1;0
Jupiterbeachresort.com-0103-2017Redesign;en-US;636409048767120186#hthkqogyv41wbgnvrrkfqehz;38052;1;0
Beverlyhillsresidenceinn.com-0087-2016Redesign;en-US;636409048767276188#uyg4nvzihvzfhzvxtouxxgkw;20999;1;0
Passport.lehotels.com-0069-2016BlogRedesign;en-US;636409048767744194#mmopza3zg11gvc14ndpwq1rf;41068;1;0
Washingtondukeinn.com-0024-2014Redesign;en-US;636409048767744194#4jbuutn4rzjujvwy1jq3kqrv;4579;1;0
Delraysandsresort.com-0097-2016Redesign;en-US;636409048767744194#ukygmswx10gm4ogvgsiw2ysf;38049;1;0
Hospitalityupgrade.com-0093-2016Redesign;en-US;636409048767744194#5flypnzjl5ybfj2bahgk324z;25405;1;0
Cendyn.com-0095-2016Redesign;en-US;636409048767744194#1losfstiqyzl4yzd3hrlflzo;26640;1;0
Cendyn.com-0095-2016Redesign;en-US;636409048767900196#fl4jqiwf5uw01djtsipyunho;26640;1;0
Cocokeyorlando.com-0059-2015Redesign;en-US;636409048770708232#powix3rhgn1ujx1bdcof5nbi;12435;1;0
Cocokeyorlando.com-0059-2015Redesign;en-US;636409048773516268#rwviadlfjinhf0lliofy3sot;12394;1;0
Thesagamore.com-0112-2017Redesign;en-US;636409048774296278#3cbf4ne2bfamltkvu5je0knn;33475;1;0
Thesagamore.com-0112-2017Redesign;en-US;636409048777416318#ztwgry3ynoamssw2uag302zk;33471;1;0
Galthouse.com-0042-2015Redesign;en-US;636409048781316368#4bfpxwkarxgsetp1ociv1urk;10602;1;0
Thesagamore.com-0112-2017Redesign;en-US;636409048782564384#4yioqim3ix3lv3br5usaopbo;33475;1;0
Theoxfordhotel.com-0062-2015Redesign;en-US;636409048782720386#xt5cpf5rk5h12utep2m3jfjz;14325;1;0
Hospitalityupgrade.com-0093-2016Redesign;en-US;636409048784592410#ifpexwnseqoeak4n3n0pk1q3;25405;1;0
Sandpearl.com-0091-2016Redesign;en-US;636409048784904414#4elrwxbfde3g0g3rsi4pzquw;38056;1;0
Edgewaternaples.com-0094-2016Redesign;en-US;636409048784904414#cq14tbmtrkvptehlefxd0y1i;25246;1;0
Lidobeachresort.com-0106-2017Redesign;en-US;636409048787244444#umzdjkayadxhvjffdi4qehtv;28677;1;0
Cphollywoodbeach.com-0032-2015Redesign;en-US;636409048787556448#mzawzro533zyl5w4qrfyxv2k;7831;1;0
Edgewaternaples.com-0094-2016Redesign;en-US;636409048788804464#cq14tbmtrkvptehlefxd0y1i;25246;1;0
Cendyn.com-0095-2016Redesign;en-US;636409048789740476#zoys0o5ci04fysawdmz4l1my;26640;1;0
Halcyonhotelcherrycreek.com-0061-2015Redesign;en-US;636409048790676488#qywx5euu3nclamjyoocqbuhp;22121;1;0
Cendyn.com-0095-2016Redesign;en-US;636409048793796528#scl3vnn2buytqpdafvleopji;26640;1;0
Casaybelresort.com-0002-2014Redesign;en-US;636409048794888542#0mge00mrwwrkoplytrpzq41x;1613;1;0
Bocatrans.com-0082-2016Redesign;en-US;636409048796448562#aua3jqmjwfi03j1qqjjewxxi;19758;1;0
Texturefoodanddrink.com-0067-2016Redesign;en-US;636409048796448562#1qwbdy24fyjtxthffskvp1pt;15452;1;0
Glencovemansion.com-0058-2015Redesign;en-US;636409048796448562#iubukrswigo0xfwwxmjnjdmc;13328;1;0
Oxfordclubspa.com-0068-2016Redesign;en-US;636409048796604564#dfaneyoa22qejugheyoeogbo;15568;1;0
Naiaresortandspa.com-0077-2016Redesign;en-US;636409048796604564#wrcyawn4bavxedxg1pc23gfl;20455;1;0
Broadmoor.com-0073-2016Redesign;en-US;636409048796604564#31kll4kn1knbyq0sagt22k11;38059;1;0
Lakeplacidlodge.com-0105-2017Redesign;en-US;636409048796760566#pqmgz3fls4kgmoc3kczbyjmp;39238;1;0
Meateatery.com-0080-2016Redesign;en-US;636409048796760566#zfwjtlt4she5o4u2vc2om5jv;18505;1;0
Washingtoncourthotel.com-0076-2016Redesign;en-US;636409048796916568#qb4yvaiv0otfoomaqzjbqpoz;17858;1;0
Treasureislandbeachresort.com-0089-2016Redesign;en-US;636409048796916568#34f41iwldu2pmg4esaoyt4h0;38057;1;0
Opalsands.com-0084-2016Redesign;en-US;636409048797384574#yopzsntcrvybxmoaeti5l41i;20171;1;0
Opalsands.com-0084-2016Redesign;en-US;636409048797540576#o0g3wtdvquljxqv5jl45us3e;20171;1;0
Thecurtis.com-0079-2016Redesign;en-US;636409048797696578#ox53u1dn1y3scarq3cp4kyin;17981;1;0
