Meateatery.com-0080-2016Redesign;en-US;636408976202516809#140mbmlwlup0goh2zfvboz0p;18505;1;0
Oxfordclubspa.com-0068-2016Redesign;en-US;636408976202672811#i0uw0iaxvft3ahdcxoq10qhv;15568;1;0
Bluebirch.com-0072-2016Redesign;en-US;636408976202672811#tyxbhjhlzikg3vonsyxreljy;16693;1;0
Abbingtonbanquets.com-0070-2016Redesign;en-US;636408976202672811#s1ntpk2dyif20ydwmzcjuah3;15789;1;0
Glencovemansion.com-0058-2015Redesign;en-US;636408976202672811#xhyivrzaboqn1i1nogrqyaf4;13328;1;0
Samosetresort.com-0113-2017Redesign;en-US;636408976202828813#hcs1kkx2kgktghdsjp12dxwi;40334;1;0
Beverlyhillsresidenceinn.com-0087-2016Redesign;en-US;636408976202828813#leuoxzwphzequtghwagtlnkh;20999;1;0
Galthouse.com-0042-2015Redesign;en-US;636408976202828813#ktld5wsx4uhaqn50jnruo24t;38060;1;0
Chrco.com-0107-2017Redesign;en-US;636408976202984815#4svswhmhwyufltre2nyzmnfx;29280;1;0
Opalsands.com-0084-2016Redesign;en-US;636408976202984815#f4h0xlm40hnvlrzuzbjzrn52;38055;1;0
Zotabeachresort.com-0090-2016Redesign;en-US;636408976202984815#vba1uqd4lqyajmgneol2tvia;38058;1;0
Lakeplacidlodge.com-0105-2017Redesign;en-US;636408976202984815#1yxhltvvnoxyvreakfmw0iia;39238;1;0
Washingtoncourthotel.com-0076-2016Redesign;en-US;636408976202984815#pr3erjpoen1cakfbhczdopzc;17858;1;0
Assuranceoperations.com-0065-2015Redesign;en-US;636408976202984815#xdpkkczzrxgysc22mdiyd1sn;15263;1;0
Theoxfordhotel.com-0062-2015Redesign;en-US;636408976203140817#slg5tzyrvt2m0yos4n2otkb0;14325;1;0
Halcyonhotelcherrycreek.com-0061-2015Redesign;en-US;636408976203140817#bfkvfle5gmyvncmjr1ik4hyc;22121;1;0
Edgewaternaples.com-0094-2016Redesign;en-US;636408976203140817#eq54a4ny45m4peojqxpz0xlt;38051;1;0
Sandylane.com-0075-2016Redesign;en-US;636408976203140817#hh3j4go5nrzfxovf3ssxzuub;17611;1;0
Theharborsidehotel.com-0114-2017Redesign;en-US;636408976203140817#n04jmtdfpfhyxqfxgwn4kfrx;40403;1;0
Hhotellosangeles.com-0118-2017Redesign;en-US;636408976203296819#3iebgn0k4jygdj0jswuvwtfv;35289;1;0
Degreerestaurant.com-0056-2015Redesign;en-US;636408976203296819#kvbnclwouc5u0chdtdphzryr;11598;1;0
Treasureislandbeachresort.com-0089-2016Redesign;en-US;636408976203296819#2fvjrycjsq0t1ogdnzg4ajyv;38057;1;0
Homewoodsuiteslax.com-0110-2017Redesign;en-US;636408976203296819#odggdsn1ppulpgwlemvkt3s4;30747;1;0
Thecrawfordhotel.com-0074-2016Redesign;en-US;636408976203452821#cvc5hkhmtkhfy1qo4wtjjyss;17145;1;0
Luxehotels.com-0078-2016Redesign;en-US;636408976203452821#4uiesxfmkfl1310dskibjtyf;18805;1;0
Bocatrans.com-0082-2016Redesign;en-US;636408976203452821#4yt1qnka1qpro5qim2tgkicq;19758;1;0
Thecurtis.com-0079-2016Redesign;en-US;636408976203608823#t5gi1pu1hadnt3gjw5k3w0bo;17981;1;0
Texturefoodanddrink.com-0067-2016Redesign;en-US;636408976203608823#uwkmcrr21mpu2iogax2nfcgb;15452;1;0
Jbdukehotel.com-0086-2016Redesign;en-US;636408976203608823#njato0fjjugabty151ku3r1t;21918;1;0
Jupiterbeachresort.com-0103-2017Redesign;en-US;636408976203608823#ptuyf2lwbfulcuus5d0lzrwx;38052;1;0
Naiaresortandspa.com-0077-2016Redesign;en-US;636408976203764825#jlcgzkftv3gzcfgqf0ul3n0t;20455;1;0
Thelodgeatwoodloch.com-0033-2015Redesign;en-US;636408976204076829#5uyxm5kdeofk3kfbuogcngep;7764;1;0
Thesagamore.com-0112-2017Redesign;en-US;636408976206728863#l5nawtjzy4ncebiwox5wcqtg;32339;1;0
Cphollywoodbeach.com-0032-2015Redesign;en-US;636408976208756889#zteawp3zji3s2gyj2gd1i3im;7831;1;0
Cendyn.com-0095-2016Redesign;en-US;636408976210160907#1kecw3aogpfwgh3bvb30go02;26640;1;0
Hospitalityupgrade.com-0093-2016Redesign;en-US;636408976210160907#wssypvpsub0xf4an203xl2ut;25405;1;0
Cendyn.com-0095-2016Redesign;en-US;636408976210316909#4og5xuoro1hinktqo4b1pmhq;26640;1;0
Cendyn.com-0095-2016Redesign;en-US;636408976210316909#yf1c0h3qxkcxaw3efg0yrsio;26640;1;0
Passport.lehotels.com-0069-2016BlogRedesign;en-US;636408976210316909#ocj2ipiyww5vh13nlvvorfb4;41068;1;0
Cendyn.com-0095-2016Redesign;en-US;636408976210316909#sonb4emubjxmjmswvqipa3qo;26640;1;0
Broadmoor.com-0073-2016Redesign;en-US;636408976212656939#vcdt35h13qqsv51wwh43e2qe;16724;1;0
Longboatkeyclub.com-0104-2017Redesign;en-US;636408976213124945#y0w0vuf2pyplhmpyr0wbgdng;28316;1;0
Lakeplacidlodge.com-0105-2017Redesign;en-US;636408976213592951#l5qcjgvaxjks53ordn1rgdor;32804;1;0
Miravalspamonarchbeach.com-0109-2017Redesign;en-US;636408976220613041#cbq451q1qtayrgkibp2fsnft;31709;1;0
Napavalleymarriott.com-0071-2016Redesign;en-US;636408976220769043#coile54mbwuu5gw3jqbj2naz;16432;1;0
Thesagamore.com-0112-2017Redesign;en-US;636408976220925045#3berlr2m3algdeobgqvaakge;39241;1;0
Lidobeachresort.com-0106-2017Redesign;en-US;636408976221081047#ahfben0dlcpsrzcval21p121;38053;1;0
Sandpearl.com-0091-2016Redesign;en-US;636408976221081047#lc1nyzm2cihmvqzhvxgk3rk4;22481;1;0
Longboatkeyclub.com-0104-2017Redesign;en-US;636408976221081047#wwqr320gxzckz1h2xhqovscy;38054;1;0
Sandpearl.com-0091-2016Redesign;en-US;636408976224513091#lc1nyzm2cihmvqzhvxgk3rk4;22481;1;0
Miravalspamonarchbeach.com-0109-2017Redesign;en-US;636408976225449103#cbq451q1qtayrgkibp2fsnft;31709;1;0
Cendyn.com-0095-2016Redesign;en-US;636408976231065175#tyeork3w4dlltcii3ppanef0;26640;1;0
Broadmoor.com-0073-2016Redesign;en-US;636408976231065175#qd3ryg0u1x1sef05rrwqrk4c;38059;1;0
Thelodgeatwoodloch.com-0033-2015Redesign;en-US;636408976239333281#lg2sq5xivb3oukeleeq4axqc;7764;1;0
Casaybelresort.com-0002-2014Redesign;en-US;636408976239489283#5vnslnl3otua43yocnzd4t21;1613;1;0
Delraysandsresort.com-0097-2016Redesign;en-US;636408976240737299#4btxtrhzwlppnynpuvtytslw;38049;1;0
Lidobeachresort.com-0106-2017Redesign;en-US;636408976240737299#nfve4venaivugrpdddf3puwa;28667;1;0
Sandpearl.com-0091-2016Redesign;en-US;636408976241361307#zerwxtfjuqvsdqitvm3lgfbe;38056;1;0
Cphollywoodbeach.com-0032-2015Redesign;en-US;636408976241361307#susruuvvftm2ulfhisx3lebt;7831;1;0
Thesagamore.com-0112-2017Redesign;en-US;636408976243701337#0x3g5aslyiucjjuhy5qxynyr;33475;1;0
Sandpearl.com-0091-2016Redesign;en-US;636408976246821377#lc1nyzm2cihmvqzhvxgk3rk4;22481;1;0
Hospitalityupgrade.com-0093-2016Redesign;en-US;636408976249785415#23hn2vhqdpum1s0rrbjgcw2v;37631;1;0
Thelodgeatwoodloch.com-0033-2015Redesign;en-US;636408976249941417#5uyxm5kdeofk3kfbuogcngep;7764;1;0
Degreerestaurant.com-0056-2015Redesign;en-US;636408976252437449#kefkdmjly3odg3vfdshwln1d;11598;1;0
Meateatery.com-0080-2016Redesign;en-US;636408976252593451#n5oxgt3ijtnht2e1zin4irkq;18505;1;0
Oxfordclubspa.com-0068-2016Redesign;en-US;636408976252593451#l003kbcvmotpr1qnrrgipscd;15568;1;0
Chrco.com-0107-2017Redesign;en-US;636408976252593451#vu3ehghlp3pgxhf1fpjcgqka;29280;1;0
Bluebirch.com-0072-2016Redesign;en-US;636408976252593451#srqayp0aivafb0ydn3gganp2;16693;1;0
Galthouse.com-0042-2015Redesign;en-US;636408976252593451#pp3h1gmuluyofti4ltnzgwt2;38060;1;0
Broadmoor.com-0073-2016Redesign;en-US;636408976252593451#kqnxbd0lve1mwe532paleoly;21231;1;0
Glencovemansion.com-0058-2015Redesign;en-US;636408976252749453#r4wzo1mvre1c2v4ojsvvic2l;13328;1;0
Assuranceoperations.com-0065-2015Redesign;en-US;636408976253061457#oo2yhasbpsw0e2fs54cq2m4p;15263;1;0
Thecrawfordhotel.com-0074-2016Redesign;en-US;636408976253061457#jjs4wzktn14tkqif2t3ke12h;17145;1;0
Bocatrans.com-0082-2016Redesign;en-US;636408976253217459#tf55imufvpxwexzcabt3qwkn;19758;1;0
Thecurtis.com-0079-2016Redesign;en-US;636408976253217459#vqcdhrpfobui14icw1mqz20e;17981;1;0
Jupiterbeachresort.com-0103-2017Redesign;en-US;636408976253373461#2ivr5uttnvhsntfwet0g5r5t;38052;1;0
Homewoodsuiteslax.com-0110-2017Redesign;en-US;636408976253373461#1vatzn2ydwp144poi4mjpziz;30747;1;0
Jbdukehotel.com-0086-2016Redesign;en-US;636408976253373461#3jjo0wlv5isu0gefa5nay1jq;21918;1;0
Opalsands.com-0084-2016Redesign;en-US;636408976253373461#f0dsakzdictg4ippvzxiyiyj;38055;1;0
Texturefoodanddrink.com-0067-2016Redesign;en-US;636408976253373461#3vnovyrr20asmf55gyq4wihu;15452;1;0
Zotabeachresort.com-0090-2016Redesign;en-US;636408976253529463#2khje5zc1fgzgs5zfzhrj1tf;38058;1;0
Naiaresortandspa.com-0077-2016Redesign;en-US;636408976253529463#sq40q2gkrqrrmleimdsibnr2;20455;1;0
Theharborsidehotel.com-0114-2017Redesign;en-US;636408976253685465#lpvgumnxp5zutpiyng1hfh0t;40403;1;0
Treasureislandbeachresort.com-0089-2016Redesign;en-US;636408976253685465#fvnirpgrr43l4javu3y4jzda;38057;1;0
Theoxfordhotel.com-0062-2015Redesign;en-US;636408976253685465#5lm0vucjqavuhvbm1moqxblf;14325;1;0
Lakeplacidlodge.com-0105-2017Redesign;en-US;636408976253685465#pgkzcxw13ggub2fmj0js5iao;39238;1;0
Halcyonhotelcherrycreek.com-0061-2015Redesign;en-US;636408976253841467#wkf431zfkkhbnkkx4sxtfm51;22121;1;0
Luxehotels.com-0078-2016Redesign;en-US;636408976253841467#p514swupi2ojg0dftjpht4uk;18805;1;0
Samosetresort.com-0113-2017Redesign;en-US;636408976253841467#adf3jlduysoo1gs0dyxet0q1;40334;1;0
Washingtoncourthotel.com-0076-2016Redesign;en-US;636408976253841467#vjjto5cm42qcm3naifs1wyzg;17858;1;0
Sandylane.com-0075-2016Redesign;en-US;636408976253997469#waqi0uljp225awg5utswwatv;17611;1;0
Hhotellosangeles.com-0118-2017Redesign;en-US;636408976253997469#vxc530od5dvxhvnff5gnay5m;35289;1;0
Beverlyhillsresidenceinn.com-0087-2016Redesign;en-US;636408976254153471#yr2hfu4wlgfb1zclgsakevpo;20999;1;0
Edgewaternaples.com-0094-2016Redesign;en-US;636408976254153471#k5psufpvcto0sbf2glg11kn3;38051;1;0
Abbingtonbanquets.com-0070-2016Redesign;en-US;636408976254153471#lquq0oawxgjq2o1o5rceyk1m;15789;1;0
Secretharbourvi.com-0040-2015Redesign;en-US;636408976255089483#14k0hvid2et51wmb4byam0zf;9378;1;0
Thesagamore.com-0112-2017Redesign;en-US;636408976256181497#b1n3omt5ekye0z4j0lej2ojg;33922;1;0
Galthouse.com-0042-2015Redesign;en-US;636408976258521527#iaj0psv34suevw1zq3zix0ak;31905;1;0
Cendyn.com-0095-2016Redesign;en-US;636408976260081547#zzfinjq25excxefegdovim2q;26640;1;0
Hospitalityupgrade.com-0093-2016Redesign;en-US;636408976260081547#dtvjexv1ix5juuxlp5wbh1ar;25405;1;0
Cendyn.com-0095-2016Redesign;en-US;636408976260237549#dxlglmmro0fkoxtmbb4fmlnf;26640;1;0
Passport.lehotels.com-0069-2016BlogRedesign;en-US;636408976260393551#gqchbonaonzobdyj5di4azqs;41068;1;0
Cendyn.com-0095-2016Redesign;en-US;636408976260393551#x4fg4y3zsuemiqfgf1v1ftkt;26640;1;0
Cendyn.com-0095-2016Redesign;en-US;636408976262265575#tsils0bwdj01ud0lj0pmpi51;26640;1;0
Broadmoor.com-0073-2016Redesign;en-US;636408976268505655#ahczdmlruv05v35av24u3bpy;16721;1;0
Residenceinnlax.com-0026-2014Redesign;en-US;636408976268817659#nqys1mesbp3wqxfkwa01g1ak;5271;1;0
Napavalleymarriott.com-0071-2016Redesign;en-US;636408976270845685#1phrlftfv1bjdoom0zmenzvh;16432;1;0
Lidobeachresort.com-0106-2017Redesign;en-US;636408976271001687#k1fvqivffea22ox3azfpbgxd;38053;1;0
Thesagamore.com-0112-2017Redesign;en-US;636408976271001687#ntlqjnykggmyckkzafhf4wkq;39241;1;0
Lidobeachresort.com-0106-2017Redesign;en-US;636408976271313691#nfve4venaivugrpdddf3puwa;28666;1;0
Longboatkeyclub.com-0104-2017Redesign;en-US;636408976271625695#oha0r5jbbpftohkicayxxaj5;38054;1;0
Galthouse.com-0042-2015Redesign;en-US;636408976273185715#iaj0psv34suevw1zq3zix0ak;31905;1;0
Galthouse.com-0042-2015Redesign;en-US;636408976276461757#iaj0psv34suevw1zq3zix0ak;31905;1;0
Thelodgeatwoodloch.com-0033-2015Redesign;en-US;636408976276461757#p14fq5kz4ccctzwf4ounafuk;7764;1;0
Theoxfordhotel.com-0062-2015Redesign;en-US;636408976279737799#fa1cxkl4sqy5a1a2eefm5lsd;14331;1;0
Broadmoor.com-0073-2016Redesign;en-US;636408976280985815#0zvkuilrgedl0vzqteihsrvp;38059;1;0
Cendyn.com-0095-2016Redesign;en-US;636408976281141817#im11upzzoquz03tjzxwxoklc;26640;1;0
Lidobeachresort.com-0106-2017Redesign;en-US;636408976283169843#nfve4venaivugrpdddf3puwa;28666;1;0
Montaukyachtclub.com-0010-2014Redesign;en-US;636408976285977879#g3gs5o5tkx0bgpkuktiaclhi;2240;1;0
Thesagamore.com-0112-2017Redesign;en-US;636408976286445885#5bav5cwyrheuitrnrymkm05b;33921;1;0
Montaukyachtclub.com-0010-2014Redesign;en-US;636408976287693901#g3gs5o5tkx0bgpkuktiaclhi;2240;1;0
Broadmoor.com-0073-2016Redesign;en-US;636408976287849903#lgnyap0luwrrwnj3eepx21vl;17339;1;0
Delraysandsresort.com-0097-2016Redesign;en-US;636408976290657939#iky2wmivuqnhalzygsv4smjf;38049;1;0
Hospitalityupgrade.com-0093-2016Redesign;en-US;636408976290813941#4gvmumudptlyrmselxcbr2gq;22790;1;0
Sandpearl.com-0091-2016Redesign;en-US;636408976291281947#jt3waszty3luxs12qvoez1dx;38056;1;0
Lidobeachresort.com-0106-2017Redesign;en-US;636408976294869993#nfve4venaivugrpdddf3puwa;30036;1;0
Thesagamore.com-0112-2017Redesign;en-US;636408976297522027#dhselp3lyot0dmgjn0mbtvi2;32339;1;0
Degreerestaurant.com-0056-2015Redesign;en-US;636408976302514091#myuygglwhga4kvd3ab25h1px;11598;1;0
Texturefoodanddrink.com-0067-2016Redesign;en-US;636408976302670093#ntm1px5gipu4h2elcxr1fq5m;15452;1;0
Galthouse.com-0042-2015Redesign;en-US;636408976302670093#xwgjmwsh2bz3mfrfplqjpgda;38060;1;0
Glencovemansion.com-0058-2015Redesign;en-US;636408976302826095#1zvi5gis3s1ynpyiisamsjdp;13328;1;0
Hhotellosangeles.com-0118-2017Redesign;en-US;636408976302826095#ojkf5bpi11xc3h0ebvntaodz;35289;1;0
Samosetresort.com-0113-2017Redesign;en-US;636408976302826095#wdbx5t2u1reh5f50uwor5erz;40334;1;0
Sandylane.com-0075-2016Redesign;en-US;636408976302826095#yftys0zrppunz1spl5jcsg5d;17611;1;0
Homewoodsuiteslax.com-0110-2017Redesign;en-US;636408976302982097#rfg4y5jecrbz45bnuen2y1ve;30747;1;0
Zotabeachresort.com-0090-2016Redesign;en-US;636408976303138099#kpy1x4gvdffraymmbduiwgdu;38058;1;0
Washingtoncourthotel.com-0076-2016Redesign;en-US;636408976303294101#oajotcvzlme2khr0lfubb0yv;17858;1;0
Assuranceoperations.com-0065-2015Redesign;en-US;636408976303294101#p0jyz2pmehwjbij3m0xppdet;15263;1;0
Chrco.com-0107-2017Redesign;en-US;636408976303450103#zhh40kpah0caibkbov2cyvnr;29280;1;0
Bluebirch.com-0072-2016Redesign;en-US;636408976303606105#2zkaxorqsyb0g1ctkbnathry;16693;1;0
Edgewaternaples.com-0094-2016Redesign;en-US;636408976303606105#juoglve2niywhs5xbqdwqkp1;38051;1;0
Thecrawfordhotel.com-0074-2016Redesign;en-US;636408976303606105#5hwi2lsyvo1arhillbdwk412;17145;1;0
Jupiterbeachresort.com-0103-2017Redesign;en-US;636408976303606105#gw4tvtgjtvrfhwifmefm3jll;38052;1;0
Jbdukehotel.com-0086-2016Redesign;en-US;636408976303762107#fltz1atdbhwyppwvzggvu2wg;21918;1;0
Theharborsidehotel.com-0114-2017Redesign;en-US;636408976303762107#yce3nk4esdwqmklhj4rj5txf;40403;1;0
Abbingtonbanquets.com-0070-2016Redesign;en-US;636408976303918109#xy1k0iatlwsfcnt4gceggxoq;15789;1;0
Naiaresortandspa.com-0077-2016Redesign;en-US;636408976303918109#fmeqtd1anpiz1gxf1xg5dcbt;20455;1;0
Halcyonhotelcherrycreek.com-0061-2015Redesign;en-US;636408976303918109#tppztfqij1izgxquw003x3go;22121;1;0
Opalsands.com-0084-2016Redesign;en-US;636408976304074111#abmlwpzbbbdaqlwtwet0i4gg;38055;1;0
Thecurtis.com-0079-2016Redesign;en-US;636408976304074111#4kcjt2z043g0wbbgngtlshay;17981;1;0
Luxehotels.com-0078-2016Redesign;en-US;636408976304074111#zgjoskngpwuqmmifru2psdtx;18805;1;0
Theoxfordhotel.com-0062-2015Redesign;en-US;636408976304074111#joewpqo0x1bv5bk22oa1kedo;14325;1;0
Beverlyhillsresidenceinn.com-0087-2016Redesign;en-US;636408976304074111#154lsaoidb203bsusmn3np0b;20999;1;0
Lakeplacidlodge.com-0105-2017Redesign;en-US;636408976304074111#fauw5kqoegorspiy2jzzzzik;39238;1;0
Meateatery.com-0080-2016Redesign;en-US;636408976304230113#xylj4let32ir0dfujzcpftu1;18505;1;0
Treasureislandbeachresort.com-0089-2016Redesign;en-US;636408976304230113#uppuapot3wvmbfgithacalgv;38057;1;0
Oxfordclubspa.com-0068-2016Redesign;en-US;636408976304386115#e4cqsd20wsflypem04u01m1e;15568;1;0
Bocatrans.com-0082-2016Redesign;en-US;636408976304542117#rgghfeof1oryn4b5lw0q1uvs;19758;1;0
Hospitalityupgrade.com-0093-2016Redesign;en-US;636408976305322127#svundg1owcxiucj5j5cxqsuv;25405;1;0
Broadmoor.com-0073-2016Redesign;en-US;636408976306414141#ppnsddbvgunohrhtlirn1vnk;16721;1;0
Thesagamore.com-0112-2017Redesign;en-US;636408976307974161#dhselp3lyot0dmgjn0mbtvi2;32339;1;0
Thesagamore.com-0112-2017Redesign;en-US;636408976309846185#dhselp3lyot0dmgjn0mbtvi2;32339;1;0
Cendyn.com-0095-2016Redesign;en-US;636408976310158189#znpe42lcfm0boapsug1huowu;26640;1;0
Hospitalityupgrade.com-0093-2016Redesign;en-US;636408976310158189#2lzvpetkqtgpvqdf3ndfqobc;25405;1;0
Passport.lehotels.com-0069-2016BlogRedesign;en-US;636408976310314191#gdtr2xogq3hi1blwsguccxy0;41068;1;0
Cendyn.com-0095-2016Redesign;en-US;636408976310314191#sglwqct1pc3fg1dphwjqd0hu;26640;1;0
Cendyn.com-0095-2016Redesign;en-US;636408976310314191#zje31m0jltm5dmsbfgn1vvzx;26640;1;0
Cendyn.com-0095-2016Redesign;en-US;636408976310314191#0op2hf1kcsk3ysb1sefd3eol;26640;1;0
Denvercy.com-0036-2015Redesign;en-US;636408976312498219#m402hl5b2qyol04svxgwyebl;8150;1;0
Longboatkeyclub.com-0104-2017Redesign;en-US;636408976313746235#00srxsi4y2xeh4j0dx141qkp;28379;1;0
Lidobeachresort.com-0106-2017Redesign;en-US;636408976315930263#wijk1npuxqyzfxpvbn2e0fhh;28666;1;0
Lidobeachresort.com-0106-2017Redesign;en-US;636408976318582297#nfve4venaivugrpdddf3puwa;28714;1;0
Napavalleymarriott.com-0071-2016Redesign;en-US;636408976320766325#wln0cyz4ocoeizf30rgodpw4;16432;1;0
Lidobeachresort.com-0106-2017Redesign;en-US;636408976320766325#5f5pf5lej12azhz44qwrddx5;38053;1;0
Thesagamore.com-0112-2017Redesign;en-US;636408976320922327#tmegq0l5mystc2fjmvwtd4vz;39241;1;0
Longboatkeyclub.com-0104-2017Redesign;en-US;636408976320922327#20cnbyx5fc21gk0r0xilbcze;38054;1;0
Denvercy.com-0036-2015Redesign;en-US;636408976328098419#m402hl5b2qyol04svxgwyebl;8150;1;0
Hospitalityupgrade.com-0093-2016Redesign;en-US;636408976328566425#d4yvsmre4gupt2rqu1flnq1m;22790;1;0
Broadmoor.com-0073-2016Redesign;en-US;636408976330906455#1skhplqw4oxgisayoqncrlhi;38059;1;0
Cendyn.com-0095-2016Redesign;en-US;636408976331062457#is0ivmzwej4vqrnlhjldhya2;26640;1;0
Thesagamore.com-0112-2017Redesign;en-US;636408976334962507#uku3byk30fgp0pwrvai3rpub;32339;1;0
Thesagamore.com-0112-2017Redesign;en-US;636408976337302537#uku3byk30fgp0pwrvai3rpub;32339;1;0
Renaissancepittsburghpa.com-0044-2015Redesign;en-US;636408976337458539#ouy20erwdmbgqqq4qlkqfmjr;9637;1;0
Hospitalityupgrade.com-0093-2016Redesign;en-US;636408976339798569#i3lyauodlvye05zwx4ojtnot;36914;1;0
Delraysandsresort.com-0097-2016Redesign;en-US;636408976340578579#4kjm1c30pjk3fqvy4mbb0lze;38049;1;0
Sandpearl.com-0091-2016Redesign;en-US;636408976341358589#xaya4kllqkfyurfkgq1kn2km;38056;1;0
Renaissancepittsburghpa.com-0044-2015Redesign;en-US;636408976341982597#ouy20erwdmbgqqq4qlkqfmjr;9637;1;0
Broadmoor.com-0073-2016Redesign;en-US;636408976344634631#qr5dcqknupbvj0l3bt2ddduw;16760;1;0
Lidobeachresort.com-0106-2017Redesign;en-US;636408976346350653#nfve4venaivugrpdddf3puwa;28667;1;0
Thecurtis.com-0079-2016Redesign;en-US;636408976352434731#fiy01fvyzbg1aftxfh0wuxb2;17981;1;0
Jbdukehotel.com-0086-2016Redesign;en-US;636408976352590733#11glnnrrdjfzyb4jhsimoudz;21918;1;0
Degreerestaurant.com-0056-2015Redesign;en-US;636408976352590733#wrx5geqgmsaxpd0y5is1kgqg;11598;1;0
Texturefoodanddrink.com-0067-2016Redesign;en-US;636408976352590733#zgbvllxsvg451iz03jexjsfy;15452;1;0
Samosetresort.com-0113-2017Redesign;en-US;636408976352590733#dnlqb0spnhp4qyitoxz0ddhj;40334;1;0
Lakeplacidlodge.com-0105-2017Redesign;en-US;636408976352746735#ntfypdblxqsgq3slpltvxu30;39238;1;0
Oxfordclubspa.com-0068-2016Redesign;en-US;636408976352746735#yp3ni0kbae3yq4er3bw2pkup;15568;1;0
Zotabeachresort.com-0090-2016Redesign;en-US;636408976352902737#fsfob1aa1zoekpieuxh4hoia;38058;1;0
Homewoodsuiteslax.com-0110-2017Redesign;en-US;636408976353058739#gscnhgseqbfelbh5u3ob0uly;30747;1;0
Bluebirch.com-0072-2016Redesign;en-US;636408976353058739#sdtufkkxy0elr4ngvhskw5xn;16693;1;0
Glencovemansion.com-0058-2015Redesign;en-US;636408976353058739#vhpry253nutkixvr43ahgveu;13328;1;0
Thecrawfordhotel.com-0074-2016Redesign;en-US;636408976353214741#vlqu1bzt22o5fqrx5hawhtyj;17145;1;0
Hhotellosangeles.com-0118-2017Redesign;en-US;636408976353214741#y3lncxw2j0v2uyif00ug3zxg;35289;1;0
Assuranceoperations.com-0065-2015Redesign;en-US;636408976353370743#qdgrvuc0df3blft5fcrog4vg;15263;1;0
Edgewaternaples.com-0094-2016Redesign;en-US;636408976353370743#jrzed3ofkfqotxvlhdryxkfw;38051;1;0
Hospitalityupgrade.com-0093-2016Redesign;en-US;636408976353370743#wic5oy4wtedcmlevxvzw2sd2;22790;1;0
Sandylane.com-0075-2016Redesign;en-US;636408976353370743#okrbd5etgdsiemsrtkjfgrfw;17611;1;0
Chrco.com-0107-2017Redesign;en-US;636408976353526745#a5rp5jh1l5cqs5kmkkpbix5s;29280;1;0
Meateatery.com-0080-2016Redesign;en-US;636408976353526745#i23ksaboumensvziumy5fvfj;18505;1;0
Abbingtonbanquets.com-0070-2016Redesign;en-US;636408976353526745#tq1rmuexlrvuqytsqqky2p0z;15789;1;0
Theoxfordhotel.com-0062-2015Redesign;en-US;636408976353526745#vriszfb31t3yzxoqr4e32r1n;14325;1;0
Naiaresortandspa.com-0077-2016Redesign;en-US;636408976353526745#nhbsdqprcvzbjmzeiaoj4kyb;20455;1;0
Beverlyhillsresidenceinn.com-0087-2016Redesign;en-US;636408976353526745#uqw21inrid4lm2ktjpmpxcel;20999;1;0
Treasureislandbeachresort.com-0089-2016Redesign;en-US;636408976353682747#04ufitb2hkgxm4vqpn25sbfl;38057;1;0
Opalsands.com-0084-2016Redesign;en-US;636408976353682747#hdplbldw0u4yuvzpuinckj2o;38055;1;0
Theharborsidehotel.com-0114-2017Redesign;en-US;636408976353838749#y5ydw4ltgvv10pbko2cmnzsv;40403;1;0
Halcyonhotelcherrycreek.com-0061-2015Redesign;en-US;636408976353994751#e3h3ngs04e4ztdjys44pheih;22121;1;0
Luxehotels.com-0078-2016Redesign;en-US;636408976354306755#bt0b3vto0mpo54jq3klihiug;18805;1;0
Bocatrans.com-0082-2016Redesign;en-US;636408976354462757#2os2gjwwdq2kigdtbmnlui0d;19758;1;0
Jupiterbeachresort.com-0103-2017Redesign;en-US;636408976354618759#iimxx2mbzb1gqfsow5u1seef;38052;1;0
Galthouse.com-0042-2015Redesign;en-US;636408976354618759#x4wk2uycusk3plmw5ttcz3nd;38060;1;0
Washingtoncourthotel.com-0076-2016Redesign;en-US;636408976354618759#nxlawju2kvvwkjoorh24zsuq;17858;1;0
Cendyn.com-0095-2016Redesign;en-US;636408976360078829#2qfgor5t53yfl24cyoxo2oeg;26640;1;0
Cendyn.com-0095-2016Redesign;en-US;636408976360390833#1ykwt4gvndlxarp0yqqpzswz;26640;1;0
Cendyn.com-0095-2016Redesign;en-US;636408976360390833#oe154dncufj4g5e1dbpqkweh;26640;1;0
Hospitalityupgrade.com-0093-2016Redesign;en-US;636408976360390833#wubyj255uiiumiatgpisuqpn;25405;1;0
Cendyn.com-0095-2016Redesign;en-US;636408976360546835#iy3gdpodnx5ywjmixknagsxy;26640;1;0
Passport.lehotels.com-0069-2016BlogRedesign;en-US;636408976360546835#3l0belv2y14js42zxnj3kndz;41068;1;0
Monarchbeachresort.com-0092-2016Redesign;en-US;636408976362418859#kr4dom3oaxjb5voxh4tdyvuo;23492;1;0
Cocokeyorlando.com-0059-2015Redesign;en-US;636408976363042867#rwetmppedkubsodwibwvpspl;12394;1;0
theweststreethotel.com-0115-2017Redesign;en-US;636408976363198869#hafsnupmz15042djai4ie10t;36683;1;0
Cocokeyorlando.com-0059-2015Redesign;en-US;636408976364446885#rwetmppedkubsodwibwvpspl;12394;1;0
theweststreethotel.com-0115-2017Redesign;en-US;636408976364758889#hafsnupmz15042djai4ie10t;36683;1;0
Thecurtis.com-0079-2016Redesign;en-US;636408976368190933#33kij1rs1vasbyuxppnb315t;40237;1;0
Napavalleymarriott.com-0071-2016Redesign;en-US;636408976370842967#4eori43ht2afwrywkgp0qivw;16432;1;0
Thesagamore.com-0112-2017Redesign;en-US;636408976370842967#ip5emilr4kfodflq1akgucg1;39241;1;0
Longboatkeyclub.com-0104-2017Redesign;en-US;636408976370842967#ehxwflpew4xhoj0kshzlpmoo;38054;1;0
Lidobeachresort.com-0106-2017Redesign;en-US;636408976370998969#3tfrukdwsztkjcdkp4umtxpo;38053;1;0
Thecurtis.com-0079-2016Redesign;en-US;636408976373495001#33kij1rs1vasbyuxppnb315t;40237;1;0
Lakeplacidlodge.com-0105-2017Redesign;en-US;636408976379891083#a5cyiqvzu1iowsmh5gn1tqsw;28545;1;0
Hospitalityupgrade.com-0093-2016Redesign;en-US;636408976380203087#mcaay1gf3fxibnu42bacf0ec;22790;1;0
Cendyn.com-0095-2016Redesign;en-US;636408976380827095#5o503ihf3krqhj031x04f5lw;26640;1;0
Broadmoor.com-0073-2016Redesign;en-US;636408976380827095#pb420zvspzd33ltnwrrpmmdj;38059;1;0
Samosetresort.com-0113-2017Redesign;en-US;636408976385975161#xtz33swjhsgf4ygnsbhupagc;35129;1;0
Broadmoor.com-0073-2016Redesign;en-US;636408976386599169#sav3hqkyqrkadtymcrri2ftd;18259;1;0
Lakeplacidlodge.com-0105-2017Redesign;en-US;636408976386755171#a5cyiqvzu1iowsmh5gn1tqsw;28545;1;0
Thesagamore.com-0112-2017Redesign;en-US;636408976387691183#var3xdm1gweyoxmnep2r30yd;33471;1;0
theweststreethotel.com-0115-2017Redesign;en-US;636408976389095201#hafsnupmz15042djai4ie10t;36683;1;0
Lakeplacidlodge.com-0105-2017Redesign;en-US;636408976389095201#a5cyiqvzu1iowsmh5gn1tqsw;28545;1;0
Broadmoor.com-0073-2016Redesign;en-US;636408976389563207#m3hznclfpwj1jamzwf3pgw0t;16721;1;0
Cocokeyorlando.com-0059-2015Redesign;en-US;636408976390187215#rwetmppedkubsodwibwvpspl;12394;1;0
Longboatkeyclub.com-0104-2017Redesign;en-US;636408976390187215#00srxsi4y2xeh4j0dx141qkp;28333;1;0
Broadmoor.com-0073-2016Redesign;en-US;636408976390499219#vxrcsid2q4pcab03bq4wxhbw;16721;1;0
Delraysandsresort.com-0097-2016Redesign;en-US;636408976390655221#w4nq5xrhic0sbfy1fig1s4gq;38049;1;0
Sandpearl.com-0091-2016Redesign;en-US;636408976391279229#zppvqfrwrelh5qw1i1pvgrpk;38056;1;0
theweststreethotel.com-0115-2017Redesign;en-US;636408976391591233#hafsnupmz15042djai4ie10t;36683;1;0
Broadmoor.com-0073-2016Redesign;en-US;636408976392527245#fc4mul213ih5wyxfxgart2j1;16721;1;0
Casaybelresort.com-0002-2014Redesign;en-US;636408976400171343#vyo0wuwecfr2hftdpugwfpyj;1533;1;0
Texturefoodanddrink.com-0067-2016Redesign;en-US;636408976402511373#3jpf43yqjefrr3u2fqwcy24p;15452;1;0
Thecurtis.com-0079-2016Redesign;en-US;636408976402667375#151iook0nh0wvo3gzllu4f2u;17981;1;0
Naiaresortandspa.com-0077-2016Redesign;en-US;636408976402667375#zxmn3dovhi4eeg41fnvikfw5;20455;1;0
Opalsands.com-0084-2016Redesign;en-US;636408976402667375#lfbd5ger2dzpxgyxawckcc3v;38055;1;0
Assuranceoperations.com-0065-2015Redesign;en-US;636408976402823377#f23lr5ujyssht2z1uzwd1eix;15263;1;0
Sandylane.com-0075-2016Redesign;en-US;636408976402823377#u01pvrg1f3dtxhr4ji24pj00;17611;1;0
Edgewaternaples.com-0094-2016Redesign;en-US;636408976403291383#qyd5b0knvo3alassezxr01a1;38051;1;0
Theharborsidehotel.com-0114-2017Redesign;en-US;636408976403291383#wdb5ue203rr4fjk45vmlk0hu;40403;1;0
Abbingtonbanquets.com-0070-2016Redesign;en-US;636408976403291383#dbejp40l1iv3isgeshvsmftk;15789;1;0
Halcyonhotelcherrycreek.com-0061-2015Redesign;en-US;636408976403291383#on4ewzol40w2hlxhfxcsbfxc;22121;1;0
Luxehotels.com-0078-2016Redesign;en-US;636408976403291383#nihabrdf1u4nh2epnzckp24p;18805;1;0
Galthouse.com-0042-2015Redesign;en-US;636408976403447385#gouxqfpl0innp1zeb00p2cto;38060;1;0
Washingtoncourthotel.com-0076-2016Redesign;en-US;636408976403603387#kpossugprxb00epdd2sqhnp0;17858;1;0
Jupiterbeachresort.com-0103-2017Redesign;en-US;636408976403603387#kwnzwex3klpferihavx1urbq;38052;1;0
Oxfordclubspa.com-0068-2016Redesign;en-US;636408976403603387#zdgoo2ipn313l4mrplqshq4v;15568;1;0
Homewoodsuiteslax.com-0110-2017Redesign;en-US;636408976403915391#u3tombh5nbzmr2rpx4k2m2cq;30747;1;0
Samosetresort.com-0113-2017Redesign;en-US;636408976403915391#ldht55u5z10wvc0yay4eqea1;40334;1;0
Meateatery.com-0080-2016Redesign;en-US;636408976403915391#12xmhq2ughsapv0s51j0lgzg;18505;1;0
Hhotellosangeles.com-0118-2017Redesign;en-US;636408976403915391#hbxisamf1oxphwrm2tul2x3i;35289;1;0
Lakeplacidlodge.com-0105-2017Redesign;en-US;636408976403915391#cm0zvhqtd35lhelm5r3vgnk2;39238;1;0
Glencovemansion.com-0058-2015Redesign;en-US;636408976404071393#3a4zcaccumiyixhvubzmwkzk;13328;1;0
Bocatrans.com-0082-2016Redesign;en-US;636408976404227395#go10pcgpobo4a44ogj0vlbvq;19758;1;0
Thecrawfordhotel.com-0074-2016Redesign;en-US;636408976404227395#tkijlvilfh0yojtbh2jn5gsh;17145;1;0
Theoxfordhotel.com-0062-2015Redesign;en-US;636408976404227395#4vs4ux12rdqeqmzc12kguwoe;14325;1;0
Treasureislandbeachresort.com-0089-2016Redesign;en-US;636408976404227395#uqpyp0mnbrswhkxuksqurhkl;38057;1;0
Degreerestaurant.com-0056-2015Redesign;en-US;636408976404383397#ov0n5knu2rbspgphxl2dobpe;11598;1;0
Jbdukehotel.com-0086-2016Redesign;en-US;636408976404539399#dyjvroz4igsbg4b2dmhghs01;21918;1;0
Bluebirch.com-0072-2016Redesign;en-US;636408976404539399#ob0lfqvynz3dgsth5klr05nx;16693;1;0
Chrco.com-0107-2017Redesign;en-US;636408976404695401#2kpxh2zfglpluhbmx5q5layx;29280;1;0
Thesagamore.com-0112-2017Redesign;en-US;636408976404695401#erq00nmmwv3jeurtmbtzczfn;32339;1;0
Beverlyhillsresidenceinn.com-0087-2016Redesign;en-US;636408976404695401#ysw3fafu12zv532op2xo50qu;20999;1;0
Zotabeachresort.com-0090-2016Redesign;en-US;636408976404851403#3rmtakdtbfpx5f52sdk535su;38058;1;0
Cendyn.com-0095-2016Redesign;en-US;636408976409999469#mnoei2ydedete5l1n5nrxv1m;26640;1;0
Passport.lehotels.com-0069-2016BlogRedesign;en-US;636408976410155471#0455p3vdebrgigjdbp3jvach;41068;1;0
Cendyn.com-0095-2016Redesign;en-US;636408976410155471#3xjpecihlusnbod1cttajzyb;26640;1;0
Hospitalityupgrade.com-0093-2016Redesign;en-US;636408976410155471#mw3mhcgiaakdbdestnpfk1mr;25405;1;0
Cendyn.com-0095-2016Redesign;en-US;636408976410311473#r411fosuk4yxehrhepw0c2bs;26640;1;0
Cendyn.com-0095-2016Redesign;en-US;636408976410311473#s5ruucpmplttudh4hl0lzstm;26640;1;0
Thesagamore.com-0112-2017Redesign;en-US;636408976415147535#0x3g5aslyiucjjuhy5qxynyr;32339;1;0
Sandylane.com-0075-2016Redesign;en-US;636408976416863557#2s25rzkwtt23mlbpb1ztqedk;17692;1;0
theweststreethotel.com-0115-2017Redesign;en-US;636408976417331563#hafsnupmz15042djai4ie10t;36683;1;0
Broadmoor.com-0073-2016Redesign;en-US;636408976417643567#3gkuin5sfc2ceitukms3lx0c;16721;1;0
Broadmoor.com-0073-2016Redesign;en-US;636408976419203587#3gkuin5sfc2ceitukms3lx0c;16721;1;0
Marriottkeylargo.com-0015-2014Redesign;en-US;636408976420139599#sxfozplwo5ngbnervkniaclx;3954;1;0
Lidobeachresort.com-0106-2017Redesign;en-US;636408976420919609#5ika3pzbaopyaz5utdh2syyu;38053;1;0
Thesagamore.com-0112-2017Redesign;en-US;636408976420919609#3u3jdonavw1osgcsoq22b0zt;39241;1;0
Napavalleymarriott.com-0071-2016Redesign;en-US;636408976420919609#p15fwlcgvaqzxtdbv20ohutk;16432;1;0
Longboatkeyclub.com-0104-2017Redesign;en-US;636408976421387615#0yphpikmcbpijn2dkhuathqx;38054;1;0
saddlebrook.com-0011-2014Redesign;en-US;636408976424819659#tpk3tpzctdvxv0fmr3yviwrg;3385;1;0
Hi-nyc.com-0108-2017Redesogm;en-US;636408976426847685#klr4p3crgb3pjokilh1fd24z;30080;1;0
Broadmoor.com-0073-2016Redesign;en-US;636408976427003687#ppnsddbvgunohrhtlirn1vnk;16721;1;0
Assuranceoperations.com-0065-2015Redesign;en-US;636408976430591733#q3vh154yoexczwp1mbw31zle;15263;1;0
Cendyn.com-0095-2016Redesign;en-US;636408976430903737#giki1ilndxr5gb3z1blxchba;26640;1;0
Broadmoor.com-0073-2016Redesign;en-US;636408976430903737#3r55fjio10bvz2s0qspszzhg;38059;1;0
Broadmoor.com-0073-2016Redesign;en-US;636408976432931763#fc4mul213ih5wyxfxgart2j1;16721;1;0
wentworthcom00212014redesign;en-US;636408976434959789#knwjuwuhpcolvlsieqvq0wj0;26679;1;0
Washingtoncourthotel.com-0076-2016Redesign;en-US;636408976435427795#zdrcqmsrwnwx2lfhukzh2pqi;17858;1;0
Samosetresort.com-0113-2017Redesign;en-US;636408976437299819#xtz33swjhsgf4ygnsbhupagc;32541;1;0
Broadmoor.com-0073-2016Redesign;en-US;636408976438235831#l3lgfg2ms1jsa4sg5gdyyjnf;16756;1;0
Thesagamore.com-0112-2017Redesign;en-US;636408976439639849#gifg02pojjkqm3qatiy2epei;32355;1;0
Theoxfordhotel.com-0062-2015Redesign;en-US;636408976439951853#fa1cxkl4sqy5a1a2eefm5lsd;14430;1;0
Delraysandsresort.com-0097-2016Redesign;en-US;636408976440575861#f4veje0aok5juta00fdc4kea;38049;1;0
Sandpearl.com-0091-2016Redesign;en-US;636408976441199869#0njzlieglaebcdqovas0pqje;38056;1;0
Cocokeyorlando.com-0059-2015Redesign;en-US;636408976443851903#o1ulgtz3bcuu4p5jq4jglgam;12394;1;0
theweststreethotel.com-0115-2017Redesign;en-US;636408976444475911#hafsnupmz15042djai4ie10t;36683;1;0
theweststreethotel.com-0115-2017Redesign;en-US;636408976445567925#jrr3f301vtzo0fzg4sw3hi0r;36683;1;0
Montaukyachtclub.com-0010-2014Redesign;en-US;636408976448999969#vle3njqtncaanocprl1ofmav;2240;1;0
Abbingtonbanquets.com-0070-2016Redesign;en-US;636408976452432013#hw2nchipmasivcuw5ftr1pj4;15789;1;0
Bluebirch.com-0072-2016Redesign;en-US;636408976452432013#gtwmimcb1n2katqkirrl2gli;16693;1;0
Opalsands.com-0084-2016Redesign;en-US;636408976452432013#hptfb4yarcta4frvxnakb1x3;38055;1;0
Homewoodsuiteslax.com-0110-2017Redesign;en-US;636408976452588015#cirvk3yazuerujyjsw21jhfn;30747;1;0
Washingtoncourthotel.com-0076-2016Redesign;en-US;636408976452588015#4hnpish3jyajdlnd3c4sv5bw;17858;1;0
Theharborsidehotel.com-0114-2017Redesign;en-US;636408976452588015#20zahhbg3zftnjdheaklvl5n;40403;1;0
Hhotellosangeles.com-0118-2017Redesign;en-US;636408976452588015#hxlrjgo1jk00a3wzjety0xry;35289;1;0
Oxfordclubspa.com-0068-2016Redesign;en-US;636408976452744017#yu5s115eppws3ywnbrzjte1q;15568;1;0
Thecrawfordhotel.com-0074-2016Redesign;en-US;636408976452900019#3ef3nxnhh3rkeiky3x0d0044;17145;1;0
Theoxfordhotel.com-0062-2015Redesign;en-US;636408976453056021#002ybj0eaqsen20xpn2q30ah;14325;1;0
Luxehotels.com-0078-2016Redesign;en-US;636408976453056021#gvn0vde4dnepetxvv2oh5vfa;18805;1;0
Bocatrans.com-0082-2016Redesign;en-US;636408976453056021#wcbocrczttdadlms2gonuxke;19758;1;0
Meateatery.com-0080-2016Redesign;en-US;636408976453056021#x32mctzm4tlmd5uunyogizgz;18505;1;0
Samosetresort.com-0113-2017Redesign;en-US;636408976453056021#3o2tyzt3etthsvdop5yy5ifd;40334;1;0
Glencovemansion.com-0058-2015Redesign;en-US;636408976453212023#cov4eign20gp0upoesq1vald;13328;1;0
Assuranceoperations.com-0065-2015Redesign;en-US;636408976453212023#4pgedkxveeedifpjye1i0j44;15263;1;0
Edgewaternaples.com-0094-2016Redesign;en-US;636408976453212023#saeyyi4wso0xi0hsh05tlghw;38051;1;0
Treasureislandbeachresort.com-0089-2016Redesign;en-US;636408976453368025#c5spa1cchluwws1iby0xjwi3;38057;1;0
Zotabeachresort.com-0090-2016Redesign;en-US;636408976453368025#nc3n4gl3v3fpiusf3tjvfjpx;38058;1;0
Naiaresortandspa.com-0077-2016Redesign;en-US;636408976453368025#je3axbdtgj2nrwnbjvbyvufv;20455;1;0
Halcyonhotelcherrycreek.com-0061-2015Redesign;en-US;636408976453368025#jllxflutituhqlw122oqyhzl;22121;1;0
Jbdukehotel.com-0086-2016Redesign;en-US;636408976453368025#01nyqvlvinhsuoniehnevrvg;21918;1;0
Beverlyhillsresidenceinn.com-0087-2016Redesign;en-US;636408976453368025#5trwzgpwlgc2vpmsyj2sefv4;20999;1;0
Chrco.com-0107-2017Redesign;en-US;636408976453524027#rinmclcabg1gpvbmi0pr5uzh;29280;1;0
Thecurtis.com-0079-2016Redesign;en-US;636408976453524027#qfyylqiamsi1nft5thb51ydo;17981;1;0
Sandylane.com-0075-2016Redesign;en-US;636408976453524027#mqlxctrk1ohmlbhvlubfzwxg;17611;1;0
Texturefoodanddrink.com-0067-2016Redesign;en-US;636408976453524027#2sqkbk0xp13bog5yomydyiej;15452;1;0
Galthouse.com-0042-2015Redesign;en-US;636408976453524027#jhwmlrihhxodzusrm5kvg2pl;38060;1;0
Jupiterbeachresort.com-0103-2017Redesign;en-US;636408976453524027#1cccm2a0rvj1ontgo5topkn2;38052;1;0
Degreerestaurant.com-0056-2015Redesign;en-US;636408976453680029#0fepzqalqulc1quxoo4v4rjf;11598;1;0
Lakeplacidlodge.com-0105-2017Redesign;en-US;636408976453680029#svkmy0svtxpf1cwppwe0qf3k;39238;1;0
shop.broadmoor.com-0096-2016ShoppingCart;en-US;636408976455864057#15urifgcax0d0whig4gzlx3a;27350;1;0
wentworthcom00212014redesign;en-US;636408976456800069#knwjuwuhpcolvlsieqvq0wj0;26679;1;0
wentworthcom00212014redesign;en-US;636408976457424077#knwjuwuhpcolvlsieqvq0wj0;26679;1;0
Cendyn.com-0095-2016Redesign;en-US;636408976460232113#bwgnbvb1cuf51txmosfvjvgn;26640;1;0
theweststreethotel.com-0115-2017Redesign;en-US;636408976460232113#hafsnupmz15042djai4ie10t;36683;1;0
Cendyn.com-0095-2016Redesign;en-US;636408976460388115#s4ki0xfetnxmqps5xxrkik20;26640;1;0
Edgewaternaples.com-0094-2016Redesign;en-US;636408976460388115#0vlspxz1kezvmnffepxciwtd;25239;1;0
Hospitalityupgrade.com-0093-2016Redesign;en-US;636408976460388115#m0pe0eqgrat4pacvwd4wzqlf;25405;1;0
Passport.lehotels.com-0069-2016BlogRedesign;en-US;636408976460388115#cc5003cbhopfzntlmtnjmlkd;41068;1;0
Cendyn.com-0095-2016Redesign;en-US;636408976460544117#u50avmuxtrizuw2h5yrqbyjj;26640;1;0
Cendyn.com-0095-2016Redesign;en-US;636408976460700119#o4hgw3mechijssnqtyxspvg5;26640;1;0
wentworthcom00212014redesign;en-US;636408976462260139#knwjuwuhpcolvlsieqvq0wj0;26679;1;0
Thelodgeatwoodloch.com-0033-2015Redesign;en-US;636408976463196151#uzfuqulcnox4mwpaicicqjor;9849;1;0
Longboatkeyclub.com-0104-2017Redesign;en-US;636408976470840249#aximn4cdfqchtexq0wonlgto;38054;1;0
Napavalleymarriott.com-0071-2016Redesign;en-US;636408976470840249#iirdxhco0bfl2vcgon14ygzo;16432;1;0
Thesagamore.com-0112-2017Redesign;en-US;636408976470996251#ewqamqnsgroshe2ahhugedmj;39241;1;0
Lidobeachresort.com-0106-2017Redesign;en-US;636408976471464257#ywwdkprqwv05z530co1nifhv;38053;1;0
Broadmoor.com-0073-2016Redesign;en-US;636408976473336281#fc4mul213ih5wyxfxgart2j1;16721;1;0
Edgewaternaples.com-0094-2016Redesign;en-US;636408976473492283#uq02pgrmrjgbrfhibxzvsurf;25239;1;0
Thelodgeatwoodloch.com-0033-2015Redesign;en-US;636408976474116291#3wpvqllxmzp3r0hey0xdegp3;8261;1;0
Renaissancepittsburghpa.com-0044-2015Redesign;en-US;636408976474740299#xauwhpkxo530lzmjyt3uj42b;9637;1;0
Lakeplacidlodge.com-0105-2017Redesign;en-US;636408976476924327#l5qcjgvaxjks53ordn1rgdor;32805;1;0
Broadmoor.com-0073-2016Redesign;en-US;636408976480824377#hgniecvdst5z4uiwxjolsfsi;38059;1;0
Hospitalityupgrade.com-0093-2016Redesign;en-US;636408976481136381#fqiwzymxpuvth15y3b3v4oin;25405;1;0
Cendyn.com-0095-2016Redesign;en-US;636408976481136381#zuevb3zxxtcbybzakw2zywae;26640;1;0
Hospitalityupgrade.com-0093-2016Redesign;en-US;636408976483008405#kvpgdfdtuj3cmncgq3koeomu;22790;1;0
theweststreethotel.com-0115-2017Redesign;en-US;636408976483164407#hafsnupmz15042djai4ie10t;36683;1;0
Thesagamore.com-0112-2017Redesign;en-US;636408976484880429#5bav5cwyrheuitrnrymkm05b;33922;1;0
Edgewaternaples.com-0094-2016Redesign;en-US;636408976486596451#pw1vx3gcviynjub2y5pdtwdt;25239;1;0
Hospitalityupgrade.com-0093-2016Redesign;en-US;636408976489248485#kvpgdfdtuj3cmncgq3koeomu;22790;1;0
Broadmoor.com-0073-2016Redesign;en-US;636408976490028495#l5yk23g52jqlqrsw0ctevvax;16721;1;0
Delraysandsresort.com-0097-2016Redesign;en-US;636408976490652503#5qvtw5qrkkdjpemhbcjzny5v;38049;1;0
Sandpearl.com-0091-2016Redesign;en-US;636408976491276511#fapnioallqvcca5k2l5yrjnk;38056;1;0
Glencovemansion.com-0058-2015Redesign;en-US;636408976494552553#gxfrxgj4oabykq4zu3zakitg;13328;1;0
Lakeplacidlodge.com-0105-2017Redesign;en-US;636408976495800569#vmdof1zzwa42wat33ydezbzj;28545;1;0
Edgewaternaples.com-0094-2016Redesign;en-US;636408976500324627#deosayn2tozl5z1idtvp5or2;25239;1;0
Washingtoncourthotel.com-0076-2016Redesign;en-US;636408976502508655#qplih32ab2wnwxxnccrekkzp;17858;1;0
Theharborsidehotel.com-0114-2017Redesign;en-US;636408976502508655#s11rjuwy00xp1qw2b4jdrw5o;40403;1;0
Opalsands.com-0084-2016Redesign;en-US;636408976502508655#igozlkonzkjuqy5ulrcwato1;38055;1;0
Oxfordclubspa.com-0068-2016Redesign;en-US;636408976502508655#xqk4wtytojlvnnizup0bprqj;15568;1;0
Bluebirch.com-0072-2016Redesign;en-US;636408976502664657#tnmaj3y1pnggaa4o2gtxmnsl;16693;1;0
Hhotellosangeles.com-0118-2017Redesign;en-US;636408976502664657#0sqnwdn0orajfwderivmq3bq;35289;1;0
Thecrawfordhotel.com-0074-2016Redesign;en-US;636408976502664657#5pqrcqhis1b2slcmiqx2h5m2;17145;1;0
Glencovemansion.com-0058-2015Redesign;en-US;636408976502664657#zitu01stz3yzhsenxwhpuvnc;13328;1;0
Luxehotels.com-0078-2016Redesign;en-US;636408976503288665#eke5jxezipe4nlvt1li05h03;18805;1;0
Beverlyhillsresidenceinn.com-0087-2016Redesign;en-US;636408976503288665#zcvolupuzf4zvtkgg5shfeqh;20999;1;0
Bocatrans.com-0082-2016Redesign;en-US;636408976503288665#1431svlfg1gu4o4lw2r2k2ag;19758;1;0
Samosetresort.com-0113-2017Redesign;en-US;636408976503288665#oufeqllfa3ozo01pxoqabdvx;40334;1;0
Assuranceoperations.com-0065-2015Redesign;en-US;636408976503288665#bzkkz22mv3paqa4v2nr23jun;15263;1;0
Meateatery.com-0080-2016Redesign;en-US;636408976503444667#wampxeqz1ym3rzwf2b5jzbaq;18505;1;0
Jbdukehotel.com-0086-2016Redesign;en-US;636408976503444667#ocybrumlkduxfogr4vm4bzvu;21918;1;0
Texturefoodanddrink.com-0067-2016Redesign;en-US;636408976503444667#0dzpzgwnp4kbk5wu0jg3gylq;15452;1;0
Abbingtonbanquets.com-0070-2016Redesign;en-US;636408976503444667#kqxvfqiarbhviec445yyk5p1;15789;1;0
Galthouse.com-0042-2015Redesign;en-US;636408976503444667#ogpiwzrom31v2zo2sypqdr1a;38060;1;0
Homewoodsuiteslax.com-0110-2017Redesign;en-US;636408976503444667#pmbtt3whc3cjq455lmfb0jrf;30747;1;0
Halcyonhotelcherrycreek.com-0061-2015Redesign;en-US;636408976503444667#vk03p4j1j5qyckrkn1eyghkb;22121;1;0
Chrco.com-0107-2017Redesign;en-US;636408976503444667#w32jblaxi3jcbl3l2omspnu1;29280;1;0
Edgewaternaples.com-0094-2016Redesign;en-US;636408976503444667#l0an4wqpmrjt0easluremtm4;38051;1;0
Sandylane.com-0075-2016Redesign;en-US;636408976503600669#jsy3n2lp35iy3r4n5yblicsa;17611;1;0
Naiaresortandspa.com-0077-2016Redesign;en-US;636408976503600669#kmgaqvdnn10pdgrmdwuhqgw4;20455;1;0
Lakeplacidlodge.com-0105-2017Redesign;en-US;636408976503600669#mp2ntgnwzz5tvdji2y3bshfb;39238;1;0
Thecurtis.com-0079-2016Redesign;en-US;636408976503600669#5mxl15wpqe2i5dux5eddww4j;17981;1;0
Jupiterbeachresort.com-0103-2017Redesign;en-US;636408976503600669#cfhoxela2l54p32iqe0o2q0g;38052;1;0
Theoxfordhotel.com-0062-2015Redesign;en-US;636408976503600669#wedbai022jbyl3ykgy23s34m;14325;1;0
Zotabeachresort.com-0090-2016Redesign;en-US;636408976503600669#ozksgfbalf3siy23bcj24ccw;38058;1;0
Treasureislandbeachresort.com-0089-2016Redesign;en-US;636408976503756671#f3mrfrc2bcptbmlzcsbexnm0;38057;1;0
Degreerestaurant.com-0056-2015Redesign;en-US;636408976503756671#dkxiplwqqastbmpdtqp1jmhp;11598;1;0
Samosetresort.com-0113-2017Redesign;en-US;636408976504224677#xtz33swjhsgf4ygnsbhupagc;32541;1;0
Thesagamore.com-0112-2017Redesign;en-US;636408976506408705#pi002cljyifua5x1qph0elu4;32339;1;0
theweststreethotel.com-0115-2017Redesign;en-US;636408976508904737#hafsnupmz15042djai4ie10t;36683;1;0
Cphollywoodbeach.com-0032-2015Redesign;en-US;636408976509840749#jq1rmzqjzanrq3nx3ruzqfoy;7854;1;0
Hospitalityupgrade.com-0093-2016Redesign;en-US;636408976510152753#udjlcpmoqigvihssddx05b5r;25405;1;0
Passport.lehotels.com-0069-2016BlogRedesign;en-US;636408976510152753#r1p0va3lfqgmsuyd3wxlwlyj;41068;1;0
Cendyn.com-0095-2016Redesign;en-US;636408976510152753#j3qs115m2yw5202x3tkay2jz;26640;1;0
Cendyn.com-0095-2016Redesign;en-US;636408976510152753#pp01czskn2l5fpviixbuhzb0;26640;1;0
Cendyn.com-0095-2016Redesign;en-US;636408976510152753#cybqs2vcysbsdxxmsgmtyuyz;26640;1;0
Cendyn.com-0095-2016Redesign;en-US;636408976510152753#brv4f4bf0zxmf1znct0gu102;26640;1;0
theweststreethotel.com-0115-2017Redesign;en-US;636408976514052803#hafsnupmz15042djai4ie10t;36683;1;0
Edgewaternaples.com-0094-2016Redesign;en-US;636408976514052803#okwhowy4wtola2ofuu1rnnwb;25239;1;0
Thesagamore.com-0112-2017Redesign;en-US;636408976517484847#k10efp01lolzg5cp2m0lwhjt;33577;1;0
Cocokeyorlando.com-0059-2015Redesign;en-US;636408976518576861#f0fuda5qf2l1j2n3oivrgbxq;12394;1;0
Thesagamore.com-0112-2017Redesign;en-US;636408976520916891#csboanjyxlihxnzg1ny0dyys;39241;1;0
Lidobeachresort.com-0106-2017Redesign;en-US;636408976521384897#vcqcadagqa0zf4o1jvcqg245;38053;1;0
Napavalleymarriott.com-0071-2016Redesign;en-US;636408976521852903#xgz41goj5i3qrkixcsbtkhno;16432;1;0
Longboatkeyclub.com-0104-2017Redesign;en-US;636408976522008905#twah4bksl2wu4d2y4pmdnya5;38054;1;0
Edgewaternaples.com-0094-2016Redesign;en-US;636408976527000969#cjgxjyho4o4jmv4ym530lcsz;25239;1;0
Cendyn.com-0095-2016Redesign;en-US;636408976530901019#pgwpnkdjuire3lubjrpytia0;26640;1;0
Broadmoor.com-0073-2016Redesign;en-US;636408976530901019#0k44eucr1pkby42fulq4x3ki;38059;1;0
Thesagamore.com-0112-2017Redesign;en-US;636408976531525027#zmfm05wayy5jix3fgkasbqbr;32339;1;0
Samosetresort.com-0113-2017Redesign;en-US;636408976534021059#xtz33swjhsgf4ygnsbhupagc;32541;1;0
Broadmoor.com-0073-2016Redesign;en-US;636408976534021059#k0vt5b02fuiasr1pb2wdtmoe;16721;1;0
Miravalspamonarchbeach.com-0109-2017Redesign;en-US;636408976534489065#n2fmncog2hefvjyy3mokbrql;31709;1;0
Thesagamore.com-0112-2017Redesign;en-US;636408976538701119#zmfm05wayy5jix3fgkasbqbr;32339;1;0
Thecurtis.com-0079-2016Redesign;en-US;636408976539169125#ewe20qvbzt4hkvh5rqkprrxz;17981;1;0
Theoxfordhotel.com-0062-2015Redesign;en-US;636408976539169125#5uomsxarisjvikixr2gkt1qt;14325;1;0
Edgewaternaples.com-0094-2016Redesign;en-US;636408976539481129#c0khcttvidyel4tsk0wy4b1s;25239;1;0
Delraysandsresort.com-0097-2016Redesign;en-US;636408976540573143#ljrfgaakouvq0tudki1zd0jk;38049;1;0
Sandpearl.com-0091-2016Redesign;en-US;636408976541353153#jeerh2l1w3loczkbumup4vnx;38056;1;0
Casaybelresort.com-0002-2014Redesign;en-US;636408976541509155#3yhyhbzdhd0ntau2jxetj2bx;1613;1;0
theweststreethotel.com-0115-2017Redesign;en-US;636408976542913173#hafsnupmz15042djai4ie10t;36683;1;0
Theoxfordhotel.com-0062-2015Redesign;en-US;636408976544629195#jwijncgvfwo2o5fjhnjmtr22;14325;1;0
theweststreethotel.com-0115-2017Redesign;en-US;636408976545565207#hafsnupmz15042djai4ie10t;36683;1;0
Samosetresort.com-0113-2017Redesign;en-US;636408976549309255#o4mutjsyumd0kpidirrekb5y;35129;1;0
Washingtoncourthotel.com-0076-2016Redesign;en-US;636408976549465257#msrjwsui23van0uurfa1yrh0;17858;1;0
Hospitalityupgrade.com-0093-2016Redesign;en-US;636408976550713273#54ledva040y01nthpjfra11r;22790;1;0
Edgewaternaples.com-0094-2016Redesign;en-US;636408976552273293#p5agoaryd5rktzpdxj3c3chw;25239;1;0
Hhotellosangeles.com-0118-2017Redesign;en-US;636408976553209305#0mfa4ej5gjd531bwodn10nkr;35289;1;0
Thecurtis.com-0079-2016Redesign;en-US;636408976553365307#nfjlivvwyohoswdarw30s0fp;17981;1;0
Opalsands.com-0084-2016Redesign;en-US;636408976553365307#zny4l4fexldqmqf2vawgdooi;38055;1;0
Meateatery.com-0080-2016Redesign;en-US;636408976553365307#sxxtiw4ykyzuer5gdixhymjw;18505;1;0
Thecrawfordhotel.com-0074-2016Redesign;en-US;636408976553365307#a5tonmibzgk43uv4l2syymdi;17145;1;0
Bocatrans.com-0082-2016Redesign;en-US;636408976553365307#iw0huq5qtpv5ep1llgbbun0m;19758;1;0
Sandylane.com-0075-2016Redesign;en-US;636408976553365307#x54j5zcwirq0jrg0qp2jxu11;17611;1;0
Degreerestaurant.com-0056-2015Redesign;en-US;636408976553521309#uvhldrf0j2ensy5hne4q0mx5;11598;1;0
Abbingtonbanquets.com-0070-2016Redesign;en-US;636408976553521309#fh1k14vyvhjhyykopg0gzj4b;15789;1;0
Oxfordclubspa.com-0068-2016Redesign;en-US;636408976553521309#codfofyot10pc4ki1nfdlvhn;15568;1;0
Assuranceoperations.com-0065-2015Redesign;en-US;636408976553521309#ipzik1iu0t35phohpgdv4xhg;15263;1;0
Theharborsidehotel.com-0114-2017Redesign;en-US;636408976553521309#tliccikednw1kqctxtevt5d1;40403;1;0
Theoxfordhotel.com-0062-2015Redesign;en-US;636408976553677311#1aqjgbjn0byzehas31ikggrf;14325;1;0
Texturefoodanddrink.com-0067-2016Redesign;en-US;636408976553677311#q34qvmwtxxwwcuhvdo4c5nd2;15452;1;0
Chrco.com-0107-2017Redesign;en-US;636408976553677311#xxb1nsmnas4teoeg4xfacsg1;29280;1;0
Halcyonhotelcherrycreek.com-0061-2015Redesign;en-US;636408976553677311#qq1nw2cwdvwpipgp0nr0izs5;22121;1;0
Zotabeachresort.com-0090-2016Redesign;en-US;636408976553677311#vub4fpklllbvic5pwoyuelod;38058;1;0
Luxehotels.com-0078-2016Redesign;en-US;636408976553677311#w2wmvhg3so5mmwpkb0hkmdwh;18805;1;0
Bluebirch.com-0072-2016Redesign;en-US;636408976553677311#3crxtmao5ef4sukcquhlcixc;16693;1;0
Homewoodsuiteslax.com-0110-2017Redesign;en-US;636408976553677311#hvrokkukhftnjb3kj0hvjuih;30747;1;0
Samosetresort.com-0113-2017Redesign;en-US;636408976553833313#mzrqn0f1c4awrcx4wpxfbdf5;40334;1;0
Naiaresortandspa.com-0077-2016Redesign;en-US;636408976553833313#porl5fdjf1tz5wubrhpbe3gu;20455;1;0
Lakeplacidlodge.com-0105-2017Redesign;en-US;636408976553833313#wo3noqfawla1qyl04vbjysiz;39238;1;0
Jupiterbeachresort.com-0103-2017Redesign;en-US;636408976553833313#g5czjmgeowhluztpysv3yocw;38052;1;0
Galthouse.com-0042-2015Redesign;en-US;636408976553833313#hsokq5pmneehla0dqqwqkul0;38060;1;0
Treasureislandbeachresort.com-0089-2016Redesign;en-US;636408976553833313#axxizd34ylgsn1i5budhbfyd;38057;1;0
Glencovemansion.com-0058-2015Redesign;en-US;636408976553989315#shx0ii0dbfe03pjen0javpmj;13328;1;0
Edgewaternaples.com-0094-2016Redesign;en-US;636408976553989315#wcupqc4spaj4s5r5xujes5du;38051;1;0
Beverlyhillsresidenceinn.com-0087-2016Redesign;en-US;636408976553989315#e0lbohqlwicxjq2q4i3bf41t;20999;1;0
Jbdukehotel.com-0086-2016Redesign;en-US;636408976553989315#hbpqnn55m23nkugltaufne1f;21918;1;0
Washingtoncourthotel.com-0076-2016Redesign;en-US;636408976553989315#hk5fkjoadlwy4hz2g0djwywq;17858;1;0
Cendyn.com-0095-2016Redesign;en-US;636408976560073393#agpzgmehzkseia2hw0uvolp0;26640;1;0
Passport.lehotels.com-0069-2016BlogRedesign;en-US;636408976560073393#b1yql0l1srwwelpaaastnin5;41068;1;0
Cendyn.com-0095-2016Redesign;en-US;636408976560229395#13dvh25tz2mmgimw101gpqig;26640;1;0
Cendyn.com-0095-2016Redesign;en-US;636408976560385397#k1z1rlmbdmjd3e2rvkifektf;26640;1;0
Hospitalityupgrade.com-0093-2016Redesign;en-US;636408976560385397#htcgva0do0b1jpi2jc4tzxtj;25405;1;0
Cendyn.com-0095-2016Redesign;en-US;636408976560385397#3hd1uecb0qv2wgfpgovyn20u;26640;1;0
Thesagamore.com-0112-2017Redesign;en-US;636408976561321409#yaromprvplqefkf4as4bdztq;33921;1;0
Treasureislandbeachresort.com-0089-2016Redesign;en-US;636408976562413423#mw5roxjx3wppbyooi5oeuwed;22169;1;0
Theoxfordhotel.com-0062-2015Redesign;en-US;636408976562413423#fa1cxkl4sqy5a1a2eefm5lsd;14325;1;0
Theoxfordhotel.com-0062-2015Redesign;en-US;636408976564597451#fa1cxkl4sqy5a1a2eefm5lsd;14325;1;0
Thesagamore.com-0112-2017Redesign;en-US;636408976564909455#yaromprvplqefkf4as4bdztq;32348;1;0
Edgewaternaples.com-0094-2016Redesign;en-US;636408976566001469#wgwuznmp1ahvp42glomckp2f;25239;1;0
Galthouse.com-0042-2015Redesign;en-US;636408976566313473#y0sa51ao2ua53dwb2ry34xwk;31905;1;0
Thesagamore.com-0112-2017Redesign;en-US;636408976570837531#gjx2loqq4cxcditgn2stnmuu;39241;1;0
Longboatkeyclub.com-0104-2017Redesign;en-US;636408976570993533#4ut4ninapjrznn2f5htr450p;38054;1;0
Napavalleymarriott.com-0071-2016Redesign;en-US;636408976571149535#3pvgb4hvovkiq3dwh51pxvcb;16432;1;0
Sandylane.com-0075-2016Redesign;en-US;636408976571305537#2s25rzkwtt23mlbpb1ztqedk;17697;1;0
Lidobeachresort.com-0106-2017Redesign;en-US;636408976571305537#hpi0ggrnzj2yilutcy4zj1br;38053;1;0
Broadmoor.com-0073-2016Redesign;en-US;636408976571305537#kqrqmwmrsml4xckgwe2nklnw;16721;1;0
Thesagamore.com-0112-2017Redesign;en-US;636408976572865557#qdjxgtenwxqveezsxm3ew5m0;32339;1;0
theweststreethotel.com-0115-2017Redesign;en-US;636408976573957571#hafsnupmz15042djai4ie10t;36683;1;0
Broadmoor.com-0073-2016Redesign;en-US;636408976574581579#kqrqmwmrsml4xckgwe2nklnw;16721;1;0
Broadmoor.com-0073-2016Redesign;en-US;636408976574737581#1g0li4l25mru5jvnsfxw1adk;18259;1;0
saddlebrook.com-0011-2014Redesign;en-US;636408976574893583#hsj32gjqj3yu2tjkjen3bntp;3385;1;0
theweststreethotel.com-0115-2017Redesign;en-US;636408976576297601#hafsnupmz15042djai4ie10t;36683;1;0
Edgewaternaples.com-0094-2016Redesign;en-US;636408976577857621#mat0odan1vhxo5zjcb1nxh5j;25239;1;0
saddlebrook.com-0011-2014Redesign;en-US;636408976578325627#hsj32gjqj3yu2tjkjen3bntp;3385;1;0
Thesagamore.com-0112-2017Redesign;en-US;636408976579573643#qdjxgtenwxqveezsxm3ew5m0;32339;1;0
Thesagamore.com-0112-2017Redesign;en-US;636408976580353653#yaromprvplqefkf4as4bdztq;33921;1;0
Cendyn.com-0095-2016Redesign;en-US;636408976580821659#l3i01klcaspww2xjeokfgx0u;26640;1;0
Broadmoor.com-0073-2016Redesign;en-US;636408976580977661#xxuhw0eyb4zfwwdvfhmi34f5;38059;1;0
Thesagamore.com-0112-2017Redesign;en-US;636408976581133663#qdjxgtenwxqveezsxm3ew5m0;32339;1;0
Broadmoor.com-0073-2016Redesign;en-US;636408976584409705#ppnsddbvgunohrhtlirn1vnk;16721;1;0
Thesagamore.com-0112-2017Redesign;en-US;636408976585501719#yaromprvplqefkf4as4bdztq;33924;1;0
Lakeplacidlodge.com-0105-2017Redesign;en-US;636408976585813723#cm0eklrx1vohvixzymjxlujg;28545;1;0
Monarchbeachresort.com-0092-2016Redesign;en-US;636408976586593733#hpdgvz31vu0wmm01mxmcxztq;22725;1;0
Lakeplacidlodge.com-0105-2017Redesign;en-US;636408976586749735#l5qcjgvaxjks53ordn1rgdor;32807;1;0
Lakeplacidlodge.com-0105-2017Redesign;en-US;636408976588933763#cm0eklrx1vohvixzymjxlujg;28545;1;0
Thesagamore.com-0112-2017Redesign;en-US;636408976589401769#erq00nmmwv3jeurtmbtzczfn;32355;1;0
Samosetresort.com-0113-2017Redesign;en-US;636408976590025777#xtz33swjhsgf4ygnsbhupagc;32541;1;0
Delraysandsresort.com-0097-2016Redesign;en-US;636408976590649785#dlxrvxm0c2z45x45jy0lvcfg;38049;1;0
Sandpearl.com-0091-2016Redesign;en-US;636408976591273793#tnlujeizptoed4cfmsy44off;38056;1;0
Washingtondukeinn.com-0024-2014Redesign;en-US;636408976592053803#yrjnyd0dbk0nqyol5wxqes00;4524;1;0
Thesagamore.com-0112-2017Redesign;en-US;636408976592209805#yaromprvplqefkf4as4bdztq;33924;1;0
Edgewaternaples.com-0094-2016Redesign;en-US;636408976595173843#fe4q5jfynxfljzkchuc2v2pq;25239;1;0
Lehotels.com-0049-2015Transfer;en-US;636408976598137881#5jr1myvds04xihgsa43ianvh;13661;1;0
Thecurtis.com-0079-2016Redesign;en-US;636408976602505937#i1gzbe3p1riciaknpra1odqr;17981;1;0
Oxfordclubspa.com-0068-2016Redesign;en-US;636408976602505937#0hfz5w5ytojpb3wv0qw0p41h;15568;1;0
Meateatery.com-0080-2016Redesign;en-US;636408976602505937#slryvqgobxkhtgw2hea4d2zl;18505;1;0
Zotabeachresort.com-0090-2016Redesign;en-US;636408976602505937#fzu1pqrbgpb0qrihkgegct3e;38058;1;0
Theharborsidehotel.com-0114-2017Redesign;en-US;636408976602505937#kpp25zreyxwkijhtudxs5p55;40403;1;0
Chrco.com-0107-2017Redesign;en-US;636408976602505937#g5bszk43v4005zi3ulk0o4tv;29280;1;0
Thecrawfordhotel.com-0074-2016Redesign;en-US;636408976602817941#ulqpwqa2j5ureq4xlkrdlhc3;17145;1;0
Degreerestaurant.com-0056-2015Redesign;en-US;636408976602973943#moritawl4kow1rsjeol4ubc1;11598;1;0
Hhotellosangeles.com-0118-2017Redesign;en-US;636408976602973943#5qvjadlajao1pgj0qk1mpuwo;35289;1;0
Glencovemansion.com-0058-2015Redesign;en-US;636408976602973943#yrn304uup5qqgljnzvnroui4;13328;1;0
Bluebirch.com-0072-2016Redesign;en-US;636408976602973943#p45honbsf3ylb4atkj5md2lo;16693;1;0
Abbingtonbanquets.com-0070-2016Redesign;en-US;636408976602973943#ywl5fmsfixyjngnrx22s0b1j;15789;1;0
Jbdukehotel.com-0086-2016Redesign;en-US;636408976603129945#g1eorhkwi5qfagy051zwdf4v;21918;1;0
Lakeplacidlodge.com-0105-2017Redesign;en-US;636408976603129945#fq5xubcqht3nrl4epyulsao0;39238;1;0
Texturefoodanddrink.com-0067-2016Redesign;en-US;636408976603285947#fkjftfwggpn2f0jky4u0b3ya;15452;1;0
Bocatrans.com-0082-2016Redesign;en-US;636408976603285947#eynbnvjo1jhh5mbcqkxdq5jt;19758;1;0
Samosetresort.com-0113-2017Redesign;en-US;636408976603285947#xkzz5441k3xh1i2sfqwamasi;40334;1;0
Washingtoncourthotel.com-0076-2016Redesign;en-US;636408976603285947#y0lxsx1zv0zpz4hgjwxdtd1x;17858;1;0
Treasureislandbeachresort.com-0089-2016Redesign;en-US;636408976603285947#wor0gfo31xewkwru1lky0jbq;38057;1;0
Thesagamore.com-0112-2017Redesign;en-US;636408976603285947#0x3g5aslyiucjjuhy5qxynyr;33476;1;0
Sandylane.com-0075-2016Redesign;en-US;636408976603285947#10d5e2opzt0h0c1g2a52tpea;17611;1;0
Naiaresortandspa.com-0077-2016Redesign;en-US;636408976603441949#svmsr2f5fxobfgh415fhy5kw;20455;1;0
Homewoodsuiteslax.com-0110-2017Redesign;en-US;636408976603441949#qq3fm4c3gkgv3wqgojhfwpoy;30747;1;0
Assuranceoperations.com-0065-2015Redesign;en-US;636408976603441949#hdq4leluszwbxctozm1mvsgg;15263;1;0
Edgewaternaples.com-0094-2016Redesign;en-US;636408976603441949#mwcusj5ngyvpiap5eyu32jvv;38051;1;0
Halcyonhotelcherrycreek.com-0061-2015Redesign;en-US;636408976603441949#4vhihvp4jl5mxcuf20klx03e;22121;1;0
Theoxfordhotel.com-0062-2015Redesign;en-US;636408976603441949#hoylcjt3xu3wo5cxiotayxkt;14325;1;0
Beverlyhillsresidenceinn.com-0087-2016Redesign;en-US;636408976603441949#z1so3resjrzzvnienarvtrly;20999;1;0
Luxehotels.com-0078-2016Redesign;en-US;636408976603441949#nti2keqhsiwdsxyjlgcy542i;18805;1;0
Jupiterbeachresort.com-0103-2017Redesign;en-US;636408976603597951#513dx0bzninfyjlzzdr4e30p;38052;1;0
Opalsands.com-0084-2016Redesign;en-US;636408976603597951#metor21pm2wlquyxteqic0yg;38055;1;0
Galthouse.com-0042-2015Redesign;en-US;636408976603753953#0fecv2rokiwpn41hrv5t3wpi;38060;1;0
theweststreethotel.com-0115-2017Redesign;en-US;636408976604845967#hafsnupmz15042djai4ie10t;36683;1;0
theweststreethotel.com-0115-2017Redesign;en-US;636408976607810005#hafsnupmz15042djai4ie10t;36683;1;0
Cendyn.com-0095-2016Redesign;en-US;636408976610150035#3quxkjzmeonxck1ab1xhfehs;26640;1;0
Cendyn.com-0095-2016Redesign;en-US;636408976610150035#s2squsewho3n0p3vb3wkocek;26640;1;0
Cendyn.com-0095-2016Redesign;en-US;636408976610150035#44jshfwfiba3u1uivbmjv45c;26640;1;0
Cendyn.com-0095-2016Redesign;en-US;636408976610306037#l0tt0b1fism2v2ybyevxdz4n;26640;1;0
Hospitalityupgrade.com-0093-2016Redesign;en-US;636408976610306037#0n1dwfyizjfpg4v4dasuiwxb;25405;1;0
Broadmoor.com-0073-2016Redesign;en-US;636408976610462039#zv0w1ov141piwbpe0nuroapo;16721;1;0
Passport.lehotels.com-0069-2016BlogRedesign;en-US;636408976610462039#fan1z23akrirftem3r2d24dw;41068;1;0
Samosetresort.com-0113-2017Redesign;en-US;636408976611242049#20cei5d3l1zrnaowneloi2kt;32541;1;0
Samosetresort.com-0113-2017Redesign;en-US;636408976611866057#hx4mbmm5hfbcungaisst1tlm;32541;1;0
Lakeplacidlodge.com-0105-2017Redesign;en-US;636408976612802069#wo0rdvtl1hs5nlssov3pfaem;28545;1;0
Lakeplacidlodge.com-0105-2017Redesign;en-US;636408976616234113#wo0rdvtl1hs5nlssov3pfaem;28545;1;0
Broadmoor.com-0073-2016Redesign;en-US;636408976617482129#0rc0i5dgg5emiuxhly4of2zd;16724;1;0
Samosetresort.com-0113-2017Redesign;en-US;636408976617950135#hx4mbmm5hfbcungaisst1tlm;32541;1;0
Thesagamore.com-0112-2017Redesign;en-US;636408976620758171#gr4lq1g4ztv32eb4qju0sfrv;39241;1;0
Lidobeachresort.com-0106-2017Redesign;en-US;636408976620914173#kcm2s4pdjs0z4mj2decpstx4;38053;1;0
Longboatkeyclub.com-0104-2017Redesign;en-US;636408976620914173#gby4ulgabalr4wwo4uakjsoz;38054;1;0
Broadmoor.com-0073-2016Redesign;en-US;636408976621694183#0rc0i5dgg5emiuxhly4of2zd;16724;1;0
Napavalleymarriott.com-0071-2016Redesign;en-US;636408976622162189#2onrss2tnlnm5nxteskchf4h;16432;1;0
Jupiterbeachresort.com-0103-2017Redesign;en-US;636408976623722209#h3spdv0smozjm5xslqjxzutp;28158;1;0
Edgewaternaples.com-0094-2016Redesign;en-US;636408976624034213#fuxdjbbfxju35vgn01ohbrew;25239;1;0
Jupiterbeachresort.com-0103-2017Redesign;en-US;636408976629962289#h3spdv0smozjm5xslqjxzutp;28158;1;0
Broadmoor.com-0073-2016Redesign;en-US;636408976630742299#fc4mul213ih5wyxfxgart2j1;16721;1;0
Cendyn.com-0095-2016Redesign;en-US;636408976630898301#2gbbkafafjlwqf4onnfqnffm;26640;1;0
Broadmoor.com-0073-2016Redesign;en-US;636408976630898301#2nyb5xt5giz2zs2tjztn2sjl;38059;1;0
Lakeplacidlodge.com-0105-2017Redesign;en-US;636408976632614323#nfp31veazpklgon4ndkqejw2;28545;1;0
theweststreethotel.com-0115-2017Redesign;en-US;636408976637138381#hafsnupmz15042djai4ie10t;36683;1;0
Cocokeyorlando.com-0059-2015Redesign;en-US;636408976639166407#akjswx13qer1fbwipy4pidk0;12394;1;0
Delraysandsresort.com-0097-2016Redesign;en-US;636408976640570425#muoyafgcqys4akoebny5lpyn;38049;1;0
Lakeplacidlodge.com-0105-2017Redesign;en-US;636408976641506437#nfp31veazpklgon4ndkqejw2;28545;1;0
Sandpearl.com-0091-2016Redesign;en-US;636408976641662439#mlyo0vrj30qsbmii5meb2rsk;38056;1;0
Lakeplacidlodge.com-0105-2017Redesign;en-US;636408976643534463#nfp31veazpklgon4ndkqejw2;28545;1;0
Broadmoor.com-0073-2016Redesign;en-US;636408976643690465#ydzfhqa1n5hf0sr0hltqxb3y;21230;1;0
Cocokeyorlando.com-0059-2015Redesign;en-US;636408976646810505#swkdlqhn5u5n0f2z0gji4dw1;12394;1;0
Cocokeyorlando.com-0059-2015Redesign;en-US;636408976648526527#swkdlqhn5u5n0f2z0gji4dw1;12394;1;0
Thelodgeatwoodloch.com-0033-2015Redesign;en-US;636408976648994533#3wpvqllxmzp3r0hey0xdegp3;9920;1;0
Thelodgeatwoodloch.com-0033-2015Redesign;en-US;636408976650710555#p14fq5kz4ccctzwf4ounafuk;7764;1;0
Meateatery.com-0080-2016Redesign;en-US;636408976652426577#z1rnimm2if53gtiulb1hrtrr;18505;1;0
Oxfordclubspa.com-0068-2016Redesign;en-US;636408976652426577#qug3jhdtrwwkgppaqdir3wam;15568;1;0
Thecurtis.com-0079-2016Redesign;en-US;636408976652426577#lxxbqa55yba0bqvrmyv5ncwt;17981;1;0
Chrco.com-0107-2017Redesign;en-US;636408976652582579#m0byifcakwivt3vojw2odtx0;29280;1;0
Hhotellosangeles.com-0118-2017Redesign;en-US;636408976652582579#5qlmixyqqacih4ajxqubujhp;35289;1;0
Glencovemansion.com-0058-2015Redesign;en-US;636408976652582579#1vxlaafnnmb05uiadyhon2wl;13328;1;0
Homewoodsuiteslax.com-0110-2017Redesign;en-US;636408976652738581#lxjfnh5xpluhyry3z40rndyg;30747;1;0
Jbdukehotel.com-0086-2016Redesign;en-US;636408976652738581#dhngmo3j1de4ejl5crh4mgiv;21918;1;0
Zotabeachresort.com-0090-2016Redesign;en-US;636408976652738581#h1ujf44qjp4qutayytunkees;38058;1;0
Texturefoodanddrink.com-0067-2016Redesign;en-US;636408976652894583#ueegbwcr30pgdji0crceoa4p;15452;1;0
Treasureislandbeachresort.com-0089-2016Redesign;en-US;636408976652894583#42mvgjzxsxuasn1kf45uuqxt;38057;1;0
Beverlyhillsresidenceinn.com-0087-2016Redesign;en-US;636408976652894583#i10lp3i30dqqx0es54qsc12x;20999;1;0
Theharborsidehotel.com-0114-2017Redesign;en-US;636408976652894583#v0eddfdenw2ccze4a4myxk5b;40403;1;0
Edgewaternaples.com-0094-2016Redesign;en-US;636408976652894583#5qznxpt5yeuopemo5ghxmysd;38051;1;0
Samosetresort.com-0113-2017Redesign;en-US;636408976653050585#uqdun5fbygqyfad51gvgxch2;40334;1;0
Assuranceoperations.com-0065-2015Redesign;en-US;636408976653050585#afv3sbul0xqhjdhrpgya2oys;15263;1;0
Bocatrans.com-0082-2016Redesign;en-US;636408976653206587#0rgeg3bv5j12zhq515xsmsa0;19758;1;0
Washingtoncourthotel.com-0076-2016Redesign;en-US;636408976653206587#e5b0231hzzqbvx0e15dfr0z0;17858;1;0
Degreerestaurant.com-0056-2015Redesign;en-US;636408976653362589#vbbk1wrplh2t15312bz0fhwz;11598;1;0
Abbingtonbanquets.com-0070-2016Redesign;en-US;636408976653362589#klcioz0u0htyqytkd0wxvvlz;15789;1;0
Theoxfordhotel.com-0062-2015Redesign;en-US;636408976653362589#4v2ntrunywvikumhoqtbcml4;14325;1;0
Naiaresortandspa.com-0077-2016Redesign;en-US;636408976653518591#npvaxt41x1mptfx0mufpfxf1;20455;1;0
Opalsands.com-0084-2016Redesign;en-US;636408976653518591#aioq3axcfejkbej0tnmx3crf;38055;1;0
Thecrawfordhotel.com-0074-2016Redesign;en-US;636408976654142599#lu4zliqikak5h4mstt2cabqa;17145;1;0
Galthouse.com-0042-2015Redesign;en-US;636408976654298601#rlf00n1hfrxwswyojg5bzl5k;38060;1;0
Samosetresort.com-0113-2017Redesign;en-US;636408976654298601#hx4mbmm5hfbcungaisst1tlm;32541;1;0
Luxehotels.com-0078-2016Redesign;en-US;636408976654298601#mtmeozumavsghetjzjvoz0bz;18805;1;0
Bluebirch.com-0072-2016Redesign;en-US;636408976654298601#x14kosiyzueze4sr1dqdvyqv;16693;1;0
Halcyonhotelcherrycreek.com-0061-2015Redesign;en-US;636408976654454603#yrcfcsidauqaswt3omesj1xv;22121;1;0
Lakeplacidlodge.com-0105-2017Redesign;en-US;636408976654454603#tjrctefu1d4c0owp3k4ukbga;39238;1;0
Jupiterbeachresort.com-0103-2017Redesign;en-US;636408976654610605#adb4wge43defndlumomd1rwc;38052;1;0
Sandylane.com-0075-2016Redesign;en-US;636408976654610605#dgp1xaoyn34dvvrcpe1jlkix;17611;1;0
Broadmoor.com-0073-2016Redesign;en-US;636408976656950635#hdw2ay1fc0zcz35npkphexl5;17465;1;0
Broadmoor.com-0073-2016Redesign;en-US;636408976658666657#kqrqmwmrsml4xckgwe2nklnw;16756;1;0
Hospitalityupgrade.com-0093-2016Redesign;en-US;636408976660070675#u0lifrxclttrivkopyhkzndx;25405;1;0
Cendyn.com-0095-2016Redesign;en-US;636408976660070675#p3bxhr1brk5gkxfcmildcnvk;26640;1;0
Cendyn.com-0095-2016Redesign;en-US;636408976660070675#x5xd4gwezchs0v1kjoyuwjys;26640;1;0
Cendyn.com-0095-2016Redesign;en-US;636408976660070675#rycrn5fuhyvli4uv0iuilqio;26640;1;0
Cendyn.com-0095-2016Redesign;en-US;636408976660070675#ktueiy4qpxtn1vr0cadkq32y;26640;1;0
Passport.lehotels.com-0069-2016BlogRedesign;en-US;636408976660226677#5pu5jovjsdg4mqt3er5agqpi;41068;1;0
wentworthcom00212014redesign;en-US;636408976661474693#4enshdyruallzank0efyi3vj;26679;1;0
Cocokeyorlando.com-0059-2015Redesign;en-US;636408976664282729#akjswx13qer1fbwipy4pidk0;12394;1;0
Cocokeyorlando.com-0059-2015Redesign;en-US;636408976665062739#akjswx13qer1fbwipy4pidk0;12394;1;0
Jupiterbeachresort.com-0103-2017Redesign;en-US;636408976665374743#h3spdv0smozjm5xslqjxzutp;28158;1;0
theweststreethotel.com-0115-2017Redesign;en-US;636408976665686747#hafsnupmz15042djai4ie10t;36683;1;0
Broadmoor.com-0073-2016Redesign;en-US;636408976668806787#ydzfhqa1n5hf0sr0hltqxb3y;21230;1;0
Edgewaternaples.com-0094-2016Redesign;en-US;636408976668962789#hymqyyod2ox5o0zxezckzyqf;25239;1;0
Halcyonhotelcherrycreek.com-0061-2015Redesign;en-US;636408976669586797#xnlabujy423ilsnwh5mpguec;23188;1;0
wentworthcom00212014redesign;en-US;636408976669742799#4enshdyruallzank0efyi3vj;26679;1;0
Thesagamore.com-0112-2017Redesign;en-US;636408976670834813#fauvljdvtxph2e0zsefhvtrp;39241;1;0
Lidobeachresort.com-0106-2017Redesign;en-US;636408976670834813#0c3lzs3sqqdtm4o3ckyobr5q;38053;1;0
Napavalleymarriott.com-0071-2016Redesign;en-US;636408976670834813#i0inzpehihdpsz5drm4bfjxi;16432;1;0
Longboatkeyclub.com-0104-2017Redesign;en-US;636408976670990815#2nggdxalxtaurldxnsbg35bq;38054;1;0
theweststreethotel.com-0115-2017Redesign;en-US;636408976671770825#hafsnupmz15042djai4ie10t;36683;1;0
Edgewaternaples.com-0094-2016Redesign;en-US;636408976674890865#hymqyyod2ox5o0zxezckzyqf;25239;1;0
Cphollywoodbeach.com-0032-2015Redesign;en-US;636408976675982879#tonglk0lztvl40q00q5oyhmq;7805;1;0
Cphollywoodbeach.com-0032-2015Redesign;en-US;636408976677074893#4jntoqqj40jxvp3ra5ituqx4;7805;1;0
Cocokeyorlando.com-0059-2015Redesign;en-US;636408976677698901#tq1uocjp0jazygxrqayfrmsu;12394;1;0
Cendyn.com-0095-2016Redesign;en-US;636408976680818941#pg5h1unrfsjmr1bpb10jcuhx;26640;1;0
Broadmoor.com-0073-2016Redesign;en-US;636408976680818941#s35epgoxm1vs4yaiyh5n5qr2;38059;1;0
Miravalspamonarchbeach.com-0109-2017Redesign;en-US;636408976682066957#p2l44otb40lym1oogn3j1vmc;31709;1;0
Broadmoor.com-0073-2016Redesign;en-US;636408976683938981#zre1t4sjllqe0qpe5flyuwro;16721;1;0
Broadmoor.com-0073-2016Redesign;en-US;636408976685655003#wlatyghupb4yfo4tzu4snt0b;21633;1;0
Broadmoor.com-0073-2016Redesign;en-US;636408976685967007#zre1t4sjllqe0qpe5flyuwro;16721;1;0
Washingtondukeinn.com-0024-2014Redesign;en-US;636408976686747017#yrjnyd0dbk0nqyol5wxqes00;4733;1;0
Miravalspamonarchbeach.com-0109-2017Redesign;en-US;636408976688931045#p2l44otb40lym1oogn3j1vmc;31709;1;0
Casaybelresort.com-0002-2014Redesign;en-US;636408976689867057#cnrdwb3d2i5pbx0tj2zo324h;1613;1;0
Delraysandsresort.com-0097-2016Redesign;en-US;636408976690647067#bpe0nb1mjc0sq5dgfhnfe1am;38049;1;0
Sandpearl.com-0091-2016Redesign;en-US;636408976691271075#w0x4hyczsb0hi2znaqqsuzos;38056;1;0
Halcyonhotelcherrycreek.com-0061-2015Redesign;en-US;636408976691427077#xnlabujy423ilsnwh5mpguec;22121;1;0
theweststreethotel.com-0115-2017Redesign;en-US;636408976693611105#hafsnupmz15042djai4ie10t;36683;1;0
Texturefoodanddrink.com-0067-2016Redesign;en-US;636408976702503219#xsd3cm15dc1ftjuclm0banra;15452;1;0
Thecurtis.com-0079-2016Redesign;en-US;636408976702503219#yvbfkf4ann0tsxckzak0oe3e;17981;1;0
Sandylane.com-0075-2016Redesign;en-US;636408976702659221#ce0kkk3vo4durgjxad2yxs2c;17611;1;0
Jbdukehotel.com-0086-2016Redesign;en-US;636408976702659221#nm22xahtkm52g43naqp4enkn;21918;1;0
Jupiterbeachresort.com-0103-2017Redesign;en-US;636408976702815223#jt5q3ff1jnfgveust1304he0;38052;1;0
Lakeplacidlodge.com-0105-2017Redesign;en-US;636408976702815223#zq4gxm1n40ax4pkmlsk0it3l;39238;1;0
Bluebirch.com-0072-2016Redesign;en-US;636408976702815223#mzjzk0ei0bn5mcpqwcigywzl;16693;1;0
Meateatery.com-0080-2016Redesign;en-US;636408976702815223#cijwb0afe4x544gq3xlebkxm;18505;1;0
Luxehotels.com-0078-2016Redesign;en-US;636408976702971225#u0yzcob0001nhop4zulmoy1u;18805;1;0
Oxfordclubspa.com-0068-2016Redesign;en-US;636408976702971225#qyfezwv4kwtrc0wrgwgcyy3a;15568;1;0
Glencovemansion.com-0058-2015Redesign;en-US;636408976702971225#krjihlpgnquahe0eaxtj0amm;13328;1;0
Beverlyhillsresidenceinn.com-0087-2016Redesign;en-US;636408976702971225#xzsluhvkrauupsxl4bdulib1;20999;1;0
Bocatrans.com-0082-2016Redesign;en-US;636408976702971225#5ui1vmdwm5z5fps0ypnilb4j;19758;1;0
Thecrawfordhotel.com-0074-2016Redesign;en-US;636408976702971225#1fexjaiaqoobfgoqclw4hb2x;17145;1;0
Opalsands.com-0084-2016Redesign;en-US;636408976702971225#0o12xt345jhvbqgntvw44w4c;38055;1;0
Galthouse.com-0042-2015Redesign;en-US;636408976703127227#rulsbfmh1oweh2sp3e1xi4zc;38060;1;0
Homewoodsuiteslax.com-0110-2017Redesign;en-US;636408976703127227#diz2guxqdhstywecehf3azrd;30747;1;0
Hhotellosangeles.com-0118-2017Redesign;en-US;636408976703127227#w5uzibj4xudbgdur11fjb4ky;35289;1;0
Halcyonhotelcherrycreek.com-0061-2015Redesign;en-US;636408976703127227#2bl24xpdnvwjdgswmocc3a5f;22121;1;0
Naiaresortandspa.com-0077-2016Redesign;en-US;636408976703283229#msglzyn1usk3afdi0fihei51;20455;1;0
Edgewaternaples.com-0094-2016Redesign;en-US;636408976703283229#pgmz4jiqg4qchce5oziytubb;38051;1;0
Degreerestaurant.com-0056-2015Redesign;en-US;636408976703283229#1mtuwdzzcp5lgdw5u2w0hfsb;11598;1;0
Assuranceoperations.com-0065-2015Redesign;en-US;636408976703283229#s3frkl0vqkyy51mtpjfawlve;15263;1;0
Theoxfordhotel.com-0062-2015Redesign;en-US;636408976703439231#hp4uynqtdrcz3p0cmltvbnmu;14325;1;0
Samosetresort.com-0113-2017Redesign;en-US;636408976703439231#iqkeqhji0wv3nnueojbz5niv;40334;1;0
Theharborsidehotel.com-0114-2017Redesign;en-US;636408976703439231#ss4wd3tybhnvwt3rr0vdizkw;40403;1;0
Treasureislandbeachresort.com-0089-2016Redesign;en-US;636408976703439231#fij2jhutv5fnyuyqmdadcmrq;38057;1;0
Zotabeachresort.com-0090-2016Redesign;en-US;636408976703595233#sote011nvcdbnxuopxcnzy3a;38058;1;0
Abbingtonbanquets.com-0070-2016Redesign;en-US;636408976703751235#h0d1wr3g44jjkdybamu0pelf;15789;1;0
Chrco.com-0107-2017Redesign;en-US;636408976703751235#k11gh4lymuxtb3xo34en3hic;29280;1;0
Washingtoncourthotel.com-0076-2016Redesign;en-US;636408976703751235#o2ddkkvxszor5vfft2n5b4tj;17858;1;0
Theoxfordhotel.com-0062-2015Redesign;en-US;636408976704063239#iwu2wpwaw1hjlxamsttxi2vq;14325;1;0
Galthouse.com-0042-2015Redesign;en-US;636408976705623259#o3eirytt3zluyujpsrgolk43;31905;1;0
Hospitalityupgrade.com-0093-2016Redesign;en-US;636408976705935263#fqiwzymxpuvth15y3b3v4oin;36670;1;0
Cendyn.com-0095-2016Redesign;en-US;636408976709991315#bwf4jpht2u5hvr3xbba51uwg;26640;1;0
Hospitalityupgrade.com-0093-2016Redesign;en-US;636408976709991315#uwvegrraswhkfatdo3azl4zi;25405;1;0
Cendyn.com-0095-2016Redesign;en-US;636408976709991315#h1pklzkimsmukxirjsyjzv4j;26640;1;0
Cendyn.com-0095-2016Redesign;en-US;636408976710147317#bicgoj4hrqqp44yt0zvmh2il;26640;1;0
Passport.lehotels.com-0069-2016BlogRedesign;en-US;636408976710147317#2ayuceyaw02j01g0ovmosegm;41068;1;0
Cendyn.com-0095-2016Redesign;en-US;636408976710147317#u4uhaoh12nufsgar3qa0njm0;26640;1;0
Chrco.com-0107-2017Redesign;en-US;636408976715919391#ojn1ld2uswwvd2fmrcazojxw;31152;1;0
Casaybelresort.com-0002-2014Redesign;en-US;636408976717011405#lt2fkfv0gatekjjuu2uvfyqf;1613;1;0
Theoxfordhotel.com-0062-2015Redesign;en-US;636408976718571425#iwu2wpwaw1hjlxamsttxi2vq;14325;1;0
Lidobeachresort.com-0106-2017Redesign;en-US;636408976720911455#lyc2iati0lg1yald4bhktaqn;38053;1;0
Thesagamore.com-0112-2017Redesign;en-US;636408976721067457#xabb453ddsbkqfjwuwhvjmba;39241;1;0
Napavalleymarriott.com-0071-2016Redesign;en-US;636408976721223459#kcbra1c4oxyljedj23yvt02a;16432;1;0
Longboatkeyclub.com-0104-2017Redesign;en-US;636408976721223459#kii4txc0y0eckxbug4kackqh;38054;1;0
theweststreethotel.com-0115-2017Redesign;en-US;636408976722471475#aihhad1p032sszmk0s2dt0b5;36683;1;0
Opalsands.com-0084-2016Redesign;en-US;636408976725747517#irul01niwuybiafd4jihrd1f;21642;1;0
Bellemontfarm.com-0007-2013Redesign;en-US;636408976726839531#b5ti2ssfxhibjdtdspuv2msu;1989;1;0
Cendyn.com-0095-2016Redesign;en-US;636408976730895583#tve4wevw4jxcvg4u2dqzrw0b;26640;1;0
Broadmoor.com-0073-2016Redesign;en-US;636408976730895583#hdbbphhfksm3fs2uvp34jvna;38059;1;0
Cendyn.com-0095-2016Redesign;en-US;636408976731207587#vkhb5ue0xf5mrhcjgtkkuitn;26640;1;0
Hospitalityupgrade.com-0093-2016Redesign;en-US;636408976731207587#ptjifiwh1ht5lx0z2lxlwwzg;22790;1;0
Cocokeyorlando.com-0059-2015Redesign;en-US;636408976733079611#pkrv2p5ozs5ebwgjoof1lcbl;12410;1;0
Casaybelresort.com-0002-2014Redesign;en-US;636408976733079611#13nb1s4dpvwm22ytoflrujmn;1603;1;0
Thesagamore.com-0112-2017Redesign;en-US;636408976733703619#o0r2nt0wozjpjufjwmpa4o5o;32339;1;0
Thesagamore.com-0112-2017Redesign;en-US;636408976734171625#zhiw0oqs4omozajuttnirsu2;32339;1;0
Thesagamore.com-0112-2017Redesign;en-US;636408976736667657#o0r2nt0wozjpjufjwmpa4o5o;32339;1;0
Bellemontfarm.com-0007-2013Redesign;en-US;636408976739787697#bmx52kmbkygejjbsly2n2z3n;11497;1;0
Broadmoor.com-0073-2016Redesign;en-US;636408976739787697#3qcofzq5lsmexjzn4ti0ez1w;18259;1;0
Samosetresort.com-0113-2017Redesign;en-US;636408976740099701#hq5oglhzhfaruhomooukg1di;32541;1;0
Delraysandsresort.com-0097-2016Redesign;en-US;636408976740567707#sx3l53pl0i30pvsf1hzcoji3;38049;1;0
Sandpearl.com-0091-2016Redesign;en-US;636408976741347717#jr23fmorugijbjwtcywrc1vp;38056;1;0
Monarchbeachresort.com-0092-2016Redesign;en-US;636408976743063739#vuzbyzetcwieo2ijfcwhurof;23484;1;0
Zotabeachresort.com-0090-2016Redesign;en-US;636408976743531745#qfog4cudp2f0svixknmyjism;22357;1;0
Hospitalityupgrade.com-0093-2016Redesign;en-US;636408976744935763#zzovqcvre1hwoqwzkgbm4c2s;36914;1;0
Thesagamore.com-0112-2017Redesign;en-US;636408976746651785#zhiw0oqs4omozajuttnirsu2;32339;1;0
Zotabeachresort.com-0090-2016Redesign;en-US;636408976746807787#qfog4cudp2f0svixknmyjism;22357;1;0
Cphollywoodbeach.com-0032-2015Redesign;en-US;636408976746807787#rwbaslmjy4on5ca5prhsxiwz;7831;1;0
Marriottkeylargo.com-0015-2014Redesign;en-US;636408976746807787#emsnih52owbxdcsixdedfanz;3948;1;0
theweststreethotel.com-0115-2017Redesign;en-US;636408976748211805#aihhad1p032sszmk0s2dt0b5;36683;1;0
Lakeplacidlodge.com-0105-2017Redesign;en-US;636408976750707837#wo0rdvtl1hs5nlssov3pfaem;28557;1;0
Cocokeyorlando.com-0059-2015Redesign;en-US;636408976751019841#mkwpu252o5mqpr0e114ok53j;12404;1;0
Opalsands.com-0084-2016Redesign;en-US;636408976751799851#5xqn0ueyx1zz2oo2ymlfi3e2;23635;1;0
Jbdukehotel.com-0086-2016Redesign;en-US;636408976752579861#lcc1rouchg0mjzqqpnodhv1a;21918;1;0
Glencovemansion.com-0058-2015Redesign;en-US;636408976752579861#u15rpjctokbdubznrulsn02p;13328;1;0
Lakeplacidlodge.com-0105-2017Redesign;en-US;636408976752579861#ix3epkv4xxgns35gcbpbaaq3;39238;1;0
Theoxfordhotel.com-0062-2015Redesign;en-US;636408976752579861#bcoods2hihcvvdxfzch1fbfx;14325;1;0
Bocatrans.com-0082-2016Redesign;en-US;636408976752579861#n2fajqaqpy5plcvfgrqhqe2x;19758;1;0
Luxehotels.com-0078-2016Redesign;en-US;636408976752579861#z531z21tvl23evhkxez2zop0;18805;1;0
Naiaresortandspa.com-0077-2016Redesign;en-US;636408976752735863#lvh3bi5a14owg4sqfxvtykhk;20455;1;0
Halcyonhotelcherrycreek.com-0061-2015Redesign;en-US;636408976752735863#wfpmtcqky2r3cidjv31xzrxd;22121;1;0
Assuranceoperations.com-0065-2015Redesign;en-US;636408976752735863#1xl0lkyp20btbohdxg4iqijg;15263;1;0
Opalsands.com-0084-2016Redesign;en-US;636408976752735863#jhz2sp2lttbugcmik2tg0baf;38055;1;0
Meateatery.com-0080-2016Redesign;en-US;636408976752891865#zoxorjvxbscicuiuh5heaxip;18505;1;0
Thecrawfordhotel.com-0074-2016Redesign;en-US;636408976752891865#imaqursztossebq5xw2c0mpc;17145;1;0
Samosetresort.com-0113-2017Redesign;en-US;636408976752891865#bflinotgwmkh4fo50jsehiv5;40334;1;0
Chrco.com-0107-2017Redesign;en-US;636408976752891865#lrp3erbulnhz1slyxa40xj4y;29280;1;0
Zotabeachresort.com-0090-2016Redesign;en-US;636408976753047867#rvzut2wp5sgolyqrgztnpkyi;38058;1;0
Washingtoncourthotel.com-0076-2016Redesign;en-US;636408976753047867#ssjx1tefp1ykkgpdxjmp0zol;17858;1;0
Treasureislandbeachresort.com-0089-2016Redesign;en-US;636408976753047867#serqkgzo4dekv14y5gzxhsv5;38057;1;0
Edgewaternaples.com-0094-2016Redesign;en-US;636408976753047867#rmww055e1dmm1w4ngpndacwm;38051;1;0
Homewoodsuiteslax.com-0110-2017Redesign;en-US;636408976753047867#fqdgzdk35ib2xbq1gr5fwiox;30747;1;0
Theharborsidehotel.com-0114-2017Redesign;en-US;636408976753047867#yhkxlxpudyr10khzxtoow5m4;40403;1;0
Oxfordclubspa.com-0068-2016Redesign;en-US;636408976753203869#oq50mauxdoua5itaa3zdfdik;15568;1;0
Degreerestaurant.com-0056-2015Redesign;en-US;636408976753203869#4soslq44fr0n1gm11glff1mg;11598;1;0
Galthouse.com-0042-2015Redesign;en-US;636408976753203869#fngajloifopgwgnowbdtfw3y;38060;1;0
Samosetresort.com-0113-2017Redesign;en-US;636408976753203869#hq5oglhzhfaruhomooukg1di;32541;1;0
Beverlyhillsresidenceinn.com-0087-2016Redesign;en-US;636408976753203869#bchcjqety1go1zhexppuzqu4;20999;1;0
Thecurtis.com-0079-2016Redesign;en-US;636408976753359871#0i4qvueg003ss2ehkjgilf4v;17981;1;0
Bluebirch.com-0072-2016Redesign;en-US;636408976753359871#i1vp5llulfsn1cryizflexql;16693;1;0
Hhotellosangeles.com-0118-2017Redesign;en-US;636408976753827877#xghauaizakz4h1guh451tprx;35289;1;0
Sandylane.com-0075-2016Redesign;en-US;636408976753827877#byan3luenvwkkxkg4y1crkn4;17611;1;0
Abbingtonbanquets.com-0070-2016Redesign;en-US;636408976753827877#2kxmfhlahhosoakx3i11qacv;15789;1;0
Jupiterbeachresort.com-0103-2017Redesign;en-US;636408976753827877#fiv2qdtouhsq4vxoozwb4dfb;38052;1;0
Texturefoodanddrink.com-0067-2016Redesign;en-US;636408976753827877#axolyfikbq2afnlu0iqf5xb2;15452;1;0
Cendyn.com-0095-2016Redesign;en-US;636408976760067957#t0iumvixfyz5fgixbo1cgslz;26640;1;0
Cendyn.com-0095-2016Redesign;en-US;636408976760067957#ljfumbx1o5plnqh0ey5v2wfj;26640;1;0
Cendyn.com-0095-2016Redesign;en-US;636408976760067957#qagwsgoxompeh1hamyuscpon;26640;1;0
Passport.lehotels.com-0069-2016BlogRedesign;en-US;636408976760067957#x0qaa3ua14ew3mtx3tcnhcgw;41068;1;0
Hospitalityupgrade.com-0093-2016Redesign;en-US;636408976760067957#m2vejmfvsscgaztbqhhfasyy;25405;1;0
Cendyn.com-0095-2016Redesign;en-US;636408976760067957#3ciqsx4xzhxf553h2rk2qy5j;26640;1;0
Thesagamore.com-0112-2017Redesign;en-US;636408976765840031#o11o0vpfke3izgm5gsueiqjk;33921;1;0
Cocokeyorlando.com-0059-2015Redesign;en-US;636408976766932045#tq1uocjp0jazygxrqayfrmsu;12394;1;0
Lakeplacidlodge.com-0105-2017Redesign;en-US;636408976768492065#cm0eklrx1vohvixzymjxlujg;32805;1;0
Cocokeyorlando.com-0059-2015Redesign;en-US;636408976769116073#tq1uocjp0jazygxrqayfrmsu;12394;1;0
Broadmoor.com-0073-2016Redesign;en-US;636408976769116073#ab0blzclyjgszgwf0ozu5pzb;16797;1;0
Napavalleymarriott.com-0071-2016Redesign;en-US;636408976770832095#buuf032vllhp4d4ru3dgl0e0;16432;1;0
Lidobeachresort.com-0106-2017Redesign;en-US;636408976770832095#3nb5l4duz5gbcicucbgawafq;38053;1;0
Longboatkeyclub.com-0104-2017Redesign;en-US;636408976771300101#pj1cmteesfxpqffwlfrxyzdd;38054;1;0
Thesagamore.com-0112-2017Redesign;en-US;636408976771456103#oomeamjcmyb5v3gnays53o23;39241;1;0
Hospitalityupgrade.com-0093-2016Redesign;en-US;636408976772704119#tvo3stmsot0mguwmjjd5ozhu;26755;1;0
Bellemontfarm.com-0007-2013Redesign;en-US;636408976773796133#bmx52kmbkygejjbsly2n2z3n;11497;1;0
Luxehotels.com-0078-2016Redesign;en-US;636408976774420141#yi4kkadn4xefphxc1y34zti0;18805;1;0
Zotabeachresort.com-0090-2016Redesign;en-US;636408976777540181#qfog4cudp2f0svixknmyjism;22357;1;0
Thelodgeatwoodloch.com-0033-2015Redesign;en-US;636408976777696183#p14fq5kz4ccctzwf4ounafuk;8264;1;0
Cendyn.com-0095-2016Redesign;en-US;636408976780816223#5evig25xyxidrtlzhv5xxvj5;26640;1;0
Broadmoor.com-0073-2016Redesign;en-US;636408976780972225#mcthzpt34ug34mrbgshb1z3o;38059;1;0
Luxehotels.com-0078-2016Redesign;en-US;636408976781596233#yi4kkadn4xefphxc1y34zti0;18805;1;0
Sandpearl.com-0091-2016Redesign;en-US;636408976782376243#ntqhx1jktd4solchr3shnyrn;22481;1;0
Casaybelresort.com-0002-2014Redesign;en-US;636408976786120291#13nb1s4dpvwm22ytoflrujmn;1606;1;0
Delraysandsresort.com-0097-2016Redesign;en-US;636408976790956353#mfkepiactecrnzlqvqomsenk;38049;1;0
Sandpearl.com-0091-2016Redesign;en-US;636408976791268357#bb3nz2mkmhtoprze5sccwubv;38056;1;0
Jbdukehotel.com-0086-2016Redesign;en-US;636408976794700401#cgv3svgdkrqjxkefi0wmnjrz;21918;1;0
Broadmoor.com-0073-2016Redesign;en-US;636408976795480411#zre1t4sjllqe0qpe5flyuwro;16721;1;0
Thelodgeatwoodloch.com-0033-2015Redesign;en-US;636408976795636413#p14fq5kz4ccctzwf4ounafuk;7764;1;0
Broadmoor.com-0073-2016Redesign;en-US;636408976796104419#zre1t4sjllqe0qpe5flyuwro;16721;1;0
