Longboatkeyclub.com-0104-2017Redesign;;Unknown;0;1;0
Theoxfordhotel.com-0062-2015Redesign;;Unknown;0;1;0
Broadmoor.com-0073-2016Redesign;;Unknown;0;1;0
Broadmoor.com-0073-2016Redesign;;Unknown;0;1;0
Thelodgeatwoodloch.com-0033-2015Redesign;;Unknown;0;1;0
Broadmoor.com-0073-2016Redesign;;Unknown;0;1;0
Broadmoor.com-0073-2016Redesign;;Unknown;0;1;0
Broadmoor.com-0073-2016Redesign;;Unknown;0;1;0
Broadmoor.com-0073-2016Redesign;;Unknown;0;1;0
Theoxfordhotel.com-0062-2015Redesign;;Unknown;0;1;0
Broadmoor.com-0073-2016Redesign;;Unknown;0;1;0
Cphollywoodbeach.com-0032-2015Redesign;;Unknown;0;1;0
Edgewaternaples.com-0094-2016Redesign;;Unknown;0;1;0
Montaukyachtclub.com-0010-2014Redesign;;Unknown;0;1;0
Bellemontfarm.com-0007-2013Redesign;;Unknown;0;1;0
Sandylane.com-0075-2016Redesign;;Unknown;0;1;0
Oxfordclubspa.com-0068-2016Redesign;;Unknown;0;1;0
Galthouse.com-0042-2015Redesign;;Unknown;0;1;0
Thesagamore.com-0112-2017Redesign;;Unknown;0;1;0
Broadmoor.com-0073-2016Redesign;;Unknown;0;1;0
