Galthouse.com-0042-2015Redesign;;Unknown;0;1;0
Broadmoor.com-0073-2016Redesign;;Unknown;0;1;0
Thesagamore.com-0112-2017Redesign;;Unknown;0;1;0
Theharborsidehotel.com-0114-2017Redesign;;Unknown;0;1;0
Thesagamore.com-0112-2017Redesign;;Unknown;0;1;0
Broadmoor.com-0073-2016Redesign;;Unknown;0;1;0
Thesagamore.com-0112-2017Redesign;;Unknown;0;1;0
Thesagamore.com-0112-2017Redesign;;Unknown;0;1;0
Thesagamore.com-0112-2017Redesign;;Unknown;0;1;0
Glencovemansion.com-0058-2015Redesign;;Unknown;0;1;0
Longboatkeyclub.com-0104-2017Redesign;;Unknown;0;1;0
Renaissancepittsburghpa.com-0044-2015Redesign;;Unknown;0;1;0
Longboatkeyclub.com-0104-2017Redesign;;Unknown;0;1;0
Bellemontfarm.com-0007-2013Redesign;;Unknown;0;1;0
Samosetresort.com-0113-2017Redesign;;Unknown;0;1;0
Broadmoor.com-0073-2016Redesign;;Unknown;0;1;0
Galthouse.com-0042-2015Redesign;;Unknown;0;1;0
Montaukyachtclub.com-0010-2014Redesign;;Unknown;0;1;0
Edgewaternaples.com-0094-2016Redesign;;Unknown;0;1;0
Casaybelresort.com-0002-2014Redesign;;Unknown;0;1;0
Thesagamore.com-0112-2017Redesign;;Unknown;0;1;0
Thesagamore.com-0112-2017Redesign;;Unknown;0;1;0
Bellemontfarm.com-0007-2013Redesign;;Unknown;0;1;0
Casaybelresort.com-0002-2014Redesign;;Unknown;0;1;0
Casaybelresort.com-0002-2014Redesign;;Unknown;0;1;0
Samosetresort.com-0113-2017Redesign;;Unknown;0;1;0
Cendyn.com-0095-2016Redesign;;Unknown;0;1;0
Broadmoor.com-0073-2016Redesign;;Unknown;0;1;0
