Broadmoor.com-0073-2016Redesign;;Unknown;0;1;0
Broadmoor.com-0073-2016Redesign;;Unknown;0;1;0
Broadmoor.com-0073-2016Redesign;;Unknown;0;1;0
Glencovemansion.com-0058-2015Redesign;;Unknown;0;1;0
Broadmoor.com-0073-2016Redesign;;Unknown;0;1;0
Lehotels.com-0049-2015Transfer;;Unknown;0;1;0
Samosetresort.com-0113-2017Redesign;;Unknown;0;1;0
Broadmoor.com-0073-2016Redesign;;Unknown;0;1;0
Broadmoor.com-0073-2016Redesign;;Unknown;0;1;0
Broadmoor.com-0073-2016Redesign;;Unknown;0;1;0
Lehotels.com-0049-2015Transfer;;Unknown;0;1;0
Unionstationhotelnashville.com-0047-2015Redesign;;Unknown;0;1;0
Broadmoor.com-0073-2016Redesign;;Unknown;0;1;0
Sandpearl.com-0091-2016Redesign;;Unknown;0;1;0
Napavalleymarriott.com-0071-2016Redesign;;Unknown;0;1;0
Broadmoor.com-0073-2016Redesign;;Unknown;0;1;0
Jupiterbeachresort.com-0103-2017Redesign;;Unknown;0;1;0
Theharborsidehotel.com-0114-2017Redesign;;Unknown;0;1;0
Monarchbeachresort.com-0092-2016Redesign;;Unknown;0;1;0
Broadmoor.com-0073-2016Redesign;;Unknown;0;1;0
Chrco.com-0107-2017Redesign;;Unknown;0;1;0
Galthouse.com-0042-2015Redesign;;Unknown;0;1;0
Cphollywoodbeach.com-0032-2015Redesign;;Unknown;0;1;0
