Marriottdelraybeach.com-0009-2014Redesign;;Unknown;0;1;0
Marriottkeylargo.com-0015-2014Redesign;;Unknown;0;1;0
Marriottdelraybeach.com-0009-2014Redesign;;Unknown;0;1;0
wentworthcom00212014redesign;;Unknown;0;1;0
Marriottkeylargo.com-0015-2014Redesign;;Unknown;0;1;0
wentworthcom00212014redesign;;Unknown;0;1;0
Lakeplacidlodge.com-0105-2017Redesign;;Unknown;0;1;0
Jupiterbeachresort.com-0103-2017Redesign;;Unknown;0;1;0
Thesagamore.com-0112-2017Redesign;;Unknown;0;1;0
Lidobeachresort.com-0106-2017Redesign;;Unknown;0;1;0
Delraysandsresort.com-0097-2016Redesign;;Unknown;0;1;0
Longboatkeyclub.com-0104-2017Redesign;;Unknown;0;1;0
Samosetresort.com-0113-2017Redesign;;Unknown;0;1;0
theweststreethotel.com-0115-2017Redesign;;Unknown;0;1;0
Samosetresort.com-0113-2017Redesign;;Unknown;0;1;0
Theharborsidehotel.com-0114-2017Redesign;;Unknown;0;1;0
Theloganhotel.com-0043-2015Redesign;;Unknown;0;1;0
Samosetresort.com-0113-2017Redesign;;Unknown;0;1;0
Longboatkeyclub.com-0104-2017Redesign;;Unknown;0;1;0
Broadmoor.com-0073-2016Redesign;;Unknown;0;1;0
Samosetresort.com-0113-2017Redesign;;Unknown;0;1;0
Sandylane.com-0075-2016Redesign;;Unknown;0;1;0
Thesagamore.com-0112-2017Redesign;;Unknown;0;1;0
Casaybelresort.com-0002-2014Redesign;;Unknown;0;1;0
Thesagamore.com-0112-2017Redesign;;Unknown;0;1;0
Longboatkeyclub.com-0104-2017Redesign;;Unknown;0;1;0
Halcyonhotelcherrycreek.com-0061-2015Redesign;;Unknown;0;1;0
Longboatkeyclub.com-0104-2017Redesign;;Unknown;0;1;0
Broadmoor.com-0073-2016Redesign;;Unknown;0;1;0
Zotabeachresort.com-0090-2016Redesign;;Unknown;0;1;0
Halcyonhotelcherrycreek.com-0061-2015Redesign;;Unknown;0;1;0
Glencovemansion.com-0058-2015Redesign;;Unknown;0;1;0
Thelodgeatwoodloch.com-0033-2015Redesign;;Unknown;0;1;0
Lakeplacidlodge.com-0105-2017Redesign;;Unknown;0;1;0
Zotabeachresort.com-0090-2016Redesign;;Unknown;0;1;0
Broadmoor.com-0073-2016Redesign;;Unknown;0;1;0
Broadmoor.com-0073-2016Redesign;;Unknown;0;1;0
