Sandpearl.com-0091-2016Redesign;;Unknown;0;1;0
Springhillsuitesdenver.com-0060-2015Redesign;;Unknown;0;1;0
Washingtoncourthotel.com-0076-2016Redesign;;Unknown;0;1;0
Broadmoor.com-0073-2016Redesign;;Unknown;0;1;0
Broadmoor.com-0073-2016Redesign;;Unknown;0;1;0
Thelodgeatwoodloch.com-0033-2015Redesign;;Unknown;0;1;0
Monarchbeachresort.com-0092-2016Redesign;;Unknown;0;1;0
Broadmoor.com-0073-2016Redesign;;Unknown;0;1;0
Samosetresort.com-0113-2017Redesign;;Unknown;0;1;0
Cphollywoodbeach.com-0032-2015Redesign;;Unknown;0;1;0
Sandpearl.com-0091-2016Redesign;;Unknown;0;1;0
Washingtondukeinn.com-0024-2014Redesign;;Unknown;0;1;0
Broadmoor.com-0073-2016Redesign;;Unknown;0;1;0
Broadmoor.com-0073-2016Redesign;;Unknown;0;1;0
Halcyonhotelcherrycreek.com-0061-2015Redesign;;Unknown;0;1;0
saddlebrook.com-0011-2014Redesign;;Unknown;0;1;0
wentworthcom00212014redesign;;Unknown;0;1;0
Galthouse.com-0042-2015Redesign;;Unknown;0;1;0
Casaybelresort.com-0002-2014Redesign;;Unknown;0;1;0
Renaissancepittsburghpa.com-0044-2015Redesign;;Unknown;0;1;0
Jupiterbeachresort.com-0103-2017Redesign;;Unknown;0;1;0
Cendyn.com-0095-2016Redesign;;Unknown;0;1;0
Halcyonhotelcherrycreek.com-0061-2015Redesign;;Unknown;0;1;0
wentworthcom00212014redesign;;Unknown;0;1;0
wentworthcom00212014redesign;;Unknown;0;1;0
