Galthouse.com-0042-2015Redesign;;Unknown;0;1;0
Delraysandsresort.com-0097-2016Redesign;;Unknown;0;1;0
saddlebrook.com-0011-2014Redesign;;Unknown;0;1;0
Samosetresort.com-0113-2017Redesign;;Unknown;0;1;0
Bellemontfarm.com-0007-2013Redesign;;Unknown;0;1;0
Broadmoor.com-0073-2016Redesign;;Unknown;0;1;0
Galthouse.com-0042-2015Redesign;;Unknown;0;1;0
Sandylane.com-0075-2016Redesign;;Unknown;0;1;0
Jupiterbeachresort.com-0103-2017Redesign;;Unknown;0;1;0
Unionstationhotelnashville.com-0047-2015Redesign;;Unknown;0;1;0
Casaybelresort.com-0002-2014Redesign;;Unknown;0;1;0
wentworthcom00212014redesign;;Unknown;0;1;0
Secretharbourvi.com-0040-2015Redesign;;Unknown;0;1;0
Cocokeyorlando.com-0059-2015Redesign;;Unknown;0;1;0
Springhillsuitesdenver.com-0060-2015Redesign;;Unknown;0;1;0
Casaybelresort.com-0002-2014Redesign;;Unknown;0;1;0
Lidobeachresort.com-0106-2017Redesign;;Unknown;0;1;0
Samosetresort.com-0113-2017Redesign;;Unknown;0;1;0
Broadmoor.com-0073-2016Redesign;;Unknown;0;1;0
Opalsands.com-0084-2016Redesign;;Unknown;0;1;0
