Broadmoor.com-0073-2016Redesign;;Unknown;0;1;0
Broadmoor.com-0073-2016Redesign;;Unknown;0;1;0
Edgewaternaples.com-0094-2016Redesign;;Unknown;0;1;0
Marriottkeylargo.com-0015-2014Redesign;;Unknown;0;1;0
Cocokeyorlando.com-0059-2015Redesign;;Unknown;0;1;0
Cocokeyorlando.com-0059-2015Redesign;;Unknown;0;1;0
Cocokeyorlando.com-0059-2015Redesign;;Unknown;0;1;0
Opalsands.com-0084-2016Redesign;;Unknown;0;1;0
Broadmoor.com-0073-2016Redesign;;Unknown;0;1;0
Broadmoor.com-0073-2016Redesign;;Unknown;0;1;0
Glencovemansion.com-0058-2015Redesign;;Unknown;0;1;0
Sandpearl.com-0091-2016Redesign;;Unknown;0;1;0
Washingtondukeinn.com-0024-2014Redesign;;Unknown;0;1;0
Broadmoor.com-0073-2016Redesign;;Unknown;0;1;0
Bellemontfarm.com-0007-2013Redesign;;Unknown;0;1;0
Delraysandsresort.com-0097-2016Redesign;;Unknown;0;1;0
Broadmoor.com-0073-2016Redesign;;Unknown;0;1;0
Casaybelresort.com-0002-2014Redesign;;Unknown;0;1;0
Glencovemansion.com-0058-2015Redesign;;Unknown;0;1;0
Casaybelresort.com-0002-2014Redesign;;Unknown;0;1;0
