Arcaneo.com-0030-2014Redesign;en-US;/failovercheck/;0;1;0
Cendyn.com-0095-2016Redesign;en-US;/autodiscover/autodiscover.xml;0;1;0
Samosetresort.com-0113-2017Redesign;en-US;/es3369/cat360/cottage-sale-early-booking-special/;0;1;0
Cendyn.com-0095-2016Redesign;en-US;/autodiscover/autodiscover.xml;0;1;0
Hospitalityupgrade.com-0093-2016Redesign;en-US;/_techTalk/TechTalk/Feed;0;1;0
Arcaneo.com-0030-2014Redesign;en-US;/failovercheck/;0;1;0
Broadmoor.com-0073-2016Redesign;en-US;/wpad.dat/;0;1;0
Broadmoor.com-0073-2016Redesign;en-US;/wpad.dat/;0;1;0
Crmweb.cendyn.com-0121-2017Redesign;en-US;/failovercheck/;0;1;0
Theloganhotel.com-0043-2015Redesign;en-US;/autodiscover/autodiscover.xml;0;1;0
theweststreethotel.com-0115-2017Redesign;en-US;/failovercheck/;0;1;0
Samosetresort.com-0113-2017Redesign;en-US;/Table/Accommodations/feed/rss.html/;0;1;0
Miravalspamonarchbeach.com-0109-2017Redesign;en-US;/failovercheck/;0;1;0
Samosetresort.com-0113-2017Redesign;en-US;/Table/Accommodations/feed/rss.html/;0;1;0
Sunsetkeycottages.com-0116-2017Redesign;en-US;/failovercheck/;0;1;0
Opalcollection.com-0098-2017Redesign;en-US;/failovercheck/;0;1;0
Crmweb.cendyn.com-0121-2017Redesign;en-US;/failovercheck/;0;1;0
theweststreethotel.com-0115-2017Redesign;en-US;/failovercheck/;0;1;0
Miravalspamonarchbeach.com-0109-2017Redesign;en-US;/failovercheck/;0;1;0
Sunsetkeycottages.com-0116-2017Redesign;en-US;/failovercheck/;0;1;0
Opalcollection.com-0098-2017Redesign;en-US;/failovercheck/;0;1;0
hutchinsonshores.com-0119-2017Redesign;en-US;/failovercheck/;0;1;0
Crmweb.cendyn.com-0121-2017Redesign;en-US;/failovercheck/;0;1;0
theweststreethotel.com-0115-2017Redesign;en-US;/failovercheck/;0;1;0
Miravalspamonarchbeach.com-0109-2017Redesign;en-US;/failovercheck/;0;1;0
Sunsetkeycottages.com-0116-2017Redesign;en-US;/failovercheck/;0;1;0
Opalcollection.com-0098-2017Redesign;en-US;/failovercheck/;0;1;0
hutchinsonshores.com-0119-2017Redesign;en-US;/failovercheck/;0;1;0
hutchinsonshores.com-0119-2017Redesign;en-US;/failovercheck/;0;1;0
Broadmoor.com-0073-2016Redesign;en-US;/wpad.dat/;0;1;0
Broadmoor.com-0073-2016Redesign;en-US;/wpad.dat/;0;1;0
Arcaneo.com-0030-2014Redesign;en-US;/failovercheck/;0;1;0
Thesagamore.com-0112-2017Redesign;en-US;/wp-login.php/;0;1;0
Thesagamore.com-0112-2017Redesign;en-US;/wp-login.php/;0;1;0
Arcaneo.com-0030-2014Redesign;en-US;/failovercheck/;0;1;0
Halcyonhotelcherrycreek.com-0061-2015Redesign;en-US;/images/select-down-arrow.png/;0;1;0
Luxehotels.com-0078-2016Redesign;en-US;/wpad.dat/;0;1;0
Arcaneo.com-0030-2014Redesign;en-US;/failovercheck/;0;1;0
Crmweb.cendyn.com-0121-2017Redesign;en-US;/failovercheck/;0;1;0
theweststreethotel.com-0115-2017Redesign;en-US;/failovercheck/;0;1;0
Cendyn.com-0095-2016Redesign;en-US;/wp-login.php/;0;1;0
Luxehotels.com-0078-2016Redesign;en-US;/wp-login.php/;0;1;0
Miravalspamonarchbeach.com-0109-2017Redesign;en-US;/failovercheck/;0;1;0
Sunsetkeycottages.com-0116-2017Redesign;en-US;/failovercheck/;0;1;0
Opalcollection.com-0098-2017Redesign;en-US;/failovercheck/;0;1;0
Crmweb.cendyn.com-0121-2017Redesign;en-US;/failovercheck/;0;1;0
theweststreethotel.com-0115-2017Redesign;en-US;/failovercheck/;0;1;0
Miravalspamonarchbeach.com-0109-2017Redesign;en-US;/failovercheck/;0;1;0
Sunsetkeycottages.com-0116-2017Redesign;en-US;/failovercheck/;0;1;0
Broadmoor.com-0073-2016Redesign;en-US;/wp-login.php/;0;1;0
Opalcollection.com-0098-2017Redesign;en-US;/failovercheck/;0;1;0
hutchinsonshores.com-0119-2017Redesign;en-US;/failovercheck/;0;1;0
Crmweb.cendyn.com-0121-2017Redesign;en-US;/failovercheck/;0;1;0
Broadmoor.com-0073-2016Redesign;en-US;/wp-login.php/;0;1;0
Lidobeachresort.com-0106-2017Redesign;en-US;/wp-login.php/;0;1;0
