Miravalspamonarchbeach.com-0109-2017Redesign;en-US;/failovercheck/;0;1;0
Chrco.com-0107-2017Redesign;en-US;/eContent/eContent_MoreDetails.asp/;0;1;0
Broadmoor.com-0073-2016Redesign;en-US;/favicon.ico/;0;1;0
Sunsetkeycottages.com-0116-2017Redesign;en-US;/failovercheck/;0;1;0
Sandylane.com-0075-2016Redesign;en-US;/autodiscover/autodiscover.xml;0;1;0
Broadmoor.com-0073-2016Redesign;en-US;/autodiscover/autodiscover.xml;0;1;0
Broadmoor.com-0073-2016Redesign;en-US;/autodiscover/autodiscover.xml;0;1;0
Sandylane.com-0075-2016Redesign;en-US;/autodiscover/autodiscover.xml;0;1;0
Sandylane.com-0075-2016Redesign;en-US;/autodiscover/autodiscover.xml;0;1;0
Sandylane.com-0075-2016Redesign;en-US;/autodiscover/autodiscover.xml;0;1;0
Sandylane.com-0075-2016Redesign;en-US;/autodiscover/autodiscover.xml;0;1;0
Thelodgeatwoodloch.com-0033-2015Redesign;en-US;/administrator/;0;1;0
Sunsetkeycottages.com-0116-2017Redesign;en-US;/failovercheck/;0;1;0
Sandylane.com-0075-2016Redesign;en-US;/autodiscover/autodiscover.xml;0;1;0
Thelodgeatwoodloch.com-0033-2015Redesign;en-US;/administrator/index.php/;0;1;0
Sandylane.com-0075-2016Redesign;en-US;/autodiscover/autodiscover.xml;0;1;0
Sandylane.com-0075-2016Redesign;en-US;/autodiscover/autodiscover.xml;0;1;0
Sandylane.com-0075-2016Redesign;en-US;/autodiscover/autodiscover.xml;0;1;0
Opalcollection.com-0098-2017Redesign;en-US;/failovercheck/;0;1;0
Monarchbeachresort.com-0092-2016Redesign;en-US;/offers/packages/summerperks/;0;1;0
Sandylane.com-0075-2016Redesign;en-US;/autodiscover/autodiscover.xml;0;1;0
Sandylane.com-0075-2016Redesign;en-US;/autodiscover/autodiscover.xml;0;1;0
Sunsetkeycottages.com-0116-2017Redesign;en-US;/failovercheck/;0;1;0
Opalcollection.com-0098-2017Redesign;en-US;/failovercheck/;0;1;0
Sandylane.com-0075-2016Redesign;en-US;/autodiscover/autodiscover.xml;0;1;0
Sandylane.com-0075-2016Redesign;en-US;/autodiscover/autodiscover.xml;0;1;0
Sandylane.com-0075-2016Redesign;en-US;/autodiscover/autodiscover.xml;0;1;0
Halcyonhotelcherrycreek.com-0061-2015Redesign;en-US;/images/select-down-arrow.png/;0;1;0
Meateatery.com-0080-2016Redesign;en-US;/administrator/;0;1;0
Samosetresort.com-0113-2017Redesign;en-US;/wp-login.php/;0;1;0
Monarchbeachresort.com-0092-2016Redesign;en-US;/autodiscover/autodiscover.xml;0;1;0
Lehotels.com-0049-2015Transfer;en-US;/getmedia/d2486a94-d940-47a0-8472-3e9312233d1c/296-83f211fdb101002ad9b58a3cd4e8a774.jpg/;0;1;0
Samosetresort.com-0113-2017Redesign;en-US;/wp-login.php/;0;1;0
Broadmoor.com-0073-2016Redesign;en-US;/wp-login.php/;0;1;0
Luxehotels.com-0078-2016Redesign;en-US;/autodiscover/autodiscover.xml;0;1;0
Broadmoor.com-0073-2016Redesign;en-US;/wp-login.php/;0;1;0
Unionstationhotelnashville.com-0047-2015Redesign;en-US;/getmedia/85f00175-96ab-4717-ae39-ad2197aa1576/ajax-loader/;0;1;0
hutchinsonshores.com-0119-2017Redesign;en-US;/failovercheck/;0;1;0
Opalcollection.com-0098-2017Redesign;en-US;/failovercheck/;0;1;0
Sandylane.com-0075-2016Redesign;en-US;/autodiscover/autodiscover.xml;0;1;0
Broadmoor.com-0073-2016Redesign;en-US;/wpad.dat/;0;1;0
Broadmoor.com-0073-2016Redesign;en-US;/wpad.dat/;0;1;0
theweststreethotel.com-0115-2017Redesign;en-US;/failovercheck/;0;1;0
Crmweb.cendyn.com-0121-2017Redesign;en-US;/failovercheck/;0;1;0
hutchinsonshores.com-0119-2017Redesign;en-US;/failovercheck/;0;1;0
Thesagamore.com-0112-2017Redesign;en-US;/wp-login.php/;0;1;0
Cocokeyorlando.com-0059-2015Redesign;en-US;/getmedia/d93e4657-5670-4323-be06-154ebcd9596a/direction-buttons/;0;1;0
Cocokeyorlando.com-0059-2015Redesign;en-US;/getmedia/98c85f83-2a85-43f5-9671-af03e3540bf4/ajax-loader/;0;1;0
Thesagamore.com-0112-2017Redesign;en-US;/wp-login.php/;0;1;0
Thecrawfordhotel.com-0074-2016Redesign;en-US;/autodiscover/autodiscover.xml;0;1;0
Sandylane.com-0075-2016Redesign;en-US;/autodiscover/autodiscover.xml;0;1;0
Sandylane.com-0075-2016Redesign;en-US;/autodiscover/autodiscover.xml;0;1;0
Arcaneo.com-0030-2014Redesign;en-US;/failovercheck/;0;1;0
Lakeplacidlodge.com-0105-2017Redesign;en-US;/wp-login.php/;0;1;0
theweststreethotel.com-0115-2017Redesign;en-US;/failovercheck/;0;1;0
Lakeplacidlodge.com-0105-2017Redesign;en-US;/wp-login.php/;0;1;0
Crmweb.cendyn.com-0121-2017Redesign;en-US;/failovercheck/;0;1;0
hutchinsonshores.com-0119-2017Redesign;en-US;/failovercheck/;0;1;0
Lehotels.com-0049-2015Transfer;en-US;/search/europe/relias-villa-l-olmo/rooms-amenities/;0;1;0
Miravalspamonarchbeach.com-0109-2017Redesign;en-US;/failovercheck/;0;1;0
Halcyonhotelcherrycreek.com-0061-2015Redesign;en-US;/wp-login.php/;0;1;0
Lehotels.com-0049-2015Transfer;en-US;/autodiscover/autodiscover.xml;0;1;0
Arcaneo.com-0030-2014Redesign;en-US;/failovercheck/;0;1;0
Luxehotels.com-0078-2016Redesign;en-US;/autodiscover/autodiscover.xml;0;1;0
theweststreethotel.com-0115-2017Redesign;en-US;/failovercheck/;0;1;0
Laxembassy.com-0008-2014Redesign;en-US;/wp-login.php/;0;1;0
Longboatkeyclub.com-0104-2017Redesign;en-US;/Opal/media/Opal/layout/blank.gif/;0;1;0
Luxehotels.com-0078-2016Redesign;en-US;/wpad.dat/;0;1;0
Crmweb.cendyn.com-0121-2017Redesign;en-US;/failovercheck/;0;1;0
Miravalspamonarchbeach.com-0109-2017Redesign;en-US;/failovercheck/;0;1;0
Thelodgeatwoodloch.com-0033-2015Redesign;en-US;/wp-login.php/;0;1;0
Saddlebrookprep.com-0022-2014Transfer;en-US;/favicon.ico/;0;1;0
Arcaneo.com-0030-2014Redesign;en-US;/failovercheck/;0;1;0
Sandylane.com-0075-2016Redesign;en-US;/autodiscover/autodiscover.xml;0;1;0
Sandylane.com-0075-2016Redesign;en-US;/autodiscover/autodiscover.xml;0;1;0
theweststreethotel.com-0115-2017Redesign;en-US;/Opal/media/Opal/layout/blank.gif/;0;1;0
Montaukyachtclub.com-0010-2014Redesign;en-US;/wp-login.php/;0;1;0
Marriottkeylargo.com-0015-2014Redesign;en-US;/wp-login.php/;0;1;0
Miravalspamonarchbeach.com-0109-2017Redesign;en-US;/failovercheck/;0;1;0
Marriottdelraybeach.com-0009-2014Redesign;en-US;/administrator/;0;1;0
Cendyn.com-0095-2016Redesign;en-US;/autodiscover/autodiscover.xml;0;1;0
Cendyn.com-0095-2016Redesign;en-US;/wp-login.php/;0;1;0
Sandylane.com-0075-2016Redesign;en-US;/autodiscover/autodiscover.xml;0;1;0
Cocokeyorlando.com-0059-2015Redesign;en-US;/favicon.ico/;0;1;0
Casaybelresort.com-0002-2014Redesign;en-US;/favicon.ico/;0;1;0
Sandylane.com-0075-2016Redesign;en-US;/autodiscover/autodiscover.xml;0;1;0
theweststreethotel.com-0115-2017Redesign;en-US;/favicon.ico/;0;1;0
saddlebrook.com-0011-2014Redesign;en-US;/wp-login.php/;0;1;0
Sunsetkeycottages.com-0116-2017Redesign;en-US;/failovercheck/;0;1;0
Theloganhotel.com-0043-2015Redesign;en-US;/autodiscover/autodiscover.xml;0;1;0
Samosetresort.com-0113-2017Redesign;en-US;/Table/Accommodations/feed/rss.html/;0;1;0
Samosetresort.com-0113-2017Redesign;en-US;/Table/Accommodations/feed/rss.html/;0;1;0
Thesagamore.com-0112-2017Redesign;en-US;/wp-login.php/;0;1;0
Marriottkeylargo.com-0015-2014Redesign;en-US;/images/logo-new.JPG/;0;1;0
Sandylane.com-0075-2016Redesign;en-US;/autodiscover/autodiscover.xml;0;1;0
Thesagamore.com-0112-2017Redesign;en-US;/wp-login.php/;0;1;0
Lehotels.com-0049-2015Transfer;en-US;/hotels/Griffon/dining/;0;1;0
Sandylane.com-0075-2016Redesign;en-US;/autodiscover/autodiscover.xml;0;1;0
Sandylane.com-0075-2016Redesign;en-US;/autodiscover/autodiscover.xml;0;1;0
Sandylane.com-0075-2016Redesign;en-US;/autodiscover/autodiscover.xml;0;1;0
theweststreethotel.com-0115-2017Redesign;en-US;/favicon.ico/;0;1;0
Sunsetkeycottages.com-0116-2017Redesign;en-US;/failovercheck/;0;1;0
Broadmoor.com-0073-2016Redesign;en-US;/wpad.dat/;0;1;0
Broadmoor.com-0073-2016Redesign;en-US;/wpad.dat/;0;1;0
Sandylane.com-0075-2016Redesign;en-US;/autodiscover/autodiscover.xml;0;1;0
theweststreethotel.com-0115-2017Redesign;en-US;/favicon.ico/;0;1;0
Sandylane.com-0075-2016Redesign;en-US;/autodiscover/autodiscover.xml;0;1;0
Opalcollection.com-0098-2017Redesign;en-US;/failovercheck/;0;1;0
Sandylane.com-0075-2016Redesign;en-US;/autodiscover/autodiscover.xml;0;1;0
Sandylane.com-0075-2016Redesign;en-US;/autodiscover/autodiscover.xml;0;1;0
Sandylane.com-0075-2016Redesign;en-US;/autodiscover/autodiscover.xml;0;1;0
theweststreethotel.com-0115-2017Redesign;en-US;/favicon.ico/;0;1;0
Sandylane.com-0075-2016Redesign;en-US;/autodiscover/autodiscover.xml;0;1;0
Sandylane.com-0075-2016Redesign;en-US;/autodiscover/autodiscover.xml;0;1;0
Monarchbeachresort.com-0092-2016Redesign;en-US;/favicon.ico/;0;1;0
Jbdukehotel.com-0086-2016Redesign;en-US;/getmedia/831f2872-2c35-4e40-aa9e-7c536ef2a6af/top/;0;1;0
theweststreethotel.com-0115-2017Redesign;en-US;/favicon.ico/;0;1;0
Sunsetkeycottages.com-0116-2017Redesign;en-US;/failovercheck/;0;1;0
Opalcollection.com-0098-2017Redesign;en-US;/failovercheck/;0;1;0
theweststreethotel.com-0115-2017Redesign;en-US;/favicon.ico/;0;1;0
Beverlyhillsresidenceinn.com-0087-2016Redesign;en-US;/mobile/;0;1;0
Cendyn.com-0095-2016Redesign;en-US;/autodiscover/autodiscover.xml;0;1;0
Broadmoor.com-0073-2016Redesign;en-US;/favicon.ico/;0;1;0
Cendyn.com-0095-2016Redesign;en-US;/autodiscover/autodiscover.xml;0;1;0
Sandylane.com-0075-2016Redesign;en-US;/autodiscover/autodiscover.xml;0;1;0
Sandylane.com-0075-2016Redesign;en-US;/autodiscover/autodiscover.xml;0;1;0
Broadmoor.com-0073-2016Redesign;en-US;/favicon.ico/;0;1;0
hutchinsonshores.com-0119-2017Redesign;en-US;/failovercheck/;0;1;0
theweststreethotel.com-0115-2017Redesign;en-US;/favicon.ico/;0;1;0
