Chrco.com-0107-2017Redesign;en-US;/Crescent-Advantage/Press;31152;1;0
Lehotels.com-0049-2015Transfer;en-US;/Search/Europe/Sunborn-London/Hotel-Overview;13146;1;0
Delraysandsresort.com-0097-2016Redesign;en-US;/failovercheck;38049;1;0
Thesagamore.com-0112-2017Redesign;en-US;/Special-Offers/BOGO-Fall-Savings-at-The-Sagamore;41584;1;0
Marriottdelraybeach.com-0009-2014Redesign;en-US;/delray-beach-accommodations/accommodations-suites;2906;1;0
Casaybelresort.com-0002-2014Redesign;en-US;/About-Us/Web-Cam;1613;1;0
Cphollywoodbeach.com-0032-2015Redesign;en-US;/Gallery/Web-Cam;7831;1;0
Lidobeachresort.com-0106-2017Redesign;en-US;/Home;28666;1;0
Galthouse.com-0042-2015Redesign;en-US;/Home;31905;1;0
Marriottdelraybeach.com-0009-2014Redesign;en-US;/delray-beach-accommodations/accommodations-villas;2904;1;0
Broadmoor.com-0073-2016Redesign;en-US;/Home;16721;1;0
Sandpearl.com-0091-2016Redesign;en-US;/failovercheck;38056;1;0
Lidobeachresort.com-0106-2017Redesign;en-US;/Home;28666;1;0
wentworthcom00212014redesign;en-US;/Home;26679;1;0
Galthouse.com-0042-2015Redesign;en-US;/Home;31905;1;0
wentworthcom00212014redesign;en-US;/Home;26679;1;0
Marriottdelraybeach.com-0009-2014Redesign;en-US;/Meetings;2838;1;0
Degreerestaurant.com-0056-2015Redesign;en-US;/Home;11598;1;0
Theharborsidehotel.com-0114-2017Redesign;en-US;/failovercheck;40403;1;0
Meateatery.com-0080-2016Redesign;en-US;/;18505;1;0
Bluebirch.com-0072-2016Redesign;en-US;/Home;16693;1;0
Texturefoodanddrink.com-0067-2016Redesign;en-US;/Home;15452;1;0
Halcyonhotelcherrycreek.com-0061-2015Redesign;en-US;/Home;22121;1;0
Treasureislandbeachresort.com-0089-2016Redesign;en-US;/failovercheck;38057;1;0
Glencovemansion.com-0058-2015Redesign;en-US;/Home;13328;1;0
Opalsands.com-0084-2016Redesign;en-US;/failovercheck;38055;1;0
Thecrawfordhotel.com-0074-2016Redesign;en-US;/Home;17145;1;0
Thecurtis.com-0079-2016Redesign;en-US;/Home;17981;1;0
Assuranceoperations.com-0065-2015Redesign;en-US;/Home;15263;1;0
Cendyn.com-0095-2016Redesign;en-US;/Home;26640;1;0
Bocatrans.com-0082-2016Redesign;en-US;/Home;19758;1;0
Hhotellosangeles.com-0118-2017Redesign;en-US;/Home;35289;1;0
Washingtoncourthotel.com-0076-2016Redesign;en-US;/Home;17858;1;0
Jbdukehotel.com-0086-2016Redesign;en-US;/Home;21918;1;0
Theoxfordhotel.com-0062-2015Redesign;en-US;/Home;14325;1;0
Galthouse.com-0042-2015Redesign;en-US;/failovercheck;38060;1;0
Chrco.com-0107-2017Redesign;en-US;/Home;29280;1;0
Oxfordclubspa.com-0068-2016Redesign;en-US;/Home;15568;1;0
Abbingtonbanquets.com-0070-2016Redesign;en-US;/Home;15789;1;0
Homewoodsuiteslax.com-0110-2017Redesign;en-US;/Home;30747;1;0
Zotabeachresort.com-0090-2016Redesign;en-US;/failovercheck;38058;1;0
Luxehotels.com-0078-2016Redesign;en-US;/Home;18805;1;0
Edgewaternaples.com-0094-2016Redesign;en-US;/failovercheck;38051;1;0
Beverlyhillsresidenceinn.com-0087-2016Redesign;en-US;/Home;20999;1;0
Naiaresortandspa.com-0077-2016Redesign;en-US;/home;20455;1;0
Sandylane.com-0075-2016Redesign;en-US;/Home;17611;1;0
Sandylane.com-0075-2016Redesign;en-US;/Home;17611;1;0
Samosetresort.com-0113-2017Redesign;en-US;/failovercheck;40334;1;0
Lakeplacidlodge.com-0105-2017Redesign;en-US;/failovercheck;39238;1;0
Jupiterbeachresort.com-0103-2017Redesign;en-US;/failovercheck;38052;1;0
Cocokeyorlando.com-0059-2015Redesign;en-US;/Home;12394;1;0
Montaukyachtclub.com-0010-2014Redesign;en-US;/Specials-Packages;2436;1;0
Marriottdelraybeach.com-0009-2014Redesign;en-US;/Meetings/delray-beach-meeting-venues;2864;1;0
Hospitalityupgrade.com-0093-2016Redesign;en-US;/Home;25405;1;0
Marriottdelraybeach.com-0009-2014Redesign;en-US;/Meetings/audio-visual;2865;1;0
Oxfordclubspa.com-0068-2016Redesign;en-US;/Home;15568;1;0
Broadmoor.com-0073-2016Redesign;en-US;/failovercheck;38059;1;0
Napavalleymarriott.com-0071-2016Redesign;en-US;/Home;16432;1;0
Lidobeachresort.com-0106-2017Redesign;en-US;/failovercheck;38053;1;0
Longboatkeyclub.com-0104-2017Redesign;en-US;/failovercheck;38054;1;0
Thelodgeatwoodloch.com-0033-2015Redesign;en-US;/Spa/Treatments-Services/Specialty-Bodywork;9853;1;0
Lehotels.com-0049-2015Transfer;en-US;/Search/North-America/Hotel-Griffon/Dining;13690;1;0
Lehotels.com-0049-2015Transfer;en-US;/Search/Australia/The-Prince;13392;1;0
Passport.lehotels.com-0069-2016BlogRedesign;en-US;/failovercheck;41068;1;0
Thesagamore.com-0112-2017Redesign;en-US;/failovercheck;39241;1;0
Marriottdelraybeach.com-0009-2014Redesign;en-US;/Meetings/social-events;2866;1;0
Cendyn.com-0095-2016Redesign;en-US;/Home;26640;1;0
Sandylane.com-0075-2016Redesign;en-US;/barbados-accommodations/Luxury-Dolphin-Suites;17679;1;0
wentworthcom00212014redesign;en-US;/portsmouth-hotel-offers/portsmouth-special-offers;4280;1;0
Cendyn.com-0095-2016Redesign;en-US;/Home;26640;1;0
Cendyn.com-0095-2016Redesign;en-US;/Home;26640;1;0
Cendyn.com-0095-2016Redesign;en-US;/Home;26640;1;0
Cocokeyorlando.com-0059-2015Redesign;en-US;/Home;12394;1;0
Oxfordclubspa.com-0068-2016Redesign;en-US;/Home;15568;1;0
Broadmoor.com-0073-2016Redesign;en-US;/The-Resort;16724;1;0
Cocokeyorlando.com-0059-2015Redesign;en-US;/Home;12394;1;0
Marriottdelraybeach.com-0009-2014Redesign;en-US;/Meetings/catering;2867;1;0
Delraysandsresort.com-0097-2016Redesign;en-US;/failovercheck;38049;1;0
Thesagamore.com-0112-2017Redesign;en-US;/Home;32339;1;0
Cphollywoodbeach.com-0032-2015Redesign;en-US;/Gallery/Web-Cam;7831;1;0
Washingtoncourthotel.com-0076-2016Redesign;en-US;/Home;17858;1;0
Treasureislandbeachresort.com-0089-2016Redesign;en-US;/Home;22169;1;0
Marriottdelraybeach.com-0009-2014Redesign;en-US;/Meetings/meeting-rfp;2868;1;0
Montaukyachtclub.com-0010-2014Redesign;en-US;/Things-to-do/MYC-Activities;2459;1;0
Galthouse.com-0042-2015Redesign;en-US;/Home;31905;1;0
Theoxfordhotel.com-0062-2015Redesign;en-US;/Home;14325;1;0
Sandpearl.com-0091-2016Redesign;en-US;/failovercheck;38056;1;0
Marriottdelraybeach.com-0009-2014Redesign;en-US;/Meetings/Meeting-RFP-(1);2869;1;0
Broadmoor.com-0073-2016Redesign;en-US;/The-Resort/Historical-Timeline;17699;1;0
Thesagamore.com-0112-2017Redesign;en-US;/Home;32339;1;0
Beverlyhillsresidenceinn.com-0087-2016Redesign;en-US;/Home;20999;1;0
Homewoodsuiteslax.com-0110-2017Redesign;en-US;/Home;30747;1;0
Thecrawfordhotel.com-0074-2016Redesign;en-US;/Home;17145;1;0
Assuranceoperations.com-0065-2015Redesign;en-US;/Home;15263;1;0
Edgewaternaples.com-0094-2016Redesign;en-US;/failovercheck;38051;1;0
Jbdukehotel.com-0086-2016Redesign;en-US;/Home;21918;1;0
Texturefoodanddrink.com-0067-2016Redesign;en-US;/Home;15452;1;0
Glencovemansion.com-0058-2015Redesign;en-US;/Home;13328;1;0
Lakeplacidlodge.com-0105-2017Redesign;en-US;/failovercheck;39238;1;0
Bluebirch.com-0072-2016Redesign;en-US;/Home;16693;1;0
Zotabeachresort.com-0090-2016Redesign;en-US;/failovercheck;38058;1;0
Thecurtis.com-0079-2016Redesign;en-US;/Home;17981;1;0
Treasureislandbeachresort.com-0089-2016Redesign;en-US;/failovercheck;38057;1;0
Hhotellosangeles.com-0118-2017Redesign;en-US;/Home;35289;1;0
Washingtoncourthotel.com-0076-2016Redesign;en-US;/Home;17858;1;0
Marriottdelraybeach.com-0009-2014Redesign;en-US;/delray-beach-weddings;2839;1;0
Luxehotels.com-0078-2016Redesign;en-US;/Home;18805;1;0
Bocatrans.com-0082-2016Redesign;en-US;/Home;19758;1;0
Theharborsidehotel.com-0114-2017Redesign;en-US;/failovercheck;40403;1;0
Degreerestaurant.com-0056-2015Redesign;en-US;/Home;11598;1;0
Samosetresort.com-0113-2017Redesign;en-US;/failovercheck;40334;1;0
Meateatery.com-0080-2016Redesign;en-US;/;18505;1;0
Naiaresortandspa.com-0077-2016Redesign;en-US;/home;20455;1;0
Halcyonhotelcherrycreek.com-0061-2015Redesign;en-US;/Home;22121;1;0
Abbingtonbanquets.com-0070-2016Redesign;en-US;/Home;15789;1;0
Jupiterbeachresort.com-0103-2017Redesign;en-US;/failovercheck;38052;1;0
Theoxfordhotel.com-0062-2015Redesign;en-US;/Home;14325;1;0
Galthouse.com-0042-2015Redesign;en-US;/failovercheck;38060;1;0
Oxfordclubspa.com-0068-2016Redesign;en-US;/Home;15568;1;0
Sandylane.com-0075-2016Redesign;en-US;/Home;17611;1;0
Chrco.com-0107-2017Redesign;en-US;/Home;29280;1;0
Cendyn.com-0095-2016Redesign;en-US;/Home;26640;1;0
Opalsands.com-0084-2016Redesign;en-US;/failovercheck;38055;1;0
Denvercy.com-0036-2015Redesign;en-US;/Home;8150;1;0
Renaissancepittsburghpa.com-0044-2015Redesign;en-US;/Home;9637;1;0
Marriottdelraybeach.com-0009-2014Redesign;en-US;/delray-beach-weddings/delray-beach-wedding-venues;2871;1;0
Hospitalityupgrade.com-0093-2016Redesign;en-US;/Home;25405;1;0
Broadmoor.com-0073-2016Redesign;en-US;/Home;16721;1;0
Casaybelresort.com-0002-2014Redesign;en-US;/Special-Offers;1596;1;0
Montaukyachtclub.com-0010-2014Redesign;en-US;/Things-to-do;2384;1;0
Thesagamore.com-0112-2017Redesign;en-US;/Offers;32346;1;0
Broadmoor.com-0073-2016Redesign;en-US;/failovercheck;38059;1;0
wentworthcom00212014redesign;en-US;/portsmouth-accommodations/accommodations-marina-suites;4284;1;0
Napavalleymarriott.com-0071-2016Redesign;en-US;/Home;16432;1;0
Longboatkeyclub.com-0104-2017Redesign;en-US;/failovercheck;38054;1;0
Thesagamore.com-0112-2017Redesign;en-US;/failovercheck;39241;1;0
Marriottdelraybeach.com-0009-2014Redesign;en-US;/delray-beach-weddings/delray-beach-honeymoons;2909;1;0
Passport.lehotels.com-0069-2016BlogRedesign;en-US;/failovercheck;41068;1;0
Lidobeachresort.com-0106-2017Redesign;en-US;/failovercheck;38053;1;0
Denvercy.com-0036-2015Redesign;en-US;/Home;8150;1;0
Lehotels.com-0049-2015Transfer;en-US;/Search/Australia/Establishment-Hotel/Hotel-Overview;13618;1;0
Cendyn.com-0095-2016Redesign;en-US;/Home;26640;1;0
Cendyn.com-0095-2016Redesign;en-US;/Home;26640;1;0
Cendyn.com-0095-2016Redesign;en-US;/Home;26640;1;0
Cendyn.com-0095-2016Redesign;en-US;/Home;26640;1;0
Casaybelresort.com-0002-2014Redesign;en-US;/Home;1533;1;0
Marriottdelraybeach.com-0009-2014Redesign;en-US;/delray-beach-weddings/vendor-collection;2872;1;0
Treasureislandbeachresort.com-0089-2016Redesign;en-US;/Home;22169;1;0
Delraysandsresort.com-0097-2016Redesign;en-US;/failovercheck;38049;1;0
Marriottdelraybeach.com-0009-2014Redesign;en-US;/delray-beach-weddings/Wedding-RFP;2873;1;0
Treasureislandbeachresort.com-0089-2016Redesign;en-US;/Accommodations/Amenities;22233;1;0
Sandpearl.com-0091-2016Redesign;en-US;/failovercheck;38056;1;0
Marriottdelraybeach.com-0009-2014Redesign;en-US;/delray-beach-weddings/delray-beach-wedding-offers;2874;1;0
Marriottdelraybeach.com-0009-2014Redesign;en-US;/delray-beach-weddings/testimonials;2870;1;0
Theoxfordhotel.com-0062-2015Redesign;en-US;/Home;14325;1;0
Assuranceoperations.com-0065-2015Redesign;en-US;/Home;15263;1;0
Bluebirch.com-0072-2016Redesign;en-US;/Home;16693;1;0
Meateatery.com-0080-2016Redesign;en-US;/;18505;1;0
Glencovemansion.com-0058-2015Redesign;en-US;/Home;13328;1;0
Thecrawfordhotel.com-0074-2016Redesign;en-US;/Home;17145;1;0
Broadmoor.com-0073-2016Redesign;en-US;/Home;16721;1;0
Degreerestaurant.com-0056-2015Redesign;en-US;/Home;11598;1;0
Hhotellosangeles.com-0118-2017Redesign;en-US;/Home;35289;1;0
Thecurtis.com-0079-2016Redesign;en-US;/Home;17981;1;0
Texturefoodanddrink.com-0067-2016Redesign;en-US;/Home;15452;1;0
Cendyn.com-0095-2016Redesign;en-US;/Home;26640;1;0
Bocatrans.com-0082-2016Redesign;en-US;/Home;19758;1;0
Jbdukehotel.com-0086-2016Redesign;en-US;/Home;21918;1;0
Washingtoncourthotel.com-0076-2016Redesign;en-US;/Home;17858;1;0
Oxfordclubspa.com-0068-2016Redesign;en-US;/Home;15568;1;0
Galthouse.com-0042-2015Redesign;en-US;/failovercheck;38060;1;0
Beverlyhillsresidenceinn.com-0087-2016Redesign;en-US;/Home;20999;1;0
Naiaresortandspa.com-0077-2016Redesign;en-US;/home;20455;1;0
Chrco.com-0107-2017Redesign;en-US;/Home;29280;1;0
Sandylane.com-0075-2016Redesign;en-US;/Home;17611;1;0
Luxehotels.com-0078-2016Redesign;en-US;/Home;18805;1;0
Abbingtonbanquets.com-0070-2016Redesign;en-US;/Home;15789;1;0
Samosetresort.com-0113-2017Redesign;en-US;/failovercheck;40334;1;0
Halcyonhotelcherrycreek.com-0061-2015Redesign;en-US;/Home;22121;1;0
Homewoodsuiteslax.com-0110-2017Redesign;en-US;/Home;30747;1;0
Lakeplacidlodge.com-0105-2017Redesign;en-US;/failovercheck;39238;1;0
Zotabeachresort.com-0090-2016Redesign;en-US;/failovercheck;38058;1;0
Treasureislandbeachresort.com-0089-2016Redesign;en-US;/failovercheck;38057;1;0
Edgewaternaples.com-0094-2016Redesign;en-US;/failovercheck;38051;1;0
Theharborsidehotel.com-0114-2017Redesign;en-US;/failovercheck;40403;1;0
Opalsands.com-0084-2016Redesign;en-US;/failovercheck;38055;1;0
Jupiterbeachresort.com-0103-2017Redesign;en-US;/failovercheck;38052;1;0
Jbdukehotel.com-0086-2016Redesign;en-US;/About-Us;21928;1;0
Casaybelresort.com-0002-2014Redesign;en-US;/Weddings-Events;1602;1;0
Casaybelresort.com-0002-2014Redesign;en-US;/Home;1533;1;0
Marriottdelraybeach.com-0009-2014Redesign;en-US;/delray-beach-spa;2833;1;0
Hospitalityupgrade.com-0093-2016Redesign;en-US;/Home;25405;1;0
Glencovemansion.com-0058-2015Redesign;en-US;/Stay/Photo-Gallery;13340;1;0
Lidobeachresort.com-0106-2017Redesign;en-US;/Special-Offers/Under-the-Sea-Package;35409;1;0
Broadmoor.com-0073-2016Redesign;en-US;/failovercheck;38059;1;0
Marriottdelraybeach.com-0009-2014Redesign;en-US;/delray-beach-spa/facials;2875;1;0
Cocokeyorlando.com-0059-2015Redesign;en-US;/Water-Park/Water-Park-Day-Passes-Hours;12414;1;0
Napavalleymarriott.com-0071-2016Redesign;en-US;/Home;16432;1;0
Longboatkeyclub.com-0104-2017Redesign;en-US;/failovercheck;38054;1;0
Thesagamore.com-0112-2017Redesign;en-US;/failovercheck;39241;1;0
Lidobeachresort.com-0106-2017Redesign;en-US;/failovercheck;38053;1;0
Passport.lehotels.com-0069-2016BlogRedesign;en-US;/failovercheck;41068;1;0
Lehotels.com-0049-2015Transfer;en-US;/Search/Caribbean/Avila-Hotel/services;12813;1;0
Cendyn.com-0095-2016Redesign;en-US;/Home;26640;1;0
Cendyn.com-0095-2016Redesign;en-US;/Home;26640;1;0
Cendyn.com-0095-2016Redesign;en-US;/Home;26640;1;0
Cendyn.com-0095-2016Redesign;en-US;/Home;26640;1;0
wentworthcom00212014redesign;en-US;/Mobile/HOME;4259;1;0
Montaukyachtclub.com-0010-2014Redesign;en-US;/Weddings;2383;1;0
Marriottdelraybeach.com-0009-2014Redesign;en-US;/delray-beach-spa/massage;2876;1;0
Lehotels.com-0049-2015Transfer;en-US;/Luxe-Collection;14480;1;0
Delraysandsresort.com-0097-2016Redesign;en-US;/failovercheck;38049;1;0
Treasureislandbeachresort.com-0089-2016Redesign;en-US;/Activities/Treasure-Island-Attractions;22230;1;0
Montaukyachtclub.com-0010-2014Redesign;en-US;/What-s-Happening;2386;1;0
wentworthcom00212014redesign;en-US;/Home;26679;1;0
Broadmoor.com-0073-2016Redesign;en-US;/Home;16721;1;0
Marriottdelraybeach.com-0009-2014Redesign;en-US;/delray-beach-spa/body;2877;1;0
wentworthcom00212014redesign;en-US;/Home;26679;1;0
wentworthcom00212014redesign;en-US;/Home;26679;1;0
Marriottdelraybeach.com-0009-2014Redesign;en-US;/delray-beach-spa/salon-services;2879;1;0
Sandpearl.com-0091-2016Redesign;en-US;/failovercheck;38056;1;0
wentworthcom00212014redesign;en-US;/Home;26679;1;0
Marriottdelraybeach.com-0009-2014Redesign;en-US;/delray-beach-spa/fitness;2880;1;0
wentworthcom00212014redesign;en-US;/Home;26679;1;0
Meateatery.com-0080-2016Redesign;en-US;/;18505;1;0
Bocatrans.com-0082-2016Redesign;en-US;/Home;19758;1;0
Texturefoodanddrink.com-0067-2016Redesign;en-US;/Home;15452;1;0
Theoxfordhotel.com-0062-2015Redesign;en-US;/Home;14325;1;0
wentworthcom00212014redesign;en-US;/Home;26679;1;0
Chrco.com-0107-2017Redesign;en-US;/Home;29280;1;0
Assuranceoperations.com-0065-2015Redesign;en-US;/Home;15263;1;0
Bluebirch.com-0072-2016Redesign;en-US;/Home;16693;1;0
Oxfordclubspa.com-0068-2016Redesign;en-US;/Home;15568;1;0
Hhotellosangeles.com-0118-2017Redesign;en-US;/Home;35289;1;0
Glencovemansion.com-0058-2015Redesign;en-US;/Home;13328;1;0
Marriottdelraybeach.com-0009-2014Redesign;en-US;/delray-beach-spa/delray-beach-spa-offers;2881;1;0
Thecrawfordhotel.com-0074-2016Redesign;en-US;/Home;17145;1;0
Cendyn.com-0095-2016Redesign;en-US;/Home;26640;1;0
Thecurtis.com-0079-2016Redesign;en-US;/Home;17981;1;0
Degreerestaurant.com-0056-2015Redesign;en-US;/Home;11598;1;0
Jbdukehotel.com-0086-2016Redesign;en-US;/Home;21918;1;0
Washingtoncourthotel.com-0076-2016Redesign;en-US;/Home;17858;1;0
Samosetresort.com-0113-2017Redesign;en-US;/failovercheck;40334;1;0
Sandylane.com-0075-2016Redesign;en-US;/Home;17611;1;0
Lakeplacidlodge.com-0105-2017Redesign;en-US;/failovercheck;39238;1;0
Zotabeachresort.com-0090-2016Redesign;en-US;/failovercheck;38058;1;0
Galthouse.com-0042-2015Redesign;en-US;/failovercheck;38060;1;0
Theharborsidehotel.com-0114-2017Redesign;en-US;/failovercheck;40403;1;0
Opalsands.com-0084-2016Redesign;en-US;/failovercheck;38055;1;0
Edgewaternaples.com-0094-2016Redesign;en-US;/failovercheck;38051;1;0
Abbingtonbanquets.com-0070-2016Redesign;en-US;/Home;15789;1;0
Naiaresortandspa.com-0077-2016Redesign;en-US;/home;20455;1;0
Homewoodsuiteslax.com-0110-2017Redesign;en-US;/Home;30747;1;0
Luxehotels.com-0078-2016Redesign;en-US;/Home;18805;1;0
Beverlyhillsresidenceinn.com-0087-2016Redesign;en-US;/Home;20999;1;0
Jupiterbeachresort.com-0103-2017Redesign;en-US;/failovercheck;38052;1;0
Halcyonhotelcherrycreek.com-0061-2015Redesign;en-US;/Home;22121;1;0
Treasureislandbeachresort.com-0089-2016Redesign;en-US;/failovercheck;38057;1;0
wentworthcom00212014redesign;en-US;/Home;26679;1;0
wentworthcom00212014redesign;en-US;/Home;26679;1;0
Hospitalityupgrade.com-0093-2016Redesign;en-US;/Home;25405;1;0
Broadmoor.com-0073-2016Redesign;en-US;/Dining/Golden-Bee;16769;1;0
Marriottdelraybeach.com-0009-2014Redesign;en-US;/delray-beach-dining;2834;1;0
wentworthcom00212014redesign;en-US;/Home;26679;1;0
wentworthcom00212014redesign;en-US;/Home;26679;1;0
Cendyn.com-0095-2016Redesign;en-US;/Home;26640;1;0
Napavalleymarriott.com-0071-2016Redesign;en-US;/Home;16432;1;0
Lidobeachresort.com-0106-2017Redesign;en-US;/failovercheck;38053;1;0
Marriottdelraybeach.com-0009-2014Redesign;en-US;/delray-beach-dining/delray-beach-seacrest-grill;2882;1;0
Thesagamore.com-0112-2017Redesign;en-US;/failovercheck;39241;1;0
Passport.lehotels.com-0069-2016BlogRedesign;en-US;/failovercheck;41068;1;0
Longboatkeyclub.com-0104-2017Redesign;en-US;/failovercheck;38054;1;0
Broadmoor.com-0073-2016Redesign;en-US;/failovercheck;38059;1;0
Cendyn.com-0095-2016Redesign;en-US;/Home;26640;1;0
Cendyn.com-0095-2016Redesign;en-US;/Home;26640;1;0
Cendyn.com-0095-2016Redesign;en-US;/Home;26640;1;0
Cendyn.com-0095-2016Redesign;en-US;/Home;26640;1;0
Broadmoor.com-0073-2016Redesign;en-US;/The-Wilderness-Experiences/The-Ranch-at-Emerald-Valley/EVR-Activities;32315;1;0
saddlebrook.com-0011-2014Redesign;en-US;/Special-Offers/Featured-Offers;4538;1;0
Cendyn.com-0095-2016Redesign;en-US;/Home;26640;1;0
Marriottdelraybeach.com-0009-2014Redesign;en-US;/delray-beach-dining/cascades-poolside-grill;2883;1;0
Lehotels.com-0049-2015Transfer;en-US;/Search/Caribbean/Avila-Hotel/meetings;12814;1;0
Renaissancepittsburghpa.com-0044-2015Redesign;en-US;/Weddings-Events/Wedding-RFP;9695;1;0
Delraysandsresort.com-0097-2016Redesign;en-US;/failovercheck;38049;1;0
Marriottdelraybeach.com-0009-2014Redesign;en-US;/delray-beach-dining/delray-beach-ogradys-lounge;2884;1;0
Theloganhotel.com-0043-2015Redesign;en-US;/Home;20218;1;0
Broadmoor.com-0073-2016Redesign;en-US;/The-Wilderness-Experiences;16728;1;0
Broadmoor.com-0073-2016Redesign;en-US;/The-Wilderness-Experiences/Fly-Fishing-Camp;18014;1;0
Marriottdelraybeach.com-0009-2014Redesign;en-US;/delray-beach-dining/delray-beach-dining-offers;2885;1;0
Sandpearl.com-0091-2016Redesign;en-US;/failovercheck;38056;1;0
Cphollywoodbeach.com-0032-2015Redesign;en-US;/Gallery/Web-Cam;7831;1;0
Cphollywoodbeach.com-0032-2015Redesign;en-US;/Gallery/Web-Cam;7831;1;0
Broadmoor.com-0073-2016Redesign;en-US;/Home;16721;1;0
Marriottdelraybeach.com-0009-2014Redesign;en-US;/play;2835;1;0
Lakeplacidlodge.com-0105-2017Redesign;en-US;/Home;28545;1;0
Theoxfordhotel.com-0062-2015Redesign;en-US;/Home;14325;1;0
Galthouse.com-0042-2015Redesign;en-US;/failovercheck;38060;1;0
Jbdukehotel.com-0086-2016Redesign;en-US;/Home;21918;1;0
Zotabeachresort.com-0090-2016Redesign;en-US;/failovercheck;38058;1;0
Treasureislandbeachresort.com-0089-2016Redesign;en-US;/failovercheck;38057;1;0
Theharborsidehotel.com-0114-2017Redesign;en-US;/failovercheck;40403;1;0
Samosetresort.com-0113-2017Redesign;en-US;/failovercheck;40334;1;0
Cendyn.com-0095-2016Redesign;en-US;/Home;26640;1;0
Halcyonhotelcherrycreek.com-0061-2015Redesign;en-US;/Home;22121;1;0
Bocatrans.com-0082-2016Redesign;en-US;/Home;19758;1;0
Texturefoodanddrink.com-0067-2016Redesign;en-US;/Home;15452;1;0
Thecrawfordhotel.com-0074-2016Redesign;en-US;/Home;17145;1;0
Jupiterbeachresort.com-0103-2017Redesign;en-US;/failovercheck;38052;1;0
Degreerestaurant.com-0056-2015Redesign;en-US;/Home;11598;1;0
Sandylane.com-0075-2016Redesign;en-US;/Home;17611;1;0
Lakeplacidlodge.com-0105-2017Redesign;en-US;/failovercheck;39238;1;0
Hhotellosangeles.com-0118-2017Redesign;en-US;/Home;35289;1;0
Abbingtonbanquets.com-0070-2016Redesign;en-US;/Home;15789;1;0
Glencovemansion.com-0058-2015Redesign;en-US;/Home;13328;1;0
Meateatery.com-0080-2016Redesign;en-US;/;18505;1;0
Bluebirch.com-0072-2016Redesign;en-US;/Home;16693;1;0
Opalsands.com-0084-2016Redesign;en-US;/failovercheck;38055;1;0
Thecurtis.com-0079-2016Redesign;en-US;/Home;17981;1;0
Assuranceoperations.com-0065-2015Redesign;en-US;/Home;15263;1;0
Washingtoncourthotel.com-0076-2016Redesign;en-US;/Home;17858;1;0
Oxfordclubspa.com-0068-2016Redesign;en-US;/Home;15568;1;0
Homewoodsuiteslax.com-0110-2017Redesign;en-US;/Home;30747;1;0
Marriottdelraybeach.com-0009-2014Redesign;en-US;/play/beach;2886;1;0
Luxehotels.com-0078-2016Redesign;en-US;/Home;18805;1;0
Chrco.com-0107-2017Redesign;en-US;/Home;29280;1;0
Naiaresortandspa.com-0077-2016Redesign;en-US;/home;20455;1;0
Edgewaternaples.com-0094-2016Redesign;en-US;/failovercheck;38051;1;0
Beverlyhillsresidenceinn.com-0087-2016Redesign;en-US;/Home;20999;1;0
Broadmoor.com-0073-2016Redesign;en-US;/The-Wilderness-Experiences;16728;1;0
Lakeplacidlodge.com-0105-2017Redesign;en-US;/Home;28545;1;0
Hospitalityupgrade.com-0093-2016Redesign;en-US;/Home;25405;1;0
Marriottdelraybeach.com-0009-2014Redesign;en-US;/play/pool;2887;1;0
Broadmoor.com-0073-2016Redesign;en-US;/failovercheck;38059;1;0
Marriottdelraybeach.com-0009-2014Redesign;en-US;/play/downtown-delray-beach-activities;2888;1;0
Napavalleymarriott.com-0071-2016Redesign;en-US;/Home;16432;1;0
Longboatkeyclub.com-0104-2017Redesign;en-US;/failovercheck;38054;1;0
Thesagamore.com-0112-2017Redesign;en-US;/failovercheck;39241;1;0
Passport.lehotels.com-0069-2016BlogRedesign;en-US;/failovercheck;41068;1;0
Lidobeachresort.com-0106-2017Redesign;en-US;/failovercheck;38053;1;0
Cendyn.com-0095-2016Redesign;en-US;/Home;26640;1;0
Cendyn.com-0095-2016Redesign;en-US;/Home;26640;1;0
Cendyn.com-0095-2016Redesign;en-US;/Home;26640;1;0
Cendyn.com-0095-2016Redesign;en-US;/Home;26640;1;0
Theoxfordhotel.com-0062-2015Redesign;en-US;/Home;14325;1;0
Marriottdelraybeach.com-0009-2014Redesign;en-US;/play/delray-activities;2889;1;0
Lehotels.com-0049-2015Transfer;en-US;/Search/Asia-the-Pacific/Baolilai-International-Hotel/Local-Area;12842;1;0
Washingtondukeinn.com-0024-2014Redesign;en-US;/Contact-Us;5087;1;0
Thecurtis.com-0079-2016Redesign;en-US;/Home;17981;1;0
Delraysandsresort.com-0097-2016Redesign;en-US;/failovercheck;38049;1;0
Thecurtis.com-0079-2016Redesign;en-US;/Home;17981;1;0
Marriottdelraybeach.com-0009-2014Redesign;en-US;/delray-beach-photo-gallery;2841;1;0
Thesagamore.com-0112-2017Redesign;en-US;/Offers/Romance;32389;1;0
Lehotels.com-0049-2015Transfer;en-US;/Home;12108;1;0
Theharborsidehotel.com-0114-2017Redesign;en-US;/bar-harbor-accommodations;37584;1;0
Marriottdelraybeach.com-0009-2014Redesign;en-US;/delray-beach-photo-gallery/virtual-tour;2903;1;0
Sandpearl.com-0091-2016Redesign;en-US;/failovercheck;38056;1;0
Marriottdelraybeach.com-0009-2014Redesign;en-US;/experiences;2836;1;0
Thelodgeatwoodloch.com-0033-2015Redesign;en-US;/Home;7764;1;0
Galthouse.com-0042-2015Redesign;en-US;/failovercheck;38060;1;0
Texturefoodanddrink.com-0067-2016Redesign;en-US;/Home;15452;1;0
Bocatrans.com-0082-2016Redesign;en-US;/Home;19758;1;0
Degreerestaurant.com-0056-2015Redesign;en-US;/Home;11598;1;0
Theoxfordhotel.com-0062-2015Redesign;en-US;/Home;14325;1;0
Treasureislandbeachresort.com-0089-2016Redesign;en-US;/failovercheck;38057;1;0
Halcyonhotelcherrycreek.com-0061-2015Redesign;en-US;/Home;22121;1;0
Meateatery.com-0080-2016Redesign;en-US;/;18505;1;0
Abbingtonbanquets.com-0070-2016Redesign;en-US;/Home;15789;1;0
Zotabeachresort.com-0090-2016Redesign;en-US;/failovercheck;38058;1;0
Oxfordclubspa.com-0068-2016Redesign;en-US;/Home;15568;1;0
Hhotellosangeles.com-0118-2017Redesign;en-US;/Home;35289;1;0
Washingtoncourthotel.com-0076-2016Redesign;en-US;/Home;17858;1;0
Samosetresort.com-0113-2017Redesign;en-US;/failovercheck;40334;1;0
Thecrawfordhotel.com-0074-2016Redesign;en-US;/Home;17145;1;0
Luxehotels.com-0078-2016Redesign;en-US;/Home;18805;1;0
Naiaresortandspa.com-0077-2016Redesign;en-US;/home;20455;1;0
Jupiterbeachresort.com-0103-2017Redesign;en-US;/failovercheck;38052;1;0
Edgewaternaples.com-0094-2016Redesign;en-US;/failovercheck;38051;1;0
Bluebirch.com-0072-2016Redesign;en-US;/Home;16693;1;0
Chrco.com-0107-2017Redesign;en-US;/Home;29280;1;0
Assuranceoperations.com-0065-2015Redesign;en-US;/Home;15263;1;0
Jbdukehotel.com-0086-2016Redesign;en-US;/Home;21918;1;0
Homewoodsuiteslax.com-0110-2017Redesign;en-US;/Home;30747;1;0
Beverlyhillsresidenceinn.com-0087-2016Redesign;en-US;/Home;20999;1;0
Opalsands.com-0084-2016Redesign;en-US;/failovercheck;38055;1;0
Thecurtis.com-0079-2016Redesign;en-US;/Home;17981;1;0
Lakeplacidlodge.com-0105-2017Redesign;en-US;/failovercheck;39238;1;0
Marriottdelraybeach.com-0009-2014Redesign;en-US;/experiences/romance-experiences;2890;1;0
Glencovemansion.com-0058-2015Redesign;en-US;/Home;13328;1;0
Sandylane.com-0075-2016Redesign;en-US;/Home;17611;1;0
Theharborsidehotel.com-0114-2017Redesign;en-US;/failovercheck;40403;1;0
Cendyn.com-0095-2016Redesign;en-US;/Home;26640;1;0
Opalsands.com-0084-2016Redesign;en-US;/Home;20171;1;0
Longboatkeyclub.com-0104-2017Redesign;en-US;/Home;28316;1;0
Theloganhotel.com-0043-2015Redesign;en-US;/Home;20218;1;0
Hospitalityupgrade.com-0093-2016Redesign;en-US;/Home;25405;1;0
Marriottdelraybeach.com-0009-2014Redesign;en-US;/experiences/family-experiences;2891;1;0
Thesagamore.com-0112-2017Redesign;en-US;/Home;32339;1;0
Cocokeyorlando.com-0059-2015Redesign;en-US;/Home;12394;1;0
Broadmoor.com-0073-2016Redesign;en-US;/failovercheck;38059;1;0
Theharborsidehotel.com-0114-2017Redesign;en-US;/Home;37571;1;0
Napavalleymarriott.com-0071-2016Redesign;en-US;/Home;16432;1;0
Thesagamore.com-0112-2017Redesign;en-US;/failovercheck;39241;1;0
Marriottdelraybeach.com-0009-2014Redesign;en-US;/experiences/active-experiences;2892;1;0
Lidobeachresort.com-0106-2017Redesign;en-US;/failovercheck;38053;1;0
Passport.lehotels.com-0069-2016BlogRedesign;en-US;/failovercheck;41068;1;0
Longboatkeyclub.com-0104-2017Redesign;en-US;/failovercheck;38054;1;0
Montaukyachtclub.com-0010-2014Redesign;en-US;/About-Myc/Contact;2449;1;0
Cendyn.com-0095-2016Redesign;en-US;/Home;26640;1;0
Cendyn.com-0095-2016Redesign;en-US;/Home;26640;1;0
Cendyn.com-0095-2016Redesign;en-US;/Home;26640;1;0
Cendyn.com-0095-2016Redesign;en-US;/Home;26640;1;0
Theharborsidehotel.com-0114-2017Redesign;en-US;/Home;37571;1;0
Marriottdelraybeach.com-0009-2014Redesign;en-US;/experiences/culinary-experiences;2893;1;0
Lehotels.com-0049-2015Transfer;en-US;/Search/Europe/Palazzo-Magnani-Feroni/Special-Offers/Book-in-Advance-and-Save-at-Palazzo-Magnani-Feroni;27609;1;0
Lehotels.com-0049-2015Transfer;en-US;/Search/Asia-the-Pacific/Cerulean-Tower-Tokyu-Hotel/Hotel-Overview;12932;1;0
Delraysandsresort.com-0097-2016Redesign;en-US;/failovercheck;38049;1;0
Galthouse.com-0042-2015Redesign;en-US;/Meetings-Groups;10578;1;0
Marriottdelraybeach.com-0009-2014Redesign;en-US;/delray-beach-hotel-offers/Special-Offers/$50-Hotel-Credit;16146;1;0
wentworthcom00212014redesign;en-US;/portsmouth-accommodations/accommodations-guest-rooms;4282;1;0
Courtyardportlandcitycenter.com-0063-2015Redesign;en-US;/Portland-Weddings-Events/Wedding-RFP-Form;14567;1;0
Theharborsidehotel.com-0114-2017Redesign;en-US;/Home;37571;1;0
Cendyn.com-0095-2016Redesign;en-US;/Home;26640;1;0
Marriottdelraybeach.com-0009-2014Redesign;en-US;/delray-beach-hotel-offers/delray-beach-romance-offers/romantic-escape-package;2923;1;0
Sandpearl.com-0091-2016Redesign;en-US;/failovercheck;38056;1;0
Hospitalityupgrade.com-0093-2016Redesign;en-US;/News/News-Article-Details;22790;1;0
Marriottdelraybeach.com-0009-2014Redesign;en-US;/delray-beach-hotel-offers/delray-beach-dining-offers/Stay-for-Breakfast;16145;1;0
Texturefoodanddrink.com-0067-2016Redesign;en-US;/Home;15452;1;0
Degreerestaurant.com-0056-2015Redesign;en-US;/Home;11598;1;0
Halcyonhotelcherrycreek.com-0061-2015Redesign;en-US;/Home;22121;1;0
Galthouse.com-0042-2015Redesign;en-US;/failovercheck;38060;1;0
Abbingtonbanquets.com-0070-2016Redesign;en-US;/Home;15789;1;0
Theoxfordhotel.com-0062-2015Redesign;en-US;/Home;14325;1;0
Glencovemansion.com-0058-2015Redesign;en-US;/Home;13328;1;0
Treasureislandbeachresort.com-0089-2016Redesign;en-US;/failovercheck;38057;1;0
Zotabeachresort.com-0090-2016Redesign;en-US;/failovercheck;38058;1;0
Thecrawfordhotel.com-0074-2016Redesign;en-US;/Home;17145;1;0
Washingtoncourthotel.com-0076-2016Redesign;en-US;/Home;17858;1;0
Oxfordclubspa.com-0068-2016Redesign;en-US;/Home;15568;1;0
Lakeplacidlodge.com-0105-2017Redesign;en-US;/failovercheck;39238;1;0
Jupiterbeachresort.com-0103-2017Redesign;en-US;/failovercheck;38052;1;0
Assuranceoperations.com-0065-2015Redesign;en-US;/Home;15263;1;0
Chrco.com-0107-2017Redesign;en-US;/Home;29280;1;0
Beverlyhillsresidenceinn.com-0087-2016Redesign;en-US;/Home;20999;1;0
Jbdukehotel.com-0086-2016Redesign;en-US;/Home;21918;1;0
Meateatery.com-0080-2016Redesign;en-US;/;18505;1;0
Samosetresort.com-0113-2017Redesign;en-US;/failovercheck;40334;1;0
Cendyn.com-0095-2016Redesign;en-US;/Home;26640;1;0
Hhotellosangeles.com-0118-2017Redesign;en-US;/Home;35289;1;0
Bluebirch.com-0072-2016Redesign;en-US;/Home;16693;1;0
Bocatrans.com-0082-2016Redesign;en-US;/Home;19758;1;0
Thecurtis.com-0079-2016Redesign;en-US;/Home;17981;1;0
Homewoodsuiteslax.com-0110-2017Redesign;en-US;/Home;30747;1;0
Luxehotels.com-0078-2016Redesign;en-US;/Home;18805;1;0
Naiaresortandspa.com-0077-2016Redesign;en-US;/home;20455;1;0
Sandylane.com-0075-2016Redesign;en-US;/Home;17611;1;0
Opalsands.com-0084-2016Redesign;en-US;/failovercheck;38055;1;0
Edgewaternaples.com-0094-2016Redesign;en-US;/failovercheck;38051;1;0
Theharborsidehotel.com-0114-2017Redesign;en-US;/failovercheck;40403;1;0
Cphollywoodbeach.com-0032-2015Redesign;en-US;/Gallery/Web-Cam;7831;1;0
wentworthcom00212014redesign;en-US;/Mobile/HOME;4259;1;0
Marriottdelraybeach.com-0009-2014Redesign;en-US;/delray-beach-hotel-offers/Special-Offers/Suite-Sale;16150;1;0
Casaybelresort.com-0002-2014Redesign;en-US;/Home;1533;1;0
Galthouse.com-0042-2015Redesign;en-US;/louisville-hotel-vacation-packages/Official-Kentucky-Derby-Hotel;10924;1;0
Casaybelresort.com-0002-2014Redesign;en-US;/Weddings-Events/Weddings-Occasions/Wedding-Packages;1640;1;0
Thesagamore.com-0112-2017Redesign;en-US;/Activities/Golf;33444;1;0
Hospitalityupgrade.com-0093-2016Redesign;en-US;/Home;25405;1;0
Marriottdelraybeach.com-0009-2014Redesign;en-US;/Miscellaneous/connect-with-us;2899;1;0
Napavalleymarriott.com-0071-2016Redesign;en-US;/Home;16432;1;0
Lidobeachresort.com-0106-2017Redesign;en-US;/failovercheck;38053;1;0
Thesagamore.com-0112-2017Redesign;en-US;/failovercheck;39241;1;0
Broadmoor.com-0073-2016Redesign;en-US;/failovercheck;38059;1;0
Longboatkeyclub.com-0104-2017Redesign;en-US;/failovercheck;38054;1;0
Passport.lehotels.com-0069-2016BlogRedesign;en-US;/failovercheck;41068;1;0
Theharborsidehotel.com-0114-2017Redesign;en-US;/Home;37571;1;0
Cendyn.com-0095-2016Redesign;en-US;/Privacy-Policy/Norwegian;27668;1;0
Cendyn.com-0095-2016Redesign;en-US;/Home;26640;1;0
Cendyn.com-0095-2016Redesign;en-US;/Home;26640;1;0
Cendyn.com-0095-2016Redesign;en-US;/Home;26640;1;0
Cendyn.com-0095-2016Redesign;en-US;/Home;26640;1;0
wentworthcom00212014redesign;en-US;/Mobile/HOME;4259;1;0
wentworthcom00212014redesign;en-US;/experiences/active-experiences;4324;1;0
Marriottdelraybeach.com-0009-2014Redesign;en-US;/Miscellaneous/press-room;2894;1;0
Delraysandsresort.com-0097-2016Redesign;en-US;/failovercheck;38049;1;0
Lidobeachresort.com-0106-2017Redesign;en-US;/Offers/Family-Offers;28718;1;0
Broadmoor.com-0073-2016Redesign;en-US;/Home;16721;1;0
Marriottdelraybeach.com-0009-2014Redesign;en-US;/Miscellaneous/careers;2895;1;0
Sandpearl.com-0091-2016Redesign;en-US;/Home;22481;1;0
Lehotels.com-0049-2015Transfer;en-US;/Search/Asia-the-Pacific/Baolilai-International-Hotel/Rooms-Amenities;12822;1;0
Marriottdelraybeach.com-0009-2014Redesign;en-US;/Miscellaneous/directions;2910;1;0
Sandpearl.com-0091-2016Redesign;en-US;/failovercheck;38056;1;0
Thesagamore.com-0112-2017Redesign;en-US;/Special-Offers/Opal-Romance-Package;33569;1;0
Marriottdelraybeach.com-0009-2014Redesign;en-US;/Miscellaneous/terms-conditions;2896;1;0
Degreerestaurant.com-0056-2015Redesign;en-US;/Home;11598;1;0
Meateatery.com-0080-2016Redesign;en-US;/;18505;1;0
Bluebirch.com-0072-2016Redesign;en-US;/Home;16693;1;0
Theoxfordhotel.com-0062-2015Redesign;en-US;/Home;14325;1;0
Hhotellosangeles.com-0118-2017Redesign;en-US;/Home;35289;1;0
Thecrawfordhotel.com-0074-2016Redesign;en-US;/Home;17145;1;0
Thecurtis.com-0079-2016Redesign;en-US;/Home;17981;1;0
Texturefoodanddrink.com-0067-2016Redesign;en-US;/Home;15452;1;0
Bocatrans.com-0082-2016Redesign;en-US;/Home;19758;1;0
Glencovemansion.com-0058-2015Redesign;en-US;/Home;13328;1;0
Assuranceoperations.com-0065-2015Redesign;en-US;/Home;15263;1;0
Washingtoncourthotel.com-0076-2016Redesign;en-US;/Home;17858;1;0
Abbingtonbanquets.com-0070-2016Redesign;en-US;/Home;15789;1;0
Cendyn.com-0095-2016Redesign;en-US;/Home;26640;1;0
Sandylane.com-0075-2016Redesign;en-US;/Home;17611;1;0
Naiaresortandspa.com-0077-2016Redesign;en-US;/home;20455;1;0
Opalsands.com-0084-2016Redesign;en-US;/failovercheck;38055;1;0
Treasureislandbeachresort.com-0089-2016Redesign;en-US;/failovercheck;38057;1;0
Beverlyhillsresidenceinn.com-0087-2016Redesign;en-US;/Home;20999;1;0
Luxehotels.com-0078-2016Redesign;en-US;/Home;18805;1;0
Edgewaternaples.com-0094-2016Redesign;en-US;/failovercheck;38051;1;0
Galthouse.com-0042-2015Redesign;en-US;/failovercheck;38060;1;0
Jupiterbeachresort.com-0103-2017Redesign;en-US;/failovercheck;38052;1;0
Oxfordclubspa.com-0068-2016Redesign;en-US;/Home;15568;1;0
Jbdukehotel.com-0086-2016Redesign;en-US;/Home;21918;1;0
Homewoodsuiteslax.com-0110-2017Redesign;en-US;/Home;30747;1;0
Zotabeachresort.com-0090-2016Redesign;en-US;/failovercheck;38058;1;0
Chrco.com-0107-2017Redesign;en-US;/Home;29280;1;0
Halcyonhotelcherrycreek.com-0061-2015Redesign;en-US;/Home;22121;1;0
Samosetresort.com-0113-2017Redesign;en-US;/failovercheck;40334;1;0
Lakeplacidlodge.com-0105-2017Redesign;en-US;/failovercheck;39238;1;0
Theharborsidehotel.com-0114-2017Redesign;en-US;/failovercheck;40403;1;0
Broadmoor.com-0073-2016Redesign;en-US;/The-Wilderness-Experiences;16728;1;0
Broadmoor.com-0073-2016Redesign;en-US;/Home;16721;1;0
Samosetresort.com-0113-2017Redesign;en-US;/Home;32541;1;0
Marriottdelraybeach.com-0009-2014Redesign;en-US;/Miscellaneous/privacy-policy;2897;1;0
Theloganhotel.com-0043-2015Redesign;en-US;/Home;20218;1;0
Edgewaternaples.com-0094-2016Redesign;en-US;/Home;25239;1;0
Thesagamore.com-0112-2017Redesign;en-US;/Winter;33357;1;0
Hospitalityupgrade.com-0093-2016Redesign;en-US;/Home;25405;1;0
Theloganhotel.com-0043-2015Redesign;en-US;/Home;20218;1;0
Marriottdelraybeach.com-0009-2014Redesign;en-US;/Miscellaneous/contact-us;2898;1;0
Lidobeachresort.com-0106-2017Redesign;en-US;/Special-Offers/Opal-Collection-Family-Package;28712;1;0
Sandpearl.com-0091-2016Redesign;en-US;/Home;22481;1;0
Broadmoor.com-0073-2016Redesign;en-US;/failovercheck;38059;1;0
Napavalleymarriott.com-0071-2016Redesign;en-US;/Home;16432;1;0
Passport.lehotels.com-0069-2016BlogRedesign;en-US;/failovercheck;41068;1;0
Lidobeachresort.com-0106-2017Redesign;en-US;/failovercheck;38053;1;0
Thesagamore.com-0112-2017Redesign;en-US;/failovercheck;39241;1;0
Longboatkeyclub.com-0104-2017Redesign;en-US;/failovercheck;38054;1;0
Cendyn.com-0095-2016Redesign;en-US;/Home;26640;1;0
Cendyn.com-0095-2016Redesign;en-US;/Home;26640;1;0
Cendyn.com-0095-2016Redesign;en-US;/Home;26640;1;0
Cendyn.com-0095-2016Redesign;en-US;/Home;26640;1;0
Marriottdelraybeach.com-0009-2014Redesign;en-US;/delray-beach-hotel-offers/delray-beach-romance-offers;2857;1;0
Casaybelresort.com-0002-2014Redesign;en-US;/About-Us/Web-Cam;1613;1;0
Lehotels.com-0049-2015Transfer;en-US;/Search/Europe/Hotel-Roger-de-Lluria/rogerdelluria;13783;1;0
Delraysandsresort.com-0097-2016Redesign;en-US;/failovercheck;38049;1;0
Marriottdelraybeach.com-0009-2014Redesign;en-US;/delray-beach-hotel-offers/delray-beach-spa-offers;2859;1;0
Montaukyachtclub.com-0010-2014Redesign;en-US;/About-Myc/FAQ;2405;1;0
Thecurtis.com-0079-2016Redesign;en-US;/Rooms/Hyper-Themed-Rooms/Star-Trek;19398;1;0
Marriottdelraybeach.com-0009-2014Redesign;en-US;/delray-beach-hotel-offers/delray-beach-dining-offers;2860;1;0
Galthouse.com-0042-2015Redesign;en-US;/Home;31905;1;0
Samosetresort.com-0113-2017Redesign;en-US;/Home;32541;1;0
Sandpearl.com-0091-2016Redesign;en-US;/failovercheck;38056;1;0
Marriottdelraybeach.com-0009-2014Redesign;en-US;/delray-beach-hotel-offers/Special-Offers;3008;1;0
Broadmoor.com-0073-2016Redesign;en-US;/Home;16721;1;0
Marriottdelraybeach.com-0009-2014Redesign;en-US;/Miscellaneous/connect-with-us;2899;1;0
Bluebirch.com-0072-2016Redesign;en-US;/Home;16693;1;0
Degreerestaurant.com-0056-2015Redesign;en-US;/Home;11598;1;0
Cendyn.com-0095-2016Redesign;en-US;/Home;26640;1;0
Hhotellosangeles.com-0118-2017Redesign;en-US;/Home;35289;1;0
Jbdukehotel.com-0086-2016Redesign;en-US;/Home;21918;1;0
Chrco.com-0107-2017Redesign;en-US;/Home;29280;1;0
Bocatrans.com-0082-2016Redesign;en-US;/Home;19758;1;0
Meateatery.com-0080-2016Redesign;en-US;/;18505;1;0
Galthouse.com-0042-2015Redesign;en-US;/failovercheck;38060;1;0
Texturefoodanddrink.com-0067-2016Redesign;en-US;/Home;15452;1;0
Glencovemansion.com-0058-2015Redesign;en-US;/Home;13328;1;0
Thecurtis.com-0079-2016Redesign;en-US;/Home;17981;1;0
Thecrawfordhotel.com-0074-2016Redesign;en-US;/Home;17145;1;0
Washingtoncourthotel.com-0076-2016Redesign;en-US;/Home;17858;1;0
Abbingtonbanquets.com-0070-2016Redesign;en-US;/Home;15789;1;0
Oxfordclubspa.com-0068-2016Redesign;en-US;/Home;15568;1;0
Beverlyhillsresidenceinn.com-0087-2016Redesign;en-US;/Home;20999;1;0
Naiaresortandspa.com-0077-2016Redesign;en-US;/home;20455;1;0
Luxehotels.com-0078-2016Redesign;en-US;/Home;18805;1;0
Zotabeachresort.com-0090-2016Redesign;en-US;/failovercheck;38058;1;0
Theharborsidehotel.com-0114-2017Redesign;en-US;/failovercheck;40403;1;0
Assuranceoperations.com-0065-2015Redesign;en-US;/Home;15263;1;0
Jupiterbeachresort.com-0103-2017Redesign;en-US;/failovercheck;38052;1;0
Treasureislandbeachresort.com-0089-2016Redesign;en-US;/failovercheck;38057;1;0
Theoxfordhotel.com-0062-2015Redesign;en-US;/Home;14325;1;0
Lakeplacidlodge.com-0105-2017Redesign;en-US;/failovercheck;39238;1;0
Edgewaternaples.com-0094-2016Redesign;en-US;/failovercheck;38051;1;0
Samosetresort.com-0113-2017Redesign;en-US;/failovercheck;40334;1;0
Homewoodsuiteslax.com-0110-2017Redesign;en-US;/Home;30747;1;0
Casaybelresort.com-0002-2014Redesign;en-US;/Home;1533;1;0
Opalsands.com-0084-2016Redesign;en-US;/failovercheck;38055;1;0
Sandylane.com-0075-2016Redesign;en-US;/Home;17611;1;0
Halcyonhotelcherrycreek.com-0061-2015Redesign;en-US;/Home;22121;1;0
Marriottdelraybeach.com-0009-2014Redesign;en-US;/Miscellaneous/email-signup;2900;1;0
Thelodgeatwoodloch.com-0033-2015Redesign;en-US;/hawley-packages/Just-One-Midweek-Escape;11307;1;0
Hospitalityupgrade.com-0093-2016Redesign;en-US;/Home;25405;1;0
Marriottdelraybeach.com-0009-2014Redesign;en-US;/Miscellaneous/search-site;2901;1;0
Renaissancepittsburghpa.com-0044-2015Redesign;en-US;/Our-Pittsburgh-Hotel/PNC-Park;26171;1;0
Broadmoor.com-0073-2016Redesign;en-US;/failovercheck;38059;1;0
Passport.lehotels.com-0069-2016BlogRedesign;en-US;/failovercheck;41068;1;0
Napavalleymarriott.com-0071-2016Redesign;en-US;/Home;16432;1;0
Thesagamore.com-0112-2017Redesign;en-US;/failovercheck;39241;1;0
Lidobeachresort.com-0106-2017Redesign;en-US;/failovercheck;38053;1;0
Longboatkeyclub.com-0104-2017Redesign;en-US;/failovercheck;38054;1;0
Cendyn.com-0095-2016Redesign;en-US;/Home;26640;1;0
Cendyn.com-0095-2016Redesign;en-US;/Home;26640;1;0
Cendyn.com-0095-2016Redesign;en-US;/Home;26640;1;0
Cendyn.com-0095-2016Redesign;en-US;/Home;26640;1;0
Theloganhotel.com-0043-2015Redesign;en-US;/Home;20218;1;0
Lehotels.com-0049-2015Transfer;en-US;/Search/North-America/Elan-Hotel/Meetings-and-Events;13044;1;0
Thelodgeatwoodloch.com-0033-2015Redesign;en-US;/Experience/Activities/Summer-Seasonal-Activity-Highlights;15817;1;0
Marriottdelraybeach.com-0009-2014Redesign;en-US;/delray-beach-hotel-offers/delray-beach-spa-offers/sunsational-spa-package;3013;1;0
Delraysandsresort.com-0097-2016Redesign;en-US;/failovercheck;38049;1;0
Thecrawfordhotel.com-0074-2016Redesign;en-US;/our-denver-hotel/destination-amenities;17164;1;0
Edgewaternaples.com-0094-2016Redesign;en-US;/Accommodations;25251;1;0
Sandpearl.com-0091-2016Redesign;en-US;/failovercheck;38056;1;0
Bluebirch.com-0072-2016Redesign;en-US;/Home;16693;1;0
Meateatery.com-0080-2016Redesign;en-US;/;18505;1;0
Hhotellosangeles.com-0118-2017Redesign;en-US;/Home;35289;1;0
Theoxfordhotel.com-0062-2015Redesign;en-US;/Home;14325;1;0
Degreerestaurant.com-0056-2015Redesign;en-US;/Home;11598;1;0
Glencovemansion.com-0058-2015Redesign;en-US;/Home;13328;1;0
Cendyn.com-0095-2016Redesign;en-US;/Home;26640;1;0
Thecurtis.com-0079-2016Redesign;en-US;/Home;17981;1;0
Texturefoodanddrink.com-0067-2016Redesign;en-US;/Home;15452;1;0
Bocatrans.com-0082-2016Redesign;en-US;/Home;19758;1;0
Assuranceoperations.com-0065-2015Redesign;en-US;/Home;15263;1;0
Washingtoncourthotel.com-0076-2016Redesign;en-US;/Home;17858;1;0
Thecrawfordhotel.com-0074-2016Redesign;en-US;/Home;17145;1;0
Jbdukehotel.com-0086-2016Redesign;en-US;/Home;21918;1;0
Abbingtonbanquets.com-0070-2016Redesign;en-US;/Home;15789;1;0
Galthouse.com-0042-2015Redesign;en-US;/failovercheck;38060;1;0
Luxehotels.com-0078-2016Redesign;en-US;/Home;18805;1;0
Homewoodsuiteslax.com-0110-2017Redesign;en-US;/Home;30747;1;0
Sandylane.com-0075-2016Redesign;en-US;/Home;17611;1;0
Jupiterbeachresort.com-0103-2017Redesign;en-US;/failovercheck;38052;1;0
Naiaresortandspa.com-0077-2016Redesign;en-US;/home;20455;1;0
Halcyonhotelcherrycreek.com-0061-2015Redesign;en-US;/Home;22121;1;0
Beverlyhillsresidenceinn.com-0087-2016Redesign;en-US;/Home;20999;1;0
Samosetresort.com-0113-2017Redesign;en-US;/failovercheck;40334;1;0
wentworthcom00212014redesign;en-US;/portsmouth-dining;4251;1;0
Opalsands.com-0084-2016Redesign;en-US;/failovercheck;38055;1;0
Chrco.com-0107-2017Redesign;en-US;/Home;29280;1;0
Oxfordclubspa.com-0068-2016Redesign;en-US;/Home;15568;1;0
Treasureislandbeachresort.com-0089-2016Redesign;en-US;/failovercheck;38057;1;0
Zotabeachresort.com-0090-2016Redesign;en-US;/failovercheck;38058;1;0
Edgewaternaples.com-0094-2016Redesign;en-US;/failovercheck;38051;1;0
Theharborsidehotel.com-0114-2017Redesign;en-US;/failovercheck;40403;1;0
Lakeplacidlodge.com-0105-2017Redesign;en-US;/failovercheck;39238;1;0
Hospitalityupgrade.com-0093-2016Redesign;en-US;/Home;25405;1;0
Hospitalityupgrade.com-0093-2016Redesign;en-US;/News/News-Article-Details;22790;1;0
Secretharbourvi.com-0040-2015Redesign;en-US;/Home;9231;1;0
Broadmoor.com-0073-2016Redesign;en-US;/Contact-Us;16742;1;0
Broadmoor.com-0073-2016Redesign;en-US;/failovercheck;38059;1;0
Napavalleymarriott.com-0071-2016Redesign;en-US;/Home;16432;1;0
Secretharbourvi.com-0040-2015Redesign;en-US;/Home;9231;1;0
Passport.lehotels.com-0069-2016BlogRedesign;en-US;/failovercheck;41068;1;0
Longboatkeyclub.com-0104-2017Redesign;en-US;/failovercheck;38054;1;0
Montaukyachtclub.com-0010-2014Redesign;en-US;/About-Myc/Luxury-Marinas-Experience;2450;1;0
Thesagamore.com-0112-2017Redesign;en-US;/failovercheck;39241;1;0
Lidobeachresort.com-0106-2017Redesign;en-US;/failovercheck;38053;1;0
Cendyn.com-0095-2016Redesign;en-US;/Home;26640;1;0
Cendyn.com-0095-2016Redesign;en-US;/Home;26640;1;0
Cendyn.com-0095-2016Redesign;en-US;/Home;26640;1;0
Cendyn.com-0095-2016Redesign;en-US;/Home;26640;1;0
Lehotels.com-0049-2015Transfer;en-US;/Search/North-America/The-Herrington-Inn-Spa/Hotel-Overview;13224;1;0
Casaybelresort.com-0002-2014Redesign;en-US;/Home;1533;1;0
Delraysandsresort.com-0097-2016Redesign;en-US;/failovercheck;38049;1;0
Sandpearl.com-0091-2016Redesign;en-US;/failovercheck;38056;1;0
Hospitalityupgrade.com-0093-2016Redesign;en-US;/Home;25405;1;0
Glencovemansion.com-0058-2015Redesign;en-US;/Home;13328;1;0
Cocokeyorlando.com-0059-2015Redesign;en-US;/Contact-Us;12488;1;0
Assuranceoperations.com-0065-2015Redesign;en-US;/Home;15263;1;0
Oxfordclubspa.com-0068-2016Redesign;en-US;/Home;15568;1;0
Sandylane.com-0075-2016Redesign;en-US;/Home;17611;1;0
Halcyonhotelcherrycreek.com-0061-2015Redesign;en-US;/Home;22121;1;0
Hhotellosangeles.com-0118-2017Redesign;en-US;/Home;35289;1;0
Degreerestaurant.com-0056-2015Redesign;en-US;/Home;11598;1;0
Texturefoodanddrink.com-0067-2016Redesign;en-US;/Home;15452;1;0
Samosetresort.com-0113-2017Redesign;en-US;/failovercheck;40334;1;0
wentworthcom00212014redesign;en-US;/portsmouth-photo-gallery;4253;1;0
Abbingtonbanquets.com-0070-2016Redesign;en-US;/Home;15789;1;0
Luxehotels.com-0078-2016Redesign;en-US;/Home;18805;1;0
Casaybelresort.com-0002-2014Redesign;en-US;/Home;1533;1;0
Chrco.com-0107-2017Redesign;en-US;/Home;29280;1;0
Opalsands.com-0084-2016Redesign;en-US;/failovercheck;38055;1;0
Zotabeachresort.com-0090-2016Redesign;en-US;/failovercheck;38058;1;0
Montaukyachtclub.com-0010-2014Redesign;en-US;/About-Myc/Map-Directions;2448;1;0
Meateatery.com-0080-2016Redesign;en-US;/;18505;1;0
Theharborsidehotel.com-0114-2017Redesign;en-US;/failovercheck;40403;1;0
Bocatrans.com-0082-2016Redesign;en-US;/Home;19758;1;0
Theoxfordhotel.com-0062-2015Redesign;en-US;/Home;14325;1;0
Edgewaternaples.com-0094-2016Redesign;en-US;/failovercheck;38051;1;0
Beverlyhillsresidenceinn.com-0087-2016Redesign;en-US;/Home;20999;1;0
Bluebirch.com-0072-2016Redesign;en-US;/Home;16693;1;0
Cendyn.com-0095-2016Redesign;en-US;/Home;26640;1;0
Glencovemansion.com-0058-2015Redesign;en-US;/Home;13328;1;0
Washingtoncourthotel.com-0076-2016Redesign;en-US;/Home;17858;1;0
Assuranceoperations.com-0065-2015Redesign;en-US;/Home;15263;1;0
Treasureislandbeachresort.com-0089-2016Redesign;en-US;/failovercheck;38057;1;0
Jupiterbeachresort.com-0103-2017Redesign;en-US;/failovercheck;38052;1;0
Homewoodsuiteslax.com-0110-2017Redesign;en-US;/Home;30747;1;0
Galthouse.com-0042-2015Redesign;en-US;/failovercheck;38060;1;0
Thecurtis.com-0079-2016Redesign;en-US;/Home;17981;1;0
Naiaresortandspa.com-0077-2016Redesign;en-US;/home;20455;1;0
Thecrawfordhotel.com-0074-2016Redesign;en-US;/Home;17145;1;0
Jbdukehotel.com-0086-2016Redesign;en-US;/Home;21918;1;0
Lakeplacidlodge.com-0105-2017Redesign;en-US;/failovercheck;39238;1;0
Broadmoor.com-0073-2016Redesign;en-US;/The-Wilderness-Experiences/The-Ranch-at-Emerald-Valley;18013;1;0
Hospitalityupgrade.com-0093-2016Redesign;en-US;/Home;25405;1;0
wentworthcom00212014redesign;en-US;/portsmouth-dining/Sunday-brunch;4309;1;0
Thelodgeatwoodloch.com-0033-2015Redesign;en-US;/Home;7764;1;0
Monarchbeachresort.com-0092-2016Redesign;en-US;/welcome;23492;1;0
Broadmoor.com-0073-2016Redesign;en-US;/failovercheck;38059;1;0
Washingtondukeinn.com-0024-2014Redesign;en-US;/Home;4524;1;0
Residenceinnlax.com-0026-2014Redesign;en-US;/Home;5271;1;0
Napavalleymarriott.com-0071-2016Redesign;en-US;/Home;16432;1;0
Renaissancepittsburghpa.com-0044-2015Redesign;en-US;/Home;9637;1;0
Passport.lehotels.com-0069-2016BlogRedesign;en-US;/failovercheck;41068;1;0
Longboatkeyclub.com-0104-2017Redesign;en-US;/failovercheck;38054;1;0
Lidobeachresort.com-0106-2017Redesign;en-US;/failovercheck;38053;1;0
Thesagamore.com-0112-2017Redesign;en-US;/failovercheck;39241;1;0
Cendyn.com-0095-2016Redesign;en-US;/Home;26640;1;0
Cendyn.com-0095-2016Redesign;en-US;/Home;26640;1;0
Cendyn.com-0095-2016Redesign;en-US;/Home;26640;1;0
Cendyn.com-0095-2016Redesign;en-US;/Home;26640;1;0
Lehotels.com-0049-2015Transfer;en-US;/Search/Australia/Medusa/dining;13931;1;0
Cendyn.com-0095-2016Redesign;en-US;/Home;26640;1;0
Renaissancepittsburghpa.com-0044-2015Redesign;en-US;/Home;9637;1;0
Lehotels.com-0049-2015Transfer;en-US;/Home;12108;1;0
Thesagamore.com-0112-2017Redesign;en-US;/Home;32339;1;0
Delraysandsresort.com-0097-2016Redesign;en-US;/failovercheck;38049;1;0
Broadmoor.com-0073-2016Redesign;en-US;/Home;16721;1;0
Broadmoor.com-0073-2016Redesign;en-US;/Home;16721;1;0
Cendyn.com-0095-2016Redesign;en-US;/Home;26640;1;0
Theloganhotel.com-0043-2015Redesign;en-US;/Home;20218;1;0
Theharborsidehotel.com-0114-2017Redesign;en-US;/bar-harbor-accommodations/Guest-Rooms;37941;1;0
Cocokeyorlando.com-0059-2015Redesign;en-US;/Home;12394;1;0
Broadmoor.com-0073-2016Redesign;en-US;/Home;16721;1;0
Broadmoor.com-0073-2016Redesign;en-US;/Home;16721;1;0
Broadmoor.com-0073-2016Redesign;en-US;/Home;16721;1;0
Cendyn.com-0095-2016Redesign;en-US;/Home;26640;1;0
Broadmoor.com-0073-2016Redesign;en-US;/Home;16721;1;0
Samosetresort.com-0113-2017Redesign;en-US;/Accommodations;32554;1;0
Sandpearl.com-0091-2016Redesign;en-US;/failovercheck;38056;1;0
Newyorkpalacemeetings.com-0045-2015Redesign;en-US;/Home;9207;1;0
Jupiterbeachresort.com-0103-2017Redesign;en-US;/Home;28158;1;0
Galthouse.com-0042-2015Redesign;en-US;/Home;31905;1;0
Lakeplacidlodge.com-0105-2017Redesign;en-US;/Home;28545;1;0
Hhotellosangeles.com-0118-2017Redesign;en-US;/Home;35289;1;0
Naiaresortandspa.com-0077-2016Redesign;en-US;/home;20455;1;0
Bluebirch.com-0072-2016Redesign;en-US;/Home;16693;1;0
Glencovemansion.com-0058-2015Redesign;en-US;/Home;13328;1;0
Thecrawfordhotel.com-0074-2016Redesign;en-US;/Home;17145;1;0
Degreerestaurant.com-0056-2015Redesign;en-US;/Home;11598;1;0
Cendyn.com-0095-2016Redesign;en-US;/Home;26640;1;0
Texturefoodanddrink.com-0067-2016Redesign;en-US;/Home;15452;1;0
Assuranceoperations.com-0065-2015Redesign;en-US;/Home;15263;1;0
Meateatery.com-0080-2016Redesign;en-US;/;18505;1;0
Bocatrans.com-0082-2016Redesign;en-US;/Home;19758;1;0
Washingtoncourthotel.com-0076-2016Redesign;en-US;/Home;17858;1;0
Oxfordclubspa.com-0068-2016Redesign;en-US;/Home;15568;1;0
Thecurtis.com-0079-2016Redesign;en-US;/Home;17981;1;0
Homewoodsuiteslax.com-0110-2017Redesign;en-US;/Home;30747;1;0
Abbingtonbanquets.com-0070-2016Redesign;en-US;/Home;15789;1;0
Jbdukehotel.com-0086-2016Redesign;en-US;/Home;21918;1;0
Sandylane.com-0075-2016Redesign;en-US;/Home;17611;1;0
Chrco.com-0107-2017Redesign;en-US;/Home;29280;1;0
Galthouse.com-0042-2015Redesign;en-US;/failovercheck;38060;1;0
Luxehotels.com-0078-2016Redesign;en-US;/Home;18805;1;0
Theoxfordhotel.com-0062-2015Redesign;en-US;/Home;14325;1;0
Halcyonhotelcherrycreek.com-0061-2015Redesign;en-US;/Home;22121;1;0
Samosetresort.com-0113-2017Redesign;en-US;/failovercheck;40334;1;0
Edgewaternaples.com-0094-2016Redesign;en-US;/failovercheck;38051;1;0
Beverlyhillsresidenceinn.com-0087-2016Redesign;en-US;/Home;20999;1;0
Opalsands.com-0084-2016Redesign;en-US;/failovercheck;38055;1;0
Theharborsidehotel.com-0114-2017Redesign;en-US;/failovercheck;40403;1;0
Treasureislandbeachresort.com-0089-2016Redesign;en-US;/failovercheck;38057;1;0
Zotabeachresort.com-0090-2016Redesign;en-US;/failovercheck;38058;1;0
Lakeplacidlodge.com-0105-2017Redesign;en-US;/failovercheck;39238;1;0
Jupiterbeachresort.com-0103-2017Redesign;en-US;/failovercheck;38052;1;0
Casaybelresort.com-0002-2014Redesign;en-US;/About-Us/Web-Cam;1613;1;0
Hospitalityupgrade.com-0093-2016Redesign;en-US;/News/News-Article-Details;22790;1;0
Hospitalityupgrade.com-0093-2016Redesign;en-US;/Home;25405;1;0
Theloganhotel.com-0043-2015Redesign;en-US;/Home;20218;1;0
Newyorkpalacemeetings.com-0045-2015Redesign;en-US;/Home;9207;1;0
Sandpearl.com-0091-2016Redesign;en-US;/Home;22481;1;0
Broadmoor.com-0073-2016Redesign;en-US;/failovercheck;38059;1;0
Napavalleymarriott.com-0071-2016Redesign;en-US;/Home;16432;1;0
wentworthcom00212014redesign;en-US;/Mobile/HOME;4259;1;0
Lidobeachresort.com-0106-2017Redesign;en-US;/failovercheck;38053;1;0
Longboatkeyclub.com-0104-2017Redesign;en-US;/failovercheck;38054;1;0
Thesagamore.com-0112-2017Redesign;en-US;/failovercheck;39241;1;0
Passport.lehotels.com-0069-2016BlogRedesign;en-US;/failovercheck;41068;1;0
Cendyn.com-0095-2016Redesign;en-US;/Home;26640;1;0
Cendyn.com-0095-2016Redesign;en-US;/Home;26640;1;0
Cendyn.com-0095-2016Redesign;en-US;/Home;26640;1;0
Cendyn.com-0095-2016Redesign;en-US;/Home;26640;1;0
Lehotels.com-0049-2015Transfer;en-US;/Search/North-America/Hotel-Griffon/Rooms-Amenities;13686;1;0
wentworthcom00212014redesign;en-US;/Home;26679;1;0
wentworthcom00212014redesign;en-US;/Home;26679;1;0
Lehotels.com-0049-2015Transfer;en-US;/Search/Europe/Hotel-Arioso/Services-Facilities;13847;1;0
wentworthcom00212014redesign;en-US;/Home;26679;1;0
wentworthcom00212014redesign;en-US;/Home;26679;1;0
