Thesagamore.com-0112-2017Redesign;en-US;/Accommodations/Lodge-Rooms-and-Suites;33922;1;0
Meateatery.com-0080-2016Redesign;en-US;/;18505;1;0
Assuranceoperations.com-0065-2015Redesign;en-US;/Home;15263;1;0
Bluebirch.com-0072-2016Redesign;en-US;/Home;16693;1;0
Hhotellosangeles.com-0118-2017Redesign;en-US;/Home;35289;1;0
Degreerestaurant.com-0056-2015Redesign;en-US;/Home;11598;1;0
Oxfordclubspa.com-0068-2016Redesign;en-US;/Home;15568;1;0
Jbdukehotel.com-0086-2016Redesign;en-US;/Home;21918;1;0
Beverlyhillsresidenceinn.com-0087-2016Redesign;en-US;/Home;20999;1;0
Glencovemansion.com-0058-2015Redesign;en-US;/Home;13328;1;0
Texturefoodanddrink.com-0067-2016Redesign;en-US;/Home;15452;1;0
Bocatrans.com-0082-2016Redesign;en-US;/Home;19758;1;0
Washingtoncourthotel.com-0076-2016Redesign;en-US;/Home;17858;1;0
Thecurtis.com-0079-2016Redesign;en-US;/Home;17981;1;0
Abbingtonbanquets.com-0070-2016Redesign;en-US;/Home;15789;1;0
Thecrawfordhotel.com-0074-2016Redesign;en-US;/Home;17145;1;0
Galthouse.com-0042-2015Redesign;en-US;/failovercheck;38060;1;0
Zotabeachresort.com-0090-2016Redesign;en-US;/failovercheck;38058;1;0
Luxehotels.com-0078-2016Redesign;en-US;/Home;18805;1;0
Naiaresortandspa.com-0077-2016Redesign;en-US;/home;20455;1;0
Samosetresort.com-0113-2017Redesign;en-US;/failovercheck;40334;1;0
Sandylane.com-0075-2016Redesign;en-US;/Home;17611;1;0
Chrco.com-0107-2017Redesign;en-US;/Home;29280;1;0
Opalsands.com-0084-2016Redesign;en-US;/failovercheck;38055;1;0
Lakeplacidlodge.com-0105-2017Redesign;en-US;/failovercheck;39238;1;0
Theoxfordhotel.com-0062-2015Redesign;en-US;/Home;14325;1;0
Homewoodsuiteslax.com-0110-2017Redesign;en-US;/Home;30747;1;0
Halcyonhotelcherrycreek.com-0061-2015Redesign;en-US;/Home;22121;1;0
Edgewaternaples.com-0094-2016Redesign;en-US;/failovercheck;38051;1;0
Jupiterbeachresort.com-0103-2017Redesign;en-US;/failovercheck;38052;1;0
Theharborsidehotel.com-0114-2017Redesign;en-US;/failovercheck;40403;1;0
Galthouse.com-0042-2015Redesign;en-US;/Meetings-Groups/Catering;10580;1;0
Treasureislandbeachresort.com-0089-2016Redesign;en-US;/failovercheck;38057;1;0
Passport.lehotels.com-0069-2016BlogRedesign;en-US;/failovercheck;41068;1;0
Thesagamore.com-0112-2017Redesign;en-US;/Home;32339;1;0
Thecurtis.com-0079-2016Redesign;en-US;/Home;17981;1;0
Hospitalityupgrade.com-0093-2016Redesign;en-US;/Home;25405;1;0
Cendyn.com-0095-2016Redesign;en-US;/Home;26640;1;0
Cocokeyorlando.com-0059-2015Redesign;en-US;/Orlando-Hotel-Specials;12410;1;0
Cendyn.com-0095-2016Redesign;en-US;/Home;26640;1;0
Cendyn.com-0095-2016Redesign;en-US;/Home;26640;1;0
Cendyn.com-0095-2016Redesign;en-US;/Home;26640;1;0
Thelodgeatwoodloch.com-0033-2015Redesign;en-US;/About-Us/FAQs;8267;1;0
Thesagamore.com-0112-2017Redesign;en-US;/Dining/Club-Grill-Steakhouse;33471;1;0
Galthouse.com-0042-2015Redesign;en-US;/Home;31905;1;0
Thesagamore.com-0112-2017Redesign;en-US;/Accommodations/The-Castle;33924;1;0
Napavalleymarriott.com-0071-2016Redesign;en-US;/Home;16432;1;0
Thesagamore.com-0112-2017Redesign;en-US;/failovercheck;39241;1;0
Longboatkeyclub.com-0104-2017Redesign;en-US;/failovercheck;38054;1;0
Lidobeachresort.com-0106-2017Redesign;en-US;/failovercheck;38053;1;0
Laxembassy.com-0008-2014Redesign;en-US;/Home;2037;1;0
Galthouse.com-0042-2015Redesign;en-US;/Our-Hotel;10568;1;0
Cendyn.com-0095-2016Redesign;en-US;/Home;26640;1;0
Sandylane.com-0075-2016Redesign;en-US;/Home;17611;1;0
Cendyn.com-0095-2016Redesign;en-US;/Home;26640;1;0
Broadmoor.com-0073-2016Redesign;en-US;/The-Resort;16724;1;0
Laxembassy.com-0008-2014Redesign;en-US;/Home;2037;1;0
Hospitalityupgrade.com-0093-2016Redesign;en-US;/News/News-Article-Details;22790;1;0
Broadmoor.com-0073-2016Redesign;en-US;/failovercheck;38059;1;0
Sandpearl.com-0091-2016Redesign;en-US;/failovercheck;38056;1;0
Delraysandsresort.com-0097-2016Redesign;en-US;/failovercheck;38049;1;0
Halcyonhotelcherrycreek.com-0061-2015Redesign;en-US;/Home;22121;1;0
Laxembassy.com-0008-2014Redesign;en-US;/Home;2037;1;0
Thesagamore.com-0112-2017Redesign;en-US;/Home;32339;1;0
Samosetresort.com-0113-2017Redesign;en-US;/Events/Weddings/Start-Planning;35331;1;0
Cendyn.com-0095-2016Redesign;en-US;/Home;26640;1;0
Monarchbeachresort.com-0092-2016Redesign;en-US;/Bruins;31128;1;0
Laxembassy.com-0008-2014Redesign;en-US;/Home;2037;1;0
Broadmoor.com-0073-2016Redesign;en-US;/Home;16721;1;0
Samosetresort.com-0113-2017Redesign;en-US;/Activities/Resort-Activities/Samoset-Kids-Club;35230;1;0
Samosetresort.com-0113-2017Redesign;en-US;/Home;32541;1;0
Laxembassy.com-0008-2014Redesign;en-US;/Home;2037;1;0
Luxehotels.com-0078-2016Redesign;en-US;/Home;18805;1;0
Meateatery.com-0080-2016Redesign;en-US;/;18505;1;0
Beverlyhillsresidenceinn.com-0087-2016Redesign;en-US;/Home;20999;1;0
Oxfordclubspa.com-0068-2016Redesign;en-US;/Home;15568;1;0
Zotabeachresort.com-0090-2016Redesign;en-US;/failovercheck;38058;1;0
Bluebirch.com-0072-2016Redesign;en-US;/Home;16693;1;0
Thecrawfordhotel.com-0074-2016Redesign;en-US;/Home;17145;1;0
Thecurtis.com-0079-2016Redesign;en-US;/Home;17981;1;0
Texturefoodanddrink.com-0067-2016Redesign;en-US;/Home;15452;1;0
Naiaresortandspa.com-0077-2016Redesign;en-US;/home;20455;1;0
Lakeplacidlodge.com-0105-2017Redesign;en-US;/failovercheck;39238;1;0
Homewoodsuiteslax.com-0110-2017Redesign;en-US;/Home;30747;1;0
Halcyonhotelcherrycreek.com-0061-2015Redesign;en-US;/Home;22121;1;0
Galthouse.com-0042-2015Redesign;en-US;/failovercheck;38060;1;0
Bocatrans.com-0082-2016Redesign;en-US;/Home;19758;1;0
Jupiterbeachresort.com-0103-2017Redesign;en-US;/failovercheck;38052;1;0
Opalsands.com-0084-2016Redesign;en-US;/failovercheck;38055;1;0
Theoxfordhotel.com-0062-2015Redesign;en-US;/Home;14325;1;0
Abbingtonbanquets.com-0070-2016Redesign;en-US;/Home;15789;1;0
Chrco.com-0107-2017Redesign;en-US;/Home;29280;1;0
Samosetresort.com-0113-2017Redesign;en-US;/failovercheck;40334;1;0
Treasureislandbeachresort.com-0089-2016Redesign;en-US;/failovercheck;38057;1;0
Degreerestaurant.com-0056-2015Redesign;en-US;/Home;11598;1;0
Assuranceoperations.com-0065-2015Redesign;en-US;/Home;15263;1;0
Theharborsidehotel.com-0114-2017Redesign;en-US;/failovercheck;40403;1;0
Hhotellosangeles.com-0118-2017Redesign;en-US;/Home;35289;1;0
Jbdukehotel.com-0086-2016Redesign;en-US;/Home;21918;1;0
Glencovemansion.com-0058-2015Redesign;en-US;/Home;13328;1;0
Washingtoncourthotel.com-0076-2016Redesign;en-US;/Home;17858;1;0
Sandylane.com-0075-2016Redesign;en-US;/Home;17611;1;0
Laxembassy.com-0008-2014Redesign;en-US;/Home;2037;1;0
Edgewaternaples.com-0094-2016Redesign;en-US;/failovercheck;38051;1;0
Passport.lehotels.com-0069-2016BlogRedesign;en-US;/failovercheck;41068;1;0
Hospitalityupgrade.com-0093-2016Redesign;en-US;/Home;25405;1;0
Cendyn.com-0095-2016Redesign;en-US;/Home;26640;1;0
Laxembassy.com-0008-2014Redesign;en-US;/Home;2037;1;0
Cendyn.com-0095-2016Redesign;en-US;/Home;26640;1;0
Cendyn.com-0095-2016Redesign;en-US;/Home;26640;1;0
Laxembassy.com-0008-2014Redesign;en-US;/Home;2037;1;0
Cendyn.com-0095-2016Redesign;en-US;/Home;26640;1;0
Napavalleymarriott.com-0071-2016Redesign;en-US;/Room-Types;27499;1;0
Napavalleymarriott.com-0071-2016Redesign;en-US;/Home;16432;1;0
Laxembassy.com-0008-2014Redesign;en-US;/Home;2037;1;0
Thesagamore.com-0112-2017Redesign;en-US;/failovercheck;39241;1;0
Lidobeachresort.com-0106-2017Redesign;en-US;/failovercheck;38053;1;0
Longboatkeyclub.com-0104-2017Redesign;en-US;/failovercheck;38054;1;0
Cphollywoodbeach.com-0032-2015Redesign;en-US;/Gallery/Web-Cam;7831;1;0
Laxembassy.com-0008-2014Redesign;en-US;/Home;2037;1;0
Luxehotels.com-0078-2016Redesign;en-US;/Home;18805;1;0
Lakeplacidlodge.com-0105-2017Redesign;en-US;/Accommodations/Main-Lodge;32804;1;0
Casaybelresort.com-0002-2014Redesign;en-US;/Home;1533;1;0
Cendyn.com-0095-2016Redesign;en-US;/Home;26640;1;0
Thesagamore.com-0112-2017Redesign;en-US;/Dining;32347;1;0
Broadmoor.com-0073-2016Redesign;en-US;/The-Resort;16724;1;0
Sandpearl.com-0091-2016Redesign;en-US;/failovercheck;38056;1;0
Delraysandsresort.com-0097-2016Redesign;en-US;/failovercheck;38049;1;0
Broadmoor.com-0073-2016Redesign;en-US;/failovercheck;38059;1;0
Luxehotels.com-0078-2016Redesign;en-US;/Home;18805;1;0
Cendyn.com-0095-2016Redesign;en-US;/Solutions/Events-Cloud/Corporate-Events-Suite;26862;1;0
Broadmoor.com-0073-2016Redesign;en-US;/Home;16721;1;0
Thesagamore.com-0112-2017Redesign;en-US;/Dining/Pavilion;33473;1;0
Luxehotels.com-0078-2016Redesign;en-US;/Home;18805;1;0
Meateatery.com-0080-2016Redesign;en-US;/;18505;1;0
Beverlyhillsresidenceinn.com-0087-2016Redesign;en-US;/Home;20999;1;0
Oxfordclubspa.com-0068-2016Redesign;en-US;/Home;15568;1;0
Thecurtis.com-0079-2016Redesign;en-US;/Home;17981;1;0
Zotabeachresort.com-0090-2016Redesign;en-US;/failovercheck;38058;1;0
Bluebirch.com-0072-2016Redesign;en-US;/Home;16693;1;0
Thecrawfordhotel.com-0074-2016Redesign;en-US;/Home;17145;1;0
Halcyonhotelcherrycreek.com-0061-2015Redesign;en-US;/Home;22121;1;0
Homewoodsuiteslax.com-0110-2017Redesign;en-US;/Home;30747;1;0
Naiaresortandspa.com-0077-2016Redesign;en-US;/home;20455;1;0
Lakeplacidlodge.com-0105-2017Redesign;en-US;/failovercheck;39238;1;0
Galthouse.com-0042-2015Redesign;en-US;/failovercheck;38060;1;0
Texturefoodanddrink.com-0067-2016Redesign;en-US;/Home;15452;1;0
Jupiterbeachresort.com-0103-2017Redesign;en-US;/failovercheck;38052;1;0
Opalsands.com-0084-2016Redesign;en-US;/failovercheck;38055;1;0
Assuranceoperations.com-0065-2015Redesign;en-US;/Home;15263;1;0
Bocatrans.com-0082-2016Redesign;en-US;/Home;19758;1;0
Theharborsidehotel.com-0114-2017Redesign;en-US;/failovercheck;40403;1;0
Glencovemansion.com-0058-2015Redesign;en-US;/Home;13328;1;0
Abbingtonbanquets.com-0070-2016Redesign;en-US;/Home;15789;1;0
Theoxfordhotel.com-0062-2015Redesign;en-US;/Home;14325;1;0
Washingtoncourthotel.com-0076-2016Redesign;en-US;/Home;17858;1;0
Treasureislandbeachresort.com-0089-2016Redesign;en-US;/failovercheck;38057;1;0
Luxehotels.com-0078-2016Redesign;en-US;/Home;18805;1;0
Jbdukehotel.com-0086-2016Redesign;en-US;/Home;21918;1;0
Edgewaternaples.com-0094-2016Redesign;en-US;/failovercheck;38051;1;0
Sandylane.com-0075-2016Redesign;en-US;/Home;17611;1;0
Chrco.com-0107-2017Redesign;en-US;/Home;29280;1;0
Degreerestaurant.com-0056-2015Redesign;en-US;/Home;11598;1;0
Hhotellosangeles.com-0118-2017Redesign;en-US;/Home;35289;1;0
Samosetresort.com-0113-2017Redesign;en-US;/failovercheck;40334;1;0
Broadmoor.com-0073-2016Redesign;en-US;/Home;16721;1;0
Hospitalityupgrade.com-0093-2016Redesign;en-US;/Home;25405;1;0
Cendyn.com-0095-2016Redesign;en-US;/Home;26640;1;0
Cendyn.com-0095-2016Redesign;en-US;/Home;26640;1;0
Passport.lehotels.com-0069-2016BlogRedesign;en-US;/failovercheck;41068;1;0
Cendyn.com-0095-2016Redesign;en-US;/Home;26640;1;0
Galthouse.com-0042-2015Redesign;en-US;/Stay;25671;1;0
Luxehotels.com-0078-2016Redesign;en-US;/Home;18805;1;0
Cendyn.com-0095-2016Redesign;en-US;/Home;26640;1;0
Renaissancepittsburghpa.com-0044-2015Redesign;en-US;/Home;9637;1;0
Monarchbeachresort.com-0092-2016Redesign;en-US;/Home;22725;1;0
Thesagamore.com-0112-2017Redesign;en-US;/Accommodations/Lodge-Rooms-and-Suites;33922;1;0
Longboatkeyclub.com-0104-2017Redesign;en-US;/failovercheck;38054;1;0
Napavalleymarriott.com-0071-2016Redesign;en-US;/Home;16432;1;0
Lidobeachresort.com-0106-2017Redesign;en-US;/failovercheck;38053;1;0
Thesagamore.com-0112-2017Redesign;en-US;/failovercheck;39241;1;0
Halcyonhotelcherrycreek.com-0061-2015Redesign;en-US;/Home;22121;1;0
Broadmoor.com-0073-2016Redesign;en-US;/Broadmoor-Adventures/Seven-Falls;18259;1;0
Luxehotels.com-0078-2016Redesign;en-US;/Home;18805;1;0
Galthouse.com-0042-2015Redesign;en-US;/Home;31905;1;0
Cendyn.com-0095-2016Redesign;en-US;/Home;26640;1;0
Monarchbeachresort.com-0092-2016Redesign;en-US;/Home;22725;1;0
Broadmoor.com-0073-2016Redesign;en-US;/failovercheck;38059;1;0
Renaissancepittsburghpa.com-0044-2015Redesign;en-US;/Home;9637;1;0
Broadmoor.com-0073-2016Redesign;en-US;/Special-Packages/Spa-Packages/Spa-Classic-Retreat-Summer-2016-(1);23734;1;0
Delraysandsresort.com-0097-2016Redesign;en-US;/failovercheck;38049;1;0
Sandpearl.com-0091-2016Redesign;en-US;/failovercheck;38056;1;0
Thesagamore.com-0112-2017Redesign;en-US;/Accommodations/Lodge-Rooms-and-Suites;33922;1;0
Cphollywoodbeach.com-0032-2015Redesign;en-US;/Gallery/Web-Cam;7831;1;0
Cendyn.com-0095-2016Redesign;en-US;/Home;26640;1;0
Broadmoor.com-0073-2016Redesign;en-US;/Home;16721;1;0
Renaissancepittsburghpa.com-0044-2015Redesign;en-US;/Home;9637;1;0
Treasureislandbeachresort.com-0089-2016Redesign;en-US;/Home;22169;1;0
Cphollywoodbeach.com-0032-2015Redesign;en-US;/Gallery/Web-Cam;7831;1;0
Thesagamore.com-0112-2017Redesign;en-US;/Spa;32348;1;0
Halcyonhotelcherrycreek.com-0061-2015Redesign;en-US;/Home;22121;1;0
Monarchbeachresort.com-0092-2016Redesign;en-US;/Home;22725;1;0
Broadmoor.com-0073-2016Redesign;en-US;/Home;16721;1;0
Luxehotels.com-0078-2016Redesign;en-US;/Home;18805;1;0
Thesagamore.com-0112-2017Redesign;en-US;/Dining/Club-Grill-Steakhouse;33471;1;0
Cendyn.com-0095-2016Redesign;en-US;/Home;26640;1;0
Bluebirch.com-0072-2016Redesign;en-US;/Home;16693;1;0
Zotabeachresort.com-0090-2016Redesign;en-US;/failovercheck;38058;1;0
Meateatery.com-0080-2016Redesign;en-US;/;18505;1;0
Beverlyhillsresidenceinn.com-0087-2016Redesign;en-US;/Home;20999;1;0
Naiaresortandspa.com-0077-2016Redesign;en-US;/home;20455;1;0
Galthouse.com-0042-2015Redesign;en-US;/failovercheck;38060;1;0
Oxfordclubspa.com-0068-2016Redesign;en-US;/Home;15568;1;0
Halcyonhotelcherrycreek.com-0061-2015Redesign;en-US;/Home;22121;1;0
Theoxfordhotel.com-0062-2015Redesign;en-US;/Home;14325;1;0
Lakeplacidlodge.com-0105-2017Redesign;en-US;/failovercheck;39238;1;0
Texturefoodanddrink.com-0067-2016Redesign;en-US;/Home;15452;1;0
Opalsands.com-0084-2016Redesign;en-US;/failovercheck;38055;1;0
Glencovemansion.com-0058-2015Redesign;en-US;/Home;13328;1;0
Abbingtonbanquets.com-0070-2016Redesign;en-US;/Home;15789;1;0
Bocatrans.com-0082-2016Redesign;en-US;/Home;19758;1;0
Jupiterbeachresort.com-0103-2017Redesign;en-US;/failovercheck;38052;1;0
Assuranceoperations.com-0065-2015Redesign;en-US;/Home;15263;1;0
Treasureislandbeachresort.com-0089-2016Redesign;en-US;/failovercheck;38057;1;0
Washingtoncourthotel.com-0076-2016Redesign;en-US;/Home;17858;1;0
Theharborsidehotel.com-0114-2017Redesign;en-US;/failovercheck;40403;1;0
Sandylane.com-0075-2016Redesign;en-US;/Home;17611;1;0
Luxehotels.com-0078-2016Redesign;en-US;/Home;18805;1;0
Degreerestaurant.com-0056-2015Redesign;en-US;/Home;11598;1;0
Hhotellosangeles.com-0118-2017Redesign;en-US;/Home;35289;1;0
Edgewaternaples.com-0094-2016Redesign;en-US;/failovercheck;38051;1;0
Chrco.com-0107-2017Redesign;en-US;/Home;29280;1;0
Thecurtis.com-0079-2016Redesign;en-US;/Home;17981;1;0
Jbdukehotel.com-0086-2016Redesign;en-US;/Home;21918;1;0
Homewoodsuiteslax.com-0110-2017Redesign;en-US;/Home;30747;1;0
Samosetresort.com-0113-2017Redesign;en-US;/failovercheck;40334;1;0
Thecrawfordhotel.com-0074-2016Redesign;en-US;/Home;17145;1;0
Passport.lehotels.com-0069-2016BlogRedesign;en-US;/failovercheck;41068;1;0
Longboatkeyclub.com-0104-2017Redesign;en-US;/Special-Offers/Fall-Stay-Play;41579;1;0
Thesagamore.com-0112-2017Redesign;en-US;/Gallery;32340;1;0
Samosetresort.com-0113-2017Redesign;en-US;/Home;32541;1;0
Hospitalityupgrade.com-0093-2016Redesign;en-US;/Home;25405;1;0
Luxehotels.com-0078-2016Redesign;en-US;/Home;18805;1;0
Thecrawfordhotel.com-0074-2016Redesign;en-US;/accommodations;17158;1;0
Galthouse.com-0042-2015Redesign;en-US;/Dining/Waterside-Cafe;10566;1;0
Cendyn.com-0095-2016Redesign;en-US;/Home;26640;1;0
Luxehotels.com-0078-2016Redesign;en-US;/Our-Hotels/Luxe-Sunset-Boulevard-Hotel/About/Map-Directions;19331;1;0
Cendyn.com-0095-2016Redesign;en-US;/Home;26640;1;0
Cendyn.com-0095-2016Redesign;en-US;/Home;26640;1;0
Cendyn.com-0095-2016Redesign;en-US;/Home;26640;1;0
Napavalleymarriott.com-0071-2016Redesign;en-US;/Home;16432;1;0
Longboatkeyclub.com-0104-2017Redesign;en-US;/failovercheck;38054;1;0
Thesagamore.com-0112-2017Redesign;en-US;/failovercheck;39241;1;0
Lidobeachresort.com-0106-2017Redesign;en-US;/failovercheck;38053;1;0
Luxehotels.com-0078-2016Redesign;en-US;/Our-Hotels/Luxe-Sunset-Boulevard-Hotel/About/Map-Directions;19331;1;0
Thesagamore.com-0112-2017Redesign;en-US;/Accommodations/Lodge-Rooms-and-Suites;33922;1;0
Galthouse.com-0042-2015Redesign;en-US;/Home;31905;1;0
Cendyn.com-0095-2016Redesign;en-US;/Home;26640;1;0
Luxehotels.com-0078-2016Redesign;en-US;/Our-Hotels/Luxe-Sunset-Boulevard-Hotel/About/Map-Directions;19331;1;0
Broadmoor.com-0073-2016Redesign;en-US;/failovercheck;38059;1;0
wentworthcom00212014redesign;en-US;/experiences/romance-experiences;4322;1;0
Miravalspamonarchbeach.com-0109-2017Redesign;en-US;/Home;31709;1;0
Cphollywoodbeach.com-0032-2015Redesign;en-US;/About-Us/Amenities;7813;1;0
Cphollywoodbeach.com-0032-2015Redesign;en-US;/Home;7805;1;0
Lakeplacidlodge.com-0105-2017Redesign;en-US;/Offers;28552;1;0
Samosetresort.com-0113-2017Redesign;en-US;/Home;32541;1;0
Thesagamore.com-0112-2017Redesign;en-US;/Accommodations/Historic-Main-Hotel;33921;1;0
Sandpearl.com-0091-2016Redesign;en-US;/failovercheck;38056;1;0
Delraysandsresort.com-0097-2016Redesign;en-US;/failovercheck;38049;1;0
Monarchbeachresort.com-0092-2016Redesign;en-US;/Bruins;31128;1;0
Oxfordclubspa.com-0068-2016Redesign;en-US;/Spa/Services;15600;1;0
Lakeplacidlodge.com-0105-2017Redesign;en-US;/Offers/Winter-Offers;28597;1;0
Galthouse.com-0042-2015Redesign;en-US;/Photo-Gallery;10055;1;0
Samosetresort.com-0113-2017Redesign;en-US;/Home;32541;1;0
Galthouse.com-0042-2015Redesign;en-US;/Dining/Jockey-Silks-Bourbon-Bar;10561;1;0
Meateatery.com-0080-2016Redesign;en-US;/;18505;1;0
Bluebirch.com-0072-2016Redesign;en-US;/Home;16693;1;0
Glencovemansion.com-0058-2015Redesign;en-US;/Home;13328;1;0
Assuranceoperations.com-0065-2015Redesign;en-US;/Home;15263;1;0
Beverlyhillsresidenceinn.com-0087-2016Redesign;en-US;/Home;20999;1;0
Jupiterbeachresort.com-0103-2017Redesign;en-US;/failovercheck;38052;1;0
Washingtoncourthotel.com-0076-2016Redesign;en-US;/Home;17858;1;0
Thecurtis.com-0079-2016Redesign;en-US;/Home;17981;1;0
Theharborsidehotel.com-0114-2017Redesign;en-US;/failovercheck;40403;1;0
Homewoodsuiteslax.com-0110-2017Redesign;en-US;/Home;30747;1;0
Treasureislandbeachresort.com-0089-2016Redesign;en-US;/failovercheck;38057;1;0
Hhotellosangeles.com-0118-2017Redesign;en-US;/Home;35289;1;0
Jbdukehotel.com-0086-2016Redesign;en-US;/Home;21918;1;0
Degreerestaurant.com-0056-2015Redesign;en-US;/Home;11598;1;0
Luxehotels.com-0078-2016Redesign;en-US;/Home;18805;1;0
Thecrawfordhotel.com-0074-2016Redesign;en-US;/Home;17145;1;0
Theoxfordhotel.com-0062-2015Redesign;en-US;/Home;14325;1;0
Oxfordclubspa.com-0068-2016Redesign;en-US;/Home;15568;1;0
Bocatrans.com-0082-2016Redesign;en-US;/Home;19758;1;0
Chrco.com-0107-2017Redesign;en-US;/Home;29280;1;0
Sandylane.com-0075-2016Redesign;en-US;/Home;17611;1;0
Edgewaternaples.com-0094-2016Redesign;en-US;/failovercheck;38051;1;0
Zotabeachresort.com-0090-2016Redesign;en-US;/failovercheck;38058;1;0
Naiaresortandspa.com-0077-2016Redesign;en-US;/home;20455;1;0
Samosetresort.com-0113-2017Redesign;en-US;/failovercheck;40334;1;0
Halcyonhotelcherrycreek.com-0061-2015Redesign;en-US;/Home;22121;1;0
Texturefoodanddrink.com-0067-2016Redesign;en-US;/Home;15452;1;0
Galthouse.com-0042-2015Redesign;en-US;/failovercheck;38060;1;0
Abbingtonbanquets.com-0070-2016Redesign;en-US;/Home;15789;1;0
Lakeplacidlodge.com-0105-2017Redesign;en-US;/failovercheck;39238;1;0
Opalsands.com-0084-2016Redesign;en-US;/failovercheck;38055;1;0
Thesagamore.com-0112-2017Redesign;en-US;/Accommodations/Historic-Main-Hotel;33921;1;0
Cphollywoodbeach.com-0032-2015Redesign;en-US;/Home;7805;1;0
Passport.lehotels.com-0069-2016BlogRedesign;en-US;/failovercheck;41068;1;0
Oxfordclubspa.com-0068-2016Redesign;en-US;/Home;15568;1;0
Longboatkeyclub.com-0104-2017Redesign;en-US;/Home;28316;1;0
Oxfordclubspa.com-0068-2016Redesign;en-US;/Home;15568;1;0
Hospitalityupgrade.com-0093-2016Redesign;en-US;/Home;25405;1;0
Cendyn.com-0095-2016Redesign;en-US;/Home;26640;1;0
Cendyn.com-0095-2016Redesign;en-US;/Home;26640;1;0
Cendyn.com-0095-2016Redesign;en-US;/Home;26640;1;0
Cendyn.com-0095-2016Redesign;en-US;/Home;26640;1;0
Napavalleymarriott.com-0071-2016Redesign;en-US;/Home;16432;1;0
Hospitalityupgrade.com-0093-2016Redesign;en-US;/Home;25405;1;0
Lidobeachresort.com-0106-2017Redesign;en-US;/failovercheck;38053;1;0
Longboatkeyclub.com-0104-2017Redesign;en-US;/failovercheck;38054;1;0
Thesagamore.com-0112-2017Redesign;en-US;/failovercheck;39241;1;0
Galthouse.com-0042-2015Redesign;en-US;/Home;31905;1;0
Cocokeyorlando.com-0059-2015Redesign;en-US;/Orlando-Hotel-Specials/Cocos-Hot-Deal;12546;1;0
Galthouse.com-0042-2015Redesign;en-US;/Home;31905;1;0
Cendyn.com-0095-2016Redesign;en-US;/Home;26640;1;0
Hospitalityupgrade.com-0093-2016Redesign;en-US;/Tech-Providers/Tech-Provider-Details;31876;1;0
Opalsands.com-0084-2016Redesign;en-US;/Home;20171;1;0
Broadmoor.com-0073-2016Redesign;en-US;/Activities/Golf/Golf-Club-Dining;16792;1;0
Broadmoor.com-0073-2016Redesign;en-US;/Dining;16761;1;0
Casaybelresort.com-0002-2014Redesign;en-US;/Home;1533;1;0
Broadmoor.com-0073-2016Redesign;en-US;/Activities/Spa;16793;1;0
Samosetresort.com-0113-2017Redesign;en-US;/Home;32541;1;0
Cendyn.com-0095-2016Redesign;en-US;/Home;26640;1;0
Cphollywoodbeach.com-0032-2015Redesign;en-US;/Home;7805;1;0
Broadmoor.com-0073-2016Redesign;en-US;/Activities/Spa;16793;1;0
Broadmoor.com-0073-2016Redesign;en-US;/Dining/Cafes-Lounges;16772;1;0
Sandpearl.com-0091-2016Redesign;en-US;/failovercheck;38056;1;0
Broadmoor.com-0073-2016Redesign;en-US;/failovercheck;38059;1;0
Delraysandsresort.com-0097-2016Redesign;en-US;/failovercheck;38049;1;0
Samosetresort.com-0113-2017Redesign;en-US;/Activities/Golf;35227;1;0
Cocokeyorlando.com-0059-2015Redesign;en-US;/Home;12394;1;0
Thesagamore.com-0112-2017Redesign;en-US;/Dining/Caldwell’s;33472;1;0
Cendyn.com-0095-2016Redesign;en-US;/Home;26640;1;0
Meateatery.com-0080-2016Redesign;en-US;/;18505;1;0
Beverlyhillsresidenceinn.com-0087-2016Redesign;en-US;/Home;20999;1;0
Thecurtis.com-0079-2016Redesign;en-US;/Home;17981;1;0
Glencovemansion.com-0058-2015Redesign;en-US;/Home;13328;1;0
Jbdukehotel.com-0086-2016Redesign;en-US;/Home;21918;1;0
Jupiterbeachresort.com-0103-2017Redesign;en-US;/failovercheck;38052;1;0
Theoxfordhotel.com-0062-2015Redesign;en-US;/Home;14325;1;0
Texturefoodanddrink.com-0067-2016Redesign;en-US;/Home;15452;1;0
Bocatrans.com-0082-2016Redesign;en-US;/Home;19758;1;0
Homewoodsuiteslax.com-0110-2017Redesign;en-US;/Home;30747;1;0
Assuranceoperations.com-0065-2015Redesign;en-US;/Home;15263;1;0
Degreerestaurant.com-0056-2015Redesign;en-US;/Home;11598;1;0
Thecrawfordhotel.com-0074-2016Redesign;en-US;/Home;17145;1;0
Bluebirch.com-0072-2016Redesign;en-US;/Home;16693;1;0
Hhotellosangeles.com-0118-2017Redesign;en-US;/Home;35289;1;0
Sandylane.com-0075-2016Redesign;en-US;/Home;17611;1;0
Chrco.com-0107-2017Redesign;en-US;/Home;29280;1;0
Luxehotels.com-0078-2016Redesign;en-US;/Home;18805;1;0
Galthouse.com-0042-2015Redesign;en-US;/failovercheck;38060;1;0
Halcyonhotelcherrycreek.com-0061-2015Redesign;en-US;/Home;22121;1;0
Edgewaternaples.com-0094-2016Redesign;en-US;/failovercheck;38051;1;0
Treasureislandbeachresort.com-0089-2016Redesign;en-US;/failovercheck;38057;1;0
Zotabeachresort.com-0090-2016Redesign;en-US;/failovercheck;38058;1;0
Washingtoncourthotel.com-0076-2016Redesign;en-US;/Home;17858;1;0
Naiaresortandspa.com-0077-2016Redesign;en-US;/home;20455;1;0
Theharborsidehotel.com-0114-2017Redesign;en-US;/failovercheck;40403;1;0
Lakeplacidlodge.com-0105-2017Redesign;en-US;/failovercheck;39238;1;0
Samosetresort.com-0113-2017Redesign;en-US;/failovercheck;40334;1;0
Abbingtonbanquets.com-0070-2016Redesign;en-US;/Home;15789;1;0
Opalsands.com-0084-2016Redesign;en-US;/Dining/Sea-Guini;21540;1;0
Oxfordclubspa.com-0068-2016Redesign;en-US;/Home;15568;1;0
Opalsands.com-0084-2016Redesign;en-US;/failovercheck;38055;1;0
Hospitalityupgrade.com-0093-2016Redesign;en-US;/Home;25405;1;0
Passport.lehotels.com-0069-2016BlogRedesign;en-US;/failovercheck;41068;1;0
Cendyn.com-0095-2016Redesign;en-US;/Home;26640;1;0
Montaukyachtclub.com-0010-2014Redesign;en-US;/Home;2240;1;0
Cendyn.com-0095-2016Redesign;en-US;/Home;26640;1;0
Cendyn.com-0095-2016Redesign;en-US;/Home;26640;1;0
Luxehotels.com-0078-2016Redesign;en-US;/Home;18805;1;0
Cendyn.com-0095-2016Redesign;en-US;/Home;26640;1;0
Montaukyachtclub.com-0010-2014Redesign;en-US;/Home;2240;1;0
Napavalleymarriott.com-0071-2016Redesign;en-US;/Home;16432;1;0
Longboatkeyclub.com-0104-2017Redesign;en-US;/failovercheck;38054;1;0
Thesagamore.com-0112-2017Redesign;en-US;/failovercheck;39241;1;0
Lidobeachresort.com-0106-2017Redesign;en-US;/failovercheck;38053;1;0
Montaukyachtclub.com-0010-2014Redesign;en-US;/Home;2240;1;0
Cocokeyorlando.com-0059-2015Redesign;en-US;/Home;12394;1;0
Thesagamore.com-0112-2017Redesign;en-US;/Accommodations/Historic-Main-Hotel;33921;1;0
Thesagamore.com-0112-2017Redesign;en-US;/Spa/Spa-Etiquette;33543;1;0
Montaukyachtclub.com-0010-2014Redesign;en-US;/Home;2240;1;0
Edgewaternaples.com-0094-2016Redesign;en-US;/Home;25239;1;0
Sandylane.com-0075-2016Redesign;en-US;/barbados-accommodations/Luxury-Ocean-Rooms;17675;1;0
Renaissancepittsburghpa.com-0044-2015Redesign;en-US;/Home;9637;1;0
Lakeplacidlodge.com-0105-2017Redesign;en-US;/Offers/Special-Offers;28593;1;0
Montaukyachtclub.com-0010-2014Redesign;en-US;/Home;2240;1;0
Cendyn.com-0095-2016Redesign;en-US;/Home;26640;1;0
Montaukyachtclub.com-0010-2014Redesign;en-US;/Home;2240;1;0
Montaukyachtclub.com-0010-2014Redesign;en-US;/Home;2240;1;0
Broadmoor.com-0073-2016Redesign;en-US;/failovercheck;38059;1;0
Broadmoor.com-0073-2016Redesign;en-US;/Home;16721;1;0
Montaukyachtclub.com-0010-2014Redesign;en-US;/Home;2240;1;0
Thesagamore.com-0112-2017Redesign;en-US;/Home;32339;1;0
Hospitalityupgrade.com-0093-2016Redesign;en-US;/Events/Events-Archive;37128;1;0
Sandpearl.com-0091-2016Redesign;en-US;/failovercheck;38056;1;0
Delraysandsresort.com-0097-2016Redesign;en-US;/failovercheck;38049;1;0
Hospitalityupgrade.com-0093-2016Redesign;en-US;/News/News-Article-Details;22790;1;0
Monarchbeachresort.com-0092-2016Redesign;en-US;/offers/packages/Monarch-Moments-Package;26800;1;0
Montaukyachtclub.com-0010-2014Redesign;en-US;/Home;2240;1;0
Cocokeyorlando.com-0059-2015Redesign;en-US;/Home;12394;1;0
Thesagamore.com-0112-2017Redesign;en-US;/Home;32339;1;0
Monarchbeachresort.com-0092-2016Redesign;en-US;/UCLA;38968;1;0
Broadmoor.com-0073-2016Redesign;en-US;/Special-Packages;16722;1;0
Montaukyachtclub.com-0010-2014Redesign;en-US;/Home;2240;1;0
Assuranceoperations.com-0065-2015Redesign;en-US;/Home;15263;1;0
Treasureislandbeachresort.com-0089-2016Redesign;en-US;/Events/Contact-Events-Concierge;31362;1;0
Casaybelresort.com-0002-2014Redesign;en-US;/Things-To-Do;1601;1;0
Meateatery.com-0080-2016Redesign;en-US;/;18505;1;0
Beverlyhillsresidenceinn.com-0087-2016Redesign;en-US;/Home;20999;1;0
Glencovemansion.com-0058-2015Redesign;en-US;/Home;13328;1;0
Thecurtis.com-0079-2016Redesign;en-US;/Home;17981;1;0
Degreerestaurant.com-0056-2015Redesign;en-US;/Home;11598;1;0
Homewoodsuiteslax.com-0110-2017Redesign;en-US;/Home;30747;1;0
Bluebirch.com-0072-2016Redesign;en-US;/Home;16693;1;0
Edgewaternaples.com-0094-2016Redesign;en-US;/failovercheck;38051;1;0
Assuranceoperations.com-0065-2015Redesign;en-US;/Home;15263;1;0
Jbdukehotel.com-0086-2016Redesign;en-US;/Home;21918;1;0
Oxfordclubspa.com-0068-2016Redesign;en-US;/Home;15568;1;0
Thecrawfordhotel.com-0074-2016Redesign;en-US;/Home;17145;1;0
Theharborsidehotel.com-0114-2017Redesign;en-US;/failovercheck;40403;1;0
Lakeplacidlodge.com-0105-2017Redesign;en-US;/failovercheck;39238;1;0
Luxehotels.com-0078-2016Redesign;en-US;/Home;18805;1;0
Theoxfordhotel.com-0062-2015Redesign;en-US;/Home;14325;1;0
Opalsands.com-0084-2016Redesign;en-US;/failovercheck;38055;1;0
Samosetresort.com-0113-2017Redesign;en-US;/failovercheck;40334;1;0
Washingtoncourthotel.com-0076-2016Redesign;en-US;/Home;17858;1;0
Hhotellosangeles.com-0118-2017Redesign;en-US;/Home;35289;1;0
Sandylane.com-0075-2016Redesign;en-US;/Home;17611;1;0
Naiaresortandspa.com-0077-2016Redesign;en-US;/home;20455;1;0
Zotabeachresort.com-0090-2016Redesign;en-US;/failovercheck;38058;1;0
Treasureislandbeachresort.com-0089-2016Redesign;en-US;/failovercheck;38057;1;0
Bocatrans.com-0082-2016Redesign;en-US;/Home;19758;1;0
Galthouse.com-0042-2015Redesign;en-US;/failovercheck;38060;1;0
Texturefoodanddrink.com-0067-2016Redesign;en-US;/Home;15452;1;0
Abbingtonbanquets.com-0070-2016Redesign;en-US;/Home;15789;1;0
Halcyonhotelcherrycreek.com-0061-2015Redesign;en-US;/Home;22121;1;0
Chrco.com-0107-2017Redesign;en-US;/Home;29280;1;0
Jupiterbeachresort.com-0103-2017Redesign;en-US;/failovercheck;38052;1;0
Thesagamore.com-0112-2017Redesign;en-US;/Accommodations/Lodge-Rooms-and-Suites;33922;1;0
Edgewaternaples.com-0094-2016Redesign;en-US;/Home;25239;1;0
Thesagamore.com-0112-2017Redesign;en-US;/Home;32339;1;0
Passport.lehotels.com-0069-2016BlogRedesign;en-US;/failovercheck;41068;1;0
Broadmoor.com-0073-2016Redesign;en-US;/Home;16721;1;0
Hospitalityupgrade.com-0093-2016Redesign;en-US;/Home;25405;1;0
Cendyn.com-0095-2016Redesign;en-US;/Home;26640;1;0
Cendyn.com-0095-2016Redesign;en-US;/Home;26640;1;0
Cendyn.com-0095-2016Redesign;en-US;/Home;26640;1;0
Cendyn.com-0095-2016Redesign;en-US;/Home;26640;1;0
Thesagamore.com-0112-2017Redesign;en-US;/Offers/Special-Offers;32387;1;0
Longboatkeyclub.com-0104-2017Redesign;en-US;/Home;28316;1;0
Monarchbeachresort.com-0092-2016Redesign;en-US;/offers;26788;1;0
Edgewaternaples.com-0094-2016Redesign;en-US;/Home;25239;1;0
Napavalleymarriott.com-0071-2016Redesign;en-US;/Home;16432;1;0
Lidobeachresort.com-0106-2017Redesign;en-US;/failovercheck;38053;1;0
Longboatkeyclub.com-0104-2017Redesign;en-US;/failovercheck;38054;1;0
Casaybelresort.com-0002-2014Redesign;en-US;/Accommodations;1573;1;0
Thesagamore.com-0112-2017Redesign;en-US;/failovercheck;39241;1;0
Sandpearl.com-0091-2016Redesign;en-US;/Accommodations/Guest-Rooms;23074;1;0
Sandpearl.com-0091-2016Redesign;en-US;/Accommodations;22493;1;0
Lakeplacidlodge.com-0105-2017Redesign;en-US;/Home;28545;1;0
Thesagamore.com-0112-2017Redesign;en-US;/Dining/Pavilion;33473;1;0
Samosetresort.com-0113-2017Redesign;en-US;/Activities/Resort-Activities;35226;1;0
Luxehotels.com-0078-2016Redesign;en-US;/Home;18805;1;0
Thesagamore.com-0112-2017Redesign;en-US;/Dining/La-Bella-Vita;33470;1;0
Thesagamore.com-0112-2017Redesign;en-US;/Special-Offers/Hole-in-One-Golf-Package;33576;1;0
Luxehotels.com-0078-2016Redesign;en-US;/Home;18805;1;0
Thesagamore.com-0112-2017Redesign;en-US;/Home;32339;1;0
Broadmoor.com-0073-2016Redesign;en-US;/Broadmoor-Adventures/Seven-Falls/Restaurant-1858;21231;1;0
Sandpearl.com-0091-2016Redesign;en-US;/Accommodations;22493;1;0
Cendyn.com-0095-2016Redesign;en-US;/Home;26640;1;0
Luxehotels.com-0078-2016Redesign;en-US;/Home;18805;1;0
Broadmoor.com-0073-2016Redesign;en-US;/failovercheck;38059;1;0
Sandpearl.com-0091-2016Redesign;en-US;/failovercheck;38056;1;0
Delraysandsresort.com-0097-2016Redesign;en-US;/failovercheck;38049;1;0
wentworthcom00212014redesign;en-US;/experiences/culinary-experiences;4321;1;0
Thecurtis.com-0079-2016Redesign;en-US;/Home;17981;1;0
Theoxfordhotel.com-0062-2015Redesign;en-US;/Home;14325;1;0
Luxehotels.com-0078-2016Redesign;en-US;/Home;18805;1;0
Galthouse.com-0042-2015Redesign;en-US;/Stay;25671;1;0
Meateatery.com-0080-2016Redesign;en-US;/;18505;1;0
Beverlyhillsresidenceinn.com-0087-2016Redesign;en-US;/Home;20999;1;0
Luxehotels.com-0078-2016Redesign;en-US;/Home;18805;1;0
Glencovemansion.com-0058-2015Redesign;en-US;/Home;13328;1;0
Degreerestaurant.com-0056-2015Redesign;en-US;/Home;11598;1;0
Oxfordclubspa.com-0068-2016Redesign;en-US;/Home;15568;1;0
Bluebirch.com-0072-2016Redesign;en-US;/Home;16693;1;0
Thecrawfordhotel.com-0074-2016Redesign;en-US;/Home;17145;1;0
Assuranceoperations.com-0065-2015Redesign;en-US;/Home;15263;1;0
Jbdukehotel.com-0086-2016Redesign;en-US;/Home;21918;1;0
Washingtoncourthotel.com-0076-2016Redesign;en-US;/Home;17858;1;0
Hhotellosangeles.com-0118-2017Redesign;en-US;/Home;35289;1;0
Galthouse.com-0042-2015Redesign;en-US;/failovercheck;38060;1;0
Sandylane.com-0075-2016Redesign;en-US;/Home;17611;1;0
Luxehotels.com-0078-2016Redesign;en-US;/Home;18805;1;0
Theoxfordhotel.com-0062-2015Redesign;en-US;/Home;14325;1;0
Edgewaternaples.com-0094-2016Redesign;en-US;/failovercheck;38051;1;0
Lakeplacidlodge.com-0105-2017Redesign;en-US;/failovercheck;39238;1;0
Opalsands.com-0084-2016Redesign;en-US;/failovercheck;38055;1;0
Halcyonhotelcherrycreek.com-0061-2015Redesign;en-US;/Home;22121;1;0
Theharborsidehotel.com-0114-2017Redesign;en-US;/failovercheck;40403;1;0
Zotabeachresort.com-0090-2016Redesign;en-US;/failovercheck;38058;1;0
Bocatrans.com-0082-2016Redesign;en-US;/Home;19758;1;0
Texturefoodanddrink.com-0067-2016Redesign;en-US;/Home;15452;1;0
Thecurtis.com-0079-2016Redesign;en-US;/Home;17981;1;0
Abbingtonbanquets.com-0070-2016Redesign;en-US;/Home;15789;1;0
Chrco.com-0107-2017Redesign;en-US;/Home;29280;1;0
Broadmoor.com-0073-2016Redesign;en-US;/Activities/Golf/Golf-Club-Dining;16792;1;0
Homewoodsuiteslax.com-0110-2017Redesign;en-US;/Home;30747;1;0
Jupiterbeachresort.com-0103-2017Redesign;en-US;/failovercheck;38052;1;0
Naiaresortandspa.com-0077-2016Redesign;en-US;/home;20455;1;0
Treasureislandbeachresort.com-0089-2016Redesign;en-US;/failovercheck;38057;1;0
Samosetresort.com-0113-2017Redesign;en-US;/failovercheck;40334;1;0
Passport.lehotels.com-0069-2016BlogRedesign;en-US;/failovercheck;41068;1;0
Hospitalityupgrade.com-0093-2016Redesign;en-US;/Home;25405;1;0
Hospitalityupgrade.com-0093-2016Redesign;en-US;/News/News-Article-Details;22790;1;0
Cendyn.com-0095-2016Redesign;en-US;/Home;26640;1;0
Cendyn.com-0095-2016Redesign;en-US;/Home;26640;1;0
Cendyn.com-0095-2016Redesign;en-US;/Home;26640;1;0
Cendyn.com-0095-2016Redesign;en-US;/Home;26640;1;0
Longboatkeyclub.com-0104-2017Redesign;en-US;/offers/Special-Offers;28364;1;0
Longboatkeyclub.com-0104-2017Redesign;en-US;/Home;28316;1;0
Thesagamore.com-0112-2017Redesign;en-US;/Gallery;32340;1;0
Napavalleymarriott.com-0071-2016Redesign;en-US;/Home;16432;1;0
Luxehotels.com-0078-2016Redesign;en-US;/Home;18805;1;0
Thesagamore.com-0112-2017Redesign;en-US;/failovercheck;39241;1;0
Lidobeachresort.com-0106-2017Redesign;en-US;/failovercheck;38053;1;0
Longboatkeyclub.com-0104-2017Redesign;en-US;/failovercheck;38054;1;0
Sandpearl.com-0091-2016Redesign;en-US;/Offers/Romance-Offers;22532;1;0
Cendyn.com-0095-2016Redesign;en-US;/Home;26640;1;0
Halcyonhotelcherrycreek.com-0061-2015Redesign;en-US;/Hotel/Rooftop-Pool-Deck;23318;1;0
Broadmoor.com-0073-2016Redesign;en-US;/Home;16721;1;0
Samosetresort.com-0113-2017Redesign;en-US;/Activities/Golf;35227;1;0
Jupiterbeachresort.com-0103-2017Redesign;en-US;/Home;28158;1;0
Cocokeyorlando.com-0059-2015Redesign;en-US;/Contact-Us;12488;1;0
Thecurtis.com-0079-2016Redesign;en-US;/Offers;25504;1;0
Broadmoor.com-0073-2016Redesign;en-US;/Media-Gallery;17269;1;0
Lehotels.com-0049-2015Transfer;en-US;/Search/Central-South-America/Bourbon-Conmebol-Convention-Hotel/Local-Area;19460;1;0
Broadmoor.com-0073-2016Redesign;en-US;/Home;16721;1;0
Cendyn.com-0095-2016Redesign;en-US;/Home;26640;1;0
Cendyn.com-0095-2016Redesign;en-US;/Home;26640;1;0
Luxehotels.com-0078-2016Redesign;en-US;/Home;18805;1;0
Broadmoor.com-0073-2016Redesign;en-US;/failovercheck;38059;1;0
Sandpearl.com-0091-2016Redesign;en-US;/failovercheck;38056;1;0
Thecurtis.com-0079-2016Redesign;en-US;/Home;17981;1;0
Delraysandsresort.com-0097-2016Redesign;en-US;/failovercheck;38049;1;0
Halcyonhotelcherrycreek.com-0061-2015Redesign;en-US;/Home;22121;1;0
Thesagamore.com-0112-2017Redesign;en-US;/Accommodations/Historic-Main-Hotel;33921;1;0
Lakeplacidlodge.com-0105-2017Redesign;en-US;/Special-Offers/Family-Vacation-Package;32930;1;0
Luxehotels.com-0078-2016Redesign;en-US;/Home;18805;1;0
saddlebrook.com-0011-2014Redesign;en-US;/Home;3385;1;0
Sandylane.com-0075-2016Redesign;en-US;/Home;17611;1;0
Galthouse.com-0042-2015Redesign;en-US;/Home;31905;1;0
Meateatery.com-0080-2016Redesign;en-US;/;18505;1;0
Bluebirch.com-0072-2016Redesign;en-US;/Home;16693;1;0
Degreerestaurant.com-0056-2015Redesign;en-US;/Home;11598;1;0
Glencovemansion.com-0058-2015Redesign;en-US;/Home;13328;1;0
Thecrawfordhotel.com-0074-2016Redesign;en-US;/Home;17145;1;0
Theharborsidehotel.com-0114-2017Redesign;en-US;/failovercheck;40403;1;0
Sandylane.com-0075-2016Redesign;en-US;/Home;17611;1;0
Washingtoncourthotel.com-0076-2016Redesign;en-US;/Home;17858;1;0
Assuranceoperations.com-0065-2015Redesign;en-US;/Home;15263;1;0
Oxfordclubspa.com-0068-2016Redesign;en-US;/Home;15568;1;0
Jbdukehotel.com-0086-2016Redesign;en-US;/Home;21918;1;0
Thecurtis.com-0079-2016Redesign;en-US;/Home;17981;1;0
Bocatrans.com-0082-2016Redesign;en-US;/Home;19758;1;0
Theoxfordhotel.com-0062-2015Redesign;en-US;/Home;14325;1;0
Texturefoodanddrink.com-0067-2016Redesign;en-US;/Home;15452;1;0
Edgewaternaples.com-0094-2016Redesign;en-US;/failovercheck;38051;1;0
Chrco.com-0107-2017Redesign;en-US;/Home;29280;1;0
Zotabeachresort.com-0090-2016Redesign;en-US;/failovercheck;38058;1;0
Naiaresortandspa.com-0077-2016Redesign;en-US;/home;20455;1;0
Opalsands.com-0084-2016Redesign;en-US;/failovercheck;38055;1;0
Abbingtonbanquets.com-0070-2016Redesign;en-US;/Home;15789;1;0
Homewoodsuiteslax.com-0110-2017Redesign;en-US;/Home;30747;1;0
Treasureislandbeachresort.com-0089-2016Redesign;en-US;/failovercheck;38057;1;0
Lakeplacidlodge.com-0105-2017Redesign;en-US;/failovercheck;39238;1;0
Galthouse.com-0042-2015Redesign;en-US;/failovercheck;38060;1;0
Halcyonhotelcherrycreek.com-0061-2015Redesign;en-US;/Home;22121;1;0
Samosetresort.com-0113-2017Redesign;en-US;/failovercheck;40334;1;0
Beverlyhillsresidenceinn.com-0087-2016Redesign;en-US;/Home;20999;1;0
Jupiterbeachresort.com-0103-2017Redesign;en-US;/failovercheck;38052;1;0
Luxehotels.com-0078-2016Redesign;en-US;/Home;18805;1;0
Renaissancepittsburghpa.com-0044-2015Redesign;en-US;/Photo-Gallery;9739;1;0
Broadmoor.com-0073-2016Redesign;en-US;/The-Resort;16724;1;0
Hhotellosangeles.com-0118-2017Redesign;en-US;/Home;35289;1;0
Thesagamore.com-0112-2017Redesign;en-US;/Dining/Veranda-Terraces;33474;1;0
Sandpearl.com-0091-2016Redesign;en-US;/Special-Offers/Smitten-at-Sandpearl;30640;1;0
Luxehotels.com-0078-2016Redesign;en-US;/Home;18805;1;0
Hospitalityupgrade.com-0093-2016Redesign;en-US;/Home;25405;1;0
Hospitalityupgrade.com-0093-2016Redesign;en-US;/News/News-Article-Details;22790;1;0
Cendyn.com-0095-2016Redesign;en-US;/Home;26640;1;0
Cendyn.com-0095-2016Redesign;en-US;/Home;26640;1;0
Passport.lehotels.com-0069-2016BlogRedesign;en-US;/failovercheck;41068;1;0
Galthouse.com-0042-2015Redesign;en-US;/Weddings;10586;1;0
Cendyn.com-0095-2016Redesign;en-US;/Home;26640;1;0
Cendyn.com-0095-2016Redesign;en-US;/Home;26640;1;0
Broadmoor.com-0073-2016Redesign;en-US;/Broadmoor-Adventures/Seven-Falls;18259;1;0
Broadmoor.com-0073-2016Redesign;en-US;/Home;16721;1;0
Napavalleymarriott.com-0071-2016Redesign;en-US;/Home;16432;1;0
Lidobeachresort.com-0106-2017Redesign;en-US;/failovercheck;38053;1;0
Thesagamore.com-0112-2017Redesign;en-US;/failovercheck;39241;1;0
Longboatkeyclub.com-0104-2017Redesign;en-US;/failovercheck;38054;1;0
Thecurtis.com-0079-2016Redesign;en-US;/Offers;25504;1;0
Longboatkeyclub.com-0104-2017Redesign;en-US;/Gallery;28317;1;0
Cendyn.com-0095-2016Redesign;en-US;/Home;26640;1;0
Broadmoor.com-0073-2016Redesign;en-US;/Home;16721;1;0
Edgewaternaples.com-0094-2016Redesign;en-US;/Offers-Packages;25246;1;0
Luxehotels.com-0078-2016Redesign;en-US;/Home;18805;1;0
Luxehotels.com-0078-2016Redesign;en-US;/Home;18805;1;0
Luxehotels.com-0078-2016Redesign;en-US;/Home;18805;1;0
Hospitalityupgrade.com-0093-2016Redesign;en-US;/Home;25405;1;0
Washingtondukeinn.com-0024-2014Redesign;en-US;/Home;4524;1;0
Sandpearl.com-0091-2016Redesign;en-US;/failovercheck;38056;1;0
Delraysandsresort.com-0097-2016Redesign;en-US;/failovercheck;38049;1;0
Broadmoor.com-0073-2016Redesign;en-US;/Home;16721;1;0
Montaukyachtclub.com-0010-2014Redesign;en-US;/Photo-Gallery;2392;1;0
Broadmoor.com-0073-2016Redesign;en-US;/failovercheck;38059;1;0
Jbdukehotel.com-0086-2016Redesign;en-US;/Play/Area-Activities;21952;1;0
Broadmoor.com-0073-2016Redesign;en-US;/Special-Packages/Spa-Packages;17450;1;0
Treasureislandbeachresort.com-0089-2016Redesign;en-US;/Dog-Policy;38885;1;0
Cphollywoodbeach.com-0032-2015Redesign;en-US;/Gallery/Web-Cam;7831;1;0
wentworthcom00212014redesign;en-US;/portsmouth-hotel-offers/new-castle-dining-offers;4277;1;0
Meateatery.com-0080-2016Redesign;en-US;/;18505;1;0
Degreerestaurant.com-0056-2015Redesign;en-US;/Home;11598;1;0
Glencovemansion.com-0058-2015Redesign;en-US;/Home;13328;1;0
Washingtoncourthotel.com-0076-2016Redesign;en-US;/Home;17858;1;0
Sandylane.com-0075-2016Redesign;en-US;/Home;17611;1;0
Jupiterbeachresort.com-0103-2017Redesign;en-US;/failovercheck;38052;1;0
Bocatrans.com-0082-2016Redesign;en-US;/Home;19758;1;0
Oxfordclubspa.com-0068-2016Redesign;en-US;/Home;15568;1;0
Thecurtis.com-0079-2016Redesign;en-US;/Home;17981;1;0
Jbdukehotel.com-0086-2016Redesign;en-US;/Home;21918;1;0
Assuranceoperations.com-0065-2015Redesign;en-US;/Home;15263;1;0
Texturefoodanddrink.com-0067-2016Redesign;en-US;/Home;15452;1;0
Theoxfordhotel.com-0062-2015Redesign;en-US;/Home;14325;1;0
Chrco.com-0107-2017Redesign;en-US;/Home;29280;1;0
Naiaresortandspa.com-0077-2016Redesign;en-US;/home;20455;1;0
Abbingtonbanquets.com-0070-2016Redesign;en-US;/Home;15789;1;0
Homewoodsuiteslax.com-0110-2017Redesign;en-US;/Home;30747;1;0
Zotabeachresort.com-0090-2016Redesign;en-US;/failovercheck;38058;1;0
Bluebirch.com-0072-2016Redesign;en-US;/Home;16693;1;0
Edgewaternaples.com-0094-2016Redesign;en-US;/failovercheck;38051;1;0
Theharborsidehotel.com-0114-2017Redesign;en-US;/failovercheck;40403;1;0
Halcyonhotelcherrycreek.com-0061-2015Redesign;en-US;/Home;22121;1;0
Thecrawfordhotel.com-0074-2016Redesign;en-US;/Home;17145;1;0
Hhotellosangeles.com-0118-2017Redesign;en-US;/Home;35289;1;0
Beverlyhillsresidenceinn.com-0087-2016Redesign;en-US;/Home;20999;1;0
Opalsands.com-0084-2016Redesign;en-US;/failovercheck;38055;1;0
Galthouse.com-0042-2015Redesign;en-US;/failovercheck;38060;1;0
Luxehotels.com-0078-2016Redesign;en-US;/Home;18805;1;0
Lakeplacidlodge.com-0105-2017Redesign;en-US;/failovercheck;39238;1;0
Treasureislandbeachresort.com-0089-2016Redesign;en-US;/failovercheck;38057;1;0
Samosetresort.com-0113-2017Redesign;en-US;/failovercheck;40334;1;0
Luxehotels.com-0078-2016Redesign;en-US;/Home;18805;1;0
Passport.lehotels.com-0069-2016BlogRedesign;en-US;/failovercheck;41068;1;0
Luxehotels.com-0078-2016Redesign;en-US;/Home;18805;1;0
Passport.lehotels.com-0069-2016BlogRedesign;en-US;/Home;15730;1;0
Hospitalityupgrade.com-0093-2016Redesign;en-US;/Home;25405;1;0
Sandpearl.com-0091-2016Redesign;en-US;/Home;22481;1;0
Thelodgeatwoodloch.com-0033-2015Redesign;en-US;/Experience/Culinary/TREE-Restaurant-Bar;8303;1;0
Cendyn.com-0095-2016Redesign;en-US;/Home;26640;1;0
Cendyn.com-0095-2016Redesign;en-US;/Home;26640;1;0
Cendyn.com-0095-2016Redesign;en-US;/Home;26640;1;0
Cendyn.com-0095-2016Redesign;en-US;/Home;26640;1;0
Longboatkeyclub.com-0104-2017Redesign;en-US;/Accommodations;28328;1;0
Samosetresort.com-0113-2017Redesign;en-US;/Winter/Winter-Activities;35286;1;0
Cendyn.com-0095-2016Redesign;en-US;/Home;26640;1;0
Residenceinnnyc.com-0034-2015Redesign;en-US;/Home;7926;1;0
Napavalleymarriott.com-0071-2016Redesign;en-US;/Home;16432;1;0
Lidobeachresort.com-0106-2017Redesign;en-US;/failovercheck;38053;1;0
Thesagamore.com-0112-2017Redesign;en-US;/failovercheck;39241;1;0
Longboatkeyclub.com-0104-2017Redesign;en-US;/failovercheck;38054;1;0
Thesagamore.com-0112-2017Redesign;en-US;/Accommodations/Lodge-Rooms-and-Suites;33922;1;0
Sandpearl.com-0091-2016Redesign;en-US;/Home;22481;1;0
Lehotels.com-0049-2015Transfer;en-US;/Home;12108;1;0
Cendyn.com-0095-2016Redesign;en-US;/Home;26640;1;0
Thesagamore.com-0112-2017Redesign;en-US;/Accommodations/Amenities;33366;1;0
Cendyn.com-0095-2016Redesign;en-US;/Home;26640;1;0
Broadmoor.com-0073-2016Redesign;en-US;/failovercheck;38059;1;0
Broadmoor.com-0073-2016Redesign;en-US;/Home;16721;1;0
Broadmoor.com-0073-2016Redesign;en-US;/Home;16721;1;0
Casaybelresort.com-0002-2014Redesign;en-US;/About-Us/Web-Cam;1613;1;0
Sandpearl.com-0091-2016Redesign;en-US;/failovercheck;38056;1;0
Delraysandsresort.com-0097-2016Redesign;en-US;/failovercheck;38049;1;0
Sandpearl.com-0091-2016Redesign;en-US;/Home;22481;1;0
Cendyn.com-0095-2016Redesign;en-US;/Home;26640;1;0
Hospitalityupgrade.com-0093-2016Redesign;en-US;/HU-Events/CIO-Summit;33544;1;0
Broadmoor.com-0073-2016Redesign;en-US;/The-Resort;16724;1;0
Longboatkeyclub.com-0104-2017Redesign;en-US;/Membership;28335;1;0
Broadmoor.com-0073-2016Redesign;en-US;/Dining/In-Room-Dining;36058;1;0
Meateatery.com-0080-2016Redesign;en-US;/;18505;1;0
Degreerestaurant.com-0056-2015Redesign;en-US;/Home;11598;1;0
Jbdukehotel.com-0086-2016Redesign;en-US;/Home;21918;1;0
Glencovemansion.com-0058-2015Redesign;en-US;/Home;13328;1;0
Sandylane.com-0075-2016Redesign;en-US;/Home;17611;1;0
Bluebirch.com-0072-2016Redesign;en-US;/Home;16693;1;0
Bocatrans.com-0082-2016Redesign;en-US;/Home;19758;1;0
Thecurtis.com-0079-2016Redesign;en-US;/Home;17981;1;0
Galthouse.com-0042-2015Redesign;en-US;/failovercheck;38060;1;0
Naiaresortandspa.com-0077-2016Redesign;en-US;/home;20455;1;0
Chrco.com-0107-2017Redesign;en-US;/Home;29280;1;0
Assuranceoperations.com-0065-2015Redesign;en-US;/Home;15263;1;0
Oxfordclubspa.com-0068-2016Redesign;en-US;/Home;15568;1;0
Zotabeachresort.com-0090-2016Redesign;en-US;/failovercheck;38058;1;0
Halcyonhotelcherrycreek.com-0061-2015Redesign;en-US;/Home;22121;1;0
Theoxfordhotel.com-0062-2015Redesign;en-US;/Home;14325;1;0
Abbingtonbanquets.com-0070-2016Redesign;en-US;/Home;15789;1;0
Homewoodsuiteslax.com-0110-2017Redesign;en-US;/Home;30747;1;0
Texturefoodanddrink.com-0067-2016Redesign;en-US;/Home;15452;1;0
Hhotellosangeles.com-0118-2017Redesign;en-US;/Home;35289;1;0
Washingtoncourthotel.com-0076-2016Redesign;en-US;/Home;17858;1;0
Thecrawfordhotel.com-0074-2016Redesign;en-US;/Home;17145;1;0
Theharborsidehotel.com-0114-2017Redesign;en-US;/failovercheck;40403;1;0
Beverlyhillsresidenceinn.com-0087-2016Redesign;en-US;/Home;20999;1;0
Edgewaternaples.com-0094-2016Redesign;en-US;/failovercheck;38051;1;0
Galthouse.com-0042-2015Redesign;en-US;/Home;31905;1;0
Luxehotels.com-0078-2016Redesign;en-US;/Home;18805;1;0
Treasureislandbeachresort.com-0089-2016Redesign;en-US;/failovercheck;38057;1;0
Lakeplacidlodge.com-0105-2017Redesign;en-US;/failovercheck;39238;1;0
Jupiterbeachresort.com-0103-2017Redesign;en-US;/failovercheck;38052;1;0
Samosetresort.com-0113-2017Redesign;en-US;/failovercheck;40334;1;0
Monarchbeachresort.com-0092-2016Redesign;en-US;/offers/packages/Monarch-Moments-Package;26800;1;0
Opalsands.com-0084-2016Redesign;en-US;/failovercheck;38055;1;0
Passport.lehotels.com-0069-2016BlogRedesign;en-US;/failovercheck;41068;1;0
Passport.lehotels.com-0069-2016BlogRedesign;en-US;/Home;15730;1;0
Sandpearl.com-0091-2016Redesign;en-US;/Home;22481;1;0
Thesagamore.com-0112-2017Redesign;en-US;/Offers/Family;32391;1;0
Thesagamore.com-0112-2017Redesign;en-US;/Accommodations/Amenities;33366;1;0
Longboatkeyclub.com-0104-2017Redesign;en-US;/404;35641;1;0
Hospitalityupgrade.com-0093-2016Redesign;en-US;/Home;25405;1;0
Broadmoor.com-0073-2016Redesign;en-US;/Home;16721;1;0
Cendyn.com-0095-2016Redesign;en-US;/Home;26640;1;0
Cendyn.com-0095-2016Redesign;en-US;/Home;26640;1;0
Cendyn.com-0095-2016Redesign;en-US;/Home;26640;1;0
Cendyn.com-0095-2016Redesign;en-US;/Home;26640;1;0
Casaybelresort.com-0002-2014Redesign;en-US;/Home;1533;1;0
Monarchbeachresort.com-0092-2016Redesign;en-US;/Home;22725;1;0
Napavalleymarriott.com-0071-2016Redesign;en-US;/Home;16432;1;0
Longboatkeyclub.com-0104-2017Redesign;en-US;/failovercheck;38054;1;0
Thesagamore.com-0112-2017Redesign;en-US;/failovercheck;39241;1;0
Lidobeachresort.com-0106-2017Redesign;en-US;/failovercheck;38053;1;0
Cocokeyorlando.com-0059-2015Redesign;en-US;/Contact-Us;12488;1;0
Lehotels.com-0049-2015Transfer;en-US;/Home;12108;1;0
Luxehotels.com-0078-2016Redesign;en-US;/Home;18805;1;0
Sandylane.com-0075-2016Redesign;en-US;/Home;17611;1;0
Cendyn.com-0095-2016Redesign;en-US;/Home;26640;1;0
Broadmoor.com-0073-2016Redesign;en-US;/failovercheck;38059;1;0
Thesagamore.com-0112-2017Redesign;en-US;/Home;32339;1;0
Lakeplacidlodge.com-0105-2017Redesign;en-US;/Accommodations/Overlook-Rooms;32805;1;0
Sandpearl.com-0091-2016Redesign;en-US;/failovercheck;38056;1;0
Delraysandsresort.com-0097-2016Redesign;en-US;/failovercheck;38049;1;0
Luxehotels.com-0078-2016Redesign;en-US;/Home;18805;1;0
Broadmoor.com-0073-2016Redesign;en-US;/Home;16721;1;0
Sandpearl.com-0091-2016Redesign;en-US;/Home;22481;1;0
Thesagamore.com-0112-2017Redesign;en-US;/Dining/Mr-Brown’s-Pub;33475;1;0
Broadmoor.com-0073-2016Redesign;en-US;/Broadmoor-Adventures/Seven-Falls/Seven-Falls-Tickets;21232;1;0
Galthouse.com-0042-2015Redesign;en-US;/Home;31905;1;0
Bluebirch.com-0072-2016Redesign;en-US;/Home;16693;1;0
Washingtoncourthotel.com-0076-2016Redesign;en-US;/Home;17858;1;0
Degreerestaurant.com-0056-2015Redesign;en-US;/Home;11598;1;0
Sandylane.com-0075-2016Redesign;en-US;/Home;17611;1;0
Meateatery.com-0080-2016Redesign;en-US;/;18505;1;0
Jbdukehotel.com-0086-2016Redesign;en-US;/Home;21918;1;0
Thecurtis.com-0079-2016Redesign;en-US;/Home;17981;1;0
Bocatrans.com-0082-2016Redesign;en-US;/Home;19758;1;0
Glencovemansion.com-0058-2015Redesign;en-US;/Home;13328;1;0
Galthouse.com-0042-2015Redesign;en-US;/failovercheck;38060;1;0
Theoxfordhotel.com-0062-2015Redesign;en-US;/Home;14325;1;0
Oxfordclubspa.com-0068-2016Redesign;en-US;/Home;15568;1;0
Naiaresortandspa.com-0077-2016Redesign;en-US;/home;20455;1;0
Texturefoodanddrink.com-0067-2016Redesign;en-US;/Home;15452;1;0
Abbingtonbanquets.com-0070-2016Redesign;en-US;/Home;15789;1;0
Zotabeachresort.com-0090-2016Redesign;en-US;/failovercheck;38058;1;0
Homewoodsuiteslax.com-0110-2017Redesign;en-US;/Home;30747;1;0
Halcyonhotelcherrycreek.com-0061-2015Redesign;en-US;/Home;22121;1;0
Hhotellosangeles.com-0118-2017Redesign;en-US;/Home;35289;1;0
Beverlyhillsresidenceinn.com-0087-2016Redesign;en-US;/Home;20999;1;0
Theharborsidehotel.com-0114-2017Redesign;en-US;/failovercheck;40403;1;0
Chrco.com-0107-2017Redesign;en-US;/Home;29280;1;0
Edgewaternaples.com-0094-2016Redesign;en-US;/failovercheck;38051;1;0
Opalsands.com-0084-2016Redesign;en-US;/failovercheck;38055;1;0
Thecrawfordhotel.com-0074-2016Redesign;en-US;/Home;17145;1;0
Jupiterbeachresort.com-0103-2017Redesign;en-US;/failovercheck;38052;1;0
Lakeplacidlodge.com-0105-2017Redesign;en-US;/failovercheck;39238;1;0
Luxehotels.com-0078-2016Redesign;en-US;/Home;18805;1;0
Samosetresort.com-0113-2017Redesign;en-US;/failovercheck;40334;1;0
Treasureislandbeachresort.com-0089-2016Redesign;en-US;/failovercheck;38057;1;0
Assuranceoperations.com-0065-2015Redesign;en-US;/Home;15263;1;0
Monarchbeachresort.com-0092-2016Redesign;en-US;/accommodations/guestrooms;23670;1;0
Thesagamore.com-0112-2017Redesign;en-US;/Accommodations/Lodge-Rooms-and-Suites;33922;1;0
Passport.lehotels.com-0069-2016BlogRedesign;en-US;/failovercheck;41068;1;0
Longboatkeyclub.com-0104-2017Redesign;en-US;/Home;28316;1;0
Opalsands.com-0084-2016Redesign;en-US;/Home;20171;1;0
Hospitalityupgrade.com-0093-2016Redesign;en-US;/Home;25405;1;0
Cendyn.com-0095-2016Redesign;en-US;/Home;26640;1;0
Halcyonhotelcherrycreek.com-0061-2015Redesign;en-US;/Guest-Rooms-(2);41138;1;0
Cendyn.com-0095-2016Redesign;en-US;/Home;26640;1;0
Cendyn.com-0095-2016Redesign;en-US;/Home;26640;1;0
Cendyn.com-0095-2016Redesign;en-US;/Home;26640;1;0
Cocokeyorlando.com-0059-2015Redesign;en-US;/About-the-Hotel;12396;1;0
Napavalleymarriott.com-0071-2016Redesign;en-US;/Home;16432;1;0
Longboatkeyclub.com-0104-2017Redesign;en-US;/failovercheck;38054;1;0
Lidobeachresort.com-0106-2017Redesign;en-US;/failovercheck;38053;1;0
Thesagamore.com-0112-2017Redesign;en-US;/failovercheck;39241;1;0
Broadmoor.com-0073-2016Redesign;en-US;/The-Resort;16724;1;0
Cendyn.com-0095-2016Redesign;en-US;/Home;26640;1;0
theweststreethotel.com-0115-2017Redesign;en-US;/Home;36683;1;0
Broadmoor.com-0073-2016Redesign;en-US;/failovercheck;38059;1;0
Halcyonhotelcherrycreek.com-0061-2015Redesign;en-US;/Home;22121;1;0
Sandpearl.com-0091-2016Redesign;en-US;/failovercheck;38056;1;0
Delraysandsresort.com-0097-2016Redesign;en-US;/failovercheck;38049;1;0
Washingtoncourthotel.com-0076-2016Redesign;en-US;/Home;17858;1;0
Luxehotels.com-0078-2016Redesign;en-US;/Home;18805;1;0
Montaukyachtclub.com-0010-2014Redesign;en-US;/Rooms-Suites-Villas;2280;1;0
