Napavalleymarriott.com-0071-2016Redesign;en-US;/Home;16432;1;0
Longboatkeyclub.com-0104-2017Redesign;en-US;/failovercheck;38054;1;0
Thesagamore.com-0112-2017Redesign;en-US;/failovercheck;39241;1;0
Bellemontfarm.com-0007-2013Redesign;en-US;/Homepage;11497;1;0
Broadmoor.com-0073-2016Redesign;en-US;/Home;16721;1;0
Lidobeachresort.com-0106-2017Redesign;en-US;/failovercheck;38053;1;0
Cendyn.com-0095-2016Redesign;en-US;/Home;26640;1;0
Thesagamore.com-0112-2017Redesign;en-US;/Home;32339;1;0
Hospitalityupgrade.com-0093-2016Redesign;en-US;/News/News-Article-Details;22790;1;0
Delraysandsresort.com-0097-2016Redesign;en-US;/Activities/Beach;27288;1;0
Passport.lehotels.com-0069-2016BlogRedesign;en-US;/failovercheck;41068;1;0
Bellemontfarm.com-0007-2013Redesign;en-US;/Homepage;11497;1;0
Cendyn.com-0095-2016Redesign;en-US;/Home;26640;1;0
Cendyn.com-0095-2016Redesign;en-US;/Home;26640;1;0
Cendyn.com-0095-2016Redesign;en-US;/Home;26640;1;0
Cendyn.com-0095-2016Redesign;en-US;/Home;26640;1;0
Delraysandsresort.com-0097-2016Redesign;en-US;/Activities/Fitness-Center;27290;1;0
Sandpearl.com-0091-2016Redesign;en-US;/failovercheck;38056;1;0
Sandylane.com-0075-2016Redesign;en-US;/Home;17611;1;0
Delraysandsresort.com-0097-2016Redesign;en-US;/Activities/Delray-Beach-Attractions;27293;1;0
Hhotellosangeles.com-0118-2017Redesign;en-US;/Home;35289;1;0
Bluebirch.com-0072-2016Redesign;en-US;/Home;16693;1;0
Degreerestaurant.com-0056-2015Redesign;en-US;/Home;11598;1;0
Meateatery.com-0080-2016Redesign;en-US;/;18505;1;0
Glencovemansion.com-0058-2015Redesign;en-US;/Home;13328;1;0
Oxfordclubspa.com-0068-2016Redesign;en-US;/Home;15568;1;0
Thecrawfordhotel.com-0074-2016Redesign;en-US;/Home;17145;1;0
Washingtoncourthotel.com-0076-2016Redesign;en-US;/Home;17858;1;0
Thecurtis.com-0079-2016Redesign;en-US;/Home;17981;1;0
Homewoodsuiteslax.com-0110-2017Redesign;en-US;/Home;30747;1;0
Texturefoodanddrink.com-0067-2016Redesign;en-US;/Home;15452;1;0
Samosetresort.com-0113-2017Redesign;en-US;/failovercheck;40334;1;0
Lakeplacidlodge.com-0105-2017Redesign;en-US;/failovercheck;39238;1;0
Treasureislandbeachresort.com-0089-2016Redesign;en-US;/failovercheck;38057;1;0
Abbingtonbanquets.com-0070-2016Redesign;en-US;/Home;15789;1;0
Jupiterbeachresort.com-0103-2017Redesign;en-US;/failovercheck;38052;1;0
Opalsands.com-0084-2016Redesign;en-US;/failovercheck;38055;1;0
Assuranceoperations.com-0065-2015Redesign;en-US;/Home;15263;1;0
Edgewaternaples.com-0094-2016Redesign;en-US;/failovercheck;38051;1;0
Theharborsidehotel.com-0114-2017Redesign;en-US;/failovercheck;40403;1;0
Chrco.com-0107-2017Redesign;en-US;/Home;29280;1;0
Jbdukehotel.com-0086-2016Redesign;en-US;/Home;21918;1;0
Theoxfordhotel.com-0062-2015Redesign;en-US;/Home;14325;1;0
Galthouse.com-0042-2015Redesign;en-US;/failovercheck;38060;1;0
Bocatrans.com-0082-2016Redesign;en-US;/Home;19758;1;0
Luxehotels.com-0078-2016Redesign;en-US;/Home;18805;1;0
Beverlyhillsresidenceinn.com-0087-2016Redesign;en-US;/Home;20999;1;0
Zotabeachresort.com-0090-2016Redesign;en-US;/failovercheck;38058;1;0
Naiaresortandspa.com-0077-2016Redesign;en-US;/home;20455;1;0
Halcyonhotelcherrycreek.com-0061-2015Redesign;en-US;/Home;22121;1;0
Sandylane.com-0075-2016Redesign;en-US;/Home;17611;1;0
Delraysandsresort.com-0097-2016Redesign;en-US;/failovercheck;38049;1;0
Oxfordclubspa.com-0068-2016Redesign;en-US;/Home;15568;1;0
Hospitalityupgrade.com-0093-2016Redesign;en-US;/Home;25405;1;0
Sandylane.com-0075-2016Redesign;en-US;/Home;17611;1;0
Cphollywoodbeach.com-0032-2015Redesign;en-US;/Gallery/Web-Cam;7831;1;0
Thelodgeatwoodloch.com-0033-2015Redesign;en-US;/Contact-Us;8393;1;0
Broadmoor.com-0073-2016Redesign;en-US;/failovercheck;38059;1;0
Napavalleymarriott.com-0071-2016Redesign;en-US;/Home;16432;1;0
Bellemontfarm.com-0007-2013Redesign;en-US;/Stay/Photo-Gallery;2503;1;0
Lidobeachresort.com-0106-2017Redesign;en-US;/failovercheck;38053;1;0
Thesagamore.com-0112-2017Redesign;en-US;/failovercheck;39241;1;0
Longboatkeyclub.com-0104-2017Redesign;en-US;/failovercheck;38054;1;0
Cendyn.com-0095-2016Redesign;en-US;/Home;26640;1;0
Bellemontfarm.com-0007-2013Redesign;en-US;/Homepage;11497;1;0
Passport.lehotels.com-0069-2016BlogRedesign;en-US;/failovercheck;41068;1;0
Cendyn.com-0095-2016Redesign;en-US;/Home;26640;1;0
Cendyn.com-0095-2016Redesign;en-US;/Home;26640;1;0
Cendyn.com-0095-2016Redesign;en-US;/Home;26640;1;0
Cendyn.com-0095-2016Redesign;en-US;/Home;26640;1;0
Sandpearl.com-0091-2016Redesign;en-US;/failovercheck;38056;1;0
Hospitalityupgrade.com-0093-2016Redesign;en-US;/News/News-Article-Details;22790;1;0
Delraysandsresort.com-0097-2016Redesign;en-US;/Offers;27239;1;0
Hi-nyc.com-0108-2017Redesogm;en-US;/Home;30080;1;0
Texturefoodanddrink.com-0067-2016Redesign;en-US;/Home;15452;1;0
Degreerestaurant.com-0056-2015Redesign;en-US;/Home;11598;1;0
Glencovemansion.com-0058-2015Redesign;en-US;/Home;13328;1;0
Hhotellosangeles.com-0118-2017Redesign;en-US;/Home;35289;1;0
Assuranceoperations.com-0065-2015Redesign;en-US;/Home;15263;1;0
Sandylane.com-0075-2016Redesign;en-US;/Home;17611;1;0
Bluebirch.com-0072-2016Redesign;en-US;/Home;16693;1;0
Oxfordclubspa.com-0068-2016Redesign;en-US;/Home;15568;1;0
Thecurtis.com-0079-2016Redesign;en-US;/Home;17981;1;0
Abbingtonbanquets.com-0070-2016Redesign;en-US;/Home;15789;1;0
Bocatrans.com-0082-2016Redesign;en-US;/Home;19758;1;0
Homewoodsuiteslax.com-0110-2017Redesign;en-US;/Home;30747;1;0
Jbdukehotel.com-0086-2016Redesign;en-US;/Home;21918;1;0
Luxehotels.com-0078-2016Redesign;en-US;/Home;18805;1;0
Treasureislandbeachresort.com-0089-2016Redesign;en-US;/failovercheck;38057;1;0
Lakeplacidlodge.com-0105-2017Redesign;en-US;/failovercheck;39238;1;0
Samosetresort.com-0113-2017Redesign;en-US;/failovercheck;40334;1;0
Opalsands.com-0084-2016Redesign;en-US;/failovercheck;38055;1;0
Theoxfordhotel.com-0062-2015Redesign;en-US;/Home;14325;1;0
Jupiterbeachresort.com-0103-2017Redesign;en-US;/failovercheck;38052;1;0
Thecrawfordhotel.com-0074-2016Redesign;en-US;/Home;17145;1;0
Edgewaternaples.com-0094-2016Redesign;en-US;/failovercheck;38051;1;0
Beverlyhillsresidenceinn.com-0087-2016Redesign;en-US;/Home;20999;1;0
Meateatery.com-0080-2016Redesign;en-US;/;18505;1;0
Sandylane.com-0075-2016Redesign;en-US;/Home;17611;1;0
Washingtoncourthotel.com-0076-2016Redesign;en-US;/Home;17858;1;0
Naiaresortandspa.com-0077-2016Redesign;en-US;/home;20455;1;0
Galthouse.com-0042-2015Redesign;en-US;/failovercheck;38060;1;0
Halcyonhotelcherrycreek.com-0061-2015Redesign;en-US;/Home;22121;1;0
Theharborsidehotel.com-0114-2017Redesign;en-US;/failovercheck;40403;1;0
Chrco.com-0107-2017Redesign;en-US;/Home;29280;1;0
Zotabeachresort.com-0090-2016Redesign;en-US;/failovercheck;38058;1;0
Delraysandsresort.com-0097-2016Redesign;en-US;/failovercheck;38049;1;0
Hospitalityupgrade.com-0093-2016Redesign;en-US;/Home;25405;1;0
Delraysandsresort.com-0097-2016Redesign;en-US;/Offers/Special-Offers;27280;1;0
Napavalleymarriott.com-0071-2016Redesign;en-US;/Home;16432;1;0
Broadmoor.com-0073-2016Redesign;en-US;/Accommodations/Brownstones;16759;1;0
Thesagamore.com-0112-2017Redesign;en-US;/failovercheck;39241;1;0
Lidobeachresort.com-0106-2017Redesign;en-US;/failovercheck;38053;1;0
Longboatkeyclub.com-0104-2017Redesign;en-US;/failovercheck;38054;1;0
Broadmoor.com-0073-2016Redesign;en-US;/failovercheck;38059;1;0
Thecurtis.com-0079-2016Redesign;en-US;/Home;17981;1;0
Cendyn.com-0095-2016Redesign;en-US;/Home;26640;1;0
Passport.lehotels.com-0069-2016BlogRedesign;en-US;/failovercheck;41068;1;0
Cendyn.com-0095-2016Redesign;en-US;/Home;26640;1;0
Cendyn.com-0095-2016Redesign;en-US;/Home;26640;1;0
Cendyn.com-0095-2016Redesign;en-US;/Home;26640;1;0
Delraysandsresort.com-0097-2016Redesign;en-US;/Offers/Dining-Offers;27281;1;0
Cendyn.com-0095-2016Redesign;en-US;/Home;26640;1;0
Sandpearl.com-0091-2016Redesign;en-US;/failovercheck;38056;1;0
Theoxfordhotel.com-0062-2015Redesign;en-US;/location-attractions;14336;1;0
Treasureislandbeachresort.com-0089-2016Redesign;en-US;/Home;22169;1;0
Delraysandsresort.com-0097-2016Redesign;en-US;/Offers/Romance-Offers;27282;1;0
Texturefoodanddrink.com-0067-2016Redesign;en-US;/Home;15452;1;0
Glencovemansion.com-0058-2015Redesign;en-US;/Home;13328;1;0
Meateatery.com-0080-2016Redesign;en-US;/;18505;1;0
Hhotellosangeles.com-0118-2017Redesign;en-US;/Home;35289;1;0
Degreerestaurant.com-0056-2015Redesign;en-US;/Home;11598;1;0
Bluebirch.com-0072-2016Redesign;en-US;/Home;16693;1;0
Thecrawfordhotel.com-0074-2016Redesign;en-US;/Home;17145;1;0
Thecurtis.com-0079-2016Redesign;en-US;/Home;17981;1;0
Assuranceoperations.com-0065-2015Redesign;en-US;/Home;15263;1;0
Bocatrans.com-0082-2016Redesign;en-US;/Home;19758;1;0
Washingtoncourthotel.com-0076-2016Redesign;en-US;/Home;17858;1;0
Jbdukehotel.com-0086-2016Redesign;en-US;/Home;21918;1;0
Theoxfordhotel.com-0062-2015Redesign;en-US;/Home;14325;1;0
Oxfordclubspa.com-0068-2016Redesign;en-US;/Home;15568;1;0
Opalsands.com-0084-2016Redesign;en-US;/failovercheck;38055;1;0
Beverlyhillsresidenceinn.com-0087-2016Redesign;en-US;/Home;20999;1;0
Galthouse.com-0042-2015Redesign;en-US;/failovercheck;38060;1;0
Luxehotels.com-0078-2016Redesign;en-US;/Home;18805;1;0
Treasureislandbeachresort.com-0089-2016Redesign;en-US;/failovercheck;38057;1;0
Zotabeachresort.com-0090-2016Redesign;en-US;/failovercheck;38058;1;0
Lakeplacidlodge.com-0105-2017Redesign;en-US;/failovercheck;39238;1;0
Samosetresort.com-0113-2017Redesign;en-US;/failovercheck;40334;1;0
Edgewaternaples.com-0094-2016Redesign;en-US;/failovercheck;38051;1;0
Naiaresortandspa.com-0077-2016Redesign;en-US;/home;20455;1;0
Homewoodsuiteslax.com-0110-2017Redesign;en-US;/Home;30747;1;0
Sandylane.com-0075-2016Redesign;en-US;/Home;17611;1;0
Abbingtonbanquets.com-0070-2016Redesign;en-US;/Home;15789;1;0
Halcyonhotelcherrycreek.com-0061-2015Redesign;en-US;/Home;22121;1;0
Theharborsidehotel.com-0114-2017Redesign;en-US;/failovercheck;40403;1;0
Chrco.com-0107-2017Redesign;en-US;/Home;29280;1;0
Jupiterbeachresort.com-0103-2017Redesign;en-US;/failovercheck;38052;1;0
Delraysandsresort.com-0097-2016Redesign;en-US;/failovercheck;38049;1;0
Hospitalityupgrade.com-0093-2016Redesign;en-US;/Home;25405;1;0
Broadmoor.com-0073-2016Redesign;en-US;/failovercheck;38059;1;0
Napavalleymarriott.com-0071-2016Redesign;en-US;/Home;16432;1;0
Longboatkeyclub.com-0104-2017Redesign;en-US;/failovercheck;38054;1;0
Lidobeachresort.com-0106-2017Redesign;en-US;/failovercheck;38053;1;0
Luxehotels.com-0078-2016Redesign;en-US;/Blog;19267;1;0
Thesagamore.com-0112-2017Redesign;en-US;/failovercheck;39241;1;0
Cendyn.com-0095-2016Redesign;en-US;/Home;26640;1;0
Delraysandsresort.com-0097-2016Redesign;en-US;/Offers/Family-Offers;27284;1;0
Bellemontfarm.com-0007-2013Redesign;en-US;/Food;1990;1;0
Passport.lehotels.com-0069-2016BlogRedesign;en-US;/failovercheck;41068;1;0
Cendyn.com-0095-2016Redesign;en-US;/Home;26640;1;0
Cendyn.com-0095-2016Redesign;en-US;/Home;26640;1;0
Cendyn.com-0095-2016Redesign;en-US;/Home;26640;1;0
Cendyn.com-0095-2016Redesign;en-US;/Home;26640;1;0
Hospitalityupgrade.com-0093-2016Redesign;en-US;/News/News-Article-Details;22790;1;0
Hospitalityupgrade.com-0093-2016Redesign;en-US;/News;22774;1;0
Delraysandsresort.com-0097-2016Redesign;en-US;/Offers/Holiday-Offers;27285;1;0
Theloganhotel.com-0043-2015Redesign;en-US;/Home;20218;1;0
Sandpearl.com-0091-2016Redesign;en-US;/failovercheck;38056;1;0
Theloganhotel.com-0043-2015Redesign;en-US;/Home;20218;1;0
Thecurtis.com-0079-2016Redesign;en-US;/Home;17981;1;0
Jbdukehotel.com-0086-2016Redesign;en-US;/Home;21918;1;0
Thelodgeatwoodloch.com-0033-2015Redesign;en-US;/hawley-packages/Beer-Inspired-Treatments;9928;1;0
Glencovemansion.com-0058-2015Redesign;en-US;/Home;13328;1;0
Texturefoodanddrink.com-0067-2016Redesign;en-US;/Home;15452;1;0
Chrco.com-0107-2017Redesign;en-US;/Home;29280;1;0
Bluebirch.com-0072-2016Redesign;en-US;/Home;16693;1;0
Beverlyhillsresidenceinn.com-0087-2016Redesign;en-US;/Home;20999;1;0
Theoxfordhotel.com-0062-2015Redesign;en-US;/Home;14325;1;0
Meateatery.com-0080-2016Redesign;en-US;/;18505;1;0
Bocatrans.com-0082-2016Redesign;en-US;/Home;19758;1;0
Galthouse.com-0042-2015Redesign;en-US;/failovercheck;38060;1;0
Hhotellosangeles.com-0118-2017Redesign;en-US;/Home;35289;1;0
Sandylane.com-0075-2016Redesign;en-US;/Home;17611;1;0
Halcyonhotelcherrycreek.com-0061-2015Redesign;en-US;/Home;22121;1;0
Homewoodsuiteslax.com-0110-2017Redesign;en-US;/Home;30747;1;0
Zotabeachresort.com-0090-2016Redesign;en-US;/failovercheck;38058;1;0
Assuranceoperations.com-0065-2015Redesign;en-US;/Home;15263;1;0
Edgewaternaples.com-0094-2016Redesign;en-US;/failovercheck;38051;1;0
Oxfordclubspa.com-0068-2016Redesign;en-US;/Home;15568;1;0
Washingtoncourthotel.com-0076-2016Redesign;en-US;/Home;17858;1;0
Naiaresortandspa.com-0077-2016Redesign;en-US;/home;20455;1;0
Degreerestaurant.com-0056-2015Redesign;en-US;/Home;11598;1;0
Lakeplacidlodge.com-0105-2017Redesign;en-US;/failovercheck;39238;1;0
Luxehotels.com-0078-2016Redesign;en-US;/Home;18805;1;0
Abbingtonbanquets.com-0070-2016Redesign;en-US;/Home;15789;1;0
Thecrawfordhotel.com-0074-2016Redesign;en-US;/Home;17145;1;0
Treasureislandbeachresort.com-0089-2016Redesign;en-US;/failovercheck;38057;1;0
Samosetresort.com-0113-2017Redesign;en-US;/failovercheck;40334;1;0
Theharborsidehotel.com-0114-2017Redesign;en-US;/failovercheck;40403;1;0
Jupiterbeachresort.com-0103-2017Redesign;en-US;/failovercheck;38052;1;0
Opalsands.com-0084-2016Redesign;en-US;/failovercheck;38055;1;0
Cendyn.com-0095-2016Redesign;en-US;/Home;26640;1;0
Delraysandsresort.com-0097-2016Redesign;en-US;/failovercheck;38049;1;0
Hospitalityupgrade.com-0093-2016Redesign;en-US;/Home;25405;1;0
Delraysandsresort.com-0097-2016Redesign;en-US;/Special-Offers/thirdfree;36464;1;0
Napavalleymarriott.com-0071-2016Redesign;en-US;/Home;16432;1;0
Broadmoor.com-0073-2016Redesign;en-US;/failovercheck;38059;1;0
Thesagamore.com-0112-2017Redesign;en-US;/failovercheck;39241;1;0
Longboatkeyclub.com-0104-2017Redesign;en-US;/failovercheck;38054;1;0
Lidobeachresort.com-0106-2017Redesign;en-US;/failovercheck;38053;1;0
saddlebrook.com-0011-2014Redesign;en-US;/Special-Offers/Spa-Offers;4539;1;0
Delraysandsresort.com-0097-2016Redesign;en-US;/Offers;27239;1;0
Hospitalityupgrade.com-0093-2016Redesign;en-US;/Home;25405;1;0
Cendyn.com-0095-2016Redesign;en-US;/Home;26640;1;0
Hospitalityupgrade.com-0093-2016Redesign;en-US;/Home;25405;1;0
Passport.lehotels.com-0069-2016BlogRedesign;en-US;/failovercheck;41068;1;0
Cendyn.com-0095-2016Redesign;en-US;/Home;26640;1;0
Cendyn.com-0095-2016Redesign;en-US;/Home;26640;1;0
Cendyn.com-0095-2016Redesign;en-US;/Home;26640;1;0
Cendyn.com-0095-2016Redesign;en-US;/Home;26640;1;0
Zotabeachresort.com-0090-2016Redesign;en-US;/Home;22357;1;0
Sandpearl.com-0091-2016Redesign;en-US;/failovercheck;38056;1;0
Opalsands.com-0084-2016Redesign;en-US;/Home;20171;1;0
Cphollywoodbeach.com-0032-2015Redesign;en-US;/Gallery/Web-Cam;7831;1;0
Delraysandsresort.com-0097-2016Redesign;en-US;/dog-policy;38876;1;0
Zotabeachresort.com-0090-2016Redesign;en-US;/Home;22357;1;0
Bluebirch.com-0072-2016Redesign;en-US;/Home;16693;1;0
Thecurtis.com-0079-2016Redesign;en-US;/Home;17981;1;0
Meateatery.com-0080-2016Redesign;en-US;/;18505;1;0
Degreerestaurant.com-0056-2015Redesign;en-US;/Home;11598;1;0
Thecrawfordhotel.com-0074-2016Redesign;en-US;/Home;17145;1;0
Washingtoncourthotel.com-0076-2016Redesign;en-US;/Home;17858;1;0
Homewoodsuiteslax.com-0110-2017Redesign;en-US;/Home;30747;1;0
Glencovemansion.com-0058-2015Redesign;en-US;/Home;13328;1;0
Bocatrans.com-0082-2016Redesign;en-US;/Home;19758;1;0
Hhotellosangeles.com-0118-2017Redesign;en-US;/Home;35289;1;0
Assuranceoperations.com-0065-2015Redesign;en-US;/Home;15263;1;0
Texturefoodanddrink.com-0067-2016Redesign;en-US;/Home;15452;1;0
Luxehotels.com-0078-2016Redesign;en-US;/Home;18805;1;0
Jbdukehotel.com-0086-2016Redesign;en-US;/Home;21918;1;0
Oxfordclubspa.com-0068-2016Redesign;en-US;/Home;15568;1;0
Beverlyhillsresidenceinn.com-0087-2016Redesign;en-US;/Home;20999;1;0
Theoxfordhotel.com-0062-2015Redesign;en-US;/Home;14325;1;0
Galthouse.com-0042-2015Redesign;en-US;/failovercheck;38060;1;0
Jupiterbeachresort.com-0103-2017Redesign;en-US;/failovercheck;38052;1;0
Abbingtonbanquets.com-0070-2016Redesign;en-US;/Home;15789;1;0
Lakeplacidlodge.com-0105-2017Redesign;en-US;/failovercheck;39238;1;0
Naiaresortandspa.com-0077-2016Redesign;en-US;/home;20455;1;0
Zotabeachresort.com-0090-2016Redesign;en-US;/failovercheck;38058;1;0
Sandylane.com-0075-2016Redesign;en-US;/Home;17611;1;0
Halcyonhotelcherrycreek.com-0061-2015Redesign;en-US;/Home;22121;1;0
Treasureislandbeachresort.com-0089-2016Redesign;en-US;/failovercheck;38057;1;0
Samosetresort.com-0113-2017Redesign;en-US;/failovercheck;40334;1;0
Chrco.com-0107-2017Redesign;en-US;/Home;29280;1;0
Edgewaternaples.com-0094-2016Redesign;en-US;/failovercheck;38051;1;0
Theharborsidehotel.com-0114-2017Redesign;en-US;/failovercheck;40403;1;0
Opalsands.com-0084-2016Redesign;en-US;/failovercheck;38055;1;0
Thelodgeatwoodloch.com-0033-2015Redesign;en-US;/Experience/Activities/Team-of-Experts/Talia-Segal;8358;1;0
Delraysandsresort.com-0097-2016Redesign;en-US;/Contact-Us;27249;1;0
Delraysandsresort.com-0097-2016Redesign;en-US;/failovercheck;38049;1;0
Hospitalityupgrade.com-0093-2016Redesign;en-US;/Home;25405;1;0
Cendyn.com-0095-2016Redesign;en-US;/Home;26640;1;0
Broadmoor.com-0073-2016Redesign;en-US;/failovercheck;38059;1;0
Sandylane.com-0075-2016Redesign;en-US;/barbados-dining/Afternoon-Tea;17714;1;0
Thesagamore.com-0112-2017Redesign;en-US;/failovercheck;39241;1;0
Napavalleymarriott.com-0071-2016Redesign;en-US;/Home;16432;1;0
Lidobeachresort.com-0106-2017Redesign;en-US;/failovercheck;38053;1;0
Longboatkeyclub.com-0104-2017Redesign;en-US;/failovercheck;38054;1;0
Cendyn.com-0095-2016Redesign;en-US;/Home;26640;1;0
Delraysandsresort.com-0097-2016Redesign;en-US;/Terms-Conditions;27245;1;0
Opalsands.com-0084-2016Redesign;en-US;/Home;20171;1;0
Napavalleymarriott.com-0071-2016Redesign;en-US;/Napa-Weddings-Events/Bachelorette-Bridal-Party;35636;1;0
Renaissancepittsburghpa.com-0044-2015Redesign;en-US;/Contact-Us;10072;1;0
Passport.lehotels.com-0069-2016BlogRedesign;en-US;/failovercheck;41068;1;0
Cendyn.com-0095-2016Redesign;en-US;/Home;26640;1;0
Cendyn.com-0095-2016Redesign;en-US;/Home;26640;1;0
Cendyn.com-0095-2016Redesign;en-US;/Home;26640;1;0
Cendyn.com-0095-2016Redesign;en-US;/Home;26640;1;0
Delraysandsresort.com-0097-2016Redesign;en-US;/Privacy-Policy;27246;1;0
Bellemontfarm.com-0007-2013Redesign;en-US;/Stay/St-Kitts-Vacation-Offers/Farm-to-Table-Package;12016;1;0
Delraysandsresort.com-0097-2016Redesign;en-US;/Reservations-Policy;27247;1;0
Broadmoor.com-0073-2016Redesign;en-US;/Home;16721;1;0
Sandpearl.com-0091-2016Redesign;en-US;/failovercheck;38056;1;0
Broadmoor.com-0073-2016Redesign;en-US;/Home;16721;1;0
Hospitalityupgrade.com-0093-2016Redesign;en-US;/People-on-the-Move/Archive;37938;1;0
Delraysandsresort.com-0097-2016Redesign;en-US;/Careers;27252;1;0
Washingtoncourthotel.com-0076-2016Redesign;en-US;/Home;17858;1;0
Abbingtonbanquets.com-0070-2016Redesign;en-US;/Home;15789;1;0
Naiaresortandspa.com-0077-2016Redesign;en-US;/home;20455;1;0
Hhotellosangeles.com-0118-2017Redesign;en-US;/Home;35289;1;0
Jupiterbeachresort.com-0103-2017Redesign;en-US;/failovercheck;38052;1;0
Meateatery.com-0080-2016Redesign;en-US;/;18505;1;0
Chrco.com-0107-2017Redesign;en-US;/Home;29280;1;0
Lakeplacidlodge.com-0105-2017Redesign;en-US;/failovercheck;39238;1;0
Glencovemansion.com-0058-2015Redesign;en-US;/Home;13328;1;0
Degreerestaurant.com-0056-2015Redesign;en-US;/Home;11598;1;0
Bluebirch.com-0072-2016Redesign;en-US;/Home;16693;1;0
Halcyonhotelcherrycreek.com-0061-2015Redesign;en-US;/Home;22121;1;0
Thecrawfordhotel.com-0074-2016Redesign;en-US;/Home;17145;1;0
Assuranceoperations.com-0065-2015Redesign;en-US;/Home;15263;1;0
Thecurtis.com-0079-2016Redesign;en-US;/Home;17981;1;0
Bocatrans.com-0082-2016Redesign;en-US;/Home;19758;1;0
Oxfordclubspa.com-0068-2016Redesign;en-US;/Home;15568;1;0
Jbdukehotel.com-0086-2016Redesign;en-US;/Home;21918;1;0
Luxehotels.com-0078-2016Redesign;en-US;/Home;18805;1;0
Opalsands.com-0084-2016Redesign;en-US;/failovercheck;38055;1;0
Beverlyhillsresidenceinn.com-0087-2016Redesign;en-US;/Home;20999;1;0
Texturefoodanddrink.com-0067-2016Redesign;en-US;/Home;15452;1;0
Theoxfordhotel.com-0062-2015Redesign;en-US;/Home;14325;1;0
Sandylane.com-0075-2016Redesign;en-US;/Home;17611;1;0
Galthouse.com-0042-2015Redesign;en-US;/failovercheck;38060;1;0
Zotabeachresort.com-0090-2016Redesign;en-US;/failovercheck;38058;1;0
Homewoodsuiteslax.com-0110-2017Redesign;en-US;/Home;30747;1;0
Treasureislandbeachresort.com-0089-2016Redesign;en-US;/failovercheck;38057;1;0
Theharborsidehotel.com-0114-2017Redesign;en-US;/failovercheck;40403;1;0
Samosetresort.com-0113-2017Redesign;en-US;/failovercheck;40334;1;0
Edgewaternaples.com-0094-2016Redesign;en-US;/failovercheck;38051;1;0
Delraysandsresort.com-0097-2016Redesign;en-US;/failovercheck;38049;1;0
Hospitalityupgrade.com-0093-2016Redesign;en-US;/Home;25405;1;0
Opalsands.com-0084-2016Redesign;en-US;/Home;20171;1;0
Delraysandsresort.com-0097-2016Redesign;en-US;/Press;27234;1;0
Thesagamore.com-0112-2017Redesign;en-US;/failovercheck;39241;1;0
Lidobeachresort.com-0106-2017Redesign;en-US;/failovercheck;38053;1;0
Napavalleymarriott.com-0071-2016Redesign;en-US;/Home;16432;1;0
Longboatkeyclub.com-0104-2017Redesign;en-US;/failovercheck;38054;1;0
Sandylane.com-0075-2016Redesign;en-US;/Home;17611;1;0
Broadmoor.com-0073-2016Redesign;en-US;/failovercheck;38059;1;0
Cendyn.com-0095-2016Redesign;en-US;/Home;26640;1;0
Broadmoor.com-0073-2016Redesign;en-US;/Broadmoor-Itineraries/Luxury-Itinerary;40841;1;0
Sandylane.com-0075-2016Redesign;en-US;/Home;17611;1;0
Delraysandsresort.com-0097-2016Redesign;en-US;/Home;27232;1;0
Passport.lehotels.com-0069-2016BlogRedesign;en-US;/failovercheck;41068;1;0
Broadmoor.com-0073-2016Redesign;en-US;/Dining;16761;1;0
Cendyn.com-0095-2016Redesign;en-US;/Home;26640;1;0
Cendyn.com-0095-2016Redesign;en-US;/Home;26640;1;0
Cendyn.com-0095-2016Redesign;en-US;/Home;26640;1;0
Cendyn.com-0095-2016Redesign;en-US;/Home;26640;1;0
Delraysandsresort.com-0097-2016Redesign;en-US;/Newsletter-Sign-Up;27250;1;0
Sandpearl.com-0091-2016Redesign;en-US;/failovercheck;38056;1;0
Washingtoncourthotel.com-0076-2016Redesign;en-US;/Home;17858;1;0
Degreerestaurant.com-0056-2015Redesign;en-US;/Home;11598;1;0
Texturefoodanddrink.com-0067-2016Redesign;en-US;/Home;15452;1;0
Chrco.com-0107-2017Redesign;en-US;/Home;29280;1;0
Jbdukehotel.com-0086-2016Redesign;en-US;/Home;21918;1;0
Jupiterbeachresort.com-0103-2017Redesign;en-US;/failovercheck;38052;1;0
Assuranceoperations.com-0065-2015Redesign;en-US;/Home;15263;1;0
Beverlyhillsresidenceinn.com-0087-2016Redesign;en-US;/Home;20999;1;0
Theoxfordhotel.com-0062-2015Redesign;en-US;/Home;14325;1;0
Opalsands.com-0084-2016Redesign;en-US;/failovercheck;38055;1;0
Galthouse.com-0042-2015Redesign;en-US;/failovercheck;38060;1;0
Zotabeachresort.com-0090-2016Redesign;en-US;/failovercheck;38058;1;0
Meateatery.com-0080-2016Redesign;en-US;/;18505;1;0
Bluebirch.com-0072-2016Redesign;en-US;/Home;16693;1;0
Treasureislandbeachresort.com-0089-2016Redesign;en-US;/failovercheck;38057;1;0
Thecrawfordhotel.com-0074-2016Redesign;en-US;/Home;17145;1;0
Glencovemansion.com-0058-2015Redesign;en-US;/Home;13328;1;0
Washingtoncourthotel.com-0076-2016Redesign;en-US;/Home;17858;1;0
Hhotellosangeles.com-0118-2017Redesign;en-US;/Home;35289;1;0
Bocatrans.com-0082-2016Redesign;en-US;/Home;19758;1;0
Oxfordclubspa.com-0068-2016Redesign;en-US;/Home;15568;1;0
Naiaresortandspa.com-0077-2016Redesign;en-US;/home;20455;1;0
Sandylane.com-0075-2016Redesign;en-US;/Home;17611;1;0
Edgewaternaples.com-0094-2016Redesign;en-US;/failovercheck;38051;1;0
Homewoodsuiteslax.com-0110-2017Redesign;en-US;/Home;30747;1;0
Abbingtonbanquets.com-0070-2016Redesign;en-US;/Home;15789;1;0
Lakeplacidlodge.com-0105-2017Redesign;en-US;/failovercheck;39238;1;0
Thecurtis.com-0079-2016Redesign;en-US;/Home;17981;1;0
Luxehotels.com-0078-2016Redesign;en-US;/Home;18805;1;0
Theharborsidehotel.com-0114-2017Redesign;en-US;/failovercheck;40403;1;0
Halcyonhotelcherrycreek.com-0061-2015Redesign;en-US;/Home;22121;1;0
Samosetresort.com-0113-2017Redesign;en-US;/failovercheck;40334;1;0
Delraysandsresort.com-0097-2016Redesign;en-US;/failovercheck;38049;1;0
Hospitalityupgrade.com-0093-2016Redesign;en-US;/Home;25405;1;0
Cocokeyorlando.com-0059-2015Redesign;en-US;/Home;12394;1;0
Napavalleymarriott.com-0071-2016Redesign;en-US;/Home;16432;1;0
Lidobeachresort.com-0106-2017Redesign;en-US;/failovercheck;38053;1;0
Broadmoor.com-0073-2016Redesign;en-US;/failovercheck;38059;1;0
Thesagamore.com-0112-2017Redesign;en-US;/failovercheck;39241;1;0
Longboatkeyclub.com-0104-2017Redesign;en-US;/failovercheck;38054;1;0
Cendyn.com-0095-2016Redesign;en-US;/Home;26640;1;0
Bellemontfarm.com-0007-2013Redesign;en-US;/Stay/St-Kitts-Vacation-Offers/Bed-Breakfast-Package;12015;1;0
Passport.lehotels.com-0069-2016BlogRedesign;en-US;/failovercheck;41068;1;0
Cendyn.com-0095-2016Redesign;en-US;/Home;26640;1;0
Cendyn.com-0095-2016Redesign;en-US;/Home;26640;1;0
Cendyn.com-0095-2016Redesign;en-US;/Home;26640;1;0
Cendyn.com-0095-2016Redesign;en-US;/Home;26640;1;0
Sandpearl.com-0091-2016Redesign;en-US;/Home;22481;1;0
Sandpearl.com-0091-2016Redesign;en-US;/failovercheck;38056;1;0
Theloganhotel.com-0043-2015Redesign;en-US;/Home;20218;1;0
Delraysandsresort.com-0097-2016Redesign;en-US;/Home;27232;1;0
Galthouse.com-0042-2015Redesign;en-US;/failovercheck;38060;1;0
Hhotellosangeles.com-0118-2017Redesign;en-US;/Home;35289;1;0
Degreerestaurant.com-0056-2015Redesign;en-US;/Home;11598;1;0
Glencovemansion.com-0058-2015Redesign;en-US;/Home;13328;1;0
Chrco.com-0107-2017Redesign;en-US;/Home;29280;1;0
Bluebirch.com-0072-2016Redesign;en-US;/Home;16693;1;0
Meateatery.com-0080-2016Redesign;en-US;/;18505;1;0
Thecrawfordhotel.com-0074-2016Redesign;en-US;/Home;17145;1;0
Thecurtis.com-0079-2016Redesign;en-US;/Home;17981;1;0
Assuranceoperations.com-0065-2015Redesign;en-US;/Home;15263;1;0
Theloganhotel.com-0043-2015Redesign;en-US;/Home;20218;1;0
Bocatrans.com-0082-2016Redesign;en-US;/Home;19758;1;0
Texturefoodanddrink.com-0067-2016Redesign;en-US;/Home;15452;1;0
Washingtoncourthotel.com-0076-2016Redesign;en-US;/Home;17858;1;0
Oxfordclubspa.com-0068-2016Redesign;en-US;/Home;15568;1;0
Jbdukehotel.com-0086-2016Redesign;en-US;/Home;21918;1;0
Beverlyhillsresidenceinn.com-0087-2016Redesign;en-US;/Home;20999;1;0
Abbingtonbanquets.com-0070-2016Redesign;en-US;/Home;15789;1;0
Sandylane.com-0075-2016Redesign;en-US;/Home;17611;1;0
Theoxfordhotel.com-0062-2015Redesign;en-US;/Home;14325;1;0
Jupiterbeachresort.com-0103-2017Redesign;en-US;/failovercheck;38052;1;0
Homewoodsuiteslax.com-0110-2017Redesign;en-US;/Home;30747;1;0
Theharborsidehotel.com-0114-2017Redesign;en-US;/failovercheck;40403;1;0
Naiaresortandspa.com-0077-2016Redesign;en-US;/home;20455;1;0
Zotabeachresort.com-0090-2016Redesign;en-US;/failovercheck;38058;1;0
Lakeplacidlodge.com-0105-2017Redesign;en-US;/failovercheck;39238;1;0
Halcyonhotelcherrycreek.com-0061-2015Redesign;en-US;/Home;22121;1;0
Luxehotels.com-0078-2016Redesign;en-US;/Home;18805;1;0
Opalsands.com-0084-2016Redesign;en-US;/failovercheck;38055;1;0
Treasureislandbeachresort.com-0089-2016Redesign;en-US;/failovercheck;38057;1;0
Edgewaternaples.com-0094-2016Redesign;en-US;/failovercheck;38051;1;0
Samosetresort.com-0113-2017Redesign;en-US;/failovercheck;40334;1;0
Delraysandsresort.com-0097-2016Redesign;en-US;/failovercheck;38049;1;0
Hospitalityupgrade.com-0093-2016Redesign;en-US;/Home;25405;1;0
Napavalleymarriott.com-0071-2016Redesign;en-US;/Home;16432;1;0
Lidobeachresort.com-0106-2017Redesign;en-US;/failovercheck;38053;1;0
Thesagamore.com-0112-2017Redesign;en-US;/failovercheck;39241;1;0
Longboatkeyclub.com-0104-2017Redesign;en-US;/failovercheck;38054;1;0
Broadmoor.com-0073-2016Redesign;en-US;/failovercheck;38059;1;0
Cendyn.com-0095-2016Redesign;en-US;/Home;26640;1;0
Passport.lehotels.com-0069-2016BlogRedesign;en-US;/failovercheck;41068;1;0
Cendyn.com-0095-2016Redesign;en-US;/Home;26640;1;0
Cendyn.com-0095-2016Redesign;en-US;/Home;26640;1;0
Cendyn.com-0095-2016Redesign;en-US;/Home;26640;1;0
Cendyn.com-0095-2016Redesign;en-US;/Home;26640;1;0
Monarchbeachresort.com-0092-2016Redesign;en-US;/Home;22725;1;0
Sandpearl.com-0091-2016Redesign;en-US;/failovercheck;38056;1;0
Bluebirch.com-0072-2016Redesign;en-US;/Home;16693;1;0
Glencovemansion.com-0058-2015Redesign;en-US;/Home;13328;1;0
Galthouse.com-0042-2015Redesign;en-US;/failovercheck;38060;1;0
Degreerestaurant.com-0056-2015Redesign;en-US;/Home;11598;1;0
Hhotellosangeles.com-0118-2017Redesign;en-US;/Home;35289;1;0
Meateatery.com-0080-2016Redesign;en-US;/;18505;1;0
Chrco.com-0107-2017Redesign;en-US;/Home;29280;1;0
Assuranceoperations.com-0065-2015Redesign;en-US;/Home;15263;1;0
Thecrawfordhotel.com-0074-2016Redesign;en-US;/Home;17145;1;0
Thecurtis.com-0079-2016Redesign;en-US;/Home;17981;1;0
Bocatrans.com-0082-2016Redesign;en-US;/Home;19758;1;0
Texturefoodanddrink.com-0067-2016Redesign;en-US;/Home;15452;1;0
wentworthcom00212014redesign;en-US;/Home;26679;1;0
Jbdukehotel.com-0086-2016Redesign;en-US;/Home;21918;1;0
Washingtoncourthotel.com-0076-2016Redesign;en-US;/Home;17858;1;0
Oxfordclubspa.com-0068-2016Redesign;en-US;/Home;15568;1;0
Theoxfordhotel.com-0062-2015Redesign;en-US;/Home;14325;1;0
Abbingtonbanquets.com-0070-2016Redesign;en-US;/Home;15789;1;0
Beverlyhillsresidenceinn.com-0087-2016Redesign;en-US;/Home;20999;1;0
Homewoodsuiteslax.com-0110-2017Redesign;en-US;/Home;30747;1;0
Sandylane.com-0075-2016Redesign;en-US;/Home;17611;1;0
Naiaresortandspa.com-0077-2016Redesign;en-US;/home;20455;1;0
Theharborsidehotel.com-0114-2017Redesign;en-US;/failovercheck;40403;1;0
Luxehotels.com-0078-2016Redesign;en-US;/Home;18805;1;0
Lakeplacidlodge.com-0105-2017Redesign;en-US;/failovercheck;39238;1;0
Jupiterbeachresort.com-0103-2017Redesign;en-US;/failovercheck;38052;1;0
Halcyonhotelcherrycreek.com-0061-2015Redesign;en-US;/Home;22121;1;0
Zotabeachresort.com-0090-2016Redesign;en-US;/failovercheck;38058;1;0
Treasureislandbeachresort.com-0089-2016Redesign;en-US;/failovercheck;38057;1;0
Edgewaternaples.com-0094-2016Redesign;en-US;/failovercheck;38051;1;0
Samosetresort.com-0113-2017Redesign;en-US;/failovercheck;40334;1;0
Opalsands.com-0084-2016Redesign;en-US;/failovercheck;38055;1;0
Broadmoor.com-0073-2016Redesign;en-US;/Home;16721;1;0
Delraysandsresort.com-0097-2016Redesign;en-US;/failovercheck;38049;1;0
Hospitalityupgrade.com-0093-2016Redesign;en-US;/Home;25405;1;0
Thecurtis.com-0079-2016Redesign;en-US;/Home;17981;1;0
Broadmoor.com-0073-2016Redesign;en-US;/failovercheck;38059;1;0
Oxfordclubspa.com-0068-2016Redesign;en-US;/Home;15568;1;0
Thesagamore.com-0112-2017Redesign;en-US;/failovercheck;39241;1;0
Napavalleymarriott.com-0071-2016Redesign;en-US;/Home;16432;1;0
Lidobeachresort.com-0106-2017Redesign;en-US;/failovercheck;38053;1;0
Longboatkeyclub.com-0104-2017Redesign;en-US;/failovercheck;38054;1;0
Cendyn.com-0095-2016Redesign;en-US;/Home;26640;1;0
Passport.lehotels.com-0069-2016BlogRedesign;en-US;/failovercheck;41068;1;0
Cendyn.com-0095-2016Redesign;en-US;/Home;26640;1;0
Cendyn.com-0095-2016Redesign;en-US;/Home;26640;1;0
Cendyn.com-0095-2016Redesign;en-US;/Home;26640;1;0
Cendyn.com-0095-2016Redesign;en-US;/Home;26640;1;0
Bellemontfarm.com-0007-2013Redesign;en-US;/Homepage;11497;1;0
Miravalspamonarchbeach.com-0109-2017Redesign;en-US;/Home;31709;1;0
Bellemontfarm.com-0007-2013Redesign;en-US;/Stay/St-Kitts-Vacation-Offers/Farm-to-Table-Package;12016;1;0
Sandpearl.com-0091-2016Redesign;en-US;/failovercheck;38056;1;0
Theoxfordhotel.com-0062-2015Redesign;en-US;/Home;14325;1;0
Meateatery.com-0080-2016Redesign;en-US;/;18505;1;0
Degreerestaurant.com-0056-2015Redesign;en-US;/Home;11598;1;0
Hhotellosangeles.com-0118-2017Redesign;en-US;/Home;35289;1;0
Beverlyhillsresidenceinn.com-0087-2016Redesign;en-US;/Home;20999;1;0
Bluebirch.com-0072-2016Redesign;en-US;/Home;16693;1;0
Assuranceoperations.com-0065-2015Redesign;en-US;/Home;15263;1;0
Glencovemansion.com-0058-2015Redesign;en-US;/Home;13328;1;0
Theoxfordhotel.com-0062-2015Redesign;en-US;/Home;14325;1;0
Thecrawfordhotel.com-0074-2016Redesign;en-US;/Home;17145;1;0
Thecurtis.com-0079-2016Redesign;en-US;/Home;17981;1;0
Jbdukehotel.com-0086-2016Redesign;en-US;/Home;21918;1;0
Texturefoodanddrink.com-0067-2016Redesign;en-US;/Home;15452;1;0
Washingtoncourthotel.com-0076-2016Redesign;en-US;/Home;17858;1;0
Bocatrans.com-0082-2016Redesign;en-US;/Home;19758;1;0
Oxfordclubspa.com-0068-2016Redesign;en-US;/Home;15568;1;0
Zotabeachresort.com-0090-2016Redesign;en-US;/failovercheck;38058;1;0
Homewoodsuiteslax.com-0110-2017Redesign;en-US;/Home;30747;1;0
Naiaresortandspa.com-0077-2016Redesign;en-US;/home;20455;1;0
Abbingtonbanquets.com-0070-2016Redesign;en-US;/Home;15789;1;0
Lakeplacidlodge.com-0105-2017Redesign;en-US;/failovercheck;39238;1;0
Jupiterbeachresort.com-0103-2017Redesign;en-US;/failovercheck;38052;1;0
Opalsands.com-0084-2016Redesign;en-US;/failovercheck;38055;1;0
Chrco.com-0107-2017Redesign;en-US;/Home;29280;1;0
Sandylane.com-0075-2016Redesign;en-US;/Home;17611;1;0
Treasureislandbeachresort.com-0089-2016Redesign;en-US;/failovercheck;38057;1;0
Edgewaternaples.com-0094-2016Redesign;en-US;/failovercheck;38051;1;0
Samosetresort.com-0113-2017Redesign;en-US;/failovercheck;40334;1;0
Galthouse.com-0042-2015Redesign;en-US;/failovercheck;38060;1;0
Halcyonhotelcherrycreek.com-0061-2015Redesign;en-US;/Home;22121;1;0
Luxehotels.com-0078-2016Redesign;en-US;/Home;18805;1;0
Theharborsidehotel.com-0114-2017Redesign;en-US;/failovercheck;40403;1;0
Residenceinnnyc.com-0034-2015Redesign;en-US;/Home;7926;1;0
Delraysandsresort.com-0097-2016Redesign;en-US;/failovercheck;38049;1;0
Hospitalityupgrade.com-0093-2016Redesign;en-US;/Home;25405;1;0
Broadmoor.com-0073-2016Redesign;en-US;/Home;16721;1;0
Broadmoor.com-0073-2016Redesign;en-US;/failovercheck;38059;1;0
Napavalleymarriott.com-0071-2016Redesign;en-US;/Home;16432;1;0
Longboatkeyclub.com-0104-2017Redesign;en-US;/failovercheck;38054;1;0
Thesagamore.com-0112-2017Redesign;en-US;/failovercheck;39241;1;0
Lidobeachresort.com-0106-2017Redesign;en-US;/failovercheck;38053;1;0
Cendyn.com-0095-2016Redesign;en-US;/Home;26640;1;0
Bellemontfarm.com-0007-2013Redesign;en-US;/Homepage;11497;1;0
Cocokeyorlando.com-0059-2015Redesign;en-US;/Home;12394;1;0
Sandpearl.com-0091-2016Redesign;en-US;/Home;22481;1;0
Delraysandsresort.com-0097-2016Redesign;en-US;/Special-Offers/thirdfree;36464;1;0
Passport.lehotels.com-0069-2016BlogRedesign;en-US;/failovercheck;41068;1;0
Cendyn.com-0095-2016Redesign;en-US;/Home;26640;1;0
Cendyn.com-0095-2016Redesign;en-US;/Home;26640;1;0
Cendyn.com-0095-2016Redesign;en-US;/Home;26640;1;0
Cendyn.com-0095-2016Redesign;en-US;/Home;26640;1;0
Broadmoor.com-0073-2016Redesign;en-US;/Home;16721;1;0
Hospitalityupgrade.com-0093-2016Redesign;en-US;/Magazine/Magazine-Article;37631;1;0
Washingtoncourthotel.com-0076-2016Redesign;en-US;/Home;17858;1;0
Sandpearl.com-0091-2016Redesign;en-US;/failovercheck;38056;1;0
Theoxfordhotel.com-0062-2015Redesign;en-US;/Home;14325;1;0
Bluebirch.com-0072-2016Redesign;en-US;/Home;16693;1;0
Beverlyhillsresidenceinn.com-0087-2016Redesign;en-US;/Home;20999;1;0
Degreerestaurant.com-0056-2015Redesign;en-US;/Home;11598;1;0
Hhotellosangeles.com-0118-2017Redesign;en-US;/Home;35289;1;0
Glencovemansion.com-0058-2015Redesign;en-US;/Home;13328;1;0
Luxehotels.com-0078-2016Redesign;en-US;/Home;18805;1;0
Meateatery.com-0080-2016Redesign;en-US;/;18505;1;0
Oxfordclubspa.com-0068-2016Redesign;en-US;/Home;15568;1;0
Thecrawfordhotel.com-0074-2016Redesign;en-US;/Home;17145;1;0
Homewoodsuiteslax.com-0110-2017Redesign;en-US;/Home;30747;1;0
Thecurtis.com-0079-2016Redesign;en-US;/Home;17981;1;0
Washingtoncourthotel.com-0076-2016Redesign;en-US;/Home;17858;1;0
Jbdukehotel.com-0086-2016Redesign;en-US;/Home;21918;1;0
Naiaresortandspa.com-0077-2016Redesign;en-US;/home;20455;1;0
Texturefoodanddrink.com-0067-2016Redesign;en-US;/Home;15452;1;0
Bocatrans.com-0082-2016Redesign;en-US;/Home;19758;1;0
Galthouse.com-0042-2015Redesign;en-US;/failovercheck;38060;1;0
Zotabeachresort.com-0090-2016Redesign;en-US;/failovercheck;38058;1;0
Chrco.com-0107-2017Redesign;en-US;/Home;29280;1;0
Lakeplacidlodge.com-0105-2017Redesign;en-US;/failovercheck;39238;1;0
Jupiterbeachresort.com-0103-2017Redesign;en-US;/failovercheck;38052;1;0
Treasureislandbeachresort.com-0089-2016Redesign;en-US;/failovercheck;38057;1;0
Halcyonhotelcherrycreek.com-0061-2015Redesign;en-US;/Home;22121;1;0
Samosetresort.com-0113-2017Redesign;en-US;/failovercheck;40334;1;0
Assuranceoperations.com-0065-2015Redesign;en-US;/Home;15263;1;0
Abbingtonbanquets.com-0070-2016Redesign;en-US;/Home;15789;1;0
Sandylane.com-0075-2016Redesign;en-US;/Home;17611;1;0
Bellemontfarm.com-0007-2013Redesign;en-US;/Stay/St-Kitts-Vacation-Offers/Bed-Breakfast-Package;12015;1;0
Edgewaternaples.com-0094-2016Redesign;en-US;/failovercheck;38051;1;0
Opalsands.com-0084-2016Redesign;en-US;/failovercheck;38055;1;0
Theharborsidehotel.com-0114-2017Redesign;en-US;/failovercheck;40403;1;0
Sandylane.com-0075-2016Redesign;en-US;/Home;17611;1;0
Sandylane.com-0075-2016Redesign;en-US;/Home;17611;1;0
Luxehotels.com-0078-2016Redesign;en-US;/Our-Hotels/Luxe-City-Center-Hotel/About/Map-Directions;19299;1;0
Delraysandsresort.com-0097-2016Redesign;en-US;/failovercheck;38049;1;0
Galthouse.com-0042-2015Redesign;en-US;/Home;31905;1;0
Hospitalityupgrade.com-0093-2016Redesign;en-US;/Home;25405;1;0
Monarchbeachresort.com-0092-2016Redesign;en-US;/Home;22725;1;0
Broadmoor.com-0073-2016Redesign;en-US;/The-Wilderness-Experiences;16728;1;0
Edgewaternaples.com-0094-2016Redesign;en-US;/Home;25239;1;0
Broadmoor.com-0073-2016Redesign;en-US;/failovercheck;38059;1;0
Longboatkeyclub.com-0104-2017Redesign;en-US;/404;35641;1;0
Napavalleymarriott.com-0071-2016Redesign;en-US;/Home;16432;1;0
Lidobeachresort.com-0106-2017Redesign;en-US;/failovercheck;38053;1;0
Longboatkeyclub.com-0104-2017Redesign;en-US;/failovercheck;38054;1;0
Thesagamore.com-0112-2017Redesign;en-US;/failovercheck;39241;1;0
Cendyn.com-0095-2016Redesign;en-US;/Home;26640;1;0
Passport.lehotels.com-0069-2016BlogRedesign;en-US;/failovercheck;41068;1;0
Edgewaternaples.com-0094-2016Redesign;en-US;/Home;25239;1;0
Cendyn.com-0095-2016Redesign;en-US;/Home;26640;1;0
Cendyn.com-0095-2016Redesign;en-US;/Home;26640;1;0
Cendyn.com-0095-2016Redesign;en-US;/Home;26640;1;0
Cendyn.com-0095-2016Redesign;en-US;/Home;26640;1;0
Broadmoor.com-0073-2016Redesign;en-US;/The-Wilderness-Experiences;16728;1;0
Sandpearl.com-0091-2016Redesign;en-US;/failovercheck;38056;1;0
Theharborsidehotel.com-0114-2017Redesign;en-US;/Home;37571;1;0
Theoxfordhotel.com-0062-2015Redesign;en-US;/Home;14325;1;0
Glencovemansion.com-0058-2015Redesign;en-US;/Home;13328;1;0
Thecurtis.com-0079-2016Redesign;en-US;/Home;17981;1;0
Texturefoodanddrink.com-0067-2016Redesign;en-US;/Home;15452;1;0
Bluebirch.com-0072-2016Redesign;en-US;/Home;16693;1;0
Thecrawfordhotel.com-0074-2016Redesign;en-US;/Home;17145;1;0
Hhotellosangeles.com-0118-2017Redesign;en-US;/Home;35289;1;0
Degreerestaurant.com-0056-2015Redesign;en-US;/Home;11598;1;0
Jbdukehotel.com-0086-2016Redesign;en-US;/Home;21918;1;0
Homewoodsuiteslax.com-0110-2017Redesign;en-US;/Home;30747;1;0
Meateatery.com-0080-2016Redesign;en-US;/;18505;1;0
Naiaresortandspa.com-0077-2016Redesign;en-US;/home;20455;1;0
Assuranceoperations.com-0065-2015Redesign;en-US;/Home;15263;1;0
Bocatrans.com-0082-2016Redesign;en-US;/Home;19758;1;0
Oxfordclubspa.com-0068-2016Redesign;en-US;/Home;15568;1;0
Washingtoncourthotel.com-0076-2016Redesign;en-US;/Home;17858;1;0
Chrco.com-0107-2017Redesign;en-US;/Home;29280;1;0
Abbingtonbanquets.com-0070-2016Redesign;en-US;/Home;15789;1;0
Jupiterbeachresort.com-0103-2017Redesign;en-US;/failovercheck;38052;1;0
Lakeplacidlodge.com-0105-2017Redesign;en-US;/failovercheck;39238;1;0
Beverlyhillsresidenceinn.com-0087-2016Redesign;en-US;/Home;20999;1;0
Sandylane.com-0075-2016Redesign;en-US;/Home;17611;1;0
Opalsands.com-0084-2016Redesign;en-US;/failovercheck;38055;1;0
Theharborsidehotel.com-0114-2017Redesign;en-US;/failovercheck;40403;1;0
Treasureislandbeachresort.com-0089-2016Redesign;en-US;/failovercheck;38057;1;0
Halcyonhotelcherrycreek.com-0061-2015Redesign;en-US;/Home;22121;1;0
Galthouse.com-0042-2015Redesign;en-US;/failovercheck;38060;1;0
Luxehotels.com-0078-2016Redesign;en-US;/Home;18805;1;0
Samosetresort.com-0113-2017Redesign;en-US;/failovercheck;40334;1;0
Zotabeachresort.com-0090-2016Redesign;en-US;/failovercheck;38058;1;0
Edgewaternaples.com-0094-2016Redesign;en-US;/failovercheck;38051;1;0
Theharborsidehotel.com-0114-2017Redesign;en-US;/Home;37571;1;0
Delraysandsresort.com-0097-2016Redesign;en-US;/failovercheck;38049;1;0
Hospitalityupgrade.com-0093-2016Redesign;en-US;/Home;25405;1;0
Broadmoor.com-0073-2016Redesign;en-US;/failovercheck;38059;1;0
