Cphollywoodbeach.com-0032-2015Redesign;en-US;/Gallery/Web-Cam;7831;1;0
Thesagamore.com-0112-2017Redesign;en-US;/Home;32339;1;0
Samosetresort.com-0113-2017Redesign;en-US;/Activities/Golf/Book-Tee-Times;35274;1;0
Sandpearl.com-0091-2016Redesign;en-US;/failovercheck;38056;1;0
Galthouse.com-0042-2015Redesign;en-US;/louisville-hotel-vacation-packages/Urban-Bourbon-Package;10923;1;0
Miravalspamonarchbeach.com-0109-2017Redesign;en-US;/packages-specials;32984;1;0
Theharborsidehotel.com-0114-2017Redesign;en-US;/Home;37571;1;0
Jupiterbeachresort.com-0103-2017Redesign;en-US;/failovercheck;38052;1;0
Bocatrans.com-0082-2016Redesign;en-US;/Home;19758;1;0
Hhotellosangeles.com-0118-2017Redesign;en-US;/Home;35289;1;0
Glencovemansion.com-0058-2015Redesign;en-US;/Home;13328;1;0
Longboatkeyclub.com-0104-2017Redesign;en-US;/press-room;28318;1;0
Thecurtis.com-0079-2016Redesign;en-US;/Home;17981;1;0
Degreerestaurant.com-0056-2015Redesign;en-US;/Home;11598;1;0
Meateatery.com-0080-2016Redesign;en-US;/;18505;1;0
Bluebirch.com-0072-2016Redesign;en-US;/Home;16693;1;0
Thecrawfordhotel.com-0074-2016Redesign;en-US;/Home;17145;1;0
Assuranceoperations.com-0065-2015Redesign;en-US;/Home;15263;1;0
Texturefoodanddrink.com-0067-2016Redesign;en-US;/Home;15452;1;0
Opalsands.com-0084-2016Redesign;en-US;/failovercheck;38055;1;0
Oxfordclubspa.com-0068-2016Redesign;en-US;/Home;15568;1;0
Homewoodsuiteslax.com-0110-2017Redesign;en-US;/Home;30747;1;0
Jbdukehotel.com-0086-2016Redesign;en-US;/Home;21918;1;0
Chrco.com-0107-2017Redesign;en-US;/Home;29280;1;0
Beverlyhillsresidenceinn.com-0087-2016Redesign;en-US;/Home;20999;1;0
Abbingtonbanquets.com-0070-2016Redesign;en-US;/Home;15789;1;0
Washingtoncourthotel.com-0076-2016Redesign;en-US;/Home;17858;1;0
Theoxfordhotel.com-0062-2015Redesign;en-US;/Home;14325;1;0
Galthouse.com-0042-2015Redesign;en-US;/failovercheck;38060;1;0
Edgewaternaples.com-0094-2016Redesign;en-US;/failovercheck;38051;1;0
Lakeplacidlodge.com-0105-2017Redesign;en-US;/failovercheck;39238;1;0
Samosetresort.com-0113-2017Redesign;en-US;/failovercheck;40334;1;0
Naiaresortandspa.com-0077-2016Redesign;en-US;/home;20455;1;0
Treasureislandbeachresort.com-0089-2016Redesign;en-US;/failovercheck;38057;1;0
Sandylane.com-0075-2016Redesign;en-US;/Home;17611;1;0
Theharborsidehotel.com-0114-2017Redesign;en-US;/failovercheck;40403;1;0
Sandpearl.com-0091-2016Redesign;en-US;/Gallery;22482;1;0
Cendyn.com-0095-2016Redesign;en-US;/Home;26640;1;0
Halcyonhotelcherrycreek.com-0061-2015Redesign;en-US;/Home;22121;1;0
Luxehotels.com-0078-2016Redesign;en-US;/Home;18805;1;0
Zotabeachresort.com-0090-2016Redesign;en-US;/failovercheck;38058;1;0
Hospitalityupgrade.com-0093-2016Redesign;en-US;/Home;25405;1;0
Amzak.com-0023-2014Redesign;en-US;/Team/health-team;15051;1;0
Broadmoor.com-0073-2016Redesign;en-US;/Home;16721;1;0
Broadmoor.com-0073-2016Redesign;en-US;/failovercheck;38059;1;0
Napavalleymarriott.com-0071-2016Redesign;en-US;/Home;16432;1;0
Thesagamore.com-0112-2017Redesign;en-US;/failovercheck;39241;1;0
Passport.lehotels.com-0069-2016BlogRedesign;en-US;/failovercheck;41068;1;0
Longboatkeyclub.com-0104-2017Redesign;en-US;/failovercheck;38054;1;0
Lidobeachresort.com-0106-2017Redesign;en-US;/failovercheck;38053;1;0
Cendyn.com-0095-2016Redesign;en-US;/Home;26640;1;0
Cendyn.com-0095-2016Redesign;en-US;/Home;26640;1;0
Cendyn.com-0095-2016Redesign;en-US;/Home;26640;1;0
Cendyn.com-0095-2016Redesign;en-US;/Home;26640;1;0
Cocokeyorlando.com-0059-2015Redesign;en-US;/Home;12394;1;0
Lehotels.com-0049-2015Transfer;en-US;/Search/Europe/Hotel-Lumen-Paris-Louvre/Dining;13634;1;0
Theharborsidehotel.com-0114-2017Redesign;en-US;/Home;37571;1;0
Delraysandsresort.com-0097-2016Redesign;en-US;/failovercheck;38049;1;0
saddlebrook.com-0011-2014Redesign;en-US;/Fitness-Activities/Fitness-Center;3475;1;0
Sandpearl.com-0091-2016Redesign;en-US;/failovercheck;38056;1;0
Thesagamore.com-0112-2017Redesign;en-US;/Accommodations/Historic-Main-Hotel;33921;1;0
Miravalspamonarchbeach.com-0109-2017Redesign;en-US;/packages-specials/Couples-Packages;33600;1;0
Miravalspamonarchbeach.com-0109-2017Redesign;en-US;/Home;31709;1;0
Thecurtis.com-0079-2016Redesign;en-US;/Home;17981;1;0
Bocatrans.com-0082-2016Redesign;en-US;/Home;19758;1;0
Glencovemansion.com-0058-2015Redesign;en-US;/Home;13328;1;0
Hhotellosangeles.com-0118-2017Redesign;en-US;/Home;35289;1;0
Texturefoodanddrink.com-0067-2016Redesign;en-US;/Home;15452;1;0
Jupiterbeachresort.com-0103-2017Redesign;en-US;/failovercheck;38052;1;0
Opalsands.com-0084-2016Redesign;en-US;/failovercheck;38055;1;0
Jbdukehotel.com-0086-2016Redesign;en-US;/Home;21918;1;0
Cendyn.com-0095-2016Redesign;en-US;/Home;26640;1;0
Oxfordclubspa.com-0068-2016Redesign;en-US;/Home;15568;1;0
Galthouse.com-0042-2015Redesign;en-US;/failovercheck;38060;1;0
Abbingtonbanquets.com-0070-2016Redesign;en-US;/Home;15789;1;0
Sandylane.com-0075-2016Redesign;en-US;/Home;17611;1;0
Degreerestaurant.com-0056-2015Redesign;en-US;/Home;11598;1;0
Zotabeachresort.com-0090-2016Redesign;en-US;/failovercheck;38058;1;0
Samosetresort.com-0113-2017Redesign;en-US;/failovercheck;40334;1;0
Meateatery.com-0080-2016Redesign;en-US;/;18505;1;0
Edgewaternaples.com-0094-2016Redesign;en-US;/failovercheck;38051;1;0
Beverlyhillsresidenceinn.com-0087-2016Redesign;en-US;/Home;20999;1;0
Thecrawfordhotel.com-0074-2016Redesign;en-US;/Home;17145;1;0
Theharborsidehotel.com-0114-2017Redesign;en-US;/failovercheck;40403;1;0
Washingtoncourthotel.com-0076-2016Redesign;en-US;/Home;17858;1;0
Assuranceoperations.com-0065-2015Redesign;en-US;/Home;15263;1;0
Treasureislandbeachresort.com-0089-2016Redesign;en-US;/failovercheck;38057;1;0
Naiaresortandspa.com-0077-2016Redesign;en-US;/home;20455;1;0
Halcyonhotelcherrycreek.com-0061-2015Redesign;en-US;/Home;22121;1;0
Chrco.com-0107-2017Redesign;en-US;/Home;29280;1;0
Lakeplacidlodge.com-0105-2017Redesign;en-US;/failovercheck;39238;1;0
Homewoodsuiteslax.com-0110-2017Redesign;en-US;/Home;30747;1;0
Bluebirch.com-0072-2016Redesign;en-US;/Home;16693;1;0
Theoxfordhotel.com-0062-2015Redesign;en-US;/Home;14325;1;0
Luxehotels.com-0078-2016Redesign;en-US;/Home;18805;1;0
Miravalspamonarchbeach.com-0109-2017Redesign;en-US;/Home;31709;1;0
Hospitalityupgrade.com-0093-2016Redesign;en-US;/Home;25405;1;0
Thelodgeatwoodloch.com-0033-2015Redesign;en-US;/Experience/Activities;8257;1;0
Broadmoor.com-0073-2016Redesign;en-US;/failovercheck;38059;1;0
Napavalleymarriott.com-0071-2016Redesign;en-US;/Home;16432;1;0
Passport.lehotels.com-0069-2016BlogRedesign;en-US;/failovercheck;41068;1;0
Lidobeachresort.com-0106-2017Redesign;en-US;/failovercheck;38053;1;0
Thesagamore.com-0112-2017Redesign;en-US;/failovercheck;39241;1;0
Longboatkeyclub.com-0104-2017Redesign;en-US;/failovercheck;38054;1;0
Miravalspamonarchbeach.com-0109-2017Redesign;en-US;/Home;31709;1;0
Thelodgeatwoodloch.com-0033-2015Redesign;en-US;/Home;7764;1;0
Cendyn.com-0095-2016Redesign;en-US;/Home;26640;1;0
Cendyn.com-0095-2016Redesign;en-US;/Home;26640;1;0
Cendyn.com-0095-2016Redesign;en-US;/Home;26640;1;0
Cendyn.com-0095-2016Redesign;en-US;/Home;26640;1;0
Lehotels.com-0049-2015Transfer;en-US;/Search/Europe/Hotel-Powers/local;13764;1;0
Delraysandsresort.com-0097-2016Redesign;en-US;/failovercheck;38049;1;0
Broadmoor.com-0073-2016Redesign;en-US;/Media-Gallery/Resort-Gallery;17333;1;0
Opalsands.com-0084-2016Redesign;en-US;/The-Spa/Day-Packages;21223;1;0
Bellemontfarm.com-0007-2013Redesign;en-US;/Homepage;11497;1;0
Sandpearl.com-0091-2016Redesign;en-US;/failovercheck;38056;1;0
Glencovemansion.com-0058-2015Redesign;en-US;/Weddings;13334;1;0
Meateatery.com-0080-2016Redesign;en-US;/;18505;1;0
Bocatrans.com-0082-2016Redesign;en-US;/Home;19758;1;0
Glencovemansion.com-0058-2015Redesign;en-US;/Home;13328;1;0
Degreerestaurant.com-0056-2015Redesign;en-US;/Home;11598;1;0
Bluebirch.com-0072-2016Redesign;en-US;/Home;16693;1;0
Thecurtis.com-0079-2016Redesign;en-US;/Home;17981;1;0
Cendyn.com-0095-2016Redesign;en-US;/Home;26640;1;0
Hhotellosangeles.com-0118-2017Redesign;en-US;/Home;35289;1;0
Jbdukehotel.com-0086-2016Redesign;en-US;/Home;21918;1;0
Thecrawfordhotel.com-0074-2016Redesign;en-US;/Home;17145;1;0
Texturefoodanddrink.com-0067-2016Redesign;en-US;/Home;15452;1;0
Assuranceoperations.com-0065-2015Redesign;en-US;/Home;15263;1;0
Washingtoncourthotel.com-0076-2016Redesign;en-US;/Home;17858;1;0
Oxfordclubspa.com-0068-2016Redesign;en-US;/Home;15568;1;0
Luxehotels.com-0078-2016Redesign;en-US;/Home;18805;1;0
Theoxfordhotel.com-0062-2015Redesign;en-US;/Home;14325;1;0
Beverlyhillsresidenceinn.com-0087-2016Redesign;en-US;/Home;20999;1;0
Chrco.com-0107-2017Redesign;en-US;/Home;29280;1;0
Opalsands.com-0084-2016Redesign;en-US;/failovercheck;38055;1;0
Galthouse.com-0042-2015Redesign;en-US;/failovercheck;38060;1;0
Sandylane.com-0075-2016Redesign;en-US;/Home;17611;1;0
Jupiterbeachresort.com-0103-2017Redesign;en-US;/failovercheck;38052;1;0
Homewoodsuiteslax.com-0110-2017Redesign;en-US;/Home;30747;1;0
Naiaresortandspa.com-0077-2016Redesign;en-US;/home;20455;1;0
Halcyonhotelcherrycreek.com-0061-2015Redesign;en-US;/Home;22121;1;0
Samosetresort.com-0113-2017Redesign;en-US;/failovercheck;40334;1;0
Theharborsidehotel.com-0114-2017Redesign;en-US;/failovercheck;40403;1;0
Zotabeachresort.com-0090-2016Redesign;en-US;/failovercheck;38058;1;0
Abbingtonbanquets.com-0070-2016Redesign;en-US;/Home;15789;1;0
Lakeplacidlodge.com-0105-2017Redesign;en-US;/failovercheck;39238;1;0
Treasureislandbeachresort.com-0089-2016Redesign;en-US;/failovercheck;38057;1;0
Edgewaternaples.com-0094-2016Redesign;en-US;/failovercheck;38051;1;0
Hi-nyc.com-0108-2017Redesogm;en-US;/Home;30080;1;0
Sandpearl.com-0091-2016Redesign;en-US;/Home;22481;1;0
Hospitalityupgrade.com-0093-2016Redesign;en-US;/Home;25405;1;0
Broadmoor.com-0073-2016Redesign;en-US;/failovercheck;38059;1;0
Cocokeyorlando.com-0059-2015Redesign;en-US;/About-the-Hotel/Transportation;12402;1;0
Thesagamore.com-0112-2017Redesign;en-US;/failovercheck;39241;1;0
Napavalleymarriott.com-0071-2016Redesign;en-US;/Home;16432;1;0
Passport.lehotels.com-0069-2016BlogRedesign;en-US;/failovercheck;41068;1;0
Longboatkeyclub.com-0104-2017Redesign;en-US;/failovercheck;38054;1;0
Lidobeachresort.com-0106-2017Redesign;en-US;/failovercheck;38053;1;0
Sandpearl.com-0091-2016Redesign;en-US;/Home;22481;1;0
Hi-nyc.com-0108-2017Redesogm;en-US;/Home;30080;1;0
Cendyn.com-0095-2016Redesign;en-US;/Home;26640;1;0
Cendyn.com-0095-2016Redesign;en-US;/Home;26640;1;0
Cendyn.com-0095-2016Redesign;en-US;/Home;26640;1;0
Cendyn.com-0095-2016Redesign;en-US;/Home;26640;1;0
Broadmoor.com-0073-2016Redesign;en-US;/Dining/Ristorante-Del-Lago;16764;1;0
Delraysandsresort.com-0097-2016Redesign;en-US;/failovercheck;38049;1;0
Kittitianhill.com-0012-2014Redesign;en-US;/Stay/Yaya-Groves;2302;1;0
Thesagamore.com-0112-2017Redesign;en-US;/Home;32339;1;0
Lehotels.com-0049-2015Transfer;en-US;/TravelAgents/TACS;12158;1;0
Broadmoor.com-0073-2016Redesign;en-US;/Home;16721;1;0
Thesagamore.com-0112-2017Redesign;en-US;/Home;32339;1;0
Sandpearl.com-0091-2016Redesign;en-US;/failovercheck;38056;1;0
Hospitalityupgrade.com-0093-2016Redesign;en-US;/Home;25405;1;0
saddlebrook.com-0011-2014Redesign;en-US;/Special-Offers/Featured-Offers/Fall-Getaway-Package;4871;1;0
Cendyn.com-0095-2016Redesign;en-US;/Home;26640;1;0
Hhotellosangeles.com-0118-2017Redesign;en-US;/Home;35289;1;0
Bluebirch.com-0072-2016Redesign;en-US;/Home;16693;1;0
Degreerestaurant.com-0056-2015Redesign;en-US;/Home;11598;1;0
Glencovemansion.com-0058-2015Redesign;en-US;/Home;13328;1;0
Thecrawfordhotel.com-0074-2016Redesign;en-US;/Home;17145;1;0
Meateatery.com-0080-2016Redesign;en-US;/;18505;1;0
Jbdukehotel.com-0086-2016Redesign;en-US;/Home;21918;1;0
Assuranceoperations.com-0065-2015Redesign;en-US;/Home;15263;1;0
Texturefoodanddrink.com-0067-2016Redesign;en-US;/Home;15452;1;0
Bocatrans.com-0082-2016Redesign;en-US;/Home;19758;1;0
Washingtoncourthotel.com-0076-2016Redesign;en-US;/Home;17858;1;0
Oxfordclubspa.com-0068-2016Redesign;en-US;/Home;15568;1;0
Galthouse.com-0042-2015Redesign;en-US;/failovercheck;38060;1;0
Abbingtonbanquets.com-0070-2016Redesign;en-US;/Home;15789;1;0
Thecurtis.com-0079-2016Redesign;en-US;/Home;17981;1;0
Zotabeachresort.com-0090-2016Redesign;en-US;/failovercheck;38058;1;0
Jupiterbeachresort.com-0103-2017Redesign;en-US;/failovercheck;38052;1;0
Treasureislandbeachresort.com-0089-2016Redesign;en-US;/failovercheck;38057;1;0
Theoxfordhotel.com-0062-2015Redesign;en-US;/Home;14325;1;0
Sandylane.com-0075-2016Redesign;en-US;/Home;17611;1;0
Beverlyhillsresidenceinn.com-0087-2016Redesign;en-US;/Home;20999;1;0
Lakeplacidlodge.com-0105-2017Redesign;en-US;/failovercheck;39238;1;0
Opalsands.com-0084-2016Redesign;en-US;/failovercheck;38055;1;0
Homewoodsuiteslax.com-0110-2017Redesign;en-US;/Home;30747;1;0
Halcyonhotelcherrycreek.com-0061-2015Redesign;en-US;/Home;22121;1;0
Theharborsidehotel.com-0114-2017Redesign;en-US;/failovercheck;40403;1;0
Chrco.com-0107-2017Redesign;en-US;/Home;29280;1;0
Naiaresortandspa.com-0077-2016Redesign;en-US;/home;20455;1;0
Samosetresort.com-0113-2017Redesign;en-US;/failovercheck;40334;1;0
Edgewaternaples.com-0094-2016Redesign;en-US;/failovercheck;38051;1;0
Luxehotels.com-0078-2016Redesign;en-US;/Home;18805;1;0
Cendyn.com-0095-2016Redesign;en-US;/Home;26640;1;0
Lehotels.com-0049-2015Transfer;en-US;/Search/Central-South-America/Bourbon-Sao-Paulo-Express-Hotel/Meetings-Events;19447;1;0
Lehotels.com-0049-2015Transfer;en-US;/Search/Asia-the-Pacific/Cerulean-Tower-Tokyu-Hotel/Special-Offers;14234;1;0
Cendyn.com-0095-2016Redesign;en-US;/Home;26640;1;0
Sandpearl.com-0091-2016Redesign;en-US;/Home;22481;1;0
Thesagamore.com-0112-2017Redesign;en-US;/Home;32339;1;0
Hospitalityupgrade.com-0093-2016Redesign;en-US;/Home;25405;1;0
Homewoodsuiteslax.com-0110-2017Redesign;en-US;/Amenities;30762;1;0
Thecurtis.com-0079-2016Redesign;en-US;/Home;17981;1;0
Thesagamore.com-0112-2017Redesign;en-US;/Home;32339;1;0
Broadmoor.com-0073-2016Redesign;en-US;/failovercheck;38059;1;0
Napavalleymarriott.com-0071-2016Redesign;en-US;/Home;16432;1;0
Passport.lehotels.com-0069-2016BlogRedesign;en-US;/failovercheck;41068;1;0
Lidobeachresort.com-0106-2017Redesign;en-US;/failovercheck;38053;1;0
Thesagamore.com-0112-2017Redesign;en-US;/failovercheck;39241;1;0
Longboatkeyclub.com-0104-2017Redesign;en-US;/failovercheck;38054;1;0
Cendyn.com-0095-2016Redesign;en-US;/Home;26640;1;0
Cendyn.com-0095-2016Redesign;en-US;/Home;26640;1;0
Cendyn.com-0095-2016Redesign;en-US;/Home;26640;1;0
Sandylane.com-0075-2016Redesign;en-US;/Home;17611;1;0
Cendyn.com-0095-2016Redesign;en-US;/Home;26640;1;0
Delraysandsresort.com-0097-2016Redesign;en-US;/failovercheck;38049;1;0
Sandpearl.com-0091-2016Redesign;en-US;/Home;22481;1;0
Jbdukehotel.com-0086-2016Redesign;en-US;/Home;21918;1;0
Thelodgeatwoodloch.com-0033-2015Redesign;en-US;/Photo-Gallery;7783;1;0
Jupiterbeachresort.com-0103-2017Redesign;en-US;/Home;28158;1;0
Sandpearl.com-0091-2016Redesign;en-US;/failovercheck;38056;1;0
Galthouse.com-0042-2015Redesign;en-US;/Home;31905;1;0
Thesagamore.com-0112-2017Redesign;en-US;/Accommodations/Historic-Main-Hotel;33921;1;0
Meateatery.com-0080-2016Redesign;en-US;/;18505;1;0
Bluebirch.com-0072-2016Redesign;en-US;/Home;16693;1;0
Thecrawfordhotel.com-0074-2016Redesign;en-US;/Home;17145;1;0
Degreerestaurant.com-0056-2015Redesign;en-US;/Home;11598;1;0
Glencovemansion.com-0058-2015Redesign;en-US;/Home;13328;1;0
Texturefoodanddrink.com-0067-2016Redesign;en-US;/Home;15452;1;0
Theoxfordhotel.com-0062-2015Redesign;en-US;/Home;14325;1;0
Thecurtis.com-0079-2016Redesign;en-US;/Home;17981;1;0
Bocatrans.com-0082-2016Redesign;en-US;/Home;19758;1;0
Assuranceoperations.com-0065-2015Redesign;en-US;/Home;15263;1;0
Washingtoncourthotel.com-0076-2016Redesign;en-US;/Home;17858;1;0
Hhotellosangeles.com-0118-2017Redesign;en-US;/Home;35289;1;0
Oxfordclubspa.com-0068-2016Redesign;en-US;/Home;15568;1;0
Jbdukehotel.com-0086-2016Redesign;en-US;/Home;21918;1;0
Theloganhotel.com-0043-2015Redesign;en-US;/Home;20218;1;0
Jupiterbeachresort.com-0103-2017Redesign;en-US;/Offers/Spa-Offers;28209;1;0
Beverlyhillsresidenceinn.com-0087-2016Redesign;en-US;/Home;20999;1;0
Treasureislandbeachresort.com-0089-2016Redesign;en-US;/failovercheck;38057;1;0
Edgewaternaples.com-0094-2016Redesign;en-US;/failovercheck;38051;1;0
Opalsands.com-0084-2016Redesign;en-US;/failovercheck;38055;1;0
Chrco.com-0107-2017Redesign;en-US;/Home;29280;1;0
Zotabeachresort.com-0090-2016Redesign;en-US;/failovercheck;38058;1;0
Galthouse.com-0042-2015Redesign;en-US;/failovercheck;38060;1;0
Lakeplacidlodge.com-0105-2017Redesign;en-US;/failovercheck;39238;1;0
Theharborsidehotel.com-0114-2017Redesign;en-US;/failovercheck;40403;1;0
Homewoodsuiteslax.com-0110-2017Redesign;en-US;/Home;30747;1;0
Jupiterbeachresort.com-0103-2017Redesign;en-US;/failovercheck;38052;1;0
Naiaresortandspa.com-0077-2016Redesign;en-US;/home;20455;1;0
Luxehotels.com-0078-2016Redesign;en-US;/Home;18805;1;0
Samosetresort.com-0113-2017Redesign;en-US;/failovercheck;40334;1;0
Abbingtonbanquets.com-0070-2016Redesign;en-US;/Home;15789;1;0
Halcyonhotelcherrycreek.com-0061-2015Redesign;en-US;/Home;22121;1;0
Sandylane.com-0075-2016Redesign;en-US;/Home;17611;1;0
Cendyn.com-0095-2016Redesign;en-US;/Home;26640;1;0
Broadmoor.com-0073-2016Redesign;en-US;/Broadmoor-Adventures/Seven-Falls;18259;1;0
Thelodgeatwoodloch.com-0033-2015Redesign;en-US;/Home;7764;1;0
Theloganhotel.com-0043-2015Redesign;en-US;/Home;20218;1;0
Hospitalityupgrade.com-0093-2016Redesign;en-US;/Home;25405;1;0
Samosetresort.com-0113-2017Redesign;en-US;/Home;32541;1;0
Galthouse.com-0042-2015Redesign;en-US;/louisville-hotel-vacation-packages/Hunger-Games-Exhibition-Package;33603;1;0
Miravalspamonarchbeach.com-0109-2017Redesign;en-US;/Home;31709;1;0
Broadmoor.com-0073-2016Redesign;en-US;/failovercheck;38059;1;0
Broadmoor.com-0073-2016Redesign;en-US;/Broadmoor-Adventures/Seven-Falls;18259;1;0
Jupiterbeachresort.com-0103-2017Redesign;en-US;/Home;28158;1;0
Napavalleymarriott.com-0071-2016Redesign;en-US;/Home;16432;1;0
Passport.lehotels.com-0069-2016BlogRedesign;en-US;/failovercheck;41068;1;0
Lidobeachresort.com-0106-2017Redesign;en-US;/failovercheck;38053;1;0
Longboatkeyclub.com-0104-2017Redesign;en-US;/failovercheck;38054;1;0
Thesagamore.com-0112-2017Redesign;en-US;/failovercheck;39241;1;0
Thesagamore.com-0112-2017Redesign;en-US;/Accommodations/Lodge-Rooms-and-Suites;33922;1;0
Cendyn.com-0095-2016Redesign;en-US;/Home;26640;1;0
Cendyn.com-0095-2016Redesign;en-US;/Home;26640;1;0
Cendyn.com-0095-2016Redesign;en-US;/Home;26640;1;0
Cendyn.com-0095-2016Redesign;en-US;/Home;26640;1;0
Delraysandsresort.com-0097-2016Redesign;en-US;/failovercheck;38049;1;0
Lehotels.com-0049-2015Transfer;en-US;/Search/Europe/Hotel-Opera/dining;13700;1;0
saddlebrook.com-0011-2014Redesign;en-US;/About-Us/Weddings-Social-Events;3485;1;0
Broadmoor.com-0073-2016Redesign;en-US;/Home;16721;1;0
Sandpearl.com-0091-2016Redesign;en-US;/failovercheck;38056;1;0
Galthouse.com-0042-2015Redesign;en-US;/Home;31905;1;0
Miravalspamonarchbeach.com-0109-2017Redesign;en-US;/packages-specials/Couples-Packages/Couples-Relaxation;35339;1;0
Treasureislandbeachresort.com-0089-2016Redesign;en-US;/Offers;22176;1;0
Longboatkeyclub.com-0104-2017Redesign;en-US;/Home;28316;1;0
Broadmoor.com-0073-2016Redesign;en-US;/Home;16721;1;0
Bluebirch.com-0072-2016Redesign;en-US;/Home;16693;1;0
Hhotellosangeles.com-0118-2017Redesign;en-US;/Home;35289;1;0
Degreerestaurant.com-0056-2015Redesign;en-US;/Home;11598;1;0
Meateatery.com-0080-2016Redesign;en-US;/;18505;1;0
Cendyn.com-0095-2016Redesign;en-US;/Home;26640;1;0
Glencovemansion.com-0058-2015Redesign;en-US;/Home;13328;1;0
Thecurtis.com-0079-2016Redesign;en-US;/Home;17981;1;0
Thecrawfordhotel.com-0074-2016Redesign;en-US;/Home;17145;1;0
Bocatrans.com-0082-2016Redesign;en-US;/Home;19758;1;0
Texturefoodanddrink.com-0067-2016Redesign;en-US;/Home;15452;1;0
Assuranceoperations.com-0065-2015Redesign;en-US;/Home;15263;1;0
Jbdukehotel.com-0086-2016Redesign;en-US;/Home;21918;1;0
Oxfordclubspa.com-0068-2016Redesign;en-US;/Home;15568;1;0
Washingtoncourthotel.com-0076-2016Redesign;en-US;/Home;17858;1;0
Abbingtonbanquets.com-0070-2016Redesign;en-US;/Home;15789;1;0
Theoxfordhotel.com-0062-2015Redesign;en-US;/Home;14325;1;0
Chrco.com-0107-2017Redesign;en-US;/Home;29280;1;0
Beverlyhillsresidenceinn.com-0087-2016Redesign;en-US;/Home;20999;1;0
Homewoodsuiteslax.com-0110-2017Redesign;en-US;/Home;30747;1;0
Luxehotels.com-0078-2016Redesign;en-US;/Home;18805;1;0
Opalsands.com-0084-2016Redesign;en-US;/failovercheck;38055;1;0
Edgewaternaples.com-0094-2016Redesign;en-US;/failovercheck;38051;1;0
Zotabeachresort.com-0090-2016Redesign;en-US;/failovercheck;38058;1;0
Theharborsidehotel.com-0114-2017Redesign;en-US;/failovercheck;40403;1;0
Sandylane.com-0075-2016Redesign;en-US;/Home;17611;1;0
Galthouse.com-0042-2015Redesign;en-US;/failovercheck;38060;1;0
Naiaresortandspa.com-0077-2016Redesign;en-US;/home;20455;1;0
Halcyonhotelcherrycreek.com-0061-2015Redesign;en-US;/Home;22121;1;0
Treasureislandbeachresort.com-0089-2016Redesign;en-US;/failovercheck;38057;1;0
Jupiterbeachresort.com-0103-2017Redesign;en-US;/failovercheck;38052;1;0
Casaybelresort.com-0002-2014Redesign;en-US;/About-Us/Web-Cam;1613;1;0
Samosetresort.com-0113-2017Redesign;en-US;/failovercheck;40334;1;0
Lakeplacidlodge.com-0105-2017Redesign;en-US;/failovercheck;39238;1;0
Miravalspamonarchbeach.com-0109-2017Redesign;en-US;/packages-specials/Couples-Packages/Couples-Relaxation;35339;1;0
Sandpearl.com-0091-2016Redesign;en-US;/Offers;22488;1;0
Longboatkeyclub.com-0104-2017Redesign;en-US;/404;35641;1;0
Treasureislandbeachresort.com-0089-2016Redesign;en-US;/Offers;22176;1;0
Samosetresort.com-0113-2017Redesign;en-US;/Home;32541;1;0
Sandylane.com-0075-2016Redesign;en-US;/barbados-accommodations/Penthouses;17680;1;0
Hospitalityupgrade.com-0093-2016Redesign;en-US;/Home;25405;1;0
Glencovemansion.com-0058-2015Redesign;en-US;/Stay/Photo-Gallery;13340;1;0
Broadmoor.com-0073-2016Redesign;en-US;/failovercheck;38059;1;0
Napavalleymarriott.com-0071-2016Redesign;en-US;/Home;16432;1;0
Thesagamore.com-0112-2017Redesign;en-US;/failovercheck;39241;1;0
Passport.lehotels.com-0069-2016BlogRedesign;en-US;/failovercheck;41068;1;0
Sandylane.com-0075-2016Redesign;en-US;/Home;17611;1;0
Longboatkeyclub.com-0104-2017Redesign;en-US;/failovercheck;38054;1;0
Lidobeachresort.com-0106-2017Redesign;en-US;/failovercheck;38053;1;0
Renaissancepittsburghpa.com-0044-2015Redesign;en-US;/Home;9637;1;0
Cendyn.com-0095-2016Redesign;en-US;/Home;26640;1;0
Cendyn.com-0095-2016Redesign;en-US;/Home;26640;1;0
Cendyn.com-0095-2016Redesign;en-US;/Home;26640;1;0
Sandylane.com-0075-2016Redesign;en-US;/barbados-accommodations/Orchid-Rooms;17644;1;0
Cendyn.com-0095-2016Redesign;en-US;/Home;26640;1;0
Edgewaternaples.com-0094-2016Redesign;en-US;/Home;25239;1;0
Samosetresort.com-0113-2017Redesign;en-US;/Home;32541;1;0
Lehotels.com-0049-2015Transfer;en-US;/Search/Europe/Palazzo-Magnani-Feroni/Rooms-Amenities;26348;1;0
Renaissancepittsburghpa.com-0044-2015Redesign;en-US;/Home;9637;1;0
Thelodgeatwoodloch.com-0033-2015Redesign;en-US;/Home;7764;1;0
Lehotels.com-0049-2015Transfer;en-US;/Search/North-America/The-Garland/Dining;24751;1;0
Jbdukehotel.com-0086-2016Redesign;en-US;/Stay/Guest-Rooms-Suites;21942;1;0
Delraysandsresort.com-0097-2016Redesign;en-US;/failovercheck;38049;1;0
Broadmoor.com-0073-2016Redesign;en-US;/Home;16721;1;0
Broadmoor.com-0073-2016Redesign;en-US;/Home;16721;1;0
Broadmoor.com-0073-2016Redesign;en-US;/Home;16721;1;0
Broadmoor.com-0073-2016Redesign;en-US;/Home;16721;1;0
Broadmoor.com-0073-2016Redesign;en-US;/Home;16721;1;0
Sandpearl.com-0091-2016Redesign;en-US;/failovercheck;38056;1;0
Thelodgeatwoodloch.com-0033-2015Redesign;en-US;/Home;7764;1;0
Broadmoor.com-0073-2016Redesign;en-US;/The-Wilderness-Experiences;16728;1;0
Thelodgeatwoodloch.com-0033-2015Redesign;en-US;/Home;7764;1;0
Broadmoor.com-0073-2016Redesign;en-US;/Home;16721;1;0
Galthouse.com-0042-2015Redesign;en-US;/Home;31905;1;0
Texturefoodanddrink.com-0067-2016Redesign;en-US;/Home;15452;1;0
Thecrawfordhotel.com-0074-2016Redesign;en-US;/Home;17145;1;0
Glencovemansion.com-0058-2015Redesign;en-US;/Home;13328;1;0
Meateatery.com-0080-2016Redesign;en-US;/;18505;1;0
Degreerestaurant.com-0056-2015Redesign;en-US;/Home;11598;1;0
Bluebirch.com-0072-2016Redesign;en-US;/Home;16693;1;0
Hhotellosangeles.com-0118-2017Redesign;en-US;/Home;35289;1;0
Assuranceoperations.com-0065-2015Redesign;en-US;/Home;15263;1;0
Thecurtis.com-0079-2016Redesign;en-US;/Home;17981;1;0
Bocatrans.com-0082-2016Redesign;en-US;/Home;19758;1;0
Lakeplacidlodge.com-0105-2017Redesign;en-US;/failovercheck;39238;1;0
Washingtoncourthotel.com-0076-2016Redesign;en-US;/Home;17858;1;0
Jbdukehotel.com-0086-2016Redesign;en-US;/Home;21918;1;0
Oxfordclubspa.com-0068-2016Redesign;en-US;/Home;15568;1;0
Homewoodsuiteslax.com-0110-2017Redesign;en-US;/Home;30747;1;0
Galthouse.com-0042-2015Redesign;en-US;/failovercheck;38060;1;0
Naiaresortandspa.com-0077-2016Redesign;en-US;/home;20455;1;0
Beverlyhillsresidenceinn.com-0087-2016Redesign;en-US;/Home;20999;1;0
Theoxfordhotel.com-0062-2015Redesign;en-US;/Home;14325;1;0
Abbingtonbanquets.com-0070-2016Redesign;en-US;/Home;15789;1;0
Opalsands.com-0084-2016Redesign;en-US;/failovercheck;38055;1;0
Halcyonhotelcherrycreek.com-0061-2015Redesign;en-US;/Home;22121;1;0
Theharborsidehotel.com-0114-2017Redesign;en-US;/failovercheck;40403;1;0
Sandylane.com-0075-2016Redesign;en-US;/Home;17611;1;0
Samosetresort.com-0113-2017Redesign;en-US;/failovercheck;40334;1;0
Luxehotels.com-0078-2016Redesign;en-US;/Home;18805;1;0
Chrco.com-0107-2017Redesign;en-US;/Home;29280;1;0
Thesagamore.com-0112-2017Redesign;en-US;/About-Us;32355;1;0
Zotabeachresort.com-0090-2016Redesign;en-US;/failovercheck;38058;1;0
Jupiterbeachresort.com-0103-2017Redesign;en-US;/failovercheck;38052;1;0
Edgewaternaples.com-0094-2016Redesign;en-US;/failovercheck;38051;1;0
Treasureislandbeachresort.com-0089-2016Redesign;en-US;/failovercheck;38057;1;0
Broadmoor.com-0073-2016Redesign;en-US;/Home;16721;1;0
Galthouse.com-0042-2015Redesign;en-US;/Photo-Gallery;10055;1;0
Cendyn.com-0095-2016Redesign;en-US;/Home;26640;1;0
Edgewaternaples.com-0094-2016Redesign;en-US;/Home;25239;1;0
Longboatkeyclub.com-0104-2017Redesign;en-US;/Search-Site;28321;1;0
Broadmoor.com-0073-2016Redesign;en-US;/Home;16721;1;0
Lehotels.com-0049-2015Transfer;en-US;/Search/Asia-the-Pacific/Cerulean-Tower-Tokyu-Hotel/Special-Offers;14234;1;0
Hospitalityupgrade.com-0093-2016Redesign;en-US;/Home;25405;1;0
Cocokeyorlando.com-0059-2015Redesign;en-US;/About-the-Hotel;12396;1;0
Cendyn.com-0095-2016Redesign;en-US;/Home;26640;1;0
Hospitalityupgrade.com-0093-2016Redesign;en-US;/Home;25405;1;0
Broadmoor.com-0073-2016Redesign;en-US;/failovercheck;38059;1;0
Broadmoor.com-0073-2016Redesign;en-US;/Home;16721;1;0
Napavalleymarriott.com-0071-2016Redesign;en-US;/Home;16432;1;0
Broadmoor.com-0073-2016Redesign;en-US;/Home;16721;1;0
Passport.lehotels.com-0069-2016BlogRedesign;en-US;/failovercheck;41068;1;0
Longboatkeyclub.com-0104-2017Redesign;en-US;/failovercheck;38054;1;0
Lidobeachresort.com-0106-2017Redesign;en-US;/failovercheck;38053;1;0
Thesagamore.com-0112-2017Redesign;en-US;/failovercheck;39241;1;0
Cocokeyorlando.com-0059-2015Redesign;en-US;/Home;12394;1;0
Broadmoor.com-0073-2016Redesign;en-US;/Home;16721;1;0
Cendyn.com-0095-2016Redesign;en-US;/Home;26640;1;0
Sandpearl.com-0091-2016Redesign;en-US;/Dog-Policy;38884;1;0
Cendyn.com-0095-2016Redesign;en-US;/Home;26640;1;0
Lehotels.com-0049-2015Transfer;en-US;/Search/Europe/Hotel-La-Tartane-Saint-Amour/Services-Facilities;13666;1;0
Cendyn.com-0095-2016Redesign;en-US;/Home;26640;1;0
Cendyn.com-0095-2016Redesign;en-US;/Home;26640;1;0
Delraysandsresort.com-0097-2016Redesign;en-US;/failovercheck;38049;1;0
Longboatkeyclub.com-0104-2017Redesign;en-US;/offers/Special-Offers;28364;1;0
Cocokeyorlando.com-0059-2015Redesign;en-US;/Home;12394;1;0
Residenceinnnyc.com-0034-2015Redesign;en-US;/Special-offers;16501;1;0
Cendyn.com-0095-2016Redesign;en-US;/Home;26640;1;0
Sandpearl.com-0091-2016Redesign;en-US;/failovercheck;38056;1;0
Glencovemansion.com-0058-2015Redesign;en-US;/Home;13328;1;0
Bellemontfarm.com-0007-2013Redesign;en-US;/Homepage;11497;1;0
Bluebirch.com-0072-2016Redesign;en-US;/Home;16693;1;0
Texturefoodanddrink.com-0067-2016Redesign;en-US;/Home;15452;1;0
Degreerestaurant.com-0056-2015Redesign;en-US;/Home;11598;1;0
Bocatrans.com-0082-2016Redesign;en-US;/Home;19758;1;0
Theoxfordhotel.com-0062-2015Redesign;en-US;/Home;14325;1;0
Homewoodsuiteslax.com-0110-2017Redesign;en-US;/Home;30747;1;0
Beverlyhillsresidenceinn.com-0087-2016Redesign;en-US;/Home;20999;1;0
Naiaresortandspa.com-0077-2016Redesign;en-US;/home;20455;1;0
Opalsands.com-0084-2016Redesign;en-US;/failovercheck;38055;1;0
Lakeplacidlodge.com-0105-2017Redesign;en-US;/failovercheck;39238;1;0
Sandylane.com-0075-2016Redesign;en-US;/Home;17611;1;0
saddlebrook.com-0011-2014Redesign;en-US;/Spa/Spa-Treatments;3470;1;0
Edgewaternaples.com-0094-2016Redesign;en-US;/failovercheck;38051;1;0
Assuranceoperations.com-0065-2015Redesign;en-US;/Home;15263;1;0
Chrco.com-0107-2017Redesign;en-US;/Home;29280;1;0
Abbingtonbanquets.com-0070-2016Redesign;en-US;/Home;15789;1;0
Thecurtis.com-0079-2016Redesign;en-US;/Home;17981;1;0
Hhotellosangeles.com-0118-2017Redesign;en-US;/Home;35289;1;0
Oxfordclubspa.com-0068-2016Redesign;en-US;/Home;15568;1;0
Washingtoncourthotel.com-0076-2016Redesign;en-US;/Home;17858;1;0
Meateatery.com-0080-2016Redesign;en-US;/;18505;1;0
Galthouse.com-0042-2015Redesign;en-US;/failovercheck;38060;1;0
Glencovemansion.com-0058-2015Redesign;en-US;/Home;13328;1;0
Thecrawfordhotel.com-0074-2016Redesign;en-US;/Home;17145;1;0
Halcyonhotelcherrycreek.com-0061-2015Redesign;en-US;/Home;22121;1;0
Jbdukehotel.com-0086-2016Redesign;en-US;/Home;21918;1;0
Jupiterbeachresort.com-0103-2017Redesign;en-US;/failovercheck;38052;1;0
Theharborsidehotel.com-0114-2017Redesign;en-US;/failovercheck;40403;1;0
Luxehotels.com-0078-2016Redesign;en-US;/Home;18805;1;0
Zotabeachresort.com-0090-2016Redesign;en-US;/failovercheck;38058;1;0
Treasureislandbeachresort.com-0089-2016Redesign;en-US;/failovercheck;38057;1;0
Samosetresort.com-0113-2017Redesign;en-US;/failovercheck;40334;1;0
Cendyn.com-0095-2016Redesign;en-US;/Home;26640;1;0
Amzak.com-0023-2014Redesign;en-US;/Team/health-team;15051;1;0
Hospitalityupgrade.com-0093-2016Redesign;en-US;/Home;25405;1;0
Cendyn.com-0095-2016Redesign;en-US;/Home;26640;1;0
Glencovemansion.com-0058-2015Redesign;en-US;/Weddings/Wedding-Packages;13371;1;0
Broadmoor.com-0073-2016Redesign;en-US;/failovercheck;38059;1;0
Napavalleymarriott.com-0071-2016Redesign;en-US;/Home;16432;1;0
Lidobeachresort.com-0106-2017Redesign;en-US;/failovercheck;38053;1;0
Thesagamore.com-0112-2017Redesign;en-US;/failovercheck;39241;1;0
Passport.lehotels.com-0069-2016BlogRedesign;en-US;/failovercheck;41068;1;0
Longboatkeyclub.com-0104-2017Redesign;en-US;/failovercheck;38054;1;0
Cendyn.com-0095-2016Redesign;en-US;/Home;26640;1;0
Cendyn.com-0095-2016Redesign;en-US;/Home;26640;1;0
Cendyn.com-0095-2016Redesign;en-US;/Home;26640;1;0
Hi-nyc.com-0108-2017Redesogm;en-US;/Home;30080;1;0
Cendyn.com-0095-2016Redesign;en-US;/Home;26640;1;0
Lehotels.com-0049-2015Transfer;en-US;/Search/Central-South-America/Urban-Suites-Recoleta-Boutique/Meetings-Events;13506;1;0
Thesagamore.com-0112-2017Redesign;en-US;/Home;32339;1;0
Delraysandsresort.com-0097-2016Redesign;en-US;/failovercheck;38049;1;0
Broadmoor.com-0073-2016Redesign;en-US;/The-Resort;16724;1;0
Thesagamore.com-0112-2017Redesign;en-US;/Home;32339;1;0
Thesagamore.com-0112-2017Redesign;en-US;/Home;32339;1;0
Broadmoor.com-0073-2016Redesign;en-US;/The-Resort;16724;1;0
Galthouse.com-0042-2015Redesign;en-US;/Our-Hotel;10568;1;0
Broadmoor.com-0073-2016Redesign;en-US;/The-Wilderness-Experiences;16728;1;0
Longboatkeyclub.com-0104-2017Redesign;en-US;/Gallery;28317;1;0
Monarchbeachresort.com-0092-2016Redesign;en-US;/about/complimentary-services;40827;1;0
Sandpearl.com-0091-2016Redesign;en-US;/failovercheck;38056;1;0
Cocokeyorlando.com-0059-2015Redesign;en-US;/Home;12394;1;0
Bluebirch.com-0072-2016Redesign;en-US;/Home;16693;1;0
Hhotellosangeles.com-0118-2017Redesign;en-US;/Home;35289;1;0
Glencovemansion.com-0058-2015Redesign;en-US;/Home;13328;1;0
Meateatery.com-0080-2016Redesign;en-US;/;18505;1;0
Degreerestaurant.com-0056-2015Redesign;en-US;/Home;11598;1;0
Thecurtis.com-0079-2016Redesign;en-US;/Home;17981;1;0
Homewoodsuiteslax.com-0110-2017Redesign;en-US;/Home;30747;1;0
Thecrawfordhotel.com-0074-2016Redesign;en-US;/Home;17145;1;0
Assuranceoperations.com-0065-2015Redesign;en-US;/Home;15263;1;0
Texturefoodanddrink.com-0067-2016Redesign;en-US;/Home;15452;1;0
Bocatrans.com-0082-2016Redesign;en-US;/Home;19758;1;0
Washingtoncourthotel.com-0076-2016Redesign;en-US;/Home;17858;1;0
Cendyn.com-0095-2016Redesign;en-US;/Home;26640;1;0
Jbdukehotel.com-0086-2016Redesign;en-US;/Home;21918;1;0
Theoxfordhotel.com-0062-2015Redesign;en-US;/Home;14325;1;0
Oxfordclubspa.com-0068-2016Redesign;en-US;/Home;15568;1;0
Beverlyhillsresidenceinn.com-0087-2016Redesign;en-US;/Home;20999;1;0
Naiaresortandspa.com-0077-2016Redesign;en-US;/home;20455;1;0
Galthouse.com-0042-2015Redesign;en-US;/failovercheck;38060;1;0
Sandylane.com-0075-2016Redesign;en-US;/Home;17611;1;0
Abbingtonbanquets.com-0070-2016Redesign;en-US;/Home;15789;1;0
Chrco.com-0107-2017Redesign;en-US;/Home;29280;1;0
Opalsands.com-0084-2016Redesign;en-US;/failovercheck;38055;1;0
Theharborsidehotel.com-0114-2017Redesign;en-US;/failovercheck;40403;1;0
Halcyonhotelcherrycreek.com-0061-2015Redesign;en-US;/Home;22121;1;0
Samosetresort.com-0113-2017Redesign;en-US;/failovercheck;40334;1;0
Luxehotels.com-0078-2016Redesign;en-US;/Home;18805;1;0
Treasureislandbeachresort.com-0089-2016Redesign;en-US;/failovercheck;38057;1;0
Jupiterbeachresort.com-0103-2017Redesign;en-US;/failovercheck;38052;1;0
Edgewaternaples.com-0094-2016Redesign;en-US;/failovercheck;38051;1;0
Zotabeachresort.com-0090-2016Redesign;en-US;/failovercheck;38058;1;0
Lakeplacidlodge.com-0105-2017Redesign;en-US;/failovercheck;39238;1;0
Glencovemansion.com-0058-2015Redesign;en-US;/Weddings/Wedding-Packages/Winter-Wedding-Offer;41649;1;0
Luxehotels.com-0078-2016Redesign;en-US;/Our-Hotels/Luxe-Rodeo-Drive-Hotel;18830;1;0
Thelodgeatwoodloch.com-0033-2015Redesign;en-US;/Experience/Activities;8257;1;0
Hospitalityupgrade.com-0093-2016Redesign;en-US;/Home;25405;1;0
Cocokeyorlando.com-0059-2015Redesign;en-US;/Home;12394;1;0
Glencovemansion.com-0058-2015Redesign;en-US;/Home;13328;1;0
Broadmoor.com-0073-2016Redesign;en-US;/failovercheck;38059;1;0
Passport.lehotels.com-0069-2016BlogRedesign;en-US;/failovercheck;41068;1;0
Napavalleymarriott.com-0071-2016Redesign;en-US;/Home;16432;1;0
Thesagamore.com-0112-2017Redesign;en-US;/failovercheck;39241;1;0
Longboatkeyclub.com-0104-2017Redesign;en-US;/failovercheck;38054;1;0
Lidobeachresort.com-0106-2017Redesign;en-US;/failovercheck;38053;1;0
Sandylane.com-0075-2016Redesign;en-US;/Home;17611;1;0
Cendyn.com-0095-2016Redesign;en-US;/Home;26640;1;0
Broadmoor.com-0073-2016Redesign;en-US;/The-Wilderness-Experiences/The-Ranch-at-Emerald-Valley;18013;1;0
Cendyn.com-0095-2016Redesign;en-US;/Home;26640;1;0
Cendyn.com-0095-2016Redesign;en-US;/Home;26640;1;0
Cendyn.com-0095-2016Redesign;en-US;/Home;26640;1;0
Lehotels.com-0049-2015Transfer;en-US;/Search/Europe/Hotel-Arioso/Rooms-Amenities;13846;1;0
Sandylane.com-0075-2016Redesign;en-US;/Home;17611;1;0
Delraysandsresort.com-0097-2016Redesign;en-US;/failovercheck;38049;1;0
Hospitalityupgrade.com-0093-2016Redesign;en-US;/Home;25405;1;0
Glencovemansion.com-0058-2015Redesign;en-US;/Home;13328;1;0
Longboatkeyclub.com-0104-2017Redesign;en-US;/Home;28316;1;0
Galthouse.com-0042-2015Redesign;en-US;/Home;31905;1;0
Sandpearl.com-0091-2016Redesign;en-US;/failovercheck;38056;1;0
Hi-nyc.com-0108-2017Redesogm;en-US;/Home;30080;1;0
Washingtondukeinn.com-0024-2014Redesign;en-US;/Home;4524;1;0
Broadmoor.com-0073-2016Redesign;en-US;/Media-Gallery/Webcam;17344;1;0
Jupiterbeachresort.com-0103-2017Redesign;en-US;/Accommodations;28170;1;0
Hi-nyc.com-0108-2017Redesogm;en-US;/Home;30080;1;0
Degreerestaurant.com-0056-2015Redesign;en-US;/Home;11598;1;0
Hhotellosangeles.com-0118-2017Redesign;en-US;/Home;35289;1;0
Thecrawfordhotel.com-0074-2016Redesign;en-US;/Home;17145;1;0
Abbingtonbanquets.com-0070-2016Redesign;en-US;/Home;15789;1;0
Thecurtis.com-0079-2016Redesign;en-US;/Home;17981;1;0
Bocatrans.com-0082-2016Redesign;en-US;/Home;19758;1;0
Meateatery.com-0080-2016Redesign;en-US;/;18505;1;0
Glencovemansion.com-0058-2015Redesign;en-US;/Home;13328;1;0
Bluebirch.com-0072-2016Redesign;en-US;/Home;16693;1;0
saddlebrook.com-0011-2014Redesign;en-US;/Home;3385;1;0
Theharborsidehotel.com-0114-2017Redesign;en-US;/failovercheck;40403;1;0
Assuranceoperations.com-0065-2015Redesign;en-US;/Home;15263;1;0
Washingtoncourthotel.com-0076-2016Redesign;en-US;/Home;17858;1;0
Texturefoodanddrink.com-0067-2016Redesign;en-US;/Home;15452;1;0
Jbdukehotel.com-0086-2016Redesign;en-US;/Home;21918;1;0
Cendyn.com-0095-2016Redesign;en-US;/Home;26640;1;0
Oxfordclubspa.com-0068-2016Redesign;en-US;/Home;15568;1;0
Galthouse.com-0042-2015Redesign;en-US;/failovercheck;38060;1;0
Luxehotels.com-0078-2016Redesign;en-US;/Home;18805;1;0
Sandylane.com-0075-2016Redesign;en-US;/Home;17611;1;0
Theoxfordhotel.com-0062-2015Redesign;en-US;/Home;14325;1;0
Opalsands.com-0084-2016Redesign;en-US;/failovercheck;38055;1;0
Treasureislandbeachresort.com-0089-2016Redesign;en-US;/failovercheck;38057;1;0
Lakeplacidlodge.com-0105-2017Redesign;en-US;/failovercheck;39238;1;0
Homewoodsuiteslax.com-0110-2017Redesign;en-US;/Home;30747;1;0
Edgewaternaples.com-0094-2016Redesign;en-US;/failovercheck;38051;1;0
Jupiterbeachresort.com-0103-2017Redesign;en-US;/failovercheck;38052;1;0
Zotabeachresort.com-0090-2016Redesign;en-US;/failovercheck;38058;1;0
Halcyonhotelcherrycreek.com-0061-2015Redesign;en-US;/Home;22121;1;0
Naiaresortandspa.com-0077-2016Redesign;en-US;/home;20455;1;0
Beverlyhillsresidenceinn.com-0087-2016Redesign;en-US;/Home;20999;1;0
Samosetresort.com-0113-2017Redesign;en-US;/failovercheck;40334;1;0
Chrco.com-0107-2017Redesign;en-US;/Home;29280;1;0
Casaybelresort.com-0002-2014Redesign;en-US;/Home;1533;1;0
Longboatkeyclub.com-0104-2017Redesign;en-US;/404;35641;1;0
Hospitalityupgrade.com-0093-2016Redesign;en-US;/Home;25405;1;0
Lakeplacidlodge.com-0105-2017Redesign;en-US;/Home;28545;1;0
Broadmoor.com-0073-2016Redesign;en-US;/failovercheck;38059;1;0
Napavalleymarriott.com-0071-2016Redesign;en-US;/Home;16432;1;0
Cendyn.com-0095-2016Redesign;en-US;/Home;26640;1;0
Passport.lehotels.com-0069-2016BlogRedesign;en-US;/failovercheck;41068;1;0
Lidobeachresort.com-0106-2017Redesign;en-US;/failovercheck;38053;1;0
Longboatkeyclub.com-0104-2017Redesign;en-US;/failovercheck;38054;1;0
Thesagamore.com-0112-2017Redesign;en-US;/failovercheck;39241;1;0
Broadmoor.com-0073-2016Redesign;en-US;/Home;16721;1;0
Cendyn.com-0095-2016Redesign;en-US;/Home;26640;1;0
Cendyn.com-0095-2016Redesign;en-US;/Home;26640;1;0
Cendyn.com-0095-2016Redesign;en-US;/Home;26640;1;0
Cendyn.com-0095-2016Redesign;en-US;/Home;26640;1;0
Delraysandsresort.com-0097-2016Redesign;en-US;/failovercheck;38049;1;0
Lehotels.com-0049-2015Transfer;en-US;/Search/Europe/Euston-Square-Hotel/Hotel-Overview;33947;1;0
Cendyn.com-0095-2016Redesign;en-US;/Home;26640;1;0
Lehotels.com-0049-2015Transfer;en-US;/Search/Europe/palaciourgoiti;12800;1;0
Assuranceoperations.com-0065-2015Redesign;en-US;/Home;15263;1;0
Sandpearl.com-0091-2016Redesign;en-US;/About-Us;22497;1;0
Bellemontfarm.com-0007-2013Redesign;en-US;/Homepage;11497;1;0
Sandpearl.com-0091-2016Redesign;en-US;/failovercheck;38056;1;0
saddlebrook.com-0011-2014Redesign;en-US;/Home;3385;1;0
Thelodgeatwoodloch.com-0033-2015Redesign;en-US;/Experience/Activities/Events-Calendar;8390;1;0
Monarchbeachresort.com-0092-2016Redesign;en-US;/experiences/planning/foodies;23482;1;0
Hi-nyc.com-0108-2017Redesogm;en-US;/Home;30080;1;0
Degreerestaurant.com-0056-2015Redesign;en-US;/Home;11598;1;0
Thecurtis.com-0079-2016Redesign;en-US;/Home;17981;1;0
Abbingtonbanquets.com-0070-2016Redesign;en-US;/Home;15789;1;0
Glencovemansion.com-0058-2015Redesign;en-US;/Home;13328;1;0
Bluebirch.com-0072-2016Redesign;en-US;/Home;16693;1;0
Bocatrans.com-0082-2016Redesign;en-US;/Home;19758;1;0
Washingtoncourthotel.com-0076-2016Redesign;en-US;/Home;17858;1;0
Theharborsidehotel.com-0114-2017Redesign;en-US;/failovercheck;40403;1;0
Meateatery.com-0080-2016Redesign;en-US;/;18505;1;0
Theoxfordhotel.com-0062-2015Redesign;en-US;/Home;14325;1;0
Hhotellosangeles.com-0118-2017Redesign;en-US;/Home;35289;1;0
Cendyn.com-0095-2016Redesign;en-US;/Home;26640;1;0
Assuranceoperations.com-0065-2015Redesign;en-US;/Home;15263;1;0
Oxfordclubspa.com-0068-2016Redesign;en-US;/Home;15568;1;0
Texturefoodanddrink.com-0067-2016Redesign;en-US;/Home;15452;1;0
Thecrawfordhotel.com-0074-2016Redesign;en-US;/Home;17145;1;0
Homewoodsuiteslax.com-0110-2017Redesign;en-US;/Home;30747;1;0
Galthouse.com-0042-2015Redesign;en-US;/failovercheck;38060;1;0
Luxehotels.com-0078-2016Redesign;en-US;/Home;18805;1;0
Sandylane.com-0075-2016Redesign;en-US;/Home;17611;1;0
Beverlyhillsresidenceinn.com-0087-2016Redesign;en-US;/Home;20999;1;0
Jbdukehotel.com-0086-2016Redesign;en-US;/Home;21918;1;0
Chrco.com-0107-2017Redesign;en-US;/Home;29280;1;0
Halcyonhotelcherrycreek.com-0061-2015Redesign;en-US;/Home;22121;1;0
Treasureislandbeachresort.com-0089-2016Redesign;en-US;/failovercheck;38057;1;0
Opalsands.com-0084-2016Redesign;en-US;/failovercheck;38055;1;0
Naiaresortandspa.com-0077-2016Redesign;en-US;/home;20455;1;0
Samosetresort.com-0113-2017Redesign;en-US;/failovercheck;40334;1;0
Lakeplacidlodge.com-0105-2017Redesign;en-US;/failovercheck;39238;1;0
Edgewaternaples.com-0094-2016Redesign;en-US;/failovercheck;38051;1;0
Zotabeachresort.com-0090-2016Redesign;en-US;/failovercheck;38058;1;0
Jupiterbeachresort.com-0103-2017Redesign;en-US;/failovercheck;38052;1;0
Sandylane.com-0075-2016Redesign;en-US;/Home;17611;1;0
Treasureislandbeachresort.com-0089-2016Redesign;en-US;/Home;22169;1;0
Hospitalityupgrade.com-0093-2016Redesign;en-US;/Home;25405;1;0
Broadmoor.com-0073-2016Redesign;en-US;/failovercheck;38059;1;0
Thesagamore.com-0112-2017Redesign;en-US;/failovercheck;39241;1;0
Napavalleymarriott.com-0071-2016Redesign;en-US;/Home;16432;1;0
Thesagamore.com-0112-2017Redesign;en-US;/Accommodations/Lodge-Rooms-and-Suites;33922;1;0
Passport.lehotels.com-0069-2016BlogRedesign;en-US;/failovercheck;41068;1;0
Lidobeachresort.com-0106-2017Redesign;en-US;/failovercheck;38053;1;0
Longboatkeyclub.com-0104-2017Redesign;en-US;/failovercheck;38054;1;0
Cendyn.com-0095-2016Redesign;en-US;/Home;26640;1;0
Cendyn.com-0095-2016Redesign;en-US;/Home;26640;1;0
Cendyn.com-0095-2016Redesign;en-US;/Home;26640;1;0
Cendyn.com-0095-2016Redesign;en-US;/Home;26640;1;0
saddlebrook.com-0011-2014Redesign;en-US;/Home;3385;1;0
Thesagamore.com-0112-2017Redesign;en-US;/Home;32339;1;0
Delraysandsresort.com-0097-2016Redesign;en-US;/failovercheck;38049;1;0
Galthouse.com-0042-2015Redesign;en-US;/Home;31905;1;0
Theoxfordhotel.com-0062-2015Redesign;en-US;/Home;14325;1;0
Jbdukehotel.com-0086-2016Redesign;en-US;/Home;21918;1;0
Monarchbeachresort.com-0092-2016Redesign;en-US;/orange-county-meetings/value;41069;1;0
Broadmoor.com-0073-2016Redesign;en-US;/Home;16721;1;0
Glencovemansion.com-0058-2015Redesign;en-US;/Home;13328;1;0
Sandpearl.com-0091-2016Redesign;en-US;/failovercheck;38056;1;0
Broadmoor.com-0073-2016Redesign;en-US;/The-Wilderness-Experiences;16728;1;0
Lehotels.com-0049-2015Transfer;en-US;/Search/Europe/Palazzo-Barbarigo/Hotel-Overview;12890;1;0
Washingtoncourthotel.com-0076-2016Redesign;en-US;/Home;17858;1;0
Hhotellosangeles.com-0118-2017Redesign;en-US;/Home;35289;1;0
Bluebirch.com-0072-2016Redesign;en-US;/Home;16693;1;0
Assuranceoperations.com-0065-2015Redesign;en-US;/Home;15263;1;0
Galthouse.com-0042-2015Redesign;en-US;/failovercheck;38060;1;0
Degreerestaurant.com-0056-2015Redesign;en-US;/Home;11598;1;0
Meateatery.com-0080-2016Redesign;en-US;/;18505;1;0
Glencovemansion.com-0058-2015Redesign;en-US;/Home;13328;1;0
Thecrawfordhotel.com-0074-2016Redesign;en-US;/Home;17145;1;0
Texturefoodanddrink.com-0067-2016Redesign;en-US;/Home;15452;1;0
Thecurtis.com-0079-2016Redesign;en-US;/Home;17981;1;0
Bocatrans.com-0082-2016Redesign;en-US;/Home;19758;1;0
Cendyn.com-0095-2016Redesign;en-US;/Home;26640;1;0
Beverlyhillsresidenceinn.com-0087-2016Redesign;en-US;/Home;20999;1;0
Luxehotels.com-0078-2016Redesign;en-US;/Home;18805;1;0
Edgewaternaples.com-0094-2016Redesign;en-US;/failovercheck;38051;1;0
Sandylane.com-0075-2016Redesign;en-US;/Home;17611;1;0
Naiaresortandspa.com-0077-2016Redesign;en-US;/home;20455;1;0
Homewoodsuiteslax.com-0110-2017Redesign;en-US;/Home;30747;1;0
Chrco.com-0107-2017Redesign;en-US;/Home;29280;1;0
Abbingtonbanquets.com-0070-2016Redesign;en-US;/Home;15789;1;0
Opalsands.com-0084-2016Redesign;en-US;/failovercheck;38055;1;0
Oxfordclubspa.com-0068-2016Redesign;en-US;/Home;15568;1;0
Jupiterbeachresort.com-0103-2017Redesign;en-US;/failovercheck;38052;1;0
Lakeplacidlodge.com-0105-2017Redesign;en-US;/failovercheck;39238;1;0
Halcyonhotelcherrycreek.com-0061-2015Redesign;en-US;/Home;22121;1;0
Galthouse.com-0042-2015Redesign;en-US;/Reservations;29895;1;0
Treasureislandbeachresort.com-0089-2016Redesign;en-US;/failovercheck;38057;1;0
Jbdukehotel.com-0086-2016Redesign;en-US;/Home;21918;1;0
Samosetresort.com-0113-2017Redesign;en-US;/failovercheck;40334;1;0
Theoxfordhotel.com-0062-2015Redesign;en-US;/Home;14325;1;0
Zotabeachresort.com-0090-2016Redesign;en-US;/failovercheck;38058;1;0
Theharborsidehotel.com-0114-2017Redesign;en-US;/failovercheck;40403;1;0
Lehotels.com-0049-2015Transfer;en-US;/Search/Europe/Hotel-Bon-Sol/Maps-Directions;13810;1;0
Hospitalityupgrade.com-0093-2016Redesign;en-US;/Home;25405;1;0
Washingtondukeinn.com-0024-2014Redesign;en-US;/Executive-Club;4758;1;0
Cendyn.com-0095-2016Redesign;en-US;/Home;26640;1;0
Cendyn.com-0095-2016Redesign;en-US;/Home;26640;1;0
saddlebrook.com-0011-2014Redesign;en-US;/Special-Offers/Featured-Offers;4538;1;0
Napavalleymarriott.com-0071-2016Redesign;en-US;/Home;16432;1;0
Broadmoor.com-0073-2016Redesign;en-US;/failovercheck;38059;1;0
Lidobeachresort.com-0106-2017Redesign;en-US;/failovercheck;38053;1;0
Thesagamore.com-0112-2017Redesign;en-US;/failovercheck;39241;1;0
Sandylane.com-0075-2016Redesign;en-US;/Home;17611;1;0
Passport.lehotels.com-0069-2016BlogRedesign;en-US;/failovercheck;41068;1;0
Longboatkeyclub.com-0104-2017Redesign;en-US;/failovercheck;38054;1;0
Cendyn.com-0095-2016Redesign;en-US;/Home;26640;1;0
Cendyn.com-0095-2016Redesign;en-US;/Home;26640;1;0
Thelodgeatwoodloch.com-0033-2015Redesign;en-US;/hawley-packages/Couple-s-Retreat;9920;1;0
Cendyn.com-0095-2016Redesign;en-US;/Home;26640;1;0
Cendyn.com-0095-2016Redesign;en-US;/Home;26640;1;0
Broadmoor.com-0073-2016Redesign;en-US;/Home;16721;1;0
theweststreethotel.com-0115-2017Redesign;en-US;/Events/Bar-Harbor-Weddings;37661;1;0
Broadmoor.com-0073-2016Redesign;en-US;/The-Wilderness-Experiences/Fly-Fishing-Camp;18014;1;0
Thesagamore.com-0112-2017Redesign;en-US;/Home;32339;1;0
Assuranceoperations.com-0065-2015Redesign;en-US;/Home;15263;1;0
Lehotels.com-0049-2015Transfer;en-US;/Search/Australia/The-Prince/Maps-Directions;13453;1;0
Galthouse.com-0042-2015Redesign;en-US;/Our-Hotel/Services-Amenities;10570;1;0
Delraysandsresort.com-0097-2016Redesign;en-US;/failovercheck;38049;1;0
