Lidobeachresort.com-0106-2017Redesign;en-US;/Offers/Family-Offers;28718;1;0
Meateatery.com-0080-2016Redesign;en-US;/;18505;1;0
Bocatrans.com-0082-2016Redesign;en-US;/Home;19758;1;0
Thecurtis.com-0079-2016Redesign;en-US;/Home;17981;1;0
Theoxfordhotel.com-0062-2015Redesign;en-US;/Home;14325;1;0
Oxfordclubspa.com-0068-2016Redesign;en-US;/Home;15568;1;0
Glencovemansion.com-0058-2015Redesign;en-US;/Home;13328;1;0
Galthouse.com-0042-2015Redesign;en-US;/failovercheck;38060;1;0
Naiaresortandspa.com-0077-2016Redesign;en-US;/home;20455;1;0
Bluebirch.com-0072-2016Redesign;en-US;/Home;16693;1;0
Hhotellosangeles.com-0118-2017Redesign;en-US;/Home;35289;1;0
Degreerestaurant.com-0056-2015Redesign;en-US;/Home;11598;1;0
Opalsands.com-0084-2016Redesign;en-US;/failovercheck;38055;1;0
Washingtoncourthotel.com-0076-2016Redesign;en-US;/Home;17858;1;0
Lakeplacidlodge.com-0105-2017Redesign;en-US;/failovercheck;39238;1;0
Thecrawfordhotel.com-0074-2016Redesign;en-US;/Home;17145;1;0
Assuranceoperations.com-0065-2015Redesign;en-US;/Home;15263;1;0
Jbdukehotel.com-0086-2016Redesign;en-US;/Home;21918;1;0
Texturefoodanddrink.com-0067-2016Redesign;en-US;/Home;15452;1;0
Theharborsidehotel.com-0114-2017Redesign;en-US;/failovercheck;40403;1;0
Jupiterbeachresort.com-0103-2017Redesign;en-US;/failovercheck;38052;1;0
Treasureislandbeachresort.com-0089-2016Redesign;en-US;/failovercheck;38057;1;0
Theoxfordhotel.com-0062-2015Redesign;en-US;/Home;14325;1;0
Luxehotels.com-0078-2016Redesign;en-US;/Home;18805;1;0
Chrco.com-0107-2017Redesign;en-US;/Home;29280;1;0
Abbingtonbanquets.com-0070-2016Redesign;en-US;/Home;15789;1;0
Homewoodsuiteslax.com-0110-2017Redesign;en-US;/Home;30747;1;0
Beverlyhillsresidenceinn.com-0087-2016Redesign;en-US;/Home;20999;1;0
Halcyonhotelcherrycreek.com-0061-2015Redesign;en-US;/Home;22121;1;0
Samosetresort.com-0113-2017Redesign;en-US;/failovercheck;40334;1;0
Zotabeachresort.com-0090-2016Redesign;en-US;/failovercheck;38058;1;0
Edgewaternaples.com-0094-2016Redesign;en-US;/failovercheck;38051;1;0
Theharborsidehotel.com-0114-2017Redesign;en-US;/bar-harbor-accommodations/Guest-Rooms;37941;1;0
Sandylane.com-0075-2016Redesign;en-US;/Home;17611;1;0
Thesagamore.com-0112-2017Redesign;en-US;/Accommodations/Accessible-Accommodations;33931;1;0
Theharborsidehotel.com-0114-2017Redesign;en-US;/Home;37571;1;0
Hospitalityupgrade.com-0093-2016Redesign;en-US;/Home;25405;1;0
Thesagamore.com-0112-2017Redesign;en-US;/Home;32339;1;0
Broadmoor.com-0073-2016Redesign;en-US;/Home;16721;1;0
Hospitalityupgrade.com-0093-2016Redesign;en-US;/Home;25405;1;0
Hospitalityupgrade.com-0093-2016Redesign;en-US;/Home;25405;1;0
Napavalleymarriott.com-0071-2016Redesign;en-US;/Home;16432;1;0
Lidobeachresort.com-0106-2017Redesign;en-US;/failovercheck;38053;1;0
Longboatkeyclub.com-0104-2017Redesign;en-US;/failovercheck;38054;1;0
Thesagamore.com-0112-2017Redesign;en-US;/failovercheck;39241;1;0
Thesagamore.com-0112-2017Redesign;en-US;/Offers;32346;1;0
Broadmoor.com-0073-2016Redesign;en-US;/failovercheck;38059;1;0
Cendyn.com-0095-2016Redesign;en-US;/Contact;26865;1;0
Thesagamore.com-0112-2017Redesign;en-US;/Offers;32346;1;0
Hospitalityupgrade.com-0093-2016Redesign;en-US;/Home;25405;1;0
Delraysandsresort.com-0097-2016Redesign;en-US;/Home;27232;1;0
Delraysandsresort.com-0097-2016Redesign;en-US;/failovercheck;38049;1;0
wentworthcom00212014redesign;en-US;/portsmouth-weddings;4249;1;0
Passport.lehotels.com-0069-2016BlogRedesign;en-US;/failovercheck;41068;1;0
Sandpearl.com-0091-2016Redesign;en-US;/failovercheck;38056;1;0
Cendyn.com-0095-2016Redesign;en-US;/Home;26640;1;0
Cendyn.com-0095-2016Redesign;en-US;/Home;26640;1;0
Cendyn.com-0095-2016Redesign;en-US;/Home;26640;1;0
Cendyn.com-0095-2016Redesign;en-US;/Home;26640;1;0
Cendyn.com-0095-2016Redesign;en-US;/Home;26640;1;0
Broadmoor.com-0073-2016Redesign;en-US;/Broadmoor-Adventures/Seven-Falls/Colorado-Grandest-Mile;21230;1;0
Meateatery.com-0080-2016Redesign;en-US;/;18505;1;0
Bocatrans.com-0082-2016Redesign;en-US;/Home;19758;1;0
Degreerestaurant.com-0056-2015Redesign;en-US;/Home;11598;1;0
Hhotellosangeles.com-0118-2017Redesign;en-US;/Home;35289;1;0
Bluebirch.com-0072-2016Redesign;en-US;/Home;16693;1;0
Glencovemansion.com-0058-2015Redesign;en-US;/Home;13328;1;0
Oxfordclubspa.com-0068-2016Redesign;en-US;/Home;15568;1;0
Jupiterbeachresort.com-0103-2017Redesign;en-US;/failovercheck;38052;1;0
Thecurtis.com-0079-2016Redesign;en-US;/Home;17981;1;0
Thecrawfordhotel.com-0074-2016Redesign;en-US;/Home;17145;1;0
Assuranceoperations.com-0065-2015Redesign;en-US;/Home;15263;1;0
Texturefoodanddrink.com-0067-2016Redesign;en-US;/Home;15452;1;0
Naiaresortandspa.com-0077-2016Redesign;en-US;/home;20455;1;0
Edgewaternaples.com-0094-2016Redesign;en-US;/failovercheck;38051;1;0
Jbdukehotel.com-0086-2016Redesign;en-US;/Home;21918;1;0
Washingtoncourthotel.com-0076-2016Redesign;en-US;/Home;17858;1;0
Galthouse.com-0042-2015Redesign;en-US;/failovercheck;38060;1;0
Abbingtonbanquets.com-0070-2016Redesign;en-US;/Home;15789;1;0
Theoxfordhotel.com-0062-2015Redesign;en-US;/Home;14325;1;0
Zotabeachresort.com-0090-2016Redesign;en-US;/failovercheck;38058;1;0
Opalsands.com-0084-2016Redesign;en-US;/failovercheck;38055;1;0
Beverlyhillsresidenceinn.com-0087-2016Redesign;en-US;/Home;20999;1;0
Homewoodsuiteslax.com-0110-2017Redesign;en-US;/Home;30747;1;0
Samosetresort.com-0113-2017Redesign;en-US;/failovercheck;40334;1;0
Lakeplacidlodge.com-0105-2017Redesign;en-US;/failovercheck;39238;1;0
Halcyonhotelcherrycreek.com-0061-2015Redesign;en-US;/Home;22121;1;0
Sandylane.com-0075-2016Redesign;en-US;/Home;17611;1;0
Chrco.com-0107-2017Redesign;en-US;/Home;29280;1;0
Luxehotels.com-0078-2016Redesign;en-US;/Home;18805;1;0
Theharborsidehotel.com-0114-2017Redesign;en-US;/failovercheck;40403;1;0
Treasureislandbeachresort.com-0089-2016Redesign;en-US;/failovercheck;38057;1;0
Broadmoor.com-0073-2016Redesign;en-US;/The-Wilderness-Experiences/Cloud-Camp;18010;1;0
Renaissancepittsburghpa.com-0044-2015Redesign;en-US;/Home;9637;1;0
Sandylane.com-0075-2016Redesign;en-US;/barbados-spa/Fitness-Center;17694;1;0
Theharborsidehotel.com-0114-2017Redesign;en-US;/Home;37571;1;0
Lidobeachresort.com-0106-2017Redesign;en-US;/Special-Offers/Florida-Resident-Special-Book-Online-and-Save;30036;1;0
Hospitalityupgrade.com-0093-2016Redesign;en-US;/Home;25405;1;0
Thelodgeatwoodloch.com-0033-2015Redesign;en-US;/Home;7764;1;0
Napavalleymarriott.com-0071-2016Redesign;en-US;/Home;16432;1;0
Thesagamore.com-0112-2017Redesign;en-US;/failovercheck;39241;1;0
Lidobeachresort.com-0106-2017Redesign;en-US;/failovercheck;38053;1;0
Longboatkeyclub.com-0104-2017Redesign;en-US;/Home;28316;1;0
Lidobeachresort.com-0106-2017Redesign;en-US;/Special-Offers/Florida-Resident-Special-Book-Online-and-Save;30036;1;0
Longboatkeyclub.com-0104-2017Redesign;en-US;/failovercheck;38054;1;0
Broadmoor.com-0073-2016Redesign;en-US;/failovercheck;38059;1;0
Oxfordclubspa.com-0068-2016Redesign;en-US;/Home;15568;1;0
Sandpearl.com-0091-2016Redesign;en-US;/Offers/Special-Offers;22530;1;0
Thelodgeatwoodloch.com-0033-2015Redesign;en-US;/Accommodations/Rooms-Suites;7781;1;0
Cocokeyorlando.com-0059-2015Redesign;en-US;/Home;12394;1;0
Broadmoor.com-0073-2016Redesign;en-US;/Broadmoor-Adventures/Seven-Falls;18259;1;0
Broadmoor.com-0073-2016Redesign;en-US;/Media-Gallery;17269;1;0
Longboatkeyclub.com-0104-2017Redesign;en-US;/404;35641;1;0
Galthouse.com-0042-2015Redesign;en-US;/Home;31905;1;0
Thesagamore.com-0112-2017Redesign;en-US;/Accommodations/The-Castle;33924;1;0
Delraysandsresort.com-0097-2016Redesign;en-US;/failovercheck;38049;1;0
Sandylane.com-0075-2016Redesign;en-US;/Contact-Us;17744;1;0
Thesagamore.com-0112-2017Redesign;en-US;/Home;32339;1;0
Broadmoor.com-0073-2016Redesign;en-US;/Home;16721;1;0
Theharborsidehotel.com-0114-2017Redesign;en-US;/bar-harbor-activities/Acadia-National-Park;38027;1;0
Passport.lehotels.com-0069-2016BlogRedesign;en-US;/failovercheck;41068;1;0
Thesagamore.com-0112-2017Redesign;en-US;/Home;32339;1;0
Sandpearl.com-0091-2016Redesign;en-US;/failovercheck;38056;1;0
Casaybelresort.com-0002-2014Redesign;en-US;/About-Us/Web-Cam;1613;1;0
Hospitalityupgrade.com-0093-2016Redesign;en-US;/Who-We-Are;26760;1;0
Sandpearl.com-0091-2016Redesign;en-US;/Offers/Spa-Offers;22533;1;0
Cendyn.com-0095-2016Redesign;en-US;/Home;26640;1;0
Cendyn.com-0095-2016Redesign;en-US;/Home;26640;1;0
Edgewaternaples.com-0094-2016Redesign;en-US;/activities/Resort-Activities/Pool;25629;1;0
Thesagamore.com-0112-2017Redesign;en-US;/Offers/Special-Offers;32387;1;0
Cendyn.com-0095-2016Redesign;en-US;/Home;26640;1;0
Theharborsidehotel.com-0114-2017Redesign;en-US;/Privacy-Policy;37586;1;0
Cendyn.com-0095-2016Redesign;en-US;/Home;26640;1;0
Cendyn.com-0095-2016Redesign;en-US;/Home;26640;1;0
Thelodgeatwoodloch.com-0033-2015Redesign;en-US;/Spa/Treatments-Services;9847;1;0
Renaissancepittsburghpa.com-0044-2015Redesign;en-US;/Home;9637;1;0
Halcyonhotelcherrycreek.com-0061-2015Redesign;en-US;/denver-hotel-specials;23287;1;0
Springhillsuitesdenver.com-0060-2015Redesign;en-US;/Home;12307;1;0
Meateatery.com-0080-2016Redesign;en-US;/;18505;1;0
Bluebirch.com-0072-2016Redesign;en-US;/Home;16693;1;0
Oxfordclubspa.com-0068-2016Redesign;en-US;/Home;15568;1;0
Chrco.com-0107-2017Redesign;en-US;/Home;29280;1;0
Bocatrans.com-0082-2016Redesign;en-US;/Home;19758;1;0
Hhotellosangeles.com-0118-2017Redesign;en-US;/Home;35289;1;0
Degreerestaurant.com-0056-2015Redesign;en-US;/Home;11598;1;0
Thecrawfordhotel.com-0074-2016Redesign;en-US;/Home;17145;1;0
Glencovemansion.com-0058-2015Redesign;en-US;/Home;13328;1;0
Jupiterbeachresort.com-0103-2017Redesign;en-US;/failovercheck;38052;1;0
Theharborsidehotel.com-0114-2017Redesign;en-US;/failovercheck;40403;1;0
Hospitalityupgrade.com-0093-2016Redesign;en-US;/News/News-Article-Details;22790;1;0
Beverlyhillsresidenceinn.com-0087-2016Redesign;en-US;/Home;20999;1;0
Thecurtis.com-0079-2016Redesign;en-US;/Home;17981;1;0
Texturefoodanddrink.com-0067-2016Redesign;en-US;/Home;15452;1;0
Assuranceoperations.com-0065-2015Redesign;en-US;/Home;15263;1;0
Jbdukehotel.com-0086-2016Redesign;en-US;/Home;21918;1;0
Washingtoncourthotel.com-0076-2016Redesign;en-US;/Home;17858;1;0
Galthouse.com-0042-2015Redesign;en-US;/failovercheck;38060;1;0
Luxehotels.com-0078-2016Redesign;en-US;/Home;18805;1;0
Treasureislandbeachresort.com-0089-2016Redesign;en-US;/failovercheck;38057;1;0
Abbingtonbanquets.com-0070-2016Redesign;en-US;/Home;15789;1;0
Lakeplacidlodge.com-0105-2017Redesign;en-US;/failovercheck;39238;1;0
Naiaresortandspa.com-0077-2016Redesign;en-US;/home;20455;1;0
Theoxfordhotel.com-0062-2015Redesign;en-US;/Home;14325;1;0
Homewoodsuiteslax.com-0110-2017Redesign;en-US;/Home;30747;1;0
Sandylane.com-0075-2016Redesign;en-US;/Home;17611;1;0
Opalsands.com-0084-2016Redesign;en-US;/failovercheck;38055;1;0
Halcyonhotelcherrycreek.com-0061-2015Redesign;en-US;/Home;22121;1;0
Zotabeachresort.com-0090-2016Redesign;en-US;/failovercheck;38058;1;0
Samosetresort.com-0113-2017Redesign;en-US;/failovercheck;40334;1;0
Edgewaternaples.com-0094-2016Redesign;en-US;/failovercheck;38051;1;0
Luxehotels.com-0078-2016Redesign;en-US;/Our-Hotels/Luxe-Sunset-Boulevard-Hotel/Dining;19325;1;0
Broadmoor.com-0073-2016Redesign;en-US;/Special-Packages/Spa-Packages;17450;1;0
Luxehotels.com-0078-2016Redesign;en-US;/Our-Hotels/Luxe-Sunset-Boulevard-Hotel/Special-Offers;19329;1;0
Renaissancepittsburghpa.com-0044-2015Redesign;en-US;/Home;9637;1;0
Halcyonhotelcherrycreek.com-0061-2015Redesign;en-US;/denver-hotel-specials/Digital-Detox;41221;1;0
Hospitalityupgrade.com-0093-2016Redesign;en-US;/techTalk/August-2017/Jordan-Spieth-–-An-Object-Lesson-for-Entrepreneurs;40964;1;0
Springhillsuitesdenver.com-0060-2015Redesign;en-US;/Home;12307;1;0
Broadmoor.com-0073-2016Redesign;en-US;/Broadmoor-Adventures/Seven-Falls/Seven-Falls-Things-To-Do;21233;1;0
Hospitalityupgrade.com-0093-2016Redesign;en-US;/Home;25405;1;0
Halcyonhotelcherrycreek.com-0061-2015Redesign;en-US;/Home;22121;1;0
Halcyonhotelcherrycreek.com-0061-2015Redesign;en-US;/Home;22121;1;0
Napavalleymarriott.com-0071-2016Redesign;en-US;/Home;16432;1;0
Broadmoor.com-0073-2016Redesign;en-US;/failovercheck;38059;1;0
Thesagamore.com-0112-2017Redesign;en-US;/failovercheck;39241;1;0
Longboatkeyclub.com-0104-2017Redesign;en-US;/failovercheck;38054;1;0
Lidobeachresort.com-0106-2017Redesign;en-US;/failovercheck;38053;1;0
Cendyn.com-0095-2016Redesign;en-US;/Home;26640;1;0
Zotabeachresort.com-0090-2016Redesign;en-US;/Home;22357;1;0
Thelodgeatwoodloch.com-0033-2015Redesign;en-US;/Experience/Activities/Speakers-Events/Alaine-Portner,-Author-and-Medium;8370;1;0
Delraysandsresort.com-0097-2016Redesign;en-US;/failovercheck;38049;1;0
Galthouse.com-0042-2015Redesign;en-US;/Home;31905;1;0
Sandpearl.com-0091-2016Redesign;en-US;/failovercheck;38056;1;0
Passport.lehotels.com-0069-2016BlogRedesign;en-US;/failovercheck;41068;1;0
Theloganhotel.com-0043-2015Redesign;en-US;/Philadelphia-Wedding-Venues;9118;1;0
Cendyn.com-0095-2016Redesign;en-US;/Home;26640;1;0
Cendyn.com-0095-2016Redesign;en-US;/Home;26640;1;0
Cendyn.com-0095-2016Redesign;en-US;/Home;26640;1;0
Cendyn.com-0095-2016Redesign;en-US;/Home;26640;1;0
Cendyn.com-0095-2016Redesign;en-US;/Home;26640;1;0
Thesagamore.com-0112-2017Redesign;en-US;/Dining/La-Bella-Vita;33470;1;0
saddlebrook.com-0011-2014Redesign;en-US;/Home;3385;1;0
Broadmoor.com-0073-2016Redesign;en-US;/Donation-Request;17957;1;0
Monarchbeachresort.com-0092-2016Redesign;en-US;/Home;22725;1;0
Bocatrans.com-0082-2016Redesign;en-US;/Home;19758;1;0
Texturefoodanddrink.com-0067-2016Redesign;en-US;/Home;15452;1;0
Washingtoncourthotel.com-0076-2016Redesign;en-US;/Home;17858;1;0
Beverlyhillsresidenceinn.com-0087-2016Redesign;en-US;/Home;20999;1;0
Glencovemansion.com-0058-2015Redesign;en-US;/Home;13328;1;0
Meateatery.com-0080-2016Redesign;en-US;/;18505;1;0
Bluebirch.com-0072-2016Redesign;en-US;/Home;16693;1;0
Theharborsidehotel.com-0114-2017Redesign;en-US;/failovercheck;40403;1;0
Degreerestaurant.com-0056-2015Redesign;en-US;/Home;11598;1;0
Hhotellosangeles.com-0118-2017Redesign;en-US;/Home;35289;1;0
Thecurtis.com-0079-2016Redesign;en-US;/Home;17981;1;0
Assuranceoperations.com-0065-2015Redesign;en-US;/Home;15263;1;0
Thecrawfordhotel.com-0074-2016Redesign;en-US;/Home;17145;1;0
Oxfordclubspa.com-0068-2016Redesign;en-US;/Home;15568;1;0
Homewoodsuiteslax.com-0110-2017Redesign;en-US;/Home;30747;1;0
Theoxfordhotel.com-0062-2015Redesign;en-US;/Home;14325;1;0
Jbdukehotel.com-0086-2016Redesign;en-US;/Home;21918;1;0
Abbingtonbanquets.com-0070-2016Redesign;en-US;/Home;15789;1;0
Naiaresortandspa.com-0077-2016Redesign;en-US;/home;20455;1;0
Galthouse.com-0042-2015Redesign;en-US;/failovercheck;38060;1;0
Edgewaternaples.com-0094-2016Redesign;en-US;/failovercheck;38051;1;0
Samosetresort.com-0113-2017Redesign;en-US;/failovercheck;40334;1;0
Halcyonhotelcherrycreek.com-0061-2015Redesign;en-US;/Home;22121;1;0
Sandylane.com-0075-2016Redesign;en-US;/Home;17611;1;0
Luxehotels.com-0078-2016Redesign;en-US;/Home;18805;1;0
Zotabeachresort.com-0090-2016Redesign;en-US;/failovercheck;38058;1;0
Treasureislandbeachresort.com-0089-2016Redesign;en-US;/failovercheck;38057;1;0
Chrco.com-0107-2017Redesign;en-US;/Home;29280;1;0
Opalsands.com-0084-2016Redesign;en-US;/failovercheck;38055;1;0
Lakeplacidlodge.com-0105-2017Redesign;en-US;/failovercheck;39238;1;0
Jupiterbeachresort.com-0103-2017Redesign;en-US;/failovercheck;38052;1;0
Cocokeyorlando.com-0059-2015Redesign;en-US;/Contact-Us;12488;1;0
Broadmoor.com-0073-2016Redesign;en-US;/Broadmoor-Adventures/Seven-Falls;18259;1;0
Lidobeachresort.com-0106-2017Redesign;en-US;/Home;28666;1;0
Galthouse.com-0042-2015Redesign;en-US;/Home;31905;1;0
Hospitalityupgrade.com-0093-2016Redesign;en-US;/Home;25405;1;0
Napavalleymarriott.com-0071-2016Redesign;en-US;/Home;16432;1;0
Lidobeachresort.com-0106-2017Redesign;en-US;/failovercheck;38053;1;0
Thesagamore.com-0112-2017Redesign;en-US;/failovercheck;39241;1;0
Longboatkeyclub.com-0104-2017Redesign;en-US;/failovercheck;38054;1;0
Thelodgeatwoodloch.com-0033-2015Redesign;en-US;/Spa/Treatments-Services/Massages;9848;1;0
Broadmoor.com-0073-2016Redesign;en-US;/failovercheck;38059;1;0
Thesagamore.com-0112-2017Redesign;en-US;/Special-Offers/Book-Early-and-Save;33568;1;0
Broadmoor.com-0073-2016Redesign;en-US;/Media-Gallery/Accommodations-Gallery;17339;1;0
Thecurtis.com-0079-2016Redesign;en-US;/Home;17981;1;0
Lidobeachresort.com-0106-2017Redesign;en-US;/Home;28666;1;0
Zotabeachresort.com-0090-2016Redesign;en-US;/Home;22357;1;0
Luxehotels.com-0078-2016Redesign;en-US;/Our-Hotels/Luxe-Sunset-Boulevard-Hotel/Dining;19325;1;0
Delraysandsresort.com-0097-2016Redesign;en-US;/failovercheck;38049;1;0
wentworthcom00212014redesign;en-US;/portsmouth-weddings/portsmouth-wedding-venues;4293;1;0
Montaukyachtclub.com-0010-2014Redesign;en-US;/Rooms-Suites-Villas;2280;1;0
Luxehotels.com-0078-2016Redesign;en-US;/Our-Hotels/Luxe-Rodeo-Drive-Hotel;18830;1;0
Monarchbeachresort.com-0092-2016Redesign;en-US;/offers/packages/Monarch-Moments-Package;26800;1;0
Hospitalityupgrade.com-0093-2016Redesign;en-US;/Tech-Providers/Tech-Provider-Details-Redirect;39355;1;0
Passport.lehotels.com-0069-2016BlogRedesign;en-US;/failovercheck;41068;1;0
Sandpearl.com-0091-2016Redesign;en-US;/failovercheck;38056;1;0
Glencovemansion.com-0058-2015Redesign;en-US;/Weddings/Wedding-Packages;13371;1;0
Broadmoor.com-0073-2016Redesign;en-US;/Broadmoor-Adventures/Seven-Falls;18259;1;0
Thesagamore.com-0112-2017Redesign;en-US;/Special-Offers/adkballoon;41020;1;0
Cendyn.com-0095-2016Redesign;en-US;/Home;26640;1;0
Cendyn.com-0095-2016Redesign;en-US;/Home;26640;1;0
Cendyn.com-0095-2016Redesign;en-US;/Home;26640;1;0
Cendyn.com-0095-2016Redesign;en-US;/Home;26640;1;0
Cendyn.com-0095-2016Redesign;en-US;/Home;26640;1;0
Broadmoor.com-0073-2016Redesign;en-US;/Home;16721;1;0
Hospitalityupgrade.com-0093-2016Redesign;en-US;/Tech-Providers/Tech-Provider-Details;31876;1;0
Texturefoodanddrink.com-0067-2016Redesign;en-US;/Home;15452;1;0
Bocatrans.com-0082-2016Redesign;en-US;/Home;19758;1;0
Glencovemansion.com-0058-2015Redesign;en-US;/Home;13328;1;0
Hhotellosangeles.com-0118-2017Redesign;en-US;/Home;35289;1;0
Meateatery.com-0080-2016Redesign;en-US;/;18505;1;0
Washingtoncourthotel.com-0076-2016Redesign;en-US;/Home;17858;1;0
Thecurtis.com-0079-2016Redesign;en-US;/Home;17981;1;0
Degreerestaurant.com-0056-2015Redesign;en-US;/Home;11598;1;0
Samosetresort.com-0113-2017Redesign;en-US;/failovercheck;40334;1;0
Beverlyhillsresidenceinn.com-0087-2016Redesign;en-US;/Home;20999;1;0
Bluebirch.com-0072-2016Redesign;en-US;/Home;16693;1;0
Assuranceoperations.com-0065-2015Redesign;en-US;/Home;15263;1;0
Thecrawfordhotel.com-0074-2016Redesign;en-US;/Home;17145;1;0
Jbdukehotel.com-0086-2016Redesign;en-US;/Home;21918;1;0
Oxfordclubspa.com-0068-2016Redesign;en-US;/Home;15568;1;0
Galthouse.com-0042-2015Redesign;en-US;/failovercheck;38060;1;0
Homewoodsuiteslax.com-0110-2017Redesign;en-US;/Home;30747;1;0
Naiaresortandspa.com-0077-2016Redesign;en-US;/home;20455;1;0
Luxehotels.com-0078-2016Redesign;en-US;/Home;18805;1;0
Treasureislandbeachresort.com-0089-2016Redesign;en-US;/failovercheck;38057;1;0
Theoxfordhotel.com-0062-2015Redesign;en-US;/Home;14325;1;0
Lakeplacidlodge.com-0105-2017Redesign;en-US;/failovercheck;39238;1;0
Abbingtonbanquets.com-0070-2016Redesign;en-US;/Home;15789;1;0
Opalsands.com-0084-2016Redesign;en-US;/failovercheck;38055;1;0
Halcyonhotelcherrycreek.com-0061-2015Redesign;en-US;/Home;22121;1;0
Jupiterbeachresort.com-0103-2017Redesign;en-US;/failovercheck;38052;1;0
Sandylane.com-0075-2016Redesign;en-US;/Home;17611;1;0
Theharborsidehotel.com-0114-2017Redesign;en-US;/failovercheck;40403;1;0
Edgewaternaples.com-0094-2016Redesign;en-US;/failovercheck;38051;1;0
Chrco.com-0107-2017Redesign;en-US;/Home;29280;1;0
Zotabeachresort.com-0090-2016Redesign;en-US;/failovercheck;38058;1;0
Thelodgeatwoodloch.com-0033-2015Redesign;en-US;/About-Us;8253;1;0
Hospitalityupgrade.com-0093-2016Redesign;en-US;/Home;25405;1;0
Lehotels.com-0049-2015Transfer;en-US;/Search;12129;1;0
Hospitalityupgrade.com-0093-2016Redesign;en-US;/Home;25405;1;0
Luxehotels.com-0078-2016Redesign;en-US;/Home;18805;1;0
Luxehotels.com-0078-2016Redesign;en-US;/Home;18805;1;0
Delraysandsresort.com-0097-2016Redesign;en-US;/Offers/Special-Offers;27280;1;0
Napavalleymarriott.com-0071-2016Redesign;en-US;/Home;16432;1;0
Lidobeachresort.com-0106-2017Redesign;en-US;/failovercheck;38053;1;0
Longboatkeyclub.com-0104-2017Redesign;en-US;/failovercheck;38054;1;0
Thesagamore.com-0112-2017Redesign;en-US;/failovercheck;39241;1;0
Montaukyachtclub.com-0010-2014Redesign;en-US;/Home;2240;1;0
Broadmoor.com-0073-2016Redesign;en-US;/failovercheck;38059;1;0
Luxehotels.com-0078-2016Redesign;en-US;/Home;18805;1;0
Luxehotels.com-0078-2016Redesign;en-US;/Home;18805;1;0
Luxehotels.com-0078-2016Redesign;en-US;/Home;18805;1;0
Montaukyachtclub.com-0010-2014Redesign;en-US;/Home;2240;1;0
Montaukyachtclub.com-0010-2014Redesign;en-US;/Home;2240;1;0
Lakeplacidlodge.com-0105-2017Redesign;en-US;/Dining/Artisans;32794;1;0
Delraysandsresort.com-0097-2016Redesign;en-US;/failovercheck;38049;1;0
Montaukyachtclub.com-0010-2014Redesign;en-US;/Home;2240;1;0
Broadmoor.com-0073-2016Redesign;en-US;/Home;16721;1;0
Montaukyachtclub.com-0010-2014Redesign;en-US;/Home;2240;1;0
Washingtoncourthotel.com-0076-2016Redesign;en-US;/Home;17858;1;0
Passport.lehotels.com-0069-2016BlogRedesign;en-US;/failovercheck;41068;1;0
Sandpearl.com-0091-2016Redesign;en-US;/failovercheck;38056;1;0
Treasureislandbeachresort.com-0089-2016Redesign;en-US;/Accommodations;22181;1;0
Montaukyachtclub.com-0010-2014Redesign;en-US;/Home;2240;1;0
Cendyn.com-0095-2016Redesign;en-US;/Home;26640;1;0
Casaybelresort.com-0002-2014Redesign;en-US;/Home;1533;1;0
Cendyn.com-0095-2016Redesign;en-US;/Home;26640;1;0
Cendyn.com-0095-2016Redesign;en-US;/Home;26640;1;0
Cendyn.com-0095-2016Redesign;en-US;/Home;26640;1;0
Cendyn.com-0095-2016Redesign;en-US;/Home;26640;1;0
Montaukyachtclub.com-0010-2014Redesign;en-US;/Home;2240;1;0
Montaukyachtclub.com-0010-2014Redesign;en-US;/Home;2240;1;0
Degreerestaurant.com-0056-2015Redesign;en-US;/Home;11598;1;0
Hhotellosangeles.com-0118-2017Redesign;en-US;/Home;35289;1;0
Sandylane.com-0075-2016Redesign;en-US;/Home;17611;1;0
Glencovemansion.com-0058-2015Redesign;en-US;/Home;13328;1;0
Zotabeachresort.com-0090-2016Redesign;en-US;/failovercheck;38058;1;0
Bluebirch.com-0072-2016Redesign;en-US;/Home;16693;1;0
Bocatrans.com-0082-2016Redesign;en-US;/Home;19758;1;0
Meateatery.com-0080-2016Redesign;en-US;/;18505;1;0
Broadmoor.com-0073-2016Redesign;en-US;/Activities/Golf;16790;1;0
Assuranceoperations.com-0065-2015Redesign;en-US;/Home;15263;1;0
Thecurtis.com-0079-2016Redesign;en-US;/Home;17981;1;0
Washingtoncourthotel.com-0076-2016Redesign;en-US;/Home;17858;1;0
Oxfordclubspa.com-0068-2016Redesign;en-US;/Home;15568;1;0
Beverlyhillsresidenceinn.com-0087-2016Redesign;en-US;/Home;20999;1;0
Chrco.com-0107-2017Redesign;en-US;/Home;29280;1;0
Homewoodsuiteslax.com-0110-2017Redesign;en-US;/Home;30747;1;0
Texturefoodanddrink.com-0067-2016Redesign;en-US;/Home;15452;1;0
Galthouse.com-0042-2015Redesign;en-US;/failovercheck;38060;1;0
Theoxfordhotel.com-0062-2015Redesign;en-US;/Home;14325;1;0
Abbingtonbanquets.com-0070-2016Redesign;en-US;/Home;15789;1;0
Naiaresortandspa.com-0077-2016Redesign;en-US;/home;20455;1;0
Thecrawfordhotel.com-0074-2016Redesign;en-US;/Home;17145;1;0
Jbdukehotel.com-0086-2016Redesign;en-US;/Home;21918;1;0
Halcyonhotelcherrycreek.com-0061-2015Redesign;en-US;/Home;22121;1;0
Luxehotels.com-0078-2016Redesign;en-US;/Home;18805;1;0
Opalsands.com-0084-2016Redesign;en-US;/failovercheck;38055;1;0
Edgewaternaples.com-0094-2016Redesign;en-US;/failovercheck;38051;1;0
Jupiterbeachresort.com-0103-2017Redesign;en-US;/failovercheck;38052;1;0
Lakeplacidlodge.com-0105-2017Redesign;en-US;/failovercheck;39238;1;0
Treasureislandbeachresort.com-0089-2016Redesign;en-US;/failovercheck;38057;1;0
Theharborsidehotel.com-0114-2017Redesign;en-US;/failovercheck;40403;1;0
Samosetresort.com-0113-2017Redesign;en-US;/failovercheck;40334;1;0
Cocokeyorlando.com-0059-2015Redesign;en-US;/Home;12394;1;0
Galthouse.com-0042-2015Redesign;en-US;/Home;31905;1;0
Casaybelresort.com-0002-2014Redesign;en-US;/Home;1533;1;0
Sandpearl.com-0091-2016Redesign;en-US;/Offers/Romance-Offers;22532;1;0
Hospitalityupgrade.com-0093-2016Redesign;en-US;/Home;25405;1;0
Delraysandsresort.com-0097-2016Redesign;en-US;/Accommodations/Guest-Rooms;28289;1;0
Napavalleymarriott.com-0071-2016Redesign;en-US;/Home;16432;1;0
Lidobeachresort.com-0106-2017Redesign;en-US;/failovercheck;38053;1;0
Thesagamore.com-0112-2017Redesign;en-US;/failovercheck;39241;1;0
Longboatkeyclub.com-0104-2017Redesign;en-US;/failovercheck;38054;1;0
Laxembassy.com-0008-2014Redesign;en-US;/Home;2037;1;0
Broadmoor.com-0073-2016Redesign;en-US;/failovercheck;38059;1;0
Thelodgeatwoodloch.com-0033-2015Redesign;en-US;/Experience/Activities/Speakers-Events/Jana-Hexter,-Multi-Sentient-Intuitive;17432;1;0
Broadmoor.com-0073-2016Redesign;en-US;/Meetings-Events/Celebration-at-The-Broadmoor/Catering;18165;1;0
Hospitalityupgrade.com-0093-2016Redesign;en-US;/News;22774;1;0
Washingtondukeinn.com-0024-2014Redesign;en-US;/Durham-Fine-Dining/Fairview-Dining-Room;4738;1;0
Broadmoor.com-0073-2016Redesign;en-US;/Special-Packages/Spa-Packages/Spa-Classic-Retreat-Summer-2016-(1);23734;1;0
Delraysandsresort.com-0097-2016Redesign;en-US;/failovercheck;38049;1;0
Broadmoor.com-0073-2016Redesign;en-US;/Home;16721;1;0
Passport.lehotels.com-0069-2016BlogRedesign;en-US;/failovercheck;41068;1;0
Sandpearl.com-0091-2016Redesign;en-US;/failovercheck;38056;1;0
Montaukyachtclub.com-0010-2014Redesign;en-US;/Home;2240;1;0
Cendyn.com-0095-2016Redesign;en-US;/Home;26640;1;0
Cendyn.com-0095-2016Redesign;en-US;/Home;26640;1;0
Cendyn.com-0095-2016Redesign;en-US;/Home;26640;1;0
Cendyn.com-0095-2016Redesign;en-US;/Home;26640;1;0
Cendyn.com-0095-2016Redesign;en-US;/Home;26640;1;0
Montaukyachtclub.com-0010-2014Redesign;en-US;/Home;2240;1;0
Cocokeyorlando.com-0059-2015Redesign;en-US;/Terms-Conditions;12489;1;0
Hhotellosangeles.com-0118-2017Redesign;en-US;/Home;35289;1;0
Glencovemansion.com-0058-2015Redesign;en-US;/Home;13328;1;0
Thecurtis.com-0079-2016Redesign;en-US;/Home;17981;1;0
Galthouse.com-0042-2015Redesign;en-US;/failovercheck;38060;1;0
Oxfordclubspa.com-0068-2016Redesign;en-US;/Home;15568;1;0
Degreerestaurant.com-0056-2015Redesign;en-US;/Home;11598;1;0
Luxehotels.com-0078-2016Redesign;en-US;/Home;18805;1;0
Beverlyhillsresidenceinn.com-0087-2016Redesign;en-US;/Home;20999;1;0
Homewoodsuiteslax.com-0110-2017Redesign;en-US;/Home;30747;1;0
Chrco.com-0107-2017Redesign;en-US;/Home;29280;1;0
Bluebirch.com-0072-2016Redesign;en-US;/Home;16693;1;0
Theoxfordhotel.com-0062-2015Redesign;en-US;/Home;14325;1;0
Sandylane.com-0075-2016Redesign;en-US;/Home;17611;1;0
Assuranceoperations.com-0065-2015Redesign;en-US;/Home;15263;1;0
Naiaresortandspa.com-0077-2016Redesign;en-US;/home;20455;1;0
Abbingtonbanquets.com-0070-2016Redesign;en-US;/Home;15789;1;0
Thecrawfordhotel.com-0074-2016Redesign;en-US;/Home;17145;1;0
Meateatery.com-0080-2016Redesign;en-US;/;18505;1;0
Bocatrans.com-0082-2016Redesign;en-US;/Home;19758;1;0
Treasureislandbeachresort.com-0089-2016Redesign;en-US;/failovercheck;38057;1;0
Opalsands.com-0084-2016Redesign;en-US;/failovercheck;38055;1;0
Texturefoodanddrink.com-0067-2016Redesign;en-US;/Home;15452;1;0
Jbdukehotel.com-0086-2016Redesign;en-US;/Home;21918;1;0
Edgewaternaples.com-0094-2016Redesign;en-US;/failovercheck;38051;1;0
Washingtoncourthotel.com-0076-2016Redesign;en-US;/Home;17858;1;0
Halcyonhotelcherrycreek.com-0061-2015Redesign;en-US;/Home;22121;1;0
Lakeplacidlodge.com-0105-2017Redesign;en-US;/failovercheck;39238;1;0
Theharborsidehotel.com-0114-2017Redesign;en-US;/failovercheck;40403;1;0
Samosetresort.com-0113-2017Redesign;en-US;/failovercheck;40334;1;0
Jupiterbeachresort.com-0103-2017Redesign;en-US;/failovercheck;38052;1;0
Zotabeachresort.com-0090-2016Redesign;en-US;/failovercheck;38058;1;0
Broadmoor.com-0073-2016Redesign;en-US;/Home;16721;1;0
Thesagamore.com-0112-2017Redesign;en-US;/Accommodations;32351;1;0
Hospitalityupgrade.com-0093-2016Redesign;en-US;/Home;25405;1;0
Monarchbeachresort.com-0092-2016Redesign;en-US;/Home;22725;1;0
Thesagamore.com-0112-2017Redesign;en-US;/Home;32339;1;0
Napavalleymarriott.com-0071-2016Redesign;en-US;/Home;16432;1;0
Longboatkeyclub.com-0104-2017Redesign;en-US;/failovercheck;38054;1;0
Thesagamore.com-0112-2017Redesign;en-US;/failovercheck;39241;1;0
Lidobeachresort.com-0106-2017Redesign;en-US;/failovercheck;38053;1;0
Broadmoor.com-0073-2016Redesign;en-US;/failovercheck;38059;1;0
Thesagamore.com-0112-2017Redesign;en-US;/Offers;32346;1;0
Delraysandsresort.com-0097-2016Redesign;en-US;/failovercheck;38049;1;0
Galthouse.com-0042-2015Redesign;en-US;/Home;31905;1;0
Lakeplacidlodge.com-0105-2017Redesign;en-US;/Events/Weddings;32799;1;0
Sandpearl.com-0091-2016Redesign;en-US;/failovercheck;38056;1;0
Passport.lehotels.com-0069-2016BlogRedesign;en-US;/failovercheck;41068;1;0
Broadmoor.com-0073-2016Redesign;en-US;/Media-Gallery/Webcam;17344;1;0
Cendyn.com-0095-2016Redesign;en-US;/Home;26640;1;0
Cendyn.com-0095-2016Redesign;en-US;/Home;26640;1;0
Cendyn.com-0095-2016Redesign;en-US;/Home;26640;1;0
Cendyn.com-0095-2016Redesign;en-US;/Home;26640;1;0
Cendyn.com-0095-2016Redesign;en-US;/Home;26640;1;0
Degreerestaurant.com-0056-2015Redesign;en-US;/Home;11598;1;0
Texturefoodanddrink.com-0067-2016Redesign;en-US;/Home;15452;1;0
Thecurtis.com-0079-2016Redesign;en-US;/Home;17981;1;0
Bluebirch.com-0072-2016Redesign;en-US;/Home;16693;1;0
Hhotellosangeles.com-0118-2017Redesign;en-US;/Home;35289;1;0
Meateatery.com-0080-2016Redesign;en-US;/;18505;1;0
Glencovemansion.com-0058-2015Redesign;en-US;/Home;13328;1;0
Thecrawfordhotel.com-0074-2016Redesign;en-US;/Home;17145;1;0
Washingtoncourthotel.com-0076-2016Redesign;en-US;/Home;17858;1;0
Assuranceoperations.com-0065-2015Redesign;en-US;/Home;15263;1;0
Bocatrans.com-0082-2016Redesign;en-US;/Home;19758;1;0
Galthouse.com-0042-2015Redesign;en-US;/failovercheck;38060;1;0
Oxfordclubspa.com-0068-2016Redesign;en-US;/Home;15568;1;0
Beverlyhillsresidenceinn.com-0087-2016Redesign;en-US;/Home;20999;1;0
Abbingtonbanquets.com-0070-2016Redesign;en-US;/Home;15789;1;0
Theoxfordhotel.com-0062-2015Redesign;en-US;/Home;14325;1;0
Homewoodsuiteslax.com-0110-2017Redesign;en-US;/Home;30747;1;0
Jbdukehotel.com-0086-2016Redesign;en-US;/Home;21918;1;0
Luxehotels.com-0078-2016Redesign;en-US;/Home;18805;1;0
Sandylane.com-0075-2016Redesign;en-US;/Home;17611;1;0
Halcyonhotelcherrycreek.com-0061-2015Redesign;en-US;/Home;22121;1;0
Chrco.com-0107-2017Redesign;en-US;/Home;29280;1;0
Treasureislandbeachresort.com-0089-2016Redesign;en-US;/failovercheck;38057;1;0
Naiaresortandspa.com-0077-2016Redesign;en-US;/home;20455;1;0
Jupiterbeachresort.com-0103-2017Redesign;en-US;/failovercheck;38052;1;0
Samosetresort.com-0113-2017Redesign;en-US;/failovercheck;40334;1;0
Lakeplacidlodge.com-0105-2017Redesign;en-US;/failovercheck;39238;1;0
Theharborsidehotel.com-0114-2017Redesign;en-US;/failovercheck;40403;1;0
Zotabeachresort.com-0090-2016Redesign;en-US;/failovercheck;38058;1;0
Opalsands.com-0084-2016Redesign;en-US;/failovercheck;38055;1;0
Thelodgeatwoodloch.com-0033-2015Redesign;en-US;/About-Us;8253;1;0
Edgewaternaples.com-0094-2016Redesign;en-US;/failovercheck;38051;1;0
Hospitalityupgrade.com-0093-2016Redesign;en-US;/Home;25405;1;0
Hospitalityupgrade.com-0093-2016Redesign;en-US;/techTalk/August-2017/Wow-Factor-Website-–-What-s-the-Secret;41270;1;0
Napavalleymarriott.com-0071-2016Redesign;en-US;/Home;16432;1;0
Broadmoor.com-0073-2016Redesign;en-US;/failovercheck;38059;1;0
Lidobeachresort.com-0106-2017Redesign;en-US;/failovercheck;38053;1;0
Longboatkeyclub.com-0104-2017Redesign;en-US;/failovercheck;38054;1;0
Thesagamore.com-0112-2017Redesign;en-US;/failovercheck;39241;1;0
Thesagamore.com-0112-2017Redesign;en-US;/Home;32339;1;0
Cphollywoodbeach.com-0032-2015Redesign;en-US;/Gallery/Web-Cam;7831;1;0
Thesagamore.com-0112-2017Redesign;en-US;/Home;32339;1;0
Thesagamore.com-0112-2017Redesign;en-US;/Offers/Special-Offers;32387;1;0
Cendyn.com-0095-2016Redesign;en-US;/Home;26640;1;0
Thesagamore.com-0112-2017Redesign;en-US;/Home;32339;1;0
Delraysandsresort.com-0097-2016Redesign;en-US;/failovercheck;38049;1;0
wentworthcom00212014redesign;en-US;/portsmouth-photo-gallery;4253;1;0
Treasureislandbeachresort.com-0089-2016Redesign;en-US;/Accommodations/Gulf-View;22201;1;0
Thesagamore.com-0112-2017Redesign;en-US;/Home;32339;1;0
Thesagamore.com-0112-2017Redesign;en-US;/Special-Offers/BOGO-Fall-Savings-at-The-Sagamore;41584;1;0
Passport.lehotels.com-0069-2016BlogRedesign;en-US;/failovercheck;41068;1;0
Sandpearl.com-0091-2016Redesign;en-US;/failovercheck;38056;1;0
Cendyn.com-0095-2016Redesign;en-US;/Home;26640;1;0
Cendyn.com-0095-2016Redesign;en-US;/Home;26640;1;0
Cendyn.com-0095-2016Redesign;en-US;/Home;26640;1;0
Cendyn.com-0095-2016Redesign;en-US;/Home;26640;1;0
Cendyn.com-0095-2016Redesign;en-US;/Home;26640;1;0
Montaukyachtclub.com-0010-2014Redesign;en-US;/Rooms-Suites-Villas;2280;1;0
Thesagamore.com-0112-2017Redesign;en-US;/Home;32339;1;0
Broadmoor.com-0073-2016Redesign;en-US;/Careers;16738;1;0
Degreerestaurant.com-0056-2015Redesign;en-US;/Home;11598;1;0
Bluebirch.com-0072-2016Redesign;en-US;/Home;16693;1;0
Theoxfordhotel.com-0062-2015Redesign;en-US;/Home;14325;1;0
Bocatrans.com-0082-2016Redesign;en-US;/Home;19758;1;0
Thecurtis.com-0079-2016Redesign;en-US;/Home;17981;1;0
Homewoodsuiteslax.com-0110-2017Redesign;en-US;/Home;30747;1;0
Thesagamore.com-0112-2017Redesign;en-US;/Accommodations/Lodge-Rooms-and-Suites;33922;1;0
Jbdukehotel.com-0086-2016Redesign;en-US;/Home;21918;1;0
Halcyonhotelcherrycreek.com-0061-2015Redesign;en-US;/Home;22121;1;0
Texturefoodanddrink.com-0067-2016Redesign;en-US;/Home;15452;1;0
Treasureislandbeachresort.com-0089-2016Redesign;en-US;/failovercheck;38057;1;0
Samosetresort.com-0113-2017Redesign;en-US;/failovercheck;40334;1;0
Chrco.com-0107-2017Redesign;en-US;/Home;29280;1;0
Glencovemansion.com-0058-2015Redesign;en-US;/Home;13328;1;0
Thecrawfordhotel.com-0074-2016Redesign;en-US;/Home;17145;1;0
Meateatery.com-0080-2016Redesign;en-US;/;18505;1;0
Hhotellosangeles.com-0118-2017Redesign;en-US;/Home;35289;1;0
Washingtoncourthotel.com-0076-2016Redesign;en-US;/Home;17858;1;0
Oxfordclubspa.com-0068-2016Redesign;en-US;/Home;15568;1;0
Naiaresortandspa.com-0077-2016Redesign;en-US;/home;20455;1;0
Abbingtonbanquets.com-0070-2016Redesign;en-US;/Home;15789;1;0
Jupiterbeachresort.com-0103-2017Redesign;en-US;/failovercheck;38052;1;0
Galthouse.com-0042-2015Redesign;en-US;/failovercheck;38060;1;0
Luxehotels.com-0078-2016Redesign;en-US;/Home;18805;1;0
Assuranceoperations.com-0065-2015Redesign;en-US;/Home;15263;1;0
Beverlyhillsresidenceinn.com-0087-2016Redesign;en-US;/Home;20999;1;0
Cocokeyorlando.com-0059-2015Redesign;en-US;/Home;12394;1;0
Sandylane.com-0075-2016Redesign;en-US;/Home;17611;1;0
Zotabeachresort.com-0090-2016Redesign;en-US;/failovercheck;38058;1;0
Edgewaternaples.com-0094-2016Redesign;en-US;/failovercheck;38051;1;0
Lakeplacidlodge.com-0105-2017Redesign;en-US;/failovercheck;39238;1;0
Theharborsidehotel.com-0114-2017Redesign;en-US;/failovercheck;40403;1;0
Opalsands.com-0084-2016Redesign;en-US;/failovercheck;38055;1;0
Delraysandsresort.com-0097-2016Redesign;en-US;/Special-Offers/Days-on-the-Sands-Nights-on-the-Ave;27268;1;0
Hospitalityupgrade.com-0093-2016Redesign;en-US;/Home;25405;1;0
Thelodgeatwoodloch.com-0033-2015Redesign;en-US;/hawley-packages/Midweek-Magic;8265;1;0
Hospitalityupgrade.com-0093-2016Redesign;en-US;/techTalk/December-2016/That’s-Your-Opinion…-sort-of;33075;1;0
Napavalleymarriott.com-0071-2016Redesign;en-US;/Home;16432;1;0
Longboatkeyclub.com-0104-2017Redesign;en-US;/failovercheck;38054;1;0
Lidobeachresort.com-0106-2017Redesign;en-US;/failovercheck;38053;1;0
Thesagamore.com-0112-2017Redesign;en-US;/failovercheck;39241;1;0
Broadmoor.com-0073-2016Redesign;en-US;/failovercheck;38059;1;0
Sandylane.com-0075-2016Redesign;en-US;/barbados-spa/experience;17693;1;0
Thelodgeatwoodloch.com-0033-2015Redesign;en-US;/Home;7764;1;0
Delraysandsresort.com-0097-2016Redesign;en-US;/failovercheck;38049;1;0
Halcyonhotelcherrycreek.com-0061-2015Redesign;en-US;/denver-hotel-specials;23287;1;0
Halcyonhotelcherrycreek.com-0061-2015Redesign;en-US;/Home;22121;1;0
Passport.lehotels.com-0069-2016BlogRedesign;en-US;/failovercheck;41068;1;0
Sandpearl.com-0091-2016Redesign;en-US;/failovercheck;38056;1;0
Sandpearl.com-0091-2016Redesign;en-US;/Offers/Spa-Offers;22533;1;0
Cendyn.com-0095-2016Redesign;en-US;/Home;26640;1;0
Cendyn.com-0095-2016Redesign;en-US;/Home;26640;1;0
Cendyn.com-0095-2016Redesign;en-US;/Home;26640;1;0
Cendyn.com-0095-2016Redesign;en-US;/Home;26640;1;0
Cendyn.com-0095-2016Redesign;en-US;/Home;26640;1;0
Sandpearl.com-0091-2016Redesign;en-US;/Offers/Romance-Offers;22532;1;0
Thecurtis.com-0079-2016Redesign;en-US;/Dining;18372;1;0
Meateatery.com-0080-2016Redesign;en-US;/;18505;1;0
Homewoodsuiteslax.com-0110-2017Redesign;en-US;/Home;30747;1;0
Glencovemansion.com-0058-2015Redesign;en-US;/Home;13328;1;0
Degreerestaurant.com-0056-2015Redesign;en-US;/Home;11598;1;0
Hhotellosangeles.com-0118-2017Redesign;en-US;/Home;35289;1;0
Bluebirch.com-0072-2016Redesign;en-US;/Home;16693;1;0
Thecurtis.com-0079-2016Redesign;en-US;/Home;17981;1;0
Thecrawfordhotel.com-0074-2016Redesign;en-US;/Home;17145;1;0
Texturefoodanddrink.com-0067-2016Redesign;en-US;/Home;15452;1;0
Sandylane.com-0075-2016Redesign;en-US;/Home;17611;1;0
Bocatrans.com-0082-2016Redesign;en-US;/Home;19758;1;0
Assuranceoperations.com-0065-2015Redesign;en-US;/Home;15263;1;0
Theoxfordhotel.com-0062-2015Redesign;en-US;/Home;14325;1;0
Washingtoncourthotel.com-0076-2016Redesign;en-US;/Home;17858;1;0
Jbdukehotel.com-0086-2016Redesign;en-US;/Home;21918;1;0
Oxfordclubspa.com-0068-2016Redesign;en-US;/Home;15568;1;0
Abbingtonbanquets.com-0070-2016Redesign;en-US;/Home;15789;1;0
Chrco.com-0107-2017Redesign;en-US;/Home;29280;1;0
Halcyonhotelcherrycreek.com-0061-2015Redesign;en-US;/Home;22121;1;0
Jupiterbeachresort.com-0103-2017Redesign;en-US;/failovercheck;38052;1;0
Galthouse.com-0042-2015Redesign;en-US;/failovercheck;38060;1;0
Beverlyhillsresidenceinn.com-0087-2016Redesign;en-US;/Home;20999;1;0
Edgewaternaples.com-0094-2016Redesign;en-US;/failovercheck;38051;1;0
Opalsands.com-0084-2016Redesign;en-US;/failovercheck;38055;1;0
Zotabeachresort.com-0090-2016Redesign;en-US;/failovercheck;38058;1;0
Naiaresortandspa.com-0077-2016Redesign;en-US;/home;20455;1;0
Lakeplacidlodge.com-0105-2017Redesign;en-US;/failovercheck;39238;1;0
Luxehotels.com-0078-2016Redesign;en-US;/Home;18805;1;0
Treasureislandbeachresort.com-0089-2016Redesign;en-US;/failovercheck;38057;1;0
Theharborsidehotel.com-0114-2017Redesign;en-US;/failovercheck;40403;1;0
Samosetresort.com-0113-2017Redesign;en-US;/failovercheck;40334;1;0
Hospitalityupgrade.com-0093-2016Redesign;en-US;/techTalk/February-2015/Loyalty-–-Do-your-Travel-Providers-Have-What-It-Ta;33215;1;0
Thesagamore.com-0112-2017Redesign;en-US;/Home;32339;1;0
Cphollywoodbeach.com-0032-2015Redesign;en-US;/Gallery/Web-Cam;7831;1;0
Hospitalityupgrade.com-0093-2016Redesign;en-US;/Home;25405;1;0
Cocokeyorlando.com-0059-2015Redesign;en-US;/Home;12394;1;0
Luxehotels.com-0078-2016Redesign;en-US;/Our-Hotels/Luxe-Rodeo-Drive-Hotel;18830;1;0
Delraysandsresort.com-0097-2016Redesign;en-US;/Activities/Beach;27288;1;0
Napavalleymarriott.com-0071-2016Redesign;en-US;/Home;16432;1;0
Longboatkeyclub.com-0104-2017Redesign;en-US;/failovercheck;38054;1;0
Cocokeyorlando.com-0059-2015Redesign;en-US;/Home;12394;1;0
Thesagamore.com-0112-2017Redesign;en-US;/failovercheck;39241;1;0
Lidobeachresort.com-0106-2017Redesign;en-US;/failovercheck;38053;1;0
Thesagamore.com-0112-2017Redesign;en-US;/Accommodations/Historic-Main-Hotel;33921;1;0
Broadmoor.com-0073-2016Redesign;en-US;/failovercheck;38059;1;0
Luxehotels.com-0078-2016Redesign;en-US;/Our-Hotels/Luxe-Rodeo-Drive-Hotel;18830;1;0
Thesagamore.com-0112-2017Redesign;en-US;/Home;32339;1;0
Unionstationhotelnashville.com-0047-2015Redesign;en-US;/Home;32226;1;0
Broadmoor.com-0073-2016Redesign;en-US;/The-Resort;16724;1;0
Delraysandsresort.com-0097-2016Redesign;en-US;/failovercheck;38049;1;0
Monarchbeachresort.com-0092-2016Redesign;en-US;/careers;22992;1;0
Passport.lehotels.com-0069-2016BlogRedesign;en-US;/failovercheck;41068;1;0
Sandpearl.com-0091-2016Redesign;en-US;/failovercheck;38056;1;0
Hospitalityupgrade.com-0093-2016Redesign;en-US;/techTalk/June-2017/Top-Five Reasons-Not-to-Use-Hotel-Template-Website;40102;1;0
Cendyn.com-0095-2016Redesign;en-US;/Home;26640;1;0
Cendyn.com-0095-2016Redesign;en-US;/Home;26640;1;0
Cendyn.com-0095-2016Redesign;en-US;/Home;26640;1;0
Thesagamore.com-0112-2017Redesign;en-US;/Home;32339;1;0
Cendyn.com-0095-2016Redesign;en-US;/Home;26640;1;0
Cendyn.com-0095-2016Redesign;en-US;/Home;26640;1;0
Luxehotels.com-0078-2016Redesign;en-US;/Our-Hotels/Luxe-Sunset-Boulevard-Hotel;18833;1;0
Thesagamore.com-0112-2017Redesign;en-US;/About-Us;32355;1;0
Meateatery.com-0080-2016Redesign;en-US;/;18505;1;0
Homewoodsuiteslax.com-0110-2017Redesign;en-US;/Home;30747;1;0
Theoxfordhotel.com-0062-2015Redesign;en-US;/Home;14325;1;0
Glencovemansion.com-0058-2015Redesign;en-US;/Home;13328;1;0
Assuranceoperations.com-0065-2015Redesign;en-US;/Home;15263;1;0
Beverlyhillsresidenceinn.com-0087-2016Redesign;en-US;/Home;20999;1;0
Washingtoncourthotel.com-0076-2016Redesign;en-US;/Home;17858;1;0
Sandylane.com-0075-2016Redesign;en-US;/Home;17611;1;0
Naiaresortandspa.com-0077-2016Redesign;en-US;/home;20455;1;0
Jbdukehotel.com-0086-2016Redesign;en-US;/Home;21918;1;0
Luxehotels.com-0078-2016Redesign;en-US;/Home;18805;1;0
Thecurtis.com-0079-2016Redesign;en-US;/Home;17981;1;0
Hhotellosangeles.com-0118-2017Redesign;en-US;/Home;35289;1;0
Degreerestaurant.com-0056-2015Redesign;en-US;/Home;11598;1;0
Bluebirch.com-0072-2016Redesign;en-US;/Home;16693;1;0
Chrco.com-0107-2017Redesign;en-US;/Home;29280;1;0
Samosetresort.com-0113-2017Redesign;en-US;/failovercheck;40334;1;0
Texturefoodanddrink.com-0067-2016Redesign;en-US;/Home;15452;1;0
Bocatrans.com-0082-2016Redesign;en-US;/Home;19758;1;0
Thecrawfordhotel.com-0074-2016Redesign;en-US;/Home;17145;1;0
Oxfordclubspa.com-0068-2016Redesign;en-US;/Home;15568;1;0
Abbingtonbanquets.com-0070-2016Redesign;en-US;/Home;15789;1;0
Galthouse.com-0042-2015Redesign;en-US;/failovercheck;38060;1;0
Halcyonhotelcherrycreek.com-0061-2015Redesign;en-US;/Home;22121;1;0
Opalsands.com-0084-2016Redesign;en-US;/failovercheck;38055;1;0
Theharborsidehotel.com-0114-2017Redesign;en-US;/failovercheck;40403;1;0
Jupiterbeachresort.com-0103-2017Redesign;en-US;/failovercheck;38052;1;0
Zotabeachresort.com-0090-2016Redesign;en-US;/failovercheck;38058;1;0
Lakeplacidlodge.com-0105-2017Redesign;en-US;/failovercheck;39238;1;0
Treasureislandbeachresort.com-0089-2016Redesign;en-US;/failovercheck;38057;1;0
Edgewaternaples.com-0094-2016Redesign;en-US;/failovercheck;38051;1;0
Broadmoor.com-0073-2016Redesign;en-US;/Broadmoor-Adventures/Pikes-Peak-Cog-Railway;16753;1;0
Thesagamore.com-0112-2017Redesign;en-US;/Home;32339;1;0
Hospitalityupgrade.com-0093-2016Redesign;en-US;/Home;25405;1;0
Napavalleymarriott.com-0071-2016Redesign;en-US;/Home;16432;1;0
Lidobeachresort.com-0106-2017Redesign;en-US;/failovercheck;38053;1;0
Longboatkeyclub.com-0104-2017Redesign;en-US;/failovercheck;38054;1;0
Thesagamore.com-0112-2017Redesign;en-US;/failovercheck;39241;1;0
Broadmoor.com-0073-2016Redesign;en-US;/failovercheck;38059;1;0
Ecommerce.saddlebrook.com-0028-2014ShoppingCart;en-US;/Products/Gift-Card;6316;1;0
Hospitalityupgrade.com-0093-2016Redesign;en-US;/techTalk/March-2016/Pre-Opening-Sensation-–-Buzz-to-Boom!;33135;1;0
Zotabeachresort.com-0090-2016Redesign;en-US;/Home;22357;1;0
Delraysandsresort.com-0097-2016Redesign;en-US;/failovercheck;38049;1;0
Broadmoor.com-0073-2016Redesign;en-US;/Contact-Us;16742;1;0
Samosetresort.com-0113-2017Redesign;en-US;/Home;32541;1;0
Broadmoor.com-0073-2016Redesign;en-US;/Events-Calendar;20418;1;0
Passport.lehotels.com-0069-2016BlogRedesign;en-US;/failovercheck;41068;1;0
Sandpearl.com-0091-2016Redesign;en-US;/failovercheck;38056;1;0
Broadmoor.com-0073-2016Redesign;en-US;/Home;16721;1;0
Cendyn.com-0095-2016Redesign;en-US;/Home;26640;1;0
Cendyn.com-0095-2016Redesign;en-US;/Home;26640;1;0
Cendyn.com-0095-2016Redesign;en-US;/Home;26640;1;0
Cendyn.com-0095-2016Redesign;en-US;/Home;26640;1;0
Cendyn.com-0095-2016Redesign;en-US;/Home;26640;1;0
Degreerestaurant.com-0056-2015Redesign;en-US;/Home;11598;1;0
Assuranceoperations.com-0065-2015Redesign;en-US;/Home;15263;1;0
Meateatery.com-0080-2016Redesign;en-US;/;18505;1;0
Hhotellosangeles.com-0118-2017Redesign;en-US;/Home;35289;1;0
Bluebirch.com-0072-2016Redesign;en-US;/Home;16693;1;0
Theoxfordhotel.com-0062-2015Redesign;en-US;/Home;14325;1;0
Glencovemansion.com-0058-2015Redesign;en-US;/Home;13328;1;0
Zotabeachresort.com-0090-2016Redesign;en-US;/failovercheck;38058;1;0
Thecurtis.com-0079-2016Redesign;en-US;/Home;17981;1;0
Thecrawfordhotel.com-0074-2016Redesign;en-US;/Home;17145;1;0
Chrco.com-0107-2017Redesign;en-US;/Home;29280;1;0
Texturefoodanddrink.com-0067-2016Redesign;en-US;/Home;15452;1;0
Naiaresortandspa.com-0077-2016Redesign;en-US;/home;20455;1;0
Beverlyhillsresidenceinn.com-0087-2016Redesign;en-US;/Home;20999;1;0
Jbdukehotel.com-0086-2016Redesign;en-US;/Home;21918;1;0
Edgewaternaples.com-0094-2016Redesign;en-US;/failovercheck;38051;1;0
Samosetresort.com-0113-2017Redesign;en-US;/failovercheck;40334;1;0
Lakeplacidlodge.com-0105-2017Redesign;en-US;/failovercheck;39238;1;0
Bocatrans.com-0082-2016Redesign;en-US;/Home;19758;1;0
Galthouse.com-0042-2015Redesign;en-US;/failovercheck;38060;1;0
Halcyonhotelcherrycreek.com-0061-2015Redesign;en-US;/Home;22121;1;0
Oxfordclubspa.com-0068-2016Redesign;en-US;/Home;15568;1;0
Homewoodsuiteslax.com-0110-2017Redesign;en-US;/Home;30747;1;0
Luxehotels.com-0078-2016Redesign;en-US;/Home;18805;1;0
Jupiterbeachresort.com-0103-2017Redesign;en-US;/failovercheck;38052;1;0
Washingtoncourthotel.com-0076-2016Redesign;en-US;/Home;17858;1;0
Opalsands.com-0084-2016Redesign;en-US;/failovercheck;38055;1;0
Sandylane.com-0075-2016Redesign;en-US;/Home;17611;1;0
Abbingtonbanquets.com-0070-2016Redesign;en-US;/Home;15789;1;0
Hi-nyc.com-0108-2017Redesogm;en-US;/Home;30080;1;0
Casaybelresort.com-0002-2014Redesign;en-US;/About-Us/Web-Cam;1613;1;0
Treasureislandbeachresort.com-0089-2016Redesign;en-US;/failovercheck;38057;1;0
Theharborsidehotel.com-0114-2017Redesign;en-US;/failovercheck;40403;1;0
Hospitalityupgrade.com-0093-2016Redesign;en-US;/Home;25405;1;0
Thesagamore.com-0112-2017Redesign;en-US;/Home;32339;1;0
Sandylane.com-0075-2016Redesign;en-US;/Home;17611;1;0
Hospitalityupgrade.com-0093-2016Redesign;en-US;/techTalk/May-2015/Leadership-Tip-Culture…-It-is-More-Business-Than-Y;33201;1;0
Napavalleymarriott.com-0071-2016Redesign;en-US;/Home;16432;1;0
Thesagamore.com-0112-2017Redesign;en-US;/failovercheck;39241;1;0
Longboatkeyclub.com-0104-2017Redesign;en-US;/failovercheck;38054;1;0
Lidobeachresort.com-0106-2017Redesign;en-US;/failovercheck;38053;1;0
Broadmoor.com-0073-2016Redesign;en-US;/failovercheck;38059;1;0
Broadmoor.com-0073-2016Redesign;en-US;/The-Resort/Resort-Map;16731;1;0
Thesagamore.com-0112-2017Redesign;en-US;/Special-Offers/Key-to-Luxury;33567;1;0
Thesagamore.com-0112-2017Redesign;en-US;/Home;32339;1;0
Delraysandsresort.com-0097-2016Redesign;en-US;/failovercheck;38049;1;0
Zotabeachresort.com-0090-2016Redesign;en-US;/Home;22357;1;0
Monarchbeachresort.com-0092-2016Redesign;en-US;/about/directions-map;22983;1;0
Theoxfordhotel.com-0062-2015Redesign;en-US;/Home;14325;1;0
Passport.lehotels.com-0069-2016BlogRedesign;en-US;/failovercheck;41068;1;0
Sandpearl.com-0091-2016Redesign;en-US;/failovercheck;38056;1;0
Casaybelresort.com-0002-2014Redesign;en-US;/Home;1533;1;0
Cendyn.com-0095-2016Redesign;en-US;/Home;26640;1;0
Cendyn.com-0095-2016Redesign;en-US;/Home;26640;1;0
Cendyn.com-0095-2016Redesign;en-US;/Home;26640;1;0
Cendyn.com-0095-2016Redesign;en-US;/Home;26640;1;0
Cendyn.com-0095-2016Redesign;en-US;/Home;26640;1;0
Thecurtis.com-0079-2016Redesign;en-US;/Home;17981;1;0
Halcyonhotelcherrycreek.com-0061-2015Redesign;en-US;/denver-hotel-specials/Group-Promotion;36057;1;0
