Broadmoor.com-0073-2016Redesign;en-US;/Home;16721;1;0
Delraysandsresort.com-0097-2016Redesign;en-US;/failovercheck;38049;1;0
Passport.lehotels.com-0069-2016BlogRedesign;en-US;/failovercheck;41068;1;0
Cendyn.com-0095-2016Redesign;en-US;/Home;26640;1;0
Cendyn.com-0095-2016Redesign;en-US;/Home;26640;1;0
Cendyn.com-0095-2016Redesign;en-US;/Home;26640;1;0
Cendyn.com-0095-2016Redesign;en-US;/Home;26640;1;0
Galthouse.com-0042-2015Redesign;en-US;/Contact-Us;10602;1;0
Marriottkeylargo.com-0015-2014Redesign;en-US;/Mobile/HOME;3964;1;0
Sandpearl.com-0091-2016Redesign;en-US;/failovercheck;38056;1;0
Oxfordclubspa.com-0068-2016Redesign;en-US;/Home;15568;1;0
Cendyn.com-0095-2016Redesign;en-US;/Home;26640;1;0
Newyorkpalacemeetings.com-0045-2015Redesign;en-US;/Meetings/One-on-One-Meetings;9243;1;0
Sandpearl.com-0091-2016Redesign;en-US;/About-Us;22497;1;0
Hhotellosangeles.com-0118-2017Redesign;en-US;/Home;35289;1;0
Glencovemansion.com-0058-2015Redesign;en-US;/Home;13328;1;0
Galthouse.com-0042-2015Redesign;en-US;/failovercheck;38060;1;0
Beverlyhillsresidenceinn.com-0087-2016Redesign;en-US;/Home;20999;1;0
Luxehotels.com-0078-2016Redesign;en-US;/Home;18805;1;0
Zotabeachresort.com-0090-2016Redesign;en-US;/failovercheck;38058;1;0
Samosetresort.com-0113-2017Redesign;en-US;/failovercheck;40334;1;0
Lakeplacidlodge.com-0105-2017Redesign;en-US;/failovercheck;39238;1;0
Abbingtonbanquets.com-0070-2016Redesign;en-US;/Home;15789;1;0
Homewoodsuiteslax.com-0110-2017Redesign;en-US;/Home;30747;1;0
Treasureislandbeachresort.com-0089-2016Redesign;en-US;/failovercheck;38057;1;0
Naiaresortandspa.com-0077-2016Redesign;en-US;/home;20455;1;0
Jupiterbeachresort.com-0103-2017Redesign;en-US;/failovercheck;38052;1;0
Washingtoncourthotel.com-0076-2016Redesign;en-US;/Home;17858;1;0
Degreerestaurant.com-0056-2015Redesign;en-US;/Home;11598;1;0
Thecurtis.com-0079-2016Redesign;en-US;/Home;17981;1;0
Meateatery.com-0080-2016Redesign;en-US;/;18505;1;0
Bluebirch.com-0072-2016Redesign;en-US;/Home;16693;1;0
Texturefoodanddrink.com-0067-2016Redesign;en-US;/Home;15452;1;0
Jbdukehotel.com-0086-2016Redesign;en-US;/Home;21918;1;0
Assuranceoperations.com-0065-2015Redesign;en-US;/Home;15263;1;0
Thecrawfordhotel.com-0074-2016Redesign;en-US;/Home;17145;1;0
Bocatrans.com-0082-2016Redesign;en-US;/Home;19758;1;0
Oxfordclubspa.com-0068-2016Redesign;en-US;/Home;15568;1;0
Theoxfordhotel.com-0062-2015Redesign;en-US;/Home;14325;1;0
Chrco.com-0107-2017Redesign;en-US;/Home;29280;1;0
Halcyonhotelcherrycreek.com-0061-2015Redesign;en-US;/Home;22121;1;0
Sandylane.com-0075-2016Redesign;en-US;/Home;17611;1;0
Edgewaternaples.com-0094-2016Redesign;en-US;/failovercheck;38051;1;0
Opalsands.com-0084-2016Redesign;en-US;/failovercheck;38055;1;0
Theharborsidehotel.com-0114-2017Redesign;en-US;/failovercheck;40403;1;0
Hospitalityupgrade.com-0093-2016Redesign;en-US;/Home;25405;1;0
Cendyn.com-0095-2016Redesign;en-US;/Home;26640;1;0
Broadmoor.com-0073-2016Redesign;en-US;/failovercheck;38059;1;0
Lidobeachresort.com-0106-2017Redesign;en-US;/failovercheck;38053;1;0
Napavalleymarriott.com-0071-2016Redesign;en-US;/Home;16432;1;0
Thesagamore.com-0112-2017Redesign;en-US;/failovercheck;39241;1;0
Longboatkeyclub.com-0104-2017Redesign;en-US;/failovercheck;38054;1;0
Cendyn.com-0095-2016Redesign;en-US;/Home;26640;1;0
Passport.lehotels.com-0069-2016BlogRedesign;en-US;/failovercheck;41068;1;0
Delraysandsresort.com-0097-2016Redesign;en-US;/failovercheck;38049;1;0
Cendyn.com-0095-2016Redesign;en-US;/Home;26640;1;0
Cendyn.com-0095-2016Redesign;en-US;/Home;26640;1;0
Cendyn.com-0095-2016Redesign;en-US;/Home;26640;1;0
Cendyn.com-0095-2016Redesign;en-US;/Home;26640;1;0
Luxehotels.com-0078-2016Redesign;en-US;/Our-Hotels/Luxe-Rodeo-Drive-Hotel/Stay;18943;1;0
Sandpearl.com-0091-2016Redesign;en-US;/failovercheck;38056;1;0
Theharborsidehotel.com-0114-2017Redesign;en-US;/Home;37571;1;0
Montaukyachtclub.com-0010-2014Redesign;en-US;/Home;2240;1;0
Theharborsidehotel.com-0114-2017Redesign;en-US;/Home;37571;1;0
Hhotellosangeles.com-0118-2017Redesign;en-US;/Home;35289;1;0
Abbingtonbanquets.com-0070-2016Redesign;en-US;/Home;15789;1;0
Glencovemansion.com-0058-2015Redesign;en-US;/Home;13328;1;0
Homewoodsuiteslax.com-0110-2017Redesign;en-US;/Home;30747;1;0
Washingtoncourthotel.com-0076-2016Redesign;en-US;/Home;17858;1;0
Treasureislandbeachresort.com-0089-2016Redesign;en-US;/failovercheck;38057;1;0
Thecurtis.com-0079-2016Redesign;en-US;/Home;17981;1;0
Zotabeachresort.com-0090-2016Redesign;en-US;/failovercheck;38058;1;0
Galthouse.com-0042-2015Redesign;en-US;/failovercheck;38060;1;0
Degreerestaurant.com-0056-2015Redesign;en-US;/Home;11598;1;0
Lakeplacidlodge.com-0105-2017Redesign;en-US;/failovercheck;39238;1;0
Jbdukehotel.com-0086-2016Redesign;en-US;/Home;21918;1;0
Assuranceoperations.com-0065-2015Redesign;en-US;/Home;15263;1;0
Jupiterbeachresort.com-0103-2017Redesign;en-US;/failovercheck;38052;1;0
Naiaresortandspa.com-0077-2016Redesign;en-US;/home;20455;1;0
Texturefoodanddrink.com-0067-2016Redesign;en-US;/Home;15452;1;0
Oxfordclubspa.com-0068-2016Redesign;en-US;/Home;15568;1;0
Halcyonhotelcherrycreek.com-0061-2015Redesign;en-US;/Home;22121;1;0
Thecrawfordhotel.com-0074-2016Redesign;en-US;/Home;17145;1;0
Sandylane.com-0075-2016Redesign;en-US;/Home;17611;1;0
Opalsands.com-0084-2016Redesign;en-US;/failovercheck;38055;1;0
Bocatrans.com-0082-2016Redesign;en-US;/Home;19758;1;0
Hospitalityupgrade.com-0093-2016Redesign;en-US;/HU-Events/CIO-Summit;33544;1;0
Luxehotels.com-0078-2016Redesign;en-US;/Home;18805;1;0
Meateatery.com-0080-2016Redesign;en-US;/;18505;1;0
Bluebirch.com-0072-2016Redesign;en-US;/Home;16693;1;0
Chrco.com-0107-2017Redesign;en-US;/Home;29280;1;0
Theoxfordhotel.com-0062-2015Redesign;en-US;/Home;14325;1;0
Beverlyhillsresidenceinn.com-0087-2016Redesign;en-US;/Home;20999;1;0
Edgewaternaples.com-0094-2016Redesign;en-US;/failovercheck;38051;1;0
Theharborsidehotel.com-0114-2017Redesign;en-US;/failovercheck;40403;1;0
Samosetresort.com-0113-2017Redesign;en-US;/failovercheck;40334;1;0
Beverlyhillsresidenceinn.com-0087-2016Redesign;en-US;/Accommodations;21043;1;0
Hospitalityupgrade.com-0093-2016Redesign;en-US;/Tech-Providers;26754;1;0
Hospitalityupgrade.com-0093-2016Redesign;en-US;/Home;25405;1;0
Broadmoor.com-0073-2016Redesign;en-US;/failovercheck;38059;1;0
Napavalleymarriott.com-0071-2016Redesign;en-US;/Home;16432;1;0
Thesagamore.com-0112-2017Redesign;en-US;/failovercheck;39241;1;0
Lidobeachresort.com-0106-2017Redesign;en-US;/failovercheck;38053;1;0
Longboatkeyclub.com-0104-2017Redesign;en-US;/failovercheck;38054;1;0
Cendyn.com-0095-2016Redesign;en-US;/Home;26640;1;0
Hospitalityupgrade.com-0093-2016Redesign;en-US;/Magazine/Magazine-Article;37631;1;0
Hospitalityupgrade.com-0093-2016Redesign;en-US;/techTalk/August-2017/How-Hotels-Can-Enhance-the-Guest-Experience-Wi-(1);41608;1;0
Theloganhotel.com-0043-2015Redesign;en-US;/Home;20218;1;0
Delraysandsresort.com-0097-2016Redesign;en-US;/failovercheck;38049;1;0
Lakeplacidlodge.com-0105-2017Redesign;en-US;/Home;28545;1;0
Passport.lehotels.com-0069-2016BlogRedesign;en-US;/failovercheck;41068;1;0
Cendyn.com-0095-2016Redesign;en-US;/Home;26640;1;0
Cendyn.com-0095-2016Redesign;en-US;/Home;26640;1;0
Cendyn.com-0095-2016Redesign;en-US;/Home;26640;1;0
Cendyn.com-0095-2016Redesign;en-US;/Home;26640;1;0
Casaybelresort.com-0002-2014Redesign;en-US;/Weddings-Events;1602;1;0
Jbdukehotel.com-0086-2016Redesign;en-US;/Gallery/Stay-Gallery;21939;1;0
Sandpearl.com-0091-2016Redesign;en-US;/failovercheck;38056;1;0
Abbingtonbanquets.com-0070-2016Redesign;en-US;/Home;15789;1;0
Homewoodsuiteslax.com-0110-2017Redesign;en-US;/Home;30747;1;0
Naiaresortandspa.com-0077-2016Redesign;en-US;/home;20455;1;0
Bluebirch.com-0072-2016Redesign;en-US;/Home;16693;1;0
Halcyonhotelcherrycreek.com-0061-2015Redesign;en-US;/Home;22121;1;0
Jupiterbeachresort.com-0103-2017Redesign;en-US;/failovercheck;38052;1;0
Degreerestaurant.com-0056-2015Redesign;en-US;/Home;11598;1;0
Luxehotels.com-0078-2016Redesign;en-US;/Home;18805;1;0
Washingtoncourthotel.com-0076-2016Redesign;en-US;/Home;17858;1;0
Beverlyhillsresidenceinn.com-0087-2016Redesign;en-US;/Home;20999;1;0
Thecurtis.com-0079-2016Redesign;en-US;/Home;17981;1;0
Theharborsidehotel.com-0114-2017Redesign;en-US;/failovercheck;40403;1;0
Galthouse.com-0042-2015Redesign;en-US;/failovercheck;38060;1;0
Chrco.com-0107-2017Redesign;en-US;/Home;29280;1;0
Hhotellosangeles.com-0118-2017Redesign;en-US;/Home;35289;1;0
Thecrawfordhotel.com-0074-2016Redesign;en-US;/Home;17145;1;0
Meateatery.com-0080-2016Redesign;en-US;/;18505;1;0
Bocatrans.com-0082-2016Redesign;en-US;/Home;19758;1;0
Theoxfordhotel.com-0062-2015Redesign;en-US;/Home;14325;1;0
Texturefoodanddrink.com-0067-2016Redesign;en-US;/Home;15452;1;0
Oxfordclubspa.com-0068-2016Redesign;en-US;/Home;15568;1;0
Assuranceoperations.com-0065-2015Redesign;en-US;/Home;15263;1;0
Edgewaternaples.com-0094-2016Redesign;en-US;/failovercheck;38051;1;0
Treasureislandbeachresort.com-0089-2016Redesign;en-US;/failovercheck;38057;1;0
Samosetresort.com-0113-2017Redesign;en-US;/failovercheck;40334;1;0
Glencovemansion.com-0058-2015Redesign;en-US;/Home;13328;1;0
Lakeplacidlodge.com-0105-2017Redesign;en-US;/failovercheck;39238;1;0
Jbdukehotel.com-0086-2016Redesign;en-US;/Home;21918;1;0
Opalsands.com-0084-2016Redesign;en-US;/failovercheck;38055;1;0
Zotabeachresort.com-0090-2016Redesign;en-US;/failovercheck;38058;1;0
Sandylane.com-0075-2016Redesign;en-US;/Home;17611;1;0
Hospitalityupgrade.com-0093-2016Redesign;en-US;/Home;25405;1;0
Broadmoor.com-0073-2016Redesign;en-US;/failovercheck;38059;1;0
Napavalleymarriott.com-0071-2016Redesign;en-US;/Home;16432;1;0
Thesagamore.com-0112-2017Redesign;en-US;/failovercheck;39241;1;0
Lidobeachresort.com-0106-2017Redesign;en-US;/failovercheck;38053;1;0
Longboatkeyclub.com-0104-2017Redesign;en-US;/failovercheck;38054;1;0
Cendyn.com-0095-2016Redesign;en-US;/Home;26640;1;0
Sandpearl.com-0091-2016Redesign;en-US;/Home;22481;1;0
Delraysandsresort.com-0097-2016Redesign;en-US;/failovercheck;38049;1;0
Passport.lehotels.com-0069-2016BlogRedesign;en-US;/failovercheck;41068;1;0
Cendyn.com-0095-2016Redesign;en-US;/Home;26640;1;0
Cendyn.com-0095-2016Redesign;en-US;/Home;26640;1;0
Cendyn.com-0095-2016Redesign;en-US;/Home;26640;1;0
Cendyn.com-0095-2016Redesign;en-US;/Home;26640;1;0
Sandpearl.com-0091-2016Redesign;en-US;/Home;22481;1;0
Sandpearl.com-0091-2016Redesign;en-US;/failovercheck;38056;1;0
Bluebirch.com-0072-2016Redesign;en-US;/Home;16693;1;0
Hhotellosangeles.com-0118-2017Redesign;en-US;/Home;35289;1;0
Glencovemansion.com-0058-2015Redesign;en-US;/Home;13328;1;0
Thecrawfordhotel.com-0074-2016Redesign;en-US;/Home;17145;1;0
Texturefoodanddrink.com-0067-2016Redesign;en-US;/Home;15452;1;0
Bocatrans.com-0082-2016Redesign;en-US;/Home;19758;1;0
Chrco.com-0107-2017Redesign;en-US;/Home;29280;1;0
Degreerestaurant.com-0056-2015Redesign;en-US;/Home;11598;1;0
Halcyonhotelcherrycreek.com-0061-2015Redesign;en-US;/Home;22121;1;0
Theoxfordhotel.com-0062-2015Redesign;en-US;/Home;14325;1;0
Galthouse.com-0042-2015Redesign;en-US;/failovercheck;38060;1;0
Jbdukehotel.com-0086-2016Redesign;en-US;/Home;21918;1;0
Sandylane.com-0075-2016Redesign;en-US;/Home;17611;1;0
Edgewaternaples.com-0094-2016Redesign;en-US;/failovercheck;38051;1;0
Meateatery.com-0080-2016Redesign;en-US;/;18505;1;0
Naiaresortandspa.com-0077-2016Redesign;en-US;/home;20455;1;0
Zotabeachresort.com-0090-2016Redesign;en-US;/failovercheck;38058;1;0
Washingtoncourthotel.com-0076-2016Redesign;en-US;/Home;17858;1;0
Homewoodsuiteslax.com-0110-2017Redesign;en-US;/Home;30747;1;0
Opalsands.com-0084-2016Redesign;en-US;/failovercheck;38055;1;0
Lakeplacidlodge.com-0105-2017Redesign;en-US;/failovercheck;39238;1;0
Treasureislandbeachresort.com-0089-2016Redesign;en-US;/failovercheck;38057;1;0
Thecurtis.com-0079-2016Redesign;en-US;/Home;17981;1;0
Beverlyhillsresidenceinn.com-0087-2016Redesign;en-US;/Home;20999;1;0
Abbingtonbanquets.com-0070-2016Redesign;en-US;/Home;15789;1;0
Assuranceoperations.com-0065-2015Redesign;en-US;/Home;15263;1;0
Luxehotels.com-0078-2016Redesign;en-US;/Home;18805;1;0
Oxfordclubspa.com-0068-2016Redesign;en-US;/Home;15568;1;0
Theharborsidehotel.com-0114-2017Redesign;en-US;/failovercheck;40403;1;0
Jupiterbeachresort.com-0103-2017Redesign;en-US;/failovercheck;38052;1;0
Samosetresort.com-0113-2017Redesign;en-US;/failovercheck;40334;1;0
Hospitalityupgrade.com-0093-2016Redesign;en-US;/Home;25405;1;0
Thesagamore.com-0112-2017Redesign;en-US;/Activities/Golf;33444;1;0
Broadmoor.com-0073-2016Redesign;en-US;/failovercheck;38059;1;0
Napavalleymarriott.com-0071-2016Redesign;en-US;/Home;16432;1;0
Longboatkeyclub.com-0104-2017Redesign;en-US;/failovercheck;38054;1;0
Lidobeachresort.com-0106-2017Redesign;en-US;/failovercheck;38053;1;0
Thesagamore.com-0112-2017Redesign;en-US;/failovercheck;39241;1;0
Cendyn.com-0095-2016Redesign;en-US;/Home;26640;1;0
Springhillsuitesdenver.com-0060-2015Redesign;en-US;/Home;12307;1;0
Delraysandsresort.com-0097-2016Redesign;en-US;/failovercheck;38049;1;0
Passport.lehotels.com-0069-2016BlogRedesign;en-US;/failovercheck;41068;1;0
Cendyn.com-0095-2016Redesign;en-US;/Home;26640;1;0
Cendyn.com-0095-2016Redesign;en-US;/Home;26640;1;0
Cendyn.com-0095-2016Redesign;en-US;/Home;26640;1;0
Cendyn.com-0095-2016Redesign;en-US;/Home;26640;1;0
Cphollywoodbeach.com-0032-2015Redesign;en-US;/Gallery/Web-Cam;7831;1;0
Thecrawfordhotel.com-0074-2016Redesign;en-US;/Home;17145;1;0
Hospitalityupgrade.com-0093-2016Redesign;en-US;/News/News-Article-Details;22790;1;0
Sandylane.com-0075-2016Redesign;en-US;/Home;17611;1;0
Sandpearl.com-0091-2016Redesign;en-US;/failovercheck;38056;1;0
Hospitalityupgrade.com-0093-2016Redesign;en-US;/techTalk/August-2017/How-Hotels-Can-Enhance-the-Guest-Experience-Wi-(1);41608;1;0
Cendyn.com-0095-2016Redesign;en-US;/Home;26640;1;0
Cphollywoodbeach.com-0032-2015Redesign;en-US;/Gallery/Web-Cam;7831;1;0
Sandpearl.com-0091-2016Redesign;en-US;/Home;22481;1;0
Degreerestaurant.com-0056-2015Redesign;en-US;/Home;11598;1;0
Hhotellosangeles.com-0118-2017Redesign;en-US;/Home;35289;1;0
Texturefoodanddrink.com-0067-2016Redesign;en-US;/Home;15452;1;0
Oxfordclubspa.com-0068-2016Redesign;en-US;/Home;15568;1;0
Glencovemansion.com-0058-2015Redesign;en-US;/Home;13328;1;0
Chrco.com-0107-2017Redesign;en-US;/Home;29280;1;0
Meateatery.com-0080-2016Redesign;en-US;/;18505;1;0
Theoxfordhotel.com-0062-2015Redesign;en-US;/Home;14325;1;0
Bluebirch.com-0072-2016Redesign;en-US;/Home;16693;1;0
Washingtoncourthotel.com-0076-2016Redesign;en-US;/Home;17858;1;0
Halcyonhotelcherrycreek.com-0061-2015Redesign;en-US;/Home;22121;1;0
Jbdukehotel.com-0086-2016Redesign;en-US;/Home;21918;1;0
Thecurtis.com-0079-2016Redesign;en-US;/Home;17981;1;0
Galthouse.com-0042-2015Redesign;en-US;/failovercheck;38060;1;0
Naiaresortandspa.com-0077-2016Redesign;en-US;/home;20455;1;0
Bocatrans.com-0082-2016Redesign;en-US;/Home;19758;1;0
Homewoodsuiteslax.com-0110-2017Redesign;en-US;/Home;30747;1;0
Assuranceoperations.com-0065-2015Redesign;en-US;/Home;15263;1;0
Sandylane.com-0075-2016Redesign;en-US;/Home;17611;1;0
Zotabeachresort.com-0090-2016Redesign;en-US;/failovercheck;38058;1;0
Edgewaternaples.com-0094-2016Redesign;en-US;/failovercheck;38051;1;0
Beverlyhillsresidenceinn.com-0087-2016Redesign;en-US;/Home;20999;1;0
Lakeplacidlodge.com-0105-2017Redesign;en-US;/failovercheck;39238;1;0
Opalsands.com-0084-2016Redesign;en-US;/failovercheck;38055;1;0
Abbingtonbanquets.com-0070-2016Redesign;en-US;/Home;15789;1;0
Thecrawfordhotel.com-0074-2016Redesign;en-US;/Home;17145;1;0
Luxehotels.com-0078-2016Redesign;en-US;/Home;18805;1;0
Treasureislandbeachresort.com-0089-2016Redesign;en-US;/failovercheck;38057;1;0
Theharborsidehotel.com-0114-2017Redesign;en-US;/failovercheck;40403;1;0
Jupiterbeachresort.com-0103-2017Redesign;en-US;/failovercheck;38052;1;0
Samosetresort.com-0113-2017Redesign;en-US;/failovercheck;40334;1;0
Hospitalityupgrade.com-0093-2016Redesign;en-US;/Home;25405;1;0
Thelodgeatwoodloch.com-0033-2015Redesign;en-US;/Experience/Activities;8257;1;0
Springhillsuitesdenver.com-0060-2015Redesign;en-US;/denver-accommodations;12336;1;0
Broadmoor.com-0073-2016Redesign;en-US;/failovercheck;38059;1;0
Napavalleymarriott.com-0071-2016Redesign;en-US;/Home;16432;1;0
Lidobeachresort.com-0106-2017Redesign;en-US;/failovercheck;38053;1;0
Thesagamore.com-0112-2017Redesign;en-US;/failovercheck;39241;1;0
Longboatkeyclub.com-0104-2017Redesign;en-US;/failovercheck;38054;1;0
Cendyn.com-0095-2016Redesign;en-US;/Home;26640;1;0
Hospitalityupgrade.com-0093-2016Redesign;en-US;/News;22774;1;0
Montaukyachtclub.com-0010-2014Redesign;en-US;/About-Myc/Contact;2449;1;0
Montaukyachtclub.com-0010-2014Redesign;en-US;/Home;2240;1;0
Luxehotels.com-0078-2016Redesign;en-US;/Our-Hotels;19208;1;0
Delraysandsresort.com-0097-2016Redesign;en-US;/failovercheck;38049;1;0
Thesagamore.com-0112-2017Redesign;en-US;/Special-Offers/awesome-autumn;33577;1;0
Passport.lehotels.com-0069-2016BlogRedesign;en-US;/failovercheck;41068;1;0
Cendyn.com-0095-2016Redesign;en-US;/Home;26640;1;0
Cendyn.com-0095-2016Redesign;en-US;/Home;26640;1;0
Cendyn.com-0095-2016Redesign;en-US;/Home;26640;1;0
Cendyn.com-0095-2016Redesign;en-US;/Home;26640;1;0
Sandpearl.com-0091-2016Redesign;en-US;/failovercheck;38056;1;0
Cendyn.com-0095-2016Redesign;en-US;/Home;26640;1;0
Thesagamore.com-0112-2017Redesign;en-US;/Home;32339;1;0
Cendyn.com-0095-2016Redesign;en-US;/Home;26640;1;0
Oxfordclubspa.com-0068-2016Redesign;en-US;/Home;15568;1;0
Thecrawfordhotel.com-0074-2016Redesign;en-US;/Home;17145;1;0
Glencovemansion.com-0058-2015Redesign;en-US;/Home;13328;1;0
Bluebirch.com-0072-2016Redesign;en-US;/Home;16693;1;0
Texturefoodanddrink.com-0067-2016Redesign;en-US;/Home;15452;1;0
Halcyonhotelcherrycreek.com-0061-2015Redesign;en-US;/Home;22121;1;0
Jbdukehotel.com-0086-2016Redesign;en-US;/Home;21918;1;0
Meateatery.com-0080-2016Redesign;en-US;/;18505;1;0
Washingtoncourthotel.com-0076-2016Redesign;en-US;/Home;17858;1;0
Galthouse.com-0042-2015Redesign;en-US;/failovercheck;38060;1;0
Chrco.com-0107-2017Redesign;en-US;/Home;29280;1;0
Luxehotels.com-0078-2016Redesign;en-US;/Home;18805;1;0
Thecurtis.com-0079-2016Redesign;en-US;/Home;17981;1;0
Cendyn.com-0095-2016Redesign;en-US;/Resources/Library/An-Easy-Guide-to-Benchmarking-CRM-Solutions-for-Ho;27813;1;0
Homewoodsuiteslax.com-0110-2017Redesign;en-US;/Home;30747;1;0
Theoxfordhotel.com-0062-2015Redesign;en-US;/Home;14325;1;0
Bocatrans.com-0082-2016Redesign;en-US;/Home;19758;1;0
Naiaresortandspa.com-0077-2016Redesign;en-US;/home;20455;1;0
Sandylane.com-0075-2016Redesign;en-US;/Home;17611;1;0
Degreerestaurant.com-0056-2015Redesign;en-US;/Home;11598;1;0
Opalsands.com-0084-2016Redesign;en-US;/failovercheck;38055;1;0
Samosetresort.com-0113-2017Redesign;en-US;/failovercheck;40334;1;0
Theharborsidehotel.com-0114-2017Redesign;en-US;/failovercheck;40403;1;0
Assuranceoperations.com-0065-2015Redesign;en-US;/Home;15263;1;0
Abbingtonbanquets.com-0070-2016Redesign;en-US;/Home;15789;1;0
Hhotellosangeles.com-0118-2017Redesign;en-US;/Home;35289;1;0
Beverlyhillsresidenceinn.com-0087-2016Redesign;en-US;/Home;20999;1;0
Bellemontfarm.com-0007-2013Redesign;en-US;/Homepage;11497;1;0
Zotabeachresort.com-0090-2016Redesign;en-US;/failovercheck;38058;1;0
Edgewaternaples.com-0094-2016Redesign;en-US;/failovercheck;38051;1;0
Lakeplacidlodge.com-0105-2017Redesign;en-US;/failovercheck;39238;1;0
Treasureislandbeachresort.com-0089-2016Redesign;en-US;/failovercheck;38057;1;0
Jupiterbeachresort.com-0103-2017Redesign;en-US;/failovercheck;38052;1;0
Cphollywoodbeach.com-0032-2015Redesign;en-US;/Gallery/Web-Cam;7831;1;0
Hospitalityupgrade.com-0093-2016Redesign;en-US;/Home;25405;1;0
Thesagamore.com-0112-2017Redesign;en-US;/Home;32339;1;0
Sandylane.com-0075-2016Redesign;en-US;/Home;17611;1;0
Napavalleymarriott.com-0071-2016Redesign;en-US;/Home;16432;1;0
Lidobeachresort.com-0106-2017Redesign;en-US;/failovercheck;38053;1;0
Thesagamore.com-0112-2017Redesign;en-US;/failovercheck;39241;1;0
Longboatkeyclub.com-0104-2017Redesign;en-US;/failovercheck;38054;1;0
Cendyn.com-0095-2016Redesign;en-US;/Home;26640;1;0
Cocokeyorlando.com-0059-2015Redesign;en-US;/Water-Park;12406;1;0
Broadmoor.com-0073-2016Redesign;en-US;/failovercheck;38059;1;0
Delraysandsresort.com-0097-2016Redesign;en-US;/failovercheck;38049;1;0
Passport.lehotels.com-0069-2016BlogRedesign;en-US;/failovercheck;41068;1;0
Cendyn.com-0095-2016Redesign;en-US;/Home;26640;1;0
Cendyn.com-0095-2016Redesign;en-US;/Home;26640;1;0
Cendyn.com-0095-2016Redesign;en-US;/Home;26640;1;0
Cendyn.com-0095-2016Redesign;en-US;/Home;26640;1;0
Montaukyachtclub.com-0010-2014Redesign;en-US;/Weddings;2383;1;0
Sandpearl.com-0091-2016Redesign;en-US;/failovercheck;38056;1;0
Theharborsidehotel.com-0114-2017Redesign;en-US;/Home;37571;1;0
Sandylane.com-0075-2016Redesign;en-US;/Home;17611;1;0
Oxfordclubspa.com-0068-2016Redesign;en-US;/Home;15568;1;0
Thecrawfordhotel.com-0074-2016Redesign;en-US;/Home;17145;1;0
Galthouse.com-0042-2015Redesign;en-US;/failovercheck;38060;1;0
Thecurtis.com-0079-2016Redesign;en-US;/Home;17981;1;0
Halcyonhotelcherrycreek.com-0061-2015Redesign;en-US;/Home;22121;1;0
Texturefoodanddrink.com-0067-2016Redesign;en-US;/Home;15452;1;0
Sandylane.com-0075-2016Redesign;en-US;/Home;17611;1;0
Chrco.com-0107-2017Redesign;en-US;/Home;29280;1;0
Luxehotels.com-0078-2016Redesign;en-US;/Home;18805;1;0
Homewoodsuiteslax.com-0110-2017Redesign;en-US;/Home;30747;1;0
Samosetresort.com-0113-2017Redesign;en-US;/failovercheck;40334;1;0
Degreerestaurant.com-0056-2015Redesign;en-US;/Home;11598;1;0
Opalsands.com-0084-2016Redesign;en-US;/failovercheck;38055;1;0
Cendyn.com-0095-2016Redesign;en-US;/Home;26640;1;0
Naiaresortandspa.com-0077-2016Redesign;en-US;/home;20455;1;0
Hhotellosangeles.com-0118-2017Redesign;en-US;/Home;35289;1;0
Glencovemansion.com-0058-2015Redesign;en-US;/Home;13328;1;0
Washingtoncourthotel.com-0076-2016Redesign;en-US;/Home;17858;1;0
Theoxfordhotel.com-0062-2015Redesign;en-US;/Home;14325;1;0
Abbingtonbanquets.com-0070-2016Redesign;en-US;/Home;15789;1;0
Treasureislandbeachresort.com-0089-2016Redesign;en-US;/failovercheck;38057;1;0
Lakeplacidlodge.com-0105-2017Redesign;en-US;/failovercheck;39238;1;0
Bluebirch.com-0072-2016Redesign;en-US;/Home;16693;1;0
Jbdukehotel.com-0086-2016Redesign;en-US;/Home;21918;1;0
Bocatrans.com-0082-2016Redesign;en-US;/Home;19758;1;0
Beverlyhillsresidenceinn.com-0087-2016Redesign;en-US;/Home;20999;1;0
Zotabeachresort.com-0090-2016Redesign;en-US;/failovercheck;38058;1;0
Theharborsidehotel.com-0114-2017Redesign;en-US;/failovercheck;40403;1;0
Meateatery.com-0080-2016Redesign;en-US;/;18505;1;0
Edgewaternaples.com-0094-2016Redesign;en-US;/failovercheck;38051;1;0
Jupiterbeachresort.com-0103-2017Redesign;en-US;/failovercheck;38052;1;0
Assuranceoperations.com-0065-2015Redesign;en-US;/Home;15263;1;0
Opalsands.com-0084-2016Redesign;en-US;/Home;20171;1;0
Hospitalityupgrade.com-0093-2016Redesign;en-US;/Home;25405;1;0
Broadmoor.com-0073-2016Redesign;en-US;/failovercheck;38059;1;0
Sandpearl.com-0091-2016Redesign;en-US;/Accommodations/Amenities;25376;1;0
Lakeplacidlodge.com-0105-2017Redesign;en-US;/Home;28545;1;0
Napavalleymarriott.com-0071-2016Redesign;en-US;/Home;16432;1;0
Lidobeachresort.com-0106-2017Redesign;en-US;/failovercheck;38053;1;0
Thesagamore.com-0112-2017Redesign;en-US;/failovercheck;39241;1;0
Longboatkeyclub.com-0104-2017Redesign;en-US;/failovercheck;38054;1;0
Cendyn.com-0095-2016Redesign;en-US;/Home;26640;1;0
Assuranceoperations.com-0065-2015Redesign;en-US;/Home;15263;1;0
Theharborsidehotel.com-0114-2017Redesign;en-US;/Home;37571;1;0
Galthouse.com-0042-2015Redesign;en-US;/Meetings-Groups;10578;1;0
Passport.lehotels.com-0069-2016BlogRedesign;en-US;/failovercheck;41068;1;0
Delraysandsresort.com-0097-2016Redesign;en-US;/failovercheck;38049;1;0
Cendyn.com-0095-2016Redesign;en-US;/Home;26640;1;0
Cendyn.com-0095-2016Redesign;en-US;/Home;26640;1;0
Cendyn.com-0095-2016Redesign;en-US;/Home;26640;1;0
Cendyn.com-0095-2016Redesign;en-US;/Home;26640;1;0
Hospitalityupgrade.com-0093-2016Redesign;en-US;/techTalk/August-2017/How-Hotels-Can-Enhance-the-Guest-Experience-Wi-(1);41608;1;0
Sandpearl.com-0091-2016Redesign;en-US;/failovercheck;38056;1;0
Oxfordclubspa.com-0068-2016Redesign;en-US;/Home;15568;1;0
Thecurtis.com-0079-2016Redesign;en-US;/Home;17981;1;0
Thecrawfordhotel.com-0074-2016Redesign;en-US;/Home;17145;1;0
Galthouse.com-0042-2015Redesign;en-US;/failovercheck;38060;1;0
Treasureislandbeachresort.com-0089-2016Redesign;en-US;/failovercheck;38057;1;0
Texturefoodanddrink.com-0067-2016Redesign;en-US;/Home;15452;1;0
Opalsands.com-0084-2016Redesign;en-US;/failovercheck;38055;1;0
Halcyonhotelcherrycreek.com-0061-2015Redesign;en-US;/Home;22121;1;0
Homewoodsuiteslax.com-0110-2017Redesign;en-US;/Home;30747;1;0
Chrco.com-0107-2017Redesign;en-US;/Home;29280;1;0
Luxehotels.com-0078-2016Redesign;en-US;/Home;18805;1;0
Degreerestaurant.com-0056-2015Redesign;en-US;/Home;11598;1;0
Sandylane.com-0075-2016Redesign;en-US;/Home;17611;1;0
Bluebirch.com-0072-2016Redesign;en-US;/Home;16693;1;0
Samosetresort.com-0113-2017Redesign;en-US;/failovercheck;40334;1;0
Assuranceoperations.com-0065-2015Redesign;en-US;/Home;15263;1;0
Theharborsidehotel.com-0114-2017Redesign;en-US;/failovercheck;40403;1;0
Edgewaternaples.com-0094-2016Redesign;en-US;/failovercheck;38051;1;0
Glencovemansion.com-0058-2015Redesign;en-US;/Home;13328;1;0
Beverlyhillsresidenceinn.com-0087-2016Redesign;en-US;/Home;20999;1;0
Naiaresortandspa.com-0077-2016Redesign;en-US;/home;20455;1;0
Abbingtonbanquets.com-0070-2016Redesign;en-US;/Home;15789;1;0
Theoxfordhotel.com-0062-2015Redesign;en-US;/Home;14325;1;0
Jbdukehotel.com-0086-2016Redesign;en-US;/Home;21918;1;0
Hhotellosangeles.com-0118-2017Redesign;en-US;/Home;35289;1;0
Meateatery.com-0080-2016Redesign;en-US;/;18505;1;0
Bocatrans.com-0082-2016Redesign;en-US;/Home;19758;1;0
Lakeplacidlodge.com-0105-2017Redesign;en-US;/failovercheck;39238;1;0
Washingtoncourthotel.com-0076-2016Redesign;en-US;/Home;17858;1;0
Zotabeachresort.com-0090-2016Redesign;en-US;/failovercheck;38058;1;0
Jupiterbeachresort.com-0103-2017Redesign;en-US;/failovercheck;38052;1;0
Galthouse.com-0042-2015Redesign;en-US;/Home;31905;1;0
Hospitalityupgrade.com-0093-2016Redesign;en-US;/Home;25405;1;0
Delraysandsresort.com-0097-2016Redesign;en-US;/Home;27232;1;0
Napavalleymarriott.com-0071-2016Redesign;en-US;/Home;16432;1;0
Longboatkeyclub.com-0104-2017Redesign;en-US;/failovercheck;38054;1;0
Broadmoor.com-0073-2016Redesign;en-US;/failovercheck;38059;1;0
Galthouse.com-0042-2015Redesign;en-US;/Home;31905;1;0
Thesagamore.com-0112-2017Redesign;en-US;/failovercheck;39241;1;0
Lidobeachresort.com-0106-2017Redesign;en-US;/failovercheck;38053;1;0
Broadmoor.com-0073-2016Redesign;en-US;/Blog;21547;1;0
Cendyn.com-0095-2016Redesign;en-US;/Home;26640;1;0
Hospitalityupgrade.com-0093-2016Redesign;en-US;/News/News-Archive;26183;1;0
Passport.lehotels.com-0069-2016BlogRedesign;en-US;/failovercheck;41068;1;0
Delraysandsresort.com-0097-2016Redesign;en-US;/failovercheck;38049;1;0
Monarchbeachresort.com-0092-2016Redesign;en-US;/experiences/activities/athletic-club;23475;1;0
Cendyn.com-0095-2016Redesign;en-US;/Home;26640;1;0
Cendyn.com-0095-2016Redesign;en-US;/Home;26640;1;0
Cendyn.com-0095-2016Redesign;en-US;/Home;26640;1;0
Cendyn.com-0095-2016Redesign;en-US;/Home;26640;1;0
Hospitalityupgrade.com-0093-2016Redesign;en-US;/People-on-the-Move;35206;1;0
Montaukyachtclub.com-0010-2014Redesign;en-US;/About-Myc/Contact;2449;1;0
Sandpearl.com-0091-2016Redesign;en-US;/failovercheck;38056;1;0
Theloganhotel.com-0043-2015Redesign;en-US;/Home;20218;1;0
Hospitalityupgrade.com-0093-2016Redesign;en-US;/Tech-Providers/Industry-Installations;35714;1;0
Oxfordclubspa.com-0068-2016Redesign;en-US;/Home;15568;1;0
Galthouse.com-0042-2015Redesign;en-US;/failovercheck;38060;1;0
Thecrawfordhotel.com-0074-2016Redesign;en-US;/Home;17145;1;0
Zotabeachresort.com-0090-2016Redesign;en-US;/failovercheck;38058;1;0
Halcyonhotelcherrycreek.com-0061-2015Redesign;en-US;/Home;22121;1;0
Chrco.com-0107-2017Redesign;en-US;/Home;29280;1;0
Luxehotels.com-0078-2016Redesign;en-US;/Home;18805;1;0
Homewoodsuiteslax.com-0110-2017Redesign;en-US;/Home;30747;1;0
Sandylane.com-0075-2016Redesign;en-US;/Home;17611;1;0
Degreerestaurant.com-0056-2015Redesign;en-US;/Home;11598;1;0
Treasureislandbeachresort.com-0089-2016Redesign;en-US;/failovercheck;38057;1;0
Bluebirch.com-0072-2016Redesign;en-US;/Home;16693;1;0
Thecurtis.com-0079-2016Redesign;en-US;/Home;17981;1;0
Theharborsidehotel.com-0114-2017Redesign;en-US;/failovercheck;40403;1;0
Assuranceoperations.com-0065-2015Redesign;en-US;/Home;15263;1;0
Samosetresort.com-0113-2017Redesign;en-US;/failovercheck;40334;1;0
Edgewaternaples.com-0094-2016Redesign;en-US;/failovercheck;38051;1;0
Hhotellosangeles.com-0118-2017Redesign;en-US;/Home;35289;1;0
Jbdukehotel.com-0086-2016Redesign;en-US;/Home;21918;1;0
Meateatery.com-0080-2016Redesign;en-US;/;18505;1;0
Washingtoncourthotel.com-0076-2016Redesign;en-US;/Home;17858;1;0
Bocatrans.com-0082-2016Redesign;en-US;/Home;19758;1;0
Texturefoodanddrink.com-0067-2016Redesign;en-US;/Home;15452;1;0
Beverlyhillsresidenceinn.com-0087-2016Redesign;en-US;/Home;20999;1;0
Lakeplacidlodge.com-0105-2017Redesign;en-US;/failovercheck;39238;1;0
Abbingtonbanquets.com-0070-2016Redesign;en-US;/Home;15789;1;0
Glencovemansion.com-0058-2015Redesign;en-US;/Home;13328;1;0
Opalsands.com-0084-2016Redesign;en-US;/failovercheck;38055;1;0
Theoxfordhotel.com-0062-2015Redesign;en-US;/Home;14325;1;0
Naiaresortandspa.com-0077-2016Redesign;en-US;/home;20455;1;0
Jupiterbeachresort.com-0103-2017Redesign;en-US;/failovercheck;38052;1;0
theweststreethotel.com-0115-2017Redesign;en-US;/Home;36683;1;0
Hospitalityupgrade.com-0093-2016Redesign;en-US;/Home;25405;1;0
Broadmoor.com-0073-2016Redesign;en-US;/failovercheck;38059;1;0
Napavalleymarriott.com-0071-2016Redesign;en-US;/Home;16432;1;0
Lidobeachresort.com-0106-2017Redesign;en-US;/failovercheck;38053;1;0
Longboatkeyclub.com-0104-2017Redesign;en-US;/failovercheck;38054;1;0
Thesagamore.com-0112-2017Redesign;en-US;/failovercheck;39241;1;0
Cendyn.com-0095-2016Redesign;en-US;/Home;26640;1;0
Cendyn.com-0095-2016Redesign;en-US;/Home;26640;1;0
Passport.lehotels.com-0069-2016BlogRedesign;en-US;/failovercheck;41068;1;0
Delraysandsresort.com-0097-2016Redesign;en-US;/failovercheck;38049;1;0
Cendyn.com-0095-2016Redesign;en-US;/Home;26640;1;0
Cendyn.com-0095-2016Redesign;en-US;/Home;26640;1;0
Cendyn.com-0095-2016Redesign;en-US;/Home;26640;1;0
Washingtoncourthotel.com-0076-2016Redesign;en-US;/Home;17858;1;0
Cendyn.com-0095-2016Redesign;en-US;/Home;26640;1;0
Hospitalityupgrade.com-0093-2016Redesign;en-US;/News/News-Article-Details;22790;1;0
Broadmoor.com-0073-2016Redesign;en-US;/Home;16721;1;0
Sandpearl.com-0091-2016Redesign;en-US;/failovercheck;38056;1;0
Cendyn.com-0095-2016Redesign;en-US;/Home;26640;1;0
Washingtoncourthotel.com-0076-2016Redesign;en-US;/Home;17858;1;0
theweststreethotel.com-0115-2017Redesign;en-US;/Home;36683;1;0
Galthouse.com-0042-2015Redesign;en-US;/failovercheck;38060;1;0
Thecrawfordhotel.com-0074-2016Redesign;en-US;/Home;17145;1;0
Halcyonhotelcherrycreek.com-0061-2015Redesign;en-US;/Home;22121;1;0
Washingtoncourthotel.com-0076-2016Redesign;en-US;/Home;17858;1;0
Theharborsidehotel.com-0114-2017Redesign;en-US;/failovercheck;40403;1;0
Edgewaternaples.com-0094-2016Redesign;en-US;/failovercheck;38051;1;0
Beverlyhillsresidenceinn.com-0087-2016Redesign;en-US;/Home;20999;1;0
Texturefoodanddrink.com-0067-2016Redesign;en-US;/Home;15452;1;0
Abbingtonbanquets.com-0070-2016Redesign;en-US;/Home;15789;1;0
Degreerestaurant.com-0056-2015Redesign;en-US;/Home;11598;1;0
Glencovemansion.com-0058-2015Redesign;en-US;/Home;13328;1;0
Lakeplacidlodge.com-0105-2017Redesign;en-US;/failovercheck;39238;1;0
Bluebirch.com-0072-2016Redesign;en-US;/Home;16693;1;0
Opalsands.com-0084-2016Redesign;en-US;/failovercheck;38055;1;0
Jbdukehotel.com-0086-2016Redesign;en-US;/Home;21918;1;0
Hhotellosangeles.com-0118-2017Redesign;en-US;/Home;35289;1;0
Theoxfordhotel.com-0062-2015Redesign;en-US;/Home;14325;1;0
Meateatery.com-0080-2016Redesign;en-US;/;18505;1;0
Thecurtis.com-0079-2016Redesign;en-US;/Home;17981;1;0
Oxfordclubspa.com-0068-2016Redesign;en-US;/Home;15568;1;0
Homewoodsuiteslax.com-0110-2017Redesign;en-US;/Home;30747;1;0
Naiaresortandspa.com-0077-2016Redesign;en-US;/home;20455;1;0
Sandylane.com-0075-2016Redesign;en-US;/Home;17611;1;0
Assuranceoperations.com-0065-2015Redesign;en-US;/Home;15263;1;0
Bocatrans.com-0082-2016Redesign;en-US;/Home;19758;1;0
Zotabeachresort.com-0090-2016Redesign;en-US;/failovercheck;38058;1;0
Treasureislandbeachresort.com-0089-2016Redesign;en-US;/failovercheck;38057;1;0
Luxehotels.com-0078-2016Redesign;en-US;/Home;18805;1;0
Jupiterbeachresort.com-0103-2017Redesign;en-US;/failovercheck;38052;1;0
Chrco.com-0107-2017Redesign;en-US;/Home;29280;1;0
Samosetresort.com-0113-2017Redesign;en-US;/failovercheck;40334;1;0
Hospitalityupgrade.com-0093-2016Redesign;en-US;/Home;25405;1;0
Cocokeyorlando.com-0059-2015Redesign;en-US;/Home;12394;1;0
Broadmoor.com-0073-2016Redesign;en-US;/failovercheck;38059;1;0
Napavalleymarriott.com-0071-2016Redesign;en-US;/Home;16432;1;0
Lidobeachresort.com-0106-2017Redesign;en-US;/failovercheck;38053;1;0
Longboatkeyclub.com-0104-2017Redesign;en-US;/failovercheck;38054;1;0
Thesagamore.com-0112-2017Redesign;en-US;/failovercheck;39241;1;0
Renaissancepittsburghpa.com-0044-2015Redesign;en-US;/Home;9637;1;0
Cendyn.com-0095-2016Redesign;en-US;/Home;26640;1;0
Renaissancepittsburghpa.com-0044-2015Redesign;en-US;/Home;9637;1;0
Delraysandsresort.com-0097-2016Redesign;en-US;/failovercheck;38049;1;0
Passport.lehotels.com-0069-2016BlogRedesign;en-US;/failovercheck;41068;1;0
Cendyn.com-0095-2016Redesign;en-US;/Home;26640;1;0
Cendyn.com-0095-2016Redesign;en-US;/Home;26640;1;0
Cendyn.com-0095-2016Redesign;en-US;/Home;26640;1;0
Cendyn.com-0095-2016Redesign;en-US;/Home;26640;1;0
wentworthcom00212014redesign;en-US;/Home;26679;1;0
Hospitalityupgrade.com-0093-2016Redesign;en-US;/techTalk/August-2017/How-Hotels-Can-Enhance-the-Guest-Experience-Wi-(1);41608;1;0
Sandpearl.com-0091-2016Redesign;en-US;/failovercheck;38056;1;0
Luxehotels.com-0078-2016Redesign;en-US;/Our-Hotels/Luxe-Sunset-Boulevard-Hotel;18833;1;0
Galthouse.com-0042-2015Redesign;en-US;/Home;31905;1;0
Hospitalityupgrade.com-0093-2016Redesign;en-US;/Contact-Us;29953;1;0
Cendyn.com-0095-2016Redesign;en-US;/Home;26640;1;0
Galthouse.com-0042-2015Redesign;en-US;/failovercheck;38060;1;0
Bluebirch.com-0072-2016Redesign;en-US;/Home;16693;1;0
Thecrawfordhotel.com-0074-2016Redesign;en-US;/Home;17145;1;0
Jbdukehotel.com-0086-2016Redesign;en-US;/Home;21918;1;0
Glencovemansion.com-0058-2015Redesign;en-US;/Home;13328;1;0
Hhotellosangeles.com-0118-2017Redesign;en-US;/Home;35289;1;0
Zotabeachresort.com-0090-2016Redesign;en-US;/failovercheck;38058;1;0
Meateatery.com-0080-2016Redesign;en-US;/;18505;1;0
Luxehotels.com-0078-2016Redesign;en-US;/Home;18805;1;0
Texturefoodanddrink.com-0067-2016Redesign;en-US;/Home;15452;1;0
Beverlyhillsresidenceinn.com-0087-2016Redesign;en-US;/Home;20999;1;0
Edgewaternaples.com-0094-2016Redesign;en-US;/failovercheck;38051;1;0
Degreerestaurant.com-0056-2015Redesign;en-US;/Home;11598;1;0
Halcyonhotelcherrycreek.com-0061-2015Redesign;en-US;/Home;22121;1;0
Hospitalityupgrade.com-0093-2016Redesign;en-US;/press-release;29955;1;0
Thecurtis.com-0079-2016Redesign;en-US;/Home;17981;1;0
Theoxfordhotel.com-0062-2015Redesign;en-US;/Home;14325;1;0
Theharborsidehotel.com-0114-2017Redesign;en-US;/failovercheck;40403;1;0
Assuranceoperations.com-0065-2015Redesign;en-US;/Home;15263;1;0
Homewoodsuiteslax.com-0110-2017Redesign;en-US;/Home;30747;1;0
Sandylane.com-0075-2016Redesign;en-US;/Home;17611;1;0
Opalsands.com-0084-2016Redesign;en-US;/failovercheck;38055;1;0
Lakeplacidlodge.com-0105-2017Redesign;en-US;/failovercheck;39238;1;0
Naiaresortandspa.com-0077-2016Redesign;en-US;/home;20455;1;0
Longboatkeyclub.com-0104-2017Redesign;en-US;/Gallery;28317;1;0
Washingtoncourthotel.com-0076-2016Redesign;en-US;/Home;17858;1;0
Bocatrans.com-0082-2016Redesign;en-US;/Home;19758;1;0
Oxfordclubspa.com-0068-2016Redesign;en-US;/Home;15568;1;0
Abbingtonbanquets.com-0070-2016Redesign;en-US;/Home;15789;1;0
Chrco.com-0107-2017Redesign;en-US;/Home;29280;1;0
Treasureislandbeachresort.com-0089-2016Redesign;en-US;/failovercheck;38057;1;0
Jupiterbeachresort.com-0103-2017Redesign;en-US;/failovercheck;38052;1;0
Samosetresort.com-0113-2017Redesign;en-US;/failovercheck;40334;1;0
Hospitalityupgrade.com-0093-2016Redesign;en-US;/Home;25405;1;0
Hospitalityupgrade.com-0093-2016Redesign;en-US;/Watercooler-News/Newsletter-Archive;38044;1;0
Hospitalityupgrade.com-0093-2016Redesign;en-US;/News/News-Article-Details;22790;1;0
Napavalleymarriott.com-0071-2016Redesign;en-US;/Home;16432;1;0
Thesagamore.com-0112-2017Redesign;en-US;/failovercheck;39241;1;0
Longboatkeyclub.com-0104-2017Redesign;en-US;/failovercheck;38054;1;0
Lidobeachresort.com-0106-2017Redesign;en-US;/failovercheck;38053;1;0
Broadmoor.com-0073-2016Redesign;en-US;/failovercheck;38059;1;0
Cendyn.com-0095-2016Redesign;en-US;/Home;26640;1;0
wentworthcom00212014redesign;en-US;/Home;26679;1;0
wentworthcom00212014redesign;en-US;/Home;26679;1;0
Casaybelresort.com-0002-2014Redesign;en-US;/Beachfront-Dining;1570;1;0
Hospitalityupgrade.com-0093-2016Redesign;en-US;/News/News-Article-Details;22790;1;0
Delraysandsresort.com-0097-2016Redesign;en-US;/failovercheck;38049;1;0
Passport.lehotels.com-0069-2016BlogRedesign;en-US;/failovercheck;41068;1;0
Cendyn.com-0095-2016Redesign;en-US;/Home;26640;1;0
Cendyn.com-0095-2016Redesign;en-US;/Home;26640;1;0
Cendyn.com-0095-2016Redesign;en-US;/Home;26640;1;0
Galthouse.com-0042-2015Redesign;en-US;/Home;31905;1;0
Cendyn.com-0095-2016Redesign;en-US;/Home;26640;1;0
Galthouse.com-0042-2015Redesign;en-US;/Home;31905;1;0
Theharborsidehotel.com-0114-2017Redesign;en-US;/bar-harbor-accommodations/Amenities;37614;1;0
Sandpearl.com-0091-2016Redesign;en-US;/failovercheck;38056;1;0
Samosetresort.com-0113-2017Redesign;en-US;/Home;32541;1;0
Montaukyachtclub.com-0010-2014Redesign;en-US;/Home;2240;1;0
Halcyonhotelcherrycreek.com-0061-2015Redesign;en-US;/location-directions;23338;1;0
Galthouse.com-0042-2015Redesign;en-US;/failovercheck;38060;1;0
Hhotellosangeles.com-0118-2017Redesign;en-US;/Home;35289;1;0
Assuranceoperations.com-0065-2015Redesign;en-US;/Home;15263;1;0
Bluebirch.com-0072-2016Redesign;en-US;/Home;16693;1;0
Glencovemansion.com-0058-2015Redesign;en-US;/Home;13328;1;0
Zotabeachresort.com-0090-2016Redesign;en-US;/failovercheck;38058;1;0
Thecrawfordhotel.com-0074-2016Redesign;en-US;/Home;17145;1;0
Naiaresortandspa.com-0077-2016Redesign;en-US;/home;20455;1;0
Samosetresort.com-0113-2017Redesign;en-US;/failovercheck;40334;1;0
Bocatrans.com-0082-2016Redesign;en-US;/Home;19758;1;0
Oxfordclubspa.com-0068-2016Redesign;en-US;/Home;15568;1;0
Meateatery.com-0080-2016Redesign;en-US;/;18505;1;0
Washingtoncourthotel.com-0076-2016Redesign;en-US;/Home;17858;1;0
Lakeplacidlodge.com-0105-2017Redesign;en-US;/failovercheck;39238;1;0
Homewoodsuiteslax.com-0110-2017Redesign;en-US;/Home;30747;1;0
Jbdukehotel.com-0086-2016Redesign;en-US;/Home;21918;1;0
Chrco.com-0107-2017Redesign;en-US;/Home;29280;1;0
Beverlyhillsresidenceinn.com-0087-2016Redesign;en-US;/Home;20999;1;0
Degreerestaurant.com-0056-2015Redesign;en-US;/Home;11598;1;0
Sandylane.com-0075-2016Redesign;en-US;/Home;17611;1;0
Jupiterbeachresort.com-0103-2017Redesign;en-US;/failovercheck;38052;1;0
Texturefoodanddrink.com-0067-2016Redesign;en-US;/Home;15452;1;0
Thecurtis.com-0079-2016Redesign;en-US;/Home;17981;1;0
Abbingtonbanquets.com-0070-2016Redesign;en-US;/Home;15789;1;0
Theharborsidehotel.com-0114-2017Redesign;en-US;/failovercheck;40403;1;0
Treasureislandbeachresort.com-0089-2016Redesign;en-US;/failovercheck;38057;1;0
Halcyonhotelcherrycreek.com-0061-2015Redesign;en-US;/Home;22121;1;0
Theoxfordhotel.com-0062-2015Redesign;en-US;/Home;14325;1;0
Edgewaternaples.com-0094-2016Redesign;en-US;/failovercheck;38051;1;0
Opalsands.com-0084-2016Redesign;en-US;/failovercheck;38055;1;0
Luxehotels.com-0078-2016Redesign;en-US;/Home;18805;1;0
Hospitalityupgrade.com-0093-2016Redesign;en-US;/Home;25405;1;0
Broadmoor.com-0073-2016Redesign;en-US;/failovercheck;38059;1;0
Napavalleymarriott.com-0071-2016Redesign;en-US;/Home;16432;1;0
Montaukyachtclub.com-0010-2014Redesign;en-US;/About-Myc;2254;1;0
Thesagamore.com-0112-2017Redesign;en-US;/failovercheck;39241;1;0
Lidobeachresort.com-0106-2017Redesign;en-US;/failovercheck;38053;1;0
Longboatkeyclub.com-0104-2017Redesign;en-US;/failovercheck;38054;1;0
