Luxehotels.com-0078-2016Redesign;en-US;/wpad.dat/;0;1;0
Opalcollection.com-0098-2017Redesign;en-US;/failovercheck/;0;1;0
Sunsetkeycottages.com-0116-2017Redesign;en-US;/failovercheck/;0;1;0
Lakeplacidlodge.com-0105-2017Redesign;en-US;/wp-login.php/;0;1;0
theweststreethotel.com-0115-2017Redesign;en-US;/favicon.ico/;0;1;0
Thesagamore.com-0112-2017Redesign;en-US;/wp-login.php/;0;1;0
Monarchbeachresort.com-0092-2016Redesign;en-US;/autodiscover/autodiscover.xml;0;1;0
Monarchbeachresort.com-0092-2016Redesign;en-US;/autodiscover/autodiscover.xml;0;1;0
Broadmoor.com-0073-2016Redesign;en-US;/wpad.dat/;0;1;0
Broadmoor.com-0073-2016Redesign;en-US;/wpad.dat/;0;1;0
Thesagamore.com-0112-2017Redesign;en-US;/wp-login.php/;0;1;0
theweststreethotel.com-0115-2017Redesign;en-US;/favicon.ico/;0;1;0
Thesagamore.com-0112-2017Redesign;en-US;/browserconfig.xml/;0;1;0
Sunsetkeycottages.com-0116-2017Redesign;en-US;/failovercheck/;0;1;0
Opalcollection.com-0098-2017Redesign;en-US;/failovercheck/;0;1;0
Cendyn.com-0095-2016Redesign;en-US;/autodiscover/autodiscover.xml;0;1;0
Unionstationhotelnashville.com-0047-2015Redesign;en-US;/wp-login.php/;0;1;0
Luxehotels.com-0078-2016Redesign;en-US;/wpad.dat/;0;1;0
Luxehotels.com-0078-2016Redesign;en-US;/wpad.dat/;0;1;0
Opalcollection.com-0098-2017Redesign;en-US;/failovercheck/;0;1;0
Halcyonhotelcherrycreek.com-0061-2015Redesign;en-US;/images/select-down-arrow.png/;0;1;0
Opalsands.com-0084-2016Redesign;en-US;/wp-login.php/;0;1;0
theweststreethotel.com-0115-2017Redesign;en-US;/favicon.ico/;0;1;0
Opalsands.com-0084-2016Redesign;en-US;/wp-login.php/;0;1;0
Galthouse.com-0042-2015Redesign;en-US;/getmedia/4a3c84f0-2193-44d7-8bda-6a90737c397c/preload-circle/;0;1;0
Galthouse.com-0042-2015Redesign;en-US;/getmedia/989dd03a-b80a-4d8f-bd72-e143bfcdfe0a/next/;0;1;0
Galthouse.com-0042-2015Redesign;en-US;/getmedia/e14aa09b-0c3e-49da-91fa-965ae41f2ff7/close/;0;1;0
Marriottdelraybeach.com-0009-2014Redesign;en-US;/images/loading3.gif/;0;1;0
hutchinsonshores.com-0119-2017Redesign;en-US;/failovercheck/;0;1;0
Galthouse.com-0042-2015Redesign;en-US;/getmedia/0fc7f92e-1011-456e-9738-37661479e20a/prev/;0;1;0
Sandpearl.com-0091-2016Redesign;en-US;/Opal/media/Opal/layout/blank.gif/;0;1;0
shop.broadmoor.com-0096-2016ShoppingCart;en-US;/CMSModules/Chat/CMSPages/ChatService.svc/js;0;1;0
theweststreethotel.com-0115-2017Redesign;en-US;/failovercheck/;0;1;0
Marriottkeylargo.com-0015-2014Redesign;en-US;/wp-login.php/;0;1;0
Laxembassy.com-0008-2014Redesign;en-US;/apple-touch-icon-120x120-precomposed.png/;0;1;0
Lehotels.com-0049-2015Transfer;en-US;/autodiscover/autodiscover.xml;0;1;0
Laxembassy.com-0008-2014Redesign;en-US;/apple-touch-icon-120x120.png/;0;1;0
Crmweb.cendyn.com-0121-2017Redesign;en-US;/failovercheck/;0;1;0
hutchinsonshores.com-0119-2017Redesign;en-US;/failovercheck/;0;1;0
Laxembassy.com-0008-2014Redesign;en-US;/apple-touch-icon-precomposed.png/;0;1;0
Cocokeyorlando.com-0059-2015Redesign;en-US;/getmedia/98c85f83-2a85-43f5-9671-af03e3540bf4/ajax-loader/;0;1;0
Laxembassy.com-0008-2014Redesign;en-US;/apple-touch-icon.png/;0;1;0
Laxembassy.com-0008-2014Redesign;en-US;/favicon.ico/;0;1;0
Arcaneo.com-0030-2014Redesign;en-US;/failovercheck/;0;1;0
Laxembassy.com-0008-2014Redesign;en-US;/apple-touch-icon-120x120-precomposed.png/;0;1;0
Laxembassy.com-0008-2014Redesign;en-US;/apple-touch-icon-120x120.png/;0;1;0
theweststreethotel.com-0115-2017Redesign;en-US;/favicon.ico/;0;1;0
Laxembassy.com-0008-2014Redesign;en-US;/apple-touch-icon-precomposed.png/;0;1;0
Laxembassy.com-0008-2014Redesign;en-US;/apple-touch-icon.png/;0;1;0
Laxembassy.com-0008-2014Redesign;en-US;/favicon.ico/;0;1;0
theweststreethotel.com-0115-2017Redesign;en-US;/failovercheck/;0;1;0
Halcyonhotelcherrycreek.com-0061-2015Redesign;en-US;/images/select-down-arrow.png/;0;1;0
Crmweb.cendyn.com-0121-2017Redesign;en-US;/failovercheck/;0;1;0
hutchinsonshores.com-0119-2017Redesign;en-US;/failovercheck/;0;1;0
Beverlyhillsresidenceinn.com-0087-2016Redesign;en-US;/mobile/;0;1;0
Broadmoor.com-0073-2016Redesign;en-US;/wp-login.php/;0;1;0
Miravalspamonarchbeach.com-0109-2017Redesign;en-US;/failovercheck/;0;1;0
Arcaneo.com-0030-2014Redesign;en-US;/failovercheck/;0;1;0
theweststreethotel.com-0115-2017Redesign;en-US;/favicon.ico/;0;1;0
Broadmoor.com-0073-2016Redesign;en-US;/wp-login.php/;0;1;0
Samosetresort.com-0113-2017Redesign;en-US;/Table/Accommodations/feed/rss.html/;0;1;0
theweststreethotel.com-0115-2017Redesign;en-US;/failovercheck/;0;1;0
Samosetresort.com-0113-2017Redesign;en-US;/Table/Accommodations/feed/rss.html/;0;1;0
Crmweb.cendyn.com-0121-2017Redesign;en-US;/failovercheck/;0;1;0
Miravalspamonarchbeach.com-0109-2017Redesign;en-US;/failovercheck/;0;1;0
Arcaneo.com-0030-2014Redesign;en-US;/failovercheck/;0;1;0
Renaissancepittsburghpa.com-0044-2015Redesign;en-US;/wp-login.php/;0;1;0
Sandylane.com-0075-2016Redesign;en-US;/favicon.ico/;0;1;0
theweststreethotel.com-0115-2017Redesign;en-US;/favicon.ico/;0;1;0
Thesagamore.com-0112-2017Redesign;en-US;/Opal/media/Opal/layout/blank.gif/;0;1;0
Miravalspamonarchbeach.com-0109-2017Redesign;en-US;/failovercheck/;0;1;0
Sunsetkeycottages.com-0116-2017Redesign;en-US;/failovercheck/;0;1;0
Monarchbeachresort.com-0092-2016Redesign;en-US;/autodiscover/autodiscover.xml;0;1;0
Monarchbeachresort.com-0092-2016Redesign;en-US;/autodiscover/autodiscover.xml;0;1;0
Broadmoor.com-0073-2016Redesign;en-US;/suggested-vendors/eurl.axd/c35544f523cbf349acbff4cabf442dfd/;0;1;0
Luxehotels.com-0078-2016Redesign;en-US;/js/html5shiv.js/;0;1;0
Luxehotels.com-0078-2016Redesign;en-US;/js/respond.min.js/;0;1;0
Sunsetkeycottages.com-0116-2017Redesign;en-US;/failovercheck/;0;1;0
Opalcollection.com-0098-2017Redesign;en-US;/failovercheck/;0;1;0
Halcyonhotelcherrycreek.com-0061-2015Redesign;en-US;/images/select-down-arrow.png/;0;1;0
Luxehotels.com-0078-2016Redesign;en-US;/autodiscover/autodiscover.xml;0;1;0
theweststreethotel.com-0115-2017Redesign;en-US;/favicon.ico/;0;1;0
Longboatkeyclub.com-0104-2017Redesign;en-US;/Opal/media/Opal/layout/blank.gif/;0;1;0
Sunsetkeycottages.com-0116-2017Redesign;en-US;/failovercheck/;0;1;0
Opalcollection.com-0098-2017Redesign;en-US;/failovercheck/;0;1;0
Halcyonhotelcherrycreek.com-0061-2015Redesign;en-US;/images/select-down-arrow.png/;0;1;0
Opalsands.com-0084-2016Redesign;en-US;/wp-login.php/;0;1;0
Opalsands.com-0084-2016Redesign;en-US;/wp-login.php/;0;1;0
Broadmoor.com-0073-2016Redesign;en-US;/wpad.dat/;0;1;0
Broadmoor.com-0073-2016Redesign;en-US;/wpad.dat/;0;1;0
Thecrawfordhotel.com-0074-2016Redesign;en-US;/autodiscover/autodiscover.xml;0;1;0
Lehotels.com-0049-2015Transfer;en-US;/autodiscover/autodiscover.xml;0;1;0
Opalcollection.com-0098-2017Redesign;en-US;/failovercheck/;0;1;0
theweststreethotel.com-0115-2017Redesign;en-US;/favicon.ico/;0;1;0
hutchinsonshores.com-0119-2017Redesign;en-US;/failovercheck/;0;1;0
Luxehotels.com-0078-2016Redesign;en-US;/wpad.dat/;0;1;0
Halcyonhotelcherrycreek.com-0061-2015Redesign;en-US;/images/select-down-arrow.png/;0;1;0
theweststreethotel.com-0115-2017Redesign;en-US;/failovercheck/;0;1;0
Crmweb.cendyn.com-0121-2017Redesign;en-US;/failovercheck/;0;1;0
hutchinsonshores.com-0119-2017Redesign;en-US;/failovercheck/;0;1;0
Thecrawfordhotel.com-0074-2016Redesign;en-US;/favicon.ico/;0;1;0
Arcaneo.com-0030-2014Redesign;en-US;/failovercheck/;0;1;0
