Cendyn.com-0095-2016Redesign;en-US;/autodiscover/autodiscover.xml;0;1;0
Arcaneo.com-0030-2014Redesign;en-US;/failovercheck/;0;1;0
Longboatkeyclub.com-0104-2017Redesign;en-US;/wp-login.php/;0;1;0
Jupiterbeachresort.com-0103-2017Redesign;en-US;/templates/ja_purity/images/logo.png/;0;1;0
Longboatkeyclub.com-0104-2017Redesign;en-US;/wp-login.php/;0;1;0
Jupiterbeachresort.com-0103-2017Redesign;en-US;/templates/ja_purity/images/logo.png/;0;1;0
Crmweb.cendyn.com-0121-2017Redesign;en-US;/failovercheck/;0;1;0
Arcaneo.com-0030-2014Redesign;en-US;/failovercheck/;0;1;0
theweststreethotel.com-0115-2017Redesign;en-US;/failovercheck/;0;1;0
Crmweb.cendyn.com-0121-2017Redesign;en-US;/failovercheck/;0;1;0
Miravalspamonarchbeach.com-0109-2017Redesign;en-US;/failovercheck/;0;1;0
Lakeplacidlodge.com-0105-2017Redesign;en-US;/wp-content/themes/lpl/images/lake_placid_lodge_logo_bg.png/;0;1;0
Lakeplacidlodge.com-0105-2017Redesign;en-US;/wp-content/themes/lpl/images/lake_placid_lodge_logo_bg.png/;0;1;0
Marriottdelraybeach.com-0009-2014Redesign;en-US;/images/marriot.gif/;0;1;0
theweststreethotel.com-0115-2017Redesign;en-US;/failovercheck/;0;1;0
Cendyn.com-0095-2016Redesign;en-US;/wp-login.php/;0;1;0
Lidobeachresort.com-0106-2017Redesign;en-US;/sites/default/files/styles/gallery_image/public/gallery_photos/Lido Beach Resort - Sarasota, FL.jpg/;0;1;0
Lidobeachresort.com-0106-2017Redesign;en-US;/sites/default/files/styles/gallery_image/public/gallery_photos/Lido Beach Resort - Sarasota, FL.jpg/;0;1;0
Marriottkeylargo.com-0015-2014Redesign;en-US;/images/logo-new.JPG/;0;1;0
Sunsetkeycottages.com-0116-2017Redesign;en-US;/failovercheck/;0;1;0
Crmweb.cendyn.com-0121-2017Redesign;en-US;/failovercheck/;0;1;0
Miravalspamonarchbeach.com-0109-2017Redesign;en-US;/failovercheck/;0;1;0
theweststreethotel.com-0115-2017Redesign;en-US;/failovercheck/;0;1;0
Opalcollection.com-0098-2017Redesign;en-US;/failovercheck/;0;1;0
Sunsetkeycottages.com-0116-2017Redesign;en-US;/failovercheck/;0;1;0
Miravalspamonarchbeach.com-0109-2017Redesign;en-US;/failovercheck/;0;1;0
Samosetresort.com-0113-2017Redesign;en-US;/Table/Accommodations/feed/rss.html/;0;1;0
Samosetresort.com-0113-2017Redesign;en-US;/Table/Accommodations/feed/rss.html/;0;1;0
Opalcollection.com-0098-2017Redesign;en-US;/failovercheck/;0;1;0
Samosetresort.com-0113-2017Redesign;en-US;/templates/ja_nickel/images/logo.png/;0;1;0
Samosetresort.com-0113-2017Redesign;en-US;/images/stories/frontslide/aerial02.jpg/;0;1;0
hutchinsonshores.com-0119-2017Redesign;en-US;/failovercheck/;0;1;0
Sunsetkeycottages.com-0116-2017Redesign;en-US;/failovercheck/;0;1;0
Samosetresort.com-0113-2017Redesign;en-US;/templates/ja_nickel/images/logo.png/;0;1;0
Samosetresort.com-0113-2017Redesign;en-US;/images/stories/frontslide/aerial02.jpg/;0;1;0
Opalcollection.com-0098-2017Redesign;en-US;/failovercheck/;0;1;0
Longboatkeyclub.com-0104-2017Redesign;en-US;/images/pageImages/Resort/Resort_inner.jpg/;0;1;0
Miravalspamonarchbeach.com-0109-2017Redesign;en-US;/getmedia/9efd994d-96d1-47e2-9b53-f4a108eb6938/favicon/;0;1;0
Miravalspamonarchbeach.com-0109-2017Redesign;en-US;/getmedia/9efd994d-96d1-47e2-9b53-f4a108eb6938/favicon/;0;1;0
Longboatkeyclub.com-0104-2017Redesign;en-US;/images/pageImages/Resort/Resort_inner.jpg/;0;1;0
hutchinsonshores.com-0119-2017Redesign;en-US;/failovercheck/;0;1;0
Theharborsidehotel.com-0114-2017Redesign;en-US;/wp-login.php/;0;1;0
Cendyn.com-0095-2016Redesign;en-US;/wp-login.php/;0;1;0
Theharborsidehotel.com-0114-2017Redesign;en-US;/wp-login.php/;0;1;0
Samosetresort.com-0113-2017Redesign;en-US;/Table/Accommodations/feed/rss.html/;0;1;0
wentworthcom00212014redesign;en-US;/templates/ja_nickel/images/logo.png/;0;1;0
Samosetresort.com-0113-2017Redesign;en-US;/Table/Accommodations/feed/rss.html/;0;1;0
hutchinsonshores.com-0119-2017Redesign;en-US;/failovercheck/;0;1;0
Thesagamore.com-0112-2017Redesign;en-US;/templates/ja_nickel/images/logo.png/;0;1;0
Arcaneo.com-0030-2014Redesign;en-US;/failovercheck/;0;1;0
Broadmoor.com-0073-2016Redesign;en-US;/wp-login.php/;0;1;0
Broadmoor.com-0073-2016Redesign;en-US;/wp-login.php/;0;1;0
Broadmoor.com-0073-2016Redesign;en-US;/wp-login.php/;0;1;0
Jupiterbeachresort.com-0103-2017Redesign;en-US;/wp-login.php/;0;1;0
Broadmoor.com-0073-2016Redesign;en-US;/wp-login.php/;0;1;0
Jupiterbeachresort.com-0103-2017Redesign;en-US;/wp-login.php/;0;1;0
Cendyn.com-0095-2016Redesign;en-US;/autodiscover/autodiscover.xml;0;1;0
Arcaneo.com-0030-2014Redesign;en-US;/failovercheck/;0;1;0
Crmweb.cendyn.com-0121-2017Redesign;en-US;/failovercheck/;0;1;0
Broadmoor.com-0073-2016Redesign;en-US;/wp-content/uploads/falafel1.jpg/;0;1;0
Arcaneo.com-0030-2014Redesign;en-US;/failovercheck/;0;1;0
theweststreethotel.com-0115-2017Redesign;en-US;/failovercheck/;0;1;0
Edgewaternaples.com-0094-2016Redesign;en-US;/wp-login.php/;0;1;0
Edgewaternaples.com-0094-2016Redesign;en-US;/wp-login.php/;0;1;0
Crmweb.cendyn.com-0121-2017Redesign;en-US;/failovercheck/;0;1;0
Miravalspamonarchbeach.com-0109-2017Redesign;en-US;/failovercheck/;0;1;0
Broadmoor.com-0073-2016Redesign;en-US;/wpad.dat/;0;1;0
Broadmoor.com-0073-2016Redesign;en-US;/wpad.dat/;0;1;0
theweststreethotel.com-0115-2017Redesign;en-US;/failovercheck/;0;1;0
Cendyn.com-0095-2016Redesign;en-US;/wp-login.php/;0;1;0
Thecurtis.com-0079-2016Redesign;en-US;/wp-login.php/;0;1;0
Thesagamore.com-0112-2017Redesign;en-US;/wp-login.php/;0;1;0
Sunsetkeycottages.com-0116-2017Redesign;en-US;/failovercheck/;0;1;0
Crmweb.cendyn.com-0121-2017Redesign;en-US;/failovercheck/;0;1;0
Thesagamore.com-0112-2017Redesign;en-US;/wp-login.php/;0;1;0
Miravalspamonarchbeach.com-0109-2017Redesign;en-US;/failovercheck/;0;1;0
theweststreethotel.com-0115-2017Redesign;en-US;/failovercheck/;0;1;0
Opalcollection.com-0098-2017Redesign;en-US;/failovercheck/;0;1;0
Sunsetkeycottages.com-0116-2017Redesign;en-US;/failovercheck/;0;1;0
