Broadmoor.com-0073-2016Redesign;en-US;/portugues/default.asp/;0;1;0
hutchinsonshores.com-0119-2017Redesign;en-US;/failovercheck/;0;1;0
Arcaneo.com-0030-2014Redesign;en-US;/failovercheck/;0;1;0
Cocokeyorlando.com-0059-2015Redesign;en-US;/autodiscover/autodiscover.xml;0;1;0
Jbdukehotel.com-0086-2016Redesign;en-US;/favicon.ico/;0;1;0
wentworthcom00212014redesign;en-US;/Images/ui-bg_flat_75_ffffff_40x100/;0;1;0
wentworthcom00212014redesign;en-US;/Images/ui-icons_222222_256x240/;0;1;0
hutchinsonshores.com-0119-2017Redesign;en-US;/failovercheck/;0;1;0
Crmweb.cendyn.com-0121-2017Redesign;en-US;/failovercheck/;0;1;0
Thecrawfordhotel.com-0074-2016Redesign;en-US;/autodiscover/autodiscover.xml;0;1;0
Unionstationhotelnashville.com-0047-2015Redesign;en-US;/dining/lounge/;0;1;0
Broadmoor.com-0073-2016Redesign;en-US;/wpad.dat/;0;1;0
Broadmoor.com-0073-2016Redesign;en-US;/wpad.dat/;0;1;0
theweststreethotel.com-0115-2017Redesign;en-US;/failovercheck/;0;1;0
Cendyn.com-0095-2016Redesign;en-US;/autodiscover/autodiscover.xml;0;1;0
Arcaneo.com-0030-2014Redesign;en-US;/failovercheck/;0;1;0
Samosetresort.com-0113-2017Redesign;en-US;/Opal/media/Opal/layout/blank.gif/;0;1;0
Crmweb.cendyn.com-0121-2017Redesign;en-US;/failovercheck/;0;1;0
Miravalspamonarchbeach.com-0109-2017Redesign;en-US;/failovercheck/;0;1;0
Thecrawfordhotel.com-0074-2016Redesign;en-US;/autodiscover/autodiscover.xml;0;1;0
Thecrawfordhotel.com-0074-2016Redesign;en-US;/autodiscover/autodiscover.xml;0;1;0
Thesagamore.com-0112-2017Redesign;en-US;/favicon.ico/;0;1;0
Cendyn.com-0095-2016Redesign;en-US;/autodiscover/autodiscover.xml;0;1;0
theweststreethotel.com-0115-2017Redesign;en-US;/failovercheck/;0;1;0
Sandylane.com-0075-2016Redesign;en-US;/rss.php/;0;1;0
Arcaneo.com-0030-2014Redesign;en-US;/failovercheck/;0;1;0
Cendyn.com-0095-2016Redesign;en-US;/wp-login.php/;0;1;0
wentworthcom00212014redesign;en-US;/favicon.ico/;0;1;0
Crmweb.cendyn.com-0121-2017Redesign;en-US;/failovercheck/;0;1;0
Miravalspamonarchbeach.com-0109-2017Redesign;en-US;/failovercheck/;0;1;0
Thesagamore.com-0112-2017Redesign;en-US;/Opal/media/Opal/layout/blank.gif/;0;1;0
theweststreethotel.com-0115-2017Redesign;en-US;/failovercheck/;0;1;0
Cendyn.com-0095-2016Redesign;en-US;/autodiscover/autodiscover.xml;0;1;0
Miravalspamonarchbeach.com-0109-2017Redesign;en-US;/failovercheck/;0;1;0
Treasureislandbeachresort.com-0089-2016Redesign;en-US;/Opal/media/Opal/layout/blank.gif/;0;1;0
Cendyn.com-0095-2016Redesign;en-US;/AutoDiscover/autodiscover.xml;0;1;0
Cendyn.com-0095-2016Redesign;en-US;/AutoDiscover/autodiscover.xml;0;1;0
Sunsetkeycottages.com-0116-2017Redesign;en-US;/failovercheck/;0;1;0
Hospitalityupgrade.com-0093-2016Redesign;en-US;/_search/search_AllResult.asp;0;1;0
Samosetresort.com-0113-2017Redesign;en-US;/Opal/media/Opal/layout/blank.gif/;0;1;0
Lehotels.com-0049-2015Transfer;en-US;/wp-login.php/;0;1;0
Broadmoor.com-0073-2016Redesign;en-US;/wpad.dat/;0;1;0
Broadmoor.com-0073-2016Redesign;en-US;/wpad.dat/;0;1;0
Opalcollection.com-0098-2017Redesign;en-US;/failovercheck/;0;1;0
Sunsetkeycottages.com-0116-2017Redesign;en-US;/failovercheck/;0;1;0
Zotabeachresort.com-0090-2016Redesign;en-US;/Opal/media/Opal/layout/blank.gif/;0;1;0
Washingtoncourthotel.com-0076-2016Redesign;en-US;/Washingtoncourthotel.com-0076-2016Redesign/media/WCH/Graphics/favicon-apple.png/;0;1;0
saddlebrook.com-0011-2014Redesign;en-US;/favicon.ico/;0;1;0
Opalcollection.com-0098-2017Redesign;en-US;/failovercheck/;0;1;0
Broadmoor.com-0073-2016Redesign;en-US;/wpad.dat/;0;1;0
Broadmoor.com-0073-2016Redesign;en-US;/wpad.dat/;0;1;0
Sunsetkeycottages.com-0116-2017Redesign;en-US;/failovercheck/;0;1;0
Halcyonhotelcherrycreek.com-0061-2015Redesign;en-US;/wp-login.php/;0;1;0
Broadmoor.com-0073-2016Redesign;en-US;/wpad.dat/;0;1;0
Broadmoor.com-0073-2016Redesign;en-US;/wpad.dat/;0;1;0
Marriottkeylargo.com-0015-2014Redesign;en-US;/favicon.ico/;0;1;0
Newyorkpalacemeetings.com-0045-2015Redesign;en-US;/wp-login.php/;0;1;0
Hospitalityupgrade.com-0093-2016Redesign;en-US;/_techTalk/TechTalk/Feed;0;1;0
hutchinsonshores.com-0119-2017Redesign;en-US;/failovercheck/;0;1;0
Broadmoor.com-0073-2016Redesign;en-US;/wpad.dat/;0;1;0
Broadmoor.com-0073-2016Redesign;en-US;/wpad.dat/;0;1;0
Opalcollection.com-0098-2017Redesign;en-US;/failovercheck/;0;1;0
Sandpearl.com-0091-2016Redesign;en-US;/Opal/media/Opal/layout/blank.gif/;0;1;0
hutchinsonshores.com-0119-2017Redesign;en-US;/failovercheck/;0;1;0
Delraysandsresort.com-0097-2016Redesign;en-US;/wp-login.php/;0;1;0
Cendyn.com-0095-2016Redesign;en-US;/autodiscover/autodiscover.xml;0;1;0
Galthouse.com-0042-2015Redesign;en-US;/wp-login.php/;0;1;0
Delraysandsresort.com-0097-2016Redesign;en-US;/wp-login.php/;0;1;0
Galthouse.com-0042-2015Redesign;en-US;/wp-login.php/;0;1;0
Cendyn.com-0095-2016Redesign;en-US;/autodiscover/autodiscover.xml;0;1;0
Cendyn.com-0095-2016Redesign;en-US;/autodiscover/autodiscover.xml;0;1;0
Arcaneo.com-0030-2014Redesign;en-US;/failovercheck/;0;1;0
Bellemontfarm.com-0007-2013Redesign;en-US;/favicon.ico/;0;1;0
Cendyn.com-0095-2016Redesign;en-US;/autodiscover/autodiscover.xml;0;1;0
hutchinsonshores.com-0119-2017Redesign;en-US;/failovercheck/;0;1;0
Crmweb.cendyn.com-0121-2017Redesign;en-US;/failovercheck/;0;1;0
Cocokeyorlando.com-0059-2015Redesign;en-US;/BingSiteAuth.xml/;0;1;0
theweststreethotel.com-0115-2017Redesign;en-US;/failovercheck/;0;1;0
Arcaneo.com-0030-2014Redesign;en-US;/failovercheck/;0;1;0
Samosetresort.com-0113-2017Redesign;en-US;/Table/Accommodations/feed/rss.html/;0;1;0
Samosetresort.com-0113-2017Redesign;en-US;/Table/Accommodations/feed/rss.html/;0;1;0
Crmweb.cendyn.com-0121-2017Redesign;en-US;/failovercheck/;0;1;0
Miravalspamonarchbeach.com-0109-2017Redesign;en-US;/failovercheck/;0;1;0
theweststreethotel.com-0115-2017Redesign;en-US;/failovercheck/;0;1;0
Samosetresort.com-0113-2017Redesign;en-US;/Opal/media/Opal/layout/blank.gif/;0;1;0
Arcaneo.com-0030-2014Redesign;en-US;/failovercheck/;0;1;0
Halcyonhotelcherrycreek.com-0061-2015Redesign;en-US;/images/select-down-arrow.png/;0;1;0
Crmweb.cendyn.com-0121-2017Redesign;en-US;/failovercheck/;0;1;0
Cendyn.com-0095-2016Redesign;en-US;/autodiscover/autodiscover.xml;0;1;0
Miravalspamonarchbeach.com-0109-2017Redesign;en-US;/failovercheck/;0;1;0
Hi-nyc.com-0108-2017Redesogm;en-US;/administrator/;0;1;0
Halcyonhotelcherrycreek.com-0061-2015Redesign;en-US;/wp-login.php/;0;1;0
theweststreethotel.com-0115-2017Redesign;en-US;/failovercheck/;0;1;0
Lehotels.com-0049-2015Transfer;en-US;/Search/results/r-0/lc-0/c-/cl-10/co-54/ci-0/st-0/;0;1;0
Hi-nyc.com-0108-2017Redesogm;en-US;/administrator/index.php/;0;1;0
