Halcyonhotelcherrycreek.com-0061-2015Redesign;en-US;/wp-login.php/;0;1;0
Sandylane.com-0075-2016Redesign;en-US;/wp-login.php/;0;1;0
Crmweb.cendyn.com-0121-2017Redesign;en-US;/failovercheck/;0;1;0
Broadmoor.com-0073-2016Redesign;en-US;/wp-login.php/;0;1;0
Thesagamore.com-0112-2017Redesign;en-US;/es2639/cat345/bogo-at-the-sagamore/;0;1;0
Arcaneo.com-0030-2014Redesign;en-US;/failovercheck/;0;1;0
Thesagamore.com-0112-2017Redesign;en-US;/wp-login.php/;0;1;0
Thesagamore.com-0112-2017Redesign;en-US;/es2639/cat345/bogo-at-the-sagamore/;0;1;0
Thesagamore.com-0112-2017Redesign;en-US;/wp-login.php/;0;1;0
theweststreethotel.com-0115-2017Redesign;en-US;/failovercheck/;0;1;0
Miravalspamonarchbeach.com-0109-2017Redesign;en-US;/failovercheck/;0;1;0
Luxehotels.com-0078-2016Redesign;en-US;/rodeodrive/beverlyhills/calendar/monthly/2039/1/1/;0;1;0
Crmweb.cendyn.com-0121-2017Redesign;en-US;/failovercheck/;0;1;0
Thesagamore.com-0112-2017Redesign;en-US;/es2639/cat345/bogo-at-the-sagamore/;0;1;0
Newyorkpalacemeetings.com-0045-2015Redesign;en-US;/wp-login.php/;0;1;0
theweststreethotel.com-0115-2017Redesign;en-US;/failovercheck/;0;1;0
Sunsetkeycottages.com-0116-2017Redesign;en-US;/failovercheck/;0;1;0
Cendyn.com-0095-2016Redesign;en-US;/autodiscover/autodiscover.xml;0;1;0
Miravalspamonarchbeach.com-0109-2017Redesign;en-US;/failovercheck/;0;1;0
Opalcollection.com-0098-2017Redesign;en-US;/failovercheck/;0;1;0
Thesagamore.com-0112-2017Redesign;en-US;/es2639/cat345/bogo-this-winter-at-the-sagamore/;0;1;0
Cocokeyorlando.com-0059-2015Redesign;en-US;/getmedia/d93e4657-5670-4323-be06-154ebcd9596a/direction-buttons/;0;1;0
Crmweb.cendyn.com-0121-2017Redesign;en-US;/failovercheck/;0;1;0
Sandpearl.com-0091-2016Redesign;en-US;/Opal/media/Opal/layout/blank.gif/;0;1;0
Thesagamore.com-0112-2017Redesign;en-US;/es2639/cat345/bogo-this-winter-at-the-sagamore/;0;1;0
Cocokeyorlando.com-0059-2015Redesign;en-US;/getmedia/98c85f83-2a85-43f5-9671-af03e3540bf4/ajax-loader/;0;1;0
theweststreethotel.com-0115-2017Redesign;en-US;/failovercheck/;0;1;0
Sunsetkeycottages.com-0116-2017Redesign;en-US;/failovercheck/;0;1;0
Miravalspamonarchbeach.com-0109-2017Redesign;en-US;/failovercheck/;0;1;0
Opalcollection.com-0098-2017Redesign;en-US;/failovercheck/;0;1;0
Opalsands.com-0084-2016Redesign;en-US;/Opal/media/Opal/layout/blank.gif/;0;1;0
Thesagamore.com-0112-2017Redesign;en-US;/es2639/cat345/bogo-this-winter-at-the-sagamore/;0;1;0
Cendyn.com-0095-2016Redesign;en-US;/wp-login.php/;0;1;0
hutchinsonshores.com-0119-2017Redesign;en-US;/failovercheck/;0;1;0
Sunsetkeycottages.com-0116-2017Redesign;en-US;/failovercheck/;0;1;0
Thesagamore.com-0112-2017Redesign;en-US;/es2639/cat375/;0;1;0
Thesagamore.com-0112-2017Redesign;en-US;/wp-login.php/;0;1;0
Opalcollection.com-0098-2017Redesign;en-US;/failovercheck/;0;1;0
Thesagamore.com-0112-2017Redesign;en-US;/wp-login.php/;0;1;0
Broadmoor.com-0073-2016Redesign;en-US;/wpad.dat/;0;1;0
Broadmoor.com-0073-2016Redesign;en-US;/wpad.dat/;0;1;0
Thesagamore.com-0112-2017Redesign;en-US;/apple-touch-icon-120x120-precomposed.png/;0;1;0
Thesagamore.com-0112-2017Redesign;en-US;/es2639/cat375/;0;1;0
Thesagamore.com-0112-2017Redesign;en-US;/apple-touch-icon-120x120.png/;0;1;0
hutchinsonshores.com-0119-2017Redesign;en-US;/failovercheck/;0;1;0
Thesagamore.com-0112-2017Redesign;en-US;/wp-login.php/;0;1;0
Thesagamore.com-0112-2017Redesign;en-US;/wp-login.php/;0;1;0
Thesagamore.com-0112-2017Redesign;en-US;/es2639/cat375/;0;1;0
Bellemontfarm.com-0007-2013Redesign;en-US;/favicon.ico/;0;1;0
hutchinsonshores.com-0119-2017Redesign;en-US;/failovercheck/;0;1;0
Thesagamore.com-0112-2017Redesign;en-US;/apple-touch-icon-precomposed.png/;0;1;0
Lehotels.com-0049-2015Transfer;en-US;/autodiscover/autodiscover.xml;0;1;0
Lehotels.com-0049-2015Transfer;en-US;/autodiscover/autodiscover.xml;0;1;0
Arcaneo.com-0030-2014Redesign;en-US;/failovercheck/;0;1;0
wentworthcom00212014redesign;en-US;/apple-touch-icon-120x120-precomposed.png/;0;1;0
wentworthcom00212014redesign;en-US;/apple-touch-icon-120x120.png/;0;1;0
wentworthcom00212014redesign;en-US;/apple-touch-icon-precomposed.png/;0;1;0
Washingtoncourthotel.com-0076-2016Redesign;en-US;/wp-login.php/;0;1;0
wentworthcom00212014redesign;en-US;/apple-touch-icon.png/;0;1;0
Thesagamore.com-0112-2017Redesign;en-US;/es2639/cat375/bogo-this-winter-at-the-sagamore/;0;1;0
wentworthcom00212014redesign;en-US;/marriottkeylargocom0015/media/marriottkeylargocom0015/ImagesForSite/favicon.ico/;0;1;0
wentworthcom00212014redesign;en-US;/favicon.ico/;0;1;0
wentworthcom00212014redesign;en-US;/apple-touch-icon-120x120-precomposed.png/;0;1;0
wentworthcom00212014redesign;en-US;/apple-touch-icon-120x120.png/;0;1;0
Thesagamore.com-0112-2017Redesign;en-US;/es2639/cat375/bogo-this-winter-at-the-sagamore/;0;1;0
Samosetresort.com-0113-2017Redesign;en-US;/Table/Accommodations/feed/rss.html/;0;1;0
wentworthcom00212014redesign;en-US;/marriottkeylargocom0015/media/marriottkeylargocom0015/ImagesForSite/favicon.ico/;0;1;0
Arcaneo.com-0030-2014Redesign;en-US;/failovercheck/;0;1;0
wentworthcom00212014redesign;en-US;/favicon.ico/;0;1;0
Samosetresort.com-0113-2017Redesign;en-US;/Table/Accommodations/feed/rss.html/;0;1;0
Theloganhotel.com-0043-2015Redesign;en-US;/autodiscover/autodiscover.xml;0;1;0
Halcyonhotelcherrycreek.com-0061-2015Redesign;en-US;/denver-hotel-specials/freestyle/;0;1;0
Thesagamore.com-0112-2017Redesign;en-US;/es2639/cat375/bogo-this-winter-at-the-sagamore/;0;1;0
Crmweb.cendyn.com-0121-2017Redesign;en-US;/failovercheck/;0;1;0
Lehotels.com-0049-2015Transfer;en-US;/autodiscover/autodiscover.xml;0;1;0
Arcaneo.com-0030-2014Redesign;en-US;/failovercheck/;0;1;0
theweststreethotel.com-0115-2017Redesign;en-US;/failovercheck/;0;1;0
Thesagamore.com-0112-2017Redesign;en-US;/es2646/cat334/opal-dining-package-/lang1/;0;1;0
Miravalspamonarchbeach.com-0109-2017Redesign;en-US;/failovercheck/;0;1;0
Thesagamore.com-0112-2017Redesign;en-US;/es2646/cat334/opal-dining-package-/lang1/;0;1;0
Crmweb.cendyn.com-0121-2017Redesign;en-US;/failovercheck/;0;1;0
Halcyonhotelcherrycreek.com-0061-2015Redesign;en-US;/denver-hotel-specials/star-wars-and-the-power-of-costume-package/;0;1;0
Marriottdelraybeach.com-0009-2014Redesign;en-US;/wp-login.php/;0;1;0
Broadmoor.com-0073-2016Redesign;en-US;/wpad.dat/;0;1;0
Laxembassy.com-0008-2014Redesign;en-US;/wp-login.php/;0;1;0
Broadmoor.com-0073-2016Redesign;en-US;/wpad.dat/;0;1;0
Broadmoor.com-0073-2016Redesign;en-US;/wpad.dat/;0;1;0
Broadmoor.com-0073-2016Redesign;en-US;/wpad.dat/;0;1;0
theweststreethotel.com-0115-2017Redesign;en-US;/failovercheck/;0;1;0
Sunsetkeycottages.com-0116-2017Redesign;en-US;/failovercheck/;0;1;0
Thesagamore.com-0112-2017Redesign;en-US;/es2646/cat334/opal-dining-package-/lang1/;0;1;0
Miravalspamonarchbeach.com-0109-2017Redesign;en-US;/failovercheck/;0;1;0
theweststreethotel.com-0115-2017Redesign;en-US;/wp-login.php/;0;1;0
Opalcollection.com-0098-2017Redesign;en-US;/failovercheck/;0;1;0
Crmweb.cendyn.com-0121-2017Redesign;en-US;/failovercheck/;0;1;0
Halcyonhotelcherrycreek.com-0061-2015Redesign;en-US;/denver-hotel-specials/summer-fling-group-special/;0;1;0
Thesagamore.com-0112-2017Redesign;en-US;/es2646/cat375/;0;1;0
Monarchbeachresort.com-0092-2016Redesign;en-US;/master-mock/membership/elite/index.html/;0;1;0
theweststreethotel.com-0115-2017Redesign;en-US;/failovercheck/;0;1;0
Sunsetkeycottages.com-0116-2017Redesign;en-US;/failovercheck/;0;1;0
Miravalspamonarchbeach.com-0109-2017Redesign;en-US;/failovercheck/;0;1;0
Thesagamore.com-0112-2017Redesign;en-US;/es2646/cat375/;0;1;0
Jupiterbeachresort.com-0103-2017Redesign;en-US;/wp-login.php/;0;1;0
Thesagamore.com-0112-2017Redesign;en-US;/apple-touch-icon.png/;0;1;0
Opalcollection.com-0098-2017Redesign;en-US;/failovercheck/;0;1;0
Jupiterbeachresort.com-0103-2017Redesign;en-US;/wp-login.php/;0;1;0
hutchinsonshores.com-0119-2017Redesign;en-US;/failovercheck/;0;1;0
Thesagamore.com-0112-2017Redesign;en-US;/es2646/cat375/;0;1;0
Sunsetkeycottages.com-0116-2017Redesign;en-US;/failovercheck/;0;1;0
