Glencovemansion.com-0058-2015Redesign;en-US;/Home;13328;1;0
Thecurtis.com-0079-2016Redesign;en-US;/Home;17981;1;0
Bocatrans.com-0082-2016Redesign;en-US;/Home;19758;1;0
Thecrawfordhotel.com-0074-2016Redesign;en-US;/Home;17145;1;0
Texturefoodanddrink.com-0067-2016Redesign;en-US;/Home;15452;1;0
Assuranceoperations.com-0065-2015Redesign;en-US;/Home;15263;1;0
Oxfordclubspa.com-0068-2016Redesign;en-US;/Home;15568;1;0
Washingtoncourthotel.com-0076-2016Redesign;en-US;/Home;17858;1;0
Jbdukehotel.com-0086-2016Redesign;en-US;/Home;21918;1;0
Theoxfordhotel.com-0062-2015Redesign;en-US;/Home;14325;1;0
Luxehotels.com-0078-2016Redesign;en-US;/Home;18805;1;0
Galthouse.com-0042-2015Redesign;en-US;/failovercheck;38060;1;0
Edgewaternaples.com-0094-2016Redesign;en-US;/failovercheck;38051;1;0
Treasureislandbeachresort.com-0089-2016Redesign;en-US;/failovercheck;38057;1;0
Zotabeachresort.com-0090-2016Redesign;en-US;/failovercheck;38058;1;0
Beverlyhillsresidenceinn.com-0087-2016Redesign;en-US;/Home;20999;1;0
Samosetresort.com-0113-2017Redesign;en-US;/failovercheck;40334;1;0
Theharborsidehotel.com-0114-2017Redesign;en-US;/failovercheck;40403;1;0
Naiaresortandspa.com-0077-2016Redesign;en-US;/home;20455;1;0
Abbingtonbanquets.com-0070-2016Redesign;en-US;/Home;15789;1;0
Homewoodsuiteslax.com-0110-2017Redesign;en-US;/Home;30747;1;0
Halcyonhotelcherrycreek.com-0061-2015Redesign;en-US;/Home;22121;1;0
Sandylane.com-0075-2016Redesign;en-US;/Home;17611;1;0
Jupiterbeachresort.com-0103-2017Redesign;en-US;/failovercheck;38052;1;0
Opalsands.com-0084-2016Redesign;en-US;/failovercheck;38055;1;0
Delraysandsresort.com-0097-2016Redesign;en-US;/failovercheck;38049;1;0
Lakeplacidlodge.com-0105-2017Redesign;en-US;/failovercheck;39238;1;0
Miravalspamonarchbeach.com-0109-2017Redesign;en-US;/Home;31709;1;0
Zotabeachresort.com-0090-2016Redesign;en-US;/Events;22367;1;0
theweststreethotel.com-0115-2017Redesign;en-US;/Home;36683;1;0
Hospitalityupgrade.com-0093-2016Redesign;en-US;/Home;25405;1;0
Cendyn.com-0095-2016Redesign;en-US;/Home;26640;1;0
Napavalleymarriott.com-0071-2016Redesign;en-US;/Home;16432;1;0
Opalsands.com-0084-2016Redesign;en-US;/Home;20171;1;0
Sandpearl.com-0091-2016Redesign;en-US;/Home;22481;1;0
Thesagamore.com-0112-2017Redesign;en-US;/failovercheck;39241;1;0
Broadmoor.com-0073-2016Redesign;en-US;/failovercheck;38059;1;0
Longboatkeyclub.com-0104-2017Redesign;en-US;/failovercheck;38054;1;0
Lidobeachresort.com-0106-2017Redesign;en-US;/failovercheck;38053;1;0
Broadmoor.com-0073-2016Redesign;en-US;/Special-Packages/Seasonal-Packages/Classic-Broadmoor-Christmas;22158;1;0
Washingtoncourthotel.com-0076-2016Redesign;en-US;/Home;17858;1;0
Luxehotels.com-0078-2016Redesign;en-US;/Home;18805;1;0
Opalsands.com-0084-2016Redesign;en-US;/Home;20171;1;0
theweststreethotel.com-0115-2017Redesign;en-US;/Home;36683;1;0
Passport.lehotels.com-0069-2016BlogRedesign;en-US;/failovercheck;41068;1;0
Sandpearl.com-0091-2016Redesign;en-US;/failovercheck;38056;1;0
Broadmoor.com-0073-2016Redesign;en-US;/Home;16721;1;0
Cendyn.com-0095-2016Redesign;en-US;/Home;26640;1;0
Cendyn.com-0095-2016Redesign;en-US;/Home;26640;1;0
Monarchbeachresort.com-0092-2016Redesign;en-US;/photo-gallery;22877;1;0
Cendyn.com-0095-2016Redesign;en-US;/Home;26640;1;0
Cendyn.com-0095-2016Redesign;en-US;/Home;26640;1;0
Luxehotels.com-0078-2016Redesign;en-US;/Our-Hotels/Luxe-Sunset-Boulevard-Hotel/Dining/Luxe-Lounge;19342;1;0
Hhotellosangeles.com-0118-2017Redesign;en-US;/Home;35289;1;0
Luxehotels.com-0078-2016Redesign;en-US;/Home;18805;1;0
Bluebirch.com-0072-2016Redesign;en-US;/Home;16693;1;0
Chrco.com-0107-2017Redesign;en-US;/Home;29280;1;0
Galthouse.com-0042-2015Redesign;en-US;/failovercheck;38060;1;0
Naiaresortandspa.com-0077-2016Redesign;en-US;/home;20455;1;0
Theoxfordhotel.com-0062-2015Redesign;en-US;/Home;14325;1;0
Bocatrans.com-0082-2016Redesign;en-US;/Home;19758;1;0
Oxfordclubspa.com-0068-2016Redesign;en-US;/Home;15568;1;0
Glencovemansion.com-0058-2015Redesign;en-US;/Home;13328;1;0
Washingtoncourthotel.com-0076-2016Redesign;en-US;/Home;17858;1;0
Beverlyhillsresidenceinn.com-0087-2016Redesign;en-US;/Home;20999;1;0
Homewoodsuiteslax.com-0110-2017Redesign;en-US;/Home;30747;1;0
Thecrawfordhotel.com-0074-2016Redesign;en-US;/Home;17145;1;0
Sandylane.com-0075-2016Redesign;en-US;/Home;17611;1;0
Halcyonhotelcherrycreek.com-0061-2015Redesign;en-US;/Home;22121;1;0
Degreerestaurant.com-0056-2015Redesign;en-US;/Home;11598;1;0
Samosetresort.com-0113-2017Redesign;en-US;/failovercheck;40334;1;0
Abbingtonbanquets.com-0070-2016Redesign;en-US;/Home;15789;1;0
Meateatery.com-0080-2016Redesign;en-US;/;18505;1;0
Jbdukehotel.com-0086-2016Redesign;en-US;/Home;21918;1;0
Texturefoodanddrink.com-0067-2016Redesign;en-US;/Home;15452;1;0
Thecurtis.com-0079-2016Redesign;en-US;/Home;17981;1;0
Theharborsidehotel.com-0114-2017Redesign;en-US;/failovercheck;40403;1;0
Assuranceoperations.com-0065-2015Redesign;en-US;/Home;15263;1;0
Edgewaternaples.com-0094-2016Redesign;en-US;/failovercheck;38051;1;0
Treasureislandbeachresort.com-0089-2016Redesign;en-US;/failovercheck;38057;1;0
Opalsands.com-0084-2016Redesign;en-US;/failovercheck;38055;1;0
Lakeplacidlodge.com-0105-2017Redesign;en-US;/failovercheck;39238;1;0
Jupiterbeachresort.com-0103-2017Redesign;en-US;/failovercheck;38052;1;0
Zotabeachresort.com-0090-2016Redesign;en-US;/failovercheck;38058;1;0
Delraysandsresort.com-0097-2016Redesign;en-US;/failovercheck;38049;1;0
Assuranceoperations.com-0065-2015Redesign;en-US;/Home;15263;1;0
Hospitalityupgrade.com-0093-2016Redesign;en-US;/Home;25405;1;0
Cendyn.com-0095-2016Redesign;en-US;/Home;26640;1;0
Laxembassy.com-0008-2014Redesign;en-US;/Home;2037;1;0
saddlebrook.com-0011-2014Redesign;en-US;/Dining/Cafes-Bars;3456;1;0
Thecurtis.com-0079-2016Redesign;en-US;/Rooms/Hyper-Themed-Rooms/GhostBusters;19406;1;0
Napavalleymarriott.com-0071-2016Redesign;en-US;/Home;16432;1;0
Broadmoor.com-0073-2016Redesign;en-US;/failovercheck;38059;1;0
Lidobeachresort.com-0106-2017Redesign;en-US;/failovercheck;38053;1;0
Longboatkeyclub.com-0104-2017Redesign;en-US;/failovercheck;38054;1;0
Thesagamore.com-0112-2017Redesign;en-US;/failovercheck;39241;1;0
Broadmoor.com-0073-2016Redesign;en-US;/Home;16721;1;0
Cocokeyorlando.com-0059-2015Redesign;en-US;/Home;12394;1;0
Thecurtis.com-0079-2016Redesign;en-US;/Home;17981;1;0
Zotabeachresort.com-0090-2016Redesign;en-US;/Events/Meetings;22411;1;0
Thecurtis.com-0079-2016Redesign;en-US;/Home;17981;1;0
Thecurtis.com-0079-2016Redesign;en-US;/Home;17981;1;0
Jbdukehotel.com-0086-2016Redesign;en-US;/Stay/Specials/Bed-Breakfast-for-Two;22011;1;0
Sandpearl.com-0091-2016Redesign;en-US;/failovercheck;38056;1;0
Passport.lehotels.com-0069-2016BlogRedesign;en-US;/failovercheck;41068;1;0
Thecurtis.com-0079-2016Redesign;en-US;/Home;17981;1;0
Cendyn.com-0095-2016Redesign;en-US;/Home;26640;1;0
Cendyn.com-0095-2016Redesign;en-US;/Home;26640;1;0
Cendyn.com-0095-2016Redesign;en-US;/Home;26640;1;0
Cendyn.com-0095-2016Redesign;en-US;/Home;26640;1;0
Sandpearl.com-0091-2016Redesign;en-US;/Home;22481;1;0
Hhotellosangeles.com-0118-2017Redesign;en-US;/Home;35289;1;0
Oxfordclubspa.com-0068-2016Redesign;en-US;/Home;15568;1;0
Luxehotels.com-0078-2016Redesign;en-US;/Home;18805;1;0
Homewoodsuiteslax.com-0110-2017Redesign;en-US;/Home;30747;1;0
Bluebirch.com-0072-2016Redesign;en-US;/Home;16693;1;0
Jbdukehotel.com-0086-2016Redesign;en-US;/Home;21918;1;0
Galthouse.com-0042-2015Redesign;en-US;/failovercheck;38060;1;0
Meateatery.com-0080-2016Redesign;en-US;/;18505;1;0
Degreerestaurant.com-0056-2015Redesign;en-US;/Home;11598;1;0
Glencovemansion.com-0058-2015Redesign;en-US;/Home;13328;1;0
Halcyonhotelcherrycreek.com-0061-2015Redesign;en-US;/Home;22121;1;0
Edgewaternaples.com-0094-2016Redesign;en-US;/failovercheck;38051;1;0
Thecrawfordhotel.com-0074-2016Redesign;en-US;/Home;17145;1;0
Sandylane.com-0075-2016Redesign;en-US;/Home;17611;1;0
Texturefoodanddrink.com-0067-2016Redesign;en-US;/Home;15452;1;0
Bocatrans.com-0082-2016Redesign;en-US;/Home;19758;1;0
Thecurtis.com-0079-2016Redesign;en-US;/Home;17981;1;0
Assuranceoperations.com-0065-2015Redesign;en-US;/Home;15263;1;0
Washingtoncourthotel.com-0076-2016Redesign;en-US;/Home;17858;1;0
Abbingtonbanquets.com-0070-2016Redesign;en-US;/Home;15789;1;0
Beverlyhillsresidenceinn.com-0087-2016Redesign;en-US;/Home;20999;1;0
Chrco.com-0107-2017Redesign;en-US;/Home;29280;1;0
Theoxfordhotel.com-0062-2015Redesign;en-US;/Home;14325;1;0
Theharborsidehotel.com-0114-2017Redesign;en-US;/failovercheck;40403;1;0
Jupiterbeachresort.com-0103-2017Redesign;en-US;/failovercheck;38052;1;0
Naiaresortandspa.com-0077-2016Redesign;en-US;/home;20455;1;0
Samosetresort.com-0113-2017Redesign;en-US;/failovercheck;40334;1;0
Zotabeachresort.com-0090-2016Redesign;en-US;/failovercheck;38058;1;0
Lakeplacidlodge.com-0105-2017Redesign;en-US;/failovercheck;39238;1;0
Opalsands.com-0084-2016Redesign;en-US;/failovercheck;38055;1;0
Treasureislandbeachresort.com-0089-2016Redesign;en-US;/failovercheck;38057;1;0
Delraysandsresort.com-0097-2016Redesign;en-US;/failovercheck;38049;1;0
Cendyn.com-0095-2016Redesign;en-US;/Home;26640;1;0
Hospitalityupgrade.com-0093-2016Redesign;en-US;/Home;25405;1;0
Cendyn.com-0095-2016Redesign;en-US;/Home;26640;1;0
Napavalleymarriott.com-0071-2016Redesign;en-US;/Home;16432;1;0
Thesagamore.com-0112-2017Redesign;en-US;/failovercheck;39241;1;0
Lidobeachresort.com-0106-2017Redesign;en-US;/failovercheck;38053;1;0
Longboatkeyclub.com-0104-2017Redesign;en-US;/failovercheck;38054;1;0
Broadmoor.com-0073-2016Redesign;en-US;/failovercheck;38059;1;0
Cendyn.com-0095-2016Redesign;en-US;/Home;26640;1;0
Hospitalityupgrade.com-0093-2016Redesign;en-US;/Home;25405;1;0
Cendyn.com-0095-2016Redesign;en-US;/Solutions/Marketing-Cloud/Hotel-CRM-Suite;26857;1;0
Broadmoor.com-0073-2016Redesign;en-US;/Activities/Spa;16793;1;0
Sandpearl.com-0091-2016Redesign;en-US;/failovercheck;38056;1;0
Passport.lehotels.com-0069-2016BlogRedesign;en-US;/failovercheck;41068;1;0
Thesagamore.com-0112-2017Redesign;en-US;/Home;32339;1;0
Cendyn.com-0095-2016Redesign;en-US;/Home;26640;1;0
Cendyn.com-0095-2016Redesign;en-US;/Home;26640;1;0
Cendyn.com-0095-2016Redesign;en-US;/Home;26640;1;0
Cendyn.com-0095-2016Redesign;en-US;/Home;26640;1;0
Broadmoor.com-0073-2016Redesign;en-US;/The-Resort;16724;1;0
Thecurtis.com-0079-2016Redesign;en-US;/The-Hotel;18823;1;0
Meateatery.com-0080-2016Redesign;en-US;/;18505;1;0
Luxehotels.com-0078-2016Redesign;en-US;/Home;18805;1;0
Bocatrans.com-0082-2016Redesign;en-US;/Home;19758;1;0
Glencovemansion.com-0058-2015Redesign;en-US;/Home;13328;1;0
Degreerestaurant.com-0056-2015Redesign;en-US;/Home;11598;1;0
Naiaresortandspa.com-0077-2016Redesign;en-US;/home;20455;1;0
Bluebirch.com-0072-2016Redesign;en-US;/Home;16693;1;0
Texturefoodanddrink.com-0067-2016Redesign;en-US;/Home;15452;1;0
Hhotellosangeles.com-0118-2017Redesign;en-US;/Home;35289;1;0
Thecurtis.com-0079-2016Redesign;en-US;/Home;17981;1;0
Thecrawfordhotel.com-0074-2016Redesign;en-US;/Home;17145;1;0
Beverlyhillsresidenceinn.com-0087-2016Redesign;en-US;/Home;20999;1;0
Assuranceoperations.com-0065-2015Redesign;en-US;/Home;15263;1;0
Washingtoncourthotel.com-0076-2016Redesign;en-US;/Home;17858;1;0
Oxfordclubspa.com-0068-2016Redesign;en-US;/Home;15568;1;0
Jbdukehotel.com-0086-2016Redesign;en-US;/Home;21918;1;0
Abbingtonbanquets.com-0070-2016Redesign;en-US;/Home;15789;1;0
Galthouse.com-0042-2015Redesign;en-US;/failovercheck;38060;1;0
Opalsands.com-0084-2016Redesign;en-US;/failovercheck;38055;1;0
Chrco.com-0107-2017Redesign;en-US;/Home;29280;1;0
Zotabeachresort.com-0090-2016Redesign;en-US;/failovercheck;38058;1;0
Theharborsidehotel.com-0114-2017Redesign;en-US;/failovercheck;40403;1;0
Sandylane.com-0075-2016Redesign;en-US;/Home;17611;1;0
Halcyonhotelcherrycreek.com-0061-2015Redesign;en-US;/Home;22121;1;0
Theoxfordhotel.com-0062-2015Redesign;en-US;/Home;14325;1;0
Jupiterbeachresort.com-0103-2017Redesign;en-US;/failovercheck;38052;1;0
Homewoodsuiteslax.com-0110-2017Redesign;en-US;/Home;30747;1;0
Samosetresort.com-0113-2017Redesign;en-US;/failovercheck;40334;1;0
Lakeplacidlodge.com-0105-2017Redesign;en-US;/failovercheck;39238;1;0
Treasureislandbeachresort.com-0089-2016Redesign;en-US;/failovercheck;38057;1;0
Edgewaternaples.com-0094-2016Redesign;en-US;/failovercheck;38051;1;0
Delraysandsresort.com-0097-2016Redesign;en-US;/failovercheck;38049;1;0
Monarchbeachresort.com-0092-2016Redesign;en-US;/Home;22725;1;0
Hospitalityupgrade.com-0093-2016Redesign;en-US;/Home;25405;1;0
Cendyn.com-0095-2016Redesign;en-US;/Home;26640;1;0
Napavalleymarriott.com-0071-2016Redesign;en-US;/Home;16432;1;0
Thesagamore.com-0112-2017Redesign;en-US;/failovercheck;39241;1;0
Longboatkeyclub.com-0104-2017Redesign;en-US;/failovercheck;38054;1;0
Broadmoor.com-0073-2016Redesign;en-US;/failovercheck;38059;1;0
Lidobeachresort.com-0106-2017Redesign;en-US;/failovercheck;38053;1;0
Broadmoor.com-0073-2016Redesign;en-US;/The-Resort;16724;1;0
Longboatkeyclub.com-0104-2017Redesign;en-US;/Home;28316;1;0
Abbingtonbanquets.com-0070-2016Redesign;en-US;/Home;15789;1;0
Zotabeachresort.com-0090-2016Redesign;en-US;/Events/Meetings/Function-Space;22465;1;0
Galthouse.com-0042-2015Redesign;en-US;/louisville-hotel-vacation-packages;9789;1;0
Passport.lehotels.com-0069-2016BlogRedesign;en-US;/failovercheck;41068;1;0
Sandpearl.com-0091-2016Redesign;en-US;/failovercheck;38056;1;0
Montaukyachtclub.com-0010-2014Redesign;en-US;/Home;2240;1;0
Cendyn.com-0095-2016Redesign;en-US;/Home;26640;1;0
Cendyn.com-0095-2016Redesign;en-US;/Home;26640;1;0
Cendyn.com-0095-2016Redesign;en-US;/Home;26640;1;0
Cendyn.com-0095-2016Redesign;en-US;/Home;26640;1;0
Luxehotels.com-0078-2016Redesign;en-US;/Home;18805;1;0
Sandpearl.com-0091-2016Redesign;en-US;/Home;22481;1;0
Thecrawfordhotel.com-0074-2016Redesign;en-US;/Home;17145;1;0
Hhotellosangeles.com-0118-2017Redesign;en-US;/Home;35289;1;0
Glencovemansion.com-0058-2015Redesign;en-US;/Home;13328;1;0
Meateatery.com-0080-2016Redesign;en-US;/;18505;1;0
Degreerestaurant.com-0056-2015Redesign;en-US;/Home;11598;1;0
Bluebirch.com-0072-2016Redesign;en-US;/Home;16693;1;0
Thecurtis.com-0079-2016Redesign;en-US;/Home;17981;1;0
Assuranceoperations.com-0065-2015Redesign;en-US;/Home;15263;1;0
Texturefoodanddrink.com-0067-2016Redesign;en-US;/Home;15452;1;0
Bocatrans.com-0082-2016Redesign;en-US;/Home;19758;1;0
Washingtoncourthotel.com-0076-2016Redesign;en-US;/Home;17858;1;0
Oxfordclubspa.com-0068-2016Redesign;en-US;/Home;15568;1;0
Beverlyhillsresidenceinn.com-0087-2016Redesign;en-US;/Home;20999;1;0
Abbingtonbanquets.com-0070-2016Redesign;en-US;/Home;15789;1;0
Jbdukehotel.com-0086-2016Redesign;en-US;/Home;21918;1;0
Theoxfordhotel.com-0062-2015Redesign;en-US;/Home;14325;1;0
Homewoodsuiteslax.com-0110-2017Redesign;en-US;/Home;30747;1;0
Jupiterbeachresort.com-0103-2017Redesign;en-US;/failovercheck;38052;1;0
Naiaresortandspa.com-0077-2016Redesign;en-US;/home;20455;1;0
Chrco.com-0107-2017Redesign;en-US;/Home;29280;1;0
Treasureislandbeachresort.com-0089-2016Redesign;en-US;/failovercheck;38057;1;0
Sandylane.com-0075-2016Redesign;en-US;/Home;17611;1;0
Edgewaternaples.com-0094-2016Redesign;en-US;/failovercheck;38051;1;0
Zotabeachresort.com-0090-2016Redesign;en-US;/failovercheck;38058;1;0
Galthouse.com-0042-2015Redesign;en-US;/failovercheck;38060;1;0
Halcyonhotelcherrycreek.com-0061-2015Redesign;en-US;/Home;22121;1;0
Luxehotels.com-0078-2016Redesign;en-US;/Home;18805;1;0
Lakeplacidlodge.com-0105-2017Redesign;en-US;/failovercheck;39238;1;0
Opalsands.com-0084-2016Redesign;en-US;/failovercheck;38055;1;0
Theharborsidehotel.com-0114-2017Redesign;en-US;/failovercheck;40403;1;0
Samosetresort.com-0113-2017Redesign;en-US;/failovercheck;40334;1;0
Delraysandsresort.com-0097-2016Redesign;en-US;/failovercheck;38049;1;0
Hospitalityupgrade.com-0093-2016Redesign;en-US;/Home;25405;1;0
Cendyn.com-0095-2016Redesign;en-US;/Home;26640;1;0
Broadmoor.com-0073-2016Redesign;en-US;/Home;16721;1;0
Thesagamore.com-0112-2017Redesign;en-US;/Home;32339;1;0
Sandpearl.com-0091-2016Redesign;en-US;/Home;22481;1;0
Napavalleymarriott.com-0071-2016Redesign;en-US;/Home;16432;1;0
Longboatkeyclub.com-0104-2017Redesign;en-US;/failovercheck;38054;1;0
Lidobeachresort.com-0106-2017Redesign;en-US;/failovercheck;38053;1;0
Thesagamore.com-0112-2017Redesign;en-US;/failovercheck;39241;1;0
Broadmoor.com-0073-2016Redesign;en-US;/failovercheck;38059;1;0
Hospitalityupgrade.com-0093-2016Redesign;en-US;/Watercooler-News/Siegel-Sez/Siegel-Sez-Details;36743;1;0
Broadmoor.com-0073-2016Redesign;en-US;/Dining/La-Taverne;16766;1;0
Thesagamore.com-0112-2017Redesign;en-US;/Home;32339;1;0
Thelodgeatwoodloch.com-0033-2015Redesign;en-US;/Home;7764;1;0
Samosetresort.com-0113-2017Redesign;en-US;/Home;32541;1;0
Sandpearl.com-0091-2016Redesign;en-US;/failovercheck;38056;1;0
Passport.lehotels.com-0069-2016BlogRedesign;en-US;/failovercheck;41068;1;0
Washingtoncourthotel.com-0076-2016Redesign;en-US;/Home;17858;1;0
Hospitalityupgrade.com-0093-2016Redesign;en-US;/Watercooler-News/Siegel-Sez/Siegel-Sez-Details;36743;1;0
Cendyn.com-0095-2016Redesign;en-US;/Home;26640;1;0
Cendyn.com-0095-2016Redesign;en-US;/Home;26640;1;0
Cendyn.com-0095-2016Redesign;en-US;/Home;26640;1;0
Cendyn.com-0095-2016Redesign;en-US;/Home;26640;1;0
Meateatery.com-0080-2016Redesign;en-US;/;18505;1;0
Thecrawfordhotel.com-0074-2016Redesign;en-US;/Home;17145;1;0
Bluebirch.com-0072-2016Redesign;en-US;/Home;16693;1;0
Thecurtis.com-0079-2016Redesign;en-US;/The-Hotel/Hotel-Policies-Amenities;18827;1;0
Chrco.com-0107-2017Redesign;en-US;/Home;29280;1;0
Hhotellosangeles.com-0118-2017Redesign;en-US;/Home;35289;1;0
Degreerestaurant.com-0056-2015Redesign;en-US;/Home;11598;1;0
Glencovemansion.com-0058-2015Redesign;en-US;/Home;13328;1;0
Sandylane.com-0075-2016Redesign;en-US;/Home;17611;1;0
Bocatrans.com-0082-2016Redesign;en-US;/Home;19758;1;0
Thecurtis.com-0079-2016Redesign;en-US;/Home;17981;1;0
Assuranceoperations.com-0065-2015Redesign;en-US;/Home;15263;1;0
Texturefoodanddrink.com-0067-2016Redesign;en-US;/Home;15452;1;0
Washingtoncourthotel.com-0076-2016Redesign;en-US;/Home;17858;1;0
Theoxfordhotel.com-0062-2015Redesign;en-US;/Home;14325;1;0
Abbingtonbanquets.com-0070-2016Redesign;en-US;/Home;15789;1;0
Treasureislandbeachresort.com-0089-2016Redesign;en-US;/failovercheck;38057;1;0
Halcyonhotelcherrycreek.com-0061-2015Redesign;en-US;/Home;22121;1;0
Zotabeachresort.com-0090-2016Redesign;en-US;/failovercheck;38058;1;0
Jupiterbeachresort.com-0103-2017Redesign;en-US;/failovercheck;38052;1;0
Homewoodsuiteslax.com-0110-2017Redesign;en-US;/Home;30747;1;0
Samosetresort.com-0113-2017Redesign;en-US;/failovercheck;40334;1;0
Delraysandsresort.com-0097-2016Redesign;en-US;/failovercheck;38049;1;0
Oxfordclubspa.com-0068-2016Redesign;en-US;/Home;15568;1;0
Jbdukehotel.com-0086-2016Redesign;en-US;/Home;21918;1;0
Galthouse.com-0042-2015Redesign;en-US;/failovercheck;38060;1;0
Lakeplacidlodge.com-0105-2017Redesign;en-US;/failovercheck;39238;1;0
Beverlyhillsresidenceinn.com-0087-2016Redesign;en-US;/Home;20999;1;0
Naiaresortandspa.com-0077-2016Redesign;en-US;/home;20455;1;0
Theharborsidehotel.com-0114-2017Redesign;en-US;/failovercheck;40403;1;0
Luxehotels.com-0078-2016Redesign;en-US;/Home;18805;1;0
Edgewaternaples.com-0094-2016Redesign;en-US;/failovercheck;38051;1;0
Opalsands.com-0084-2016Redesign;en-US;/failovercheck;38055;1;0
Thelodgeatwoodloch.com-0033-2015Redesign;en-US;/Accommodations/Rates-Amenities;7782;1;0
Sandpearl.com-0091-2016Redesign;en-US;/Dining;22489;1;0
Hospitalityupgrade.com-0093-2016Redesign;en-US;/Home;25405;1;0
Cendyn.com-0095-2016Redesign;en-US;/Home;26640;1;0
Samosetresort.com-0113-2017Redesign;en-US;/Home;32541;1;0
Napavalleymarriott.com-0071-2016Redesign;en-US;/Home;16432;1;0
Lidobeachresort.com-0106-2017Redesign;en-US;/failovercheck;38053;1;0
Thesagamore.com-0112-2017Redesign;en-US;/failovercheck;39241;1;0
Longboatkeyclub.com-0104-2017Redesign;en-US;/failovercheck;38054;1;0
Broadmoor.com-0073-2016Redesign;en-US;/failovercheck;38059;1;0
theweststreethotel.com-0115-2017Redesign;en-US;/Bar-Harbor-Hotel-Packages/Special-Offers;36718;1;0
Luxehotels.com-0078-2016Redesign;en-US;/Home;18805;1;0
Halcyonhotelcherrycreek.com-0061-2015Redesign;en-US;/Home;22121;1;0
Halcyonhotelcherrycreek.com-0061-2015Redesign;en-US;/Home;22121;1;0
Broadmoor.com-0073-2016Redesign;en-US;/Home;16721;1;0
Sandpearl.com-0091-2016Redesign;en-US;/failovercheck;38056;1;0
Passport.lehotels.com-0069-2016BlogRedesign;en-US;/failovercheck;41068;1;0
Cendyn.com-0095-2016Redesign;en-US;/Home;26640;1;0
Cendyn.com-0095-2016Redesign;en-US;/Home;26640;1;0
Cendyn.com-0095-2016Redesign;en-US;/Home;26640;1;0
Cendyn.com-0095-2016Redesign;en-US;/Home;26640;1;0
Halcyonhotelcherrycreek.com-0061-2015Redesign;en-US;/Hotel;23188;1;0
Lidobeachresort.com-0106-2017Redesign;en-US;/Gallery;28667;1;0
Bluebirch.com-0072-2016Redesign;en-US;/Home;16693;1;0
Assuranceoperations.com-0065-2015Redesign;en-US;/Home;15263;1;0
Meateatery.com-0080-2016Redesign;en-US;/;18505;1;0
Degreerestaurant.com-0056-2015Redesign;en-US;/Home;11598;1;0
Hhotellosangeles.com-0118-2017Redesign;en-US;/Home;35289;1;0
Bocatrans.com-0082-2016Redesign;en-US;/Home;19758;1;0
Luxehotels.com-0078-2016Redesign;en-US;/Home;18805;1;0
Chrco.com-0107-2017Redesign;en-US;/Home;29280;1;0
Galthouse.com-0042-2015Redesign;en-US;/failovercheck;38060;1;0
Delraysandsresort.com-0097-2016Redesign;en-US;/failovercheck;38049;1;0
Treasureislandbeachresort.com-0089-2016Redesign;en-US;/failovercheck;38057;1;0
Theoxfordhotel.com-0062-2015Redesign;en-US;/Home;14325;1;0
Opalsands.com-0084-2016Redesign;en-US;/failovercheck;38055;1;0
Zotabeachresort.com-0090-2016Redesign;en-US;/failovercheck;38058;1;0
Glencovemansion.com-0058-2015Redesign;en-US;/Home;13328;1;0
Jbdukehotel.com-0086-2016Redesign;en-US;/Home;21918;1;0
Abbingtonbanquets.com-0070-2016Redesign;en-US;/Home;15789;1;0
Theharborsidehotel.com-0114-2017Redesign;en-US;/failovercheck;40403;1;0
Washingtoncourthotel.com-0076-2016Redesign;en-US;/Home;17858;1;0
Thecurtis.com-0079-2016Redesign;en-US;/Home;17981;1;0
Oxfordclubspa.com-0068-2016Redesign;en-US;/Home;15568;1;0
Samosetresort.com-0113-2017Redesign;en-US;/failovercheck;40334;1;0
Thecrawfordhotel.com-0074-2016Redesign;en-US;/Home;17145;1;0
Texturefoodanddrink.com-0067-2016Redesign;en-US;/Home;15452;1;0
Beverlyhillsresidenceinn.com-0087-2016Redesign;en-US;/Home;20999;1;0
Homewoodsuiteslax.com-0110-2017Redesign;en-US;/Home;30747;1;0
Naiaresortandspa.com-0077-2016Redesign;en-US;/home;20455;1;0
Halcyonhotelcherrycreek.com-0061-2015Redesign;en-US;/Home;22121;1;0
Edgewaternaples.com-0094-2016Redesign;en-US;/failovercheck;38051;1;0
Sandylane.com-0075-2016Redesign;en-US;/Home;17611;1;0
Jupiterbeachresort.com-0103-2017Redesign;en-US;/failovercheck;38052;1;0
Lakeplacidlodge.com-0105-2017Redesign;en-US;/failovercheck;39238;1;0
Samosetresort.com-0113-2017Redesign;en-US;/Home;32541;1;0
Cendyn.com-0095-2016Redesign;en-US;/Blog/May-2017/Innovation-central-behind-the-scenes-of-Cendyn’s-r;36420;1;0
Broadmoor.com-0073-2016Redesign;en-US;/Home;16721;1;0
Monarchbeachresort.com-0092-2016Redesign;en-US;/Home;22725;1;0
Hospitalityupgrade.com-0093-2016Redesign;en-US;/Home;25405;1;0
Cendyn.com-0095-2016Redesign;en-US;/Home;26640;1;0
Hi-nyc.com-0108-2017Redesogm;en-US;/Home;30080;1;0
Napavalleymarriott.com-0071-2016Redesign;en-US;/Home;16432;1;0
Zotabeachresort.com-0090-2016Redesign;en-US;/Events/Meetings;22411;1;0
Lidobeachresort.com-0106-2017Redesign;en-US;/failovercheck;38053;1;0
Thesagamore.com-0112-2017Redesign;en-US;/Home;32339;1;0
Thesagamore.com-0112-2017Redesign;en-US;/failovercheck;39241;1;0
Longboatkeyclub.com-0104-2017Redesign;en-US;/failovercheck;38054;1;0
Broadmoor.com-0073-2016Redesign;en-US;/failovercheck;38059;1;0
Thesagamore.com-0112-2017Redesign;en-US;/Home;32339;1;0
Unionstationhotelnashville.com-0047-2015Redesign;en-US;/nashville-accommodations;24054;1;0
Zotabeachresort.com-0090-2016Redesign;en-US;/Events;22367;1;0
Thesagamore.com-0112-2017Redesign;en-US;/Accommodations/Historic-Main-Hotel;33921;1;0
Sandpearl.com-0091-2016Redesign;en-US;/failovercheck;38056;1;0
Passport.lehotels.com-0069-2016BlogRedesign;en-US;/failovercheck;41068;1;0
Thelodgeatwoodloch.com-0033-2015Redesign;en-US;/Accommodations/Rooms-Suites;7781;1;0
Cendyn.com-0095-2016Redesign;en-US;/Home;26640;1;0
Cendyn.com-0095-2016Redesign;en-US;/Home;26640;1;0
Cendyn.com-0095-2016Redesign;en-US;/Home;26640;1;0
Cendyn.com-0095-2016Redesign;en-US;/Home;26640;1;0
Hhotellosangeles.com-0118-2017Redesign;en-US;/Home;35289;1;0
Jbdukehotel.com-0086-2016Redesign;en-US;/Home;21918;1;0
Glencovemansion.com-0058-2015Redesign;en-US;/Home;13328;1;0
Bluebirch.com-0072-2016Redesign;en-US;/Home;16693;1;0
Meateatery.com-0080-2016Redesign;en-US;/;18505;1;0
Degreerestaurant.com-0056-2015Redesign;en-US;/Home;11598;1;0
Thecurtis.com-0079-2016Redesign;en-US;/Home;17981;1;0
Thecrawfordhotel.com-0074-2016Redesign;en-US;/Home;17145;1;0
Texturefoodanddrink.com-0067-2016Redesign;en-US;/Home;15452;1;0
Bocatrans.com-0082-2016Redesign;en-US;/Home;19758;1;0
Assuranceoperations.com-0065-2015Redesign;en-US;/Home;15263;1;0
Washingtoncourthotel.com-0076-2016Redesign;en-US;/Home;17858;1;0
Oxfordclubspa.com-0068-2016Redesign;en-US;/Home;15568;1;0
Theoxfordhotel.com-0062-2015Redesign;en-US;/Home;14325;1;0
Homewoodsuiteslax.com-0110-2017Redesign;en-US;/Home;30747;1;0
Treasureislandbeachresort.com-0089-2016Redesign;en-US;/failovercheck;38057;1;0
Opalsands.com-0084-2016Redesign;en-US;/failovercheck;38055;1;0
Jupiterbeachresort.com-0103-2017Redesign;en-US;/failovercheck;38052;1;0
Naiaresortandspa.com-0077-2016Redesign;en-US;/home;20455;1;0
Sandylane.com-0075-2016Redesign;en-US;/Home;17611;1;0
Galthouse.com-0042-2015Redesign;en-US;/failovercheck;38060;1;0
Zotabeachresort.com-0090-2016Redesign;en-US;/failovercheck;38058;1;0
Luxehotels.com-0078-2016Redesign;en-US;/Home;18805;1;0
Halcyonhotelcherrycreek.com-0061-2015Redesign;en-US;/Home;22121;1;0
Beverlyhillsresidenceinn.com-0087-2016Redesign;en-US;/Home;20999;1;0
Edgewaternaples.com-0094-2016Redesign;en-US;/failovercheck;38051;1;0
Abbingtonbanquets.com-0070-2016Redesign;en-US;/Home;15789;1;0
Lakeplacidlodge.com-0105-2017Redesign;en-US;/failovercheck;39238;1;0
Chrco.com-0107-2017Redesign;en-US;/Home;29280;1;0
Theharborsidehotel.com-0114-2017Redesign;en-US;/failovercheck;40403;1;0
Samosetresort.com-0113-2017Redesign;en-US;/failovercheck;40334;1;0
Delraysandsresort.com-0097-2016Redesign;en-US;/failovercheck;38049;1;0
Hospitalityupgrade.com-0093-2016Redesign;en-US;/Home;25405;1;0
Broadmoor.com-0073-2016Redesign;en-US;/Home;16721;1;0
Cendyn.com-0095-2016Redesign;en-US;/Home;26640;1;0
Broadmoor.com-0073-2016Redesign;en-US;/failovercheck;38059;1;0
Napavalleymarriott.com-0071-2016Redesign;en-US;/Home;16432;1;0
Lidobeachresort.com-0106-2017Redesign;en-US;/failovercheck;38053;1;0
Longboatkeyclub.com-0104-2017Redesign;en-US;/failovercheck;38054;1;0
Thesagamore.com-0112-2017Redesign;en-US;/failovercheck;39241;1;0
Thesagamore.com-0112-2017Redesign;en-US;/Home;32339;1;0
Broadmoor.com-0073-2016Redesign;en-US;/Home;16721;1;0
Cendyn.com-0095-2016Redesign;en-US;/Home;26640;1;0
Broadmoor.com-0073-2016Redesign;en-US;/Broadmoor-Adventures;16751;1;0
Thecurtis.com-0079-2016Redesign;en-US;/Gallery;19041;1;0
Opalsands.com-0084-2016Redesign;en-US;/Home;20171;1;0
Passport.lehotels.com-0069-2016BlogRedesign;en-US;/failovercheck;41068;1;0
Sandpearl.com-0091-2016Redesign;en-US;/failovercheck;38056;1;0
Broadmoor.com-0073-2016Redesign;en-US;/Broadmoor-Adventures/Seven-Falls;18259;1;0
Cendyn.com-0095-2016Redesign;en-US;/Home;26640;1;0
Cendyn.com-0095-2016Redesign;en-US;/Home;26640;1;0
Thesagamore.com-0112-2017Redesign;en-US;/Home;32339;1;0
Cendyn.com-0095-2016Redesign;en-US;/Home;26640;1;0
Cendyn.com-0095-2016Redesign;en-US;/Home;26640;1;0
Halcyonhotelcherrycreek.com-0061-2015Redesign;en-US;/Guest-Rooms-(2);41138;1;0
Thelodgeatwoodloch.com-0033-2015Redesign;en-US;/Accommodations/Rates-Amenities;7782;1;0
Broadmoor.com-0073-2016Redesign;en-US;/Media-Gallery/Accommodations-Gallery;17339;1;0
Glencovemansion.com-0058-2015Redesign;en-US;/Home;13328;1;0
Hhotellosangeles.com-0118-2017Redesign;en-US;/Home;35289;1;0
Washingtoncourthotel.com-0076-2016Redesign;en-US;/Home;17858;1;0
Texturefoodanddrink.com-0067-2016Redesign;en-US;/Home;15452;1;0
Theoxfordhotel.com-0062-2015Redesign;en-US;/Home;14325;1;0
Sandylane.com-0075-2016Redesign;en-US;/Home;17611;1;0
Opalsands.com-0084-2016Redesign;en-US;/failovercheck;38055;1;0
Bluebirch.com-0072-2016Redesign;en-US;/Home;16693;1;0
Degreerestaurant.com-0056-2015Redesign;en-US;/Home;11598;1;0
Bocatrans.com-0082-2016Redesign;en-US;/Home;19758;1;0
Thecrawfordhotel.com-0074-2016Redesign;en-US;/Home;17145;1;0
Meateatery.com-0080-2016Redesign;en-US;/;18505;1;0
Assuranceoperations.com-0065-2015Redesign;en-US;/Home;15263;1;0
Thecurtis.com-0079-2016Redesign;en-US;/Home;17981;1;0
Oxfordclubspa.com-0068-2016Redesign;en-US;/Home;15568;1;0
Jbdukehotel.com-0086-2016Redesign;en-US;/Home;21918;1;0
Homewoodsuiteslax.com-0110-2017Redesign;en-US;/Home;30747;1;0
Beverlyhillsresidenceinn.com-0087-2016Redesign;en-US;/Home;20999;1;0
Galthouse.com-0042-2015Redesign;en-US;/failovercheck;38060;1;0
Edgewaternaples.com-0094-2016Redesign;en-US;/failovercheck;38051;1;0
Jupiterbeachresort.com-0103-2017Redesign;en-US;/failovercheck;38052;1;0
Treasureislandbeachresort.com-0089-2016Redesign;en-US;/failovercheck;38057;1;0
Naiaresortandspa.com-0077-2016Redesign;en-US;/home;20455;1;0
Chrco.com-0107-2017Redesign;en-US;/Home;29280;1;0
Lakeplacidlodge.com-0105-2017Redesign;en-US;/failovercheck;39238;1;0
Samosetresort.com-0113-2017Redesign;en-US;/failovercheck;40334;1;0
Theharborsidehotel.com-0114-2017Redesign;en-US;/failovercheck;40403;1;0
Abbingtonbanquets.com-0070-2016Redesign;en-US;/Home;15789;1;0
Luxehotels.com-0078-2016Redesign;en-US;/Home;18805;1;0
Halcyonhotelcherrycreek.com-0061-2015Redesign;en-US;/Home;22121;1;0
Zotabeachresort.com-0090-2016Redesign;en-US;/failovercheck;38058;1;0
Delraysandsresort.com-0097-2016Redesign;en-US;/failovercheck;38049;1;0
Opalsands.com-0084-2016Redesign;en-US;/Home;20171;1;0
Abbingtonbanquets.com-0070-2016Redesign;en-US;/Home;15789;1;0
Halcyonhotelcherrycreek.com-0061-2015Redesign;en-US;/Home;22121;1;0
Hospitalityupgrade.com-0093-2016Redesign;en-US;/Home;25405;1;0
Cendyn.com-0095-2016Redesign;en-US;/Home;26640;1;0
Monarchbeachresort.com-0092-2016Redesign;en-US;/Home;22725;1;0
Broadmoor.com-0073-2016Redesign;en-US;/Home;16721;1;0
Broadmoor.com-0073-2016Redesign;en-US;/failovercheck;38059;1;0
Napavalleymarriott.com-0071-2016Redesign;en-US;/Home;16432;1;0
Thesagamore.com-0112-2017Redesign;en-US;/failovercheck;39241;1;0
Longboatkeyclub.com-0104-2017Redesign;en-US;/failovercheck;38054;1;0
Lidobeachresort.com-0106-2017Redesign;en-US;/failovercheck;38053;1;0
Broadmoor.com-0073-2016Redesign;en-US;/Media-Gallery;17269;1;0
Broadmoor.com-0073-2016Redesign;en-US;/Home;16721;1;0
Unionstationhotelnashville.com-0047-2015Redesign;en-US;/nashville-accommodations/Rooms;24057;1;0
Washingtoncourthotel.com-0076-2016Redesign;en-US;/washington-dc-hotel-amenities;17931;1;0
Sandpearl.com-0091-2016Redesign;en-US;/Home;22481;1;0
Passport.lehotels.com-0069-2016BlogRedesign;en-US;/failovercheck;41068;1;0
Sandpearl.com-0091-2016Redesign;en-US;/failovercheck;38056;1;0
Cendyn.com-0095-2016Redesign;en-US;/Home;26640;1;0
Cendyn.com-0095-2016Redesign;en-US;/Home;26640;1;0
Cocokeyorlando.com-0059-2015Redesign;en-US;/Home;12394;1;0
Cendyn.com-0095-2016Redesign;en-US;/Home;26640;1;0
Cendyn.com-0095-2016Redesign;en-US;/Home;26640;1;0
Broadmoor.com-0073-2016Redesign;en-US;/Home;16721;1;0
Broadmoor.com-0073-2016Redesign;en-US;/Special-Packages;16722;1;0
Texturefoodanddrink.com-0067-2016Redesign;en-US;/Home;15452;1;0
Degreerestaurant.com-0056-2015Redesign;en-US;/Home;11598;1;0
Washingtoncourthotel.com-0076-2016Redesign;en-US;/Home;17858;1;0
Galthouse.com-0042-2015Redesign;en-US;/failovercheck;38060;1;0
Halcyonhotelcherrycreek.com-0061-2015Redesign;en-US;/Home;22121;1;0
Meateatery.com-0080-2016Redesign;en-US;/;18505;1;0
Thecrawfordhotel.com-0074-2016Redesign;en-US;/Home;17145;1;0
Theoxfordhotel.com-0062-2015Redesign;en-US;/Home;14325;1;0
Assuranceoperations.com-0065-2015Redesign;en-US;/Home;15263;1;0
Oxfordclubspa.com-0068-2016Redesign;en-US;/Home;15568;1;0
Beverlyhillsresidenceinn.com-0087-2016Redesign;en-US;/Home;20999;1;0
Thecurtis.com-0079-2016Redesign;en-US;/Home;17981;1;0
Abbingtonbanquets.com-0070-2016Redesign;en-US;/Home;15789;1;0
Luxehotels.com-0078-2016Redesign;en-US;/Home;18805;1;0
Bocatrans.com-0082-2016Redesign;en-US;/Home;19758;1;0
Hhotellosangeles.com-0118-2017Redesign;en-US;/Home;35289;1;0
Edgewaternaples.com-0094-2016Redesign;en-US;/failovercheck;38051;1;0
Bluebirch.com-0072-2016Redesign;en-US;/Home;16693;1;0
Glencovemansion.com-0058-2015Redesign;en-US;/Home;13328;1;0
Samosetresort.com-0113-2017Redesign;en-US;/failovercheck;40334;1;0
Lakeplacidlodge.com-0105-2017Redesign;en-US;/failovercheck;39238;1;0
Opalsands.com-0084-2016Redesign;en-US;/failovercheck;38055;1;0
Homewoodsuiteslax.com-0110-2017Redesign;en-US;/Home;30747;1;0
Sandylane.com-0075-2016Redesign;en-US;/Home;17611;1;0
Naiaresortandspa.com-0077-2016Redesign;en-US;/home;20455;1;0
Zotabeachresort.com-0090-2016Redesign;en-US;/failovercheck;38058;1;0
Delraysandsresort.com-0097-2016Redesign;en-US;/failovercheck;38049;1;0
Jbdukehotel.com-0086-2016Redesign;en-US;/Home;21918;1;0
Theharborsidehotel.com-0114-2017Redesign;en-US;/failovercheck;40403;1;0
Chrco.com-0107-2017Redesign;en-US;/Home;29280;1;0
Treasureislandbeachresort.com-0089-2016Redesign;en-US;/failovercheck;38057;1;0
Jupiterbeachresort.com-0103-2017Redesign;en-US;/failovercheck;38052;1;0
Monarchbeachresort.com-0092-2016Redesign;en-US;/photo-gallery;22877;1;0
Thelodgeatwoodloch.com-0033-2015Redesign;en-US;/hawley-packages;9801;1;0
Hospitalityupgrade.com-0093-2016Redesign;en-US;/Home;25405;1;0
Cendyn.com-0095-2016Redesign;en-US;/Home;26640;1;0
Halcyonhotelcherrycreek.com-0061-2015Redesign;en-US;/Home;22121;1;0
Broadmoor.com-0073-2016Redesign;en-US;/Special-Packages;16722;1;0
Napavalleymarriott.com-0071-2016Redesign;en-US;/Home;16432;1;0
Lidobeachresort.com-0106-2017Redesign;en-US;/failovercheck;38053;1;0
Longboatkeyclub.com-0104-2017Redesign;en-US;/failovercheck;38054;1;0
Thesagamore.com-0112-2017Redesign;en-US;/failovercheck;39241;1;0
Broadmoor.com-0073-2016Redesign;en-US;/failovercheck;38059;1;0
Thelodgeatwoodloch.com-0033-2015Redesign;en-US;/hawley-packages/Couple-s-Retreat;9920;1;0
Thecrawfordhotel.com-0074-2016Redesign;en-US;/Home;17145;1;0
Chrco.com-0107-2017Redesign;en-US;/Home;29280;1;0
Chrco.com-0107-2017Redesign;en-US;/Home;29280;1;0
Monarchbeachresort.com-0092-2016Redesign;en-US;/Home;22725;1;0
Sandpearl.com-0091-2016Redesign;en-US;/failovercheck;38056;1;0
Passport.lehotels.com-0069-2016BlogRedesign;en-US;/failovercheck;41068;1;0
Broadmoor.com-0073-2016Redesign;en-US;/Home;16721;1;0
Washingtoncourthotel.com-0076-2016Redesign;en-US;/Home;17858;1;0
Cendyn.com-0095-2016Redesign;en-US;/Home;26640;1;0
Cendyn.com-0095-2016Redesign;en-US;/Home;26640;1;0
Cendyn.com-0095-2016Redesign;en-US;/Home;26640;1;0
Cendyn.com-0095-2016Redesign;en-US;/Home;26640;1;0
Washingtoncourthotel.com-0076-2016Redesign;en-US;/Home;17858;1;0
Thecrawfordhotel.com-0074-2016Redesign;en-US;/Home;17145;1;0
Assuranceoperations.com-0065-2015Redesign;en-US;/Home;15263;1;0
Meateatery.com-0080-2016Redesign;en-US;/;18505;1;0
Theoxfordhotel.com-0062-2015Redesign;en-US;/Home;14325;1;0
Abbingtonbanquets.com-0070-2016Redesign;en-US;/Home;15789;1;0
Chrco.com-0107-2017Redesign;en-US;/Home;29280;1;0
Oxfordclubspa.com-0068-2016Redesign;en-US;/Home;15568;1;0
Beverlyhillsresidenceinn.com-0087-2016Redesign;en-US;/Home;20999;1;0
Edgewaternaples.com-0094-2016Redesign;en-US;/failovercheck;38051;1;0
Galthouse.com-0042-2015Redesign;en-US;/failovercheck;38060;1;0
Degreerestaurant.com-0056-2015Redesign;en-US;/Home;11598;1;0
Zotabeachresort.com-0090-2016Redesign;en-US;/failovercheck;38058;1;0
Homewoodsuiteslax.com-0110-2017Redesign;en-US;/Home;30747;1;0
Texturefoodanddrink.com-0067-2016Redesign;en-US;/Home;15452;1;0
Naiaresortandspa.com-0077-2016Redesign;en-US;/home;20455;1;0
Sandylane.com-0075-2016Redesign;en-US;/Home;17611;1;0
Hhotellosangeles.com-0118-2017Redesign;en-US;/Home;35289;1;0
Bluebirch.com-0072-2016Redesign;en-US;/Home;16693;1;0
Treasureislandbeachresort.com-0089-2016Redesign;en-US;/failovercheck;38057;1;0
Glencovemansion.com-0058-2015Redesign;en-US;/Home;13328;1;0
Bocatrans.com-0082-2016Redesign;en-US;/Home;19758;1;0
Thecurtis.com-0079-2016Redesign;en-US;/Home;17981;1;0
Lakeplacidlodge.com-0105-2017Redesign;en-US;/failovercheck;39238;1;0
Jupiterbeachresort.com-0103-2017Redesign;en-US;/failovercheck;38052;1;0
Jbdukehotel.com-0086-2016Redesign;en-US;/Home;21918;1;0
Halcyonhotelcherrycreek.com-0061-2015Redesign;en-US;/Home;22121;1;0
Luxehotels.com-0078-2016Redesign;en-US;/Home;18805;1;0
Opalsands.com-0084-2016Redesign;en-US;/failovercheck;38055;1;0
Theharborsidehotel.com-0114-2017Redesign;en-US;/failovercheck;40403;1;0
Samosetresort.com-0113-2017Redesign;en-US;/failovercheck;40334;1;0
Delraysandsresort.com-0097-2016Redesign;en-US;/failovercheck;38049;1;0
Assuranceoperations.com-0065-2015Redesign;en-US;/Home;15263;1;0
Luxehotels.com-0078-2016Redesign;en-US;/Home;18805;1;0
Hospitalityupgrade.com-0093-2016Redesign;en-US;/Home;25405;1;0
Cendyn.com-0095-2016Redesign;en-US;/Home;26640;1;0
Thecurtis.com-0079-2016Redesign;en-US;/Gallery/Hotel;19043;1;0
Luxehotels.com-0078-2016Redesign;en-US;/Home;18805;1;0
Luxehotels.com-0078-2016Redesign;en-US;/Home;18805;1;0
Broadmoor.com-0073-2016Redesign;en-US;/Activities/Spa/Spa-FAQ;20215;1;0
Broadmoor.com-0073-2016Redesign;en-US;/Home;16721;1;0
Broadmoor.com-0073-2016Redesign;en-US;/Home;16721;1;0
Napavalleymarriott.com-0071-2016Redesign;en-US;/Home;16432;1;0
Longboatkeyclub.com-0104-2017Redesign;en-US;/failovercheck;38054;1;0
Lidobeachresort.com-0106-2017Redesign;en-US;/failovercheck;38053;1;0
Galthouse.com-0042-2015Redesign;en-US;/Home;31905;1;0
Thesagamore.com-0112-2017Redesign;en-US;/failovercheck;39241;1;0
Broadmoor.com-0073-2016Redesign;en-US;/failovercheck;38059;1;0
Galthouse.com-0042-2015Redesign;en-US;/Home;31905;1;0
Halcyonhotelcherrycreek.com-0061-2015Redesign;en-US;/Rooms-(2)/denver-guest-rooms/HALCYON-ROOMS;40467;1;0
Broadmoor.com-0073-2016Redesign;en-US;/Special-Packages/Featured-Packages;17443;1;0
Broadmoor.com-0073-2016Redesign;en-US;/Home;16721;1;0
Halcyonhotelcherrycreek.com-0061-2015Redesign;en-US;/Home;22121;1;0
Broadmoor.com-0073-2016Redesign;en-US;/Special-Packages/Featured-Packages;17443;1;0
Thecurtis.com-0079-2016Redesign;en-US;/Home;17981;1;0
Sandpearl.com-0091-2016Redesign;en-US;/failovercheck;38056;1;0
Passport.lehotels.com-0069-2016BlogRedesign;en-US;/failovercheck;41068;1;0
Cendyn.com-0095-2016Redesign;en-US;/Home;26640;1;0
Galthouse.com-0042-2015Redesign;en-US;/Home;31905;1;0
Cendyn.com-0095-2016Redesign;en-US;/Home;26640;1;0
Cendyn.com-0095-2016Redesign;en-US;/Home;26640;1;0
Cendyn.com-0095-2016Redesign;en-US;/Home;26640;1;0
Cendyn.com-0095-2016Redesign;en-US;/Home;26640;1;0
Washingtoncourthotel.com-0076-2016Redesign;en-US;/Home;17858;1;0
Meateatery.com-0080-2016Redesign;en-US;/;18505;1;0
Theharborsidehotel.com-0114-2017Redesign;en-US;/failovercheck;40403;1;0
Bocatrans.com-0082-2016Redesign;en-US;/Home;19758;1;0
Glencovemansion.com-0058-2015Redesign;en-US;/Home;13328;1;0
Bluebirch.com-0072-2016Redesign;en-US;/Home;16693;1;0
Hhotellosangeles.com-0118-2017Redesign;en-US;/Home;35289;1;0
Degreerestaurant.com-0056-2015Redesign;en-US;/Home;11598;1;0
Samosetresort.com-0113-2017Redesign;en-US;/failovercheck;40334;1;0
Jbdukehotel.com-0086-2016Redesign;en-US;/Home;21918;1;0
Thecrawfordhotel.com-0074-2016Redesign;en-US;/Home;17145;1;0
Assuranceoperations.com-0065-2015Redesign;en-US;/Home;15263;1;0
Thecurtis.com-0079-2016Redesign;en-US;/Home;17981;1;0
Oxfordclubspa.com-0068-2016Redesign;en-US;/Home;15568;1;0
Abbingtonbanquets.com-0070-2016Redesign;en-US;/Home;15789;1;0
Beverlyhillsresidenceinn.com-0087-2016Redesign;en-US;/Home;20999;1;0
Naiaresortandspa.com-0077-2016Redesign;en-US;/home;20455;1;0
Homewoodsuiteslax.com-0110-2017Redesign;en-US;/Home;30747;1;0
Sandylane.com-0075-2016Redesign;en-US;/Home;17611;1;0
Chrco.com-0107-2017Redesign;en-US;/Home;29280;1;0
Texturefoodanddrink.com-0067-2016Redesign;en-US;/Home;15452;1;0
Galthouse.com-0042-2015Redesign;en-US;/failovercheck;38060;1;0
Theoxfordhotel.com-0062-2015Redesign;en-US;/Home;14325;1;0
Halcyonhotelcherrycreek.com-0061-2015Redesign;en-US;/Home;22121;1;0
Treasureislandbeachresort.com-0089-2016Redesign;en-US;/failovercheck;38057;1;0
Luxehotels.com-0078-2016Redesign;en-US;/Home;18805;1;0
Zotabeachresort.com-0090-2016Redesign;en-US;/failovercheck;38058;1;0
Opalsands.com-0084-2016Redesign;en-US;/failovercheck;38055;1;0
Jupiterbeachresort.com-0103-2017Redesign;en-US;/failovercheck;38052;1;0
Lakeplacidlodge.com-0105-2017Redesign;en-US;/failovercheck;39238;1;0
Edgewaternaples.com-0094-2016Redesign;en-US;/failovercheck;38051;1;0
Broadmoor.com-0073-2016Redesign;en-US;/Special-Packages/Featured-Packages;17443;1;0
Delraysandsresort.com-0097-2016Redesign;en-US;/failovercheck;38049;1;0
Hospitalityupgrade.com-0093-2016Redesign;en-US;/Home;25405;1;0
Thecrawfordhotel.com-0074-2016Redesign;en-US;/accommodations;17158;1;0
Hospitalityupgrade.com-0093-2016Redesign;en-US;/Home;25405;1;0
Cendyn.com-0095-2016Redesign;en-US;/Schedule-a-Demo;27702;1;0
Cendyn.com-0095-2016Redesign;en-US;/Home;26640;1;0
Broadmoor.com-0073-2016Redesign;en-US;/failovercheck;38059;1;0
Napavalleymarriott.com-0071-2016Redesign;en-US;/Home;16432;1;0
Lidobeachresort.com-0106-2017Redesign;en-US;/failovercheck;38053;1;0
Monarchbeachresort.com-0092-2016Redesign;en-US;/about/directions-map;22983;1;0
Longboatkeyclub.com-0104-2017Redesign;en-US;/failovercheck;38054;1;0
Thesagamore.com-0112-2017Redesign;en-US;/failovercheck;39241;1;0
Cendyn.com-0095-2016Redesign;en-US;/support;27858;1;0
Thelodgeatwoodloch.com-0033-2015Redesign;en-US;/Home;7764;1;0
Unionstationhotelnashville.com-0047-2015Redesign;en-US;/nashville-accommodations/Rooms;24057;1;0
Broadmoor.com-0073-2016Redesign;en-US;/Home;16721;1;0
Cendyn.com-0095-2016Redesign;en-US;/Payment-Gateway;26777;1;0
Sandpearl.com-0091-2016Redesign;en-US;/failovercheck;38056;1;0
Passport.lehotels.com-0069-2016BlogRedesign;en-US;/failovercheck;41068;1;0
Samosetresort.com-0113-2017Redesign;en-US;/Home;32541;1;0
Cendyn.com-0095-2016Redesign;en-US;/Home;26640;1;0
Cendyn.com-0095-2016Redesign;en-US;/Home;26640;1;0
Cendyn.com-0095-2016Redesign;en-US;/Home;26640;1;0
Cendyn.com-0095-2016Redesign;en-US;/Home;26640;1;0
Sandpearl.com-0091-2016Redesign;en-US;/Dining/Tate-s;23090;1;0
Cendyn.com-0095-2016Redesign;en-US;/Blog;27680;1;0
Thecurtis.com-0079-2016Redesign;en-US;/Home;17981;1;0
Thecurtis.com-0079-2016Redesign;en-US;/Gallery;19041;1;0
Washingtoncourthotel.com-0076-2016Redesign;en-US;/Home;17858;1;0
Bocatrans.com-0082-2016Redesign;en-US;/Home;19758;1;0
Thecrawfordhotel.com-0074-2016Redesign;en-US;/Home;17145;1;0
