Opalcollection.com-0098-2017Redesign;en-US;/failovercheck/;0;1;0
Theloganhotel.com-0043-2015Redesign;en-US;/autodiscover/autodiscover.xml;0;1;0
Longboatkeyclub.com-0104-2017Redesign;en-US;/wp-login.php/;0;1;0
Longboatkeyclub.com-0104-2017Redesign;en-US;/wp-login.php/;0;1;0
Broadmoor.com-0073-2016Redesign;en-US;/wpad.dat/;0;1;0
Broadmoor.com-0073-2016Redesign;en-US;/wpad.dat/;0;1;0
Sunsetkeycottages.com-0116-2017Redesign;en-US;/failovercheck/;0;1;0
Halcyonhotelcherrycreek.com-0061-2015Redesign;en-US;/images/select-down-arrow.png/;0;1;0
Opalcollection.com-0098-2017Redesign;en-US;/failovercheck/;0;1;0
Thecrawfordhotel.com-0074-2016Redesign;en-US;/autodiscover/autodiscover.xml;0;1;0
Lehotels.com-0049-2015Transfer;en-US;/autodiscover/autodiscover.xml;0;1;0
hutchinsonshores.com-0119-2017Redesign;en-US;/failovercheck/;0;1;0
Sunsetkeycottages.com-0116-2017Redesign;en-US;/failovercheck/;0;1;0
Lehotels.com-0049-2015Transfer;en-US;/autodiscover/autodiscover.xml;0;1;0
Thecurtis.com-0079-2016Redesign;en-US;/wp-login.php/;0;1;0
Opalcollection.com-0098-2017Redesign;en-US;/failovercheck/;0;1;0
Broadmoor.com-0073-2016Redesign;en-US;/wpad.dat/;0;1;0
Samosetresort.com-0113-2017Redesign;en-US;/wp-login.php/;0;1;0
Broadmoor.com-0073-2016Redesign;en-US;/wpad.dat/;0;1;0
hutchinsonshores.com-0119-2017Redesign;en-US;/failovercheck/;0;1;0
Samosetresort.com-0113-2017Redesign;en-US;/wp-login.php/;0;1;0
Arcaneo.com-0030-2014Redesign;en-US;/failovercheck/;0;1;0
Crmweb.cendyn.com-0121-2017Redesign;en-US;/failovercheck/;0;1;0
Cendyn.com-0095-2016Redesign;en-US;/autodiscover/autodiscover.xml;0;1;0
hutchinsonshores.com-0119-2017Redesign;en-US;/failovercheck/;0;1;0
theweststreethotel.com-0115-2017Redesign;en-US;/failovercheck/;0;1;0
Theoxfordhotel.com-0062-2015Redesign;en-US;/CMSPages/images/bx_loader.gif;0;1;0
Arcaneo.com-0030-2014Redesign;en-US;/failovercheck/;0;1;0
Broadmoor.com-0073-2016Redesign;en-US;/favicon.ico/;0;1;0
Crmweb.cendyn.com-0121-2017Redesign;en-US;/failovercheck/;0;1;0
theweststreethotel.com-0115-2017Redesign;en-US;/wp-login.php/;0;1;0
Miravalspamonarchbeach.com-0109-2017Redesign;en-US;/failovercheck/;0;1;0
Galthouse.com-0042-2015Redesign;en-US;/christmas/christmasatthegalthouse/;0;1;0
theweststreethotel.com-0115-2017Redesign;en-US;/failovercheck/;0;1;0
Hospitalityupgrade.com-0093-2016Redesign;en-US;/_techTalk/TechTalk/Feed;0;1;0
Arcaneo.com-0030-2014Redesign;en-US;/failovercheck/;0;1;0
saddlebrook.com-0011-2014Redesign;en-US;/autodiscover/autodiscover.xml;0;1;0
saddlebrook.com-0011-2014Redesign;en-US;/autodiscover/autodiscover.xml;0;1;0
Crmweb.cendyn.com-0121-2017Redesign;en-US;/failovercheck/;0;1;0
saddlebrook.com-0011-2014Redesign;en-US;/autodiscover/autodiscover.xml;0;1;0
saddlebrook.com-0011-2014Redesign;en-US;/autodiscover/autodiscover.xml;0;1;0
Halcyonhotelcherrycreek.com-0061-2015Redesign;en-US;/wp-login.php/;0;1;0
Miravalspamonarchbeach.com-0109-2017Redesign;en-US;/failovercheck/;0;1;0
theweststreethotel.com-0115-2017Redesign;en-US;/failovercheck/;0;1;0
Lehotels.com-0049-2015Transfer;en-US;/search/europe/amalia-hotel-athens/;0;1;0
wentworthcom00212014redesign;en-US;/Images/ui-bg_flat_75_ffffff_40x100/;0;1;0
wentworthcom00212014redesign;en-US;/Images/ui-icons_222222_256x240/;0;1;0
Theloganhotel.com-0043-2015Redesign;en-US;/wp-login.php/;0;1;0
Miravalspamonarchbeach.com-0109-2017Redesign;en-US;/failovercheck/;0;1;0
Broadmoor.com-0073-2016Redesign;en-US;/wpad.dat/;0;1;0
Broadmoor.com-0073-2016Redesign;en-US;/wpad.dat/;0;1;0
Sandylane.com-0075-2016Redesign;en-US;/autodiscover/autodiscover.xml;0;1;0
Sandylane.com-0075-2016Redesign;en-US;/autodiscover/autodiscover.xml;0;1;0
Sandylane.com-0075-2016Redesign;en-US;/autodiscover/autodiscover.xml;0;1;0
Broadmoor.com-0073-2016Redesign;en-US;/ScriptResource.axd;0;1;0
Lehotels.com-0049-2015Transfer;en-US;/autodiscover/autodiscover.xml;0;1;0
Montaukyachtclub.com-0010-2014Redesign;en-US;/wp-login.php/;0;1;0
Sunsetkeycottages.com-0116-2017Redesign;en-US;/failovercheck/;0;1;0
Sandylane.com-0075-2016Redesign;en-US;/autodiscover/autodiscover.xml;0;1;0
Longboatkeyclub.com-0104-2017Redesign;en-US;/sites/default/files/styles/hero_image/public/hero-images/Resort1_0.jpg/;0;1;0
Lehotels.com-0049-2015Transfer;en-US;/wp-login.php/;0;1;0
Sandylane.com-0075-2016Redesign;en-US;/autodiscover/autodiscover.xml;0;1;0
Longboatkeyclub.com-0104-2017Redesign;en-US;/sites/default/files/styles/hero_image/public/hero-images/Resort1_0.jpg/;0;1;0
Sandylane.com-0075-2016Redesign;en-US;/autodiscover/autodiscover.xml;0;1;0
Sandylane.com-0075-2016Redesign;en-US;/autodiscover/autodiscover.xml;0;1;0
Cendyn.com-0095-2016Redesign;en-US;/wp-login.php/;0;1;0
Sandylane.com-0075-2016Redesign;en-US;/autodiscover/autodiscover.xml;0;1;0
Thesagamore.com-0112-2017Redesign;en-US;/careers.htm/;0;1;0
Broadmoor.com-0073-2016Redesign;en-US;/favicon.ico/;0;1;0
Thesagamore.com-0112-2017Redesign;en-US;/careers.htm/;0;1;0
Unionstationhotelnashville.com-0047-2015Redesign;en-US;/getmedia/85f00175-96ab-4717-ae39-ad2197aa1576/ajax-loader/;0;1;0
Opalcollection.com-0098-2017Redesign;en-US;/failovercheck/;0;1;0
Sandylane.com-0075-2016Redesign;en-US;/autodiscover/autodiscover.xml;0;1;0
Sandylane.com-0075-2016Redesign;en-US;/autodiscover/autodiscover.xml;0;1;0
Lehotels.com-0049-2015Transfer;en-US;/autodiscover/autodiscover.xml;0;1;0
Delraysandsresort.com-0097-2016Redesign;en-US;/Opal/media/Opal/layout/blank.gif/;0;1;0
Sandylane.com-0075-2016Redesign;en-US;/autodiscover/autodiscover.xml;0;1;0
Sunsetkeycottages.com-0116-2017Redesign;en-US;/failovercheck/;0;1;0
Sandylane.com-0075-2016Redesign;en-US;/autodiscover/autodiscover.xml;0;1;0
Sandylane.com-0075-2016Redesign;en-US;/autodiscover/autodiscover.xml;0;1;0
Sandylane.com-0075-2016Redesign;en-US;/autodiscover/autodiscover.xml;0;1;0
Theharborsidehotel.com-0114-2017Redesign;en-US;/_images/_design/_headers/spa-depilatory.jpg/;0;1;0
Sandylane.com-0075-2016Redesign;en-US;/autodiscover/autodiscover.xml;0;1;0
Broadmoor.com-0073-2016Redesign;en-US;/favicon.ico/;0;1;0
Sandylane.com-0075-2016Redesign;en-US;/autodiscover/autodiscover.xml;0;1;0
Theharborsidehotel.com-0114-2017Redesign;en-US;/_images/_design/_headers/spa-depilatory.jpg/;0;1;0
Sandylane.com-0075-2016Redesign;en-US;/autodiscover/autodiscover.xml;0;1;0
Sandylane.com-0075-2016Redesign;en-US;/autodiscover/autodiscover.xml;0;1;0
Sandylane.com-0075-2016Redesign;en-US;/autodiscover/autodiscover.xml;0;1;0
Theharborsidehotel.com-0114-2017Redesign;en-US;/_images/_design/_headers/spa-depilatory.jpg/;0;1;0
Sandylane.com-0075-2016Redesign;en-US;/autodiscover/autodiscover.xml;0;1;0
Lehotels.com-0049-2015Transfer;en-US;/Map/results/r-0/lc-0/c-dl/cl-10/co-17/ci-0/st-0/;0;1;0
Sandylane.com-0075-2016Redesign;en-US;/autodiscover/autodiscover.xml;0;1;0
Thecrawfordhotel.com-0074-2016Redesign;en-US;/autodiscover/autodiscover.xml;0;1;0
Opalcollection.com-0098-2017Redesign;en-US;/failovercheck/;0;1;0
Sandylane.com-0075-2016Redesign;en-US;/autodiscover/autodiscover.xml;0;1;0
Sandylane.com-0075-2016Redesign;en-US;/autodiscover/autodiscover.xml;0;1;0
Sandylane.com-0075-2016Redesign;en-US;/autodiscover/autodiscover.xml;0;1;0
Sandylane.com-0075-2016Redesign;en-US;/autodiscover/autodiscover.xml;0;1;0
hutchinsonshores.com-0119-2017Redesign;en-US;/failovercheck/;0;1;0
Sunsetkeycottages.com-0116-2017Redesign;en-US;/failovercheck/;0;1;0
Sandylane.com-0075-2016Redesign;en-US;/autodiscover/autodiscover.xml;0;1;0
Sandylane.com-0075-2016Redesign;en-US;/autodiscover/autodiscover.xml;0;1;0
Cendyn.com-0095-2016Redesign;en-US;/autodiscover/autodiscover.xml;0;1;0
Cendyn.com-0095-2016Redesign;en-US;/autodiscover/autodiscover.xml;0;1;0
Sandylane.com-0075-2016Redesign;en-US;/autodiscover/autodiscover.xml;0;1;0
Sandylane.com-0075-2016Redesign;en-US;/autodiscover/autodiscover.xml;0;1;0
Sandylane.com-0075-2016Redesign;en-US;/autodiscover/autodiscover.xml;0;1;0
Sandylane.com-0075-2016Redesign;en-US;/autodiscover/autodiscover.xml;0;1;0
Sandylane.com-0075-2016Redesign;en-US;/autodiscover/autodiscover.xml;0;1;0
Opalcollection.com-0098-2017Redesign;en-US;/failovercheck/;0;1;0
Sandylane.com-0075-2016Redesign;en-US;/autodiscover/autodiscover.xml;0;1;0
Cphollywoodbeach.com-0032-2015Redesign;en-US;/wp-login.php/;0;1;0
Sandylane.com-0075-2016Redesign;en-US;/autodiscover/autodiscover.xml;0;1;0
Halcyonhotelcherrycreek.com-0061-2015Redesign;en-US;/autodiscover/autodiscover.xml;0;1;0
Galthouse.com-0042-2015Redesign;en-US;/favicon.ico/;0;1;0
Sandylane.com-0075-2016Redesign;en-US;/autodiscover/autodiscover.xml;0;1;0
hutchinsonshores.com-0119-2017Redesign;en-US;/failovercheck/;0;1;0
Sandylane.com-0075-2016Redesign;en-US;/autodiscover/autodiscover.xml;0;1;0
Sandylane.com-0075-2016Redesign;en-US;/autodiscover/autodiscover.xml;0;1;0
Sandylane.com-0075-2016Redesign;en-US;/autodiscover/autodiscover.xml;0;1;0
Arcaneo.com-0030-2014Redesign;en-US;/failovercheck/;0;1;0
Cendyn.com-0095-2016Redesign;en-US;/AutoDiscover/autodiscover.xml;0;1;0
Cendyn.com-0095-2016Redesign;en-US;/AutoDiscover/autodiscover.xml;0;1;0
Crmweb.cendyn.com-0121-2017Redesign;en-US;/failovercheck/;0;1;0
Sandylane.com-0075-2016Redesign;en-US;/autodiscover/autodiscover.xml;0;1;0
Opalsands.com-0084-2016Redesign;en-US;/wp-login.php/;0;1;0
hutchinsonshores.com-0119-2017Redesign;en-US;/failovercheck/;0;1;0
theweststreethotel.com-0115-2017Redesign;en-US;/failovercheck/;0;1;0
Broadmoor.com-0073-2016Redesign;en-US;/wpad.dat/;0;1;0
Cphollywoodbeach.com-0032-2015Redesign;en-US;/wp-login.php/;0;1;0
Broadmoor.com-0073-2016Redesign;en-US;/wpad.dat/;0;1;0
Opalsands.com-0084-2016Redesign;en-US;/wp-login.php/;0;1;0
Arcaneo.com-0030-2014Redesign;en-US;/failovercheck/;0;1;0
