Lehotels.com-0049-2015Transfer;en-US;/Search-Text-ONLY;24850;1;0
Thecurtis.com-0079-2016Redesign;en-US;/Home;17981;1;0
Theoxfordhotel.com-0062-2015Redesign;en-US;/Home;14325;1;0
Beverlyhillsresidenceinn.com-0087-2016Redesign;en-US;/Home;20999;1;0
Texturefoodanddrink.com-0067-2016Redesign;en-US;/Home;15452;1;0
Abbingtonbanquets.com-0070-2016Redesign;en-US;/Home;15789;1;0
Meateatery.com-0080-2016Redesign;en-US;/;18505;1;0
Assuranceoperations.com-0065-2015Redesign;en-US;/Home;15263;1;0
Degreerestaurant.com-0056-2015Redesign;en-US;/Home;11598;1;0
Jbdukehotel.com-0086-2016Redesign;en-US;/Home;21918;1;0
Bluebirch.com-0072-2016Redesign;en-US;/Home;16693;1;0
Bocatrans.com-0082-2016Redesign;en-US;/Home;19758;1;0
Naiaresortandspa.com-0077-2016Redesign;en-US;/home;20455;1;0
Opalsands.com-0084-2016Redesign;en-US;/failovercheck;38055;1;0
Washingtoncourthotel.com-0076-2016Redesign;en-US;/Home;17858;1;0
Theharborsidehotel.com-0114-2017Redesign;en-US;/failovercheck;40403;1;0
Sandylane.com-0075-2016Redesign;en-US;/Home;17611;1;0
Hhotellosangeles.com-0118-2017Redesign;en-US;/Home;35289;1;0
Glencovemansion.com-0058-2015Redesign;en-US;/Home;13328;1;0
Thecrawfordhotel.com-0074-2016Redesign;en-US;/Home;17145;1;0
Jupiterbeachresort.com-0103-2017Redesign;en-US;/failovercheck;38052;1;0
Chrco.com-0107-2017Redesign;en-US;/Home;29280;1;0
Homewoodsuiteslax.com-0110-2017Redesign;en-US;/Home;30747;1;0
Treasureislandbeachresort.com-0089-2016Redesign;en-US;/failovercheck;38057;1;0
Galthouse.com-0042-2015Redesign;en-US;/failovercheck;38060;1;0
Luxehotels.com-0078-2016Redesign;en-US;/Home;18805;1;0
Halcyonhotelcherrycreek.com-0061-2015Redesign;en-US;/Home;22121;1;0
Edgewaternaples.com-0094-2016Redesign;en-US;/failovercheck;38051;1;0
Samosetresort.com-0113-2017Redesign;en-US;/failovercheck;40334;1;0
Oxfordclubspa.com-0068-2016Redesign;en-US;/Home;15568;1;0
Zotabeachresort.com-0090-2016Redesign;en-US;/failovercheck;38058;1;0
Lakeplacidlodge.com-0105-2017Redesign;en-US;/failovercheck;39238;1;0
Broadmoor.com-0073-2016Redesign;en-US;/Home;16721;1;0
Passport.lehotels.com-0069-2016BlogRedesign;en-US;/failovercheck;41068;1;0
Hospitalityupgrade.com-0093-2016Redesign;en-US;/Home;25405;1;0
Cendyn.com-0095-2016Redesign;en-US;/Home;26640;1;0
Cendyn.com-0095-2016Redesign;en-US;/Home;26640;1;0
Cendyn.com-0095-2016Redesign;en-US;/Home;26640;1;0
Cendyn.com-0095-2016Redesign;en-US;/Home;26640;1;0
Courtyardportlandcitycenter.com-0063-2015Redesign;en-US;/Home;14545;1;0
Thesagamore.com-0112-2017Redesign;en-US;/Accommodations/Hermitage-Building;33923;1;0
Longboatkeyclub.com-0104-2017Redesign;en-US;/Home;28316;1;0
Cocokeyorlando.com-0059-2015Redesign;en-US;/Home;12394;1;0
Halcyonhotelcherrycreek.com-0061-2015Redesign;en-US;/Home;22121;1;0
Napavalleymarriott.com-0071-2016Redesign;en-US;/Home;16432;1;0
Longboatkeyclub.com-0104-2017Redesign;en-US;/failovercheck;38054;1;0
Thesagamore.com-0112-2017Redesign;en-US;/failovercheck;39241;1;0
Lidobeachresort.com-0106-2017Redesign;en-US;/failovercheck;38053;1;0
Casaybelresort.com-0002-2014Redesign;en-US;/Home;1533;1;0
Cendyn.com-0095-2016Redesign;en-US;/Resources/Library/The-Hotel-Industry’s-Automated-Future;27809;1;0
Lehotels.com-0049-2015Transfer;en-US;/Search-Text-ONLY;24850;1;0
saddlebrook.com-0011-2014Redesign;en-US;/Accommodations-Gallery/Deluxe-Guest-Room;3500;1;0
Lidobeachresort.com-0106-2017Redesign;en-US;/Home;28666;1;0
Denvercy.com-0036-2015Redesign;en-US;/Home;8150;1;0
Longboatkeyclub.com-0104-2017Redesign;en-US;/Home;28316;1;0
Luxehotels.com-0078-2016Redesign;en-US;/Home;18805;1;0
Cocokeyorlando.com-0059-2015Redesign;en-US;/Home;12394;1;0
Cendyn.com-0095-2016Redesign;en-US;/Home;26640;1;0
Courtyardportlandcitycenter.com-0063-2015Redesign;en-US;/Home;14545;1;0
Broadmoor.com-0073-2016Redesign;en-US;/Home;16721;1;0
Broadmoor.com-0073-2016Redesign;en-US;/failovercheck;38059;1;0
Sandpearl.com-0091-2016Redesign;en-US;/failovercheck;38056;1;0
Delraysandsresort.com-0097-2016Redesign;en-US;/failovercheck;38049;1;0
Broadmoor.com-0073-2016Redesign;en-US;/Home;16721;1;0
Broadmoor.com-0073-2016Redesign;en-US;/Accommodations;16755;1;0
Broadmoor.com-0073-2016Redesign;en-US;/Home;16721;1;0
Thesagamore.com-0112-2017Redesign;en-US;/Home;32339;1;0
Meateatery.com-0080-2016Redesign;en-US;/;18505;1;0
Theoxfordhotel.com-0062-2015Redesign;en-US;/Home;14325;1;0
Thecurtis.com-0079-2016Redesign;en-US;/Home;17981;1;0
Bluebirch.com-0072-2016Redesign;en-US;/Home;16693;1;0
Texturefoodanddrink.com-0067-2016Redesign;en-US;/Home;15452;1;0
Degreerestaurant.com-0056-2015Redesign;en-US;/Home;11598;1;0
Abbingtonbanquets.com-0070-2016Redesign;en-US;/Home;15789;1;0
Assuranceoperations.com-0065-2015Redesign;en-US;/Home;15263;1;0
Naiaresortandspa.com-0077-2016Redesign;en-US;/home;20455;1;0
Glencovemansion.com-0058-2015Redesign;en-US;/Home;13328;1;0
Beverlyhillsresidenceinn.com-0087-2016Redesign;en-US;/Home;20999;1;0
Hhotellosangeles.com-0118-2017Redesign;en-US;/Home;35289;1;0
Thecrawfordhotel.com-0074-2016Redesign;en-US;/Home;17145;1;0
Oxfordclubspa.com-0068-2016Redesign;en-US;/Home;15568;1;0
Washingtoncourthotel.com-0076-2016Redesign;en-US;/Home;17858;1;0
Opalsands.com-0084-2016Redesign;en-US;/failovercheck;38055;1;0
Jupiterbeachresort.com-0103-2017Redesign;en-US;/failovercheck;38052;1;0
Luxehotels.com-0078-2016Redesign;en-US;/Home;18805;1;0
Galthouse.com-0042-2015Redesign;en-US;/failovercheck;38060;1;0
Jbdukehotel.com-0086-2016Redesign;en-US;/Home;21918;1;0
Halcyonhotelcherrycreek.com-0061-2015Redesign;en-US;/Home;22121;1;0
Sandylane.com-0075-2016Redesign;en-US;/Home;17611;1;0
Chrco.com-0107-2017Redesign;en-US;/Home;29280;1;0
Bocatrans.com-0082-2016Redesign;en-US;/Home;19758;1;0
Theharborsidehotel.com-0114-2017Redesign;en-US;/failovercheck;40403;1;0
Homewoodsuiteslax.com-0110-2017Redesign;en-US;/Home;30747;1;0
Edgewaternaples.com-0094-2016Redesign;en-US;/failovercheck;38051;1;0
Lakeplacidlodge.com-0105-2017Redesign;en-US;/failovercheck;39238;1;0
Treasureislandbeachresort.com-0089-2016Redesign;en-US;/failovercheck;38057;1;0
Zotabeachresort.com-0090-2016Redesign;en-US;/failovercheck;38058;1;0
Samosetresort.com-0113-2017Redesign;en-US;/failovercheck;40334;1;0
Passport.lehotels.com-0069-2016BlogRedesign;en-US;/failovercheck;41068;1;0
Hospitalityupgrade.com-0093-2016Redesign;en-US;/Home;25405;1;0
Cendyn.com-0095-2016Redesign;en-US;/Home;26640;1;0
Cendyn.com-0095-2016Redesign;en-US;/Home;26640;1;0
Cendyn.com-0095-2016Redesign;en-US;/Home;26640;1;0
Thesagamore.com-0112-2017Redesign;en-US;/Home;32339;1;0
Cendyn.com-0095-2016Redesign;en-US;/Home;26640;1;0
Cphollywoodbeach.com-0032-2015Redesign;en-US;/Gallery/Web-Cam;7831;1;0
Longboatkeyclub.com-0104-2017Redesign;en-US;/sarasota-spa-fitness/Day-Packages;28385;1;0
Napavalleymarriott.com-0071-2016Redesign;en-US;/Home;16432;1;0
Lidobeachresort.com-0106-2017Redesign;en-US;/failovercheck;38053;1;0
Thesagamore.com-0112-2017Redesign;en-US;/failovercheck;39241;1;0
Longboatkeyclub.com-0104-2017Redesign;en-US;/failovercheck;38054;1;0
Luxehotels.com-0078-2016Redesign;en-US;/Home;18805;1;0
Edgewaternaples.com-0094-2016Redesign;en-US;/Home;25239;1;0
saddlebrook.com-0011-2014Redesign;en-US;/Accommodations-Gallery/One-Bedroom-Suite;3499;1;0
Cphollywoodbeach.com-0032-2015Redesign;en-US;/Gallery/Web-Cam;7831;1;0
Theharborsidehotel.com-0114-2017Redesign;en-US;/Offers/Special-Offers;37606;1;0
Cendyn.com-0095-2016Redesign;en-US;/Home;26640;1;0
Broadmoor.com-0073-2016Redesign;en-US;/The-Wilderness-Experiences/The-Ranch-at-Emerald-Valley;18013;1;0
Halcyonhotelcherrycreek.com-0061-2015Redesign;en-US;/Entertain;23193;1;0
wentworthcom00212014redesign;en-US;/portsmouth-hotel-offers/portsmouth-spa-offers;4276;1;0
Broadmoor.com-0073-2016Redesign;en-US;/Accommodations/Rooms;16756;1;0
Broadmoor.com-0073-2016Redesign;en-US;/failovercheck;38059;1;0
Sandpearl.com-0091-2016Redesign;en-US;/failovercheck;38056;1;0
Delraysandsresort.com-0097-2016Redesign;en-US;/failovercheck;38049;1;0
Thesagamore.com-0112-2017Redesign;en-US;/Home;32339;1;0
Opalsands.com-0084-2016Redesign;en-US;/Home;20171;1;0
Luxehotels.com-0078-2016Redesign;en-US;/Home;18805;1;0
Thesagamore.com-0112-2017Redesign;en-US;/Home;32339;1;0
Halcyonhotelcherrycreek.com-0061-2015Redesign;en-US;/Home;22121;1;0
Meateatery.com-0080-2016Redesign;en-US;/;18505;1;0
Theoxfordhotel.com-0062-2015Redesign;en-US;/Home;14325;1;0
Bluebirch.com-0072-2016Redesign;en-US;/Home;16693;1;0
Jbdukehotel.com-0086-2016Redesign;en-US;/Home;21918;1;0
Glencovemansion.com-0058-2015Redesign;en-US;/Home;13328;1;0
Broadmoor.com-0073-2016Redesign;en-US;/Home;16721;1;0
Assuranceoperations.com-0065-2015Redesign;en-US;/Home;15263;1;0
Texturefoodanddrink.com-0067-2016Redesign;en-US;/Home;15452;1;0
Bocatrans.com-0082-2016Redesign;en-US;/Home;19758;1;0
Hhotellosangeles.com-0118-2017Redesign;en-US;/Home;35289;1;0
Degreerestaurant.com-0056-2015Redesign;en-US;/Home;11598;1;0
Broadmoor.com-0073-2016Redesign;en-US;/Home;16721;1;0
Washingtoncourthotel.com-0076-2016Redesign;en-US;/Home;17858;1;0
Oxfordclubspa.com-0068-2016Redesign;en-US;/Home;15568;1;0
Thecrawfordhotel.com-0074-2016Redesign;en-US;/Home;17145;1;0
Thecurtis.com-0079-2016Redesign;en-US;/Home;17981;1;0
Naiaresortandspa.com-0077-2016Redesign;en-US;/home;20455;1;0
Homewoodsuiteslax.com-0110-2017Redesign;en-US;/Home;30747;1;0
Galthouse.com-0042-2015Redesign;en-US;/failovercheck;38060;1;0
Chrco.com-0107-2017Redesign;en-US;/Home;29280;1;0
Thecurtis.com-0079-2016Redesign;en-US;/Gallery;19041;1;0
Jupiterbeachresort.com-0103-2017Redesign;en-US;/failovercheck;38052;1;0
Luxehotels.com-0078-2016Redesign;en-US;/Home;18805;1;0
Treasureislandbeachresort.com-0089-2016Redesign;en-US;/failovercheck;38057;1;0
Opalsands.com-0084-2016Redesign;en-US;/failovercheck;38055;1;0
Lakeplacidlodge.com-0105-2017Redesign;en-US;/failovercheck;39238;1;0
Edgewaternaples.com-0094-2016Redesign;en-US;/failovercheck;38051;1;0
Abbingtonbanquets.com-0070-2016Redesign;en-US;/Home;15789;1;0
Beverlyhillsresidenceinn.com-0087-2016Redesign;en-US;/Home;20999;1;0
Sandylane.com-0075-2016Redesign;en-US;/Home;17611;1;0
Samosetresort.com-0113-2017Redesign;en-US;/failovercheck;40334;1;0
Halcyonhotelcherrycreek.com-0061-2015Redesign;en-US;/Home;22121;1;0
Zotabeachresort.com-0090-2016Redesign;en-US;/failovercheck;38058;1;0
Theharborsidehotel.com-0114-2017Redesign;en-US;/failovercheck;40403;1;0
Lakeplacidlodge.com-0105-2017Redesign;en-US;/Home;28545;1;0
Cocokeyorlando.com-0059-2015Redesign;en-US;/Home;12394;1;0
Passport.lehotels.com-0069-2016BlogRedesign;en-US;/failovercheck;41068;1;0
Hospitalityupgrade.com-0093-2016Redesign;en-US;/Home;25405;1;0
Cendyn.com-0095-2016Redesign;en-US;/Home;26640;1;0
Cendyn.com-0095-2016Redesign;en-US;/Home;26640;1;0
Cendyn.com-0095-2016Redesign;en-US;/Home;26640;1;0
Cendyn.com-0095-2016Redesign;en-US;/Home;26640;1;0
Opalsands.com-0084-2016Redesign;en-US;/Home;20171;1;0
wentworthcom00212014redesign;en-US;/Home;26679;1;0
Jbdukehotel.com-0086-2016Redesign;en-US;/Home;21918;1;0
saddlebrook.com-0011-2014Redesign;en-US;/Accommodations-Gallery/Executive-VIP-Suites;3501;1;0
Napavalleymarriott.com-0071-2016Redesign;en-US;/Home;16432;1;0
Lidobeachresort.com-0106-2017Redesign;en-US;/failovercheck;38053;1;0
Thesagamore.com-0112-2017Redesign;en-US;/failovercheck;39241;1;0
Longboatkeyclub.com-0104-2017Redesign;en-US;/failovercheck;38054;1;0
Luxehotels.com-0078-2016Redesign;en-US;/Our-Hotels/Luxe-City-Center-Hotel/About/FAQ;19301;1;0
wentworthcom00212014redesign;en-US;/Home;26679;1;0
Napavalleymarriott.com-0071-2016Redesign;en-US;/Home;16432;1;0
Lehotels.com-0049-2015Transfer;en-US;/Home;12108;1;0
saddlebrook.com-0011-2014Redesign;en-US;/Accommodations-Gallery/Deluxe-Guest-Room;3500;1;0
Thelodgeatwoodloch.com-0033-2015Redesign;en-US;/About-Us/What-Guests-Are-Saying;8275;1;0
Cendyn.com-0095-2016Redesign;en-US;/Home;26640;1;0
Broadmoor.com-0073-2016Redesign;en-US;/The-Wilderness-Experiences;16728;1;0
Broadmoor.com-0073-2016Redesign;en-US;/failovercheck;38059;1;0
Broadmoor.com-0073-2016Redesign;en-US;/Activities/Golf/Meet-the-Pros;19931;1;0
Sandpearl.com-0091-2016Redesign;en-US;/failovercheck;38056;1;0
Luxehotels.com-0078-2016Redesign;en-US;/Our-Hotels/Luxe-Rodeo-Drive-Hotel;18830;1;0
Delraysandsresort.com-0097-2016Redesign;en-US;/failovercheck;38049;1;0
Sandpearl.com-0091-2016Redesign;en-US;/Home;22481;1;0
Casaybelresort.com-0002-2014Redesign;en-US;/Special-Offers;1596;1;0
Broadmoor.com-0073-2016Redesign;en-US;/The-Resort;16724;1;0
Thelodgeatwoodloch.com-0033-2015Redesign;en-US;/hawley-packages/ONEderous-Weekends-One-Night-Escape;11304;1;0
Longboatkeyclub.com-0104-2017Redesign;en-US;/Home;28316;1;0
Theoxfordhotel.com-0062-2015Redesign;en-US;/Home;14325;1;0
Hhotellosangeles.com-0118-2017Redesign;en-US;/Home;35289;1;0
Glencovemansion.com-0058-2015Redesign;en-US;/Home;13328;1;0
Chrco.com-0107-2017Redesign;en-US;/Home;29280;1;0
Meateatery.com-0080-2016Redesign;en-US;/;18505;1;0
Assuranceoperations.com-0065-2015Redesign;en-US;/Home;15263;1;0
Oxfordclubspa.com-0068-2016Redesign;en-US;/Home;15568;1;0
Degreerestaurant.com-0056-2015Redesign;en-US;/Home;11598;1;0
Thecurtis.com-0079-2016Redesign;en-US;/Home;17981;1;0
Theharborsidehotel.com-0114-2017Redesign;en-US;/failovercheck;40403;1;0
Jbdukehotel.com-0086-2016Redesign;en-US;/Home;21918;1;0
Homewoodsuiteslax.com-0110-2017Redesign;en-US;/Home;30747;1;0
Bocatrans.com-0082-2016Redesign;en-US;/Home;19758;1;0
Broadmoor.com-0073-2016Redesign;en-US;/Broadmoor-Adventures/Soaring-Adventures;18782;1;0
Thecrawfordhotel.com-0074-2016Redesign;en-US;/Home;17145;1;0
Opalsands.com-0084-2016Redesign;en-US;/failovercheck;38055;1;0
Bluebirch.com-0072-2016Redesign;en-US;/Home;16693;1;0
Texturefoodanddrink.com-0067-2016Redesign;en-US;/Home;15452;1;0
Luxehotels.com-0078-2016Redesign;en-US;/Home;18805;1;0
Galthouse.com-0042-2015Redesign;en-US;/failovercheck;38060;1;0
Abbingtonbanquets.com-0070-2016Redesign;en-US;/Home;15789;1;0
Beverlyhillsresidenceinn.com-0087-2016Redesign;en-US;/Home;20999;1;0
Edgewaternaples.com-0094-2016Redesign;en-US;/failovercheck;38051;1;0
Washingtoncourthotel.com-0076-2016Redesign;en-US;/Home;17858;1;0
Casaybelresort.com-0002-2014Redesign;en-US;/Special-Offers;1596;1;0
Naiaresortandspa.com-0077-2016Redesign;en-US;/home;20455;1;0
Lakeplacidlodge.com-0105-2017Redesign;en-US;/failovercheck;39238;1;0
Jupiterbeachresort.com-0103-2017Redesign;en-US;/failovercheck;38052;1;0
Halcyonhotelcherrycreek.com-0061-2015Redesign;en-US;/Home;22121;1;0
Sandylane.com-0075-2016Redesign;en-US;/Home;17611;1;0
Treasureislandbeachresort.com-0089-2016Redesign;en-US;/failovercheck;38057;1;0
Samosetresort.com-0113-2017Redesign;en-US;/failovercheck;40334;1;0
Zotabeachresort.com-0090-2016Redesign;en-US;/failovercheck;38058;1;0
Longboatkeyclub.com-0104-2017Redesign;en-US;/Gallery;28317;1;0
Broadmoor.com-0073-2016Redesign;en-US;/Home;16721;1;0
Thesagamore.com-0112-2017Redesign;en-US;/Home;32339;1;0
Washingtoncourthotel.com-0076-2016Redesign;en-US;/Home;17858;1;0
Longboatkeyclub.com-0104-2017Redesign;en-US;/offers/Spa-Offers;28367;1;0
Hospitalityupgrade.com-0093-2016Redesign;en-US;/Home;25405;1;0
Passport.lehotels.com-0069-2016BlogRedesign;en-US;/failovercheck;41068;1;0
Washingtoncourthotel.com-0076-2016Redesign;en-US;/washington-dc-meetings-events/Meeting-Proposal;19907;1;0
Cendyn.com-0095-2016Redesign;en-US;/Home;26640;1;0
Cendyn.com-0095-2016Redesign;en-US;/Home;26640;1;0
Cendyn.com-0095-2016Redesign;en-US;/Home;26640;1;0
Secretharbourvi.com-0040-2015Redesign;en-US;/Home;9231;1;0
Cendyn.com-0095-2016Redesign;en-US;/Home;26640;1;0
Monarchbeachresort.com-0092-2016Redesign;en-US;/Home;22725;1;0
Cphollywoodbeach.com-0032-2015Redesign;en-US;/Offers/Dining-Offers;7879;1;0
Secretharbourvi.com-0040-2015Redesign;en-US;/stthomas-hotel-vacation-packages;9460;1;0
Hospitalityupgrade.com-0093-2016Redesign;en-US;/Watercooler-News/Siegel-Sez/Siegel-Sez-Details;36743;1;0
Thesagamore.com-0112-2017Redesign;en-US;/Home;32339;1;0
Thesagamore.com-0112-2017Redesign;en-US;/Accommodations/The-Castle;33924;1;0
Casaybelresort.com-0002-2014Redesign;en-US;/Home;1533;1;0
Napavalleymarriott.com-0071-2016Redesign;en-US;/Home;16432;1;0
Casaybelresort.com-0002-2014Redesign;en-US;/About-Us/Web-Cam;1613;1;0
Thesagamore.com-0112-2017Redesign;en-US;/failovercheck;39241;1;0
Longboatkeyclub.com-0104-2017Redesign;en-US;/failovercheck;38054;1;0
Bellemontfarm.com-0007-2013Redesign;en-US;/Homepage;11497;1;0
Lidobeachresort.com-0106-2017Redesign;en-US;/failovercheck;38053;1;0
Broadmoor.com-0073-2016Redesign;en-US;/Home;16721;1;0
Napavalleymarriott.com-0071-2016Redesign;en-US;/Our-Hotel;16439;1;0
Longboatkeyclub.com-0104-2017Redesign;en-US;/offers/Special-Offers;28364;1;0
Luxehotels.com-0078-2016Redesign;en-US;/Home;18805;1;0
Cendyn.com-0095-2016Redesign;en-US;/Home;26640;1;0
saddlebrook.com-0011-2014Redesign;en-US;/Meetings-Gallery;3398;1;0
Sandpearl.com-0091-2016Redesign;en-US;/Home;22481;1;0
Luxehotels.com-0078-2016Redesign;en-US;/Our-Hotels/Luxe-Rodeo-Drive-Hotel/Special-Offers;19282;1;0
Broadmoor.com-0073-2016Redesign;en-US;/failovercheck;38059;1;0
Luxehotels.com-0078-2016Redesign;en-US;/Home;18805;1;0
Sandpearl.com-0091-2016Redesign;en-US;/failovercheck;38056;1;0
Delraysandsresort.com-0097-2016Redesign;en-US;/failovercheck;38049;1;0
Broadmoor.com-0073-2016Redesign;en-US;/Home;16721;1;0
Sandpearl.com-0091-2016Redesign;en-US;/Home;22481;1;0
Hi-nyc.com-0108-2017Redesogm;en-US;/Home;30080;1;0
Broadmoor.com-0073-2016Redesign;en-US;/Home;16721;1;0
Thesagamore.com-0112-2017Redesign;en-US;/Home;32339;1;0
Sandpearl.com-0091-2016Redesign;en-US;/Home;22481;1;0
Broadmoor.com-0073-2016Redesign;en-US;/Accommodations;16755;1;0
Opalsands.com-0084-2016Redesign;en-US;/Webcam;40846;1;0
Luxehotels.com-0078-2016Redesign;en-US;/Home;18805;1;0
Newyorkpalacemeetings.com-0045-2015Redesign;en-US;/Home;9207;1;0
Cocokeyorlando.com-0059-2015Redesign;en-US;/Home;12394;1;0
Jbdukehotel.com-0086-2016Redesign;en-US;/Dine;21921;1;0
wentworthcom00212014redesign;en-US;/portsmouth-hotel-offers/portsmouth-spa-offers/Best-Friends-Spa-Package;4415;1;0
Thecrawfordhotel.com-0074-2016Redesign;en-US;/Home;17145;1;0
Galthouse.com-0042-2015Redesign;en-US;/failovercheck;38060;1;0
Meateatery.com-0080-2016Redesign;en-US;/;18505;1;0
Assuranceoperations.com-0065-2015Redesign;en-US;/Home;15263;1;0
Glencovemansion.com-0058-2015Redesign;en-US;/Home;13328;1;0
Degreerestaurant.com-0056-2015Redesign;en-US;/Home;11598;1;0
Oxfordclubspa.com-0068-2016Redesign;en-US;/Home;15568;1;0
Thecurtis.com-0079-2016Redesign;en-US;/Home;17981;1;0
Bocatrans.com-0082-2016Redesign;en-US;/Home;19758;1;0
Zotabeachresort.com-0090-2016Redesign;en-US;/failovercheck;38058;1;0
Homewoodsuiteslax.com-0110-2017Redesign;en-US;/Home;30747;1;0
Jbdukehotel.com-0086-2016Redesign;en-US;/Home;21918;1;0
Texturefoodanddrink.com-0067-2016Redesign;en-US;/Home;15452;1;0
Bluebirch.com-0072-2016Redesign;en-US;/Home;16693;1;0
Hhotellosangeles.com-0118-2017Redesign;en-US;/Home;35289;1;0
Washingtoncourthotel.com-0076-2016Redesign;en-US;/Home;17858;1;0
Theharborsidehotel.com-0114-2017Redesign;en-US;/failovercheck;40403;1;0
Luxehotels.com-0078-2016Redesign;en-US;/Home;18805;1;0
Opalsands.com-0084-2016Redesign;en-US;/failovercheck;38055;1;0
Edgewaternaples.com-0094-2016Redesign;en-US;/failovercheck;38051;1;0
Abbingtonbanquets.com-0070-2016Redesign;en-US;/Home;15789;1;0
Sandylane.com-0075-2016Redesign;en-US;/Home;17611;1;0
Treasureislandbeachresort.com-0089-2016Redesign;en-US;/failovercheck;38057;1;0
Theoxfordhotel.com-0062-2015Redesign;en-US;/Home;14325;1;0
Lakeplacidlodge.com-0105-2017Redesign;en-US;/failovercheck;39238;1;0
Naiaresortandspa.com-0077-2016Redesign;en-US;/home;20455;1;0
Chrco.com-0107-2017Redesign;en-US;/Home;29280;1;0
Beverlyhillsresidenceinn.com-0087-2016Redesign;en-US;/Home;20999;1;0
Halcyonhotelcherrycreek.com-0061-2015Redesign;en-US;/Home;22121;1;0
Samosetresort.com-0113-2017Redesign;en-US;/failovercheck;40334;1;0
Jupiterbeachresort.com-0103-2017Redesign;en-US;/failovercheck;38052;1;0
Cocokeyorlando.com-0059-2015Redesign;en-US;/Home;12394;1;0
saddlebrook.com-0011-2014Redesign;en-US;/Accommodations-Gallery;3463;1;0
Samosetresort.com-0113-2017Redesign;en-US;/Home;32541;1;0
Broadmoor.com-0073-2016Redesign;en-US;/Dining/Golden-Bee;16769;1;0
Cocokeyorlando.com-0059-2015Redesign;en-US;/Home;12394;1;0
Luxehotels.com-0078-2016Redesign;en-US;/Home;18805;1;0
Hospitalityupgrade.com-0093-2016Redesign;en-US;/Home;25405;1;0
Passport.lehotels.com-0069-2016BlogRedesign;en-US;/failovercheck;41068;1;0
Longboatkeyclub.com-0104-2017Redesign;en-US;/offers/Dining-Offers;28365;1;0
Hospitalityupgrade.com-0093-2016Redesign;en-US;/Home;25405;1;0
Cendyn.com-0095-2016Redesign;en-US;/Home;26640;1;0
Cendyn.com-0095-2016Redesign;en-US;/Home;26640;1;0
Cendyn.com-0095-2016Redesign;en-US;/Home;26640;1;0
Cendyn.com-0095-2016Redesign;en-US;/Home;26640;1;0
Samosetresort.com-0113-2017Redesign;en-US;/Home;32541;1;0
Jbdukehotel.com-0086-2016Redesign;en-US;/Home;21918;1;0
Thesagamore.com-0112-2017Redesign;en-US;/Activities/Resort-Activities/Waterfront;33448;1;0
Napavalleymarriott.com-0071-2016Redesign;en-US;/Home;16432;1;0
Lidobeachresort.com-0106-2017Redesign;en-US;/failovercheck;38053;1;0
Cocokeyorlando.com-0059-2015Redesign;en-US;/Home;12394;1;0
Thesagamore.com-0112-2017Redesign;en-US;/failovercheck;39241;1;0
Longboatkeyclub.com-0104-2017Redesign;en-US;/failovercheck;38054;1;0
Opalsands.com-0084-2016Redesign;en-US;/Clearwater-Hotel-Offers;20561;1;0
Cocokeyorlando.com-0059-2015Redesign;en-US;/Home;12394;1;0
Delraysandsresort.com-0097-2016Redesign;en-US;/Home;27232;1;0
Napavalleymarriott.com-0071-2016Redesign;en-US;/Home;16432;1;0
Oxfordclubspa.com-0068-2016Redesign;en-US;/About-Us/Stylists;17436;1;0
Cendyn.com-0095-2016Redesign;en-US;/Home;26640;1;0
Secretharbourvi.com-0040-2015Redesign;en-US;/Email-SignUp-Popup;20178;1;0
Broadmoor.com-0073-2016Redesign;en-US;/Home;16721;1;0
Broadmoor.com-0073-2016Redesign;en-US;/Home;16721;1;0
Broadmoor.com-0073-2016Redesign;en-US;/failovercheck;38059;1;0
Sandpearl.com-0091-2016Redesign;en-US;/failovercheck;38056;1;0
Delraysandsresort.com-0097-2016Redesign;en-US;/failovercheck;38049;1;0
Galthouse.com-0042-2015Redesign;en-US;/Home;31905;1;0
Broadmoor.com-0073-2016Redesign;en-US;/Dining;16761;1;0
Newyorkpalacemeetings.com-0045-2015Redesign;en-US;/Villard-Mansion-Spaces;9245;1;0
Cocokeyorlando.com-0059-2015Redesign;en-US;/Home;12394;1;0
Newyorkpalacemeetings.com-0045-2015Redesign;en-US;/Home;9207;1;0
Oxfordclubspa.com-0068-2016Redesign;en-US;/Home;15568;1;0
Broadmoor.com-0073-2016Redesign;en-US;/Home;16721;1;0
Degreerestaurant.com-0056-2015Redesign;en-US;/Home;11598;1;0
Hhotellosangeles.com-0118-2017Redesign;en-US;/Home;35289;1;0
Meateatery.com-0080-2016Redesign;en-US;/;18505;1;0
Glencovemansion.com-0058-2015Redesign;en-US;/Home;13328;1;0
Thecurtis.com-0079-2016Redesign;en-US;/Home;17981;1;0
Luxehotels.com-0078-2016Redesign;en-US;/Home;18805;1;0
Thecrawfordhotel.com-0074-2016Redesign;en-US;/Home;17145;1;0
Bluebirch.com-0072-2016Redesign;en-US;/Home;16693;1;0
Bocatrans.com-0082-2016Redesign;en-US;/Home;19758;1;0
Washingtoncourthotel.com-0076-2016Redesign;en-US;/Home;17858;1;0
Beverlyhillsresidenceinn.com-0087-2016Redesign;en-US;/Home;20999;1;0
Galthouse.com-0042-2015Redesign;en-US;/failovercheck;38060;1;0
Naiaresortandspa.com-0077-2016Redesign;en-US;/home;20455;1;0
Jbdukehotel.com-0086-2016Redesign;en-US;/Home;21918;1;0
Lakeplacidlodge.com-0105-2017Redesign;en-US;/failovercheck;39238;1;0
Abbingtonbanquets.com-0070-2016Redesign;en-US;/Home;15789;1;0
Opalsands.com-0084-2016Redesign;en-US;/failovercheck;38055;1;0
Samosetresort.com-0113-2017Redesign;en-US;/failovercheck;40334;1;0
Jupiterbeachresort.com-0103-2017Redesign;en-US;/failovercheck;38052;1;0
Chrco.com-0107-2017Redesign;en-US;/Home;29280;1;0
Homewoodsuiteslax.com-0110-2017Redesign;en-US;/Home;30747;1;0
Texturefoodanddrink.com-0067-2016Redesign;en-US;/Home;15452;1;0
Assuranceoperations.com-0065-2015Redesign;en-US;/Home;15263;1;0
Sandylane.com-0075-2016Redesign;en-US;/Home;17611;1;0
Zotabeachresort.com-0090-2016Redesign;en-US;/failovercheck;38058;1;0
Treasureislandbeachresort.com-0089-2016Redesign;en-US;/failovercheck;38057;1;0
Newyorkpalacemeetings.com-0045-2015Redesign;en-US;/Home;9207;1;0
Theoxfordhotel.com-0062-2015Redesign;en-US;/Home;14325;1;0
Bellemontfarm.com-0007-2013Redesign;en-US;/Homepage;11497;1;0
Halcyonhotelcherrycreek.com-0061-2015Redesign;en-US;/Home;22121;1;0
Edgewaternaples.com-0094-2016Redesign;en-US;/failovercheck;38051;1;0
Theharborsidehotel.com-0114-2017Redesign;en-US;/failovercheck;40403;1;0
Samosetresort.com-0113-2017Redesign;en-US;/Home;32541;1;0
Halcyonhotelcherrycreek.com-0061-2015Redesign;en-US;/Home;22121;1;0
Thesagamore.com-0112-2017Redesign;en-US;/Home;32339;1;0
Oxfordclubspa.com-0068-2016Redesign;en-US;/Home;15568;1;0
Broadmoor.com-0073-2016Redesign;en-US;/The-Wilderness-Experiences;16728;1;0
Passport.lehotels.com-0069-2016BlogRedesign;en-US;/failovercheck;41068;1;0
Hospitalityupgrade.com-0093-2016Redesign;en-US;/Home;25405;1;0
Oxfordclubspa.com-0068-2016Redesign;en-US;/Home;15568;1;0
Theharborsidehotel.com-0114-2017Redesign;en-US;/Home;37571;1;0
Cendyn.com-0095-2016Redesign;en-US;/Home;26640;1;0
Sandpearl.com-0091-2016Redesign;en-US;/Offers/Special-Offers;22530;1;0
Cendyn.com-0095-2016Redesign;en-US;/Home;26640;1;0
Cendyn.com-0095-2016Redesign;en-US;/Home;26640;1;0
Cendyn.com-0095-2016Redesign;en-US;/Home;26640;1;0
Sandpearl.com-0091-2016Redesign;en-US;/Offers/Special-Offers;22530;1;0
Thesagamore.com-0112-2017Redesign;en-US;/Gallery;32340;1;0
Thecurtis.com-0079-2016Redesign;en-US;/Home;17981;1;0
Thesagamore.com-0112-2017Redesign;en-US;/Accommodations/Amenities;33366;1;0
Napavalleymarriott.com-0071-2016Redesign;en-US;/Home;16432;1;0
Longboatkeyclub.com-0104-2017Redesign;en-US;/failovercheck;38054;1;0
Thesagamore.com-0112-2017Redesign;en-US;/failovercheck;39241;1;0
Lidobeachresort.com-0106-2017Redesign;en-US;/failovercheck;38053;1;0
Halcyonhotelcherrycreek.com-0061-2015Redesign;en-US;/Home;22121;1;0
Broadmoor.com-0073-2016Redesign;en-US;/Broadmoor-Adventures/Pikes-Peak-Cog-Railway;16753;1;0
Thesagamore.com-0112-2017Redesign;en-US;/Events/Weddings/Start-Planning;33582;1;0
Renaissancepittsburghpa.com-0044-2015Redesign;en-US;/Home;9637;1;0
Renaissancepittsburghpa.com-0044-2015Redesign;en-US;/Home;9637;1;0
Miravalspamonarchbeach.com-0109-2017Redesign;en-US;/Classes-Treatments-Events/Treatments/REFLEXOLOGY;34185;1;0
Theharborsidehotel.com-0114-2017Redesign;en-US;/Home;37571;1;0
Broadmoor.com-0073-2016Redesign;en-US;/Accommodations/Rooms;16756;1;0
Samosetresort.com-0113-2017Redesign;en-US;/Home;32541;1;0
Assuranceoperations.com-0065-2015Redesign;en-US;/Home;15263;1;0
Cendyn.com-0095-2016Redesign;en-US;/Home;26640;1;0
Luxehotels.com-0078-2016Redesign;en-US;/Home;18805;1;0
Hospitalityupgrade.com-0093-2016Redesign;en-US;/News/News-Article-Details;22790;1;0
Opalsands.com-0084-2016Redesign;en-US;/Home;20171;1;0
Broadmoor.com-0073-2016Redesign;en-US;/failovercheck;38059;1;0
Montaukyachtclub.com-0010-2014Redesign;en-US;/Weddings/Ceremony-Reception;2466;1;0
Sandpearl.com-0091-2016Redesign;en-US;/failovercheck;38056;1;0
Delraysandsresort.com-0097-2016Redesign;en-US;/failovercheck;38049;1;0
Halcyonhotelcherrycreek.com-0061-2015Redesign;en-US;/Home;22121;1;0
Luxehotels.com-0078-2016Redesign;en-US;/Home;18805;1;0
Thesagamore.com-0112-2017Redesign;en-US;/Home;32339;1;0
Broadmoor.com-0073-2016Redesign;en-US;/Accommodations/Rooms;16756;1;0
Luxehotels.com-0078-2016Redesign;en-US;/Home;18805;1;0
Abbingtonbanquets.com-0070-2016Redesign;en-US;/Home;15789;1;0
Bluebirch.com-0072-2016Redesign;en-US;/Home;16693;1;0
Meateatery.com-0080-2016Redesign;en-US;/;18505;1;0
Degreerestaurant.com-0056-2015Redesign;en-US;/Home;11598;1;0
Beverlyhillsresidenceinn.com-0087-2016Redesign;en-US;/Home;20999;1;0
Glencovemansion.com-0058-2015Redesign;en-US;/Home;13328;1;0
Thecrawfordhotel.com-0074-2016Redesign;en-US;/Home;17145;1;0
Oxfordclubspa.com-0068-2016Redesign;en-US;/Home;15568;1;0
Bocatrans.com-0082-2016Redesign;en-US;/Home;19758;1;0
Thecurtis.com-0079-2016Redesign;en-US;/Home;17981;1;0
Washingtoncourthotel.com-0076-2016Redesign;en-US;/Home;17858;1;0
Hhotellosangeles.com-0118-2017Redesign;en-US;/Home;35289;1;0
Texturefoodanddrink.com-0067-2016Redesign;en-US;/Home;15452;1;0
Theharborsidehotel.com-0114-2017Redesign;en-US;/failovercheck;40403;1;0
Jbdukehotel.com-0086-2016Redesign;en-US;/Home;21918;1;0
Theoxfordhotel.com-0062-2015Redesign;en-US;/Home;14325;1;0
Homewoodsuiteslax.com-0110-2017Redesign;en-US;/Home;30747;1;0
Sandylane.com-0075-2016Redesign;en-US;/Home;17611;1;0
Edgewaternaples.com-0094-2016Redesign;en-US;/failovercheck;38051;1;0
Zotabeachresort.com-0090-2016Redesign;en-US;/failovercheck;38058;1;0
Naiaresortandspa.com-0077-2016Redesign;en-US;/home;20455;1;0
Treasureislandbeachresort.com-0089-2016Redesign;en-US;/failovercheck;38057;1;0
Assuranceoperations.com-0065-2015Redesign;en-US;/Home;15263;1;0
Luxehotels.com-0078-2016Redesign;en-US;/Home;18805;1;0
Halcyonhotelcherrycreek.com-0061-2015Redesign;en-US;/Home;22121;1;0
Galthouse.com-0042-2015Redesign;en-US;/failovercheck;38060;1;0
Samosetresort.com-0113-2017Redesign;en-US;/failovercheck;40334;1;0
Thelodgeatwoodloch.com-0033-2015Redesign;en-US;/Experience/Activities;8257;1;0
Lakeplacidlodge.com-0105-2017Redesign;en-US;/failovercheck;39238;1;0
Chrco.com-0107-2017Redesign;en-US;/Home;29280;1;0
Opalsands.com-0084-2016Redesign;en-US;/failovercheck;38055;1;0
Jupiterbeachresort.com-0103-2017Redesign;en-US;/failovercheck;38052;1;0
Thesagamore.com-0112-2017Redesign;en-US;/Home;32339;1;0
Passport.lehotels.com-0069-2016BlogRedesign;en-US;/failovercheck;41068;1;0
Halcyonhotelcherrycreek.com-0061-2015Redesign;en-US;/denver-hotel-specials;23287;1;0
Hospitalityupgrade.com-0093-2016Redesign;en-US;/Home;25405;1;0
Cendyn.com-0095-2016Redesign;en-US;/Home;26640;1;0
Cendyn.com-0095-2016Redesign;en-US;/Home;26640;1;0
Cendyn.com-0095-2016Redesign;en-US;/Home;26640;1;0
Cendyn.com-0095-2016Redesign;en-US;/Home;26640;1;0
Thelodgeatwoodloch.com-0033-2015Redesign;en-US;/Home;7764;1;0
Lehotels.com-0049-2015Transfer;en-US;/Search/North-America/Palmerias-Beach-Club/Local-Area;18789;1;0
Chrco.com-0107-2017Redesign;en-US;/Crescent-Advantage/Press;31152;1;0
Thesagamore.com-0112-2017Redesign;en-US;/Offers;32346;1;0
Sandpearl.com-0091-2016Redesign;en-US;/Accommodations;22493;1;0
Lidobeachresort.com-0106-2017Redesign;en-US;/failovercheck;38053;1;0
Thesagamore.com-0112-2017Redesign;en-US;/failovercheck;39241;1;0
Napavalleymarriott.com-0071-2016Redesign;en-US;/Home;16432;1;0
Longboatkeyclub.com-0104-2017Redesign;en-US;/failovercheck;38054;1;0
Renaissancepittsburghpa.com-0044-2015Redesign;en-US;/Home;9637;1;0
Thecrawfordhotel.com-0074-2016Redesign;en-US;/Home;17145;1;0
Monarchbeachresort.com-0092-2016Redesign;en-US;/welcome;23492;1;0
Halcyonhotelcherrycreek.com-0061-2015Redesign;en-US;/Home;22121;1;0
Jupiterbeachresort.com-0103-2017Redesign;en-US;/Home;28158;1;0
Theharborsidehotel.com-0114-2017Redesign;en-US;/Home;37571;1;0
Luxehotels.com-0078-2016Redesign;en-US;/Home;18805;1;0
Broadmoor.com-0073-2016Redesign;en-US;/Contact-Us;16742;1;0
Cendyn.com-0095-2016Redesign;en-US;/Home;26640;1;0
Longboatkeyclub.com-0104-2017Redesign;en-US;/Home;28316;1;0
Broadmoor.com-0073-2016Redesign;en-US;/failovercheck;38059;1;0
Broadmoor.com-0073-2016Redesign;en-US;/The-Wilderness-Experiences/Cloud-Camp;18010;1;0
Thecurtis.com-0079-2016Redesign;en-US;/Home;17981;1;0
Sandpearl.com-0091-2016Redesign;en-US;/failovercheck;38056;1;0
Delraysandsresort.com-0097-2016Redesign;en-US;/failovercheck;38049;1;0
Cphollywoodbeach.com-0032-2015Redesign;en-US;/Gallery/Web-Cam;7831;1;0
Thelodgeatwoodloch.com-0033-2015Redesign;en-US;/hawley-packages;9801;1;0
Theoxfordhotel.com-0062-2015Redesign;en-US;/Home;14325;1;0
Lakeplacidlodge.com-0105-2017Redesign;en-US;/Home;28545;1;0
Washingtoncourthotel.com-0076-2016Redesign;en-US;/Home;17858;1;0
wentworthcom00212014redesign;en-US;/Home;26679;1;0
Thecurtis.com-0079-2016Redesign;en-US;/Home;17981;1;0
Thecrawfordhotel.com-0074-2016Redesign;en-US;/Home;17145;1;0
Jbdukehotel.com-0086-2016Redesign;en-US;/Home;21918;1;0
Bluebirch.com-0072-2016Redesign;en-US;/Home;16693;1;0
Meateatery.com-0080-2016Redesign;en-US;/;18505;1;0
Washingtoncourthotel.com-0076-2016Redesign;en-US;/Home;17858;1;0
Hhotellosangeles.com-0118-2017Redesign;en-US;/Home;35289;1;0
Zotabeachresort.com-0090-2016Redesign;en-US;/failovercheck;38058;1;0
Beverlyhillsresidenceinn.com-0087-2016Redesign;en-US;/Home;20999;1;0
Degreerestaurant.com-0056-2015Redesign;en-US;/Home;11598;1;0
Texturefoodanddrink.com-0067-2016Redesign;en-US;/Home;15452;1;0
Bocatrans.com-0082-2016Redesign;en-US;/Home;19758;1;0
Sandylane.com-0075-2016Redesign;en-US;/Home;17611;1;0
Chrco.com-0107-2017Redesign;en-US;/Home;29280;1;0
Assuranceoperations.com-0065-2015Redesign;en-US;/Home;15263;1;0
Oxfordclubspa.com-0068-2016Redesign;en-US;/Home;15568;1;0
Opalsands.com-0084-2016Redesign;en-US;/failovercheck;38055;1;0
Abbingtonbanquets.com-0070-2016Redesign;en-US;/Home;15789;1;0
Homewoodsuiteslax.com-0110-2017Redesign;en-US;/Home;30747;1;0
Lakeplacidlodge.com-0105-2017Redesign;en-US;/failovercheck;39238;1;0
Naiaresortandspa.com-0077-2016Redesign;en-US;/home;20455;1;0
Halcyonhotelcherrycreek.com-0061-2015Redesign;en-US;/Home;22121;1;0
Jupiterbeachresort.com-0103-2017Redesign;en-US;/failovercheck;38052;1;0
Glencovemansion.com-0058-2015Redesign;en-US;/Home;13328;1;0
Galthouse.com-0042-2015Redesign;en-US;/failovercheck;38060;1;0
Edgewaternaples.com-0094-2016Redesign;en-US;/failovercheck;38051;1;0
Theoxfordhotel.com-0062-2015Redesign;en-US;/Home;14325;1;0
Luxehotels.com-0078-2016Redesign;en-US;/Home;18805;1;0
Samosetresort.com-0113-2017Redesign;en-US;/failovercheck;40334;1;0
Theharborsidehotel.com-0114-2017Redesign;en-US;/failovercheck;40403;1;0
Treasureislandbeachresort.com-0089-2016Redesign;en-US;/failovercheck;38057;1;0
Passport.lehotels.com-0069-2016BlogRedesign;en-US;/failovercheck;41068;1;0
Lidobeachresort.com-0106-2017Redesign;en-US;/Home;28666;1;0
Hospitalityupgrade.com-0093-2016Redesign;en-US;/Home;25405;1;0
Broadmoor.com-0073-2016Redesign;en-US;/Media-Gallery/Accommodations-Gallery;17339;1;0
Cendyn.com-0095-2016Redesign;en-US;/Home;26640;1;0
Cendyn.com-0095-2016Redesign;en-US;/Home;26640;1;0
Cendyn.com-0095-2016Redesign;en-US;/Home;26640;1;0
Cendyn.com-0095-2016Redesign;en-US;/Home;26640;1;0
Napavalleymarriott.com-0071-2016Redesign;en-US;/Home;16432;1;0
Thesagamore.com-0112-2017Redesign;en-US;/failovercheck;39241;1;0
Lidobeachresort.com-0106-2017Redesign;en-US;/failovercheck;38053;1;0
Longboatkeyclub.com-0104-2017Redesign;en-US;/failovercheck;38054;1;0
Marriottdelraybeach.com-0009-2014Redesign;en-US;/Home;2829;1;0
Broadmoor.com-0073-2016Redesign;en-US;/Broadmoor-Adventures/Seven-Falls;18259;1;0
Marriottkeylargo.com-0015-2014Redesign;en-US;/Home;3948;1;0
Halcyonhotelcherrycreek.com-0061-2015Redesign;en-US;/Home;22121;1;0
Zotabeachresort.com-0090-2016Redesign;en-US;/Home;22357;1;0
Thesagamore.com-0112-2017Redesign;en-US;/Accommodations/Historic-Main-Hotel;33921;1;0
Denvercy.com-0036-2015Redesign;en-US;/Denver-Vacation-Packages;8643;1;0
Broadmoor.com-0073-2016Redesign;en-US;/Media-Gallery/Resort-Gallery;17333;1;0
Thelodgeatwoodloch.com-0033-2015Redesign;en-US;/hawley-packages/Mother-Daughter-Getaway;9922;1;0
Broadmoor.com-0073-2016Redesign;en-US;/Special-Packages;16722;1;0
Lidobeachresort.com-0106-2017Redesign;en-US;/Home;28666;1;0
Broadmoor.com-0073-2016Redesign;en-US;/Activities/Golf/Golf-Rates-And-Policies;18208;1;0
Cendyn.com-0095-2016Redesign;en-US;/Home;26640;1;0
Longboatkeyclub.com-0104-2017Redesign;en-US;/Membership;28335;1;0
Monarchbeachresort.com-0092-2016Redesign;en-US;/miraval-spa-dana-point;22785;1;0
wentworthcom00212014redesign;en-US;/Home;26679;1;0
wentworthcom00212014redesign;en-US;/Home;26679;1;0
Broadmoor.com-0073-2016Redesign;en-US;/failovercheck;38059;1;0
Sandpearl.com-0091-2016Redesign;en-US;/failovercheck;38056;1;0
Delraysandsresort.com-0097-2016Redesign;en-US;/failovercheck;38049;1;0
Miravalspamonarchbeach.com-0109-2017Redesign;en-US;/Home;31709;1;0
Luxehotels.com-0078-2016Redesign;en-US;/Home;18805;1;0
Luxehotels.com-0078-2016Redesign;en-US;/Home;18805;1;0
Luxehotels.com-0078-2016Redesign;en-US;/Our-Hotels/Luxe-Sunset-Boulevard-Hotel;18833;1;0
Degreerestaurant.com-0056-2015Redesign;en-US;/Home;11598;1;0
Texturefoodanddrink.com-0067-2016Redesign;en-US;/Home;15452;1;0
Abbingtonbanquets.com-0070-2016Redesign;en-US;/Home;15789;1;0
Beverlyhillsresidenceinn.com-0087-2016Redesign;en-US;/Home;20999;1;0
Bocatrans.com-0082-2016Redesign;en-US;/Home;19758;1;0
Bluebirch.com-0072-2016Redesign;en-US;/Home;16693;1;0
Assuranceoperations.com-0065-2015Redesign;en-US;/Home;15263;1;0
Thecurtis.com-0079-2016Redesign;en-US;/Home;17981;1;0
Hospitalityupgrade.com-0093-2016Redesign;en-US;/HU-Events/Vendor-Summit;33606;1;0
Sandylane.com-0075-2016Redesign;en-US;/Home;17611;1;0
Homewoodsuiteslax.com-0110-2017Redesign;en-US;/Home;30747;1;0
Glencovemansion.com-0058-2015Redesign;en-US;/Home;13328;1;0
Thecrawfordhotel.com-0074-2016Redesign;en-US;/Home;17145;1;0
Hhotellosangeles.com-0118-2017Redesign;en-US;/Home;35289;1;0
Oxfordclubspa.com-0068-2016Redesign;en-US;/Home;15568;1;0
Jbdukehotel.com-0086-2016Redesign;en-US;/Home;21918;1;0
Theharborsidehotel.com-0114-2017Redesign;en-US;/failovercheck;40403;1;0
Treasureislandbeachresort.com-0089-2016Redesign;en-US;/failovercheck;38057;1;0
Theoxfordhotel.com-0062-2015Redesign;en-US;/Home;14325;1;0
Meateatery.com-0080-2016Redesign;en-US;/;18505;1;0
Jupiterbeachresort.com-0103-2017Redesign;en-US;/failovercheck;38052;1;0
Naiaresortandspa.com-0077-2016Redesign;en-US;/home;20455;1;0
Halcyonhotelcherrycreek.com-0061-2015Redesign;en-US;/Home;22121;1;0
Luxehotels.com-0078-2016Redesign;en-US;/Home;18805;1;0
Zotabeachresort.com-0090-2016Redesign;en-US;/failovercheck;38058;1;0
Washingtoncourthotel.com-0076-2016Redesign;en-US;/Home;17858;1;0
Edgewaternaples.com-0094-2016Redesign;en-US;/failovercheck;38051;1;0
Samosetresort.com-0113-2017Redesign;en-US;/failovercheck;40334;1;0
Opalsands.com-0084-2016Redesign;en-US;/failovercheck;38055;1;0
Galthouse.com-0042-2015Redesign;en-US;/failovercheck;38060;1;0
Lakeplacidlodge.com-0105-2017Redesign;en-US;/failovercheck;39238;1;0
Chrco.com-0107-2017Redesign;en-US;/Home;29280;1;0
Samosetresort.com-0113-2017Redesign;en-US;/Home;32541;1;0
Lidobeachresort.com-0106-2017Redesign;en-US;/Home;28666;1;0
Luxehotels.com-0078-2016Redesign;en-US;/Our-Hotels/Luxe-Rodeo-Drive-Hotel/About/Photo-Gallery;19280;1;0
Cphollywoodbeach.com-0032-2015Redesign;en-US;/Gallery/Web-Cam;7831;1;0
Washingtoncourthotel.com-0076-2016Redesign;en-US;/washington-dc-hotel-photo-gallery;17935;1;0
Passport.lehotels.com-0069-2016BlogRedesign;en-US;/failovercheck;41068;1;0
Renaissancepittsburghpa.com-0044-2015Redesign;en-US;/Our-Pittsburgh-Hotel/Pittsburgh-Hotel-Services;9682;1;0
Hospitalityupgrade.com-0093-2016Redesign;en-US;/Home;25405;1;0
Cendyn.com-0095-2016Redesign;en-US;/Home;26640;1;0
Cendyn.com-0095-2016Redesign;en-US;/Home;26640;1;0
Cendyn.com-0095-2016Redesign;en-US;/Home;26640;1;0
Cendyn.com-0095-2016Redesign;en-US;/Home;26640;1;0
Cphollywoodbeach.com-0032-2015Redesign;en-US;/Gallery/Web-Cam;7831;1;0
Denvercy.com-0036-2015Redesign;en-US;/Contact;8647;1;0
Broadmoor.com-0073-2016Redesign;en-US;/Activities/Golf;16790;1;0
Thesagamore.com-0112-2017Redesign;en-US;/Offers/Special-Offers;32387;1;0
Monarchbeachresort.com-0092-2016Redesign;en-US;/offers;26788;1;0
Napavalleymarriott.com-0071-2016Redesign;en-US;/Home;16432;1;0
Lidobeachresort.com-0106-2017Redesign;en-US;/failovercheck;38053;1;0
Thesagamore.com-0112-2017Redesign;en-US;/failovercheck;39241;1;0
Longboatkeyclub.com-0104-2017Redesign;en-US;/failovercheck;38054;1;0
Hospitalityupgrade.com-0093-2016Redesign;en-US;/News/News-Article-Details;22790;1;0
Casaybelresort.com-0002-2014Redesign;en-US;/Home;1533;1;0
Thesagamore.com-0112-2017Redesign;en-US;/Dining/The-LakeHouse;33476;1;0
Luxehotels.com-0078-2016Redesign;en-US;/Our-Hotels/Luxe-Rodeo-Drive-Hotel;18830;1;0
Halcyonhotelcherrycreek.com-0061-2015Redesign;en-US;/Hotel/Rooftop-Pool-Deck;23318;1;0
Broadmoor.com-0073-2016Redesign;en-US;/The-Wilderness-Experiences/cloudcampholiday;36006;1;0
Cendyn.com-0095-2016Redesign;en-US;/Home;26640;1;0
Thesagamore.com-0112-2017Redesign;en-US;/Accommodations/Amenities;33366;1;0
Montaukyachtclub.com-0010-2014Redesign;en-US;/Home;2240;1;0
Theharborsidehotel.com-0114-2017Redesign;en-US;/bar-harbor-activities/Bar-Harbor-Club;38024;1;0
Samosetresort.com-0113-2017Redesign;en-US;/Home;32541;1;0
Broadmoor.com-0073-2016Redesign;en-US;/failovercheck;38059;1;0
Samosetresort.com-0113-2017Redesign;en-US;/Home;32541;1;0
Sandpearl.com-0091-2016Redesign;en-US;/failovercheck;38056;1;0
Delraysandsresort.com-0097-2016Redesign;en-US;/failovercheck;38049;1;0
Cendyn.com-0095-2016Redesign;en-US;/Home;26640;1;0
Samosetresort.com-0113-2017Redesign;en-US;/Home;32541;1;0
Montaukyachtclub.com-0010-2014Redesign;en-US;/Home;2240;1;0
Bluebirch.com-0072-2016Redesign;en-US;/Home;16693;1;0
Hhotellosangeles.com-0118-2017Redesign;en-US;/Home;35289;1;0
Glencovemansion.com-0058-2015Redesign;en-US;/Home;13328;1;0
Meateatery.com-0080-2016Redesign;en-US;/;18505;1;0
Thecurtis.com-0079-2016Redesign;en-US;/Home;17981;1;0
Beverlyhillsresidenceinn.com-0087-2016Redesign;en-US;/Home;20999;1;0
Thecrawfordhotel.com-0074-2016Redesign;en-US;/Home;17145;1;0
Degreerestaurant.com-0056-2015Redesign;en-US;/Home;11598;1;0
Bocatrans.com-0082-2016Redesign;en-US;/Home;19758;1;0
Texturefoodanddrink.com-0067-2016Redesign;en-US;/Home;15452;1;0
Assuranceoperations.com-0065-2015Redesign;en-US;/Home;15263;1;0
Oxfordclubspa.com-0068-2016Redesign;en-US;/Home;15568;1;0
Jbdukehotel.com-0086-2016Redesign;en-US;/Home;21918;1;0
Washingtoncourthotel.com-0076-2016Redesign;en-US;/Home;17858;1;0
Theoxfordhotel.com-0062-2015Redesign;en-US;/Home;14325;1;0
Homewoodsuiteslax.com-0110-2017Redesign;en-US;/Home;30747;1;0
Theharborsidehotel.com-0114-2017Redesign;en-US;/failovercheck;40403;1;0
Lakeplacidlodge.com-0105-2017Redesign;en-US;/failovercheck;39238;1;0
Jupiterbeachresort.com-0103-2017Redesign;en-US;/failovercheck;38052;1;0
Treasureislandbeachresort.com-0089-2016Redesign;en-US;/failovercheck;38057;1;0
Halcyonhotelcherrycreek.com-0061-2015Redesign;en-US;/Home;22121;1;0
Luxehotels.com-0078-2016Redesign;en-US;/Home;18805;1;0
Zotabeachresort.com-0090-2016Redesign;en-US;/failovercheck;38058;1;0
Chrco.com-0107-2017Redesign;en-US;/Home;29280;1;0
Naiaresortandspa.com-0077-2016Redesign;en-US;/home;20455;1;0
Abbingtonbanquets.com-0070-2016Redesign;en-US;/Home;15789;1;0
Samosetresort.com-0113-2017Redesign;en-US;/failovercheck;40334;1;0
Galthouse.com-0042-2015Redesign;en-US;/failovercheck;38060;1;0
Opalsands.com-0084-2016Redesign;en-US;/failovercheck;38055;1;0
Edgewaternaples.com-0094-2016Redesign;en-US;/failovercheck;38051;1;0
Sandylane.com-0075-2016Redesign;en-US;/Home;17611;1;0
Lakeplacidlodge.com-0105-2017Redesign;en-US;/Home;28545;1;0
Passport.lehotels.com-0069-2016BlogRedesign;en-US;/failovercheck;41068;1;0
Hospitalityupgrade.com-0093-2016Redesign;en-US;/Home;25405;1;0
Cendyn.com-0095-2016Redesign;en-US;/Home;26640;1;0
Cendyn.com-0095-2016Redesign;en-US;/Home;26640;1;0
Cendyn.com-0095-2016Redesign;en-US;/Home;26640;1;0
Cendyn.com-0095-2016Redesign;en-US;/Home;26640;1;0
Longboatkeyclub.com-0104-2017Redesign;en-US;/404;35641;1;0
Theharborsidehotel.com-0114-2017Redesign;en-US;/Home;37571;1;0
Springhillsuitesdenver.com-0060-2015Redesign;en-US;/Home;12307;1;0
Napavalleymarriott.com-0071-2016Redesign;en-US;/Home;16432;1;0
Lidobeachresort.com-0106-2017Redesign;en-US;/failovercheck;38053;1;0
Thesagamore.com-0112-2017Redesign;en-US;/failovercheck;39241;1;0
Longboatkeyclub.com-0104-2017Redesign;en-US;/failovercheck;38054;1;0
Galthouse.com-0042-2015Redesign;en-US;/Home;31905;1;0
Thesagamore.com-0112-2017Redesign;en-US;/Home;32339;1;0
Samosetresort.com-0113-2017Redesign;en-US;/Home;32541;1;0
Luxehotels.com-0078-2016Redesign;en-US;/Our-Hotels/Luxe-Rodeo-Drive-Hotel/About/Photo-Gallery/Our-Hotel;19573;1;0
Treasureislandbeachresort.com-0089-2016Redesign;en-US;/Home;22169;1;0
Monarchbeachresort.com-0092-2016Redesign;en-US;/Home;22725;1;0
Thesagamore.com-0112-2017Redesign;en-US;/Home;32339;1;0
Broadmoor.com-0073-2016Redesign;en-US;/Home;16721;1;0
Cendyn.com-0095-2016Redesign;en-US;/Home;26640;1;0
wentworthcom00212014redesign;en-US;/Home;26679;1;0
Broadmoor.com-0073-2016Redesign;en-US;/Home;16721;1;0
Springhillsuitesdenver.com-0060-2015Redesign;en-US;/Home;12307;1;0
Galthouse.com-0042-2015Redesign;en-US;/Home;31905;1;0
Broadmoor.com-0073-2016Redesign;en-US;/failovercheck;38059;1;0
Thecurtis.com-0079-2016Redesign;en-US;/Gallery/Hotel;19043;1;0
Thesagamore.com-0112-2017Redesign;en-US;/Activities;32350;1;0
Sandpearl.com-0091-2016Redesign;en-US;/failovercheck;38056;1;0
Delraysandsresort.com-0097-2016Redesign;en-US;/failovercheck;38049;1;0
theweststreethotel.com-0115-2017Redesign;en-US;/Home;36683;1;0
Hospitalityupgrade.com-0093-2016Redesign;en-US;/Watercooler-News/Siegel-Sez/Siegel-Sez-Details;36743;1;0
Monarchbeachresort.com-0092-2016Redesign;en-US;/Home;22725;1;0
Lakeplacidlodge.com-0105-2017Redesign;en-US;/Accommodations/Main-Lodge;32804;1;0
Longboatkeyclub.com-0104-2017Redesign;en-US;/Home;28316;1;0
Broadmoor.com-0073-2016Redesign;en-US;/Broadmoor-Adventures/Seven-Falls;18259;1;0
Broadmoor.com-0073-2016Redesign;en-US;/The-Resort;16724;1;0
Degreerestaurant.com-0056-2015Redesign;en-US;/Home;11598;1;0
Bluebirch.com-0072-2016Redesign;en-US;/Home;16693;1;0
Thecurtis.com-0079-2016Redesign;en-US;/Home;17981;1;0
Glencovemansion.com-0058-2015Redesign;en-US;/Home;13328;1;0
Meateatery.com-0080-2016Redesign;en-US;/;18505;1;0
Hhotellosangeles.com-0118-2017Redesign;en-US;/Home;35289;1;0
Theoxfordhotel.com-0062-2015Redesign;en-US;/Home;14325;1;0
Thecrawfordhotel.com-0074-2016Redesign;en-US;/Home;17145;1;0
Oxfordclubspa.com-0068-2016Redesign;en-US;/Home;15568;1;0
Texturefoodanddrink.com-0067-2016Redesign;en-US;/Home;15452;1;0
Assuranceoperations.com-0065-2015Redesign;en-US;/Home;15263;1;0
Bocatrans.com-0082-2016Redesign;en-US;/Home;19758;1;0
Washingtoncourthotel.com-0076-2016Redesign;en-US;/Home;17858;1;0
Beverlyhillsresidenceinn.com-0087-2016Redesign;en-US;/Home;20999;1;0
Homewoodsuiteslax.com-0110-2017Redesign;en-US;/Home;30747;1;0
Galthouse.com-0042-2015Redesign;en-US;/failovercheck;38060;1;0
Chrco.com-0107-2017Redesign;en-US;/Home;29280;1;0
Theharborsidehotel.com-0114-2017Redesign;en-US;/failovercheck;40403;1;0
Treasureislandbeachresort.com-0089-2016Redesign;en-US;/failovercheck;38057;1;0
Edgewaternaples.com-0094-2016Redesign;en-US;/failovercheck;38051;1;0
Opalsands.com-0084-2016Redesign;en-US;/failovercheck;38055;1;0
Luxehotels.com-0078-2016Redesign;en-US;/Home;18805;1;0
Naiaresortandspa.com-0077-2016Redesign;en-US;/home;20455;1;0
Sandylane.com-0075-2016Redesign;en-US;/Home;17611;1;0
Abbingtonbanquets.com-0070-2016Redesign;en-US;/Home;15789;1;0
Zotabeachresort.com-0090-2016Redesign;en-US;/failovercheck;38058;1;0
Jbdukehotel.com-0086-2016Redesign;en-US;/Home;21918;1;0
Jupiterbeachresort.com-0103-2017Redesign;en-US;/failovercheck;38052;1;0
Halcyonhotelcherrycreek.com-0061-2015Redesign;en-US;/Home;22121;1;0
Lakeplacidlodge.com-0105-2017Redesign;en-US;/failovercheck;39238;1;0
Samosetresort.com-0113-2017Redesign;en-US;/failovercheck;40334;1;0
Casaybelresort.com-0002-2014Redesign;en-US;/About-Us/Web-Cam;1613;1;0
wentworthcom00212014redesign;en-US;/new-castle-spa;4250;1;0
Passport.lehotels.com-0069-2016BlogRedesign;en-US;/failovercheck;41068;1;0
Thelodgeatwoodloch.com-0033-2015Redesign;en-US;/Experience/Activities/Summer-Seasonal-Activity-Highlights;15817;1;0
Hospitalityupgrade.com-0093-2016Redesign;en-US;/Home;25405;1;0
Edgewaternaples.com-0094-2016Redesign;en-US;/Home;25239;1;0
Cendyn.com-0095-2016Redesign;en-US;/Home;26640;1;0
Cendyn.com-0095-2016Redesign;en-US;/Home;26640;1;0
Cendyn.com-0095-2016Redesign;en-US;/Home;26640;1;0
Cendyn.com-0095-2016Redesign;en-US;/Home;26640;1;0
Broadmoor.com-0073-2016Redesign;en-US;/Special-Packages/Romance-Packages;17449;1;0
Broadmoor.com-0073-2016Redesign;en-US;/Broadmoor-Adventures/Seven-Falls;18259;1;0
Opalsands.com-0084-2016Redesign;en-US;/Home;20171;1;0
Broadmoor.com-0073-2016Redesign;en-US;/Media-Gallery;17269;1;0
Thecurtis.com-0079-2016Redesign;en-US;/Home;17981;1;0
Cphollywoodbeach.com-0032-2015Redesign;en-US;/Gallery/Web-Cam;7831;1;0
Napavalleymarriott.com-0071-2016Redesign;en-US;/Home;16432;1;0
Lidobeachresort.com-0106-2017Redesign;en-US;/failovercheck;38053;1;0
Thesagamore.com-0112-2017Redesign;en-US;/failovercheck;39241;1;0
Longboatkeyclub.com-0104-2017Redesign;en-US;/failovercheck;38054;1;0
Thesagamore.com-0112-2017Redesign;en-US;/Special-Offers/adkballoon;41020;1;0
Broadmoor.com-0073-2016Redesign;en-US;/Activities;16760;1;0
Cendyn.com-0095-2016Redesign;en-US;/Home;26640;1;0
saddlebrook.com-0011-2014Redesign;en-US;/Tennis;3453;1;0
Opalsands.com-0084-2016Redesign;en-US;/Home;20171;1;0
Broadmoor.com-0073-2016Redesign;en-US;/failovercheck;38059;1;0
Sandpearl.com-0091-2016Redesign;en-US;/failovercheck;38056;1;0
Delraysandsresort.com-0097-2016Redesign;en-US;/failovercheck;38049;1;0
Edgewaternaples.com-0094-2016Redesign;en-US;/Home;25239;1;0
Monarchbeachresort.com-0092-2016Redesign;en-US;/Home;22725;1;0
Edgewaternaples.com-0094-2016Redesign;en-US;/Home;25239;1;0
Broadmoor.com-0073-2016Redesign;en-US;/Home;16721;1;0
Broadmoor.com-0073-2016Redesign;en-US;/Home;16721;1;0
Galthouse.com-0042-2015Redesign;en-US;/louisville-hotel-vacation-packages/Urban-Bourbon-Package;10923;1;0
Broadmoor.com-0073-2016Redesign;en-US;/Special-Packages/Seasonal-Packages/Spectacular-Winter-Savings;22720;1;0
Meateatery.com-0080-2016Redesign;en-US;/;18505;1;0
Degreerestaurant.com-0056-2015Redesign;en-US;/Home;11598;1;0
Hhotellosangeles.com-0118-2017Redesign;en-US;/Home;35289;1;0
Thecurtis.com-0079-2016Redesign;en-US;/Home;17981;1;0
Theoxfordhotel.com-0062-2015Redesign;en-US;/Home;14325;1;0
Assuranceoperations.com-0065-2015Redesign;en-US;/Home;15263;1;0
Bocatrans.com-0082-2016Redesign;en-US;/Home;19758;1;0
Beverlyhillsresidenceinn.com-0087-2016Redesign;en-US;/Home;20999;1;0
Samosetresort.com-0113-2017Redesign;en-US;/failovercheck;40334;1;0
Lakeplacidlodge.com-0105-2017Redesign;en-US;/Home;28545;1;0
Bluebirch.com-0072-2016Redesign;en-US;/Home;16693;1;0
Thecrawfordhotel.com-0074-2016Redesign;en-US;/Home;17145;1;0
Washingtoncourthotel.com-0076-2016Redesign;en-US;/Home;17858;1;0
Oxfordclubspa.com-0068-2016Redesign;en-US;/Home;15568;1;0
Glencovemansion.com-0058-2015Redesign;en-US;/Home;13328;1;0
Homewoodsuiteslax.com-0110-2017Redesign;en-US;/Home;30747;1;0
Jbdukehotel.com-0086-2016Redesign;en-US;/Home;21918;1;0
Galthouse.com-0042-2015Redesign;en-US;/failovercheck;38060;1;0
Abbingtonbanquets.com-0070-2016Redesign;en-US;/Home;15789;1;0
Opalsands.com-0084-2016Redesign;en-US;/failovercheck;38055;1;0
Sandylane.com-0075-2016Redesign;en-US;/Home;17611;1;0
Edgewaternaples.com-0094-2016Redesign;en-US;/failovercheck;38051;1;0
Chrco.com-0107-2017Redesign;en-US;/Home;29280;1;0
Halcyonhotelcherrycreek.com-0061-2015Redesign;en-US;/Home;22121;1;0
Texturefoodanddrink.com-0067-2016Redesign;en-US;/Home;15452;1;0
Theharborsidehotel.com-0114-2017Redesign;en-US;/failovercheck;40403;1;0
Luxehotels.com-0078-2016Redesign;en-US;/Home;18805;1;0
Treasureislandbeachresort.com-0089-2016Redesign;en-US;/failovercheck;38057;1;0
Zotabeachresort.com-0090-2016Redesign;en-US;/failovercheck;38058;1;0
Naiaresortandspa.com-0077-2016Redesign;en-US;/home;20455;1;0
Lakeplacidlodge.com-0105-2017Redesign;en-US;/failovercheck;39238;1;0
Jupiterbeachresort.com-0103-2017Redesign;en-US;/failovercheck;38052;1;0
Luxehotels.com-0078-2016Redesign;en-US;/Home;18805;1;0
Lakeplacidlodge.com-0105-2017Redesign;en-US;/Home;28545;1;0
Luxehotels.com-0078-2016Redesign;en-US;/Our-Hotels/Luxe-Sunset-Boulevard-Hotel;18833;1;0
Broadmoor.com-0073-2016Redesign;en-US;/Home;16721;1;0
Monarchbeachresort.com-0092-2016Redesign;en-US;/Home;22725;1;0
Broadmoor.com-0073-2016Redesign;en-US;/Home;16721;1;0
Passport.lehotels.com-0069-2016BlogRedesign;en-US;/failovercheck;41068;1;0
Hospitalityupgrade.com-0093-2016Redesign;en-US;/Home;25405;1;0
Cendyn.com-0095-2016Redesign;en-US;/Home;26640;1;0
Chrco.com-0107-2017Redesign;en-US;/Crescent-Advantage/Leadership;29434;1;0
Secretharbourvi.com-0040-2015Redesign;en-US;/Home;9231;1;0
Cendyn.com-0095-2016Redesign;en-US;/Home;26640;1;0
Cendyn.com-0095-2016Redesign;en-US;/Home;26640;1;0
Cendyn.com-0095-2016Redesign;en-US;/Home;26640;1;0
Broadmoor.com-0073-2016Redesign;en-US;/Dining/Ristorante-Del-Lago;16764;1;0
Thesagamore.com-0112-2017Redesign;en-US;/Accommodations/Lodge-Rooms-and-Suites;33922;1;0
Washingtoncourthotel.com-0076-2016Redesign;en-US;/washington-dc-hotel-dining;17933;1;0
Napavalleymarriott.com-0071-2016Redesign;en-US;/Home;16432;1;0
Thesagamore.com-0112-2017Redesign;en-US;/failovercheck;39241;1;0
Lidobeachresort.com-0106-2017Redesign;en-US;/failovercheck;38053;1;0
Longboatkeyclub.com-0104-2017Redesign;en-US;/failovercheck;38054;1;0
Glencovemansion.com-0058-2015Redesign;en-US;/Home;13328;1;0
Casaybelresort.com-0002-2014Redesign;en-US;/Home;1533;1;0
Thesagamore.com-0112-2017Redesign;en-US;/Home;32339;1;0
Glencovemansion.com-0058-2015Redesign;en-US;/Home;13328;1;0
Cendyn.com-0095-2016Redesign;en-US;/Home;26640;1;0
Broadmoor.com-0073-2016Redesign;en-US;/failovercheck;38059;1;0
Monarchbeachresort.com-0092-2016Redesign;en-US;/Home;22725;1;0
Sandpearl.com-0091-2016Redesign;en-US;/failovercheck;38056;1;0
Thecurtis.com-0079-2016Redesign;en-US;/Gallery;19041;1;0
Luxehotels.com-0078-2016Redesign;en-US;/Our-Hotels/Luxe-Sunset-Boulevard-Hotel/Special-Offers;19329;1;0
Delraysandsresort.com-0097-2016Redesign;en-US;/failovercheck;38049;1;0
Thesagamore.com-0112-2017Redesign;en-US;/Dining/Pavilion;33473;1;0
Galthouse.com-0042-2015Redesign;en-US;/Home;31905;1;0
