Delraysandsresort.com-0097-2016Redesign;en-US;/failovercheck;38049;1;0
Lidobeachresort.com-0106-2017Redesign;en-US;/Home;28666;1;0
Cendyn.com-0095-2016Redesign;en-US;/Home;26640;1;0
Thelodgeatwoodloch.com-0033-2015Redesign;en-US;/Home;7764;1;0
Montaukyachtclub.com-0010-2014Redesign;en-US;/Specials-Packages;2436;1;0
Sandylane.com-0075-2016Redesign;en-US;/Home;17611;1;0
Casaybelresort.com-0002-2014Redesign;en-US;/About-Us/Web-Cam;1613;1;0
Glencovemansion.com-0058-2015Redesign;en-US;/Home;13328;1;0
Sandpearl.com-0091-2016Redesign;en-US;/failovercheck;38056;1;0
saddlebrook.com-0011-2014Redesign;en-US;/Home;3385;1;0
Monarchbeachresort.com-0092-2016Redesign;en-US;/dana-point-dining;22865;1;0
Oxfordclubspa.com-0068-2016Redesign;en-US;/Home;15568;1;0
Bluebirch.com-0072-2016Redesign;en-US;/Home;16693;1;0
Hhotellosangeles.com-0118-2017Redesign;en-US;/Home;35289;1;0
Glencovemansion.com-0058-2015Redesign;en-US;/Home;13328;1;0
Zotabeachresort.com-0090-2016Redesign;en-US;/failovercheck;38058;1;0
Theoxfordhotel.com-0062-2015Redesign;en-US;/Home;14325;1;0
Degreerestaurant.com-0056-2015Redesign;en-US;/Home;11598;1;0
Thecrawfordhotel.com-0074-2016Redesign;en-US;/Home;17145;1;0
Texturefoodanddrink.com-0067-2016Redesign;en-US;/Home;15452;1;0
Assuranceoperations.com-0065-2015Redesign;en-US;/Home;15263;1;0
Meateatery.com-0080-2016Redesign;en-US;/;18505;1;0
Thecurtis.com-0079-2016Redesign;en-US;/Home;17981;1;0
Halcyonhotelcherrycreek.com-0061-2015Redesign;en-US;/Home;22121;1;0
Bocatrans.com-0082-2016Redesign;en-US;/Home;19758;1;0
Washingtoncourthotel.com-0076-2016Redesign;en-US;/Home;17858;1;0
Cendyn.com-0095-2016Redesign;en-US;/Home;26640;1;0
Homewoodsuiteslax.com-0110-2017Redesign;en-US;/Home;30747;1;0
Jbdukehotel.com-0086-2016Redesign;en-US;/Home;21918;1;0
Treasureislandbeachresort.com-0089-2016Redesign;en-US;/failovercheck;38057;1;0
Lakeplacidlodge.com-0105-2017Redesign;en-US;/failovercheck;39238;1;0
Abbingtonbanquets.com-0070-2016Redesign;en-US;/Home;15789;1;0
Naiaresortandspa.com-0077-2016Redesign;en-US;/home;20455;1;0
Luxehotels.com-0078-2016Redesign;en-US;/Home;18805;1;0
Beverlyhillsresidenceinn.com-0087-2016Redesign;en-US;/Home;20999;1;0
Galthouse.com-0042-2015Redesign;en-US;/failovercheck;38060;1;0
Sandylane.com-0075-2016Redesign;en-US;/Home;17611;1;0
Opalsands.com-0084-2016Redesign;en-US;/failovercheck;38055;1;0
Chrco.com-0107-2017Redesign;en-US;/Home;29280;1;0
Samosetresort.com-0113-2017Redesign;en-US;/failovercheck;40334;1;0
Jupiterbeachresort.com-0103-2017Redesign;en-US;/failovercheck;38052;1;0
Theharborsidehotel.com-0114-2017Redesign;en-US;/failovercheck;40403;1;0
Edgewaternaples.com-0094-2016Redesign;en-US;/failovercheck;38051;1;0
Hospitalityupgrade.com-0093-2016Redesign;en-US;/Home;25405;1;0
Broadmoor.com-0073-2016Redesign;en-US;/The-Resort;16724;1;0
Broadmoor.com-0073-2016Redesign;en-US;/failovercheck;38059;1;0
Napavalleymarriott.com-0071-2016Redesign;en-US;/Home;16432;1;0
Passport.lehotels.com-0069-2016BlogRedesign;en-US;/failovercheck;41068;1;0
Longboatkeyclub.com-0104-2017Redesign;en-US;/failovercheck;38054;1;0
Lidobeachresort.com-0106-2017Redesign;en-US;/failovercheck;38053;1;0
Thesagamore.com-0112-2017Redesign;en-US;/failovercheck;39241;1;0
Cendyn.com-0095-2016Redesign;en-US;/Home;26640;1;0
Cendyn.com-0095-2016Redesign;en-US;/Home;26640;1;0
Lehotels.com-0049-2015Transfer;en-US;/Search/North-America/Penn-s-View-Hotel/Rooms-Amenities;12991;1;0
Cendyn.com-0095-2016Redesign;en-US;/Home;26640;1;0
Cocokeyorlando.com-0059-2015Redesign;en-US;/Home;12394;1;0
Jupiterbeachresort.com-0103-2017Redesign;en-US;/Home;28158;1;0
Cendyn.com-0095-2016Redesign;en-US;/Home;26640;1;0
Jupiterbeachresort.com-0103-2017Redesign;en-US;/Home;28158;1;0
Delraysandsresort.com-0097-2016Redesign;en-US;/failovercheck;38049;1;0
Thesagamore.com-0112-2017Redesign;en-US;/Winter;33357;1;0
Longboatkeyclub.com-0104-2017Redesign;en-US;/404;35641;1;0
Jupiterbeachresort.com-0103-2017Redesign;en-US;/Home;28158;1;0
Montaukyachtclub.com-0010-2014Redesign;en-US;/Specials-Packages;2436;1;0
Lehotels.com-0049-2015Transfer;en-US;/Search/North-America/Deerhurst-Resort/Special-Offers/Unlimited-Golf-Stay-and-Play-Deerhurst-Highlands-(;13019;1;0
Broadmoor.com-0073-2016Redesign;en-US;/The-Resort;16724;1;0
Sandpearl.com-0091-2016Redesign;en-US;/failovercheck;38056;1;0
Longboatkeyclub.com-0104-2017Redesign;en-US;/Home;28316;1;0
Cendyn.com-0095-2016Redesign;en-US;/Home;26640;1;0
Samosetresort.com-0113-2017Redesign;en-US;/Home;32541;1;0
Bluebirch.com-0072-2016Redesign;en-US;/Home;16693;1;0
Oxfordclubspa.com-0068-2016Redesign;en-US;/Home;15568;1;0
Assuranceoperations.com-0065-2015Redesign;en-US;/Home;15263;1;0
Degreerestaurant.com-0056-2015Redesign;en-US;/Home;11598;1;0
Hhotellosangeles.com-0118-2017Redesign;en-US;/Home;35289;1;0
Abbingtonbanquets.com-0070-2016Redesign;en-US;/Home;15789;1;0
Thecurtis.com-0079-2016Redesign;en-US;/Home;17981;1;0
Zotabeachresort.com-0090-2016Redesign;en-US;/failovercheck;38058;1;0
Lakeplacidlodge.com-0105-2017Redesign;en-US;/failovercheck;39238;1;0
Jbdukehotel.com-0086-2016Redesign;en-US;/Home;21918;1;0
Washingtoncourthotel.com-0076-2016Redesign;en-US;/Home;17858;1;0
Luxehotels.com-0078-2016Redesign;en-US;/Home;18805;1;0
Galthouse.com-0042-2015Redesign;en-US;/failovercheck;38060;1;0
Theharborsidehotel.com-0114-2017Redesign;en-US;/failovercheck;40403;1;0
Bocatrans.com-0082-2016Redesign;en-US;/Home;19758;1;0
Theoxfordhotel.com-0062-2015Redesign;en-US;/Home;14325;1;0
Homewoodsuiteslax.com-0110-2017Redesign;en-US;/Home;30747;1;0
Treasureislandbeachresort.com-0089-2016Redesign;en-US;/failovercheck;38057;1;0
Beverlyhillsresidenceinn.com-0087-2016Redesign;en-US;/Home;20999;1;0
Texturefoodanddrink.com-0067-2016Redesign;en-US;/Home;15452;1;0
Glencovemansion.com-0058-2015Redesign;en-US;/Home;13328;1;0
Thecrawfordhotel.com-0074-2016Redesign;en-US;/Home;17145;1;0
Halcyonhotelcherrycreek.com-0061-2015Redesign;en-US;/Home;22121;1;0
Meateatery.com-0080-2016Redesign;en-US;/;18505;1;0
Cendyn.com-0095-2016Redesign;en-US;/Home;26640;1;0
Sandylane.com-0075-2016Redesign;en-US;/Home;17611;1;0
Chrco.com-0107-2017Redesign;en-US;/Home;29280;1;0
Naiaresortandspa.com-0077-2016Redesign;en-US;/home;20455;1;0
Opalsands.com-0084-2016Redesign;en-US;/failovercheck;38055;1;0
Cphollywoodbeach.com-0032-2015Redesign;en-US;/Gallery/Web-Cam;7831;1;0
Jupiterbeachresort.com-0103-2017Redesign;en-US;/failovercheck;38052;1;0
Samosetresort.com-0113-2017Redesign;en-US;/failovercheck;40334;1;0
Edgewaternaples.com-0094-2016Redesign;en-US;/failovercheck;38051;1;0
Washingtondukeinn.com-0024-2014Redesign;en-US;/Durham-Accommodations;4579;1;0
Cendyn.com-0095-2016Redesign;en-US;/Home;26640;1;0
Broadmoor.com-0073-2016Redesign;en-US;/The-Wilderness-Experiences;16728;1;0
Hospitalityupgrade.com-0093-2016Redesign;en-US;/Home;25405;1;0
Jupiterbeachresort.com-0103-2017Redesign;en-US;/Home;28158;1;0
Lidobeachresort.com-0106-2017Redesign;en-US;/Home;28666;1;0
Unionstationhotelnashville.com-0047-2015Redesign;en-US;/Home;32226;1;0
Renaissancepittsburghpa.com-0044-2015Redesign;en-US;/Our-Pittsburgh-Hotel/Location-Directions;9681;1;0
Broadmoor.com-0073-2016Redesign;en-US;/failovercheck;38059;1;0
Passport.lehotels.com-0069-2016BlogRedesign;en-US;/failovercheck;41068;1;0
Napavalleymarriott.com-0071-2016Redesign;en-US;/Home;16432;1;0
Thesagamore.com-0112-2017Redesign;en-US;/failovercheck;39241;1;0
Longboatkeyclub.com-0104-2017Redesign;en-US;/failovercheck;38054;1;0
Broadmoor.com-0073-2016Redesign;en-US;/Broadmoor-Adventures/Seven-Falls;18259;1;0
Lidobeachresort.com-0106-2017Redesign;en-US;/failovercheck;38053;1;0
Cendyn.com-0095-2016Redesign;en-US;/Home;26640;1;0
Cendyn.com-0095-2016Redesign;en-US;/Home;26640;1;0
Cendyn.com-0095-2016Redesign;en-US;/Home;26640;1;0
Cendyn.com-0095-2016Redesign;en-US;/Home;26640;1;0
Samosetresort.com-0113-2017Redesign;en-US;/Home;32541;1;0
Cendyn.com-0095-2016Redesign;en-US;/Home;26640;1;0
Lehotels.com-0049-2015Transfer;en-US;/Search/North-America/Horseshoe-Resort/Hotel-Overview;13795;1;0
Delraysandsresort.com-0097-2016Redesign;en-US;/failovercheck;38049;1;0
Renaissancepittsburghpa.com-0044-2015Redesign;en-US;/Weddings-Events;9655;1;0
Hi-nyc.com-0108-2017Redesogm;en-US;/Home;30080;1;0
Lidobeachresort.com-0106-2017Redesign;en-US;/Home;28666;1;0
Thelodgeatwoodloch.com-0033-2015Redesign;en-US;/Home;7764;1;0
saddlebrook.com-0011-2014Redesign;en-US;/Special-Offers/Golf-Offers/Preferred-Golfers-Package;4928;1;0
Broadmoor.com-0073-2016Redesign;en-US;/Home;16721;1;0
Springhillsuitesdenver.com-0060-2015Redesign;en-US;/Home;12307;1;0
Sandpearl.com-0091-2016Redesign;en-US;/failovercheck;38056;1;0
Thelodgeatwoodloch.com-0033-2015Redesign;en-US;/Home;7764;1;0
Cocokeyorlando.com-0059-2015Redesign;en-US;/Home;12394;1;0
Monarchbeachresort.com-0092-2016Redesign;en-US;/membership/resort;22978;1;0
Bluebirch.com-0072-2016Redesign;en-US;/Home;16693;1;0
Thecurtis.com-0079-2016Redesign;en-US;/Home;17981;1;0
Hhotellosangeles.com-0118-2017Redesign;en-US;/Home;35289;1;0
Degreerestaurant.com-0056-2015Redesign;en-US;/Home;11598;1;0
Zotabeachresort.com-0090-2016Redesign;en-US;/failovercheck;38058;1;0
Meateatery.com-0080-2016Redesign;en-US;/;18505;1;0
Glencovemansion.com-0058-2015Redesign;en-US;/Home;13328;1;0
Galthouse.com-0042-2015Redesign;en-US;/failovercheck;38060;1;0
Assuranceoperations.com-0065-2015Redesign;en-US;/Home;15263;1;0
Bocatrans.com-0082-2016Redesign;en-US;/Home;19758;1;0
Thecrawfordhotel.com-0074-2016Redesign;en-US;/Home;17145;1;0
Texturefoodanddrink.com-0067-2016Redesign;en-US;/Home;15452;1;0
Washingtoncourthotel.com-0076-2016Redesign;en-US;/Home;17858;1;0
Jbdukehotel.com-0086-2016Redesign;en-US;/Home;21918;1;0
Oxfordclubspa.com-0068-2016Redesign;en-US;/Home;15568;1;0
Naiaresortandspa.com-0077-2016Redesign;en-US;/home;20455;1;0
Edgewaternaples.com-0094-2016Redesign;en-US;/failovercheck;38051;1;0
Samosetresort.com-0113-2017Redesign;en-US;/failovercheck;40334;1;0
Chrco.com-0107-2017Redesign;en-US;/Home;29280;1;0
Sandylane.com-0075-2016Redesign;en-US;/Home;17611;1;0
Theoxfordhotel.com-0062-2015Redesign;en-US;/Home;14325;1;0
Treasureislandbeachresort.com-0089-2016Redesign;en-US;/failovercheck;38057;1;0
Homewoodsuiteslax.com-0110-2017Redesign;en-US;/Home;30747;1;0
Abbingtonbanquets.com-0070-2016Redesign;en-US;/Home;15789;1;0
Halcyonhotelcherrycreek.com-0061-2015Redesign;en-US;/Home;22121;1;0
Luxehotels.com-0078-2016Redesign;en-US;/Home;18805;1;0
Beverlyhillsresidenceinn.com-0087-2016Redesign;en-US;/Home;20999;1;0
Lakeplacidlodge.com-0105-2017Redesign;en-US;/failovercheck;39238;1;0
Theharborsidehotel.com-0114-2017Redesign;en-US;/failovercheck;40403;1;0
Opalsands.com-0084-2016Redesign;en-US;/failovercheck;38055;1;0
Jupiterbeachresort.com-0103-2017Redesign;en-US;/failovercheck;38052;1;0
Cendyn.com-0095-2016Redesign;en-US;/Home;26640;1;0
Sandylane.com-0075-2016Redesign;en-US;/barbados-golf/green-monkey-golf-course;17684;1;0
Hi-nyc.com-0108-2017Redesogm;en-US;/Home;30080;1;0
saddlebrook.com-0011-2014Redesign;en-US;/Golf;3452;1;0
Opalsands.com-0084-2016Redesign;en-US;/Home;20171;1;0
Hospitalityupgrade.com-0093-2016Redesign;en-US;/Home;25405;1;0
Broadmoor.com-0073-2016Redesign;en-US;/failovercheck;38059;1;0
Opalsands.com-0084-2016Redesign;en-US;/Home;20171;1;0
Napavalleymarriott.com-0071-2016Redesign;en-US;/Home;16432;1;0
Lidobeachresort.com-0106-2017Redesign;en-US;/failovercheck;38053;1;0
Thesagamore.com-0112-2017Redesign;en-US;/failovercheck;39241;1;0
Luxehotels.com-0078-2016Redesign;en-US;/Our-Hotels/Luxe-Sunset-Boulevard-Hotel;18833;1;0
Longboatkeyclub.com-0104-2017Redesign;en-US;/failovercheck;38054;1;0
Passport.lehotels.com-0069-2016BlogRedesign;en-US;/failovercheck;41068;1;0
Cendyn.com-0095-2016Redesign;en-US;/Home;26640;1;0
Cendyn.com-0095-2016Redesign;en-US;/Home;26640;1;0
Cendyn.com-0095-2016Redesign;en-US;/Home;26640;1;0
Cendyn.com-0095-2016Redesign;en-US;/Home;26640;1;0
Theloganhotel.com-0043-2015Redesign;en-US;/Philadelphia-Hotel-Vacation-Packages;14514;1;0
Lehotels.com-0049-2015Transfer;en-US;/Search/Europe/Old-Ground-Hotel/Rooms-Amenities;13878;1;0
Delraysandsresort.com-0097-2016Redesign;en-US;/failovercheck;38049;1;0
Lehotels.com-0049-2015Transfer;en-US;/Search/Asia-the-Pacific/Baolilai-International-Hotel/Meetings-and-Events;12827;1;0
Thecurtis.com-0079-2016Redesign;en-US;/Contact-Us;18486;1;0
Thelodgeatwoodloch.com-0033-2015Redesign;en-US;/Home;7764;1;0
Hospitalityupgrade.com-0093-2016Redesign;en-US;/Tech-Providers/Tech-Provider-Details-Redirect;39355;1;0
Sandpearl.com-0091-2016Redesign;en-US;/failovercheck;38056;1;0
Sandylane.com-0075-2016Redesign;en-US;/Home;17611;1;0
Samosetresort.com-0113-2017Redesign;en-US;/Accommodations/Guest-Rooms;35127;1;0
Halcyonhotelcherrycreek.com-0061-2015Redesign;en-US;/Home;22121;1;0
Samosetresort.com-0113-2017Redesign;en-US;/Home;32541;1;0
Bluebirch.com-0072-2016Redesign;en-US;/Home;16693;1;0
Degreerestaurant.com-0056-2015Redesign;en-US;/Home;11598;1;0
Glencovemansion.com-0058-2015Redesign;en-US;/Home;13328;1;0
Chrco.com-0107-2017Redesign;en-US;/Home;29280;1;0
Thecurtis.com-0079-2016Redesign;en-US;/Home;17981;1;0
Meateatery.com-0080-2016Redesign;en-US;/;18505;1;0
Texturefoodanddrink.com-0067-2016Redesign;en-US;/Home;15452;1;0
Cendyn.com-0095-2016Redesign;en-US;/Home;26640;1;0
Hhotellosangeles.com-0118-2017Redesign;en-US;/Home;35289;1;0
Hospitalityupgrade.com-0093-2016Redesign;en-US;/Tech-Providers/Tech-Provider-Details;31876;1;0
Theoxfordhotel.com-0062-2015Redesign;en-US;/Home;14325;1;0
Glencovemansion.com-0058-2015Redesign;en-US;/Home;13328;1;0
Bocatrans.com-0082-2016Redesign;en-US;/Home;19758;1;0
Assuranceoperations.com-0065-2015Redesign;en-US;/Home;15263;1;0
Thecrawfordhotel.com-0074-2016Redesign;en-US;/Home;17145;1;0
Washingtoncourthotel.com-0076-2016Redesign;en-US;/Home;17858;1;0
Jbdukehotel.com-0086-2016Redesign;en-US;/Home;21918;1;0
Abbingtonbanquets.com-0070-2016Redesign;en-US;/Home;15789;1;0
Naiaresortandspa.com-0077-2016Redesign;en-US;/home;20455;1;0
Oxfordclubspa.com-0068-2016Redesign;en-US;/Home;15568;1;0
Beverlyhillsresidenceinn.com-0087-2016Redesign;en-US;/Home;20999;1;0
Homewoodsuiteslax.com-0110-2017Redesign;en-US;/Home;30747;1;0
Luxehotels.com-0078-2016Redesign;en-US;/Home;18805;1;0
Treasureislandbeachresort.com-0089-2016Redesign;en-US;/failovercheck;38057;1;0
Opalsands.com-0084-2016Redesign;en-US;/failovercheck;38055;1;0
Galthouse.com-0042-2015Redesign;en-US;/failovercheck;38060;1;0
Sandylane.com-0075-2016Redesign;en-US;/Home;17611;1;0
Edgewaternaples.com-0094-2016Redesign;en-US;/failovercheck;38051;1;0
Samosetresort.com-0113-2017Redesign;en-US;/failovercheck;40334;1;0
Theharborsidehotel.com-0114-2017Redesign;en-US;/failovercheck;40403;1;0
Halcyonhotelcherrycreek.com-0061-2015Redesign;en-US;/Home;22121;1;0
Halcyonhotelcherrycreek.com-0061-2015Redesign;en-US;/Home;22121;1;0
Zotabeachresort.com-0090-2016Redesign;en-US;/failovercheck;38058;1;0
Jupiterbeachresort.com-0103-2017Redesign;en-US;/failovercheck;38052;1;0
Lakeplacidlodge.com-0105-2017Redesign;en-US;/failovercheck;39238;1;0
Theoxfordhotel.com-0062-2015Redesign;en-US;/Home;14325;1;0
Hospitalityupgrade.com-0093-2016Redesign;en-US;/Home;25405;1;0
Samosetresort.com-0113-2017Redesign;en-US;/Home;32541;1;0
Passport.lehotels.com-0069-2016BlogRedesign;en-US;/failovercheck;41068;1;0
Thesagamore.com-0112-2017Redesign;en-US;/Accommodations/Lodge-Rooms-and-Suites;33922;1;0
Lidobeachresort.com-0106-2017Redesign;en-US;/failovercheck;38053;1;0
Napavalleymarriott.com-0071-2016Redesign;en-US;/Home;16432;1;0
Longboatkeyclub.com-0104-2017Redesign;en-US;/failovercheck;38054;1;0
Thesagamore.com-0112-2017Redesign;en-US;/failovercheck;39241;1;0
Thesagamore.com-0112-2017Redesign;en-US;/Home;32339;1;0
Broadmoor.com-0073-2016Redesign;en-US;/failovercheck;38059;1;0
Cendyn.com-0095-2016Redesign;en-US;/Home;26640;1;0
Lehotels.com-0049-2015Transfer;en-US;/Home;12108;1;0
Cendyn.com-0095-2016Redesign;en-US;/Home;26640;1;0
Cendyn.com-0095-2016Redesign;en-US;/Home;26640;1;0
Thesagamore.com-0112-2017Redesign;en-US;/Accommodations/Lodge-Rooms-and-Suites;33922;1;0
Cendyn.com-0095-2016Redesign;en-US;/Home;26640;1;0
Lehotels.com-0049-2015Transfer;en-US;/Search/Europe/Hotel-La-Tartane-Saint-Amour/Local-Area;13668;1;0
Delraysandsresort.com-0097-2016Redesign;en-US;/failovercheck;38049;1;0
Broadmoor.com-0073-2016Redesign;en-US;/Broadmoor-Adventures/Seven-Falls/Seven-Falls-Things-To-Do;21233;1;0
Sandpearl.com-0091-2016Redesign;en-US;/failovercheck;38056;1;0
Courtyardportlandcitycenter.com-0063-2015Redesign;en-US;/Home;14545;1;0
Courtyardportlandcitycenter.com-0063-2015Redesign;en-US;/Home;14545;1;0
Degreerestaurant.com-0056-2015Redesign;en-US;/Home;11598;1;0
Texturefoodanddrink.com-0067-2016Redesign;en-US;/Home;15452;1;0
Glencovemansion.com-0058-2015Redesign;en-US;/Home;13328;1;0
Hhotellosangeles.com-0118-2017Redesign;en-US;/Home;35289;1;0
Homewoodsuiteslax.com-0110-2017Redesign;en-US;/Home;30747;1;0
Chrco.com-0107-2017Redesign;en-US;/Home;29280;1;0
Zotabeachresort.com-0090-2016Redesign;en-US;/failovercheck;38058;1;0
Bluebirch.com-0072-2016Redesign;en-US;/Home;16693;1;0
Meateatery.com-0080-2016Redesign;en-US;/;18505;1;0
Thecurtis.com-0079-2016Redesign;en-US;/Home;17981;1;0
Thecrawfordhotel.com-0074-2016Redesign;en-US;/Home;17145;1;0
Assuranceoperations.com-0065-2015Redesign;en-US;/Home;15263;1;0
Washingtoncourthotel.com-0076-2016Redesign;en-US;/Home;17858;1;0
Oxfordclubspa.com-0068-2016Redesign;en-US;/Home;15568;1;0
Sandylane.com-0075-2016Redesign;en-US;/Home;17611;1;0
Beverlyhillsresidenceinn.com-0087-2016Redesign;en-US;/Home;20999;1;0
Treasureislandbeachresort.com-0089-2016Redesign;en-US;/failovercheck;38057;1;0
Cendyn.com-0095-2016Redesign;en-US;/Home;26640;1;0
Galthouse.com-0042-2015Redesign;en-US;/failovercheck;38060;1;0
Jbdukehotel.com-0086-2016Redesign;en-US;/Home;21918;1;0
Jupiterbeachresort.com-0103-2017Redesign;en-US;/failovercheck;38052;1;0
Edgewaternaples.com-0094-2016Redesign;en-US;/failovercheck;38051;1;0
Bocatrans.com-0082-2016Redesign;en-US;/Home;19758;1;0
Naiaresortandspa.com-0077-2016Redesign;en-US;/home;20455;1;0
Abbingtonbanquets.com-0070-2016Redesign;en-US;/Home;15789;1;0
Lakeplacidlodge.com-0105-2017Redesign;en-US;/failovercheck;39238;1;0
Theoxfordhotel.com-0062-2015Redesign;en-US;/Home;14325;1;0
Halcyonhotelcherrycreek.com-0061-2015Redesign;en-US;/Home;22121;1;0
Theharborsidehotel.com-0114-2017Redesign;en-US;/failovercheck;40403;1;0
Opalsands.com-0084-2016Redesign;en-US;/failovercheck;38055;1;0
Samosetresort.com-0113-2017Redesign;en-US;/failovercheck;40334;1;0
Thecrawfordhotel.com-0074-2016Redesign;en-US;/Union-Station/transportation;17185;1;0
Luxehotels.com-0078-2016Redesign;en-US;/Home;18805;1;0
Hospitalityupgrade.com-0093-2016Redesign;en-US;/Home;25405;1;0
Broadmoor.com-0073-2016Redesign;en-US;/failovercheck;38059;1;0
Passport.lehotels.com-0069-2016BlogRedesign;en-US;/failovercheck;41068;1;0
Napavalleymarriott.com-0071-2016Redesign;en-US;/Home;16432;1;0
Lidobeachresort.com-0106-2017Redesign;en-US;/failovercheck;38053;1;0
Thesagamore.com-0112-2017Redesign;en-US;/failovercheck;39241;1;0
Longboatkeyclub.com-0104-2017Redesign;en-US;/failovercheck;38054;1;0
Cendyn.com-0095-2016Redesign;en-US;/Home;26640;1;0
Cendyn.com-0095-2016Redesign;en-US;/Home;26640;1;0
Cendyn.com-0095-2016Redesign;en-US;/Home;26640;1;0
Cendyn.com-0095-2016Redesign;en-US;/Home;26640;1;0
Thesagamore.com-0112-2017Redesign;en-US;/Home;32339;1;0
Lehotels.com-0049-2015Transfer;en-US;/Search/Europe/Hotel-Bon-Sol/Meetings-Events;13807;1;0
Delraysandsresort.com-0097-2016Redesign;en-US;/failovercheck;38049;1;0
Cocokeyorlando.com-0059-2015Redesign;en-US;/Home;12394;1;0
Thelodgeatwoodloch.com-0033-2015Redesign;en-US;/Accommodations/Rooms-Suites;7781;1;0
Longboatkeyclub.com-0104-2017Redesign;en-US;/Home;28316;1;0
Halcyonhotelcherrycreek.com-0061-2015Redesign;en-US;/Home;22121;1;0
Sandpearl.com-0091-2016Redesign;en-US;/failovercheck;38056;1;0
Montaukyachtclub.com-0010-2014Redesign;en-US;/Rooms-Suites-Villas;2280;1;0
Monarchbeachresort.com-0092-2016Redesign;en-US;/membership/monarch;31272;1;0
Texturefoodanddrink.com-0067-2016Redesign;en-US;/Home;15452;1;0
Bluebirch.com-0072-2016Redesign;en-US;/Home;16693;1;0
Homewoodsuiteslax.com-0110-2017Redesign;en-US;/Home;30747;1;0
Assuranceoperations.com-0065-2015Redesign;en-US;/Home;15263;1;0
Hhotellosangeles.com-0118-2017Redesign;en-US;/Home;35289;1;0
Thecurtis.com-0079-2016Redesign;en-US;/Home;17981;1;0
Chrco.com-0107-2017Redesign;en-US;/Home;29280;1;0
Glencovemansion.com-0058-2015Redesign;en-US;/Home;13328;1;0
Lakeplacidlodge.com-0105-2017Redesign;en-US;/failovercheck;39238;1;0
Sandylane.com-0075-2016Redesign;en-US;/Home;17611;1;0
Cendyn.com-0095-2016Redesign;en-US;/Home;26640;1;0
Treasureislandbeachresort.com-0089-2016Redesign;en-US;/failovercheck;38057;1;0
Meateatery.com-0080-2016Redesign;en-US;/;18505;1;0
Jupiterbeachresort.com-0103-2017Redesign;en-US;/Home;28158;1;0
Thecrawfordhotel.com-0074-2016Redesign;en-US;/Home;17145;1;0
Degreerestaurant.com-0056-2015Redesign;en-US;/Home;11598;1;0
Bocatrans.com-0082-2016Redesign;en-US;/Home;19758;1;0
Jbdukehotel.com-0086-2016Redesign;en-US;/Home;21918;1;0
Washingtoncourthotel.com-0076-2016Redesign;en-US;/Home;17858;1;0
Oxfordclubspa.com-0068-2016Redesign;en-US;/Home;15568;1;0
Abbingtonbanquets.com-0070-2016Redesign;en-US;/Home;15789;1;0
Galthouse.com-0042-2015Redesign;en-US;/failovercheck;38060;1;0
Theoxfordhotel.com-0062-2015Redesign;en-US;/Home;14325;1;0
Jupiterbeachresort.com-0103-2017Redesign;en-US;/failovercheck;38052;1;0
Samosetresort.com-0113-2017Redesign;en-US;/failovercheck;40334;1;0
Zotabeachresort.com-0090-2016Redesign;en-US;/failovercheck;38058;1;0
Naiaresortandspa.com-0077-2016Redesign;en-US;/home;20455;1;0
Beverlyhillsresidenceinn.com-0087-2016Redesign;en-US;/Home;20999;1;0
Luxehotels.com-0078-2016Redesign;en-US;/Home;18805;1;0
Theharborsidehotel.com-0114-2017Redesign;en-US;/failovercheck;40403;1;0
Halcyonhotelcherrycreek.com-0061-2015Redesign;en-US;/Home;22121;1;0
saddlebrook.com-0011-2014Redesign;en-US;/Spa;3469;1;0
Opalsands.com-0084-2016Redesign;en-US;/failovercheck;38055;1;0
Edgewaternaples.com-0094-2016Redesign;en-US;/failovercheck;38051;1;0
Thelodgeatwoodloch.com-0033-2015Redesign;en-US;/Accommodations/Rates-Amenities;7782;1;0
Opalsands.com-0084-2016Redesign;en-US;/Webcam;40846;1;0
Broadmoor.com-0073-2016Redesign;en-US;/Home;16721;1;0
Thelodgeatwoodloch.com-0033-2015Redesign;en-US;/Experience/Activities/Events-Calendar;8390;1;0
Monarchbeachresort.com-0092-2016Redesign;en-US;/accommodations/premium-suites/presidential-ocean-suite;23688;1;0
Hospitalityupgrade.com-0093-2016Redesign;en-US;/Home;25405;1;0
saddlebrook.com-0011-2014Redesign;en-US;/Spa;3469;1;0
Broadmoor.com-0073-2016Redesign;en-US;/failovercheck;38059;1;0
Passport.lehotels.com-0069-2016BlogRedesign;en-US;/failovercheck;41068;1;0
Lidobeachresort.com-0106-2017Redesign;en-US;/failovercheck;38053;1;0
Longboatkeyclub.com-0104-2017Redesign;en-US;/failovercheck;38054;1;0
Thesagamore.com-0112-2017Redesign;en-US;/failovercheck;39241;1;0
Napavalleymarriott.com-0071-2016Redesign;en-US;/Home;16432;1;0
Thelodgeatwoodloch.com-0033-2015Redesign;en-US;/Home;7764;1;0
Cendyn.com-0095-2016Redesign;en-US;/Home;26640;1;0
Cendyn.com-0095-2016Redesign;en-US;/Home;26640;1;0
Cendyn.com-0095-2016Redesign;en-US;/Home;26640;1;0
Cendyn.com-0095-2016Redesign;en-US;/Home;26640;1;0
Lehotels.com-0049-2015Transfer;en-US;/Search/North-America/Hotel-Wales/directions;13836;1;0
Thesagamore.com-0112-2017Redesign;en-US;/Special-Offers/Book-Early-and-Save;33568;1;0
Delraysandsresort.com-0097-2016Redesign;en-US;/failovercheck;38049;1;0
Cocokeyorlando.com-0059-2015Redesign;en-US;/Portugu-234##SEMICOLONDELIMITER##s;12635;1;0
Sandpearl.com-0091-2016Redesign;en-US;/failovercheck;38056;1;0
Lehotels.com-0049-2015Transfer;en-US;/Search/North-America/The-Garland/Maps-Directions;24753;1;0
Monarchbeachresort.com-0092-2016Redesign;en-US;/membership/inquiry;22981;1;0
Broadmoor.com-0073-2016Redesign;en-US;/Home;16721;1;0
Bluebirch.com-0072-2016Redesign;en-US;/Home;16693;1;0
Treasureislandbeachresort.com-0089-2016Redesign;en-US;/failovercheck;38057;1;0
Theharborsidehotel.com-0114-2017Redesign;en-US;/failovercheck;40403;1;0
Meateatery.com-0080-2016Redesign;en-US;/;18505;1;0
Bocatrans.com-0082-2016Redesign;en-US;/Home;19758;1;0
Glencovemansion.com-0058-2015Redesign;en-US;/Home;13328;1;0
Degreerestaurant.com-0056-2015Redesign;en-US;/Home;11598;1;0
Hhotellosangeles.com-0118-2017Redesign;en-US;/Home;35289;1;0
Cendyn.com-0095-2016Redesign;en-US;/Home;26640;1;0
Texturefoodanddrink.com-0067-2016Redesign;en-US;/Home;15452;1;0
Thecurtis.com-0079-2016Redesign;en-US;/Home;17981;1;0
Assuranceoperations.com-0065-2015Redesign;en-US;/Home;15263;1;0
Thecrawfordhotel.com-0074-2016Redesign;en-US;/Home;17145;1;0
Oxfordclubspa.com-0068-2016Redesign;en-US;/Home;15568;1;0
Homewoodsuiteslax.com-0110-2017Redesign;en-US;/Home;30747;1;0
Washingtoncourthotel.com-0076-2016Redesign;en-US;/Home;17858;1;0
Jbdukehotel.com-0086-2016Redesign;en-US;/Home;21918;1;0
Galthouse.com-0042-2015Redesign;en-US;/failovercheck;38060;1;0
Theoxfordhotel.com-0062-2015Redesign;en-US;/Home;14325;1;0
Chrco.com-0107-2017Redesign;en-US;/Home;29280;1;0
Beverlyhillsresidenceinn.com-0087-2016Redesign;en-US;/Home;20999;1;0
Zotabeachresort.com-0090-2016Redesign;en-US;/failovercheck;38058;1;0
Abbingtonbanquets.com-0070-2016Redesign;en-US;/Home;15789;1;0
Opalsands.com-0084-2016Redesign;en-US;/failovercheck;38055;1;0
Naiaresortandspa.com-0077-2016Redesign;en-US;/home;20455;1;0
Sandylane.com-0075-2016Redesign;en-US;/Home;17611;1;0
Luxehotels.com-0078-2016Redesign;en-US;/Home;18805;1;0
Halcyonhotelcherrycreek.com-0061-2015Redesign;en-US;/Home;22121;1;0
Lakeplacidlodge.com-0105-2017Redesign;en-US;/failovercheck;39238;1;0
Samosetresort.com-0113-2017Redesign;en-US;/failovercheck;40334;1;0
Jupiterbeachresort.com-0103-2017Redesign;en-US;/failovercheck;38052;1;0
Edgewaternaples.com-0094-2016Redesign;en-US;/failovercheck;38051;1;0
Hospitalityupgrade.com-0093-2016Redesign;en-US;/Home;25405;1;0
Cphollywoodbeach.com-0032-2015Redesign;en-US;/Gallery/Web-Cam;7831;1;0
Luxehotels.com-0078-2016Redesign;en-US;/Our-Hotels/Luxe-Rodeo-Drive-Hotel/Luxe-Club;19366;1;0
Broadmoor.com-0073-2016Redesign;en-US;/Broadmoor-Adventures/Seven-Falls;18259;1;0
Hospitalityupgrade.com-0093-2016Redesign;en-US;/Home;25405;1;0
Hospitalityupgrade.com-0093-2016Redesign;en-US;/Home;25405;1;0
theweststreethotel.com-0115-2017Redesign;en-US;/Home;36683;1;0
saddlebrook.com-0011-2014Redesign;en-US;/Golf/Golf-Instruction/Junior-Golf-Camps;3538;1;0
Napavalleymarriott.com-0071-2016Redesign;en-US;/Home;16432;1;0
Lidobeachresort.com-0106-2017Redesign;en-US;/failovercheck;38053;1;0
Longboatkeyclub.com-0104-2017Redesign;en-US;/failovercheck;38054;1;0
Passport.lehotels.com-0069-2016BlogRedesign;en-US;/failovercheck;41068;1;0
Broadmoor.com-0073-2016Redesign;en-US;/failovercheck;38059;1;0
Thesagamore.com-0112-2017Redesign;en-US;/failovercheck;39241;1;0
Cendyn.com-0095-2016Redesign;en-US;/Home;26640;1;0
Cendyn.com-0095-2016Redesign;en-US;/Home;26640;1;0
Cendyn.com-0095-2016Redesign;en-US;/Home;26640;1;0
Cendyn.com-0095-2016Redesign;en-US;/Home;26640;1;0
Lehotels.com-0049-2015Transfer;en-US;/Search/North-America/King-George-Hotel/Maps-Directions;17794;1;0
Cendyn.com-0095-2016Redesign;en-US;/Home;26640;1;0
Broadmoor.com-0073-2016Redesign;en-US;/Broadmoor-Adventures/Seven-Falls;18259;1;0
Broadmoor.com-0073-2016Redesign;en-US;/Home;16721;1;0
Theloganhotel.com-0043-2015Redesign;en-US;/Philadelphia-Hotel-Vacation-Packages/bed-and-breakfast;18752;1;0
Delraysandsresort.com-0097-2016Redesign;en-US;/failovercheck;38049;1;0
Thecurtis.com-0079-2016Redesign;en-US;/Home;17981;1;0
Longboatkeyclub.com-0104-2017Redesign;en-US;/Gallery;28317;1;0
Galthouse.com-0042-2015Redesign;en-US;/Home;31905;1;0
Springhillsuitesdenver.com-0060-2015Redesign;en-US;/Home;12307;1;0
Sandpearl.com-0091-2016Redesign;en-US;/failovercheck;38056;1;0
Sandylane.com-0075-2016Redesign;en-US;/barbados-hotel-specials;17739;1;0
Monarchbeachresort.com-0092-2016Redesign;en-US;/orange-county-golf;22847;1;0
Secretharbourvi.com-0040-2015Redesign;en-US;/Home;9231;1;0
Napavalleymarriott.com-0071-2016Redesign;en-US;/Contact-Us;16457;1;0
Secretharbourvi.com-0040-2015Redesign;en-US;/Home;9231;1;0
Bluebirch.com-0072-2016Redesign;en-US;/Home;16693;1;0
Glencovemansion.com-0058-2015Redesign;en-US;/Home;13328;1;0
Degreerestaurant.com-0056-2015Redesign;en-US;/Home;11598;1;0
Meateatery.com-0080-2016Redesign;en-US;/;18505;1;0
Cendyn.com-0095-2016Redesign;en-US;/Home;26640;1;0
Hhotellosangeles.com-0118-2017Redesign;en-US;/Home;35289;1;0
Thecurtis.com-0079-2016Redesign;en-US;/Home;17981;1;0
Thecrawfordhotel.com-0074-2016Redesign;en-US;/Home;17145;1;0
Texturefoodanddrink.com-0067-2016Redesign;en-US;/Home;15452;1;0
Bocatrans.com-0082-2016Redesign;en-US;/Home;19758;1;0
Assuranceoperations.com-0065-2015Redesign;en-US;/Home;15263;1;0
Washingtoncourthotel.com-0076-2016Redesign;en-US;/Home;17858;1;0
Jbdukehotel.com-0086-2016Redesign;en-US;/Home;21918;1;0
Theoxfordhotel.com-0062-2015Redesign;en-US;/Home;14325;1;0
Oxfordclubspa.com-0068-2016Redesign;en-US;/Home;15568;1;0
Abbingtonbanquets.com-0070-2016Redesign;en-US;/Home;15789;1;0
Samosetresort.com-0113-2017Redesign;en-US;/failovercheck;40334;1;0
Opalsands.com-0084-2016Redesign;en-US;/failovercheck;38055;1;0
Galthouse.com-0042-2015Redesign;en-US;/failovercheck;38060;1;0
Edgewaternaples.com-0094-2016Redesign;en-US;/failovercheck;38051;1;0
Halcyonhotelcherrycreek.com-0061-2015Redesign;en-US;/Home;22121;1;0
Chrco.com-0107-2017Redesign;en-US;/Home;29280;1;0
Homewoodsuiteslax.com-0110-2017Redesign;en-US;/Home;30747;1;0
Sandylane.com-0075-2016Redesign;en-US;/Home;17611;1;0
Naiaresortandspa.com-0077-2016Redesign;en-US;/home;20455;1;0
Beverlyhillsresidenceinn.com-0087-2016Redesign;en-US;/Home;20999;1;0
Treasureislandbeachresort.com-0089-2016Redesign;en-US;/failovercheck;38057;1;0
Lakeplacidlodge.com-0105-2017Redesign;en-US;/failovercheck;39238;1;0
Luxehotels.com-0078-2016Redesign;en-US;/Home;18805;1;0
Theharborsidehotel.com-0114-2017Redesign;en-US;/failovercheck;40403;1;0
Springhillsuitesdenver.com-0060-2015Redesign;en-US;/Home;12307;1;0
Jupiterbeachresort.com-0103-2017Redesign;en-US;/failovercheck;38052;1;0
Zotabeachresort.com-0090-2016Redesign;en-US;/failovercheck;38058;1;0
Oxfordclubspa.com-0068-2016Redesign;en-US;/About-Us;15587;1;0
Hospitalityupgrade.com-0093-2016Redesign;en-US;/Home;25405;1;0
Broadmoor.com-0073-2016Redesign;en-US;/failovercheck;38059;1;0
Napavalleymarriott.com-0071-2016Redesign;en-US;/Home;16432;1;0
Longboatkeyclub.com-0104-2017Redesign;en-US;/failovercheck;38054;1;0
Thesagamore.com-0112-2017Redesign;en-US;/failovercheck;39241;1;0
Passport.lehotels.com-0069-2016BlogRedesign;en-US;/failovercheck;41068;1;0
Lidobeachresort.com-0106-2017Redesign;en-US;/failovercheck;38053;1;0
Thelodgeatwoodloch.com-0033-2015Redesign;en-US;/Accommodations/Rooms-Suites;7781;1;0
Cendyn.com-0095-2016Redesign;en-US;/Home;26640;1;0
Cendyn.com-0095-2016Redesign;en-US;/Home;26640;1;0
Cendyn.com-0095-2016Redesign;en-US;/Home;26640;1;0
Cendyn.com-0095-2016Redesign;en-US;/Home;26640;1;0
Lehotels.com-0049-2015Transfer;en-US;/Search/North-America/Luxe-Sunset-Boulevard-Hotel/Meetings-Events;13990;1;0
Delraysandsresort.com-0097-2016Redesign;en-US;/failovercheck;38049;1;0
Thecrawfordhotel.com-0074-2016Redesign;en-US;/Home;17145;1;0
Broadmoor.com-0073-2016Redesign;en-US;/Broadmoor-Adventures/Seven-Falls/Seven-Falls-Tickets;21232;1;0
Montaukyachtclub.com-0010-2014Redesign;en-US;/Home;2240;1;0
Thelodgeatwoodloch.com-0033-2015Redesign;en-US;/Home;7764;1;0
Thecrawfordhotel.com-0074-2016Redesign;en-US;/Home;17145;1;0
Galthouse.com-0042-2015Redesign;en-US;/Our-Hotel;10568;1;0
Cocokeyorlando.com-0059-2015Redesign;en-US;/Portugu-234##SEMICOLONDELIMITER##s;12635;1;0
Sandpearl.com-0091-2016Redesign;en-US;/failovercheck;38056;1;0
Samosetresort.com-0113-2017Redesign;en-US;/Activities/Golf;35227;1;0
Lehotels.com-0049-2015Transfer;en-US;/Search/North-America/Creekside-Inn;12953;1;0
Galthouse.com-0042-2015Redesign;en-US;/Stay;25671;1;0
Theloganhotel.com-0043-2015Redesign;en-US;/Home;20218;1;0
Meateatery.com-0080-2016Redesign;en-US;/;18505;1;0
Assuranceoperations.com-0065-2015Redesign;en-US;/Home;15263;1;0
Glencovemansion.com-0058-2015Redesign;en-US;/Home;13328;1;0
Degreerestaurant.com-0056-2015Redesign;en-US;/Home;11598;1;0
Abbingtonbanquets.com-0070-2016Redesign;en-US;/Home;15789;1;0
Washingtoncourthotel.com-0076-2016Redesign;en-US;/Home;17858;1;0
Oxfordclubspa.com-0068-2016Redesign;en-US;/Home;15568;1;0
Thecurtis.com-0079-2016Redesign;en-US;/Home;17981;1;0
Hhotellosangeles.com-0118-2017Redesign;en-US;/Home;35289;1;0
Texturefoodanddrink.com-0067-2016Redesign;en-US;/Home;15452;1;0
Bluebirch.com-0072-2016Redesign;en-US;/Home;16693;1;0
Cendyn.com-0095-2016Redesign;en-US;/Home;26640;1;0
Bocatrans.com-0082-2016Redesign;en-US;/Home;19758;1;0
Galthouse.com-0042-2015Redesign;en-US;/failovercheck;38060;1;0
Thecrawfordhotel.com-0074-2016Redesign;en-US;/Home;17145;1;0
Luxehotels.com-0078-2016Redesign;en-US;/Home;18805;1;0
Theoxfordhotel.com-0062-2015Redesign;en-US;/Home;14325;1;0
Beverlyhillsresidenceinn.com-0087-2016Redesign;en-US;/Home;20999;1;0
Chrco.com-0107-2017Redesign;en-US;/Home;29280;1;0
Zotabeachresort.com-0090-2016Redesign;en-US;/failovercheck;38058;1;0
Jbdukehotel.com-0086-2016Redesign;en-US;/Home;21918;1;0
Lakeplacidlodge.com-0105-2017Redesign;en-US;/failovercheck;39238;1;0
Treasureislandbeachresort.com-0089-2016Redesign;en-US;/failovercheck;38057;1;0
Naiaresortandspa.com-0077-2016Redesign;en-US;/home;20455;1;0
Samosetresort.com-0113-2017Redesign;en-US;/failovercheck;40334;1;0
Jupiterbeachresort.com-0103-2017Redesign;en-US;/failovercheck;38052;1;0
Edgewaternaples.com-0094-2016Redesign;en-US;/failovercheck;38051;1;0
Opalsands.com-0084-2016Redesign;en-US;/failovercheck;38055;1;0
Homewoodsuiteslax.com-0110-2017Redesign;en-US;/Home;30747;1;0
Halcyonhotelcherrycreek.com-0061-2015Redesign;en-US;/Home;22121;1;0
Sandylane.com-0075-2016Redesign;en-US;/Home;17611;1;0
Lehotels.com-0049-2015Transfer;en-US;/Search/North-America/Creekside-Inn/Hotel-Overview;12956;1;0
Theharborsidehotel.com-0114-2017Redesign;en-US;/failovercheck;40403;1;0
Theloganhotel.com-0043-2015Redesign;en-US;/Home;20218;1;0
Hospitalityupgrade.com-0093-2016Redesign;en-US;/Home;25405;1;0
Longboatkeyclub.com-0104-2017Redesign;en-US;/Home;28316;1;0
Napavalleymarriott.com-0071-2016Redesign;en-US;/Home;16432;1;0
Longboatkeyclub.com-0104-2017Redesign;en-US;/failovercheck;38054;1;0
Broadmoor.com-0073-2016Redesign;en-US;/failovercheck;38059;1;0
Lidobeachresort.com-0106-2017Redesign;en-US;/failovercheck;38053;1;0
Thesagamore.com-0112-2017Redesign;en-US;/failovercheck;39241;1;0
Passport.lehotels.com-0069-2016BlogRedesign;en-US;/failovercheck;41068;1;0
Lehotels.com-0049-2015Transfer;en-US;/Search/Europe/Hotel-Lumen-Paris-Louvre/Rooms-Amenities;13630;1;0
Halcyonhotelcherrycreek.com-0061-2015Redesign;en-US;/Home;22121;1;0
Cendyn.com-0095-2016Redesign;en-US;/Home;26640;1;0
Cendyn.com-0095-2016Redesign;en-US;/Home;26640;1;0
Cendyn.com-0095-2016Redesign;en-US;/Home;26640;1;0
Cendyn.com-0095-2016Redesign;en-US;/Home;26640;1;0
Halcyonhotelcherrycreek.com-0061-2015Redesign;en-US;/Home;22121;1;0
Delraysandsresort.com-0097-2016Redesign;en-US;/failovercheck;38049;1;0
Samosetresort.com-0113-2017Redesign;en-US;/Home;32541;1;0
Samosetresort.com-0113-2017Redesign;en-US;/Home;32541;1;0
Broadmoor.com-0073-2016Redesign;en-US;/Home;16721;1;0
Sandpearl.com-0091-2016Redesign;en-US;/failovercheck;38056;1;0
Unionstationhotelnashville.com-0047-2015Redesign;en-US;/Home;32226;1;0
Meateatery.com-0080-2016Redesign;en-US;/;18505;1;0
Glencovemansion.com-0058-2015Redesign;en-US;/Home;13328;1;0
Luxehotels.com-0078-2016Redesign;en-US;/Home;18805;1;0
Naiaresortandspa.com-0077-2016Redesign;en-US;/home;20455;1;0
Halcyonhotelcherrycreek.com-0061-2015Redesign;en-US;/Home;22121;1;0
Washingtoncourthotel.com-0076-2016Redesign;en-US;/Home;17858;1;0
Abbingtonbanquets.com-0070-2016Redesign;en-US;/Home;15789;1;0
Hhotellosangeles.com-0118-2017Redesign;en-US;/Home;35289;1;0
Bluebirch.com-0072-2016Redesign;en-US;/Home;16693;1;0
Thecurtis.com-0079-2016Redesign;en-US;/Home;17981;1;0
Jupiterbeachresort.com-0103-2017Redesign;en-US;/failovercheck;38052;1;0
Lakeplacidlodge.com-0105-2017Redesign;en-US;/failovercheck;39238;1;0
Cendyn.com-0095-2016Redesign;en-US;/Home;26640;1;0
Bocatrans.com-0082-2016Redesign;en-US;/Home;19758;1;0
Degreerestaurant.com-0056-2015Redesign;en-US;/Home;11598;1;0
Jbdukehotel.com-0086-2016Redesign;en-US;/Home;21918;1;0
Thecrawfordhotel.com-0074-2016Redesign;en-US;/Home;17145;1;0
Galthouse.com-0042-2015Redesign;en-US;/failovercheck;38060;1;0
Oxfordclubspa.com-0068-2016Redesign;en-US;/Home;15568;1;0
Beverlyhillsresidenceinn.com-0087-2016Redesign;en-US;/Home;20999;1;0
Theoxfordhotel.com-0062-2015Redesign;en-US;/Home;14325;1;0
Homewoodsuiteslax.com-0110-2017Redesign;en-US;/Home;30747;1;0
Texturefoodanddrink.com-0067-2016Redesign;en-US;/Home;15452;1;0
Zotabeachresort.com-0090-2016Redesign;en-US;/failovercheck;38058;1;0
Chrco.com-0107-2017Redesign;en-US;/Home;29280;1;0
Assuranceoperations.com-0065-2015Redesign;en-US;/Home;15263;1;0
Edgewaternaples.com-0094-2016Redesign;en-US;/failovercheck;38051;1;0
Samosetresort.com-0113-2017Redesign;en-US;/failovercheck;40334;1;0
Treasureislandbeachresort.com-0089-2016Redesign;en-US;/failovercheck;38057;1;0
Sandylane.com-0075-2016Redesign;en-US;/Home;17611;1;0
Opalsands.com-0084-2016Redesign;en-US;/failovercheck;38055;1;0
Theharborsidehotel.com-0114-2017Redesign;en-US;/failovercheck;40403;1;0
Unionstationhotelnashville.com-0047-2015Redesign;en-US;/Home;32226;1;0
Lidobeachresort.com-0106-2017Redesign;en-US;/Home;28666;1;0
Marriottkeylargo.com-0015-2014Redesign;en-US;/Home;3948;1;0
Hospitalityupgrade.com-0093-2016Redesign;en-US;/Home;25405;1;0
Unionstationhotelnashville.com-0047-2015Redesign;en-US;/Home;32226;1;0
wentworthcom00212014redesign;en-US;/experiences;4254;1;0
Broadmoor.com-0073-2016Redesign;en-US;/failovercheck;38059;1;0
Passport.lehotels.com-0069-2016BlogRedesign;en-US;/failovercheck;41068;1;0
Lidobeachresort.com-0106-2017Redesign;en-US;/failovercheck;38053;1;0
Longboatkeyclub.com-0104-2017Redesign;en-US;/failovercheck;38054;1;0
Thesagamore.com-0112-2017Redesign;en-US;/failovercheck;39241;1;0
Napavalleymarriott.com-0071-2016Redesign;en-US;/Home;16432;1;0
Denvercy.com-0036-2015Redesign;en-US;/Home;8150;1;0
Galthouse.com-0042-2015Redesign;en-US;/Contact-Us;10602;1;0
Cendyn.com-0095-2016Redesign;en-US;/Home;26640;1;0
Cendyn.com-0095-2016Redesign;en-US;/Home;26640;1;0
Cendyn.com-0095-2016Redesign;en-US;/Home;26640;1;0
Cendyn.com-0095-2016Redesign;en-US;/Home;26640;1;0
Cendyn.com-0095-2016Redesign;en-US;/Home;26640;1;0
Lehotels.com-0049-2015Transfer;en-US;/Search/North-America/Deerhurst-Resort/Hotel-Overview;12988;1;0
Cendyn.com-0095-2016Redesign;en-US;/Home;26640;1;0
Cendyn.com-0095-2016Redesign;en-US;/Home;26640;1;0
Delraysandsresort.com-0097-2016Redesign;en-US;/failovercheck;38049;1;0
Luxehotels.com-0078-2016Redesign;en-US;/Our-Hotels/Luxe-City-Center-Hotel;18831;1;0
Cendyn.com-0095-2016Redesign;en-US;/Home;26640;1;0
Thelodgeatwoodloch.com-0033-2015Redesign;en-US;/Spa;8254;1;0
Monarchbeachresort.com-0092-2016Redesign;en-US;/newsletter-sign-up;22744;1;0
Lehotels.com-0049-2015Transfer;en-US;/Search/Australia/Medusa/local;13933;1;0
Cendyn.com-0095-2016Redesign;en-US;/Home;26640;1;0
Sandpearl.com-0091-2016Redesign;en-US;/failovercheck;38056;1;0
Oxfordclubspa.com-0068-2016Redesign;en-US;/Home;15568;1;0
Oxfordclubspa.com-0068-2016Redesign;en-US;/Home;15568;1;0
Bluebirch.com-0072-2016Redesign;en-US;/Home;16693;1;0
Glencovemansion.com-0058-2015Redesign;en-US;/Home;13328;1;0
Thesagamore.com-0112-2017Redesign;en-US;/Accommodations/Hermitage-Building;33923;1;0
Degreerestaurant.com-0056-2015Redesign;en-US;/Home;11598;1;0
Hhotellosangeles.com-0118-2017Redesign;en-US;/Home;35289;1;0
Meateatery.com-0080-2016Redesign;en-US;/;18505;1;0
Cendyn.com-0095-2016Redesign;en-US;/Home;26640;1;0
Thecurtis.com-0079-2016Redesign;en-US;/Home;17981;1;0
Bocatrans.com-0082-2016Redesign;en-US;/Home;19758;1;0
Thecrawfordhotel.com-0074-2016Redesign;en-US;/Home;17145;1;0
Assuranceoperations.com-0065-2015Redesign;en-US;/Home;15263;1;0
Texturefoodanddrink.com-0067-2016Redesign;en-US;/Home;15452;1;0
Washingtoncourthotel.com-0076-2016Redesign;en-US;/Home;17858;1;0
Oxfordclubspa.com-0068-2016Redesign;en-US;/Home;15568;1;0
Abbingtonbanquets.com-0070-2016Redesign;en-US;/Home;15789;1;0
Homewoodsuiteslax.com-0110-2017Redesign;en-US;/Home;30747;1;0
Naiaresortandspa.com-0077-2016Redesign;en-US;/home;20455;1;0
Luxehotels.com-0078-2016Redesign;en-US;/Home;18805;1;0
Galthouse.com-0042-2015Redesign;en-US;/failovercheck;38060;1;0
Jbdukehotel.com-0086-2016Redesign;en-US;/Home;21918;1;0
Chrco.com-0107-2017Redesign;en-US;/Home;29280;1;0
Sandylane.com-0075-2016Redesign;en-US;/Home;17611;1;0
Treasureislandbeachresort.com-0089-2016Redesign;en-US;/failovercheck;38057;1;0
Halcyonhotelcherrycreek.com-0061-2015Redesign;en-US;/Home;22121;1;0
Lakeplacidlodge.com-0105-2017Redesign;en-US;/failovercheck;39238;1;0
Beverlyhillsresidenceinn.com-0087-2016Redesign;en-US;/Home;20999;1;0
Zotabeachresort.com-0090-2016Redesign;en-US;/failovercheck;38058;1;0
Edgewaternaples.com-0094-2016Redesign;en-US;/failovercheck;38051;1;0
Opalsands.com-0084-2016Redesign;en-US;/failovercheck;38055;1;0
Theharborsidehotel.com-0114-2017Redesign;en-US;/failovercheck;40403;1;0
Jupiterbeachresort.com-0103-2017Redesign;en-US;/failovercheck;38052;1;0
Theoxfordhotel.com-0062-2015Redesign;en-US;/Home;14325;1;0
Samosetresort.com-0113-2017Redesign;en-US;/failovercheck;40334;1;0
Hospitalityupgrade.com-0093-2016Redesign;en-US;/Home;25405;1;0
Assuranceoperations.com-0065-2015Redesign;en-US;/Home;15263;1;0
Thelodgeatwoodloch.com-0033-2015Redesign;en-US;/Accommodations/Rates-Amenities;7782;1;0
Napavalleymarriott.com-0071-2016Redesign;en-US;/Home;16432;1;0
Longboatkeyclub.com-0104-2017Redesign;en-US;/failovercheck;38054;1;0
Thesagamore.com-0112-2017Redesign;en-US;/failovercheck;39241;1;0
Laxembassy.com-0008-2014Redesign;en-US;/Home;2037;1;0
Lidobeachresort.com-0106-2017Redesign;en-US;/failovercheck;38053;1;0
Passport.lehotels.com-0069-2016BlogRedesign;en-US;/failovercheck;41068;1;0
Broadmoor.com-0073-2016Redesign;en-US;/failovercheck;38059;1;0
Cendyn.com-0095-2016Redesign;en-US;/Home;26640;1;0
Cendyn.com-0095-2016Redesign;en-US;/Home;26640;1;0
Cendyn.com-0095-2016Redesign;en-US;/Home;26640;1;0
Hospitalityupgrade.com-0093-2016Redesign;en-US;/Home;25405;1;0
Cendyn.com-0095-2016Redesign;en-US;/Home;26640;1;0
Lehotels.com-0049-2015Transfer;en-US;/Search/Central-South-America/BE-Jardin-Escondido-by-Coppola/Hotel-Overview;25849;1;0
Jupiterbeachresort.com-0103-2017Redesign;en-US;/Offers;28165;1;0
Delraysandsresort.com-0097-2016Redesign;en-US;/failovercheck;38049;1;0
Oxfordclubspa.com-0068-2016Redesign;en-US;/Home;15568;1;0
Thesagamore.com-0112-2017Redesign;en-US;/Home;32339;1;0
Hospitalityupgrade.com-0093-2016Redesign;en-US;/Home;25405;1;0
Denvercy.com-0036-2015Redesign;en-US;/Denver-Hotel-Overview;8641;1;0
Thecurtis.com-0079-2016Redesign;en-US;/Home;17981;1;0
Monarchbeachresort.com-0092-2016Redesign;en-US;/membership/wellness;22979;1;0
Sandpearl.com-0091-2016Redesign;en-US;/failovercheck;38056;1;0
Degreerestaurant.com-0056-2015Redesign;en-US;/Home;11598;1;0
Homewoodsuiteslax.com-0110-2017Redesign;en-US;/Home;30747;1;0
Texturefoodanddrink.com-0067-2016Redesign;en-US;/Home;15452;1;0
Assuranceoperations.com-0065-2015Redesign;en-US;/Home;15263;1;0
Glencovemansion.com-0058-2015Redesign;en-US;/Home;13328;1;0
Thecurtis.com-0079-2016Redesign;en-US;/Home;17981;1;0
Bocatrans.com-0082-2016Redesign;en-US;/Home;19758;1;0
Abbingtonbanquets.com-0070-2016Redesign;en-US;/Home;15789;1;0
Hhotellosangeles.com-0118-2017Redesign;en-US;/Home;35289;1;0
Oxfordclubspa.com-0068-2016Redesign;en-US;/Home;15568;1;0
Washingtoncourthotel.com-0076-2016Redesign;en-US;/Home;17858;1;0
Chrco.com-0107-2017Redesign;en-US;/Home;29280;1;0
Halcyonhotelcherrycreek.com-0061-2015Redesign;en-US;/Home;22121;1;0
Broadmoor.com-0073-2016Redesign;en-US;/Media-Gallery/Webcam;17344;1;0
Beverlyhillsresidenceinn.com-0087-2016Redesign;en-US;/Home;20999;1;0
Cendyn.com-0095-2016Redesign;en-US;/Home;26640;1;0
Jbdukehotel.com-0086-2016Redesign;en-US;/Home;21918;1;0
Naiaresortandspa.com-0077-2016Redesign;en-US;/home;20455;1;0
Theoxfordhotel.com-0062-2015Redesign;en-US;/Home;14325;1;0
Sandylane.com-0075-2016Redesign;en-US;/Home;17611;1;0
Meateatery.com-0080-2016Redesign;en-US;/;18505;1;0
Edgewaternaples.com-0094-2016Redesign;en-US;/failovercheck;38051;1;0
Lakeplacidlodge.com-0105-2017Redesign;en-US;/failovercheck;39238;1;0
Thecrawfordhotel.com-0074-2016Redesign;en-US;/Home;17145;1;0
Jupiterbeachresort.com-0103-2017Redesign;en-US;/failovercheck;38052;1;0
Treasureislandbeachresort.com-0089-2016Redesign;en-US;/failovercheck;38057;1;0
Opalsands.com-0084-2016Redesign;en-US;/failovercheck;38055;1;0
Bluebirch.com-0072-2016Redesign;en-US;/Home;16693;1;0
Galthouse.com-0042-2015Redesign;en-US;/failovercheck;38060;1;0
Zotabeachresort.com-0090-2016Redesign;en-US;/failovercheck;38058;1;0
Luxehotels.com-0078-2016Redesign;en-US;/Home;18805;1;0
Samosetresort.com-0113-2017Redesign;en-US;/failovercheck;40334;1;0
Theharborsidehotel.com-0114-2017Redesign;en-US;/failovercheck;40403;1;0
Unionstationhotelnashville.com-0047-2015Redesign;en-US;/Home;32226;1;0
Broadmoor.com-0073-2016Redesign;en-US;/The-Resort;16724;1;0
Hospitalityupgrade.com-0093-2016Redesign;en-US;/Home;25405;1;0
theweststreethotel.com-0115-2017Redesign;en-US;/Bar-Harbor-Hotel-Packages;36691;1;0
Broadmoor.com-0073-2016Redesign;en-US;/failovercheck;38059;1;0
Lidobeachresort.com-0106-2017Redesign;en-US;/failovercheck;38053;1;0
Napavalleymarriott.com-0071-2016Redesign;en-US;/Home;16432;1;0
Passport.lehotels.com-0069-2016BlogRedesign;en-US;/failovercheck;41068;1;0
Thesagamore.com-0112-2017Redesign;en-US;/failovercheck;39241;1;0
Cendyn.com-0095-2016Redesign;en-US;/Home;26640;1;0
Cendyn.com-0095-2016Redesign;en-US;/Home;26640;1;0
Cendyn.com-0095-2016Redesign;en-US;/Home;26640;1;0
Lehotels.com-0049-2015Transfer;en-US;/Search/Australia/Medusa/services;13927;1;0
Casaybelresort.com-0002-2014Redesign;en-US;/About-Us/Web-Cam;1613;1;0
Cendyn.com-0095-2016Redesign;en-US;/Home;26640;1;0
Luxehotels.com-0078-2016Redesign;en-US;/Our-Hotels/Luxe-Sunset-Boulevard-Hotel/Special-Offers/360°-Luxe-Sunset-Signature;20220;1;0
