Lidobeachresort.com-0106-2017Redesign;en-US;/images/logo.jpg/;0;1;0
Sunsetkeycottages.com-0116-2017Redesign;en-US;/failovercheck/;0;1;0
Thecurtis.com-0079-2016Redesign;en-US;/rooms/hyper-themed-rooms/images/next-arrow.png/;0;1;0
Thecurtis.com-0079-2016Redesign;en-US;/rooms/hyper-themed-rooms/images/plus-icon.png/;0;1;0
Thecurtis.com-0079-2016Redesign;en-US;/rooms/hyper-themed-rooms/images/prev-arrow.png/;0;1;0
Opalcollection.com-0098-2017Redesign;en-US;/failovercheck/;0;1;0
Thecurtis.com-0079-2016Redesign;en-US;/rooms/hyper-themed-rooms/images/x-btn.png/;0;1;0
Hospitalityupgrade.com-0093-2016Redesign;en-US;/_images/_gallery/CIO-Summit-2007/CanyonRanchResort_AndyRoss1_Item.jpg;0;1;0
Theloganhotel.com-0043-2015Redesign;en-US;/wp-login.php/;0;1;0
hutchinsonshores.com-0119-2017Redesign;en-US;/failovercheck/;0;1;0
Chrco.com-0107-2017Redesign;en-US;/image/;0;1;0
Sunsetkeycottages.com-0116-2017Redesign;en-US;/failovercheck/;0;1;0
Opalcollection.com-0098-2017Redesign;en-US;/failovercheck/;0;1;0
Broadmoor.com-0073-2016Redesign;en-US;/wpad.dat/;0;1;0
Broadmoor.com-0073-2016Redesign;en-US;/wpad.dat/;0;1;0
Broadmoor.com-0073-2016Redesign;en-US;/wpad.dat/;0;1;0
Broadmoor.com-0073-2016Redesign;en-US;/wpad.dat/;0;1;0
Broadmoor.com-0073-2016Redesign;en-US;/wpad.dat/;0;1;0
hutchinsonshores.com-0119-2017Redesign;en-US;/failovercheck/;0;1;0
Cocokeyorlando.com-0059-2015Redesign;en-US;/autodiscover/autodiscover.xml;0;1;0
Thecurtis.com-0079-2016Redesign;en-US;/rooms/hyper-themed-rooms/images/next-arrow.png/;0;1;0
Thecurtis.com-0079-2016Redesign;en-US;/rooms/hyper-themed-rooms/images/plus-icon.png/;0;1;0
Thecurtis.com-0079-2016Redesign;en-US;/rooms/hyper-themed-rooms/images/prev-arrow.png/;0;1;0
Thecurtis.com-0079-2016Redesign;en-US;/rooms/hyper-themed-rooms/images/x-btn.png/;0;1;0
Beverlyhillsresidenceinn.com-0087-2016Redesign;en-US;/About-Us/;0;1;0
Broadmoor.com-0073-2016Redesign;en-US;/wpad.dat/;0;1;0
Broadmoor.com-0073-2016Redesign;en-US;/wpad.dat/;0;1;0
Broadmoor.com-0073-2016Redesign;en-US;/wpad.dat/;0;1;0
Arcaneo.com-0030-2014Redesign;en-US;/failovercheck/;0;1;0
shop.broadmoor.com-0096-2016ShoppingCart;en-US;/favicon.ico/;0;1;0
Crmweb.cendyn.com-0121-2017Redesign;en-US;/failovercheck/;0;1;0
Lehotels.com-0049-2015Transfer;en-US;/favicon.ico/;0;1;0
Cendyn.com-0095-2016Redesign;en-US;/autodiscover/autodiscover.xml;0;1;0
hutchinsonshores.com-0119-2017Redesign;en-US;/failovercheck/;0;1;0
theweststreethotel.com-0115-2017Redesign;en-US;/failovercheck/;0;1;0
Cendynone.com-0035-2015Redesign;en-US;/wp-login.php/;0;1;0
Arcaneo.com-0030-2014Redesign;en-US;/failovercheck/;0;1;0
Crmweb.cendyn.com-0121-2017Redesign;en-US;/failovercheck/;0;1;0
Miravalspamonarchbeach.com-0109-2017Redesign;en-US;/failovercheck/;0;1;0
theweststreethotel.com-0115-2017Redesign;en-US;/failovercheck/;0;1;0
Monarchbeachresort.com-0092-2016Redesign;en-US;/autodiscover/autodiscover.xml;0;1;0
Arcaneo.com-0030-2014Redesign;en-US;/failovercheck/;0;1;0
Crmweb.cendyn.com-0121-2017Redesign;en-US;/failovercheck/;0;1;0
Miravalspamonarchbeach.com-0109-2017Redesign;en-US;/failovercheck/;0;1;0
theweststreethotel.com-0115-2017Redesign;en-US;/failovercheck/;0;1;0
Unionstationhotelnashville.com-0047-2015Redesign;en-US;/getmedia/85f00175-96ab-4717-ae39-ad2197aa1576/ajax-loader/;0;1;0
Theloganhotel.com-0043-2015Redesign;en-US;/autodiscover/autodiscover.xml;0;1;0
Broadmoor.com-0073-2016Redesign;en-US;/wp-login.php/;0;1;0
Miravalspamonarchbeach.com-0109-2017Redesign;en-US;/failovercheck/;0;1;0
Residenceinnnyc.com-0034-2015Redesign;en-US;/wp-login.php/;0;1;0
Broadmoor.com-0073-2016Redesign;en-US;/wp-login.php/;0;1;0
shop.broadmoor.com-0096-2016ShoppingCart;en-US;/CMSModules/Chat/CMSPages/ChatService.svc/js;0;1;0
Secretharbourvi.com-0040-2015Redesign;en-US;/wp-login.php/;0;1;0
Montaukyachtclub.com-0010-2014Redesign;en-US;/wp-login.php/;0;1;0
Thecurtis.com-0079-2016Redesign;en-US;/rooms/hyper-themed-rooms/images/plus-icon.png/;0;1;0
Thecurtis.com-0079-2016Redesign;en-US;/rooms/hyper-themed-rooms/images/next-arrow.png/;0;1;0
Sunsetkeycottages.com-0116-2017Redesign;en-US;/failovercheck/;0;1;0
Thecurtis.com-0079-2016Redesign;en-US;/rooms/hyper-themed-rooms/images/prev-arrow.png/;0;1;0
Thecurtis.com-0079-2016Redesign;en-US;/rooms/hyper-themed-rooms/images/x-btn.png/;0;1;0
Sandpearl.com-0091-2016Redesign;en-US;/Opal/media/Opal/layout/blank.gif/;0;1;0
Longboatkeyclub.com-0104-2017Redesign;en-US;/wp-login.php/;0;1;0
Longboatkeyclub.com-0104-2017Redesign;en-US;/wp-login.php/;0;1;0
Opalcollection.com-0098-2017Redesign;en-US;/failovercheck/;0;1;0
Sunsetkeycottages.com-0116-2017Redesign;en-US;/failovercheck/;0;1;0
Lehotels.com-0049-2015Transfer;en-US;/autodiscover/autodiscover.xml;0;1;0
Cendyn.com-0095-2016Redesign;en-US;/autodiscover/autodiscover.xml;0;1;0
Lehotels.com-0049-2015Transfer;en-US;/getmedia/04d24f37-75bf-4aa9-b1a4-4d8dd64085d4/OD-Talamanca-2-Bedroom-Duplex-Apartment-Sea-View-2.jpg/;0;1;0
Sandpearl.com-0091-2016Redesign;en-US;/favicon.ico/;0;1;0
Thesagamore.com-0112-2017Redesign;en-US;/Opal/media/Opal/layout/blank.gif/;0;1;0
Opalcollection.com-0098-2017Redesign;en-US;/failovercheck/;0;1;0
Thecrawfordhotel.com-0074-2016Redesign;en-US;/autodiscover/autodiscover.xml;0;1;0
Thecrawfordhotel.com-0074-2016Redesign;en-US;/autodiscover/autodiscover.xml;0;1;0
hutchinsonshores.com-0119-2017Redesign;en-US;/failovercheck/;0;1;0
Hospitalityupgrade.com-0093-2016Redesign;en-US;/_techTalk/TechTalk/Feed;0;1;0
Cocokeyorlando.com-0059-2015Redesign;en-US;/autodiscover/autodiscover.xml;0;1;0
Sunsetkeycottages.com-0116-2017Redesign;en-US;/failovercheck/;0;1;0
Opalcollection.com-0098-2017Redesign;en-US;/failovercheck/;0;1;0
hutchinsonshores.com-0119-2017Redesign;en-US;/failovercheck/;0;1;0
Cendyn.com-0095-2016Redesign;en-US;/wp-login.php/;0;1;0
Marriottdelraybeach.com-0009-2014Redesign;en-US;/images/loading3.gif/;0;1;0
Arcaneo.com-0030-2014Redesign;en-US;/failovercheck/;0;1;0
Crmweb.cendyn.com-0121-2017Redesign;en-US;/failovercheck/;0;1;0
Cocokeyorlando.com-0059-2015Redesign;en-US;/getmedia/d93e4657-5670-4323-be06-154ebcd9596a/direction-buttons/;0;1;0
Cocokeyorlando.com-0059-2015Redesign;en-US;/getmedia/98c85f83-2a85-43f5-9671-af03e3540bf4/ajax-loader/;0;1;0
hutchinsonshores.com-0119-2017Redesign;en-US;/failovercheck/;0;1;0
theweststreethotel.com-0115-2017Redesign;en-US;/failovercheck/;0;1;0
Arcaneo.com-0030-2014Redesign;en-US;/failovercheck/;0;1;0
Crmweb.cendyn.com-0121-2017Redesign;en-US;/failovercheck/;0;1;0
Renaissancepittsburghpa.com-0044-2015Redesign;en-US;/favicon.ico/;0;1;0
