hutchinsonshores.com-0119-2017Redesign;en-US;/failovercheck/;0;1;0
Cendyn.com-0095-2016Redesign;en-US;/autodiscover/autodiscover.xml;0;1;0
hutchinsonshores.com-0119-2017Redesign;en-US;/failovercheck/;0;1;0
Arcaneo.com-0030-2014Redesign;en-US;/failovercheck/;0;1;0
Broadmoor.com-0073-2016Redesign;en-US;/Broadmoor.com-0073-2016Redesign/media/design/main-logo.png/;0;1;0
Broadmoor.com-0073-2016Redesign;en-US;/tag/beauty/;0;1;0
Arcaneo.com-0030-2014Redesign;en-US;/failovercheck/;0;1;0
Broadmoor.com-0073-2016Redesign;en-US;/tag/beauty/;0;1;0
Crmweb.cendyn.com-0121-2017Redesign;en-US;/failovercheck/;0;1;0
Thesagamore.com-0112-2017Redesign;en-US;/wp-login.php/;0;1;0
Thesagamore.com-0112-2017Redesign;en-US;/wp-login.php/;0;1;0
Broadmoor.com-0073-2016Redesign;en-US;/2012/06/tastings-bbq-u-part-i/;0;1;0
Theharborsidehotel.com-0114-2017Redesign;en-US;/Opal/media/Opal/layout/blank.gif/;0;1;0
theweststreethotel.com-0115-2017Redesign;en-US;/failovercheck/;0;1;0
Lakeplacidlodge.com-0105-2017Redesign;en-US;/wp-login.php/;0;1;0
Lakeplacidlodge.com-0105-2017Redesign;en-US;/wp-login.php/;0;1;0
Arcaneo.com-0030-2014Redesign;en-US;/failovercheck/;0;1;0
Crmweb.cendyn.com-0121-2017Redesign;en-US;/failovercheck/;0;1;0
Miravalspamonarchbeach.com-0109-2017Redesign;en-US;/failovercheck/;0;1;0
theweststreethotel.com-0115-2017Redesign;en-US;/failovercheck/;0;1;0
Crmweb.cendyn.com-0121-2017Redesign;en-US;/failovercheck/;0;1;0
Miravalspamonarchbeach.com-0109-2017Redesign;en-US;/failovercheck/;0;1;0
Sunsetkeycottages.com-0116-2017Redesign;en-US;/failovercheck/;0;1;0
theweststreethotel.com-0115-2017Redesign;en-US;/failovercheck/;0;1;0
Opalcollection.com-0098-2017Redesign;en-US;/failovercheck/;0;1;0
Miravalspamonarchbeach.com-0109-2017Redesign;en-US;/failovercheck/;0;1;0
Sunsetkeycottages.com-0116-2017Redesign;en-US;/failovercheck/;0;1;0
Broadmoor.com-0073-2016Redesign;en-US;/wpad.dat/;0;1;0
Broadmoor.com-0073-2016Redesign;en-US;/wpad.dat/;0;1;0
Opalcollection.com-0098-2017Redesign;en-US;/failovercheck/;0;1;0
Sunsetkeycottages.com-0116-2017Redesign;en-US;/failovercheck/;0;1;0
Newyorkpalacemeetings.com-0045-2015Redesign;en-US;/administrator/;0;1;0
hutchinsonshores.com-0119-2017Redesign;en-US;/failovercheck/;0;1;0
Newyorkpalacemeetings.com-0045-2015Redesign;en-US;/administrator/index.php/;0;1;0
Cendyn.com-0095-2016Redesign;en-US;/wp-login.php/;0;1;0
Opalcollection.com-0098-2017Redesign;en-US;/failovercheck/;0;1;0
hutchinsonshores.com-0119-2017Redesign;en-US;/failovercheck/;0;1;0
Cendynone.com-0035-2015Redesign;en-US;/wp-login.php/;0;1;0
Montaukyachtclub.com-0010-2014Redesign;en-US;/wp-login.php/;0;1;0
Cendyn.com-0095-2016Redesign;en-US;/autodiscover/autodiscover.xml;0;1;0
Cendyn.com-0095-2016Redesign;en-US;/autodiscover/autodiscover.xml;0;1;0
hutchinsonshores.com-0119-2017Redesign;en-US;/failovercheck/;0;1;0
Monarchbeachresort.com-0092-2016Redesign;en-US;/miravalspamonarchbeach.com/treatments-classes-events/;0;1;0
Cendynone.com-0035-2015Redesign;en-US;/wp-login.php/;0;1;0
Arcaneo.com-0030-2014Redesign;en-US;/failovercheck/;0;1;0
Broadmoor.com-0073-2016Redesign;en-US;/wpad.dat/;0;1;0
Broadmoor.com-0073-2016Redesign;en-US;/wpad.dat/;0;1;0
Arcaneo.com-0030-2014Redesign;en-US;/failovercheck/;0;1;0
Samosetresort.com-0113-2017Redesign;en-US;/Table/Accommodations/feed/rss.html/;0;1;0
Crmweb.cendyn.com-0121-2017Redesign;en-US;/failovercheck/;0;1;0
Samosetresort.com-0113-2017Redesign;en-US;/Table/Accommodations/feed/rss.html/;0;1;0
Thesagamore.com-0112-2017Redesign;en-US;/Opal/media/Opal/layout/blank.gif/;0;1;0
theweststreethotel.com-0115-2017Redesign;en-US;/failovercheck/;0;1;0
Arcaneo.com-0030-2014Redesign;en-US;/failovercheck/;0;1;0
Treasureislandbeachresort.com-0089-2016Redesign;en-US;/favicon.ico/;0;1;0
Crmweb.cendyn.com-0121-2017Redesign;en-US;/failovercheck/;0;1;0
Miravalspamonarchbeach.com-0109-2017Redesign;en-US;/failovercheck/;0;1;0
