Galthouse.com-0042-2015Redesign;en-US;/Home;31905;1;0
Galthouse.com-0042-2015Redesign;en-US;/Dining;10558;1;0
Residenceinnlax.com-0026-2014Redesign;en-US;/Home;5271;1;0
Secretharbourvi.com-0040-2015Redesign;en-US;/dining;9378;1;0
Passport.lehotels.com-0069-2016BlogRedesign;en-US;/failovercheck;41068;1;0
Halcyonhotelcherrycreek.com-0061-2015Redesign;en-US;/Home;22121;1;0
Hospitalityupgrade.com-0093-2016Redesign;en-US;/Home;25405;1;0
Saddlebrookprep.com-0022-2014Transfer;en-US;/Parents/Parents-Label;5935;1;0
Cendyn.com-0095-2016Redesign;en-US;/Home;26640;1;0
Cendyn.com-0095-2016Redesign;en-US;/Home;26640;1;0
Residenceinnlax.com-0026-2014Redesign;en-US;/Home;5271;1;0
Cendyn.com-0095-2016Redesign;en-US;/Home;26640;1;0
Cendyn.com-0095-2016Redesign;en-US;/Home;26640;1;0
Chrco.com-0107-2017Redesign;en-US;/Home;29280;1;0
Broadmoor.com-0073-2016Redesign;en-US;/Activities/Pools;16800;1;0
Broadmoor.com-0073-2016Redesign;en-US;/Home;16721;1;0
Halcyonhotelcherrycreek.com-0061-2015Redesign;en-US;/Home;22121;1;0
Napavalleymarriott.com-0071-2016Redesign;en-US;/Home;16432;1;0
Thesagamore.com-0112-2017Redesign;en-US;/failovercheck;39241;1;0
Lidobeachresort.com-0106-2017Redesign;en-US;/failovercheck;38053;1;0
Longboatkeyclub.com-0104-2017Redesign;en-US;/failovercheck;38054;1;0
Broadmoor.com-0073-2016Redesign;en-US;/failovercheck;38059;1;0
Delraysandsresort.com-0097-2016Redesign;en-US;/failovercheck;38049;1;0
Longboatkeyclub.com-0104-2017Redesign;en-US;/404;35641;1;0
Cendyn.com-0095-2016Redesign;en-US;/Home;26640;1;0
Thecrawfordhotel.com-0074-2016Redesign;en-US;/Home;17145;1;0
Sandpearl.com-0091-2016Redesign;en-US;/failovercheck;38056;1;0
Bluebirch.com-0072-2016Redesign;en-US;/Home;16693;1;0
Meateatery.com-0080-2016Redesign;en-US;/;18505;1;0
Homewoodsuiteslax.com-0110-2017Redesign;en-US;/Home;30747;1;0
Theoxfordhotel.com-0062-2015Redesign;en-US;/Home;14325;1;0
Abbingtonbanquets.com-0070-2016Redesign;en-US;/Home;15789;1;0
Jbdukehotel.com-0086-2016Redesign;en-US;/Home;21918;1;0
Thecrawfordhotel.com-0074-2016Redesign;en-US;/Home;17145;1;0
Glencovemansion.com-0058-2015Redesign;en-US;/Home;13328;1;0
Halcyonhotelcherrycreek.com-0061-2015Redesign;en-US;/Home;22121;1;0
Naiaresortandspa.com-0077-2016Redesign;en-US;/home;20455;1;0
Beverlyhillsresidenceinn.com-0087-2016Redesign;en-US;/Home;20999;1;0
Chrco.com-0107-2017Redesign;en-US;/Home;29280;1;0
Thecurtis.com-0079-2016Redesign;en-US;/Home;17981;1;0
Bocatrans.com-0082-2016Redesign;en-US;/Home;19758;1;0
Degreerestaurant.com-0056-2015Redesign;en-US;/Home;11598;1;0
Washingtoncourthotel.com-0076-2016Redesign;en-US;/Home;17858;1;0
Assuranceoperations.com-0065-2015Redesign;en-US;/Home;15263;1;0
Hhotellosangeles.com-0118-2017Redesign;en-US;/Home;35289;1;0
Theharborsidehotel.com-0114-2017Redesign;en-US;/failovercheck;40403;1;0
Samosetresort.com-0113-2017Redesign;en-US;/failovercheck;40334;1;0
Edgewaternaples.com-0094-2016Redesign;en-US;/failovercheck;38051;1;0
Opalsands.com-0084-2016Redesign;en-US;/failovercheck;38055;1;0
Jupiterbeachresort.com-0103-2017Redesign;en-US;/failovercheck;38052;1;0
Texturefoodanddrink.com-0067-2016Redesign;en-US;/Home;15452;1;0
Galthouse.com-0042-2015Redesign;en-US;/failovercheck;38060;1;0
Luxehotels.com-0078-2016Redesign;en-US;/Home;18805;1;0
Oxfordclubspa.com-0068-2016Redesign;en-US;/Home;15568;1;0
Zotabeachresort.com-0090-2016Redesign;en-US;/failovercheck;38058;1;0
Lakeplacidlodge.com-0105-2017Redesign;en-US;/failovercheck;39238;1;0
Sandylane.com-0075-2016Redesign;en-US;/Home;17611;1;0
Treasureislandbeachresort.com-0089-2016Redesign;en-US;/failovercheck;38057;1;0
Passport.lehotels.com-0069-2016BlogRedesign;en-US;/failovercheck;41068;1;0
Hospitalityupgrade.com-0093-2016Redesign;en-US;/Home;25405;1;0
Cendyn.com-0095-2016Redesign;en-US;/Home;26640;1;0
Cendyn.com-0095-2016Redesign;en-US;/Home;26640;1;0
Cendyn.com-0095-2016Redesign;en-US;/Home;26640;1;0
Cendyn.com-0095-2016Redesign;en-US;/Home;26640;1;0
Broadmoor.com-0073-2016Redesign;en-US;/Home;16721;1;0
Cocokeyorlando.com-0059-2015Redesign;en-US;/Home;12394;1;0
Napavalleymarriott.com-0071-2016Redesign;en-US;/Home;16432;1;0
Thesagamore.com-0112-2017Redesign;en-US;/failovercheck;39241;1;0
Longboatkeyclub.com-0104-2017Redesign;en-US;/failovercheck;38054;1;0
Lidobeachresort.com-0106-2017Redesign;en-US;/failovercheck;38053;1;0
Broadmoor.com-0073-2016Redesign;en-US;/failovercheck;38059;1;0
Delraysandsresort.com-0097-2016Redesign;en-US;/failovercheck;38049;1;0
Broadmoor.com-0073-2016Redesign;en-US;/Home;16721;1;0
Secretharbourvi.com-0040-2015Redesign;en-US;/Dining-Options;9552;1;0
Chrco.com-0107-2017Redesign;en-US;/Home;29280;1;0
Cendyn.com-0095-2016Redesign;en-US;/Home;26640;1;0
Longboatkeyclub.com-0104-2017Redesign;en-US;/404;35641;1;0
Sandpearl.com-0091-2016Redesign;en-US;/failovercheck;38056;1;0
Samosetresort.com-0113-2017Redesign;en-US;/Home;32541;1;0
Secretharbourvi.com-0040-2015Redesign;en-US;/beach;9492;1;0
Longboatkeyclub.com-0104-2017Redesign;en-US;/404;35641;1;0
Hospitalityupgrade.com-0093-2016Redesign;en-US;/techTalk/September-2017/Millennial-Families-Spending,-Traveling-During-a-P;41771;1;0
Meateatery.com-0080-2016Redesign;en-US;/;18505;1;0
Hhotellosangeles.com-0118-2017Redesign;en-US;/Home;35289;1;0
Texturefoodanddrink.com-0067-2016Redesign;en-US;/Home;15452;1;0
Jbdukehotel.com-0086-2016Redesign;en-US;/Home;21918;1;0
Thecrawfordhotel.com-0074-2016Redesign;en-US;/Home;17145;1;0
Galthouse.com-0042-2015Redesign;en-US;/failovercheck;38060;1;0
Luxehotels.com-0078-2016Redesign;en-US;/Home;18805;1;0
Washingtoncourthotel.com-0076-2016Redesign;en-US;/Home;17858;1;0
Samosetresort.com-0113-2017Redesign;en-US;/failovercheck;40334;1;0
Zotabeachresort.com-0090-2016Redesign;en-US;/failovercheck;38058;1;0
Theoxfordhotel.com-0062-2015Redesign;en-US;/Home;14325;1;0
Abbingtonbanquets.com-0070-2016Redesign;en-US;/Home;15789;1;0
Bluebirch.com-0072-2016Redesign;en-US;/Home;16693;1;0
Theharborsidehotel.com-0114-2017Redesign;en-US;/failovercheck;40403;1;0
Glencovemansion.com-0058-2015Redesign;en-US;/Home;13328;1;0
Treasureislandbeachresort.com-0089-2016Redesign;en-US;/failovercheck;38057;1;0
Lakeplacidlodge.com-0105-2017Redesign;en-US;/failovercheck;39238;1;0
Opalsands.com-0084-2016Redesign;en-US;/failovercheck;38055;1;0
Degreerestaurant.com-0056-2015Redesign;en-US;/Home;11598;1;0
Jupiterbeachresort.com-0103-2017Redesign;en-US;/failovercheck;38052;1;0
Thecurtis.com-0079-2016Redesign;en-US;/Home;17981;1;0
Assuranceoperations.com-0065-2015Redesign;en-US;/Home;15263;1;0
Bocatrans.com-0082-2016Redesign;en-US;/Home;19758;1;0
Oxfordclubspa.com-0068-2016Redesign;en-US;/Home;15568;1;0
Beverlyhillsresidenceinn.com-0087-2016Redesign;en-US;/Home;20999;1;0
Homewoodsuiteslax.com-0110-2017Redesign;en-US;/Home;30747;1;0
Chrco.com-0107-2017Redesign;en-US;/Home;29280;1;0
Sandylane.com-0075-2016Redesign;en-US;/Home;17611;1;0
Halcyonhotelcherrycreek.com-0061-2015Redesign;en-US;/Home;22121;1;0
Naiaresortandspa.com-0077-2016Redesign;en-US;/home;20455;1;0
Edgewaternaples.com-0094-2016Redesign;en-US;/failovercheck;38051;1;0
Longboatkeyclub.com-0104-2017Redesign;en-US;/offers/Special-Offers;28364;1;0
Passport.lehotels.com-0069-2016BlogRedesign;en-US;/failovercheck;41068;1;0
Hospitalityupgrade.com-0093-2016Redesign;en-US;/Home;25405;1;0
Kittitianhill.com-0012-2014Redesign;en-US;/Home;2236;1;0
Cendyn.com-0095-2016Redesign;en-US;/Home;26640;1;0
Cendyn.com-0095-2016Redesign;en-US;/Home;26640;1;0
Cendyn.com-0095-2016Redesign;en-US;/Home;26640;1;0
Cendyn.com-0095-2016Redesign;en-US;/Home;26640;1;0
Sandpearl.com-0091-2016Redesign;en-US;/Home;22481;1;0
Secretharbourvi.com-0040-2015Redesign;en-US;/Boating-Adventures;9496;1;0
Delraysandsresort.com-0097-2016Redesign;en-US;/Home;27232;1;0
Broadmoor.com-0073-2016Redesign;en-US;/failovercheck;38059;1;0
Napavalleymarriott.com-0071-2016Redesign;en-US;/Home;16432;1;0
Longboatkeyclub.com-0104-2017Redesign;en-US;/failovercheck;38054;1;0
Sandpearl.com-0091-2016Redesign;en-US;/Home;22481;1;0
Lidobeachresort.com-0106-2017Redesign;en-US;/failovercheck;38053;1;0
Thesagamore.com-0112-2017Redesign;en-US;/failovercheck;39241;1;0
Delraysandsresort.com-0097-2016Redesign;en-US;/failovercheck;38049;1;0
Napavalleymarriott.com-0071-2016Redesign;en-US;/Home;16432;1;0
Napavalleymarriott.com-0071-2016Redesign;en-US;/Home;16432;1;0
Laxembassy.com-0008-2014Redesign;en-US;/Home;2037;1;0
Broadmoor.com-0073-2016Redesign;en-US;/Home;16721;1;0
Cendyn.com-0095-2016Redesign;en-US;/Home;26640;1;0
Laxembassy.com-0008-2014Redesign;en-US;/Home;2037;1;0
Delraysandsresort.com-0097-2016Redesign;en-US;/Home;27232;1;0
Secretharbourvi.com-0040-2015Redesign;en-US;/Diving;9495;1;0
Sandpearl.com-0091-2016Redesign;en-US;/failovercheck;38056;1;0
Thecurtis.com-0079-2016Redesign;en-US;/Home;17981;1;0
Bluebirch.com-0072-2016Redesign;en-US;/Home;16693;1;0
Thecrawfordhotel.com-0074-2016Redesign;en-US;/Home;17145;1;0
Texturefoodanddrink.com-0067-2016Redesign;en-US;/Home;15452;1;0
Abbingtonbanquets.com-0070-2016Redesign;en-US;/Home;15789;1;0
Jbdukehotel.com-0086-2016Redesign;en-US;/Home;21918;1;0
Washingtoncourthotel.com-0076-2016Redesign;en-US;/Home;17858;1;0
Naiaresortandspa.com-0077-2016Redesign;en-US;/home;20455;1;0
Chrco.com-0107-2017Redesign;en-US;/Home;29280;1;0
Galthouse.com-0042-2015Redesign;en-US;/failovercheck;38060;1;0
Luxehotels.com-0078-2016Redesign;en-US;/Home;18805;1;0
Glencovemansion.com-0058-2015Redesign;en-US;/Home;13328;1;0
Degreerestaurant.com-0056-2015Redesign;en-US;/Home;11598;1;0
Theharborsidehotel.com-0114-2017Redesign;en-US;/failovercheck;40403;1;0
Theoxfordhotel.com-0062-2015Redesign;en-US;/Home;14325;1;0
Thecurtis.com-0079-2016Redesign;en-US;/Home;17981;1;0
Treasureislandbeachresort.com-0089-2016Redesign;en-US;/failovercheck;38057;1;0
Samosetresort.com-0113-2017Redesign;en-US;/failovercheck;40334;1;0
Homewoodsuiteslax.com-0110-2017Redesign;en-US;/Home;30747;1;0
Oxfordclubspa.com-0068-2016Redesign;en-US;/Home;15568;1;0
Jupiterbeachresort.com-0103-2017Redesign;en-US;/failovercheck;38052;1;0
Meateatery.com-0080-2016Redesign;en-US;/;18505;1;0
Assuranceoperations.com-0065-2015Redesign;en-US;/Home;15263;1;0
Hhotellosangeles.com-0118-2017Redesign;en-US;/Home;35289;1;0
Opalsands.com-0084-2016Redesign;en-US;/failovercheck;38055;1;0
Lakeplacidlodge.com-0105-2017Redesign;en-US;/failovercheck;39238;1;0
Bocatrans.com-0082-2016Redesign;en-US;/Home;19758;1;0
Beverlyhillsresidenceinn.com-0087-2016Redesign;en-US;/Home;20999;1;0
Halcyonhotelcherrycreek.com-0061-2015Redesign;en-US;/Home;22121;1;0
Sandylane.com-0075-2016Redesign;en-US;/Home;17611;1;0
Edgewaternaples.com-0094-2016Redesign;en-US;/failovercheck;38051;1;0
Zotabeachresort.com-0090-2016Redesign;en-US;/failovercheck;38058;1;0
Sandpearl.com-0091-2016Redesign;en-US;/Home;22481;1;0
Passport.lehotels.com-0069-2016BlogRedesign;en-US;/failovercheck;41068;1;0
Secretharbourvi.com-0040-2015Redesign;en-US;/Gift-Shop-and-ATM;9499;1;0
Hospitalityupgrade.com-0093-2016Redesign;en-US;/Home;25405;1;0
Cendyn.com-0095-2016Redesign;en-US;/Home;26640;1;0
Cendyn.com-0095-2016Redesign;en-US;/Home;26640;1;0
Cendyn.com-0095-2016Redesign;en-US;/Home;26640;1;0
Cendyn.com-0095-2016Redesign;en-US;/Home;26640;1;0
wentworthcom00212014redesign;en-US;/Home;26679;1;0
Residenceinnnyc.com-0034-2015Redesign;en-US;/Local-Area;7948;1;0
Napavalleymarriott.com-0071-2016Redesign;en-US;/Home;16432;1;0
Lidobeachresort.com-0106-2017Redesign;en-US;/failovercheck;38053;1;0
Thesagamore.com-0112-2017Redesign;en-US;/failovercheck;39241;1;0
Longboatkeyclub.com-0104-2017Redesign;en-US;/failovercheck;38054;1;0
Delraysandsresort.com-0097-2016Redesign;en-US;/failovercheck;38049;1;0
Sandpearl.com-0091-2016Redesign;en-US;/Offers/Spa-Offers;22533;1;0
Sandpearl.com-0091-2016Redesign;en-US;/Home;22481;1;0
wentworthcom00212014redesign;en-US;/Home;26679;1;0
Broadmoor.com-0073-2016Redesign;en-US;/failovercheck;38059;1;0
Sandpearl.com-0091-2016Redesign;en-US;/Home;22481;1;0
Secretharbourvi.com-0040-2015Redesign;en-US;/Massage-Services;9498;1;0
Sandpearl.com-0091-2016Redesign;en-US;/Home;22481;1;0
Hospitalityupgrade.com-0093-2016Redesign;en-US;/techTalk/August-2015/Have-Internet-The-Lawsuit-the-Entire-Hotel-Industr;33182;1;0
Cendyn.com-0095-2016Redesign;en-US;/Home;26640;1;0
Sandpearl.com-0091-2016Redesign;en-US;/Home;22481;1;0
Broadmoor.com-0073-2016Redesign;en-US;/Activities/Spa;16793;1;0
Thelodgeatwoodloch.com-0033-2015Redesign;en-US;/Photo-Gallery;7783;1;0
Monarchbeachresort.com-0092-2016Redesign;en-US;/miraval-spa-dana-point;22785;1;0
Sandpearl.com-0091-2016Redesign;en-US;/Offers/Spa-Offers;22533;1;0
Sandpearl.com-0091-2016Redesign;en-US;/failovercheck;38056;1;0
Sandpearl.com-0091-2016Redesign;en-US;/Home;22481;1;0
Cphollywoodbeach.com-0032-2015Redesign;en-US;/Gallery/Web-Cam;7831;1;0
Sandpearl.com-0091-2016Redesign;en-US;/Offers/Spa-Offers;22533;1;0
Sandpearl.com-0091-2016Redesign;en-US;/Home;22481;1;0
Sandpearl.com-0091-2016Redesign;en-US;/Contact-Us;22498;1;0
Glencovemansion.com-0058-2015Redesign;en-US;/Home;13328;1;0
Degreerestaurant.com-0056-2015Redesign;en-US;/Home;11598;1;0
Secretharbourvi.com-0040-2015Redesign;en-US;/Swimming-Pool;9497;1;0
Meateatery.com-0080-2016Redesign;en-US;/;18505;1;0
Hhotellosangeles.com-0118-2017Redesign;en-US;/Home;35289;1;0
Bluebirch.com-0072-2016Redesign;en-US;/Home;16693;1;0
Thecrawfordhotel.com-0074-2016Redesign;en-US;/Home;17145;1;0
Texturefoodanddrink.com-0067-2016Redesign;en-US;/Home;15452;1;0
Assuranceoperations.com-0065-2015Redesign;en-US;/Home;15263;1;0
Bocatrans.com-0082-2016Redesign;en-US;/Home;19758;1;0
Oxfordclubspa.com-0068-2016Redesign;en-US;/Home;15568;1;0
Jbdukehotel.com-0086-2016Redesign;en-US;/Home;21918;1;0
Washingtoncourthotel.com-0076-2016Redesign;en-US;/Home;17858;1;0
Homewoodsuiteslax.com-0110-2017Redesign;en-US;/Home;30747;1;0
Thecurtis.com-0079-2016Redesign;en-US;/Home;17981;1;0
Abbingtonbanquets.com-0070-2016Redesign;en-US;/Home;15789;1;0
Galthouse.com-0042-2015Redesign;en-US;/failovercheck;38060;1;0
Beverlyhillsresidenceinn.com-0087-2016Redesign;en-US;/Home;20999;1;0
Sandylane.com-0075-2016Redesign;en-US;/Home;17611;1;0
Chrco.com-0107-2017Redesign;en-US;/Home;29280;1;0
Samosetresort.com-0113-2017Redesign;en-US;/failovercheck;40334;1;0
Naiaresortandspa.com-0077-2016Redesign;en-US;/home;20455;1;0
Opalsands.com-0084-2016Redesign;en-US;/failovercheck;38055;1;0
Halcyonhotelcherrycreek.com-0061-2015Redesign;en-US;/Home;22121;1;0
Treasureislandbeachresort.com-0089-2016Redesign;en-US;/failovercheck;38057;1;0
Lakeplacidlodge.com-0105-2017Redesign;en-US;/failovercheck;39238;1;0
Jupiterbeachresort.com-0103-2017Redesign;en-US;/failovercheck;38052;1;0
Theharborsidehotel.com-0114-2017Redesign;en-US;/failovercheck;40403;1;0
Edgewaternaples.com-0094-2016Redesign;en-US;/failovercheck;38051;1;0
Luxehotels.com-0078-2016Redesign;en-US;/Home;18805;1;0
Theoxfordhotel.com-0062-2015Redesign;en-US;/Home;14325;1;0
Zotabeachresort.com-0090-2016Redesign;en-US;/failovercheck;38058;1;0
Sandpearl.com-0091-2016Redesign;en-US;/Contact-Us;22498;1;0
Kittitianhill.com-0012-2014Redesign;en-US;/Home;2236;1;0
Luxehotels.com-0078-2016Redesign;en-US;/Our-Hotels/Luxe-Rodeo-Drive-Hotel;18830;1;0
Passport.lehotels.com-0069-2016BlogRedesign;en-US;/failovercheck;41068;1;0
Secretharbourvi.com-0040-2015Redesign;en-US;/Home;9231;1;0
Sandpearl.com-0091-2016Redesign;en-US;/Offers;22488;1;0
Hospitalityupgrade.com-0093-2016Redesign;en-US;/Home;25405;1;0
Cendyn.com-0095-2016Redesign;en-US;/Home;26640;1;0
Cendyn.com-0095-2016Redesign;en-US;/Home;26640;1;0
Cendyn.com-0095-2016Redesign;en-US;/Home;26640;1;0
Cendyn.com-0095-2016Redesign;en-US;/Home;26640;1;0
Sandpearl.com-0091-2016Redesign;en-US;/Offers;22488;1;0
Napavalleymarriott.com-0071-2016Redesign;en-US;/Home;16432;1;0
Longboatkeyclub.com-0104-2017Redesign;en-US;/failovercheck;38054;1;0
Thesagamore.com-0112-2017Redesign;en-US;/failovercheck;39241;1;0
Delraysandsresort.com-0097-2016Redesign;en-US;/failovercheck;38049;1;0
Lidobeachresort.com-0106-2017Redesign;en-US;/failovercheck;38053;1;0
Broadmoor.com-0073-2016Redesign;en-US;/failovercheck;38059;1;0
Secretharbourvi.com-0040-2015Redesign;en-US;/Tennis;9493;1;0
Luxehotels.com-0078-2016Redesign;en-US;/Home;18805;1;0
Cendyn.com-0095-2016Redesign;en-US;/Home;26640;1;0
Hospitalityupgrade.com-0093-2016Redesign;en-US;/Watercooler-News/Siegel-Sez;36187;1;0
Sandpearl.com-0091-2016Redesign;en-US;/failovercheck;38056;1;0
Secretharbourvi.com-0040-2015Redesign;en-US;/Watersport-Rentals;9494;1;0
Longboatkeyclub.com-0104-2017Redesign;en-US;/404;35641;1;0
Broadmoor.com-0073-2016Redesign;en-US;/Dining/Penrose-Room;16763;1;0
Degreerestaurant.com-0056-2015Redesign;en-US;/Home;11598;1;0
Meateatery.com-0080-2016Redesign;en-US;/;18505;1;0
Bocatrans.com-0082-2016Redesign;en-US;/Home;19758;1;0
Galthouse.com-0042-2015Redesign;en-US;/failovercheck;38060;1;0
Treasureislandbeachresort.com-0089-2016Redesign;en-US;/failovercheck;38057;1;0
Hhotellosangeles.com-0118-2017Redesign;en-US;/Home;35289;1;0
Glencovemansion.com-0058-2015Redesign;en-US;/Home;13328;1;0
Bluebirch.com-0072-2016Redesign;en-US;/Home;16693;1;0
Thecurtis.com-0079-2016Redesign;en-US;/Home;17981;1;0
Thecrawfordhotel.com-0074-2016Redesign;en-US;/Home;17145;1;0
Texturefoodanddrink.com-0067-2016Redesign;en-US;/Home;15452;1;0
Oxfordclubspa.com-0068-2016Redesign;en-US;/Home;15568;1;0
Washingtoncourthotel.com-0076-2016Redesign;en-US;/Home;17858;1;0
Jbdukehotel.com-0086-2016Redesign;en-US;/Home;21918;1;0
Beverlyhillsresidenceinn.com-0087-2016Redesign;en-US;/Home;20999;1;0
Assuranceoperations.com-0065-2015Redesign;en-US;/Home;15263;1;0
Abbingtonbanquets.com-0070-2016Redesign;en-US;/Home;15789;1;0
Theoxfordhotel.com-0062-2015Redesign;en-US;/Home;14325;1;0
Edgewaternaples.com-0094-2016Redesign;en-US;/failovercheck;38051;1;0
Chrco.com-0107-2017Redesign;en-US;/Home;29280;1;0
Lakeplacidlodge.com-0105-2017Redesign;en-US;/failovercheck;39238;1;0
Samosetresort.com-0113-2017Redesign;en-US;/failovercheck;40334;1;0
Jupiterbeachresort.com-0103-2017Redesign;en-US;/failovercheck;38052;1;0
Theharborsidehotel.com-0114-2017Redesign;en-US;/failovercheck;40403;1;0
Homewoodsuiteslax.com-0110-2017Redesign;en-US;/Home;30747;1;0
Halcyonhotelcherrycreek.com-0061-2015Redesign;en-US;/Home;22121;1;0
Sandylane.com-0075-2016Redesign;en-US;/Home;17611;1;0
Zotabeachresort.com-0090-2016Redesign;en-US;/failovercheck;38058;1;0
Luxehotels.com-0078-2016Redesign;en-US;/Home;18805;1;0
Naiaresortandspa.com-0077-2016Redesign;en-US;/home;20455;1;0
Opalsands.com-0084-2016Redesign;en-US;/failovercheck;38055;1;0
Monarchbeachresort.com-0092-2016Redesign;en-US;/experiences/planning/planning;23485;1;0
Passport.lehotels.com-0069-2016BlogRedesign;en-US;/failovercheck;41068;1;0
Hospitalityupgrade.com-0093-2016Redesign;en-US;/Home;25405;1;0
Hospitalityupgrade.com-0093-2016Redesign;en-US;/News/News-Article-Details;22790;1;0
Lidobeachresort.com-0106-2017Redesign;en-US;/Home;28666;1;0
Cendyn.com-0095-2016Redesign;en-US;/Home;26640;1;0
Cendyn.com-0095-2016Redesign;en-US;/Home;26640;1;0
Cendyn.com-0095-2016Redesign;en-US;/Home;26640;1;0
Cendyn.com-0095-2016Redesign;en-US;/Home;26640;1;0
Longboatkeyclub.com-0104-2017Redesign;en-US;/404;35641;1;0
Napavalleymarriott.com-0071-2016Redesign;en-US;/Home;16432;1;0
Thesagamore.com-0112-2017Redesign;en-US;/failovercheck;39241;1;0
Lidobeachresort.com-0106-2017Redesign;en-US;/failovercheck;38053;1;0
Broadmoor.com-0073-2016Redesign;en-US;/failovercheck;38059;1;0
Longboatkeyclub.com-0104-2017Redesign;en-US;/failovercheck;38054;1;0
Delraysandsresort.com-0097-2016Redesign;en-US;/failovercheck;38049;1;0
Secretharbourvi.com-0040-2015Redesign;en-US;/Wi-Fi-Internet;9500;1;0
wentworthcom00212014redesign;en-US;/portsmouth-meetings/meetings-portsmouth-meeting-space;4285;1;0
Napavalleymarriott.com-0071-2016Redesign;en-US;/napa-valley-vacation-packages;18369;1;0
Sandylane.com-0075-2016Redesign;en-US;/Home;17611;1;0
Cendyn.com-0095-2016Redesign;en-US;/Home;26640;1;0
Miravalspamonarchbeach.com-0109-2017Redesign;en-US;/packages-specials;32984;1;0
Luxehotels.com-0078-2016Redesign;en-US;/Home;18805;1;0
Sandpearl.com-0091-2016Redesign;en-US;/failovercheck;38056;1;0
Minnetonkamarriott.com-0039-2015Redesign;en-US;/Home;8817;1;0
Hospitalityupgrade.com-0093-2016Redesign;en-US;/News/News-Article-Details;22790;1;0
Secretharbourvi.com-0040-2015Redesign;en-US;/Events-and-Occasions;9553;1;0
Meateatery.com-0080-2016Redesign;en-US;/;18505;1;0
Bluebirch.com-0072-2016Redesign;en-US;/Home;16693;1;0
Abbingtonbanquets.com-0070-2016Redesign;en-US;/Home;15789;1;0
Thecurtis.com-0079-2016Redesign;en-US;/Home;17981;1;0
Washingtoncourthotel.com-0076-2016Redesign;en-US;/Home;17858;1;0
Degreerestaurant.com-0056-2015Redesign;en-US;/Home;11598;1;0
Glencovemansion.com-0058-2015Redesign;en-US;/Home;13328;1;0
Hhotellosangeles.com-0118-2017Redesign;en-US;/Home;35289;1;0
Theoxfordhotel.com-0062-2015Redesign;en-US;/Home;14325;1;0
Thecrawfordhotel.com-0074-2016Redesign;en-US;/Home;17145;1;0
Texturefoodanddrink.com-0067-2016Redesign;en-US;/Home;15452;1;0
Bocatrans.com-0082-2016Redesign;en-US;/Home;19758;1;0
Assuranceoperations.com-0065-2015Redesign;en-US;/Home;15263;1;0
Oxfordclubspa.com-0068-2016Redesign;en-US;/Home;15568;1;0
Jbdukehotel.com-0086-2016Redesign;en-US;/Home;21918;1;0
Beverlyhillsresidenceinn.com-0087-2016Redesign;en-US;/Home;20999;1;0
Galthouse.com-0042-2015Redesign;en-US;/failovercheck;38060;1;0
Homewoodsuiteslax.com-0110-2017Redesign;en-US;/Home;30747;1;0
Samosetresort.com-0113-2017Redesign;en-US;/failovercheck;40334;1;0
Jupiterbeachresort.com-0103-2017Redesign;en-US;/failovercheck;38052;1;0
Zotabeachresort.com-0090-2016Redesign;en-US;/failovercheck;38058;1;0
Halcyonhotelcherrycreek.com-0061-2015Redesign;en-US;/Home;22121;1;0
Sandylane.com-0075-2016Redesign;en-US;/Home;17611;1;0
Lakeplacidlodge.com-0105-2017Redesign;en-US;/failovercheck;39238;1;0
Chrco.com-0107-2017Redesign;en-US;/Home;29280;1;0
Theharborsidehotel.com-0114-2017Redesign;en-US;/failovercheck;40403;1;0
Naiaresortandspa.com-0077-2016Redesign;en-US;/home;20455;1;0
Luxehotels.com-0078-2016Redesign;en-US;/Home;18805;1;0
Edgewaternaples.com-0094-2016Redesign;en-US;/failovercheck;38051;1;0
Treasureislandbeachresort.com-0089-2016Redesign;en-US;/failovercheck;38057;1;0
Opalsands.com-0084-2016Redesign;en-US;/failovercheck;38055;1;0
Hospitalityupgrade.com-0093-2016Redesign;en-US;/Watercooler-News/Siegel-Sez/Siegel-Sez-Details;36743;1;0
Passport.lehotels.com-0069-2016BlogRedesign;en-US;/failovercheck;41068;1;0
Hospitalityupgrade.com-0093-2016Redesign;en-US;/Tech-Providers/Tech-Provider-Details-Redirect;39355;1;0
Broadmoor.com-0073-2016Redesign;en-US;/Dining;16761;1;0
Hospitalityupgrade.com-0093-2016Redesign;en-US;/Home;25405;1;0
Cendyn.com-0095-2016Redesign;en-US;/Home;26640;1;0
Cendyn.com-0095-2016Redesign;en-US;/Home;26640;1;0
Cendyn.com-0095-2016Redesign;en-US;/Home;26640;1;0
Cendyn.com-0095-2016Redesign;en-US;/Home;26640;1;0
Napavalleymarriott.com-0071-2016Redesign;en-US;/Home;16432;1;0
Lidobeachresort.com-0106-2017Redesign;en-US;/failovercheck;38053;1;0
Thesagamore.com-0112-2017Redesign;en-US;/failovercheck;39241;1;0
Galthouse.com-0042-2015Redesign;en-US;/Home;31905;1;0
Longboatkeyclub.com-0104-2017Redesign;en-US;/failovercheck;38054;1;0
Broadmoor.com-0073-2016Redesign;en-US;/failovercheck;38059;1;0
Delraysandsresort.com-0097-2016Redesign;en-US;/failovercheck;38049;1;0
Cendyn.com-0095-2016Redesign;en-US;/Home;26640;1;0
Miravalspamonarchbeach.com-0109-2017Redesign;en-US;/packages-specials/Couples-Packages;33600;1;0
Thelodgeatwoodloch.com-0033-2015Redesign;en-US;/Experience/Culinary/TREE-Restaurant-Bar;8303;1;0
Sandpearl.com-0091-2016Redesign;en-US;/failovercheck;38056;1;0
Meateatery.com-0080-2016Redesign;en-US;/;18505;1;0
Bluebirch.com-0072-2016Redesign;en-US;/Home;16693;1;0
Thecurtis.com-0079-2016Redesign;en-US;/Home;17981;1;0
Abbingtonbanquets.com-0070-2016Redesign;en-US;/Home;15789;1;0
Degreerestaurant.com-0056-2015Redesign;en-US;/Home;11598;1;0
Washingtoncourthotel.com-0076-2016Redesign;en-US;/Home;17858;1;0
Hhotellosangeles.com-0118-2017Redesign;en-US;/Home;35289;1;0
Glencovemansion.com-0058-2015Redesign;en-US;/Home;13328;1;0
Texturefoodanddrink.com-0067-2016Redesign;en-US;/Home;15452;1;0
Theoxfordhotel.com-0062-2015Redesign;en-US;/Home;14325;1;0
Thecrawfordhotel.com-0074-2016Redesign;en-US;/Home;17145;1;0
Beverlyhillsresidenceinn.com-0087-2016Redesign;en-US;/Home;20999;1;0
Oxfordclubspa.com-0068-2016Redesign;en-US;/Home;15568;1;0
Bocatrans.com-0082-2016Redesign;en-US;/Home;19758;1;0
Homewoodsuiteslax.com-0110-2017Redesign;en-US;/Home;30747;1;0
Galthouse.com-0042-2015Redesign;en-US;/failovercheck;38060;1;0
Jbdukehotel.com-0086-2016Redesign;en-US;/Home;21918;1;0
Naiaresortandspa.com-0077-2016Redesign;en-US;/home;20455;1;0
Samosetresort.com-0113-2017Redesign;en-US;/failovercheck;40334;1;0
Luxehotels.com-0078-2016Redesign;en-US;/Home;18805;1;0
Assuranceoperations.com-0065-2015Redesign;en-US;/Home;15263;1;0
Halcyonhotelcherrycreek.com-0061-2015Redesign;en-US;/Home;22121;1;0
Lakeplacidlodge.com-0105-2017Redesign;en-US;/failovercheck;39238;1;0
Chrco.com-0107-2017Redesign;en-US;/Home;29280;1;0
Zotabeachresort.com-0090-2016Redesign;en-US;/failovercheck;38058;1;0
Sandylane.com-0075-2016Redesign;en-US;/Home;17611;1;0
Treasureislandbeachresort.com-0089-2016Redesign;en-US;/failovercheck;38057;1;0
Opalsands.com-0084-2016Redesign;en-US;/failovercheck;38055;1;0
Jupiterbeachresort.com-0103-2017Redesign;en-US;/failovercheck;38052;1;0
Theharborsidehotel.com-0114-2017Redesign;en-US;/failovercheck;40403;1;0
Edgewaternaples.com-0094-2016Redesign;en-US;/failovercheck;38051;1;0
Kittitianhill.com-0012-2014Redesign;en-US;/Home;2236;1;0
Passport.lehotels.com-0069-2016BlogRedesign;en-US;/failovercheck;41068;1;0
Napavalleymarriott.com-0071-2016Redesign;en-US;/Home;16432;1;0
Napavalleymarriott.com-0071-2016Redesign;en-US;/Home;16432;1;0
Hospitalityupgrade.com-0093-2016Redesign;en-US;/Home;25405;1;0
Chrco.com-0107-2017Redesign;en-US;/Portfolio;29680;1;0
Cendyn.com-0095-2016Redesign;en-US;/Home;26640;1;0
Cendyn.com-0095-2016Redesign;en-US;/Home;26640;1;0
Cendyn.com-0095-2016Redesign;en-US;/Home;26640;1;0
Broadmoor.com-0073-2016Redesign;en-US;/Home;16721;1;0
Cendyn.com-0095-2016Redesign;en-US;/Home;26640;1;0
Secretharbourvi.com-0040-2015Redesign;en-US;/exclusive-offers-signup;9418;1;0
Napavalleymarriott.com-0071-2016Redesign;en-US;/Home;16432;1;0
Longboatkeyclub.com-0104-2017Redesign;en-US;/failovercheck;38054;1;0
Lidobeachresort.com-0106-2017Redesign;en-US;/failovercheck;38053;1;0
Thesagamore.com-0112-2017Redesign;en-US;/failovercheck;39241;1;0
Delraysandsresort.com-0097-2016Redesign;en-US;/failovercheck;38049;1;0
Broadmoor.com-0073-2016Redesign;en-US;/failovercheck;38059;1;0
Broadmoor.com-0073-2016Redesign;en-US;/Home;16721;1;0
Abbingtonbanquets.com-0070-2016Redesign;en-US;/Home;15789;1;0
Longboatkeyclub.com-0104-2017Redesign;en-US;/404;35641;1;0
Sandylane.com-0075-2016Redesign;en-US;/Home;17611;1;0
Cendyn.com-0095-2016Redesign;en-US;/Home;26640;1;0
Hospitalityupgrade.com-0093-2016Redesign;en-US;/Tech-Providers/Tech-Provider-Details;31876;1;0
Sandpearl.com-0091-2016Redesign;en-US;/failovercheck;38056;1;0
Secretharbourvi.com-0040-2015Redesign;en-US;/Fitness-Center;26362;1;0
Bluebirch.com-0072-2016Redesign;en-US;/Home;16693;1;0
Hhotellosangeles.com-0118-2017Redesign;en-US;/Home;35289;1;0
Theoxfordhotel.com-0062-2015Redesign;en-US;/Home;14325;1;0
Abbingtonbanquets.com-0070-2016Redesign;en-US;/Home;15789;1;0
Meateatery.com-0080-2016Redesign;en-US;/;18505;1;0
Glencovemansion.com-0058-2015Redesign;en-US;/Home;13328;1;0
Degreerestaurant.com-0056-2015Redesign;en-US;/Home;11598;1;0
Thecurtis.com-0079-2016Redesign;en-US;/Home;17981;1;0
Assuranceoperations.com-0065-2015Redesign;en-US;/Home;15263;1;0
Bocatrans.com-0082-2016Redesign;en-US;/Home;19758;1;0
Thecrawfordhotel.com-0074-2016Redesign;en-US;/Home;17145;1;0
Texturefoodanddrink.com-0067-2016Redesign;en-US;/Home;15452;1;0
Washingtoncourthotel.com-0076-2016Redesign;en-US;/Home;17858;1;0
Jbdukehotel.com-0086-2016Redesign;en-US;/Home;21918;1;0
Halcyonhotelcherrycreek.com-0061-2015Redesign;en-US;/Home;22121;1;0
Opalsands.com-0084-2016Redesign;en-US;/failovercheck;38055;1;0
Samosetresort.com-0113-2017Redesign;en-US;/failovercheck;40334;1;0
Galthouse.com-0042-2015Redesign;en-US;/failovercheck;38060;1;0
Luxehotels.com-0078-2016Redesign;en-US;/Home;18805;1;0
Homewoodsuiteslax.com-0110-2017Redesign;en-US;/Home;30747;1;0
Sandylane.com-0075-2016Redesign;en-US;/Home;17611;1;0
Lakeplacidlodge.com-0105-2017Redesign;en-US;/failovercheck;39238;1;0
Naiaresortandspa.com-0077-2016Redesign;en-US;/home;20455;1;0
Chrco.com-0107-2017Redesign;en-US;/Home;29280;1;0
Oxfordclubspa.com-0068-2016Redesign;en-US;/Home;15568;1;0
Beverlyhillsresidenceinn.com-0087-2016Redesign;en-US;/Home;20999;1;0
Theharborsidehotel.com-0114-2017Redesign;en-US;/failovercheck;40403;1;0
Treasureislandbeachresort.com-0089-2016Redesign;en-US;/failovercheck;38057;1;0
Jupiterbeachresort.com-0103-2017Redesign;en-US;/failovercheck;38052;1;0
Edgewaternaples.com-0094-2016Redesign;en-US;/failovercheck;38051;1;0
Zotabeachresort.com-0090-2016Redesign;en-US;/failovercheck;38058;1;0
Passport.lehotels.com-0069-2016BlogRedesign;en-US;/failovercheck;41068;1;0
Hospitalityupgrade.com-0093-2016Redesign;en-US;/Home;25405;1;0
Cendyn.com-0095-2016Redesign;en-US;/Home;26640;1;0
Cendyn.com-0095-2016Redesign;en-US;/Home;26640;1;0
Cendyn.com-0095-2016Redesign;en-US;/Home;26640;1;0
Cendyn.com-0095-2016Redesign;en-US;/Home;26640;1;0
Secretharbourvi.com-0040-2015Redesign;en-US;/hotel;9249;1;0
Napavalleymarriott.com-0071-2016Redesign;en-US;/Home;16432;1;0
Thesagamore.com-0112-2017Redesign;en-US;/failovercheck;39241;1;0
Miravalspamonarchbeach.com-0109-2017Redesign;en-US;/packages-specials/Couples-Packages/Couples-Relaxation;35339;1;0
Longboatkeyclub.com-0104-2017Redesign;en-US;/failovercheck;38054;1;0
Lidobeachresort.com-0106-2017Redesign;en-US;/failovercheck;38053;1;0
Delraysandsresort.com-0097-2016Redesign;en-US;/failovercheck;38049;1;0
Broadmoor.com-0073-2016Redesign;en-US;/failovercheck;38059;1;0
Hospitalityupgrade.com-0093-2016Redesign;en-US;/techTalk/July-2015/Hershey-Park-Investigating-Card-Fraud-Pattern-Secu;33188;1;0
Hospitalityupgrade.com-0093-2016Redesign;en-US;/News/News-Article-Details;22790;1;0
Unionstationhotelnashville.com-0047-2015Redesign;en-US;/nashville-dining;24218;1;0
Cendyn.com-0095-2016Redesign;en-US;/Home;26640;1;0
Secretharbourvi.com-0040-2015Redesign;en-US;/hotel/History-of-St-Thomas-(1);21010;1;0
Sandpearl.com-0091-2016Redesign;en-US;/failovercheck;38056;1;0
Washingtoncourthotel.com-0076-2016Redesign;en-US;/washington-dc-meetings-events;17932;1;0
Casaybelresort.com-0002-2014Redesign;en-US;/Home;1533;1;0
Sandpearl.com-0091-2016Redesign;en-US;/Home;22481;1;0
Meateatery.com-0080-2016Redesign;en-US;/;18505;1;0
Bluebirch.com-0072-2016Redesign;en-US;/Home;16693;1;0
Theoxfordhotel.com-0062-2015Redesign;en-US;/Home;14325;1;0
Hhotellosangeles.com-0118-2017Redesign;en-US;/Home;35289;1;0
Abbingtonbanquets.com-0070-2016Redesign;en-US;/Home;15789;1;0
Glencovemansion.com-0058-2015Redesign;en-US;/Home;13328;1;0
Degreerestaurant.com-0056-2015Redesign;en-US;/Home;11598;1;0
Bocatrans.com-0082-2016Redesign;en-US;/Home;19758;1;0
Thecrawfordhotel.com-0074-2016Redesign;en-US;/Home;17145;1;0
Texturefoodanddrink.com-0067-2016Redesign;en-US;/Home;15452;1;0
Thecurtis.com-0079-2016Redesign;en-US;/Home;17981;1;0
Oxfordclubspa.com-0068-2016Redesign;en-US;/Home;15568;1;0
Washingtoncourthotel.com-0076-2016Redesign;en-US;/Home;17858;1;0
Jbdukehotel.com-0086-2016Redesign;en-US;/Home;21918;1;0
Edgewaternaples.com-0094-2016Redesign;en-US;/failovercheck;38051;1;0
Beverlyhillsresidenceinn.com-0087-2016Redesign;en-US;/Home;20999;1;0
Assuranceoperations.com-0065-2015Redesign;en-US;/Home;15263;1;0
Naiaresortandspa.com-0077-2016Redesign;en-US;/home;20455;1;0
Homewoodsuiteslax.com-0110-2017Redesign;en-US;/Home;30747;1;0
Galthouse.com-0042-2015Redesign;en-US;/failovercheck;38060;1;0
Chrco.com-0107-2017Redesign;en-US;/Home;29280;1;0
Opalsands.com-0084-2016Redesign;en-US;/failovercheck;38055;1;0
Jupiterbeachresort.com-0103-2017Redesign;en-US;/failovercheck;38052;1;0
Samosetresort.com-0113-2017Redesign;en-US;/failovercheck;40334;1;0
Halcyonhotelcherrycreek.com-0061-2015Redesign;en-US;/Home;22121;1;0
Theharborsidehotel.com-0114-2017Redesign;en-US;/failovercheck;40403;1;0
Luxehotels.com-0078-2016Redesign;en-US;/Home;18805;1;0
Lakeplacidlodge.com-0105-2017Redesign;en-US;/failovercheck;39238;1;0
Sandylane.com-0075-2016Redesign;en-US;/Home;17611;1;0
Treasureislandbeachresort.com-0089-2016Redesign;en-US;/failovercheck;38057;1;0
Zotabeachresort.com-0090-2016Redesign;en-US;/failovercheck;38058;1;0
Casaybelresort.com-0002-2014Redesign;en-US;/Home;1533;1;0
Hospitalityupgrade.com-0093-2016Redesign;en-US;/Magazine/Magazine-Article;37631;1;0
Passport.lehotels.com-0069-2016BlogRedesign;en-US;/failovercheck;41068;1;0
Luxehotels.com-0078-2016Redesign;en-US;/Home;18805;1;0
Hospitalityupgrade.com-0093-2016Redesign;en-US;/Home;25405;1;0
Secretharbourvi.com-0040-2015Redesign;en-US;/hotel/maps;9254;1;0
Cendyn.com-0095-2016Redesign;en-US;/Home;26640;1;0
Cendyn.com-0095-2016Redesign;en-US;/Home;26640;1;0
Longboatkeyclub.com-0104-2017Redesign;en-US;/404;35641;1;0
Cendyn.com-0095-2016Redesign;en-US;/Home;26640;1;0
Cendyn.com-0095-2016Redesign;en-US;/Home;26640;1;0
Hospitalityupgrade.com-0093-2016Redesign;en-US;/News/News-Article-Details;22790;1;0
Napavalleymarriott.com-0071-2016Redesign;en-US;/Home;16432;1;0
Broadmoor.com-0073-2016Redesign;en-US;/failovercheck;38059;1;0
Thesagamore.com-0112-2017Redesign;en-US;/failovercheck;39241;1;0
Lidobeachresort.com-0106-2017Redesign;en-US;/failovercheck;38053;1;0
Longboatkeyclub.com-0104-2017Redesign;en-US;/failovercheck;38054;1;0
Delraysandsresort.com-0097-2016Redesign;en-US;/failovercheck;38049;1;0
Cendyn.com-0095-2016Redesign;en-US;/Home;26640;1;0
Hospitalityupgrade.com-0093-2016Redesign;en-US;/Home;25405;1;0
Luxehotels.com-0078-2016Redesign;en-US;/Home;18805;1;0
Sandpearl.com-0091-2016Redesign;en-US;/failovercheck;38056;1;0
Hospitalityupgrade.com-0093-2016Redesign;en-US;/Home;25405;1;0
Kittitianhill.com-0012-2014Redesign;en-US;/Home;2236;1;0
Secretharbourvi.com-0040-2015Redesign;en-US;/hotel/Photo-Gallery;9301;1;0
Meateatery.com-0080-2016Redesign;en-US;/;18505;1;0
Oxfordclubspa.com-0068-2016Redesign;en-US;/Home;15568;1;0
Naiaresortandspa.com-0077-2016Redesign;en-US;/home;20455;1;0
Halcyonhotelcherrycreek.com-0061-2015Redesign;en-US;/Home;22121;1;0
Assuranceoperations.com-0065-2015Redesign;en-US;/Home;15263;1;0
Degreerestaurant.com-0056-2015Redesign;en-US;/Home;11598;1;0
Glencovemansion.com-0058-2015Redesign;en-US;/Home;13328;1;0
Thecurtis.com-0079-2016Redesign;en-US;/Home;17981;1;0
Chrco.com-0107-2017Redesign;en-US;/Home;29280;1;0
Sandylane.com-0075-2016Redesign;en-US;/Home;17611;1;0
Galthouse.com-0042-2015Redesign;en-US;/failovercheck;38060;1;0
Beverlyhillsresidenceinn.com-0087-2016Redesign;en-US;/Home;20999;1;0
Luxehotels.com-0078-2016Redesign;en-US;/Home;18805;1;0
Washingtoncourthotel.com-0076-2016Redesign;en-US;/Home;17858;1;0
Homewoodsuiteslax.com-0110-2017Redesign;en-US;/Home;30747;1;0
Thecrawfordhotel.com-0074-2016Redesign;en-US;/Home;17145;1;0
Theoxfordhotel.com-0062-2015Redesign;en-US;/Home;14325;1;0
Bluebirch.com-0072-2016Redesign;en-US;/Home;16693;1;0
Jupiterbeachresort.com-0103-2017Redesign;en-US;/failovercheck;38052;1;0
Hhotellosangeles.com-0118-2017Redesign;en-US;/Home;35289;1;0
Opalsands.com-0084-2016Redesign;en-US;/failovercheck;38055;1;0
Jbdukehotel.com-0086-2016Redesign;en-US;/Home;21918;1;0
Bocatrans.com-0082-2016Redesign;en-US;/Home;19758;1;0
Texturefoodanddrink.com-0067-2016Redesign;en-US;/Home;15452;1;0
Theharborsidehotel.com-0114-2017Redesign;en-US;/failovercheck;40403;1;0
Abbingtonbanquets.com-0070-2016Redesign;en-US;/Home;15789;1;0
Lakeplacidlodge.com-0105-2017Redesign;en-US;/failovercheck;39238;1;0
Treasureislandbeachresort.com-0089-2016Redesign;en-US;/failovercheck;38057;1;0
Zotabeachresort.com-0090-2016Redesign;en-US;/failovercheck;38058;1;0
Samosetresort.com-0113-2017Redesign;en-US;/failovercheck;40334;1;0
Edgewaternaples.com-0094-2016Redesign;en-US;/failovercheck;38051;1;0
Chrco.com-0107-2017Redesign;en-US;/Crescent-Advantage/Leadership;29434;1;0
Passport.lehotels.com-0069-2016BlogRedesign;en-US;/failovercheck;41068;1;0
Hospitalityupgrade.com-0093-2016Redesign;en-US;/Home;25405;1;0
Cendyn.com-0095-2016Redesign;en-US;/Home;26640;1;0
Cendyn.com-0095-2016Redesign;en-US;/Home;26640;1;0
Cendyn.com-0095-2016Redesign;en-US;/Home;26640;1;0
Cendyn.com-0095-2016Redesign;en-US;/Home;26640;1;0
Broadmoor.com-0073-2016Redesign;en-US;/The-Resort;16724;1;0
Secretharbourvi.com-0040-2015Redesign;en-US;/hotel/Transportation-Getting-Around-(1);21009;1;0
Hospitalityupgrade.com-0093-2016Redesign;en-US;/News/News-Article-Details;22790;1;0
Napavalleymarriott.com-0071-2016Redesign;en-US;/Home;16432;1;0
Delraysandsresort.com-0097-2016Redesign;en-US;/failovercheck;38049;1;0
Longboatkeyclub.com-0104-2017Redesign;en-US;/failovercheck;38054;1;0
Broadmoor.com-0073-2016Redesign;en-US;/failovercheck;38059;1;0
Thesagamore.com-0112-2017Redesign;en-US;/failovercheck;39241;1;0
Lidobeachresort.com-0106-2017Redesign;en-US;/failovercheck;38053;1;0
Longboatkeyclub.com-0104-2017Redesign;en-US;/404;35641;1;0
Chrco.com-0107-2017Redesign;en-US;/Crescent-Advantage/Leadership;29434;1;0
Cendyn.com-0095-2016Redesign;en-US;/Home;26640;1;0
Secretharbourvi.com-0040-2015Redesign;en-US;/ThingsToDo/resort-activities;9481;1;0
Sandpearl.com-0091-2016Redesign;en-US;/failovercheck;38056;1;0
Renaissancepittsburghpa.com-0044-2015Redesign;en-US;/Home;9637;1;0
Thecurtis.com-0079-2016Redesign;en-US;/Home;17981;1;0
Washingtoncourthotel.com-0076-2016Redesign;en-US;/Home;17858;1;0
Degreerestaurant.com-0056-2015Redesign;en-US;/Home;11598;1;0
Bocatrans.com-0082-2016Redesign;en-US;/Home;19758;1;0
Sandylane.com-0075-2016Redesign;en-US;/Home;17611;1;0
Theoxfordhotel.com-0062-2015Redesign;en-US;/Home;14325;1;0
Luxehotels.com-0078-2016Redesign;en-US;/Home;18805;1;0
Homewoodsuiteslax.com-0110-2017Redesign;en-US;/Home;30747;1;0
Glencovemansion.com-0058-2015Redesign;en-US;/Home;13328;1;0
Lakeplacidlodge.com-0105-2017Redesign;en-US;/failovercheck;39238;1;0
Meateatery.com-0080-2016Redesign;en-US;/;18505;1;0
Opalsands.com-0084-2016Redesign;en-US;/failovercheck;38055;1;0
Zotabeachresort.com-0090-2016Redesign;en-US;/failovercheck;38058;1;0
Bluebirch.com-0072-2016Redesign;en-US;/Home;16693;1;0
Hhotellosangeles.com-0118-2017Redesign;en-US;/Home;35289;1;0
Chrco.com-0107-2017Redesign;en-US;/Home;29280;1;0
Samosetresort.com-0113-2017Redesign;en-US;/failovercheck;40334;1;0
Naiaresortandspa.com-0077-2016Redesign;en-US;/home;20455;1;0
Beverlyhillsresidenceinn.com-0087-2016Redesign;en-US;/Home;20999;1;0
Oxfordclubspa.com-0068-2016Redesign;en-US;/Home;15568;1;0
Assuranceoperations.com-0065-2015Redesign;en-US;/Home;15263;1;0
Thecrawfordhotel.com-0074-2016Redesign;en-US;/Home;17145;1;0
Jbdukehotel.com-0086-2016Redesign;en-US;/Home;21918;1;0
Texturefoodanddrink.com-0067-2016Redesign;en-US;/Home;15452;1;0
Abbingtonbanquets.com-0070-2016Redesign;en-US;/Home;15789;1;0
Halcyonhotelcherrycreek.com-0061-2015Redesign;en-US;/Home;22121;1;0
Jupiterbeachresort.com-0103-2017Redesign;en-US;/failovercheck;38052;1;0
Galthouse.com-0042-2015Redesign;en-US;/failovercheck;38060;1;0
Treasureislandbeachresort.com-0089-2016Redesign;en-US;/failovercheck;38057;1;0
Theharborsidehotel.com-0114-2017Redesign;en-US;/failovercheck;40403;1;0
Edgewaternaples.com-0094-2016Redesign;en-US;/failovercheck;38051;1;0
Passport.lehotels.com-0069-2016BlogRedesign;en-US;/failovercheck;41068;1;0
Hospitalityupgrade.com-0093-2016Redesign;en-US;/Home;25405;1;0
Cendyn.com-0095-2016Redesign;en-US;/Home;26640;1;0
Cendyn.com-0095-2016Redesign;en-US;/Home;26640;1;0
Cendyn.com-0095-2016Redesign;en-US;/Home;26640;1;0
Cendyn.com-0095-2016Redesign;en-US;/Home;26640;1;0
Hospitalityupgrade.com-0093-2016Redesign;en-US;/News/News-Article-Details;22790;1;0
Napavalleymarriott.com-0071-2016Redesign;en-US;/Home;16432;1;0
Lidobeachresort.com-0106-2017Redesign;en-US;/failovercheck;38053;1;0
Thesagamore.com-0112-2017Redesign;en-US;/failovercheck;39241;1;0
Delraysandsresort.com-0097-2016Redesign;en-US;/failovercheck;38049;1;0
Broadmoor.com-0073-2016Redesign;en-US;/failovercheck;38059;1;0
Longboatkeyclub.com-0104-2017Redesign;en-US;/failovercheck;38054;1;0
Secretharbourvi.com-0040-2015Redesign;en-US;/room_suites;9372;1;0
Broadmoor.com-0073-2016Redesign;en-US;/Home;16721;1;0
Hospitalityupgrade.com-0093-2016Redesign;en-US;/techTalk/March-2016/Hospitality-Hype-Over-Social-Media-Marketing;33134;1;0
Cendyn.com-0095-2016Redesign;en-US;/Home;26640;1;0
Sandpearl.com-0091-2016Redesign;en-US;/failovercheck;38056;1;0
Secretharbourvi.com-0040-2015Redesign;en-US;/room_suites/resort-amenities;9374;1;0
Broadmoor.com-0073-2016Redesign;en-US;/Home;16721;1;0
Broadmoor.com-0073-2016Redesign;en-US;/Home;16721;1;0
Thecurtis.com-0079-2016Redesign;en-US;/Home;17981;1;0
Bocatrans.com-0082-2016Redesign;en-US;/Home;19758;1;0
Washingtoncourthotel.com-0076-2016Redesign;en-US;/Home;17858;1;0
Beverlyhillsresidenceinn.com-0087-2016Redesign;en-US;/Home;20999;1;0
Degreerestaurant.com-0056-2015Redesign;en-US;/Home;11598;1;0
Hhotellosangeles.com-0118-2017Redesign;en-US;/Home;35289;1;0
Glencovemansion.com-0058-2015Redesign;en-US;/Home;13328;1;0
Meateatery.com-0080-2016Redesign;en-US;/;18505;1;0
Bluebirch.com-0072-2016Redesign;en-US;/Home;16693;1;0
Abbingtonbanquets.com-0070-2016Redesign;en-US;/Home;15789;1;0
Thecrawfordhotel.com-0074-2016Redesign;en-US;/Home;17145;1;0
Assuranceoperations.com-0065-2015Redesign;en-US;/Home;15263;1;0
Texturefoodanddrink.com-0067-2016Redesign;en-US;/Home;15452;1;0
Thecurtis.com-0079-2016Redesign;en-US;/Home;17981;1;0
Jbdukehotel.com-0086-2016Redesign;en-US;/Home;21918;1;0
Oxfordclubspa.com-0068-2016Redesign;en-US;/Home;15568;1;0
Halcyonhotelcherrycreek.com-0061-2015Redesign;en-US;/Home;22121;1;0
Theoxfordhotel.com-0062-2015Redesign;en-US;/Home;14325;1;0
Homewoodsuiteslax.com-0110-2017Redesign;en-US;/Home;30747;1;0
Chrco.com-0107-2017Redesign;en-US;/Home;29280;1;0
Naiaresortandspa.com-0077-2016Redesign;en-US;/home;20455;1;0
Galthouse.com-0042-2015Redesign;en-US;/failovercheck;38060;1;0
Edgewaternaples.com-0094-2016Redesign;en-US;/failovercheck;38051;1;0
Luxehotels.com-0078-2016Redesign;en-US;/Home;18805;1;0
Lakeplacidlodge.com-0105-2017Redesign;en-US;/failovercheck;39238;1;0
Theharborsidehotel.com-0114-2017Redesign;en-US;/failovercheck;40403;1;0
Jupiterbeachresort.com-0103-2017Redesign;en-US;/failovercheck;38052;1;0
Sandylane.com-0075-2016Redesign;en-US;/Home;17611;1;0
Treasureislandbeachresort.com-0089-2016Redesign;en-US;/failovercheck;38057;1;0
Opalsands.com-0084-2016Redesign;en-US;/failovercheck;38055;1;0
Zotabeachresort.com-0090-2016Redesign;en-US;/failovercheck;38058;1;0
Samosetresort.com-0113-2017Redesign;en-US;/failovercheck;40334;1;0
