Broadmoor.com-0073-2016Redesign;en-US;/wp-login.php/;0;1;0
Hospitalityupgrade.com-0093-2016Redesign;en-US;/TrackLinks_2ndED.asp;0;1;0
Arcaneo.com-0030-2014Redesign;en-US;/failovercheck/;0;1;0
Jupiterbeachresort.com-0103-2017Redesign;en-US;/home.feed/;0;1;0
Jupiterbeachresort.com-0103-2017Redesign;en-US;/home.feed/;0;1;0
Broadmoor.com-0073-2016Redesign;en-US;/wp-login.php/;0;1;0
Crmweb.cendyn.com-0121-2017Redesign;en-US;/failovercheck/;0;1;0
Thecurtis.com-0079-2016Redesign;en-US;/CMSPages/getmedia/840272bc-9153-402c-92c9-ca2568de629e/halohandletter-webfont;0;1;0
Monarchbeachresort.com-0092-2016Redesign;en-US;/wp-login.php/;0;1;0
Thecrawfordhotel.com-0074-2016Redesign;en-US;/wp-login.php/;0;1;0
Miravalspamonarchbeach.com-0109-2017Redesign;en-US;/failovercheck/;0;1;0
Lehotels.com-0049-2015Transfer;en-US;/autodiscover/autodiscover.xml;0;1;0
theweststreethotel.com-0115-2017Redesign;en-US;/failovercheck/;0;1;0
Broadmoor.com-0073-2016Redesign;en-US;/favicon.ico/;0;1;0
Arcaneo.com-0030-2014Redesign;en-US;/failovercheck/;0;1;0
Hospitalityupgrade.com-0093-2016Redesign;en-US;/TrackLinks_2ndED.asp;0;1;0
Sandpearl.com-0091-2016Redesign;en-US;/Opal/media/Opal/layout/blank.gif/;0;1;0
Thecurtis.com-0079-2016Redesign;en-US;/rooms/hyper-themed-rooms/images/plus-icon.png/;0;1;0
Thecurtis.com-0079-2016Redesign;en-US;/rooms/hyper-themed-rooms/images/next-arrow.png/;0;1;0
Thecurtis.com-0079-2016Redesign;en-US;/rooms/hyper-themed-rooms/images/x-btn.png/;0;1;0
Thecurtis.com-0079-2016Redesign;en-US;/rooms/hyper-themed-rooms/images/prev-arrow.png/;0;1;0
Crmweb.cendyn.com-0121-2017Redesign;en-US;/failovercheck/;0;1;0
Lehotels.com-0049-2015Transfer;en-US;/wp-login.php/;0;1;0
Longboatkeyclub.com-0104-2017Redesign;en-US;/wp-login.php/;0;1;0
Miravalspamonarchbeach.com-0109-2017Redesign;en-US;/failovercheck/;0;1;0
Longboatkeyclub.com-0104-2017Redesign;en-US;/wp-login.php/;0;1;0
theweststreethotel.com-0115-2017Redesign;en-US;/failovercheck/;0;1;0
Thecrawfordhotel.com-0074-2016Redesign;en-US;/autodiscover/autodiscover.xml;0;1;0
Cocokeyorlando.com-0059-2015Redesign;en-US;/getmedia/d93e4657-5670-4323-be06-154ebcd9596a/direction-buttons/;0;1;0
Cocokeyorlando.com-0059-2015Redesign;en-US;/getmedia/98c85f83-2a85-43f5-9671-af03e3540bf4/ajax-loader/;0;1;0
Glencovemansion.com-0058-2015Redesign;en-US;/autodiscover/autodiscover.xml;0;1;0
Cendyn.com-0095-2016Redesign;en-US;/autodiscover/autodiscover.xml;0;1;0
Hospitalityupgrade.com-0093-2016Redesign;en-US;/TrackLinks_2ndED.asp;0;1;0
Lehotels.com-0049-2015Transfer;en-US;/autodiscover/autodiscover.xml;0;1;0
Cendyn.com-0095-2016Redesign;en-US;/autodiscover/autodiscover.xml;0;1;0
Thelodgeatwoodloch.com-0033-2015Redesign;en-US;/favicon.ico/;0;1;0
Miravalspamonarchbeach.com-0109-2017Redesign;en-US;/failovercheck/;0;1;0
Lehotels.com-0049-2015Transfer;en-US;/autodiscover/autodiscover.xml;0;1;0
Galthouse.com-0042-2015Redesign;en-US;/favicon.ico/;0;1;0
Jupiterbeachresort.com-0103-2017Redesign;en-US;/Opal/media/Opal/layout/blank.gif/;0;1;0
Delraysandsresort.com-0097-2016Redesign;en-US;/Opal/media/Opal/layout/blank.gif/;0;1;0
Theoxfordhotel.com-0062-2015Redesign;en-US;/wp-login.php/;0;1;0
Sandpearl.com-0091-2016Redesign;en-US;/Opal/media/Opal/layout/blank.gif/;0;1;0
Broadmoor.com-0073-2016Redesign;en-US;/wp-login.php/;0;1;0
Sunsetkeycottages.com-0116-2017Redesign;en-US;/failovercheck/;0;1;0
Cendyn.com-0095-2016Redesign;en-US;/wp-login.php/;0;1;0
Hospitalityupgrade.com-0093-2016Redesign;en-US;/TrackLinks_2ndED.asp;0;1;0
Broadmoor.com-0073-2016Redesign;en-US;/wp-login.php/;0;1;0
Cendynone.com-0035-2015Redesign;en-US;/wp-login.php/;0;1;0
Thesagamore.com-0112-2017Redesign;en-US;/favicon.ico/;0;1;0
Thesagamore.com-0112-2017Redesign;en-US;/favicon.ico/;0;1;0
Opalcollection.com-0098-2017Redesign;en-US;/failovercheck/;0;1;0
Thesagamore.com-0112-2017Redesign;en-US;/Request-for-Proposal.htm/;0;1;0
Thesagamore.com-0112-2017Redesign;en-US;/Request-for-Proposal.htm/;0;1;0
Lehotels.com-0049-2015Transfer;en-US;/autodiscover/autodiscover.xml;0;1;0
Hospitalityupgrade.com-0093-2016Redesign;en-US;/techTalk/August-2017/Property-Management-Solutions-–-A-HITEC-2017-Revie;0;1;0
Sunsetkeycottages.com-0116-2017Redesign;en-US;/failovercheck/;0;1;0
wentworthcom00212014redesign;en-US;/Images/ui-bg_flat_75_ffffff_40x100/;0;1;0
wentworthcom00212014redesign;en-US;/Images/ui-icons_222222_256x240/;0;1;0
Hospitalityupgrade.com-0093-2016Redesign;en-US;/TrackLinks_2ndED.asp;0;1;0
Broadmoor.com-0073-2016Redesign;en-US;/moveablefeast/may/;0;1;0
Broadmoor.com-0073-2016Redesign;en-US;/autodiscover/autodiscover.xml;0;1;0
Opalcollection.com-0098-2017Redesign;en-US;/failovercheck/;0;1;0
Thecurtis.com-0079-2016Redesign;en-US;/CMSPages/getmedia/840272bc-9153-402c-92c9-ca2568de629e/halohandletter-webfont;0;1;0
Sunsetkeycottages.com-0116-2017Redesign;en-US;/failovercheck/;0;1;0
hutchinsonshores.com-0119-2017Redesign;en-US;/failovercheck/;0;1;0
Hospitalityupgrade.com-0093-2016Redesign;en-US;/TrackLinks_2ndED.asp;0;1;0
Lehotels.com-0049-2015Transfer;en-US;/autodiscover/autodiscover.xml;0;1;0
Lehotels.com-0049-2015Transfer;en-US;/autodiscover/autodiscover.xml;0;1;0
Opalcollection.com-0098-2017Redesign;en-US;/failovercheck/;0;1;0
Cendyn.com-0095-2016Redesign;en-US;/autodiscover/autodiscover.xml;0;1;0
Hospitalityupgrade.com-0093-2016Redesign;en-US;/TrackLinks_2ndED.asp;0;1;0
hutchinsonshores.com-0119-2017Redesign;en-US;/failovercheck/;0;1;0
Mysageinternship.com-0051-2015Redesign;en-US;/administrator/;0;1;0
Arcaneo.com-0030-2014Redesign;en-US;/failovercheck/;0;1;0
Mysageinternship.com-0051-2015Redesign;en-US;/administrator/index.php/;0;1;0
Crmweb.cendyn.com-0121-2017Redesign;en-US;/failovercheck/;0;1;0
Galthouse.com-0042-2015Redesign;en-US;/_files/_pdf/Itineraries/Historic.pdf/;0;1;0
Hospitalityupgrade.com-0093-2016Redesign;en-US;/TrackLinks_2ndED.asp;0;1;0
theweststreethotel.com-0115-2017Redesign;en-US;/failovercheck/;0;1;0
hutchinsonshores.com-0119-2017Redesign;en-US;/failovercheck/;0;1;0
Arcaneo.com-0030-2014Redesign;en-US;/failovercheck/;0;1;0
Delraysandsresort.com-0097-2016Redesign;en-US;/Opal/media/Opal/layout/blank.gif/;0;1;0
Lehotels.com-0049-2015Transfer;en-US;/hotels/Recoleta/services/;0;1;0
Crmweb.cendyn.com-0121-2017Redesign;en-US;/failovercheck/;0;1;0
Broadmoor.com-0073-2016Redesign;en-US;/wp-login.php/;0;1;0
Miravalspamonarchbeach.com-0109-2017Redesign;en-US;/failovercheck/;0;1;0
Hospitalityupgrade.com-0093-2016Redesign;en-US;/TrackLinks_2ndED.asp;0;1;0
theweststreethotel.com-0115-2017Redesign;en-US;/failovercheck/;0;1;0
Broadmoor.com-0073-2016Redesign;en-US;/wp-login.php/;0;1;0
Arcaneo.com-0030-2014Redesign;en-US;/failovercheck/;0;1;0
Bellemontfarm.com-0007-2013Redesign;en-US;/apple-touch-icon-precomposed.png/;0;1;0
Crmweb.cendyn.com-0121-2017Redesign;en-US;/failovercheck/;0;1;0
Broadmoor.com-0073-2016Redesign;en-US;/apple-touch-icon-precomposed.png/;0;1;0
Bellemontfarm.com-0007-2013Redesign;en-US;/apple-touch-icon.png/;0;1;0
Bellemontfarm.com-0007-2013Redesign;en-US;/favicon.ico/;0;1;0
Bellemontfarm.com-0007-2013Redesign;en-US;/apple-touch-icon-precomposed.png/;0;1;0
Broadmoor.com-0073-2016Redesign;en-US;/apple-touch-icon.png/;0;1;0
Hospitalityupgrade.com-0093-2016Redesign;en-US;/TrackLinks_2ndED.asp;0;1;0
Bellemontfarm.com-0007-2013Redesign;en-US;/apple-touch-icon.png/;0;1;0
Theoxfordhotel.com-0062-2015Redesign;en-US;/CMSPages/images/bx_loader.gif;0;1;0
Broadmoor.com-0073-2016Redesign;en-US;/favicon.ico/;0;1;0
Bellemontfarm.com-0007-2013Redesign;en-US;/favicon.ico/;0;1;0
Miravalspamonarchbeach.com-0109-2017Redesign;en-US;/failovercheck/;0;1;0
Bellemontfarm.com-0007-2013Redesign;en-US;/apple-touch-icon-precomposed.png/;0;1;0
Bellemontfarm.com-0007-2013Redesign;en-US;/apple-touch-icon.png/;0;1;0
Bellemontfarm.com-0007-2013Redesign;en-US;/favicon.ico/;0;1;0
Broadmoor.com-0073-2016Redesign;en-US;/apple-touch-icon-precomposed.png/;0;1;0
Bellemontfarm.com-0007-2013Redesign;en-US;/apple-touch-icon-precomposed.png/;0;1;0
theweststreethotel.com-0115-2017Redesign;en-US;/failovercheck/;0;1;0
Bellemontfarm.com-0007-2013Redesign;en-US;/apple-touch-icon.png/;0;1;0
Bellemontfarm.com-0007-2013Redesign;en-US;/favicon.ico/;0;1;0
Broadmoor.com-0073-2016Redesign;en-US;/apple-touch-icon.png/;0;1;0
Broadmoor.com-0073-2016Redesign;en-US;/wp-login.php/;0;1;0
Broadmoor.com-0073-2016Redesign;en-US;/favicon.ico/;0;1;0
Broadmoor.com-0073-2016Redesign;en-US;/apple-touch-icon-precomposed.png/;0;1;0
Broadmoor.com-0073-2016Redesign;en-US;/apple-touch-icon.png/;0;1;0
Hospitalityupgrade.com-0093-2016Redesign;en-US;/TrackLinks_2ndED.asp;0;1;0
Samosetresort.com-0113-2017Redesign;en-US;/Table/Accommodations/feed/rss.html/;0;1;0
Broadmoor.com-0073-2016Redesign;en-US;/favicon.ico/;0;1;0
Broadmoor.com-0073-2016Redesign;en-US;/wp-login.php/;0;1;0
Samosetresort.com-0113-2017Redesign;en-US;/Table/Accommodations/feed/rss.html/;0;1;0
Broadmoor.com-0073-2016Redesign;en-US;/apple-touch-icon-precomposed.png/;0;1;0
Broadmoor.com-0073-2016Redesign;en-US;/apple-touch-icon.png/;0;1;0
Miravalspamonarchbeach.com-0109-2017Redesign;en-US;/failovercheck/;0;1;0
Broadmoor.com-0073-2016Redesign;en-US;/favicon.ico/;0;1;0
Hospitalityupgrade.com-0093-2016Redesign;en-US;/TrackLinks_2ndED.asp;0;1;0
Theharborsidehotel.com-0114-2017Redesign;en-US;/wp-login.php/;0;1;0
Lehotels.com-0049-2015Transfer;en-US;/Map/results/r-0/lc-0/c-sz/cl-10/co-2/ci-0/st-54/;0;1;0
Thecrawfordhotel.com-0074-2016Redesign;en-US;/autodiscover/autodiscover.xml;0;1;0
Theharborsidehotel.com-0114-2017Redesign;en-US;/wp-login.php/;0;1;0
Broadmoor.com-0073-2016Redesign;en-US;/blog-(1)/;0;1;0
Sunsetkeycottages.com-0116-2017Redesign;en-US;/failovercheck/;0;1;0
Hospitalityupgrade.com-0093-2016Redesign;en-US;/TrackLinks_2ndED.asp;0;1;0
Broadmoor.com-0073-2016Redesign;en-US;/wpad.dat/;0;1;0
Broadmoor.com-0073-2016Redesign;en-US;/wpad.dat/;0;1;0
