Luxehotels.com-0078-2016Redesign;en-US;/autodiscover/autodiscover.xml;0;1;0
Halcyonhotelcherrycreek.com-0061-2015Redesign;en-US;/autodiscover/autodiscover.xml;0;1;0
theweststreethotel.com-0115-2017Redesign;en-US;/failovercheck/;0;1;0
Crmweb.cendyn.com-0121-2017Redesign;en-US;/failovercheck/;0;1;0
Arcaneo.com-0030-2014Redesign;en-US;/failovercheck/;0;1;0
Miravalspamonarchbeach.com-0109-2017Redesign;en-US;/failovercheck/;0;1;0
wentworthcom00212014redesign;en-US;/Images/ui-bg_highlight-soft_75_cccccc_1x100/;0;1;0
wentworthcom00212014redesign;en-US;/Images/ui-bg_flat_75_ffffff_40x100/;0;1;0
Broadmoor.com-0073-2016Redesign;en-US;/wp-login.php/;0;1;0
wentworthcom00212014redesign;en-US;/Images/ui-icons_222222_256x240/;0;1;0
Galthouse.com-0042-2015Redesign;en-US;/wp-login.php/;0;1;0
Galthouse.com-0042-2015Redesign;en-US;/wp-login.php/;0;1;0
wentworthcom00212014redesign;en-US;/Images/ui-bg_flat_75_ffffff_40x100/;0;1;0
wentworthcom00212014redesign;en-US;/Images/ui-icons_222222_256x240/;0;1;0
Zotabeachresort.com-0090-2016Redesign;en-US;/function-space/;0;1;0
Thesagamore.com-0112-2017Redesign;en-US;/favicon.ico/;0;1;0
Miravalspamonarchbeach.com-0109-2017Redesign;en-US;/failovercheck/;0;1;0
Broadmoor.com-0073-2016Redesign;en-US;/wp-login.php/;0;1;0
Chrco.com-0107-2017Redesign;en-US;/image/;0;1;0
theweststreethotel.com-0115-2017Redesign;en-US;/Opal/media/Opal/layout/blank.gif/;0;1;0
Broadmoor.com-0073-2016Redesign;en-US;/wp-login.php/;0;1;0
Lehotels.com-0049-2015Transfer;en-US;/Search/results/r-6/lc-0/c-mr/cl-6/co-0/ci-19/st-0/;0;1;0
Luxehotels.com-0078-2016Redesign;en-US;/wpad.dat/;0;1;0
Broadmoor.com-0073-2016Redesign;en-US;/autodiscover/autodiscover.xml;0;1;0
Theoxfordhotel.com-0062-2015Redesign;en-US;/autodiscover/autodiscover.xml;0;1;0
Sunsetkeycottages.com-0116-2017Redesign;en-US;/failovercheck/;0;1;0
Halcyonhotelcherrycreek.com-0061-2015Redesign;en-US;/images/select-down-arrow.png/;0;1;0
Beverlyhillsresidenceinn.com-0087-2016Redesign;en-US;/mobile/;0;1;0
Luxehotels.com-0078-2016Redesign;en-US;/luxecitycenter/amenities/;0;1;0
Luxehotels.com-0078-2016Redesign;en-US;/wpad.dat/;0;1;0
saddlebrook.com-0011-2014Redesign;en-US;/wp-login.php/;0;1;0
Samosetresort.com-0113-2017Redesign;en-US;/wp-login.php/;0;1;0
Samosetresort.com-0113-2017Redesign;en-US;/wp-login.php/;0;1;0
Thesagamore.com-0112-2017Redesign;en-US;/wp-login.php/;0;1;0
Opalcollection.com-0098-2017Redesign;en-US;/failovercheck/;0;1;0
Sunsetkeycottages.com-0116-2017Redesign;en-US;/failovercheck/;0;1;0
Thesagamore.com-0112-2017Redesign;en-US;/wp-login.php/;0;1;0
Sandpearl.com-0091-2016Redesign;en-US;/Opal/media/Opal/layout/blank.gif/;0;1;0
Theharborsidehotel.com-0114-2017Redesign;en-US;/wp-login.php/;0;1;0
Broadmoor.com-0073-2016Redesign;en-US;/wpad.dat/;0;1;0
Broadmoor.com-0073-2016Redesign;en-US;/wpad.dat/;0;1;0
Thecrawfordhotel.com-0074-2016Redesign;en-US;/autodiscover/autodiscover.xml;0;1;0
Theharborsidehotel.com-0114-2017Redesign;en-US;/wp-login.php/;0;1;0
Lehotels.com-0049-2015Transfer;en-US;/autodiscover/autodiscover.xml;0;1;0
Lidobeachresort.com-0106-2017Redesign;en-US;/Opal/media/Opal/layout/blank.gif/;0;1;0
Lidobeachresort.com-0106-2017Redesign;en-US;/Opal/media/Opal/layout/blank.gif/;0;1;0
Opalcollection.com-0098-2017Redesign;en-US;/failovercheck/;0;1;0
Sunsetkeycottages.com-0116-2017Redesign;en-US;/failovercheck/;0;1;0
Broadmoor.com-0073-2016Redesign;en-US;/wpad.dat/;0;1;0
Broadmoor.com-0073-2016Redesign;en-US;/wpad.dat/;0;1;0
Luxehotels.com-0078-2016Redesign;en-US;/wpad.dat/;0;1;0
Theloganhotel.com-0043-2015Redesign;en-US;/autodiscover/autodiscover.xml;0;1;0
Halcyonhotelcherrycreek.com-0061-2015Redesign;en-US;/images/select-down-arrow.png/;0;1;0
Luxehotels.com-0078-2016Redesign;en-US;/wpad.dat/;0;1;0
Broadmoor.com-0073-2016Redesign;en-US;/browserconfig.xml/;0;1;0
Sandpearl.com-0091-2016Redesign;en-US;/Opal/media/Opal/layout/blank.gif/;0;1;0
Opalcollection.com-0098-2017Redesign;en-US;/failovercheck/;0;1;0
hutchinsonshores.com-0119-2017Redesign;en-US;/failovercheck/;0;1;0
Samosetresort.com-0113-2017Redesign;en-US;/Table/Accommodations/feed/rss.html/;0;1;0
Glencovemansion.com-0058-2015Redesign;en-US;/long_island/;0;1;0
Samosetresort.com-0113-2017Redesign;en-US;/Table/Accommodations/feed/rss.html/;0;1;0
saddlebrook.com-0011-2014Redesign;en-US;/apple-touch-icon-120x120-precomposed.png/;0;1;0
Luxehotels.com-0078-2016Redesign;en-US;/wpad.dat/;0;1;0
Luxehotels.com-0078-2016Redesign;en-US;/wpad.dat/;0;1;0
Hospitalityupgrade.com-0093-2016Redesign;en-US;/_techTalk/TechTalk/Feed;0;1;0
Lehotels.com-0049-2015Transfer;en-US;/hotels/CreeksideInn/dining/;0;1;0
Lehotels.com-0049-2015Transfer;en-US;/autodiscover/autodiscover.xml;0;1;0
saddlebrook.com-0011-2014Redesign;en-US;/apple-touch-icon-120x120.png/;0;1;0
Lehotels.com-0049-2015Transfer;en-US;/autodiscover/autodiscover.xml;0;1;0
Lehotels.com-0049-2015Transfer;en-US;/autodiscover/autodiscover.xml;0;1;0
saddlebrook.com-0011-2014Redesign;en-US;/apple-touch-icon-precomposed.png/;0;1;0
theweststreethotel.com-0115-2017Redesign;en-US;/failovercheck/;0;1;0
saddlebrook.com-0011-2014Redesign;en-US;/apple-touch-icon.png/;0;1;0
Crmweb.cendyn.com-0121-2017Redesign;en-US;/failovercheck/;0;1;0
Arcaneo.com-0030-2014Redesign;en-US;/failovercheck/;0;1;0
hutchinsonshores.com-0119-2017Redesign;en-US;/failovercheck/;0;1;0
Luxehotels.com-0078-2016Redesign;en-US;/wpad.dat/;0;1;0
saddlebrook.com-0011-2014Redesign;en-US;/favicon.ico/;0;1;0
Thesagamore.com-0112-2017Redesign;en-US;/favicon.ico/;0;1;0
Beverlyhillsresidenceinn.com-0087-2016Redesign;en-US;/wp-login.php/;0;1;0
saddlebrook.com-0011-2014Redesign;en-US;/apple-touch-icon-120x120-precomposed.png/;0;1;0
Sandpearl.com-0091-2016Redesign;en-US;/Opal/media/Opal/layout/blank.gif/;0;1;0
Chrco.com-0107-2017Redesign;en-US;/image/;0;1;0
saddlebrook.com-0011-2014Redesign;en-US;/apple-touch-icon-120x120.png/;0;1;0
theweststreethotel.com-0115-2017Redesign;en-US;/failovercheck/;0;1;0
Crmweb.cendyn.com-0121-2017Redesign;en-US;/failovercheck/;0;1;0
Arcaneo.com-0030-2014Redesign;en-US;/failovercheck/;0;1;0
hutchinsonshores.com-0119-2017Redesign;en-US;/failovercheck/;0;1;0
Miravalspamonarchbeach.com-0109-2017Redesign;en-US;/failovercheck/;0;1;0
saddlebrook.com-0011-2014Redesign;en-US;/apple-touch-icon-precomposed.png/;0;1;0
Monarchbeachresort.com-0092-2016Redesign;en-US;/autodiscover/autodiscover.xml;0;1;0
saddlebrook.com-0011-2014Redesign;en-US;/apple-touch-icon.png/;0;1;0
Cendyn.com-0095-2016Redesign;en-US;/wp-login.php/;0;1;0
Longboatkeyclub.com-0104-2017Redesign;en-US;/wp-login.php/;0;1;0
Luxehotels.com-0078-2016Redesign;en-US;/wpad.dat/;0;1;0
Longboatkeyclub.com-0104-2017Redesign;en-US;/wp-login.php/;0;1;0
theweststreethotel.com-0115-2017Redesign;en-US;/failovercheck/;0;1;0
saddlebrook.com-0011-2014Redesign;en-US;/favicon.ico/;0;1;0
Crmweb.cendyn.com-0121-2017Redesign;en-US;/failovercheck/;0;1;0
Arcaneo.com-0030-2014Redesign;en-US;/failovercheck/;0;1;0
Miravalspamonarchbeach.com-0109-2017Redesign;en-US;/failovercheck/;0;1;0
Luxehotels.com-0078-2016Redesign;en-US;/autodiscover/autodiscover.xml;0;1;0
wentworthcom00212014redesign;en-US;/portsmith-wedding-offers/;0;1;0
Sandpearl.com-0091-2016Redesign;en-US;/Opal/media/Opal/layout/blank.gif/;0;1;0
Lehotels.com-0049-2015Transfer;en-US;/wp-login.php/;0;1;0
Cocokeyorlando.com-0059-2015Redesign;en-US;/getmedia/98c85f83-2a85-43f5-9671-af03e3540bf4/ajax-loader/;0;1;0
Cocokeyorlando.com-0059-2015Redesign;en-US;/getmedia/d93e4657-5670-4323-be06-154ebcd9596a/direction-buttons/;0;1;0
Luxehotels.com-0078-2016Redesign;en-US;/autodiscover/autodiscover.xml;0;1;0
Luxehotels.com-0078-2016Redesign;en-US;/wpad.dat/;0;1;0
wentworthcom00212014redesign;en-US;/Images/ui-bg_flat_75_ffffff_40x100/;0;1;0
wentworthcom00212014redesign;en-US;/Images/ui-icons_222222_256x240/;0;1;0
wentworthcom00212014redesign;en-US;/Images/ui-bg_highlight-soft_75_cccccc_1x100/;0;1;0
Lehotels.com-0049-2015Transfer;en-US;/Search/results/r-1/c-/cl-0/co-0/ci-0/st-0/;0;1;0
Luxehotels.com-0078-2016Redesign;en-US;/autodiscover/autodiscover.xml;0;1;0
Cphollywoodbeach.com-0032-2015Redesign;en-US;/wp-login.php/;0;1;0
Broadmoor.com-0073-2016Redesign;en-US;/wpad.dat/;0;1;0
Thecrawfordhotel.com-0074-2016Redesign;en-US;/autodiscover/autodiscover.xml;0;1;0
Broadmoor.com-0073-2016Redesign;en-US;/wpad.dat/;0;1;0
Miravalspamonarchbeach.com-0109-2017Redesign;en-US;/failovercheck/;0;1;0
Luxehotels.com-0078-2016Redesign;en-US;/autodiscover/autodiscover.xml;0;1;0
Jupiterbeachresort.com-0103-2017Redesign;en-US;/Opal/media/Opal/layout/blank.gif/;0;1;0
Thesagamore.com-0112-2017Redesign;en-US;/Opal/media/Opal/layout/blank.gif/;0;1;0
Sunsetkeycottages.com-0116-2017Redesign;en-US;/failovercheck/;0;1;0
Longboatkeyclub.com-0104-2017Redesign;en-US;/Opal/media/Opal/layout/blank.gif/;0;1;0
Luxehotels.com-0078-2016Redesign;en-US;/wpad.dat/;0;1;0
Hospitalityupgrade.com-0093-2016Redesign;en-US;/wp-login.php;0;1;0
Cendyn.com-0095-2016Redesign;en-US;/wp-login.php/;0;1;0
Jupiterbeachresort.com-0103-2017Redesign;en-US;/wp-login.php/;0;1;0
Samosetresort.com-0113-2017Redesign;en-US;/Opal/media/Opal/layout/blank.gif/;0;1;0
Opalcollection.com-0098-2017Redesign;en-US;/failovercheck/;0;1;0
Jupiterbeachresort.com-0103-2017Redesign;en-US;/wp-login.php/;0;1;0
Cendyn.com-0095-2016Redesign;en-US;/autodiscover/autodiscover.xml;0;1;0
Sunsetkeycottages.com-0116-2017Redesign;en-US;/failovercheck/;0;1;0
Luxehotels.com-0078-2016Redesign;en-US;/wpad.dat/;0;1;0
Luxehotels.com-0078-2016Redesign;en-US;/wpad.dat/;0;1;0
