Delraysandsresort.com-0097-2016Redesign;en-US;/failovercheck;38049;1;0
Cendyn.com-0095-2016Redesign;en-US;/Home;26640;1;0
Cphollywoodbeach.com-0032-2015Redesign;en-US;/Gallery/Web-Cam;7831;1;0
Lidobeachresort.com-0106-2017Redesign;en-US;/Offers/Special-Offers;28714;1;0
Montaukyachtclub.com-0010-2014Redesign;en-US;/Home;2240;1;0
Thesagamore.com-0112-2017Redesign;en-US;/Dining/The-LakeHouse;33476;1;0
Sandpearl.com-0091-2016Redesign;en-US;/failovercheck;38056;1;0
Cphollywoodbeach.com-0032-2015Redesign;en-US;/Gallery/Web-Cam;7831;1;0
Passport.lehotels.com-0069-2016BlogRedesign;en-US;/failovercheck;41068;1;0
Cendyn.com-0095-2016Redesign;en-US;/Home;26640;1;0
Cendyn.com-0095-2016Redesign;en-US;/Home;26640;1;0
Cendyn.com-0095-2016Redesign;en-US;/Home;26640;1;0
Beverlyhillsresidenceinn.com-0087-2016Redesign;en-US;/Home;20999;1;0
Hhotellosangeles.com-0118-2017Redesign;en-US;/Home;35289;1;0
Homewoodsuiteslax.com-0110-2017Redesign;en-US;/Home;30747;1;0
Luxehotels.com-0078-2016Redesign;en-US;/Home;18805;1;0
Assuranceoperations.com-0065-2015Redesign;en-US;/Home;15263;1;0
Chrco.com-0107-2017Redesign;en-US;/Home;29280;1;0
Halcyonhotelcherrycreek.com-0061-2015Redesign;en-US;/Home;22121;1;0
Opalsands.com-0084-2016Redesign;en-US;/failovercheck;38055;1;0
Glencovemansion.com-0058-2015Redesign;en-US;/Home;13328;1;0
Thecurtis.com-0079-2016Redesign;en-US;/Home;17981;1;0
Degreerestaurant.com-0056-2015Redesign;en-US;/Home;11598;1;0
Naiaresortandspa.com-0077-2016Redesign;en-US;/home;20455;1;0
Samosetresort.com-0113-2017Redesign;en-US;/failovercheck;40334;1;0
Lakeplacidlodge.com-0105-2017Redesign;en-US;/failovercheck;39238;1;0
Sandylane.com-0075-2016Redesign;en-US;/Home;17611;1;0
Theharborsidehotel.com-0114-2017Redesign;en-US;/failovercheck;40403;1;0
Meateatery.com-0080-2016Redesign;en-US;/;18505;1;0
Theoxfordhotel.com-0062-2015Redesign;en-US;/Home;14325;1;0
Texturefoodanddrink.com-0067-2016Redesign;en-US;/Home;15452;1;0
Zotabeachresort.com-0090-2016Redesign;en-US;/failovercheck;38058;1;0
Bluebirch.com-0072-2016Redesign;en-US;/Home;16693;1;0
Galthouse.com-0042-2015Redesign;en-US;/failovercheck;38060;1;0
Abbingtonbanquets.com-0070-2016Redesign;en-US;/Home;15789;1;0
Treasureislandbeachresort.com-0089-2016Redesign;en-US;/failovercheck;38057;1;0
Edgewaternaples.com-0094-2016Redesign;en-US;/failovercheck;38051;1;0
Bocatrans.com-0082-2016Redesign;en-US;/Home;19758;1;0
Jbdukehotel.com-0086-2016Redesign;en-US;/Home;21918;1;0
Jupiterbeachresort.com-0103-2017Redesign;en-US;/failovercheck;38052;1;0
Thecrawfordhotel.com-0074-2016Redesign;en-US;/Home;17145;1;0
Washingtoncourthotel.com-0076-2016Redesign;en-US;/Home;17858;1;0
Oxfordclubspa.com-0068-2016Redesign;en-US;/Home;15568;1;0
Cendyn.com-0095-2016Redesign;en-US;/Home;26640;1;0
Hospitalityupgrade.com-0093-2016Redesign;en-US;/Home;25405;1;0
Sandylane.com-0075-2016Redesign;en-US;/barbados-spa/etiquette;17696;1;0
Thesagamore.com-0112-2017Redesign;en-US;/Special-Offers/awesome-autumn;33577;1;0
Luxehotels.com-0078-2016Redesign;en-US;/Our-Hotels/Luxe-Sunset-Boulevard-Hotel;18833;1;0
Cendyn.com-0095-2016Redesign;en-US;/Home;26640;1;0
Broadmoor.com-0073-2016Redesign;en-US;/failovercheck;38059;1;0
Napavalleymarriott.com-0071-2016Redesign;en-US;/Home;16432;1;0
Lidobeachresort.com-0106-2017Redesign;en-US;/failovercheck;38053;1;0
Thesagamore.com-0112-2017Redesign;en-US;/failovercheck;39241;1;0
Longboatkeyclub.com-0104-2017Redesign;en-US;/failovercheck;38054;1;0
Cendyn.com-0095-2016Redesign;en-US;/Home;26640;1;0
Delraysandsresort.com-0097-2016Redesign;en-US;/failovercheck;38049;1;0
Cendyn.com-0095-2016Redesign;en-US;/Home;26640;1;0
Longboatkeyclub.com-0104-2017Redesign;en-US;/404;35641;1;0
Longboatkeyclub.com-0104-2017Redesign;en-US;/Home;28316;1;0
Casaybelresort.com-0002-2014Redesign;en-US;/Home;1533;1;0
Sandpearl.com-0091-2016Redesign;en-US;/failovercheck;38056;1;0
Longboatkeyclub.com-0104-2017Redesign;en-US;/Home;28316;1;0
Samosetresort.com-0113-2017Redesign;en-US;/Home;32541;1;0
Passport.lehotels.com-0069-2016BlogRedesign;en-US;/failovercheck;41068;1;0
Luxehotels.com-0078-2016Redesign;en-US;/Home;18805;1;0
Cendyn.com-0095-2016Redesign;en-US;/Home;26640;1;0
Cendyn.com-0095-2016Redesign;en-US;/Home;26640;1;0
Cendyn.com-0095-2016Redesign;en-US;/Home;26640;1;0
Hhotellosangeles.com-0118-2017Redesign;en-US;/Home;35289;1;0
Assuranceoperations.com-0065-2015Redesign;en-US;/Home;15263;1;0
Degreerestaurant.com-0056-2015Redesign;en-US;/Home;11598;1;0
Halcyonhotelcherrycreek.com-0061-2015Redesign;en-US;/Home;22121;1;0
Luxehotels.com-0078-2016Redesign;en-US;/Home;18805;1;0
Samosetresort.com-0113-2017Redesign;en-US;/failovercheck;40334;1;0
Homewoodsuiteslax.com-0110-2017Redesign;en-US;/Home;30747;1;0
Meateatery.com-0080-2016Redesign;en-US;/;18505;1;0
Chrco.com-0107-2017Redesign;en-US;/Home;29280;1;0
Thecurtis.com-0079-2016Redesign;en-US;/Home;17981;1;0
Theoxfordhotel.com-0062-2015Redesign;en-US;/Home;14325;1;0
Texturefoodanddrink.com-0067-2016Redesign;en-US;/Home;15452;1;0
Theharborsidehotel.com-0114-2017Redesign;en-US;/failovercheck;40403;1;0
Naiaresortandspa.com-0077-2016Redesign;en-US;/home;20455;1;0
Bluebirch.com-0072-2016Redesign;en-US;/Home;16693;1;0
Bocatrans.com-0082-2016Redesign;en-US;/Home;19758;1;0
Oxfordclubspa.com-0068-2016Redesign;en-US;/Home;15568;1;0
Treasureislandbeachresort.com-0089-2016Redesign;en-US;/failovercheck;38057;1;0
Glencovemansion.com-0058-2015Redesign;en-US;/Home;13328;1;0
Thecrawfordhotel.com-0074-2016Redesign;en-US;/Home;17145;1;0
Zotabeachresort.com-0090-2016Redesign;en-US;/failovercheck;38058;1;0
Jupiterbeachresort.com-0103-2017Redesign;en-US;/failovercheck;38052;1;0
Washingtoncourthotel.com-0076-2016Redesign;en-US;/Home;17858;1;0
Jbdukehotel.com-0086-2016Redesign;en-US;/Home;21918;1;0
Abbingtonbanquets.com-0070-2016Redesign;en-US;/Home;15789;1;0
Beverlyhillsresidenceinn.com-0087-2016Redesign;en-US;/Home;20999;1;0
Lakeplacidlodge.com-0105-2017Redesign;en-US;/failovercheck;39238;1;0
Galthouse.com-0042-2015Redesign;en-US;/failovercheck;38060;1;0
Sandylane.com-0075-2016Redesign;en-US;/Home;17611;1;0
Opalsands.com-0084-2016Redesign;en-US;/failovercheck;38055;1;0
Edgewaternaples.com-0094-2016Redesign;en-US;/failovercheck;38051;1;0
Luxehotels.com-0078-2016Redesign;en-US;/Home;18805;1;0
Hospitalityupgrade.com-0093-2016Redesign;en-US;/Home;25405;1;0
Amzak.com-0023-2014Redesign;en-US;/Contact-Us;3763;1;0
Newyorkpalacemeetings.com-0045-2015Redesign;en-US;/Home;9207;1;0
Hospitalityupgrade.com-0093-2016Redesign;en-US;/Home;25405;1;0
Broadmoor.com-0073-2016Redesign;en-US;/failovercheck;38059;1;0
Napavalleymarriott.com-0071-2016Redesign;en-US;/Home;16432;1;0
Thesagamore.com-0112-2017Redesign;en-US;/failovercheck;39241;1;0
Lidobeachresort.com-0106-2017Redesign;en-US;/failovercheck;38053;1;0
Longboatkeyclub.com-0104-2017Redesign;en-US;/failovercheck;38054;1;0
Hospitalityupgrade.com-0093-2016Redesign;en-US;/Home;25405;1;0
Thelodgeatwoodloch.com-0033-2015Redesign;en-US;/Home;7764;1;0
Samosetresort.com-0113-2017Redesign;en-US;/Home;32541;1;0
Cendyn.com-0095-2016Redesign;en-US;/Home;26640;1;0
Thesagamore.com-0112-2017Redesign;en-US;/Home;32339;1;0
Theoxfordhotel.com-0062-2015Redesign;en-US;/Home;14325;1;0
Amzak.com-0023-2014Redesign;en-US;/Contact-Us;3763;1;0
Delraysandsresort.com-0097-2016Redesign;en-US;/failovercheck;38049;1;0
Casaybelresort.com-0002-2014Redesign;en-US;/About-Us/Web-Cam;1613;1;0
Newyorkpalacemeetings.com-0045-2015Redesign;en-US;/Home;9207;1;0
Cendyn.com-0095-2016Redesign;en-US;/Home;26640;1;0
Lehotels.com-0049-2015Transfer;en-US;/Home;12108;1;0
Thesagamore.com-0112-2017Redesign;en-US;/Home;32339;1;0
Thesagamore.com-0112-2017Redesign;en-US;/Home;32339;1;0
Sandpearl.com-0091-2016Redesign;en-US;/failovercheck;38056;1;0
Galthouse.com-0042-2015Redesign;en-US;/Home;31905;1;0
Thecrawfordhotel.com-0074-2016Redesign;en-US;/Home;17145;1;0
Hospitalityupgrade.com-0093-2016Redesign;en-US;/Tech-Providers/Vendor-Updates;36914;1;0
Lehotels.com-0049-2015Transfer;en-US;/Home;12108;1;0
Broadmoor.com-0073-2016Redesign;en-US;/The-Resort;16724;1;0
Passport.lehotels.com-0069-2016BlogRedesign;en-US;/failovercheck;41068;1;0
Casaybelresort.com-0002-2014Redesign;en-US;/About-Us/Web-Cam;1613;1;0
Cendyn.com-0095-2016Redesign;en-US;/Home;26640;1;0
Cendyn.com-0095-2016Redesign;en-US;/Home;26640;1;0
Cendyn.com-0095-2016Redesign;en-US;/Home;26640;1;0
Assuranceoperations.com-0065-2015Redesign;en-US;/Home;15263;1;0
Glencovemansion.com-0058-2015Redesign;en-US;/Home;13328;1;0
Texturefoodanddrink.com-0067-2016Redesign;en-US;/Home;15452;1;0
Degreerestaurant.com-0056-2015Redesign;en-US;/Home;11598;1;0
Hhotellosangeles.com-0118-2017Redesign;en-US;/Home;35289;1;0
Chrco.com-0107-2017Redesign;en-US;/Home;29280;1;0
Homewoodsuiteslax.com-0110-2017Redesign;en-US;/Home;30747;1;0
Bocatrans.com-0082-2016Redesign;en-US;/Home;19758;1;0
Theharborsidehotel.com-0114-2017Redesign;en-US;/failovercheck;40403;1;0
Halcyonhotelcherrycreek.com-0061-2015Redesign;en-US;/Home;22121;1;0
Monarchbeachresort.com-0092-2016Redesign;en-US;/Home;22725;1;0
Naiaresortandspa.com-0077-2016Redesign;en-US;/home;20455;1;0
Thecurtis.com-0079-2016Redesign;en-US;/Home;17981;1;0
Meateatery.com-0080-2016Redesign;en-US;/;18505;1;0
Theoxfordhotel.com-0062-2015Redesign;en-US;/Home;14325;1;0
Thecrawfordhotel.com-0074-2016Redesign;en-US;/Home;17145;1;0
Bluebirch.com-0072-2016Redesign;en-US;/Home;16693;1;0
Abbingtonbanquets.com-0070-2016Redesign;en-US;/Home;15789;1;0
Washingtoncourthotel.com-0076-2016Redesign;en-US;/Home;17858;1;0
Beverlyhillsresidenceinn.com-0087-2016Redesign;en-US;/Home;20999;1;0
Samosetresort.com-0113-2017Redesign;en-US;/failovercheck;40334;1;0
Lakeplacidlodge.com-0105-2017Redesign;en-US;/failovercheck;39238;1;0
Oxfordclubspa.com-0068-2016Redesign;en-US;/Home;15568;1;0
Treasureislandbeachresort.com-0089-2016Redesign;en-US;/failovercheck;38057;1;0
Jbdukehotel.com-0086-2016Redesign;en-US;/Home;21918;1;0
Zotabeachresort.com-0090-2016Redesign;en-US;/failovercheck;38058;1;0
Sandylane.com-0075-2016Redesign;en-US;/Home;17611;1;0
Opalsands.com-0084-2016Redesign;en-US;/failovercheck;38055;1;0
Edgewaternaples.com-0094-2016Redesign;en-US;/failovercheck;38051;1;0
Jupiterbeachresort.com-0103-2017Redesign;en-US;/failovercheck;38052;1;0
Luxehotels.com-0078-2016Redesign;en-US;/Home;18805;1;0
Galthouse.com-0042-2015Redesign;en-US;/failovercheck;38060;1;0
Cocokeyorlando.com-0059-2015Redesign;en-US;/Home;12394;1;0
Broadmoor.com-0073-2016Redesign;en-US;/Home;16721;1;0
Hospitalityupgrade.com-0093-2016Redesign;en-US;/Home;25405;1;0
Broadmoor.com-0073-2016Redesign;en-US;/failovercheck;38059;1;0
Secretharbourvi.com-0040-2015Redesign;en-US;/Home;9231;1;0
Napavalleymarriott.com-0071-2016Redesign;en-US;/Home;16432;1;0
Longboatkeyclub.com-0104-2017Redesign;en-US;/failovercheck;38054;1;0
Thesagamore.com-0112-2017Redesign;en-US;/failovercheck;39241;1;0
Lidobeachresort.com-0106-2017Redesign;en-US;/failovercheck;38053;1;0
Cendyn.com-0095-2016Redesign;en-US;/Home;26640;1;0
Broadmoor.com-0073-2016Redesign;en-US;/Home;16721;1;0
Secretharbourvi.com-0040-2015Redesign;en-US;/Home;9231;1;0
Delraysandsresort.com-0097-2016Redesign;en-US;/failovercheck;38049;1;0
Cendyn.com-0095-2016Redesign;en-US;/Home;26640;1;0
Thelodgeatwoodloch.com-0033-2015Redesign;en-US;/Home;7764;1;0
Sandpearl.com-0091-2016Redesign;en-US;/failovercheck;38056;1;0
Lidobeachresort.com-0106-2017Redesign;en-US;/Newsletter-Sign-Up/Newsletter-Sign-Up;28728;1;0
Thecurtis.com-0079-2016Redesign;en-US;/Contact-Us;18486;1;0
Hospitalityupgrade.com-0093-2016Redesign;en-US;/Magazine/Magazine-Article;37631;1;0
Passport.lehotels.com-0069-2016BlogRedesign;en-US;/failovercheck;41068;1;0
Cendyn.com-0095-2016Redesign;en-US;/Home;26640;1;0
Cendyn.com-0095-2016Redesign;en-US;/Home;26640;1;0
Cendyn.com-0095-2016Redesign;en-US;/Home;26640;1;0
Texturefoodanddrink.com-0067-2016Redesign;en-US;/Home;15452;1;0
Meateatery.com-0080-2016Redesign;en-US;/;18505;1;0
Theoxfordhotel.com-0062-2015Redesign;en-US;/Home;14325;1;0
Bluebirch.com-0072-2016Redesign;en-US;/Home;16693;1;0
Thecurtis.com-0079-2016Redesign;en-US;/Home;17981;1;0
Thecrawfordhotel.com-0074-2016Redesign;en-US;/Home;17145;1;0
Washingtoncourthotel.com-0076-2016Redesign;en-US;/Home;17858;1;0
Beverlyhillsresidenceinn.com-0087-2016Redesign;en-US;/Home;20999;1;0
Samosetresort.com-0113-2017Redesign;en-US;/failovercheck;40334;1;0
Bocatrans.com-0082-2016Redesign;en-US;/Home;19758;1;0
Treasureislandbeachresort.com-0089-2016Redesign;en-US;/failovercheck;38057;1;0
Lakeplacidlodge.com-0105-2017Redesign;en-US;/failovercheck;39238;1;0
Degreerestaurant.com-0056-2015Redesign;en-US;/Home;11598;1;0
Jbdukehotel.com-0086-2016Redesign;en-US;/Home;21918;1;0
Sandylane.com-0075-2016Redesign;en-US;/Home;17611;1;0
Halcyonhotelcherrycreek.com-0061-2015Redesign;en-US;/Home;22121;1;0
Zotabeachresort.com-0090-2016Redesign;en-US;/failovercheck;38058;1;0
Glencovemansion.com-0058-2015Redesign;en-US;/Home;13328;1;0
Galthouse.com-0042-2015Redesign;en-US;/failovercheck;38060;1;0
Theharborsidehotel.com-0114-2017Redesign;en-US;/failovercheck;40403;1;0
Hhotellosangeles.com-0118-2017Redesign;en-US;/Home;35289;1;0
Luxehotels.com-0078-2016Redesign;en-US;/Home;18805;1;0
Oxfordclubspa.com-0068-2016Redesign;en-US;/Home;15568;1;0
Abbingtonbanquets.com-0070-2016Redesign;en-US;/Home;15789;1;0
Assuranceoperations.com-0065-2015Redesign;en-US;/Home;15263;1;0
Chrco.com-0107-2017Redesign;en-US;/Home;29280;1;0
Homewoodsuiteslax.com-0110-2017Redesign;en-US;/Home;30747;1;0
Opalsands.com-0084-2016Redesign;en-US;/failovercheck;38055;1;0
Jupiterbeachresort.com-0103-2017Redesign;en-US;/failovercheck;38052;1;0
Edgewaternaples.com-0094-2016Redesign;en-US;/failovercheck;38051;1;0
Naiaresortandspa.com-0077-2016Redesign;en-US;/home;20455;1;0
Theoxfordhotel.com-0062-2015Redesign;en-US;/Home;14325;1;0
Hospitalityupgrade.com-0093-2016Redesign;en-US;/Home;25405;1;0
Washingtondukeinn.com-0024-2014Redesign;en-US;/Durham-Fine-Dining/Bull-Durham-Bar;4739;1;0
Hospitalityupgrade.com-0093-2016Redesign;en-US;/News/News-Article-Details;22790;1;0
Cphollywoodbeach.com-0032-2015Redesign;en-US;/Gallery/Web-Cam;7831;1;0
Broadmoor.com-0073-2016Redesign;en-US;/failovercheck;38059;1;0
Napavalleymarriott.com-0071-2016Redesign;en-US;/Home;16432;1;0
Lidobeachresort.com-0106-2017Redesign;en-US;/failovercheck;38053;1;0
Thesagamore.com-0112-2017Redesign;en-US;/failovercheck;39241;1;0
Longboatkeyclub.com-0104-2017Redesign;en-US;/failovercheck;38054;1;0
Cendyn.com-0095-2016Redesign;en-US;/Home;26640;1;0
Broadmoor.com-0073-2016Redesign;en-US;/Dining/Golden-Bee;16769;1;0
Secretharbourvi.com-0040-2015Redesign;en-US;/Home;9231;1;0
Delraysandsresort.com-0097-2016Redesign;en-US;/failovercheck;38049;1;0
Cendyn.com-0095-2016Redesign;en-US;/Home;26640;1;0
Sandpearl.com-0091-2016Redesign;en-US;/failovercheck;38056;1;0
Thelodgeatwoodloch.com-0033-2015Redesign;en-US;/Home;7764;1;0
Washingtoncourthotel.com-0076-2016Redesign;en-US;/Home;17858;1;0
Passport.lehotels.com-0069-2016BlogRedesign;en-US;/failovercheck;41068;1;0
Cendyn.com-0095-2016Redesign;en-US;/Home;26640;1;0
Cendyn.com-0095-2016Redesign;en-US;/Home;26640;1;0
Meateatery.com-0080-2016Redesign;en-US;/;18505;1;0
Bocatrans.com-0082-2016Redesign;en-US;/Home;19758;1;0
Chrco.com-0107-2017Redesign;en-US;/Home;29280;1;0
Theoxfordhotel.com-0062-2015Redesign;en-US;/Home;14325;1;0
Thecurtis.com-0079-2016Redesign;en-US;/Home;17981;1;0
Treasureislandbeachresort.com-0089-2016Redesign;en-US;/failovercheck;38057;1;0
Sandylane.com-0075-2016Redesign;en-US;/Home;17611;1;0
Bluebirch.com-0072-2016Redesign;en-US;/Home;16693;1;0
Washingtoncourthotel.com-0076-2016Redesign;en-US;/Home;17858;1;0
Thecrawfordhotel.com-0074-2016Redesign;en-US;/Home;17145;1;0
Glencovemansion.com-0058-2015Redesign;en-US;/Home;13328;1;0
Degreerestaurant.com-0056-2015Redesign;en-US;/Home;11598;1;0
Texturefoodanddrink.com-0067-2016Redesign;en-US;/Home;15452;1;0
Lakeplacidlodge.com-0105-2017Redesign;en-US;/failovercheck;39238;1;0
Abbingtonbanquets.com-0070-2016Redesign;en-US;/Home;15789;1;0
Beverlyhillsresidenceinn.com-0087-2016Redesign;en-US;/Home;20999;1;0
Halcyonhotelcherrycreek.com-0061-2015Redesign;en-US;/Home;22121;1;0
Hhotellosangeles.com-0118-2017Redesign;en-US;/Home;35289;1;0
Zotabeachresort.com-0090-2016Redesign;en-US;/failovercheck;38058;1;0
Naiaresortandspa.com-0077-2016Redesign;en-US;/home;20455;1;0
Assuranceoperations.com-0065-2015Redesign;en-US;/Home;15263;1;0
Oxfordclubspa.com-0068-2016Redesign;en-US;/Home;15568;1;0
Homewoodsuiteslax.com-0110-2017Redesign;en-US;/Home;30747;1;0
Galthouse.com-0042-2015Redesign;en-US;/failovercheck;38060;1;0
Luxehotels.com-0078-2016Redesign;en-US;/Home;18805;1;0
Jbdukehotel.com-0086-2016Redesign;en-US;/Home;21918;1;0
Cendyn.com-0095-2016Redesign;en-US;/Home;26640;1;0
Theharborsidehotel.com-0114-2017Redesign;en-US;/failovercheck;40403;1;0
Jupiterbeachresort.com-0103-2017Redesign;en-US;/failovercheck;38052;1;0
Samosetresort.com-0113-2017Redesign;en-US;/failovercheck;40334;1;0
Edgewaternaples.com-0094-2016Redesign;en-US;/failovercheck;38051;1;0
Opalsands.com-0084-2016Redesign;en-US;/failovercheck;38055;1;0
Hospitalityupgrade.com-0093-2016Redesign;en-US;/Home;25405;1;0
Luxehotels.com-0078-2016Redesign;en-US;/Our-Hotels/Luxe-Rodeo-Drive-Hotel;18830;1;0
Secretharbourvi.com-0040-2015Redesign;en-US;/Home;9231;1;0
Laxembassy.com-0008-2014Redesign;en-US;/la-accommodations/Pure;2082;1;0
Broadmoor.com-0073-2016Redesign;en-US;/failovercheck;38059;1;0
Lidobeachresort.com-0106-2017Redesign;en-US;/failovercheck;38053;1;0
Thesagamore.com-0112-2017Redesign;en-US;/failovercheck;39241;1;0
Napavalleymarriott.com-0071-2016Redesign;en-US;/Home;16432;1;0
Longboatkeyclub.com-0104-2017Redesign;en-US;/failovercheck;38054;1;0
Secretharbourvi.com-0040-2015Redesign;en-US;/Home;9231;1;0
Luxehotels.com-0078-2016Redesign;en-US;/Blog;19267;1;0
Cendyn.com-0095-2016Redesign;en-US;/Home;26640;1;0
Broadmoor.com-0073-2016Redesign;en-US;/Home;16721;1;0
Hospitalityupgrade.com-0093-2016Redesign;en-US;/Watercooler-News/Siegel-Sez/Siegel-Sez-Details;36743;1;0
Luxehotels.com-0078-2016Redesign;en-US;/Blog/June-2015/Top-Four-Places-to-Watch-the-Fireworks-in-Los-Ange;20494;1;0
Delraysandsresort.com-0097-2016Redesign;en-US;/failovercheck;38049;1;0
Courtyardportlandcitycenter.com-0063-2015Redesign;en-US;/Home;14545;1;0
Cendyn.com-0095-2016Redesign;en-US;/Home;26640;1;0
Thelodgeatwoodloch.com-0033-2015Redesign;en-US;/hawley-packages/ONEderous-Weekends-One-Night-Escape;11304;1;0
Luxehotels.com-0078-2016Redesign;en-US;/Blog/June-2015/Luxe-Sunset-Boulevard-Hotel-Introduces-New-Summer;20495;1;0
Sandpearl.com-0091-2016Redesign;en-US;/failovercheck;38056;1;0
Luxehotels.com-0078-2016Redesign;en-US;/Blog/February-2015/Renee-Strauss-Shares-Top-Wedding-Trends-For-2015;20499;1;0
Passport.lehotels.com-0069-2016BlogRedesign;en-US;/failovercheck;41068;1;0
Thelodgeatwoodloch.com-0033-2015Redesign;en-US;/Home;7764;1;0
Meateatery.com-0080-2016Redesign;en-US;/;18505;1;0
Jbdukehotel.com-0086-2016Redesign;en-US;/Home;21918;1;0
Cendyn.com-0095-2016Redesign;en-US;/Home;26640;1;0
Thecrawfordhotel.com-0074-2016Redesign;en-US;/Home;17145;1;0
Texturefoodanddrink.com-0067-2016Redesign;en-US;/Home;15452;1;0
Cendyn.com-0095-2016Redesign;en-US;/Home;26640;1;0
Degreerestaurant.com-0056-2015Redesign;en-US;/Home;11598;1;0
Sandylane.com-0075-2016Redesign;en-US;/Home;17611;1;0
Cendyn.com-0095-2016Redesign;en-US;/Home;26640;1;0
Abbingtonbanquets.com-0070-2016Redesign;en-US;/Home;15789;1;0
Hhotellosangeles.com-0118-2017Redesign;en-US;/Home;35289;1;0
Lakeplacidlodge.com-0105-2017Redesign;en-US;/failovercheck;39238;1;0
Glencovemansion.com-0058-2015Redesign;en-US;/Home;13328;1;0
Bluebirch.com-0072-2016Redesign;en-US;/Home;16693;1;0
Halcyonhotelcherrycreek.com-0061-2015Redesign;en-US;/Home;22121;1;0
Bocatrans.com-0082-2016Redesign;en-US;/Home;19758;1;0
Thecurtis.com-0079-2016Redesign;en-US;/Home;17981;1;0
Oxfordclubspa.com-0068-2016Redesign;en-US;/Home;15568;1;0
Washingtoncourthotel.com-0076-2016Redesign;en-US;/Home;17858;1;0
Theoxfordhotel.com-0062-2015Redesign;en-US;/Home;14325;1;0
Chrco.com-0107-2017Redesign;en-US;/Home;29280;1;0
Luxehotels.com-0078-2016Redesign;en-US;/Home;18805;1;0
Naiaresortandspa.com-0077-2016Redesign;en-US;/home;20455;1;0
Opalsands.com-0084-2016Redesign;en-US;/failovercheck;38055;1;0
Assuranceoperations.com-0065-2015Redesign;en-US;/Home;15263;1;0
Beverlyhillsresidenceinn.com-0087-2016Redesign;en-US;/Home;20999;1;0
Galthouse.com-0042-2015Redesign;en-US;/failovercheck;38060;1;0
Homewoodsuiteslax.com-0110-2017Redesign;en-US;/Home;30747;1;0
Samosetresort.com-0113-2017Redesign;en-US;/failovercheck;40334;1;0
Theharborsidehotel.com-0114-2017Redesign;en-US;/failovercheck;40403;1;0
Jupiterbeachresort.com-0103-2017Redesign;en-US;/failovercheck;38052;1;0
Edgewaternaples.com-0094-2016Redesign;en-US;/failovercheck;38051;1;0
Zotabeachresort.com-0090-2016Redesign;en-US;/failovercheck;38058;1;0
Treasureislandbeachresort.com-0089-2016Redesign;en-US;/failovercheck;38057;1;0
Luxehotels.com-0078-2016Redesign;en-US;/Blog/January-2015/Luxe-Hotels-Wedding-Event-Romance,-Italian-Style;20518;1;0
Hospitalityupgrade.com-0093-2016Redesign;en-US;/Home;25405;1;0
Courtyardportlandcitycenter.com-0063-2015Redesign;en-US;/Home;14545;1;0
Thesagamore.com-0112-2017Redesign;en-US;/Accommodations/Historic-Main-Hotel;33921;1;0
Luxehotels.com-0078-2016Redesign;en-US;/Blog/June-2016;19427;1;0
Theoxfordhotel.com-0062-2015Redesign;en-US;/Home;14325;1;0
Broadmoor.com-0073-2016Redesign;en-US;/failovercheck;38059;1;0
Napavalleymarriott.com-0071-2016Redesign;en-US;/Home;16432;1;0
Thesagamore.com-0112-2017Redesign;en-US;/failovercheck;39241;1;0
Longboatkeyclub.com-0104-2017Redesign;en-US;/failovercheck;38054;1;0
Lidobeachresort.com-0106-2017Redesign;en-US;/failovercheck;38053;1;0
Cendyn.com-0095-2016Redesign;en-US;/Home;26640;1;0
Luxehotels.com-0078-2016Redesign;en-US;/Blog/May-2016;19430;1;0
Luxehotels.com-0078-2016Redesign;en-US;/Home;18805;1;0
Washingtondukeinn.com-0024-2014Redesign;en-US;/Home;4524;1;0
Delraysandsresort.com-0097-2016Redesign;en-US;/failovercheck;38049;1;0
wentworthcom00212014redesign;en-US;/new-castle-spa;4250;1;0
Theharborsidehotel.com-0114-2017Redesign;en-US;/Home;37571;1;0
Broadmoor.com-0073-2016Redesign;en-US;/Home;16721;1;0
Cendyn.com-0095-2016Redesign;en-US;/Home;26640;1;0
Sandpearl.com-0091-2016Redesign;en-US;/failovercheck;38056;1;0
Renaissancepittsburghpa.com-0044-2015Redesign;en-US;/Home;9637;1;0
Passport.lehotels.com-0069-2016BlogRedesign;en-US;/failovercheck;41068;1;0
Hospitalityupgrade.com-0093-2016Redesign;en-US;/News/News-Article-Details;22790;1;0
Cendyn.com-0095-2016Redesign;en-US;/Home;26640;1;0
Cendyn.com-0095-2016Redesign;en-US;/Home;26640;1;0
Cendyn.com-0095-2016Redesign;en-US;/Home;26640;1;0
Bluebirch.com-0072-2016Redesign;en-US;/Home;16693;1;0
Glencovemansion.com-0058-2015Redesign;en-US;/Home;13328;1;0
Degreerestaurant.com-0056-2015Redesign;en-US;/Home;11598;1;0
Thecurtis.com-0079-2016Redesign;en-US;/Home;17981;1;0
Thecrawfordhotel.com-0074-2016Redesign;en-US;/Home;17145;1;0
Hhotellosangeles.com-0118-2017Redesign;en-US;/Home;35289;1;0
Meateatery.com-0080-2016Redesign;en-US;/;18505;1;0
Bocatrans.com-0082-2016Redesign;en-US;/Home;19758;1;0
Jbdukehotel.com-0086-2016Redesign;en-US;/Home;21918;1;0
Texturefoodanddrink.com-0067-2016Redesign;en-US;/Home;15452;1;0
Naiaresortandspa.com-0077-2016Redesign;en-US;/home;20455;1;0
Treasureislandbeachresort.com-0089-2016Redesign;en-US;/failovercheck;38057;1;0
Zotabeachresort.com-0090-2016Redesign;en-US;/failovercheck;38058;1;0
Washingtoncourthotel.com-0076-2016Redesign;en-US;/Home;17858;1;0
Luxehotels.com-0078-2016Redesign;en-US;/Home;18805;1;0
Homewoodsuiteslax.com-0110-2017Redesign;en-US;/Home;30747;1;0
Abbingtonbanquets.com-0070-2016Redesign;en-US;/Home;15789;1;0
Assuranceoperations.com-0065-2015Redesign;en-US;/Home;15263;1;0
Galthouse.com-0042-2015Redesign;en-US;/failovercheck;38060;1;0
Sandylane.com-0075-2016Redesign;en-US;/Home;17611;1;0
Lakeplacidlodge.com-0105-2017Redesign;en-US;/failovercheck;39238;1;0
Edgewaternaples.com-0094-2016Redesign;en-US;/failovercheck;38051;1;0
Opalsands.com-0084-2016Redesign;en-US;/failovercheck;38055;1;0
Oxfordclubspa.com-0068-2016Redesign;en-US;/Home;15568;1;0
Chrco.com-0107-2017Redesign;en-US;/Home;29280;1;0
Theoxfordhotel.com-0062-2015Redesign;en-US;/Home;14325;1;0
Beverlyhillsresidenceinn.com-0087-2016Redesign;en-US;/Home;20999;1;0
Thesagamore.com-0112-2017Redesign;en-US;/Special-Offers/BOGO-Fall-Savings-at-The-Sagamore;41584;1;0
Halcyonhotelcherrycreek.com-0061-2015Redesign;en-US;/Home;22121;1;0
Jupiterbeachresort.com-0103-2017Redesign;en-US;/failovercheck;38052;1;0
Theharborsidehotel.com-0114-2017Redesign;en-US;/failovercheck;40403;1;0
Samosetresort.com-0113-2017Redesign;en-US;/failovercheck;40334;1;0
Thelodgeatwoodloch.com-0033-2015Redesign;en-US;/Home;7764;1;0
Hospitalityupgrade.com-0093-2016Redesign;en-US;/Home;25405;1;0
Thecrawfordhotel.com-0074-2016Redesign;en-US;/Home;17145;1;0
Broadmoor.com-0073-2016Redesign;en-US;/failovercheck;38059;1;0
Lidobeachresort.com-0106-2017Redesign;en-US;/failovercheck;38053;1;0
Napavalleymarriott.com-0071-2016Redesign;en-US;/Home;16432;1;0
Longboatkeyclub.com-0104-2017Redesign;en-US;/failovercheck;38054;1;0
Thesagamore.com-0112-2017Redesign;en-US;/failovercheck;39241;1;0
Cendyn.com-0095-2016Redesign;en-US;/Home;26640;1;0
Abbingtonbanquets.com-0070-2016Redesign;en-US;/Corporate-Events/eMenus;15808;1;0
Delraysandsresort.com-0097-2016Redesign;en-US;/failovercheck;38049;1;0
Cendyn.com-0095-2016Redesign;en-US;/Home;26640;1;0
Sandpearl.com-0091-2016Redesign;en-US;/failovercheck;38056;1;0
Edgewaternaples.com-0094-2016Redesign;en-US;/Home;25239;1;0
Passport.lehotels.com-0069-2016BlogRedesign;en-US;/failovercheck;41068;1;0
Washingtondukeinn.com-0024-2014Redesign;en-US;/Home;4524;1;0
Cendyn.com-0095-2016Redesign;en-US;/Home;26640;1;0
Hhotellosangeles.com-0118-2017Redesign;en-US;/Home;35289;1;0
Cendyn.com-0095-2016Redesign;en-US;/Home;26640;1;0
Glencovemansion.com-0058-2015Redesign;en-US;/Home;13328;1;0
Meateatery.com-0080-2016Redesign;en-US;/;18505;1;0
Degreerestaurant.com-0056-2015Redesign;en-US;/Home;11598;1;0
Cendyn.com-0095-2016Redesign;en-US;/Home;26640;1;0
Bluebirch.com-0072-2016Redesign;en-US;/Home;16693;1;0
Thecurtis.com-0079-2016Redesign;en-US;/Home;17981;1;0
Naiaresortandspa.com-0077-2016Redesign;en-US;/home;20455;1;0
Assuranceoperations.com-0065-2015Redesign;en-US;/Home;15263;1;0
Thecrawfordhotel.com-0074-2016Redesign;en-US;/Home;17145;1;0
Texturefoodanddrink.com-0067-2016Redesign;en-US;/Home;15452;1;0
Bocatrans.com-0082-2016Redesign;en-US;/Home;19758;1;0
Washingtoncourthotel.com-0076-2016Redesign;en-US;/Home;17858;1;0
Oxfordclubspa.com-0068-2016Redesign;en-US;/Home;15568;1;0
Jbdukehotel.com-0086-2016Redesign;en-US;/Home;21918;1;0
Homewoodsuiteslax.com-0110-2017Redesign;en-US;/Home;30747;1;0
Lakeplacidlodge.com-0105-2017Redesign;en-US;/failovercheck;39238;1;0
Zotabeachresort.com-0090-2016Redesign;en-US;/failovercheck;38058;1;0
Jupiterbeachresort.com-0103-2017Redesign;en-US;/failovercheck;38052;1;0
Abbingtonbanquets.com-0070-2016Redesign;en-US;/Home;15789;1;0
Beverlyhillsresidenceinn.com-0087-2016Redesign;en-US;/Home;20999;1;0
Edgewaternaples.com-0094-2016Redesign;en-US;/failovercheck;38051;1;0
Chrco.com-0107-2017Redesign;en-US;/Home;29280;1;0
Treasureislandbeachresort.com-0089-2016Redesign;en-US;/failovercheck;38057;1;0
Opalsands.com-0084-2016Redesign;en-US;/failovercheck;38055;1;0
Galthouse.com-0042-2015Redesign;en-US;/failovercheck;38060;1;0
Theoxfordhotel.com-0062-2015Redesign;en-US;/Home;14325;1;0
Halcyonhotelcherrycreek.com-0061-2015Redesign;en-US;/Home;22121;1;0
Theharborsidehotel.com-0114-2017Redesign;en-US;/failovercheck;40403;1;0
Sandylane.com-0075-2016Redesign;en-US;/Home;17611;1;0
Luxehotels.com-0078-2016Redesign;en-US;/Home;18805;1;0
Samosetresort.com-0113-2017Redesign;en-US;/failovercheck;40334;1;0
Hospitalityupgrade.com-0093-2016Redesign;en-US;/Home;25405;1;0
Thesagamore.com-0112-2017Redesign;en-US;/Home;32339;1;0
Thesagamore.com-0112-2017Redesign;en-US;/Home;32339;1;0
Assuranceoperations.com-0065-2015Redesign;en-US;/Home;15263;1;0
Thelodgeatwoodloch.com-0033-2015Redesign;en-US;/Home;7764;1;0
Opalsands.com-0084-2016Redesign;en-US;/Home;20171;1;0
Broadmoor.com-0073-2016Redesign;en-US;/failovercheck;38059;1;0
Hospitalityupgrade.com-0093-2016Redesign;en-US;/Home;25405;1;0
Napavalleymarriott.com-0071-2016Redesign;en-US;/Home;16432;1;0
Longboatkeyclub.com-0104-2017Redesign;en-US;/failovercheck;38054;1;0
Lidobeachresort.com-0106-2017Redesign;en-US;/failovercheck;38053;1;0
Thesagamore.com-0112-2017Redesign;en-US;/failovercheck;39241;1;0
Cendyn.com-0095-2016Redesign;en-US;/Home;26640;1;0
Casaybelresort.com-0002-2014Redesign;en-US;/About-Us/Web-Cam;1613;1;0
Hospitalityupgrade.com-0093-2016Redesign;en-US;/Magazine;37628;1;0
Luxehotels.com-0078-2016Redesign;en-US;/Travel-Agents;19266;1;0
Newyorkpalacemeetings.com-0045-2015Redesign;en-US;/Home;9207;1;0
Delraysandsresort.com-0097-2016Redesign;en-US;/failovercheck;38049;1;0
Newyorkpalacemeetings.com-0045-2015Redesign;en-US;/Home;9207;1;0
Cendyn.com-0095-2016Redesign;en-US;/Home;26640;1;0
Sandpearl.com-0091-2016Redesign;en-US;/failovercheck;38056;1;0
wentworthcom00212014redesign;en-US;/new-castle-spa/spa-nails;4301;1;0
Lidobeachresort.com-0106-2017Redesign;en-US;/Newsletter-Sign-Up;28684;1;0
Broadmoor.com-0073-2016Redesign;en-US;/Home;16721;1;0
Hi-nyc.com-0108-2017Redesogm;en-US;/Home;30080;1;0
Passport.lehotels.com-0069-2016BlogRedesign;en-US;/failovercheck;41068;1;0
Zotabeachresort.com-0090-2016Redesign;en-US;/failovercheck;38058;1;0
Hhotellosangeles.com-0118-2017Redesign;en-US;/Home;35289;1;0
Cendyn.com-0095-2016Redesign;en-US;/Home;26640;1;0
Meateatery.com-0080-2016Redesign;en-US;/;18505;1;0
Cendyn.com-0095-2016Redesign;en-US;/Home;26640;1;0
Chrco.com-0107-2017Redesign;en-US;/Home;29280;1;0
Bluebirch.com-0072-2016Redesign;en-US;/Home;16693;1;0
Degreerestaurant.com-0056-2015Redesign;en-US;/Home;11598;1;0
Glencovemansion.com-0058-2015Redesign;en-US;/Home;13328;1;0
Lakeplacidlodge.com-0105-2017Redesign;en-US;/failovercheck;39238;1;0
Galthouse.com-0042-2015Redesign;en-US;/failovercheck;38060;1;0
Cendyn.com-0095-2016Redesign;en-US;/Home;26640;1;0
Thecrawfordhotel.com-0074-2016Redesign;en-US;/Home;17145;1;0
Thecurtis.com-0079-2016Redesign;en-US;/Home;17981;1;0
Oxfordclubspa.com-0068-2016Redesign;en-US;/Home;15568;1;0
Jbdukehotel.com-0086-2016Redesign;en-US;/Home;21918;1;0
Texturefoodanddrink.com-0067-2016Redesign;en-US;/Home;15452;1;0
Assuranceoperations.com-0065-2015Redesign;en-US;/Home;15263;1;0
Abbingtonbanquets.com-0070-2016Redesign;en-US;/Home;15789;1;0
Washingtoncourthotel.com-0076-2016Redesign;en-US;/Home;17858;1;0
Theoxfordhotel.com-0062-2015Redesign;en-US;/Home;14325;1;0
Beverlyhillsresidenceinn.com-0087-2016Redesign;en-US;/Home;20999;1;0
Bocatrans.com-0082-2016Redesign;en-US;/Home;19758;1;0
Luxehotels.com-0078-2016Redesign;en-US;/Home;18805;1;0
Edgewaternaples.com-0094-2016Redesign;en-US;/failovercheck;38051;1;0
Homewoodsuiteslax.com-0110-2017Redesign;en-US;/Home;30747;1;0
Sandylane.com-0075-2016Redesign;en-US;/Home;17611;1;0
Naiaresortandspa.com-0077-2016Redesign;en-US;/home;20455;1;0
Opalsands.com-0084-2016Redesign;en-US;/failovercheck;38055;1;0
Halcyonhotelcherrycreek.com-0061-2015Redesign;en-US;/Home;22121;1;0
Treasureislandbeachresort.com-0089-2016Redesign;en-US;/failovercheck;38057;1;0
Jupiterbeachresort.com-0103-2017Redesign;en-US;/failovercheck;38052;1;0
Theharborsidehotel.com-0114-2017Redesign;en-US;/failovercheck;40403;1;0
Samosetresort.com-0113-2017Redesign;en-US;/failovercheck;40334;1;0
Hospitalityupgrade.com-0093-2016Redesign;en-US;/Home;25405;1;0
Broadmoor.com-0073-2016Redesign;en-US;/failovercheck;38059;1;0
Edgewaternaples.com-0094-2016Redesign;en-US;/Home;25239;1;0
Napavalleymarriott.com-0071-2016Redesign;en-US;/Home;16432;1;0
Lidobeachresort.com-0106-2017Redesign;en-US;/failovercheck;38053;1;0
Thesagamore.com-0112-2017Redesign;en-US;/failovercheck;39241;1;0
Longboatkeyclub.com-0104-2017Redesign;en-US;/failovercheck;38054;1;0
Thelodgeatwoodloch.com-0033-2015Redesign;en-US;/Accommodations;7771;1;0
Monarchbeachresort.com-0092-2016Redesign;en-US;/dana-point-dining/monarch-bay-club;22998;1;0
Thelodgeatwoodloch.com-0033-2015Redesign;en-US;/Home;7764;1;0
Cendyn.com-0095-2016Redesign;en-US;/Home;26640;1;0
Lidobeachresort.com-0106-2017Redesign;en-US;/Home;28666;1;0
Delraysandsresort.com-0097-2016Redesign;en-US;/failovercheck;38049;1;0
Cendyn.com-0095-2016Redesign;en-US;/Home;26640;1;0
Edgewaternaples.com-0094-2016Redesign;en-US;/Home;25239;1;0
Abbingtonbanquets.com-0070-2016Redesign;en-US;/Testimonials;15805;1;0
Sandpearl.com-0091-2016Redesign;en-US;/failovercheck;38056;1;0
Hospitalityupgrade.com-0093-2016Redesign;en-US;/Magazine/Magazine-Article;37631;1;0
Cocokeyorlando.com-0059-2015Redesign;en-US;/Home;12394;1;0
Passport.lehotels.com-0069-2016BlogRedesign;en-US;/failovercheck;41068;1;0
Hospitalityupgrade.com-0093-2016Redesign;en-US;/Magazine/Magazine-Article;37631;1;0
Cendyn.com-0095-2016Redesign;en-US;/Home;26640;1;0
Cendyn.com-0095-2016Redesign;en-US;/Home;26640;1;0
Cendyn.com-0095-2016Redesign;en-US;/Home;26640;1;0
Meateatery.com-0080-2016Redesign;en-US;/;18505;1;0
Hhotellosangeles.com-0118-2017Redesign;en-US;/Home;35289;1;0
Chrco.com-0107-2017Redesign;en-US;/Home;29280;1;0
Zotabeachresort.com-0090-2016Redesign;en-US;/failovercheck;38058;1;0
Degreerestaurant.com-0056-2015Redesign;en-US;/Home;11598;1;0
Thecrawfordhotel.com-0074-2016Redesign;en-US;/Home;17145;1;0
Bluebirch.com-0072-2016Redesign;en-US;/Home;16693;1;0
Glencovemansion.com-0058-2015Redesign;en-US;/Home;13328;1;0
Assuranceoperations.com-0065-2015Redesign;en-US;/Home;15263;1;0
Thecurtis.com-0079-2016Redesign;en-US;/Home;17981;1;0
Bocatrans.com-0082-2016Redesign;en-US;/Home;19758;1;0
Jbdukehotel.com-0086-2016Redesign;en-US;/Home;21918;1;0
Galthouse.com-0042-2015Redesign;en-US;/failovercheck;38060;1;0
Abbingtonbanquets.com-0070-2016Redesign;en-US;/Home;15789;1;0
Homewoodsuiteslax.com-0110-2017Redesign;en-US;/Home;30747;1;0
Texturefoodanddrink.com-0067-2016Redesign;en-US;/Home;15452;1;0
Naiaresortandspa.com-0077-2016Redesign;en-US;/home;20455;1;0
Treasureislandbeachresort.com-0089-2016Redesign;en-US;/failovercheck;38057;1;0
Washingtoncourthotel.com-0076-2016Redesign;en-US;/Home;17858;1;0
Lakeplacidlodge.com-0105-2017Redesign;en-US;/failovercheck;39238;1;0
Samosetresort.com-0113-2017Redesign;en-US;/failovercheck;40334;1;0
Opalsands.com-0084-2016Redesign;en-US;/failovercheck;38055;1;0
Sandylane.com-0075-2016Redesign;en-US;/Home;17611;1;0
Theharborsidehotel.com-0114-2017Redesign;en-US;/failovercheck;40403;1;0
Theoxfordhotel.com-0062-2015Redesign;en-US;/Home;14325;1;0
Beverlyhillsresidenceinn.com-0087-2016Redesign;en-US;/Home;20999;1;0
Jupiterbeachresort.com-0103-2017Redesign;en-US;/failovercheck;38052;1;0
Halcyonhotelcherrycreek.com-0061-2015Redesign;en-US;/Home;22121;1;0
Edgewaternaples.com-0094-2016Redesign;en-US;/failovercheck;38051;1;0
Luxehotels.com-0078-2016Redesign;en-US;/Home;18805;1;0
Oxfordclubspa.com-0068-2016Redesign;en-US;/Home;15568;1;0
Hospitalityupgrade.com-0093-2016Redesign;en-US;/Home;25405;1;0
Thesagamore.com-0112-2017Redesign;en-US;/Accommodations/Historic-Main-Hotel;33921;1;0
Broadmoor.com-0073-2016Redesign;en-US;/failovercheck;38059;1;0
Napavalleymarriott.com-0071-2016Redesign;en-US;/Home;16432;1;0
Thesagamore.com-0112-2017Redesign;en-US;/failovercheck;39241;1;0
Lidobeachresort.com-0106-2017Redesign;en-US;/failovercheck;38053;1;0
Longboatkeyclub.com-0104-2017Redesign;en-US;/failovercheck;38054;1;0
Cendyn.com-0095-2016Redesign;en-US;/Home;26640;1;0
Thelodgeatwoodloch.com-0033-2015Redesign;en-US;/Experience/Activities/Speakers-Events/Bonny-Filosa-Howe;8356;1;0
Delraysandsresort.com-0097-2016Redesign;en-US;/failovercheck;38049;1;0
Cendyn.com-0095-2016Redesign;en-US;/Home;26640;1;0
Broadmoor.com-0073-2016Redesign;en-US;/The-Resort;16724;1;0
Thesagamore.com-0112-2017Redesign;en-US;/Activities/Lake-George/Lake-George-Regional-Events;33460;1;0
Luxehotels.com-0078-2016Redesign;en-US;/Home;18805;1;0
Luxehotels.com-0078-2016Redesign;en-US;/Home;18805;1;0
Halcyonhotelcherrycreek.com-0061-2015Redesign;en-US;/denver-weddings;26526;1;0
Halcyonhotelcherrycreek.com-0061-2015Redesign;en-US;/denver-weddings;26526;1;0
Sandpearl.com-0091-2016Redesign;en-US;/failovercheck;38056;1;0
Broadmoor.com-0073-2016Redesign;en-US;/Home;16721;1;0
Cphollywoodbeach.com-0032-2015Redesign;en-US;/Gallery/Web-Cam;7831;1;0
Jupiterbeachresort.com-0103-2017Redesign;en-US;/Home;28158;1;0
Cphollywoodbeach.com-0032-2015Redesign;en-US;/Offers/Special-Offers/Romance-Package;8288;1;0
Passport.lehotels.com-0069-2016BlogRedesign;en-US;/failovercheck;41068;1;0
Thesagamore.com-0112-2017Redesign;en-US;/Accommodations/Lodge-Rooms-and-Suites;33922;1;0
Secretharbourvi.com-0040-2015Redesign;en-US;/hotel/Photo-Gallery;9301;1;0
Cendyn.com-0095-2016Redesign;en-US;/Home;26640;1;0
Cendyn.com-0095-2016Redesign;en-US;/Home;26640;1;0
Cendyn.com-0095-2016Redesign;en-US;/Home;26640;1;0
Bluebirch.com-0072-2016Redesign;en-US;/Home;16693;1;0
Degreerestaurant.com-0056-2015Redesign;en-US;/Home;11598;1;0
Homewoodsuiteslax.com-0110-2017Redesign;en-US;/Home;30747;1;0
Assuranceoperations.com-0065-2015Redesign;en-US;/Home;15263;1;0
Bocatrans.com-0082-2016Redesign;en-US;/Home;19758;1;0
Edgewaternaples.com-0094-2016Redesign;en-US;/failovercheck;38051;1;0
Chrco.com-0107-2017Redesign;en-US;/Home;29280;1;0
Galthouse.com-0042-2015Redesign;en-US;/failovercheck;38060;1;0
Meateatery.com-0080-2016Redesign;en-US;/;18505;1;0
Jbdukehotel.com-0086-2016Redesign;en-US;/Home;21918;1;0
Thecrawfordhotel.com-0074-2016Redesign;en-US;/Home;17145;1;0
Hhotellosangeles.com-0118-2017Redesign;en-US;/Home;35289;1;0
Thecurtis.com-0079-2016Redesign;en-US;/Home;17981;1;0
Washingtoncourthotel.com-0076-2016Redesign;en-US;/Home;17858;1;0
Texturefoodanddrink.com-0067-2016Redesign;en-US;/Home;15452;1;0
Naiaresortandspa.com-0077-2016Redesign;en-US;/home;20455;1;0
Oxfordclubspa.com-0068-2016Redesign;en-US;/Home;15568;1;0
Abbingtonbanquets.com-0070-2016Redesign;en-US;/Home;15789;1;0
Lakeplacidlodge.com-0105-2017Redesign;en-US;/failovercheck;39238;1;0
Theoxfordhotel.com-0062-2015Redesign;en-US;/Home;14325;1;0
Samosetresort.com-0113-2017Redesign;en-US;/failovercheck;40334;1;0
Glencovemansion.com-0058-2015Redesign;en-US;/Home;13328;1;0
Beverlyhillsresidenceinn.com-0087-2016Redesign;en-US;/Home;20999;1;0
Opalsands.com-0084-2016Redesign;en-US;/failovercheck;38055;1;0
Jupiterbeachresort.com-0103-2017Redesign;en-US;/failovercheck;38052;1;0
Sandylane.com-0075-2016Redesign;en-US;/Home;17611;1;0
Luxehotels.com-0078-2016Redesign;en-US;/Home;18805;1;0
Halcyonhotelcherrycreek.com-0061-2015Redesign;en-US;/Home;22121;1;0
Treasureislandbeachresort.com-0089-2016Redesign;en-US;/failovercheck;38057;1;0
Theharborsidehotel.com-0114-2017Redesign;en-US;/failovercheck;40403;1;0
Zotabeachresort.com-0090-2016Redesign;en-US;/failovercheck;38058;1;0
Lidobeachresort.com-0106-2017Redesign;en-US;/About-Us;28682;1;0
Hospitalityupgrade.com-0093-2016Redesign;en-US;/Home;25405;1;0
Samosetresort.com-0113-2017Redesign;en-US;/Home;32541;1;0
Hospitalityupgrade.com-0093-2016Redesign;en-US;/Home;25405;1;0
Thelodgeatwoodloch.com-0033-2015Redesign;en-US;/Spa/Treatments-Services/Facials;9849;1;0
Broadmoor.com-0073-2016Redesign;en-US;/failovercheck;38059;1;0
Washingtoncourthotel.com-0076-2016Redesign;en-US;/Home;17858;1;0
Jupiterbeachresort.com-0103-2017Redesign;en-US;/Home;28158;1;0
Lidobeachresort.com-0106-2017Redesign;en-US;/failovercheck;38053;1;0
Thesagamore.com-0112-2017Redesign;en-US;/failovercheck;39241;1;0
Napavalleymarriott.com-0071-2016Redesign;en-US;/Home;16432;1;0
Longboatkeyclub.com-0104-2017Redesign;en-US;/failovercheck;38054;1;0
Halcyonhotelcherrycreek.com-0061-2015Redesign;en-US;/Home;22121;1;0
Edgewaternaples.com-0094-2016Redesign;en-US;/Offers-Packages;25246;1;0
Halcyonhotelcherrycreek.com-0061-2015Redesign;en-US;/Home;22121;1;0
Cendyn.com-0095-2016Redesign;en-US;/Home;26640;1;0
Delraysandsresort.com-0097-2016Redesign;en-US;/failovercheck;38049;1;0
Edgewaternaples.com-0094-2016Redesign;en-US;/Offers/Bed,-Beach-Brunch;40425;1;0
Cendyn.com-0095-2016Redesign;en-US;/Home;26640;1;0
Broadmoor.com-0073-2016Redesign;en-US;/The-Wilderness-Experiences;16728;1;0
Sandpearl.com-0091-2016Redesign;en-US;/failovercheck;38056;1;0
Samosetresort.com-0113-2017Redesign;en-US;/Home;32541;1;0
Edgewaternaples.com-0094-2016Redesign;en-US;/About-Us;25255;1;0
Cphollywoodbeach.com-0032-2015Redesign;en-US;/Gallery/Web-Cam;7831;1;0
Passport.lehotels.com-0069-2016BlogRedesign;en-US;/failovercheck;41068;1;0
Cendyn.com-0095-2016Redesign;en-US;/Home;26640;1;0
Thelodgeatwoodloch.com-0033-2015Redesign;en-US;/Home;7764;1;0
Cendyn.com-0095-2016Redesign;en-US;/Home;26640;1;0
Assuranceoperations.com-0065-2015Redesign;en-US;/Home;15263;1;0
Homewoodsuiteslax.com-0110-2017Redesign;en-US;/Home;30747;1;0
Degreerestaurant.com-0056-2015Redesign;en-US;/Home;11598;1;0
Treasureislandbeachresort.com-0089-2016Redesign;en-US;/failovercheck;38057;1;0
Opalsands.com-0084-2016Redesign;en-US;/failovercheck;38055;1;0
Chrco.com-0107-2017Redesign;en-US;/Home;29280;1;0
Hhotellosangeles.com-0118-2017Redesign;en-US;/Home;35289;1;0
Galthouse.com-0042-2015Redesign;en-US;/failovercheck;38060;1;0
Thecrawfordhotel.com-0074-2016Redesign;en-US;/Home;17145;1;0
Jbdukehotel.com-0086-2016Redesign;en-US;/Home;21918;1;0
Bluebirch.com-0072-2016Redesign;en-US;/Home;16693;1;0
Texturefoodanddrink.com-0067-2016Redesign;en-US;/Home;15452;1;0
Abbingtonbanquets.com-0070-2016Redesign;en-US;/Home;15789;1;0
Thecurtis.com-0079-2016Redesign;en-US;/Home;17981;1;0
Edgewaternaples.com-0094-2016Redesign;en-US;/failovercheck;38051;1;0
Cendyn.com-0095-2016Redesign;en-US;/Home;26640;1;0
Bocatrans.com-0082-2016Redesign;en-US;/Home;19758;1;0
Glencovemansion.com-0058-2015Redesign;en-US;/Home;13328;1;0
Sandylane.com-0075-2016Redesign;en-US;/Home;17611;1;0
Washingtoncourthotel.com-0076-2016Redesign;en-US;/Home;17858;1;0
Oxfordclubspa.com-0068-2016Redesign;en-US;/Home;15568;1;0
Theoxfordhotel.com-0062-2015Redesign;en-US;/Home;14325;1;0
Beverlyhillsresidenceinn.com-0087-2016Redesign;en-US;/Home;20999;1;0
Meateatery.com-0080-2016Redesign;en-US;/;18505;1;0
Naiaresortandspa.com-0077-2016Redesign;en-US;/home;20455;1;0
Halcyonhotelcherrycreek.com-0061-2015Redesign;en-US;/Home;22121;1;0
Luxehotels.com-0078-2016Redesign;en-US;/Home;18805;1;0
Zotabeachresort.com-0090-2016Redesign;en-US;/failovercheck;38058;1;0
Theharborsidehotel.com-0114-2017Redesign;en-US;/failovercheck;40403;1;0
Jupiterbeachresort.com-0103-2017Redesign;en-US;/failovercheck;38052;1;0
Samosetresort.com-0113-2017Redesign;en-US;/failovercheck;40334;1;0
Lakeplacidlodge.com-0105-2017Redesign;en-US;/failovercheck;39238;1;0
Abbingtonbanquets.com-0070-2016Redesign;en-US;/Testimonials;15805;1;0
Hospitalityupgrade.com-0093-2016Redesign;en-US;/Home;25405;1;0
Thelodgeatwoodloch.com-0033-2015Redesign;en-US;/Home;7764;1;0
Hospitalityupgrade.com-0093-2016Redesign;en-US;/Home;25405;1;0
Broadmoor.com-0073-2016Redesign;en-US;/failovercheck;38059;1;0
Galthouse.com-0042-2015Redesign;en-US;/Our-Hotel/Services-Amenities;10570;1;0
Napavalleymarriott.com-0071-2016Redesign;en-US;/Home;16432;1;0
Thesagamore.com-0112-2017Redesign;en-US;/failovercheck;39241;1;0
Lidobeachresort.com-0106-2017Redesign;en-US;/failovercheck;38053;1;0
Longboatkeyclub.com-0104-2017Redesign;en-US;/failovercheck;38054;1;0
Cendyn.com-0095-2016Redesign;en-US;/Home;26640;1;0
