Miravalspamonarchbeach.com-0109-2017Redesign;en-US;/failovercheck/;0;1;0
Sunsetkeycottages.com-0116-2017Redesign;en-US;/failovercheck/;0;1;0
theweststreethotel.com-0115-2017Redesign;en-US;/failovercheck/;0;1;0
Opalcollection.com-0098-2017Redesign;en-US;/failovercheck/;0;1;0
Miravalspamonarchbeach.com-0109-2017Redesign;en-US;/failovercheck/;0;1;0
Sunsetkeycottages.com-0116-2017Redesign;en-US;/failovercheck/;0;1;0
Lehotels.com-0049-2015Transfer;en-US;/getmedia/f57676ca-7424-4476-96b5-5383b57d8d46/favicon-apple/;0;1;0
Bellemontfarm.com-0007-2013Redesign;en-US;/apple-touch-icon-120x120-precomposed.png/;0;1;0
Opalcollection.com-0098-2017Redesign;en-US;/failovercheck/;0;1;0
Bellemontfarm.com-0007-2013Redesign;en-US;/apple-touch-icon-120x120.png/;0;1;0
Hospitalityupgrade.com-0093-2016Redesign;en-US;/_techTalk/TechTalk/Feed;0;1;0
Bellemontfarm.com-0007-2013Redesign;en-US;/apple-touch-icon-precomposed.png/;0;1;0
Sunsetkeycottages.com-0116-2017Redesign;en-US;/failovercheck/;0;1;0
Bellemontfarm.com-0007-2013Redesign;en-US;/apple-touch-icon.png/;0;1;0
Bellemontfarm.com-0007-2013Redesign;en-US;/favicon.ico/;0;1;0
hutchinsonshores.com-0119-2017Redesign;en-US;/failovercheck/;0;1;0
Bellemontfarm.com-0007-2013Redesign;en-US;/apple-touch-icon-120x120-precomposed.png/;0;1;0
Bellemontfarm.com-0007-2013Redesign;en-US;/apple-touch-icon-120x120.png/;0;1;0
Bellemontfarm.com-0007-2013Redesign;en-US;/apple-touch-icon-precomposed.png/;0;1;0
Bellemontfarm.com-0007-2013Redesign;en-US;/apple-touch-icon.png/;0;1;0
Bellemontfarm.com-0007-2013Redesign;en-US;/favicon.ico/;0;1;0
Opalcollection.com-0098-2017Redesign;en-US;/failovercheck/;0;1;0
Delraysandsresort.com-0097-2016Redesign;en-US;/wp-login.php/;0;1;0
Broadmoor.com-0073-2016Redesign;en-US;/tasteandsavor/;0;1;0
Broadmoor.com-0073-2016Redesign;en-US;/tasteandsavor/;0;1;0
Delraysandsresort.com-0097-2016Redesign;en-US;/wp-login.php/;0;1;0
hutchinsonshores.com-0119-2017Redesign;en-US;/failovercheck/;0;1;0
Jupiterbeachresort.com-0103-2017Redesign;en-US;/wp-login.php/;0;1;0
Jupiterbeachresort.com-0103-2017Redesign;en-US;/wp-login.php/;0;1;0
hutchinsonshores.com-0119-2017Redesign;en-US;/failovercheck/;0;1;0
Arcaneo.com-0030-2014Redesign;en-US;/failovercheck/;0;1;0
Halcyonhotelcherrycreek.com-0061-2015Redesign;en-US;/wp-login.php/;0;1;0
Thelodgeatwoodloch.com-0033-2015Redesign;en-US;/wp-login.php/;0;1;0
Samosetresort.com-0113-2017Redesign;en-US;/Table/Accommodations/feed/rss.html/;0;1;0
Broadmoor.com-0073-2016Redesign;en-US;/wpad.dat/;0;1;0
Broadmoor.com-0073-2016Redesign;en-US;/wpad.dat/;0;1;0
Samosetresort.com-0113-2017Redesign;en-US;/Table/Accommodations/feed/rss.html/;0;1;0
Arcaneo.com-0030-2014Redesign;en-US;/failovercheck/;0;1;0
Crmweb.cendyn.com-0121-2017Redesign;en-US;/failovercheck/;0;1;0
Samosetresort.com-0113-2017Redesign;en-US;/favicon.ico/;0;1;0
Arcaneo.com-0030-2014Redesign;en-US;/failovercheck/;0;1;0
theweststreethotel.com-0115-2017Redesign;en-US;/failovercheck/;0;1;0
saddlebrook.com-0011-2014Redesign;en-US;/wp-login.php/;0;1;0
Crmweb.cendyn.com-0121-2017Redesign;en-US;/failovercheck/;0;1;0
Samosetresort.com-0113-2017Redesign;en-US;/wp-login.php/;0;1;0
Miravalspamonarchbeach.com-0109-2017Redesign;en-US;/failovercheck/;0;1;0
Samosetresort.com-0113-2017Redesign;en-US;/wp-login.php/;0;1;0
theweststreethotel.com-0115-2017Redesign;en-US;/failovercheck/;0;1;0
Crmweb.cendyn.com-0121-2017Redesign;en-US;/failovercheck/;0;1;0
Miravalspamonarchbeach.com-0109-2017Redesign;en-US;/failovercheck/;0;1;0
Sunsetkeycottages.com-0116-2017Redesign;en-US;/failovercheck/;0;1;0
theweststreethotel.com-0115-2017Redesign;en-US;/failovercheck/;0;1;0
Opalcollection.com-0098-2017Redesign;en-US;/failovercheck/;0;1;0
Thesagamore.com-0112-2017Redesign;en-US;/wp-login.php/;0;1;0
Thesagamore.com-0112-2017Redesign;en-US;/wp-login.php/;0;1;0
Miravalspamonarchbeach.com-0109-2017Redesign;en-US;/failovercheck/;0;1;0
Sunsetkeycottages.com-0116-2017Redesign;en-US;/failovercheck/;0;1;0
shop.broadmoor.com-0096-2016ShoppingCart;en-US;/CMSModules/Chat/CMSPages/ChatService.svc/js;0;1;0
Opalcollection.com-0098-2017Redesign;en-US;/failovercheck/;0;1;0
Thecrawfordhotel.com-0074-2016Redesign;en-US;/YLNUZ/;0;1;0
Thecurtis.com-0079-2016Redesign;en-US;/wp-login.php/;0;1;0
Sunsetkeycottages.com-0116-2017Redesign;en-US;/failovercheck/;0;1;0
hutchinsonshores.com-0119-2017Redesign;en-US;/failovercheck/;0;1;0
Broadmoor.com-0073-2016Redesign;en-US;/wpad.dat/;0;1;0
Broadmoor.com-0073-2016Redesign;en-US;/wpad.dat/;0;1;0
Lakeplacidlodge.com-0105-2017Redesign;en-US;/wp-login.php/;0;1;0
Opalcollection.com-0098-2017Redesign;en-US;/failovercheck/;0;1;0
Lakeplacidlodge.com-0105-2017Redesign;en-US;/wp-login.php/;0;1;0
Cendynone.com-0035-2015Redesign;en-US;/wp-login.php/;0;1;0
hutchinsonshores.com-0119-2017Redesign;en-US;/failovercheck/;0;1;0
Cendyn.com-0095-2016Redesign;en-US;/autodiscover/autodiscover.xml;0;1;0
Cendyn.com-0095-2016Redesign;en-US;/autodiscover/autodiscover.xml;0;1;0
