Arcaneo.com-0030-2014Redesign;en-US;/failovercheck/;0;1;0
Oxfordclubspa.com-0068-2016Redesign;en-US;/getmedia/87fb9ce2-952b-4c1e-a437-6c7abc297c78/curly-left/;0;1;0
Oxfordclubspa.com-0068-2016Redesign;en-US;/getmedia/1c68c0d2-0e7d-4353-bb28-061312cf1da9/curly-right/;0;1;0
theweststreethotel.com-0115-2017Redesign;en-US;/failovercheck/;0;1;0
Broadmoor.com-0073-2016Redesign;en-US;/wpad.dat/;0;1;0
Broadmoor.com-0073-2016Redesign;en-US;/wpad.dat/;0;1;0
hutchinsonshores.com-0119-2017Redesign;en-US;/failovercheck/;0;1;0
Crmweb.cendyn.com-0121-2017Redesign;en-US;/failovercheck/;0;1;0
Halcyonhotelcherrycreek.com-0061-2015Redesign;en-US;/images/select-down-arrow.png/;0;1;0
Sandylane.com-0075-2016Redesign;en-US;/autodiscover/autodiscover.xml;0;1;0
Sandylane.com-0075-2016Redesign;en-US;/autodiscover/autodiscover.xml;0;1;0
Luxehotels.com-0078-2016Redesign;en-US;/wpad.dat/;0;1;0
Luxehotels.com-0078-2016Redesign;en-US;/autodiscover/autodiscover.xml;0;1;0
saddlebrook.com-0011-2014Redesign;en-US;/img/saddlebrook_map.jpg/;0;1;0
Sandylane.com-0075-2016Redesign;en-US;/autodiscover/autodiscover.xml;0;1;0
Sandylane.com-0075-2016Redesign;en-US;/autodiscover/autodiscover.xml;0;1;0
Luxehotels.com-0078-2016Redesign;en-US;/wpad.dat/;0;1;0
Arcaneo.com-0030-2014Redesign;en-US;/failovercheck/;0;1;0
Miravalspamonarchbeach.com-0109-2017Redesign;en-US;/failovercheck/;0;1;0
Hospitalityupgrade.com-0093-2016Redesign;en-US;/_search/search_AllResult.asp;0;1;0
theweststreethotel.com-0115-2017Redesign;en-US;/failovercheck/;0;1;0
Halcyonhotelcherrycreek.com-0061-2015Redesign;en-US;/images/select-down-arrow.png/;0;1;0
Theloganhotel.com-0043-2015Redesign;en-US;/autodiscover/autodiscover.xml;0;1;0
Crmweb.cendyn.com-0121-2017Redesign;en-US;/failovercheck/;0;1;0
Halcyonhotelcherrycreek.com-0061-2015Redesign;en-US;/images/select-down-arrow.png/;0;1;0
Arcaneo.com-0030-2014Redesign;en-US;/failovercheck/;0;1;0
Miravalspamonarchbeach.com-0109-2017Redesign;en-US;/failovercheck/;0;1;0
Hospitalityupgrade.com-0093-2016Redesign;en-US;/_techTalk/TechTalk/Feed;0;1;0
Samosetresort.com-0113-2017Redesign;en-US;/Opal/media/Opal/layout/blank.gif/;0;1;0
Broadmoor.com-0073-2016Redesign;en-US;/autodiscover/autodiscover.xml;0;1;0
Cocokeyorlando.com-0059-2015Redesign;en-US;/getmedia/d93e4657-5670-4323-be06-154ebcd9596a/direction-buttons/;0;1;0
Cocokeyorlando.com-0059-2015Redesign;en-US;/getmedia/98c85f83-2a85-43f5-9671-af03e3540bf4/ajax-loader/;0;1;0
Miravalspamonarchbeach.com-0109-2017Redesign;en-US;/failovercheck/;0;1;0
Sandylane.com-0075-2016Redesign;en-US;/autodiscover/autodiscover.xml;0;1;0
Halcyonhotelcherrycreek.com-0061-2015Redesign;en-US;/images/select-down-arrow.png/;0;1;0
Sunsetkeycottages.com-0116-2017Redesign;en-US;/failovercheck/;0;1;0
Halcyonhotelcherrycreek.com-0061-2015Redesign;en-US;/images/select-down-arrow.png/;0;1;0
Luxehotels.com-0078-2016Redesign;en-US;/wpad.dat/;0;1;0
Luxehotels.com-0078-2016Redesign;en-US;/autodiscover/autodiscover.xml;0;1;0
Glencovemansion.com-0058-2015Redesign;en-US;/events/fantasy-football-private-draft-party/;0;1;0
Sandylane.com-0075-2016Redesign;en-US;/autodiscover/autodiscover.xml;0;1;0
Sandylane.com-0075-2016Redesign;en-US;/__newimages/w4.jpg/;0;1;0
Sunsetkeycottages.com-0116-2017Redesign;en-US;/failovercheck/;0;1;0
Luxehotels.com-0078-2016Redesign;en-US;/wpad.dat/;0;1;0
Lehotels.com-0049-2015Transfer;en-US;/autodiscover/autodiscover.xml;0;1;0
Opalcollection.com-0098-2017Redesign;en-US;/failovercheck/;0;1;0
wentworthcom00212014redesign;en-US;/wp-login.php/;0;1;0
Sandylane.com-0075-2016Redesign;en-US;/autodiscover/autodiscover.xml;0;1;0
Theoxfordhotel.com-0062-2015Redesign;en-US;/CMSPages/images/bx_loader.gif;0;1;0
Sandylane.com-0075-2016Redesign;en-US;/autodiscover/autodiscover.xml;0;1;0
Thesagamore.com-0112-2017Redesign;en-US;/wp-login.php/;0;1;0
Residenceinnlax.com-0026-2014Redesign;en-US;/wp-login.php/;0;1;0
Thesagamore.com-0112-2017Redesign;en-US;/wp-login.php/;0;1;0
Sunsetkeycottages.com-0116-2017Redesign;en-US;/failovercheck/;0;1;0
Opalsands.com-0084-2016Redesign;en-US;/Opal/media/Opal/layout/blank.gif/;0;1;0
Ecommerce.saddlebrook.com-0028-2014ShoppingCart;en-US;/getmedia/b2ae2323-6b2f-417b-b731-16ce922839c0/Saddlebrook-Fact-Sheet-Meetings_1/;0;1;0
Broadmoor.com-0073-2016Redesign;en-US;/wpad.dat/;0;1;0
Broadmoor.com-0073-2016Redesign;en-US;/wpad.dat/;0;1;0
Opalcollection.com-0098-2017Redesign;en-US;/failovercheck/;0;1;0
Sandylane.com-0075-2016Redesign;en-US;/wp-login.php/;0;1;0
Ecommerce.saddlebrook.com-0028-2014ShoppingCart;en-US;/getmedia/360fe8f2-7817-4e21-a31f-4022fb0e9c29/Saddlebrook-Catering-Menu-2017-NP.pdf/;0;1;0
hutchinsonshores.com-0119-2017Redesign;en-US;/failovercheck/;0;1;0
Opalcollection.com-0098-2017Redesign;en-US;/failovercheck/;0;1;0
Lehotels.com-0049-2015Transfer;en-US;/Search/results/r-1/lc-10/c-mr/cl-14/co-0/ci-0/;0;1;0
Sandylane.com-0075-2016Redesign;en-US;/autodiscover/autodiscover.xml;0;1;0
Sandylane.com-0075-2016Redesign;en-US;/autodiscover/autodiscover.xml;0;1;0
theweststreethotel.com-0115-2017Redesign;en-US;/failovercheck/;0;1;0
hutchinsonshores.com-0119-2017Redesign;en-US;/failovercheck/;0;1;0
Kittitianhill.com-0012-2014Redesign;en-US;/st-kitts-nevis-economic-citizenship/;0;1;0
Crmweb.cendyn.com-0121-2017Redesign;en-US;/failovercheck/;0;1;0
Luxehotels.com-0078-2016Redesign;en-US;/wpad.dat/;0;1;0
Cendyn.com-0095-2016Redesign;en-US;/autodiscover/autodiscover.xml;0;1;0
Arcaneo.com-0030-2014Redesign;en-US;/failovercheck/;0;1;0
Beverlyhillsresidenceinn.com-0087-2016Redesign;en-US;/mobile/;0;1;0
theweststreethotel.com-0115-2017Redesign;en-US;/failovercheck/;0;1;0
hutchinsonshores.com-0119-2017Redesign;en-US;/failovercheck/;0;1;0
Crmweb.cendyn.com-0121-2017Redesign;en-US;/failovercheck/;0;1;0
Lakeplacidlodge.com-0105-2017Redesign;en-US;/Opal/media/Opal/layout/blank.gif/;0;1;0
Monarchbeachresort.com-0092-2016Redesign;en-US;/autodiscover/autodiscover.xml;0;1;0
Arcaneo.com-0030-2014Redesign;en-US;/failovercheck/;0;1;0
Miravalspamonarchbeach.com-0109-2017Redesign;en-US;/failovercheck/;0;1;0
Sandylane.com-0075-2016Redesign;en-US;/autodiscover/autodiscover.xml;0;1;0
Sandylane.com-0075-2016Redesign;en-US;/autodiscover/autodiscover.xml;0;1;0
theweststreethotel.com-0115-2017Redesign;en-US;/failovercheck/;0;1;0
Broadmoor.com-0073-2016Redesign;en-US;/favicon.ico/;0;1;0
Broadmoor.com-0073-2016Redesign;en-US;/wp-login.php/;0;1;0
Broadmoor.com-0073-2016Redesign;en-US;/favicon.ico/;0;1;0
Thecrawfordhotel.com-0074-2016Redesign;en-US;/autodiscover/autodiscover.xml;0;1;0
Crmweb.cendyn.com-0121-2017Redesign;en-US;/failovercheck/;0;1;0
Broadmoor.com-0073-2016Redesign;en-US;/wp-login.php/;0;1;0
Lehotels.com-0049-2015Transfer;en-US;/Map/results/r-0/lc-0/c-/cl-6/co-0/ci-272/st-0/;0;1;0
Arcaneo.com-0030-2014Redesign;en-US;/failovercheck/;0;1;0
Miravalspamonarchbeach.com-0109-2017Redesign;en-US;/failovercheck/;0;1;0
Thesagamore.com-0112-2017Redesign;en-US;/Opal/media/Opal/layout/blank.gif/;0;1;0
Samosetresort.com-0113-2017Redesign;en-US;/Opal/media/Opal/layout/blank.gif/;0;1;0
Thesagamore.com-0112-2017Redesign;en-US;/favicon.ico/;0;1;0
Thesagamore.com-0112-2017Redesign;en-US;/Opal/media/Opal/layout/blank.gif/;0;1;0
Broadmoor.com-0073-2016Redesign;en-US;/wp-login.php/;0;1;0
Thecrawfordhotel.com-0074-2016Redesign;en-US;/autodiscover/autodiscover.xml;0;1;0
Broadmoor.com-0073-2016Redesign;en-US;/wp-login.php/;0;1;0
Miravalspamonarchbeach.com-0109-2017Redesign;en-US;/failovercheck/;0;1;0
Sandylane.com-0075-2016Redesign;en-US;/autodiscover/autodiscover.xml;0;1;0
Oxfordclubspa.com-0068-2016Redesign;en-US;/getmedia/1c68c0d2-0e7d-4353-bb28-061312cf1da9/curly-right/;0;1;0
Oxfordclubspa.com-0068-2016Redesign;en-US;/getmedia/87fb9ce2-952b-4c1e-a437-6c7abc297c78/curly-left/;0;1;0
Broadmoor.com-0073-2016Redesign;en-US;/wp-login.php/;0;1;0
Sunsetkeycottages.com-0116-2017Redesign;en-US;/failovercheck/;0;1;0
Sandylane.com-0075-2016Redesign;en-US;/autodiscover/autodiscover.xml;0;1;0
Broadmoor.com-0073-2016Redesign;en-US;/wp-login.php/;0;1;0
Cendyn.com-0095-2016Redesign;en-US;/autodiscover/autodiscover.xml;0;1;0
