Luxehotels.com-0078-2016Redesign;en-US;/wpad.dat/;0;1;0
Broadmoor.com-0073-2016Redesign;en-US;/wpad.dat/;0;1;0
Halcyonhotelcherrycreek.com-0061-2015Redesign;en-US;/images/select-down-arrow.png/;0;1;0
Broadmoor.com-0073-2016Redesign;en-US;/wpad.dat/;0;1;0
Opalcollection.com-0098-2017Redesign;en-US;/failovercheck/;0;1;0
Thesagamore.com-0112-2017Redesign;en-US;/favicon.ico/;0;1;0
Hospitalityupgrade.com-0093-2016Redesign;en-US;/HUtube-Videos/;0;1;0
Sunsetkeycottages.com-0116-2017Redesign;en-US;/failovercheck/;0;1;0
Hospitalityupgrade.com-0093-2016Redesign;en-US;/TrackLinks_2ndED.asp;0;1;0
Casaybelresort.com-0002-2014Redesign;en-US;/CMSPages/_javascript/PIE.htc;0;1;0
Broadmoor.com-0073-2016Redesign;en-US;/open-positions/job-app1.asp/;0;1;0
Thesagamore.com-0112-2017Redesign;en-US;/wp-login.php/;0;1;0
Thesagamore.com-0112-2017Redesign;en-US;/wp-login.php/;0;1;0
Unionstationhotelnashville.com-0047-2015Redesign;en-US;/autodiscover/autodiscover.xml;0;1;0
Opalcollection.com-0098-2017Redesign;en-US;/failovercheck/;0;1;0
Theloganhotel.com-0043-2015Redesign;en-US;/hotel-overview/livingthelogan/livingthelogan-past/terrarium/;0;1;0
Hospitalityupgrade.com-0093-2016Redesign;en-US;/TrackLinks_2ndED.asp;0;1;0
theweststreethotel.com-0115-2017Redesign;en-US;/Opal/media/Opal/layout/blank.gif/;0;1;0
Sunsetkeycottages.com-0116-2017Redesign;en-US;/failovercheck/;0;1;0
Theoxfordhotel.com-0062-2015Redesign;en-US;/CMSPages/images/bx_loader.gif;0;1;0
hutchinsonshores.com-0119-2017Redesign;en-US;/failovercheck/;0;1;0
Luxehotels.com-0078-2016Redesign;en-US;/wpad.dat/;0;1;0
Luxehotels.com-0078-2016Redesign;en-US;/wpad.dat/;0;1;0
Luxehotels.com-0078-2016Redesign;en-US;/wpad.dat/;0;1;0
Luxehotels.com-0078-2016Redesign;en-US;/wpad.dat/;0;1;0
Luxehotels.com-0078-2016Redesign;en-US;/wpad.dat/;0;1;0
Luxehotels.com-0078-2016Redesign;en-US;/wpad.dat/;0;1;0
Luxehotels.com-0078-2016Redesign;en-US;/wpad.dat/;0;1;0
Luxehotels.com-0078-2016Redesign;en-US;/wpad.dat/;0;1;0
Luxehotels.com-0078-2016Redesign;en-US;/wpad.dat/;0;1;0
Opalcollection.com-0098-2017Redesign;en-US;/failovercheck/;0;1;0
Luxehotels.com-0078-2016Redesign;en-US;/autodiscover/autodiscover.xml;0;1;0
Lakeplacidlodge.com-0105-2017Redesign;en-US;/Opal/media/Opal/layout/blank.gif/;0;1;0
Montaukyachtclub.com-0010-2014Redesign;en-US;/wp-login.php/;0;1;0
Lehotels.com-0049-2015Transfer;en-US;/autodiscover/autodiscover.xml;0;1;0
Hospitalityupgrade.com-0093-2016Redesign;en-US;/TrackLinks_2ndED.asp;0;1;0
Cendyn.com-0095-2016Redesign;en-US;/autodiscover/autodiscover.xml;0;1;0
Luxehotels.com-0078-2016Redesign;en-US;/wpad.dat/;0;1;0
hutchinsonshores.com-0119-2017Redesign;en-US;/failovercheck/;0;1;0
Luxehotels.com-0078-2016Redesign;en-US;/wpad.dat/;0;1;0
Crmweb.cendyn.com-0121-2017Redesign;en-US;/failovercheck/;0;1;0
Arcaneo.com-0030-2014Redesign;en-US;/failovercheck/;0;1;0
Broadmoor.com-0073-2016Redesign;en-US;/wpad.dat/;0;1;0
Broadmoor.com-0073-2016Redesign;en-US;/wpad.dat/;0;1;0
theweststreethotel.com-0115-2017Redesign;en-US;/failovercheck/;0;1;0
Broadmoor.com-0073-2016Redesign;en-US;/wp-login.php/;0;1;0
Hospitalityupgrade.com-0093-2016Redesign;en-US;/_techTalk/TechTalk/Feed;0;1;0
hutchinsonshores.com-0119-2017Redesign;en-US;/failovercheck/;0;1;0
Hospitalityupgrade.com-0093-2016Redesign;en-US;/TrackLinks_2ndED.asp;0;1;0
Broadmoor.com-0073-2016Redesign;en-US;/wp-login.php/;0;1;0
Broadmoor.com-0073-2016Redesign;en-US;/2016/03/movie-schedule-april-16th-30th-2/;0;1;0
Jupiterbeachresort.com-0103-2017Redesign;en-US;/wp-login.php/;0;1;0
Broadmoor.com-0073-2016Redesign;en-US;/2016/03/movie-schedule-april-16th-30th-2/;0;1;0
Jupiterbeachresort.com-0103-2017Redesign;en-US;/wp-login.php/;0;1;0
Crmweb.cendyn.com-0121-2017Redesign;en-US;/failovercheck/;0;1;0
Arcaneo.com-0030-2014Redesign;en-US;/failovercheck/;0;1;0
Monarchbeachresort.com-0092-2016Redesign;en-US;/apple-touch-icon-120x120-precomposed.png/;0;1;0
Monarchbeachresort.com-0092-2016Redesign;en-US;/apple-touch-icon-120x120.png/;0;1;0
Miravalspamonarchbeach.com-0109-2017Redesign;en-US;/failovercheck/;0;1;0
Monarchbeachresort.com-0092-2016Redesign;en-US;/apple-touch-icon-precomposed.png/;0;1;0
theweststreethotel.com-0115-2017Redesign;en-US;/failovercheck/;0;1;0
Monarchbeachresort.com-0092-2016Redesign;en-US;/apple-touch-icon.png/;0;1;0
Oxfordclubspa.com-0068-2016Redesign;en-US;/getmedia/1c68c0d2-0e7d-4353-bb28-061312cf1da9/curly-right/;0;1;0
Hospitalityupgrade.com-0093-2016Redesign;en-US;/TrackLinks_2ndED.asp;0;1;0
Monarchbeachresort.com-0092-2016Redesign;en-US;/favicon.ico/;0;1;0
Oxfordclubspa.com-0068-2016Redesign;en-US;/getmedia/87fb9ce2-952b-4c1e-a437-6c7abc297c78/curly-left/;0;1;0
Monarchbeachresort.com-0092-2016Redesign;en-US;/apple-touch-icon-120x120-precomposed.png/;0;1;0
Oxfordclubspa.com-0068-2016Redesign;en-US;/getmedia/98c85f83-2a85-43f5-9671-af03e3540bf4/ajax-loader/;0;1;0
Cocokeyorlando.com-0059-2015Redesign;en-US;/getmedia/d93e4657-5670-4323-be06-154ebcd9596a/direction-buttons/;0;1;0
Oxfordclubspa.com-0068-2016Redesign;en-US;/getmedia/6d374795-4388-45cb-ae84-0685860c705b/direction-buttons/;0;1;0
Monarchbeachresort.com-0092-2016Redesign;en-US;/apple-touch-icon-120x120.png/;0;1;0
Monarchbeachresort.com-0092-2016Redesign;en-US;/apple-touch-icon-precomposed.png/;0;1;0
Theloganhotel.com-0043-2015Redesign;en-US;/hotel-overview/livingthelogan/yoga-and-glow/;0;1;0
shop.broadmoor.com-0096-2016ShoppingCart;en-US;/getmedia/d905bd21-f181-4984-b75f-73d1893fc681/The-Spa_Broadmoor_April-2017-Menu-of-Services_onlineV.pdf/;0;1;0
Monarchbeachresort.com-0092-2016Redesign;en-US;/apple-touch-icon.png/;0;1;0
Monarchbeachresort.com-0092-2016Redesign;en-US;/favicon.ico/;0;1;0
Crmweb.cendyn.com-0121-2017Redesign;en-US;/failovercheck/;0;1;0
Arcaneo.com-0030-2014Redesign;en-US;/failovercheck/;0;1;0
Cocokeyorlando.com-0059-2015Redesign;en-US;/getmedia/98c85f83-2a85-43f5-9671-af03e3540bf4/ajax-loader/;0;1;0
Montaukyachtclub.com-0010-2014Redesign;en-US;/apple-touch-icon-120x120-precomposed.png/;0;1;0
Thesagamore.com-0112-2017Redesign;en-US;/Opal/media/Opal/layout/blank.gif/;0;1;0
Montaukyachtclub.com-0010-2014Redesign;en-US;/apple-touch-icon-120x120.png/;0;1;0
Miravalspamonarchbeach.com-0109-2017Redesign;en-US;/failovercheck/;0;1;0
Delraysandsresort.com-0097-2016Redesign;en-US;/Opal/media/Opal/layout/blank.gif/;0;1;0
Montaukyachtclub.com-0010-2014Redesign;en-US;/apple-touch-icon-precomposed.png/;0;1;0
Oxfordclubspa.com-0068-2016Redesign;en-US;/getmedia/1c68c0d2-0e7d-4353-bb28-061312cf1da9/curly-right/;0;1;0
Oxfordclubspa.com-0068-2016Redesign;en-US;/getmedia/87fb9ce2-952b-4c1e-a437-6c7abc297c78/curly-left/;0;1;0
Hospitalityupgrade.com-0093-2016Redesign;en-US;/TrackLinks_2ndED.asp;0;1;0
theweststreethotel.com-0115-2017Redesign;en-US;/failovercheck/;0;1;0
Montaukyachtclub.com-0010-2014Redesign;en-US;/apple-touch-icon.png/;0;1;0
Montaukyachtclub.com-0010-2014Redesign;en-US;/favicon.ico/;0;1;0
Montaukyachtclub.com-0010-2014Redesign;en-US;/apple-touch-icon-120x120-precomposed.png/;0;1;0
Cendyn.com-0095-2016Redesign;en-US;/wp-login.php/;0;1;0
Montaukyachtclub.com-0010-2014Redesign;en-US;/apple-touch-icon-120x120.png/;0;1;0
Montaukyachtclub.com-0010-2014Redesign;en-US;/apple-touch-icon-precomposed.png/;0;1;0
Broadmoor.com-0073-2016Redesign;en-US;/wp-login.php/;0;1;0
Montaukyachtclub.com-0010-2014Redesign;en-US;/apple-touch-icon.png/;0;1;0
Montaukyachtclub.com-0010-2014Redesign;en-US;/favicon.ico/;0;1;0
Broadmoor.com-0073-2016Redesign;en-US;/wp-login.php/;0;1;0
Lehotels.com-0049-2015Transfer;en-US;/Search/results/r-5/lc-0/c-ac/cl-0/co-54/ci-0/st-0/;0;1;0
Lehotels.com-0049-2015Transfer;en-US;/Search/results/r-5/lc-0/c-ac/cl-0/co-54/ci-0/st-0/;0;1;0
saddlebrook.com-0011-2014Redesign;en-US;/favicon.ico/;0;1;0
Hospitalityupgrade.com-0093-2016Redesign;en-US;/TrackLinks_2ndED.asp;0;1;0
Theharborsidehotel.com-0114-2017Redesign;en-US;/Opal/media/Opal/layout/blank.gif/;0;1;0
Miravalspamonarchbeach.com-0109-2017Redesign;en-US;/failovercheck/;0;1;0
Galthouse.com-0042-2015Redesign;en-US;/wp-login.php/;0;1;0
Galthouse.com-0042-2015Redesign;en-US;/wp-login.php/;0;1;0
Lehotels.com-0049-2015Transfer;en-US;/specials/holiday-escape/holiday-escape-at-hotel-manzoni/;0;1;0
Luxehotels.com-0078-2016Redesign;en-US;/wpad.dat/;0;1;0
Thesagamore.com-0112-2017Redesign;en-US;/favicon.ico/;0;1;0
Longboatkeyclub.com-0104-2017Redesign;en-US;/Opal/media/Opal/layout/blank.gif/;0;1;0
Hospitalityupgrade.com-0093-2016Redesign;en-US;/TrackLinks_2ndED.asp;0;1;0
Broadmoor.com-0073-2016Redesign;en-US;/wp-login.php/;0;1;0
Cendyn.com-0095-2016Redesign;en-US;/autodiscover/autodiscover.xml;0;1;0
Sunsetkeycottages.com-0116-2017Redesign;en-US;/failovercheck/;0;1;0
Broadmoor.com-0073-2016Redesign;en-US;/wp-login.php/;0;1;0
Cendyn.com-0095-2016Redesign;en-US;/autodiscover/autodiscover.xml;0;1;0
Lehotels.com-0049-2015Transfer;en-US;/autodiscover/autodiscover.xml;0;1;0
Samosetresort.com-0113-2017Redesign;en-US;/Table/Accommodations/feed/rss.html/;0;1;0
Samosetresort.com-0113-2017Redesign;en-US;/Table/Accommodations/feed/rss.html/;0;1;0
Hospitalityupgrade.com-0093-2016Redesign;en-US;/TrackLinks_2ndED.asp;0;1;0
Washingtondukeinn.com-0024-2014Redesign;en-US;/wp-login.php/;0;1;0
Cendyn.com-0095-2016Redesign;en-US;/wp-login.php/;0;1;0
Opalcollection.com-0098-2017Redesign;en-US;/failovercheck/;0;1;0
Washingtondukeinn.com-0024-2014Redesign;en-US;/favicon.ico/;0;1;0
Sandpearl.com-0091-2016Redesign;en-US;/career/5/;0;1;0
Edgewaternaples.com-0094-2016Redesign;en-US;/_images/_design/_headers/stay-residences02.jpg/;0;1;0
Sunsetkeycottages.com-0116-2017Redesign;en-US;/failovercheck/;0;1;0
Cocokeyorlando.com-0059-2015Redesign;en-US;/getmedia/98c85f83-2a85-43f5-9671-af03e3540bf4/ajax-loader/;0;1;0
Cendyn.com-0095-2016Redesign;en-US;/autodiscover/autodiscover.xml;0;1;0
Thecrawfordhotel.com-0074-2016Redesign;en-US;/autodiscover/autodiscover.xml;0;1;0
Treasureislandbeachresort.com-0089-2016Redesign;en-US;/Opal/media/Opal/layout/blank.gif/;0;1;0
Hospitalityupgrade.com-0093-2016Redesign;en-US;/TrackLinks_2ndED.asp;0;1;0
Lehotels.com-0049-2015Transfer;en-US;/autodiscover/autodiscover.xml;0;1;0
Opalcollection.com-0098-2017Redesign;en-US;/failovercheck/;0;1;0
Lehotels.com-0049-2015Transfer;en-US;/autodiscover/autodiscover.xml;0;1;0
Luxehotels.com-0078-2016Redesign;en-US;/wpad.dat/;0;1;0
Sunsetkeycottages.com-0116-2017Redesign;en-US;/failovercheck/;0;1;0
Washingtondukeinn.com-0024-2014Redesign;en-US;/wp-login.php/;0;1;0
hutchinsonshores.com-0119-2017Redesign;en-US;/failovercheck/;0;1;0
Luxehotels.com-0078-2016Redesign;en-US;/wpad.dat/;0;1;0
Hospitalityupgrade.com-0093-2016Redesign;en-US;/TrackLinks_2ndED.asp;0;1;0
Cocokeyorlando.com-0059-2015Redesign;en-US;/getmedia/d93e4657-5670-4323-be06-154ebcd9596a/direction-buttons/;0;1;0
Opalcollection.com-0098-2017Redesign;en-US;/failovercheck/;0;1;0
Theharborsidehotel.com-0114-2017Redesign;en-US;/wp-login.php/;0;1;0
Theharborsidehotel.com-0114-2017Redesign;en-US;/wp-login.php/;0;1;0
Hospitalityupgrade.com-0093-2016Redesign;en-US;/TrackLinks_2ndED.asp;0;1;0
hutchinsonshores.com-0119-2017Redesign;en-US;/failovercheck/;0;1;0
Crmweb.cendyn.com-0121-2017Redesign;en-US;/failovercheck/;0;1;0
Arcaneo.com-0030-2014Redesign;en-US;/failovercheck/;0;1;0
Hospitalityupgrade.com-0093-2016Redesign;en-US;/TrackLinks_2ndED.asp;0;1;0
theweststreethotel.com-0115-2017Redesign;en-US;/failovercheck/;0;1;0
