Sunsetkeycottages.com-0116-2017Redesign;en-US;/failovercheck/;0;1;0
saddlebrook.com-0011-2014Redesign;en-US;/wp-login.php/;0;1;0
Thesagamore.com-0112-2017Redesign;en-US;/wp-login.php/;0;1;0
Miravalspamonarchbeach.com-0109-2017Redesign;en-US;/failovercheck/;0;1;0
Samosetresort.com-0113-2017Redesign;en-US;/wp-login.php/;0;1;0
Thesagamore.com-0112-2017Redesign;en-US;/wp-login.php/;0;1;0
Samosetresort.com-0113-2017Redesign;en-US;/wp-login.php/;0;1;0
Opalcollection.com-0098-2017Redesign;en-US;/failovercheck/;0;1;0
Edgewaternaples.com-0094-2016Redesign;en-US;/Opal/media/Opal/layout/blank.gif/;0;1;0
Cendyn.com-0095-2016Redesign;en-US;/autodiscover/autodiscover.xml;0;1;0
Sunsetkeycottages.com-0116-2017Redesign;en-US;/failovercheck/;0;1;0
hutchinsonshores.com-0119-2017Redesign;en-US;/failovercheck/;0;1;0
Opalcollection.com-0098-2017Redesign;en-US;/failovercheck/;0;1;0
Hospitalityupgrade.com-0093-2016Redesign;en-US;/_techTalk/TechTalk/Feed;0;1;0
Samosetresort.com-0113-2017Redesign;en-US;/Table/Accommodations/feed/rss.html/;0;1;0
Samosetresort.com-0113-2017Redesign;en-US;/Table/Accommodations/feed/rss.html/;0;1;0
Thesagamore.com-0112-2017Redesign;en-US;/wp-login.php/;0;1;0
hutchinsonshores.com-0119-2017Redesign;en-US;/failovercheck/;0;1;0
Thesagamore.com-0112-2017Redesign;en-US;/wp-login.php/;0;1;0
Samosetresort.com-0113-2017Redesign;en-US;/_images/_design/_headers/2017/5.jpg/;0;1;0
Homewoodsuiteslax.com-0110-2017Redesign;en-US;/Homewoodsuiteslaxcom0110-2017Redesign/media/beverlyhillsresidenceinn.com-0087-Media-Library/Layout/favicon-apple.png/;0;1;0
hutchinsonshores.com-0119-2017Redesign;en-US;/failovercheck/;0;1;0
Arcaneo.com-0030-2014Redesign;en-US;/failovercheck/;0;1;0
Delraysandsresort.com-0097-2016Redesign;en-US;/Opal/media/Opal/layout/blank.gif/;0;1;0
Lidobeachresort.com-0106-2017Redesign;en-US;/images/logo.jpg/;0;1;0
Lidobeachresort.com-0106-2017Redesign;en-US;/images/logo.jpg/;0;1;0
Broadmoor.com-0073-2016Redesign;en-US;/wpad.dat/;0;1;0
Broadmoor.com-0073-2016Redesign;en-US;/wpad.dat/;0;1;0
Broadmoor.com-0073-2016Redesign;en-US;/wpad.dat/;0;1;0
Broadmoor.com-0073-2016Redesign;en-US;/wpad.dat/;0;1;0
Cendyn.com-0095-2016Redesign;en-US;/wp-login.php/;0;1;0
Arcaneo.com-0030-2014Redesign;en-US;/failovercheck/;0;1;0
Crmweb.cendyn.com-0121-2017Redesign;en-US;/failovercheck/;0;1;0
Theloganhotel.com-0043-2015Redesign;en-US;/autodiscover/autodiscover.xml;0;1;0
Halcyonhotelcherrycreek.com-0061-2015Redesign;en-US;/wp-login.php/;0;1;0
theweststreethotel.com-0115-2017Redesign;en-US;/favicon.ico/;0;1;0
theweststreethotel.com-0115-2017Redesign;en-US;/favicon.ico/;0;1;0
Arcaneo.com-0030-2014Redesign;en-US;/failovercheck/;0;1;0
theweststreethotel.com-0115-2017Redesign;en-US;/failovercheck/;0;1;0
Crmweb.cendyn.com-0121-2017Redesign;en-US;/failovercheck/;0;1;0
Miravalspamonarchbeach.com-0109-2017Redesign;en-US;/failovercheck/;0;1;0
theweststreethotel.com-0115-2017Redesign;en-US;/failovercheck/;0;1;0
Hospitalityupgrade.com-0093-2016Redesign;en-US;/_techTalk/TechTalk/Feed;0;1;0
Crmweb.cendyn.com-0121-2017Redesign;en-US;/failovercheck/;0;1;0
Sunsetkeycottages.com-0116-2017Redesign;en-US;/failovercheck/;0;1;0
Miravalspamonarchbeach.com-0109-2017Redesign;en-US;/failovercheck/;0;1;0
theweststreethotel.com-0115-2017Redesign;en-US;/failovercheck/;0;1;0
Opalcollection.com-0098-2017Redesign;en-US;/failovercheck/;0;1;0
Luxehotels.com-0078-2016Redesign;en-US;/getattachment/Media-Center/Press-Releases/FAMILY–STYLE-GUEST-ROOMS-NOW-AVAILABLE-FOR-BOOKING/LSBH-Family-Rooms-Skirball-3-8-17-(2).docx/;0;1;0
Broadmoor.com-0073-2016Redesign;en-US;/wp-login.php/;0;1;0
Sunsetkeycottages.com-0116-2017Redesign;en-US;/failovercheck/;0;1;0
Broadmoor.com-0073-2016Redesign;en-US;/wp-login.php/;0;1;0
Miravalspamonarchbeach.com-0109-2017Redesign;en-US;/failovercheck/;0;1;0
Opalcollection.com-0098-2017Redesign;en-US;/failovercheck/;0;1;0
Chrco.com-0107-2017Redesign;en-US;/image/;0;1;0
Sunsetkeycottages.com-0116-2017Redesign;en-US;/failovercheck/;0;1;0
hutchinsonshores.com-0119-2017Redesign;en-US;/failovercheck/;0;1;0
Chrco.com-0107-2017Redesign;en-US;/image/;0;1;0
Opalcollection.com-0098-2017Redesign;en-US;/failovercheck/;0;1;0
Sandpearl.com-0091-2016Redesign;en-US;/wp-login.php/;0;1;0
Sandpearl.com-0091-2016Redesign;en-US;/wp-login.php/;0;1;0
hutchinsonshores.com-0119-2017Redesign;en-US;/failovercheck/;0;1;0
Broadmoor.com-0073-2016Redesign;en-US;/Broadmoor.com-0073-2016Redesign/media/design/main-logo.png/;0;1;0
hutchinsonshores.com-0119-2017Redesign;en-US;/failovercheck/;0;1;0
Thelodgeatwoodloch.com-0033-2015Redesign;en-US;/apple-touch-icon-precomposed.png/;0;1;0
Arcaneo.com-0030-2014Redesign;en-US;/failovercheck/;0;1;0
Thelodgeatwoodloch.com-0033-2015Redesign;en-US;/apple-touch-icon.png/;0;1;0
Thelodgeatwoodloch.com-0033-2015Redesign;en-US;/favicon.ico/;0;1;0
