Sunsetkeycottages.com-0116-2017Redesign;en-US;/failovercheck/;0;1;0
Cendyn.com-0095-2016Redesign;en-US;/autodiscover/autodiscover.xml;0;1;0
Cendyn.com-0095-2016Redesign;en-US;/autodiscover/autodiscover.xml;0;1;0
Broadmoor.com-0073-2016Redesign;en-US;/wpad.dat/;0;1;0
Broadmoor.com-0073-2016Redesign;en-US;/wpad.dat/;0;1;0
Opalcollection.com-0098-2017Redesign;en-US;/failovercheck/;0;1;0
Cendyn.com-0095-2016Redesign;en-US;/autodiscover/autodiscover.xml;0;1;0
Chrco.com-0107-2017Redesign;en-US;/wp-login.php/;0;1;0
Lehotels.com-0049-2015Transfer;en-US;/stgeorgeresidence/meetings/;0;1;0
Sunsetkeycottages.com-0116-2017Redesign;en-US;/failovercheck/;0;1;0
Samosetresort.com-0113-2017Redesign;en-US;/wp-login.php/;0;1;0
Samosetresort.com-0113-2017Redesign;en-US;/wp-login.php/;0;1;0
Theloganhotel.com-0043-2015Redesign;en-US;/autodiscover/autodiscover.xml;0;1;0
Secretharbourvi.com-0040-2015Redesign;en-US;/wp-login.php/;0;1;0
Opalcollection.com-0098-2017Redesign;en-US;/failovercheck/;0;1;0
Sunsetkeycottages.com-0116-2017Redesign;en-US;/failovercheck/;0;1;0
Cocokeyorlando.com-0059-2015Redesign;en-US;/autodiscover/autodiscover.xml;0;1;0
hutchinsonshores.com-0119-2017Redesign;en-US;/failovercheck/;0;1;0
Opalcollection.com-0098-2017Redesign;en-US;/failovercheck/;0;1;0
theweststreethotel.com-0115-2017Redesign;en-US;/favicon.ico/;0;1;0
theweststreethotel.com-0115-2017Redesign;en-US;/favicon.ico/;0;1;0
hutchinsonshores.com-0119-2017Redesign;en-US;/failovercheck/;0;1;0
Broadmoor.com-0073-2016Redesign;en-US;/wpad.dat/;0;1;0
Broadmoor.com-0073-2016Redesign;en-US;/wpad.dat/;0;1;0
Saddlebrookprep.com-0022-2014Transfer;en-US;/favicon.ico/;0;1;0
Chrco.com-0107-2017Redesign;en-US;/egallery/upload/crescent hotels/crescent hotels - crescent hotels corporate/files/news/HM_0315_TopThirdPartyMgt- rank3.pdf/;0;1;0
Thesagamore.com-0112-2017Redesign;en-US;/Opal/media/Opal/layout/blank.gif/;0;1;0
Cendyn.com-0095-2016Redesign;en-US;/autodiscover/autodiscover.xml;0;1;0
Chrco.com-0107-2017Redesign;en-US;/apple-touch-icon120x120.png/;0;1;0
Chrco.com-0107-2017Redesign;en-US;/apple-touch-icon152x152.png/;0;1;0
Chrco.com-0107-2017Redesign;en-US;/apple-touch-icon.png/;0;1;0
Chrco.com-0107-2017Redesign;en-US;/apple-touch-icon76x76.png/;0;1;0
Chrco.com-0107-2017Redesign;en-US;/image/;0;1;0
hutchinsonshores.com-0119-2017Redesign;en-US;/failovercheck/;0;1;0
Hi-nyc.com-0108-2017Redesogm;en-US;/admin/;0;1;0
Arcaneo.com-0030-2014Redesign;en-US;/failovercheck/;0;1;0
Chrco.com-0107-2017Redesign;en-US;/wp-login.php/;0;1;0
Crmweb.cendyn.com-0121-2017Redesign;en-US;/failovercheck/;0;1;0
Thecrawfordhotel.com-0074-2016Redesign;en-US;/autodiscover/autodiscover.xml;0;1;0
Broadmoor.com-0073-2016Redesign;en-US;/favicon.ico/;0;1;0
theweststreethotel.com-0115-2017Redesign;en-US;/failovercheck/;0;1;0
Assuranceoperations.com-0065-2015Redesign;en-US;/sitemap.xml/;0;1;0
Arcaneo.com-0030-2014Redesign;en-US;/failovercheck/;0;1;0
Sandpearl.com-0091-2016Redesign;en-US;/Opal/media/Opal/layout/blank.gif/;0;1;0
Cendyn.com-0095-2016Redesign;en-US;/autodiscover/autodiscover.xml;0;1;0
Lakeplacidlodge.com-0105-2017Redesign;en-US;/Opal/media/Opal/layout/blank.gif/;0;1;0
Crmweb.cendyn.com-0121-2017Redesign;en-US;/failovercheck/;0;1;0
Miravalspamonarchbeach.com-0109-2017Redesign;en-US;/failovercheck/;0;1;0
Halcyonhotelcherrycreek.com-0061-2015Redesign;en-US;/wp-login.php/;0;1;0
Broadmoor.com-0073-2016Redesign;en-US;/apple-touch-icon-120x120-precomposed.png/;0;1;0
theweststreethotel.com-0115-2017Redesign;en-US;/failovercheck/;0;1;0
Monarchbeachresort.com-0092-2016Redesign;en-US;/dana-point-dining/index.html/;0;1;0
Broadmoor.com-0073-2016Redesign;en-US;/apple-touch-icon-120x120.png/;0;1;0
Arcaneo.com-0030-2014Redesign;en-US;/failovercheck/;0;1;0
Broadmoor.com-0073-2016Redesign;en-US;/apple-touch-icon-precomposed.png/;0;1;0
Broadmoor.com-0073-2016Redesign;en-US;/apple-touch-icon.png/;0;1;0
Samosetresort.com-0113-2017Redesign;en-US;/Table/Accommodations/feed/rss.html/;0;1;0
Broadmoor.com-0073-2016Redesign;en-US;/favicon.ico/;0;1;0
Samosetresort.com-0113-2017Redesign;en-US;/Table/Accommodations/feed/rss.html/;0;1;0
Crmweb.cendyn.com-0121-2017Redesign;en-US;/failovercheck/;0;1;0
Broadmoor.com-0073-2016Redesign;en-US;/apple-touch-icon-120x120-precomposed.png/;0;1;0
Miravalspamonarchbeach.com-0109-2017Redesign;en-US;/failovercheck/;0;1;0
Broadmoor.com-0073-2016Redesign;en-US;/apple-touch-icon-120x120.png/;0;1;0
Broadmoor.com-0073-2016Redesign;en-US;/apple-touch-icon-precomposed.png/;0;1;0
theweststreethotel.com-0115-2017Redesign;en-US;/failovercheck/;0;1;0
Monarchbeachresort.com-0092-2016Redesign;en-US;/membership/resort/index.html/;0;1;0
Broadmoor.com-0073-2016Redesign;en-US;/apple-touch-icon.png/;0;1;0
Broadmoor.com-0073-2016Redesign;en-US;/wpad.dat/;0;1;0
Broadmoor.com-0073-2016Redesign;en-US;/wpad.dat/;0;1;0
Cendyn.com-0095-2016Redesign;en-US;/autodiscover/autodiscover.xml;0;1;0
Broadmoor.com-0073-2016Redesign;en-US;/favicon.ico/;0;1;0
Galthouse.com-0042-2015Redesign;en-US;/wp-login.php/;0;1;0
Miravalspamonarchbeach.com-0109-2017Redesign;en-US;/failovercheck/;0;1;0
Cendyn.com-0095-2016Redesign;en-US;/autodiscover/autodiscover.xml;0;1;0
Galthouse.com-0042-2015Redesign;en-US;/wp-login.php/;0;1;0
Sunsetkeycottages.com-0116-2017Redesign;en-US;/failovercheck/;0;1;0
Saddlebrookprep.com-0022-2014Transfer;en-US;/apple-touch-icon-precomposed.png/;0;1;0
Saddlebrookprep.com-0022-2014Transfer;en-US;/apple-touch-icon.png/;0;1;0
Saddlebrookprep.com-0022-2014Transfer;en-US;/favicon.ico/;0;1;0
Opalcollection.com-0098-2017Redesign;en-US;/failovercheck/;0;1;0
wentworthcom00212014redesign;en-US;/Images/ui-icons_222222_256x240/;0;1;0
wentworthcom00212014redesign;en-US;/Images/ui-bg_flat_75_ffffff_40x100/;0;1;0
Saddlebrookprep.com-0022-2014Transfer;en-US;/apple-touch-icon-precomposed.png/;0;1;0
Saddlebrookprep.com-0022-2014Transfer;en-US;/apple-touch-icon.png/;0;1;0
Sunsetkeycottages.com-0116-2017Redesign;en-US;/failovercheck/;0;1;0
Samosetresort.com-0113-2017Redesign;en-US;/wp-login.php/;0;1;0
Lehotels.com-0049-2015Transfer;en-US;/Search/results/r-0/lc-0/c-/cl-0/co-17/ci-338/;0;1;0
Luxehotels.com-0078-2016Redesign;en-US;/wpad.dat/;0;1;0
Luxehotels.com-0078-2016Redesign;en-US;/wpad.dat/;0;1;0
Saddlebrookprep.com-0022-2014Transfer;en-US;/favicon.ico/;0;1;0
Opalcollection.com-0098-2017Redesign;en-US;/failovercheck/;0;1;0
Cendyn.com-0095-2016Redesign;en-US;/autodiscover/autodiscover.xml;0;1;0
Sunsetkeycottages.com-0116-2017Redesign;en-US;/failovercheck/;0;1;0
hutchinsonshores.com-0119-2017Redesign;en-US;/failovercheck/;0;1;0
Luxehotels.com-0078-2016Redesign;en-US;/wpad.dat/;0;1;0
Luxehotels.com-0078-2016Redesign;en-US;/wpad.dat/;0;1;0
Samosetresort.com-0113-2017Redesign;en-US;/wp-login.php/;0;1;0
Opalcollection.com-0098-2017Redesign;en-US;/failovercheck/;0;1;0
Marriottkeylargo.com-0015-2014Redesign;en-US;/images/key largo massage wo.pdf/;0;1;0
hutchinsonshores.com-0119-2017Redesign;en-US;/failovercheck/;0;1;0
Saddlebrookprep.com-0022-2014Transfer;en-US;/apple-touch-icon-precomposed.png/;0;1;0
Saddlebrookprep.com-0022-2014Transfer;en-US;/apple-touch-icon.png/;0;1;0
Saddlebrookprep.com-0022-2014Transfer;en-US;/favicon.ico/;0;1;0
Unionstationhotelnashville.com-0047-2015Redesign;en-US;/nashville-hotel-specials/15-savings-this-summer/;0;1;0
Saddlebrookprep.com-0022-2014Transfer;en-US;/apple-touch-icon-precomposed.png/;0;1;0
Saddlebrookprep.com-0022-2014Transfer;en-US;/apple-touch-icon.png/;0;1;0
Saddlebrookprep.com-0022-2014Transfer;en-US;/favicon.ico/;0;1;0
Unionstationhotelnashville.com-0047-2015Redesign;en-US;/getmedia/85f00175-96ab-4717-ae39-ad2197aa1576/ajax-loader/;0;1;0
