Broadmoor.com-0073-2016Redesign;en-US;/Broadmoor-Adventures/Seven-Falls;18259;1;0
Thesagamore.com-0112-2017Redesign;en-US;/Accommodations/Lodge-Rooms-and-Suites;33922;1;0
Delraysandsresort.com-0097-2016Redesign;en-US;/failovercheck;38049;1;0
Lehotels.com-0049-2015Transfer;en-US;/Home;12108;1;0
Broadmoor.com-0073-2016Redesign;en-US;/Home;16721;1;0
Casaybelresort.com-0002-2014Redesign;en-US;/About-Us/Web-Cam;1613;1;0
Thesagamore.com-0112-2017Redesign;en-US;/Accommodations/Lodge-Rooms-and-Suites;33922;1;0
Sandpearl.com-0091-2016Redesign;en-US;/failovercheck;38056;1;0
Meateatery.com-0080-2016Redesign;en-US;/;18505;1;0
Bluebirch.com-0072-2016Redesign;en-US;/Home;16693;1;0
Glencovemansion.com-0058-2015Redesign;en-US;/Home;13328;1;0
Thecurtis.com-0079-2016Redesign;en-US;/Home;17981;1;0
Bocatrans.com-0082-2016Redesign;en-US;/Home;19758;1;0
Oxfordclubspa.com-0068-2016Redesign;en-US;/Home;15568;1;0
Degreerestaurant.com-0056-2015Redesign;en-US;/Home;11598;1;0
Washingtoncourthotel.com-0076-2016Redesign;en-US;/Home;17858;1;0
Hhotellosangeles.com-0118-2017Redesign;en-US;/Home;35289;1;0
Texturefoodanddrink.com-0067-2016Redesign;en-US;/Home;15452;1;0
Homewoodsuiteslax.com-0110-2017Redesign;en-US;/Home;30747;1;0
Theharborsidehotel.com-0114-2017Redesign;en-US;/failovercheck;40403;1;0
Thecrawfordhotel.com-0074-2016Redesign;en-US;/Home;17145;1;0
Assuranceoperations.com-0065-2015Redesign;en-US;/Home;15263;1;0
Cendyn.com-0095-2016Redesign;en-US;/Home;26640;1;0
Beverlyhillsresidenceinn.com-0087-2016Redesign;en-US;/Home;20999;1;0
Theoxfordhotel.com-0062-2015Redesign;en-US;/Home;14325;1;0
Chrco.com-0107-2017Redesign;en-US;/Home;29280;1;0
Sandylane.com-0075-2016Redesign;en-US;/Home;17611;1;0
Lakeplacidlodge.com-0105-2017Redesign;en-US;/failovercheck;39238;1;0
Luxehotels.com-0078-2016Redesign;en-US;/Home;18805;1;0
Jupiterbeachresort.com-0103-2017Redesign;en-US;/failovercheck;38052;1;0
Zotabeachresort.com-0090-2016Redesign;en-US;/failovercheck;38058;1;0
Opalsands.com-0084-2016Redesign;en-US;/failovercheck;38055;1;0
Naiaresortandspa.com-0077-2016Redesign;en-US;/home;20455;1;0
Abbingtonbanquets.com-0070-2016Redesign;en-US;/Home;15789;1;0
Jbdukehotel.com-0086-2016Redesign;en-US;/Home;21918;1;0
Halcyonhotelcherrycreek.com-0061-2015Redesign;en-US;/Home;22121;1;0
Galthouse.com-0042-2015Redesign;en-US;/failovercheck;38060;1;0
Treasureislandbeachresort.com-0089-2016Redesign;en-US;/failovercheck;38057;1;0
Samosetresort.com-0113-2017Redesign;en-US;/failovercheck;40334;1;0
Edgewaternaples.com-0094-2016Redesign;en-US;/failovercheck;38051;1;0
Hospitalityupgrade.com-0093-2016Redesign;en-US;/Home;25405;1;0
Washingtondukeinn.com-0024-2014Redesign;en-US;/Durham-Fine-Dining/Fairview-Dining-Room;4738;1;0
Marriottkeylargo.com-0015-2014Redesign;en-US;/Mobile/HOME;3964;1;0
Renaissancepittsburghpa.com-0044-2015Redesign;en-US;/Home;9637;1;0
Napavalleymarriott.com-0071-2016Redesign;en-US;/Home;16432;1;0
Lidobeachresort.com-0106-2017Redesign;en-US;/failovercheck;38053;1;0
Longboatkeyclub.com-0104-2017Redesign;en-US;/failovercheck;38054;1;0
Broadmoor.com-0073-2016Redesign;en-US;/Activities;16760;1;0
Broadmoor.com-0073-2016Redesign;en-US;/failovercheck;38059;1;0
Thesagamore.com-0112-2017Redesign;en-US;/failovercheck;39241;1;0
Broadmoor.com-0073-2016Redesign;en-US;/Home;16721;1;0
Cendyn.com-0095-2016Redesign;en-US;/Home;26640;1;0
Passport.lehotels.com-0069-2016BlogRedesign;en-US;/failovercheck;41068;1;0
Cendyn.com-0095-2016Redesign;en-US;/Home;26640;1;0
Cendyn.com-0095-2016Redesign;en-US;/Home;26640;1;0
Cendyn.com-0095-2016Redesign;en-US;/Home;26640;1;0
Delraysandsresort.com-0097-2016Redesign;en-US;/failovercheck;38049;1;0
Renaissancepittsburghpa.com-0044-2015Redesign;en-US;/Weddings-Events;9655;1;0
Lidobeachresort.com-0106-2017Redesign;en-US;/Gallery;28667;1;0
Lehotels.com-0049-2015Transfer;en-US;/Home;12108;1;0
Sandpearl.com-0091-2016Redesign;en-US;/failovercheck;38056;1;0
Theloganhotel.com-0043-2015Redesign;en-US;/Home;20218;1;0
Broadmoor.com-0073-2016Redesign;en-US;/Home;16721;1;0
Meateatery.com-0080-2016Redesign;en-US;/;18505;1;0
Bocatrans.com-0082-2016Redesign;en-US;/Home;19758;1;0
Oxfordclubspa.com-0068-2016Redesign;en-US;/Home;15568;1;0
Thecurtis.com-0079-2016Redesign;en-US;/Home;17981;1;0
Cendyn.com-0095-2016Redesign;en-US;/Home;26640;1;0
Hhotellosangeles.com-0118-2017Redesign;en-US;/Home;35289;1;0
Degreerestaurant.com-0056-2015Redesign;en-US;/Home;11598;1;0
Bluebirch.com-0072-2016Redesign;en-US;/Home;16693;1;0
Glencovemansion.com-0058-2015Redesign;en-US;/Home;13328;1;0
Theloganhotel.com-0043-2015Redesign;en-US;/Home;20218;1;0
Texturefoodanddrink.com-0067-2016Redesign;en-US;/Home;15452;1;0
Thecrawfordhotel.com-0074-2016Redesign;en-US;/Home;17145;1;0
Assuranceoperations.com-0065-2015Redesign;en-US;/Home;15263;1;0
Washingtoncourthotel.com-0076-2016Redesign;en-US;/Home;17858;1;0
Theoxfordhotel.com-0062-2015Redesign;en-US;/Home;14325;1;0
Edgewaternaples.com-0094-2016Redesign;en-US;/failovercheck;38051;1;0
Samosetresort.com-0113-2017Redesign;en-US;/failovercheck;40334;1;0
Jbdukehotel.com-0086-2016Redesign;en-US;/Home;21918;1;0
Abbingtonbanquets.com-0070-2016Redesign;en-US;/Home;15789;1;0
Beverlyhillsresidenceinn.com-0087-2016Redesign;en-US;/Home;20999;1;0
Galthouse.com-0042-2015Redesign;en-US;/failovercheck;38060;1;0
Sandylane.com-0075-2016Redesign;en-US;/Home;17611;1;0
Opalsands.com-0084-2016Redesign;en-US;/failovercheck;38055;1;0
Thecurtis.com-0079-2016Redesign;en-US;/The-Hotel/Neighborhood-Nightlife;18826;1;0
Treasureislandbeachresort.com-0089-2016Redesign;en-US;/failovercheck;38057;1;0
Chrco.com-0107-2017Redesign;en-US;/Home;29280;1;0
Halcyonhotelcherrycreek.com-0061-2015Redesign;en-US;/Home;22121;1;0
Homewoodsuiteslax.com-0110-2017Redesign;en-US;/Home;30747;1;0
Luxehotels.com-0078-2016Redesign;en-US;/Home;18805;1;0
Naiaresortandspa.com-0077-2016Redesign;en-US;/home;20455;1;0
Cendyn.com-0095-2016Redesign;en-US;/Home;26640;1;0
Lakeplacidlodge.com-0105-2017Redesign;en-US;/failovercheck;39238;1;0
Zotabeachresort.com-0090-2016Redesign;en-US;/failovercheck;38058;1;0
Theharborsidehotel.com-0114-2017Redesign;en-US;/failovercheck;40403;1;0
Hospitalityupgrade.com-0093-2016Redesign;en-US;/Home;25405;1;0
Broadmoor.com-0073-2016Redesign;en-US;/Dining;16761;1;0
Jupiterbeachresort.com-0103-2017Redesign;en-US;/failovercheck;38052;1;0
Bellemontfarm.com-0007-2013Redesign;en-US;/Homepage;11497;1;0
Broadmoor.com-0073-2016Redesign;en-US;/failovercheck;38059;1;0
Napavalleymarriott.com-0071-2016Redesign;en-US;/Home;16432;1;0
Passport.lehotels.com-0069-2016BlogRedesign;en-US;/failovercheck;41068;1;0
Longboatkeyclub.com-0104-2017Redesign;en-US;/failovercheck;38054;1;0
Thesagamore.com-0112-2017Redesign;en-US;/failovercheck;39241;1;0
Cendyn.com-0095-2016Redesign;en-US;/Home;26640;1;0
Lidobeachresort.com-0106-2017Redesign;en-US;/failovercheck;38053;1;0
Cendyn.com-0095-2016Redesign;en-US;/Home;26640;1;0
Cendyn.com-0095-2016Redesign;en-US;/Home;26640;1;0
Cendyn.com-0095-2016Redesign;en-US;/Home;26640;1;0
Cendyn.com-0095-2016Redesign;en-US;/Home;26640;1;0
Delraysandsresort.com-0097-2016Redesign;en-US;/failovercheck;38049;1;0
Bellemontfarm.com-0007-2013Redesign;en-US;/Homepage;11497;1;0
Sandpearl.com-0091-2016Redesign;en-US;/failovercheck;38056;1;0
Bellemontfarm.com-0007-2013Redesign;en-US;/Homepage;11497;1;0
Bocatrans.com-0082-2016Redesign;en-US;/Home;19758;1;0
Bluebirch.com-0072-2016Redesign;en-US;/Home;16693;1;0
Meateatery.com-0080-2016Redesign;en-US;/;18505;1;0
Treasureislandbeachresort.com-0089-2016Redesign;en-US;/failovercheck;38057;1;0
Sandylane.com-0075-2016Redesign;en-US;/Home;17611;1;0
Glencovemansion.com-0058-2015Redesign;en-US;/Home;13328;1;0
Washingtoncourthotel.com-0076-2016Redesign;en-US;/Home;17858;1;0
Degreerestaurant.com-0056-2015Redesign;en-US;/Home;11598;1;0
Thecrawfordhotel.com-0074-2016Redesign;en-US;/Home;17145;1;0
Thecurtis.com-0079-2016Redesign;en-US;/Home;17981;1;0
Hhotellosangeles.com-0118-2017Redesign;en-US;/Home;35289;1;0
Cendyn.com-0095-2016Redesign;en-US;/Home;26640;1;0
Texturefoodanddrink.com-0067-2016Redesign;en-US;/Home;15452;1;0
Assuranceoperations.com-0065-2015Redesign;en-US;/Home;15263;1;0
Jbdukehotel.com-0086-2016Redesign;en-US;/Home;21918;1;0
Oxfordclubspa.com-0068-2016Redesign;en-US;/Home;15568;1;0
Beverlyhillsresidenceinn.com-0087-2016Redesign;en-US;/Home;20999;1;0
Homewoodsuiteslax.com-0110-2017Redesign;en-US;/Home;30747;1;0
Opalsands.com-0084-2016Redesign;en-US;/failovercheck;38055;1;0
Samosetresort.com-0113-2017Redesign;en-US;/failovercheck;40334;1;0
Chrco.com-0107-2017Redesign;en-US;/Home;29280;1;0
Abbingtonbanquets.com-0070-2016Redesign;en-US;/Home;15789;1;0
Galthouse.com-0042-2015Redesign;en-US;/failovercheck;38060;1;0
Theoxfordhotel.com-0062-2015Redesign;en-US;/Home;14325;1;0
Theharborsidehotel.com-0114-2017Redesign;en-US;/failovercheck;40403;1;0
Luxehotels.com-0078-2016Redesign;en-US;/Home;18805;1;0
Halcyonhotelcherrycreek.com-0061-2015Redesign;en-US;/Home;22121;1;0
Jupiterbeachresort.com-0103-2017Redesign;en-US;/failovercheck;38052;1;0
Naiaresortandspa.com-0077-2016Redesign;en-US;/home;20455;1;0
Lakeplacidlodge.com-0105-2017Redesign;en-US;/failovercheck;39238;1;0
Zotabeachresort.com-0090-2016Redesign;en-US;/failovercheck;38058;1;0
Edgewaternaples.com-0094-2016Redesign;en-US;/failovercheck;38051;1;0
Thesagamore.com-0112-2017Redesign;en-US;/Accommodations/Historic-Main-Hotel;33921;1;0
Hospitalityupgrade.com-0093-2016Redesign;en-US;/Home;25405;1;0
Delraysandsresort.com-0097-2016Redesign;en-US;/Home;27232;1;0
Bellemontfarm.com-0007-2013Redesign;en-US;/Homepage;11497;1;0
Broadmoor.com-0073-2016Redesign;en-US;/failovercheck;38059;1;0
Passport.lehotels.com-0069-2016BlogRedesign;en-US;/failovercheck;41068;1;0
Longboatkeyclub.com-0104-2017Redesign;en-US;/failovercheck;38054;1;0
Napavalleymarriott.com-0071-2016Redesign;en-US;/Home;16432;1;0
Thesagamore.com-0112-2017Redesign;en-US;/failovercheck;39241;1;0
Lidobeachresort.com-0106-2017Redesign;en-US;/failovercheck;38053;1;0
Sandylane.com-0075-2016Redesign;en-US;/Home;17611;1;0
Cendyn.com-0095-2016Redesign;en-US;/Home;26640;1;0
Cendyn.com-0095-2016Redesign;en-US;/Home;26640;1;0
Cendyn.com-0095-2016Redesign;en-US;/Home;26640;1;0
Cendyn.com-0095-2016Redesign;en-US;/Home;26640;1;0
Bellemontfarm.com-0007-2013Redesign;en-US;/Homepage;11497;1;0
Delraysandsresort.com-0097-2016Redesign;en-US;/failovercheck;38049;1;0
Delraysandsresort.com-0097-2016Redesign;en-US;/Home;27232;1;0
Thelodgeatwoodloch.com-0033-2015Redesign;en-US;/Accommodations;7771;1;0
Washingtoncourthotel.com-0076-2016Redesign;en-US;/washington-dc-hotel-contact;17941;1;0
Sandpearl.com-0091-2016Redesign;en-US;/failovercheck;38056;1;0
Chrco.com-0107-2017Redesign;en-US;/Home;29280;1;0
Bellemontfarm.com-0007-2013Redesign;en-US;/Homepage;11497;1;0
Meateatery.com-0080-2016Redesign;en-US;/;18505;1;0
Bluebirch.com-0072-2016Redesign;en-US;/Home;16693;1;0
Oxfordclubspa.com-0068-2016Redesign;en-US;/Home;15568;1;0
Washingtoncourthotel.com-0076-2016Redesign;en-US;/Home;17858;1;0
Thecurtis.com-0079-2016Redesign;en-US;/Home;17981;1;0
Cendyn.com-0095-2016Redesign;en-US;/Home;26640;1;0
Zotabeachresort.com-0090-2016Redesign;en-US;/failovercheck;38058;1;0
Degreerestaurant.com-0056-2015Redesign;en-US;/Home;11598;1;0
Thecrawfordhotel.com-0074-2016Redesign;en-US;/Home;17145;1;0
Hhotellosangeles.com-0118-2017Redesign;en-US;/Home;35289;1;0
Sandylane.com-0075-2016Redesign;en-US;/Home;17611;1;0
Texturefoodanddrink.com-0067-2016Redesign;en-US;/Home;15452;1;0
Glencovemansion.com-0058-2015Redesign;en-US;/Home;13328;1;0
Assuranceoperations.com-0065-2015Redesign;en-US;/Home;15263;1;0
Bocatrans.com-0082-2016Redesign;en-US;/Home;19758;1;0
Theoxfordhotel.com-0062-2015Redesign;en-US;/Home;14325;1;0
Jbdukehotel.com-0086-2016Redesign;en-US;/Home;21918;1;0
Homewoodsuiteslax.com-0110-2017Redesign;en-US;/Home;30747;1;0
Galthouse.com-0042-2015Redesign;en-US;/failovercheck;38060;1;0
Abbingtonbanquets.com-0070-2016Redesign;en-US;/Home;15789;1;0
Chrco.com-0107-2017Redesign;en-US;/Home;29280;1;0
Naiaresortandspa.com-0077-2016Redesign;en-US;/home;20455;1;0
Luxehotels.com-0078-2016Redesign;en-US;/Home;18805;1;0
Beverlyhillsresidenceinn.com-0087-2016Redesign;en-US;/Home;20999;1;0
Opalsands.com-0084-2016Redesign;en-US;/failovercheck;38055;1;0
Halcyonhotelcherrycreek.com-0061-2015Redesign;en-US;/Home;22121;1;0
Treasureislandbeachresort.com-0089-2016Redesign;en-US;/failovercheck;38057;1;0
Samosetresort.com-0113-2017Redesign;en-US;/failovercheck;40334;1;0
Jupiterbeachresort.com-0103-2017Redesign;en-US;/failovercheck;38052;1;0
Lakeplacidlodge.com-0105-2017Redesign;en-US;/failovercheck;39238;1;0
Edgewaternaples.com-0094-2016Redesign;en-US;/failovercheck;38051;1;0
Theharborsidehotel.com-0114-2017Redesign;en-US;/failovercheck;40403;1;0
Hospitalityupgrade.com-0093-2016Redesign;en-US;/Home;25405;1;0
Bellemontfarm.com-0007-2013Redesign;en-US;/Homepage;11497;1;0
Broadmoor.com-0073-2016Redesign;en-US;/failovercheck;38059;1;0
Napavalleymarriott.com-0071-2016Redesign;en-US;/Home;16432;1;0
Longboatkeyclub.com-0104-2017Redesign;en-US;/failovercheck;38054;1;0
Passport.lehotels.com-0069-2016BlogRedesign;en-US;/failovercheck;41068;1;0
Lidobeachresort.com-0106-2017Redesign;en-US;/failovercheck;38053;1;0
Casaybelresort.com-0002-2014Redesign;en-US;/Home;1533;1;0
Thesagamore.com-0112-2017Redesign;en-US;/failovercheck;39241;1;0
Cendyn.com-0095-2016Redesign;en-US;/Home;26640;1;0
Cendyn.com-0095-2016Redesign;en-US;/Home;26640;1;0
Cendyn.com-0095-2016Redesign;en-US;/Home;26640;1;0
Cendyn.com-0095-2016Redesign;en-US;/Home;26640;1;0
Samosetresort.com-0113-2017Redesign;en-US;/Home;32541;1;0
Bellemontfarm.com-0007-2013Redesign;en-US;/Homepage;11497;1;0
Delraysandsresort.com-0097-2016Redesign;en-US;/failovercheck;38049;1;0
wentworthcom00212014redesign;en-US;/new-castle-spa/spa-massage;4299;1;0
Sandpearl.com-0091-2016Redesign;en-US;/failovercheck;38056;1;0
Thesagamore.com-0112-2017Redesign;en-US;/Spa/Day-Packages;33541;1;0
Bellemontfarm.com-0007-2013Redesign;en-US;/Homepage;11497;1;0
saddlebrook.com-0011-2014Redesign;en-US;/Home;3385;1;0
Meateatery.com-0080-2016Redesign;en-US;/;18505;1;0
saddlebrook.com-0011-2014Redesign;en-US;/Home;3385;1;0
Bluebirch.com-0072-2016Redesign;en-US;/Home;16693;1;0
Hhotellosangeles.com-0118-2017Redesign;en-US;/Home;35289;1;0
Thecurtis.com-0079-2016Redesign;en-US;/Home;17981;1;0
Degreerestaurant.com-0056-2015Redesign;en-US;/Home;11598;1;0
Thecrawfordhotel.com-0074-2016Redesign;en-US;/Home;17145;1;0
Bocatrans.com-0082-2016Redesign;en-US;/Home;19758;1;0
Jupiterbeachresort.com-0103-2017Redesign;en-US;/failovercheck;38052;1;0
Sandylane.com-0075-2016Redesign;en-US;/Home;17611;1;0
Theoxfordhotel.com-0062-2015Redesign;en-US;/Home;14325;1;0
Zotabeachresort.com-0090-2016Redesign;en-US;/failovercheck;38058;1;0
Texturefoodanddrink.com-0067-2016Redesign;en-US;/Home;15452;1;0
Jbdukehotel.com-0086-2016Redesign;en-US;/Home;21918;1;0
Washingtoncourthotel.com-0076-2016Redesign;en-US;/Home;17858;1;0
Cendyn.com-0095-2016Redesign;en-US;/Home;26640;1;0
Glencovemansion.com-0058-2015Redesign;en-US;/Home;13328;1;0
Assuranceoperations.com-0065-2015Redesign;en-US;/Home;15263;1;0
Oxfordclubspa.com-0068-2016Redesign;en-US;/Home;15568;1;0
Galthouse.com-0042-2015Redesign;en-US;/failovercheck;38060;1;0
Beverlyhillsresidenceinn.com-0087-2016Redesign;en-US;/Home;20999;1;0
Abbingtonbanquets.com-0070-2016Redesign;en-US;/Home;15789;1;0
Chrco.com-0107-2017Redesign;en-US;/Home;29280;1;0
Naiaresortandspa.com-0077-2016Redesign;en-US;/home;20455;1;0
Lakeplacidlodge.com-0105-2017Redesign;en-US;/failovercheck;39238;1;0
Halcyonhotelcherrycreek.com-0061-2015Redesign;en-US;/Home;22121;1;0
Opalsands.com-0084-2016Redesign;en-US;/failovercheck;38055;1;0
Homewoodsuiteslax.com-0110-2017Redesign;en-US;/Home;30747;1;0
Treasureislandbeachresort.com-0089-2016Redesign;en-US;/failovercheck;38057;1;0
Luxehotels.com-0078-2016Redesign;en-US;/Home;18805;1;0
Theharborsidehotel.com-0114-2017Redesign;en-US;/failovercheck;40403;1;0
Samosetresort.com-0113-2017Redesign;en-US;/failovercheck;40334;1;0
Chrco.com-0107-2017Redesign;en-US;/Home;29280;1;0
Edgewaternaples.com-0094-2016Redesign;en-US;/failovercheck;38051;1;0
Hospitalityupgrade.com-0093-2016Redesign;en-US;/Home;25405;1;0
Bellemontfarm.com-0007-2013Redesign;en-US;/Homepage;11497;1;0
Renaissancepittsburghpa.com-0044-2015Redesign;en-US;/Downtown-Pittsburgh-Restaurant;9693;1;0
Broadmoor.com-0073-2016Redesign;en-US;/failovercheck;38059;1;0
Lehotels.com-0049-2015Transfer;en-US;/Home;12108;1;0
Napavalleymarriott.com-0071-2016Redesign;en-US;/Home;16432;1;0
Lidobeachresort.com-0106-2017Redesign;en-US;/failovercheck;38053;1;0
Thesagamore.com-0112-2017Redesign;en-US;/failovercheck;39241;1;0
Passport.lehotels.com-0069-2016BlogRedesign;en-US;/failovercheck;41068;1;0
Longboatkeyclub.com-0104-2017Redesign;en-US;/failovercheck;38054;1;0
Cendyn.com-0095-2016Redesign;en-US;/Home;26640;1;0
Cendyn.com-0095-2016Redesign;en-US;/Home;26640;1;0
Cendyn.com-0095-2016Redesign;en-US;/Home;26640;1;0
Cendyn.com-0095-2016Redesign;en-US;/Home;26640;1;0
Cphollywoodbeach.com-0032-2015Redesign;en-US;/Home;7805;1;0
Thesagamore.com-0112-2017Redesign;en-US;/Offers/Special-Offers;32387;1;0
Bellemontfarm.com-0007-2013Redesign;en-US;/Homepage;11497;1;0
Delraysandsresort.com-0097-2016Redesign;en-US;/failovercheck;38049;1;0
Lidobeachresort.com-0106-2017Redesign;en-US;/Home;28666;1;0
Hi-nyc.com-0108-2017Redesogm;en-US;/Home;30080;1;0
Cphollywoodbeach.com-0032-2015Redesign;en-US;/Home;7805;1;0
Sandpearl.com-0091-2016Redesign;en-US;/failovercheck;38056;1;0
Broadmoor.com-0073-2016Redesign;en-US;/The-Resort;16724;1;0
Casaybelresort.com-0002-2014Redesign;en-US;/About-Us/Web-Cam;1613;1;0
Residenceinnnyc.com-0034-2015Redesign;en-US;/Contact;7949;1;0
Lehotels.com-0049-2015Transfer;en-US;/Luxe-Collection;14480;1;0
Bocatrans.com-0082-2016Redesign;en-US;/Home;19758;1;0
Hhotellosangeles.com-0118-2017Redesign;en-US;/Home;35289;1;0
Bluebirch.com-0072-2016Redesign;en-US;/Home;16693;1;0
Theoxfordhotel.com-0062-2015Redesign;en-US;/Home;14325;1;0
Thecurtis.com-0079-2016Redesign;en-US;/Home;17981;1;0
Jbdukehotel.com-0086-2016Redesign;en-US;/Home;21918;1;0
Glencovemansion.com-0058-2015Redesign;en-US;/Home;13328;1;0
Cendyn.com-0095-2016Redesign;en-US;/Home;26640;1;0
Sandylane.com-0075-2016Redesign;en-US;/Home;17611;1;0
Texturefoodanddrink.com-0067-2016Redesign;en-US;/Home;15452;1;0
Galthouse.com-0042-2015Redesign;en-US;/failovercheck;38060;1;0
Degreerestaurant.com-0056-2015Redesign;en-US;/Home;11598;1;0
Meateatery.com-0080-2016Redesign;en-US;/;18505;1;0
Assuranceoperations.com-0065-2015Redesign;en-US;/Home;15263;1;0
Thecrawfordhotel.com-0074-2016Redesign;en-US;/Home;17145;1;0
Oxfordclubspa.com-0068-2016Redesign;en-US;/Home;15568;1;0
Abbingtonbanquets.com-0070-2016Redesign;en-US;/Home;15789;1;0
Washingtoncourthotel.com-0076-2016Redesign;en-US;/Home;17858;1;0
Beverlyhillsresidenceinn.com-0087-2016Redesign;en-US;/Home;20999;1;0
Chrco.com-0107-2017Redesign;en-US;/Home;29280;1;0
Naiaresortandspa.com-0077-2016Redesign;en-US;/home;20455;1;0
Homewoodsuiteslax.com-0110-2017Redesign;en-US;/Home;30747;1;0
Luxehotels.com-0078-2016Redesign;en-US;/Home;18805;1;0
Opalsands.com-0084-2016Redesign;en-US;/failovercheck;38055;1;0
Halcyonhotelcherrycreek.com-0061-2015Redesign;en-US;/Home;22121;1;0
Samosetresort.com-0113-2017Redesign;en-US;/failovercheck;40334;1;0
Theharborsidehotel.com-0114-2017Redesign;en-US;/failovercheck;40403;1;0
Jupiterbeachresort.com-0103-2017Redesign;en-US;/failovercheck;38052;1;0
Edgewaternaples.com-0094-2016Redesign;en-US;/failovercheck;38051;1;0
Zotabeachresort.com-0090-2016Redesign;en-US;/failovercheck;38058;1;0
Treasureislandbeachresort.com-0089-2016Redesign;en-US;/failovercheck;38057;1;0
Lakeplacidlodge.com-0105-2017Redesign;en-US;/failovercheck;39238;1;0
Sandpearl.com-0091-2016Redesign;en-US;/Home;22481;1;0
wentworthcom00212014redesign;en-US;/new-castle-spa/Limited-Time-Spa-Specials;31722;1;0
Hospitalityupgrade.com-0093-2016Redesign;en-US;/Home;25405;1;0
Galthouse.com-0042-2015Redesign;en-US;/Home;31905;1;0
Sandpearl.com-0091-2016Redesign;en-US;/Home;22481;1;0
Broadmoor.com-0073-2016Redesign;en-US;/failovercheck;38059;1;0
Galthouse.com-0042-2015Redesign;en-US;/Home;31905;1;0
Thesagamore.com-0112-2017Redesign;en-US;/failovercheck;39241;1;0
Longboatkeyclub.com-0104-2017Redesign;en-US;/failovercheck;38054;1;0
Lidobeachresort.com-0106-2017Redesign;en-US;/failovercheck;38053;1;0
Napavalleymarriott.com-0071-2016Redesign;en-US;/Home;16432;1;0
Passport.lehotels.com-0069-2016BlogRedesign;en-US;/failovercheck;41068;1;0
Broadmoor.com-0073-2016Redesign;en-US;/Home;16721;1;0
Cendyn.com-0095-2016Redesign;en-US;/Home;26640;1;0
Cendyn.com-0095-2016Redesign;en-US;/Home;26640;1;0
Cendyn.com-0095-2016Redesign;en-US;/Home;26640;1;0
Cendyn.com-0095-2016Redesign;en-US;/Home;26640;1;0
Delraysandsresort.com-0097-2016Redesign;en-US;/failovercheck;38049;1;0
Broadmoor.com-0073-2016Redesign;en-US;/Home;16721;1;0
Broadmoor.com-0073-2016Redesign;en-US;/Home;16721;1;0
Napavalleymarriott.com-0071-2016Redesign;en-US;/Home;16432;1;0
Broadmoor.com-0073-2016Redesign;en-US;/Home;16721;1;0
Thesagamore.com-0112-2017Redesign;en-US;/Contact-Us;32358;1;0
Sandpearl.com-0091-2016Redesign;en-US;/failovercheck;38056;1;0
Sandylane.com-0075-2016Redesign;en-US;/barbados-accommodations;17630;1;0
Galthouse.com-0042-2015Redesign;en-US;/louisville-hotel-vacation-packages;9789;1;0
Broadmoor.com-0073-2016Redesign;en-US;/Home;16721;1;0
Bocatrans.com-0082-2016Redesign;en-US;/Home;19758;1;0
Galthouse.com-0042-2015Redesign;en-US;/failovercheck;38060;1;0
Washingtoncourthotel.com-0076-2016Redesign;en-US;/Home;17858;1;0
Glencovemansion.com-0058-2015Redesign;en-US;/Home;13328;1;0
Meateatery.com-0080-2016Redesign;en-US;/;18505;1;0
Degreerestaurant.com-0056-2015Redesign;en-US;/Home;11598;1;0
Bluebirch.com-0072-2016Redesign;en-US;/Home;16693;1;0
Cendyn.com-0095-2016Redesign;en-US;/Home;26640;1;0
Hhotellosangeles.com-0118-2017Redesign;en-US;/Home;35289;1;0
Thecurtis.com-0079-2016Redesign;en-US;/Home;17981;1;0
Assuranceoperations.com-0065-2015Redesign;en-US;/Home;15263;1;0
Texturefoodanddrink.com-0067-2016Redesign;en-US;/Home;15452;1;0
Oxfordclubspa.com-0068-2016Redesign;en-US;/Home;15568;1;0
Beverlyhillsresidenceinn.com-0087-2016Redesign;en-US;/Home;20999;1;0
Cendyn.com-0095-2016Redesign;en-US;/Home;26640;1;0
Jbdukehotel.com-0086-2016Redesign;en-US;/Home;21918;1;0
Edgewaternaples.com-0094-2016Redesign;en-US;/failovercheck;38051;1;0
Thecrawfordhotel.com-0074-2016Redesign;en-US;/Home;17145;1;0
Homewoodsuiteslax.com-0110-2017Redesign;en-US;/Home;30747;1;0
Samosetresort.com-0113-2017Redesign;en-US;/failovercheck;40334;1;0
Treasureislandbeachresort.com-0089-2016Redesign;en-US;/failovercheck;38057;1;0
Naiaresortandspa.com-0077-2016Redesign;en-US;/home;20455;1;0
Jupiterbeachresort.com-0103-2017Redesign;en-US;/failovercheck;38052;1;0
Chrco.com-0107-2017Redesign;en-US;/Home;29280;1;0
Zotabeachresort.com-0090-2016Redesign;en-US;/failovercheck;38058;1;0
Galthouse.com-0042-2015Redesign;en-US;/louisville-hotel-vacation-packages;9789;1;0
Theoxfordhotel.com-0062-2015Redesign;en-US;/Home;14325;1;0
Theharborsidehotel.com-0114-2017Redesign;en-US;/failovercheck;40403;1;0
Abbingtonbanquets.com-0070-2016Redesign;en-US;/Home;15789;1;0
Luxehotels.com-0078-2016Redesign;en-US;/Home;18805;1;0
Sandylane.com-0075-2016Redesign;en-US;/Home;17611;1;0
Halcyonhotelcherrycreek.com-0061-2015Redesign;en-US;/Home;22121;1;0
Lakeplacidlodge.com-0105-2017Redesign;en-US;/failovercheck;39238;1;0
Washingtondukeinn.com-0024-2014Redesign;en-US;/Durham-Hotel-Gallery/Stay-Gallery;4998;1;0
Opalsands.com-0084-2016Redesign;en-US;/failovercheck;38055;1;0
Hospitalityupgrade.com-0093-2016Redesign;en-US;/Home;25405;1;0
Lidobeachresort.com-0106-2017Redesign;en-US;/failovercheck;38053;1;0
Broadmoor.com-0073-2016Redesign;en-US;/failovercheck;38059;1;0
Napavalleymarriott.com-0071-2016Redesign;en-US;/Home;16432;1;0
Passport.lehotels.com-0069-2016BlogRedesign;en-US;/failovercheck;41068;1;0
Longboatkeyclub.com-0104-2017Redesign;en-US;/failovercheck;38054;1;0
Thesagamore.com-0112-2017Redesign;en-US;/failovercheck;39241;1;0
Cendyn.com-0095-2016Redesign;en-US;/Home;26640;1;0
Marriottdelraybeach.com-0009-2014Redesign;en-US;/Miscellaneous/contact-us;2898;1;0
Cendyn.com-0095-2016Redesign;en-US;/Home;26640;1;0
Cendyn.com-0095-2016Redesign;en-US;/Home;26640;1;0
Cendyn.com-0095-2016Redesign;en-US;/Home;26640;1;0
Delraysandsresort.com-0097-2016Redesign;en-US;/Home;27232;1;0
Delraysandsresort.com-0097-2016Redesign;en-US;/failovercheck;38049;1;0
Lehotels.com-0049-2015Transfer;en-US;/Home;12108;1;0
Casaybelresort.com-0002-2014Redesign;en-US;/About-Us/Web-Cam;1613;1;0
Cendyn.com-0095-2016Redesign;en-US;/Home;26640;1;0
Sandpearl.com-0091-2016Redesign;en-US;/failovercheck;38056;1;0
Broadmoor.com-0073-2016Redesign;en-US;/Broadmoor-Adventures;16751;1;0
Monarchbeachresort.com-0092-2016Redesign;en-US;/Home;22725;1;0
Marriottdelraybeach.com-0009-2014Redesign;en-US;/Mobile/Home;2845;1;0
Renaissancepittsburghpa.com-0044-2015Redesign;en-US;/Our-Pittsburgh-Hotel/Pittsburgh-Hotel-Services;9682;1;0
Glencovemansion.com-0058-2015Redesign;en-US;/Home;13328;1;0
Galthouse.com-0042-2015Redesign;en-US;/failovercheck;38060;1;0
Degreerestaurant.com-0056-2015Redesign;en-US;/Home;11598;1;0
Washingtoncourthotel.com-0076-2016Redesign;en-US;/Home;17858;1;0
Theoxfordhotel.com-0062-2015Redesign;en-US;/Home;14325;1;0
Meateatery.com-0080-2016Redesign;en-US;/;18505;1;0
Abbingtonbanquets.com-0070-2016Redesign;en-US;/Home;15789;1;0
Jbdukehotel.com-0086-2016Redesign;en-US;/Home;21918;1;0
Naiaresortandspa.com-0077-2016Redesign;en-US;/home;20455;1;0
Opalsands.com-0084-2016Redesign;en-US;/failovercheck;38055;1;0
Hhotellosangeles.com-0118-2017Redesign;en-US;/Home;35289;1;0
Assuranceoperations.com-0065-2015Redesign;en-US;/Home;15263;1;0
Bluebirch.com-0072-2016Redesign;en-US;/Home;16693;1;0
Samosetresort.com-0113-2017Redesign;en-US;/failovercheck;40334;1;0
Homewoodsuiteslax.com-0110-2017Redesign;en-US;/Home;30747;1;0
Jupiterbeachresort.com-0103-2017Redesign;en-US;/failovercheck;38052;1;0
Thecrawfordhotel.com-0074-2016Redesign;en-US;/Home;17145;1;0
Zotabeachresort.com-0090-2016Redesign;en-US;/failovercheck;38058;1;0
Lakeplacidlodge.com-0105-2017Redesign;en-US;/failovercheck;39238;1;0
Oxfordclubspa.com-0068-2016Redesign;en-US;/Home;15568;1;0
Cendyn.com-0095-2016Redesign;en-US;/Home;26640;1;0
Bocatrans.com-0082-2016Redesign;en-US;/Home;19758;1;0
Theharborsidehotel.com-0114-2017Redesign;en-US;/failovercheck;40403;1;0
Beverlyhillsresidenceinn.com-0087-2016Redesign;en-US;/Home;20999;1;0
Treasureislandbeachresort.com-0089-2016Redesign;en-US;/failovercheck;38057;1;0
Thecurtis.com-0079-2016Redesign;en-US;/Home;17981;1;0
Chrco.com-0107-2017Redesign;en-US;/Home;29280;1;0
Sandylane.com-0075-2016Redesign;en-US;/Home;17611;1;0
Halcyonhotelcherrycreek.com-0061-2015Redesign;en-US;/Home;22121;1;0
Luxehotels.com-0078-2016Redesign;en-US;/Home;18805;1;0
Texturefoodanddrink.com-0067-2016Redesign;en-US;/Home;15452;1;0
Edgewaternaples.com-0094-2016Redesign;en-US;/failovercheck;38051;1;0
Napavalleymarriott.com-0071-2016Redesign;en-US;/Our-Hotel;16439;1;0
Delraysandsresort.com-0097-2016Redesign;en-US;/Home;27232;1;0
Hospitalityupgrade.com-0093-2016Redesign;en-US;/Home;25405;1;0
Broadmoor.com-0073-2016Redesign;en-US;/Broadmoor-Adventures/Seven-Falls/Seven-Falls-Tickets;21232;1;0
Thesagamore.com-0112-2017Redesign;en-US;/Activities/Lake-George/Lake-George-Regional-Events;33460;1;0
Cphollywoodbeach.com-0032-2015Redesign;en-US;/Gallery/Web-Cam;7831;1;0
Broadmoor.com-0073-2016Redesign;en-US;/failovercheck;38059;1;0
Galthouse.com-0042-2015Redesign;en-US;/Home;31905;1;0
Thesagamore.com-0112-2017Redesign;en-US;/Dining/Caldwell’s;33472;1;0
Lidobeachresort.com-0106-2017Redesign;en-US;/failovercheck;38053;1;0
Passport.lehotels.com-0069-2016BlogRedesign;en-US;/failovercheck;41068;1;0
Napavalleymarriott.com-0071-2016Redesign;en-US;/Home;16432;1;0
Thesagamore.com-0112-2017Redesign;en-US;/Dining/Caldwell’s;33472;1;0
Thesagamore.com-0112-2017Redesign;en-US;/failovercheck;39241;1;0
Longboatkeyclub.com-0104-2017Redesign;en-US;/failovercheck;38054;1;0
Cendyn.com-0095-2016Redesign;en-US;/Home;26640;1;0
Cendyn.com-0095-2016Redesign;en-US;/Home;26640;1;0
Cendyn.com-0095-2016Redesign;en-US;/Home;26640;1;0
Lehotels.com-0049-2015Transfer;en-US;/Luxe-Collection/The-Americas;15072;1;0
Cendyn.com-0095-2016Redesign;en-US;/Home;26640;1;0
Delraysandsresort.com-0097-2016Redesign;en-US;/failovercheck;38049;1;0
Samosetresort.com-0113-2017Redesign;en-US;/Home;32541;1;0
Homewoodsuiteslax.com-0110-2017Redesign;en-US;/Specials-Packages;30772;1;0
Broadmoor.com-0073-2016Redesign;en-US;/Dining;16761;1;0
Sandpearl.com-0091-2016Redesign;en-US;/failovercheck;38056;1;0
Thesagamore.com-0112-2017Redesign;en-US;/Accommodations/Lodge-Rooms-and-Suites;33922;1;0
Broadmoor.com-0073-2016Redesign;en-US;/The-Resort;16724;1;0
Residenceinnnyc.com-0034-2015Redesign;en-US;/Packages;8087;1;0
Broadmoor.com-0073-2016Redesign;en-US;/Dining;16761;1;0
Thesagamore.com-0112-2017Redesign;en-US;/Special-Offers/Book-Early-and-Save;33568;1;0
Glencovemansion.com-0058-2015Redesign;en-US;/Home;13328;1;0
Degreerestaurant.com-0056-2015Redesign;en-US;/Home;11598;1;0
Cendyn.com-0095-2016Redesign;en-US;/Home;26640;1;0
Meateatery.com-0080-2016Redesign;en-US;/;18505;1;0
Bluebirch.com-0072-2016Redesign;en-US;/Home;16693;1;0
Washingtoncourthotel.com-0076-2016Redesign;en-US;/Home;17858;1;0
Thecrawfordhotel.com-0074-2016Redesign;en-US;/Home;17145;1;0
Hhotellosangeles.com-0118-2017Redesign;en-US;/Home;35289;1;0
Texturefoodanddrink.com-0067-2016Redesign;en-US;/Home;15452;1;0
Bocatrans.com-0082-2016Redesign;en-US;/Home;19758;1;0
Thecurtis.com-0079-2016Redesign;en-US;/Home;17981;1;0
Assuranceoperations.com-0065-2015Redesign;en-US;/Home;15263;1;0
Oxfordclubspa.com-0068-2016Redesign;en-US;/Home;15568;1;0
Galthouse.com-0042-2015Redesign;en-US;/failovercheck;38060;1;0
Beverlyhillsresidenceinn.com-0087-2016Redesign;en-US;/Home;20999;1;0
Luxehotels.com-0078-2016Redesign;en-US;/Home;18805;1;0
Theoxfordhotel.com-0062-2015Redesign;en-US;/Home;14325;1;0
Treasureislandbeachresort.com-0089-2016Redesign;en-US;/failovercheck;38057;1;0
Sandylane.com-0075-2016Redesign;en-US;/Home;17611;1;0
Abbingtonbanquets.com-0070-2016Redesign;en-US;/Home;15789;1;0
Edgewaternaples.com-0094-2016Redesign;en-US;/failovercheck;38051;1;0
Jbdukehotel.com-0086-2016Redesign;en-US;/Home;21918;1;0
Zotabeachresort.com-0090-2016Redesign;en-US;/failovercheck;38058;1;0
Halcyonhotelcherrycreek.com-0061-2015Redesign;en-US;/Home;22121;1;0
Theharborsidehotel.com-0114-2017Redesign;en-US;/failovercheck;40403;1;0
Homewoodsuiteslax.com-0110-2017Redesign;en-US;/Home;30747;1;0
Chrco.com-0107-2017Redesign;en-US;/Home;29280;1;0
Opalsands.com-0084-2016Redesign;en-US;/failovercheck;38055;1;0
Samosetresort.com-0113-2017Redesign;en-US;/failovercheck;40334;1;0
Naiaresortandspa.com-0077-2016Redesign;en-US;/home;20455;1;0
Lakeplacidlodge.com-0105-2017Redesign;en-US;/failovercheck;39238;1;0
Jupiterbeachresort.com-0103-2017Redesign;en-US;/failovercheck;38052;1;0
Cphollywoodbeach.com-0032-2015Redesign;en-US;/Gallery/Web-Cam;7831;1;0
Hospitalityupgrade.com-0093-2016Redesign;en-US;/Home;25405;1;0
Broadmoor.com-0073-2016Redesign;en-US;/The-Resort;16724;1;0
Broadmoor.com-0073-2016Redesign;en-US;/failovercheck;38059;1;0
Napavalleymarriott.com-0071-2016Redesign;en-US;/Home;16432;1;0
Longboatkeyclub.com-0104-2017Redesign;en-US;/failovercheck;38054;1;0
Lidobeachresort.com-0106-2017Redesign;en-US;/failovercheck;38053;1;0
Passport.lehotels.com-0069-2016BlogRedesign;en-US;/failovercheck;41068;1;0
Thesagamore.com-0112-2017Redesign;en-US;/failovercheck;39241;1;0
Cendyn.com-0095-2016Redesign;en-US;/Home;26640;1;0
Cendyn.com-0095-2016Redesign;en-US;/Home;26640;1;0
Cendyn.com-0095-2016Redesign;en-US;/Home;26640;1;0
Cendyn.com-0095-2016Redesign;en-US;/Home;26640;1;0
saddlebrook.com-0011-2014Redesign;en-US;/Contact-Us;3486;1;0
Thesagamore.com-0112-2017Redesign;en-US;/Offers/Special-Offers;32387;1;0
Thecurtis.com-0079-2016Redesign;en-US;/Events/BUsiness-Travel;18882;1;0
Hospitalityupgrade.com-0093-2016Redesign;en-US;/News/News-Article-Details;22790;1;0
Broadmoor.com-0073-2016Redesign;en-US;/Broadmoor-Adventures/Seven-Falls;18259;1;0
Delraysandsresort.com-0097-2016Redesign;en-US;/failovercheck;38049;1;0
Thelodgeatwoodloch.com-0033-2015Redesign;en-US;/Spa/Personal-Consultants/Forest-Bathing-Private;39104;1;0
Homewoodsuiteslax.com-0110-2017Redesign;en-US;/Home;30747;1;0
Lehotels.com-0049-2015Transfer;en-US;/Home;12108;1;0
Sandpearl.com-0091-2016Redesign;en-US;/failovercheck;38056;1;0
Sandylane.com-0075-2016Redesign;en-US;/Home;17611;1;0
Longboatkeyclub.com-0104-2017Redesign;en-US;/Gallery;28317;1;0
Beverlyhillsresidenceinn.com-0087-2016Redesign;en-US;/Home;20999;1;0
Halcyonhotelcherrycreek.com-0061-2015Redesign;en-US;/Home;22121;1;0
Thecrawfordhotel.com-0074-2016Redesign;en-US;/Home;17145;1;0
Abbingtonbanquets.com-0070-2016Redesign;en-US;/Home;15789;1;0
Theoxfordhotel.com-0062-2015Redesign;en-US;/Home;14325;1;0
Meateatery.com-0080-2016Redesign;en-US;/;18505;1;0
Glencovemansion.com-0058-2015Redesign;en-US;/Home;13328;1;0
Degreerestaurant.com-0056-2015Redesign;en-US;/Home;11598;1;0
Thecurtis.com-0079-2016Redesign;en-US;/Home;17981;1;0
Cendyn.com-0095-2016Redesign;en-US;/Home;26640;1;0
Lakeplacidlodge.com-0105-2017Redesign;en-US;/failovercheck;39238;1;0
Texturefoodanddrink.com-0067-2016Redesign;en-US;/Home;15452;1;0
Bocatrans.com-0082-2016Redesign;en-US;/Home;19758;1;0
Sandylane.com-0075-2016Redesign;en-US;/Home;17611;1;0
Bluebirch.com-0072-2016Redesign;en-US;/Home;16693;1;0
Hhotellosangeles.com-0118-2017Redesign;en-US;/Home;35289;1;0
Assuranceoperations.com-0065-2015Redesign;en-US;/Home;15263;1;0
Washingtoncourthotel.com-0076-2016Redesign;en-US;/Home;17858;1;0
Oxfordclubspa.com-0068-2016Redesign;en-US;/Home;15568;1;0
Jbdukehotel.com-0086-2016Redesign;en-US;/Home;21918;1;0
Galthouse.com-0042-2015Redesign;en-US;/failovercheck;38060;1;0
Luxehotels.com-0078-2016Redesign;en-US;/Home;18805;1;0
Homewoodsuiteslax.com-0110-2017Redesign;en-US;/Home;30747;1;0
Chrco.com-0107-2017Redesign;en-US;/Home;29280;1;0
Naiaresortandspa.com-0077-2016Redesign;en-US;/home;20455;1;0
Treasureislandbeachresort.com-0089-2016Redesign;en-US;/failovercheck;38057;1;0
Edgewaternaples.com-0094-2016Redesign;en-US;/failovercheck;38051;1;0
Zotabeachresort.com-0090-2016Redesign;en-US;/failovercheck;38058;1;0
Jupiterbeachresort.com-0103-2017Redesign;en-US;/failovercheck;38052;1;0
Samosetresort.com-0113-2017Redesign;en-US;/failovercheck;40334;1;0
Theharborsidehotel.com-0114-2017Redesign;en-US;/failovercheck;40403;1;0
Opalsands.com-0084-2016Redesign;en-US;/failovercheck;38055;1;0
Unionstationhotelnashville.com-0047-2015Redesign;en-US;/Home;32226;1;0
Thesagamore.com-0112-2017Redesign;en-US;/Home;32339;1;0
Hospitalityupgrade.com-0093-2016Redesign;en-US;/Home;25405;1;0
Thesagamore.com-0112-2017Redesign;en-US;/Dining;32347;1;0
Thesagamore.com-0112-2017Redesign;en-US;/Home;32339;1;0
Secretharbourvi.com-0040-2015Redesign;en-US;/Home;9231;1;0
Broadmoor.com-0073-2016Redesign;en-US;/failovercheck;38059;1;0
Washingtondukeinn.com-0024-2014Redesign;en-US;/Durham-Fine-Dining/Afternoon-Tea;4740;1;0
Napavalleymarriott.com-0071-2016Redesign;en-US;/Home;16432;1;0
Longboatkeyclub.com-0104-2017Redesign;en-US;/failovercheck;38054;1;0
Passport.lehotels.com-0069-2016BlogRedesign;en-US;/failovercheck;41068;1;0
Thesagamore.com-0112-2017Redesign;en-US;/failovercheck;39241;1;0
Lidobeachresort.com-0106-2017Redesign;en-US;/failovercheck;38053;1;0
Cendyn.com-0095-2016Redesign;en-US;/Home;26640;1;0
Cendyn.com-0095-2016Redesign;en-US;/Home;26640;1;0
Sandpearl.com-0091-2016Redesign;en-US;/Special-Offers/Deals-for-Florida-Residents;23063;1;0
Cendyn.com-0095-2016Redesign;en-US;/Home;26640;1;0
Thesagamore.com-0112-2017Redesign;en-US;/Home;32339;1;0
Cendyn.com-0095-2016Redesign;en-US;/Home;26640;1;0
Cendyn.com-0095-2016Redesign;en-US;/Home;26640;1;0
Assuranceoperations.com-0065-2015Redesign;en-US;/Home;15263;1;0
Delraysandsresort.com-0097-2016Redesign;en-US;/failovercheck;38049;1;0
Hospitalityupgrade.com-0093-2016Redesign;en-US;/Home;25405;1;0
Sandpearl.com-0091-2016Redesign;en-US;/failovercheck;38056;1;0
Thesagamore.com-0112-2017Redesign;en-US;/Accommodations/The-Castle;33924;1;0
Sandylane.com-0075-2016Redesign;en-US;/barbados-accommodations/Sandy-Lane-Suite;17681;1;0
Degreerestaurant.com-0056-2015Redesign;en-US;/Home;11598;1;0
Hhotellosangeles.com-0118-2017Redesign;en-US;/Home;35289;1;0
Abbingtonbanquets.com-0070-2016Redesign;en-US;/Home;15789;1;0
Thelodgeatwoodloch.com-0033-2015Redesign;en-US;/Spa/Lotus-Salon;8277;1;0
Glencovemansion.com-0058-2015Redesign;en-US;/Home;13328;1;0
Homewoodsuiteslax.com-0110-2017Redesign;en-US;/Home;30747;1;0
Theoxfordhotel.com-0062-2015Redesign;en-US;/Home;14325;1;0
Cendyn.com-0095-2016Redesign;en-US;/Home;26640;1;0
Thecurtis.com-0079-2016Redesign;en-US;/Home;17981;1;0
Beverlyhillsresidenceinn.com-0087-2016Redesign;en-US;/Home;20999;1;0
Luxehotels.com-0078-2016Redesign;en-US;/Home;18805;1;0
Texturefoodanddrink.com-0067-2016Redesign;en-US;/Home;15452;1;0
Assuranceoperations.com-0065-2015Redesign;en-US;/Home;15263;1;0
Treasureislandbeachresort.com-0089-2016Redesign;en-US;/failovercheck;38057;1;0
Sandylane.com-0075-2016Redesign;en-US;/Home;17611;1;0
Bluebirch.com-0072-2016Redesign;en-US;/Home;16693;1;0
Lidobeachresort.com-0106-2017Redesign;en-US;/Home;28666;1;0
Meateatery.com-0080-2016Redesign;en-US;/;18505;1;0
Lakeplacidlodge.com-0105-2017Redesign;en-US;/failovercheck;39238;1;0
Washingtoncourthotel.com-0076-2016Redesign;en-US;/Home;17858;1;0
Thecrawfordhotel.com-0074-2016Redesign;en-US;/Home;17145;1;0
Bocatrans.com-0082-2016Redesign;en-US;/Home;19758;1;0
Jbdukehotel.com-0086-2016Redesign;en-US;/Home;21918;1;0
Oxfordclubspa.com-0068-2016Redesign;en-US;/Home;15568;1;0
Galthouse.com-0042-2015Redesign;en-US;/failovercheck;38060;1;0
Naiaresortandspa.com-0077-2016Redesign;en-US;/home;20455;1;0
Chrco.com-0107-2017Redesign;en-US;/Home;29280;1;0
Halcyonhotelcherrycreek.com-0061-2015Redesign;en-US;/Home;22121;1;0
Samosetresort.com-0113-2017Redesign;en-US;/failovercheck;40334;1;0
Zotabeachresort.com-0090-2016Redesign;en-US;/failovercheck;38058;1;0
Edgewaternaples.com-0094-2016Redesign;en-US;/failovercheck;38051;1;0
Jupiterbeachresort.com-0103-2017Redesign;en-US;/failovercheck;38052;1;0
Opalsands.com-0084-2016Redesign;en-US;/failovercheck;38055;1;0
Theharborsidehotel.com-0114-2017Redesign;en-US;/failovercheck;40403;1;0
Galthouse.com-0042-2015Redesign;en-US;/Home;31905;1;0
Hospitalityupgrade.com-0093-2016Redesign;en-US;/Home;25405;1;0
Galthouse.com-0042-2015Redesign;en-US;/Home;31905;1;0
Broadmoor.com-0073-2016Redesign;en-US;/failovercheck;38059;1;0
Casaybelresort.com-0002-2014Redesign;en-US;/Home;1533;1;0
Napavalleymarriott.com-0071-2016Redesign;en-US;/Home;16432;1;0
Thesagamore.com-0112-2017Redesign;en-US;/failovercheck;39241;1;0
Lidobeachresort.com-0106-2017Redesign;en-US;/failovercheck;38053;1;0
Longboatkeyclub.com-0104-2017Redesign;en-US;/failovercheck;38054;1;0
Passport.lehotels.com-0069-2016BlogRedesign;en-US;/failovercheck;41068;1;0
Cendyn.com-0095-2016Redesign;en-US;/Home;26640;1;0
Cendyn.com-0095-2016Redesign;en-US;/Home;26640;1;0
Cendyn.com-0095-2016Redesign;en-US;/Home;26640;1;0
Cendyn.com-0095-2016Redesign;en-US;/Home;26640;1;0
Delraysandsresort.com-0097-2016Redesign;en-US;/failovercheck;38049;1;0
Cendyn.com-0095-2016Redesign;en-US;/Home;26640;1;0
Hospitalityupgrade.com-0093-2016Redesign;en-US;/Home;25405;1;0
Cendyn.com-0095-2016Redesign;en-US;/Home;26640;1;0
Unionstationhotelnashville.com-0047-2015Redesign;en-US;/Home;32226;1;0
Sandpearl.com-0091-2016Redesign;en-US;/failovercheck;38056;1;0
Broadmoor.com-0073-2016Redesign;en-US;/Broadmoor-Adventures/Seven-Falls;18259;1;0
Thesagamore.com-0112-2017Redesign;en-US;/Dining/La-Bella-Vita;33470;1;0
Sandpearl.com-0091-2016Redesign;en-US;/Home;22481;1;0
Degreerestaurant.com-0056-2015Redesign;en-US;/Home;11598;1;0
Thecrawfordhotel.com-0074-2016Redesign;en-US;/Home;17145;1;0
Abbingtonbanquets.com-0070-2016Redesign;en-US;/Home;15789;1;0
Luxehotels.com-0078-2016Redesign;en-US;/Home;18805;1;0
Sandylane.com-0075-2016Redesign;en-US;/Home;17611;1;0
Meateatery.com-0080-2016Redesign;en-US;/;18505;1;0
Bluebirch.com-0072-2016Redesign;en-US;/Home;16693;1;0
Texturefoodanddrink.com-0067-2016Redesign;en-US;/Home;15452;1;0
Bocatrans.com-0082-2016Redesign;en-US;/Home;19758;1;0
Treasureislandbeachresort.com-0089-2016Redesign;en-US;/failovercheck;38057;1;0
Hhotellosangeles.com-0118-2017Redesign;en-US;/Home;35289;1;0
Theoxfordhotel.com-0062-2015Redesign;en-US;/Home;14325;1;0
Thecurtis.com-0079-2016Redesign;en-US;/Home;17981;1;0
Glencovemansion.com-0058-2015Redesign;en-US;/Home;13328;1;0
Cendyn.com-0095-2016Redesign;en-US;/Home;26640;1;0
Oxfordclubspa.com-0068-2016Redesign;en-US;/Home;15568;1;0
Assuranceoperations.com-0065-2015Redesign;en-US;/Home;15263;1;0
Jbdukehotel.com-0086-2016Redesign;en-US;/Home;21918;1;0
Washingtoncourthotel.com-0076-2016Redesign;en-US;/Home;17858;1;0
Beverlyhillsresidenceinn.com-0087-2016Redesign;en-US;/Home;20999;1;0
Jupiterbeachresort.com-0103-2017Redesign;en-US;/failovercheck;38052;1;0
Naiaresortandspa.com-0077-2016Redesign;en-US;/home;20455;1;0
Theharborsidehotel.com-0114-2017Redesign;en-US;/failovercheck;40403;1;0
Edgewaternaples.com-0094-2016Redesign;en-US;/failovercheck;38051;1;0
Halcyonhotelcherrycreek.com-0061-2015Redesign;en-US;/Home;22121;1;0
Homewoodsuiteslax.com-0110-2017Redesign;en-US;/Home;30747;1;0
Galthouse.com-0042-2015Redesign;en-US;/failovercheck;38060;1;0
Chrco.com-0107-2017Redesign;en-US;/Home;29280;1;0
Opalsands.com-0084-2016Redesign;en-US;/failovercheck;38055;1;0
Samosetresort.com-0113-2017Redesign;en-US;/failovercheck;40334;1;0
Lakeplacidlodge.com-0105-2017Redesign;en-US;/failovercheck;39238;1;0
Zotabeachresort.com-0090-2016Redesign;en-US;/failovercheck;38058;1;0
Sandylane.com-0075-2016Redesign;en-US;/Home;17611;1;0
Longboatkeyclub.com-0104-2017Redesign;en-US;/404;35641;1;0
Lehotels.com-0049-2015Transfer;en-US;/Luxe-Collection;14480;1;0
Hospitalityupgrade.com-0093-2016Redesign;en-US;/Home;25405;1;0
Sandylane.com-0075-2016Redesign;en-US;/Home;17611;1;0
Lehotels.com-0049-2015Transfer;en-US;/Search/Central-South-America/Hotel-Cabrera-Imperial/Meetings-Events;13737;1;0
Broadmoor.com-0073-2016Redesign;en-US;/failovercheck;38059;1;0
Napavalleymarriott.com-0071-2016Redesign;en-US;/Home;16432;1;0
Thesagamore.com-0112-2017Redesign;en-US;/failovercheck;39241;1;0
Longboatkeyclub.com-0104-2017Redesign;en-US;/failovercheck;38054;1;0
Lidobeachresort.com-0106-2017Redesign;en-US;/failovercheck;38053;1;0
Passport.lehotels.com-0069-2016BlogRedesign;en-US;/failovercheck;41068;1;0
Cendyn.com-0095-2016Redesign;en-US;/Home;26640;1;0
Cendyn.com-0095-2016Redesign;en-US;/Home;26640;1;0
Cendyn.com-0095-2016Redesign;en-US;/Home;26640;1;0
Cendyn.com-0095-2016Redesign;en-US;/Home;26640;1;0
Longboatkeyclub.com-0104-2017Redesign;en-US;/Home;28316;1;0
Lehotels.com-0049-2015Transfer;en-US;/Search/Europe/Elite-World-Prestige-Hotel/Maps-Directions;13160;1;0
Marriottkeylargo.com-0015-2014Redesign;en-US;/Mobile/HOME;3964;1;0
