Longboatkeyclub.com-0104-2017Redesign;en-US;/es3749/cat446/crystal-stemware-with-your-wedding/;0;1;0
Cendyn.com-0095-2016Redesign;en-US;/autodiscover/autodiscover.xml;0;1;0
Miravalspamonarchbeach.com-0109-2017Redesign;en-US;/failovercheck/;0;1;0
theweststreethotel.com-0115-2017Redesign;en-US;/failovercheck/;0;1;0
Luxehotels.com-0078-2016Redesign;en-US;/wpad.dat/;0;1;0
hutchinsonshores.com-0119-2017Redesign;en-US;/failovercheck/;0;1;0
Opalcollection.com-0098-2017Redesign;en-US;/failovercheck/;0;1;0
Longboatkeyclub.com-0104-2017Redesign;en-US;/es3749/cat446/crystal-stemware-with-your-wedding/;0;1;0
Sunsetkeycottages.com-0116-2017Redesign;en-US;/failovercheck/;0;1;0
Crmweb.cendyn.com-0121-2017Redesign;en-US;/failovercheck/;0;1;0
Broadmoor.com-0073-2016Redesign;en-US;/wpad.dat/;0;1;0
Broadmoor.com-0073-2016Redesign;en-US;/wpad.dat/;0;1;0
Longboatkeyclub.com-0104-2017Redesign;en-US;/wp-login.php/;0;1;0
Longboatkeyclub.com-0104-2017Redesign;en-US;/wp-login.php/;0;1;0
Hospitalityupgrade.com-0093-2016Redesign;en-US;/_techTalk/TechTalk/Feed;0;1;0
Miravalspamonarchbeach.com-0109-2017Redesign;en-US;/failovercheck/;0;1;0
theweststreethotel.com-0115-2017Redesign;en-US;/failovercheck/;0;1;0
hutchinsonshores.com-0119-2017Redesign;en-US;/failovercheck/;0;1;0
Opalcollection.com-0098-2017Redesign;en-US;/failovercheck/;0;1;0
Sunsetkeycottages.com-0116-2017Redesign;en-US;/failovercheck/;0;1;0
Broadmoor.com-0073-2016Redesign;en-US;/wpad.dat/;0;1;0
Broadmoor.com-0073-2016Redesign;en-US;/wpad.dat/;0;1;0
hutchinsonshores.com-0119-2017Redesign;en-US;/failovercheck/;0;1;0
Jupiterbeachresort.com-0103-2017Redesign;en-US;/es4168/cat402/lights-out-its-turtle-season/;0;1;0
Washingtondukeinn.com-0024-2014Redesign;en-US;/demo.cendyn.com/interactive-map/washington-duke-inn/WashingtonDukeInn_InteractiveMap-v9.html/;0;1;0
Sandylane.com-0075-2016Redesign;en-US;/favicon.ico/;0;1;0
theweststreethotel.com-0115-2017Redesign;en-US;/Opal/media/Opal/layout/blank.gif/;0;1;0
Samosetresort.com-0113-2017Redesign;en-US;/Table/Accommodations/feed/rss.html/;0;1;0
Broadmoor.com-0073-2016Redesign;en-US;/Broadmoor.com-0073-2016Redesign/media/design/main-logo.png/;0;1;0
Broadmoor.com-0073-2016Redesign;en-US;/wpad.dat/;0;1;0
Broadmoor.com-0073-2016Redesign;en-US;/wpad.dat/;0;1;0
Arcaneo.com-0030-2014Redesign;en-US;/failovercheck/;0;1;0
Samosetresort.com-0113-2017Redesign;en-US;/Table/Accommodations/feed/rss.html/;0;1;0
Luxehotels.com-0078-2016Redesign;en-US;/wpad.dat/;0;1;0
Courtyardportlandcitycenter.com-0063-2015Redesign;en-US;/getmedia/e38b4a4a-7e1c-4585-aa16-b22a4a98f140/0071.jpg/;0;1;0
Arcaneo.com-0030-2014Redesign;en-US;/failovercheck/;0;1;0
Broadmoor.com-0073-2016Redesign;en-US;/wp-content/uploads/Spa-Entry-with-Gates-med.jpg/;0;1;0
Arcaneo.com-0030-2014Redesign;en-US;/failovercheck/;0;1;0
Crmweb.cendyn.com-0121-2017Redesign;en-US;/failovercheck/;0;1;0
Zotabeachresort.com-0090-2016Redesign;en-US;/Opal/media/Opal/layout/blank.gif/;0;1;0
Miravalspamonarchbeach.com-0109-2017Redesign;en-US;/failovercheck/;0;1;0
theweststreethotel.com-0115-2017Redesign;en-US;/failovercheck/;0;1;0
Opalcollection.com-0098-2017Redesign;en-US;/failovercheck/;0;1;0
Sunsetkeycottages.com-0116-2017Redesign;en-US;/failovercheck/;0;1;0
Crmweb.cendyn.com-0121-2017Redesign;en-US;/failovercheck/;0;1;0
Luxehotels.com-0078-2016Redesign;en-US;/wpad.dat/;0;1;0
Miravalspamonarchbeach.com-0109-2017Redesign;en-US;/failovercheck/;0;1;0
theweststreethotel.com-0115-2017Redesign;en-US;/failovercheck/;0;1;0
hutchinsonshores.com-0119-2017Redesign;en-US;/failovercheck/;0;1;0
Opalcollection.com-0098-2017Redesign;en-US;/failovercheck/;0;1;0
Thesagamore.com-0112-2017Redesign;en-US;/wp-login.php/;0;1;0
Laxembassy.com-0008-2014Redesign;en-US;/apple-touch-icon-120x120-precomposed.png/;0;1;0
Sunsetkeycottages.com-0116-2017Redesign;en-US;/failovercheck/;0;1;0
Thesagamore.com-0112-2017Redesign;en-US;/wp-login.php/;0;1;0
Laxembassy.com-0008-2014Redesign;en-US;/apple-touch-icon-120x120.png/;0;1;0
Bellemontfarm.com-0007-2013Redesign;en-US;/favicon.ico/;0;1;0
Laxembassy.com-0008-2014Redesign;en-US;/apple-touch-icon-precomposed.png/;0;1;0
Crmweb.cendyn.com-0121-2017Redesign;en-US;/failovercheck/;0;1;0
Laxembassy.com-0008-2014Redesign;en-US;/apple-touch-icon.png/;0;1;0
Laxembassy.com-0008-2014Redesign;en-US;/favicon.ico/;0;1;0
Laxembassy.com-0008-2014Redesign;en-US;/apple-touch-icon-120x120-precomposed.png/;0;1;0
Laxembassy.com-0008-2014Redesign;en-US;/apple-touch-icon-120x120.png/;0;1;0
Laxembassy.com-0008-2014Redesign;en-US;/apple-touch-icon-precomposed.png/;0;1;0
Galthouse.com-0042-2015Redesign;en-US;/christmas/christmasatthegalthouse/_images/logo2.png/;0;1;0
Miravalspamonarchbeach.com-0109-2017Redesign;en-US;/failovercheck/;0;1;0
theweststreethotel.com-0115-2017Redesign;en-US;/failovercheck/;0;1;0
Laxembassy.com-0008-2014Redesign;en-US;/apple-touch-icon.png/;0;1;0
hutchinsonshores.com-0119-2017Redesign;en-US;/failovercheck/;0;1;0
Opalcollection.com-0098-2017Redesign;en-US;/failovercheck/;0;1;0
Laxembassy.com-0008-2014Redesign;en-US;/favicon.ico/;0;1;0
Opalsands.com-0084-2016Redesign;en-US;/wp-login.php/;0;1;0
Opalsands.com-0084-2016Redesign;en-US;/wp-login.php/;0;1;0
Sunsetkeycottages.com-0116-2017Redesign;en-US;/failovercheck/;0;1;0
Longboatkeyclub.com-0104-2017Redesign;en-US;/es3749/cat446/crystal-stemware-with-your-wedding/;0;1;0
hutchinsonshores.com-0119-2017Redesign;en-US;/failovercheck/;0;1;0
Broadmoor.com-0073-2016Redesign;en-US;/tag/ponzi/;0;1;0
Longboatkeyclub.com-0104-2017Redesign;en-US;/es3749/cat446/crystal-stemware-with-your-wedding/;0;1;0
Luxehotels.com-0078-2016Redesign;en-US;/wpad.dat/;0;1;0
Bellemontfarm.com-0007-2013Redesign;en-US;/favicon.ico/;0;1;0
Monarchbeachresort.com-0092-2016Redesign;en-US;/wp-login.php/;0;1;0
