Broadmoor.com-0073-2016Redesign;en-US;16753;18259;1;0
Chrco.com-0107-2017Redesign;en-US;0;31152;1;0
theweststreethotel.com-0115-2017Redesign;en-US;37653;37654;1;0
Bellemontfarm.com-0007-2013Redesign;en-US;2502;15684;1;0
Longboatkeyclub.com-0104-2017Redesign;en-US;29881;28391;1;0
Theharborsidehotel.com-0114-2017Redesign;en-US;37571;37941;1;0
Broadmoor.com-0073-2016Redesign;en-US;16761;16763;1;0
Thelodgeatwoodloch.com-0033-2015Redesign;en-US;9932;9916;1;0
Bellemontfarm.com-0007-2013Redesign;en-US;15684;10360;1;0
Bellemontfarm.com-0007-2013Redesign;en-US;10360;2503;1;0
Cocokeyorlando.com-0059-2015Redesign;en-US;0;12394;1;0
Luxehotels.com-0078-2016Redesign;en-US;0;19308;1;0
Longboatkeyclub.com-0104-2017Redesign;en-US;28316;35641;1;0
Broadmoor.com-0073-2016Redesign;en-US;18259;21231;1;0
Broadmoor.com-0073-2016Redesign;en-US;16721;16742;1;0
Laxembassy.com-0008-2014Redesign;en-US;0;2094;1;0
Broadmoor.com-0073-2016Redesign;en-US;18259;16751;1;0
Springhillsuitesdenver.com-0060-2015Redesign;en-US;0;12307;1;0
Broadmoor.com-0073-2016Redesign;en-US;0;16724;1;0
Longboatkeyclub.com-0104-2017Redesign;en-US;28391;28350;1;0
Broadmoor.com-0073-2016Redesign;en-US;16751;18259;1;0
Cocokeyorlando.com-0059-2015Redesign;en-US;0;12394;1;0
theweststreethotel.com-0115-2017Redesign;en-US;37654;37423;1;0
Casaybelresort.com-0002-2014Redesign;en-US;1613;1596;1;0
Longboatkeyclub.com-0104-2017Redesign;en-US;35641;41463;1;0
Longboatkeyclub.com-0104-2017Redesign;en-US;28350;28380;1;0
Bellemontfarm.com-0007-2013Redesign;en-US;11497;10360;1;0
Bellemontfarm.com-0007-2013Redesign;en-US;10360;2503;1;0
Thesagamore.com-0112-2017Redesign;en-US;32339;32346;1;0
Broadmoor.com-0073-2016Redesign;en-US;18259;16751;1;0
Monarchbeachresort.com-0092-2016Redesign;en-US;23492;23005;1;0
Monarchbeachresort.com-0092-2016Redesign;en-US;23005;22877;1;0
Samosetresort.com-0113-2017Redesign;en-US;0;32541;1;0
Monarchbeachresort.com-0092-2016Redesign;en-US;22877;23005;1;0
Samosetresort.com-0113-2017Redesign;en-US;32558;35111;1;0
Halcyonhotelcherrycreek.com-0061-2015Redesign;en-US;23287;22121;1;0
theweststreethotel.com-0115-2017Redesign;en-US;37423;37428;1;0
Hospitalityupgrade.com-0093-2016Redesign;en-US;0;22790;1;0
Halcyonhotelcherrycreek.com-0061-2015Redesign;en-US;22121;23287;1;0
Halcyonhotelcherrycreek.com-0061-2015Redesign;en-US;23287;22121;1;0
