saddlebrook.com-0011-2014Redesign;en-US;www.google.com;3479;1;0
Cphollywoodbeach.com-0032-2015Redesign;en-US;r.search.yahoo.com;7831;1;0
Halcyonhotelcherrycreek.com-0061-2015Redesign;en-US;www.google.com;22121;1;0
Broadmoor.com-0073-2016Redesign;en-US;tpc.googlesyndication.com;16728;1;0
Broadmoor.com-0073-2016Redesign;en-US;www.neiglobal.com;16721;1;0
Thecrawfordhotel.com-0074-2016Redesign;en-US;www.google.nl;17145;1;0
Cphollywoodbeach.com-0032-2015Redesign;en-US;www.sunny.org;7831;1;0
Luxehotels.com-0078-2016Redesign;en-US;android-app:;19324;1;0
Miravalspamonarchbeach.com-0109-2017Redesign;en-US;www.monarchbeachresort.com;31709;1;0
Monarchbeachresort.com-0092-2016Redesign;en-US;www.google.com;22785;1;0
Thesagamore.com-0112-2017Redesign;en-US;www.google.com;32339;1;0
Thesagamore.com-0112-2017Redesign;en-US;www.google.com;32339;1;0
Thesagamore.com-0112-2017Redesign;en-US;www.google.com;32339;1;0
Broadmoor.com-0073-2016Redesign;en-US;login.nomadix.com:1111;16724;1;0
Broadmoor.com-0073-2016Redesign;en-US;login.nomadix.com:1111;16724;1;0
Cphollywoodbeach.com-0032-2015Redesign;en-US;www.sunny.org;7831;1;0
Thelodgeatwoodloch.com-0033-2015Redesign;en-US;www.google.com;7764;1;0
Monarchbeachresort.com-0092-2016Redesign;en-US;www.google.com;22725;1;0
Luxehotels.com-0078-2016Redesign;en-US;android-app:;19324;1;0
Marriottkeylargo.com-0015-2014Redesign;en-US;twooceansdigital.com;3948;1;0
Sandpearl.com-0091-2016Redesign;en-US;www.google.com;22481;1;0
Sandpearl.com-0091-2016Redesign;en-US;www.google.com;22481;1;0
Cocokeyorlando.com-0059-2015Redesign;en-US;www.google.com;12394;1;0
Monarchbeachresort.com-0092-2016Redesign;en-US;www.google.com;23473;1;0
theweststreethotel.com-0115-2017Redesign;en-US;www.acadiamagic.com;36683;1;0
Cphollywoodbeach.com-0032-2015Redesign;en-US;www.sunny.org;7831;1;0
Cphollywoodbeach.com-0032-2015Redesign;en-US;www.google.com;7831;1;0
Monarchbeachresort.com-0092-2016Redesign;en-US;www.google.com;22725;1;0
saddlebrook.com-0011-2014Redesign;en-US;www.google.com;3463;1;0
