Secretharbourvi.com-0040-2015Redesign;en-US;9231;9254;1;0
Thecurtis.com-0079-2016Redesign;en-US;0;17981;1;0
Broadmoor.com-0073-2016Redesign;en-US;17448;22159;1;0
wentworthcom00212014redesign;en-US;4245;4247;1;0
Lehotels.com-0049-2015Transfer;en-US;0;13765;1;0
Cocokeyorlando.com-0059-2015Redesign;en-US;0;12394;1;0
Sandpearl.com-0091-2016Redesign;en-US;22481;23074;1;0
Sandpearl.com-0091-2016Redesign;en-US;22481;22498;1;0
Thesagamore.com-0112-2017Redesign;en-US;32339;33357;1;0
Casaybelresort.com-0002-2014Redesign;en-US;1613;1573;1;0
Thelodgeatwoodloch.com-0033-2015Redesign;en-US;11007;8324;1;0
Hospitalityupgrade.com-0093-2016Redesign;en-US;0;25405;1;0
Hospitalityupgrade.com-0093-2016Redesign;en-US;0;25405;1;0
Lakeplacidlodge.com-0105-2017Redesign;en-US;32783;32788;1;0
Jupiterbeachresort.com-0103-2017Redesign;en-US;28206;28198;1;0
Lehotels.com-0049-2015Transfer;en-US;0;13677;1;0
Zotabeachresort.com-0090-2016Redesign;en-US;22357;23062;1;0
Thesagamore.com-0112-2017Redesign;en-US;32350;33357;1;0
Hospitalityupgrade.com-0093-2016Redesign;en-US;25405;22774;1;0
Hospitalityupgrade.com-0093-2016Redesign;en-US;22774;26183;1;0
Lehotels.com-0049-2015Transfer;en-US;0;14041;1;0
Hospitalityupgrade.com-0093-2016Redesign;en-US;26183;37628;1;0
wentworthcom00212014redesign;en-US;31722;4301;1;0
Hospitalityupgrade.com-0093-2016Redesign;en-US;37628;29966;1;0
Thesagamore.com-0112-2017Redesign;en-US;32339;32346;1;0
Hospitalityupgrade.com-0093-2016Redesign;en-US;29966;37955;1;0
Hospitalityupgrade.com-0093-2016Redesign;en-US;37955;37963;1;0
wentworthcom00212014redesign;en-US;4307;4308;1;0
Lehotels.com-0049-2015Transfer;en-US;0;17549;1;0
Hospitalityupgrade.com-0093-2016Redesign;en-US;37963;37954;1;0
Secretharbourvi.com-0040-2015Redesign;en-US;9254;9381;1;0
Thelodgeatwoodloch.com-0033-2015Redesign;en-US;8261;8265;1;0
Hospitalityupgrade.com-0093-2016Redesign;en-US;37954;33960;1;0
Thesagamore.com-0112-2017Redesign;en-US;33357;33467;1;0
Hospitalityupgrade.com-0093-2016Redesign;en-US;33960;33442;1;0
Lehotels.com-0049-2015Transfer;en-US;14480;12108;1;0
Sandpearl.com-0091-2016Redesign;en-US;23074;23075;1;0
Hospitalityupgrade.com-0093-2016Redesign;en-US;33442;33544;1;0
Lehotels.com-0049-2015Transfer;en-US;0;13971;1;0
Hospitalityupgrade.com-0093-2016Redesign;en-US;33544;33606;1;0
Samosetresort.com-0113-2017Redesign;en-US;32541;32576;1;0
Hospitalityupgrade.com-0093-2016Redesign;en-US;33606;26754;1;0
Thesagamore.com-0112-2017Redesign;en-US;32346;32387;1;0
Hospitalityupgrade.com-0093-2016Redesign;en-US;26754;41423;1;0
Hospitalityupgrade.com-0093-2016Redesign;en-US;41423;37936;1;0
Hospitalityupgrade.com-0093-2016Redesign;en-US;37936;31470;1;0
Theharborsidehotel.com-0114-2017Redesign;en-US;38012;37941;1;0
Lehotels.com-0049-2015Transfer;en-US;0;13796;1;0
Monarchbeachresort.com-0092-2016Redesign;en-US;22725;26788;1;0
Hospitalityupgrade.com-0093-2016Redesign;en-US;31470;37951;1;0
Hospitalityupgrade.com-0093-2016Redesign;en-US;37951;37414;1;0
Thesagamore.com-0112-2017Redesign;en-US;33467;33357;1;0
Washingtondukeinn.com-0024-2014Redesign;en-US;4524;4741;1;0
Hospitalityupgrade.com-0093-2016Redesign;en-US;37414;35714;1;0
Lehotels.com-0049-2015Transfer;en-US;0;13014;1;0
Cocokeyorlando.com-0059-2015Redesign;en-US;12402;12410;1;0
Monarchbeachresort.com-0092-2016Redesign;en-US;26788;41732;1;0
Samosetresort.com-0113-2017Redesign;en-US;0;32541;1;0
Broadmoor.com-0073-2016Redesign;en-US;16721;16760;1;0
Lehotels.com-0049-2015Transfer;en-US;0;12946;1;0
Thesagamore.com-0112-2017Redesign;en-US;33357;32348;1;0
Casaybelresort.com-0002-2014Redesign;en-US;1613;1533;1;0
Hospitalityupgrade.com-0093-2016Redesign;en-US;35714;32911;1;0
Hospitalityupgrade.com-0093-2016Redesign;en-US;32911;38045;1;0
Lehotels.com-0049-2015Transfer;en-US;0;19188;1;0
Hospitalityupgrade.com-0093-2016Redesign;en-US;38045;32911;1;0
Broadmoor.com-0073-2016Redesign;en-US;0;16721;1;0
Hospitalityupgrade.com-0093-2016Redesign;en-US;32911;36187;1;0
Thelodgeatwoodloch.com-0033-2015Redesign;en-US;11007;11014;1;0
Hospitalityupgrade.com-0093-2016Redesign;en-US;36187;38044;1;0
Broadmoor.com-0073-2016Redesign;en-US;18782;21236;1;0
Hospitalityupgrade.com-0093-2016Redesign;en-US;38044;26756;1;0
Theharborsidehotel.com-0114-2017Redesign;en-US;37571;37941;1;0
Lehotels.com-0049-2015Transfer;en-US;0;12966;1;0
Monarchbeachresort.com-0092-2016Redesign;en-US;0;26797;1;0
Broadmoor.com-0073-2016Redesign;en-US;0;21236;1;0
Hospitalityupgrade.com-0093-2016Redesign;en-US;26756;36488;1;0
Thesagamore.com-0112-2017Redesign;en-US;33357;33466;1;0
wentworthcom00212014redesign;en-US;26679;4282;1;0
Lehotels.com-0049-2015Transfer;en-US;0;17815;1;0
Hospitalityupgrade.com-0093-2016Redesign;en-US;36488;38048;1;0
Hospitalityupgrade.com-0093-2016Redesign;en-US;38048;26756;1;0
Thesagamore.com-0112-2017Redesign;en-US;33357;33466;1;0
Hospitalityupgrade.com-0093-2016Redesign;en-US;26756;36351;1;0
Hospitalityupgrade.com-0093-2016Redesign;en-US;36351;32674;1;0
Longboatkeyclub.com-0104-2017Redesign;en-US;28316;35641;1;0
Hospitalityupgrade.com-0093-2016Redesign;en-US;32674;41771;1;0
Lehotels.com-0049-2015Transfer;en-US;0;15082;1;0
Galthouse.com-0042-2015Redesign;en-US;31905;10568;1;0
Hospitalityupgrade.com-0093-2016Redesign;en-US;41771;36423;1;0
wentworthcom00212014redesign;en-US;4301;4300;1;0
Thesagamore.com-0112-2017Redesign;en-US;32339;33449;1;0
