saddlebrook.com-0011-2014Redesign;en-US;www.google.com;3385;1;0
Casaybelresort.com-0002-2014Redesign;en-US;search.yahoo.com;1533;1;0
Cphollywoodbeach.com-0032-2015Redesign;en-US;www.sunny.org;7831;1;0
Sandpearl.com-0091-2016Redesign;en-US;www.bing.com;23063;1;0
Sandpearl.com-0091-2016Redesign;en-US;www.bing.com;23063;1;0
Thecrawfordhotel.com-0074-2016Redesign;en-US;www.google.com;17145;1;0
Washingtondukeinn.com-0024-2014Redesign;en-US;www.goduke.com;4524;1;0
Theloganhotel.com-0043-2015Redesign;en-US;www.associationforpublicart.org;14514;1;0
Thecurtis.com-0079-2016Redesign;en-US;www.google.com;17981;1;0
Lakeplacidlodge.com-0105-2017Redesign;en-US;www.bing.com;28545;1;0
Treasureislandbeachresort.com-0089-2016Redesign;en-US;www.google.com;22169;1;0
Treasureislandbeachresort.com-0089-2016Redesign;en-US;www.google.com;22169;1;0
Galthouse.com-0042-2015Redesign;en-US;www.google.com;31905;1;0
Galthouse.com-0042-2015Redesign;en-US;www.google.com;31905;1;0
Broadmoor.com-0073-2016Redesign;en-US;www.bing.com;16721;1;0
Broadmoor.com-0073-2016Redesign;en-US;www.bing.com;16721;1;0
Theoxfordhotel.com-0062-2015Redesign;en-US;den-80202-5400.localdomain:8000;14325;1;0
Zotabeachresort.com-0090-2016Redesign;en-US;www.google.de;22357;1;0
Broadmoor.com-0073-2016Redesign;en-US;googleads.g.doubleclick.net;16728;1;0
Delraysandsresort.com-0097-2016Redesign;en-US;s0.2mdn.net;36464;1;0
Halcyonhotelcherrycreek.com-0061-2015Redesign;en-US;www.google.com;23287;1;0
Monarchbeachresort.com-0092-2016Redesign;en-US;www.google.com;22847;1;0
Thesagamore.com-0112-2017Redesign;en-US;www.google.com;32351;1;0
Washingtoncourthotel.com-0076-2016Redesign;en-US;search.yahoo.com;17858;1;0
Broadmoor.com-0073-2016Redesign;en-US;search.yahoo.com;18169;1;0
Galthouse.com-0042-2015Redesign;en-US;www.google.com;25671;1;0
Theoxfordhotel.com-0062-2015Redesign;en-US;den-80202-5400.localdomain:8000;14325;1;0
Monarchbeachresort.com-0092-2016Redesign;en-US;www.google.com;22725;1;0
Theharborsidehotel.com-0114-2017Redesign;en-US;www.google.com;37571;1;0
Theharborsidehotel.com-0114-2017Redesign;en-US;www.google.com;37571;1;0
wentworthcom00212014redesign;en-US;www.google.com;4250;1;0
Cphollywoodbeach.com-0032-2015Redesign;en-US;www.google.com;7831;1;0
Jbdukehotel.com-0086-2016Redesign;en-US;www.google.com;21918;1;0
Galthouse.com-0042-2015Redesign;en-US;www.google.com;31905;1;0
Galthouse.com-0042-2015Redesign;en-US;www.google.com;31905;1;0
Sandpearl.com-0091-2016Redesign;en-US;www.google.com;30638;1;0
