Washingtoncourthotel.com-0076-2016Redesign;en-US;www.nacep.org;17858;1;0
Theloganhotel.com-0043-2015Redesign;en-US;www.google.com;20218;1;0
Lakeplacidlodge.com-0105-2017Redesign;en-US;www.google.ca;28545;1;0
Broadmoor.com-0073-2016Redesign;en-US;s0.2mdn.net;18013;1;0
Lakeplacidlodge.com-0105-2017Redesign;en-US;www.google.ca;28545;1;0
Sandpearl.com-0091-2016Redesign;en-US;duckduckgo.com;22481;1;0
Cphollywoodbeach.com-0032-2015Redesign;en-US;www.google.com;7805;1;0
Broadmoor.com-0073-2016Redesign;en-US;login.nomadix.com:1111;16724;1;0
Broadmoor.com-0073-2016Redesign;en-US;login.nomadix.com:1111;16724;1;0
Longboatkeyclub.com-0104-2017Redesign;en-US;www.google.co.uk;28316;1;0
Longboatkeyclub.com-0104-2017Redesign;en-US;www.google.co.uk;28316;1;0
Thelodgeatwoodloch.com-0033-2015Redesign;en-US;www.google.com;7764;1;0
wentworthcom00212014redesign;en-US;www.google.com;4274;1;0
Broadmoor.com-0073-2016Redesign;en-US;www.google.com;16721;1;0
Cocokeyorlando.com-0059-2015Redesign;en-US;www.bing.com;12396;1;0
Thelodgeatwoodloch.com-0033-2015Redesign;en-US;www.google.com;7764;1;0
Casaybelresort.com-0002-2014Redesign;en-US;www.google.com;1533;1;0
Broadmoor.com-0073-2016Redesign;en-US;login.nomadix.com:1111;16724;1;0
Broadmoor.com-0073-2016Redesign;en-US;login.nomadix.com:1111;16724;1;0
Chrco.com-0107-2017Redesign;en-US;www.google.com;29280;1;0
Broadmoor.com-0073-2016Redesign;en-US;r.search.yahoo.com;22720;1;0
Broadmoor.com-0073-2016Redesign;en-US;login.nomadix.com:1111;16724;1;0
Cphollywoodbeach.com-0032-2015Redesign;en-US;www.sunny.org;7831;1;0
Broadmoor.com-0073-2016Redesign;en-US;login.nomadix.com:1111;16724;1;0
Unionstationhotelnashville.com-0047-2015Redesign;en-US;www.google.com;32226;1;0
Lehotels.com-0049-2015Transfer;en-US;www.google.ie;12108;1;0
Theloganhotel.com-0043-2015Redesign;en-US;www.google.com;27561;1;0
Cphollywoodbeach.com-0032-2015Redesign;en-US;www.sunny.org;7831;1;0
Renaissancepittsburghpa.com-0044-2015Redesign;en-US;www.google.com;9637;1;0
Thelodgeatwoodloch.com-0033-2015Redesign;en-US;www.google.com;7764;1;0
Theoxfordhotel.com-0062-2015Redesign;en-US;den-80202-5400.localdomain:444;14325;1;0
Marriottkeylargo.com-0015-2014Redesign;en-US;www.bing.com;3948;1;0
Halcyonhotelcherrycreek.com-0061-2015Redesign;en-US;android-app:;23188;1;0
Cendyn.com-0095-2016Redesign;en-US;www.bing.com;26640;1;0
