Delraysandsresort.com-0097-2016Redesign;en-US;www.bing.com;27232;1;0
Delraysandsresort.com-0097-2016Redesign;en-US;www.bing.com;27232;1;0
Opalsands.com-0084-2016Redesign;en-US;www.google.se;20171;1;0
Opalsands.com-0084-2016Redesign;en-US;www.google.se;20171;1;0
Cphollywoodbeach.com-0032-2015Redesign;en-US;www.google.com;7831;1;0
Opalsands.com-0084-2016Redesign;en-US;www.beachtourism.com;20171;1;0
Cphollywoodbeach.com-0032-2015Redesign;en-US;www.sunny.org;7831;1;0
Marriottkeylargo.com-0015-2014Redesign;en-US;www.fla-keys.com;3948;1;0
Casaybelresort.com-0002-2014Redesign;en-US;surfinggator.com;1613;1;0
Longboatkeyclub.com-0104-2017Redesign;en-US;worldcam.eu;28317;1;0
Casaybelresort.com-0002-2014Redesign;en-US;kierunekfloryda.com;1613;1;0
Napavalleymarriott.com-0071-2016Redesign;en-US;l.facebook.com;16432;1;0
Marriottkeylargo.com-0015-2014Redesign;en-US;twooceansdigital.com;3948;1;0
Cphollywoodbeach.com-0032-2015Redesign;en-US;www.google.ca;7831;1;0
Cphollywoodbeach.com-0032-2015Redesign;en-US;www.sunny.org;7831;1;0
Sandpearl.com-0091-2016Redesign;en-US;www.google.as;22490;1;0
Cphollywoodbeach.com-0032-2015Redesign;en-US;www.sunny.org;7831;1;0
Cphollywoodbeach.com-0032-2015Redesign;en-US;www.sunny.org;7831;1;0
Montaukyachtclub.com-0010-2014Redesign;en-US;www.google.com;2461;1;0
Opalsands.com-0084-2016Redesign;en-US;www.google.se;20171;1;0
