Cocokeyorlando.com-0059-2015Redesign;en-US;0;12394;1;0
Broadmoor.com-0073-2016Redesign;en-US;16721;16790;1;0
Hospitalityupgrade.com-0093-2016Redesign;en-US;0;25405;1;0
Samosetresort.com-0113-2017Redesign;en-US;0;32541;1;0
Treasureislandbeachresort.com-0089-2016Redesign;en-US;22861;22230;1;0
Sandylane.com-0075-2016Redesign;en-US;17745;17611;1;0
Laxembassy.com-0008-2014Redesign;en-US;0;2037;1;0
Homewoodsuiteslax.com-0110-2017Redesign;en-US;30772;30756;1;0
Renaissancepittsburghpa.com-0044-2015Redesign;en-US;0;9637;1;0
Sandylane.com-0075-2016Redesign;en-US;18033;17611;1;0
Broadmoor.com-0073-2016Redesign;en-US;16790;25523;1;0
Homewoodsuiteslax.com-0110-2017Redesign;en-US;30756;30757;1;0
Homewoodsuiteslax.com-0110-2017Redesign;en-US;30757;30759;1;0
Homewoodsuiteslax.com-0110-2017Redesign;en-US;30759;30760;1;0
Homewoodsuiteslax.com-0110-2017Redesign;en-US;30760;30761;1;0
Oxfordclubspa.com-0068-2016Redesign;en-US;0;15568;1;0
Marriottkeylargo.com-0015-2014Redesign;en-US;3948;4050;1;0
Theharborsidehotel.com-0114-2017Redesign;en-US;37571;37572;1;0
Theoxfordhotel.com-0062-2015Redesign;en-US;0;14325;1;0
Homewoodsuiteslax.com-0110-2017Redesign;en-US;30761;30772;1;0
