Casaybelresort.com-0002-2014Redesign;en-US;www.google.com;1613;1;0
Sandpearl.com-0091-2016Redesign;en-US;freevpn.ninja;22481;1;0
Sandpearl.com-0091-2016Redesign;en-US;freevpn.ninja;22481;1;0
Lidobeachresort.com-0106-2017Redesign;en-US;www.google.com;28667;1;0
Casaybelresort.com-0002-2014Redesign;en-US;android-app:;1533;1;0
Broadmoor.com-0073-2016Redesign;en-US;m.facebook.com;18419;1;0
Abbingtonbanquets.com-0070-2016Redesign;en-US;search.yahoo.com;15789;1;0
Broadmoor.com-0073-2016Redesign;en-US;m.facebook.com;16790;1;0
Casaybelresort.com-0002-2014Redesign;en-US;www.google.com;1613;1;0
Casaybelresort.com-0002-2014Redesign;en-US;www.google.com;1613;1;0
Monarchbeachresort.com-0092-2016Redesign;en-US;www.google.ca;22725;1;0
Longboatkeyclub.com-0104-2017Redesign;en-US;www.google.com;28317;1;0
Galthouse.com-0042-2015Redesign;en-US;www.google.com;31905;1;0
Opalsands.com-0084-2016Redesign;en-US;www.clearwaterbeach.com;20171;1;0
Opalsands.com-0084-2016Redesign;en-US;www.clearwaterbeach.com;20171;1;0
Opalsands.com-0084-2016Redesign;en-US;www.beachtourism.com;20171;1;0
Sandpearl.com-0091-2016Redesign;en-US;www.clearwaterbeach.com;22481;1;0
Lidobeachresort.com-0106-2017Redesign;en-US;www.visitsarasota.com;28666;1;0
Lidobeachresort.com-0106-2017Redesign;en-US;www.visitsarasota.com;28666;1;0
Broadmoor.com-0073-2016Redesign;en-US;m.facebook.com;16790;1;0
Broadmoor.com-0073-2016Redesign;en-US;www.google.com;16753;1;0
Marriottkeylargo.com-0015-2014Redesign;en-US;www.google.com;3951;1;0
Galthouse.com-0042-2015Redesign;en-US;whois.domaintools.com;31905;1;0
Theoxfordhotel.com-0062-2015Redesign;en-US;den-80202-5400.localdomain:444;14325;1;0
Galthouse.com-0042-2015Redesign;en-US;whois.domaintools.com;31905;1;0
Broadmoor.com-0073-2016Redesign;en-US;www.google.com;16721;1;0
Broadmoor.com-0073-2016Redesign;en-US;www.google.hu;18125;1;0
Thesagamore.com-0112-2017Redesign;en-US;www.google.com;32339;1;0
Broadmoor.com-0073-2016Redesign;en-US;www.visitcos.com;18259;1;0
Casaybelresort.com-0002-2014Redesign;en-US;surfinggator.com;1613;1;0
Saddlebrookprep.com-0022-2014Transfer;en-US;www.google.com;5376;1;0
Thelodgeatwoodloch.com-0033-2015Redesign;en-US;www.poconomountains.com;7764;1;0
