Secretharbourvi.com-0040-2015Redesign;en-US;9231;20178;1;0
Casaybelresort.com-0002-2014Redesign;en-US;1736;1613;1;0
Cocokeyorlando.com-0059-2015Redesign;en-US;0;12394;1;0
Unionstationhotelnashville.com-0047-2015Redesign;en-US;24054;10385;1;0
Broadmoor.com-0073-2016Redesign;en-US;18782;21236;1;0
Broadmoor.com-0073-2016Redesign;en-US;16722;36058;1;0
Thelodgeatwoodloch.com-0033-2015Redesign;en-US;0;7771;1;0
Samosetresort.com-0113-2017Redesign;en-US;32541;35286;1;0
Oxfordclubspa.com-0068-2016Redesign;en-US;0;15568;1;0
Broadmoor.com-0073-2016Redesign;en-US;36058;16721;1;0
Monarchbeachresort.com-0092-2016Redesign;en-US;22725;23670;1;0
Glencovemansion.com-0058-2015Redesign;en-US;0;13328;1;0
Thelodgeatwoodloch.com-0033-2015Redesign;en-US;7764;8257;1;0
Monarchbeachresort.com-0092-2016Redesign;en-US;22978;22725;1;0
Sandylane.com-0075-2016Redesign;en-US;17611;17676;1;0
Broadmoor.com-0073-2016Redesign;en-US;21231;16721;1;0
Residenceinnlax.com-0026-2014Redesign;en-US;5492;5494;1;0
Hospitalityupgrade.com-0093-2016Redesign;en-US;0;25405;1;0
Sandylane.com-0075-2016Redesign;en-US;17676;17677;1;0
Sandylane.com-0075-2016Redesign;en-US;17677;17679;1;0
Cendyn.com-0095-2016Redesign;en-US;0;26640;1;0
Sandylane.com-0075-2016Redesign;en-US;17679;17680;1;0
