Broadmoor.com-0073-2016Redesign;en-US;tpc.googlesyndication.com;16728;1;0
Thesagamore.com-0112-2017Redesign;en-US;www.google.com;32339;1;0
Luxehotels.com-0078-2016Redesign;en-US;www.bing.com;18831;1;0
Cphollywoodbeach.com-0032-2015Redesign;en-US;www.sunny.org;7831;1;0
theweststreethotel.com-0115-2017Redesign;en-US;www.google.com;36683;1;0
wentworthcom00212014redesign;en-US;www.visitnewengland.com;26679;1;0
Thesagamore.com-0112-2017Redesign;en-US;www.cnn.com;32339;1;0
Monarchbeachresort.com-0092-2016Redesign;en-US;www.google.com;22725;1;0
Thesagamore.com-0112-2017Redesign;en-US;www.cnn.com;32339;1;0
Thelodgeatwoodloch.com-0033-2015Redesign;en-US;www.google.com;7764;1;0
Casaybelresort.com-0002-2014Redesign;en-US;r.search.yahoo.com;1533;1;0
Thesagamore.com-0112-2017Redesign;en-US;www.cnn.com;32339;1;0
Thesagamore.com-0112-2017Redesign;en-US;www.cnn.com;32339;1;0
Samosetresort.com-0113-2017Redesign;en-US;www.google.com;32541;1;0
Samosetresort.com-0113-2017Redesign;en-US;www.google.com;32541;1;0
Samosetresort.com-0113-2017Redesign;en-US;www.bing.com;32541;1;0
Samosetresort.com-0113-2017Redesign;en-US;www.bing.com;32541;1;0
Washingtondukeinn.com-0024-2014Redesign;en-US;www.google.com;4740;1;0
Cphollywoodbeach.com-0032-2015Redesign;en-US;www.google.com;7831;1;0
Miravalspamonarchbeach.com-0109-2017Redesign;en-US;www.monarchbeachresort.com;31709;1;0
Monarchbeachresort.com-0092-2016Redesign;en-US;www.google.com;22725;1;0
Broadmoor.com-0073-2016Redesign;en-US;login.nomadix.com:1111;16724;1;0
Broadmoor.com-0073-2016Redesign;en-US;login.nomadix.com:1111;16724;1;0
Thesagamore.com-0112-2017Redesign;en-US;www.cnn.com;32339;1;0
Thecrawfordhotel.com-0074-2016Redesign;en-US;www.google.com;17667;1;0
Thesagamore.com-0112-2017Redesign;en-US;www.cnn.com;32339;1;0
Galthouse.com-0042-2015Redesign;en-US;www.google.com;31905;1;0
Renaissancepittsburghpa.com-0044-2015Redesign;en-US;www.google.com;9637;1;0
Thesagamore.com-0112-2017Redesign;en-US;www.google.com;32339;1;0
Cocokeyorlando.com-0059-2015Redesign;en-US;res.windsurfercrs.com;12394;1;0
Thecurtis.com-0079-2016Redesign;en-US;www.google.com;18823;1;0
Montaukyachtclub.com-0010-2014Redesign;en-US;m.facebook.com;2240;1;0
Theharborsidehotel.com-0114-2017Redesign;en-US;www.google.com;37571;1;0
Sandpearl.com-0091-2016Redesign;en-US;android-app:;22481;1;0
Sandpearl.com-0091-2016Redesign;en-US;android-app:;22481;1;0
Sandpearl.com-0091-2016Redesign;en-US;captive.apple.com;22481;1;0
Sandpearl.com-0091-2016Redesign;en-US;captive.apple.com;22481;1;0
Broadmoor.com-0073-2016Redesign;en-US;www.google.com;16721;1;0
Luxehotels.com-0078-2016Redesign;en-US;www.google.com;18805;1;0
saddlebrook.com-0011-2014Redesign;en-US;www.google.de;3469;1;0
Thesagamore.com-0112-2017Redesign;en-US;www.cnn.com;32339;1;0
Lakeplacidlodge.com-0105-2017Redesign;en-US;www.thesagamore.com;28545;1;0
Thesagamore.com-0112-2017Redesign;en-US;www.cnn.com;32339;1;0
Lakeplacidlodge.com-0105-2017Redesign;en-US;www.thesagamore.com;28545;1;0
Hi-nyc.com-0108-2017Redesogm;en-US;www.google.co.uk;30080;1;0
Monarchbeachresort.com-0092-2016Redesign;en-US;www.google.com;22725;1;0
Thesagamore.com-0112-2017Redesign;en-US;search.yahoo.com;32339;1;0
Galthouse.com-0042-2015Redesign;en-US;www.google.com;31905;1;0
Zotabeachresort.com-0090-2016Redesign;en-US;www.google.com;22357;1;0
Zotabeachresort.com-0090-2016Redesign;en-US;www.google.com;22357;1;0
Luxehotels.com-0078-2016Redesign;en-US;www.google.com;18833;1;0
Thesagamore.com-0112-2017Redesign;en-US;www.google.com;32339;1;0
Thesagamore.com-0112-2017Redesign;en-US;www.google.com;32339;1;0
Broadmoor.com-0073-2016Redesign;en-US;login.nomadix.com:1111;16724;1;0
Broadmoor.com-0073-2016Redesign;en-US;login.nomadix.com:1111;16724;1;0
Thesagamore.com-0112-2017Redesign;en-US;www.google.com;32339;1;0
Jbdukehotel.com-0086-2016Redesign;en-US;www.google.com;21918;1;0
Thesagamore.com-0112-2017Redesign;en-US;www.google.com;32339;1;0
Zotabeachresort.com-0090-2016Redesign;en-US;www.opalcollection.com;22357;1;0
