Thesagamore.com-0112-2017Redesign;en-US;32339;33922;1;0
Amzak.com-0023-2014Redesign;en-US;7709;6722;1;0
Jupiterbeachresort.com-0103-2017Redesign;en-US;28158;28170;1;0
Broadmoor.com-0073-2016Redesign;en-US;16721;16722;1;0
Samosetresort.com-0113-2017Redesign;en-US;0;32541;1;0
Glencovemansion.com-0058-2015Redesign;en-US;32725;15514;1;0
Broadmoor.com-0073-2016Redesign;en-US;16753;16790;1;0
Cendyn.com-0095-2016Redesign;en-US;0;27813;1;0
saddlebrook.com-0011-2014Redesign;en-US;3497;3486;1;0
Thelodgeatwoodloch.com-0033-2015Redesign;en-US;9847;9852;1;0
Broadmoor.com-0073-2016Redesign;en-US;18259;17344;1;0
Broadmoor.com-0073-2016Redesign;en-US;16722;17445;1;0
Broadmoor.com-0073-2016Redesign;en-US;16721;16751;1;0
Jupiterbeachresort.com-0103-2017Redesign;en-US;28170;29245;1;0
Thelodgeatwoodloch.com-0033-2015Redesign;en-US;7764;7771;1;0
Casaybelresort.com-0002-2014Redesign;en-US;1627;1613;1;0
Broadmoor.com-0073-2016Redesign;en-US;27959;16731;1;0
Thesagamore.com-0112-2017Redesign;en-US;32339;32349;1;0
Broadmoor.com-0073-2016Redesign;en-US;0;17335;1;0
Broadmoor.com-0073-2016Redesign;en-US;18259;21230;1;0
Thesagamore.com-0112-2017Redesign;en-US;33472;32349;1;0
saddlebrook.com-0011-2014Redesign;en-US;3486;3497;1;0
Luxehotels.com-0078-2016Redesign;en-US;19336;18833;1;0
Broadmoor.com-0073-2016Redesign;en-US;16721;16766;1;0
Broadmoor.com-0073-2016Redesign;en-US;18259;21232;1;0
Lidobeachresort.com-0106-2017Redesign;en-US;29832;29833;1;0
Amzak.com-0023-2014Redesign;en-US;6722;15052;1;0
Napavalleymarriott.com-0071-2016Redesign;en-US;18279;16459;1;0
Thelodgeatwoodloch.com-0033-2015Redesign;en-US;7764;8278;1;0
Monarchbeachresort.com-0092-2016Redesign;en-US;22725;26800;1;0
Amzak.com-0023-2014Redesign;en-US;15052;15053;1;0
Thelodgeatwoodloch.com-0033-2015Redesign;en-US;0;9849;1;0
Thelodgeatwoodloch.com-0033-2015Redesign;en-US;7771;7783;1;0
Thesagamore.com-0112-2017Redesign;en-US;32349;33466;1;0
Thesagamore.com-0112-2017Redesign;en-US;33922;32352;1;0
Amzak.com-0023-2014Redesign;en-US;15053;3745;1;0
Casaybelresort.com-0002-2014Redesign;en-US;0;1613;1;0
Glencovemansion.com-0058-2015Redesign;en-US;15514;13329;1;0
Galthouse.com-0042-2015Redesign;en-US;31905;9789;1;0
Broadmoor.com-0073-2016Redesign;en-US;16751;18782;1;0
Broadmoor.com-0073-2016Redesign;en-US;16721;16738;1;0
Edgewaternaples.com-0094-2016Redesign;en-US;25239;25595;1;0
Opalsands.com-0084-2016Redesign;en-US;20171;40846;1;0
Lidobeachresort.com-0106-2017Redesign;en-US;29833;29832;1;0
Sandylane.com-0075-2016Redesign;en-US;18032;18036;1;0
Lidobeachresort.com-0106-2017Redesign;en-US;29832;29898;1;0
Thesagamore.com-0112-2017Redesign;en-US;32339;32346;1;0
Casaybelresort.com-0002-2014Redesign;en-US;1533;1613;1;0
Casaybelresort.com-0002-2014Redesign;en-US;1613;1607;1;0
Thelodgeatwoodloch.com-0033-2015Redesign;en-US;7771;7781;1;0
