Chrco.com-0107-2017Redesign;en-US;omoikiri-japan.ru;29280;1;0
Miravalspamonarchbeach.com-0109-2017Redesign;en-US;www.monarchbeachresort.com;31709;1;0
Thelodgeatwoodloch.com-0033-2015Redesign;en-US;dengi-v-kredit.in.ua;7764;1;0
Thelodgeatwoodloch.com-0033-2015Redesign;en-US;pipslee.com;7764;1;0
Thelodgeatwoodloch.com-0033-2015Redesign;en-US;teman.com.ua;7764;1;0
Thelodgeatwoodloch.com-0033-2015Redesign;en-US;termoshop.com.ua;7764;1;0
Unionstationhotelnashville.com-0047-2015Redesign;en-US;www.google.com;10836;1;0
Theloganhotel.com-0043-2015Redesign;en-US;www.bing.com;20218;1;0
saddlebrook.com-0011-2014Redesign;en-US;www.google.com;4538;1;0
Unionstationhotelnashville.com-0047-2015Redesign;en-US;www.google.com;32226;1;0
Cphollywoodbeach.com-0032-2015Redesign;en-US;www.sunny.org;7831;1;0
Theoxfordhotel.com-0062-2015Redesign;en-US;dengi-v-kredit.in.ua;14325;1;0
Theoxfordhotel.com-0062-2015Redesign;en-US;teman.com.ua;14325;1;0
Theoxfordhotel.com-0062-2015Redesign;en-US;pipslee.com;14325;1;0
Theoxfordhotel.com-0062-2015Redesign;en-US;termoshop.com.ua;14325;1;0
Casaybelresort.com-0002-2014Redesign;en-US;www.google.com;1533;1;0
Marriottkeylargo.com-0015-2014Redesign;en-US;www.beachcamsusa.com;3948;1;0
Marriottkeylargo.com-0015-2014Redesign;en-US;www.beachcamsusa.com;3964;1;0
Miravalspamonarchbeach.com-0109-2017Redesign;en-US;www.monarchbeachresort.com;31709;1;0
Edgewaternaples.com-0094-2016Redesign;en-US;s0.2mdn.net;25239;1;0
Thelodgeatwoodloch.com-0033-2015Redesign;en-US;www.google.com;7764;1;0
Broadmoor.com-0073-2016Redesign;en-US;www.visitcos.com;18259;1;0
Meateatery.com-0080-2016Redesign;en-US;klumba55.ru;18505;1;0
Meateatery.com-0080-2016Redesign;en-US;klumba55.ru;18505;1;0
Meateatery.com-0080-2016Redesign;en-US;klumba55.ru;18505;1;0
Marriottkeylargo.com-0015-2014Redesign;en-US;www.floridakeyswebcams.tv;3948;1;0
Broadmoor.com-0073-2016Redesign;en-US;www.visitcos.com;16721;1;0
Broadmoor.com-0073-2016Redesign;en-US;www.google.com;18259;1;0
Cphollywoodbeach.com-0032-2015Redesign;en-US;www.google.com;7831;1;0
Broadmoor.com-0073-2016Redesign;en-US;www.google.com;18014;1;0
Cocokeyorlando.com-0059-2015Redesign;en-US;www.google.com;12410;1;0
Thesagamore.com-0112-2017Redesign;en-US;teman.com.ua;32339;1;0
Thesagamore.com-0112-2017Redesign;en-US;dengi-v-kredit.in.ua;32339;1;0
Thesagamore.com-0112-2017Redesign;en-US;pipslee.com;32339;1;0
Thesagamore.com-0112-2017Redesign;en-US;termoshop.com.ua;32339;1;0
Cocokeyorlando.com-0059-2015Redesign;en-US;www.google.com;12415;1;0
Cphollywoodbeach.com-0032-2015Redesign;en-US;www.sunny.org;7831;1;0
Broadmoor.com-0073-2016Redesign;en-US;tpc.googlesyndication.com;16728;1;0
Miravalspamonarchbeach.com-0109-2017Redesign;en-US;www.monarchbeachresort.com;31709;1;0
Montaukyachtclub.com-0010-2014Redesign;en-US;m.facebook.com;2240;1;0
