Thesagamore.com-0112-2017Redesign;en-US;32346;32389;1;0
Thesagamore.com-0112-2017Redesign;en-US;32339;32346;1;0
Luxehotels.com-0078-2016Redesign;en-US;18943;19366;1;0
Thelodgeatwoodloch.com-0033-2015Redesign;en-US;8254;9847;1;0
wentworthcom00212014redesign;en-US;4245;4306;1;0
Washingtondukeinn.com-0024-2014Redesign;en-US;4524;4997;1;0
Washingtondukeinn.com-0024-2014Redesign;en-US;4737;5495;1;0
Thesagamore.com-0112-2017Redesign;en-US;33449;33447;1;0
Casaybelresort.com-0002-2014Redesign;en-US;1606;1608;1;0
Thecurtis.com-0079-2016Redesign;en-US;17981;18015;1;0
Monarchbeachresort.com-0092-2016Redesign;en-US;22725;23469;1;0
Thelodgeatwoodloch.com-0033-2015Redesign;en-US;7764;7783;1;0
Broadmoor.com-0073-2016Redesign;en-US;16751;16760;1;0
Renaissancepittsburghpa.com-0044-2015Redesign;en-US;0;9637;1;0
Luxehotels.com-0078-2016Redesign;en-US;18830;27358;1;0
Samosetresort.com-0113-2017Redesign;en-US;0;32541;1;0
Zotabeachresort.com-0090-2016Redesign;en-US;22357;23062;1;0
Thecurtis.com-0079-2016Redesign;en-US;0;17981;1;0
Thelodgeatwoodloch.com-0033-2015Redesign;en-US;9922;9932;1;0
Thesagamore.com-0112-2017Redesign;en-US;32389;33537;1;0
Broadmoor.com-0073-2016Redesign;en-US;16721;16755;1;0
Cocokeyorlando.com-0059-2015Redesign;en-US;0;12394;1;0
Theharborsidehotel.com-0114-2017Redesign;en-US;37981;37941;1;0
Thesagamore.com-0112-2017Redesign;en-US;32346;32387;1;0
Thesagamore.com-0112-2017Redesign;en-US;32339;33473;1;0
Broadmoor.com-0073-2016Redesign;en-US;16721;21231;1;0
Zotabeachresort.com-0090-2016Redesign;en-US;23062;22364;1;0
saddlebrook.com-0011-2014Redesign;en-US;3385;3482;1;0
Washingtondukeinn.com-0024-2014Redesign;en-US;4997;4998;1;0
Broadmoor.com-0073-2016Redesign;en-US;21231;16721;1;0
Cphollywoodbeach.com-0032-2015Redesign;en-US;0;7831;1;0
Luxehotels.com-0078-2016Redesign;en-US;27358;18805;1;0
Thesagamore.com-0112-2017Redesign;en-US;32339;33457;1;0
Zotabeachresort.com-0090-2016Redesign;en-US;22364;22407;1;0
Thelodgeatwoodloch.com-0033-2015Redesign;en-US;0;9526;1;0
Longboatkeyclub.com-0104-2017Redesign;en-US;28316;35641;1;0
Edgewaternaples.com-0094-2016Redesign;en-US;25239;25311;1;0
Thelodgeatwoodloch.com-0033-2015Redesign;en-US;9847;9850;1;0
saddlebrook.com-0011-2014Redesign;en-US;3385;3479;1;0
Broadmoor.com-0073-2016Redesign;en-US;0;16731;1;0
Longboatkeyclub.com-0104-2017Redesign;en-US;28316;35641;1;0
Broadmoor.com-0073-2016Redesign;en-US;0;16756;1;0
Zotabeachresort.com-0090-2016Redesign;en-US;22407;24777;1;0
Courtyardportlandcitycenter.com-0063-2015Redesign;en-US;14557;14558;1;0
Casaybelresort.com-0002-2014Redesign;en-US;1613;1603;1;0
Thesagamore.com-0112-2017Redesign;en-US;33447;33462;1;0
Broadmoor.com-0073-2016Redesign;en-US;16798;16758;1;0
Luxehotels.com-0078-2016Redesign;en-US;19298;19291;1;0
Theloganhotel.com-0043-2015Redesign;en-US;9124;27557;1;0
Washingtondukeinn.com-0024-2014Redesign;en-US;0;4579;1;0
Longboatkeyclub.com-0104-2017Redesign;en-US;28316;35641;1;0
Broadmoor.com-0073-2016Redesign;en-US;16764;16761;1;0
Casaybelresort.com-0002-2014Redesign;en-US;1613;1604;1;0
Broadmoor.com-0073-2016Redesign;en-US;0;16728;1;0
Casaybelresort.com-0002-2014Redesign;en-US;1603;1613;1;0
Casaybelresort.com-0002-2014Redesign;en-US;1627;1613;1;0
Casaybelresort.com-0002-2014Redesign;en-US;1533;1613;1;0
Broadmoor.com-0073-2016Redesign;en-US;16724;16777;1;0
Luxehotels.com-0078-2016Redesign;en-US;19291;19628;1;0
Thecurtis.com-0079-2016Redesign;en-US;18015;19391;1;0
