Longboatkeyclub.com-0104-2017Redesign;en-US;worldcam.eu;28317;1;0
Cphollywoodbeach.com-0032-2015Redesign;en-US;www.sunny.org;7831;1;0
Cphollywoodbeach.com-0032-2015Redesign;en-US;www.google.com;7831;1;0
Galthouse.com-0042-2015Redesign;en-US;m.facebook.com;31905;1;0
Galthouse.com-0042-2015Redesign;en-US;m.facebook.com;31905;1;0
Cphollywoodbeach.com-0032-2015Redesign;en-US;www.google.com;7831;1;0
saddlebrook.com-0011-2014Redesign;en-US;de.search.yahoo.com;3385;1;0
theweststreethotel.com-0115-2017Redesign;en-US;themainemag.com;37486;1;0
Cphollywoodbeach.com-0032-2015Redesign;en-US;www.sunny.org;7831;1;0
Marriottkeylargo.com-0015-2014Redesign;en-US;www.beachcamsusa.com;3948;1;0
Marriottkeylargo.com-0015-2014Redesign;en-US;www.beachcamsusa.com;3964;1;0
Cphollywoodbeach.com-0032-2015Redesign;en-US;www.sunny.org;7831;1;0
Marriottkeylargo.com-0015-2014Redesign;en-US;surfinggator.com;3948;1;0
Marriottkeylargo.com-0015-2014Redesign;en-US;www.google.com;3964;1;0
Cphollywoodbeach.com-0032-2015Redesign;en-US;www.sunny.org;7831;1;0
Cphollywoodbeach.com-0032-2015Redesign;en-US;www.google.de;7831;1;0
Edgewaternaples.com-0094-2016Redesign;en-US;www.google.com;25239;1;0
Edgewaternaples.com-0094-2016Redesign;en-US;www.google.com;25239;1;0
Cphollywoodbeach.com-0032-2015Redesign;en-US;www.sunny.org;7831;1;0
Cphollywoodbeach.com-0032-2015Redesign;en-US;www.sunny.org;7831;1;0
Cphollywoodbeach.com-0032-2015Redesign;en-US;www.google.ca;7831;1;0
Cphollywoodbeach.com-0032-2015Redesign;en-US;www.sunny.org;7831;1;0
Marriottkeylargo.com-0015-2014Redesign;en-US;www.beachcamsusa.com;3948;1;0
Marriottkeylargo.com-0015-2014Redesign;en-US;www.beachcamsusa.com;3964;1;0
Marriottkeylargo.com-0015-2014Redesign;en-US;www.google.com;3948;1;0
Casaybelresort.com-0002-2014Redesign;en-US;surfinggator.com;1613;1;0
Newyorkpalacemeetings.com-0045-2015Redesign;en-US;taraz.xkaz.org;9207;1;0
Cphollywoodbeach.com-0032-2015Redesign;en-US;www.sunny.org;7831;1;0
Newyorkpalacemeetings.com-0045-2015Redesign;en-US;taraz.xkaz.org;9207;1;0
Newyorkpalacemeetings.com-0045-2015Redesign;en-US;taraz.xkaz.org;9207;1;0
Cphollywoodbeach.com-0032-2015Redesign;en-US;www.sunny.org;7831;1;0
Theharborsidehotel.com-0114-2017Redesign;en-US;search.yahoo.com;37571;1;0
Cphollywoodbeach.com-0032-2015Redesign;en-US;www.google.com;7831;1;0
Cphollywoodbeach.com-0032-2015Redesign;en-US;www.google.com;7831;1;0
Cphollywoodbeach.com-0032-2015Redesign;en-US;www.webcamplaza.net;7831;1;0
Marriottkeylargo.com-0015-2014Redesign;en-US;surfinggator.com;3948;1;0
Cphollywoodbeach.com-0032-2015Redesign;en-US;www.sunny.org;7831;1;0
Cphollywoodbeach.com-0032-2015Redesign;en-US;www.sunny.org;7831;1;0
Marriottkeylargo.com-0015-2014Redesign;en-US;surfinggator.com;3964;1;0
Casaybelresort.com-0002-2014Redesign;en-US;www.google.se;1533;1;0
