Theharborsidehotel.com-0114-2017Redesign;en-US;teman.com.ua;37571;1;0
Broadmoor.com-0073-2016Redesign;en-US;www.google.com;17699;1;0
Casaybelresort.com-0002-2014Redesign;en-US;www.google.com;1613;1;0
Cphollywoodbeach.com-0032-2015Redesign;en-US;www.sunny.org;7831;1;0
Broadmoor.com-0073-2016Redesign;en-US;www.google.com;18259;1;0
Cphollywoodbeach.com-0032-2015Redesign;en-US;www.sunny.org;7831;1;0
Thesagamore.com-0112-2017Redesign;en-US;www.google.com;32339;1;0
Thesagamore.com-0112-2017Redesign;en-US;www.google.com;32339;1;0
Cphollywoodbeach.com-0032-2015Redesign;en-US;www.sunny.org;7831;1;0
Casaybelresort.com-0002-2014Redesign;en-US;www.google.com;1613;1;0
Montaukyachtclub.com-0010-2014Redesign;en-US;www.google.com;2240;1;0
Cphollywoodbeach.com-0032-2015Redesign;en-US;www.beachcamsusa.com;7831;1;0
Cphollywoodbeach.com-0032-2015Redesign;en-US;www.google.com;7831;1;0
Sandylane.com-0075-2016Redesign;en-US;www.google.com;17714;1;0
Broadmoor.com-0073-2016Redesign;en-US;login.nomadix.com:1111;16724;1;0
Saddlebrookprep.com-0022-2014Transfer;en-US;www.google.fr;5890;1;0
Broadmoor.com-0073-2016Redesign;en-US;login.nomadix.com:1111;16724;1;0
Cphollywoodbeach.com-0032-2015Redesign;en-US;www.google.com;7862;1;0
Casaybelresort.com-0002-2014Redesign;en-US;board.bestofsanibelcaptiva.com;1613;1;0
Hospitalityupgrade.com-0093-2016Redesign;en-US;www.google.com.ph;37631;1;0
Jbdukehotel.com-0086-2016Redesign;en-US;www.google.com;21918;1;0
Hi-nyc.com-0108-2017Redesogm;en-US;www.google.com;30080;1;0
Lidobeachresort.com-0106-2017Redesign;en-US;www.google.com;28667;1;0
Thesagamore.com-0112-2017Redesign;en-US;www.google.ca;32339;1;0
Thesagamore.com-0112-2017Redesign;en-US;www.google.ca;32339;1;0
Hospitalityupgrade.com-0093-2016Redesign;en-US;www.google.com.ph;37631;1;0
Theharborsidehotel.com-0114-2017Redesign;en-US;www.bing.com;37571;1;0
Cphollywoodbeach.com-0032-2015Redesign;en-US;www.google.com;7831;1;0
Longboatkeyclub.com-0104-2017Redesign;en-US;www.google.com;28317;1;0
Hospitalityupgrade.com-0093-2016Redesign;en-US;www.google.com.ph;37631;1;0
Hospitalityupgrade.com-0093-2016Redesign;en-US;www.google.com.ph;37631;1;0
Broadmoor.com-0073-2016Redesign;en-US;www.google.com;16721;1;0
Broadmoor.com-0073-2016Redesign;en-US;m.facebook.com;16759;1;0
Broadmoor.com-0073-2016Redesign;en-US;www.google.com;18259;1;0
saddlebrook.com-0011-2014Redesign;en-US;www.google.com;3385;1;0
Marriottkeylargo.com-0015-2014Redesign;en-US;surfinggator.com;3948;1;0
Thelodgeatwoodloch.com-0033-2015Redesign;en-US;www.fodors.com;7764;1;0
Minnetonkamarriott.com-0039-2015Redesign;en-US;www.google.com;8817;1;0
Sandpearl.com-0091-2016Redesign;en-US;www.google.com;22481;1;0
Sandpearl.com-0091-2016Redesign;en-US;www.google.com;22481;1;0
Renaissancepittsburghpa.com-0044-2015Redesign;en-US;www.google.com;9680;1;0
Unionstationhotelnashville.com-0047-2015Redesign;en-US;www.google.com;32226;1;0
Monarchbeachresort.com-0092-2016Redesign;en-US;www.bing.com;26178;1;0
Thelodgeatwoodloch.com-0033-2015Redesign;en-US;www.google.com;7764;1;0
Cphollywoodbeach.com-0032-2015Redesign;en-US;www.sunny.org;7831;1;0
Opalsands.com-0084-2016Redesign;en-US;www.google.com;20171;1;0
Opalsands.com-0084-2016Redesign;en-US;www.google.com;20171;1;0
Renaissancepittsburghpa.com-0044-2015Redesign;en-US;www.google.com;9637;1;0
Cphollywoodbeach.com-0032-2015Redesign;en-US;www.sunny.org;7831;1;0
Thesagamore.com-0112-2017Redesign;en-US;www.google.ca;32339;1;0
Thesagamore.com-0112-2017Redesign;en-US;www.google.ca;32339;1;0
Broadmoor.com-0073-2016Redesign;en-US;login.nomadix.com:1111;16724;1;0
Broadmoor.com-0073-2016Redesign;en-US;login.nomadix.com:1111;16724;1;0
Broadmoor.com-0073-2016Redesign;en-US;www.google.com;21232;1;0
Casaybelresort.com-0002-2014Redesign;en-US;surfinggator.com;1613;1;0
Marriottkeylargo.com-0015-2014Redesign;en-US;www.beachcamsusa.com;3948;1;0
Marriottkeylargo.com-0015-2014Redesign;en-US;www.beachcamsusa.com;3964;1;0
Broadmoor.com-0073-2016Redesign;en-US;m.facebook.com;16759;1;0
Casaybelresort.com-0002-2014Redesign;en-US;surfinggator.com;1613;1;0
Cphollywoodbeach.com-0032-2015Redesign;en-US;www.google.com;7831;1;0
