Lehotels.com-0049-2015Transfer;en-US;16817;12141;1;0
Broadmoor.com-0073-2016Redesign;en-US;20440;17269;1;0
Broadmoor.com-0073-2016Redesign;en-US;16721;16777;1;0
Cphollywoodbeach.com-0032-2015Redesign;en-US;7805;7815;1;0
Lehotels.com-0049-2015Transfer;en-US;12141;12108;1;0
Lehotels.com-0049-2015Transfer;en-US;0;25889;1;0
Cocokeyorlando.com-0059-2015Redesign;en-US;0;12394;1;0
Cocokeyorlando.com-0059-2015Redesign;en-US;12488;12404;1;0
Lehotels.com-0049-2015Transfer;en-US;0;13822;1;0
Edgewaternaples.com-0094-2016Redesign;en-US;25239;32090;1;0
Thesagamore.com-0112-2017Redesign;en-US;33922;33931;1;0
Opalsands.com-0084-2016Redesign;en-US;20792;28082;1;0
Washingtondukeinn.com-0024-2014Redesign;en-US;4738;4740;1;0
Lehotels.com-0049-2015Transfer;en-US;0;26823;1;0
Broadmoor.com-0073-2016Redesign;en-US;17269;17333;1;0
Amzak.com-0023-2014Redesign;en-US;7709;3739;1;0
Monarchbeachresort.com-0092-2016Redesign;en-US;0;23644;1;0
Galthouse.com-0042-2015Redesign;en-US;0;10570;1;0
Renaissancepittsburghpa.com-0044-2015Redesign;en-US;0;10072;1;0
Samosetresort.com-0113-2017Redesign;en-US;35128;35129;1;0
Sandylane.com-0075-2016Redesign;en-US;17682;17739;1;0
Samosetresort.com-0113-2017Redesign;en-US;32541;35151;1;0
Lehotels.com-0049-2015Transfer;en-US;0;13605;1;0
Monarchbeachresort.com-0092-2016Redesign;en-US;0;41732;1;0
Cocokeyorlando.com-0059-2015Redesign;en-US;12404;12488;1;0
Amzak.com-0023-2014Redesign;en-US;15051;7709;1;0
Sandylane.com-0075-2016Redesign;en-US;17739;19747;1;0
Galthouse.com-0042-2015Redesign;en-US;10570;10055;1;0
Lehotels.com-0049-2015Transfer;en-US;0;12914;1;0
Broadmoor.com-0073-2016Redesign;en-US;17465;18013;1;0
Thesagamore.com-0112-2017Redesign;en-US;33921;33922;1;0
Cocokeyorlando.com-0059-2015Redesign;en-US;12488;12396;1;0
Galthouse.com-0042-2015Redesign;en-US;10055;31905;1;0
Lehotels.com-0049-2015Transfer;en-US;0;12259;1;0
Thelodgeatwoodloch.com-0033-2015Redesign;en-US;11307;9801;1;0
Laxembassy.com-0008-2014Redesign;en-US;2083;2171;1;0
Samosetresort.com-0113-2017Redesign;en-US;0;32541;1;0
Washingtondukeinn.com-0024-2014Redesign;en-US;4740;4738;1;0
Cendyn.com-0095-2016Redesign;en-US;26857;26860;1;0
Broadmoor.com-0073-2016Redesign;en-US;21233;18782;1;0
Thesagamore.com-0112-2017Redesign;en-US;33931;32351;1;0
Casaybelresort.com-0002-2014Redesign;en-US;1613;1608;1;0
Washingtondukeinn.com-0024-2014Redesign;en-US;4524;4732;1;0
Washingtondukeinn.com-0024-2014Redesign;en-US;4738;4524;1;0
Laxembassy.com-0008-2014Redesign;en-US;2171;2077;1;0
Lehotels.com-0049-2015Transfer;en-US;0;32714;1;0
Monarchbeachresort.com-0092-2016Redesign;en-US;0;23040;1;0
Thelodgeatwoodloch.com-0033-2015Redesign;en-US;7764;7782;1;0
Washingtoncourthotel.com-0076-2016Redesign;en-US;0;17858;1;0
Oxfordclubspa.com-0068-2016Redesign;en-US;15568;15588;1;0
Oxfordclubspa.com-0068-2016Redesign;en-US;15588;15568;1;0
Samosetresort.com-0113-2017Redesign;en-US;35287;32541;1;0
Lehotels.com-0049-2015Transfer;en-US;0;12949;1;0
Lidobeachresort.com-0106-2017Redesign;en-US;28666;28716;1;0
Jupiterbeachresort.com-0103-2017Redesign;en-US;28158;29245;1;0
Sandpearl.com-0091-2016Redesign;en-US;22481;22530;1;0
Delraysandsresort.com-0097-2016Redesign;en-US;27232;27280;1;0
Delraysandsresort.com-0097-2016Redesign;en-US;27280;27239;1;0
Jbdukehotel.com-0086-2016Redesign;en-US;0;21921;1;0
Glencovemansion.com-0058-2015Redesign;en-US;13328;13334;1;0
Lehotels.com-0049-2015Transfer;en-US;0;13211;1;0
Monarchbeachresort.com-0092-2016Redesign;en-US;0;22998;1;0
Cocokeyorlando.com-0059-2015Redesign;en-US;12396;12407;1;0
Lakeplacidlodge.com-0105-2017Redesign;en-US;32804;32795;1;0
Jbdukehotel.com-0086-2016Redesign;en-US;0;21923;1;0
Unionstationhotelnashville.com-0047-2015Redesign;en-US;24058;24054;1;0
Glencovemansion.com-0058-2015Redesign;en-US;13334;13371;1;0
Sandylane.com-0075-2016Redesign;en-US;0;17611;1;0
Lehotels.com-0049-2015Transfer;en-US;0;13825;1;0
Oxfordclubspa.com-0068-2016Redesign;en-US;15568;15600;1;0
Secretharbourvi.com-0040-2015Redesign;en-US;9231;20178;1;0
Amzak.com-0023-2014Redesign;en-US;7709;4213;1;0
Oxfordclubspa.com-0068-2016Redesign;en-US;15600;15568;1;0
Laxembassy.com-0008-2014Redesign;en-US;2037;2083;1;0
Jbdukehotel.com-0086-2016Redesign;en-US;0;21922;1;0
Washingtondukeinn.com-0024-2014Redesign;en-US;4738;4524;1;0
Edgewaternaples.com-0094-2016Redesign;en-US;25246;25256;1;0
Glencovemansion.com-0058-2015Redesign;en-US;13371;41649;1;0
Sandylane.com-0075-2016Redesign;en-US;19747;17739;1;0
Jbdukehotel.com-0086-2016Redesign;en-US;0;21925;1;0
Cocokeyorlando.com-0059-2015Redesign;en-US;12407;12396;1;0
Unionstationhotelnashville.com-0047-2015Redesign;en-US;24054;24058;1;0
Thelodgeatwoodloch.com-0033-2015Redesign;en-US;7764;9932;1;0
Sandpearl.com-0091-2016Redesign;en-US;22530;40726;1;0
Lehotels.com-0049-2015Transfer;en-US;0;20405;1;0
Unionstationhotelnashville.com-0047-2015Redesign;en-US;24058;24054;1;0
Lakeplacidlodge.com-0105-2017Redesign;en-US;32795;32804;1;0
