Broadmoor.com-0073-2016Redesign;en-US;login.nomadix.com:1111;16724;1;0
Thesagamore.com-0112-2017Redesign;en-US;search.twcc.com;32392;1;0
Thecurtis.com-0079-2016Redesign;en-US;www.google.com;17981;1;0
Broadmoor.com-0073-2016Redesign;en-US;login.nomadix.com:1111;16724;1;0
Broadmoor.com-0073-2016Redesign;en-US;www.bing.com;16769;1;0
Cphollywoodbeach.com-0032-2015Redesign;en-US;www.beachcamsusa.com;7831;1;0
Broadmoor.com-0073-2016Redesign;en-US;www.google.com;17699;1;0
Broadmoor.com-0073-2016Redesign;en-US;www.bing.com;16769;1;0
Cphollywoodbeach.com-0032-2015Redesign;en-US;www.google.com;7831;1;0
Sandpearl.com-0091-2016Redesign;en-US;www.google.com;22481;1;0
Longboatkeyclub.com-0104-2017Redesign;en-US;www.google.com;28364;1;0
Longboatkeyclub.com-0104-2017Redesign;en-US;www.google.com;28364;1;0
Treasureislandbeachresort.com-0089-2016Redesign;en-US;www.google.com.gh;22861;1;0
Monarchbeachresort.com-0092-2016Redesign;en-US;www.google.com;22992;1;0
Monarchbeachresort.com-0092-2016Redesign;en-US;www.google.com;22725;1;0
Opalsands.com-0084-2016Redesign;en-US;www.beachtourism.com;20171;1;0
Samosetresort.com-0113-2017Redesign;en-US;www.google.com;32541;1;0
Opalsands.com-0084-2016Redesign;en-US;www.beachtourism.com;20171;1;0
Longboatkeyclub.com-0104-2017Redesign;en-US;worldcam.eu;28317;1;0
wentworthcom00212014redesign;en-US;www.google.com;4250;1;0
Jbdukehotel.com-0086-2016Redesign;en-US;www.osnova3.ru;21918;1;0
Broadmoor.com-0073-2016Redesign;en-US;m.facebook.com;18010;1;0
Sandpearl.com-0091-2016Redesign;en-US;www.bing.com;22481;1;0
Monarchbeachresort.com-0092-2016Redesign;en-US;www.google.com;22725;1;0
Montaukyachtclub.com-0010-2014Redesign;en-US;staceyandbryan.com;2240;1;0
Broadmoor.com-0073-2016Redesign;en-US;login.nomadix.com:1111;16724;1;0
Thesagamore.com-0112-2017Redesign;en-US;www.google.ca;32339;1;0
Broadmoor.com-0073-2016Redesign;en-US;tpc.googlesyndication.com;16728;1;0
Broadmoor.com-0073-2016Redesign;en-US;www.bing.com;16721;1;0
Broadmoor.com-0073-2016Redesign;en-US;www.google.com;18782;1;0
Broadmoor.com-0073-2016Redesign;en-US;login.nomadix.com:1111;16724;1;0
Longboatkeyclub.com-0104-2017Redesign;en-US;www.google.com;28317;1;0
Montaukyachtclub.com-0010-2014Redesign;en-US;www.google.com;2240;1;0
Galthouse.com-0042-2015Redesign;en-US;www.google.com;31905;1;0
Jupiterbeachresort.com-0103-2017Redesign;en-US;www.google.com;28158;1;0
Jupiterbeachresort.com-0103-2017Redesign;en-US;www.google.com;28158;1;0
Galthouse.com-0042-2015Redesign;en-US;www.google.com;31905;1;0
Cphollywoodbeach.com-0032-2015Redesign;en-US;www.sunny.org;7831;1;0
Lidobeachresort.com-0106-2017Redesign;en-US;www.google.com;28666;1;0
Longboatkeyclub.com-0104-2017Redesign;en-US;www.google.com;28317;1;0
Lidobeachresort.com-0106-2017Redesign;en-US;www.google.com;28666;1;0
Thelodgeatwoodloch.com-0033-2015Redesign;en-US;www.google.com;8269;1;0
Broadmoor.com-0073-2016Redesign;en-US;www.google.com;18259;1;0
Washingtoncourthotel.com-0076-2016Redesign;en-US;www.google.com;17858;1;0
Secretharbourvi.com-0040-2015Redesign;en-US;www.google.com;9231;1;0
Cphollywoodbeach.com-0032-2015Redesign;en-US;www.google.com;7831;1;0
Cphollywoodbeach.com-0032-2015Redesign;en-US;www.sunny.org;7831;1;0
Hospitalityupgrade.com-0093-2016Redesign;en-US;www.google.co.uk;37631;1;0
Galthouse.com-0042-2015Redesign;en-US;www.google.com;31905;1;0
Cocokeyorlando.com-0059-2015Redesign;en-US;www.google.co.uk;12394;1;0
Galthouse.com-0042-2015Redesign;en-US;www.google.com;31905;1;0
Cphollywoodbeach.com-0032-2015Redesign;en-US;www.sunny.org;7831;1;0
Galthouse.com-0042-2015Redesign;en-US;www.kentuckytourism.com;31905;1;0
Longboatkeyclub.com-0104-2017Redesign;en-US;www.google.com;29844;1;0
Theharborsidehotel.com-0114-2017Redesign;en-US;www.google.com;37571;1;0
Theharborsidehotel.com-0114-2017Redesign;en-US;www.google.com;37571;1;0
Longboatkeyclub.com-0104-2017Redesign;en-US;www.google.com;28364;1;0
Theharborsidehotel.com-0114-2017Redesign;en-US;www.google.com;37571;1;0
Thelodgeatwoodloch.com-0033-2015Redesign;en-US;www.google.com;7764;1;0
Thecrawfordhotel.com-0074-2016Redesign;en-US;www.google.ca;17145;1;0
Broadmoor.com-0073-2016Redesign;en-US;tpc.googlesyndication.com;16728;1;0
Courtyardportlandcitycenter.com-0063-2015Redesign;en-US;www.google.com;14545;1;0
Cphollywoodbeach.com-0032-2015Redesign;en-US;www.sunny.org;7831;1;0
Longboatkeyclub.com-0104-2017Redesign;en-US;www.baysider.com;35641;1;0
Broadmoor.com-0073-2016Redesign;en-US;www.google.com;16761;1;0
Broadmoor.com-0073-2016Redesign;en-US;tpc.googlesyndication.com;16728;1;0
Casaybelresort.com-0002-2014Redesign;en-US;www.google.com;1613;1;0
Springhillsuitesdenver.com-0060-2015Redesign;en-US;www.google.com;12474;1;0
Longboatkeyclub.com-0104-2017Redesign;en-US;www.google.com;28316;1;0
Thelodgeatwoodloch.com-0033-2015Redesign;en-US;www.google.com;8257;1;0
Treasureislandbeachresort.com-0089-2016Redesign;en-US;www.google.com;22169;1;0
Broadmoor.com-0073-2016Redesign;en-US;m.facebook.com;16790;1;0
wentworthcom00212014redesign;en-US;www.google.com;4328;1;0
Unionstationhotelnashville.com-0047-2015Redesign;en-US;jewishobservernashville.org;32226;1;0
