Theharborsidehotel.com-0114-2017Redesign;en-US;dobranich.com;37571;1;0
Theloganhotel.com-0043-2015Redesign;en-US;www.google.com;20218;1;0
Broadmoor.com-0073-2016Redesign;en-US;www.google.com;16790;1;0
Cphollywoodbeach.com-0032-2015Redesign;en-US;lenandalexa.minted.us;7805;1;0
Galthouse.com-0042-2015Redesign;en-US;m.facebook.com;31905;1;0
Galthouse.com-0042-2015Redesign;en-US;m.facebook.com;31905;1;0
Degreerestaurant.com-0056-2015Redesign;en-US;emerson-rus.ru;11598;1;0
Degreerestaurant.com-0056-2015Redesign;en-US;emerson-rus.ru;11598;1;0
Broadmoor.com-0073-2016Redesign;en-US;login.nomadix.com:1111;16724;1;0
Broadmoor.com-0073-2016Redesign;en-US;login.nomadix.com:1111;16724;1;0
Thesagamore.com-0112-2017Redesign;en-US;www.google.com;32339;1;0
saddlebrook.com-0011-2014Redesign;en-US;www.google.com;4538;1;0
Galthouse.com-0042-2015Redesign;en-US;www.google.com;10564;1;0
Broadmoor.com-0073-2016Redesign;en-US;www.google.com;16793;1;0
Washingtoncourthotel.com-0076-2016Redesign;en-US;www.nacep.org;17858;1;0
Cocokeyorlando.com-0059-2015Redesign;en-US;www.google.com.ph;12394;1;0
Thesagamore.com-0112-2017Redesign;en-US;www.google.com;33541;1;0
Sandpearl.com-0091-2016Redesign;en-US;www.google.com;22481;1;0
Broadmoor.com-0073-2016Redesign;en-US;login.nomadix.com:1111;16724;1;0
Galthouse.com-0042-2015Redesign;en-US;m.facebook.com;31905;1;0
Broadmoor.com-0073-2016Redesign;en-US;www.bing.com;16738;1;0
Broadmoor.com-0073-2016Redesign;en-US;login.nomadix.com:1111;16724;1;0
Napavalleymarriott.com-0071-2016Redesign;en-US;www.bing.com;18369;1;0
Broadmoor.com-0073-2016Redesign;en-US;www.google.com;18014;1;0
Galthouse.com-0042-2015Redesign;en-US;m.facebook.com;31905;1;0
Oxfordclubspa.com-0068-2016Redesign;en-US;www.google.com;15568;1;0
Theoxfordhotel.com-0062-2015Redesign;en-US;www.google.com;14325;1;0
Abbingtonbanquets.com-0070-2016Redesign;en-US;dengi-v-kredit.in.ua;15789;1;0
Cphollywoodbeach.com-0032-2015Redesign;en-US;www.google.com;7831;1;0
Broadmoor.com-0073-2016Redesign;en-US;www.google.com;16721;1;0
Broadmoor.com-0073-2016Redesign;en-US;www.google.com;16755;1;0
wentworthcom00212014redesign;en-US;www.bing.com;4307;1;0
Cphollywoodbeach.com-0032-2015Redesign;en-US;www.sunny.org;7831;1;0
Opalsands.com-0084-2016Redesign;en-US;www.beachtourism.com;20171;1;0
Washingtoncourthotel.com-0076-2016Redesign;en-US;www.nacep.org;17858;1;0
