Broadmoor.com-0073-2016Redesign;en-US;www.google.com;18167;1;0
saddlebrook.com-0011-2014Redesign;en-US;www.bing.com;4538;1;0
Broadmoor.com-0073-2016Redesign;en-US;www.google.com;18259;1;0
Samosetresort.com-0113-2017Redesign;en-US;www.bing.com;32541;1;0
Broadmoor.com-0073-2016Redesign;en-US;www.google.com;16721;1;0
Cocokeyorlando.com-0059-2015Redesign;en-US;www.google.com;12394;1;0
Cocokeyorlando.com-0059-2015Redesign;en-US;www.google.com;12394;1;0
wentworthcom00212014redesign;en-US;www.google.com;4306;1;0
theweststreethotel.com-0115-2017Redesign;en-US;www.google.com;36683;1;0
Theoxfordhotel.com-0062-2015Redesign;en-US;www.bing.com;20545;1;0
Galthouse.com-0042-2015Redesign;en-US;www.google.com;10561;1;0
Galthouse.com-0042-2015Redesign;en-US;www.google.com;10561;1;0
Broadmoor.com-0073-2016Redesign;en-US;login.nomadix.com:1111;16724;1;0
Broadmoor.com-0073-2016Redesign;en-US;login.nomadix.com:1111;16724;1;0
Montaukyachtclub.com-0010-2014Redesign;en-US;tools.jackrabbitsystems.com;3554;1;0
Broadmoor.com-0073-2016Redesign;en-US;www.google.com;16721;1;0
Secretharbourvi.com-0040-2015Redesign;en-US;www.google.com;9231;1;0
Jupiterbeachresort.com-0103-2017Redesign;en-US;03e.info;28158;1;0
Opalsands.com-0084-2016Redesign;en-US;www.clearwaterbeach.com;20171;1;0
Lehotels.com-0049-2015Transfer;en-US;www.google.com;13760;1;0
Cphollywoodbeach.com-0032-2015Redesign;en-US;timhost.ru;7805;1;0
Opalsands.com-0084-2016Redesign;en-US;www.clearwaterbeach.com;20171;1;0
Hospitalityupgrade.com-0093-2016Redesign;en-US;www.bing.com;33544;1;0
Cphollywoodbeach.com-0032-2015Redesign;en-US;timhost.ru;7805;1;0
Monarchbeachresort.com-0092-2016Redesign;en-US;03e.info;22725;1;0
Sandpearl.com-0091-2016Redesign;en-US;www.google.com;22488;1;0
Marriottdelraybeach.com-0009-2014Redesign;en-US;23kw.ru;2829;1;0
Marriottdelraybeach.com-0009-2014Redesign;en-US;23kw.ru;2829;1;0
Broadmoor.com-0073-2016Redesign;en-US;www.visitcos.com;18014;1;0
Miravalspamonarchbeach.com-0109-2017Redesign;en-US;www.monarchbeachresort.com;31709;1;0
Theoxfordhotel.com-0062-2015Redesign;en-US;www.google.com;14325;1;0
Secretharbourvi.com-0040-2015Redesign;en-US;www.google.ca;9231;1;0
Thesagamore.com-0112-2017Redesign;en-US;www.google.com;32347;1;0
Renaissancepittsburghpa.com-0044-2015Redesign;en-US;android-app:;9637;1;0
Casaybelresort.com-0002-2014Redesign;en-US;www.google.com;1613;1;0
Casaybelresort.com-0002-2014Redesign;en-US;www.google.com;1613;1;0
Denvercy.com-0036-2015Redesign;en-US;www.google.com;8703;1;0
Longboatkeyclub.com-0104-2017Redesign;en-US;www.google.com;28316;1;0
Longboatkeyclub.com-0104-2017Redesign;en-US;www.google.com;28316;1;0
Thesagamore.com-0112-2017Redesign;en-US;www.google.com;32339;1;0
Thesagamore.com-0112-2017Redesign;en-US;www.google.com;32339;1;0
Thelodgeatwoodloch.com-0033-2015Redesign;en-US;www.google.com;7781;1;0
Broadmoor.com-0073-2016Redesign;en-US;login.nomadix.com:1111;16724;1;0
Zotabeachresort.com-0090-2016Redesign;en-US;www.google.com;22357;1;0
Broadmoor.com-0073-2016Redesign;en-US;login.nomadix.com:1111;16724;1;0
Galthouse.com-0042-2015Redesign;en-US;android-app:;10558;1;0
Zotabeachresort.com-0090-2016Redesign;en-US;www.google.com;22357;1;0
Monarchbeachresort.com-0092-2016Redesign;en-US;www.google.com;22725;1;0
Broadmoor.com-0073-2016Redesign;en-US;login.nomadix.com:1111;16724;1;0
Edgewaternaples.com-0094-2016Redesign;en-US;android-app:;25239;1;0
saddlebrook.com-0011-2014Redesign;en-US;www.google.com;4538;1;0
Glencovemansion.com-0058-2015Redesign;en-US;www.google.com;13328;1;0
Oxfordclubspa.com-0068-2016Redesign;en-US;www.theoxfordhotel.com;15568;1;0
Oxfordclubspa.com-0068-2016Redesign;en-US;www.theoxfordhotel.com;15568;1;0
Cocokeyorlando.com-0059-2015Redesign;en-US;www.google.com;12394;1;0
Cocokeyorlando.com-0059-2015Redesign;en-US;www.google.com;12394;1;0
