Thesagamore.com-0112-2017Redesign;en-US;0;32339;1;0
Cocokeyorlando.com-0059-2015Redesign;en-US;12420;12581;1;0
Sandpearl.com-0091-2016Redesign;en-US;23082;22481;1;0
Thesagamore.com-0112-2017Redesign;en-US;33921;33366;1;0
Secretharbourvi.com-0040-2015Redesign;en-US;9231;20178;1;0
Galthouse.com-0042-2015Redesign;en-US;10570;10575;1;0
Broadmoor.com-0073-2016Redesign;en-US;21230;18259;1;0
Zotabeachresort.com-0090-2016Redesign;en-US;23078;22406;1;0
Thelodgeatwoodloch.com-0033-2015Redesign;en-US;7764;9847;1;0
Thelodgeatwoodloch.com-0033-2015Redesign;en-US;7781;7783;1;0
Broadmoor.com-0073-2016Redesign;en-US;0;16731;1;0
Sandpearl.com-0091-2016Redesign;en-US;25376;22497;1;0
Broadmoor.com-0073-2016Redesign;en-US;18259;18782;1;0
Thesagamore.com-0112-2017Redesign;en-US;0;32339;1;0
Edgewaternaples.com-0094-2016Redesign;en-US;25239;25595;1;0
Broadmoor.com-0073-2016Redesign;en-US;16760;16800;1;0
Zotabeachresort.com-0090-2016Redesign;en-US;22406;22405;1;0
Halcyonhotelcherrycreek.com-0061-2015Redesign;en-US;22121;23190;1;0
Unionstationhotelnashville.com-0047-2015Redesign;en-US;24055;10385;1;0
Thesagamore.com-0112-2017Redesign;en-US;0;32339;1;0
Jbdukehotel.com-0086-2016Redesign;en-US;21918;21942;1;0
Halcyonhotelcherrycreek.com-0061-2015Redesign;en-US;23190;22121;1;0
Thelodgeatwoodloch.com-0033-2015Redesign;en-US;8254;8255;1;0
Sandpearl.com-0091-2016Redesign;en-US;22481;23082;1;0
Washingtoncourthotel.com-0076-2016Redesign;en-US;17858;17935;1;0
Thesagamore.com-0112-2017Redesign;en-US;0;32339;1;0
Zotabeachresort.com-0090-2016Redesign;en-US;22405;22364;1;0
Broadmoor.com-0073-2016Redesign;en-US;18782;21236;1;0
Samosetresort.com-0113-2017Redesign;en-US;32576;35349;1;0
Broadmoor.com-0073-2016Redesign;en-US;18259;21232;1;0
Unionstationhotelnashville.com-0047-2015Redesign;en-US;24054;24619;1;0
Thelodgeatwoodloch.com-0033-2015Redesign;en-US;9847;9849;1;0
Broadmoor.com-0073-2016Redesign;en-US;18013;32315;1;0
Longboatkeyclub.com-0104-2017Redesign;en-US;28316;28332;1;0
Thelodgeatwoodloch.com-0033-2015Redesign;en-US;11304;7783;1;0
Edgewaternaples.com-0094-2016Redesign;en-US;25239;25271;1;0
Casaybelresort.com-0002-2014Redesign;en-US;1533;1613;1;0
Sandpearl.com-0091-2016Redesign;en-US;23082;22481;1;0
Hospitalityupgrade.com-0093-2016Redesign;en-US;0;25405;1;0
Broadmoor.com-0073-2016Redesign;en-US;19687;20418;1;0
Sandpearl.com-0091-2016Redesign;en-US;22497;22496;1;0
Hospitalityupgrade.com-0093-2016Redesign;en-US;0;25405;1;0
Broadmoor.com-0073-2016Redesign;en-US;21236;18259;1;0
Thelodgeatwoodloch.com-0033-2015Redesign;en-US;39358;8317;1;0
Broadmoor.com-0073-2016Redesign;en-US;16760;18259;1;0
Zotabeachresort.com-0090-2016Redesign;en-US;22364;23062;1;0
Renaissancepittsburghpa.com-0044-2015Redesign;en-US;9637;9739;1;0
Thesagamore.com-0112-2017Redesign;en-US;33473;32347;1;0
Galthouse.com-0042-2015Redesign;en-US;10923;26639;1;0
Thelodgeatwoodloch.com-0033-2015Redesign;en-US;8255;8303;1;0
Galthouse.com-0042-2015Redesign;en-US;10055;31905;1;0
Broadmoor.com-0073-2016Redesign;en-US;0;17443;1;0
Cocokeyorlando.com-0059-2015Redesign;en-US;0;12394;1;0
Longboatkeyclub.com-0104-2017Redesign;en-US;28332;28333;1;0
Broadmoor.com-0073-2016Redesign;en-US;16721;23547;1;0
Jbdukehotel.com-0086-2016Redesign;en-US;21942;21918;1;0
Monarchbeachresort.com-0092-2016Redesign;en-US;22973;31272;1;0
Broadmoor.com-0073-2016Redesign;en-US;18259;21232;1;0
Thesagamore.com-0112-2017Redesign;en-US;32347;33474;1;0
Broadmoor.com-0073-2016Redesign;en-US;16721;18010;1;0
Thesagamore.com-0112-2017Redesign;en-US;33922;32351;1;0
Thesagamore.com-0112-2017Redesign;en-US;32387;32346;1;0
Casaybelresort.com-0002-2014Redesign;en-US;1613;1601;1;0
Sandpearl.com-0091-2016Redesign;en-US;22481;22536;1;0
Broadmoor.com-0073-2016Redesign;en-US;18259;16760;1;0
wentworthcom00212014redesign;en-US;4302;4299;1;0
Broadmoor.com-0073-2016Redesign;en-US;32315;16751;1;0
Broadmoor.com-0073-2016Redesign;en-US;16721;16724;1;0
Theharborsidehotel.com-0114-2017Redesign;en-US;38021;38016;1;0
Thesagamore.com-0112-2017Redesign;en-US;0;40748;1;0
Hospitalityupgrade.com-0093-2016Redesign;en-US;25405;22774;1;0
Thesagamore.com-0112-2017Redesign;en-US;32346;32391;1;0
Broadmoor.com-0073-2016Redesign;en-US;16721;16738;1;0
Jupiterbeachresort.com-0103-2017Redesign;en-US;28158;28174;1;0
Longboatkeyclub.com-0104-2017Redesign;en-US;28316;28317;1;0
Casaybelresort.com-0002-2014Redesign;en-US;1601;1570;1;0
Hospitalityupgrade.com-0093-2016Redesign;en-US;22774;26183;1;0
Washingtondukeinn.com-0024-2014Redesign;en-US;5165;5321;1;0
Monarchbeachresort.com-0092-2016Redesign;en-US;31272;22973;1;0
Thelodgeatwoodloch.com-0033-2015Redesign;en-US;8303;8304;1;0
Thesagamore.com-0112-2017Redesign;en-US;32351;33922;1;0
Broadmoor.com-0073-2016Redesign;en-US;16751;18259;1;0
Casaybelresort.com-0002-2014Redesign;en-US;1570;1596;1;0
Hospitalityupgrade.com-0093-2016Redesign;en-US;26183;37628;1;0
Samosetresort.com-0113-2017Redesign;en-US;0;32541;1;0
Thelodgeatwoodloch.com-0033-2015Redesign;en-US;8317;8254;1;0
Washingtondukeinn.com-0024-2014Redesign;en-US;5321;5239;1;0
Broadmoor.com-0073-2016Redesign;en-US;16724;17269;1;0
Hospitalityupgrade.com-0093-2016Redesign;en-US;37628;29966;1;0
Thesagamore.com-0112-2017Redesign;en-US;33474;32347;1;0
Hospitalityupgrade.com-0093-2016Redesign;en-US;29966;37955;1;0
Hospitalityupgrade.com-0093-2016Redesign;en-US;37955;37963;1;0
Broadmoor.com-0073-2016Redesign;en-US;23547;22720;1;0
Galthouse.com-0042-2015Redesign;en-US;31905;25671;1;0
Sandylane.com-0075-2016Redesign;en-US;17611;17683;1;0
Montaukyachtclub.com-0010-2014Redesign;en-US;3554;2436;1;0
Casaybelresort.com-0002-2014Redesign;en-US;1596;1613;1;0
