Montaukyachtclub.com-0120-2017Redesign;en-US;37958;38587;1;0
Miravalspamonarchbeach.com-0109-2017Redesign;en-US;0;31915;1;0
Lidobeachresort.com-0106-2017Redesign;en-US;28666;29898;1;0
Monarchbeachresort.com-0092-2016Redesign;en-US;26788;27900;1;0
Thecurtis.com-0079-2016Redesign;en-US;17981;18823;1;0
Samosetresort.com-0113-2017Redesign;en-US;0;32541;1;0
Broadmoor.com-0073-2016Redesign;en-US;16755;16756;1;0
Samosetresort.com-0113-2017Redesign;en-US;32541;32549;1;0
Miravalspamonarchbeach.com-0109-2017Redesign;en-US;32984;33650;1;0
Sandylane.com-0075-2016Redesign;en-US;0;17683;1;0
Thesagamore.com-0112-2017Redesign;en-US;32339;32346;1;0
Cocokeyorlando.com-0059-2015Redesign;en-US;0;12394;1;0
Sandylane.com-0075-2016Redesign;en-US;17683;18813;1;0
Hospitalityupgrade.com-0093-2016Redesign;en-US;0;22790;1;0
Hospitalityupgrade.com-0093-2016Redesign;en-US;0;22790;1;0
Thecrawfordhotel.com-0074-2016Redesign;en-US;17145;17160;1;0
Cphollywoodbeach.com-0032-2015Redesign;en-US;7805;7940;1;0
Thesagamore.com-0112-2017Redesign;en-US;33925;33366;1;0
Cphollywoodbeach.com-0032-2015Redesign;en-US;7940;7831;1;0
Miravalspamonarchbeach.com-0109-2017Redesign;en-US;33650;33601;1;0
Samosetresort.com-0113-2017Redesign;en-US;32549;32576;1;0
Broadmoor.com-0073-2016Redesign;en-US;40450;41210;1;0
Thesagamore.com-0112-2017Redesign;en-US;32346;32389;1;0
theweststreethotel.com-0115-2017Redesign;en-US;36683;37486;1;0
Lidobeachresort.com-0106-2017Redesign;en-US;29898;28714;1;0
Thesagamore.com-0112-2017Redesign;en-US;32339;33471;1;0
Samosetresort.com-0113-2017Redesign;en-US;32576;35349;1;0
Miravalspamonarchbeach.com-0109-2017Redesign;en-US;33601;35356;1;0
Broadmoor.com-0073-2016Redesign;en-US;41210;16790;1;0
Napavalleymarriott.com-0071-2016Redesign;en-US;16459;32812;1;0
Thesagamore.com-0112-2017Redesign;en-US;32389;32387;1;0
Thelodgeatwoodloch.com-0033-2015Redesign;en-US;7782;7781;1;0
Thesagamore.com-0112-2017Redesign;en-US;32339;33921;1;0
Broadmoor.com-0073-2016Redesign;en-US;0;16721;1;0
Broadmoor.com-0073-2016Redesign;en-US;0;16721;1;0
Chrco.com-0107-2017Redesign;en-US;0;31152;1;0
Courtyardportlandcitycenter.com-0063-2015Redesign;en-US;14545;14557;1;0
Halcyonhotelcherrycreek.com-0061-2015Redesign;en-US;41138;40467;1;0
Marriottkeylargo.com-0015-2014Redesign;en-US;3948;3958;1;0
Marriottkeylargo.com-0015-2014Redesign;en-US;3948;3958;1;0
Thelodgeatwoodloch.com-0033-2015Redesign;en-US;8254;8393;1;0
Edgewaternaples.com-0094-2016Redesign;en-US;25271;25270;1;0
Monarchbeachresort.com-0092-2016Redesign;en-US;22725;23670;1;0
Theharborsidehotel.com-0114-2017Redesign;en-US;37589;37613;1;0
Broadmoor.com-0073-2016Redesign;en-US;16721;21231;1;0
