Thelodgeatwoodloch.com-0033-2015Redesign;en-US;9920;9801;1;0
Samosetresort.com-0113-2017Redesign;en-US;35329;32541;1;0
Thelodgeatwoodloch.com-0033-2015Redesign;en-US;8254;8278;1;0
Jupiterbeachresort.com-0103-2017Redesign;en-US;29436;28158;1;0
saddlebrook.com-0011-2014Redesign;en-US;3474;3477;1;0
Thelodgeatwoodloch.com-0033-2015Redesign;en-US;11304;9920;1;0
Thelodgeatwoodloch.com-0033-2015Redesign;en-US;7781;8267;1;0
Jbdukehotel.com-0086-2016Redesign;en-US;21946;21948;1;0
Broadmoor.com-0073-2016Redesign;en-US;16761;16769;1;0
Broadmoor.com-0073-2016Redesign;en-US;16761;16763;1;0
Miravalspamonarchbeach.com-0109-2017Redesign;en-US;31719;35716;1;0
Cocokeyorlando.com-0059-2015Redesign;en-US;0;12394;1;0
Thelodgeatwoodloch.com-0033-2015Redesign;en-US;9801;9926;1;0
Broadmoor.com-0073-2016Redesign;en-US;16738;18485;1;0
Washingtondukeinn.com-0024-2014Redesign;en-US;4524;4742;1;0
Cocokeyorlando.com-0059-2015Redesign;en-US;0;12394;1;0
Samosetresort.com-0113-2017Redesign;en-US;0;32541;1;0
Lakeplacidlodge.com-0105-2017Redesign;en-US;28545;32804;1;0
Thecurtis.com-0079-2016Redesign;en-US;0;17981;1;0
Thelodgeatwoodloch.com-0033-2015Redesign;en-US;8318;11007;1;0
Oxfordclubspa.com-0068-2016Redesign;en-US;0;15568;1;0
Edgewaternaples.com-0094-2016Redesign;en-US;25239;25287;1;0
Thelodgeatwoodloch.com-0033-2015Redesign;en-US;9926;9801;1;0
Samosetresort.com-0113-2017Redesign;en-US;35328;35331;1;0
Thesagamore.com-0112-2017Redesign;en-US;33471;33470;1;0
Thelodgeatwoodloch.com-0033-2015Redesign;en-US;8267;8324;1;0
Samosetresort.com-0113-2017Redesign;en-US;32541;35220;1;0
Opalsands.com-0084-2016Redesign;en-US;20887;21540;1;0
Casaybelresort.com-0002-2014Redesign;en-US;1533;1627;1;0
Miravalspamonarchbeach.com-0109-2017Redesign;en-US;32984;33650;1;0
Thelodgeatwoodloch.com-0033-2015Redesign;en-US;7764;7771;1;0
Cphollywoodbeach.com-0032-2015Redesign;en-US;7805;8292;1;0
Sandylane.com-0075-2016Redesign;en-US;17679;17680;1;0
Miravalspamonarchbeach.com-0109-2017Redesign;en-US;31731;31709;1;0
Thelodgeatwoodloch.com-0033-2015Redesign;en-US;9801;8254;1;0
Thelodgeatwoodloch.com-0033-2015Redesign;en-US;9850;9847;1;0
Samosetresort.com-0113-2017Redesign;en-US;32577;32578;1;0
Galthouse.com-0042-2015Redesign;en-US;10570;10055;1;0
Miravalspamonarchbeach.com-0109-2017Redesign;en-US;33650;35336;1;0
Edgewaternaples.com-0094-2016Redesign;en-US;25239;25311;1;0
Broadmoor.com-0073-2016Redesign;en-US;20418;16722;1;0
Broadmoor.com-0073-2016Redesign;en-US;16766;16765;1;0
Jupiterbeachresort.com-0103-2017Redesign;en-US;28158;28207;1;0
Galthouse.com-0042-2015Redesign;en-US;10055;31905;1;0
Casaybelresort.com-0002-2014Redesign;en-US;1533;1613;1;0
Opalsands.com-0084-2016Redesign;en-US;21540;20171;1;0
Thelodgeatwoodloch.com-0033-2015Redesign;en-US;8278;9801;1;0
Luxehotels.com-0078-2016Redesign;en-US;19330;19335;1;0
Edgewaternaples.com-0094-2016Redesign;en-US;25287;32090;1;0
Miravalspamonarchbeach.com-0109-2017Redesign;en-US;35716;31719;1;0
Thesagamore.com-0112-2017Redesign;en-US;33470;33471;1;0
Galthouse.com-0042-2015Redesign;en-US;31905;10570;1;0
Broadmoor.com-0073-2016Redesign;en-US;0;16721;1;0
Thelodgeatwoodloch.com-0033-2015Redesign;en-US;9847;8254;1;0
Cocokeyorlando.com-0059-2015Redesign;en-US;12394;12410;1;0
Broadmoor.com-0073-2016Redesign;en-US;0;16721;1;0
Cphollywoodbeach.com-0032-2015Redesign;en-US;8292;7914;1;0
Galthouse.com-0042-2015Redesign;en-US;10570;10055;1;0
Thesagamore.com-0112-2017Redesign;en-US;33471;33472;1;0
Thelodgeatwoodloch.com-0033-2015Redesign;en-US;8254;9526;1;0
Samosetresort.com-0113-2017Redesign;en-US;35331;35328;1;0
Cphollywoodbeach.com-0032-2015Redesign;en-US;7914;7831;1;0
Galthouse.com-0042-2015Redesign;en-US;0;31905;1;0
Miravalspamonarchbeach.com-0109-2017Redesign;en-US;31915;36484;1;0
Broadmoor.com-0073-2016Redesign;en-US;16722;17445;1;0
Thecurtis.com-0079-2016Redesign;en-US;17981;18823;1;0
Samosetresort.com-0113-2017Redesign;en-US;32541;32576;1;0
