Casaybelresort.com-0002-2014Redesign;en-US;www.google.com;1613;1;0
Casaybelresort.com-0002-2014Redesign;en-US;r.search.yahoo.com;1613;1;0
Broadmoor.com-0073-2016Redesign;en-US;login.nomadix.com:1111;16724;1;0
Marriottkeylargo.com-0015-2014Redesign;en-US;surfinggator.com;3964;1;0
Broadmoor.com-0073-2016Redesign;en-US;login.nomadix.com:1111;16724;1;0
Casaybelresort.com-0002-2014Redesign;en-US;www.google.com;1613;1;0
Casaybelresort.com-0002-2014Redesign;en-US;www.google.fr;1613;1;0
theweststreethotel.com-0115-2017Redesign;en-US;www.google.ca;36683;1;0
Casaybelresort.com-0002-2014Redesign;en-US;www.google.com;1613;1;0
Broadmoor.com-0073-2016Redesign;en-US;login.nomadix.com:1111;16724;1;0
Casaybelresort.com-0002-2014Redesign;en-US;board.bestofsanibelcaptiva.com;1613;1;0
Broadmoor.com-0073-2016Redesign;en-US;login.nomadix.com:1111;16724;1;0
Cphollywoodbeach.com-0032-2015Redesign;en-US;www.google.ca;7831;1;0
Cphollywoodbeach.com-0032-2015Redesign;en-US;www.sunny.org;7831;1;0
Cphollywoodbeach.com-0032-2015Redesign;en-US;www.sunny.org;7831;1;0
Casaybelresort.com-0002-2014Redesign;en-US;www.google.com;1768;1;0
Cphollywoodbeach.com-0032-2015Redesign;en-US;www.google.cz;7831;1;0
Casaybelresort.com-0002-2014Redesign;en-US;www.google.com;1613;1;0
Theloganhotel.com-0043-2015Redesign;en-US;m.facebook.com;20218;1;0
Cphollywoodbeach.com-0032-2015Redesign;en-US;www.sunny.org;7831;1;0
Cphollywoodbeach.com-0032-2015Redesign;en-US;www.sunny.org;7831;1;0
Casaybelresort.com-0002-2014Redesign;en-US;surfinggator.com;1613;1;0
Longboatkeyclub.com-0104-2017Redesign;en-US;worldcam.eu;28316;1;0
Casaybelresort.com-0002-2014Redesign;en-US;board.bestofsanibelcaptiva.com;1613;1;0
Casaybelresort.com-0002-2014Redesign;en-US;www.google.com;1613;1;0
Casaybelresort.com-0002-2014Redesign;en-US;surfinggator.com;1613;1;0
Longboatkeyclub.com-0104-2017Redesign;en-US;www.google.com;28317;1;0
Bellemontfarm.com-0007-2013Redesign;en-US;www.youtube.com;11497;1;0
Washingtondukeinn.com-0024-2014Redesign;en-US;www.google.com;4524;1;0
Jupiterbeachresort.com-0103-2017Redesign;en-US;www.google.com;28158;1;0
Jupiterbeachresort.com-0103-2017Redesign;en-US;www.google.com;28158;1;0
Opalsands.com-0084-2016Redesign;en-US;googleads.g.doubleclick.net;20561;1;0
Lidobeachresort.com-0106-2017Redesign;en-US;www.facebook.com;28667;1;0
Casaybelresort.com-0002-2014Redesign;en-US;surfinggator.com;1613;1;0
Lidobeachresort.com-0106-2017Redesign;en-US;www.facebook.com;28667;1;0
Broadmoor.com-0073-2016Redesign;en-US;login.nomadix.com:1111;16724;1;0
Broadmoor.com-0073-2016Redesign;en-US;login.nomadix.com:1111;16724;1;0
Cphollywoodbeach.com-0032-2015Redesign;en-US;www.sunny.org;7831;1;0
Broadmoor.com-0073-2016Redesign;en-US;www.google.com;16755;1;0
Casaybelresort.com-0002-2014Redesign;en-US;surfinggator.com;1613;1;0
Casaybelresort.com-0002-2014Redesign;en-US;www.google.no;1613;1;0
Theharborsidehotel.com-0114-2017Redesign;en-US;www.google.com;37571;1;0
Theharborsidehotel.com-0114-2017Redesign;en-US;www.google.com;37571;1;0
Broadmoor.com-0073-2016Redesign;en-US;android-app:;18259;1;0
Theharborsidehotel.com-0114-2017Redesign;en-US;www.google.com;37571;1;0
Lidobeachresort.com-0106-2017Redesign;en-US;www.facebook.com;28667;1;0
Lidobeachresort.com-0106-2017Redesign;en-US;www.facebook.com;28667;1;0
Casaybelresort.com-0002-2014Redesign;en-US;www.google.ca;1533;1;0
Marriottkeylargo.com-0015-2014Redesign;en-US;www.beachcamsusa.com;3948;1;0
Broadmoor.com-0073-2016Redesign;en-US;login.nomadix.com:1111;16724;1;0
Broadmoor.com-0073-2016Redesign;en-US;login.nomadix.com:1111;16724;1;0
Broadmoor.com-0073-2016Redesign;en-US;login.nomadix.com:1111;16724;1;0
Cphollywoodbeach.com-0032-2015Redesign;en-US;www.sunny.org;7831;1;0
Cphollywoodbeach.com-0032-2015Redesign;en-US;www.google.com;7805;1;0
Broadmoor.com-0073-2016Redesign;en-US;login.nomadix.com:1111;16724;1;0
Casaybelresort.com-0002-2014Redesign;en-US;surfinggator.com;1613;1;0
Casaybelresort.com-0002-2014Redesign;en-US;www.google.com;1613;1;0
Cphollywoodbeach.com-0032-2015Redesign;en-US;www.sunny.org;7831;1;0
Edgewaternaples.com-0094-2016Redesign;en-US;m.facebook.com;25239;1;0
Thesagamore.com-0112-2017Redesign;en-US;www.google.com;32339;1;0
Thesagamore.com-0112-2017Redesign;en-US;www.google.com;32339;1;0
Broadmoor.com-0073-2016Redesign;en-US;www.google.com;17344;1;0
Casaybelresort.com-0002-2014Redesign;en-US;www.google.com;1613;1;0
Cphollywoodbeach.com-0032-2015Redesign;en-US;www.google.com;7831;1;0
Casaybelresort.com-0002-2014Redesign;en-US;www.google.de;1613;1;0
Casaybelresort.com-0002-2014Redesign;en-US;surfinggator.com;1613;1;0
Broadmoor.com-0073-2016Redesign;en-US;android-app:;18259;1;0
Casaybelresort.com-0002-2014Redesign;en-US;surfinggator.com;1613;1;0
Jupiterbeachresort.com-0103-2017Redesign;en-US;www.google.com;28165;1;0
Casaybelresort.com-0002-2014Redesign;en-US;surfinggator.com;1613;1;0
Cocokeyorlando.com-0059-2015Redesign;en-US;www.google.com.br;12394;1;0
Cocokeyorlando.com-0059-2015Redesign;en-US;www.google.com.br;12394;1;0
Cphollywoodbeach.com-0032-2015Redesign;en-US;www.google.com;7831;1;0
Casaybelresort.com-0002-2014Redesign;en-US;surfinggator.com;1613;1;0
Sandylane.com-0075-2016Redesign;en-US;www.google.co.uk;17611;1;0
Casaybelresort.com-0002-2014Redesign;en-US;surfinggator.com;1613;1;0
Casaybelresort.com-0002-2014Redesign;en-US;www.google.com;1533;1;0
Casaybelresort.com-0002-2014Redesign;en-US;search.yahoo.com;1613;1;0
Sandpearl.com-0091-2016Redesign;en-US;www.google.com;22537;1;0
Casaybelresort.com-0002-2014Redesign;en-US;surfinggator.com;1613;1;0
Zotabeachresort.com-0090-2016Redesign;en-US;www.google.com;22357;1;0
Zotabeachresort.com-0090-2016Redesign;en-US;www.google.com;22357;1;0
Amzak.com-0023-2014Redesign;en-US;www.google.com;7709;1;0
Oxfordclubspa.com-0068-2016Redesign;en-US;www.google.com;15568;1;0
Broadmoor.com-0073-2016Redesign;en-US;login.nomadix.com:1111;16724;1;0
Broadmoor.com-0073-2016Redesign;en-US;login.nomadix.com:1111;16724;1;0
Casaybelresort.com-0002-2014Redesign;en-US;www.google.com;1613;1;0
Casaybelresort.com-0002-2014Redesign;en-US;www.google.com;1613;1;0
