Lakeplacidlodge.com-0105-2017Redesign;en-US;28545;32804;1;0
Broadmoor.com-0073-2016Redesign;en-US;18782;21236;1;0
Broadmoor.com-0073-2016Redesign;en-US;18013;32314;1;0
Glencovemansion.com-0058-2015Redesign;en-US;13328;13334;1;0
Theharborsidehotel.com-0114-2017Redesign;en-US;37584;37981;1;0
Thelodgeatwoodloch.com-0033-2015Redesign;en-US;7764;7783;1;0
Cocokeyorlando.com-0059-2015Redesign;en-US;0;12394;1;0
saddlebrook.com-0011-2014Redesign;en-US;3453;3385;1;0
Thelodgeatwoodloch.com-0033-2015Redesign;en-US;7764;7782;1;0
Broadmoor.com-0073-2016Redesign;en-US;0;16765;1;0
Broadmoor.com-0073-2016Redesign;en-US;16760;16781;1;0
Broadmoor.com-0073-2016Redesign;en-US;16761;16767;1;0
Broadmoor.com-0073-2016Redesign;en-US;16761;16768;1;0
Broadmoor.com-0073-2016Redesign;en-US;18259;21232;1;0
Broadmoor.com-0073-2016Redesign;en-US;16721;16755;1;0
Thelodgeatwoodloch.com-0033-2015Redesign;en-US;7781;8257;1;0
Cocokeyorlando.com-0059-2015Redesign;en-US;12406;12404;1;0
Thesagamore.com-0112-2017Redesign;en-US;33460;33921;1;0
Lakeplacidlodge.com-0105-2017Redesign;en-US;32788;32783;1;0
Samosetresort.com-0113-2017Redesign;en-US;0;32541;1;0
Samosetresort.com-0113-2017Redesign;en-US;32542;32579;1;0
Longboatkeyclub.com-0104-2017Redesign;en-US;28331;28316;1;0
Longboatkeyclub.com-0104-2017Redesign;en-US;28316;35641;1;0
Samosetresort.com-0113-2017Redesign;en-US;32579;32578;1;0
Springhillsuitesdenver.com-0060-2015Redesign;en-US;12307;12637;1;0
Casaybelresort.com-0002-2014Redesign;en-US;1533;1613;1;0
Thecurtis.com-0079-2016Redesign;en-US;17981;18015;1;0
Halcyonhotelcherrycreek.com-0061-2015Redesign;en-US;22121;23287;1;0
Halcyonhotelcherrycreek.com-0061-2015Redesign;en-US;23287;22121;1;0
Samosetresort.com-0113-2017Redesign;en-US;32541;32549;1;0
Thelodgeatwoodloch.com-0033-2015Redesign;en-US;8257;7782;1;0
Broadmoor.com-0073-2016Redesign;en-US;16781;16786;1;0
Thecurtis.com-0079-2016Redesign;en-US;18015;19041;1;0
Thesagamore.com-0112-2017Redesign;en-US;32339;32351;1;0
Broadmoor.com-0073-2016Redesign;en-US;16721;16755;1;0
Renaissancepittsburghpa.com-0044-2015Redesign;en-US;0;9637;1;0
Thelodgeatwoodloch.com-0033-2015Redesign;en-US;7782;7781;1;0
Theoxfordhotel.com-0062-2015Redesign;en-US;14325;14330;1;0
Cocokeyorlando.com-0059-2015Redesign;en-US;0;12394;1;0
Sandylane.com-0075-2016Redesign;en-US;17675;17644;1;0
Longboatkeyclub.com-0104-2017Redesign;en-US;28364;41579;1;0
Delraysandsresort.com-0097-2016Redesign;en-US;27289;27288;1;0
Saddlebrookprep.com-0022-2014Transfer;en-US;5579;3914;1;0
Courtyardportlandcitycenter.com-0063-2015Redesign;en-US;0;14552;1;0
Broadmoor.com-0073-2016Redesign;en-US;16768;16755;1;0
Lakeplacidlodge.com-0105-2017Redesign;en-US;0;28557;1;0
Broadmoor.com-0073-2016Redesign;en-US;16721;16766;1;0
Galthouse.com-0042-2015Redesign;en-US;31905;9789;1;0
Halcyonhotelcherrycreek.com-0061-2015Redesign;en-US;22121;23318;1;0
Sandpearl.com-0091-2016Redesign;en-US;22481;22483;1;0
Halcyonhotelcherrycreek.com-0061-2015Redesign;en-US;23318;22121;1;0
Halcyonhotelcherrycreek.com-0061-2015Redesign;en-US;22121;23319;1;0
Longboatkeyclub.com-0104-2017Redesign;en-US;28316;35641;1;0
Longboatkeyclub.com-0104-2017Redesign;en-US;35641;28321;1;0
Thecurtis.com-0079-2016Redesign;en-US;19041;18823;1;0
Halcyonhotelcherrycreek.com-0061-2015Redesign;en-US;23319;22121;1;0
Broadmoor.com-0073-2016Redesign;en-US;16755;16728;1;0
Broadmoor.com-0073-2016Redesign;en-US;16721;16756;1;0
Thesagamore.com-0112-2017Redesign;en-US;32339;33922;1;0
Miravalspamonarchbeach.com-0109-2017Redesign;en-US;32984;33601;1;0
Broadmoor.com-0073-2016Redesign;en-US;16767;16765;1;0
Broadmoor.com-0073-2016Redesign;en-US;20418;16728;1;0
Miravalspamonarchbeach.com-0109-2017Redesign;en-US;33601;35357;1;0
Halcyonhotelcherrycreek.com-0061-2015Redesign;en-US;22121;23322;1;0
Halcyonhotelcherrycreek.com-0061-2015Redesign;en-US;23322;22121;1;0
Broadmoor.com-0073-2016Redesign;en-US;16786;16781;1;0
Cocokeyorlando.com-0059-2015Redesign;en-US;12404;12396;1;0
Thelodgeatwoodloch.com-0033-2015Redesign;en-US;7764;8268;1;0
saddlebrook.com-0011-2014Redesign;en-US;3385;3458;1;0
