theweststreethotel.com-0115-2017Redesign;en-US;www.google.com;36683;1;0
Broadmoor.com-0073-2016Redesign;en-US;m.facebook.com;16793;1;0
Washingtoncourthotel.com-0076-2016Redesign;en-US;www.google.com;17858;1;0
Lakeplacidlodge.com-0105-2017Redesign;en-US;www.google.com;32795;1;0
Opalsands.com-0084-2016Redesign;en-US;www.shoppingmiracles.co.uk;20796;1;0
Broadmoor.com-0073-2016Redesign;en-US;android-app:;33871;1;0
theweststreethotel.com-0115-2017Redesign;en-US;www.google.com;36683;1;0
Cphollywoodbeach.com-0032-2015Redesign;en-US;www.sunny.org;7831;1;0
Unionstationhotelnashville.com-0047-2015Redesign;en-US;www.google.com;32226;1;0
Thesagamore.com-0112-2017Redesign;en-US;www.google.com;32339;1;0
Thesagamore.com-0112-2017Redesign;en-US;www.google.com;32339;1;0
Thesagamore.com-0112-2017Redesign;en-US;www.google.com;32347;1;0
Broadmoor.com-0073-2016Redesign;en-US;login.nomadix.com:1111;16724;1;0
Broadmoor.com-0073-2016Redesign;en-US;login.nomadix.com:1111;16724;1;0
Longboatkeyclub.com-0104-2017Redesign;en-US;m.longboatkeyclub.com;35641;1;0
Longboatkeyclub.com-0104-2017Redesign;en-US;m.longboatkeyclub.com;35641;1;0
Longboatkeyclub.com-0104-2017Redesign;en-US;m.longboatkeyclub.com;35641;1;0
Longboatkeyclub.com-0104-2017Redesign;en-US;m.longboatkeyclub.com;35641;1;0
Longboatkeyclub.com-0104-2017Redesign;en-US;m.longboatkeyclub.com;35641;1;0
Longboatkeyclub.com-0104-2017Redesign;en-US;m.longboatkeyclub.com;35641;1;0
Longboatkeyclub.com-0104-2017Redesign;en-US;m.longboatkeyclub.com;35641;1;0
Longboatkeyclub.com-0104-2017Redesign;en-US;m.longboatkeyclub.com;35641;1;0
Longboatkeyclub.com-0104-2017Redesign;en-US;m.longboatkeyclub.com;35641;1;0
Longboatkeyclub.com-0104-2017Redesign;en-US;m.longboatkeyclub.com;35641;1;0
Longboatkeyclub.com-0104-2017Redesign;en-US;m.longboatkeyclub.com;35641;1;0
Renaissancepittsburghpa.com-0044-2015Redesign;en-US;www.google.com;10040;1;0
Opalsands.com-0084-2016Redesign;en-US;tpc.googlesyndication.com;20171;1;0
Hospitalityupgrade.com-0093-2016Redesign;en-US;www.google.com.br;37631;1;0
saddlebrook.com-0011-2014Redesign;en-US;www.google.com;4538;1;0
Thelodgeatwoodloch.com-0033-2015Redesign;en-US;www.google.com;7764;1;0
Jbdukehotel.com-0086-2016Redesign;en-US;www.google.com;21942;1;0
Cphollywoodbeach.com-0032-2015Redesign;en-US;www.sunny.org;7831;1;0
Treasureislandbeachresort.com-0089-2016Redesign;en-US;www.bing.com;22169;1;0
Treasureislandbeachresort.com-0089-2016Redesign;en-US;www.bing.com;22169;1;0
