Thesagamore.com-0112-2017Redesign;en-US;www.google.com;32339;1;0
saddlebrook.com-0011-2014Redesign;en-US;www.google.com;3385;1;0
Monarchbeachresort.com-0092-2016Redesign;en-US;www.google.com;23473;1;0
Broadmoor.com-0073-2016Redesign;en-US;www.google.com;16721;1;0
Broadmoor.com-0073-2016Redesign;en-US;www.google.com;16721;1;0
Broadmoor.com-0073-2016Redesign;en-US;login.nomadix.com:1111;16724;1;0
Broadmoor.com-0073-2016Redesign;en-US;login.nomadix.com:1111;16724;1;0
Opalsands.com-0084-2016Redesign;en-US;www.bing.com;21642;1;0
Broadmoor.com-0073-2016Redesign;en-US;www.google.com;16721;1;0
Delraysandsresort.com-0097-2016Redesign;en-US;r.search.yahoo.com;27232;1;0
Thesagamore.com-0112-2017Redesign;en-US;www.google.com;33479;1;0
Thecurtis.com-0079-2016Redesign;en-US;www.google.com;17981;1;0
Homewoodsuiteslax.com-0110-2017Redesign;en-US;www.google.com;30747;1;0
Broadmoor.com-0073-2016Redesign;en-US;www.xanterra.com;16721;1;0
Monarchbeachresort.com-0092-2016Redesign;en-US;www.google.com.au;22725;1;0
Opalsands.com-0084-2016Redesign;en-US;www.google.com;20171;1;0
Opalsands.com-0084-2016Redesign;en-US;www.google.com;20171;1;0
Monarchbeachresort.com-0092-2016Redesign;en-US;www.google.com;22725;1;0
Luxehotels.com-0078-2016Redesign;en-US;www.google.com;18833;1;0
Thelodgeatwoodloch.com-0033-2015Redesign;en-US;m.facebook.com;11007;1;0
Monarchbeachresort.com-0092-2016Redesign;en-US;www.google.com;22725;1;0
Montaukyachtclub.com-0010-2014Redesign;en-US;www.google.com;2240;1;0
Theoxfordhotel.com-0062-2015Redesign;en-US;www.google.com;14333;1;0
Broadmoor.com-0073-2016Redesign;en-US;login.nomadix.com:1111;16724;1;0
Broadmoor.com-0073-2016Redesign;en-US;login.nomadix.com:1111;16724;1;0
Broadmoor.com-0073-2016Redesign;en-US;outlook.live.com;16721;1;0
Broadmoor.com-0073-2016Redesign;en-US;outlook.live.com;16721;1;0
Broadmoor.com-0073-2016Redesign;en-US;outlook.live.com;16721;1;0
Broadmoor.com-0073-2016Redesign;en-US;outlook.live.com;16721;1;0
Broadmoor.com-0073-2016Redesign;en-US;outlook.live.com;16721;1;0
Casaybelresort.com-0002-2014Redesign;en-US;www.google.com;1613;1;0
Lidobeachresort.com-0106-2017Redesign;en-US;www.google.com;28667;1;0
Casaybelresort.com-0002-2014Redesign;en-US;surfinggator.com;1613;1;0
Cphollywoodbeach.com-0032-2015Redesign;en-US;www.sunny.org;7831;1;0
Broadmoor.com-0073-2016Redesign;en-US;www.google.com;17450;1;0
wentworthcom00212014redesign;en-US;www.google.com;4313;1;0
Cocokeyorlando.com-0059-2015Redesign;en-US;www.offers.com;12394;1;0
Washingtondukeinn.com-0024-2014Redesign;en-US;www.google.com;4738;1;0
Galthouse.com-0042-2015Redesign;en-US;www.bing.com;31905;1;0
Galthouse.com-0042-2015Redesign;en-US;www.bing.com;31905;1;0
Longboatkeyclub.com-0104-2017Redesign;en-US;search.yahoo.com;28316;1;0
Cphollywoodbeach.com-0032-2015Redesign;en-US;android-app:;7831;1;0
Galthouse.com-0042-2015Redesign;en-US;www.google.com;10607;1;0
wentworthcom00212014redesign;en-US;www.google.com;4249;1;0
Broadmoor.com-0073-2016Redesign;en-US;www.google.com;16721;1;0
Broadmoor.com-0073-2016Redesign;en-US;www.google.com;16721;1;0
Cphollywoodbeach.com-0032-2015Redesign;en-US;android-app:;7831;1;0
Galthouse.com-0042-2015Redesign;en-US;m.facebook.com;31905;1;0
