Broadmoor.com-0073-2016Redesign;en-US;16772;16768;1;0
Broadmoor.com-0073-2016Redesign;en-US;16768;16773;1;0
Broadmoor.com-0073-2016Redesign;en-US;16773;23743;1;0
Cphollywoodbeach.com-0032-2015Redesign;en-US;7850;7853;1;0
Broadmoor.com-0073-2016Redesign;en-US;23743;16767;1;0
Samosetresort.com-0113-2017Redesign;en-US;0;32541;1;0
Broadmoor.com-0073-2016Redesign;en-US;16767;16799;1;0
Broadmoor.com-0073-2016Redesign;en-US;0;16721;1;0
Cphollywoodbeach.com-0032-2015Redesign;en-US;7853;7855;1;0
Broadmoor.com-0073-2016Redesign;en-US;0;16721;1;0
Broadmoor.com-0073-2016Redesign;en-US;16799;16776;1;0
Lakeplacidlodge.com-0105-2017Redesign;en-US;32806;32807;1;0
Cocokeyorlando.com-0059-2015Redesign;en-US;0;12394;1;0
Broadmoor.com-0073-2016Redesign;en-US;16776;16769;1;0
Springhillsuitesdenver.com-0060-2015Redesign;en-US;0;12307;1;0
Thelodgeatwoodloch.com-0033-2015Redesign;en-US;7764;7783;1;0
Broadmoor.com-0073-2016Redesign;en-US;16769;16765;1;0
Broadmoor.com-0073-2016Redesign;en-US;16765;16763;1;0
Oxfordclubspa.com-0068-2016Redesign;en-US;0;15568;1;0
Residenceinnnyc.com-0034-2015Redesign;en-US;41457;16501;1;0
Longboatkeyclub.com-0104-2017Redesign;en-US;0;28317;1;0
Thecurtis.com-0079-2016Redesign;en-US;0;17981;1;0
Broadmoor.com-0073-2016Redesign;en-US;16763;16761;1;0
Broadmoor.com-0073-2016Redesign;en-US;16761;16770;1;0
Broadmoor.com-0073-2016Redesign;en-US;16770;20418;1;0
Broadmoor.com-0073-2016Redesign;en-US;20418;16799;1;0
Longboatkeyclub.com-0104-2017Redesign;en-US;28316;35641;1;0
Broadmoor.com-0073-2016Redesign;en-US;16799;16798;1;0
Longboatkeyclub.com-0104-2017Redesign;en-US;35641;28317;1;0
Broadmoor.com-0073-2016Redesign;en-US;16793;23734;1;0
Chrco.com-0107-2017Redesign;en-US;0;31152;1;0
Broadmoor.com-0073-2016Redesign;en-US;16798;18782;1;0
Broadmoor.com-0073-2016Redesign;en-US;18782;16790;1;0
Thesagamore.com-0112-2017Redesign;en-US;32339;33921;1;0
Broadmoor.com-0073-2016Redesign;en-US;16790;27959;1;0
Broadmoor.com-0073-2016Redesign;en-US;27959;16721;1;0
Theloganhotel.com-0043-2015Redesign;en-US;20218;9116;1;0
Broadmoor.com-0073-2016Redesign;en-US;16721;16728;1;0
Longboatkeyclub.com-0104-2017Redesign;en-US;28316;35641;1;0
Broadmoor.com-0073-2016Redesign;en-US;16731;16797;1;0
Broadmoor.com-0073-2016Redesign;en-US;16728;18010;1;0
Broadmoor.com-0073-2016Redesign;en-US;18010;23547;1;0
Thesagamore.com-0112-2017Redesign;en-US;33921;33922;1;0
Broadmoor.com-0073-2016Redesign;en-US;23547;16721;1;0
Broadmoor.com-0073-2016Redesign;en-US;16721;16731;1;0
Cocokeyorlando.com-0059-2015Redesign;en-US;0;12394;1;0
Broadmoor.com-0073-2016Redesign;en-US;16731;17269;1;0
Broadmoor.com-0073-2016Redesign;en-US;17269;16722;1;0
Residenceinnnyc.com-0034-2015Redesign;en-US;16501;17091;1;0
Theloganhotel.com-0043-2015Redesign;en-US;9116;9119;1;0
Chrco.com-0107-2017Redesign;en-US;29680;29434;1;0
Lakeplacidlodge.com-0105-2017Redesign;en-US;32807;32808;1;0
Opalsands.com-0084-2016Redesign;en-US;0;20171;1;0
Theoxfordhotel.com-0062-2015Redesign;en-US;0;14325;1;0
Edgewaternaples.com-0094-2016Redesign;en-US;0;25641;1;0
Broadmoor.com-0073-2016Redesign;en-US;23734;16722;1;0
