Secretharbourvi.com-0040-2015Redesign;en-US;www.bing.com;9231;1;0
Opalsands.com-0084-2016Redesign;en-US;search.aol.com;20171;1;0
Broadmoor.com-0073-2016Redesign;en-US;www.google.com;16764;1;0
Broadmoor.com-0073-2016Redesign;en-US;login.nomadix.com:1111;16724;1;0
Broadmoor.com-0073-2016Redesign;en-US;login.nomadix.com:1111;16724;1;0
Theloganhotel.com-0043-2015Redesign;en-US;shymkent.xkaz.org;18415;1;0
Cphollywoodbeach.com-0032-2015Redesign;en-US;www.google.com;7805;1;0
Cphollywoodbeach.com-0032-2015Redesign;en-US;www.sunny.org;7831;1;0
Unionstationhotelnashville.com-0047-2015Redesign;en-US;www.google.com;24219;1;0
Theloganhotel.com-0043-2015Redesign;en-US;www.google.com;20218;1;0
Broadmoor.com-0073-2016Redesign;en-US;tpc.googlesyndication.com;16728;1;0
Cphollywoodbeach.com-0032-2015Redesign;en-US;www.google.com;7831;1;0
Cphollywoodbeach.com-0032-2015Redesign;en-US;www.google.com;7831;1;0
Jupiterbeachresort.com-0103-2017Redesign;en-US;www.google.com;28158;1;0
Broadmoor.com-0073-2016Redesign;en-US;search.yahoo.com;16738;1;0
Broadmoor.com-0073-2016Redesign;en-US;www.google.com;16721;1;0
Napavalleymarriott.com-0071-2016Redesign;en-US;www.google.com;16432;1;0
Zotabeachresort.com-0090-2016Redesign;en-US;www.google.com;22357;1;0
Zotabeachresort.com-0090-2016Redesign;en-US;www.google.com;22357;1;0
Broadmoor.com-0073-2016Redesign;en-US;m.facebook.com;16790;1;0
Montaukyachtclub.com-0010-2014Redesign;en-US;www.google.com;2240;1;0
Lidobeachresort.com-0106-2017Redesign;en-US;www.baidu.com;28666;1;0
Lidobeachresort.com-0106-2017Redesign;en-US;www.baidu.com;28666;1;0
Broadmoor.com-0073-2016Redesign;en-US;www.bing.com;16721;1;0
Thelodgeatwoodloch.com-0033-2015Redesign;en-US;www.google.com;7764;1;0
Monarchbeachresort.com-0092-2016Redesign;en-US;www.google.com;22725;1;0
Samosetresort.com-0113-2017Redesign;en-US;www.google.com;32541;1;0
Samosetresort.com-0113-2017Redesign;en-US;www.google.com;32541;1;0
Broadmoor.com-0073-2016Redesign;en-US;www.google.com;16721;1;0
Broadmoor.com-0073-2016Redesign;en-US;tpc.googlesyndication.com;16728;1;0
saddlebrook.com-0011-2014Redesign;en-US;r.search.yahoo.com;3385;1;0
Cphollywoodbeach.com-0032-2015Redesign;en-US;www.google.ch;7831;1;0
Washingtoncourthotel.com-0076-2016Redesign;en-US;www.google.com;17858;1;0
Theloganhotel.com-0043-2015Redesign;en-US;www.google.com;20218;1;0
Residenceinnnyc.com-0034-2015Redesign;en-US;google.com;7926;1;0
Montaukyachtclub.com-0010-2014Redesign;en-US;www.google.com;2240;1;0
Broadmoor.com-0073-2016Redesign;en-US;login.nomadix.com:1111;16724;1;0
Broadmoor.com-0073-2016Redesign;en-US;login.nomadix.com:1111;16724;1;0
Broadmoor.com-0073-2016Redesign;en-US;android-app:;18259;1;0
