Broadmoor.com-0073-2016Redesign;en-US;18259;21232;1;0
Broadmoor.com-0073-2016Redesign;en-US;16721;16724;1;0
Courtyardportlandcitycenter.com-0063-2015Redesign;en-US;14552;14615;1;0
Thelodgeatwoodloch.com-0033-2015Redesign;en-US;0;8261;1;0
Renaissancepittsburghpa.com-0044-2015Redesign;en-US;0;9637;1;0
Broadmoor.com-0073-2016Redesign;en-US;16759;20439;1;0
Courtyardportlandcitycenter.com-0063-2015Redesign;en-US;14615;14552;1;0
Sandpearl.com-0091-2016Redesign;en-US;22490;22482;1;0
Broadmoor.com-0073-2016Redesign;en-US;16724;16731;1;0
Thelodgeatwoodloch.com-0033-2015Redesign;en-US;8261;8265;1;0
Broadmoor.com-0073-2016Redesign;en-US;16731;16762;1;0
Sandylane.com-0075-2016Redesign;en-US;17611;17698;1;0
Napavalleymarriott.com-0071-2016Redesign;en-US;16432;16439;1;0
Courtyardportlandcitycenter.com-0063-2015Redesign;en-US;14552;14575;1;0
Thesagamore.com-0112-2017Redesign;en-US;33357;33467;1;0
Broadmoor.com-0073-2016Redesign;en-US;16761;16763;1;0
Courtyardportlandcitycenter.com-0063-2015Redesign;en-US;14575;14958;1;0
Oxfordclubspa.com-0068-2016Redesign;en-US;0;15568;1;0
Napavalleymarriott.com-0071-2016Redesign;en-US;16439;32812;1;0
Broadmoor.com-0073-2016Redesign;en-US;16756;16722;1;0
Broadmoor.com-0073-2016Redesign;en-US;16722;16755;1;0
Cocokeyorlando.com-0059-2015Redesign;en-US;0;12394;1;0
Sandylane.com-0075-2016Redesign;en-US;17698;17701;1;0
Broadmoor.com-0073-2016Redesign;en-US;16776;16763;1;0
Thecurtis.com-0079-2016Redesign;en-US;0;19185;1;0
Washingtondukeinn.com-0024-2014Redesign;en-US;4524;4997;1;0
Sandpearl.com-0091-2016Redesign;en-US;22482;38884;1;0
Broadmoor.com-0073-2016Redesign;en-US;18259;21232;1;0
