Thelodgeatwoodloch.com-0033-2015Redesign;en-US;7764;7782;1;0
Thecurtis.com-0079-2016Redesign;en-US;0;17981;1;0
Thelodgeatwoodloch.com-0033-2015Redesign;en-US;7764;8303;1;0
Thesagamore.com-0112-2017Redesign;en-US;32347;33477;1;0
Sandylane.com-0075-2016Redesign;en-US;17920;17716;1;0
Thelodgeatwoodloch.com-0033-2015Redesign;en-US;7764;8254;1;0
Casaybelresort.com-0002-2014Redesign;en-US;1596;1601;1;0
Luxehotels.com-0078-2016Redesign;en-US;18831;19292;1;0
Cocokeyorlando.com-0059-2015Redesign;en-US;0;12394;1;0
Sandylane.com-0075-2016Redesign;en-US;17675;17676;1;0
Sandylane.com-0075-2016Redesign;en-US;17716;17734;1;0
Chrco.com-0107-2017Redesign;en-US;0;31152;1;0
Laxembassy.com-0008-2014Redesign;en-US;2037;2083;1;0
Edgewaternaples.com-0094-2016Redesign;en-US;25239;25246;1;0
Broadmoor.com-0073-2016Redesign;en-US;16790;18208;1;0
Cocokeyorlando.com-0059-2015Redesign;en-US;0;12394;1;0
Samosetresort.com-0113-2017Redesign;en-US;32541;35146;1;0
Broadmoor.com-0073-2016Redesign;en-US;16722;17444;1;0
Thesagamore.com-0112-2017Redesign;en-US;33472;33473;1;0
Sandylane.com-0075-2016Redesign;en-US;17745;17919;1;0
Laxembassy.com-0008-2014Redesign;en-US;2083;2212;1;0
Thelodgeatwoodloch.com-0033-2015Redesign;en-US;8303;7783;1;0
Casaybelresort.com-0002-2014Redesign;en-US;1601;1627;1;0
Thesagamore.com-0112-2017Redesign;en-US;33472;33473;1;0
Casaybelresort.com-0002-2014Redesign;en-US;0;1613;1;0
Opalsands.com-0084-2016Redesign;en-US;20796;21646;1;0
Thesagamore.com-0112-2017Redesign;en-US;32339;33568;1;0
Luxehotels.com-0078-2016Redesign;en-US;19292;19306;1;0
Broadmoor.com-0073-2016Redesign;en-US;17444;22820;1;0
Theharborsidehotel.com-0114-2017Redesign;en-US;37941;37981;1;0
Sandylane.com-0075-2016Redesign;en-US;17734;17716;1;0
Opalsands.com-0084-2016Redesign;en-US;0;21218;1;0
Thesagamore.com-0112-2017Redesign;en-US;33473;33476;1;0
Laxembassy.com-0008-2014Redesign;en-US;2212;2097;1;0
Casaybelresort.com-0002-2014Redesign;en-US;1533;1613;1;0
Thelodgeatwoodloch.com-0033-2015Redesign;en-US;8277;9932;1;0
Casaybelresort.com-0002-2014Redesign;en-US;1627;1573;1;0
Miravalspamonarchbeach.com-0109-2017Redesign;en-US;32043;31709;1;0
Cocokeyorlando.com-0059-2015Redesign;en-US;0;12394;1;0
saddlebrook.com-0011-2014Redesign;en-US;3458;3385;1;0
Cocokeyorlando.com-0059-2015Redesign;en-US;0;12394;1;0
Samosetresort.com-0113-2017Redesign;en-US;0;32541;1;0
Sandylane.com-0075-2016Redesign;en-US;17684;17611;1;0
Thesagamore.com-0112-2017Redesign;en-US;33476;33475;1;0
Thelodgeatwoodloch.com-0033-2015Redesign;en-US;9932;8278;1;0
Theloganhotel.com-0043-2015Redesign;en-US;20218;27557;1;0
Edgewaternaples.com-0094-2016Redesign;en-US;25239;25246;1;0
Laxembassy.com-0008-2014Redesign;en-US;2097;2098;1;0
Washingtondukeinn.com-0024-2014Redesign;en-US;4524;4738;1;0
theweststreethotel.com-0115-2017Redesign;en-US;36683;36696;1;0
Sandylane.com-0075-2016Redesign;en-US;17676;17677;1;0
Theloganhotel.com-0043-2015Redesign;en-US;27557;40204;1;0
Cphollywoodbeach.com-0032-2015Redesign;en-US;0;7914;1;0
Thelodgeatwoodloch.com-0033-2015Redesign;en-US;7783;8303;1;0
Broadmoor.com-0073-2016Redesign;en-US;16721;16755;1;0
Sandylane.com-0075-2016Redesign;en-US;17677;17679;1;0
Washingtondukeinn.com-0024-2014Redesign;en-US;4738;4524;1;0
Theharborsidehotel.com-0114-2017Redesign;en-US;37981;37941;1;0
Galthouse.com-0042-2015Redesign;en-US;31905;25671;1;0
Laxembassy.com-0008-2014Redesign;en-US;2098;2077;1;0
Thesagamore.com-0112-2017Redesign;en-US;33475;32387;1;0
Broadmoor.com-0073-2016Redesign;en-US;16758;16731;1;0
Laxembassy.com-0008-2014Redesign;en-US;2077;2089;1;0
Broadmoor.com-0073-2016Redesign;en-US;16722;17444;1;0
Thesagamore.com-0112-2017Redesign;en-US;33568;32351;1;0
Theharborsidehotel.com-0114-2017Redesign;en-US;37571;37588;1;0
Broadmoor.com-0073-2016Redesign;en-US;16721;16722;1;0
Thelodgeatwoodloch.com-0033-2015Redesign;en-US;7782;9801;1;0
Opalsands.com-0084-2016Redesign;en-US;21646;20796;1;0
Sandylane.com-0075-2016Redesign;en-US;17679;17680;1;0
Opalsands.com-0084-2016Redesign;en-US;20796;20561;1;0
Broadmoor.com-0073-2016Redesign;en-US;16755;16722;1;0
Thesagamore.com-0112-2017Redesign;en-US;32351;33922;1;0
Casaybelresort.com-0002-2014Redesign;en-US;1613;1570;1;0
Theloganhotel.com-0043-2015Redesign;en-US;40204;27557;1;0
Longboatkeyclub.com-0104-2017Redesign;en-US;28316;35641;1;0
