Renaissancepittsburghpa.com-0044-2015Redesign;en-US;9637;9984;1;0
Cocokeyorlando.com-0059-2015Redesign;en-US;12410;12394;1;0
Halcyonhotelcherrycreek.com-0061-2015Redesign;en-US;22121;23194;1;0
Thelodgeatwoodloch.com-0033-2015Redesign;en-US;9853;9850;1;0
Thesagamore.com-0112-2017Redesign;en-US;33470;32339;1;0
Thesagamore.com-0112-2017Redesign;en-US;32339;32387;1;0
Cocokeyorlando.com-0059-2015Redesign;en-US;12404;12394;1;0
Halcyonhotelcherrycreek.com-0061-2015Redesign;en-US;23194;22121;1;0
Thelodgeatwoodloch.com-0033-2015Redesign;en-US;9847;9850;1;0
Edgewaternaples.com-0094-2016Redesign;en-US;25239;25256;1;0
Thelodgeatwoodloch.com-0033-2015Redesign;en-US;7781;7782;1;0
Monarchbeachresort.com-0092-2016Redesign;en-US;23615;23482;1;0
Thelodgeatwoodloch.com-0033-2015Redesign;en-US;0;8344;1;0
Broadmoor.com-0073-2016Redesign;en-US;18013;23547;1;0
Cocokeyorlando.com-0059-2015Redesign;en-US;12394;12404;1;0
saddlebrook.com-0011-2014Redesign;en-US;3385;3500;1;0
Samosetresort.com-0113-2017Redesign;en-US;0;32541;1;0
Thesagamore.com-0112-2017Redesign;en-US;33922;33923;1;0
Broadmoor.com-0073-2016Redesign;en-US;20436;16755;1;0
Thecrawfordhotel.com-0074-2016Redesign;en-US;17145;17163;1;0
Thelodgeatwoodloch.com-0033-2015Redesign;en-US;8344;8305;1;0
Thesagamore.com-0112-2017Redesign;en-US;33568;32355;1;0
Broadmoor.com-0073-2016Redesign;en-US;16721;16760;1;0
Thesagamore.com-0112-2017Redesign;en-US;32387;41020;1;0
Hospitalityupgrade.com-0093-2016Redesign;en-US;35714;32911;1;0
Thesagamore.com-0112-2017Redesign;en-US;33451;33453;1;0
Broadmoor.com-0073-2016Redesign;en-US;0;21232;1;0
Lakeplacidlodge.com-0105-2017Redesign;en-US;28545;32804;1;0
Lakeplacidlodge.com-0105-2017Redesign;en-US;32789;32807;1;0
Thesagamore.com-0112-2017Redesign;en-US;33921;33922;1;0
Hospitalityupgrade.com-0093-2016Redesign;en-US;32911;38045;1;0
Broadmoor.com-0073-2016Redesign;en-US;18259;21232;1;0
Lakeplacidlodge.com-0105-2017Redesign;en-US;32987;28545;1;0
Thesagamore.com-0112-2017Redesign;en-US;33923;33924;1;0
Marriottdelraybeach.com-0009-2014Redesign;en-US;2829;2882;1;0
Broadmoor.com-0073-2016Redesign;en-US;16755;16758;1;0
Hospitalityupgrade.com-0093-2016Redesign;en-US;38045;32911;1;0
Marriottdelraybeach.com-0009-2014Redesign;en-US;2882;2829;1;0
Broadmoor.com-0073-2016Redesign;en-US;0;18782;1;0
Jupiterbeachresort.com-0103-2017Redesign;en-US;29245;28215;1;0
Cocokeyorlando.com-0059-2015Redesign;en-US;0;12394;1;0
Galthouse.com-0042-2015Redesign;en-US;12887;31905;1;0
Halcyonhotelcherrycreek.com-0061-2015Redesign;en-US;23287;22121;1;0
Theharborsidehotel.com-0114-2017Redesign;en-US;37606;38016;1;0
Thesagamore.com-0112-2017Redesign;en-US;32339;32391;1;0
Thesagamore.com-0112-2017Redesign;en-US;33453;33455;1;0
Broadmoor.com-0073-2016Redesign;en-US;23547;23558;1;0
Broadmoor.com-0073-2016Redesign;en-US;16721;22159;1;0
Halcyonhotelcherrycreek.com-0061-2015Redesign;en-US;22121;40595;1;0
Halcyonhotelcherrycreek.com-0061-2015Redesign;en-US;40595;22121;1;0
Courtyardportlandcitycenter.com-0063-2015Redesign;en-US;14545;14558;1;0
Broadmoor.com-0073-2016Redesign;en-US;18259;17344;1;0
Thesagamore.com-0112-2017Redesign;en-US;32355;32340;1;0
Broadmoor.com-0073-2016Redesign;en-US;16760;16781;1;0
Lakeplacidlodge.com-0105-2017Redesign;en-US;32804;32805;1;0
Thesagamore.com-0112-2017Redesign;en-US;32339;32355;1;0
Thesagamore.com-0112-2017Redesign;en-US;33443;33454;1;0
Jupiterbeachresort.com-0103-2017Redesign;en-US;28215;28214;1;0
Washingtondukeinn.com-0024-2014Redesign;en-US;7844;4524;1;0
Zotabeachresort.com-0090-2016Redesign;en-US;22357;23087;1;0
Casaybelresort.com-0002-2014Redesign;en-US;1533;1613;1;0
Theloganhotel.com-0043-2015Redesign;en-US;0;20218;1;0
Cphollywoodbeach.com-0032-2015Redesign;en-US;7831;7829;1;0
Thesagamore.com-0112-2017Redesign;en-US;33471;33443;1;0
Broadmoor.com-0073-2016Redesign;en-US;18259;21230;1;0
Unionstationhotelnashville.com-0047-2015Redesign;en-US;32226;24058;1;0
Broadmoor.com-0073-2016Redesign;en-US;16722;17444;1;0
Thesagamore.com-0112-2017Redesign;en-US;33924;33366;1;0
Secretharbourvi.com-0040-2015Redesign;en-US;20178;9460;1;0
Halcyonhotelcherrycreek.com-0061-2015Redesign;en-US;22121;40595;1;0
Broadmoor.com-0073-2016Redesign;en-US;22159;16721;1;0
Halcyonhotelcherrycreek.com-0061-2015Redesign;en-US;22121;40595;1;0
Marriottdelraybeach.com-0009-2014Redesign;en-US;2829;2888;1;0
Broadmoor.com-0073-2016Redesign;en-US;16781;16788;1;0
Halcyonhotelcherrycreek.com-0061-2015Redesign;en-US;40595;22121;1;0
Halcyonhotelcherrycreek.com-0061-2015Redesign;en-US;40595;22121;1;0
Thelodgeatwoodloch.com-0033-2015Redesign;en-US;7782;7783;1;0
Galthouse.com-0042-2015Redesign;en-US;31905;10613;1;0
Marriottdelraybeach.com-0009-2014Redesign;en-US;2888;2829;1;0
Thesagamore.com-0112-2017Redesign;en-US;32339;33921;1;0
Theharborsidehotel.com-0114-2017Redesign;en-US;37571;38022;1;0
Cphollywoodbeach.com-0032-2015Redesign;en-US;7831;7813;1;0
Edgewaternaples.com-0094-2016Redesign;en-US;25239;25246;1;0
Thesagamore.com-0112-2017Redesign;en-US;33443;33475;1;0
Unionstationhotelnashville.com-0047-2015Redesign;en-US;24058;24054;1;0
Lakeplacidlodge.com-0105-2017Redesign;en-US;28545;32788;1;0
Thesagamore.com-0112-2017Redesign;en-US;32355;32359;1;0
Monarchbeachresort.com-0092-2016Redesign;en-US;26800;23473;1;0
Thesagamore.com-0112-2017Redesign;en-US;32391;33572;1;0
Broadmoor.com-0073-2016Redesign;en-US;18259;21230;1;0
Renaissancepittsburghpa.com-0044-2015Redesign;en-US;9984;9682;1;0
Hospitalityupgrade.com-0093-2016Redesign;en-US;32911;36187;1;0
Thesagamore.com-0112-2017Redesign;en-US;33921;33922;1;0
Cphollywoodbeach.com-0032-2015Redesign;en-US;7831;7849;1;0
Jupiterbeachresort.com-0103-2017Redesign;en-US;28214;29271;1;0
Thesagamore.com-0112-2017Redesign;en-US;33455;33467;1;0
Thesagamore.com-0112-2017Redesign;en-US;33454;33451;1;0
Unionstationhotelnashville.com-0047-2015Redesign;en-US;32226;24315;1;0
