Thesagamore.com-0112-2017Redesign;en-US;32341;32388;1;0
Lidobeachresort.com-0106-2017Redesign;en-US;28730;28718;1;0
Thesagamore.com-0112-2017Redesign;en-US;32388;32387;1;0
Hospitalityupgrade.com-0093-2016Redesign;en-US;0;25405;1;0
Broadmoor.com-0073-2016Redesign;en-US;17450;16722;1;0
Broadmoor.com-0073-2016Redesign;en-US;16728;16755;1;0
Thesagamore.com-0112-2017Redesign;en-US;32387;32346;1;0
Broadmoor.com-0073-2016Redesign;en-US;18782;21236;1;0
Thelodgeatwoodloch.com-0033-2015Redesign;en-US;7764;7771;1;0
Monarchbeachresort.com-0092-2016Redesign;en-US;23001;22995;1;0
Broadmoor.com-0073-2016Redesign;en-US;16721;16724;1;0
Broadmoor.com-0073-2016Redesign;en-US;18013;32313;1;0
Galthouse.com-0042-2015Redesign;en-US;9789;10613;1;0
Broadmoor.com-0073-2016Redesign;en-US;16728;18293;1;0
Broadmoor.com-0073-2016Redesign;en-US;16721;16751;1;0
Broadmoor.com-0073-2016Redesign;en-US;18163;16778;1;0
Broadmoor.com-0073-2016Redesign;en-US;16722;17443;1;0
Thelodgeatwoodloch.com-0033-2015Redesign;en-US;7764;8254;1;0
saddlebrook.com-0011-2014Redesign;en-US;3500;3499;1;0
Thesagamore.com-0112-2017Redesign;en-US;32346;33568;1;0
Broadmoor.com-0073-2016Redesign;en-US;21231;16761;1;0
Cocokeyorlando.com-0059-2015Redesign;en-US;0;12394;1;0
Edgewaternaples.com-0094-2016Redesign;en-US;25239;41255;1;0
Thecrawfordhotel.com-0074-2016Redesign;en-US;17145;17158;1;0
Lidobeachresort.com-0106-2017Redesign;en-US;28718;28712;1;0
Broadmoor.com-0073-2016Redesign;en-US;16751;18782;1;0
Broadmoor.com-0073-2016Redesign;en-US;18782;21236;1;0
Thelodgeatwoodloch.com-0033-2015Redesign;en-US;7764;7783;1;0
Broadmoor.com-0073-2016Redesign;en-US;16755;16722;1;0
Sandpearl.com-0091-2016Redesign;en-US;22481;23082;1;0
Broadmoor.com-0073-2016Redesign;en-US;18293;16728;1;0
Samosetresort.com-0113-2017Redesign;en-US;0;32541;1;0
Thecrawfordhotel.com-0074-2016Redesign;en-US;17145;17158;1;0
Thelodgeatwoodloch.com-0033-2015Redesign;en-US;7764;7783;1;0
wentworthcom00212014redesign;en-US;26679;4253;1;0
Monarchbeachresort.com-0092-2016Redesign;en-US;40212;23670;1;0
Broadmoor.com-0073-2016Redesign;en-US;16761;16763;1;0
Broadmoor.com-0073-2016Redesign;en-US;16778;18164;1;0
Thelodgeatwoodloch.com-0033-2015Redesign;en-US;7771;7782;1;0
Broadmoor.com-0073-2016Redesign;en-US;16728;18010;1;0
Broadmoor.com-0073-2016Redesign;en-US;16721;16755;1;0
Thecurtis.com-0079-2016Redesign;en-US;0;19072;1;0
Unionstationhotelnashville.com-0047-2015Redesign;en-US;24054;24057;1;0
Luxehotels.com-0078-2016Redesign;en-US;18833;19378;1;0
Thecurtis.com-0079-2016Redesign;en-US;19072;17981;1;0
Sandylane.com-0075-2016Redesign;en-US;17677;17730;1;0
Thecurtis.com-0079-2016Redesign;en-US;17981;18486;1;0
Thesagamore.com-0112-2017Redesign;en-US;32339;33443;1;0
Broadmoor.com-0073-2016Redesign;en-US;16765;16766;1;0
Thecurtis.com-0079-2016Redesign;en-US;17981;19041;1;0
Broadmoor.com-0073-2016Redesign;en-US;17443;17269;1;0
Broadmoor.com-0073-2016Redesign;en-US;32313;16728;1;0
Broadmoor.com-0073-2016Redesign;en-US;16728;16755;1;0
Thelodgeatwoodloch.com-0033-2015Redesign;en-US;7764;9801;1;0
Thecurtis.com-0079-2016Redesign;en-US;19041;19043;1;0
Broadmoor.com-0073-2016Redesign;en-US;18010;16758;1;0
Sandpearl.com-0091-2016Redesign;en-US;22481;23116;1;0
Broadmoor.com-0073-2016Redesign;en-US;20215;16721;1;0
Thecurtis.com-0079-2016Redesign;en-US;19043;17981;1;0
Thecrawfordhotel.com-0074-2016Redesign;en-US;17180;17181;1;0
Broadmoor.com-0073-2016Redesign;en-US;16722;17445;1;0
Thesagamore.com-0112-2017Redesign;en-US;32339;33568;1;0
Casaybelresort.com-0002-2014Redesign;en-US;0;1613;1;0
Thelodgeatwoodloch.com-0033-2015Redesign;en-US;8254;9801;1;0
Broadmoor.com-0073-2016Redesign;en-US;18259;21233;1;0
Thelodgeatwoodloch.com-0033-2015Redesign;en-US;9801;9920;1;0
Thesagamore.com-0112-2017Redesign;en-US;32339;33921;1;0
saddlebrook.com-0011-2014Redesign;en-US;0;3385;1;0
Lidobeachresort.com-0106-2017Redesign;en-US;28666;28667;1;0
Luxehotels.com-0078-2016Redesign;en-US;19378;19383;1;0
Jbdukehotel.com-0086-2016Redesign;en-US;21918;21942;1;0
theweststreethotel.com-0115-2017Redesign;en-US;36683;37657;1;0
