Casaybelresort.com-0002-2014Redesign;en-US;www.google.com;1533;1;0
Galthouse.com-0042-2015Redesign;en-US;www.google.com;31905;1;0
Broadmoor.com-0073-2016Redesign;en-US;tpc.googlesyndication.com;16728;1;0
Oxfordclubspa.com-0068-2016Redesign;en-US;www.google.com;15568;1;0
Thesagamore.com-0112-2017Redesign;en-US;www.google.com;32339;1;0
Thecrawfordhotel.com-0074-2016Redesign;en-US;www.google.com;17145;1;0
Thesagamore.com-0112-2017Redesign;en-US;www.bing.com;32351;1;0
Broadmoor.com-0073-2016Redesign;en-US;tpc.googlesyndication.com;16728;1;0
Cphollywoodbeach.com-0032-2015Redesign;en-US;www.google.com;7805;1;0
Casaybelresort.com-0002-2014Redesign;en-US;www.google.com;1613;1;0
Thecrawfordhotel.com-0074-2016Redesign;en-US;wowway.net;17145;1;0
Homewoodsuiteslax.com-0110-2017Redesign;en-US;www.bing.com;30747;1;0
Broadmoor.com-0073-2016Redesign;en-US;www.google.com;16721;1;0
Broadmoor.com-0073-2016Redesign;en-US;www.google.at;16782;1;0
Broadmoor.com-0073-2016Redesign;en-US;m.facebook.com;16790;1;0
Thecrawfordhotel.com-0074-2016Redesign;en-US;www.google.com;17145;1;0
Galthouse.com-0042-2015Redesign;en-US;www.google.com;31905;1;0
Broadmoor.com-0073-2016Redesign;en-US;tpc.googlesyndication.com;16728;1;0
Cphollywoodbeach.com-0032-2015Redesign;en-US;www.sunny.org;7831;1;0
Thesagamore.com-0112-2017Redesign;en-US;www.google.com;32339;1;0
Broadmoor.com-0073-2016Redesign;en-US;login.nomadix.com:1111;16724;1;0
Galthouse.com-0042-2015Redesign;en-US;www.google.com;31905;1;0
Broadmoor.com-0073-2016Redesign;en-US;login.nomadix.com:1111;16724;1;0
Galthouse.com-0042-2015Redesign;en-US;www.google.com;31905;1;0
Monarchbeachresort.com-0092-2016Redesign;en-US;m.facebook.com;26800;1;0
Opalsands.com-0084-2016Redesign;en-US;www.google.com;20171;1;0
Thesagamore.com-0112-2017Redesign;en-US;www.google.com;32339;1;0
Thesagamore.com-0112-2017Redesign;en-US;www.google.com;32339;1;0
Galthouse.com-0042-2015Redesign;en-US;www.google.com;31905;1;0
Galthouse.com-0042-2015Redesign;en-US;www.google.com;31905;1;0
Galthouse.com-0042-2015Redesign;en-US;www.google.com;31905;1;0
Galthouse.com-0042-2015Redesign;en-US;www.google.com;31905;1;0
Thesagamore.com-0112-2017Redesign;en-US;www.google.com;32340;1;0
Broadmoor.com-0073-2016Redesign;en-US;www.google.com;16728;1;0
Monarchbeachresort.com-0092-2016Redesign;en-US;www.google.com;22725;1;0
Jbdukehotel.com-0086-2016Redesign;en-US;www.google.com;21918;1;0
Thelodgeatwoodloch.com-0033-2015Redesign;en-US;search.yahoo.com;7764;1;0
Broadmoor.com-0073-2016Redesign;en-US;tpc.googlesyndication.com;16728;1;0
Broadmoor.com-0073-2016Redesign;en-US;tpc.googlesyndication.com;16728;1;0
Broadmoor.com-0073-2016Redesign;en-US;www.google.com;16721;1;0
Broadmoor.com-0073-2016Redesign;en-US;www.google.com;16721;1;0
Jupiterbeachresort.com-0103-2017Redesign;en-US;r.search.yahoo.com;28158;1;0
Montaukyachtclub.com-0010-2014Redesign;en-US;www.google.com;2240;1;0
Cphollywoodbeach.com-0032-2015Redesign;en-US;www.google.com;7805;1;0
Broadmoor.com-0073-2016Redesign;en-US;www.google.com;18259;1;0
