Casaybelresort.com-0002-2014Redesign;en-US;surfinggator.com;1613;1;0
Oxfordclubspa.com-0068-2016Redesign;en-US;www.google.com;15568;1;0
Cphollywoodbeach.com-0032-2015Redesign;en-US;www.google.com.br;7831;1;0
Halcyonhotelcherrycreek.com-0061-2015Redesign;en-US;uncrate.com;22121;1;0
Cocokeyorlando.com-0059-2015Redesign;en-US;www.google.co.jp;12394;1;0
Thecurtis.com-0079-2016Redesign;en-US;www.google.com;17981;1;0
Laxembassy.com-0008-2014Redesign;en-US;www.google.com;2037;1;0
saddlebrook.com-0011-2014Redesign;en-US;www.telegraph.co.uk;3385;1;0
Broadmoor.com-0073-2016Redesign;en-US;www.google.com;16721;1;0
Broadmoor.com-0073-2016Redesign;en-US;www.visitcos.com;16721;1;0
Broadmoor.com-0073-2016Redesign;en-US;www.google.com;16721;1;0
Marriottkeylargo.com-0015-2014Redesign;en-US;www.google.com;3948;1;0
Broadmoor.com-0073-2016Redesign;en-US;login.nomadix.com:1111;16724;1;0
Broadmoor.com-0073-2016Redesign;en-US;login.nomadix.com:1111;16724;1;0
Theoxfordhotel.com-0062-2015Redesign;en-US;www.google.com;14325;1;0
Luxehotels.com-0078-2016Redesign;en-US;www.google.com;19324;1;0
Cphollywoodbeach.com-0032-2015Redesign;en-US;www.sunny.org;7831;1;0
Halcyonhotelcherrycreek.com-0061-2015Redesign;en-US;www.google.com;22121;1;0
Broadmoor.com-0073-2016Redesign;en-US;www.google.com;16770;1;0
Casaybelresort.com-0002-2014Redesign;en-US;www.google.com;1533;1;0
Sandpearl.com-0091-2016Redesign;en-US;www.google.com;22481;1;0
Thesagamore.com-0112-2017Redesign;en-US;www.adkweddings.com;32339;1;0
Thesagamore.com-0112-2017Redesign;en-US;www.adkweddings.com;32339;1;0
Thecurtis.com-0079-2016Redesign;en-US;www.google.com;19391;1;0
Samosetresort.com-0113-2017Redesign;en-US;www.google.com;32541;1;0
Samosetresort.com-0113-2017Redesign;en-US;www.google.com;32541;1;0
Casaybelresort.com-0002-2014Redesign;en-US;www.bing.com;1533;1;0
Marriottkeylargo.com-0015-2014Redesign;en-US;www.beachcamsusa.com;3948;1;0
Marriottkeylargo.com-0015-2014Redesign;en-US;www.beachcamsusa.com;3964;1;0
Broadmoor.com-0073-2016Redesign;en-US;www.google.com;16721;1;0
Broadmoor.com-0073-2016Redesign;en-US;login.nomadix.com:1111;16724;1;0
Broadmoor.com-0073-2016Redesign;en-US;login.nomadix.com:1111;16724;1;0
Casaybelresort.com-0002-2014Redesign;en-US;surfinggator.com;1613;1;0
