Lakeplacidlodge.com-0105-2017Redesign;en-US;32791;32793;1;0
Broadmoor.com-0073-2016Redesign;en-US;16728;18013;1;0
Sandpearl.com-0091-2016Redesign;en-US;22530;23063;1;0
Broadmoor.com-0073-2016Redesign;en-US;16722;17445;1;0
Thesagamore.com-0112-2017Redesign;en-US;41600;33921;1;0
Broadmoor.com-0073-2016Redesign;en-US;18013;21866;1;0
Casaybelresort.com-0002-2014Redesign;en-US;1606;1613;1;0
Cphollywoodbeach.com-0032-2015Redesign;en-US;7831;8288;1;0
Broadmoor.com-0073-2016Redesign;en-US;16722;16728;1;0
Cphollywoodbeach.com-0032-2015Redesign;en-US;7861;8021;1;0
Broadmoor.com-0073-2016Redesign;en-US;17339;16724;1;0
Thesagamore.com-0112-2017Redesign;en-US;0;33569;1;0
Unionstationhotelnashville.com-0047-2015Redesign;en-US;24221;24219;1;0
Thelodgeatwoodloch.com-0033-2015Redesign;en-US;0;7764;1;0
Broadmoor.com-0073-2016Redesign;en-US;18010;17269;1;0
Broadmoor.com-0073-2016Redesign;en-US;20439;16724;1;0
Broadmoor.com-0073-2016Redesign;en-US;16721;16765;1;0
theweststreethotel.com-0115-2017Redesign;en-US;37428;37425;1;0
Broadmoor.com-0073-2016Redesign;en-US;16721;16728;1;0
Washingtoncourthotel.com-0076-2016Redesign;en-US;17858;17911;1;0
Unionstationhotelnashville.com-0047-2015Redesign;en-US;24219;10385;1;0
Thelodgeatwoodloch.com-0033-2015Redesign;en-US;7783;7771;1;0
Broadmoor.com-0073-2016Redesign;en-US;18293;16756;1;0
Casaybelresort.com-0002-2014Redesign;en-US;1613;1606;1;0
Broadmoor.com-0073-2016Redesign;en-US;16765;16721;1;0
theweststreethotel.com-0115-2017Redesign;en-US;36683;37425;1;0
Longboatkeyclub.com-0104-2017Redesign;en-US;28364;28349;1;0
Lehotels.com-0049-2015Transfer;en-US;16028;16034;1;0
Broadmoor.com-0073-2016Redesign;en-US;16721;16765;1;0
Thelodgeatwoodloch.com-0033-2015Redesign;en-US;8254;7771;1;0
Cocokeyorlando.com-0059-2015Redesign;en-US;0;12394;1;0
Broadmoor.com-0073-2016Redesign;en-US;16721;16755;1;0
Minnetonkamarriott.com-0039-2015Redesign;en-US;8840;8841;1;0
Sandpearl.com-0091-2016Redesign;en-US;22481;22498;1;0
Thelodgeatwoodloch.com-0033-2015Redesign;en-US;8266;9801;1;0
Longboatkeyclub.com-0104-2017Redesign;en-US;28316;28349;1;0
Cocokeyorlando.com-0059-2015Redesign;en-US;12581;12394;1;0
Theharborsidehotel.com-0114-2017Redesign;en-US;37571;37584;1;0
Sandpearl.com-0091-2016Redesign;en-US;22481;23090;1;0
Washingtoncourthotel.com-0076-2016Redesign;en-US;0;17911;1;0
Chrco.com-0107-2017Redesign;en-US;0;31152;1;0
Lehotels.com-0049-2015Transfer;en-US;16034;16035;1;0
Thesagamore.com-0112-2017Redesign;en-US;32339;32349;1;0
Thecurtis.com-0079-2016Redesign;en-US;0;17981;1;0
Unionstationhotelnashville.com-0047-2015Redesign;en-US;24218;24058;1;0
Casaybelresort.com-0002-2014Redesign;en-US;0;1573;1;0
Broadmoor.com-0073-2016Redesign;en-US;32320;18014;1;0
Samosetresort.com-0113-2017Redesign;en-US;0;32541;1;0
Thelodgeatwoodloch.com-0033-2015Redesign;en-US;9801;8266;1;0
Thelodgeatwoodloch.com-0033-2015Redesign;en-US;11304;7771;1;0
theweststreethotel.com-0115-2017Redesign;en-US;36683;36691;1;0
Thelodgeatwoodloch.com-0033-2015Redesign;en-US;7771;7782;1;0
Broadmoor.com-0073-2016Redesign;en-US;16721;16760;1;0
Cocokeyorlando.com-0059-2015Redesign;en-US;12394;12406;1;0
Renaissancepittsburghpa.com-0044-2015Redesign;en-US;0;9637;1;0
Thesagamore.com-0112-2017Redesign;en-US;32349;33480;1;0
Unionstationhotelnashville.com-0047-2015Redesign;en-US;10385;24219;1;0
Broadmoor.com-0073-2016Redesign;en-US;21866;21867;1;0
wentworthcom00212014redesign;en-US;26679;4246;1;0
Secretharbourvi.com-0040-2015Redesign;en-US;9231;20178;1;0
Sandpearl.com-0091-2016Redesign;en-US;23090;23117;1;0
Unionstationhotelnashville.com-0047-2015Redesign;en-US;24219;24221;1;0
Cphollywoodbeach.com-0032-2015Redesign;en-US;0;7831;1;0
Samosetresort.com-0113-2017Redesign;en-US;0;32541;1;0
Cocokeyorlando.com-0059-2015Redesign;en-US;0;12404;1;0
Unionstationhotelnashville.com-0047-2015Redesign;en-US;24221;24219;1;0
Springhillsuitesdenver.com-0060-2015Redesign;en-US;0;12307;1;0
Unionstationhotelnashville.com-0047-2015Redesign;en-US;24219;24221;1;0
Lakeplacidlodge.com-0105-2017Redesign;en-US;28545;32795;1;0
Broadmoor.com-0073-2016Redesign;en-US;17269;17344;1;0
Unionstationhotelnashville.com-0047-2015Redesign;en-US;24221;24218;1;0
Broadmoor.com-0073-2016Redesign;en-US;17445;16722;1;0
saddlebrook.com-0011-2014Redesign;en-US;3385;3452;1;0
Thelodgeatwoodloch.com-0033-2015Redesign;en-US;7764;8278;1;0
Unionstationhotelnashville.com-0047-2015Redesign;en-US;24218;24054;1;0
