Broadmoor.com-0073-2016Redesign;en-US;login.nomadix.com:1111;16724;1;0
Broadmoor.com-0073-2016Redesign;en-US;login.nomadix.com:1111;16724;1;0
Delraysandsresort.com-0097-2016Redesign;en-US;s0.2mdn.net;36464;1;0
Broadmoor.com-0073-2016Redesign;en-US;r.search.yahoo.com;16721;1;0
Broadmoor.com-0073-2016Redesign;en-US;r.search.yahoo.com;16721;1;0
Cphollywoodbeach.com-0032-2015Redesign;en-US;www.google.com;7831;1;0
Monarchbeachresort.com-0092-2016Redesign;en-US;www.google.com;22725;1;0
Broadmoor.com-0073-2016Redesign;en-US;www.google.com;18782;1;0
Broadmoor.com-0073-2016Redesign;en-US;login.nomadix.com:1111;16724;1;0
Casaybelresort.com-0002-2014Redesign;en-US;www.google.com;1533;1;0
Broadmoor.com-0073-2016Redesign;en-US;login.nomadix.com:1111;16724;1;0
Thesagamore.com-0112-2017Redesign;en-US;search.yahoo.com;32339;1;0
Zotabeachresort.com-0090-2016Redesign;en-US;www.google.com;22357;1;0
theweststreethotel.com-0115-2017Redesign;en-US;www.google.com;36683;1;0
Zotabeachresort.com-0090-2016Redesign;en-US;www.opalcollection.com;22357;1;0
Zotabeachresort.com-0090-2016Redesign;en-US;www.opalcollection.com;22357;1;0
Halcyonhotelcherrycreek.com-0061-2015Redesign;en-US;www.google.com;22121;1;0
Opalsands.com-0084-2016Redesign;en-US;www.google.com;20171;1;0
Opalsands.com-0084-2016Redesign;en-US;www.google.com;20171;1;0
theweststreethotel.com-0115-2017Redesign;en-US;www.google.com;36683;1;0
Broadmoor.com-0073-2016Redesign;en-US;www.google.com;16721;1;0
Broadmoor.com-0073-2016Redesign;en-US;www.google.com;16721;1;0
Abbingtonbanquets.com-0070-2016Redesign;en-US;life-instyle.com;15789;1;0
Abbingtonbanquets.com-0070-2016Redesign;en-US;life-instyle.com;15789;1;0
Theloganhotel.com-0043-2015Redesign;en-US;www.google.com;20218;1;0
theweststreethotel.com-0115-2017Redesign;en-US;www.google.com;36683;1;0
Cphollywoodbeach.com-0032-2015Redesign;en-US;www.beachcamsusa.com;7831;1;0
Cphollywoodbeach.com-0032-2015Redesign;en-US;www.sunny.org;7831;1;0
Jupiterbeachresort.com-0103-2017Redesign;en-US;www.google.com;28158;1;0
Lidobeachresort.com-0106-2017Redesign;en-US;www.google.com;28666;1;0
Theloganhotel.com-0043-2015Redesign;en-US;www.google.ca;20218;1;0
Theharborsidehotel.com-0114-2017Redesign;en-US;www.google.com;37571;1;0
Longboatkeyclub.com-0104-2017Redesign;en-US;www.google.com;28316;1;0
Theharborsidehotel.com-0114-2017Redesign;en-US;www.google.com;37571;1;0
Galthouse.com-0042-2015Redesign;en-US;m.facebook.com;31905;1;0
Galthouse.com-0042-2015Redesign;en-US;m.facebook.com;31905;1;0
shop.broadmoor.com-0096-2016ShoppingCart;en-US;www.broadmoor.com;26973;1;0
Galthouse.com-0042-2015Redesign;en-US;www.kppanigp.org;31905;1;0
Cphollywoodbeach.com-0032-2015Redesign;en-US;www.sunny.org;7831;1;0
Monarchbeachresort.com-0092-2016Redesign;en-US;www.google.com;23670;1;0
Thesagamore.com-0112-2017Redesign;en-US;www.google.com;32339;1;0
Casaybelresort.com-0002-2014Redesign;en-US;www.google.ch;1533;1;0
Sandpearl.com-0091-2016Redesign;en-US;www.google.com;22481;1;0
Napavalleymarriott.com-0071-2016Redesign;en-US;www.google.com;16432;1;0
Broadmoor.com-0073-2016Redesign;en-US;www.google.com;16722;1;0
Broadmoor.com-0073-2016Redesign;en-US;www.bing.com;22720;1;0
Longboatkeyclub.com-0104-2017Redesign;en-US;www.google.com;28316;1;0
