Samosetresort.com-0113-2017Redesign;en-US;0;32541;1;0
Washingtondukeinn.com-0024-2014Redesign;en-US;4738;4524;1;0
Luxehotels.com-0078-2016Redesign;en-US;19383;19378;1;0
Galthouse.com-0042-2015Redesign;en-US;10577;10055;1;0
Cocokeyorlando.com-0059-2015Redesign;en-US;0;12415;1;0
Thesagamore.com-0112-2017Redesign;en-US;0;32339;1;0
saddlebrook.com-0011-2014Redesign;en-US;3482;3385;1;0
Casaybelresort.com-0002-2014Redesign;en-US;1533;1596;1;0
Thesagamore.com-0112-2017Redesign;en-US;0;32339;1;0
Luxehotels.com-0078-2016Redesign;en-US;0;18805;1;0
Cocokeyorlando.com-0059-2015Redesign;en-US;0;12394;1;0
Thesagamore.com-0112-2017Redesign;en-US;0;41020;1;0
Monarchbeachresort.com-0092-2016Redesign;en-US;22877;22865;1;0
Laxembassy.com-0008-2014Redesign;en-US;2037;2094;1;0
Thesagamore.com-0112-2017Redesign;en-US;0;33567;1;0
Luxehotels.com-0078-2016Redesign;en-US;19378;19382;1;0
Thesagamore.com-0112-2017Redesign;en-US;0;33575;1;0
Monarchbeachresort.com-0092-2016Redesign;en-US;22865;22999;1;0
Chrco.com-0107-2017Redesign;en-US;29680;29452;1;0
Thesagamore.com-0112-2017Redesign;en-US;0;33576;1;0
Cocokeyorlando.com-0059-2015Redesign;en-US;0;12394;1;0
Sandpearl.com-0091-2016Redesign;en-US;22481;22498;1;0
Cocokeyorlando.com-0059-2015Redesign;en-US;0;12394;1;0
