Thesagamore.com-0112-2017Redesign;en-US;33474;33473;1;0
theweststreethotel.com-0115-2017Redesign;en-US;36700;36684;1;0
Longboatkeyclub.com-0104-2017Redesign;en-US;0;28316;1;0
Longboatkeyclub.com-0104-2017Redesign;en-US;0;28316;1;0
Thesagamore.com-0112-2017Redesign;en-US;32339;32349;1;0
Galthouse.com-0042-2015Redesign;en-US;0;10580;1;0
Cphollywoodbeach.com-0032-2015Redesign;en-US;7862;8282;1;0
Thesagamore.com-0112-2017Redesign;en-US;32339;33447;1;0
Thesagamore.com-0112-2017Redesign;en-US;32349;33357;1;0
Thesagamore.com-0112-2017Redesign;en-US;33473;33476;1;0
Washingtoncourthotel.com-0076-2016Redesign;en-US;17858;17955;1;0
Lidobeachresort.com-0106-2017Redesign;en-US;28666;29832;1;0
Broadmoor.com-0073-2016Redesign;en-US;16761;21231;1;0
Cocokeyorlando.com-0059-2015Redesign;en-US;0;12394;1;0
Glencovemansion.com-0058-2015Redesign;en-US;13328;13364;1;0
Washingtoncourthotel.com-0076-2016Redesign;en-US;17955;17858;1;0
Theloganhotel.com-0043-2015Redesign;en-US;9124;9119;1;0
Theoxfordhotel.com-0062-2015Redesign;en-US;0;14325;1;0
Sandylane.com-0075-2016Redesign;en-US;17698;17708;1;0
Thesagamore.com-0112-2017Redesign;en-US;33357;33467;1;0
Samosetresort.com-0113-2017Redesign;en-US;0;32541;1;0
Halcyonhotelcherrycreek.com-0061-2015Redesign;en-US;22121;23195;1;0
Thesagamore.com-0112-2017Redesign;en-US;33467;33357;1;0
Sandylane.com-0075-2016Redesign;en-US;17708;17698;1;0
Lidobeachresort.com-0106-2017Redesign;en-US;29832;29833;1;0
Galthouse.com-0042-2015Redesign;en-US;31905;25671;1;0
Sandylane.com-0075-2016Redesign;en-US;17739;19747;1;0
Cocokeyorlando.com-0059-2015Redesign;en-US;0;12394;1;0
Lakeplacidlodge.com-0105-2017Redesign;en-US;28545;28552;1;0
Thesagamore.com-0112-2017Redesign;en-US;32339;32340;1;0
Theloganhotel.com-0043-2015Redesign;en-US;9119;9327;1;0
Thesagamore.com-0112-2017Redesign;en-US;33357;33469;1;0
Broadmoor.com-0073-2016Redesign;en-US;0;21232;1;0
Cphollywoodbeach.com-0032-2015Redesign;en-US;7813;7831;1;0
Thesagamore.com-0112-2017Redesign;en-US;33469;33357;1;0
Washingtoncourthotel.com-0076-2016Redesign;en-US;17858;18046;1;0
Washingtoncourthotel.com-0076-2016Redesign;en-US;18046;17858;1;0
Thesagamore.com-0112-2017Redesign;en-US;33357;32351;1;0
Thelodgeatwoodloch.com-0033-2015Redesign;en-US;8274;9801;1;0
Thesagamore.com-0112-2017Redesign;en-US;32348;33543;1;0
Thesagamore.com-0112-2017Redesign;en-US;33476;33446;1;0
