Bluebirch.com-0072-2016Redesign;en-US;16693;16694;1;0
Thelodgeatwoodloch.com-0033-2015Redesign;en-US;9847;8277;1;0
Minnetonkamarriott.com-0039-2015Redesign;en-US;9620;33821;1;0
Broadmoor.com-0073-2016Redesign;en-US;16761;16724;1;0
Broadmoor.com-0073-2016Redesign;en-US;18485;16721;1;0
Abbingtonbanquets.com-0070-2016Redesign;en-US;0;15801;1;0
Longboatkeyclub.com-0104-2017Redesign;en-US;29652;28317;1;0
Broadmoor.com-0073-2016Redesign;en-US;18014;31267;1;0
Broadmoor.com-0073-2016Redesign;en-US;18259;21232;1;0
Edgewaternaples.com-0094-2016Redesign;en-US;25239;25246;1;0
Thelodgeatwoodloch.com-0033-2015Redesign;en-US;8266;7781;1;0
Sandpearl.com-0091-2016Redesign;en-US;22481;22536;1;0
saddlebrook.com-0011-2014Redesign;en-US;3475;3469;1;0
Broadmoor.com-0073-2016Redesign;en-US;0;17449;1;0
Sandpearl.com-0091-2016Redesign;en-US;23082;23090;1;0
Samosetresort.com-0113-2017Redesign;en-US;35220;32554;1;0
Montaukyachtclub.com-0010-2014Redesign;en-US;3554;2392;1;0
Abbingtonbanquets.com-0070-2016Redesign;en-US;0;16652;1;0
wentworthcom00212014redesign;en-US;4302;4253;1;0
Cocokeyorlando.com-0059-2015Redesign;en-US;12581;12401;1;0
Thesagamore.com-0112-2017Redesign;en-US;32347;33470;1;0
Thelodgeatwoodloch.com-0033-2015Redesign;en-US;7782;7783;1;0
Thesagamore.com-0112-2017Redesign;en-US;33447;33471;1;0
Broadmoor.com-0073-2016Redesign;en-US;16757;16721;1;0
Thelodgeatwoodloch.com-0033-2015Redesign;en-US;7764;11307;1;0
Broadmoor.com-0073-2016Redesign;en-US;16721;16755;1;0
Chrco.com-0107-2017Redesign;en-US;0;31152;1;0
Broadmoor.com-0073-2016Redesign;en-US;16721;16761;1;0
Abbingtonbanquets.com-0070-2016Redesign;en-US;0;15790;1;0
Thelodgeatwoodloch.com-0033-2015Redesign;en-US;9801;8265;1;0
Thecurtis.com-0079-2016Redesign;en-US;17981;18015;1;0
Broadmoor.com-0073-2016Redesign;en-US;16755;16758;1;0
Thesagamore.com-0112-2017Redesign;en-US;32354;33921;1;0
Broadmoor.com-0073-2016Redesign;en-US;16756;16731;1;0
Cocokeyorlando.com-0059-2015Redesign;en-US;0;12394;1;0
Thesagamore.com-0112-2017Redesign;en-US;33921;41020;1;0
Monarchbeachresort.com-0092-2016Redesign;en-US;22847;23038;1;0
Thelodgeatwoodloch.com-0033-2015Redesign;en-US;11307;8305;1;0
Glencovemansion.com-0058-2015Redesign;en-US;13330;13346;1;0
Edgewaternaples.com-0094-2016Redesign;en-US;25246;25287;1;0
Thesagamore.com-0112-2017Redesign;en-US;41020;32387;1;0
Minnetonkamarriott.com-0039-2015Redesign;en-US;33821;9620;1;0
Monarchbeachresort.com-0092-2016Redesign;en-US;23683;23906;1;0
Thelodgeatwoodloch.com-0033-2015Redesign;en-US;7764;7771;1;0
Thelodgeatwoodloch.com-0033-2015Redesign;en-US;11307;7781;1;0
Samosetresort.com-0113-2017Redesign;en-US;32554;32547;1;0
Cphollywoodbeach.com-0032-2015Redesign;en-US;7805;7847;1;0
Thelodgeatwoodloch.com-0033-2015Redesign;en-US;8346;9801;1;0
Samosetresort.com-0113-2017Redesign;en-US;0;32541;1;0
Broadmoor.com-0073-2016Redesign;en-US;16721;16772;1;0
Thelodgeatwoodloch.com-0033-2015Redesign;en-US;8305;7764;1;0
Thesagamore.com-0112-2017Redesign;en-US;32387;32346;1;0
Broadmoor.com-0073-2016Redesign;en-US;16721;16722;1;0
wentworthcom00212014redesign;en-US;26679;4276;1;0
Thecurtis.com-0079-2016Redesign;en-US;0;17981;1;0
Cphollywoodbeach.com-0032-2015Redesign;en-US;7805;7831;1;0
Lakeplacidlodge.com-0105-2017Redesign;en-US;28545;32804;1;0
Thelodgeatwoodloch.com-0033-2015Redesign;en-US;8261;8265;1;0
Thecurtis.com-0079-2016Redesign;en-US;18372;18015;1;0
theweststreethotel.com-0115-2017Redesign;en-US;36683;37425;1;0
wentworthcom00212014redesign;en-US;4276;4414;1;0
Thelodgeatwoodloch.com-0033-2015Redesign;en-US;7783;8274;1;0
Thesagamore.com-0112-2017Redesign;en-US;32346;32339;1;0
Longboatkeyclub.com-0104-2017Redesign;en-US;28316;28317;1;0
Luxehotels.com-0078-2016Redesign;en-US;18833;27358;1;0
Broadmoor.com-0073-2016Redesign;en-US;16761;21231;1;0
Thelodgeatwoodloch.com-0033-2015Redesign;en-US;28116;9847;1;0
Thelodgeatwoodloch.com-0033-2015Redesign;en-US;0;7782;1;0
Halcyonhotelcherrycreek.com-0061-2015Redesign;en-US;23190;23188;1;0
Samosetresort.com-0113-2017Redesign;en-US;35127;32577;1;0
Broadmoor.com-0073-2016Redesign;en-US;0;16756;1;0
Thelodgeatwoodloch.com-0033-2015Redesign;en-US;7764;8323;1;0
Broadmoor.com-0073-2016Redesign;en-US;16722;17443;1;0
Thesagamore.com-0112-2017Redesign;en-US;32339;33538;1;0
Halcyonhotelcherrycreek.com-0061-2015Redesign;en-US;23188;22121;1;0
Broadmoor.com-0073-2016Redesign;en-US;21232;16721;1;0
Cphollywoodbeach.com-0032-2015Redesign;en-US;7847;7850;1;0
Halcyonhotelcherrycreek.com-0061-2015Redesign;en-US;22121;23190;1;0
Thelodgeatwoodloch.com-0033-2015Redesign;en-US;9847;9853;1;0
Springhillsuitesdenver.com-0060-2015Redesign;en-US;0;12307;1;0
Edgewaternaples.com-0094-2016Redesign;en-US;25246;25287;1;0
Thecurtis.com-0079-2016Redesign;en-US;18015;19185;1;0
Thelodgeatwoodloch.com-0033-2015Redesign;en-US;9801;11304;1;0
Sandpearl.com-0091-2016Redesign;en-US;23090;23082;1;0
Unionstationhotelnashville.com-0047-2015Redesign;en-US;0;24054;1;0
Monarchbeachresort.com-0092-2016Redesign;en-US;23906;23683;1;0
Thecurtis.com-0079-2016Redesign;en-US;17981;18015;1;0
Thelodgeatwoodloch.com-0033-2015Redesign;en-US;8274;9847;1;0
