Cphollywoodbeach.com-0032-2015Redesign;en-US;www.google.com;7831;1;0
Theoxfordhotel.com-0062-2015Redesign;en-US;den-80202-5400.localdomain:444;14325;1;0
Cphollywoodbeach.com-0032-2015Redesign;en-US;www.sunny.org;7831;1;0
Marriottkeylargo.com-0015-2014Redesign;en-US;www.beachcamsusa.com;3948;1;0
Cphollywoodbeach.com-0032-2015Redesign;en-US;www.google.gr;7831;1;0
Cocokeyorlando.com-0059-2015Redesign;en-US;secure53.ibahn.com;12394;1;0
Cphollywoodbeach.com-0032-2015Redesign;en-US;www.sunny.org;7831;1;0
Cphollywoodbeach.com-0032-2015Redesign;en-US;www.sunny.org;7831;1;0
Marriottkeylargo.com-0015-2014Redesign;en-US;www.google.com;3964;1;0
Cphollywoodbeach.com-0032-2015Redesign;en-US;www.sunny.org;7831;1;0
Cphollywoodbeach.com-0032-2015Redesign;en-US;www.sunny.org;7831;1;0
Thesagamore.com-0112-2017Redesign;en-US;www.google.com;32339;1;0
Thesagamore.com-0112-2017Redesign;en-US;www.google.com;32339;1;0
Casaybelresort.com-0002-2014Redesign;en-US;www.google.com;1613;1;0
Marriottkeylargo.com-0015-2014Redesign;en-US;surfinggator.com;3948;1;0
Cphollywoodbeach.com-0032-2015Redesign;en-US;www.google.com;7831;1;0
Cphollywoodbeach.com-0032-2015Redesign;en-US;www.google.com;7831;1;0
Cphollywoodbeach.com-0032-2015Redesign;en-US;www.google.com;7831;1;0
Laxembassy.com-0008-2014Redesign;en-US;www.google.com;2037;1;0
Residenceinnnyc.com-0034-2015Redesign;en-US;www.bing.com;8087;1;0
Thecrawfordhotel.com-0074-2016Redesign;en-US;www.google.com;17187;1;0
Cphollywoodbeach.com-0032-2015Redesign;en-US;www.google.ca;7831;1;0
Cphollywoodbeach.com-0032-2015Redesign;en-US;www.google.com;7831;1;0
Broadmoor.com-0073-2016Redesign;en-US;www.google.com;18259;1;0
Cphollywoodbeach.com-0032-2015Redesign;en-US;www.sunny.org;7831;1;0
Casaybelresort.com-0002-2014Redesign;en-US;www.google.fr;1613;1;0
Thesagamore.com-0112-2017Redesign;en-US;www.google.com;32347;1;0
Cphollywoodbeach.com-0032-2015Redesign;en-US;www.sunny.org;7831;1;0
Broadmoor.com-0073-2016Redesign;en-US;login.nomadix.com:1111;16724;1;0
Thesagamore.com-0112-2017Redesign;en-US;www.google.com;33479;1;0
Broadmoor.com-0073-2016Redesign;en-US;login.nomadix.com:1111;16724;1;0
Assuranceoperations.com-0065-2015Redesign;en-US;www.shoppingmiracles.co.uk;15289;1;0
Assuranceoperations.com-0065-2015Redesign;en-US;www.shoppingmiracles.co.uk;15289;1;0
Casaybelresort.com-0002-2014Redesign;en-US;www.google.com;1613;1;0
Assuranceoperations.com-0065-2015Redesign;en-US;www.shoppingmiracles.co.uk;15289;1;0
Cphollywoodbeach.com-0032-2015Redesign;en-US;www.sunny.org;7831;1;0
Cphollywoodbeach.com-0032-2015Redesign;en-US;www.sunny.org;7831;1;0
Longboatkeyclub.com-0104-2017Redesign;en-US;www.worldcam.pl;28317;1;0
Cphollywoodbeach.com-0032-2015Redesign;en-US;www.sunny.org;7831;1;0
saddlebrook.com-0011-2014Redesign;en-US;r.search.yahoo.com;3385;1;0
Casaybelresort.com-0002-2014Redesign;en-US;surfinggator.com;1613;1;0
Cphollywoodbeach.com-0032-2015Redesign;en-US;www.sunny.org;7831;1;0
Halcyonhotelcherrycreek.com-0061-2015Redesign;en-US;www.google.com;22121;1;0
Marriottkeylargo.com-0015-2014Redesign;en-US;surfinggator.com;3948;1;0
Marriottkeylargo.com-0015-2014Redesign;en-US;surfinggator.com;3948;1;0
Cphollywoodbeach.com-0032-2015Redesign;en-US;www.sunny.org;7831;1;0
Samosetresort.com-0113-2017Redesign;en-US;r.search.yahoo.com;32541;1;0
Longboatkeyclub.com-0104-2017Redesign;en-US;worldcam.eu;28317;1;0
Galthouse.com-0042-2015Redesign;en-US;s0.2mdn.net;10582;1;0
Cphollywoodbeach.com-0032-2015Redesign;en-US;www.sunny.org;7831;1;0
Marriottkeylargo.com-0015-2014Redesign;en-US;twooceansdigital.com;3948;1;0
Marriottkeylargo.com-0015-2014Redesign;en-US;twooceansdigital.com;3964;1;0
Luxehotels.com-0078-2016Redesign;en-US;www.google.com;19333;1;0
Broadmoor.com-0073-2016Redesign;en-US;login.nomadix.com:1111;16724;1;0
wentworthcom00212014redesign;en-US;www.google.com;4259;1;0
Cphollywoodbeach.com-0032-2015Redesign;en-US;www.google.ca;7831;1;0
