Beverlyhillsresidenceinn.com-0087-2016Redesign;en-US;www.google.com;20999;1;0
Broadmoor.com-0073-2016Redesign;en-US;www.bing.com;16755;1;0
Sandpearl.com-0091-2016Redesign;en-US;www.google.com;22481;1;0
Renaissancepittsburghpa.com-0044-2015Redesign;en-US;www.google.com;9637;1;0
Marriottdelraybeach.com-0009-2014Redesign;en-US;www.ophotels.com;2829;1;0
Marriottkeylargo.com-0015-2014Redesign;en-US;www.ophotels.com;3948;1;0
Thesagamore.com-0112-2017Redesign;en-US;www.google.com;32347;1;0
wentworthcom00212014redesign;en-US;www.ophotels.com;26679;1;0
Jupiterbeachresort.com-0103-2017Redesign;en-US;www.ophotels.com;28158;1;0
Delraysandsresort.com-0097-2016Redesign;en-US;www.ophotels.com;27232;1;0
wentworthcom00212014redesign;en-US;www.ophotels.com;4259;1;0
Lakeplacidlodge.com-0105-2017Redesign;en-US;www.ophotels.com;28545;1;0
Marriottdelraybeach.com-0009-2014Redesign;en-US;www.ophotels.com;2845;1;0
Marriottkeylargo.com-0015-2014Redesign;en-US;www.ophotels.com;3964;1;0
Samosetresort.com-0113-2017Redesign;en-US;www.ophotels.com;32541;1;0
Theharborsidehotel.com-0114-2017Redesign;en-US;www.ophotels.com;37571;1;0
Longboatkeyclub.com-0104-2017Redesign;en-US;www.ophotels.com;35641;1;0
Samosetresort.com-0113-2017Redesign;en-US;www.ophotels.com;32541;1;0
Thesagamore.com-0112-2017Redesign;en-US;www.ophotels.com;32339;1;0
Lidobeachresort.com-0106-2017Redesign;en-US;www.ophotels.com;28666;1;0
theweststreethotel.com-0115-2017Redesign;en-US;www.ophotels.com;36683;1;0
Lehotels.com-0049-2015Transfer;en-US;www.google.ca;12963;1;0
Monarchbeachresort.com-0092-2016Redesign;en-US;www.google.com;22995;1;0
Cphollywoodbeach.com-0032-2015Redesign;en-US;www.sunny.org;7831;1;0
Broadmoor.com-0073-2016Redesign;en-US;www.google.com.jm;18485;1;0
Broadmoor.com-0073-2016Redesign;en-US;m.facebook.com;18013;1;0
Broadmoor.com-0073-2016Redesign;en-US;www.google.com;18259;1;0
Lidobeachresort.com-0106-2017Redesign;en-US;www.google.com;30036;1;0
wentworthcom00212014redesign;en-US;www.google.com;4330;1;0
Broadmoor.com-0073-2016Redesign;en-US;login.nomadix.com:1111;16724;1;0
Broadmoor.com-0073-2016Redesign;en-US;login.nomadix.com:1111;16724;1;0
Thelodgeatwoodloch.com-0033-2015Redesign;en-US;r.search.yahoo.com;7764;1;0
Samosetresort.com-0113-2017Redesign;en-US;www.google.com;35144;1;0
Monarchbeachresort.com-0092-2016Redesign;en-US;www.google.com;23000;1;0
Abbingtonbanquets.com-0070-2016Redesign;en-US;www.google.com;15789;1;0
Sandylane.com-0075-2016Redesign;en-US;www.google.com;17611;1;0
Casaybelresort.com-0002-2014Redesign;en-US;www.google.com;1613;1;0
Galthouse.com-0042-2015Redesign;en-US;m.facebook.com;31905;1;0
Galthouse.com-0042-2015Redesign;en-US;m.facebook.com;31905;1;0
Longboatkeyclub.com-0104-2017Redesign;en-US;www.google.com;28316;1;0
Longboatkeyclub.com-0104-2017Redesign;en-US;www.google.com;28316;1;0
Lidobeachresort.com-0106-2017Redesign;en-US;www.google.com;28666;1;0
Galthouse.com-0042-2015Redesign;en-US;www.google.ca;10568;1;0
Broadmoor.com-0073-2016Redesign;en-US;s0.2mdn.net;16721;1;0
Broadmoor.com-0073-2016Redesign;en-US;login.nomadix.com:1111;16724;1;0
Broadmoor.com-0073-2016Redesign;en-US;login.nomadix.com:1111;16724;1;0
Theoxfordhotel.com-0062-2015Redesign;en-US;den-80202-5400.localdomain:444;14325;1;0
Halcyonhotelcherrycreek.com-0061-2015Redesign;en-US;www.google.com;22121;1;0
Abbingtonbanquets.com-0070-2016Redesign;en-US;filmsapk.com;15789;1;0
Galthouse.com-0042-2015Redesign;en-US;s0.2mdn.net;10923;1;0
Broadmoor.com-0073-2016Redesign;en-US;www.google.com;16790;1;0
Thelodgeatwoodloch.com-0033-2015Redesign;en-US;l.instagram.com;7764;1;0
Broadmoor.com-0073-2016Redesign;en-US;www.google.com.jm;16742;1;0
Renaissancepittsburghpa.com-0044-2015Redesign;en-US;www.google.com;9637;1;0
Monarchbeachresort.com-0092-2016Redesign;en-US;www.google.com;23676;1;0
Cocokeyorlando.com-0059-2015Redesign;en-US;www.google.com;12410;1;0
Theoxfordhotel.com-0062-2015Redesign;en-US;www.google.com;14325;1;0
Lidobeachresort.com-0106-2017Redesign;en-US;esurvey.templates.cendyn.com;28666;1;0
Edgewaternaples.com-0094-2016Redesign;en-US;www.baidu.com;25239;1;0
Edgewaternaples.com-0094-2016Redesign;en-US;www.baidu.com;25239;1;0
Lidobeachresort.com-0106-2017Redesign;en-US;esurvey.templates.cendyn.com;28666;1;0
Broadmoor.com-0073-2016Redesign;en-US;www.google.com;16763;1;0
Broadmoor.com-0073-2016Redesign;en-US;www.google.com;16763;1;0
