Montaukyachtclub.com-0010-2014Redesign;en-US;2240;2280;1;0
Theloganhotel.com-0043-2015Redesign;en-US;0;27561;1;0
Theloganhotel.com-0043-2015Redesign;en-US;0;15962;1;0
Samosetresort.com-0113-2017Redesign;en-US;32541;35144;1;0
Thesagamore.com-0112-2017Redesign;en-US;33476;33921;1;0
Lakeplacidlodge.com-0105-2017Redesign;en-US;28595;28597;1;0
shop.broadmoor.com-0096-2016ShoppingCart;en-US;26990;27382;1;0
Degreerestaurant.com-0056-2015Redesign;en-US;11601;11602;1;0
Galthouse.com-0042-2015Redesign;en-US;0;10578;1;0
Luxehotels.com-0078-2016Redesign;en-US;18833;33719;1;0
Theharborsidehotel.com-0114-2017Redesign;en-US;37571;41599;1;0
Montaukyachtclub.com-0010-2014Redesign;en-US;3554;2392;1;0
Samosetresort.com-0113-2017Redesign;en-US;32541;32553;1;0
Cocokeyorlando.com-0059-2015Redesign;en-US;0;12394;1;0
Halcyonhotelcherrycreek.com-0061-2015Redesign;en-US;23193;23196;1;0
Broadmoor.com-0073-2016Redesign;en-US;16724;20418;1;0
Thesagamore.com-0112-2017Redesign;en-US;33921;33923;1;0
Samosetresort.com-0113-2017Redesign;en-US;32553;35227;1;0
Cocokeyorlando.com-0059-2015Redesign;en-US;12394;12435;1;0
Samosetresort.com-0113-2017Redesign;en-US;0;32541;1;0
Washingtoncourthotel.com-0076-2016Redesign;en-US;0;17858;1;0
Thesagamore.com-0112-2017Redesign;en-US;33454;32347;1;0
Renaissancepittsburghpa.com-0044-2015Redesign;en-US;0;9637;1;0
Thecurtis.com-0079-2016Redesign;en-US;0;17981;1;0
Thelodgeatwoodloch.com-0033-2015Redesign;en-US;9932;8254;1;0
Broadmoor.com-0073-2016Redesign;en-US;16764;16766;1;0
Thesagamore.com-0112-2017Redesign;en-US;33923;32351;1;0
Thesagamore.com-0112-2017Redesign;en-US;32351;33921;1;0
Samosetresort.com-0113-2017Redesign;en-US;0;32541;1;0
shop.broadmoor.com-0096-2016ShoppingCart;en-US;27382;26990;1;0
Lakeplacidlodge.com-0105-2017Redesign;en-US;28597;28594;1;0
Thesagamore.com-0112-2017Redesign;en-US;33469;33922;1;0
Theoxfordhotel.com-0062-2015Redesign;en-US;0;14325;1;0
Thelodgeatwoodloch.com-0033-2015Redesign;en-US;7764;7782;1;0
Thelodgeatwoodloch.com-0033-2015Redesign;en-US;7764;7783;1;0
shop.broadmoor.com-0096-2016ShoppingCart;en-US;26990;26988;1;0
Broadmoor.com-0073-2016Redesign;en-US;0;21232;1;0
wentworthcom00212014redesign;en-US;4259;26679;1;0
wentworthcom00212014redesign;en-US;26679;4259;1;0
Jbdukehotel.com-0086-2016Redesign;en-US;21918;21953;1;0
Jupiterbeachresort.com-0103-2017Redesign;en-US;28158;29245;1;0
Luxehotels.com-0078-2016Redesign;en-US;33719;29602;1;0
shop.broadmoor.com-0096-2016ShoppingCart;en-US;26988;26987;1;0
Broadmoor.com-0073-2016Redesign;en-US;18259;21232;1;0
Thesagamore.com-0112-2017Redesign;en-US;33922;33921;1;0
Cocokeyorlando.com-0059-2015Redesign;en-US;0;12394;1;0
Thelodgeatwoodloch.com-0033-2015Redesign;en-US;8254;9847;1;0
Sandpearl.com-0091-2016Redesign;en-US;22492;22541;1;0
Montaukyachtclub.com-0010-2014Redesign;en-US;2280;2392;1;0
Broadmoor.com-0073-2016Redesign;en-US;18259;21232;1;0
Cocokeyorlando.com-0059-2015Redesign;en-US;12415;12414;1;0
saddlebrook.com-0011-2014Redesign;en-US;4538;3482;1;0
Cphollywoodbeach.com-0032-2015Redesign;en-US;7805;7831;1;0
Monarchbeachresort.com-0092-2016Redesign;en-US;22725;23615;1;0
Lakeplacidlodge.com-0105-2017Redesign;en-US;28594;28590;1;0
Montaukyachtclub.com-0010-2014Redesign;en-US;2392;2384;1;0
Cocokeyorlando.com-0059-2015Redesign;en-US;0;12410;1;0
Washingtondukeinn.com-0024-2014Redesign;en-US;4524;4756;1;0
Jupiterbeachresort.com-0103-2017Redesign;en-US;29245;29246;1;0
Theoxfordhotel.com-0062-2015Redesign;en-US;0;14325;1;0
Samosetresort.com-0113-2017Redesign;en-US;35227;35274;1;0
Galthouse.com-0042-2015Redesign;en-US;10568;10586;1;0
Thelodgeatwoodloch.com-0033-2015Redesign;en-US;7783;7771;1;0
Edgewaternaples.com-0094-2016Redesign;en-US;25256;25302;1;0
Thesagamore.com-0112-2017Redesign;en-US;0;33474;1;0
Thesagamore.com-0112-2017Redesign;en-US;32347;32392;1;0
