Thelodgeatwoodloch.com-0033-2015Redesign;en-US;7764;7771;1;0
Broadmoor.com-0073-2016Redesign;en-US;21236;16728;1;0
Theharborsidehotel.com-0114-2017Redesign;en-US;38412;38023;1;0
Miravalspamonarchbeach.com-0109-2017Redesign;en-US;32256;40727;1;0
Broadmoor.com-0073-2016Redesign;en-US;21231;16721;1;0
Thelodgeatwoodloch.com-0033-2015Redesign;en-US;7781;7783;1;0
Thelodgeatwoodloch.com-0033-2015Redesign;en-US;7764;8265;1;0
Thesagamore.com-0112-2017Redesign;en-US;32339;32351;1;0
Casaybelresort.com-0002-2014Redesign;en-US;1570;1596;1;0
Cocokeyorlando.com-0059-2015Redesign;en-US;0;12394;1;0
Edgewaternaples.com-0094-2016Redesign;en-US;25251;25270;1;0
Thesagamore.com-0112-2017Redesign;en-US;32346;33921;1;0
Opalsands.com-0084-2016Redesign;en-US;20798;20792;1;0
Cocokeyorlando.com-0059-2015Redesign;en-US;12410;12546;1;0
wentworthcom00212014redesign;en-US;4284;4283;1;0
Miravalspamonarchbeach.com-0109-2017Redesign;en-US;40727;32288;1;0
Luxehotels.com-0078-2016Redesign;en-US;0;19660;1;0
Broadmoor.com-0073-2016Redesign;en-US;18782;21235;1;0
Samosetresort.com-0113-2017Redesign;en-US;35283;35226;1;0
Broadmoor.com-0073-2016Redesign;en-US;18259;17344;1;0
Luxehotels.com-0078-2016Redesign;en-US;0;19276;1;0
Miravalspamonarchbeach.com-0109-2017Redesign;en-US;32288;35261;1;0
Thesagamore.com-0112-2017Redesign;en-US;32351;33922;1;0
Casaybelresort.com-0002-2014Redesign;en-US;1596;1627;1;0
Luxehotels.com-0078-2016Redesign;en-US;0;19290;1;0
Renaissancepittsburghpa.com-0044-2015Redesign;en-US;9637;9690;1;0
Zotabeachresort.com-0090-2016Redesign;en-US;22357;22358;1;0
Broadmoor.com-0073-2016Redesign;en-US;17269;17339;1;0
Thelodgeatwoodloch.com-0033-2015Redesign;en-US;8265;9801;1;0
Opalsands.com-0084-2016Redesign;en-US;20792;28082;1;0
saddlebrook.com-0011-2014Redesign;en-US;3445;3475;1;0
Theloganhotel.com-0043-2015Redesign;en-US;20218;9124;1;0
Cocokeyorlando.com-0059-2015Redesign;en-US;0;12406;1;0
Broadmoor.com-0073-2016Redesign;en-US;0;21232;1;0
Luxehotels.com-0078-2016Redesign;en-US;0;19330;1;0
Cocokeyorlando.com-0059-2015Redesign;en-US;12546;12410;1;0
Broadmoor.com-0073-2016Redesign;en-US;16728;36006;1;0
Secretharbourvi.com-0040-2015Redesign;en-US;9231;20178;1;0
Samosetresort.com-0113-2017Redesign;en-US;35226;35232;1;0
Thelodgeatwoodloch.com-0033-2015Redesign;en-US;7771;7781;1;0
Broadmoor.com-0073-2016Redesign;en-US;21235;18782;1;0
Luxehotels.com-0078-2016Redesign;en-US;0;19301;1;0
Samosetresort.com-0113-2017Redesign;en-US;0;32541;1;0
Broadmoor.com-0073-2016Redesign;en-US;18782;16751;1;0
Secretharbourvi.com-0040-2015Redesign;en-US;20178;9301;1;0
Sandylane.com-0075-2016Redesign;en-US;17611;17745;1;0
Broadmoor.com-0073-2016Redesign;en-US;16751;16753;1;0
Cocokeyorlando.com-0059-2015Redesign;en-US;0;12581;1;0
saddlebrook.com-0011-2014Redesign;en-US;3475;3454;1;0
Luxehotels.com-0078-2016Redesign;en-US;0;19300;1;0
Theharborsidehotel.com-0114-2017Redesign;en-US;38023;38024;1;0
Broadmoor.com-0073-2016Redesign;en-US;18010;16755;1;0
Chrco.com-0107-2017Redesign;en-US;0;31152;1;0
Thelodgeatwoodloch.com-0033-2015Redesign;en-US;0;7782;1;0
Miravalspamonarchbeach.com-0109-2017Redesign;en-US;35261;32267;1;0
Luxehotels.com-0078-2016Redesign;en-US;0;19302;1;0
Thesagamore.com-0112-2017Redesign;en-US;32339;33921;1;0
