Broadmoor.com-0073-2016Redesign;en-US;www.visitcos.com;22159;1;0
Broadmoor.com-0073-2016Redesign;en-US;www.cmzoo.org;16721;1;0
Broadmoor.com-0073-2016Redesign;en-US;tpc.googlesyndication.com;16728;1;0
Broadmoor.com-0073-2016Redesign;en-US;l.instagram.com;16721;1;0
Broadmoor.com-0073-2016Redesign;en-US;www.google.com;18259;1;0
Thesagamore.com-0112-2017Redesign;en-US;www.google.com;33922;1;0
Galthouse.com-0042-2015Redesign;en-US;www.google.com;10577;1;0
Sandpearl.com-0091-2016Redesign;en-US;www.google.com;22537;1;0
Monarchbeachresort.com-0092-2016Redesign;en-US;www.google.com;22725;1;0
Lidobeachresort.com-0106-2017Redesign;en-US;www.google.com;28682;1;0
Sandpearl.com-0091-2016Redesign;en-US;www.google.com;22481;1;0
Sandpearl.com-0091-2016Redesign;en-US;www.google.com;22481;1;0
Broadmoor.com-0073-2016Redesign;en-US;login.nomadix.com:1111;16724;1;0
Broadmoor.com-0073-2016Redesign;en-US;login.nomadix.com:1111;16724;1;0
Broadmoor.com-0073-2016Redesign;en-US;furthermore.equinox.com;18207;1;0
Luxehotels.com-0078-2016Redesign;en-US;www.bing.com;19573;1;0
Thesagamore.com-0112-2017Redesign;en-US;www.google.com;33924;1;0
Unionstationhotelnashville.com-0047-2015Redesign;en-US;www.google.com;32226;1;0
Luxehotels.com-0078-2016Redesign;en-US;www.google.com;18830;1;0
Napavalleymarriott.com-0071-2016Redesign;en-US;www.google.com;16432;1;0
Samosetresort.com-0113-2017Redesign;en-US;www.google.com;32551;1;0
Broadmoor.com-0073-2016Redesign;en-US;www.google.com;16721;1;0
Lidobeachresort.com-0106-2017Redesign;en-US;www.google.com;28667;1;0
Sandpearl.com-0091-2016Redesign;en-US;www.google.com;22481;1;0
Broadmoor.com-0073-2016Redesign;en-US;tpc.googlesyndication.com;16728;1;0
Opalsands.com-0084-2016Redesign;en-US;www.beachtourism.com;20171;1;0
Sandpearl.com-0091-2016Redesign;en-US;www.google.com;22481;1;0
theweststreethotel.com-0115-2017Redesign;en-US;www.bing.com;36683;1;0
Cocokeyorlando.com-0059-2015Redesign;en-US;android-app:;12394;1;0
wentworthcom00212014redesign;en-US;r.search.yahoo.com;26679;1;0
Cocokeyorlando.com-0059-2015Redesign;en-US;android-app:;12394;1;0
Montaukyachtclub.com-0010-2014Redesign;en-US;www.hamptons.com;2240;1;0
Sandpearl.com-0091-2016Redesign;en-US;search.yahoo.com;22481;1;0
Lidobeachresort.com-0106-2017Redesign;en-US;www.google.com;28682;1;0
Broadmoor.com-0073-2016Redesign;en-US;www.google.com;16786;1;0
Sandpearl.com-0091-2016Redesign;en-US;www.google.com;22537;1;0
Broadmoor.com-0073-2016Redesign;en-US;login.nomadix.com:1111;16724;1;0
Broadmoor.com-0073-2016Redesign;en-US;login.nomadix.com:1111;16724;1;0
Lidobeachresort.com-0106-2017Redesign;en-US;m.facebook.com;28667;1;0
Lidobeachresort.com-0106-2017Redesign;en-US;m.facebook.com;28667;1;0
