Cocokeyorlando.com-0059-2015Redesign;en-US;0;12394;1;0
Casaybelresort.com-0002-2014Redesign;en-US;1533;1613;1;0
Thesagamore.com-0112-2017Redesign;en-US;32355;33470;1;0
Casaybelresort.com-0002-2014Redesign;en-US;1613;1596;1;0
Theoxfordhotel.com-0062-2015Redesign;en-US;0;14325;1;0
Thelodgeatwoodloch.com-0033-2015Redesign;en-US;11304;7771;1;0
Sandpearl.com-0091-2016Redesign;en-US;22481;40726;1;0
Broadmoor.com-0073-2016Redesign;en-US;17338;17269;1;0
Thelodgeatwoodloch.com-0033-2015Redesign;en-US;7771;7781;1;0
Cocokeyorlando.com-0059-2015Redesign;en-US;0;12394;1;0
Broadmoor.com-0073-2016Redesign;en-US;17269;17342;1;0
Springhillsuitesdenver.com-0060-2015Redesign;en-US;0;12307;1;0
Sandpearl.com-0091-2016Redesign;en-US;23118;23082;1;0
Thelodgeatwoodloch.com-0033-2015Redesign;en-US;8261;11307;1;0
Thecurtis.com-0079-2016Redesign;en-US;0;17981;1;0
Halcyonhotelcherrycreek.com-0061-2015Redesign;en-US;22121;41138;1;0
Halcyonhotelcherrycreek.com-0061-2015Redesign;en-US;41138;22121;1;0
Hospitalityupgrade.com-0093-2016Redesign;en-US;0;36743;1;0
Thesagamore.com-0112-2017Redesign;en-US;32351;33922;1;0
Cocokeyorlando.com-0059-2015Redesign;en-US;0;12394;1;0
Broadmoor.com-0073-2016Redesign;en-US;17342;17269;1;0
Sandpearl.com-0091-2016Redesign;en-US;40726;22482;1;0
Chrco.com-0107-2017Redesign;en-US;0;31152;1;0
Unionstationhotelnashville.com-0047-2015Redesign;en-US;32226;24054;1;0
Halcyonhotelcherrycreek.com-0061-2015Redesign;en-US;22121;40467;1;0
Halcyonhotelcherrycreek.com-0061-2015Redesign;en-US;40467;22121;1;0
Broadmoor.com-0073-2016Redesign;en-US;17269;16760;1;0
theweststreethotel.com-0115-2017Redesign;en-US;36684;36683;1;0
Unionstationhotelnashville.com-0047-2015Redesign;en-US;24054;24055;1;0
Marriottkeylargo.com-0015-2014Redesign;en-US;3948;4026;1;0
Theharborsidehotel.com-0114-2017Redesign;en-US;0;37571;1;0
Renaissancepittsburghpa.com-0044-2015Redesign;en-US;9637;10040;1;0
Samosetresort.com-0113-2017Redesign;en-US;0;32541;1;0
