Miravalspamonarchbeach.com-0109-2017Redesign;en-US;www.monarchbeachresort.com;31709;1;0
Longboatkeyclub.com-0104-2017Redesign;en-US;www.google.com;28316;1;0
Broadmoor.com-0073-2016Redesign;en-US;www.google.com;16721;1;0
Sandpearl.com-0091-2016Redesign;en-US;www.google.com;22481;1;0
Sandpearl.com-0091-2016Redesign;en-US;www.google.com;22481;1;0
Cocokeyorlando.com-0059-2015Redesign;en-US;www.google.com;12410;1;0
Theloganhotel.com-0043-2015Redesign;en-US;www.google.com;20218;1;0
Casaybelresort.com-0002-2014Redesign;en-US;www.google.com;1533;1;0
Secretharbourvi.com-0040-2015Redesign;en-US;r.search.yahoo.com;9231;1;0
Thelodgeatwoodloch.com-0033-2015Redesign;en-US;www.google.com;7782;1;0
Theloganhotel.com-0043-2015Redesign;en-US;www.google.com;20218;1;0
Galthouse.com-0042-2015Redesign;en-US;www.google.com;12887;1;0
Casaybelresort.com-0002-2014Redesign;en-US;m.facebook.com;1639;1;0
Springhillsuitesdenver.com-0060-2015Redesign;en-US;www.google.com;12307;1;0
Thecrawfordhotel.com-0074-2016Redesign;en-US;newelljonesandjones.com;17180;1;0
Broadmoor.com-0073-2016Redesign;en-US;5280.eoncontent.ebscohost.com;16721;1;0
Broadmoor.com-0073-2016Redesign;en-US;search.yahoo.com;22720;1;0
Broadmoor.com-0073-2016Redesign;en-US;5280.eoncontent.ebscohost.com;16721;1;0
Oxfordclubspa.com-0068-2016Redesign;en-US;www.google.com;15568;1;0
Broadmoor.com-0073-2016Redesign;en-US;login.nomadix.com:1111;16724;1;0
Glencovemansion.com-0058-2015Redesign;en-US;www.google.com;13328;1;0
Broadmoor.com-0073-2016Redesign;en-US;login.nomadix.com:1111;16724;1;0
Edgewaternaples.com-0094-2016Redesign;en-US;reservations.edgewaternaples.com;25298;1;0
Sandylane.com-0075-2016Redesign;en-US;www.google.ca;18017;1;0
Edgewaternaples.com-0094-2016Redesign;en-US;r.search.yahoo.com;25239;1;0
Cphollywoodbeach.com-0032-2015Redesign;en-US;www.google.com;7805;1;0
Napavalleymarriott.com-0071-2016Redesign;en-US;www.google.com;16453;1;0
Thelodgeatwoodloch.com-0033-2015Redesign;en-US;www.google.com;7764;1;0
Cphollywoodbeach.com-0032-2015Redesign;en-US;www.google.com;7805;1;0
Sandpearl.com-0091-2016Redesign;en-US;www.google.com;22481;1;0
Sandpearl.com-0091-2016Redesign;en-US;www.google.com;22481;1;0
Theharborsidehotel.com-0114-2017Redesign;en-US;www.google.com;37571;1;0
Montaukyachtclub.com-0010-2014Redesign;en-US;m.facebook.com;2240;1;0
Luxehotels.com-0078-2016Redesign;en-US;www.google.com;18831;1;0
Edgewaternaples.com-0094-2016Redesign;en-US;reservations.edgewaternaples.com;25298;1;0
Lidobeachresort.com-0106-2017Redesign;en-US;www.google.com;28666;1;0
Lidobeachresort.com-0106-2017Redesign;en-US;www.google.com;28666;1;0
Cocokeyorlando.com-0059-2015Redesign;en-US;www.google.com;12415;1;0
Marriottkeylargo.com-0015-2014Redesign;en-US;www.google.com;3948;1;0
