wentworthcom00212014redesign;en-US;4277;4280;1;0
shop.broadmoor.com-0096-2016ShoppingCart;en-US;26987;27010;1;0
Thesagamore.com-0112-2017Redesign;en-US;33921;33924;1;0
Thesagamore.com-0112-2017Redesign;en-US;32346;33577;1;0
Lakeplacidlodge.com-0105-2017Redesign;en-US;32932;28552;1;0
Thesagamore.com-0112-2017Redesign;en-US;33921;33447;1;0
Broadmoor.com-0073-2016Redesign;en-US;0;16724;1;0
Thesagamore.com-0112-2017Redesign;en-US;33470;33471;1;0
shop.broadmoor.com-0096-2016ShoppingCart;en-US;27010;26987;1;0
Thesagamore.com-0112-2017Redesign;en-US;33921;33925;1;0
Broadmoor.com-0073-2016Redesign;en-US;0;16721;1;0
Cocokeyorlando.com-0059-2015Redesign;en-US;0;12394;1;0
Galthouse.com-0042-2015Redesign;en-US;10586;10587;1;0
Monarchbeachresort.com-0092-2016Redesign;en-US;22725;22877;1;0
wentworthcom00212014redesign;en-US;4280;4274;1;0
Sandylane.com-0075-2016Redesign;en-US;18036;17724;1;0
Luxehotels.com-0078-2016Redesign;en-US;19339;19340;1;0
theweststreethotel.com-0115-2017Redesign;en-US;36691;36721;1;0
wentworthcom00212014redesign;en-US;4259;4266;1;0
Galthouse.com-0042-2015Redesign;en-US;10587;10055;1;0
shop.broadmoor.com-0096-2016ShoppingCart;en-US;26987;27378;1;0
Sandylane.com-0075-2016Redesign;en-US;17724;18036;1;0
wentworthcom00212014redesign;en-US;4274;4411;1;0
Opalsands.com-0084-2016Redesign;en-US;21648;21540;1;0
wentworthcom00212014redesign;en-US;4266;26679;1;0
wentworthcom00212014redesign;en-US;26679;4259;1;0
wentworthcom00212014redesign;en-US;4259;26679;1;0
wentworthcom00212014redesign;en-US;26679;4259;1;0
Thesagamore.com-0112-2017Redesign;en-US;32339;32346;1;0
Sandylane.com-0075-2016Redesign;en-US;18036;17745;1;0
Thelodgeatwoodloch.com-0033-2015Redesign;en-US;7764;8278;1;0
Samosetresort.com-0113-2017Redesign;en-US;0;35227;1;0
Lakeplacidlodge.com-0105-2017Redesign;en-US;28552;28593;1;0
Hospitalityupgrade.com-0093-2016Redesign;en-US;0;37631;1;0
Sandylane.com-0075-2016Redesign;en-US;17745;17919;1;0
Hospitalityupgrade.com-0093-2016Redesign;en-US;0;37631;1;0
Hospitalityupgrade.com-0093-2016Redesign;en-US;0;37631;1;0
Broadmoor.com-0073-2016Redesign;en-US;32313;18013;1;0
theweststreethotel.com-0115-2017Redesign;en-US;36721;37726;1;0
Broadmoor.com-0073-2016Redesign;en-US;0;18259;1;0
Hospitalityupgrade.com-0093-2016Redesign;en-US;0;37631;1;0
Thesagamore.com-0112-2017Redesign;en-US;33472;32339;1;0
Thelodgeatwoodloch.com-0033-2015Redesign;en-US;7764;9801;1;0
Thelodgeatwoodloch.com-0033-2015Redesign;en-US;7764;7771;1;0
Thesagamore.com-0112-2017Redesign;en-US;33924;33922;1;0
Opalsands.com-0084-2016Redesign;en-US;21540;20171;1;0
Theharborsidehotel.com-0114-2017Redesign;en-US;37572;38024;1;0
Thesagamore.com-0112-2017Redesign;en-US;33925;33921;1;0
Thesagamore.com-0112-2017Redesign;en-US;33922;33924;1;0
Thesagamore.com-0112-2017Redesign;en-US;32346;32388;1;0
Broadmoor.com-0073-2016Redesign;en-US;18259;21232;1;0
Courtyardportlandcitycenter.com-0063-2015Redesign;en-US;38031;19610;1;0
Broadmoor.com-0073-2016Redesign;en-US;16755;16756;1;0
theweststreethotel.com-0115-2017Redesign;en-US;37425;36684;1;0
Casaybelresort.com-0002-2014Redesign;en-US;1533;1600;1;0
Thesagamore.com-0112-2017Redesign;en-US;33921;33366;1;0
Cocokeyorlando.com-0059-2015Redesign;en-US;0;12394;1;0
Thelodgeatwoodloch.com-0033-2015Redesign;en-US;7771;7783;1;0
Cocokeyorlando.com-0059-2015Redesign;en-US;12406;12414;1;0
wentworthcom00212014redesign;en-US;4411;4245;1;0
Broadmoor.com-0073-2016Redesign;en-US;18013;18010;1;0
saddlebrook.com-0011-2014Redesign;en-US;0;3385;1;0
Halcyonhotelcherrycreek.com-0061-2015Redesign;en-US;22121;41138;1;0
Samosetresort.com-0113-2017Redesign;en-US;0;32541;1;0
Halcyonhotelcherrycreek.com-0061-2015Redesign;en-US;41138;22121;1;0
Thesagamore.com-0112-2017Redesign;en-US;33443;32348;1;0
Broadmoor.com-0073-2016Redesign;en-US;21866;21867;1;0
Thesagamore.com-0112-2017Redesign;en-US;32339;33921;1;0
Thesagamore.com-0112-2017Redesign;en-US;32349;32354;1;0
Monarchbeachresort.com-0092-2016Redesign;en-US;23492;22999;1;0
Bellemontfarm.com-0007-2013Redesign;en-US;2503;2491;1;0
Thelodgeatwoodloch.com-0033-2015Redesign;en-US;9801;9920;1;0
Hospitalityupgrade.com-0093-2016Redesign;en-US;0;37631;1;0
wentworthcom00212014redesign;en-US;4259;4267;1;0
Hospitalityupgrade.com-0093-2016Redesign;en-US;0;37631;1;0
Thesagamore.com-0112-2017Redesign;en-US;32339;32351;1;0
Casaybelresort.com-0002-2014Redesign;en-US;1600;1601;1;0
Bellemontfarm.com-0007-2013Redesign;en-US;2491;15684;1;0
wentworthcom00212014redesign;en-US;4267;26679;1;0
wentworthcom00212014redesign;en-US;26679;4259;1;0
Opalsands.com-0084-2016Redesign;en-US;23635;26182;1;0
wentworthcom00212014redesign;en-US;4259;26679;1;0
wentworthcom00212014redesign;en-US;26679;4259;1;0
wentworthcom00212014redesign;en-US;4245;4415;1;0
Washingtoncourthotel.com-0076-2016Redesign;en-US;17955;17956;1;0
Galthouse.com-0042-2015Redesign;en-US;10055;10590;1;0
wentworthcom00212014redesign;en-US;4259;26679;1;0
Thelodgeatwoodloch.com-0033-2015Redesign;en-US;7783;7771;1;0
wentworthcom00212014redesign;en-US;26679;4259;1;0
wentworthcom00212014redesign;en-US;4415;4245;1;0
Thesagamore.com-0112-2017Redesign;en-US;33471;33472;1;0
Luxehotels.com-0078-2016Redesign;en-US;19340;19336;1;0
Courtyardportlandcitycenter.com-0063-2015Redesign;en-US;19610;14557;1;0
Thesagamore.com-0112-2017Redesign;en-US;32348;32351;1;0
Hospitalityupgrade.com-0093-2016Redesign;en-US;0;37631;1;0
