Samosetresort.com-0113-2017Redesign;en-US;www.google.com;32541;1;0
Denvercy.com-0036-2015Redesign;en-US;www.google.com;8150;1;0
Marriottkeylargo.com-0015-2014Redesign;en-US;surfinggator.com;3948;1;0
Denvercy.com-0036-2015Redesign;en-US;www.google.com;8150;1;0
Marriottkeylargo.com-0015-2014Redesign;en-US;www.fla-keys.com;3948;1;0
Marriottkeylargo.com-0015-2014Redesign;en-US;www.fla-keys.com;3964;1;0
Broadmoor.com-0073-2016Redesign;en-US;www.google.com;18259;1;0
Broadmoor.com-0073-2016Redesign;en-US;android-app:;16778;1;0
Thecurtis.com-0079-2016Redesign;en-US;www.google.com;17981;1;0
Marriottkeylargo.com-0015-2014Redesign;en-US;www.fla-keys.com;3948;1;0
Marriottkeylargo.com-0015-2014Redesign;en-US;www.fla-keys.com;3964;1;0
Cphollywoodbeach.com-0032-2015Redesign;en-US;www.beachcamsusa.com;7831;1;0
Washingtondukeinn.com-0024-2014Redesign;en-US;www.google.com;4737;1;0
Monarchbeachresort.com-0092-2016Redesign;en-US;www.google.com;22725;1;0
Longboatkeyclub.com-0104-2017Redesign;en-US;www.google.com;28316;1;0
Opalsands.com-0084-2016Redesign;en-US;www.google.com;20561;1;0
Broadmoor.com-0073-2016Redesign;en-US;www.google.com;16721;1;0
Broadmoor.com-0073-2016Redesign;en-US;www.google.com;18259;1;0
Casaybelresort.com-0002-2014Redesign;en-US;surfinggator.com;1613;1;0
Thelodgeatwoodloch.com-0033-2015Redesign;en-US;www.google.com;7764;1;0
Casaybelresort.com-0002-2014Redesign;en-US;surfinggator.com;1613;1;0
Marriottkeylargo.com-0015-2014Redesign;en-US;surfinggator.com;3948;1;0
Theharborsidehotel.com-0114-2017Redesign;en-US;www.opalcollection.com;37571;1;0
Theharborsidehotel.com-0114-2017Redesign;en-US;www.opalcollection.com;37571;1;0
Marriottkeylargo.com-0015-2014Redesign;en-US;www.fla-keys.com;3948;1;0
Marriottkeylargo.com-0015-2014Redesign;en-US;www.fla-keys.com;3964;1;0
Casaybelresort.com-0002-2014Redesign;en-US;www.google.com;1613;1;0
Sandpearl.com-0091-2016Redesign;en-US;www.google.com;22481;1;0
Broadmoor.com-0073-2016Redesign;en-US;login.nomadix.com:1111;16724;1;0
Miravalspamonarchbeach.com-0109-2017Redesign;en-US;m.facebook.com;33601;1;0
Sandpearl.com-0091-2016Redesign;en-US;www.google.com;22481;1;0
Cphollywoodbeach.com-0032-2015Redesign;en-US;www.google.com;7831;1;0
Broadmoor.com-0073-2016Redesign;en-US;login.nomadix.com:1111;16724;1;0
Marriottkeylargo.com-0015-2014Redesign;en-US;www.fla-keys.com;3948;1;0
Marriottkeylargo.com-0015-2014Redesign;en-US;www.fla-keys.com;3964;1;0
Cocokeyorlando.com-0059-2015Redesign;en-US;www.google.com;12394;1;0
Cocokeyorlando.com-0059-2015Redesign;en-US;www.google.com;12394;1;0
Monarchbeachresort.com-0092-2016Redesign;en-US;www.google.com;22725;1;0
Cocokeyorlando.com-0059-2015Redesign;en-US;www.google.com;12394;1;0
Broadmoor.com-0073-2016Redesign;en-US;www.google.com;18259;1;0
Thelodgeatwoodloch.com-0033-2015Redesign;en-US;www--thelodgeatwoodloch--com.rztrkr.com;7781;1;0
Cphollywoodbeach.com-0032-2015Redesign;en-US;www.google.com;7831;1;0
Cphollywoodbeach.com-0032-2015Redesign;en-US;www.sunny.org;7831;1;0
Casaybelresort.com-0002-2014Redesign;en-US;www.google.com;1613;1;0
Thelodgeatwoodloch.com-0033-2015Redesign;en-US;www.poconomountains.com;7764;1;0
Broadmoor.com-0073-2016Redesign;en-US;coloradoparent.com;16721;1;0
Broadmoor.com-0073-2016Redesign;en-US;www.google.com;16770;1;0
Broadmoor.com-0073-2016Redesign;en-US;coloradoparent.com;16721;1;0
Casaybelresort.com-0002-2014Redesign;en-US;surfinggator.com;1613;1;0
Marriottkeylargo.com-0015-2014Redesign;en-US;www.google.com;3948;1;0
Cphollywoodbeach.com-0032-2015Redesign;en-US;www.sunny.org;7831;1;0
Broadmoor.com-0073-2016Redesign;en-US;login.nomadix.com:1111;16724;1;0
Broadmoor.com-0073-2016Redesign;en-US;login.nomadix.com:1111;16724;1;0
Cphollywoodbeach.com-0032-2015Redesign;en-US;www.google.ca;7831;1;0
Marriottkeylargo.com-0015-2014Redesign;en-US;www.fla-keys.com;3948;1;0
Cphollywoodbeach.com-0032-2015Redesign;en-US;www.sunny.org;7831;1;0
Washingtoncourthotel.com-0076-2016Redesign;en-US;sucuri.net;17858;1;0
Samosetresort.com-0113-2017Redesign;en-US;www.google.com;32541;1;0
Sandpearl.com-0091-2016Redesign;en-US;tpc.googlesyndication.com;22481;1;0
Washingtoncourthotel.com-0076-2016Redesign;en-US;sucuri.net;17858;1;0
Washingtoncourthotel.com-0076-2016Redesign;en-US;sucuri.net;17858;1;0
Monarchbeachresort.com-0092-2016Redesign;en-US;www.google.com;22973;1;0
Washingtoncourthotel.com-0076-2016Redesign;en-US;sucuri.net;17858;1;0
Washingtoncourthotel.com-0076-2016Redesign;en-US;www.google.com;17858;1;0
