Montaukyachtclub.com-0010-2014Redesign;en-US;2280;2240;1;0
Amzak.com-0023-2014Redesign;en-US;4218;4220;1;0
Monarchbeachresort.com-0092-2016Redesign;en-US;0;23615;1;0
Washingtoncourthotel.com-0076-2016Redesign;en-US;17939;17941;1;0
Samosetresort.com-0113-2017Redesign;en-US;0;35128;1;0
Thesagamore.com-0112-2017Redesign;en-US;32339;33922;1;0
saddlebrook.com-0011-2014Redesign;en-US;3385;3457;1;0
Jupiterbeachresort.com-0103-2017Redesign;en-US;28209;31032;1;0
Jupiterbeachresort.com-0103-2017Redesign;en-US;28209;40176;1;0
Thesagamore.com-0112-2017Redesign;en-US;32350;32347;1;0
Sandylane.com-0075-2016Redesign;en-US;17611;17683;1;0
Thesagamore.com-0112-2017Redesign;en-US;32339;33921;1;0
Thesagamore.com-0112-2017Redesign;en-US;32339;33471;1;0
Thesagamore.com-0112-2017Redesign;en-US;32339;33922;1;0
Lakeplacidlodge.com-0105-2017Redesign;en-US;28545;32790;1;0
Broadmoor.com-0073-2016Redesign;en-US;21233;16760;1;0
Lakeplacidlodge.com-0105-2017Redesign;en-US;28593;32929;1;0
Monarchbeachresort.com-0092-2016Redesign;en-US;0;22725;1;0
Thesagamore.com-0112-2017Redesign;en-US;33467;33454;1;0
Broadmoor.com-0073-2016Redesign;en-US;17449;16756;1;0
Monarchbeachresort.com-0092-2016Redesign;en-US;23615;22983;1;0
Broadmoor.com-0073-2016Redesign;en-US;16760;21233;1;0
Lakeplacidlodge.com-0105-2017Redesign;en-US;28545;28552;1;0
Hospitalityupgrade.com-0093-2016Redesign;en-US;25405;22774;1;0
Jupiterbeachresort.com-0103-2017Redesign;en-US;31032;28165;1;0
Sandylane.com-0075-2016Redesign;en-US;17611;17675;1;0
Amzak.com-0023-2014Redesign;en-US;4220;7709;1;0
Cocokeyorlando.com-0059-2015Redesign;en-US;0;12394;1;0
Thesagamore.com-0112-2017Redesign;en-US;32347;32351;1;0
Jupiterbeachresort.com-0103-2017Redesign;en-US;28165;31032;1;0
Thesagamore.com-0112-2017Redesign;en-US;32346;33931;1;0
Hospitalityupgrade.com-0093-2016Redesign;en-US;22774;26183;1;0
Broadmoor.com-0073-2016Redesign;en-US;16756;16755;1;0
Lakeplacidlodge.com-0105-2017Redesign;en-US;28552;28593;1;0
Thesagamore.com-0112-2017Redesign;en-US;32339;33476;1;0
Sandylane.com-0075-2016Redesign;en-US;17683;17687;1;0
wentworthcom00212014redesign;en-US;4302;4299;1;0
Broadmoor.com-0073-2016Redesign;en-US;21233;16756;1;0
Jbdukehotel.com-0086-2016Redesign;en-US;21942;21918;1;0
saddlebrook.com-0011-2014Redesign;en-US;3385;3481;1;0
Jupiterbeachresort.com-0103-2017Redesign;en-US;40176;28209;1;0
saddlebrook.com-0011-2014Redesign;en-US;3481;3385;1;0
Cocokeyorlando.com-0059-2015Redesign;en-US;12394;12414;1;0
Thelodgeatwoodloch.com-0033-2015Redesign;en-US;8265;9847;1;0
Samosetresort.com-0113-2017Redesign;en-US;0;32541;1;0
Hospitalityupgrade.com-0093-2016Redesign;en-US;26183;37628;1;0
Lakeplacidlodge.com-0105-2017Redesign;en-US;32929;41596;1;0
Samosetresort.com-0113-2017Redesign;en-US;35129;32541;1;0
Jupiterbeachresort.com-0103-2017Redesign;en-US;28209;31032;1;0
Broadmoor.com-0073-2016Redesign;en-US;16755;20436;1;0
Broadmoor.com-0073-2016Redesign;en-US;16721;16724;1;0
Theloganhotel.com-0043-2015Redesign;en-US;0;9154;1;0
Thesagamore.com-0112-2017Redesign;en-US;32339;32387;1;0
Thesagamore.com-0112-2017Redesign;en-US;33924;33921;1;0
Halcyonhotelcherrycreek.com-0061-2015Redesign;en-US;22121;36060;1;0
Halcyonhotelcherrycreek.com-0061-2015Redesign;en-US;36060;22121;1;0
Cocokeyorlando.com-0059-2015Redesign;en-US;0;12406;1;0
Opalsands.com-0084-2016Redesign;en-US;21218;21219;1;0
Jupiterbeachresort.com-0103-2017Redesign;en-US;28158;29245;1;0
Thesagamore.com-0112-2017Redesign;en-US;33455;33443;1;0
Galthouse.com-0042-2015Redesign;en-US;10563;10562;1;0
Thelodgeatwoodloch.com-0033-2015Redesign;en-US;9847;7764;1;0
Thesagamore.com-0112-2017Redesign;en-US;33921;33922;1;0
Hospitalityupgrade.com-0093-2016Redesign;en-US;37628;29966;1;0
Thesagamore.com-0112-2017Redesign;en-US;33922;32388;1;0
Theharborsidehotel.com-0114-2017Redesign;en-US;38026;38016;1;0
Thesagamore.com-0112-2017Redesign;en-US;33923;33924;1;0
Thelodgeatwoodloch.com-0033-2015Redesign;en-US;7781;7782;1;0
Thesagamore.com-0112-2017Redesign;en-US;33454;33467;1;0
Thelodgeatwoodloch.com-0033-2015Redesign;en-US;7764;7771;1;0
Thesagamore.com-0112-2017Redesign;en-US;33476;32339;1;0
Thesagamore.com-0112-2017Redesign;en-US;32339;32358;1;0
Thesagamore.com-0112-2017Redesign;en-US;33922;33923;1;0
saddlebrook.com-0011-2014Redesign;en-US;3385;3453;1;0
Lakeplacidlodge.com-0105-2017Redesign;en-US;28593;28545;1;0
Broadmoor.com-0073-2016Redesign;en-US;21231;16793;1;0
Hospitalityupgrade.com-0093-2016Redesign;en-US;29966;37955;1;0
Cocokeyorlando.com-0059-2015Redesign;en-US;0;12394;1;0
Cphollywoodbeach.com-0032-2015Redesign;en-US;7831;7813;1;0
Monarchbeachresort.com-0092-2016Redesign;en-US;22725;22982;1;0
saddlebrook.com-0011-2014Redesign;en-US;3385;3481;1;0
Opalsands.com-0084-2016Redesign;en-US;21219;21218;1;0
saddlebrook.com-0011-2014Redesign;en-US;3481;3385;1;0
Theharborsidehotel.com-0114-2017Redesign;en-US;38016;37981;1;0
Galthouse.com-0042-2015Redesign;en-US;10562;10055;1;0
Thesagamore.com-0112-2017Redesign;en-US;33444;33457;1;0
Lakeplacidlodge.com-0105-2017Redesign;en-US;32807;32804;1;0
Longboatkeyclub.com-0104-2017Redesign;en-US;28316;28332;1;0
wentworthcom00212014redesign;en-US;4307;26679;1;0
Thesagamore.com-0112-2017Redesign;en-US;33443;33448;1;0
Thesagamore.com-0112-2017Redesign;en-US;33923;33925;1;0
Chrco.com-0107-2017Redesign;en-US;29680;29280;1;0
saddlebrook.com-0011-2014Redesign;en-US;3385;3479;1;0
Sandylane.com-0075-2016Redesign;en-US;17611;17645;1;0
Sandylane.com-0075-2016Redesign;en-US;17919;18036;1;0
Longboatkeyclub.com-0104-2017Redesign;en-US;41579;28323;1;0
Sandylane.com-0075-2016Redesign;en-US;17611;17745;1;0
Thesagamore.com-0112-2017Redesign;en-US;32339;33452;1;0
Longboatkeyclub.com-0104-2017Redesign;en-US;28323;41579;1;0
Theloganhotel.com-0043-2015Redesign;en-US;9154;27557;1;0
