Jbdukehotel.com-0086-2016Redesign;en-US;outlook.live.com;21918;1;0
Cphollywoodbeach.com-0032-2015Redesign;en-US;www.sunny.org;7831;1;0
Broadmoor.com-0073-2016Redesign;en-US;unofficialnetworks.com;16728;1;0
Monarchbeachresort.com-0092-2016Redesign;en-US;www.urlopener.com;22725;1;0
Thecrawfordhotel.com-0074-2016Redesign;en-US;www.google.com;17667;1;0
Opalsands.com-0084-2016Redesign;en-US;www.beachtourism.com;20171;1;0
Broadmoor.com-0073-2016Redesign;en-US;login.nomadix.com:1111;16724;1;0
Broadmoor.com-0073-2016Redesign;en-US;login.nomadix.com:1111;16724;1;0
Broadmoor.com-0073-2016Redesign;en-US;login.nomadix.com:1111;16724;1;0
Broadmoor.com-0073-2016Redesign;en-US;login.nomadix.com:1111;16724;1;0
Samosetresort.com-0113-2017Redesign;en-US;www.google.com;32541;1;0
Casaybelresort.com-0002-2014Redesign;en-US;www.google.com;1533;1;0
Thecrawfordhotel.com-0074-2016Redesign;en-US;www.google.com;17667;1;0
Cocokeyorlando.com-0059-2015Redesign;en-US;android-app:;12394;1;0
Broadmoor.com-0073-2016Redesign;en-US;login.nomadix.com:1111;16724;1;0
Samosetresort.com-0113-2017Redesign;en-US;www.google.com;32541;1;0
Broadmoor.com-0073-2016Redesign;en-US;login.nomadix.com:1111;16724;1;0
Samosetresort.com-0113-2017Redesign;en-US;www.google.com;32541;1;0
Galthouse.com-0042-2015Redesign;en-US;www.google.com;31905;1;0
Galthouse.com-0042-2015Redesign;en-US;www.google.com;31905;1;0
Broadmoor.com-0073-2016Redesign;en-US;www.cograilway.com;18259;1;0
Longboatkeyclub.com-0104-2017Redesign;en-US;worldcam.eu;28317;1;0
Cphollywoodbeach.com-0032-2015Redesign;en-US;www.google.com;7805;1;0
Thelodgeatwoodloch.com-0033-2015Redesign;en-US;www.google.com;7764;1;0
Edgewaternaples.com-0094-2016Redesign;en-US;www.baidu.com;25239;1;0
Cphollywoodbeach.com-0032-2015Redesign;en-US;www.google.ca;7831;1;0
Edgewaternaples.com-0094-2016Redesign;en-US;www.baidu.com;25239;1;0
Opalsands.com-0084-2016Redesign;en-US;www.google.com;20171;1;0
Cphollywoodbeach.com-0032-2015Redesign;en-US;www.sunny.org;7831;1;0
Broadmoor.com-0073-2016Redesign;en-US;login.nomadix.com:1111;16724;1;0
Opalsands.com-0084-2016Redesign;en-US;www.google.com;20171;1;0
Broadmoor.com-0073-2016Redesign;en-US;login.nomadix.com:1111;16724;1;0
Marriottkeylargo.com-0015-2014Redesign;en-US;www.google.com;3948;1;0
Treasureislandbeachresort.com-0089-2016Redesign;en-US;s0.2mdn.net;22169;1;0
Longboatkeyclub.com-0104-2017Redesign;en-US;www.google.ca;28316;1;0
Cphollywoodbeach.com-0032-2015Redesign;en-US;www.google.com;7831;1;0
Thelodgeatwoodloch.com-0033-2015Redesign;en-US;www.google.com;7764;1;0
Halcyonhotelcherrycreek.com-0061-2015Redesign;en-US;r.search.yahoo.com;22121;1;0
Renaissancepittsburghpa.com-0044-2015Redesign;en-US;www.google.com;9637;1;0
Broadmoor.com-0073-2016Redesign;en-US;r.search.yahoo.com;16761;1;0
Lidobeachresort.com-0106-2017Redesign;en-US;www.google.com;28666;1;0
Longboatkeyclub.com-0104-2017Redesign;en-US;www.google.com;28316;1;0
Cocokeyorlando.com-0059-2015Redesign;en-US;coupon.everafterguide.net;12394;1;0
Napavalleymarriott.com-0071-2016Redesign;en-US;www.google.com;16432;1;0
Thecurtis.com-0079-2016Redesign;en-US;www.google.com;17981;1;0
Broadmoor.com-0073-2016Redesign;en-US;www.google.com;16721;1;0
Montaukyachtclub.com-0010-2014Redesign;en-US;www.google.com;2240;1;0
Longboatkeyclub.com-0104-2017Redesign;en-US;www.google.co.uk;28316;1;0
wentworthcom00212014redesign;en-US;www.google.com;4306;1;0
Halcyonhotelcherrycreek.com-0061-2015Redesign;en-US;www.google.com;23287;1;0
Marriottkeylargo.com-0015-2014Redesign;en-US;www.google.co.uk;3948;1;0
Oxfordclubspa.com-0068-2016Redesign;en-US;www.google.com;15568;1;0
Residenceinnnyc.com-0034-2015Redesign;en-US;www.google.com;7926;1;0
Cphollywoodbeach.com-0032-2015Redesign;en-US;www.google.com;7831;1;0
Broadmoor.com-0073-2016Redesign;en-US;www.google.com;16721;1;0
Sandylane.com-0075-2016Redesign;en-US;www.google.com;17611;1;0
Broadmoor.com-0073-2016Redesign;en-US;www.google.com;16721;1;0
Treasureislandbeachresort.com-0089-2016Redesign;en-US;s0.2mdn.net;22169;1;0
Jbdukehotel.com-0086-2016Redesign;en-US;www.google.com;21918;1;0
Samosetresort.com-0113-2017Redesign;en-US;www.bing.com;32541;1;0
Samosetresort.com-0113-2017Redesign;en-US;www.bing.com;32541;1;0
Casaybelresort.com-0002-2014Redesign;en-US;www.google.com;1613;1;0
Cendyn.com-0095-2016Redesign;en-US;www.google.com;26640;1;0
Thecurtis.com-0079-2016Redesign;en-US;www.google.com.br;17981;1;0
Broadmoor.com-0073-2016Redesign;en-US;www.google.com;16721;1;0
Sandylane.com-0075-2016Redesign;en-US;www.google.com;17677;1;0
Broadmoor.com-0073-2016Redesign;en-US;www.cograilway.com;18259;1;0
Delraysandsresort.com-0097-2016Redesign;en-US;www.ophotels.com;27232;1;0
Casaybelresort.com-0002-2014Redesign;en-US;www.google.com;1613;1;0
Kittitianhill.com-0012-2014Redesign;en-US;www.google.com;2290;1;0
Theharborsidehotel.com-0114-2017Redesign;en-US;www.ophotels.com;37571;1;0
Thecurtis.com-0079-2016Redesign;en-US;results.searchlock.com;17981;1;0
Broadmoor.com-0073-2016Redesign;en-US;www.google.com;16721;1;0
Longboatkeyclub.com-0104-2017Redesign;en-US;www.google.com;28316;1;0
