Saddlebrookprep.com-0022-2014Transfer;en-US;www.google.com;5847;1;0
Cphollywoodbeach.com-0032-2015Redesign;en-US;www.google.com;7831;1;0
Cphollywoodbeach.com-0032-2015Redesign;en-US;www.google.ca;7831;1;0
saddlebrook.com-0011-2014Redesign;en-US;www.google.ca;3453;1;0
Theharborsidehotel.com-0114-2017Redesign;en-US;www.google.com;37571;1;0
Cphollywoodbeach.com-0032-2015Redesign;en-US;www.google.at;7831;1;0
Casaybelresort.com-0002-2014Redesign;en-US;www.google.com;1613;1;0
Broadmoor.com-0073-2016Redesign;en-US;www.google.com;23743;1;0
saddlebrook.com-0011-2014Redesign;en-US;www.google.com;4538;1;0
Cphollywoodbeach.com-0032-2015Redesign;en-US;www.sunny.org;7831;1;0
Laxembassy.com-0008-2014Redesign;en-US;www.google.com;2037;1;0
Cphollywoodbeach.com-0032-2015Redesign;en-US;www.sunny.org;7831;1;0
Cphollywoodbeach.com-0032-2015Redesign;en-US;www.google.ca;7831;1;0
Casaybelresort.com-0002-2014Redesign;en-US;www.google.com;1613;1;0
Cphollywoodbeach.com-0032-2015Redesign;en-US;r.search.yahoo.com;7831;1;0
Marriottkeylargo.com-0015-2014Redesign;en-US;surfinggator.com;3948;1;0
Casaybelresort.com-0002-2014Redesign;en-US;www.google.com;1613;1;0
saddlebrook.com-0011-2014Redesign;en-US;www.google.com;3453;1;0
Marriottkeylargo.com-0015-2014Redesign;en-US;surfinggator.com;3964;1;0
Cphollywoodbeach.com-0032-2015Redesign;en-US;www.sunny.org;7831;1;0
Broadmoor.com-0073-2016Redesign;en-US;login.nomadix.com:1111;16724;1;0
Broadmoor.com-0073-2016Redesign;en-US;login.nomadix.com:1111;16724;1;0
Cphollywoodbeach.com-0032-2015Redesign;en-US;www.sunny.org;7831;1;0
Napavalleymarriott.com-0071-2016Redesign;en-US;www.google.com;16432;1;0
Casaybelresort.com-0002-2014Redesign;en-US;search.xfinity.com;1613;1;0
Longboatkeyclub.com-0104-2017Redesign;en-US;duckduckgo.com;29848;1;0
Cphollywoodbeach.com-0032-2015Redesign;en-US;www.sunny.org;7831;1;0
Theharborsidehotel.com-0114-2017Redesign;en-US;android-app:;37571;1;0
Saddlebrookprep.com-0022-2014Transfer;en-US;www.google.ca;5443;1;0
theweststreethotel.com-0115-2017Redesign;en-US;www.google.com;37486;1;0
Longboatkeyclub.com-0104-2017Redesign;en-US;www.google.com;28316;1;0
Monarchbeachresort.com-0092-2016Redesign;en-US;www.google.com;22725;1;0
saddlebrook.com-0011-2014Redesign;en-US;www.google.com;3385;1;0
Casaybelresort.com-0002-2014Redesign;en-US;www.google.com;1613;1;0
Casaybelresort.com-0002-2014Redesign;en-US;www.google.com;1613;1;0
Cphollywoodbeach.com-0032-2015Redesign;en-US;www.sunny.org;7831;1;0
Cphollywoodbeach.com-0032-2015Redesign;en-US;www.google.ca;7831;1;0
Casaybelresort.com-0002-2014Redesign;en-US;www.google.com;1613;1;0
Napavalleymarriott.com-0071-2016Redesign;en-US;www.bing.com;16453;1;0
saddlebrook.com-0011-2014Redesign;en-US;www.google.com;3453;1;0
Sandpearl.com-0091-2016Redesign;en-US;www.baidu.com;22481;1;0
Sandpearl.com-0091-2016Redesign;en-US;www.baidu.com;22481;1;0
Thelodgeatwoodloch.com-0033-2015Redesign;en-US;www.google.com;7764;1;0
Casaybelresort.com-0002-2014Redesign;en-US;www.google.com;1613;1;0
Casaybelresort.com-0002-2014Redesign;en-US;www.google.com;1613;1;0
Casaybelresort.com-0002-2014Redesign;en-US;surfinggator.com;1613;1;0
Sandylane.com-0075-2016Redesign;en-US;www.google.ie;17689;1;0
saddlebrook.com-0011-2014Redesign;en-US;www.google.com;3453;1;0
Monarchbeachresort.com-0092-2016Redesign;en-US;www.google.com;22877;1;0
saddlebrook.com-0011-2014Redesign;en-US;www.google.com;3453;1;0
saddlebrook.com-0011-2014Redesign;en-US;www.google.com;3458;1;0
Cphollywoodbeach.com-0032-2015Redesign;en-US;www.sunny.org;7831;1;0
Opalsands.com-0084-2016Redesign;en-US;www.google.com;40846;1;0
Cphollywoodbeach.com-0032-2015Redesign;en-US;www.google.com;7831;1;0
Broadmoor.com-0073-2016Redesign;en-US;www.google.com;18259;1;0
Broadmoor.com-0073-2016Redesign;en-US;www.google.com;18259;1;0
Broadmoor.com-0073-2016Redesign;en-US;www.google.com;18259;1;0
Lidobeachresort.com-0106-2017Redesign;en-US;m.facebook.com;28666;1;0
Cocokeyorlando.com-0059-2015Redesign;en-US;www.google.com;12410;1;0
Renaissancepittsburghpa.com-0044-2015Redesign;en-US;www.google.com;9637;1;0
Longboatkeyclub.com-0104-2017Redesign;en-US;www.google.com;28317;1;0
Casaybelresort.com-0002-2014Redesign;en-US;www.google.co.uk;1533;1;0
Longboatkeyclub.com-0104-2017Redesign;en-US;worldcam.eu;28317;1;0
Broadmoor.com-0073-2016Redesign;en-US;www.google.com;16760;1;0
Longboatkeyclub.com-0104-2017Redesign;en-US;worldcam.eu;28317;1;0
Casaybelresort.com-0002-2014Redesign;en-US;duckduckgo.com;1533;1;0
Casaybelresort.com-0002-2014Redesign;en-US;www.google.com;1613;1;0
Galthouse.com-0042-2015Redesign;en-US;www.google.com;25671;1;0
Cphollywoodbeach.com-0032-2015Redesign;en-US;www.sunny.org;7831;1;0
Cphollywoodbeach.com-0032-2015Redesign;en-US;www.sunny.org;7831;1;0
Casaybelresort.com-0002-2014Redesign;en-US;www.google.co.uk;1613;1;0
Casaybelresort.com-0002-2014Redesign;en-US;www.google.com;1613;1;0
Casaybelresort.com-0002-2014Redesign;en-US;www.google.com;1613;1;0
shop.broadmoor.com-0096-2016ShoppingCart;en-US;www.google.com;27382;1;0
Cphollywoodbeach.com-0032-2015Redesign;en-US;www.sunny.org;7831;1;0
Thesagamore.com-0112-2017Redesign;en-US;www.google.com;33470;1;0
saddlebrook.com-0011-2014Redesign;en-US;www.google.com;3453;1;0
Opalsands.com-0084-2016Redesign;en-US;www.beachtourism.com;20171;1;0
saddlebrook.com-0011-2014Redesign;en-US;www.google.com;3385;1;0
Longboatkeyclub.com-0104-2017Redesign;en-US;www.worldcam.pl;28317;1;0
saddlebrook.com-0011-2014Redesign;en-US;www.google.com;3453;1;0
