Thesagamore.com-0112-2017Redesign;en-US;www.cnn.com;32339;1;0
Cphollywoodbeach.com-0032-2015Redesign;en-US;www.sunny.org;7831;1;0
Broadmoor.com-0073-2016Redesign;en-US;login.nomadix.com:1111;16724;1;0
Thelodgeatwoodloch.com-0033-2015Redesign;en-US;www.google.com;7764;1;0
Cphollywoodbeach.com-0032-2015Redesign;en-US;www.sunny.org;7831;1;0
Hospitalityupgrade.com-0093-2016Redesign;en-US;www.google.co.in;37631;1;0
Thesagamore.com-0112-2017Redesign;en-US;www.google.com;33922;1;0
Thelodgeatwoodloch.com-0033-2015Redesign;en-US;www.google.com;7764;1;0
Theoxfordhotel.com-0062-2015Redesign;en-US;www.google.com;14331;1;0
Lidobeachresort.com-0106-2017Redesign;en-US;www.google.com;28667;1;0
Cocokeyorlando.com-0059-2015Redesign;en-US;www.google.es;12394;1;0
Cocokeyorlando.com-0059-2015Redesign;en-US;www.google.es;12394;1;0
Broadmoor.com-0073-2016Redesign;en-US;www.google.com;18259;1;0
Casaybelresort.com-0002-2014Redesign;en-US;www.google.ca;1533;1;0
Marriottkeylargo.com-0015-2014Redesign;en-US;www.google.com;3954;1;0
wentworthcom00212014redesign;en-US;www.bing.com;26679;1;0
Washingtoncourthotel.com-0076-2016Redesign;en-US;search.yahoo.com;17858;1;0
Samosetresort.com-0113-2017Redesign;en-US;mainehealth.perkspot.com;32541;1;0
theweststreethotel.com-0115-2017Redesign;en-US;www.barharborinfo.com;36683;1;0
Hospitalityupgrade.com-0093-2016Redesign;en-US;www.bing.com;25405;1;0
Samosetresort.com-0113-2017Redesign;en-US;mainehealth.perkspot.com;32541;1;0
Thesagamore.com-0112-2017Redesign;en-US;www.google.com;32339;1;0
Cphollywoodbeach.com-0032-2015Redesign;en-US;www.google.com;7854;1;0
Thesagamore.com-0112-2017Redesign;en-US;www.google.com;32339;1;0
Samosetresort.com-0113-2017Redesign;en-US;mainehealth.perkspot.com;32541;1;0
Thesagamore.com-0112-2017Redesign;en-US;www.google.com;32339;1;0
Washingtoncourthotel.com-0076-2016Redesign;en-US;www.google.com;17858;1;0
Treasureislandbeachresort.com-0089-2016Redesign;en-US;www.google.com.ar;22169;1;0
Galthouse.com-0042-2015Redesign;en-US;www.google.com;31905;1;0
Broadmoor.com-0073-2016Redesign;en-US;www.google.com;16721;1;0
Broadmoor.com-0073-2016Redesign;en-US;www.google.com;16721;1;0
Broadmoor.com-0073-2016Redesign;en-US;www.google.com;18259;1;0
Lakeplacidlodge.com-0105-2017Redesign;en-US;www.google.com;28545;1;0
Lakeplacidlodge.com-0105-2017Redesign;en-US;www.google.com;28545;1;0
Samosetresort.com-0113-2017Redesign;en-US;mainehealth.perkspot.com;32541;1;0
Samosetresort.com-0113-2017Redesign;en-US;www.google.com;32541;1;0
Lakeplacidlodge.com-0105-2017Redesign;en-US;www.cnn.com;28545;1;0
Lakeplacidlodge.com-0105-2017Redesign;en-US;www.cnn.com;28545;1;0
Broadmoor.com-0073-2016Redesign;en-US;login.nomadix.com:1111;16724;1;0
Samosetresort.com-0113-2017Redesign;en-US;www.google.com;32541;1;0
Broadmoor.com-0073-2016Redesign;en-US;login.nomadix.com:1111;16724;1;0
Thelodgeatwoodloch.com-0033-2015Redesign;en-US;www.google.com;7764;1;0
Broadmoor.com-0073-2016Redesign;en-US;barbecuebible.com;17465;1;0
Edgewaternaples.com-0094-2016Redesign;en-US;search.yahoo.com;25239;1;0
Edgewaternaples.com-0094-2016Redesign;en-US;search.yahoo.com;25239;1;0
Cphollywoodbeach.com-0032-2015Redesign;en-US;www.google.com;7805;1;0
Cphollywoodbeach.com-0032-2015Redesign;en-US;www.google.co.il;7805;1;0
Broadmoor.com-0073-2016Redesign;en-US;www.google.com;16721;1;0
Broadmoor.com-0073-2016Redesign;en-US;www.google.com;16721;1;0
Opalsands.com-0084-2016Redesign;en-US;r.search.yahoo.com;21642;1;0
Thesagamore.com-0112-2017Redesign;en-US;www.cnn.com;32339;1;0
Samosetresort.com-0113-2017Redesign;en-US;www.google.com;32541;1;0
Thesagamore.com-0112-2017Redesign;en-US;www.cnn.com;32339;1;0
Cphollywoodbeach.com-0032-2015Redesign;en-US;www.sunny.org;7831;1;0
Jbdukehotel.com-0086-2016Redesign;en-US;www.google.com;21918;1;0
Broadmoor.com-0073-2016Redesign;en-US;www.google.com;16721;1;0
Thelodgeatwoodloch.com-0033-2015Redesign;en-US;www.google.com;7764;1;0
Broadmoor.com-0073-2016Redesign;en-US;www.google.com;16721;1;0
