Galthouse.com-0042-2015Redesign;en-US;31905;10055;1;0
Broadmoor.com-0073-2016Redesign;en-US;16721;16793;1;0
Thesagamore.com-0112-2017Redesign;en-US;32339;32355;1;0
Broadmoor.com-0073-2016Redesign;en-US;16791;16790;1;0
Glencovemansion.com-0058-2015Redesign;en-US;13328;13383;1;0
Lidobeachresort.com-0106-2017Redesign;en-US;28673;28714;1;0
Thelodgeatwoodloch.com-0033-2015Redesign;en-US;7764;9920;1;0
Halcyonhotelcherrycreek.com-0061-2015Redesign;en-US;23287;23320;1;0
Glencovemansion.com-0058-2015Redesign;en-US;13328;13383;1;0
Cocokeyorlando.com-0059-2015Redesign;en-US;0;12394;1;0
Sandylane.com-0075-2016Redesign;en-US;17709;17711;1;0
Cocokeyorlando.com-0059-2015Redesign;en-US;12406;12581;1;0
Sandpearl.com-0091-2016Redesign;en-US;0;22481;1;0
Thelodgeatwoodloch.com-0033-2015Redesign;en-US;7764;7771;1;0
Broadmoor.com-0073-2016Redesign;en-US;16790;18208;1;0
Lidobeachresort.com-0106-2017Redesign;en-US;28714;36008;1;0
Theoxfordhotel.com-0062-2015Redesign;en-US;14325;14332;1;0
Edgewaternaples.com-0094-2016Redesign;en-US;25256;25302;1;0
Monarchbeachresort.com-0092-2016Redesign;en-US;22725;23482;1;0
Longboatkeyclub.com-0104-2017Redesign;en-US;28316;35641;1;0
Thesagamore.com-0112-2017Redesign;en-US;32355;32351;1;0
Thelodgeatwoodloch.com-0033-2015Redesign;en-US;9801;8324;1;0
Sandpearl.com-0091-2016Redesign;en-US;22481;23074;1;0
Chrco.com-0107-2017Redesign;en-US;0;31152;1;0
Thelodgeatwoodloch.com-0033-2015Redesign;en-US;8265;7771;1;0
Sandylane.com-0075-2016Redesign;en-US;17739;19752;1;0
Broadmoor.com-0073-2016Redesign;en-US;16728;18259;1;0
Thecurtis.com-0079-2016Redesign;en-US;0;17981;1;0
Thesagamore.com-0112-2017Redesign;en-US;33452;33443;1;0
Thecurtis.com-0079-2016Redesign;en-US;17981;19041;1;0
Thelodgeatwoodloch.com-0033-2015Redesign;en-US;7764;7782;1;0
Theoxfordhotel.com-0062-2015Redesign;en-US;14332;14325;1;0
theweststreethotel.com-0115-2017Redesign;en-US;36683;37657;1;0
Thelodgeatwoodloch.com-0033-2015Redesign;en-US;8324;8319;1;0
Thelodgeatwoodloch.com-0033-2015Redesign;en-US;7771;8261;1;0
Thelodgeatwoodloch.com-0033-2015Redesign;en-US;8261;7764;1;0
Thesagamore.com-0112-2017Redesign;en-US;33443;33449;1;0
Thelodgeatwoodloch.com-0033-2015Redesign;en-US;7764;8261;1;0
Thelodgeatwoodloch.com-0033-2015Redesign;en-US;7783;11307;1;0
Monarchbeachresort.com-0092-2016Redesign;en-US;23482;26800;1;0
Thecurtis.com-0079-2016Redesign;en-US;17981;19391;1;0
Thelodgeatwoodloch.com-0033-2015Redesign;en-US;8319;7764;1;0
Thecurtis.com-0079-2016Redesign;en-US;19041;19072;1;0
Broadmoor.com-0073-2016Redesign;en-US;16728;18013;1;0
Thelodgeatwoodloch.com-0033-2015Redesign;en-US;8257;8390;1;0
Broadmoor.com-0073-2016Redesign;en-US;16721;16724;1;0
Washingtoncourthotel.com-0076-2016Redesign;en-US;17955;18046;1;0
Sandylane.com-0075-2016Redesign;en-US;17711;17693;1;0
Thecurtis.com-0079-2016Redesign;en-US;19391;17981;1;0
Broadmoor.com-0073-2016Redesign;en-US;18259;17344;1;0
Cocokeyorlando.com-0059-2015Redesign;en-US;0;12394;1;0
Thecurtis.com-0079-2016Redesign;en-US;19072;17981;1;0
Thesagamore.com-0112-2017Redesign;en-US;33477;33922;1;0
Opalsands.com-0084-2016Redesign;en-US;20171;25451;1;0
Washingtoncourthotel.com-0076-2016Redesign;en-US;18046;17955;1;0
Samosetresort.com-0113-2017Redesign;en-US;35286;32554;1;0
theweststreethotel.com-0115-2017Redesign;en-US;37657;37658;1;0
Thelodgeatwoodloch.com-0033-2015Redesign;en-US;8390;8346;1;0
Theoxfordhotel.com-0062-2015Redesign;en-US;14325;40362;1;0
Montaukyachtclub.com-0010-2014Redesign;en-US;2240;2280;1;0
Samosetresort.com-0113-2017Redesign;en-US;0;32541;1;0
theweststreethotel.com-0115-2017Redesign;en-US;36683;37425;1;0
Theoxfordhotel.com-0062-2015Redesign;en-US;40362;14325;1;0
Thelodgeatwoodloch.com-0033-2015Redesign;en-US;0;9801;1;0
