Theharborsidehotel.com-0114-2017Redesign;en-US;www.google.com;37571;1;0
Monarchbeachresort.com-0092-2016Redesign;en-US;www.google.com;22725;1;0
Halcyonhotelcherrycreek.com-0061-2015Redesign;en-US;www.google.com;22121;1;0
Zotabeachresort.com-0090-2016Redesign;en-US;www.google.com;22357;1;0
Galthouse.com-0042-2015Redesign;en-US;www.google.com;31905;1;0
Galthouse.com-0042-2015Redesign;en-US;www.google.com;31905;1;0
Theloganhotel.com-0043-2015Redesign;en-US;www.google.com;20218;1;0
Casaybelresort.com-0002-2014Redesign;en-US;search.yahoo.com;1533;1;0
saddlebrook.com-0011-2014Redesign;en-US;m.facebook.com;3385;1;0
Jbdukehotel.com-0086-2016Redesign;en-US;www.google.com;21918;1;0
Edgewaternaples.com-0094-2016Redesign;en-US;www.google.com;25239;1;0
Thecurtis.com-0079-2016Redesign;en-US;www.google.com;18955;1;0
Washingtondukeinn.com-0024-2014Redesign;en-US;www.google.com;5521;1;0
Monarchbeachresort.com-0092-2016Redesign;en-US;www.google.com;22725;1;0
Opalsands.com-0084-2016Redesign;en-US;www.google.com;20171;1;0
Opalsands.com-0084-2016Redesign;en-US;www.google.com;20171;1;0
Oxfordclubspa.com-0068-2016Redesign;en-US;m.facebook.com;15599;1;0
Theloganhotel.com-0043-2015Redesign;en-US;l.facebook.com;15962;1;0
Luxehotels.com-0078-2016Redesign;en-US;webadmin.prettyclose.com;18833;1;0
Broadmoor.com-0073-2016Redesign;en-US;s0.2mdn.net;18014;1;0
saddlebrook.com-0011-2014Redesign;en-US;www.bing.com;4538;1;0
Jbdukehotel.com-0086-2016Redesign;en-US;www.bing.com;21918;1;0
Thesagamore.com-0112-2017Redesign;en-US;www.google.com;32339;1;0
Washingtondukeinn.com-0024-2014Redesign;en-US;www.jbdukehotel.com;4524;1;0
Opalsands.com-0084-2016Redesign;en-US;android-app:;21642;1;0
Theoxfordhotel.com-0062-2015Redesign;en-US;www.google.com;14331;1;0
