saddlebrook.com-0011-2014Redesign;en-US;www.google.com;3457;1;0
Monarchbeachresort.com-0092-2016Redesign;en-US;l.instagram.com;23487;1;0
Thelodgeatwoodloch.com-0033-2015Redesign;en-US;travelnoire.com;7764;1;0
Jbdukehotel.com-0086-2016Redesign;en-US;www.google.com;21918;1;0
Broadmoor.com-0073-2016Redesign;en-US;www.google.com;16793;1;0
Broadmoor.com-0073-2016Redesign;en-US;www.google.com;18259;1;0
Renaissancepittsburghpa.com-0044-2015Redesign;en-US;www.google.com;9637;1;0
Marriottkeylargo.com-0015-2014Redesign;en-US;eesti.spb.ru;3948;1;0
Marriottkeylargo.com-0015-2014Redesign;en-US;www.v-doroguspb.ru;3948;1;0
Marriottkeylargo.com-0015-2014Redesign;en-US;inteh-spb.ru;3948;1;0
Broadmoor.com-0073-2016Redesign;en-US;www.google.com;17450;1;0
Luxehotels.com-0078-2016Redesign;en-US;tpc.googlesyndication.com;18833;1;0
Unionstationhotelnashville.com-0047-2015Redesign;en-US;www.google.com;32226;1;0
Broadmoor.com-0073-2016Redesign;en-US;barrierfreetravels.com;16721;1;0
Theharborsidehotel.com-0114-2017Redesign;en-US;www.google.com;37571;1;0
Theharborsidehotel.com-0114-2017Redesign;en-US;www.google.com;37571;1;0
Opalsands.com-0084-2016Redesign;en-US;reservations.opalsands.com;20171;1;0
Broadmoor.com-0073-2016Redesign;en-US;www.google.com;16793;1;0
Cphollywoodbeach.com-0032-2015Redesign;en-US;www.google.ca;7805;1;0
Theloganhotel.com-0043-2015Redesign;en-US;www.phillymag.com;20218;1;0
Broadmoor.com-0073-2016Redesign;en-US;www.google.com;16721;1;0
Cocokeyorlando.com-0059-2015Redesign;en-US;www.google.com;12394;1;0
Sandylane.com-0075-2016Redesign;en-US;www.google.com;17611;1;0
Cocokeyorlando.com-0059-2015Redesign;en-US;www.google.com;12394;1;0
Galthouse.com-0042-2015Redesign;en-US;www.google.com;31905;1;0
Galthouse.com-0042-2015Redesign;en-US;www.google.com;31905;1;0
Thesagamore.com-0112-2017Redesign;en-US;www.google.com;33453;1;0
Monarchbeachresort.com-0092-2016Redesign;en-US;www.google.com;22964;1;0
Thesagamore.com-0112-2017Redesign;en-US;www.google.com;32339;1;0
Lehotels.com-0049-2015Transfer;en-US;android-app:;13390;1;0
