Marriottdelraybeach.com-0009-2014Redesign;en-US;www.bing.com;2829;1;0
Edgewaternaples.com-0094-2016Redesign;en-US;www.google.com;25239;1;0
Edgewaternaples.com-0094-2016Redesign;en-US;www.google.com;25239;1;0
Unionstationhotelnashville.com-0047-2015Redesign;en-US;www.google.com;32226;1;0
Thelodgeatwoodloch.com-0033-2015Redesign;en-US;www.google.com;7764;1;0
Casaybelresort.com-0002-2014Redesign;en-US;www.google.com;1616;1;0
Broadmoor.com-0073-2016Redesign;en-US;www.bing.com;22720;1;0
Montaukyachtclub.com-0010-2014Redesign;en-US;refmarket.ru;2240;1;0
Montaukyachtclub.com-0010-2014Redesign;en-US;pro-promat.ru;2240;1;0
Montaukyachtclub.com-0010-2014Redesign;en-US;krasivey.com.ua;2240;1;0
Thesagamore.com-0112-2017Redesign;en-US;www.newsday.com;32339;1;0
Thesagamore.com-0112-2017Redesign;en-US;www.newsday.com;32339;1;0
Theloganhotel.com-0043-2015Redesign;en-US;www.google.com;9154;1;0
Theloganhotel.com-0043-2015Redesign;en-US;www.bing.com;9327;1;0
Thelodgeatwoodloch.com-0033-2015Redesign;en-US;www.google.com;7764;1;0
Halcyonhotelcherrycreek.com-0061-2015Redesign;en-US;www.google.com;23287;1;0
Casaybelresort.com-0002-2014Redesign;en-US;www.google.com;1616;1;0
Broadmoor.com-0073-2016Redesign;en-US;www.google.com;16721;1;0
Broadmoor.com-0073-2016Redesign;en-US;www.google.com;16721;1;0
Broadmoor.com-0073-2016Redesign;en-US;www.google.com;18782;1;0
Unionstationhotelnashville.com-0047-2015Redesign;en-US;www.google.com;32226;1;0
Cphollywoodbeach.com-0032-2015Redesign;en-US;www.sunny.org;7831;1;0
Edgewaternaples.com-0094-2016Redesign;en-US;www.google.com;25246;1;0
Edgewaternaples.com-0094-2016Redesign;en-US;www.google.com;25246;1;0
Theloganhotel.com-0043-2015Redesign;en-US;l.facebook.com;15962;1;0
Monarchbeachresort.com-0092-2016Redesign;en-US;www.google.com;22725;1;0
Galthouse.com-0042-2015Redesign;en-US;m.facebook.com;31905;1;0
Glencovemansion.com-0058-2015Redesign;en-US;www.google.com;13328;1;0
