Broadmoor.com-0073-2016Redesign;en-US;17451;18156;1;0
Casaybelresort.com-0002-2014Redesign;en-US;1613;1596;1;0
Broadmoor.com-0073-2016Redesign;en-US;16755;16728;1;0
Washingtondukeinn.com-0024-2014Redesign;en-US;4524;4758;1;0
Longboatkeyclub.com-0104-2017Redesign;en-US;28316;28333;1;0
Theoxfordhotel.com-0062-2015Redesign;en-US;0;14325;1;0
Sandylane.com-0075-2016Redesign;en-US;17611;17644;1;0
Samosetresort.com-0113-2017Redesign;en-US;35151;35154;1;0
wentworthcom00212014redesign;en-US;4307;26679;1;0
Broadmoor.com-0073-2016Redesign;en-US;16728;18010;1;0
wentworthcom00212014redesign;en-US;4280;4247;1;0
Broadmoor.com-0073-2016Redesign;en-US;16721;20436;1;0
Hospitalityupgrade.com-0093-2016Redesign;en-US;37951;36351;1;0
Hospitalityupgrade.com-0093-2016Redesign;en-US;36351;32674;1;0
Thelodgeatwoodloch.com-0033-2015Redesign;en-US;7764;8253;1;0
Chrco.com-0107-2017Redesign;en-US;0;31152;1;0
Thesagamore.com-0112-2017Redesign;en-US;33474;33470;1;0
Hospitalityupgrade.com-0093-2016Redesign;en-US;32674;41276;1;0
Casaybelresort.com-0002-2014Redesign;en-US;1613;1627;1;0
Broadmoor.com-0073-2016Redesign;en-US;20436;16759;1;0
Cphollywoodbeach.com-0032-2015Redesign;en-US;0;7831;1;0
Casaybelresort.com-0002-2014Redesign;en-US;1596;1613;1;0
Thelodgeatwoodloch.com-0033-2015Redesign;en-US;8253;8267;1;0
Hospitalityupgrade.com-0093-2016Redesign;en-US;41276;25405;1;0
Broadmoor.com-0073-2016Redesign;en-US;18156;18014;1;0
Hospitalityupgrade.com-0093-2016Redesign;en-US;25405;36351;1;0
Springhillsuitesdenver.com-0060-2015Redesign;en-US;0;12307;1;0
Washingtondukeinn.com-0024-2014Redesign;en-US;4758;4524;1;0
Hospitalityupgrade.com-0093-2016Redesign;en-US;36351;32674;1;0
Napavalleymarriott.com-0071-2016Redesign;en-US;27499;16432;1;0
Longboatkeyclub.com-0104-2017Redesign;en-US;28333;28349;1;0
Hospitalityupgrade.com-0093-2016Redesign;en-US;32674;41276;1;0
Secretharbourvi.com-0040-2015Redesign;en-US;20178;9249;1;0
Glencovemansion.com-0058-2015Redesign;en-US;13328;13329;1;0
Monarchbeachresort.com-0092-2016Redesign;en-US;22865;22994;1;0
Washingtondukeinn.com-0024-2014Redesign;en-US;4524;19511;1;0
Hospitalityupgrade.com-0093-2016Redesign;en-US;41276;25405;1;0
Renaissancepittsburghpa.com-0044-2015Redesign;en-US;0;9637;1;0
Hospitalityupgrade.com-0093-2016Redesign;en-US;25405;36351;1;0
Thelodgeatwoodloch.com-0033-2015Redesign;en-US;7771;9801;1;0
Hospitalityupgrade.com-0093-2016Redesign;en-US;36351;32674;1;0
Washingtondukeinn.com-0024-2014Redesign;en-US;19511;5165;1;0
Theloganhotel.com-0043-2015Redesign;en-US;20218;9124;1;0
Bellemontfarm.com-0007-2013Redesign;en-US;11497;1989;1;0
Hospitalityupgrade.com-0093-2016Redesign;en-US;32674;41276;1;0
Broadmoor.com-0073-2016Redesign;en-US;16761;16770;1;0
Broadmoor.com-0073-2016Redesign;en-US;16721;16731;1;0
Cocokeyorlando.com-0059-2015Redesign;en-US;0;12394;1;0
Unionstationhotelnashville.com-0047-2015Redesign;en-US;32226;24054;1;0
Unionstationhotelnashville.com-0047-2015Redesign;en-US;24054;32226;1;0
Longboatkeyclub.com-0104-2017Redesign;en-US;28316;35641;1;0
Broadmoor.com-0073-2016Redesign;en-US;20418;21547;1;0
Hospitalityupgrade.com-0093-2016Redesign;en-US;41276;25405;1;0
Casaybelresort.com-0002-2014Redesign;en-US;1597;1571;1;0
Broadmoor.com-0073-2016Redesign;en-US;0;16793;1;0
wentworthcom00212014redesign;en-US;26679;4308;1;0
Hospitalityupgrade.com-0093-2016Redesign;en-US;25405;36351;1;0
Hospitalityupgrade.com-0093-2016Redesign;en-US;36351;32674;1;0
Glencovemansion.com-0058-2015Redesign;en-US;13329;13340;1;0
Samosetresort.com-0113-2017Redesign;en-US;32541;35144;1;0
Hospitalityupgrade.com-0093-2016Redesign;en-US;32674;41276;1;0
Unionstationhotelnashville.com-0047-2015Redesign;en-US;32226;24054;1;0
Washingtondukeinn.com-0024-2014Redesign;en-US;5165;19511;1;0
saddlebrook.com-0011-2014Redesign;en-US;4538;3486;1;0
Samosetresort.com-0113-2017Redesign;en-US;35154;35151;1;0
Glencovemansion.com-0058-2015Redesign;en-US;41652;13365;1;0
Broadmoor.com-0073-2016Redesign;en-US;16721;16764;1;0
Hospitalityupgrade.com-0093-2016Redesign;en-US;41276;25405;1;0
Hospitalityupgrade.com-0093-2016Redesign;en-US;25405;36351;1;0
Hospitalityupgrade.com-0093-2016Redesign;en-US;36351;32674;1;0
Casaybelresort.com-0002-2014Redesign;en-US;1571;1570;1;0
Hospitalityupgrade.com-0093-2016Redesign;en-US;32674;41276;1;0
Laxembassy.com-0008-2014Redesign;en-US;2078;2082;1;0
Broadmoor.com-0073-2016Redesign;en-US;21231;18259;1;0
Theoxfordhotel.com-0062-2015Redesign;en-US;14325;14430;1;0
Hospitalityupgrade.com-0093-2016Redesign;en-US;41276;25405;1;0
Hospitalityupgrade.com-0093-2016Redesign;en-US;25405;36351;1;0
Theoxfordhotel.com-0062-2015Redesign;en-US;14430;14325;1;0
Thelodgeatwoodloch.com-0033-2015Redesign;en-US;7782;9526;1;0
Samosetresort.com-0113-2017Redesign;en-US;0;32541;1;0
Renaissancepittsburghpa.com-0044-2015Redesign;en-US;9637;9691;1;0
Hospitalityupgrade.com-0093-2016Redesign;en-US;36351;32674;1;0
Theoxfordhotel.com-0062-2015Redesign;en-US;0;14325;1;0
Hospitalityupgrade.com-0093-2016Redesign;en-US;32674;41276;1;0
Casaybelresort.com-0002-2014Redesign;en-US;1533;1613;1;0
Casaybelresort.com-0002-2014Redesign;en-US;1570;1599;1;0
Thelodgeatwoodloch.com-0033-2015Redesign;en-US;9526;8255;1;0
Hospitalityupgrade.com-0093-2016Redesign;en-US;41276;25405;1;0
Lakeplacidlodge.com-0105-2017Redesign;en-US;28545;32796;1;0
Hospitalityupgrade.com-0093-2016Redesign;en-US;25405;36351;1;0
Hospitalityupgrade.com-0093-2016Redesign;en-US;36351;32674;1;0
