Napavalleymarriott.com-0071-2016Redesign;en-US;18369;16445;1;0
Zotabeachresort.com-0090-2016Redesign;en-US;22357;22405;1;0
Broadmoor.com-0073-2016Redesign;en-US;16761;16770;1;0
Broadmoor.com-0073-2016Redesign;en-US;21915;21796;1;0
Galthouse.com-0042-2015Redesign;en-US;31905;10568;1;0
Samosetresort.com-0113-2017Redesign;en-US;0;32541;1;0
Cocokeyorlando.com-0059-2015Redesign;en-US;12410;40344;1;0
Thelodgeatwoodloch.com-0033-2015Redesign;en-US;0;8265;1;0
Broadmoor.com-0073-2016Redesign;en-US;16721;16728;1;0
Thelodgeatwoodloch.com-0033-2015Redesign;en-US;11007;11008;1;0
Halcyonhotelcherrycreek.com-0061-2015Redesign;en-US;22121;23322;1;0
Washingtondukeinn.com-0024-2014Redesign;en-US;0;5100;1;0
Cocokeyorlando.com-0059-2015Redesign;en-US;40344;12410;1;0
Secretharbourvi.com-0040-2015Redesign;en-US;9231;20178;1;0
Jbdukehotel.com-0086-2016Redesign;en-US;21918;21920;1;0
Theharborsidehotel.com-0114-2017Redesign;en-US;0;37571;1;0
Theharborsidehotel.com-0114-2017Redesign;en-US;0;37571;1;0
Halcyonhotelcherrycreek.com-0061-2015Redesign;en-US;23322;22121;1;0
Thelodgeatwoodloch.com-0033-2015Redesign;en-US;7764;9847;1;0
wentworthcom00212014redesign;en-US;4313;4280;1;0
Thelodgeatwoodloch.com-0033-2015Redesign;en-US;20212;24800;1;0
Galthouse.com-0042-2015Redesign;en-US;10055;9789;1;0
Sandpearl.com-0091-2016Redesign;en-US;22481;22497;1;0
Broadmoor.com-0073-2016Redesign;en-US;16728;18014;1;0
Cphollywoodbeach.com-0032-2015Redesign;en-US;7829;7833;1;0
Cocokeyorlando.com-0059-2015Redesign;en-US;12410;12404;1;0
Thelodgeatwoodloch.com-0033-2015Redesign;en-US;13611;8261;1;0
Samosetresort.com-0113-2017Redesign;en-US;35226;35283;1;0
Thesagamore.com-0112-2017Redesign;en-US;32339;33921;1;0
Thesagamore.com-0112-2017Redesign;en-US;33577;33443;1;0
Thelodgeatwoodloch.com-0033-2015Redesign;en-US;7764;8254;1;0
Thesagamore.com-0112-2017Redesign;en-US;33443;33447;1;0
wentworthcom00212014redesign;en-US;4280;4274;1;0
Washingtoncourthotel.com-0076-2016Redesign;en-US;17955;17956;1;0
Hospitalityupgrade.com-0093-2016Redesign;en-US;0;25405;1;0
Hospitalityupgrade.com-0093-2016Redesign;en-US;0;36914;1;0
Hospitalityupgrade.com-0093-2016Redesign;en-US;0;36914;1;0
Hospitalityupgrade.com-0093-2016Redesign;en-US;0;31772;1;0
Hospitalityupgrade.com-0093-2016Redesign;en-US;0;36743;1;0
Hospitalityupgrade.com-0093-2016Redesign;en-US;0;36914;1;0
Hospitalityupgrade.com-0093-2016Redesign;en-US;0;40678;1;0
Hospitalityupgrade.com-0093-2016Redesign;en-US;0;36914;1;0
Hospitalityupgrade.com-0093-2016Redesign;en-US;0;36914;1;0
Hospitalityupgrade.com-0093-2016Redesign;en-US;0;36187;1;0
Thelodgeatwoodloch.com-0033-2015Redesign;en-US;7764;9932;1;0
Hospitalityupgrade.com-0093-2016Redesign;en-US;0;22790;1;0
Hospitalityupgrade.com-0093-2016Redesign;en-US;0;22790;1;0
Cocokeyorlando.com-0059-2015Redesign;en-US;0;12394;1;0
Hospitalityupgrade.com-0093-2016Redesign;en-US;0;22790;1;0
Hospitalityupgrade.com-0093-2016Redesign;en-US;0;22790;1;0
Hospitalityupgrade.com-0093-2016Redesign;en-US;0;22790;1;0
Hospitalityupgrade.com-0093-2016Redesign;en-US;0;25405;1;0
Hospitalityupgrade.com-0093-2016Redesign;en-US;0;22790;1;0
Hospitalityupgrade.com-0093-2016Redesign;en-US;0;22790;1;0
Hospitalityupgrade.com-0093-2016Redesign;en-US;0;22790;1;0
Hospitalityupgrade.com-0093-2016Redesign;en-US;0;22790;1;0
Hospitalityupgrade.com-0093-2016Redesign;en-US;0;22790;1;0
Hospitalityupgrade.com-0093-2016Redesign;en-US;0;22790;1;0
Hospitalityupgrade.com-0093-2016Redesign;en-US;0;22790;1;0
Hospitalityupgrade.com-0093-2016Redesign;en-US;0;22790;1;0
Hospitalityupgrade.com-0093-2016Redesign;en-US;0;22790;1;0
Hospitalityupgrade.com-0093-2016Redesign;en-US;0;22790;1;0
Hospitalityupgrade.com-0093-2016Redesign;en-US;0;22790;1;0
Hospitalityupgrade.com-0093-2016Redesign;en-US;0;22790;1;0
Monarchbeachresort.com-0092-2016Redesign;en-US;22725;26800;1;0
Hospitalityupgrade.com-0093-2016Redesign;en-US;0;22790;1;0
Hospitalityupgrade.com-0093-2016Redesign;en-US;0;22790;1;0
Hospitalityupgrade.com-0093-2016Redesign;en-US;0;37631;1;0
Thelodgeatwoodloch.com-0033-2015Redesign;en-US;8265;8390;1;0
Hospitalityupgrade.com-0093-2016Redesign;en-US;0;36743;1;0
Hospitalityupgrade.com-0093-2016Redesign;en-US;0;36743;1;0
Hospitalityupgrade.com-0093-2016Redesign;en-US;0;22790;1;0
Hospitalityupgrade.com-0093-2016Redesign;en-US;0;22790;1;0
Hospitalityupgrade.com-0093-2016Redesign;en-US;0;22790;1;0
Hospitalityupgrade.com-0093-2016Redesign;en-US;0;22790;1;0
theweststreethotel.com-0115-2017Redesign;en-US;37486;36683;1;0
Hospitalityupgrade.com-0093-2016Redesign;en-US;0;22790;1;0
Hospitalityupgrade.com-0093-2016Redesign;en-US;0;22790;1;0
Hospitalityupgrade.com-0093-2016Redesign;en-US;0;22790;1;0
Hospitalityupgrade.com-0093-2016Redesign;en-US;0;22790;1;0
Hospitalityupgrade.com-0093-2016Redesign;en-US;0;22790;1;0
Hospitalityupgrade.com-0093-2016Redesign;en-US;0;22790;1;0
Hospitalityupgrade.com-0093-2016Redesign;en-US;0;22790;1;0
Hospitalityupgrade.com-0093-2016Redesign;en-US;0;22790;1;0
Hospitalityupgrade.com-0093-2016Redesign;en-US;0;36743;1;0
Hospitalityupgrade.com-0093-2016Redesign;en-US;0;22790;1;0
Hospitalityupgrade.com-0093-2016Redesign;en-US;0;22790;1;0
Hospitalityupgrade.com-0093-2016Redesign;en-US;0;36914;1;0
Hospitalityupgrade.com-0093-2016Redesign;en-US;0;22790;1;0
Hospitalityupgrade.com-0093-2016Redesign;en-US;0;22790;1;0
Hospitalityupgrade.com-0093-2016Redesign;en-US;0;22790;1;0
Hospitalityupgrade.com-0093-2016Redesign;en-US;0;36914;1;0
Hospitalityupgrade.com-0093-2016Redesign;en-US;0;22790;1;0
Hospitalityupgrade.com-0093-2016Redesign;en-US;0;31876;1;0
Hospitalityupgrade.com-0093-2016Redesign;en-US;0;37631;1;0
Thelodgeatwoodloch.com-0033-2015Redesign;en-US;24800;38358;1;0
Hospitalityupgrade.com-0093-2016Redesign;en-US;0;22790;1;0
Hospitalityupgrade.com-0093-2016Redesign;en-US;0;22790;1;0
Hospitalityupgrade.com-0093-2016Redesign;en-US;0;37631;1;0
Hospitalityupgrade.com-0093-2016Redesign;en-US;0;22790;1;0
Hospitalityupgrade.com-0093-2016Redesign;en-US;0;22790;1;0
wentworthcom00212014redesign;en-US;4274;4416;1;0
Renaissancepittsburghpa.com-0044-2015Redesign;en-US;0;9637;1;0
Hospitalityupgrade.com-0093-2016Redesign;en-US;0;22790;1;0
Hospitalityupgrade.com-0093-2016Redesign;en-US;0;22790;1;0
Hospitalityupgrade.com-0093-2016Redesign;en-US;0;22790;1;0
Hospitalityupgrade.com-0093-2016Redesign;en-US;0;36914;1;0
Hospitalityupgrade.com-0093-2016Redesign;en-US;0;22790;1;0
Hospitalityupgrade.com-0093-2016Redesign;en-US;0;22790;1;0
Hospitalityupgrade.com-0093-2016Redesign;en-US;0;22790;1;0
Hospitalityupgrade.com-0093-2016Redesign;en-US;0;22790;1;0
Cocokeyorlando.com-0059-2015Redesign;en-US;12404;12581;1;0
Hospitalityupgrade.com-0093-2016Redesign;en-US;0;22790;1;0
Hospitalityupgrade.com-0093-2016Redesign;en-US;0;22790;1;0
Broadmoor.com-0073-2016Redesign;en-US;16721;18259;1;0
Hospitalityupgrade.com-0093-2016Redesign;en-US;0;36743;1;0
Hospitalityupgrade.com-0093-2016Redesign;en-US;0;22790;1;0
Hospitalityupgrade.com-0093-2016Redesign;en-US;0;38956;1;0
Thelodgeatwoodloch.com-0033-2015Redesign;en-US;8254;9847;1;0
Hospitalityupgrade.com-0093-2016Redesign;en-US;0;22790;1;0
Hospitalityupgrade.com-0093-2016Redesign;en-US;0;22790;1;0
Hospitalityupgrade.com-0093-2016Redesign;en-US;0;22790;1;0
Hospitalityupgrade.com-0093-2016Redesign;en-US;0;22790;1;0
Hospitalityupgrade.com-0093-2016Redesign;en-US;0;22790;1;0
Thelodgeatwoodloch.com-0033-2015Redesign;en-US;7764;7783;1;0
Zotabeachresort.com-0090-2016Redesign;en-US;22405;22358;1;0
Hospitalityupgrade.com-0093-2016Redesign;en-US;0;22790;1;0
Hospitalityupgrade.com-0093-2016Redesign;en-US;0;22790;1;0
Hospitalityupgrade.com-0093-2016Redesign;en-US;0;22790;1;0
Hospitalityupgrade.com-0093-2016Redesign;en-US;0;36187;1;0
Hospitalityupgrade.com-0093-2016Redesign;en-US;0;22790;1;0
Hospitalityupgrade.com-0093-2016Redesign;en-US;0;22790;1;0
Hospitalityupgrade.com-0093-2016Redesign;en-US;0;22790;1;0
Hospitalityupgrade.com-0093-2016Redesign;en-US;0;22790;1;0
Hospitalityupgrade.com-0093-2016Redesign;en-US;0;36743;1;0
Hospitalityupgrade.com-0093-2016Redesign;en-US;0;22790;1;0
Broadmoor.com-0073-2016Redesign;en-US;18014;32321;1;0
Hospitalityupgrade.com-0093-2016Redesign;en-US;0;36743;1;0
Hospitalityupgrade.com-0093-2016Redesign;en-US;0;33248;1;0
Hospitalityupgrade.com-0093-2016Redesign;en-US;0;22790;1;0
Hospitalityupgrade.com-0093-2016Redesign;en-US;0;22790;1;0
Hospitalityupgrade.com-0093-2016Redesign;en-US;0;22790;1;0
Hospitalityupgrade.com-0093-2016Redesign;en-US;0;22790;1;0
Hospitalityupgrade.com-0093-2016Redesign;en-US;0;22790;1;0
Hospitalityupgrade.com-0093-2016Redesign;en-US;0;22790;1;0
Hospitalityupgrade.com-0093-2016Redesign;en-US;0;22790;1;0
Hospitalityupgrade.com-0093-2016Redesign;en-US;0;22790;1;0
Hospitalityupgrade.com-0093-2016Redesign;en-US;0;22790;1;0
Hospitalityupgrade.com-0093-2016Redesign;en-US;0;22790;1;0
Hospitalityupgrade.com-0093-2016Redesign;en-US;0;22790;1;0
Hospitalityupgrade.com-0093-2016Redesign;en-US;0;22790;1;0
Thelodgeatwoodloch.com-0033-2015Redesign;en-US;7782;7771;1;0
Hospitalityupgrade.com-0093-2016Redesign;en-US;0;22790;1;0
Hospitalityupgrade.com-0093-2016Redesign;en-US;0;22790;1;0
Thelodgeatwoodloch.com-0033-2015Redesign;en-US;11008;8390;1;0
Unionstationhotelnashville.com-0047-2015Redesign;en-US;32226;24054;1;0
Thelodgeatwoodloch.com-0033-2015Redesign;en-US;7771;7781;1;0
Thelodgeatwoodloch.com-0033-2015Redesign;en-US;9847;8254;1;0
Samosetresort.com-0113-2017Redesign;en-US;0;32541;1;0
wentworthcom00212014redesign;en-US;4416;4254;1;0
Washingtoncourthotel.com-0076-2016Redesign;en-US;17956;17955;1;0
Unionstationhotelnashville.com-0047-2015Redesign;en-US;32226;24218;1;0
Cocokeyorlando.com-0059-2015Redesign;en-US;0;12394;1;0
wentworthcom00212014redesign;en-US;26679;4250;1;0
Thecurtis.com-0079-2016Redesign;en-US;17981;18015;1;0
Napavalleymarriott.com-0071-2016Redesign;en-US;16445;18279;1;0
