Glencovemansion.com-0058-2015Redesign;en-US;www.google.com;13328;1;0
saddlebrook.com-0011-2014Redesign;en-US;www.google.com;3385;1;0
Galthouse.com-0042-2015Redesign;en-US;www.google.com;31905;1;0
Theloganhotel.com-0043-2015Redesign;en-US;www.google.com;20218;1;0
Casaybelresort.com-0002-2014Redesign;en-US;showboxpc.be;1533;1;0
Samosetresort.com-0113-2017Redesign;en-US;www.google.com;32541;1;0
Broadmoor.com-0073-2016Redesign;en-US;www.google.com;21233;1;0
Broadmoor.com-0073-2016Redesign;en-US;m.facebook.com;16721;1;0
Meateatery.com-0080-2016Redesign;en-US;google.com;18505;1;0
Thecrawfordhotel.com-0074-2016Redesign;en-US;unionstationindenver.com;17190;1;0
Lidobeachresort.com-0106-2017Redesign;en-US;l.facebook.com;28666;1;0
Glencovemansion.com-0058-2015Redesign;en-US;www.google.com;13328;1;0
Galthouse.com-0042-2015Redesign;en-US;m.facebook.com;31905;1;0
Broadmoor.com-0073-2016Redesign;en-US;s0.2mdn.net;16728;1;0
Glencovemansion.com-0058-2015Redesign;en-US;www.google.com;13340;1;0
Lidobeachresort.com-0106-2017Redesign;en-US;www.google.com;28666;1;0
Lidobeachresort.com-0106-2017Redesign;en-US;www.google.com;28666;1;0
Broadmoor.com-0073-2016Redesign;en-US;android-app:;16721;1;0
Courtyardportlandcitycenter.com-0063-2015Redesign;en-US;www.google.com;14545;1;0
Broadmoor.com-0073-2016Redesign;en-US;googleads.g.doubleclick.net;16728;1;0
