Theharborsidehotel.com-0114-2017Redesign;en-US;37571;37941;1;0
Broadmoor.com-0073-2016Redesign;en-US;16763;16761;1;0
Lehotels.com-0049-2015Transfer;en-US;12129;12982;1;0
Lidobeachresort.com-0106-2017Redesign;en-US;0;28666;1;0
Lidobeachresort.com-0106-2017Redesign;en-US;0;28666;1;0
Thesagamore.com-0112-2017Redesign;en-US;33921;33922;1;0
Lehotels.com-0049-2015Transfer;en-US;12982;12983;1;0
Theoxfordhotel.com-0062-2015Redesign;en-US;0;14325;1;0
Casaybelresort.com-0002-2014Redesign;en-US;0;1570;1;0
Thesagamore.com-0112-2017Redesign;en-US;32351;33924;1;0
Broadmoor.com-0073-2016Redesign;en-US;16761;16764;1;0
Broadmoor.com-0073-2016Redesign;en-US;16755;16722;1;0
Chrco.com-0107-2017Redesign;en-US;0;29434;1;0
Theoxfordhotel.com-0062-2015Redesign;en-US;14325;14457;1;0
Edgewaternaples.com-0094-2016Redesign;en-US;25239;25270;1;0
Longboatkeyclub.com-0104-2017Redesign;en-US;28316;28318;1;0
Theoxfordhotel.com-0062-2015Redesign;en-US;14457;14325;1;0
Treasureislandbeachresort.com-0089-2016Redesign;en-US;22169;41580;1;0
Thelodgeatwoodloch.com-0033-2015Redesign;en-US;7764;8253;1;0
Thesagamore.com-0112-2017Redesign;en-US;33453;33449;1;0
Samosetresort.com-0113-2017Redesign;en-US;0;32541;1;0
Lidobeachresort.com-0106-2017Redesign;en-US;29899;29981;1;0
Cocokeyorlando.com-0059-2015Redesign;en-US;0;12394;1;0
Broadmoor.com-0073-2016Redesign;en-US;16722;17443;1;0
Galthouse.com-0042-2015Redesign;en-US;10570;10572;1;0
Thesagamore.com-0112-2017Redesign;en-US;33451;33447;1;0
Theharborsidehotel.com-0114-2017Redesign;en-US;37571;38012;1;0
Lehotels.com-0049-2015Transfer;en-US;12983;12129;1;0
Cendyn.com-0095-2016Redesign;en-US;0;26640;1;0
Theoxfordhotel.com-0062-2015Redesign;en-US;14325;14331;1;0
Opalsands.com-0084-2016Redesign;en-US;20171;23636;1;0
Longboatkeyclub.com-0104-2017Redesign;en-US;28316;35641;1;0
Broadmoor.com-0073-2016Redesign;en-US;17443;22918;1;0
theweststreethotel.com-0115-2017Redesign;en-US;36683;36726;1;0
Bellemontfarm.com-0007-2013Redesign;en-US;11497;12014;1;0
Denvercy.com-0036-2015Redesign;en-US;8644;8646;1;0
Theoxfordhotel.com-0062-2015Redesign;en-US;14331;14325;1;0
Sandpearl.com-0091-2016Redesign;en-US;22481;22488;1;0
Thesagamore.com-0112-2017Redesign;en-US;33444;33470;1;0
Delraysandsresort.com-0097-2016Redesign;en-US;0;27232;1;0
Casaybelresort.com-0002-2014Redesign;en-US;1573;1537;1;0
wentworthcom00212014redesign;en-US;4251;4306;1;0
Chrco.com-0107-2017Redesign;en-US;0;29280;1;0
Thesagamore.com-0112-2017Redesign;en-US;33922;33921;1;0
Bellemontfarm.com-0007-2013Redesign;en-US;12014;12015;1;0
Monarchbeachresort.com-0092-2016Redesign;en-US;22725;26788;1;0
Thesagamore.com-0112-2017Redesign;en-US;32339;33470;1;0
Bellemontfarm.com-0007-2013Redesign;en-US;12015;12011;1;0
Broadmoor.com-0073-2016Redesign;en-US;16721;16738;1;0
Thecurtis.com-0079-2016Redesign;en-US;0;17981;1;0
Bellemontfarm.com-0007-2013Redesign;en-US;12011;12016;1;0
Thesagamore.com-0112-2017Redesign;en-US;33924;33921;1;0
Sandpearl.com-0091-2016Redesign;en-US;22488;22530;1;0
Cphollywoodbeach.com-0032-2015Redesign;en-US;7805;7861;1;0
Galthouse.com-0042-2015Redesign;en-US;0;31905;1;0
Galthouse.com-0042-2015Redesign;en-US;0;31905;1;0
Secretharbourvi.com-0040-2015Redesign;en-US;9231;20178;1;0
Theoxfordhotel.com-0062-2015Redesign;en-US;0;14325;1;0
Thecrawfordhotel.com-0074-2016Redesign;en-US;17145;17158;1;0
Unionstationhotelnashville.com-0047-2015Redesign;en-US;0;32226;1;0
Thelodgeatwoodloch.com-0033-2015Redesign;en-US;7764;7781;1;0
Thesagamore.com-0112-2017Redesign;en-US;33449;33448;1;0
Bellemontfarm.com-0007-2013Redesign;en-US;12016;12011;1;0
Broadmoor.com-0073-2016Redesign;en-US;17333;17269;1;0
Lakeplacidlodge.com-0105-2017Redesign;en-US;32804;32806;1;0
Thesagamore.com-0112-2017Redesign;en-US;32339;32346;1;0
Bellemontfarm.com-0007-2013Redesign;en-US;12011;12016;1;0
Broadmoor.com-0073-2016Redesign;en-US;16721;20418;1;0
Thesagamore.com-0112-2017Redesign;en-US;32346;32387;1;0
Hospitalityupgrade.com-0093-2016Redesign;en-US;0;22790;1;0
Thelodgeatwoodloch.com-0033-2015Redesign;en-US;9920;7781;1;0
Theoxfordhotel.com-0062-2015Redesign;en-US;14325;14337;1;0
Thesagamore.com-0112-2017Redesign;en-US;32339;32351;1;0
