wentworthcom00212014redesign;en-US;www.marriott.com;4250;1;0
Broadmoor.com-0073-2016Redesign;en-US;www.brides.com;16721;1;0
Broadmoor.com-0073-2016Redesign;en-US;www.brides.com;16721;1;0
Galthouse.com-0042-2015Redesign;en-US;www.google.com;31905;1;0
Galthouse.com-0042-2015Redesign;en-US;www.google.com;31905;1;0
wentworthcom00212014redesign;en-US;www.google.com;4309;1;0
Thelodgeatwoodloch.com-0033-2015Redesign;en-US;www.google.com;9932;1;0
wentworthcom00212014redesign;en-US;www.google.com;4309;1;0
Longboatkeyclub.com-0104-2017Redesign;en-US;www.google.com;28316;1;0
Thesagamore.com-0112-2017Redesign;en-US;www.google.com;32351;1;0
Thelodgeatwoodloch.com-0033-2015Redesign;en-US;www.hotelrooms.com;7764;1;0
Marriottkeylargo.com-0015-2014Redesign;en-US;www.fla-keys.com;3948;1;0
Thelodgeatwoodloch.com-0033-2015Redesign;en-US;www.poconomountains.com;7764;1;0
Thelodgeatwoodloch.com-0033-2015Redesign;en-US;www.google.com;7764;1;0
Monarchbeachresort.com-0092-2016Redesign;en-US;www.google.com;22995;1;0
wentworthcom00212014redesign;en-US;www.marriott.com;4250;1;0
Washingtondukeinn.com-0024-2014Redesign;en-US;www.google.com;4740;1;0
Monarchbeachresort.com-0092-2016Redesign;en-US;www.google.com;22998;1;0
Glencovemansion.com-0058-2015Redesign;en-US;www.google.com;13344;1;0
Washingtondukeinn.com-0024-2014Redesign;en-US;www.google.com;4747;1;0
Thesagamore.com-0112-2017Redesign;en-US;www.google.com;33452;1;0
Thesagamore.com-0112-2017Redesign;en-US;www.google.com;33452;1;0
Lidobeachresort.com-0106-2017Redesign;en-US;www.google.com;28666;1;0
Thesagamore.com-0112-2017Redesign;en-US;www.google.com;33452;1;0
Samosetresort.com-0113-2017Redesign;en-US;search.yahoo.com;32541;1;0
Zotabeachresort.com-0090-2016Redesign;en-US;www.google.com;23062;1;0
Zotabeachresort.com-0090-2016Redesign;en-US;www.google.com;23062;1;0
Lehotels.com-0049-2015Transfer;en-US;www.google.com.kw;12833;1;0
Chrco.com-0107-2017Redesign;en-US;subscriber.zoominfo.com;29280;1;0
saddlebrook.com-0011-2014Redesign;en-US;www.google.ca;3385;1;0
Chrco.com-0107-2017Redesign;en-US;subscriber.zoominfo.com;29280;1;0
