Abbingtonbanquets.com-0070-2016Redesign;en-US;15811;15790;1;0
Luxehotels.com-0078-2016Redesign;en-US;18833;19325;1;0
Luxehotels.com-0078-2016Redesign;en-US;18805;19280;1;0
Monarchbeachresort.com-0092-2016Redesign;en-US;41733;23644;1;0
Cocokeyorlando.com-0059-2015Redesign;en-US;0;12394;1;0
Samosetresort.com-0113-2017Redesign;en-US;0;32541;1;0
Theoxfordhotel.com-0062-2015Redesign;en-US;0;14325;1;0
Luxehotels.com-0078-2016Redesign;en-US;19325;19342;1;0
Luxehotels.com-0078-2016Redesign;en-US;19280;19573;1;0
Thecurtis.com-0079-2016Redesign;en-US;18015;18828;1;0
Theharborsidehotel.com-0114-2017Redesign;en-US;37571;41599;1;0
Thelodgeatwoodloch.com-0033-2015Redesign;en-US;39358;41710;1;0
Montaukyachtclub.com-0010-2014Redesign;en-US;0;38585;1;0
Broadmoor.com-0073-2016Redesign;en-US;18259;21233;1;0
Thesagamore.com-0112-2017Redesign;en-US;32339;33922;1;0
Thecurtis.com-0079-2016Redesign;en-US;0;17981;1;0
Glencovemansion.com-0058-2015Redesign;en-US;15099;13342;1;0
Halcyonhotelcherrycreek.com-0061-2015Redesign;en-US;23190;22121;1;0
Bellemontfarm.com-0007-2013Redesign;en-US;11497;2502;1;0
Monarchbeachresort.com-0092-2016Redesign;en-US;22967;23249;1;0
Bellemontfarm.com-0007-2013Redesign;en-US;2502;10360;1;0
Bellemontfarm.com-0007-2013Redesign;en-US;10360;2503;1;0
Bellemontfarm.com-0007-2013Redesign;en-US;2503;11497;1;0
Longboatkeyclub.com-0104-2017Redesign;en-US;29749;28349;1;0
Thesagamore.com-0112-2017Redesign;en-US;33922;33924;1;0
Thelodgeatwoodloch.com-0033-2015Redesign;en-US;7764;9847;1;0
Unionstationhotelnashville.com-0047-2015Redesign;en-US;32226;24054;1;0
Galthouse.com-0042-2015Redesign;en-US;10558;10570;1;0
Luxehotels.com-0078-2016Redesign;en-US;19342;19325;1;0
Glencovemansion.com-0058-2015Redesign;en-US;13342;15099;1;0
Galthouse.com-0042-2015Redesign;en-US;0;10613;1;0
Broadmoor.com-0073-2016Redesign;en-US;17450;16722;1;0
Broadmoor.com-0073-2016Redesign;en-US;16721;22792;1;0
