Broadmoor.com-0073-2016Redesign;en-US;login.nomadix.com:1111;16724;1;0
Sandpearl.com-0091-2016Redesign;en-US;www.google.co.uk;22481;1;0
Longboatkeyclub.com-0104-2017Redesign;en-US;www.google.com;28316;1;0
Broadmoor.com-0073-2016Redesign;en-US;login.nomadix.com:1111;16724;1;0
Luxehotels.com-0078-2016Redesign;en-US;www.google.com;19366;1;0
Sandylane.com-0075-2016Redesign;en-US;idstrcc.plextravel.com;17611;1;0
Longboatkeyclub.com-0104-2017Redesign;en-US;www.google.co.uk;28427;1;0
Sandpearl.com-0091-2016Redesign;en-US;www.google.com;22481;1;0
Casaybelresort.com-0002-2014Redesign;en-US;www.google.de;1613;1;0
Sandpearl.com-0091-2016Redesign;en-US;www.google.com;22481;1;0
Casaybelresort.com-0002-2014Redesign;en-US;www.google.com;1613;1;0
Broadmoor.com-0073-2016Redesign;en-US;www.google.com;16755;1;0
wentworthcom00212014redesign;en-US;r.search.yahoo.com;4251;1;0
Cphollywoodbeach.com-0032-2015Redesign;en-US;www.sunny.org;7831;1;0
Lidobeachresort.com-0106-2017Redesign;en-US;www.google.com;28667;1;0
wentworthcom00212014redesign;en-US;www.google.com;4284;1;0
Longboatkeyclub.com-0104-2017Redesign;en-US;www.google.co.uk;28316;1;0
Casaybelresort.com-0002-2014Redesign;en-US;www.google.com;1533;1;0
Opalsands.com-0084-2016Redesign;en-US;www.google.com;20171;1;0
Crmweb.cendyn.com-0121-2017Redesign;en-US;www.kingsmill.com;38032;1;0
Longboatkeyclub.com-0104-2017Redesign;en-US;www.google.com;28316;1;0
Longboatkeyclub.com-0104-2017Redesign;en-US;www.google.com;28316;1;0
Opalsands.com-0084-2016Redesign;en-US;reservations.opalsands.com;20792;1;0
Chrco.com-0107-2017Redesign;en-US;chp.tbe.taleo.net;29280;1;0
Chrco.com-0107-2017Redesign;en-US;chp.tbe.taleo.net;29280;1;0
Chrco.com-0107-2017Redesign;en-US;chp.tbe.taleo.net;29280;1;0
Chrco.com-0107-2017Redesign;en-US;chp.tbe.taleo.net;29280;1;0
Chrco.com-0107-2017Redesign;en-US;chp.tbe.taleo.net;29280;1;0
Chrco.com-0107-2017Redesign;en-US;chp.tbe.taleo.net;29280;1;0
Chrco.com-0107-2017Redesign;en-US;chp.tbe.taleo.net;29280;1;0
Chrco.com-0107-2017Redesign;en-US;chp.tbe.taleo.net;29280;1;0
Chrco.com-0107-2017Redesign;en-US;chp.tbe.taleo.net;29280;1;0
Chrco.com-0107-2017Redesign;en-US;chp.tbe.taleo.net;29280;1;0
Chrco.com-0107-2017Redesign;en-US;chp.tbe.taleo.net;29280;1;0
Chrco.com-0107-2017Redesign;en-US;chp.tbe.taleo.net;29280;1;0
Chrco.com-0107-2017Redesign;en-US;chp.tbe.taleo.net;29280;1;0
Chrco.com-0107-2017Redesign;en-US;chp.tbe.taleo.net;29280;1;0
Chrco.com-0107-2017Redesign;en-US;chp.tbe.taleo.net;29280;1;0
Chrco.com-0107-2017Redesign;en-US;chp.tbe.taleo.net;29280;1;0
Chrco.com-0107-2017Redesign;en-US;chp.tbe.taleo.net;29280;1;0
Chrco.com-0107-2017Redesign;en-US;chp.tbe.taleo.net;29280;1;0
Chrco.com-0107-2017Redesign;en-US;chp.tbe.taleo.net;29280;1;0
Chrco.com-0107-2017Redesign;en-US;chp.tbe.taleo.net;29280;1;0
Chrco.com-0107-2017Redesign;en-US;chp.tbe.taleo.net;29280;1;0
Chrco.com-0107-2017Redesign;en-US;chp.tbe.taleo.net;29280;1;0
Chrco.com-0107-2017Redesign;en-US;chp.tbe.taleo.net;29280;1;0
Chrco.com-0107-2017Redesign;en-US;chp.tbe.taleo.net;29280;1;0
Chrco.com-0107-2017Redesign;en-US;chp.tbe.taleo.net;29280;1;0
Chrco.com-0107-2017Redesign;en-US;chp.tbe.taleo.net;29280;1;0
Chrco.com-0107-2017Redesign;en-US;chp.tbe.taleo.net;29280;1;0
Chrco.com-0107-2017Redesign;en-US;chp.tbe.taleo.net;29280;1;0
Chrco.com-0107-2017Redesign;en-US;chp.tbe.taleo.net;29280;1;0
Chrco.com-0107-2017Redesign;en-US;chp.tbe.taleo.net;29280;1;0
Chrco.com-0107-2017Redesign;en-US;chp.tbe.taleo.net;29280;1;0
Chrco.com-0107-2017Redesign;en-US;chp.tbe.taleo.net;29280;1;0
Chrco.com-0107-2017Redesign;en-US;chp.tbe.taleo.net;29280;1;0
Chrco.com-0107-2017Redesign;en-US;chp.tbe.taleo.net;29280;1;0
Galthouse.com-0042-2015Redesign;en-US;www.google.ca;31905;1;0
Chrco.com-0107-2017Redesign;en-US;chp.tbe.taleo.net;29280;1;0
Marriottkeylargo.com-0015-2014Redesign;en-US;www.google.com;3948;1;0
Chrco.com-0107-2017Redesign;en-US;chp.tbe.taleo.net;29280;1;0
Chrco.com-0107-2017Redesign;en-US;chp.tbe.taleo.net;29280;1;0
Chrco.com-0107-2017Redesign;en-US;chp.tbe.taleo.net;29280;1;0
Chrco.com-0107-2017Redesign;en-US;chp.tbe.taleo.net;29280;1;0
Chrco.com-0107-2017Redesign;en-US;chp.tbe.taleo.net;29280;1;0
Chrco.com-0107-2017Redesign;en-US;chp.tbe.taleo.net;29280;1;0
Chrco.com-0107-2017Redesign;en-US;chp.tbe.taleo.net;29280;1;0
Edgewaternaples.com-0094-2016Redesign;en-US;www.google.ca;25239;1;0
Longboatkeyclub.com-0104-2017Redesign;en-US;www.google.com;28316;1;0
Cphollywoodbeach.com-0032-2015Redesign;en-US;www.sunny.org;7831;1;0
Thelodgeatwoodloch.com-0033-2015Redesign;en-US;www.mainlinetoday.com;7764;1;0
Treasureislandbeachresort.com-0089-2016Redesign;en-US;search.yahoo.com;22169;1;0
Cphollywoodbeach.com-0032-2015Redesign;en-US;www.google.co.uk;7831;1;0
Broadmoor.com-0073-2016Redesign;en-US;www.google.com;16764;1;0
Broadmoor.com-0073-2016Redesign;en-US;tpc.googlesyndication.com;16728;1;0
Monarchbeachresort.com-0092-2016Redesign;en-US;www.google.com;22725;1;0
Thecurtis.com-0079-2016Redesign;en-US;www.google.com;17981;1;0
Thesagamore.com-0112-2017Redesign;en-US;www.google.com;32339;1;0
Longboatkeyclub.com-0104-2017Redesign;en-US;www.google.com;28316;1;0
Opalsands.com-0084-2016Redesign;en-US;www.google.com;20171;1;0
Thesagamore.com-0112-2017Redesign;en-US;www.google.com;32339;1;0
Cphollywoodbeach.com-0032-2015Redesign;en-US;www.google.com;7831;1;0
Lidobeachresort.com-0106-2017Redesign;en-US;www.google.com;28666;1;0
Lidobeachresort.com-0106-2017Redesign;en-US;www.google.com;28666;1;0
Longboatkeyclub.com-0104-2017Redesign;en-US;www.google.com;28316;1;0
Monarchbeachresort.com-0092-2016Redesign;en-US;www.google.com;22725;1;0
Washingtondukeinn.com-0024-2014Redesign;en-US;www.google.com;5165;1;0
Washingtondukeinn.com-0024-2014Redesign;en-US;www.google.com;5165;1;0
Washingtondukeinn.com-0024-2014Redesign;en-US;www.osnova3.ru;4759;1;0
