Cocokeyorlando.com-0059-2015Redesign;en-US;0;12394;1;0
Thelodgeatwoodloch.com-0033-2015Redesign;en-US;9801;11304;1;0
Saddlebrookprep.com-0022-2014Transfer;en-US;0;3914;1;0
Thesagamore.com-0112-2017Redesign;en-US;33922;33925;1;0
Thelodgeatwoodloch.com-0033-2015Redesign;en-US;8253;7771;1;0
Thecurtis.com-0079-2016Redesign;en-US;0;17981;1;0
Thesagamore.com-0112-2017Redesign;en-US;33366;33921;1;0
Opalsands.com-0084-2016Redesign;en-US;20920;21219;1;0
Thesagamore.com-0112-2017Redesign;en-US;32339;32355;1;0
Oxfordclubspa.com-0068-2016Redesign;en-US;0;15568;1;0
Treasureislandbeachresort.com-0089-2016Redesign;en-US;22169;22185;1;0
Samosetresort.com-0113-2017Redesign;en-US;0;32541;1;0
Casaybelresort.com-0002-2014Redesign;en-US;1596;1573;1;0
Secretharbourvi.com-0040-2015Redesign;en-US;9231;9378;1;0
Sandylane.com-0075-2016Redesign;en-US;17684;17611;1;0
Thesagamore.com-0112-2017Redesign;en-US;0;33923;1;0
Longboatkeyclub.com-0104-2017Redesign;en-US;0;28426;1;0
Thelodgeatwoodloch.com-0033-2015Redesign;en-US;11304;9801;1;0
Galthouse.com-0042-2015Redesign;en-US;31905;10570;1;0
Thesagamore.com-0112-2017Redesign;en-US;33923;33931;1;0
Casaybelresort.com-0002-2014Redesign;en-US;0;1613;1;0
Broadmoor.com-0073-2016Redesign;en-US;18013;16763;1;0
Cocokeyorlando.com-0059-2015Redesign;en-US;0;12394;1;0
Opalsands.com-0084-2016Redesign;en-US;21219;21221;1;0
Thelodgeatwoodloch.com-0033-2015Redesign;en-US;9801;9932;1;0
Thelodgeatwoodloch.com-0033-2015Redesign;en-US;7764;9932;1;0
Casaybelresort.com-0002-2014Redesign;en-US;1613;1732;1;0
Thelodgeatwoodloch.com-0033-2015Redesign;en-US;9932;9916;1;0
Sandpearl.com-0091-2016Redesign;en-US;22481;22493;1;0
Chrco.com-0107-2017Redesign;en-US;0;31152;1;0
Thesagamore.com-0112-2017Redesign;en-US;33931;32387;1;0
Thelodgeatwoodloch.com-0033-2015Redesign;en-US;9932;9916;1;0
Sandpearl.com-0091-2016Redesign;en-US;22541;23117;1;0
Sandylane.com-0075-2016Redesign;en-US;17714;17611;1;0
Opalsands.com-0084-2016Redesign;en-US;21221;21219;1;0
Beverlyhillsresidenceinn.com-0087-2016Redesign;en-US;20999;21022;1;0
Sandylane.com-0075-2016Redesign;en-US;17611;17688;1;0
Casaybelresort.com-0002-2014Redesign;en-US;1573;1599;1;0
