Sandpearl.com-0091-2016Redesign;en-US;22481;40726;1;0
Broadmoor.com-0073-2016Redesign;en-US;16724;16799;1;0
Secretharbourvi.com-0040-2015Redesign;en-US;20178;9231;1;0
Unionstationhotelnashville.com-0047-2015Redesign;en-US;27589;35297;1;0
Thelodgeatwoodloch.com-0033-2015Redesign;en-US;0;9526;1;0
Beverlyhillsresidenceinn.com-0087-2016Redesign;en-US;22333;21115;1;0
Washingtoncourthotel.com-0076-2016Redesign;en-US;0;17956;1;0
Monarchbeachresort.com-0092-2016Redesign;en-US;41732;26799;1;0
Thesagamore.com-0112-2017Redesign;en-US;32347;33477;1;0
Thelodgeatwoodloch.com-0033-2015Redesign;en-US;9920;7783;1;0
Renaissancepittsburghpa.com-0044-2015Redesign;en-US;9637;9739;1;0
Opalsands.com-0084-2016Redesign;en-US;20559;20921;1;0
Thelodgeatwoodloch.com-0033-2015Redesign;en-US;7782;9847;1;0
Casaybelresort.com-0002-2014Redesign;en-US;1613;1603;1;0
Casaybelresort.com-0002-2014Redesign;en-US;1603;1613;1;0
Casaybelresort.com-0002-2014Redesign;en-US;0;1533;1;0
Samosetresort.com-0113-2017Redesign;en-US;35127;35128;1;0
Thelodgeatwoodloch.com-0033-2015Redesign;en-US;7782;7783;1;0
Casaybelresort.com-0002-2014Redesign;en-US;1613;1603;1;0
Thecrawfordhotel.com-0074-2016Redesign;en-US;36157;17667;1;0
Cocokeyorlando.com-0059-2015Redesign;en-US;0;12394;1;0
Thecurtis.com-0079-2016Redesign;en-US;0;17981;1;0
Unionstationhotelnashville.com-0047-2015Redesign;en-US;35297;27589;1;0
Thelodgeatwoodloch.com-0033-2015Redesign;en-US;9847;9932;1;0
Denvercy.com-0036-2015Redesign;en-US;8150;8642;1;0
Thelodgeatwoodloch.com-0033-2015Redesign;en-US;7783;8254;1;0
Broadmoor.com-0073-2016Redesign;en-US;21230;18782;1;0
Napavalleymarriott.com-0071-2016Redesign;en-US;35636;18373;1;0
Broadmoor.com-0073-2016Redesign;en-US;33871;17269;1;0
Thelodgeatwoodloch.com-0033-2015Redesign;en-US;8254;9526;1;0
Luxehotels.com-0078-2016Redesign;en-US;18833;19323;1;0
Broadmoor.com-0073-2016Redesign;en-US;16721;23547;1;0
Sandpearl.com-0091-2016Redesign;en-US;22481;22530;1;0
Theoxfordhotel.com-0062-2015Redesign;en-US;14325;39356;1;0
Thelodgeatwoodloch.com-0033-2015Redesign;en-US;9526;7771;1;0
Casaybelresort.com-0002-2014Redesign;en-US;1533;1613;1;0
Broadmoor.com-0073-2016Redesign;en-US;16790;16722;1;0
Thelodgeatwoodloch.com-0033-2015Redesign;en-US;9932;9916;1;0
Lakeplacidlodge.com-0105-2017Redesign;en-US;28545;28553;1;0
Chrco.com-0107-2017Redesign;en-US;0;31152;1;0
Samosetresort.com-0113-2017Redesign;en-US;0;32541;1;0
Luxehotels.com-0078-2016Redesign;en-US;19323;19641;1;0
Broadmoor.com-0073-2016Redesign;en-US;0;16721;1;0
Theharborsidehotel.com-0114-2017Redesign;en-US;37571;37941;1;0
Broadmoor.com-0073-2016Redesign;en-US;0;16721;1;0
Broadmoor.com-0073-2016Redesign;en-US;16722;17443;1;0
Broadmoor.com-0073-2016Redesign;en-US;16721;20436;1;0
Broadmoor.com-0073-2016Redesign;en-US;16721;22822;1;0
Broadmoor.com-0073-2016Redesign;en-US;16721;18014;1;0
