Washingtondukeinn.com-0024-2014Redesign;en-US;www.google.com;4524;1;0
Samosetresort.com-0113-2017Redesign;en-US;www.google.ca;32541;1;0
Washingtondukeinn.com-0024-2014Redesign;en-US;www.google.com;4524;1;0
Monarchbeachresort.com-0092-2016Redesign;en-US;www.google.com;22725;1;0
saddlebrook.com-0011-2014Redesign;en-US;www.google.ca;3385;1;0
Cphollywoodbeach.com-0032-2015Redesign;en-US;www.sunny.org;7831;1;0
Broadmoor.com-0073-2016Redesign;en-US;www.google.com;16764;1;0
Casaybelresort.com-0002-2014Redesign;en-US;www.google.com;1613;1;0
Cphollywoodbeach.com-0032-2015Redesign;en-US;www.google.ca;7831;1;0
Broadmoor.com-0073-2016Redesign;en-US;login.nomadix.com:1111;16724;1;0
Broadmoor.com-0073-2016Redesign;en-US;login.nomadix.com:1111;16724;1;0
Cocokeyorlando.com-0059-2015Redesign;en-US;www.google.com;12394;1;0
Longboatkeyclub.com-0104-2017Redesign;en-US;www.google.com;28317;1;0
Broadmoor.com-0073-2016Redesign;en-US;www.google.com;18259;1;0
Galthouse.com-0042-2015Redesign;en-US;m.facebook.com;31905;1;0
Galthouse.com-0042-2015Redesign;en-US;m.facebook.com;31905;1;0
Cphollywoodbeach.com-0032-2015Redesign;en-US;www.google.com;7831;1;0
Sandpearl.com-0091-2016Redesign;en-US;www.google.com;22481;1;0
Cphollywoodbeach.com-0032-2015Redesign;en-US;www.sunny.org;7831;1;0
Marriottkeylargo.com-0015-2014Redesign;en-US;www.beachcamsusa.com;3948;1;0
Marriottkeylargo.com-0015-2014Redesign;en-US;www.beachcamsusa.com;3964;1;0
Theharborsidehotel.com-0114-2017Redesign;en-US;www.bing.com;37571;1;0
Edgewaternaples.com-0094-2016Redesign;en-US;duckduckgo.com;25246;1;0
Edgewaternaples.com-0094-2016Redesign;en-US;duckduckgo.com;25246;1;0
Broadmoor.com-0073-2016Redesign;en-US;login.nomadix.com:1111;16724;1;0
Saddlebrookprep.com-0022-2014Transfer;en-US;www.google.tt;5442;1;0
Broadmoor.com-0073-2016Redesign;en-US;login.nomadix.com:1111;16724;1;0
Marriottkeylargo.com-0015-2014Redesign;en-US;www.beachcamsusa.com;3948;1;0
Sandylane.com-0075-2016Redesign;en-US;www.google.com;17611;1;0
Casaybelresort.com-0002-2014Redesign;en-US;www.captivasanibelrealestate.com;1613;1;0
Marriottkeylargo.com-0015-2014Redesign;en-US;www.beachcamsusa.com;3964;1;0
wentworthcom00212014redesign;en-US;www.visit-newhampshire.com;26679;1;0
Casaybelresort.com-0002-2014Redesign;en-US;www.wetterklima.de;1613;1;0
Broadmoor.com-0073-2016Redesign;en-US;www.google.co.uk;18259;1;0
Thelodgeatwoodloch.com-0033-2015Redesign;en-US;www.google.com;7764;1;0
Casaybelresort.com-0002-2014Redesign;en-US;www.google.com;1613;1;0
Casaybelresort.com-0002-2014Redesign;en-US;www.google.com;1613;1;0
Cphollywoodbeach.com-0032-2015Redesign;en-US;www.google.com;7831;1;0
Casaybelresort.com-0002-2014Redesign;en-US;surfinggator.com;1613;1;0
Saddlebrookprep.com-0022-2014Transfer;en-US;www.saddlebrook.com;3914;1;0
Thesagamore.com-0112-2017Redesign;en-US;search.yahoo.com;32339;1;0
Thecurtis.com-0079-2016Redesign;en-US;www.google.com;18000;1;0
Marriottkeylargo.com-0015-2014Redesign;en-US;www.beachcamsusa.com;3948;1;0
Marriottkeylargo.com-0015-2014Redesign;en-US;www.beachcamsusa.com;3964;1;0
Casaybelresort.com-0002-2014Redesign;en-US;www.google.ca;1613;1;0
Cphollywoodbeach.com-0032-2015Redesign;en-US;www.earthcam.com;7831;1;0
Monarchbeachresort.com-0092-2016Redesign;en-US;m.facebook.com;22977;1;0
Cphollywoodbeach.com-0032-2015Redesign;en-US;www.sunny.org;7831;1;0
Treasureislandbeachresort.com-0089-2016Redesign;en-US;www.google.com;22169;1;0
Broadmoor.com-0073-2016Redesign;en-US;www.google.com;21231;1;0
Cphollywoodbeach.com-0032-2015Redesign;en-US;www.google.com;7831;1;0
Cphollywoodbeach.com-0032-2015Redesign;en-US;www.google.ca;7831;1;0
Cphollywoodbeach.com-0032-2015Redesign;en-US;www.sunny.org;7831;1;0
Casaybelresort.com-0002-2014Redesign;en-US;www.google.ca;1613;1;0
Opalsands.com-0084-2016Redesign;en-US;www.beachtourism.com;20171;1;0
Longboatkeyclub.com-0104-2017Redesign;en-US;www.google.com;28317;1;0
Cphollywoodbeach.com-0032-2015Redesign;en-US;www.google.com.ar;7831;1;0
Cphollywoodbeach.com-0032-2015Redesign;en-US;www.google.com;7831;1;0
Cphollywoodbeach.com-0032-2015Redesign;en-US;www.google.ca;7831;1;0
Cphollywoodbeach.com-0032-2015Redesign;en-US;www.google.com;7831;1;0
Casaybelresort.com-0002-2014Redesign;en-US;www.google.com;1613;1;0
Washingtondukeinn.com-0024-2014Redesign;en-US;www.google.com;4738;1;0
Theloganhotel.com-0043-2015Redesign;en-US;www.google.com;15962;1;0
Broadmoor.com-0073-2016Redesign;en-US;www.google.com;16721;1;0
Sandpearl.com-0091-2016Redesign;en-US;www.google.co.uk;22481;1;0
Broadmoor.com-0073-2016Redesign;en-US;www.google.com;16721;1;0
Casaybelresort.com-0002-2014Redesign;en-US;www.google.ca;1533;1;0
Casaybelresort.com-0002-2014Redesign;en-US;www.google.ca;1613;1;0
Sandpearl.com-0091-2016Redesign;en-US;www.google.co.uk;22481;1;0
Oxfordclubspa.com-0068-2016Redesign;en-US;m.facebook.com;15599;1;0
Broadmoor.com-0073-2016Redesign;en-US;www.google.com;16765;1;0
Marriottdelraybeach.com-0009-2014Redesign;en-US;www.google.com.jm;2905;1;0
Broadmoor.com-0073-2016Redesign;en-US;www.google.com;16765;1;0
Cphollywoodbeach.com-0032-2015Redesign;en-US;www.sunny.org;7831;1;0
Marriottkeylargo.com-0015-2014Redesign;en-US;surfinggator.com;3948;1;0
Broadmoor.com-0073-2016Redesign;en-US;premiervacationrentalsgroup.com;18259;1;0
Marriottkeylargo.com-0015-2014Redesign;en-US;surfinggator.com;3964;1;0
saddlebrook.com-0011-2014Redesign;en-US;www.google.com;3385;1;0
Galthouse.com-0042-2015Redesign;en-US;m.facebook.com;31905;1;0
Casaybelresort.com-0002-2014Redesign;en-US;www.google.com;1613;1;0
Monarchbeachresort.com-0092-2016Redesign;en-US;m.facebook.com;22992;1;0
Casaybelresort.com-0002-2014Redesign;en-US;forum.bestofsanibelcaptiva.com;1533;1;0
Cphollywoodbeach.com-0032-2015Redesign;en-US;www.sunny.org;7831;1;0
Samosetresort.com-0113-2017Redesign;en-US;www.google.com;32542;1;0
Casaybelresort.com-0002-2014Redesign;en-US;www.google.com;1613;1;0
