Washingtoncourthotel.com-0076-2016Redesign;en-US;www.google.com.eg;17858;1;0
Broadmoor.com-0073-2016Redesign;en-US;www.google.com;16721;1;0
Cphollywoodbeach.com-0032-2015Redesign;en-US;www.sunny.org;7831;1;0
Broadmoor.com-0073-2016Redesign;en-US;www.google.com;16721;1;0
Unionstationhotelnashville.com-0047-2015Redesign;en-US;android-app:;32226;1;0
Sandylane.com-0075-2016Redesign;en-US;www.google.co.uk;17611;1;0
Broadmoor.com-0073-2016Redesign;en-US;www.bing.com;22720;1;0
Residenceinnnyc.com-0034-2015Redesign;en-US;www.google.co.uk;7926;1;0
Sandylane.com-0075-2016Redesign;en-US;www.google.com;17611;1;0
Cphollywoodbeach.com-0032-2015Redesign;en-US;www.google.com;7805;1;0
Oxfordclubspa.com-0068-2016Redesign;en-US;www.google.com;15568;1;0
Broadmoor.com-0073-2016Redesign;en-US;www.google.com;16761;1;0
saddlebrook.com-0011-2014Redesign;en-US;03p.info;3469;1;0
saddlebrook.com-0011-2014Redesign;en-US;03p.info;3469;1;0
saddlebrook.com-0011-2014Redesign;en-US;03p.info;3469;1;0
Sandylane.com-0075-2016Redesign;en-US;www.google.fr;17611;1;0
Washingtondukeinn.com-0024-2014Redesign;en-US;www.google.com;4741;1;0
Washingtondukeinn.com-0024-2014Redesign;en-US;www.google.com;4741;1;0
Edgewaternaples.com-0094-2016Redesign;en-US;reservations.edgewaternaples.com;25287;1;0
Edgewaternaples.com-0094-2016Redesign;en-US;reservations.edgewaternaples.com;25287;1;0
Galthouse.com-0042-2015Redesign;en-US;godspeople.lpages.co;31905;1;0
