Cphollywoodbeach.com-0032-2015Redesign;en-US;www.google.com;7831;1;0
Longboatkeyclub.com-0104-2017Redesign;en-US;worldcam.eu;28317;1;0
Cphollywoodbeach.com-0032-2015Redesign;en-US;www.sunny.org;7831;1;0
Thesagamore.com-0112-2017Redesign;en-US;www.google.com;32339;1;0
Thesagamore.com-0112-2017Redesign;en-US;www.google.com;32339;1;0
Lidobeachresort.com-0106-2017Redesign;en-US;www.google.ca;28666;1;0
Lidobeachresort.com-0106-2017Redesign;en-US;www.google.ca;28666;1;0
Edgewaternaples.com-0094-2016Redesign;en-US;www.google.com;25239;1;0
Edgewaternaples.com-0094-2016Redesign;en-US;www.google.com;25239;1;0
Cphollywoodbeach.com-0032-2015Redesign;en-US;www.sunny.org;7831;1;0
Thesagamore.com-0112-2017Redesign;en-US;android-app:;32347;1;0
Jbdukehotel.com-0086-2016Redesign;en-US;www.google.com;21918;1;0
Broadmoor.com-0073-2016Redesign;en-US;login.nomadix.com:1111;16724;1;0
Casaybelresort.com-0002-2014Redesign;en-US;www.google.com.sg;1596;1;0
Longboatkeyclub.com-0104-2017Redesign;en-US;worldcam.eu;28317;1;0
Broadmoor.com-0073-2016Redesign;en-US;googleads.g.doubleclick.net;16728;1;0
Galthouse.com-0042-2015Redesign;en-US;m.facebook.com;31905;1;0
Galthouse.com-0042-2015Redesign;en-US;m.facebook.com;31905;1;0
Cphollywoodbeach.com-0032-2015Redesign;en-US;android-app:;7831;1;0
Longboatkeyclub.com-0104-2017Redesign;en-US;worldcam.eu;28317;1;0
Cphollywoodbeach.com-0032-2015Redesign;en-US;www.sunny.org;7831;1;0
Opalsands.com-0084-2016Redesign;en-US;www.beachtourism.com;20171;1;0
Thelodgeatwoodloch.com-0033-2015Redesign;en-US;www.google.com;7764;1;0
Samosetresort.com-0113-2017Redesign;en-US;www.visitmaine.net;32541;1;0
Longboatkeyclub.com-0104-2017Redesign;en-US;www.google.com;28316;1;0
Samosetresort.com-0113-2017Redesign;en-US;www.visitmaine.net;32541;1;0
Montaukyachtclub.com-0010-2014Redesign;en-US;lm.facebook.com;2240;1;0
Thelodgeatwoodloch.com-0033-2015Redesign;en-US;www.google.com;7764;1;0
Broadmoor.com-0073-2016Redesign;en-US;www.google.com;18014;1;0
Theloganhotel.com-0043-2015Redesign;en-US;m.facebook.com;9118;1;0
Longboatkeyclub.com-0104-2017Redesign;en-US;www.bing.com;28316;1;0
Longboatkeyclub.com-0104-2017Redesign;en-US;www.bing.com;28316;1;0
Theharborsidehotel.com-0114-2017Redesign;en-US;www.google.com;37581;1;0
Sandpearl.com-0091-2016Redesign;en-US;www.google.com;22481;1;0
Galthouse.com-0042-2015Redesign;en-US;m.facebook.com;31905;1;0
Galthouse.com-0042-2015Redesign;en-US;m.facebook.com;31905;1;0
Galthouse.com-0042-2015Redesign;en-US;m.facebook.com;31905;1;0
Galthouse.com-0042-2015Redesign;en-US;m.facebook.com;31905;1;0
Longboatkeyclub.com-0104-2017Redesign;en-US;worldcam.eu;28317;1;0
Cphollywoodbeach.com-0032-2015Redesign;en-US;www.google.ca;7831;1;0
Lidobeachresort.com-0106-2017Redesign;en-US;www.google.com;28667;1;0
Cphollywoodbeach.com-0032-2015Redesign;en-US;www.sunny.org;7831;1;0
Halcyonhotelcherrycreek.com-0061-2015Redesign;en-US;www.google.com;22121;1;0
Longboatkeyclub.com-0104-2017Redesign;en-US;www.google.com;28316;1;0
Glencovemansion.com-0058-2015Redesign;en-US;www.google.com;13355;1;0
Cphollywoodbeach.com-0032-2015Redesign;en-US;www.sunny.org;7831;1;0
Cphollywoodbeach.com-0032-2015Redesign;en-US;www.google.com;7831;1;0
Cphollywoodbeach.com-0032-2015Redesign;en-US;www.google.com;7831;1;0
Thelodgeatwoodloch.com-0033-2015Redesign;en-US;www.google.com;8254;1;0
Casaybelresort.com-0002-2014Redesign;en-US;www.google.com;1533;1;0
