Miravalspamonarchbeach.com-0109-2017Redesign;en-US;31709;33600;1;0
Montaukyachtclub.com-0010-2014Redesign;en-US;2240;2381;1;0
Casaybelresort.com-0002-2014Redesign;en-US;1537;1533;1;0
Montaukyachtclub.com-0010-2014Redesign;en-US;2381;2240;1;0
Sandylane.com-0075-2016Redesign;en-US;17737;17730;1;0
Delraysandsresort.com-0097-2016Redesign;en-US;28441;28299;1;0
Thelodgeatwoodloch.com-0033-2015Redesign;en-US;7764;9932;1;0
Casaybelresort.com-0002-2014Redesign;en-US;1533;1613;1;0
Theharborsidehotel.com-0114-2017Redesign;en-US;37577;37606;1;0
Theloganhotel.com-0043-2015Redesign;en-US;20218;25355;1;0
Cocokeyorlando.com-0059-2015Redesign;en-US;0;12394;1;0
Broadmoor.com-0073-2016Redesign;en-US;36058;16731;1;0
Broadmoor.com-0073-2016Redesign;en-US;0;16721;1;0
Unionstationhotelnashville.com-0047-2015Redesign;en-US;0;32226;1;0
Broadmoor.com-0073-2016Redesign;en-US;16721;16728;1;0
Thelodgeatwoodloch.com-0033-2015Redesign;en-US;8257;9801;1;0
Thesagamore.com-0112-2017Redesign;en-US;32351;33922;1;0
Thesagamore.com-0112-2017Redesign;en-US;32339;32346;1;0
Halcyonhotelcherrycreek.com-0061-2015Redesign;en-US;22121;23188;1;0
Broadmoor.com-0073-2016Redesign;en-US;16755;16756;1;0
Newyorkpalacemeetings.com-0045-2015Redesign;en-US;9207;9243;1;0
Broadmoor.com-0073-2016Redesign;en-US;16728;18013;1;0
Halcyonhotelcherrycreek.com-0061-2015Redesign;en-US;23188;22121;1;0
Cocokeyorlando.com-0059-2015Redesign;en-US;0;12394;1;0
Theharborsidehotel.com-0114-2017Redesign;en-US;37606;38063;1;0
Broadmoor.com-0073-2016Redesign;en-US;16755;18259;1;0
Halcyonhotelcherrycreek.com-0061-2015Redesign;en-US;22121;35539;1;0
Miravalspamonarchbeach.com-0109-2017Redesign;en-US;31733;31709;1;0
Broadmoor.com-0073-2016Redesign;en-US;16761;20418;1;0
Broadmoor.com-0073-2016Redesign;en-US;18259;16800;1;0
Thesagamore.com-0112-2017Redesign;en-US;32339;33921;1;0
Thesagamore.com-0112-2017Redesign;en-US;33444;32351;1;0
Casaybelresort.com-0002-2014Redesign;en-US;1599;1601;1;0
Marriottdelraybeach.com-0009-2014Redesign;en-US;2845;2895;1;0
Halcyonhotelcherrycreek.com-0061-2015Redesign;en-US;35539;22121;1;0
Sandpearl.com-0091-2016Redesign;en-US;22481;23074;1;0
Lakeplacidlodge.com-0105-2017Redesign;en-US;28545;32804;1;0
Theoxfordhotel.com-0062-2015Redesign;en-US;0;14325;1;0
saddlebrook.com-0011-2014Redesign;en-US;3465;3385;1;0
Newyorkpalacemeetings.com-0045-2015Redesign;en-US;9243;9230;1;0
Springhillsuitesdenver.com-0060-2015Redesign;en-US;0;12333;1;0
Marriottdelraybeach.com-0009-2014Redesign;en-US;2895;2829;1;0
Unionstationhotelnashville.com-0047-2015Redesign;en-US;32226;25493;1;0
Marriottdelraybeach.com-0009-2014Redesign;en-US;2829;2845;1;0
Broadmoor.com-0073-2016Redesign;en-US;16721;16756;1;0
Broadmoor.com-0073-2016Redesign;en-US;17340;17269;1;0
Thesagamore.com-0112-2017Redesign;en-US;33921;33924;1;0
Theloganhotel.com-0043-2015Redesign;en-US;27223;24449;1;0
wentworthcom00212014redesign;en-US;4307;26679;1;0
Samosetresort.com-0113-2017Redesign;en-US;32578;35352;1;0
Broadmoor.com-0073-2016Redesign;en-US;17269;16770;1;0
Theoxfordhotel.com-0062-2015Redesign;en-US;14333;14325;1;0
Washingtoncourthotel.com-0076-2016Redesign;en-US;0;17858;1;0
Thesagamore.com-0112-2017Redesign;en-US;33443;33455;1;0
Springhillsuitesdenver.com-0060-2015Redesign;en-US;0;12307;1;0
Broadmoor.com-0073-2016Redesign;en-US;16721;16765;1;0
Jupiterbeachresort.com-0103-2017Redesign;en-US;28165;29246;1;0
Longboatkeyclub.com-0104-2017Redesign;en-US;0;28348;1;0
Casaybelresort.com-0002-2014Redesign;en-US;1601;1598;1;0
Broadmoor.com-0073-2016Redesign;en-US;16721;16763;1;0
Theharborsidehotel.com-0114-2017Redesign;en-US;37571;37584;1;0
Thesagamore.com-0112-2017Redesign;en-US;33924;32351;1;0
Thelodgeatwoodloch.com-0033-2015Redesign;en-US;9932;9847;1;0
Longboatkeyclub.com-0104-2017Redesign;en-US;28316;28332;1;0
Lakeplacidlodge.com-0105-2017Redesign;en-US;28545;33044;1;0
Casaybelresort.com-0002-2014Redesign;en-US;1598;1597;1;0
Edgewaternaples.com-0094-2016Redesign;en-US;25271;25251;1;0
Cocokeyorlando.com-0059-2015Redesign;en-US;12410;12406;1;0
Broadmoor.com-0073-2016Redesign;en-US;16756;16724;1;0
Thelodgeatwoodloch.com-0033-2015Redesign;en-US;7764;15817;1;0
Monarchbeachresort.com-0092-2016Redesign;en-US;22725;22998;1;0
Opalsands.com-0084-2016Redesign;en-US;20920;20921;1;0
Broadmoor.com-0073-2016Redesign;en-US;16721;16770;1;0
Broadmoor.com-0073-2016Redesign;en-US;16765;16769;1;0
Theharborsidehotel.com-0114-2017Redesign;en-US;37584;37941;1;0
