Opalsands.com-0084-2016Redesign;en-US;www.beachtourism.com;20171;1;0
wentworthcom00212014redesign;en-US;www.google.com;4307;1;0
Thecurtis.com-0079-2016Redesign;en-US;www.mywedding.com;17981;1;0
Thelodgeatwoodloch.com-0033-2015Redesign;en-US;www.poconomountains.com;7764;1;0
wentworthcom00212014redesign;en-US;www.google.com;26679;1;0
Montaukyachtclub.com-0010-2014Redesign;en-US;www.google.com;2240;1;0
Cocokeyorlando.com-0059-2015Redesign;en-US;lm.facebook.com;12394;1;0
Broadmoor.com-0073-2016Redesign;en-US;www.google.com;16721;1;0
Sandpearl.com-0091-2016Redesign;en-US;marketinsights.cleveland-research.com;22481;1;0
Delraysandsresort.com-0097-2016Redesign;en-US;www.google.com;27232;1;0
Cphollywoodbeach.com-0032-2015Redesign;en-US;www.sunny.org;7831;1;0
Thesagamore.com-0112-2017Redesign;en-US;www.google.com;32339;1;0
Theloganhotel.com-0043-2015Redesign;en-US;www.google.com;9124;1;0
Monarchbeachresort.com-0092-2016Redesign;en-US;www.google.com;22725;1;0
Broadmoor.com-0073-2016Redesign;en-US;login.nomadix.com:1111;16724;1;0
Thesagamore.com-0112-2017Redesign;en-US;www.google.com;32389;1;0
Broadmoor.com-0073-2016Redesign;en-US;login.nomadix.com:1111;16724;1;0
Opalsands.com-0084-2016Redesign;en-US;www.google.com;40846;1;0
Sandpearl.com-0091-2016Redesign;en-US;www.google.com;22488;1;0
Cphollywoodbeach.com-0032-2015Redesign;en-US;www.sunny.org;7831;1;0
Glencovemansion.com-0058-2015Redesign;en-US;www.google.com;13328;1;0
