Broadmoor.com-0073-2016Redesign;en-US;16753;16728;1;0
Broadmoor.com-0073-2016Redesign;en-US;0;16721;1;0
Broadmoor.com-0073-2016Redesign;en-US;0;16721;1;0
Opalsands.com-0084-2016Redesign;en-US;21644;20561;1;0
Broadmoor.com-0073-2016Redesign;en-US;18259;16756;1;0
Edgewaternaples.com-0094-2016Redesign;en-US;25239;25270;1;0
Longboatkeyclub.com-0104-2017Redesign;en-US;28316;35641;1;0
Opalsands.com-0084-2016Redesign;en-US;20561;20792;1;0
Samosetresort.com-0113-2017Redesign;en-US;0;32541;1;0
Oxfordclubspa.com-0068-2016Redesign;en-US;0;15568;1;0
Galthouse.com-0042-2015Redesign;en-US;0;31905;1;0
Galthouse.com-0042-2015Redesign;en-US;0;31905;1;0
Edgewaternaples.com-0094-2016Redesign;en-US;25239;25270;1;0
Bellemontfarm.com-0007-2013Redesign;en-US;11497;2492;1;0
Cocokeyorlando.com-0059-2015Redesign;en-US;0;12394;1;0
Springhillsuitesdenver.com-0060-2015Redesign;en-US;0;12307;1;0
Samosetresort.com-0113-2017Redesign;en-US;0;32541;1;0
Samosetresort.com-0113-2017Redesign;en-US;0;32541;1;0
Broadmoor.com-0073-2016Redesign;en-US;0;18259;1;0
Sandylane.com-0075-2016Redesign;en-US;0;17611;1;0
Samosetresort.com-0113-2017Redesign;en-US;0;32541;1;0
Samosetresort.com-0113-2017Redesign;en-US;0;32541;1;0
Thelodgeatwoodloch.com-0033-2015Redesign;en-US;7783;7764;1;0
Renaissancepittsburghpa.com-0044-2015Redesign;en-US;9637;9692;1;0
Broadmoor.com-0073-2016Redesign;en-US;16721;16761;1;0
Theloganhotel.com-0043-2015Redesign;en-US;20218;9119;1;0
Opalsands.com-0084-2016Redesign;en-US;0;20171;1;0
Opalsands.com-0084-2016Redesign;en-US;0;20171;1;0
