Springhillsuitesdenver.com-0060-2015Redesign;en-US;12335;14162;1;0
Theloganhotel.com-0043-2015Redesign;en-US;20218;14514;1;0
Springhillsuitesdenver.com-0060-2015Redesign;en-US;14162;12341;1;0
Samosetresort.com-0113-2017Redesign;en-US;0;32541;1;0
Washingtondukeinn.com-0024-2014Redesign;en-US;4997;5099;1;0
Casaybelresort.com-0002-2014Redesign;en-US;1613;1604;1;0
Renaissancepittsburghpa.com-0044-2015Redesign;en-US;10054;9655;1;0
Theoxfordhotel.com-0062-2015Redesign;en-US;0;14325;1;0
Broadmoor.com-0073-2016Redesign;en-US;16758;20436;1;0
Casaybelresort.com-0002-2014Redesign;en-US;1604;1571;1;0
Lakeplacidlodge.com-0105-2017Redesign;en-US;28545;32783;1;0
Theloganhotel.com-0043-2015Redesign;en-US;0;20218;1;0
Cocokeyorlando.com-0059-2015Redesign;en-US;0;12394;1;0
Luxehotels.com-0078-2016Redesign;en-US;19293;19300;1;0
Monarchbeachresort.com-0092-2016Redesign;en-US;26800;23670;1;0
Broadmoor.com-0073-2016Redesign;en-US;16761;16751;1;0
Sandylane.com-0075-2016Redesign;en-US;0;17611;1;0
Broadmoor.com-0073-2016Redesign;en-US;23316;21866;1;0
Broadmoor.com-0073-2016Redesign;en-US;18196;17447;1;0
Casaybelresort.com-0002-2014Redesign;en-US;1571;1597;1;0
Treasureislandbeachresort.com-0089-2016Redesign;en-US;22176;22217;1;0
Thesagamore.com-0112-2017Redesign;en-US;32347;33470;1;0
Samosetresort.com-0113-2017Redesign;en-US;0;32541;1;0
Casaybelresort.com-0002-2014Redesign;en-US;1597;1533;1;0
Thesagamore.com-0112-2017Redesign;en-US;32339;33475;1;0
Theoxfordhotel.com-0062-2015Redesign;en-US;14325;14330;1;0
Broadmoor.com-0073-2016Redesign;en-US;16721;16738;1;0
Broadmoor.com-0073-2016Redesign;en-US;16761;16772;1;0
Theoxfordhotel.com-0062-2015Redesign;en-US;14330;14325;1;0
Cocokeyorlando.com-0059-2015Redesign;en-US;0;12394;1;0
Monarchbeachresort.com-0092-2016Redesign;en-US;22725;23676;1;0
Abbingtonbanquets.com-0070-2016Redesign;en-US;0;15796;1;0
Washingtondukeinn.com-0024-2014Redesign;en-US;5099;4524;1;0
Oxfordclubspa.com-0068-2016Redesign;en-US;0;15599;1;0
Oxfordclubspa.com-0068-2016Redesign;en-US;15599;15568;1;0
Sandpearl.com-0091-2016Redesign;en-US;23063;23075;1;0
Theoxfordhotel.com-0062-2015Redesign;en-US;14325;14355;1;0
Renaissancepittsburghpa.com-0044-2015Redesign;en-US;9655;9694;1;0
Theoxfordhotel.com-0062-2015Redesign;en-US;14355;14325;1;0
Oxfordclubspa.com-0068-2016Redesign;en-US;0;15599;1;0
Hospitalityupgrade.com-0093-2016Redesign;en-US;0;25405;1;0
Thesagamore.com-0112-2017Redesign;en-US;33467;32346;1;0
Oxfordclubspa.com-0068-2016Redesign;en-US;15599;15568;1;0
Thesagamore.com-0112-2017Redesign;en-US;32346;32387;1;0
Broadmoor.com-0073-2016Redesign;en-US;16721;16724;1;0
Marriottkeylargo.com-0015-2014Redesign;en-US;3948;4026;1;0
Broadmoor.com-0073-2016Redesign;en-US;16721;16755;1;0
Treasureislandbeachresort.com-0089-2016Redesign;en-US;22217;35634;1;0
Broadmoor.com-0073-2016Redesign;en-US;16763;18010;1;0
Halcyonhotelcherrycreek.com-0061-2015Redesign;en-US;22121;23233;1;0
Monarchbeachresort.com-0092-2016Redesign;en-US;22725;22862;1;0
Treasureislandbeachresort.com-0089-2016Redesign;en-US;22169;22873;1;0
Thecurtis.com-0079-2016Redesign;en-US;17981;18015;1;0
wentworthcom00212014redesign;en-US;4259;26679;1;0
wentworthcom00212014redesign;en-US;26679;4259;1;0
Samosetresort.com-0113-2017Redesign;en-US;35274;32576;1;0
Luxehotels.com-0078-2016Redesign;en-US;19300;19302;1;0
Broadmoor.com-0073-2016Redesign;en-US;16751;18010;1;0
Monarchbeachresort.com-0092-2016Redesign;en-US;22725;22877;1;0
Broadmoor.com-0073-2016Redesign;en-US;18259;21232;1;0
Renaissancepittsburghpa.com-0044-2015Redesign;en-US;0;9637;1;0
Lakeplacidlodge.com-0105-2017Redesign;en-US;32806;32807;1;0
Thecrawfordhotel.com-0074-2016Redesign;en-US;17145;17158;1;0
Renaissancepittsburghpa.com-0044-2015Redesign;en-US;0;9637;1;0
Montaukyachtclub.com-0010-2014Redesign;en-US;2240;2436;1;0
Broadmoor.com-0073-2016Redesign;en-US;16755;16728;1;0
Napavalleymarriott.com-0071-2016Redesign;en-US;32812;16442;1;0
Monarchbeachresort.com-0092-2016Redesign;en-US;22862;22725;1;0
wentworthcom00212014redesign;en-US;4259;26679;1;0
wentworthcom00212014redesign;en-US;26679;4259;1;0
Broadmoor.com-0073-2016Redesign;en-US;16721;16768;1;0
Washingtondukeinn.com-0024-2014Redesign;en-US;4524;5495;1;0
Thecurtis.com-0079-2016Redesign;en-US;18015;18000;1;0
Broadmoor.com-0073-2016Redesign;en-US;0;16721;1;0
Cocokeyorlando.com-0059-2015Redesign;en-US;12406;12488;1;0
Broadmoor.com-0073-2016Redesign;en-US;0;16721;1;0
Samosetresort.com-0113-2017Redesign;en-US;32576;35358;1;0
Zotabeachresort.com-0090-2016Redesign;en-US;22357;22375;1;0
Montaukyachtclub.com-0010-2014Redesign;en-US;2436;38585;1;0
Longboatkeyclub.com-0104-2017Redesign;en-US;28316;35641;1;0
