Broadmoor.com-0073-2016Redesign;en-US;16777;16761;1;0
Broadmoor.com-0073-2016Redesign;en-US;0;21232;1;0
Casaybelresort.com-0002-2014Redesign;en-US;1613;1608;1;0
Thecrawfordhotel.com-0074-2016Redesign;en-US;17145;17164;1;0
Lidobeachresort.com-0106-2017Redesign;en-US;28678;28730;1;0
Halcyonhotelcherrycreek.com-0061-2015Redesign;en-US;22121;23320;1;0
Thelodgeatwoodloch.com-0033-2015Redesign;en-US;8254;8261;1;0
Thesagamore.com-0112-2017Redesign;en-US;33471;33470;1;0
wentworthcom00212014redesign;en-US;4306;4251;1;0
Longboatkeyclub.com-0104-2017Redesign;en-US;28316;35641;1;0
Thelodgeatwoodloch.com-0033-2015Redesign;en-US;8261;11307;1;0
Broadmoor.com-0073-2016Redesign;en-US;0;17344;1;0
Broadmoor.com-0073-2016Redesign;en-US;16761;27959;1;0
Broadmoor.com-0073-2016Redesign;en-US;17344;16721;1;0
Thelodgeatwoodloch.com-0033-2015Redesign;en-US;9849;9801;1;0
Opalsands.com-0084-2016Redesign;en-US;20171;40846;1;0
Broadmoor.com-0073-2016Redesign;en-US;21235;18782;1;0
Thecrawfordhotel.com-0074-2016Redesign;en-US;17164;38631;1;0
Broadmoor.com-0073-2016Redesign;en-US;18259;21232;1;0
Thecurtis.com-0079-2016Redesign;en-US;17981;18372;1;0
Glencovemansion.com-0058-2015Redesign;en-US;13328;41315;1;0
Thesagamore.com-0112-2017Redesign;en-US;33470;32339;1;0
saddlebrook.com-0011-2014Redesign;en-US;3497;3486;1;0
Lakeplacidlodge.com-0105-2017Redesign;en-US;28561;28562;1;0
Napavalleymarriott.com-0071-2016Redesign;en-US;25446;18279;1;0
Monarchbeachresort.com-0092-2016Redesign;en-US;22725;26800;1;0
Thelodgeatwoodloch.com-0033-2015Redesign;en-US;8266;9801;1;0
Cocokeyorlando.com-0059-2015Redesign;en-US;12394;12404;1;0
Luxehotels.com-0078-2016Redesign;en-US;19324;19335;1;0
Broadmoor.com-0073-2016Redesign;en-US;16722;17451;1;0
Thelodgeatwoodloch.com-0033-2015Redesign;en-US;9801;8254;1;0
Thecrawfordhotel.com-0074-2016Redesign;en-US;17145;17192;1;0
Broadmoor.com-0073-2016Redesign;en-US;16721;16798;1;0
Sandpearl.com-0091-2016Redesign;en-US;22481;40726;1;0
Thesagamore.com-0112-2017Redesign;en-US;33481;33922;1;0
Broadmoor.com-0073-2016Redesign;en-US;16721;16728;1;0
Amzak.com-0023-2014Redesign;en-US;15051;7709;1;0
Glencovemansion.com-0058-2015Redesign;en-US;41315;41345;1;0
Casaybelresort.com-0002-2014Redesign;en-US;1573;1627;1;0
Broadmoor.com-0073-2016Redesign;en-US;18259;21232;1;0
Thelodgeatwoodloch.com-0033-2015Redesign;en-US;9801;7771;1;0
Chrco.com-0107-2017Redesign;en-US;0;31152;1;0
Broadmoor.com-0073-2016Redesign;en-US;16768;16724;1;0
Thelodgeatwoodloch.com-0033-2015Redesign;en-US;7781;9847;1;0
saddlebrook.com-0011-2014Redesign;en-US;3486;3497;1;0
Lidobeachresort.com-0106-2017Redesign;en-US;28678;29832;1;0
Thesagamore.com-0112-2017Redesign;en-US;32339;33472;1;0
Glencovemansion.com-0058-2015Redesign;en-US;41345;32725;1;0
Thelodgeatwoodloch.com-0033-2015Redesign;en-US;7764;8278;1;0
Luxehotels.com-0078-2016Redesign;en-US;19335;19336;1;0
Broadmoor.com-0073-2016Redesign;en-US;16724;18259;1;0
Cocokeyorlando.com-0059-2015Redesign;en-US;12404;12401;1;0
