Theloganhotel.com-0043-2015Redesign;en-US;m.facebook.com;20218;1;0
Galthouse.com-0042-2015Redesign;en-US;www.google.com;31905;1;0
wentworthcom00212014redesign;en-US;search.yahoo.com;4251;1;0
Galthouse.com-0042-2015Redesign;en-US;www.google.com;31905;1;0
Galthouse.com-0042-2015Redesign;en-US;m.facebook.com;31905;1;0
Galthouse.com-0042-2015Redesign;en-US;m.facebook.com;31905;1;0
Marriottkeylargo.com-0015-2014Redesign;en-US;www.google.co.uk;4012;1;0
Jupiterbeachresort.com-0103-2017Redesign;en-US;www.google.co.kr;28158;1;0
Jupiterbeachresort.com-0103-2017Redesign;en-US;www.google.co.kr;28158;1;0
Casaybelresort.com-0002-2014Redesign;en-US;resep.xyz;1533;1;0
Lidobeachresort.com-0106-2017Redesign;en-US;www.google.com;28666;1;0
Lidobeachresort.com-0106-2017Redesign;en-US;www.google.com;28666;1;0
Thelodgeatwoodloch.com-0033-2015Redesign;en-US;google.com;7764;1;0
Thecurtis.com-0079-2016Redesign;en-US;www.google.com;17981;1;0
Broadmoor.com-0073-2016Redesign;en-US;www.google.com;16764;1;0
Opalsands.com-0084-2016Redesign;en-US;www.beachtourism.com;20171;1;0
Broadmoor.com-0073-2016Redesign;en-US;www.google.com;16767;1;0
Thesagamore.com-0112-2017Redesign;en-US;www.google.com;33458;1;0
Galthouse.com-0042-2015Redesign;en-US;m.facebook.com;31905;1;0
Renaissancepittsburghpa.com-0044-2015Redesign;en-US;www.google.com;9637;1;0
Secretharbourvi.com-0040-2015Redesign;en-US;www.google.com;9231;1;0
Sandpearl.com-0091-2016Redesign;en-US;r.search.yahoo.com;23074;1;0
Edgewaternaples.com-0094-2016Redesign;en-US;www.google.com;25239;1;0
Cphollywoodbeach.com-0032-2015Redesign;en-US;www.sunny.org;7831;1;0
Montaukyachtclub.com-0010-2014Redesign;en-US;www.magiquiz.com;2240;1;0
Monarchbeachresort.com-0092-2016Redesign;en-US;m.facebook.com;26797;1;0
Thelodgeatwoodloch.com-0033-2015Redesign;en-US;google.com;7764;1;0
Broadmoor.com-0073-2016Redesign;en-US;www.google.com;16728;1;0
Longboatkeyclub.com-0104-2017Redesign;en-US;www.baidu.com;28316;1;0
Longboatkeyclub.com-0104-2017Redesign;en-US;www.baidu.com;28316;1;0
Samosetresort.com-0113-2017Redesign;en-US;www.google.com;32558;1;0
Broadmoor.com-0073-2016Redesign;en-US;www.google.com;18259;1;0
Samosetresort.com-0113-2017Redesign;en-US;www.google.com;32541;1;0
Thecrawfordhotel.com-0074-2016Redesign;en-US;www.google.com;17667;1;0
Thesagamore.com-0112-2017Redesign;en-US;www.google.com;32339;1;0
Thesagamore.com-0112-2017Redesign;en-US;www.google.com;32339;1;0
Renaissancepittsburghpa.com-0044-2015Redesign;en-US;www.google.com;9637;1;0
Chrco.com-0107-2017Redesign;en-US;chp.tbe.taleo.net;29280;1;0
Chrco.com-0107-2017Redesign;en-US;chp.tbe.taleo.net;29280;1;0
Chrco.com-0107-2017Redesign;en-US;chp.tbe.taleo.net;29280;1;0
Chrco.com-0107-2017Redesign;en-US;chp.tbe.taleo.net;29280;1;0
Chrco.com-0107-2017Redesign;en-US;chp.tbe.taleo.net;29280;1;0
Chrco.com-0107-2017Redesign;en-US;chp.tbe.taleo.net;29280;1;0
Chrco.com-0107-2017Redesign;en-US;chp.tbe.taleo.net;29280;1;0
Chrco.com-0107-2017Redesign;en-US;chp.tbe.taleo.net;29280;1;0
Chrco.com-0107-2017Redesign;en-US;chp.tbe.taleo.net;29280;1;0
Chrco.com-0107-2017Redesign;en-US;chp.tbe.taleo.net;29280;1;0
Chrco.com-0107-2017Redesign;en-US;chp.tbe.taleo.net;29280;1;0
Chrco.com-0107-2017Redesign;en-US;chp.tbe.taleo.net;29280;1;0
Renaissancepittsburghpa.com-0044-2015Redesign;en-US;www.google.com;9637;1;0
Chrco.com-0107-2017Redesign;en-US;chp.tbe.taleo.net;29280;1;0
Chrco.com-0107-2017Redesign;en-US;chp.tbe.taleo.net;29280;1;0
Chrco.com-0107-2017Redesign;en-US;chp.tbe.taleo.net;29280;1;0
Chrco.com-0107-2017Redesign;en-US;chp.tbe.taleo.net;29280;1;0
Chrco.com-0107-2017Redesign;en-US;chp.tbe.taleo.net;29280;1;0
Chrco.com-0107-2017Redesign;en-US;chp.tbe.taleo.net;29280;1;0
Chrco.com-0107-2017Redesign;en-US;chp.tbe.taleo.net;29280;1;0
Chrco.com-0107-2017Redesign;en-US;chp.tbe.taleo.net;29280;1;0
Chrco.com-0107-2017Redesign;en-US;chp.tbe.taleo.net;29280;1;0
Chrco.com-0107-2017Redesign;en-US;chp.tbe.taleo.net;29280;1;0
Chrco.com-0107-2017Redesign;en-US;chp.tbe.taleo.net;29280;1;0
Cphollywoodbeach.com-0032-2015Redesign;en-US;www.google.com;7831;1;0
Chrco.com-0107-2017Redesign;en-US;chp.tbe.taleo.net;29280;1;0
Chrco.com-0107-2017Redesign;en-US;chp.tbe.taleo.net;29280;1;0
Chrco.com-0107-2017Redesign;en-US;chp.tbe.taleo.net;29280;1;0
Chrco.com-0107-2017Redesign;en-US;chp.tbe.taleo.net;29280;1;0
Renaissancepittsburghpa.com-0044-2015Redesign;en-US;www.google.com;9637;1;0
Chrco.com-0107-2017Redesign;en-US;chp.tbe.taleo.net;29280;1;0
Chrco.com-0107-2017Redesign;en-US;chp.tbe.taleo.net;29280;1;0
Chrco.com-0107-2017Redesign;en-US;chp.tbe.taleo.net;29280;1;0
Chrco.com-0107-2017Redesign;en-US;chp.tbe.taleo.net;29280;1;0
Chrco.com-0107-2017Redesign;en-US;chp.tbe.taleo.net;29280;1;0
Chrco.com-0107-2017Redesign;en-US;chp.tbe.taleo.net;29280;1;0
Chrco.com-0107-2017Redesign;en-US;chp.tbe.taleo.net;29280;1;0
Chrco.com-0107-2017Redesign;en-US;chp.tbe.taleo.net;29280;1;0
Chrco.com-0107-2017Redesign;en-US;chp.tbe.taleo.net;29280;1;0
Chrco.com-0107-2017Redesign;en-US;chp.tbe.taleo.net;29280;1;0
Chrco.com-0107-2017Redesign;en-US;chp.tbe.taleo.net;29280;1;0
Chrco.com-0107-2017Redesign;en-US;chp.tbe.taleo.net;29280;1;0
Chrco.com-0107-2017Redesign;en-US;chp.tbe.taleo.net;29280;1;0
Chrco.com-0107-2017Redesign;en-US;chp.tbe.taleo.net;29280;1;0
Thesagamore.com-0112-2017Redesign;en-US;www.google.com;32339;1;0
Sandpearl.com-0091-2016Redesign;en-US;www.google.com;22481;1;0
