Sandpearl.com-0091-2016Redesign;en-US;www.google.com;22481;1;0
Broadmoor.com-0073-2016Redesign;en-US;www.google.com;16721;1;0
Sandpearl.com-0091-2016Redesign;en-US;www.google.com;22481;1;0
Laxembassy.com-0008-2014Redesign;en-US;www.google.com;2096;1;0
Washingtoncourthotel.com-0076-2016Redesign;en-US;www.google.com;17858;1;0
Thelodgeatwoodloch.com-0033-2015Redesign;en-US;198.91.43.94;7764;1;0
Monarchbeachresort.com-0092-2016Redesign;en-US;www.google.com;22725;1;0
Thesagamore.com-0112-2017Redesign;en-US;www.bing.com;32339;1;0
Thesagamore.com-0112-2017Redesign;en-US;www.google.com;33466;1;0
Thesagamore.com-0112-2017Redesign;en-US;www.google.com;33466;1;0
Theoxfordhotel.com-0062-2015Redesign;en-US;www.google.com;14325;1;0
Broadmoor.com-0073-2016Redesign;en-US;login.nomadix.com:1111;16724;1;0
Broadmoor.com-0073-2016Redesign;en-US;login.nomadix.com:1111;16724;1;0
Thelodgeatwoodloch.com-0033-2015Redesign;en-US;www.google.com;7764;1;0
Casaybelresort.com-0002-2014Redesign;en-US;kierunekfloryda.com;1613;1;0
Galthouse.com-0042-2015Redesign;en-US;www.google.com;31905;1;0
Opalsands.com-0084-2016Redesign;en-US;www.google.com.ar;20171;1;0
Broadmoor.com-0073-2016Redesign;en-US;tpc.googlesyndication.com;16728;1;0
Opalsands.com-0084-2016Redesign;en-US;www.google.com.ar;20171;1;0
Samosetresort.com-0113-2017Redesign;en-US;www.ophotels.com;32541;1;0
Lakeplacidlodge.com-0105-2017Redesign;en-US;www.ophotels.com;28545;1;0
Theoxfordhotel.com-0062-2015Redesign;en-US;www.susanpacekphotography.com;14335;1;0
Broadmoor.com-0073-2016Redesign;en-US;www.google.com;16721;1;0
Monarchbeachresort.com-0092-2016Redesign;en-US;www.google.com;22725;1;0
Amzak.com-0023-2014Redesign;en-US;www.google.com;3739;1;0
Cocokeyorlando.com-0059-2015Redesign;en-US;www.google.com;12394;1;0
Galthouse.com-0042-2015Redesign;en-US;www.seafwa.org;31905;1;0
Galthouse.com-0042-2015Redesign;en-US;www.seafwa.org;31905;1;0
Unionstationhotelnashville.com-0047-2015Redesign;en-US;www.google.com;32226;1;0
Broadmoor.com-0073-2016Redesign;en-US;www.google.com;16721;1;0
Thecurtis.com-0079-2016Redesign;en-US;www.google.com;19391;1;0
wentworthcom00212014redesign;en-US;www.google.com;4302;1;0
Sandpearl.com-0091-2016Redesign;en-US;r.search.yahoo.com;22481;1;0
Bellemontfarm.com-0007-2013Redesign;en-US;www.google.com;11497;1;0
Halcyonhotelcherrycreek.com-0061-2015Redesign;en-US;www.bing.com;22121;1;0
Cphollywoodbeach.com-0032-2015Redesign;en-US;www.sunny.org;7831;1;0
Jupiterbeachresort.com-0103-2017Redesign;en-US;www.google.com;28158;1;0
Jupiterbeachresort.com-0103-2017Redesign;en-US;www.google.com;28158;1;0
Jupiterbeachresort.com-0103-2017Redesign;en-US;www.google.com;28158;1;0
Delraysandsresort.com-0097-2016Redesign;en-US;www.ophotels.com;27232;1;0
Theharborsidehotel.com-0114-2017Redesign;en-US;www.ophotels.com;37571;1;0
Monarchbeachresort.com-0092-2016Redesign;en-US;www.google.com;22725;1;0
Jupiterbeachresort.com-0103-2017Redesign;en-US;www.ophotels.com;28158;1;0
Lakeplacidlodge.com-0105-2017Redesign;en-US;www.ophotels.com;28545;1;0
Lidobeachresort.com-0106-2017Redesign;en-US;www.ophotels.com;28666;1;0
Marriottdelraybeach.com-0009-2014Redesign;en-US;www.ophotels.com;2829;1;0
Marriottkeylargo.com-0015-2014Redesign;en-US;www.ophotels.com;3948;1;0
Napavalleymarriott.com-0071-2016Redesign;en-US;www.google.com;16432;1;0
Samosetresort.com-0113-2017Redesign;en-US;www.ophotels.com;32541;1;0
Longboatkeyclub.com-0104-2017Redesign;en-US;www.ophotels.com;35641;1;0
Samosetresort.com-0113-2017Redesign;en-US;www.ophotels.com;32541;1;0
Thesagamore.com-0112-2017Redesign;en-US;www.ophotels.com;32339;1;0
wentworthcom00212014redesign;en-US;www.ophotels.com;26679;1;0
theweststreethotel.com-0115-2017Redesign;en-US;www.ophotels.com;36683;1;0
Galthouse.com-0042-2015Redesign;en-US;www.google.com;31905;1;0
Washingtoncourthotel.com-0076-2016Redesign;en-US;www.google.com;17858;1;0
Galthouse.com-0042-2015Redesign;en-US;www.google.com;31905;1;0
Galthouse.com-0042-2015Redesign;en-US;www.google.com;31905;1;0
