Thesagamore.com-0112-2017Redesign;en-US;www.cnn.com;32339;1;0
Thesagamore.com-0112-2017Redesign;en-US;www.cnn.com;32339;1;0
Casaybelresort.com-0002-2014Redesign;en-US;www.google.de;1533;1;0
wentworthcom00212014redesign;en-US;www.google.com;4311;1;0
Cphollywoodbeach.com-0032-2015Redesign;en-US;www.sunny.org;7831;1;0
Thecrawfordhotel.com-0074-2016Redesign;en-US;www.google.com;17667;1;0
Edgewaternaples.com-0094-2016Redesign;en-US;www.google.com;25239;1;0
Edgewaternaples.com-0094-2016Redesign;en-US;www.google.com;25239;1;0
Thesagamore.com-0112-2017Redesign;en-US;www.google.com;32354;1;0
Theoxfordhotel.com-0062-2015Redesign;en-US;www.google.com;14325;1;0
Secretharbourvi.com-0040-2015Redesign;en-US;www.google.com;9231;1;0
Thecrawfordhotel.com-0074-2016Redesign;en-US;www.google.com;17145;1;0
Chrco.com-0107-2017Redesign;en-US;www.google.com;29280;1;0
Opalsands.com-0084-2016Redesign;en-US;sixsuitcasetravel.com;20171;1;0
Opalsands.com-0084-2016Redesign;en-US;sixsuitcasetravel.com;20171;1;0
Galthouse.com-0042-2015Redesign;en-US;www.google.com;31905;1;0
Galthouse.com-0042-2015Redesign;en-US;www.google.com;31905;1;0
Broadmoor.com-0073-2016Redesign;en-US;www.google.com;16721;1;0
Cendyn.com-0095-2016Redesign;en-US;www.cendynone.com;26640;1;0
theweststreethotel.com-0115-2017Redesign;en-US;www.barharborinfo.com;36683;1;0
Galthouse.com-0042-2015Redesign;en-US;thesha.org;31905;1;0
Galthouse.com-0042-2015Redesign;en-US;thesha.org;31905;1;0
Broadmoor.com-0073-2016Redesign;en-US;www.google.com;16722;1;0
Thesagamore.com-0112-2017Redesign;en-US;www.google.com;32339;1;0
Monarchbeachresort.com-0092-2016Redesign;en-US;www.google.com;22725;1;0
Lakeplacidlodge.com-0105-2017Redesign;en-US;www.google.com;32799;1;0
Monarchbeachresort.com-0092-2016Redesign;en-US;www.google.com;22725;1;0
Longboatkeyclub.com-0104-2017Redesign;en-US;www.google.co.uk;28316;1;0
Longboatkeyclub.com-0104-2017Redesign;en-US;www.google.co.uk;28316;1;0
Thecurtis.com-0079-2016Redesign;en-US;www.bing.com;17981;1;0
Galthouse.com-0042-2015Redesign;en-US;www.bing.com;31905;1;0
Galthouse.com-0042-2015Redesign;en-US;www.bing.com;31905;1;0
Halcyonhotelcherrycreek.com-0061-2015Redesign;en-US;www.google.com;22121;1;0
Theloganhotel.com-0043-2015Redesign;en-US;www.google.com;20218;1;0
Broadmoor.com-0073-2016Redesign;en-US;www.bing.com;16755;1;0
Lakeplacidlodge.com-0105-2017Redesign;en-US;www.google.com;32799;1;0
Broadmoor.com-0073-2016Redesign;en-US;www.google.com;16721;1;0
Denvercy.com-0036-2015Redesign;en-US;www.google.com;8150;1;0
Longboatkeyclub.com-0104-2017Redesign;en-US;www.google.ca;35641;1;0
Theoxfordhotel.com-0062-2015Redesign;en-US;www.google.com;14325;1;0
Broadmoor.com-0073-2016Redesign;en-US;www.google.com;16721;1;0
Samosetresort.com-0113-2017Redesign;en-US;www.google.com;32541;1;0
Washingtondukeinn.com-0024-2014Redesign;en-US;www.google.com;4524;1;0
Thecurtis.com-0079-2016Redesign;en-US;www.weddingwire.com;17981;1;0
Broadmoor.com-0073-2016Redesign;en-US;www.google.com;16721;1;0
Broadmoor.com-0073-2016Redesign;en-US;www.google.com;16721;1;0
saddlebrook.com-0011-2014Redesign;en-US;www.google.com;3385;1;0
Broadmoor.com-0073-2016Redesign;en-US;www.google.com;16793;1;0
Thesagamore.com-0112-2017Redesign;en-US;www.cnn.com;32339;1;0
Cphollywoodbeach.com-0032-2015Redesign;en-US;www.sunny.org;7831;1;0
Thesagamore.com-0112-2017Redesign;en-US;www.cnn.com;32339;1;0
saddlebrook.com-0011-2014Redesign;en-US;www.sbcondoassociation.com;3385;1;0
