Thelodgeatwoodloch.com-0033-2015Redesign;en-US;8316;8277;1;0
Delraysandsresort.com-0097-2016Redesign;en-US;27232;28289;1;0
Broadmoor.com-0073-2016Redesign;en-US;16755;16757;1;0
Lidobeachresort.com-0106-2017Redesign;en-US;28678;28730;1;0
Cocokeyorlando.com-0059-2015Redesign;en-US;0;12394;1;0
Thesagamore.com-0112-2017Redesign;en-US;32355;32341;1;0
Marriottkeylargo.com-0015-2014Redesign;en-US;3948;4016;1;0
Lidobeachresort.com-0106-2017Redesign;en-US;0;29899;1;0
Washingtondukeinn.com-0024-2014Redesign;en-US;5165;4738;1;0
Samosetresort.com-0113-2017Redesign;en-US;32554;35144;1;0
Lakeplacidlodge.com-0105-2017Redesign;en-US;0;32794;1;0
Thecurtis.com-0079-2016Redesign;en-US;18015;19041;1;0
Thelodgeatwoodloch.com-0033-2015Redesign;en-US;8277;9847;1;0
Broadmoor.com-0073-2016Redesign;en-US;16721;16755;1;0
Longboatkeyclub.com-0104-2017Redesign;en-US;28364;28357;1;0
Broadmoor.com-0073-2016Redesign;en-US;18259;16755;1;0
Broadmoor.com-0073-2016Redesign;en-US;16774;16761;1;0
Broadmoor.com-0073-2016Redesign;en-US;16722;18259;1;0
Broadmoor.com-0073-2016Redesign;en-US;0;16760;1;0
Broadmoor.com-0073-2016Redesign;en-US;16722;17446;1;0
Washingtondukeinn.com-0024-2014Redesign;en-US;5165;4732;1;0
Broadmoor.com-0073-2016Redesign;en-US;18782;21236;1;0
Thesagamore.com-0112-2017Redesign;en-US;32339;33921;1;0
Theharborsidehotel.com-0114-2017Redesign;en-US;41599;37579;1;0
Thelodgeatwoodloch.com-0033-2015Redesign;en-US;9847;9851;1;0
Monarchbeachresort.com-0092-2016Redesign;en-US;26788;41733;1;0
Casaybelresort.com-0002-2014Redesign;en-US;1596;1639;1;0
Lidobeachresort.com-0106-2017Redesign;en-US;28666;29833;1;0
Jbdukehotel.com-0086-2016Redesign;en-US;21939;21934;1;0
Galthouse.com-0042-2015Redesign;en-US;0;31905;1;0
Sandpearl.com-0091-2016Redesign;en-US;22481;22497;1;0
Broadmoor.com-0073-2016Redesign;en-US;16721;16731;1;0
Broadmoor.com-0073-2016Redesign;en-US;0;16768;1;0
Jbdukehotel.com-0086-2016Redesign;en-US;21934;21918;1;0
Broadmoor.com-0073-2016Redesign;en-US;16761;16792;1;0
Thecurtis.com-0079-2016Redesign;en-US;0;17981;1;0
Broadmoor.com-0073-2016Redesign;en-US;16793;16724;1;0
Samosetresort.com-0113-2017Redesign;en-US;0;32541;1;0
Broadmoor.com-0073-2016Redesign;en-US;16768;16769;1;0
Thelodgeatwoodloch.com-0033-2015Redesign;en-US;7764;9847;1;0
Samosetresort.com-0113-2017Redesign;en-US;35144;35129;1;0
Thelodgeatwoodloch.com-0033-2015Redesign;en-US;7764;9932;1;0
Cocokeyorlando.com-0059-2015Redesign;en-US;0;12394;1;0
Longboatkeyclub.com-0104-2017Redesign;en-US;28364;31259;1;0
Galthouse.com-0042-2015Redesign;en-US;10923;10568;1;0
Theharborsidehotel.com-0114-2017Redesign;en-US;37579;37606;1;0
Thelodgeatwoodloch.com-0033-2015Redesign;en-US;8266;9801;1;0
Lidobeachresort.com-0106-2017Redesign;en-US;29899;29983;1;0
Unionstationhotelnashville.com-0047-2015Redesign;en-US;24619;24620;1;0
Thelodgeatwoodloch.com-0033-2015Redesign;en-US;9932;8261;1;0
Casaybelresort.com-0002-2014Redesign;en-US;0;1533;1;0
Thelodgeatwoodloch.com-0033-2015Redesign;en-US;8261;9922;1;0
Sandpearl.com-0091-2016Redesign;en-US;22497;23116;1;0
Thesagamore.com-0112-2017Redesign;en-US;32339;33922;1;0
Jbdukehotel.com-0086-2016Redesign;en-US;41471;21934;1;0
Monarchbeachresort.com-0092-2016Redesign;en-US;22725;26800;1;0
Jbdukehotel.com-0086-2016Redesign;en-US;21934;21918;1;0
Thelodgeatwoodloch.com-0033-2015Redesign;en-US;7764;7781;1;0
Broadmoor.com-0073-2016Redesign;en-US;16755;16722;1;0
Broadmoor.com-0073-2016Redesign;en-US;16790;16791;1;0
Thelodgeatwoodloch.com-0033-2015Redesign;en-US;8266;7781;1;0
Broadmoor.com-0073-2016Redesign;en-US;16792;16761;1;0
Jupiterbeachresort.com-0103-2017Redesign;en-US;29246;28170;1;0
Longboatkeyclub.com-0104-2017Redesign;en-US;31259;28328;1;0
Thelodgeatwoodloch.com-0033-2015Redesign;en-US;9801;9922;1;0
Thecurtis.com-0079-2016Redesign;en-US;19041;19043;1;0
Thelodgeatwoodloch.com-0033-2015Redesign;en-US;9847;28116;1;0
Broadmoor.com-0073-2016Redesign;en-US;0;18010;1;0
Broadmoor.com-0073-2016Redesign;en-US;17446;18186;1;0
Thecurtis.com-0079-2016Redesign;en-US;19043;19041;1;0
Thelodgeatwoodloch.com-0033-2015Redesign;en-US;8254;8257;1;0
Thesagamore.com-0112-2017Redesign;en-US;33922;33921;1;0
Monarchbeachresort.com-0092-2016Redesign;en-US;0;23284;1;0
Broadmoor.com-0073-2016Redesign;en-US;16722;17443;1;0
Broadmoor.com-0073-2016Redesign;en-US;16755;16728;1;0
Broadmoor.com-0073-2016Redesign;en-US;16721;16793;1;0
Napavalleymarriott.com-0071-2016Redesign;en-US;0;16440;1;0
Casaybelresort.com-0002-2014Redesign;en-US;1533;1613;1;0
Broadmoor.com-0073-2016Redesign;en-US;16761;16772;1;0
Galthouse.com-0042-2015Redesign;en-US;31905;10609;1;0
Sandpearl.com-0091-2016Redesign;en-US;23074;23076;1;0
Broadmoor.com-0073-2016Redesign;en-US;17269;32319;1;0
Chrco.com-0107-2017Redesign;en-US;29680;29280;1;0
Cocokeyorlando.com-0059-2015Redesign;en-US;12394;12488;1;0
Thelodgeatwoodloch.com-0033-2015Redesign;en-US;7782;7781;1;0
Washingtondukeinn.com-0024-2014Redesign;en-US;5165;4738;1;0
Thecurtis.com-0079-2016Redesign;en-US;19041;19043;1;0
Chrco.com-0107-2017Redesign;en-US;29280;29680;1;0
Chrco.com-0107-2017Redesign;en-US;0;31152;1;0
Broadmoor.com-0073-2016Redesign;en-US;17443;41169;1;0
theweststreethotel.com-0115-2017Redesign;en-US;36683;37653;1;0
Cphollywoodbeach.com-0032-2015Redesign;en-US;0;7847;1;0
