Thesagamore.com-0112-2017Redesign;en-US;www.google.com;33452;1;0
Casaybelresort.com-0002-2014Redesign;en-US;www.google.com;1533;1;0
Galthouse.com-0042-2015Redesign;en-US;lm.facebook.com;10055;1;0
wentworthcom00212014redesign;en-US;www.google.com;26679;1;0
Thelodgeatwoodloch.com-0033-2015Redesign;en-US;www.google.com;7764;1;0
Edgewaternaples.com-0094-2016Redesign;en-US;reservations.edgewaternaples.com;25287;1;0
Broadmoor.com-0073-2016Redesign;en-US;travel-babel.com;18010;1;0
Thesagamore.com-0112-2017Redesign;en-US;www.google.com;32339;1;0
Broadmoor.com-0073-2016Redesign;en-US;travel-babel.com;18010;1;0
Thesagamore.com-0112-2017Redesign;en-US;www.google.com;32339;1;0
Casaybelresort.com-0002-2014Redesign;en-US;m.facebook.com;1639;1;0
Broadmoor.com-0073-2016Redesign;en-US;www.google.ca;18259;1;0
Broadmoor.com-0073-2016Redesign;en-US;www.google.com;16761;1;0
Broadmoor.com-0073-2016Redesign;en-US;www.google.com;16777;1;0
Lakeplacidlodge.com-0105-2017Redesign;en-US;www.google.com;28545;1;0
Thecrawfordhotel.com-0074-2016Redesign;en-US;www.google.com;17145;1;0
Broadmoor.com-0073-2016Redesign;en-US;www.google.com;21232;1;0
Lehotels.com-0049-2015Transfer;en-US;www.google.de;13482;1;0
Monarchbeachresort.com-0092-2016Redesign;en-US;www.google.com;22725;1;0
Samosetresort.com-0113-2017Redesign;en-US;www.google.com;32541;1;0
wentworthcom00212014redesign;en-US;www.nhmagazine.com;4311;1;0
Glencovemansion.com-0058-2015Redesign;en-US;m.facebook.com;13340;1;0
Washingtoncourthotel.com-0076-2016Redesign;en-US;www.google.com;17858;1;0
Samosetresort.com-0113-2017Redesign;en-US;www.google.com;32541;1;0
Samosetresort.com-0113-2017Redesign;en-US;www.google.com;32541;1;0
Samosetresort.com-0113-2017Redesign;en-US;termoshop.com.ua;32541;1;0
Samosetresort.com-0113-2017Redesign;en-US;triquetra.ru;32541;1;0
Samosetresort.com-0113-2017Redesign;en-US;erastudio.kz;32541;1;0
Samosetresort.com-0113-2017Redesign;en-US;www.poiskportal.ru;32541;1;0
Samosetresort.com-0113-2017Redesign;en-US;dengi-v-kredit.in.ua;32541;1;0
Longboatkeyclub.com-0104-2017Redesign;en-US;worldcam.eu;28316;1;0
Springhillsuitesdenver.com-0060-2015Redesign;en-US;www.google.com;12307;1;0
Theharborsidehotel.com-0114-2017Redesign;en-US;www.google.com;37571;1;0
Broadmoor.com-0073-2016Redesign;en-US;www.thecliffhouse.com;18259;1;0
saddlebrook.com-0011-2014Redesign;en-US;www.google.ca;3453;1;0
Residenceinnnyc.com-0034-2015Redesign;en-US;www.google.com;7926;1;0
Broadmoor.com-0073-2016Redesign;en-US;www.google.com;16721;1;0
Miravalspamonarchbeach.com-0109-2017Redesign;en-US;www.monarchbeachresort.com;31709;1;0
Galthouse.com-0042-2015Redesign;en-US;l.facebook.com;10055;1;0
saddlebrook.com-0011-2014Redesign;en-US;www.google.com;3385;1;0
Luxehotels.com-0078-2016Redesign;en-US;www.google.com;19297;1;0
Broadmoor.com-0073-2016Redesign;en-US;www.bing.com;17443;1;0
Edgewaternaples.com-0094-2016Redesign;en-US;www.google.com;25239;1;0
Edgewaternaples.com-0094-2016Redesign;en-US;www.google.com;25239;1;0
Broadmoor.com-0073-2016Redesign;en-US;m.facebook.com;18010;1;0
Residenceinnlax.com-0026-2014Redesign;en-US;www.google.com;5518;1;0
Broadmoor.com-0073-2016Redesign;en-US;m.facebook.com;16790;1;0
Residenceinnlax.com-0026-2014Redesign;en-US;www.google.com;5518;1;0
Samosetresort.com-0113-2017Redesign;en-US;www.newenglandinnsandresorts.com;32541;1;0
Sandpearl.com-0091-2016Redesign;en-US;termoshop.com.ua;22481;1;0
Sandpearl.com-0091-2016Redesign;en-US;erastudio.kz;22481;1;0
Sandpearl.com-0091-2016Redesign;en-US;triquetra.ru;22481;1;0
Sandpearl.com-0091-2016Redesign;en-US;dengi-v-kredit.in.ua;22481;1;0
Sandpearl.com-0091-2016Redesign;en-US;www.poiskportal.ru;22481;1;0
Treasureislandbeachresort.com-0089-2016Redesign;en-US;www.google.ca;22169;1;0
Treasureislandbeachresort.com-0089-2016Redesign;en-US;www.google.ca;22169;1;0
Theloganhotel.com-0043-2015Redesign;en-US;www.visitphilly.com;20218;1;0
Broadmoor.com-0073-2016Redesign;en-US;www.golf.com;16790;1;0
Halcyonhotelcherrycreek.com-0061-2015Redesign;en-US;www.google.com;22121;1;0
Monarchbeachresort.com-0092-2016Redesign;en-US;www.google.com;22725;1;0
Monarchbeachresort.com-0092-2016Redesign;en-US;www.google.com;22725;1;0
Sandylane.com-0075-2016Redesign;en-US;erastudio.kz;17611;1;0
Sandylane.com-0075-2016Redesign;en-US;dengi-v-kredit.in.ua;17611;1;0
Sandylane.com-0075-2016Redesign;en-US;termoshop.com.ua;17611;1;0
Sandylane.com-0075-2016Redesign;en-US;triquetra.ru;17611;1;0
Sandylane.com-0075-2016Redesign;en-US;www.poiskportal.ru;17611;1;0
Thelodgeatwoodloch.com-0033-2015Redesign;en-US;www--thelodgeatwoodloch--com.rztrkr.com;11304;1;0
Theharborsidehotel.com-0114-2017Redesign;en-US;www.google.com;37571;1;0
Thesagamore.com-0112-2017Redesign;en-US;www.google.com;33466;1;0
Thecurtis.com-0079-2016Redesign;en-US;www.google.com;17981;1;0
Thecurtis.com-0079-2016Redesign;en-US;www.google.com;17981;1;0
Jupiterbeachresort.com-0103-2017Redesign;en-US;www.google.com;28158;1;0
Jupiterbeachresort.com-0103-2017Redesign;en-US;www.google.com;28158;1;0
