Broadmoor.com-0073-2016Redesign;en-US;16721;21231;1;0
Theoxfordhotel.com-0062-2015Redesign;en-US;14430;14325;1;0
Theoxfordhotel.com-0062-2015Redesign;en-US;14325;14430;1;0
Theoxfordhotel.com-0062-2015Redesign;en-US;14430;14325;1;0
Thelodgeatwoodloch.com-0033-2015Redesign;en-US;0;8278;1;0
Thelodgeatwoodloch.com-0033-2015Redesign;en-US;7764;8265;1;0
Longboatkeyclub.com-0104-2017Redesign;en-US;28316;28364;1;0
Casaybelresort.com-0002-2014Redesign;en-US;1613;1627;1;0
Sandylane.com-0075-2016Redesign;en-US;17801;17739;1;0
Thecrawfordhotel.com-0074-2016Redesign;en-US;17145;17158;1;0
Galthouse.com-0042-2015Redesign;en-US;31905;10602;1;0
Amzak.com-0023-2014Redesign;en-US;0;3763;1;0
Thelodgeatwoodloch.com-0033-2015Redesign;en-US;7764;7782;1;0
Washingtoncourthotel.com-0076-2016Redesign;en-US;0;17858;1;0
Washingtoncourthotel.com-0076-2016Redesign;en-US;0;17858;1;0
Washingtoncourthotel.com-0076-2016Redesign;en-US;0;17943;1;0
Monarchbeachresort.com-0092-2016Redesign;en-US;22725;22877;1;0
Cocokeyorlando.com-0059-2015Redesign;en-US;0;12394;1;0
Broadmoor.com-0073-2016Redesign;en-US;16761;16721;1;0
Lidobeachresort.com-0106-2017Redesign;en-US;29983;28730;1;0
Thecurtis.com-0079-2016Redesign;en-US;19043;19041;1;0
Thesagamore.com-0112-2017Redesign;en-US;0;32387;1;0
Thesagamore.com-0112-2017Redesign;en-US;32339;32346;1;0
saddlebrook.com-0011-2014Redesign;en-US;3457;3458;1;0
Thesagamore.com-0112-2017Redesign;en-US;33472;33473;1;0
Casaybelresort.com-0002-2014Redesign;en-US;0;1537;1;0
Thecurtis.com-0079-2016Redesign;en-US;0;18486;1;0
Longboatkeyclub.com-0104-2017Redesign;en-US;28364;28332;1;0
Galthouse.com-0042-2015Redesign;en-US;31905;9789;1;0
Thesagamore.com-0112-2017Redesign;en-US;32346;32387;1;0
Thesagamore.com-0112-2017Redesign;en-US;32352;32387;1;0
Oxfordclubspa.com-0068-2016Redesign;en-US;15568;40634;1;0
Broadmoor.com-0073-2016Redesign;en-US;21232;18259;1;0
Oxfordclubspa.com-0068-2016Redesign;en-US;40634;15568;1;0
Oxfordclubspa.com-0068-2016Redesign;en-US;0;15568;1;0
Edgewaternaples.com-0094-2016Redesign;en-US;25239;25270;1;0
Thecrawfordhotel.com-0074-2016Redesign;en-US;17145;17158;1;0
Sandylane.com-0075-2016Redesign;en-US;17739;19752;1;0
