theweststreethotel.com-0115-2017Redesign;en-US;37425;36720;1;0
Sandpearl.com-0091-2016Redesign;en-US;30637;22530;1;0
Oxfordclubspa.com-0068-2016Redesign;en-US;15599;15568;1;0
Sandpearl.com-0091-2016Redesign;en-US;22530;22488;1;0
Theharborsidehotel.com-0114-2017Redesign;en-US;37580;38012;1;0
Lehotels.com-0049-2015Transfer;en-US;14480;12108;1;0
Sandpearl.com-0091-2016Redesign;en-US;22488;41593;1;0
Samosetresort.com-0113-2017Redesign;en-US;0;35128;1;0
Sandpearl.com-0091-2016Redesign;en-US;41593;22530;1;0
Cocokeyorlando.com-0059-2015Redesign;en-US;0;12394;1;0
Thesagamore.com-0112-2017Redesign;en-US;33455;32339;1;0
Montaukyachtclub.com-0010-2014Redesign;en-US;2436;2254;1;0
Samosetresort.com-0113-2017Redesign;en-US;0;32541;1;0
Thelodgeatwoodloch.com-0033-2015Redesign;en-US;7771;7781;1;0
Theharborsidehotel.com-0114-2017Redesign;en-US;38012;38013;1;0
Thelodgeatwoodloch.com-0033-2015Redesign;en-US;9932;9916;1;0
Thelodgeatwoodloch.com-0033-2015Redesign;en-US;8261;8265;1;0
Montaukyachtclub.com-0010-2014Redesign;en-US;2254;2280;1;0
Galthouse.com-0042-2015Redesign;en-US;29895;9789;1;0
Broadmoor.com-0073-2016Redesign;en-US;16721;16724;1;0
Thesagamore.com-0112-2017Redesign;en-US;32387;33577;1;0
Cendyn.com-0095-2016Redesign;en-US;0;26640;1;0
theweststreethotel.com-0115-2017Redesign;en-US;36720;37724;1;0
Cendyn.com-0095-2016Redesign;en-US;26640;31692;1;0
Cendyn.com-0095-2016Redesign;en-US;31692;26640;1;0
Thelodgeatwoodloch.com-0033-2015Redesign;en-US;9916;8278;1;0
Sandylane.com-0075-2016Redesign;en-US;18033;17745;1;0
Oxfordclubspa.com-0068-2016Redesign;en-US;15568;15615;1;0
Sandpearl.com-0091-2016Redesign;en-US;22537;22593;1;0
Oxfordclubspa.com-0068-2016Redesign;en-US;15615;15568;1;0
Theharborsidehotel.com-0114-2017Redesign;en-US;38013;38014;1;0
Sandylane.com-0075-2016Redesign;en-US;17745;17919;1;0
wentworthcom00212014redesign;en-US;4295;4293;1;0
Broadmoor.com-0073-2016Redesign;en-US;16721;16724;1;0
Broadmoor.com-0073-2016Redesign;en-US;16721;16738;1;0
Broadmoor.com-0073-2016Redesign;en-US;18259;21232;1;0
Cocokeyorlando.com-0059-2015Redesign;en-US;12394;12406;1;0
Broadmoor.com-0073-2016Redesign;en-US;16724;16731;1;0
Thesagamore.com-0112-2017Redesign;en-US;33921;33471;1;0
Broadmoor.com-0073-2016Redesign;en-US;16731;18293;1;0
Thesagamore.com-0112-2017Redesign;en-US;33444;33457;1;0
Broadmoor.com-0073-2016Redesign;en-US;16724;16722;1;0
Bocatrans.com-0082-2016Redesign;en-US;19758;19764;1;0
Montaukyachtclub.com-0010-2014Redesign;en-US;2240;3554;1;0
Theharborsidehotel.com-0114-2017Redesign;en-US;38014;38015;1;0
theweststreethotel.com-0115-2017Redesign;en-US;37724;36720;1;0
theweststreethotel.com-0115-2017Redesign;en-US;36720;37425;1;0
Sandylane.com-0075-2016Redesign;en-US;17919;17745;1;0
Broadmoor.com-0073-2016Redesign;en-US;16772;16721;1;0
Broadmoor.com-0073-2016Redesign;en-US;32312;16773;1;0
Thesagamore.com-0112-2017Redesign;en-US;33457;33458;1;0
saddlebrook.com-0011-2014Redesign;en-US;3535;3536;1;0
Halcyonhotelcherrycreek.com-0061-2015Redesign;en-US;22121;41138;1;0
Halcyonhotelcherrycreek.com-0061-2015Redesign;en-US;41138;22121;1;0
Thesagamore.com-0112-2017Redesign;en-US;33444;32391;1;0
wentworthcom00212014redesign;en-US;4293;4295;1;0
