Thelodgeatwoodloch.com-0033-2015Redesign;en-US;9801;9920;1;0
Thelodgeatwoodloch.com-0033-2015Redesign;en-US;9801;8254;1;0
Montaukyachtclub.com-0010-2014Redesign;en-US;2280;2436;1;0
Cocokeyorlando.com-0059-2015Redesign;en-US;12410;12414;1;0
Monarchbeachresort.com-0092-2016Redesign;en-US;22998;22725;1;0
Theoxfordhotel.com-0062-2015Redesign;en-US;0;14325;1;0
Broadmoor.com-0073-2016Redesign;en-US;16796;35330;1;0
Broadmoor.com-0073-2016Redesign;en-US;32306;16722;1;0
Theloganhotel.com-0043-2015Redesign;en-US;15962;40773;1;0
Thesagamore.com-0112-2017Redesign;en-US;32339;33922;1;0
Cocokeyorlando.com-0059-2015Redesign;en-US;12394;12408;1;0
saddlebrook.com-0011-2014Redesign;en-US;3499;4538;1;0
Broadmoor.com-0073-2016Redesign;en-US;16721;16751;1;0
Residenceinnnyc.com-0034-2015Redesign;en-US;7926;41457;1;0
Thesagamore.com-0112-2017Redesign;en-US;32390;33574;1;0
Cocokeyorlando.com-0059-2015Redesign;en-US;0;12394;1;0
Thesagamore.com-0112-2017Redesign;en-US;33922;32351;1;0
Thesagamore.com-0112-2017Redesign;en-US;32351;33921;1;0
Broadmoor.com-0073-2016Redesign;en-US;16722;17443;1;0
Hospitalityupgrade.com-0093-2016Redesign;en-US;0;37631;1;0
Residenceinnnyc.com-0034-2015Redesign;en-US;41457;8087;1;0
Broadmoor.com-0073-2016Redesign;en-US;17450;16724;1;0
Thesagamore.com-0112-2017Redesign;en-US;32387;33577;1;0
Hospitalityupgrade.com-0093-2016Redesign;en-US;0;37631;1;0
Thelodgeatwoodloch.com-0033-2015Redesign;en-US;8254;9801;1;0
Thecrawfordhotel.com-0074-2016Redesign;en-US;0;17670;1;0
Hospitalityupgrade.com-0093-2016Redesign;en-US;0;37631;1;0
Jupiterbeachresort.com-0103-2017Redesign;en-US;28158;28178;1;0
Broadmoor.com-0073-2016Redesign;en-US;16751;18782;1;0
Broadmoor.com-0073-2016Redesign;en-US;16721;16761;1;0
Hospitalityupgrade.com-0093-2016Redesign;en-US;0;37631;1;0
Hospitalityupgrade.com-0093-2016Redesign;en-US;0;37631;1;0
Thesagamore.com-0112-2017Redesign;en-US;32387;33568;1;0
Theoxfordhotel.com-0062-2015Redesign;en-US;14325;14457;1;0
Hospitalityupgrade.com-0093-2016Redesign;en-US;0;37631;1;0
Residenceinnlax.com-0026-2014Redesign;en-US;5271;5316;1;0
Thelodgeatwoodloch.com-0033-2015Redesign;en-US;7783;7781;1;0
Samosetresort.com-0113-2017Redesign;en-US;0;32541;1;0
Hospitalityupgrade.com-0093-2016Redesign;en-US;0;37631;1;0
saddlebrook.com-0011-2014Redesign;en-US;4538;3445;1;0
Casaybelresort.com-0002-2014Redesign;en-US;1533;1613;1;0
Broadmoor.com-0073-2016Redesign;en-US;0;16764;1;0
Theoxfordhotel.com-0062-2015Redesign;en-US;14457;14325;1;0
Casaybelresort.com-0002-2014Redesign;en-US;1732;1533;1;0
Hospitalityupgrade.com-0093-2016Redesign;en-US;0;37631;1;0
Hospitalityupgrade.com-0093-2016Redesign;en-US;0;37631;1;0
Thesagamore.com-0112-2017Redesign;en-US;33922;33921;1;0
Thesagamore.com-0112-2017Redesign;en-US;33922;33921;1;0
Residenceinnnyc.com-0034-2015Redesign;en-US;8087;17092;1;0
Hospitalityupgrade.com-0093-2016Redesign;en-US;0;37631;1;0
Broadmoor.com-0073-2016Redesign;en-US;18014;18293;1;0
Hospitalityupgrade.com-0093-2016Redesign;en-US;0;37631;1;0
Broadmoor.com-0073-2016Redesign;en-US;17451;17026;1;0
Hospitalityupgrade.com-0093-2016Redesign;en-US;0;37631;1;0
Thesagamore.com-0112-2017Redesign;en-US;33921;33923;1;0
Hospitalityupgrade.com-0093-2016Redesign;en-US;0;37631;1;0
Cocokeyorlando.com-0059-2015Redesign;en-US;12404;12394;1;0
Broadmoor.com-0073-2016Redesign;en-US;16721;16793;1;0
Monarchbeachresort.com-0092-2016Redesign;en-US;22995;22996;1;0
Thesagamore.com-0112-2017Redesign;en-US;33923;33931;1;0
Broadmoor.com-0073-2016Redesign;en-US;16728;18013;1;0
Thesagamore.com-0112-2017Redesign;en-US;0;33541;1;0
Cocokeyorlando.com-0059-2015Redesign;en-US;12408;12427;1;0
Thesagamore.com-0112-2017Redesign;en-US;33931;33921;1;0
Casaybelresort.com-0002-2014Redesign;en-US;0;1533;1;0
Thesagamore.com-0112-2017Redesign;en-US;33568;32346;1;0
Broadmoor.com-0073-2016Redesign;en-US;18293;18014;1;0
Thesagamore.com-0112-2017Redesign;en-US;33922;33925;1;0
Renaissancepittsburghpa.com-0044-2015Redesign;en-US;0;9637;1;0
Sandpearl.com-0091-2016Redesign;en-US;23075;22530;1;0
Broadmoor.com-0073-2016Redesign;en-US;21867;16738;1;0
Theoxfordhotel.com-0062-2015Redesign;en-US;14325;14331;1;0
Residenceinnlax.com-0026-2014Redesign;en-US;5271;5314;1;0
Theoxfordhotel.com-0062-2015Redesign;en-US;14331;14325;1;0
Thesagamore.com-0112-2017Redesign;en-US;32346;32389;1;0
Theharborsidehotel.com-0114-2017Redesign;en-US;37614;37572;1;0
Broadmoor.com-0073-2016Redesign;en-US;21231;27959;1;0
Theloganhotel.com-0043-2015Redesign;en-US;40773;15962;1;0
Cocokeyorlando.com-0059-2015Redesign;en-US;12427;12425;1;0
Springhillsuitesdenver.com-0060-2015Redesign;en-US;12307;12478;1;0
Monarchbeachresort.com-0092-2016Redesign;en-US;22725;22998;1;0
Thesagamore.com-0112-2017Redesign;en-US;33357;32351;1;0
Thesagamore.com-0112-2017Redesign;en-US;33925;33924;1;0
Monarchbeachresort.com-0092-2016Redesign;en-US;22998;22725;1;0
Thesagamore.com-0112-2017Redesign;en-US;32389;33569;1;0
Opalsands.com-0084-2016Redesign;en-US;20171;20792;1;0
Unionstationhotelnashville.com-0047-2015Redesign;en-US;24062;24058;1;0
Thelodgeatwoodloch.com-0033-2015Redesign;en-US;8254;9932;1;0
Thesagamore.com-0112-2017Redesign;en-US;33921;33922;1;0
Renaissancepittsburghpa.com-0044-2015Redesign;en-US;0;9637;1;0
Thesagamore.com-0112-2017Redesign;en-US;33470;32347;1;0
Broadmoor.com-0073-2016Redesign;en-US;16761;21231;1;0
Halcyonhotelcherrycreek.com-0061-2015Redesign;en-US;22121;41138;1;0
Halcyonhotelcherrycreek.com-0061-2015Redesign;en-US;41138;40509;1;0
Halcyonhotelcherrycreek.com-0061-2015Redesign;en-US;40509;22121;1;0
Galthouse.com-0042-2015Redesign;en-US;31905;10055;1;0
Broadmoor.com-0073-2016Redesign;en-US;17026;17451;1;0
Halcyonhotelcherrycreek.com-0061-2015Redesign;en-US;22121;41138;1;0
Opalsands.com-0084-2016Redesign;en-US;20792;21644;1;0
Halcyonhotelcherrycreek.com-0061-2015Redesign;en-US;41138;22121;1;0
theweststreethotel.com-0115-2017Redesign;en-US;36683;37425;1;0
Thelodgeatwoodloch.com-0033-2015Redesign;en-US;9932;8261;1;0
