Abbingtonbanquets.com-0070-2016Redesign;en-US;www.google.com;15789;1;0
Longboatkeyclub.com-0104-2017Redesign;en-US;pochtovyi-index.ru;28316;1;0
Broadmoor.com-0073-2016Redesign;en-US;www.google.com;16738;1;0
Longboatkeyclub.com-0104-2017Redesign;en-US;kirov.zrus.org;28316;1;0
Broadmoor.com-0073-2016Redesign;en-US;www.google.com;16761;1;0
Kittitianhill.com-0012-2014Redesign;en-US;www.google.com;2285;1;0
Longboatkeyclub.com-0104-2017Redesign;en-US;pochtovyi-index.ru;28316;1;0
Edgewaternaples.com-0094-2016Redesign;en-US;hubpages.com;25239;1;0
Luxehotels.com-0078-2016Redesign;en-US;www.google.com;18833;1;0
Halcyonhotelcherrycreek.com-0061-2015Redesign;en-US;uncrate.com;22121;1;0
Minnetonkamarriott.com-0039-2015Redesign;en-US;www.google.com;9617;1;0
Monarchbeachresort.com-0092-2016Redesign;en-US;m.facebook.com;26800;1;0
Kittitianhill.com-0012-2014Redesign;en-US;www.google.ca;2236;1;0
Halcyonhotelcherrycreek.com-0061-2015Redesign;en-US;m.facebook.com;26526;1;0
Theoxfordhotel.com-0062-2015Redesign;en-US;den-80202-5400.localdomain:444;14325;1;0
Renaissancepittsburghpa.com-0044-2015Redesign;en-US;www.google.com;9637;1;0
Halcyonhotelcherrycreek.com-0061-2015Redesign;en-US;m.facebook.com;26526;1;0
Renaissancepittsburghpa.com-0044-2015Redesign;en-US;www.google.com;9637;1;0
Monarchbeachresort.com-0092-2016Redesign;en-US;www.kslresorts.com;22725;1;0
Luxehotels.com-0078-2016Redesign;en-US;www.google.com;18831;1;0
Treasureislandbeachresort.com-0089-2016Redesign;en-US;www.google.com;22169;1;0
Treasureislandbeachresort.com-0089-2016Redesign;en-US;www.google.com;22169;1;0
Broadmoor.com-0073-2016Redesign;en-US;www-forbes-com.cdn.ampproject.org;16721;1;0
Treasureislandbeachresort.com-0089-2016Redesign;en-US;s0.2mdn.net;22169;1;0
