Laxembassy.com-0008-2014Redesign;en-US;www.google.com;2037;1;0
Cphollywoodbeach.com-0032-2015Redesign;en-US;android-app:;7831;1;0
Theoxfordhotel.com-0062-2015Redesign;en-US;den-80202-5400.localdomain:444;14325;1;0
Residenceinnlax.com-0026-2014Redesign;en-US;www.google.com;5494;1;0
Opalsands.com-0084-2016Redesign;en-US;www.google.com;20171;1;0
Thecurtis.com-0079-2016Redesign;en-US;www.google.com;17981;1;0
Broadmoor.com-0073-2016Redesign;en-US;www.google.com;16761;1;0
Sandpearl.com-0091-2016Redesign;en-US;www.google.com;22481;1;0
Sandpearl.com-0091-2016Redesign;en-US;www.google.com;22481;1;0
Broadmoor.com-0073-2016Redesign;en-US;www.google.com;16721;1;0
Broadmoor.com-0073-2016Redesign;en-US;www.google.com;16721;1;0
Casaybelresort.com-0002-2014Redesign;en-US;surfinggator.com;1613;1;0
Montaukyachtclub.com-0010-2014Redesign;en-US;m.facebook.com;2240;1;0
Miravalspamonarchbeach.com-0109-2017Redesign;en-US;www.monarchbeachresort.com;31709;1;0
Broadmoor.com-0073-2016Redesign;en-US;www.google.com.ph;16761;1;0
Broadmoor.com-0073-2016Redesign;en-US;www.google.com.ph;16761;1;0
Broadmoor.com-0073-2016Redesign;en-US;tpc.googlesyndication.com;16728;1;0
Casaybelresort.com-0002-2014Redesign;en-US;www.google.de;1613;1;0
Abbingtonbanquets.com-0070-2016Redesign;en-US;www.google.com;15789;1;0
Broadmoor.com-0073-2016Redesign;en-US;r.search.yahoo.com;22720;1;0
