Renaissancepittsburghpa.com-0044-2015Redesign;en-US;9637;9691;1;0
Thelodgeatwoodloch.com-0033-2015Redesign;en-US;9916;9932;1;0
Laxembassy.com-0008-2014Redesign;en-US;2037;2083;1;0
Broadmoor.com-0073-2016Redesign;en-US;18259;21232;1;0
Samosetresort.com-0113-2017Redesign;en-US;0;32541;1;0
theweststreethotel.com-0115-2017Redesign;en-US;36718;37719;1;0
Thecurtis.com-0079-2016Redesign;en-US;0;17981;1;0
Broadmoor.com-0073-2016Redesign;en-US;16777;16721;1;0
Residenceinnnyc.com-0034-2015Redesign;en-US;7926;8014;1;0
Broadmoor.com-0073-2016Redesign;en-US;16721;21858;1;0
Thelodgeatwoodloch.com-0033-2015Redesign;en-US;9932;7783;1;0
Theoxfordhotel.com-0062-2015Redesign;en-US;0;14325;1;0
theweststreethotel.com-0115-2017Redesign;en-US;36691;36718;1;0
Galthouse.com-0042-2015Redesign;en-US;0;31905;1;0
Casaybelresort.com-0002-2014Redesign;en-US;0;1537;1;0
Thecrawfordhotel.com-0074-2016Redesign;en-US;17163;17158;1;0
Lakeplacidlodge.com-0105-2017Redesign;en-US;32804;32805;1;0
Cocokeyorlando.com-0059-2015Redesign;en-US;0;12394;1;0
Sandylane.com-0075-2016Redesign;en-US;17611;17675;1;0
Thecurtis.com-0079-2016Redesign;en-US;0;17981;1;0
saddlebrook.com-0011-2014Redesign;en-US;7302;4538;1;0
Thesagamore.com-0112-2017Redesign;en-US;32339;33922;1;0
Marriottdelraybeach.com-0009-2014Redesign;en-US;2852;2856;1;0
Cocokeyorlando.com-0059-2015Redesign;en-US;0;12394;1;0
Thelodgeatwoodloch.com-0033-2015Redesign;en-US;7783;8261;1;0
Thecurtis.com-0079-2016Redesign;en-US;17981;19399;1;0
Halcyonhotelcherrycreek.com-0061-2015Redesign;en-US;23287;22121;1;0
Broadmoor.com-0073-2016Redesign;en-US;0;16722;1;0
Thecurtis.com-0079-2016Redesign;en-US;19399;17981;1;0
Sandpearl.com-0091-2016Redesign;en-US;22481;22593;1;0
wentworthcom00212014redesign;en-US;4317;4318;1;0
Newyorkpalacemeetings.com-0045-2015Redesign;en-US;9242;9230;1;0
Lakeplacidlodge.com-0105-2017Redesign;en-US;41596;28593;1;0
Cocokeyorlando.com-0059-2015Redesign;en-US;12394;12406;1;0
Thelodgeatwoodloch.com-0033-2015Redesign;en-US;7771;7782;1;0
Galthouse.com-0042-2015Redesign;en-US;31905;40762;1;0
Sandylane.com-0075-2016Redesign;en-US;17675;17676;1;0
Broadmoor.com-0073-2016Redesign;en-US;21796;18259;1;0
Thelodgeatwoodloch.com-0033-2015Redesign;en-US;7764;9932;1;0
Sandylane.com-0075-2016Redesign;en-US;17676;17677;1;0
Cocokeyorlando.com-0059-2015Redesign;en-US;12406;12414;1;0
Thelodgeatwoodloch.com-0033-2015Redesign;en-US;8254;9847;1;0
Thecurtis.com-0079-2016Redesign;en-US;17981;19404;1;0
Thecurtis.com-0079-2016Redesign;en-US;19404;17981;1;0
Thelodgeatwoodloch.com-0033-2015Redesign;en-US;8261;9920;1;0
Montaukyachtclub.com-0010-2014Redesign;en-US;2240;2383;1;0
Thesagamore.com-0112-2017Redesign;en-US;33922;33921;1;0
Theoxfordhotel.com-0062-2015Redesign;en-US;0;14325;1;0
Broadmoor.com-0073-2016Redesign;en-US;16721;16755;1;0
Galthouse.com-0042-2015Redesign;en-US;40762;10592;1;0
Broadmoor.com-0073-2016Redesign;en-US;16721;16756;1;0
Lakeplacidlodge.com-0105-2017Redesign;en-US;28545;28552;1;0
Thelodgeatwoodloch.com-0033-2015Redesign;en-US;7764;9801;1;0
Halcyonhotelcherrycreek.com-0061-2015Redesign;en-US;0;23322;1;0
Thesagamore.com-0112-2017Redesign;en-US;32339;33922;1;0
Cocokeyorlando.com-0059-2015Redesign;en-US;12406;12401;1;0
Thesagamore.com-0112-2017Redesign;en-US;32339;33921;1;0
Thesagamore.com-0112-2017Redesign;en-US;33922;33921;1;0
Thelodgeatwoodloch.com-0033-2015Redesign;en-US;7771;9801;1;0
Montaukyachtclub.com-0010-2014Redesign;en-US;2240;2280;1;0
Thelodgeatwoodloch.com-0033-2015Redesign;en-US;9847;9848;1;0
Thesagamore.com-0112-2017Redesign;en-US;33921;33922;1;0
Renaissancepittsburghpa.com-0044-2015Redesign;en-US;9691;9739;1;0
Theharborsidehotel.com-0114-2017Redesign;en-US;0;37571;1;0
wentworthcom00212014redesign;en-US;4318;4253;1;0
Thelodgeatwoodloch.com-0033-2015Redesign;en-US;9801;11307;1;0
Renaissancepittsburghpa.com-0044-2015Redesign;en-US;0;9637;1;0
Cphollywoodbeach.com-0032-2015Redesign;en-US;7829;7861;1;0
saddlebrook.com-0011-2014Redesign;en-US;4538;15543;1;0
Sandpearl.com-0091-2016Redesign;en-US;22489;22481;1;0
Lakeplacidlodge.com-0105-2017Redesign;en-US;32805;32806;1;0
Thesagamore.com-0112-2017Redesign;en-US;33922;33921;1;0
Broadmoor.com-0073-2016Redesign;en-US;18259;21796;1;0
Thesagamore.com-0112-2017Redesign;en-US;33921;33922;1;0
Lakeplacidlodge.com-0105-2017Redesign;en-US;28552;28595;1;0
Washingtoncourthotel.com-0076-2016Redesign;en-US;17858;17935;1;0
Broadmoor.com-0073-2016Redesign;en-US;18259;21232;1;0
Thelodgeatwoodloch.com-0033-2015Redesign;en-US;9801;8265;1;0
Thesagamore.com-0112-2017Redesign;en-US;33921;33922;1;0
Hospitalityupgrade.com-0093-2016Redesign;en-US;0;29913;1;0
Washingtoncourthotel.com-0076-2016Redesign;en-US;17935;17858;1;0
Montaukyachtclub.com-0010-2014Redesign;en-US;2383;2384;1;0
Thecurtis.com-0079-2016Redesign;en-US;17981;19395;1;0
Thecurtis.com-0079-2016Redesign;en-US;19395;17981;1;0
Cocokeyorlando.com-0059-2015Redesign;en-US;0;12394;1;0
theweststreethotel.com-0115-2017Redesign;en-US;41582;36718;1;0
Thesagamore.com-0112-2017Redesign;en-US;32339;32351;1;0
