Renaissancepittsburghpa.com-0044-2015Redesign;en-US;android-app:;9637;1;0
Broadmoor.com-0073-2016Redesign;en-US;login.nomadix.com:1111;16724;1;0
Broadmoor.com-0073-2016Redesign;en-US;login.nomadix.com:1111;16724;1;0
Broadmoor.com-0073-2016Redesign;en-US;www.google.com;16761;1;0
Renaissancepittsburghpa.com-0044-2015Redesign;en-US;android-app:;9637;1;0
Galthouse.com-0042-2015Redesign;en-US;www.google.com;31905;1;0
Galthouse.com-0042-2015Redesign;en-US;www.google.com;31905;1;0
Theoxfordhotel.com-0062-2015Redesign;en-US;www.google.com;14325;1;0
Sandpearl.com-0091-2016Redesign;en-US;www.pinterest.com;22490;1;0
Longboatkeyclub.com-0104-2017Redesign;en-US;www.google.com;28316;1;0
Longboatkeyclub.com-0104-2017Redesign;en-US;www.google.com;28316;1;0
Hospitalityupgrade.com-0093-2016Redesign;en-US;www.google.com;25405;1;0
Monarchbeachresort.com-0092-2016Redesign;en-US;www.google.com.pr;22725;1;0
Residenceinnlax.com-0026-2014Redesign;en-US;www.google.com;5518;1;0
Theloganhotel.com-0043-2015Redesign;en-US;www.google.com;15962;1;0
Broadmoor.com-0073-2016Redesign;en-US;www.google.com;22156;1;0
Sandylane.com-0075-2016Redesign;en-US;www.google.com;17611;1;0
Broadmoor.com-0073-2016Redesign;en-US;www.google.com;18259;1;0
Broadmoor.com-0073-2016Redesign;en-US;www.google.com;16721;1;0
Broadmoor.com-0073-2016Redesign;en-US;login.nomadix.com:1111;16724;1;0
Broadmoor.com-0073-2016Redesign;en-US;login.nomadix.com:1111;16724;1;0
Longboatkeyclub.com-0104-2017Redesign;en-US;worldcam.eu;28317;1;0
