Sandpearl.com-0091-2016Redesign;en-US;www.google.com;30638;1;0
Washingtondukeinn.com-0024-2014Redesign;en-US;www.google.com;5165;1;0
Washingtondukeinn.com-0024-2014Redesign;en-US;www.google.com;5165;1;0
Broadmoor.com-0073-2016Redesign;en-US;www.bing.com;18259;1;0
Monarchbeachresort.com-0092-2016Redesign;en-US;l.facebook.com;26797;1;0
Opalsands.com-0084-2016Redesign;en-US;www.google.com;20976;1;0
Laxembassy.com-0008-2014Redesign;en-US;www.google.com;2090;1;0
Broadmoor.com-0073-2016Redesign;en-US;www.google.com;18259;1;0
Longboatkeyclub.com-0104-2017Redesign;en-US;www.google.com;28316;1;0
Broadmoor.com-0073-2016Redesign;en-US;www.bing.com;16728;1;0
Broadmoor.com-0073-2016Redesign;en-US;www.google.co.za;20434;1;0
Cocokeyorlando.com-0059-2015Redesign;en-US;m.facebook.com;12394;1;0
Cocokeyorlando.com-0059-2015Redesign;en-US;res.windsurfercrs.com;12394;1;0
Sandpearl.com-0091-2016Redesign;en-US;captive.apple.com;22481;1;0
Sandpearl.com-0091-2016Redesign;en-US;captive.apple.com;22481;1;0
wentworthcom00212014redesign;en-US;www.portsmouthnh.com;4247;1;0
Broadmoor.com-0073-2016Redesign;en-US;www.bing.com;18259;1;0
Napavalleymarriott.com-0071-2016Redesign;en-US;www.google.com;16432;1;0
saddlebrook.com-0011-2014Redesign;en-US;www.google.com;3465;1;0
Glencovemansion.com-0058-2015Redesign;en-US;www.google.com;13328;1;0
Newyorkpalacemeetings.com-0045-2015Redesign;en-US;www.google.co.kr;9230;1;0
Thecurtis.com-0079-2016Redesign;en-US;www.google.com;17981;1;0
Lidobeachresort.com-0106-2017Redesign;en-US;www.google.de;28666;1;0
Lakeplacidlodge.com-0105-2017Redesign;en-US;www.google.com;28545;1;0
Lidobeachresort.com-0106-2017Redesign;en-US;www.google.de;28666;1;0
Sandylane.com-0075-2016Redesign;en-US;www.google.com;17611;1;0
Broadmoor.com-0073-2016Redesign;en-US;www.google.com;16721;1;0
theweststreethotel.com-0115-2017Redesign;en-US;www.barharborinfo.com;36683;1;0
Jupiterbeachresort.com-0103-2017Redesign;en-US;www.google.com;28158;1;0
Cendyn.com-0095-2016Redesign;en-US;www.google.com.mx;26640;1;0
Broadmoor.com-0073-2016Redesign;en-US;tpc.googlesyndication.com;16728;1;0
Broadmoor.com-0073-2016Redesign;en-US;search.myway.com;16721;1;0
Broadmoor.com-0073-2016Redesign;en-US;www.google.com;16721;1;0
Delraysandsresort.com-0097-2016Redesign;en-US;www.inboundlinks.win;27232;1;0
Samosetresort.com-0113-2017Redesign;en-US;outlook.live.com;35349;1;0
