Thesagamore.com-0112-2017Redesign;en-US;www.google.com;32347;1;0
Lidobeachresort.com-0106-2017Redesign;en-US;www.google.com;28666;1;0
Lidobeachresort.com-0106-2017Redesign;en-US;www.google.com;28666;1;0
Casaybelresort.com-0002-2014Redesign;en-US;www.google.com;1533;1;0
Broadmoor.com-0073-2016Redesign;en-US;www.google.com;16721;1;0
Opalsands.com-0084-2016Redesign;en-US;www.google.com;20171;1;0
Broadmoor.com-0073-2016Redesign;en-US;www.google.com;16721;1;0
Cphollywoodbeach.com-0032-2015Redesign;en-US;www.sunny.org;7831;1;0
Thecrawfordhotel.com-0074-2016Redesign;en-US;www.google.com;17145;1;0
Casaybelresort.com-0002-2014Redesign;en-US;resep.xyz;1533;1;0
Thesagamore.com-0112-2017Redesign;en-US;www.google.com;32339;1;0
Thesagamore.com-0112-2017Redesign;en-US;www.google.com;32339;1;0
Monarchbeachresort.com-0092-2016Redesign;en-US;www.google.com;22999;1;0
Opalsands.com-0084-2016Redesign;en-US;tpc.googlesyndication.com;20171;1;0
Galthouse.com-0042-2015Redesign;en-US;www.kfcyumcenter.com;31905;1;0
Galthouse.com-0042-2015Redesign;en-US;www.kfcyumcenter.com;31905;1;0
Thelodgeatwoodloch.com-0033-2015Redesign;en-US;www.google.com;7764;1;0
theweststreethotel.com-0115-2017Redesign;en-US;www.google.com;37486;1;0
Broadmoor.com-0073-2016Redesign;en-US;www.google.com;16769;1;0
Broadmoor.com-0073-2016Redesign;en-US;www.google.com;16769;1;0
Casaybelresort.com-0002-2014Redesign;en-US;r.search.yahoo.com;1533;1;0
Cocokeyorlando.com-0059-2015Redesign;en-US;www.google.com.br;12394;1;0
Luxehotels.com-0078-2016Redesign;en-US;www.google.com;18831;1;0
Samosetresort.com-0113-2017Redesign;en-US;www.google.com;32541;1;0
Samosetresort.com-0113-2017Redesign;en-US;www.google.com;32541;1;0
saddlebrook.com-0011-2014Redesign;en-US;www.golfadvisor.com;4534;1;0
Cphollywoodbeach.com-0032-2015Redesign;en-US;www.sunny.org;7831;1;0
Sandylane.com-0075-2016Redesign;en-US;r.search.yahoo.com;17611;1;0
Thesagamore.com-0112-2017Redesign;en-US;www.bing.com;32339;1;0
Thecrawfordhotel.com-0074-2016Redesign;en-US;www.google.com;17667;1;0
Cphollywoodbeach.com-0032-2015Redesign;en-US;www.sunny.org;7831;1;0
Broadmoor.com-0073-2016Redesign;en-US;m.facebook.com;18014;1;0
saddlebrook.com-0011-2014Redesign;en-US;www.golfadvisor.com;4534;1;0
Miravalspamonarchbeach.com-0109-2017Redesign;en-US;www.monarchbeachresort.com;33978;1;0
Cocokeyorlando.com-0059-2015Redesign;en-US;www.google.com;12394;1;0
Cphollywoodbeach.com-0032-2015Redesign;en-US;www.sunny.org;7831;1;0
Monarchbeachresort.com-0092-2016Redesign;en-US;www.google.com;22998;1;0
Galthouse.com-0042-2015Redesign;en-US;www.google.com;31905;1;0
Broadmoor.com-0073-2016Redesign;en-US;login.nomadix.com:1111;16724;1;0
Galthouse.com-0042-2015Redesign;en-US;www.google.com;31905;1;0
Broadmoor.com-0073-2016Redesign;en-US;login.nomadix.com:1111;16724;1;0
Renaissancepittsburghpa.com-0044-2015Redesign;en-US;www.google.com;9637;1;0
Napavalleymarriott.com-0071-2016Redesign;en-US;www.google.com;16432;1;0
theweststreethotel.com-0115-2017Redesign;en-US;www.barharborinfo.com;36683;1;0
Samosetresort.com-0113-2017Redesign;en-US;www.google.com;35112;1;0
saddlebrook.com-0011-2014Redesign;en-US;www.golfadvisor.com;4534;1;0
Broadmoor.com-0073-2016Redesign;en-US;www.google.com;16721;1;0
Broadmoor.com-0073-2016Redesign;en-US;www.google.com;16721;1;0
