theweststreethotel.com-0115-2017Redesign;en-US;www.google.com;36683;1;0
Cphollywoodbeach.com-0032-2015Redesign;en-US;www.sunny.org;7831;1;0
Marriottkeylargo.com-0015-2014Redesign;en-US;www.beachcamsusa.com;3948;1;0
Edgewaternaples.com-0094-2016Redesign;en-US;www.google.com;25239;1;0
Edgewaternaples.com-0094-2016Redesign;en-US;www.google.com;25239;1;0
Casaybelresort.com-0002-2014Redesign;en-US;www.captivasanibelrealestate.com;1613;1;0
Longboatkeyclub.com-0104-2017Redesign;en-US;www.baysider.com;35641;1;0
Sandpearl.com-0091-2016Redesign;en-US;www.google.ca;22481;1;0
Cphollywoodbeach.com-0032-2015Redesign;en-US;www.google.com;7831;1;0
Sandpearl.com-0091-2016Redesign;en-US;www.google.ca;22481;1;0
Marriottkeylargo.com-0015-2014Redesign;en-US;www.beachcamsusa.com;3948;1;0
Cphollywoodbeach.com-0032-2015Redesign;en-US;www.sunny.org;7831;1;0
Cphollywoodbeach.com-0032-2015Redesign;en-US;www.sunny.org;7831;1;0
Secretharbourvi.com-0040-2015Redesign;en-US;www.google.com;9231;1;0
Broadmoor.com-0073-2016Redesign;en-US;www.google.com;18013;1;0
Marriottkeylargo.com-0015-2014Redesign;en-US;surfinggator.com;3948;1;0
Marriottkeylargo.com-0015-2014Redesign;en-US;surfinggator.com;3964;1;0
Casaybelresort.com-0002-2014Redesign;en-US;search.yahoo.com;1613;1;0
Cphollywoodbeach.com-0032-2015Redesign;en-US;www.sunny.org;7831;1;0
Cocokeyorlando.com-0059-2015Redesign;en-US;www.google.com;12410;1;0
Miravalspamonarchbeach.com-0109-2017Redesign;en-US;www.monarchbeachresort.com;32984;1;0
Thelodgeatwoodloch.com-0033-2015Redesign;en-US;www.google.com;7782;1;0
Broadmoor.com-0073-2016Redesign;en-US;www.google.com;16721;1;0
Broadmoor.com-0073-2016Redesign;en-US;www.google.com;16721;1;0
Casaybelresort.com-0002-2014Redesign;en-US;surfinggator.com;1613;1;0
Casaybelresort.com-0002-2014Redesign;en-US;surfinggator.com;1613;1;0
Marriottkeylargo.com-0015-2014Redesign;en-US;surfinggator.com;3948;1;0
Marriottkeylargo.com-0015-2014Redesign;en-US;surfinggator.com;3964;1;0
Longboatkeyclub.com-0104-2017Redesign;en-US;worldcam.eu;28317;1;0
Cphollywoodbeach.com-0032-2015Redesign;en-US;www.google.com;7831;1;0
Cphollywoodbeach.com-0032-2015Redesign;en-US;www.google.com;7831;1;0
Cphollywoodbeach.com-0032-2015Redesign;en-US;www.google.ca;7831;1;0
Lidobeachresort.com-0106-2017Redesign;en-US;m.facebook.com;28667;1;0
Lidobeachresort.com-0106-2017Redesign;en-US;m.facebook.com;28667;1;0
saddlebrook.com-0011-2014Redesign;en-US;www.google.com;4538;1;0
Thelodgeatwoodloch.com-0033-2015Redesign;en-US;amp-foodandwine-com.cdn.ampproject.org;7764;1;0
Marriottkeylargo.com-0015-2014Redesign;en-US;twooceansdigital.com;3948;1;0
Hi-nyc.com-0108-2017Redesogm;en-US;proprostatit.com;30324;1;0
Cphollywoodbeach.com-0032-2015Redesign;en-US;www.sunny.org;7831;1;0
Hi-nyc.com-0108-2017Redesogm;en-US;proprostatit.com;30324;1;0
Hi-nyc.com-0108-2017Redesogm;en-US;proprostatit.com;30324;1;0
Cphollywoodbeach.com-0032-2015Redesign;en-US;www.google.com;7831;1;0
Lidobeachresort.com-0106-2017Redesign;en-US;m.facebook.com;28667;1;0
saddlebrook.com-0011-2014Redesign;en-US;www.google.com;3452;1;0
Thelodgeatwoodloch.com-0033-2015Redesign;en-US;www.google.com;7764;1;0
Lidobeachresort.com-0106-2017Redesign;en-US;m.facebook.com;28667;1;0
Cphollywoodbeach.com-0032-2015Redesign;en-US;www.sunny.org;7831;1;0
Cphollywoodbeach.com-0032-2015Redesign;en-US;www.sunny.org;7831;1;0
Secretharbourvi.com-0040-2015Redesign;en-US;www.hotelrooms.com;9231;1;0
Marriottkeylargo.com-0015-2014Redesign;en-US;www.google.com;3948;1;0
Cphollywoodbeach.com-0032-2015Redesign;en-US;www.google.ca;7831;1;0
Marriottkeylargo.com-0015-2014Redesign;en-US;www.fla-keys.com;3948;1;0
Marriottkeylargo.com-0015-2014Redesign;en-US;www.fla-keys.com;3964;1;0
Broadmoor.com-0073-2016Redesign;en-US;m.facebook.com;16790;1;0
Cphollywoodbeach.com-0032-2015Redesign;en-US;www.sunny.org;7831;1;0
Marriottkeylargo.com-0015-2014Redesign;en-US;www.google.com;3948;1;0
Cphollywoodbeach.com-0032-2015Redesign;en-US;www.google.ca;7831;1;0
Cphollywoodbeach.com-0032-2015Redesign;en-US;www.google.com;7831;1;0
Cphollywoodbeach.com-0032-2015Redesign;en-US;www.google.com;7831;1;0
Broadmoor.com-0073-2016Redesign;en-US;tpc.googlesyndication.com;16728;1;0
Lidobeachresort.com-0106-2017Redesign;en-US;l.facebook.com;28667;1;0
Lidobeachresort.com-0106-2017Redesign;en-US;l.facebook.com;28667;1;0
Casaybelresort.com-0002-2014Redesign;en-US;www.google.com;1533;1;0
