Hospitalityupgrade.com-0093-2016Redesign;en-US;www.google.com;37631;1;0
saddlebrook.com-0011-2014Redesign;en-US;www.google.com;3385;1;0
Broadmoor.com-0073-2016Redesign;en-US;login.nomadix.com:1111;16724;1;0
Washingtoncourthotel.com-0076-2016Redesign;en-US;www.google.com;17858;1;0
Broadmoor.com-0073-2016Redesign;en-US;login.nomadix.com:1111;16724;1;0
Thelodgeatwoodloch.com-0033-2015Redesign;en-US;www.wsj.com;7764;1;0
wentworthcom00212014redesign;en-US;www.google.com;4302;1;0
Sandylane.com-0075-2016Redesign;en-US;www.google.co.uk;17611;1;0
Broadmoor.com-0073-2016Redesign;en-US;tpc.googlesyndication.com;16728;1;0
Cphollywoodbeach.com-0032-2015Redesign;en-US;www.google.com;7831;1;0
Broadmoor.com-0073-2016Redesign;en-US;tpc.googlesyndication.com;16728;1;0
Marriottkeylargo.com-0015-2014Redesign;en-US;www.fla-keys.com;3948;1;0
Sandpearl.com-0091-2016Redesign;en-US;www.google.com;22537;1;0
Sandylane.com-0075-2016Redesign;en-US;www.google.com;17611;1;0
saddlebrook.com-0011-2014Redesign;en-US;www.bing.com;3385;1;0
Lakeplacidlodge.com-0105-2017Redesign;en-US;www.weddingwire.com;28545;1;0
Lakeplacidlodge.com-0105-2017Redesign;en-US;www.weddingwire.com;28545;1;0
Thesagamore.com-0112-2017Redesign;en-US;www.google.com;32339;1;0
Thesagamore.com-0112-2017Redesign;en-US;www.google.com;32339;1;0
Theloganhotel.com-0043-2015Redesign;en-US;nextrent-crimea.ru;18415;1;0
Theharborsidehotel.com-0114-2017Redesign;en-US;www.bing.com;38026;1;0
Thesagamore.com-0112-2017Redesign;en-US;www.google.com;32339;1;0
Luxehotels.com-0078-2016Redesign;en-US;www.admission.ucla.edu;18833;1;0
Treasureislandbeachresort.com-0089-2016Redesign;en-US;www.google.com;22169;1;0
Treasureislandbeachresort.com-0089-2016Redesign;en-US;www.google.com;22169;1;0
Broadmoor.com-0073-2016Redesign;en-US;login.nomadix.com:1111;16724;1;0
Broadmoor.com-0073-2016Redesign;en-US;login.nomadix.com:1111;16724;1;0
