Thecrawfordhotel.com-0074-2016Redesign;en-US;www.google.com;17160;1;0
Broadmoor.com-0073-2016Redesign;en-US;login.nomadix.com:1111;16724;1;0
Cphollywoodbeach.com-0032-2015Redesign;en-US;www.sunny.org;7831;1;0
Broadmoor.com-0073-2016Redesign;en-US;login.nomadix.com:1111;16724;1;0
Cphollywoodbeach.com-0032-2015Redesign;en-US;search.yahoo.com;7831;1;0
Thelodgeatwoodloch.com-0033-2015Redesign;en-US;www.google.com;8254;1;0
saddlebrook.com-0011-2014Redesign;en-US;www.bing.com;3385;1;0
Broadmoor.com-0073-2016Redesign;en-US;login.nomadix.com:1111;16724;1;0
Broadmoor.com-0073-2016Redesign;en-US;login.nomadix.com:1111;16724;1;0
Monarchbeachresort.com-0092-2016Redesign;en-US;www.google.com;22725;1;0
Cphollywoodbeach.com-0032-2015Redesign;en-US;www.sunny.org;7831;1;0
Sandpearl.com-0091-2016Redesign;en-US;www.google.com;22488;1;0
Broadmoor.com-0073-2016Redesign;en-US;tpc.googlesyndication.com;16728;1;0
Marriottkeylargo.com-0015-2014Redesign;en-US;www.beachcamsusa.com;3948;1;0
Thecrawfordhotel.com-0074-2016Redesign;en-US;www.bing.com;17145;1;0
Casaybelresort.com-0002-2014Redesign;en-US;www.google.com;1533;1;0
Halcyonhotelcherrycreek.com-0061-2015Redesign;en-US;www.bing.com;22121;1;0
Edgewaternaples.com-0094-2016Redesign;en-US;www.google.com;25239;1;0
Broadmoor.com-0073-2016Redesign;en-US;login.nomadix.com:1111;16724;1;0
Washingtoncourthotel.com-0076-2016Redesign;en-US;www.google.com;17858;1;0
Theoxfordhotel.com-0062-2015Redesign;en-US;www.google.com;14325;1;0
Broadmoor.com-0073-2016Redesign;en-US;www.google.com;16738;1;0
Broadmoor.com-0073-2016Redesign;en-US;login.nomadix.com:1111;16724;1;0
Broadmoor.com-0073-2016Redesign;en-US;tpc.googlesyndication.com;16728;1;0
Broadmoor.com-0073-2016Redesign;en-US;login.nomadix.com:1111;16724;1;0
Thesagamore.com-0112-2017Redesign;en-US;www.google.com;32339;1;0
Edgewaternaples.com-0094-2016Redesign;en-US;www.google.se;25239;1;0
saddlebrook.com-0011-2014Redesign;en-US;r.search.yahoo.com;3385;1;0
Opalsands.com-0084-2016Redesign;en-US;www.google.com;20561;1;0
theweststreethotel.com-0115-2017Redesign;en-US;www.acadiamagic.com;36683;1;0
shop.broadmoor.com-0096-2016ShoppingCart;en-US;www.broadmoor.com;26973;1;0
Sandpearl.com-0091-2016Redesign;en-US;www.google.com;22481;1;0
Cphollywoodbeach.com-0032-2015Redesign;en-US;www.sunny.org;7831;1;0
Jupiterbeachresort.com-0103-2017Redesign;en-US;www.google.com;28158;1;0
Jupiterbeachresort.com-0103-2017Redesign;en-US;www.google.com;28158;1;0
Longboatkeyclub.com-0104-2017Redesign;en-US;www.google.com;28317;1;0
Renaissancepittsburghpa.com-0044-2015Redesign;en-US;www.google.com;9637;1;0
Samosetresort.com-0113-2017Redesign;en-US;www.google.com;32541;1;0
Broadmoor.com-0073-2016Redesign;en-US;login.nomadix.com:1111;16724;1;0
Opalsands.com-0084-2016Redesign;en-US;www.beachtourism.com;20171;1;0
saddlebrook.com-0011-2014Redesign;en-US;www.google.ca;4538;1;0
Samosetresort.com-0113-2017Redesign;en-US;www.google.com;32541;1;0
Samosetresort.com-0113-2017Redesign;en-US;www.google.com;32541;1;0
saddlebrook.com-0011-2014Redesign;en-US;www.google.com;3385;1;0
Sandpearl.com-0091-2016Redesign;en-US;www.google.com;22488;1;0
Broadmoor.com-0073-2016Redesign;en-US;www.bing.com;16721;1;0
Broadmoor.com-0073-2016Redesign;en-US;www.bing.com;16721;1;0
Monarchbeachresort.com-0092-2016Redesign;en-US;l.facebook.com;26178;1;0
Thelodgeatwoodloch.com-0033-2015Redesign;en-US;www.bing.com;7764;1;0
Sandpearl.com-0091-2016Redesign;en-US;www.google.com;22481;1;0
Opalsands.com-0084-2016Redesign;en-US;www.beachtourism.com;20171;1;0
Halcyonhotelcherrycreek.com-0061-2015Redesign;en-US;www.google.com;22121;1;0
Sandpearl.com-0091-2016Redesign;en-US;www.google.com;22481;1;0
Sandpearl.com-0091-2016Redesign;en-US;www.google.com;22481;1;0
Sandpearl.com-0091-2016Redesign;en-US;www.google.com;22481;1;0
Casaybelresort.com-0002-2014Redesign;en-US;www.google.com;1613;1;0
Theloganhotel.com-0043-2015Redesign;en-US;www.google.com;27223;1;0
Broadmoor.com-0073-2016Redesign;en-US;login.nomadix.com:1111;16724;1;0
Broadmoor.com-0073-2016Redesign;en-US;login.nomadix.com:1111;16724;1;0
Sandpearl.com-0091-2016Redesign;en-US;www.google.com;22481;1;0
Luxehotels.com-0078-2016Redesign;en-US;www.google.com;18831;1;0
Sandpearl.com-0091-2016Redesign;en-US;www.google.com;22481;1;0
Galthouse.com-0042-2015Redesign;en-US;m.facebook.com;31905;1;0
Unionstationhotelnashville.com-0047-2015Redesign;en-US;www.google.com;32226;1;0
Galthouse.com-0042-2015Redesign;en-US;m.facebook.com;31905;1;0
Opalsands.com-0084-2016Redesign;en-US;www.beachtourism.com;20171;1;0
Monarchbeachresort.com-0092-2016Redesign;en-US;www.google.com;22725;1;0
saddlebrook.com-0011-2014Redesign;en-US;www.bing.com;4538;1;0
