Broadmoor.com-0073-2016Redesign;en-US;www.google.com;16721;1;0
Thecurtis.com-0079-2016Redesign;en-US;www.google.com;19391;1;0
Halcyonhotelcherrycreek.com-0061-2015Redesign;en-US;uncrate.com;22121;1;0
Casaybelresort.com-0002-2014Redesign;en-US;www.google.com;1533;1;0
wentworthcom00212014redesign;en-US;m.facebook.com;26679;1;0
Casaybelresort.com-0002-2014Redesign;en-US;www.google.com;1533;1;0
wentworthcom00212014redesign;en-US;m.facebook.com;4259;1;0
Monarchbeachresort.com-0092-2016Redesign;en-US;m.facebook.com;26800;1;0
Broadmoor.com-0073-2016Redesign;en-US;www.google.com;16770;1;0
Broadmoor.com-0073-2016Redesign;en-US;www.google.com;16770;1;0
Monarchbeachresort.com-0092-2016Redesign;en-US;www.google.com;22725;1;0
Theoxfordhotel.com-0062-2015Redesign;en-US;www.bing.com;14325;1;0
Monarchbeachresort.com-0092-2016Redesign;en-US;r.duckduckgo.com;23001;1;0
Broadmoor.com-0073-2016Redesign;en-US;www.google.com;18010;1;0
wentworthcom00212014redesign;en-US;www.ophotels.com;26679;1;0
Marriottkeylargo.com-0015-2014Redesign;en-US;www.ophotels.com;3948;1;0
Marriottdelraybeach.com-0009-2014Redesign;en-US;www.ophotels.com;2829;1;0
Samosetresort.com-0113-2017Redesign;en-US;www.ophotels.com;32541;1;0
Samosetresort.com-0113-2017Redesign;en-US;www.ophotels.com;32541;1;0
Lakeplacidlodge.com-0105-2017Redesign;en-US;www.ophotels.com;28545;1;0
Delraysandsresort.com-0097-2016Redesign;en-US;www.ophotels.com;27232;1;0
Lidobeachresort.com-0106-2017Redesign;en-US;www.ophotels.com;28666;1;0
Thesagamore.com-0112-2017Redesign;en-US;www.ophotels.com;32339;1;0
Longboatkeyclub.com-0104-2017Redesign;en-US;www.ophotels.com;35641;1;0
Jupiterbeachresort.com-0103-2017Redesign;en-US;www.ophotels.com;28158;1;0
theweststreethotel.com-0115-2017Redesign;en-US;www.ophotels.com;36683;1;0
Theharborsidehotel.com-0114-2017Redesign;en-US;www.ophotels.com;37571;1;0
Thelodgeatwoodloch.com-0033-2015Redesign;en-US;m.facebook.com;7764;1;0
Thelodgeatwoodloch.com-0033-2015Redesign;en-US;www.poconomountains.com;7764;1;0
Luxehotels.com-0078-2016Redesign;en-US;www.google.com.au;18833;1;0
Springhillsuitesdenver.com-0060-2015Redesign;en-US;www.google.com;12333;1;0
Monarchbeachresort.com-0092-2016Redesign;en-US;www.visitcalifornia.com;22725;1;0
Monarchbeachresort.com-0092-2016Redesign;en-US;www.google.com;22725;1;0
Cendyn.com-0095-2016Redesign;en-US;search.yahoo.com;26862;1;0
wentworthcom00212014redesign;en-US;www.ophotels.com;26679;1;0
Marriottdelraybeach.com-0009-2014Redesign;en-US;www.ophotels.com;2829;1;0
Marriottkeylargo.com-0015-2014Redesign;en-US;www.ophotels.com;3948;1;0
Lidobeachresort.com-0106-2017Redesign;en-US;www.ophotels.com;28666;1;0
Jupiterbeachresort.com-0103-2017Redesign;en-US;www.ophotels.com;28158;1;0
Lakeplacidlodge.com-0105-2017Redesign;en-US;www.ophotels.com;28545;1;0
Samosetresort.com-0113-2017Redesign;en-US;www.ophotels.com;32541;1;0
Delraysandsresort.com-0097-2016Redesign;en-US;www.ophotels.com;27232;1;0
Thesagamore.com-0112-2017Redesign;en-US;www.ophotels.com;32339;1;0
Longboatkeyclub.com-0104-2017Redesign;en-US;www.ophotels.com;35641;1;0
theweststreethotel.com-0115-2017Redesign;en-US;www.ophotels.com;36683;1;0
Samosetresort.com-0113-2017Redesign;en-US;www.ophotels.com;32541;1;0
Theharborsidehotel.com-0114-2017Redesign;en-US;www.ophotels.com;37571;1;0
Thelodgeatwoodloch.com-0033-2015Redesign;en-US;m.facebook.com;7764;1;0
Theloganhotel.com-0043-2015Redesign;en-US;www.inboundlinks.win;20218;1;0
