Bluebirch.com-0072-2016Redesign;en-US;univerfiles.com;16693;1;0
Bluebirch.com-0072-2016Redesign;en-US;univerfiles.com;16693;1;0
Bluebirch.com-0072-2016Redesign;en-US;univerfiles.com;16693;1;0
Bluebirch.com-0072-2016Redesign;en-US;03e.info;16693;1;0
Bluebirch.com-0072-2016Redesign;en-US;03e.info;16693;1;0
Opalsands.com-0084-2016Redesign;en-US;www.google.co.uk;40846;1;0
Bluebirch.com-0072-2016Redesign;en-US;03e.info;16693;1;0
Luxehotels.com-0078-2016Redesign;en-US;www.google.com;18831;1;0
Broadmoor.com-0073-2016Redesign;en-US;www.google.com;16721;1;0
Broadmoor.com-0073-2016Redesign;en-US;www.google.com;16721;1;0
Thesagamore.com-0112-2017Redesign;en-US;search.myway.com;32389;1;0
Sandpearl.com-0091-2016Redesign;en-US;www.google.com;22481;1;0
Samosetresort.com-0113-2017Redesign;en-US;android-app:;32541;1;0
Samosetresort.com-0113-2017Redesign;en-US;android-app:;32541;1;0
Sandpearl.com-0091-2016Redesign;en-US;www.google.com;22481;1;0
Galthouse.com-0042-2015Redesign;en-US;www.google.com;31905;1;0
Galthouse.com-0042-2015Redesign;en-US;www.google.com;31905;1;0
Thecrawfordhotel.com-0074-2016Redesign;en-US;www.google.com;17145;1;0
Casaybelresort.com-0002-2014Redesign;en-US;triquetra.ru;1533;1;0
Broadmoor.com-0073-2016Redesign;en-US;tpc.googlesyndication.com;16728;1;0
Glencovemansion.com-0058-2015Redesign;en-US;www.google.com;13328;1;0
Longboatkeyclub.com-0104-2017Redesign;en-US;www.google.com;28364;1;0
Sandpearl.com-0091-2016Redesign;en-US;www.google.com;22481;1;0
Opalsands.com-0084-2016Redesign;en-US;www.beachtourism.com;20171;1;0
Broadmoor.com-0073-2016Redesign;en-US;login.nomadix.com:1111;16724;1;0
Broadmoor.com-0073-2016Redesign;en-US;login.nomadix.com:1111;16724;1;0
Cphollywoodbeach.com-0032-2015Redesign;en-US;www.google.com;7831;1;0
Longboatkeyclub.com-0104-2017Redesign;en-US;www.google.com;28364;1;0
Longboatkeyclub.com-0104-2017Redesign;en-US;www.google.com;28316;1;0
Halcyonhotelcherrycreek.com-0061-2015Redesign;en-US;www.google.com;22121;1;0
Longboatkeyclub.com-0104-2017Redesign;en-US;www.google.com;28316;1;0
Opalsands.com-0084-2016Redesign;en-US;www.google.com;20171;1;0
Longboatkeyclub.com-0104-2017Redesign;en-US;www.google.com;28316;1;0
Opalsands.com-0084-2016Redesign;en-US;www.google.com;20171;1;0
Thelodgeatwoodloch.com-0033-2015Redesign;en-US;www.bing.com;8266;1;0
Glencovemansion.com-0058-2015Redesign;en-US;www.google.com;13328;1;0
Broadmoor.com-0073-2016Redesign;en-US;www.google.com;16793;1;0
Thesagamore.com-0112-2017Redesign;en-US;www.google.com;32339;1;0
Broadmoor.com-0073-2016Redesign;en-US;tpc.googlesyndication.com;16728;1;0
Theharborsidehotel.com-0114-2017Redesign;en-US;www.google.com;37571;1;0
Longboatkeyclub.com-0104-2017Redesign;en-US;www.opalcollection.com;28316;1;0
Longboatkeyclub.com-0104-2017Redesign;en-US;www.opalcollection.com;28316;1;0
Galthouse.com-0042-2015Redesign;en-US;www.google.com;31905;1;0
Marriottkeylargo.com-0015-2014Redesign;en-US;www.beachcamsusa.com;3948;1;0
Marriottkeylargo.com-0015-2014Redesign;en-US;www.beachcamsusa.com;3964;1;0
Galthouse.com-0042-2015Redesign;en-US;www.bing.com;10577;1;0
Cphollywoodbeach.com-0032-2015Redesign;en-US;www.google.com;7831;1;0
Sandpearl.com-0091-2016Redesign;en-US;www.google.com;22481;1;0
wentworthcom00212014redesign;en-US;www.google.com;4302;1;0
Minnetonkamarriott.com-0039-2015Redesign;en-US;m.facebook.com;9617;1;0
Longboatkeyclub.com-0104-2017Redesign;en-US;www.baysider.com;35641;1;0
wentworthcom00212014redesign;en-US;www.google.com;26679;1;0
Edgewaternaples.com-0094-2016Redesign;en-US;www.google.com.ar;25239;1;0
Edgewaternaples.com-0094-2016Redesign;en-US;www.google.com.ar;25239;1;0
Cphollywoodbeach.com-0032-2015Redesign;en-US;www.google.com;7831;1;0
Marriottkeylargo.com-0015-2014Redesign;en-US;www.beachcamsusa.com;3948;1;0
Thesagamore.com-0112-2017Redesign;en-US;search.yahoo.com;32339;1;0
Cphollywoodbeach.com-0032-2015Redesign;en-US;www.google.ca;7831;1;0
Washingtondukeinn.com-0024-2014Redesign;en-US;www.google.com;4579;1;0
Cphollywoodbeach.com-0032-2015Redesign;en-US;www.sunny.org;7831;1;0
Broadmoor.com-0073-2016Redesign;en-US;tpc.googlesyndication.com;16728;1;0
Lehotels.com-0049-2015Transfer;en-US;www.google.com;15072;1;0
Halcyonhotelcherrycreek.com-0061-2015Redesign;en-US;www.google.com;22121;1;0
Broadmoor.com-0073-2016Redesign;en-US;www.bing.com;18259;1;0
Treasureislandbeachresort.com-0089-2016Redesign;en-US;www.google.com;22169;1;0
Treasureislandbeachresort.com-0089-2016Redesign;en-US;www.google.com;22169;1;0
Broadmoor.com-0073-2016Redesign;en-US;tpc.googlesyndication.com;16728;1;0
