Marriottkeylargo.com-0015-2014Redesign;en-US;mysite.tracfone.com;3948;1;0
Marriottkeylargo.com-0015-2014Redesign;en-US;mysite.tracfone.com;3964;1;0
Broadmoor.com-0073-2016Redesign;en-US;login.nomadix.com:1111;16724;1;0
Broadmoor.com-0073-2016Redesign;en-US;login.nomadix.com:1111;16724;1;0
Lakeplacidlodge.com-0105-2017Redesign;en-US;www.ophotels.com;28545;1;0
Jupiterbeachresort.com-0103-2017Redesign;en-US;m.jupiterbeachresort.com;28158;1;0
Marriottdelraybeach.com-0009-2014Redesign;en-US;www.ophotels.com;2829;1;0
Broadmoor.com-0073-2016Redesign;en-US;www.bing.com;16721;1;0
Jupiterbeachresort.com-0103-2017Redesign;en-US;m.jupiterbeachresort.com;28158;1;0
Lidobeachresort.com-0106-2017Redesign;en-US;www.ophotels.com;28666;1;0
Jupiterbeachresort.com-0103-2017Redesign;en-US;m.jupiterbeachresort.com;28158;1;0
Jupiterbeachresort.com-0103-2017Redesign;en-US;m.jupiterbeachresort.com;28158;1;0
Jupiterbeachresort.com-0103-2017Redesign;en-US;m.jupiterbeachresort.com;28158;1;0
Jupiterbeachresort.com-0103-2017Redesign;en-US;m.jupiterbeachresort.com;28158;1;0
Marriottkeylargo.com-0015-2014Redesign;en-US;www.ophotels.com;3948;1;0
Jupiterbeachresort.com-0103-2017Redesign;en-US;m.jupiterbeachresort.com;28158;1;0
Thesagamore.com-0112-2017Redesign;en-US;www.google.com;32339;1;0
Jupiterbeachresort.com-0103-2017Redesign;en-US;m.jupiterbeachresort.com;28158;1;0
Thesagamore.com-0112-2017Redesign;en-US;www.google.com;32339;1;0
Sandpearl.com-0091-2016Redesign;en-US;www.bing.com;22481;1;0
Jupiterbeachresort.com-0103-2017Redesign;en-US;m.jupiterbeachresort.com;28158;1;0
Sandpearl.com-0091-2016Redesign;en-US;www.google.com;22488;1;0
Longboatkeyclub.com-0104-2017Redesign;en-US;www.google.com;28316;1;0
Longboatkeyclub.com-0104-2017Redesign;en-US;www.ophotels.com;35641;1;0
Sandpearl.com-0091-2016Redesign;en-US;www.google.com;22481;1;0
Samosetresort.com-0113-2017Redesign;en-US;www.ophotels.com;32541;1;0
Thesagamore.com-0112-2017Redesign;en-US;www.ophotels.com;32339;1;0
Opalsands.com-0084-2016Redesign;en-US;www.google.com;20171;1;0
Samosetresort.com-0113-2017Redesign;en-US;www.ophotels.com;32541;1;0
Opalsands.com-0084-2016Redesign;en-US;www.google.com;20171;1;0
Broadmoor.com-0073-2016Redesign;en-US;login.nomadix.com:1111;16724;1;0
Broadmoor.com-0073-2016Redesign;en-US;www.visitcos.com;16721;1;0
wentworthcom00212014redesign;en-US;www.ophotels.com;26679;1;0
Broadmoor.com-0073-2016Redesign;en-US;login.nomadix.com:1111;16724;1;0
Cphollywoodbeach.com-0032-2015Redesign;en-US;www.sunny.org;7831;1;0
Thesagamore.com-0112-2017Redesign;en-US;www.google.com;32339;1;0
Washingtondukeinn.com-0024-2014Redesign;en-US;www.muz-baza.net;4759;1;0
Washingtondukeinn.com-0024-2014Redesign;en-US;www.muz-baza.net;4759;1;0
Washingtondukeinn.com-0024-2014Redesign;en-US;www.muz-baza.net;4759;1;0
theweststreethotel.com-0115-2017Redesign;en-US;www.ophotels.com;36683;1;0
Delraysandsresort.com-0097-2016Redesign;en-US;www.ophotels.com;27232;1;0
Sandylane.com-0075-2016Redesign;en-US;www.google.co.uk;17611;1;0
Washingtoncourthotel.com-0076-2016Redesign;en-US;www.nacep.org;17858;1;0
Theharborsidehotel.com-0114-2017Redesign;en-US;www.ophotels.com;37571;1;0
Galthouse.com-0042-2015Redesign;en-US;www.google.com;31905;1;0
Galthouse.com-0042-2015Redesign;en-US;www.google.com;31905;1;0
Jupiterbeachresort.com-0103-2017Redesign;en-US;www.ophotels.com;28158;1;0
Lakeplacidlodge.com-0105-2017Redesign;en-US;www.ophotels.com;28545;1;0
Jupiterbeachresort.com-0103-2017Redesign;en-US;m.jupiterbeachresort.com;28158;1;0
Jupiterbeachresort.com-0103-2017Redesign;en-US;m.jupiterbeachresort.com;28158;1;0
Thelodgeatwoodloch.com-0033-2015Redesign;en-US;www.google.com;7764;1;0
Jupiterbeachresort.com-0103-2017Redesign;en-US;m.jupiterbeachresort.com;28158;1;0
Lidobeachresort.com-0106-2017Redesign;en-US;www.ophotels.com;28666;1;0
Jupiterbeachresort.com-0103-2017Redesign;en-US;m.jupiterbeachresort.com;28158;1;0
Marriottdelraybeach.com-0009-2014Redesign;en-US;www.ophotels.com;2829;1;0
Marriottkeylargo.com-0015-2014Redesign;en-US;www.ophotels.com;3948;1;0
Jupiterbeachresort.com-0103-2017Redesign;en-US;m.jupiterbeachresort.com;28158;1;0
Jupiterbeachresort.com-0103-2017Redesign;en-US;m.jupiterbeachresort.com;28158;1;0
Jbdukehotel.com-0086-2016Redesign;en-US;www.google.com;21918;1;0
Jupiterbeachresort.com-0103-2017Redesign;en-US;m.jupiterbeachresort.com;28158;1;0
Jupiterbeachresort.com-0103-2017Redesign;en-US;m.jupiterbeachresort.com;28158;1;0
wentworthcom00212014redesign;en-US;www.bing.com;4259;1;0
Marriottdelraybeach.com-0009-2014Redesign;en-US;www.bing.com;2829;1;0
Halcyonhotelcherrycreek.com-0061-2015Redesign;en-US;www.google.com;23287;1;0
Broadmoor.com-0073-2016Redesign;en-US;www.google.com;16753;1;0
Broadmoor.com-0073-2016Redesign;en-US;login.nomadix.com:1111;16724;1;0
Broadmoor.com-0073-2016Redesign;en-US;login.nomadix.com:1111;16724;1;0
Theharborsidehotel.com-0114-2017Redesign;en-US;www.google.com;37571;1;0
theweststreethotel.com-0115-2017Redesign;en-US;na28.salesforce.com;36683;1;0
Sandpearl.com-0091-2016Redesign;en-US;www.google.com;22488;1;0
Cphollywoodbeach.com-0032-2015Redesign;en-US;www.sunny.org;7831;1;0
Washingtondukeinn.com-0024-2014Redesign;en-US;www.google.com;5530;1;0
Thelodgeatwoodloch.com-0033-2015Redesign;en-US;www.google.com;7764;1;0
Galthouse.com-0042-2015Redesign;en-US;www.google.com;31905;1;0
Monarchbeachresort.com-0092-2016Redesign;en-US;www.google.com;23001;1;0
Galthouse.com-0042-2015Redesign;en-US;www.google.com;31905;1;0
wentworthcom00212014redesign;en-US;www.google.com;26679;1;0
Edgewaternaples.com-0094-2016Redesign;en-US;www.google.com;25246;1;0
Edgewaternaples.com-0094-2016Redesign;en-US;www.google.com;25246;1;0
Laxembassy.com-0008-2014Redesign;en-US;notify.bluecoat.com;2037;1;0
wentworthcom00212014redesign;en-US;www.google.com;4306;1;0
saddlebrook.com-0011-2014Redesign;en-US;www.google.com;3385;1;0
Opalsands.com-0084-2016Redesign;en-US;www.google.com;20171;1;0
Opalsands.com-0084-2016Redesign;en-US;www.google.com;20171;1;0
Edgewaternaples.com-0094-2016Redesign;en-US;s0.2mdn.net;25239;1;0
Broadmoor.com-0073-2016Redesign;en-US;dayhikesneardenver.com;21232;1;0
Sandylane.com-0075-2016Redesign;en-US;www.google.com;17698;1;0
Sandpearl.com-0091-2016Redesign;en-US;www.google.co.uk;22481;1;0
Laxembassy.com-0008-2014Redesign;en-US;www.google.com;2037;1;0
Thecrawfordhotel.com-0074-2016Redesign;en-US;www.google.com;17667;1;0
Denvercy.com-0036-2015Redesign;en-US;www.google.ie;8150;1;0
Unionstationhotelnashville.com-0047-2015Redesign;en-US;www.google.com;32226;1;0
Glencovemansion.com-0058-2015Redesign;en-US;www.google.com;13328;1;0
Lidobeachresort.com-0106-2017Redesign;en-US;www.google.nl;28666;1;0
Thesagamore.com-0112-2017Redesign;en-US;www.newyorkupstate.com;32339;1;0
Thesagamore.com-0112-2017Redesign;en-US;www.newyorkupstate.com;32339;1;0
