Thelodgeatwoodloch.com-0033-2015Redesign;en-US;8261;11307;1;0
Casaybelresort.com-0002-2014Redesign;en-US;1533;1613;1;0
Thelodgeatwoodloch.com-0033-2015Redesign;en-US;8346;34243;1;0
wentworthcom00212014redesign;en-US;4276;4415;1;0
Thecrawfordhotel.com-0074-2016Redesign;en-US;0;17158;1;0
Samosetresort.com-0113-2017Redesign;en-US;32541;32557;1;0
Unionstationhotelnashville.com-0047-2015Redesign;en-US;32226;24218;1;0
Unionstationhotelnashville.com-0047-2015Redesign;en-US;24218;32226;1;0
Renaissancepittsburghpa.com-0044-2015Redesign;en-US;9637;9690;1;0
Cocokeyorlando.com-0059-2015Redesign;en-US;12394;12396;1;0
Thesagamore.com-0112-2017Redesign;en-US;41020;32346;1;0
Cocokeyorlando.com-0059-2015Redesign;en-US;12394;12404;1;0
Renaissancepittsburghpa.com-0044-2015Redesign;en-US;0;9637;1;0
Lidobeachresort.com-0106-2017Redesign;en-US;28666;28673;1;0
Cocokeyorlando.com-0059-2015Redesign;en-US;0;12394;1;0
Cocokeyorlando.com-0059-2015Redesign;en-US;12548;12410;1;0
Theharborsidehotel.com-0114-2017Redesign;en-US;38062;37606;1;0
Samosetresort.com-0113-2017Redesign;en-US;0;32541;1;0
Lidobeachresort.com-0106-2017Redesign;en-US;28666;28683;1;0
Unionstationhotelnashville.com-0047-2015Redesign;en-US;32226;24058;1;0
Renaissancepittsburghpa.com-0044-2015Redesign;en-US;9690;9691;1;0
Thelodgeatwoodloch.com-0033-2015Redesign;en-US;7764;7771;1;0
Thelodgeatwoodloch.com-0033-2015Redesign;en-US;8346;12480;1;0
Casaybelresort.com-0002-2014Redesign;en-US;1533;1573;1;0
Thesagamore.com-0112-2017Redesign;en-US;32346;32387;1;0
Lakeplacidlodge.com-0105-2017Redesign;en-US;32807;32783;1;0
theweststreethotel.com-0115-2017Redesign;en-US;36683;36700;1;0
Cocokeyorlando.com-0059-2015Redesign;en-US;0;12394;1;0
Broadmoor.com-0073-2016Redesign;en-US;21231;16721;1;0
Galthouse.com-0042-2015Redesign;en-US;31905;10602;1;0
Thelodgeatwoodloch.com-0033-2015Redesign;en-US;11307;8261;1;0
Monarchbeachresort.com-0092-2016Redesign;en-US;22725;41443;1;0
Thelodgeatwoodloch.com-0033-2015Redesign;en-US;8261;9922;1;0
Thelodgeatwoodloch.com-0033-2015Redesign;en-US;9932;7781;1;0
Thelodgeatwoodloch.com-0033-2015Redesign;en-US;8303;9801;1;0
Renaissancepittsburghpa.com-0044-2015Redesign;en-US;9691;41672;1;0
Renaissancepittsburghpa.com-0044-2015Redesign;en-US;41672;10054;1;0
Thesagamore.com-0112-2017Redesign;en-US;32387;33577;1;0
Broadmoor.com-0073-2016Redesign;en-US;17443;22918;1;0
Washingtondukeinn.com-0024-2014Redesign;en-US;4524;4732;1;0
Samosetresort.com-0113-2017Redesign;en-US;0;32541;1;0
Thelodgeatwoodloch.com-0033-2015Redesign;en-US;7764;7771;1;0
saddlebrook.com-0011-2014Redesign;en-US;3385;3486;1;0
Thelodgeatwoodloch.com-0033-2015Redesign;en-US;7771;7781;1;0
Monarchbeachresort.com-0092-2016Redesign;en-US;0;22964;1;0
Casaybelresort.com-0002-2014Redesign;en-US;1533;1613;1;0
Thelodgeatwoodloch.com-0033-2015Redesign;en-US;9801;11307;1;0
Broadmoor.com-0073-2016Redesign;en-US;16721;16761;1;0
Thesagamore.com-0112-2017Redesign;en-US;33922;33921;1;0
Thelodgeatwoodloch.com-0033-2015Redesign;en-US;7771;8257;1;0
Thelodgeatwoodloch.com-0033-2015Redesign;en-US;9922;8261;1;0
