Broadmoor.com-0073-2016Redesign;en-US;www.google.com;16769;1;0
Broadmoor.com-0073-2016Redesign;en-US;www.google.com;16761;1;0
Casaybelresort.com-0002-2014Redesign;en-US;www.google.com;1533;1;0
Monarchbeachresort.com-0092-2016Redesign;en-US;www.google.com;22725;1;0
Broadmoor.com-0073-2016Redesign;en-US;www.google.com;23743;1;0
Delraysandsresort.com-0097-2016Redesign;en-US;www.google.com;27232;1;0
Denvercy.com-0036-2015Redesign;en-US;android-app:;8150;1;0
Broadmoor.com-0073-2016Redesign;en-US;login.nomadix.com:1111;16724;1;0
Broadmoor.com-0073-2016Redesign;en-US;login.nomadix.com:1111;16724;1;0
Broadmoor.com-0073-2016Redesign;en-US;www.google.com;16721;1;0
Cphollywoodbeach.com-0032-2015Redesign;en-US;www.sunny.org;7831;1;0
Broadmoor.com-0073-2016Redesign;en-US;www.google.com;21231;1;0
Broadmoor.com-0073-2016Redesign;en-US;www.google.com;16799;1;0
Glencovemansion.com-0058-2015Redesign;en-US;www.google.com;13350;1;0
Samosetresort.com-0113-2017Redesign;en-US;www.google.com;32541;1;0
Sandylane.com-0075-2016Redesign;en-US;www.google.com;17730;1;0
Theoxfordhotel.com-0062-2015Redesign;en-US;www.google.com;14325;1;0
Broadmoor.com-0073-2016Redesign;en-US;303magazine.com;16786;1;0
Delraysandsresort.com-0097-2016Redesign;en-US;www.google.com;27232;1;0
Samosetresort.com-0113-2017Redesign;en-US;www.inboundlinks.win;32541;1;0
Casaybelresort.com-0002-2014Redesign;en-US;www.google.com;1613;1;0
Casaybelresort.com-0002-2014Redesign;en-US;www.google.com;1533;1;0
Washingtondukeinn.com-0024-2014Redesign;en-US;bankdirectorsinstitute.wordpress.com;4524;1;0
Longboatkeyclub.com-0104-2017Redesign;en-US;m.facebook.com;28316;1;0
Longboatkeyclub.com-0104-2017Redesign;en-US;m.facebook.com;28316;1;0
Cphollywoodbeach.com-0032-2015Redesign;en-US;android-app:;7831;1;0
wentworthcom00212014redesign;en-US;www.marriott.com;4250;1;0
Longboatkeyclub.com-0104-2017Redesign;en-US;www.google.com;28316;1;0
Thesagamore.com-0112-2017Redesign;en-US;www.google.com;32339;1;0
Broadmoor.com-0073-2016Redesign;en-US;www.google.com;16790;1;0
Sandylane.com-0075-2016Redesign;en-US;www.bing.com;17630;1;0
Monarchbeachresort.com-0092-2016Redesign;en-US;m.facebook.com;22977;1;0
Residenceinnnyc.com-0034-2015Redesign;en-US;www.bing.com;7926;1;0
Napavalleymarriott.com-0071-2016Redesign;en-US;www.google.com;16432;1;0
Thelodgeatwoodloch.com-0033-2015Redesign;en-US;www.google.com;7764;1;0
Lakeplacidlodge.com-0105-2017Redesign;en-US;www.google.com;28552;1;0
Cphollywoodbeach.com-0032-2015Redesign;en-US;www.google.com;7805;1;0
Broadmoor.com-0073-2016Redesign;en-US;login.nomadix.com:1111;16724;1;0
Theloganhotel.com-0043-2015Redesign;en-US;www.google.com.tw;20218;1;0
Broadmoor.com-0073-2016Redesign;en-US;login.nomadix.com:1111;16724;1;0
Lidobeachresort.com-0106-2017Redesign;en-US;search.yahoo.com;28666;1;0
Thesagamore.com-0112-2017Redesign;en-US;stylecaster.com;32339;1;0
