Samosetresort.com-0113-2017Redesign;en-US;r.search.yahoo.com;32541;1;0
Broadmoor.com-0073-2016Redesign;en-US;www.google.com;16728;1;0
theweststreethotel.com-0115-2017Redesign;en-US;www.google.com;36683;1;0
Theoxfordhotel.com-0062-2015Redesign;en-US;den-80202-5400.localdomain:444;14325;1;0
Samosetresort.com-0113-2017Redesign;en-US;www.google.com;32541;1;0
Samosetresort.com-0113-2017Redesign;en-US;www.google.com;32541;1;0
Galthouse.com-0042-2015Redesign;en-US;www.bing.com;31905;1;0
Galthouse.com-0042-2015Redesign;en-US;www.bing.com;31905;1;0
Broadmoor.com-0073-2016Redesign;en-US;m.facebook.com;18013;1;0
Lakeplacidlodge.com-0105-2017Redesign;en-US;fixup.ua;28545;1;0
Lakeplacidlodge.com-0105-2017Redesign;en-US;refmarket.ru;28545;1;0
Lakeplacidlodge.com-0105-2017Redesign;en-US;grostm.ru;28545;1;0
Washingtoncourthotel.com-0076-2016Redesign;en-US;vsdshnik.com;17858;1;0
Washingtoncourthotel.com-0076-2016Redesign;en-US;vsdshnik.com;17858;1;0
Washingtoncourthotel.com-0076-2016Redesign;en-US;vsdshnik.com;17858;1;0
Thesagamore.com-0112-2017Redesign;en-US;yandex.ru;32339;1;0
Samosetresort.com-0113-2017Redesign;en-US;www.google.com;32541;1;0
Sandylane.com-0075-2016Redesign;en-US;www.google.com;17611;1;0
Broadmoor.com-0073-2016Redesign;en-US;tpc.googlesyndication.com;16728;1;0
Thesagamore.com-0112-2017Redesign;en-US;yandex.ru;32339;1;0
Lakeplacidlodge.com-0105-2017Redesign;en-US;krasivey.com.ua;28545;1;0
Renaissancepittsburghpa.com-0044-2015Redesign;en-US;www.google.com;10040;1;0
Montaukyachtclub.com-0010-2014Redesign;en-US;www.google.com;2448;1;0
Monarchbeachresort.com-0092-2016Redesign;en-US;www.google.com;23001;1;0
Edgewaternaples.com-0094-2016Redesign;en-US;s0.2mdn.net;25239;1;0
Bellemontfarm.com-0007-2013Redesign;en-US;m.facebook.com;11497;1;0
Cphollywoodbeach.com-0032-2015Redesign;en-US;www.sunny.org;7831;1;0
Springhillsuitesdenver.com-0060-2015Redesign;en-US;www.google.com;12307;1;0
Broadmoor.com-0073-2016Redesign;en-US;www.google.com;16721;1;0
Napavalleymarriott.com-0071-2016Redesign;en-US;www.google.com;16432;1;0
Broadmoor.com-0073-2016Redesign;en-US;www.google.com;16721;1;0
Opalsands.com-0084-2016Redesign;en-US;www.google.com;20171;1;0
Cphollywoodbeach.com-0032-2015Redesign;en-US;www.google.com;7831;1;0
Thecurtis.com-0079-2016Redesign;en-US;www.google.com;17981;1;0
Thelodgeatwoodloch.com-0033-2015Redesign;en-US;www--thelodgeatwoodloch--com.rztrkr.com;7781;1;0
Monarchbeachresort.com-0092-2016Redesign;en-US;www.google.com;22725;1;0
Cocokeyorlando.com-0059-2015Redesign;en-US;www.google.com;12394;1;0
Cocokeyorlando.com-0059-2015Redesign;en-US;www.google.com;12410;1;0
