Thesagamore.com-0112-2017Redesign;en-US;32339;32351;1;0
Broadmoor.com-0073-2016Redesign;en-US;18259;21232;1;0
Broadmoor.com-0073-2016Redesign;en-US;22720;17443;1;0
Washingtoncourthotel.com-0076-2016Redesign;en-US;17858;17911;1;0
Bellemontfarm.com-0007-2013Redesign;en-US;2491;11497;1;0
Broadmoor.com-0073-2016Redesign;en-US;16721;23547;1;0
Broadmoor.com-0073-2016Redesign;en-US;16761;16772;1;0
Thesagamore.com-0112-2017Redesign;en-US;0;33535;1;0
Theoxfordhotel.com-0062-2015Redesign;en-US;0;14325;1;0
Marriottdelraybeach.com-0009-2014Redesign;en-US;2841;2829;1;0
Thesagamore.com-0112-2017Redesign;en-US;0;33535;1;0
Broadmoor.com-0073-2016Redesign;en-US;16721;16742;1;0
Broadmoor.com-0073-2016Redesign;en-US;23547;17448;1;0
Thesagamore.com-0112-2017Redesign;en-US;33473;33471;1;0
Longboatkeyclub.com-0104-2017Redesign;en-US;28316;35641;1;0
Thesagamore.com-0112-2017Redesign;en-US;32392;32391;1;0
Monarchbeachresort.com-0092-2016Redesign;en-US;22951;22846;1;0
Sandylane.com-0075-2016Redesign;en-US;17675;17644;1;0
Thelodgeatwoodloch.com-0033-2015Redesign;en-US;7771;15817;1;0
Jupiterbeachresort.com-0103-2017Redesign;en-US;28158;28165;1;0
Thelodgeatwoodloch.com-0033-2015Redesign;en-US;8261;8275;1;0
Amzak.com-0023-2014Redesign;en-US;7709;4218;1;0
Thesagamore.com-0112-2017Redesign;en-US;33925;33921;1;0
Monarchbeachresort.com-0092-2016Redesign;en-US;0;23615;1;0
Amzak.com-0023-2014Redesign;en-US;4218;7709;1;0
Thecurtis.com-0079-2016Redesign;en-US;18015;19185;1;0
Casaybelresort.com-0002-2014Redesign;en-US;1573;1613;1;0
Broadmoor.com-0073-2016Redesign;en-US;21232;18259;1;0
Napavalleymarriott.com-0071-2016Redesign;en-US;16432;18369;1;0
Thesagamore.com-0112-2017Redesign;en-US;32391;33572;1;0
Jupiterbeachresort.com-0103-2017Redesign;en-US;28165;28206;1;0
Lakeplacidlodge.com-0105-2017Redesign;en-US;28545;28546;1;0
Galthouse.com-0042-2015Redesign;en-US;31905;10570;1;0
Broadmoor.com-0073-2016Redesign;en-US;16761;16769;1;0
Edgewaternaples.com-0094-2016Redesign;en-US;25239;25241;1;0
Broadmoor.com-0073-2016Redesign;en-US;18259;21232;1;0
Hospitalityupgrade.com-0093-2016Redesign;en-US;0;25405;1;0
Monarchbeachresort.com-0092-2016Redesign;en-US;22725;22877;1;0
Thelodgeatwoodloch.com-0033-2015Redesign;en-US;9932;11304;1;0
Thelodgeatwoodloch.com-0033-2015Redesign;en-US;9932;7782;1;0
Washingtoncourthotel.com-0076-2016Redesign;en-US;17911;17933;1;0
wentworthcom00212014redesign;en-US;4307;26679;1;0
Glencovemansion.com-0058-2015Redesign;en-US;13340;17856;1;0
Thesagamore.com-0112-2017Redesign;en-US;33572;32346;1;0
Sandpearl.com-0091-2016Redesign;en-US;22530;30637;1;0
Broadmoor.com-0073-2016Redesign;en-US;16788;18259;1;0
Napavalleymarriott.com-0071-2016Redesign;en-US;16432;18369;1;0
Casaybelresort.com-0002-2014Redesign;en-US;1613;1573;1;0
Thesagamore.com-0112-2017Redesign;en-US;32339;33541;1;0
theweststreethotel.com-0115-2017Redesign;en-US;0;37425;1;0
Napavalleymarriott.com-0071-2016Redesign;en-US;18369;27499;1;0
Broadmoor.com-0073-2016Redesign;en-US;18293;16724;1;0
Broadmoor.com-0073-2016Redesign;en-US;21232;16721;1;0
Thecurtis.com-0079-2016Redesign;en-US;19185;18372;1;0
Thesagamore.com-0112-2017Redesign;en-US;33921;32340;1;0
Lakeplacidlodge.com-0105-2017Redesign;en-US;32795;28553;1;0
Samosetresort.com-0113-2017Redesign;en-US;0;32541;1;0
Longboatkeyclub.com-0104-2017Redesign;en-US;35641;28333;1;0
Cendyn.com-0095-2016Redesign;en-US;0;26640;1;0
Thelodgeatwoodloch.com-0033-2015Redesign;en-US;15817;9932;1;0
Sandpearl.com-0091-2016Redesign;en-US;22530;30640;1;0
Cendyn.com-0095-2016Redesign;en-US;26640;27680;1;0
Thesagamore.com-0112-2017Redesign;en-US;33924;33475;1;0
Glencovemansion.com-0058-2015Redesign;en-US;17856;13329;1;0
Monarchbeachresort.com-0092-2016Redesign;en-US;22877;28536;1;0
Amzak.com-0023-2014Redesign;en-US;15051;3745;1;0
Thelodgeatwoodloch.com-0033-2015Redesign;en-US;7764;7783;1;0
Galthouse.com-0042-2015Redesign;en-US;31905;10602;1;0
Glencovemansion.com-0058-2015Redesign;en-US;13329;13343;1;0
wentworthcom00212014redesign;en-US;0;26679;1;0
Thelodgeatwoodloch.com-0033-2015Redesign;en-US;38358;9920;1;0
Thelodgeatwoodloch.com-0033-2015Redesign;en-US;8275;8261;1;0
Lakeplacidlodge.com-0105-2017Redesign;en-US;28553;32796;1;0
Cocokeyorlando.com-0059-2015Redesign;en-US;12394;12410;1;0
Cocokeyorlando.com-0059-2015Redesign;en-US;0;12406;1;0
Thelodgeatwoodloch.com-0033-2015Redesign;en-US;9932;8257;1;0
Longboatkeyclub.com-0104-2017Redesign;en-US;28316;35641;1;0
Broadmoor.com-0073-2016Redesign;en-US;16761;16772;1;0
Monarchbeachresort.com-0092-2016Redesign;en-US;22725;26800;1;0
Broadmoor.com-0073-2016Redesign;en-US;16761;16764;1;0
Broadmoor.com-0073-2016Redesign;en-US;18259;21232;1;0
Thesagamore.com-0112-2017Redesign;en-US;32346;33921;1;0
Thesagamore.com-0112-2017Redesign;en-US;32339;33923;1;0
saddlebrook.com-0011-2014Redesign;en-US;3500;3470;1;0
Monarchbeachresort.com-0092-2016Redesign;en-US;28536;22725;1;0
Casaybelresort.com-0002-2014Redesign;en-US;1573;1627;1;0
Broadmoor.com-0073-2016Redesign;en-US;16724;22040;1;0
