Broadmoor.com-0073-2016Redesign;en-US;login.nomadix.com:1111;16724;1;0
Broadmoor.com-0073-2016Redesign;en-US;login.nomadix.com:1111;16724;1;0
Broadmoor.com-0073-2016Redesign;en-US;www.bing.com;16721;1;0
Broadmoor.com-0073-2016Redesign;en-US;www.bing.com;16721;1;0
Galthouse.com-0042-2015Redesign;en-US;www.google.com;10578;1;0
Thelodgeatwoodloch.com-0033-2015Redesign;en-US;us.search.yahoo.com;7764;1;0
Renaissancepittsburghpa.com-0044-2015Redesign;en-US;www.google.com;9637;1;0
Broadmoor.com-0073-2016Redesign;en-US;www.google.com;16721;1;0
Lakeplacidlodge.com-0105-2017Redesign;en-US;www.google.com;28545;1;0
Galthouse.com-0042-2015Redesign;en-US;www.google.com;31905;1;0
Galthouse.com-0042-2015Redesign;en-US;m.facebook.com;31905;1;0
Galthouse.com-0042-2015Redesign;en-US;m.facebook.com;31905;1;0
Theharborsidehotel.com-0114-2017Redesign;en-US;www.google.com;37571;1;0
Cocokeyorlando.com-0059-2015Redesign;en-US;www.google.com;12394;1;0
Treasureislandbeachresort.com-0089-2016Redesign;en-US;s0.2mdn.net;22169;1;0
Minnetonkamarriott.com-0039-2015Redesign;en-US;m.facebook.com;9617;1;0
Montaukyachtclub.com-0010-2014Redesign;en-US;www.google.com;2392;1;0
Broadmoor.com-0073-2016Redesign;en-US;www.google.com;16721;1;0
Thecurtis.com-0079-2016Redesign;en-US;www.google.com;17981;1;0
wentworthcom00212014redesign;en-US;www.google.com;4306;1;0
Longboatkeyclub.com-0104-2017Redesign;en-US;www.google.com;28364;1;0
Theharborsidehotel.com-0114-2017Redesign;en-US;www.bing.com;37571;1;0
Longboatkeyclub.com-0104-2017Redesign;en-US;www.google.com;28364;1;0
Sandpearl.com-0091-2016Redesign;en-US;m.facebook.com;30637;1;0
Theloganhotel.com-0043-2015Redesign;en-US;m.facebook.com;20218;1;0
Samosetresort.com-0113-2017Redesign;en-US;www.google.com;32541;1;0
Lakeplacidlodge.com-0105-2017Redesign;en-US;www.google.com;28545;1;0
Samosetresort.com-0113-2017Redesign;en-US;www.google.com;32541;1;0
Delraysandsresort.com-0097-2016Redesign;en-US;www.google.com;27232;1;0
Delraysandsresort.com-0097-2016Redesign;en-US;www.google.com;27232;1;0
