Casaybelresort.com-0002-2014Redesign;en-US;1613;1570;1;0
Cocokeyorlando.com-0059-2015Redesign;en-US;12415;12581;1;0
Thelodgeatwoodloch.com-0033-2015Redesign;en-US;7764;7783;1;0
Broadmoor.com-0073-2016Redesign;en-US;16721;16731;1;0
Delraysandsresort.com-0097-2016Redesign;en-US;27248;27233;1;0
Thecurtis.com-0079-2016Redesign;en-US;19041;19076;1;0
Thecrawfordhotel.com-0074-2016Redesign;en-US;17145;17187;1;0
Monarchbeachresort.com-0092-2016Redesign;en-US;22725;22877;1;0
Broadmoor.com-0073-2016Redesign;en-US;16728;18013;1;0
Thecurtis.com-0079-2016Redesign;en-US;19076;17981;1;0
Sandylane.com-0075-2016Redesign;en-US;17682;17679;1;0
Thelodgeatwoodloch.com-0033-2015Redesign;en-US;8391;8392;1;0
Thecurtis.com-0079-2016Redesign;en-US;17981;19041;1;0
Miravalspamonarchbeach.com-0109-2017Redesign;en-US;34201;33978;1;0
Broadmoor.com-0073-2016Redesign;en-US;17269;17342;1;0
Opalsands.com-0084-2016Redesign;en-US;40846;20171;1;0
Springhillsuitesdenver.com-0060-2015Redesign;en-US;0;12307;1;0
Thesagamore.com-0112-2017Redesign;en-US;33924;33921;1;0
Broadmoor.com-0073-2016Redesign;en-US;16755;20439;1;0
Galthouse.com-0042-2015Redesign;en-US;31905;25671;1;0
Samosetresort.com-0113-2017Redesign;en-US;35229;35274;1;0
Casaybelresort.com-0002-2014Redesign;en-US;0;1573;1;0
Thelodgeatwoodloch.com-0033-2015Redesign;en-US;0;7783;1;0
Thecurtis.com-0079-2016Redesign;en-US;19041;19076;1;0
Thecurtis.com-0079-2016Redesign;en-US;19076;17981;1;0
Thecurtis.com-0079-2016Redesign;en-US;17981;18823;1;0
Longboatkeyclub.com-0104-2017Redesign;en-US;28316;28368;1;0
Opalsands.com-0084-2016Redesign;en-US;20975;20887;1;0
Sandylane.com-0075-2016Redesign;en-US;17688;17686;1;0
Jupiterbeachresort.com-0103-2017Redesign;en-US;0;28169;1;0
Sandylane.com-0075-2016Redesign;en-US;17686;17611;1;0
Miravalspamonarchbeach.com-0109-2017Redesign;en-US;33978;34198;1;0
Longboatkeyclub.com-0104-2017Redesign;en-US;28316;28317;1;0
Laxembassy.com-0008-2014Redesign;en-US;2037;2147;1;0
Samosetresort.com-0113-2017Redesign;en-US;32541;35220;1;0
Casaybelresort.com-0002-2014Redesign;en-US;0;1602;1;0
Sandylane.com-0075-2016Redesign;en-US;17919;18030;1;0
Samosetresort.com-0113-2017Redesign;en-US;0;32541;1;0
Broadmoor.com-0073-2016Redesign;en-US;16790;16791;1;0
Thecurtis.com-0079-2016Redesign;en-US;0;17981;1;0
Thelodgeatwoodloch.com-0033-2015Redesign;en-US;7764;9526;1;0
Thelodgeatwoodloch.com-0033-2015Redesign;en-US;8392;9801;1;0
Sandylane.com-0075-2016Redesign;en-US;17679;17682;1;0
Samosetresort.com-0113-2017Redesign;en-US;32554;35127;1;0
Thelodgeatwoodloch.com-0033-2015Redesign;en-US;7764;7782;1;0
Cocokeyorlando.com-0059-2015Redesign;en-US;0;12394;1;0
Cocokeyorlando.com-0059-2015Redesign;en-US;12394;12409;1;0
Longboatkeyclub.com-0104-2017Redesign;en-US;28316;35641;1;0
Miravalspamonarchbeach.com-0109-2017Redesign;en-US;34198;33978;1;0
Cphollywoodbeach.com-0032-2015Redesign;en-US;0;7831;1;0
Broadmoor.com-0073-2016Redesign;en-US;16721;16799;1;0
Broadmoor.com-0073-2016Redesign;en-US;20439;16721;1;0
Samosetresort.com-0113-2017Redesign;en-US;32541;35349;1;0
Thecurtis.com-0079-2016Redesign;en-US;18823;18827;1;0
Monarchbeachresort.com-0092-2016Redesign;en-US;0;22986;1;0
Longboatkeyclub.com-0104-2017Redesign;en-US;28368;32285;1;0
Opalsands.com-0084-2016Redesign;en-US;20171;20887;1;0
Monarchbeachresort.com-0092-2016Redesign;en-US;22877;26788;1;0
Monarchbeachresort.com-0092-2016Redesign;en-US;22725;36287;1;0
Miravalspamonarchbeach.com-0109-2017Redesign;en-US;33978;34205;1;0
Thelodgeatwoodloch.com-0033-2015Redesign;en-US;7783;8268;1;0
Miravalspamonarchbeach.com-0109-2017Redesign;en-US;34205;33978;1;0
Cocokeyorlando.com-0059-2015Redesign;en-US;12409;12435;1;0
Halcyonhotelcherrycreek.com-0061-2015Redesign;en-US;26344;23233;1;0
Halcyonhotelcherrycreek.com-0061-2015Redesign;en-US;23233;22121;1;0
wentworthcom00212014redesign;en-US;4313;4280;1;0
Samosetresort.com-0113-2017Redesign;en-US;35349;32549;1;0
Samosetresort.com-0113-2017Redesign;en-US;32541;35274;1;0
Sandylane.com-0075-2016Redesign;en-US;17611;17688;1;0
Miravalspamonarchbeach.com-0109-2017Redesign;en-US;33978;41683;1;0
Thecrawfordhotel.com-0074-2016Redesign;en-US;17187;17184;1;0
Sandylane.com-0075-2016Redesign;en-US;18030;17690;1;0
Treasureislandbeachresort.com-0089-2016Redesign;en-US;22169;22176;1;0
Broadmoor.com-0073-2016Redesign;en-US;17342;16758;1;0
Theoxfordhotel.com-0062-2015Redesign;en-US;0;14325;1;0
Opalsands.com-0084-2016Redesign;en-US;20171;20556;1;0
Broadmoor.com-0073-2016Redesign;en-US;16751;16753;1;0
