Lehotels.com-0049-2015Transfer;en-US;12149;12129;1;0
Samosetresort.com-0113-2017Redesign;en-US;0;32541;1;0
Thelodgeatwoodloch.com-0033-2015Redesign;en-US;7771;7783;1;0
Thecrawfordhotel.com-0074-2016Redesign;en-US;17145;17185;1;0
Broadmoor.com-0073-2016Redesign;en-US;16757;16756;1;0
Halcyonhotelcherrycreek.com-0061-2015Redesign;en-US;22121;41138;1;0
Broadmoor.com-0073-2016Redesign;en-US;16721;23743;1;0
Halcyonhotelcherrycreek.com-0061-2015Redesign;en-US;41138;22121;1;0
Springhillsuitesdenver.com-0060-2015Redesign;en-US;12307;12334;1;0
Broadmoor.com-0073-2016Redesign;en-US;16721;16765;1;0
Marriottdelraybeach.com-0009-2014Redesign;en-US;2829;16145;1;0
Springhillsuitesdenver.com-0060-2015Redesign;en-US;12334;12307;1;0
Napavalleymarriott.com-0071-2016Redesign;en-US;32812;16442;1;0
Lakeplacidlodge.com-0105-2017Redesign;en-US;40790;28552;1;0
Marriottdelraybeach.com-0009-2014Redesign;en-US;16145;2829;1;0
Washingtondukeinn.com-0024-2014Redesign;en-US;4738;4997;1;0
Broadmoor.com-0073-2016Redesign;en-US;18485;16742;1;0
Monarchbeachresort.com-0092-2016Redesign;en-US;23683;23676;1;0
Samosetresort.com-0113-2017Redesign;en-US;0;32541;1;0
Washingtondukeinn.com-0024-2014Redesign;en-US;4997;5094;1;0
Broadmoor.com-0073-2016Redesign;en-US;16756;16728;1;0
Washingtoncourthotel.com-0076-2016Redesign;en-US;17858;17938;1;0
Springhillsuitesdenver.com-0060-2015Redesign;en-US;12307;12466;1;0
Lehotels.com-0049-2015Transfer;en-US;12129;12149;1;0
Renaissancepittsburghpa.com-0044-2015Redesign;en-US;0;9637;1;0
Washingtoncourthotel.com-0076-2016Redesign;en-US;17938;17858;1;0
Halcyonhotelcherrycreek.com-0061-2015Redesign;en-US;22121;40516;1;0
Cocokeyorlando.com-0059-2015Redesign;en-US;0;12394;1;0
Thelodgeatwoodloch.com-0033-2015Redesign;en-US;9848;7764;1;0
Broadmoor.com-0073-2016Redesign;en-US;16728;16756;1;0
Marriottdelraybeach.com-0009-2014Redesign;en-US;2829;2831;1;0
Halcyonhotelcherrycreek.com-0061-2015Redesign;en-US;40516;22121;1;0
Marriottdelraybeach.com-0009-2014Redesign;en-US;2831;2829;1;0
Thesagamore.com-0112-2017Redesign;en-US;32339;32351;1;0
Washingtondukeinn.com-0024-2014Redesign;en-US;5094;4997;1;0
Samosetresort.com-0113-2017Redesign;en-US;0;32541;1;0
Springhillsuitesdenver.com-0060-2015Redesign;en-US;0;12307;1;0
Broadmoor.com-0073-2016Redesign;en-US;16751;16753;1;0
