Cphollywoodbeach.com-0032-2015Redesign;en-US;www.sunny.org;7831;1;0
Cphollywoodbeach.com-0032-2015Redesign;en-US;www.google.com.mx;7831;1;0
Residenceinnnyc.com-0034-2015Redesign;en-US;www.google.com;7926;1;0
Broadmoor.com-0073-2016Redesign;en-US;s0.2mdn.net;18014;1;0
Broadmoor.com-0073-2016Redesign;en-US;s0.2mdn.net;18014;1;0
Broadmoor.com-0073-2016Redesign;en-US;s0.2mdn.net;18014;1;0
Cphollywoodbeach.com-0032-2015Redesign;en-US;www.google.com;7831;1;0
Cphollywoodbeach.com-0032-2015Redesign;en-US;www.google.com;7831;1;0
Cphollywoodbeach.com-0032-2015Redesign;en-US;www.google.com.br;7831;1;0
Thecurtis.com-0079-2016Redesign;en-US;www.google.com;17981;1;0
Casaybelresort.com-0002-2014Redesign;en-US;surfinggator.com;1613;1;0
Longboatkeyclub.com-0104-2017Redesign;en-US;worldcam.eu;28317;1;0
Cphollywoodbeach.com-0032-2015Redesign;en-US;www.google.fi;7831;1;0
Cphollywoodbeach.com-0032-2015Redesign;en-US;www.sunny.org;7831;1;0
Thelodgeatwoodloch.com-0033-2015Redesign;en-US;start.att.net;7764;1;0
Casaybelresort.com-0002-2014Redesign;en-US;www.google.com;1613;1;0
Unionstationhotelnashville.com-0047-2015Redesign;en-US;www.google.com;32226;1;0
Cphollywoodbeach.com-0032-2015Redesign;en-US;www.sunny.org;7831;1;0
Casaybelresort.com-0002-2014Redesign;en-US;www.google.com;1613;1;0
Jupiterbeachresort.com-0103-2017Redesign;en-US;m.jupiterbeachresort.com;28158;1;0
Jupiterbeachresort.com-0103-2017Redesign;en-US;m.jupiterbeachresort.com;28158;1;0
Jupiterbeachresort.com-0103-2017Redesign;en-US;m.jupiterbeachresort.com;28158;1;0
Jupiterbeachresort.com-0103-2017Redesign;en-US;m.jupiterbeachresort.com;28158;1;0
Jupiterbeachresort.com-0103-2017Redesign;en-US;m.jupiterbeachresort.com;28158;1;0
Jupiterbeachresort.com-0103-2017Redesign;en-US;m.jupiterbeachresort.com;28158;1;0
Jupiterbeachresort.com-0103-2017Redesign;en-US;m.jupiterbeachresort.com;28158;1;0
Jupiterbeachresort.com-0103-2017Redesign;en-US;m.jupiterbeachresort.com;28158;1;0
Casaybelresort.com-0002-2014Redesign;en-US;www.google.com;1613;1;0
Casaybelresort.com-0002-2014Redesign;en-US;surfinggator.com;1613;1;0
Cphollywoodbeach.com-0032-2015Redesign;en-US;www.google.by;7831;1;0
Edgewaternaples.com-0094-2016Redesign;en-US;s0.2mdn.net;25239;1;0
Cphollywoodbeach.com-0032-2015Redesign;en-US;www.google.com;7831;1;0
Casaybelresort.com-0002-2014Redesign;en-US;www.google.com;1613;1;0
Thesagamore.com-0112-2017Redesign;en-US;www.google.com;32348;1;0
Casaybelresort.com-0002-2014Redesign;en-US;surfinggator.com;1613;1;0
Jupiterbeachresort.com-0103-2017Redesign;en-US;m.jupiterbeachresort.com;28158;1;0
Jupiterbeachresort.com-0103-2017Redesign;en-US;m.jupiterbeachresort.com;28158;1;0
Jupiterbeachresort.com-0103-2017Redesign;en-US;m.jupiterbeachresort.com;28158;1;0
Jupiterbeachresort.com-0103-2017Redesign;en-US;m.jupiterbeachresort.com;28158;1;0
Jupiterbeachresort.com-0103-2017Redesign;en-US;m.jupiterbeachresort.com;28158;1;0
Jupiterbeachresort.com-0103-2017Redesign;en-US;m.jupiterbeachresort.com;28158;1;0
Jupiterbeachresort.com-0103-2017Redesign;en-US;m.jupiterbeachresort.com;28158;1;0
Broadmoor.com-0073-2016Redesign;en-US;www.cmzoo.org;16721;1;0
Cphollywoodbeach.com-0032-2015Redesign;en-US;www.google.com;7831;1;0
Casaybelresort.com-0002-2014Redesign;en-US;www.google.com;1613;1;0
Opalsands.com-0084-2016Redesign;en-US;beachtourism.com;20171;1;0
Jupiterbeachresort.com-0103-2017Redesign;en-US;m.jupiterbeachresort.com;28158;1;0
Casaybelresort.com-0002-2014Redesign;en-US;www.google.com;1613;1;0
Broadmoor.com-0073-2016Redesign;en-US;tpc.googlesyndication.com;16728;1;0
Casaybelresort.com-0002-2014Redesign;en-US;www.google.com;1533;1;0
Casaybelresort.com-0002-2014Redesign;en-US;www.google.com;1613;1;0
Cphollywoodbeach.com-0032-2015Redesign;en-US;www.sunny.org;7831;1;0
Casaybelresort.com-0002-2014Redesign;en-US;www.google.com;1613;1;0
Cphollywoodbeach.com-0032-2015Redesign;en-US;www.google.com;7831;1;0
Monarchbeachresort.com-0092-2016Redesign;en-US;www.google.com;22725;1;0
Thesagamore.com-0112-2017Redesign;en-US;www.google.com;32389;1;0
Casaybelresort.com-0002-2014Redesign;en-US;board.bestofsanibelcaptiva.com;1613;1;0
Broadmoor.com-0073-2016Redesign;en-US;android-app:;16721;1;0
Cphollywoodbeach.com-0032-2015Redesign;en-US;www.google.com;7831;1;0
Broadmoor.com-0073-2016Redesign;en-US;android-app:;16721;1;0
Broadmoor.com-0073-2016Redesign;en-US;m.facebook.com;18013;1;0
Abbingtonbanquets.com-0070-2016Redesign;en-US;android-app:;15789;1;0
Longboatkeyclub.com-0104-2017Redesign;en-US;worldcam.eu;28317;1;0
Halcyonhotelcherrycreek.com-0061-2015Redesign;en-US;www.google.com;23196;1;0
Thesagamore.com-0112-2017Redesign;en-US;www.google.com;32339;1;0
Thesagamore.com-0112-2017Redesign;en-US;www.google.com;32339;1;0
Cphollywoodbeach.com-0032-2015Redesign;en-US;www.google.com;7831;1;0
Casaybelresort.com-0002-2014Redesign;en-US;www.google.com;1613;1;0
Cphollywoodbeach.com-0032-2015Redesign;en-US;www.google.com;7831;1;0
Lakeplacidlodge.com-0105-2017Redesign;en-US;android-app:;32788;1;0
Cphollywoodbeach.com-0032-2015Redesign;en-US;www.google.com;7831;1;0
Casaybelresort.com-0002-2014Redesign;en-US;surfinggator.com;1613;1;0
Longboatkeyclub.com-0104-2017Redesign;en-US;www.bing.com;28316;1;0
Cphollywoodbeach.com-0032-2015Redesign;en-US;www.sunny.org;7831;1;0
saddlebrook.com-0011-2014Redesign;en-US;www.google.com;3469;1;0
Casaybelresort.com-0002-2014Redesign;en-US;www.google.com;1613;1;0
Cphollywoodbeach.com-0032-2015Redesign;en-US;www.google.com;7831;1;0
Galthouse.com-0042-2015Redesign;en-US;www.google.com;10573;1;0
Cphollywoodbeach.com-0032-2015Redesign;en-US;www.google.com;7831;1;0
Longboatkeyclub.com-0104-2017Redesign;en-US;www.google.com;28317;1;0
Luxehotels.com-0078-2016Redesign;en-US;www.google.com;18830;1;0
Lidobeachresort.com-0106-2017Redesign;en-US;www.baidu.com;28666;1;0
Lidobeachresort.com-0106-2017Redesign;en-US;www.baidu.com;28666;1;0
Cphollywoodbeach.com-0032-2015Redesign;en-US;www.sunny.org;7831;1;0
Longboatkeyclub.com-0104-2017Redesign;en-US;www.google.co.uk;28317;1;0
Cphollywoodbeach.com-0032-2015Redesign;en-US;www.google.ca;7831;1;0
Cphollywoodbeach.com-0032-2015Redesign;en-US;www.google.com;7831;1;0
Courtyardportlandcitycenter.com-0063-2015Redesign;en-US;www.google.com;14545;1;0
Broadmoor.com-0073-2016Redesign;en-US;login.nomadix.com:1111;16724;1;0
Longboatkeyclub.com-0104-2017Redesign;en-US;www.google.co.uk;28317;1;0
Broadmoor.com-0073-2016Redesign;en-US;login.nomadix.com:1111;16724;1;0
Casaybelresort.com-0002-2014Redesign;en-US;www.google.ca;1613;1;0
Broadmoor.com-0073-2016Redesign;en-US;www.google.com;16763;1;0
Casaybelresort.com-0002-2014Redesign;en-US;surfinggator.com;1613;1;0
Broadmoor.com-0073-2016Redesign;en-US;www.google.com;16721;1;0
Broadmoor.com-0073-2016Redesign;en-US;www.google.com;16763;1;0
Cphollywoodbeach.com-0032-2015Redesign;en-US;www.google.com;7831;1;0
Cphollywoodbeach.com-0032-2015Redesign;en-US;www.google.com;7831;1;0
Broadmoor.com-0073-2016Redesign;en-US;www.google.com;18259;1;0
Casaybelresort.com-0002-2014Redesign;en-US;www.google.de;1613;1;0
