Cphollywoodbeach.com-0032-2015Redesign;en-US;7812;7829;1;0
Sandpearl.com-0091-2016Redesign;en-US;22548;22552;1;0
Thecurtis.com-0079-2016Redesign;en-US;25504;41637;1;0
Sandpearl.com-0091-2016Redesign;en-US;22499;22544;1;0
Thesagamore.com-0112-2017Redesign;en-US;32339;33535;1;0
Thesagamore.com-0112-2017Redesign;en-US;33477;33451;1;0
wentworthcom00212014redesign;en-US;40772;4322;1;0
Thelodgeatwoodloch.com-0033-2015Redesign;en-US;7764;7781;1;0
Thesagamore.com-0112-2017Redesign;en-US;33466;32391;1;0
Broadmoor.com-0073-2016Redesign;en-US;23743;16721;1;0
Broadmoor.com-0073-2016Redesign;en-US;21866;21867;1;0
Thesagamore.com-0112-2017Redesign;en-US;33539;33449;1;0
Lidobeachresort.com-0106-2017Redesign;en-US;0;29818;1;0
Glencovemansion.com-0058-2015Redesign;en-US;32725;13342;1;0
Thelodgeatwoodloch.com-0033-2015Redesign;en-US;8346;8253;1;0
Casaybelresort.com-0002-2014Redesign;en-US;1533;1613;1;0
Cocokeyorlando.com-0059-2015Redesign;en-US;0;12394;1;0
Thecurtis.com-0079-2016Redesign;en-US;41637;18015;1;0
Thesagamore.com-0112-2017Redesign;en-US;32339;33452;1;0
Sandylane.com-0075-2016Redesign;en-US;17745;17919;1;0
Galthouse.com-0042-2015Redesign;en-US;10570;10558;1;0
Thecrawfordhotel.com-0074-2016Redesign;en-US;17164;17190;1;0
Thelodgeatwoodloch.com-0033-2015Redesign;en-US;7764;7781;1;0
Jupiterbeachresort.com-0103-2017Redesign;en-US;28215;29456;1;0
Broadmoor.com-0073-2016Redesign;en-US;21867;16756;1;0
Broadmoor.com-0073-2016Redesign;en-US;21231;16761;1;0
Thecurtis.com-0079-2016Redesign;en-US;18015;19185;1;0
Napavalleymarriott.com-0071-2016Redesign;en-US;16432;16440;1;0
Broadmoor.com-0073-2016Redesign;en-US;21233;18782;1;0
Broadmoor.com-0073-2016Redesign;en-US;16721;16722;1;0
Thesagamore.com-0112-2017Redesign;en-US;33535;33479;1;0
Thesagamore.com-0112-2017Redesign;en-US;32391;33572;1;0
Thelodgeatwoodloch.com-0033-2015Redesign;en-US;7781;8268;1;0
Thecrawfordhotel.com-0074-2016Redesign;en-US;17145;17667;1;0
Thesagamore.com-0112-2017Redesign;en-US;32339;32346;1;0
Broadmoor.com-0073-2016Redesign;en-US;16761;16764;1;0
Glencovemansion.com-0058-2015Redesign;en-US;13342;13343;1;0
Broadmoor.com-0073-2016Redesign;en-US;16721;16728;1;0
Broadmoor.com-0073-2016Redesign;en-US;16761;21231;1;0
Broadmoor.com-0073-2016Redesign;en-US;16722;17446;1;0
Cphollywoodbeach.com-0032-2015Redesign;en-US;7831;7861;1;0
Thesagamore.com-0112-2017Redesign;en-US;33449;33357;1;0
Galthouse.com-0042-2015Redesign;en-US;31905;10055;1;0
Bluebirch.com-0072-2016Redesign;en-US;16693;16698;1;0
Thesagamore.com-0112-2017Redesign;en-US;33357;33449;1;0
Napavalleymarriott.com-0071-2016Redesign;en-US;16440;16459;1;0
Thesagamore.com-0112-2017Redesign;en-US;33449;33539;1;0
Thesagamore.com-0112-2017Redesign;en-US;32346;32387;1;0
Secretharbourvi.com-0040-2015Redesign;en-US;9231;20178;1;0
Samosetresort.com-0113-2017Redesign;en-US;0;32541;1;0
Broadmoor.com-0073-2016Redesign;en-US;17446;18186;1;0
Theloganhotel.com-0043-2015Redesign;en-US;9121;9327;1;0
Broadmoor.com-0073-2016Redesign;en-US;16757;16756;1;0
Thelodgeatwoodloch.com-0033-2015Redesign;en-US;8268;8278;1;0
Thesagamore.com-0112-2017Redesign;en-US;33572;32346;1;0
Thecurtis.com-0079-2016Redesign;en-US;17981;25504;1;0
