Montaukyachtclub.com-0010-2014Redesign;en-US;www.bing.com;2240;1;0
Sandpearl.com-0091-2016Redesign;en-US;www.google.com;22481;1;0
Luxehotels.com-0078-2016Redesign;en-US;www.google.fr;18833;1;0
Sandpearl.com-0091-2016Redesign;en-US;www.google.com;22481;1;0
Broadmoor.com-0073-2016Redesign;en-US;www.google.com;16721;1;0
Samosetresort.com-0113-2017Redesign;en-US;www.google.com;32541;1;0
Sandpearl.com-0091-2016Redesign;en-US;www.google.com;22481;1;0
Broadmoor.com-0073-2016Redesign;en-US;www.google.com;16721;1;0
Broadmoor.com-0073-2016Redesign;en-US;www.google.com;16721;1;0
Broadmoor.com-0073-2016Redesign;en-US;www.google.com;16721;1;0
Theharborsidehotel.com-0114-2017Redesign;en-US;www.google.com;37571;1;0
Theharborsidehotel.com-0114-2017Redesign;en-US;www.google.com;37571;1;0
Broadmoor.com-0073-2016Redesign;en-US;www.google.com.ph;16721;1;0
Sandpearl.com-0091-2016Redesign;en-US;lesconcierges.my.salesforce.com;23090;1;0
Luxehotels.com-0078-2016Redesign;en-US;www.google.com;18833;1;0
Monarchbeachresort.com-0092-2016Redesign;en-US;l.facebook.com;36747;1;0
Montaukyachtclub.com-0010-2014Redesign;en-US;www.google.com;2381;1;0
Broadmoor.com-0073-2016Redesign;en-US;login.nomadix.com:1111;16724;1;0
Broadmoor.com-0073-2016Redesign;en-US;login.nomadix.com:1111;16724;1;0
Thesagamore.com-0112-2017Redesign;en-US;www.google.com;32339;1;0
Thesagamore.com-0112-2017Redesign;en-US;www.google.com;32339;1;0
Saddlebrookprep.com-0022-2014Transfer;en-US;www.saddlebrook.com;3914;1;0
Montaukyachtclub.com-0010-2014Redesign;en-US;www.google.com;2240;1;0
wentworthcom00212014redesign;en-US;nhvacationpackages.com;26679;1;0
Marriottkeylargo.com-0015-2014Redesign;en-US;www.lookr.com;3948;1;0
Secretharbourvi.com-0040-2015Redesign;en-US;www.hotelrooms.com;9231;1;0
Broadmoor.com-0073-2016Redesign;en-US;www.google.com;16798;1;0
Denvercy.com-0036-2015Redesign;en-US;www.google.com;8150;1;0
Cphollywoodbeach.com-0032-2015Redesign;en-US;www.sunny.org;7831;1;0
Kittitianhill.com-0012-2014Redesign;en-US;www.google.co.uk;2236;1;0
wentworthcom00212014redesign;en-US;www.ophotels.com;26679;1;0
Marriottdelraybeach.com-0009-2014Redesign;en-US;www.ophotels.com;2829;1;0
Jbdukehotel.com-0086-2016Redesign;en-US;www.google.com;21921;1;0
Jbdukehotel.com-0086-2016Redesign;en-US;www.google.com;21921;1;0
Broadmoor.com-0073-2016Redesign;en-US;www.google.com;18013;1;0
Marriottkeylargo.com-0015-2014Redesign;en-US;www.ophotels.com;3948;1;0
Longboatkeyclub.com-0104-2017Redesign;en-US;www.ophotels.com;35641;1;0
Springhillsuitesdenver.com-0060-2015Redesign;en-US;www.google.com;12307;1;0
Lakeplacidlodge.com-0105-2017Redesign;en-US;www.ophotels.com;28545;1;0
Jupiterbeachresort.com-0103-2017Redesign;en-US;www.ophotels.com;28158;1;0
Delraysandsresort.com-0097-2016Redesign;en-US;www.ophotels.com;27232;1;0
Theharborsidehotel.com-0114-2017Redesign;en-US;www.ophotels.com;37571;1;0
Lidobeachresort.com-0106-2017Redesign;en-US;www.ophotels.com;28666;1;0
Thesagamore.com-0112-2017Redesign;en-US;www.ophotels.com;32339;1;0
Samosetresort.com-0113-2017Redesign;en-US;www.ophotels.com;32541;1;0
theweststreethotel.com-0115-2017Redesign;en-US;www.ophotels.com;36683;1;0
Samosetresort.com-0113-2017Redesign;en-US;www.ophotels.com;32541;1;0
theweststreethotel.com-0115-2017Redesign;en-US;www.google.com;37486;1;0
Casaybelresort.com-0002-2014Redesign;en-US;www.google.com;1613;1;0
Thelodgeatwoodloch.com-0033-2015Redesign;en-US;www.google.com;7764;1;0
Washingtoncourthotel.com-0076-2016Redesign;en-US;www.google.com;17858;1;0
Theloganhotel.com-0043-2015Redesign;en-US;www.google.com;20218;1;0
Jupiterbeachresort.com-0103-2017Redesign;en-US;www.google.com;28158;1;0
Jupiterbeachresort.com-0103-2017Redesign;en-US;www.google.com;28158;1;0
Cendyn.com-0095-2016Redesign;en-US;teman.com.ua;26640;1;0
Unionstationhotelnashville.com-0047-2015Redesign;en-US;www.google.com;32226;1;0
saddlebrook.com-0011-2014Redesign;en-US;www.google.com;3385;1;0
Marriottkeylargo.com-0015-2014Redesign;en-US;www.fla-keys.com;3948;1;0
Marriottkeylargo.com-0015-2014Redesign;en-US;www.fla-keys.com;3964;1;0
Casaybelresort.com-0002-2014Redesign;en-US;cleaningservices.kiev.ua;1533;1;0
