Galthouse.com-0042-2015Redesign;en-US;10055;31905;1;0
Thelodgeatwoodloch.com-0033-2015Redesign;en-US;8254;7783;1;0
saddlebrook.com-0011-2014Redesign;en-US;3463;3497;1;0
Treasureislandbeachresort.com-0089-2016Redesign;en-US;22873;22169;1;0
Lidobeachresort.com-0106-2017Redesign;en-US;28666;28673;1;0
Broadmoor.com-0073-2016Redesign;en-US;16724;16756;1;0
Broadmoor.com-0073-2016Redesign;en-US;16756;16761;1;0
Theloganhotel.com-0043-2015Redesign;en-US;20218;25355;1;0
Chrco.com-0107-2017Redesign;en-US;29680;29434;1;0
Samosetresort.com-0113-2017Redesign;en-US;35129;32541;1;0
Thesagamore.com-0112-2017Redesign;en-US;33543;33541;1;0
Treasureislandbeachresort.com-0089-2016Redesign;en-US;22169;22230;1;0
wentworthcom00212014redesign;en-US;4307;4247;1;0
Sandpearl.com-0091-2016Redesign;en-US;22481;22482;1;0
Galthouse.com-0042-2015Redesign;en-US;25695;13200;1;0
Monarchbeachresort.com-0092-2016Redesign;en-US;23472;23670;1;0
Samosetresort.com-0113-2017Redesign;en-US;32541;32576;1;0
Lidobeachresort.com-0106-2017Redesign;en-US;28673;28714;1;0
Thelodgeatwoodloch.com-0033-2015Redesign;en-US;7783;17082;1;0
Broadmoor.com-0073-2016Redesign;en-US;16751;16797;1;0
Thelodgeatwoodloch.com-0033-2015Redesign;en-US;7781;7782;1;0
Thecurtis.com-0079-2016Redesign;en-US;18015;19185;1;0
Montaukyachtclub.com-0010-2014Redesign;en-US;2464;2384;1;0
Thelodgeatwoodloch.com-0033-2015Redesign;en-US;17082;17083;1;0
Broadmoor.com-0073-2016Redesign;en-US;21236;18259;1;0
Monarchbeachresort.com-0092-2016Redesign;en-US;23670;26800;1;0
Longboatkeyclub.com-0104-2017Redesign;en-US;28364;28317;1;0
Cocokeyorlando.com-0059-2015Redesign;en-US;0;12394;1;0
Montaukyachtclub.com-0010-2014Redesign;en-US;2384;2254;1;0
Broadmoor.com-0073-2016Redesign;en-US;16763;16761;1;0
Thecurtis.com-0079-2016Redesign;en-US;19185;18015;1;0
Broadmoor.com-0073-2016Redesign;en-US;16721;18293;1;0
Broadmoor.com-0073-2016Redesign;en-US;16721;16761;1;0
Theloganhotel.com-0043-2015Redesign;en-US;25355;9124;1;0
Montaukyachtclub.com-0010-2014Redesign;en-US;2280;2392;1;0
Galthouse.com-0042-2015Redesign;en-US;13200;25695;1;0
Thecurtis.com-0079-2016Redesign;en-US;18015;19391;1;0
wentworthcom00212014redesign;en-US;4247;4312;1;0
saddlebrook.com-0011-2014Redesign;en-US;3497;3451;1;0
Halcyonhotelcherrycreek.com-0061-2015Redesign;en-US;22121;23320;1;0
Sandpearl.com-0091-2016Redesign;en-US;22481;23074;1;0
Renaissancepittsburghpa.com-0044-2015Redesign;en-US;0;9637;1;0
saddlebrook.com-0011-2014Redesign;en-US;3451;3454;1;0
Washingtoncourthotel.com-0076-2016Redesign;en-US;17858;17935;1;0
Thesagamore.com-0112-2017Redesign;en-US;33921;32351;1;0
Thelodgeatwoodloch.com-0033-2015Redesign;en-US;17083;20212;1;0
Thesagamore.com-0112-2017Redesign;en-US;32347;33922;1;0
Thelodgeatwoodloch.com-0033-2015Redesign;en-US;7764;9932;1;0
Napavalleymarriott.com-0071-2016Redesign;en-US;16432;16454;1;0
saddlebrook.com-0011-2014Redesign;en-US;3385;3463;1;0
Renaissancepittsburghpa.com-0044-2015Redesign;en-US;0;9637;1;0
Theharborsidehotel.com-0114-2017Redesign;en-US;37571;37584;1;0
Washingtondukeinn.com-0024-2014Redesign;en-US;4524;4733;1;0
Monarchbeachresort.com-0092-2016Redesign;en-US;22725;26800;1;0
Broadmoor.com-0073-2016Redesign;en-US;16755;21231;1;0
Lidobeachresort.com-0106-2017Redesign;en-US;29898;29833;1;0
saddlebrook.com-0011-2014Redesign;en-US;3454;3479;1;0
Broadmoor.com-0073-2016Redesign;en-US;16761;16763;1;0
Samosetresort.com-0113-2017Redesign;en-US;0;32541;1;0
Broadmoor.com-0073-2016Redesign;en-US;16761;16724;1;0
Broadmoor.com-0073-2016Redesign;en-US;0;20215;1;0
Broadmoor.com-0073-2016Redesign;en-US;16761;17269;1;0
Opalsands.com-0084-2016Redesign;en-US;20171;20561;1;0
Opalsands.com-0084-2016Redesign;en-US;20792;21644;1;0
Thecurtis.com-0079-2016Redesign;en-US;0;17981;1;0
Thelodgeatwoodloch.com-0033-2015Redesign;en-US;20212;24800;1;0
