Sandylane.com-0075-2016Redesign;en-US;17611;17745;1;0
Broadmoor.com-0073-2016Redesign;en-US;16724;16762;1;0
Theoxfordhotel.com-0062-2015Redesign;en-US;0;14325;1;0
Thesagamore.com-0112-2017Redesign;en-US;0;32339;1;0
Renaissancepittsburghpa.com-0044-2015Redesign;en-US;0;9637;1;0
Thecurtis.com-0079-2016Redesign;en-US;19185;18000;1;0
Delraysandsresort.com-0097-2016Redesign;en-US;27232;36464;1;0
Sandpearl.com-0091-2016Redesign;en-US;22497;23074;1;0
Samosetresort.com-0113-2017Redesign;en-US;0;32541;1;0
Cphollywoodbeach.com-0032-2015Redesign;en-US;7805;7831;1;0
Sandpearl.com-0091-2016Redesign;en-US;23074;23075;1;0
Glencovemansion.com-0058-2015Redesign;en-US;0;13328;1;0
Bellemontfarm.com-0007-2013Redesign;en-US;11497;1991;1;0
Sandpearl.com-0091-2016Redesign;en-US;22481;22482;1;0
Thesagamore.com-0112-2017Redesign;en-US;32388;32344;1;0
Broadmoor.com-0073-2016Redesign;en-US;16721;16724;1;0
Broadmoor.com-0073-2016Redesign;en-US;16721;16755;1;0
Casaybelresort.com-0002-2014Redesign;en-US;1533;1627;1;0
Thecurtis.com-0079-2016Redesign;en-US;0;18015;1;0
Casaybelresort.com-0002-2014Redesign;en-US;1533;1627;1;0
Casaybelresort.com-0002-2014Redesign;en-US;1627;1613;1;0
Sandylane.com-0075-2016Redesign;en-US;17745;17919;1;0
Casaybelresort.com-0002-2014Redesign;en-US;1533;1613;1;0
Casaybelresort.com-0002-2014Redesign;en-US;1627;1613;1;0
Broadmoor.com-0073-2016Redesign;en-US;16755;16728;1;0
Cocokeyorlando.com-0059-2015Redesign;en-US;0;12394;1;0
saddlebrook.com-0011-2014Redesign;en-US;3385;3453;1;0
Opalsands.com-0084-2016Redesign;en-US;0;21542;1;0
Opalsands.com-0084-2016Redesign;en-US;0;20925;1;0
Broadmoor.com-0073-2016Redesign;en-US;16724;16722;1;0
Edgewaternaples.com-0094-2016Redesign;en-US;25239;25255;1;0
Lidobeachresort.com-0106-2017Redesign;en-US;28666;28667;1;0
Thelodgeatwoodloch.com-0033-2015Redesign;en-US;7782;7771;1;0
Longboatkeyclub.com-0104-2017Redesign;en-US;28316;35641;1;0
Sandylane.com-0075-2016Redesign;en-US;17684;17611;1;0
Broadmoor.com-0073-2016Redesign;en-US;16728;18010;1;0
Zotabeachresort.com-0090-2016Redesign;en-US;23078;22365;1;0
Casaybelresort.com-0002-2014Redesign;en-US;1533;1613;1;0
Casaybelresort.com-0002-2014Redesign;en-US;0;1613;1;0
