Marriottkeylargo.com-0015-2014Redesign;en-US;www.fla-keys.com;3948;1;0
Edgewaternaples.com-0094-2016Redesign;en-US;www.google.com;25239;1;0
Edgewaternaples.com-0094-2016Redesign;en-US;www.google.com;25239;1;0
Delraysandsresort.com-0097-2016Redesign;en-US;s0.2mdn.net;36464;1;0
Samosetresort.com-0113-2017Redesign;en-US;www.poiskportal.ru;32541;1;0
Montaukyachtclub.com-0010-2014Redesign;en-US;dvervmoskvu.ru;2240;1;0
Samosetresort.com-0113-2017Redesign;en-US;grostm.ru;32541;1;0
Samosetresort.com-0113-2017Redesign;en-US;teman.com.ua;32541;1;0
Samosetresort.com-0113-2017Redesign;en-US;parklift.ru;32541;1;0
Montaukyachtclub.com-0010-2014Redesign;en-US;dvervmoskvu.ru;2240;1;0
Samosetresort.com-0113-2017Redesign;en-US;dengi-v-kredit.in.ua;32541;1;0
Delraysandsresort.com-0097-2016Redesign;en-US;s0.2mdn.net;36464;1;0
Montaukyachtclub.com-0010-2014Redesign;en-US;dvervmoskvu.ru;2240;1;0
Thecrawfordhotel.com-0074-2016Redesign;en-US;fa-news.azurewebsites.net;17145;1;0
Glencovemansion.com-0058-2015Redesign;en-US;copro.pw;13328;1;0
Glencovemansion.com-0058-2015Redesign;en-US;copro.pw;13328;1;0
Delraysandsresort.com-0097-2016Redesign;en-US;s0.2mdn.net;36464;1;0
Sandpearl.com-0091-2016Redesign;en-US;www.poiskportal.ru;22481;1;0
Sandpearl.com-0091-2016Redesign;en-US;teman.com.ua;22481;1;0
Sandpearl.com-0091-2016Redesign;en-US;grostm.ru;22481;1;0
Sandpearl.com-0091-2016Redesign;en-US;parklift.ru;22481;1;0
Cphollywoodbeach.com-0032-2015Redesign;en-US;www.sunny.org;7831;1;0
Cphollywoodbeach.com-0032-2015Redesign;en-US;www.sunny.org;7831;1;0
Sandpearl.com-0091-2016Redesign;en-US;dengi-v-kredit.in.ua;22481;1;0
Hospitalityupgrade.com-0093-2016Redesign;en-US;t.co;41608;1;0
Sandylane.com-0075-2016Redesign;en-US;www.poiskportal.ru;17611;1;0
Sandylane.com-0075-2016Redesign;en-US;teman.com.ua;17611;1;0
Sandylane.com-0075-2016Redesign;en-US;grostm.ru;17611;1;0
Sandylane.com-0075-2016Redesign;en-US;parklift.ru;17611;1;0
Cendyn.com-0095-2016Redesign;en-US;www.google.fr;26640;1;0
Sandylane.com-0075-2016Redesign;en-US;dengi-v-kredit.in.ua;17611;1;0
Edgewaternaples.com-0094-2016Redesign;en-US;s0.2mdn.net;25239;1;0
