Longboatkeyclub.com-0104-2017Redesign;en-US;28316;28317;1;0
Broadmoor.com-0073-2016Redesign;en-US;16761;16765;1;0
Broadmoor.com-0073-2016Redesign;en-US;16721;22792;1;0
saddlebrook.com-0011-2014Redesign;en-US;3482;4538;1;0
Broadmoor.com-0073-2016Redesign;en-US;16728;18010;1;0
Broadmoor.com-0073-2016Redesign;en-US;0;16721;1;0
Thesagamore.com-0112-2017Redesign;en-US;32339;32351;1;0
Broadmoor.com-0073-2016Redesign;en-US;16790;16793;1;0
Thelodgeatwoodloch.com-0033-2015Redesign;en-US;8324;8317;1;0
Thesagamore.com-0112-2017Redesign;en-US;32339;32358;1;0
Broadmoor.com-0073-2016Redesign;en-US;23734;17450;1;0
Montaukyachtclub.com-0120-2017Redesign;en-US;38914;38924;1;0
Thelodgeatwoodloch.com-0033-2015Redesign;en-US;8261;8266;1;0
Washingtoncourthotel.com-0076-2016Redesign;en-US;17934;17955;1;0
Montaukyachtclub.com-0120-2017Redesign;en-US;38914;38916;1;0
Samosetresort.com-0113-2017Redesign;en-US;0;35127;1;0
Montaukyachtclub.com-0120-2017Redesign;en-US;38914;38916;1;0
Samosetresort.com-0113-2017Redesign;en-US;35352;32549;1;0
Broadmoor.com-0073-2016Redesign;en-US;18259;21233;1;0
Broadmoor.com-0073-2016Redesign;en-US;17450;16722;1;0
Jbdukehotel.com-0086-2016Redesign;en-US;21918;21943;1;0
Thesagamore.com-0112-2017Redesign;en-US;32355;32358;1;0
Broadmoor.com-0073-2016Redesign;en-US;16799;16761;1;0
Thecurtis.com-0079-2016Redesign;en-US;0;17981;1;0
Courtyardportlandcitycenter.com-0063-2015Redesign;en-US;14557;14560;1;0
Longboatkeyclub.com-0104-2017Redesign;en-US;28364;41591;1;0
Galthouse.com-0042-2015Redesign;en-US;10923;13200;1;0
Washingtoncourthotel.com-0076-2016Redesign;en-US;17858;19904;1;0
Zotabeachresort.com-0090-2016Redesign;en-US;22357;23100;1;0
saddlebrook.com-0011-2014Redesign;en-US;4538;4871;1;0
Broadmoor.com-0073-2016Redesign;en-US;16722;17449;1;0
Montaukyachtclub.com-0120-2017Redesign;en-US;38924;38916;1;0
Thelodgeatwoodloch.com-0033-2015Redesign;en-US;7764;7781;1;0
Broadmoor.com-0073-2016Redesign;en-US;16765;23743;1;0
Broadmoor.com-0073-2016Redesign;en-US;22792;16761;1;0
Broadmoor.com-0073-2016Redesign;en-US;17447;16722;1;0
Samosetresort.com-0113-2017Redesign;en-US;32549;35352;1;0
Broadmoor.com-0073-2016Redesign;en-US;16761;16764;1;0
Galthouse.com-0042-2015Redesign;en-US;31905;10562;1;0
Washingtoncourthotel.com-0076-2016Redesign;en-US;17955;17956;1;0
Longboatkeyclub.com-0104-2017Redesign;en-US;29844;28335;1;0
Broadmoor.com-0073-2016Redesign;en-US;17449;18199;1;0
Broadmoor.com-0073-2016Redesign;en-US;16761;16776;1;0
Broadmoor.com-0073-2016Redesign;en-US;16721;16724;1;0
Sandpearl.com-0091-2016Redesign;en-US;23074;23075;1;0
Washingtoncourthotel.com-0076-2016Redesign;en-US;19904;17941;1;0
Samosetresort.com-0113-2017Redesign;en-US;32541;32558;1;0
Sandylane.com-0075-2016Redesign;en-US;17744;17982;1;0
Thelodgeatwoodloch.com-0033-2015Redesign;en-US;7764;7771;1;0
Montaukyachtclub.com-0010-2014Redesign;en-US;2240;2436;1;0
Thelodgeatwoodloch.com-0033-2015Redesign;en-US;8317;8316;1;0
Theloganhotel.com-0043-2015Redesign;en-US;20218;9116;1;0
Lidobeachresort.com-0106-2017Redesign;en-US;29818;29825;1;0
Thelodgeatwoodloch.com-0033-2015Redesign;en-US;7764;8269;1;0
Galthouse.com-0042-2015Redesign;en-US;10562;10561;1;0
Monarchbeachresort.com-0092-2016Redesign;en-US;22725;22877;1;0
Broadmoor.com-0073-2016Redesign;en-US;16721;16724;1;0
Casaybelresort.com-0002-2014Redesign;en-US;0;1533;1;0
Casaybelresort.com-0002-2014Redesign;en-US;1533;1604;1;0
Jupiterbeachresort.com-0103-2017Redesign;en-US;28158;29245;1;0
Cocokeyorlando.com-0059-2015Redesign;en-US;0;12394;1;0
Broadmoor.com-0073-2016Redesign;en-US;16721;16728;1;0
Thelodgeatwoodloch.com-0033-2015Redesign;en-US;8316;8390;1;0
Hospitalityupgrade.com-0093-2016Redesign;en-US;0;25405;1;0
Halcyonhotelcherrycreek.com-0061-2015Redesign;en-US;22121;23318;1;0
Halcyonhotelcherrycreek.com-0061-2015Redesign;en-US;23318;22121;1;0
Galthouse.com-0042-2015Redesign;en-US;10561;31905;1;0
Thelodgeatwoodloch.com-0033-2015Redesign;en-US;8266;9921;1;0
Lakeplacidlodge.com-0105-2017Redesign;en-US;28597;32930;1;0
Montaukyachtclub.com-0010-2014Redesign;en-US;2436;2501;1;0
Sandylane.com-0075-2016Redesign;en-US;0;17739;1;0
Broadmoor.com-0073-2016Redesign;en-US;16764;16761;1;0
Broadmoor.com-0073-2016Redesign;en-US;16728;18010;1;0
wentworthcom00212014redesign;en-US;26679;4293;1;0
Broadmoor.com-0073-2016Redesign;en-US;23743;16769;1;0
Sandylane.com-0075-2016Redesign;en-US;17982;17745;1;0
Thelodgeatwoodloch.com-0033-2015Redesign;en-US;8390;7764;1;0
Edgewaternaples.com-0094-2016Redesign;en-US;25246;25567;1;0
Broadmoor.com-0073-2016Redesign;en-US;0;16751;1;0
Halcyonhotelcherrycreek.com-0061-2015Redesign;en-US;22121;41138;1;0
Renaissancepittsburghpa.com-0044-2015Redesign;en-US;0;9637;1;0
Samosetresort.com-0113-2017Redesign;en-US;0;32541;1;0
Broadmoor.com-0073-2016Redesign;en-US;16761;16763;1;0
Halcyonhotelcherrycreek.com-0061-2015Redesign;en-US;41138;22121;1;0
Broadmoor.com-0073-2016Redesign;en-US;18199;17449;1;0
Opalsands.com-0084-2016Redesign;en-US;0;20171;1;0
Thecurtis.com-0079-2016Redesign;en-US;0;17981;1;0
Jupiterbeachresort.com-0103-2017Redesign;en-US;29245;28158;1;0
Broadmoor.com-0073-2016Redesign;en-US;16724;18293;1;0
Broadmoor.com-0073-2016Redesign;en-US;16728;16751;1;0
Longboatkeyclub.com-0104-2017Redesign;en-US;41591;28364;1;0
Broadmoor.com-0073-2016Redesign;en-US;16724;16799;1;0
