Hospitalityupgrade.com-0093-2016Redesign;en-US;0;22790;1;0
Hospitalityupgrade.com-0093-2016Redesign;en-US;0;22790;1;0
Broadmoor.com-0073-2016Redesign;en-US;0;16721;1;0
Broadmoor.com-0073-2016Redesign;en-US;16721;21547;1;0
Broadmoor.com-0073-2016Redesign;en-US;21547;41636;1;0
Delraysandsresort.com-0097-2016Redesign;en-US;0;28437;1;0
Broadmoor.com-0073-2016Redesign;en-US;41636;41314;1;0
Broadmoor.com-0073-2016Redesign;en-US;41314;41636;1;0
Broadmoor.com-0073-2016Redesign;en-US;41636;41314;1;0
Samosetresort.com-0113-2017Redesign;en-US;0;32541;1;0
Hospitalityupgrade.com-0093-2016Redesign;en-US;0;22790;1;0
Broadmoor.com-0073-2016Redesign;en-US;41314;41636;1;0
Broadmoor.com-0073-2016Redesign;en-US;41636;41314;1;0
Washingtoncourthotel.com-0076-2016Redesign;en-US;0;17858;1;0
Monarchbeachresort.com-0092-2016Redesign;en-US;41732;26788;1;0
Oxfordclubspa.com-0068-2016Redesign;en-US;0;15568;1;0
Cocokeyorlando.com-0059-2015Redesign;en-US;0;12394;1;0
Hospitalityupgrade.com-0093-2016Redesign;en-US;0;22790;1;0
Samosetresort.com-0113-2017Redesign;en-US;0;32541;1;0
Edgewaternaples.com-0094-2016Redesign;en-US;25271;25270;1;0
Hospitalityupgrade.com-0093-2016Redesign;en-US;0;22790;1;0
Monarchbeachresort.com-0092-2016Redesign;en-US;26788;26800;1;0
Cocokeyorlando.com-0059-2015Redesign;en-US;0;12394;1;0
Theoxfordhotel.com-0062-2015Redesign;en-US;0;14325;1;0
