Longboatkeyclub.com-0104-2017Redesign;en-US;www.google.com;28317;1;0
Casaybelresort.com-0002-2014Redesign;en-US;www.google.co.uk;1613;1;0
Marriottkeylargo.com-0015-2014Redesign;en-US;www.beachcamsusa.com;3948;1;0
Marriottkeylargo.com-0015-2014Redesign;en-US;www.beachcamsusa.com;3964;1;0
Marriottkeylargo.com-0015-2014Redesign;en-US;twooceansdigital.com;3948;1;0
Marriottkeylargo.com-0015-2014Redesign;en-US;twooceansdigital.com;3964;1;0
Casaybelresort.com-0002-2014Redesign;en-US;board.bestofsanibelcaptiva.com;1613;1;0
Marriottkeylargo.com-0015-2014Redesign;en-US;www.beachcamsusa.com;3948;1;0
Marriottkeylargo.com-0015-2014Redesign;en-US;www.beachcamsusa.com;3964;1;0
Cphollywoodbeach.com-0032-2015Redesign;en-US;www.sunny.org;7831;1;0
Cocokeyorlando.com-0059-2015Redesign;en-US;www.google.co.uk;12404;1;0
Residenceinnnyc.com-0034-2015Redesign;en-US;spb-plitka.ru;7926;1;0
Denvercy.com-0036-2015Redesign;en-US;www.zahvat.ru;8150;1;0
Residenceinnnyc.com-0034-2015Redesign;en-US;spb-plitka.ru;7926;1;0
Monarchbeachresort.com-0092-2016Redesign;en-US;www.google.com;22725;1;0
Denvercy.com-0036-2015Redesign;en-US;komp-pomosch.ru;8150;1;0
Residenceinnnyc.com-0034-2015Redesign;en-US;pk-services.ru;7926;1;0
Residenceinnnyc.com-0034-2015Redesign;en-US;pk-services.ru;7926;1;0
Denvercy.com-0036-2015Redesign;en-US;komp-pomosch.ru;8150;1;0
Cphollywoodbeach.com-0032-2015Redesign;en-US;www.sunny.org;7831;1;0
Cphollywoodbeach.com-0032-2015Redesign;en-US;www.sunny.org;7831;1;0
Opalsands.com-0084-2016Redesign;en-US;pl-top.pl;20796;1;0
Opalsands.com-0084-2016Redesign;en-US;pl-top.pl;20796;1;0
Cphollywoodbeach.com-0032-2015Redesign;en-US;search.myway.com;7831;1;0
