Sandpearl.com-0091-2016Redesign;en-US;4seasons.kz;22481;1;0
Sandpearl.com-0091-2016Redesign;en-US;pipslee.com;22481;1;0
Sandpearl.com-0091-2016Redesign;en-US;www.tvoysad.ru;22481;1;0
Sandpearl.com-0091-2016Redesign;en-US;artgrand.com.ua;22481;1;0
Sandpearl.com-0091-2016Redesign;en-US;dengi-v-kredit.in.ua;22481;1;0
Sandpearl.com-0091-2016Redesign;en-US;refmarket.ru;22481;1;0
Sandpearl.com-0091-2016Redesign;en-US;grostm.ru;22481;1;0
Sandpearl.com-0091-2016Redesign;en-US;fixup.ua;22481;1;0
Sandpearl.com-0091-2016Redesign;en-US;dobranich.com;22481;1;0
Sandylane.com-0075-2016Redesign;en-US;4seasons.kz;17611;1;0
Sandpearl.com-0091-2016Redesign;en-US;krasivey.com.ua;22481;1;0
Sandylane.com-0075-2016Redesign;en-US;pipslee.com;17611;1;0
Sandylane.com-0075-2016Redesign;en-US;dengi-v-kredit.in.ua;17611;1;0
Sandylane.com-0075-2016Redesign;en-US;www.tvoysad.ru;17611;1;0
Sandylane.com-0075-2016Redesign;en-US;artgrand.com.ua;17611;1;0
Sandylane.com-0075-2016Redesign;en-US;refmarket.ru;17611;1;0
Sandylane.com-0075-2016Redesign;en-US;fixup.ua;17611;1;0
Sandylane.com-0075-2016Redesign;en-US;grostm.ru;17611;1;0
Sandylane.com-0075-2016Redesign;en-US;dobranich.com;17611;1;0
Sandylane.com-0075-2016Redesign;en-US;krasivey.com.ua;17611;1;0
saddlebrook.com-0011-2014Redesign;en-US;www.google.co.uk;3453;1;0
Lakeplacidlodge.com-0105-2017Redesign;en-US;www.thesagamore.com;28545;1;0
Lakeplacidlodge.com-0105-2017Redesign;en-US;www.thesagamore.com;28545;1;0
Cocokeyorlando.com-0059-2015Redesign;en-US;www.google.com;12410;1;0
saddlebrook.com-0011-2014Redesign;en-US;www.google.com;3385;1;0
Zotabeachresort.com-0090-2016Redesign;en-US;www.google.com;22357;1;0
