Washingtoncourthotel.com-0076-2016Redesign;en-US;17933;17858;1;0
Monarchbeachresort.com-0092-2016Redesign;en-US;41347;26797;1;0
Opalsands.com-0084-2016Redesign;en-US;0;20171;1;0
Broadmoor.com-0073-2016Redesign;en-US;17341;17269;1;0
saddlebrook.com-0011-2014Redesign;en-US;3457;3453;1;0
Thecurtis.com-0079-2016Redesign;en-US;17981;18372;1;0
Casaybelresort.com-0002-2014Redesign;en-US;0;1739;1;0
Cocokeyorlando.com-0059-2015Redesign;en-US;0;12394;1;0
Broadmoor.com-0073-2016Redesign;en-US;17269;17340;1;0
Samosetresort.com-0113-2017Redesign;en-US;32554;35127;1;0
Thesagamore.com-0112-2017Redesign;en-US;33921;33472;1;0
Thecurtis.com-0079-2016Redesign;en-US;18381;18015;1;0
Miravalspamonarchbeach.com-0109-2017Redesign;en-US;40603;31915;1;0
Broadmoor.com-0073-2016Redesign;en-US;0;21232;1;0
Thelodgeatwoodloch.com-0033-2015Redesign;en-US;9932;9916;1;0
Monarchbeachresort.com-0092-2016Redesign;en-US;26797;23038;1;0
Casaybelresort.com-0002-2014Redesign;en-US;1739;1533;1;0
Casaybelresort.com-0002-2014Redesign;en-US;1613;1604;1;0
Washingtoncourthotel.com-0076-2016Redesign;en-US;17858;17935;1;0
Thesagamore.com-0112-2017Redesign;en-US;32339;33474;1;0
Thesagamore.com-0112-2017Redesign;en-US;33470;33475;1;0
Thesagamore.com-0112-2017Redesign;en-US;33577;33538;1;0
Casaybelresort.com-0002-2014Redesign;en-US;1533;1613;1;0
Thesagamore.com-0112-2017Redesign;en-US;33472;33471;1;0
Thelodgeatwoodloch.com-0033-2015Redesign;en-US;9526;9932;1;0
Cocokeyorlando.com-0059-2015Redesign;en-US;0;12401;1;0
Halcyonhotelcherrycreek.com-0061-2015Redesign;en-US;22121;35539;1;0
Sandpearl.com-0091-2016Redesign;en-US;22481;23074;1;0
Halcyonhotelcherrycreek.com-0061-2015Redesign;en-US;35539;22121;1;0
Thelodgeatwoodloch.com-0033-2015Redesign;en-US;9801;9926;1;0
Samosetresort.com-0113-2017Redesign;en-US;35127;35128;1;0
Galthouse.com-0042-2015Redesign;en-US;31905;10602;1;0
Secretharbourvi.com-0040-2015Redesign;en-US;9481;9378;1;0
Lidobeachresort.com-0106-2017Redesign;en-US;0;29828;1;0
Thesagamore.com-0112-2017Redesign;en-US;32339;33470;1;0
Cocokeyorlando.com-0059-2015Redesign;en-US;0;12394;1;0
saddlebrook.com-0011-2014Redesign;en-US;3453;3457;1;0
Samosetresort.com-0113-2017Redesign;en-US;0;32541;1;0
Casaybelresort.com-0002-2014Redesign;en-US;1613;1533;1;0
Thecurtis.com-0079-2016Redesign;en-US;18015;19391;1;0
Thesagamore.com-0112-2017Redesign;en-US;33471;33470;1;0
Thesagamore.com-0112-2017Redesign;en-US;33474;33535;1;0
Casaybelresort.com-0002-2014Redesign;en-US;1613;1608;1;0
Thecurtis.com-0079-2016Redesign;en-US;17981;40237;1;0
Washingtoncourthotel.com-0076-2016Redesign;en-US;17935;17931;1;0
Monarchbeachresort.com-0092-2016Redesign;en-US;26788;26803;1;0
Thelodgeatwoodloch.com-0033-2015Redesign;en-US;9916;7771;1;0
Lidobeachresort.com-0106-2017Redesign;en-US;29828;28666;1;0
Monarchbeachresort.com-0092-2016Redesign;en-US;0;22877;1;0
Washingtondukeinn.com-0024-2014Redesign;en-US;4524;4556;1;0
Casaybelresort.com-0002-2014Redesign;en-US;1613;1604;1;0
Thesagamore.com-0112-2017Redesign;en-US;33470;33474;1;0
Thesagamore.com-0112-2017Redesign;en-US;33452;32347;1;0
Thesagamore.com-0112-2017Redesign;en-US;33538;33543;1;0
Broadmoor.com-0073-2016Redesign;en-US;21232;16731;1;0
Thesagamore.com-0112-2017Redesign;en-US;33470;32339;1;0
Treasureislandbeachresort.com-0089-2016Redesign;en-US;22169;22852;1;0
Thecurtis.com-0079-2016Redesign;en-US;18372;18015;1;0
Thesagamore.com-0112-2017Redesign;en-US;33543;33538;1;0
Thesagamore.com-0112-2017Redesign;en-US;33475;33470;1;0
Casaybelresort.com-0002-2014Redesign;en-US;0;1533;1;0
Thelodgeatwoodloch.com-0033-2015Redesign;en-US;7771;7782;1;0
Thecurtis.com-0079-2016Redesign;en-US;19391;19197;1;0
Napavalleymarriott.com-0071-2016Redesign;en-US;18285;16439;1;0
Thecurtis.com-0079-2016Redesign;en-US;18015;19391;1;0
Casaybelresort.com-0002-2014Redesign;en-US;1533;1613;1;0
Thecurtis.com-0079-2016Redesign;en-US;19197;17981;1;0
Thesagamore.com-0112-2017Redesign;en-US;32339;33470;1;0
Broadmoor.com-0073-2016Redesign;en-US;17340;17269;1;0
