Monarchbeachresort.com-0092-2016Redesign;en-US;www.google.com;22865;1;0
Samosetresort.com-0113-2017Redesign;en-US;www.google.com;32541;1;0
Broadmoor.com-0073-2016Redesign;en-US;www.google.com;16769;1;0
Thelodgeatwoodloch.com-0033-2015Redesign;en-US;www.google.com;7764;1;0
Cphollywoodbeach.com-0032-2015Redesign;en-US;www.sunny.org;7831;1;0
Theloganhotel.com-0043-2015Redesign;en-US;www.google.com;20218;1;0
Samosetresort.com-0113-2017Redesign;en-US;cinemabox.club;32541;1;0
Samosetresort.com-0113-2017Redesign;en-US;filmsapk.com;32541;1;0
Samosetresort.com-0113-2017Redesign;en-US;intan-sec.ru;32541;1;0
Samosetresort.com-0113-2017Redesign;en-US;films-app.com;32541;1;0
Edgewaternaples.com-0094-2016Redesign;en-US;www.google.com;25239;1;0
Broadmoor.com-0073-2016Redesign;en-US;2018ussenioropen.com;17447;1;0
Broadmoor.com-0073-2016Redesign;en-US;m.facebook.com;18013;1;0
Residenceinnnyc.com-0034-2015Redesign;en-US;www.google.com;7926;1;0
saddlebrook.com-0011-2014Redesign;en-US;m.facebook.com;3452;1;0
Thelodgeatwoodloch.com-0033-2015Redesign;en-US;l.facebook.com;7764;1;0
Theoxfordhotel.com-0062-2015Redesign;en-US;www.google.com;14325;1;0
Cocokeyorlando.com-0059-2015Redesign;en-US;www.google.com;12433;1;0
Chrco.com-0107-2017Redesign;en-US;www.google.com;29280;1;0
Sandpearl.com-0091-2016Redesign;en-US;cinemabox.club;22481;1;0
Sandpearl.com-0091-2016Redesign;en-US;films-app.com;22481;1;0
Sandpearl.com-0091-2016Redesign;en-US;filmsapk.com;22481;1;0
Sandpearl.com-0091-2016Redesign;en-US;intan-sec.ru;22481;1;0
Sandylane.com-0075-2016Redesign;en-US;cinemabox.club;17611;1;0
Sandylane.com-0075-2016Redesign;en-US;films-app.com;17611;1;0
Sandylane.com-0075-2016Redesign;en-US;filmsapk.com;17611;1;0
Sandylane.com-0075-2016Redesign;en-US;intan-sec.ru;17611;1;0
Broadmoor.com-0073-2016Redesign;en-US;r.search.yahoo.com;20418;1;0
Edgewaternaples.com-0094-2016Redesign;en-US;t.co;25239;1;0
Edgewaternaples.com-0094-2016Redesign;en-US;t.co;25239;1;0
