Jupiterbeachresort.com-0103-2017Redesign;en-US;www.google.com;28158;1;0
Laxembassy.com-0008-2014Redesign;en-US;www.google.com;2090;1;0
Monarchbeachresort.com-0092-2016Redesign;en-US;m.facebook.com;23473;1;0
Longboatkeyclub.com-0104-2017Redesign;en-US;www.google.com;28364;1;0
Theharborsidehotel.com-0114-2017Redesign;en-US;www.ophotels.com;37571;1;0
saddlebrook.com-0011-2014Redesign;en-US;www.google.com;4538;1;0
Longboatkeyclub.com-0104-2017Redesign;en-US;www.google.com;28364;1;0
theweststreethotel.com-0115-2017Redesign;en-US;www.ophotels.com;36683;1;0
Thelodgeatwoodloch.com-0033-2015Redesign;en-US;www.poconomountains.com;7764;1;0
Springhillsuitesdenver.com-0060-2015Redesign;en-US;www.google.com;12307;1;0
Broadmoor.com-0073-2016Redesign;en-US;www.google.com;18013;1;0
Cphollywoodbeach.com-0032-2015Redesign;en-US;www.google.co.ve;7805;1;0
Unionstationhotelnashville.com-0047-2015Redesign;en-US;www.visitmusiccity.com;32226;1;0
Broadmoor.com-0073-2016Redesign;en-US;golf.swingbyswing.com;16721;1;0
Broadmoor.com-0073-2016Redesign;en-US;www.google.com;16721;1;0
Broadmoor.com-0073-2016Redesign;en-US;login.nomadix.com:1111;16724;1;0
Broadmoor.com-0073-2016Redesign;en-US;www.google.com;18259;1;0
Broadmoor.com-0073-2016Redesign;en-US;login.nomadix.com:1111;16724;1;0
Monarchbeachresort.com-0092-2016Redesign;en-US;www.google.com;22725;1;0
Casaybelresort.com-0002-2014Redesign;en-US;search.yahoo.com;1533;1;0
Lakeplacidlodge.com-0105-2017Redesign;en-US;www.lakeplacid.com;28545;1;0
Lakeplacidlodge.com-0105-2017Redesign;en-US;www.lakeplacid.com;28545;1;0
Luxehotels.com-0078-2016Redesign;en-US;www.bing.com;18833;1;0
theweststreethotel.com-0115-2017Redesign;en-US;duckduckgo.com;36683;1;0
Casaybelresort.com-0002-2014Redesign;en-US;www.searchencrypt.com;1573;1;0
saddlebrook.com-0011-2014Redesign;en-US;www.golfadvisor.com;4534;1;0
Thelodgeatwoodloch.com-0033-2015Redesign;en-US;www.google.com;8254;1;0
Longboatkeyclub.com-0104-2017Redesign;en-US;www.google.com;28316;1;0
Halcyonhotelcherrycreek.com-0061-2015Redesign;en-US;www.google.com;22121;1;0
Broadmoor.com-0073-2016Redesign;en-US;www.google.com;16761;1;0
Broadmoor.com-0073-2016Redesign;en-US;login.nomadix.com:1111;16724;1;0
Washingtondukeinn.com-0024-2014Redesign;en-US;www.google.com;4737;1;0
Washingtondukeinn.com-0024-2014Redesign;en-US;www.google.com;4737;1;0
Thelodgeatwoodloch.com-0033-2015Redesign;en-US;www.google.com;7764;1;0
Edgewaternaples.com-0094-2016Redesign;en-US;www.cntraveller.com;25239;1;0
Edgewaternaples.com-0094-2016Redesign;en-US;www.cntraveller.com;25239;1;0
Jbdukehotel.com-0086-2016Redesign;en-US;www.google.com;21918;1;0
Monarchbeachresort.com-0092-2016Redesign;en-US;www.google.com;22725;1;0
Monarchbeachresort.com-0092-2016Redesign;en-US;www.cvent.com;22983;1;0
Cphollywoodbeach.com-0032-2015Redesign;en-US;www.google.com;7831;1;0
Delraysandsresort.com-0097-2016Redesign;en-US;www.google.com;27232;1;0
Lidobeachresort.com-0106-2017Redesign;en-US;www.google.com;28666;1;0
Lidobeachresort.com-0106-2017Redesign;en-US;www.google.com;28666;1;0
Monarchbeachresort.com-0092-2016Redesign;en-US;www.google.com;22725;1;0
Monarchbeachresort.com-0092-2016Redesign;en-US;www.google.com;22725;1;0
wentworthcom00212014redesign;en-US;www.ophotels.com;26679;1;0
saddlebrook.com-0011-2014Redesign;en-US;start.att.net;3385;1;0
Delraysandsresort.com-0097-2016Redesign;en-US;www.google.com;27232;1;0
Jbdukehotel.com-0086-2016Redesign;en-US;www.google.com;21918;1;0
Monarchbeachresort.com-0092-2016Redesign;en-US;www.google.com;22725;1;0
Broadmoor.com-0073-2016Redesign;en-US;www.google.com;32306;1;0
Monarchbeachresort.com-0092-2016Redesign;en-US;www.google.com;22725;1;0
Glencovemansion.com-0058-2015Redesign;en-US;www.google.com;13328;1;0
