Broadmoor.com-0073-2016Redesign;en-US;20215;17269;1;0
Samosetresort.com-0113-2017Redesign;en-US;0;32541;1;0
Broadmoor.com-0073-2016Redesign;en-US;16722;17443;1;0
Washingtondukeinn.com-0024-2014Redesign;en-US;4524;4740;1;0
Broadmoor.com-0073-2016Redesign;en-US;17269;20215;1;0
Thesagamore.com-0112-2017Redesign;en-US;33577;32387;1;0
Thelodgeatwoodloch.com-0033-2015Redesign;en-US;7782;8274;1;0
Broadmoor.com-0073-2016Redesign;en-US;20215;17269;1;0
Broadmoor.com-0073-2016Redesign;en-US;16721;16799;1;0
Sandpearl.com-0091-2016Redesign;en-US;22481;23124;1;0
Thelodgeatwoodloch.com-0033-2015Redesign;en-US;7764;9932;1;0
theweststreethotel.com-0115-2017Redesign;en-US;36684;36692;1;0
Broadmoor.com-0073-2016Redesign;en-US;17269;16721;1;0
Thelodgeatwoodloch.com-0033-2015Redesign;en-US;8274;7782;1;0
theweststreethotel.com-0115-2017Redesign;en-US;36692;37426;1;0
Lidobeachresort.com-0106-2017Redesign;en-US;28673;28714;1;0
Renaissancepittsburghpa.com-0044-2015Redesign;en-US;9637;9984;1;0
Thelodgeatwoodloch.com-0033-2015Redesign;en-US;9932;9916;1;0
Broadmoor.com-0073-2016Redesign;en-US;16724;16728;1;0
Galthouse.com-0042-2015Redesign;en-US;31905;10055;1;0
Broadmoor.com-0073-2016Redesign;en-US;18259;21232;1;0
Thelodgeatwoodloch.com-0033-2015Redesign;en-US;9920;8261;1;0
Sandpearl.com-0091-2016Redesign;en-US;23124;25376;1;0
Washingtondukeinn.com-0024-2014Redesign;en-US;4524;4737;1;0
Longboatkeyclub.com-0104-2017Redesign;en-US;41579;28364;1;0
Broadmoor.com-0073-2016Redesign;en-US;16728;18010;1;0
Miravalspamonarchbeach.com-0109-2017Redesign;en-US;40599;31729;1;0
Thelodgeatwoodloch.com-0033-2015Redesign;en-US;9916;9847;1;0
Thelodgeatwoodloch.com-0033-2015Redesign;en-US;8261;9932;1;0
Thelodgeatwoodloch.com-0033-2015Redesign;en-US;7782;9801;1;0
Thesagamore.com-0112-2017Redesign;en-US;32387;33567;1;0
Longboatkeyclub.com-0104-2017Redesign;en-US;28364;41591;1;0
Sandpearl.com-0091-2016Redesign;en-US;23075;23074;1;0
Broadmoor.com-0073-2016Redesign;en-US;16761;16770;1;0
Thelodgeatwoodloch.com-0033-2015Redesign;en-US;8268;7764;1;0
Washingtondukeinn.com-0024-2014Redesign;en-US;4737;4738;1;0
Thelodgeatwoodloch.com-0033-2015Redesign;en-US;7782;8274;1;0
Courtyardportlandcitycenter.com-0063-2015Redesign;en-US;14545;14551;1;0
Thelodgeatwoodloch.com-0033-2015Redesign;en-US;9801;9920;1;0
Lidobeachresort.com-0106-2017Redesign;en-US;28714;28718;1;0
Cocokeyorlando.com-0059-2015Redesign;en-US;0;12394;1;0
Glencovemansion.com-0058-2015Redesign;en-US;13328;15514;1;0
Sandpearl.com-0091-2016Redesign;en-US;22481;23082;1;0
Sandpearl.com-0091-2016Redesign;en-US;22481;22530;1;0
Thelodgeatwoodloch.com-0033-2015Redesign;en-US;9929;8254;1;0
Bellemontfarm.com-0007-2013Redesign;en-US;0;11497;1;0
Bellemontfarm.com-0007-2013Redesign;en-US;0;11497;1;0
Lidobeachresort.com-0106-2017Redesign;en-US;28718;28712;1;0
Theoxfordhotel.com-0062-2015Redesign;en-US;0;14325;1;0
Thelodgeatwoodloch.com-0033-2015Redesign;en-US;9847;9932;1;0
Courtyardportlandcitycenter.com-0063-2015Redesign;en-US;14551;14558;1;0
Thecurtis.com-0079-2016Redesign;en-US;0;17981;1;0
