Broadmoor.com-0073-2016Redesign;en-US;16722;17443;1;0
Longboatkeyclub.com-0104-2017Redesign;en-US;28347;28348;1;0
Sandpearl.com-0091-2016Redesign;en-US;30638;22530;1;0
Samosetresort.com-0113-2017Redesign;en-US;32554;35127;1;0
Oxfordclubspa.com-0068-2016Redesign;en-US;0;15568;1;0
Galthouse.com-0042-2015Redesign;en-US;31905;10558;1;0
Broadmoor.com-0073-2016Redesign;en-US;17269;17339;1;0
Thesagamore.com-0112-2017Redesign;en-US;32347;33476;1;0
Broadmoor.com-0073-2016Redesign;en-US;16761;16764;1;0
Cocokeyorlando.com-0059-2015Redesign;en-US;0;12394;1;0
Thecurtis.com-0079-2016Redesign;en-US;0;17981;1;0
Sandpearl.com-0091-2016Redesign;en-US;22530;30639;1;0
Thesagamore.com-0112-2017Redesign;en-US;33357;32387;1;0
Casaybelresort.com-0002-2014Redesign;en-US;1613;1596;1;0
Thesagamore.com-0112-2017Redesign;en-US;33476;32347;1;0
Broadmoor.com-0073-2016Redesign;en-US;18259;17269;1;0
wentworthcom00212014redesign;en-US;4259;4267;1;0
Broadmoor.com-0073-2016Redesign;en-US;16756;16722;1;0
Broadmoor.com-0073-2016Redesign;en-US;17443;16728;1;0
wentworthcom00212014redesign;en-US;4267;26679;1;0
wentworthcom00212014redesign;en-US;26679;4259;1;0
Longboatkeyclub.com-0104-2017Redesign;en-US;28348;28347;1;0
Thecrawfordhotel.com-0074-2016Redesign;en-US;17145;17158;1;0
Samosetresort.com-0113-2017Redesign;en-US;35128;35112;1;0
Courtyardportlandcitycenter.com-0063-2015Redesign;en-US;14545;14551;1;0
Theoxfordhotel.com-0062-2015Redesign;en-US;14325;14430;1;0
Theoxfordhotel.com-0062-2015Redesign;en-US;14430;14325;1;0
Galthouse.com-0042-2015Redesign;en-US;31905;10592;1;0
Sandpearl.com-0091-2016Redesign;en-US;22481;22531;1;0
Broadmoor.com-0073-2016Redesign;en-US;17342;17269;1;0
Halcyonhotelcherrycreek.com-0061-2015Redesign;en-US;22121;41138;1;0
Thelodgeatwoodloch.com-0033-2015Redesign;en-US;8257;9932;1;0
Thelodgeatwoodloch.com-0033-2015Redesign;en-US;7764;8261;1;0
Halcyonhotelcherrycreek.com-0061-2015Redesign;en-US;41138;22121;1;0
Samosetresort.com-0113-2017Redesign;en-US;0;32541;1;0
Broadmoor.com-0073-2016Redesign;en-US;0;33021;1;0
Broadmoor.com-0073-2016Redesign;en-US;16722;17443;1;0
Thesagamore.com-0112-2017Redesign;en-US;32387;33577;1;0
Chrco.com-0107-2017Redesign;en-US;0;29374;1;0
Napavalleymarriott.com-0071-2016Redesign;en-US;0;27499;1;0
Broadmoor.com-0073-2016Redesign;en-US;17269;17338;1;0
Broadmoor.com-0073-2016Redesign;en-US;0;18013;1;0
Sandylane.com-0075-2016Redesign;en-US;17611;17716;1;0
Cphollywoodbeach.com-0032-2015Redesign;en-US;7831;7815;1;0
Chrco.com-0107-2017Redesign;en-US;29374;29680;1;0
Sandpearl.com-0091-2016Redesign;en-US;22537;32768;1;0
Thelodgeatwoodloch.com-0033-2015Redesign;en-US;9932;8261;1;0
Sandpearl.com-0091-2016Redesign;en-US;32768;22481;1;0
Galthouse.com-0042-2015Redesign;en-US;0;10563;1;0
Samosetresort.com-0113-2017Redesign;en-US;35112;32578;1;0
Broadmoor.com-0073-2016Redesign;en-US;17269;17338;1;0
Thesagamore.com-0112-2017Redesign;en-US;33577;32387;1;0
Sandpearl.com-0091-2016Redesign;en-US;22481;22493;1;0
Sandpearl.com-0091-2016Redesign;en-US;22493;23074;1;0
Galthouse.com-0042-2015Redesign;en-US;10592;13200;1;0
saddlebrook.com-0011-2014Redesign;en-US;3457;3482;1;0
Broadmoor.com-0073-2016Redesign;en-US;17339;18293;1;0
Thelodgeatwoodloch.com-0033-2015Redesign;en-US;8261;11304;1;0
saddlebrook.com-0011-2014Redesign;en-US;3482;3385;1;0
Samosetresort.com-0113-2017Redesign;en-US;35127;35146;1;0
Bellemontfarm.com-0007-2013Redesign;en-US;0;11497;1;0
Casaybelresort.com-0002-2014Redesign;en-US;1596;1613;1;0
Samosetresort.com-0113-2017Redesign;en-US;32578;35352;1;0
Opalsands.com-0084-2016Redesign;en-US;20171;21218;1;0
