Lakeplacidlodge.com-0105-2017Redesign;en-US;search.yahoo.com;32804;1;0
Broadmoor.com-0073-2016Redesign;en-US;www.cheyennemountain.com;18259;1;0
Luxehotels.com-0078-2016Redesign;en-US;www.google.com;18830;1;0
Broadmoor.com-0073-2016Redesign;en-US;s0.2mdn.net;18014;1;0
Thesagamore.com-0112-2017Redesign;en-US;www.cnn.com;32339;1;0
Thesagamore.com-0112-2017Redesign;en-US;www.cnn.com;32339;1;0
Marriottkeylargo.com-0015-2014Redesign;en-US;www.google.com;3964;1;0
Treasureislandbeachresort.com-0089-2016Redesign;en-US;android-app:;22169;1;0
Treasureislandbeachresort.com-0089-2016Redesign;en-US;android-app:;22169;1;0
Lakeplacidlodge.com-0105-2017Redesign;en-US;www.google.com;28545;1;0
Sandpearl.com-0091-2016Redesign;en-US;www.google.com;22481;1;0
Casaybelresort.com-0002-2014Redesign;en-US;t.co;1533;1;0
Lakeplacidlodge.com-0105-2017Redesign;en-US;www.google.com;28545;1;0
Cocokeyorlando.com-0059-2015Redesign;en-US;www.vacationfun.com;12394;1;0
Broadmoor.com-0073-2016Redesign;en-US;www.google.com;16731;1;0
Cocokeyorlando.com-0059-2015Redesign;en-US;www.vacationfun.com;12394;1;0
Napavalleymarriott.com-0071-2016Redesign;en-US;sajatvelemeny.com;16432;1;0
Broadmoor.com-0073-2016Redesign;en-US;login.nomadix.com:1111;16724;1;0
Broadmoor.com-0073-2016Redesign;en-US;login.nomadix.com:1111;16724;1;0
Lakeplacidlodge.com-0105-2017Redesign;en-US;www.thesagamore.com;28545;1;0
Broadmoor.com-0073-2016Redesign;en-US;www.google.com;16793;1;0
Lakeplacidlodge.com-0105-2017Redesign;en-US;www.thesagamore.com;28545;1;0
Broadmoor.com-0073-2016Redesign;en-US;search.yahoo.com;17443;1;0
Unionstationhotelnashville.com-0047-2015Redesign;en-US;www.google.com;32226;1;0
Broadmoor.com-0073-2016Redesign;en-US;www.google.com;18259;1;0
Broadmoor.com-0073-2016Redesign;en-US;www.google.com;18208;1;0
Opalsands.com-0084-2016Redesign;en-US;reservations.opalsands.com;20920;1;0
Washingtoncourthotel.com-0076-2016Redesign;en-US;www.bing.com;17858;1;0
Monarchbeachresort.com-0092-2016Redesign;en-US;www.google.com;22725;1;0
Luxehotels.com-0078-2016Redesign;en-US;www.google.com;18831;1;0
Thesagamore.com-0112-2017Redesign;en-US;www.google.com;32339;1;0
Broadmoor.com-0073-2016Redesign;en-US;www.google.com;16759;1;0
Lakeplacidlodge.com-0105-2017Redesign;en-US;www.cnn.com;28545;1;0
Lakeplacidlodge.com-0105-2017Redesign;en-US;www.cnn.com;28545;1;0
Lakeplacidlodge.com-0105-2017Redesign;en-US;www.cnn.com;28545;1;0
Lakeplacidlodge.com-0105-2017Redesign;en-US;www.cnn.com;28545;1;0
Cphollywoodbeach.com-0032-2015Redesign;en-US;www.sunny.org;7831;1;0
Lakeplacidlodge.com-0105-2017Redesign;en-US;www.cnn.com;28545;1;0
Lakeplacidlodge.com-0105-2017Redesign;en-US;www.cnn.com;28545;1;0
Galthouse.com-0042-2015Redesign;en-US;m.facebook.com;31905;1;0
Miravalspamonarchbeach.com-0109-2017Redesign;en-US;www.monarchbeachresort.com;33978;1;0
Galthouse.com-0042-2015Redesign;en-US;m.facebook.com;31905;1;0
Cphollywoodbeach.com-0032-2015Redesign;en-US;www.sunny.org;7831;1;0
Marriottkeylargo.com-0015-2014Redesign;en-US;www.beachcamsusa.com;3948;1;0
Broadmoor.com-0073-2016Redesign;en-US;android-app:;18259;1;0
Broadmoor.com-0073-2016Redesign;en-US;www.google.com;18259;1;0
Opalsands.com-0084-2016Redesign;en-US;www.google.com;20561;1;0
Cocokeyorlando.com-0059-2015Redesign;en-US;www.google.com;12410;1;0
Treasureislandbeachresort.com-0089-2016Redesign;en-US;www.google.co.uk;22169;1;0
Cendyn.com-0095-2016Redesign;en-US;www.bing.com;26640;1;0
Galthouse.com-0042-2015Redesign;en-US;www.bing.com;31905;1;0
Miravalspamonarchbeach.com-0109-2017Redesign;en-US;www.google.com;31709;1;0
Theloganhotel.com-0043-2015Redesign;en-US;search.yahoo.com;15962;1;0
Thesagamore.com-0112-2017Redesign;en-US;www.google.com;32389;1;0
Hospitalityupgrade.com-0093-2016Redesign;en-US;www.google.com.sg;37631;1;0
Casaybelresort.com-0002-2014Redesign;en-US;m.facebook.com;1533;1;0
