Edgewaternaples.com-0094-2016Redesign;en-US;0;25299;1;0
Springhillsuitesdenver.com-0060-2015Redesign;en-US;0;12307;1;0
Broadmoor.com-0073-2016Redesign;en-US;0;16721;1;0
Theoxfordhotel.com-0062-2015Redesign;en-US;0;14325;1;0
Edgewaternaples.com-0094-2016Redesign;en-US;0;25298;1;0
Hospitalityupgrade.com-0093-2016Redesign;en-US;0;37631;1;0
Theharborsidehotel.com-0114-2017Redesign;en-US;0;37589;1;0
Edgewaternaples.com-0094-2016Redesign;en-US;0;25347;1;0
Edgewaternaples.com-0094-2016Redesign;en-US;0;25287;1;0
Hospitalityupgrade.com-0093-2016Redesign;en-US;0;37631;1;0
Edgewaternaples.com-0094-2016Redesign;en-US;0;40101;1;0
Cocokeyorlando.com-0059-2015Redesign;en-US;0;12394;1;0
Thecurtis.com-0079-2016Redesign;en-US;0;17981;1;0
Hospitalityupgrade.com-0093-2016Redesign;en-US;0;37631;1;0
Hospitalityupgrade.com-0093-2016Redesign;en-US;0;37631;1;0
Edgewaternaples.com-0094-2016Redesign;en-US;0;41588;1;0
Passport.lehotels.com-0069-2016BlogRedesign;en-US;20547;16578;1;0
Sandpearl.com-0091-2016Redesign;en-US;22481;22497;1;0
Hospitalityupgrade.com-0093-2016Redesign;en-US;0;37631;1;0
Hospitalityupgrade.com-0093-2016Redesign;en-US;0;37631;1;0
Samosetresort.com-0113-2017Redesign;en-US;0;32541;1;0
Thesagamore.com-0112-2017Redesign;en-US;33471;33472;1;0
Edgewaternaples.com-0094-2016Redesign;en-US;0;41765;1;0
Chrco.com-0107-2017Redesign;en-US;0;31152;1;0
Theoxfordhotel.com-0062-2015Redesign;en-US;0;14325;1;0
Edgewaternaples.com-0094-2016Redesign;en-US;0;40425;1;0
Renaissancepittsburghpa.com-0044-2015Redesign;en-US;0;9637;1;0
Edgewaternaples.com-0094-2016Redesign;en-US;25239;25255;1;0
Edgewaternaples.com-0094-2016Redesign;en-US;0;25278;1;0
Edgewaternaples.com-0094-2016Redesign;en-US;0;37409;1;0
Edgewaternaples.com-0094-2016Redesign;en-US;0;30305;1;0
Renaissancepittsburghpa.com-0044-2015Redesign;en-US;0;9637;1;0
Edgewaternaples.com-0094-2016Redesign;en-US;0;25352;1;0
Broadmoor.com-0073-2016Redesign;en-US;16738;16724;1;0
