Broadmoor.com-0073-2016Redesign;en-US;login.nomadix.com:1111;16724;1;0
Broadmoor.com-0073-2016Redesign;en-US;login.nomadix.com:1111;16724;1;0
Marriottkeylargo.com-0015-2014Redesign;en-US;www.fla-keys.com;3948;1;0
Broadmoor.com-0073-2016Redesign;en-US;login.nomadix.com:1111;16724;1;0
Broadmoor.com-0073-2016Redesign;en-US;login.nomadix.com:1111;16724;1;0
Broadmoor.com-0073-2016Redesign;en-US;www.google.com;16728;1;0
Thesagamore.com-0112-2017Redesign;en-US;search.aol.com;32339;1;0
Broadmoor.com-0073-2016Redesign;en-US;login.nomadix.com:1111;16724;1;0
Broadmoor.com-0073-2016Redesign;en-US;login.nomadix.com:1111;16724;1;0
Samosetresort.com-0113-2017Redesign;en-US;www.google.com;32542;1;0
Unionstationhotelnashville.com-0047-2015Redesign;en-US;www.google.com;32226;1;0
Zotabeachresort.com-0090-2016Redesign;en-US;www.google.com;23062;1;0
Zotabeachresort.com-0090-2016Redesign;en-US;www.google.com;23062;1;0
Samosetresort.com-0113-2017Redesign;en-US;r.search.yahoo.com;32541;1;0
Broadmoor.com-0073-2016Redesign;en-US;login.nomadix.com:1111;16724;1;0
Broadmoor.com-0073-2016Redesign;en-US;login.nomadix.com:1111;16724;1;0
Cocokeyorlando.com-0059-2015Redesign;en-US;www.google.com;12394;1;0
Cocokeyorlando.com-0059-2015Redesign;en-US;www.google.com;12394;1;0
Cphollywoodbeach.com-0032-2015Redesign;en-US;www.sunny.org;7831;1;0
Broadmoor.com-0073-2016Redesign;en-US;login.nomadix.com:1111;16724;1;0
Broadmoor.com-0073-2016Redesign;en-US;login.nomadix.com:1111;16724;1;0
Washingtoncourthotel.com-0076-2016Redesign;en-US;www.google.com;17858;1;0
Theharborsidehotel.com-0114-2017Redesign;en-US;r.search.yahoo.com;37571;1;0
Galthouse.com-0042-2015Redesign;en-US;www.google.com;31905;1;0
wentworthcom00212014redesign;en-US;www.marriott.com;4250;1;0
Thesagamore.com-0112-2017Redesign;en-US;www.google.com;33470;1;0
Galthouse.com-0042-2015Redesign;en-US;www.google.com;31905;1;0
Theharborsidehotel.com-0114-2017Redesign;en-US;www.google.com;37571;1;0
Galthouse.com-0042-2015Redesign;en-US;www.google.com;31905;1;0
Thecrawfordhotel.com-0074-2016Redesign;en-US;www.google.com;17145;1;0
Thesagamore.com-0112-2017Redesign;en-US;www.google.com;32340;1;0
Cocokeyorlando.com-0059-2015Redesign;en-US;www.google.com;12414;1;0
Cendyn.com-0095-2016Redesign;en-US;www.bing.com;26640;1;0
Broadmoor.com-0073-2016Redesign;en-US;tpc.googlesyndication.com;16728;1;0
Washingtondukeinn.com-0024-2014Redesign;en-US;www.bing.com;4524;1;0
Theharborsidehotel.com-0114-2017Redesign;en-US;www.google.com;37571;1;0
Broadmoor.com-0073-2016Redesign;en-US;www.google.com;16728;1;0
Renaissancepittsburghpa.com-0044-2015Redesign;en-US;www.google.com;9637;1;0
Sandylane.com-0075-2016Redesign;en-US;www.google.co.uk;17688;1;0
Broadmoor.com-0073-2016Redesign;en-US;login.nomadix.com:1111;16724;1;0
Broadmoor.com-0073-2016Redesign;en-US;login.nomadix.com:1111;16724;1;0
Renaissancepittsburghpa.com-0044-2015Redesign;en-US;www.google.com;9637;1;0
Samosetresort.com-0113-2017Redesign;en-US;www.bing.com;32541;1;0
Broadmoor.com-0073-2016Redesign;en-US;www.google.com;16728;1;0
Thesagamore.com-0112-2017Redesign;en-US;www.google.com;32339;1;0
Samosetresort.com-0113-2017Redesign;en-US;www.google.com;32541;1;0
