Broadmoor.com-0073-2016Redesign;en-US;login.nomadix.com:1111;16724;1;0
Broadmoor.com-0073-2016Redesign;en-US;login.nomadix.com:1111;16724;1;0
Montaukyachtclub.com-0010-2014Redesign;en-US;www.google.com;2240;1;0
Casaybelresort.com-0002-2014Redesign;en-US;android-app:;1533;1;0
Cphollywoodbeach.com-0032-2015Redesign;en-US;www.google.com;7805;1;0
Cphollywoodbeach.com-0032-2015Redesign;en-US;www.google.com.ph;7805;1;0
Lidobeachresort.com-0106-2017Redesign;en-US;www.google.com;28666;1;0
Lidobeachresort.com-0106-2017Redesign;en-US;www.google.com;28666;1;0
saddlebrook.com-0011-2014Redesign;en-US;www.google.com;3385;1;0
Broadmoor.com-0073-2016Redesign;en-US;www.google.com;18259;1;0
Broadmoor.com-0073-2016Redesign;en-US;www.bing.com;18219;1;0
Thelodgeatwoodloch.com-0033-2015Redesign;en-US;www.google.com;7764;1;0
Broadmoor.com-0073-2016Redesign;en-US;m.facebook.com;18013;1;0
Thesagamore.com-0112-2017Redesign;en-US;www.google.com;32339;1;0
Broadmoor.com-0073-2016Redesign;en-US;www.google.com;16769;1;0
Broadmoor.com-0073-2016Redesign;en-US;www.google.com;16769;1;0
Thelodgeatwoodloch.com-0033-2015Redesign;en-US;www.google.com;7764;1;0
Washingtondukeinn.com-0024-2014Redesign;en-US;www.google.com;4524;1;0
Washingtondukeinn.com-0024-2014Redesign;en-US;www.google.com;4524;1;0
Samosetresort.com-0113-2017Redesign;en-US;www.google.com;32541;1;0
Longboatkeyclub.com-0104-2017Redesign;en-US;www.google.com;29848;1;0
Samosetresort.com-0113-2017Redesign;en-US;www.google.com;32541;1;0
Theloganhotel.com-0043-2015Redesign;en-US;l.facebook.com;15962;1;0
Springhillsuitesdenver.com-0060-2015Redesign;en-US;www.google.com;12307;1;0
Opalsands.com-0084-2016Redesign;en-US;www.beachtourism.com;20171;1;0
Longboatkeyclub.com-0104-2017Redesign;en-US;www.google.com;29844;1;0
theweststreethotel.com-0115-2017Redesign;en-US;www.google.com.au;36683;1;0
Broadmoor.com-0073-2016Redesign;en-US;buff.ly;17445;1;0
Denvercy.com-0036-2015Redesign;en-US;www.google.com;8150;1;0
Cphollywoodbeach.com-0032-2015Redesign;en-US;www.sunny.org;7831;1;0
Broadmoor.com-0073-2016Redesign;en-US;login.nomadix.com:1111;16724;1;0
Cocokeyorlando.com-0059-2015Redesign;en-US;www.google.com;12394;1;0
Cocokeyorlando.com-0059-2015Redesign;en-US;www.google.com;12394;1;0
Monarchbeachresort.com-0092-2016Redesign;en-US;www.google.com;22725;1;0
Jupiterbeachresort.com-0103-2017Redesign;en-US;www.google.com;28158;1;0
Opalsands.com-0084-2016Redesign;en-US;www.google.com;40846;1;0
Lakeplacidlodge.com-0105-2017Redesign;en-US;www.facebook.com;28545;1;0
Sandpearl.com-0091-2016Redesign;en-US;www.google.com;22481;1;0
Sandpearl.com-0091-2016Redesign;en-US;www.google.com;22481;1;0
Opalsands.com-0084-2016Redesign;en-US;www.beachtourism.com;20171;1;0
Opalsands.com-0084-2016Redesign;en-US;www.google.com;20171;1;0
Opalsands.com-0084-2016Redesign;en-US;www.google.com;20171;1;0
Opalsands.com-0084-2016Redesign;en-US;www.beachtourism.com;20171;1;0
Glencovemansion.com-0058-2015Redesign;en-US;www.goldcoastmansions.com;13344;1;0
Thecrawfordhotel.com-0074-2016Redesign;en-US;www.google.com;17187;1;0
Broadmoor.com-0073-2016Redesign;en-US;tpc.googlesyndication.com;16728;1;0
Sandpearl.com-0091-2016Redesign;en-US;www.bing.com;22481;1;0
Broadmoor.com-0073-2016Redesign;en-US;login.nomadix.com:1111;16724;1;0
