Luxehotels.com-0078-2016Redesign;en-US;19329;25442;1;0
Montaukyachtclub.com-0010-2014Redesign;en-US;2240;3554;1;0
Thecurtis.com-0079-2016Redesign;en-US;18486;18823;1;0
Luxehotels.com-0078-2016Redesign;en-US;25442;25443;1;0
Broadmoor.com-0073-2016Redesign;en-US;21236;18782;1;0
Galthouse.com-0042-2015Redesign;en-US;9789;10568;1;0
Luxehotels.com-0078-2016Redesign;en-US;25443;25442;1;0
Thelodgeatwoodloch.com-0033-2015Redesign;en-US;11304;9801;1;0
Luxehotels.com-0078-2016Redesign;en-US;25442;19338;1;0
Samosetresort.com-0113-2017Redesign;en-US;0;32549;1;0
Lakeplacidlodge.com-0105-2017Redesign;en-US;32799;32839;1;0
Sandpearl.com-0091-2016Redesign;en-US;22593;22537;1;0
Luxehotels.com-0078-2016Redesign;en-US;18833;19329;1;0
Cphollywoodbeach.com-0032-2015Redesign;en-US;7805;7831;1;0
Luxehotels.com-0078-2016Redesign;en-US;19338;29602;1;0
Washingtondukeinn.com-0024-2014Redesign;en-US;5995;5165;1;0
Sandpearl.com-0091-2016Redesign;en-US;22532;30640;1;0
Bellemontfarm.com-0007-2013Redesign;en-US;11497;2492;1;0
Montaukyachtclub.com-0010-2014Redesign;en-US;3554;2457;1;0
Bellemontfarm.com-0007-2013Redesign;en-US;2492;11497;1;0
Napavalleymarriott.com-0071-2016Redesign;en-US;16454;16432;1;0
Washingtoncourthotel.com-0076-2016Redesign;en-US;17858;17933;1;0
Opalsands.com-0084-2016Redesign;en-US;20171;20556;1;0
Galthouse.com-0042-2015Redesign;en-US;10561;13067;1;0
Bellemontfarm.com-0007-2013Redesign;en-US;11497;10360;1;0
Sandylane.com-0075-2016Redesign;en-US;17611;17630;1;0
Bellemontfarm.com-0007-2013Redesign;en-US;10360;2503;1;0
Cphollywoodbeach.com-0032-2015Redesign;en-US;7831;7914;1;0
Broadmoor.com-0073-2016Redesign;en-US;18259;16751;1;0
Broadmoor.com-0073-2016Redesign;en-US;16760;16777;1;0
Theoxfordhotel.com-0062-2015Redesign;en-US;14346;14325;1;0
Monarchbeachresort.com-0092-2016Redesign;en-US;23475;41347;1;0
Luxehotels.com-0078-2016Redesign;en-US;19337;19336;1;0
Glencovemansion.com-0058-2015Redesign;en-US;13371;41649;1;0
Broadmoor.com-0073-2016Redesign;en-US;16769;16721;1;0
Monarchbeachresort.com-0092-2016Redesign;en-US;23643;40827;1;0
Galthouse.com-0042-2015Redesign;en-US;10609;16504;1;0
Thecurtis.com-0079-2016Redesign;en-US;0;17981;1;0
Bellemontfarm.com-0007-2013Redesign;en-US;2503;11497;1;0
Sandpearl.com-0091-2016Redesign;en-US;30640;22532;1;0
Thelodgeatwoodloch.com-0033-2015Redesign;en-US;8274;8393;1;0
Thelodgeatwoodloch.com-0033-2015Redesign;en-US;9801;9926;1;0
Luxehotels.com-0078-2016Redesign;en-US;19336;19324;1;0
Theoxfordhotel.com-0062-2015Redesign;en-US;0;14325;1;0
Samosetresort.com-0113-2017Redesign;en-US;0;32541;1;0
Sandpearl.com-0091-2016Redesign;en-US;22532;23180;1;0
Secretharbourvi.com-0040-2015Redesign;en-US;9231;20178;1;0
Thelodgeatwoodloch.com-0033-2015Redesign;en-US;9801;9921;1;0
Montaukyachtclub.com-0010-2014Redesign;en-US;2457;2454;1;0
Cocokeyorlando.com-0059-2015Redesign;en-US;12396;12414;1;0
Renaissancepittsburghpa.com-0044-2015Redesign;en-US;9637;9701;1;0
Luxehotels.com-0078-2016Redesign;en-US;19324;19338;1;0
Washingtoncourthotel.com-0076-2016Redesign;en-US;17933;17858;1;0
Sandpearl.com-0091-2016Redesign;en-US;22532;30640;1;0
Sandylane.com-0075-2016Redesign;en-US;17630;17682;1;0
Thesagamore.com-0112-2017Redesign;en-US;33921;33470;1;0
Monarchbeachresort.com-0092-2016Redesign;en-US;26788;23670;1;0
Broadmoor.com-0073-2016Redesign;en-US;22720;16756;1;0
wentworthcom00212014redesign;en-US;4304;4302;1;0
Sandylane.com-0075-2016Redesign;en-US;17682;17630;1;0
Thesagamore.com-0112-2017Redesign;en-US;33921;33473;1;0
Broadmoor.com-0073-2016Redesign;en-US;16751;18259;1;0
saddlebrook.com-0011-2014Redesign;en-US;3385;3398;1;0
Broadmoor.com-0073-2016Redesign;en-US;16721;16797;1;0
saddlebrook.com-0011-2014Redesign;en-US;3398;3489;1;0
Sandpearl.com-0091-2016Redesign;en-US;0;23074;1;0
Sandpearl.com-0091-2016Redesign;en-US;23180;22532;1;0
Thesagamore.com-0112-2017Redesign;en-US;32339;33470;1;0
saddlebrook.com-0011-2014Redesign;en-US;3500;3618;1;0
Washingtondukeinn.com-0024-2014Redesign;en-US;4524;19511;1;0
Thelodgeatwoodloch.com-0033-2015Redesign;en-US;8266;8268;1;0
Broadmoor.com-0073-2016Redesign;en-US;18782;21231;1;0
theweststreethotel.com-0115-2017Redesign;en-US;37426;36726;1;0
Cocokeyorlando.com-0059-2015Redesign;en-US;0;12394;1;0
Secretharbourvi.com-0040-2015Redesign;en-US;20178;9374;1;0
theweststreethotel.com-0115-2017Redesign;en-US;36726;37426;1;0
Broadmoor.com-0073-2016Redesign;en-US;18259;21232;1;0
saddlebrook.com-0011-2014Redesign;en-US;3618;3385;1;0
theweststreethotel.com-0115-2017Redesign;en-US;37426;37654;1;0
Thelodgeatwoodloch.com-0033-2015Redesign;en-US;8268;8393;1;0
Monarchbeachresort.com-0092-2016Redesign;en-US;22984;22846;1;0
theweststreethotel.com-0115-2017Redesign;en-US;37654;36683;1;0
Cocokeyorlando.com-0059-2015Redesign;en-US;0;12406;1;0
Broadmoor.com-0073-2016Redesign;en-US;16797;16721;1;0
wentworthcom00212014redesign;en-US;26679;4284;1;0
Thesagamore.com-0112-2017Redesign;en-US;0;33452;1;0
saddlebrook.com-0011-2014Redesign;en-US;3385;3618;1;0
Sandpearl.com-0091-2016Redesign;en-US;22532;22489;1;0
Montaukyachtclub.com-0010-2014Redesign;en-US;2454;7955;1;0
Theoxfordhotel.com-0062-2015Redesign;en-US;14325;14430;1;0
Thesagamore.com-0112-2017Redesign;en-US;33470;32339;1;0
