Renaissancepittsburghpa.com-0044-2015Redesign;en-US;www.bing.com;10040;1;0
saddlebrook.com-0011-2014Redesign;en-US;www.google.com;3385;1;0
Renaissancepittsburghpa.com-0044-2015Redesign;en-US;notify.bluecoat.com;10040;1;0
Laxembassy.com-0008-2014Redesign;en-US;copro.pw;2147;1;0
Glencovemansion.com-0058-2015Redesign;en-US;www.google.com;13328;1;0
Laxembassy.com-0008-2014Redesign;en-US;03e.info;2147;1;0
Laxembassy.com-0008-2014Redesign;en-US;copro.pw;2147;1;0
Laxembassy.com-0008-2014Redesign;en-US;03e.info;2147;1;0
Laxembassy.com-0008-2014Redesign;en-US;copro.pw;2147;1;0
Laxembassy.com-0008-2014Redesign;en-US;03e.info;2147;1;0
Cocokeyorlando.com-0059-2015Redesign;en-US;www.google.com;12394;1;0
Cocokeyorlando.com-0059-2015Redesign;en-US;www.google.com;12394;1;0
Thesagamore.com-0112-2017Redesign;en-US;www.google.com;33479;1;0
Broadmoor.com-0073-2016Redesign;en-US;googleads.g.doubleclick.net;16728;1;0
Zotabeachresort.com-0090-2016Redesign;en-US;www.heraldtribune.com;22357;1;0
Cphollywoodbeach.com-0032-2015Redesign;en-US;www.google.ca;7831;1;0
Thesagamore.com-0112-2017Redesign;en-US;r.search.yahoo.com;32339;1;0
Cphollywoodbeach.com-0032-2015Redesign;en-US;www.earthcam.com;7831;1;0
Hospitalityupgrade.com-0093-2016Redesign;en-US;www.google.com;22790;1;0
Sandpearl.com-0091-2016Redesign;en-US;www.google.ca;22481;1;0
Edgewaternaples.com-0094-2016Redesign;en-US;www.google.com;25239;1;0
Edgewaternaples.com-0094-2016Redesign;en-US;www.google.com;25239;1;0
Kittitianhill.com-0012-2014Redesign;en-US;sustain.pata.org;2290;1;0
Broadmoor.com-0073-2016Redesign;en-US;login.nomadix.com:1111;16724;1;0
Broadmoor.com-0073-2016Redesign;en-US;login.nomadix.com:1111;16724;1;0
