Thelodgeatwoodloch.com-0033-2015Redesign;en-US;9932;9916;1;0
Samosetresort.com-0113-2017Redesign;en-US;32541;35151;1;0
Chrco.com-0107-2017Redesign;en-US;29280;40755;1;0
Longboatkeyclub.com-0104-2017Redesign;en-US;28316;35641;1;0
saddlebrook.com-0011-2014Redesign;en-US;3482;3385;1;0
Sandpearl.com-0091-2016Redesign;en-US;22481;22498;1;0
Sandpearl.com-0091-2016Redesign;en-US;25376;22489;1;0
Luxehotels.com-0078-2016Redesign;en-US;19291;19639;1;0
wentworthcom00212014redesign;en-US;4259;26679;1;0
wentworthcom00212014redesign;en-US;26679;4259;1;0
Thesagamore.com-0112-2017Redesign;en-US;32390;33574;1;0
Edgewaternaples.com-0094-2016Redesign;en-US;25239;25256;1;0
Longboatkeyclub.com-0104-2017Redesign;en-US;28316;28317;1;0
Casaybelresort.com-0002-2014Redesign;en-US;1533;1613;1;0
Broadmoor.com-0073-2016Redesign;en-US;0;23734;1;0
Broadmoor.com-0073-2016Redesign;en-US;0;23734;1;0
Luxehotels.com-0078-2016Redesign;en-US;19639;19628;1;0
wentworthcom00212014redesign;en-US;4259;26679;1;0
wentworthcom00212014redesign;en-US;26679;4259;1;0
Chrco.com-0107-2017Redesign;en-US;29280;29434;1;0
Thelodgeatwoodloch.com-0033-2015Redesign;en-US;9916;9932;1;0
Thesagamore.com-0112-2017Redesign;en-US;33574;32390;1;0
Casaybelresort.com-0002-2014Redesign;en-US;1613;1603;1;0
Samosetresort.com-0113-2017Redesign;en-US;32549;32578;1;0
Thesagamore.com-0112-2017Redesign;en-US;32390;33573;1;0
Casaybelresort.com-0002-2014Redesign;en-US;1613;1573;1;0
Thesagamore.com-0112-2017Redesign;en-US;32339;32346;1;0
Thelodgeatwoodloch.com-0033-2015Redesign;en-US;9932;9929;1;0
theweststreethotel.com-0115-2017Redesign;en-US;36718;37425;1;0
Samosetresort.com-0113-2017Redesign;en-US;35151;32541;1;0
Thelodgeatwoodloch.com-0033-2015Redesign;en-US;7764;8261;1;0
Samosetresort.com-0113-2017Redesign;en-US;32578;35352;1;0
Luxehotels.com-0078-2016Redesign;en-US;19628;19290;1;0
Casaybelresort.com-0002-2014Redesign;en-US;1613;1533;1;0
Broadmoor.com-0073-2016Redesign;en-US;0;22040;1;0
Edgewaternaples.com-0094-2016Redesign;en-US;25239;25256;1;0
Cocokeyorlando.com-0059-2015Redesign;en-US;0;12394;1;0
Luxehotels.com-0078-2016Redesign;en-US;19290;19300;1;0
Casaybelresort.com-0002-2014Redesign;en-US;1573;1613;1;0
Thelodgeatwoodloch.com-0033-2015Redesign;en-US;8261;11304;1;0
Thelodgeatwoodloch.com-0033-2015Redesign;en-US;9929;8254;1;0
Thesagamore.com-0112-2017Redesign;en-US;32346;32390;1;0
Thelodgeatwoodloch.com-0033-2015Redesign;en-US;8254;9847;1;0
Longboatkeyclub.com-0104-2017Redesign;en-US;28316;29749;1;0
Longboatkeyclub.com-0104-2017Redesign;en-US;0;28317;1;0
Casaybelresort.com-0002-2014Redesign;en-US;1613;1573;1;0
Washingtondukeinn.com-0024-2014Redesign;en-US;0;4746;1;0
Galthouse.com-0042-2015Redesign;en-US;0;9789;1;0
Samosetresort.com-0113-2017Redesign;en-US;0;32541;1;0
