Napavalleymarriott.com-0071-2016Redesign;en-US;27499;18369;1;0
Monarchbeachresort.com-0092-2016Redesign;en-US;22725;22986;1;0
Broadmoor.com-0073-2016Redesign;en-US;17699;16728;1;0
Cocokeyorlando.com-0059-2015Redesign;en-US;0;12394;1;0
Glencovemansion.com-0058-2015Redesign;en-US;13328;13329;1;0
Thecurtis.com-0079-2016Redesign;en-US;0;19041;1;0
Theoxfordhotel.com-0062-2015Redesign;en-US;0;14325;1;0
Chrco.com-0107-2017Redesign;en-US;29280;29680;1;0
Glencovemansion.com-0058-2015Redesign;en-US;13329;13342;1;0
Broadmoor.com-0073-2016Redesign;en-US;16728;18013;1;0
Laxembassy.com-0008-2014Redesign;en-US;2083;2092;1;0
Sandylane.com-0075-2016Redesign;en-US;17712;17698;1;0
Lakeplacidlodge.com-0105-2017Redesign;en-US;28545;32795;1;0
Napavalleymarriott.com-0071-2016Redesign;en-US;18369;16432;1;0
Sandylane.com-0075-2016Redesign;en-US;17698;17701;1;0
Sandylane.com-0075-2016Redesign;en-US;0;17723;1;0
Thecurtis.com-0079-2016Redesign;en-US;0;17981;1;0
Broadmoor.com-0073-2016Redesign;en-US;18200;17449;1;0
Lakeplacidlodge.com-0105-2017Redesign;en-US;32795;28545;1;0
Glencovemansion.com-0058-2015Redesign;en-US;13342;41315;1;0
Thecurtis.com-0079-2016Redesign;en-US;19041;19076;1;0
Thecurtis.com-0079-2016Redesign;en-US;19076;17981;1;0
Luxehotels.com-0078-2016Redesign;en-US;19330;19333;1;0
Beverlyhillsresidenceinn.com-0087-2016Redesign;en-US;21043;20999;1;0
Thesagamore.com-0112-2017Redesign;en-US;32391;33462;1;0
Thecurtis.com-0079-2016Redesign;en-US;17981;19041;1;0
Laxembassy.com-0008-2014Redesign;en-US;2092;2093;1;0
Samosetresort.com-0113-2017Redesign;en-US;0;32541;1;0
Laxembassy.com-0008-2014Redesign;en-US;2093;2092;1;0
Sandylane.com-0075-2016Redesign;en-US;17701;17714;1;0
theweststreethotel.com-0115-2017Redesign;en-US;37423;37656;1;0
Thecurtis.com-0079-2016Redesign;en-US;19041;19076;1;0
Broadmoor.com-0073-2016Redesign;en-US;16722;17447;1;0
Thecurtis.com-0079-2016Redesign;en-US;19076;17981;1;0
Glencovemansion.com-0058-2015Redesign;en-US;13328;13329;1;0
Broadmoor.com-0073-2016Redesign;en-US;16721;16756;1;0
Theoxfordhotel.com-0062-2015Redesign;en-US;14346;14325;1;0
Thelodgeatwoodloch.com-0033-2015Redesign;en-US;15817;7771;1;0
Glencovemansion.com-0058-2015Redesign;en-US;13329;13340;1;0
Broadmoor.com-0073-2016Redesign;en-US;17449;18259;1;0
Theoxfordhotel.com-0062-2015Redesign;en-US;14325;14335;1;0
