Sandpearl.com-0091-2016Redesign;en-US;www.google.com;22481;1;0
Casaybelresort.com-0002-2014Redesign;en-US;surfinggator.com;1613;1;0
Cphollywoodbeach.com-0032-2015Redesign;en-US;www.google.ca;7831;1;0
Renaissancepittsburghpa.com-0044-2015Redesign;en-US;www.google.com;9637;1;0
wentworthcom00212014redesign;en-US;r.search.yahoo.com;26679;1;0
wentworthcom00212014redesign;en-US;r.search.yahoo.com;4259;1;0
Broadmoor.com-0073-2016Redesign;en-US;www.google.com;18259;1;0
Marriottkeylargo.com-0015-2014Redesign;en-US;www.beachcamsusa.com;3948;1;0
Marriottkeylargo.com-0015-2014Redesign;en-US;www.beachcamsusa.com;3964;1;0
Cphollywoodbeach.com-0032-2015Redesign;en-US;www.sunny.org;7831;1;0
Cphollywoodbeach.com-0032-2015Redesign;en-US;www.google.com;7831;1;0
Casaybelresort.com-0002-2014Redesign;en-US;www.google.com;1613;1;0
Cphollywoodbeach.com-0032-2015Redesign;en-US;www.google.com;7831;1;0
Marriottkeylargo.com-0015-2014Redesign;en-US;www.beachcamsusa.com;3948;1;0
Marriottkeylargo.com-0015-2014Redesign;en-US;www.beachcamsusa.com;3964;1;0
Casaybelresort.com-0002-2014Redesign;en-US;surfinggator.com;1613;1;0
theweststreethotel.com-0115-2017Redesign;en-US;themainemag.com;36683;1;0
Theharborsidehotel.com-0114-2017Redesign;en-US;www.google.com;37571;1;0
Broadmoor.com-0073-2016Redesign;en-US;www.google.com;16759;1;0
Thesagamore.com-0112-2017Redesign;en-US;www.google.com;32339;1;0
Thesagamore.com-0112-2017Redesign;en-US;www.google.com;32339;1;0
Sandpearl.com-0091-2016Redesign;en-US;www.google.com;22481;1;0
Casaybelresort.com-0002-2014Redesign;en-US;www.google.com;1604;1;0
Broadmoor.com-0073-2016Redesign;en-US;android-app:;18259;1;0
Thecurtis.com-0079-2016Redesign;en-US;www.google.com;17981;1;0
Broadmoor.com-0073-2016Redesign;en-US;login.nomadix.com:1111;16724;1;0
Broadmoor.com-0073-2016Redesign;en-US;login.nomadix.com:1111;16724;1;0
Chrco.com-0107-2017Redesign;en-US;www.google.com;29280;1;0
Thelodgeatwoodloch.com-0033-2015Redesign;en-US;www.simplyjuicytravel.com;7764;1;0
Marriottkeylargo.com-0015-2014Redesign;en-US;www.beachcamsusa.com;3948;1;0
Marriottkeylargo.com-0015-2014Redesign;en-US;www.beachcamsusa.com;3964;1;0
Broadmoor.com-0073-2016Redesign;en-US;www.google.com;16721;1;0
Luxehotels.com-0078-2016Redesign;en-US;www.google.com;18833;1;0
Cphollywoodbeach.com-0032-2015Redesign;en-US;www.sunny.org;7831;1;0
Sandpearl.com-0091-2016Redesign;en-US;www.google.com;22481;1;0
Casaybelresort.com-0002-2014Redesign;en-US;surfinggator.com;1613;1;0
Longboatkeyclub.com-0104-2017Redesign;en-US;worldcam.eu;28317;1;0
Cocokeyorlando.com-0059-2015Redesign;en-US;www.google.com;12394;1;0
Cocokeyorlando.com-0059-2015Redesign;en-US;www.google.com;12394;1;0
Broadmoor.com-0073-2016Redesign;en-US;www.google.com;22159;1;0
Broadmoor.com-0073-2016Redesign;en-US;www.google.com;18259;1;0
