Thelodgeatwoodloch.com-0033-2015Redesign;en-US;www.google.com;7764;1;0
Cphollywoodbeach.com-0032-2015Redesign;en-US;www.sunny.org;7831;1;0
Broadmoor.com-0073-2016Redesign;en-US;search.yahoo.com;16721;1;0
Casaybelresort.com-0002-2014Redesign;en-US;link.shermanstravel.com;1533;1;0
Longboatkeyclub.com-0104-2017Redesign;en-US;www.google.com;28316;1;0
Casaybelresort.com-0002-2014Redesign;en-US;www.google.com;1613;1;0
Bocatrans.com-0082-2016Redesign;en-US;www.google.com;19758;1;0
Broadmoor.com-0073-2016Redesign;en-US;www.google.com;18259;1;0
Cphollywoodbeach.com-0032-2015Redesign;en-US;www.google.ca;7831;1;0
Edgewaternaples.com-0094-2016Redesign;en-US;www.google.com;25246;1;0
Edgewaternaples.com-0094-2016Redesign;en-US;www.google.com;25246;1;0
Hospitalityupgrade.com-0093-2016Redesign;en-US;l.facebook.com;33296;1;0
Thelodgeatwoodloch.com-0033-2015Redesign;en-US;www.facebook.com;7764;1;0
Casaybelresort.com-0002-2014Redesign;en-US;sanibel-island.sanibel-captiva.org;1533;1;0
Galthouse.com-0042-2015Redesign;en-US;www.google.com;31905;1;0
Theharborsidehotel.com-0114-2017Redesign;en-US;www.acadiamagic.com;37571;1;0
Theharborsidehotel.com-0114-2017Redesign;en-US;www.acadiamagic.com;37571;1;0
Marriottkeylargo.com-0015-2014Redesign;en-US;m.facebook.com;3948;1;0
Minnetonkamarriott.com-0039-2015Redesign;en-US;landmania.ru;8817;1;0
Marriottkeylargo.com-0015-2014Redesign;en-US;m.facebook.com;3964;1;0
Broadmoor.com-0073-2016Redesign;en-US;www.google.com;16721;1;0
Minnetonkamarriott.com-0039-2015Redesign;en-US;landmania.ru;8817;1;0
Cphollywoodbeach.com-0032-2015Redesign;en-US;www.sunny.org;7831;1;0
Broadmoor.com-0073-2016Redesign;en-US;www.google.com;18259;1;0
Thesagamore.com-0112-2017Redesign;en-US;www.newyorkupstate.com;32339;1;0
Washingtoncourthotel.com-0076-2016Redesign;en-US;www.nacep.org;17858;1;0
Thesagamore.com-0112-2017Redesign;en-US;www.newyorkupstate.com;32339;1;0
Beverlyhillsresidenceinn.com-0087-2016Redesign;en-US;missis.top;20999;1;0
Beverlyhillsresidenceinn.com-0087-2016Redesign;en-US;missis.top;20999;1;0
Broadmoor.com-0073-2016Redesign;en-US;tpc.googlesyndication.com;16728;1;0
Beverlyhillsresidenceinn.com-0087-2016Redesign;en-US;missis.top;20999;1;0
Broadmoor.com-0073-2016Redesign;en-US;login.nomadix.com:1111;16724;1;0
Broadmoor.com-0073-2016Redesign;en-US;login.nomadix.com:1111;16724;1;0
Broadmoor.com-0073-2016Redesign;en-US;login.nomadix.com:1111;16724;1;0
Broadmoor.com-0073-2016Redesign;en-US;login.nomadix.com:1111;16724;1;0
Edgewaternaples.com-0094-2016Redesign;en-US;www.google.com;25239;1;0
Theoxfordhotel.com-0062-2015Redesign;en-US;www.google.com;14325;1;0
Broadmoor.com-0073-2016Redesign;en-US;www.google.com;18259;1;0
Residenceinnnyc.com-0034-2015Redesign;en-US;www.google.com;8087;1;0
Delraysandsresort.com-0097-2016Redesign;en-US;www.google.com;27232;1;0
Delraysandsresort.com-0097-2016Redesign;en-US;www.google.com;27232;1;0
Cocokeyorlando.com-0059-2015Redesign;en-US;www.google.com;12488;1;0
Thesagamore.com-0112-2017Redesign;en-US;www.google.com;33444;1;0
Jbdukehotel.com-0086-2016Redesign;en-US;www.google.com;21921;1;0
Galthouse.com-0042-2015Redesign;en-US;www.google.com;31905;1;0
Galthouse.com-0042-2015Redesign;en-US;www.google.com;31905;1;0
Cphollywoodbeach.com-0032-2015Redesign;en-US;www.sunny.org;7831;1;0
Broadmoor.com-0073-2016Redesign;en-US;login.nomadix.com:1111;16724;1;0
Broadmoor.com-0073-2016Redesign;en-US;login.nomadix.com:1111;16724;1;0
Broadmoor.com-0073-2016Redesign;en-US;www.google.com;16721;1;0
Halcyonhotelcherrycreek.com-0061-2015Redesign;en-US;www.google.com;23287;1;0
Cocokeyorlando.com-0059-2015Redesign;en-US;www.google.com;12394;1;0
Montaukyachtclub.com-0010-2014Redesign;en-US;www.google.fr;2240;1;0
Cocokeyorlando.com-0059-2015Redesign;en-US;www.google.com;12394;1;0
Theoxfordhotel.com-0062-2015Redesign;en-US;www.google.com;14325;1;0
Cocokeyorlando.com-0059-2015Redesign;en-US;www.google.com;12394;1;0
