Cphollywoodbeach.com-0032-2015Redesign;en-US;android-app:;7831;1;0
Casaybelresort.com-0002-2014Redesign;en-US;search.yahoo.com;1613;1;0
Thelodgeatwoodloch.com-0033-2015Redesign;en-US;search.yahoo.com;7764;1;0
Cphollywoodbeach.com-0032-2015Redesign;en-US;www.sunny.org;7831;1;0
Cphollywoodbeach.com-0032-2015Redesign;en-US;www.google.com;7831;1;0
Residenceinnlax.com-0026-2014Redesign;en-US;www.google.com;5518;1;0
Sandpearl.com-0091-2016Redesign;en-US;www.google.com;22481;1;0
Marriottkeylargo.com-0015-2014Redesign;en-US;www.fla-keys.com;3948;1;0
Marriottkeylargo.com-0015-2014Redesign;en-US;www.fla-keys.com;3964;1;0
Monarchbeachresort.com-0092-2016Redesign;en-US;m.facebook.com;22725;1;0
Napavalleymarriott.com-0071-2016Redesign;en-US;www.google.com;16432;1;0
Sandpearl.com-0091-2016Redesign;en-US;www.google.com;22481;1;0
Casaybelresort.com-0002-2014Redesign;en-US;surfinggator.com;1613;1;0
Cphollywoodbeach.com-0032-2015Redesign;en-US;www.sunny.org;7831;1;0
Galthouse.com-0042-2015Redesign;en-US;m.facebook.com;31905;1;0
Galthouse.com-0042-2015Redesign;en-US;m.facebook.com;31905;1;0
Casaybelresort.com-0002-2014Redesign;en-US;surfinggator.com;1613;1;0
Miravalspamonarchbeach.com-0109-2017Redesign;en-US;www.monarchbeachresort.com;31709;1;0
Broadmoor.com-0073-2016Redesign;en-US;www.google.com;23743;1;0
Marriottkeylargo.com-0015-2014Redesign;en-US;www.fla-keys.com;3948;1;0
Marriottkeylargo.com-0015-2014Redesign;en-US;www.fla-keys.com;3964;1;0
Cphollywoodbeach.com-0032-2015Redesign;en-US;www.sunny.org;7831;1;0
Washingtondukeinn.com-0024-2014Redesign;en-US;www.google.com;5165;1;0
Washingtondukeinn.com-0024-2014Redesign;en-US;www.google.com;5165;1;0
Longboatkeyclub.com-0104-2017Redesign;en-US;www.baysider.com;35641;1;0
Marriottkeylargo.com-0015-2014Redesign;en-US;surfinggator.com;3948;1;0
Thesagamore.com-0112-2017Redesign;en-US;www.google.com;32339;1;0
Broadmoor.com-0073-2016Redesign;en-US;www.bing.com;16721;1;0
