Broadmoor.com-0073-2016Redesign;en-US;www.google.com;16721;1;0
Sandylane.com-0075-2016Redesign;en-US;www.google.com;17611;1;0
Broadmoor.com-0073-2016Redesign;en-US;www.google.com;16721;1;0
Broadmoor.com-0073-2016Redesign;en-US;www.google.com;16721;1;0
Theloganhotel.com-0043-2015Redesign;en-US;m.facebook.com;20218;1;0
Broadmoor.com-0073-2016Redesign;en-US;www.google.com;16721;1;0
Theharborsidehotel.com-0114-2017Redesign;en-US;www.visitnewengland.com;37571;1;0
Theharborsidehotel.com-0114-2017Redesign;en-US;www.visitnewengland.com;37571;1;0
Theloganhotel.com-0043-2015Redesign;en-US;www.google.com;20218;1;0
Lakeplacidlodge.com-0105-2017Redesign;en-US;www.google.ca;28545;1;0
Theharborsidehotel.com-0114-2017Redesign;en-US;www.acadianationalpark.com;37571;1;0
Theharborsidehotel.com-0114-2017Redesign;en-US;www.acadianationalpark.com;37571;1;0
Casaybelresort.com-0002-2014Redesign;en-US;m.facebook.com;1533;1;0
Montaukyachtclub.com-0010-2014Redesign;en-US;www.inboundlinks.win;2240;1;0
Broadmoor.com-0073-2016Redesign;en-US;www.google.com;36102;1;0
Casaybelresort.com-0002-2014Redesign;en-US;www.google.com;1613;1;0
Casaybelresort.com-0002-2014Redesign;en-US;www.google.com;1533;1;0
Galthouse.com-0042-2015Redesign;en-US;www.google.com;31905;1;0
Thelodgeatwoodloch.com-0033-2015Redesign;en-US;www.google.com;9932;1;0
Edgewaternaples.com-0094-2016Redesign;en-US;www.google.com;25239;1;0
Lakeplacidlodge.com-0105-2017Redesign;en-US;www.google.com;28545;1;0
Thesagamore.com-0112-2017Redesign;en-US;www.google.com;32339;1;0
Lakeplacidlodge.com-0105-2017Redesign;en-US;www.google.com;28545;1;0
Thesagamore.com-0112-2017Redesign;en-US;www.google.com;32339;1;0
Degreerestaurant.com-0056-2015Redesign;en-US;www.google.com;11602;1;0
Napavalleymarriott.com-0071-2016Redesign;en-US;prlog.ru;16432;1;0
Secretharbourvi.com-0040-2015Redesign;en-US;l.facebook.com;9231;1;0
Thelodgeatwoodloch.com-0033-2015Redesign;en-US;www.google.com;7782;1;0
theweststreethotel.com-0115-2017Redesign;en-US;r.search.yahoo.com;36683;1;0
Cocokeyorlando.com-0059-2015Redesign;en-US;www.google.com;12394;1;0
Cocokeyorlando.com-0059-2015Redesign;en-US;www.google.com;12394;1;0
Broadmoor.com-0073-2016Redesign;en-US;login.nomadix.com:1111;16724;1;0
Broadmoor.com-0073-2016Redesign;en-US;login.nomadix.com:1111;16724;1;0
Broadmoor.com-0073-2016Redesign;en-US;tpc.googlesyndication.com;16728;1;0
theweststreethotel.com-0115-2017Redesign;en-US;www.google.com;36683;1;0
Sandpearl.com-0091-2016Redesign;en-US;www.google.com;22488;1;0
Broadmoor.com-0073-2016Redesign;en-US;login.nomadix.com:1111;16724;1;0
Broadmoor.com-0073-2016Redesign;en-US;login.nomadix.com:1111;16724;1;0
Monarchbeachresort.com-0092-2016Redesign;en-US;m.facebook.com;36747;1;0
Broadmoor.com-0073-2016Redesign;en-US;www.google.com;16721;1;0
Cocokeyorlando.com-0059-2015Redesign;en-US;www.google.com;12394;1;0
Cocokeyorlando.com-0059-2015Redesign;en-US;www.google.com;12394;1;0
Galthouse.com-0042-2015Redesign;en-US;www.google.com;31905;1;0
Galthouse.com-0042-2015Redesign;en-US;www.google.com;31905;1;0
Luxehotels.com-0078-2016Redesign;en-US;www.google.ca;18805;1;0
Galthouse.com-0042-2015Redesign;en-US;search.yahoo.com;31905;1;0
Cphollywoodbeach.com-0032-2015Redesign;en-US;www.sunny.org;7831;1;0
Theharborsidehotel.com-0114-2017Redesign;en-US;www.bing.com;37571;1;0
Thesagamore.com-0112-2017Redesign;en-US;www.google.com;32339;1;0
Thesagamore.com-0112-2017Redesign;en-US;www.google.com;32390;1;0
Cocokeyorlando.com-0059-2015Redesign;en-US;www.google.com;12394;1;0
Thelodgeatwoodloch.com-0033-2015Redesign;en-US;www.google.com;7764;1;0
Cocokeyorlando.com-0059-2015Redesign;en-US;www.google.com;12394;1;0
Thesagamore.com-0112-2017Redesign;en-US;android-app:;32339;1;0
Thesagamore.com-0112-2017Redesign;en-US;android-app:;32339;1;0
Thesagamore.com-0112-2017Redesign;en-US;duckduckgo.com;32339;1;0
