Washingtoncourthotel.com-0076-2016Redesign;en-US;sucuri.net;17858;1;0
Washingtoncourthotel.com-0076-2016Redesign;en-US;sucuri.net;17858;1;0
Washingtoncourthotel.com-0076-2016Redesign;en-US;www.google.com;17858;1;0
Broadmoor.com-0073-2016Redesign;en-US;www.cograilway.com;18259;1;0
Washingtoncourthotel.com-0076-2016Redesign;en-US;www.bing.com;17933;1;0
Washingtoncourthotel.com-0076-2016Redesign;en-US;www.facebook.com;17932;1;0
Cocokeyorlando.com-0059-2015Redesign;en-US;www.google.com;12394;1;0
Washingtoncourthotel.com-0076-2016Redesign;en-US;sucuri.net;18039;1;0
Washingtoncourthotel.com-0076-2016Redesign;en-US;www.facebook.com;17935;1;0
Washingtoncourthotel.com-0076-2016Redesign;en-US;sucuri.net;17934;1;0
Monarchbeachresort.com-0092-2016Redesign;en-US;www.google.com;22725;1;0
Montaukyachtclub.com-0010-2014Redesign;en-US;www.google.com;2456;1;0
Thecurtis.com-0079-2016Redesign;en-US;www.google.com;17981;1;0
Hi-nyc.com-0108-2017Redesogm;en-US;search.yahoo.com;30080;1;0
Cphollywoodbeach.com-0032-2015Redesign;en-US;www.broward.org;7805;1;0
Broadmoor.com-0073-2016Redesign;en-US;www.bing.com;16721;1;0
Broadmoor.com-0073-2016Redesign;en-US;mail.neglers.com;16721;1;0
Broadmoor.com-0073-2016Redesign;en-US;mail.neglers.com;16721;1;0
Broadmoor.com-0073-2016Redesign;en-US;mail.neglers.com;16721;1;0
Broadmoor.com-0073-2016Redesign;en-US;mail.neglers.com;16721;1;0
Broadmoor.com-0073-2016Redesign;en-US;mail.neglers.com;16721;1;0
Broadmoor.com-0073-2016Redesign;en-US;mail.neglers.com;16721;1;0
Broadmoor.com-0073-2016Redesign;en-US;mail.neglers.com;16721;1;0
Broadmoor.com-0073-2016Redesign;en-US;mail.neglers.com;16721;1;0
Broadmoor.com-0073-2016Redesign;en-US;mail.neglers.com;16721;1;0
Broadmoor.com-0073-2016Redesign;en-US;mail.neglers.com;16721;1;0
Longboatkeyclub.com-0104-2017Redesign;en-US;www--longboatkeyclub--com.rztrkr.com;41579;1;0
Broadmoor.com-0073-2016Redesign;en-US;mail.neglers.com;16721;1;0
Broadmoor.com-0073-2016Redesign;en-US;mail.neglers.com;16721;1;0
Broadmoor.com-0073-2016Redesign;en-US;mail.neglers.com;16721;1;0
Unionstationhotelnashville.com-0047-2015Redesign;en-US;www.google.com;32226;1;0
Marriottkeylargo.com-0015-2014Redesign;en-US;fdep.maps.arcgis.com;3948;1;0
Luxehotels.com-0078-2016Redesign;en-US;www.google.com;19333;1;0
saddlebrook.com-0011-2014Redesign;en-US;www.google.com;3385;1;0
Broadmoor.com-0073-2016Redesign;en-US;www.google.com;18259;1;0
Cphollywoodbeach.com-0032-2015Redesign;en-US;www.bing.com;7862;1;0
Cocokeyorlando.com-0059-2015Redesign;en-US;www.google.com;12406;1;0
Galthouse.com-0042-2015Redesign;en-US;www.google.co.jp;31905;1;0
Galthouse.com-0042-2015Redesign;en-US;www.google.co.jp;31905;1;0
Thelodgeatwoodloch.com-0033-2015Redesign;en-US;www.google.com;7764;1;0
Bellemontfarm.com-0007-2013Redesign;en-US;www.inboundlinks.win;11497;1;0
saddlebrook.com-0011-2014Redesign;en-US;www.google.com;3385;1;0
Broadmoor.com-0073-2016Redesign;en-US;mail.neglers.com;16721;1;0
Broadmoor.com-0073-2016Redesign;en-US;mail.neglers.com;16721;1;0
Broadmoor.com-0073-2016Redesign;en-US;www.google.com;18259;1;0
Halcyonhotelcherrycreek.com-0061-2015Redesign;en-US;uncrate.com;22121;1;0
Monarchbeachresort.com-0092-2016Redesign;en-US;www.google.com;22725;1;0
Thelodgeatwoodloch.com-0033-2015Redesign;en-US;www.poconomountains.com;7764;1;0
Oxfordclubspa.com-0068-2016Redesign;en-US;www.theoxfordhotel.com;15568;1;0
Monarchbeachresort.com-0092-2016Redesign;en-US;mg.mail.yahoo.com;41732;1;0
Lakeplacidlodge.com-0105-2017Redesign;en-US;www.google.com;28552;1;0
Miravalspamonarchbeach.com-0109-2017Redesign;en-US;l.facebook.com;33601;1;0
Monarchbeachresort.com-0092-2016Redesign;en-US;m.facebook.com;22725;1;0
Thelodgeatwoodloch.com-0033-2015Redesign;en-US;www.google.com;11007;1;0
Broadmoor.com-0073-2016Redesign;en-US;login.nomadix.com:1111;16724;1;0
Broadmoor.com-0073-2016Redesign;en-US;www.google.com;16761;1;0
Miravalspamonarchbeach.com-0109-2017Redesign;en-US;l.facebook.com;33601;1;0
Monarchbeachresort.com-0092-2016Redesign;en-US;www.google.com;22725;1;0
