Opalsands.com-0084-2016Redesign;en-US;www.google.com;20171;1;0
Opalsands.com-0084-2016Redesign;en-US;www.google.com;20171;1;0
Broadmoor.com-0073-2016Redesign;en-US;www.bing.com;16721;1;0
Samosetresort.com-0113-2017Redesign;en-US;www.bing.com;32541;1;0
Residenceinnlax.com-0026-2014Redesign;en-US;www.google.com;5271;1;0
Galthouse.com-0042-2015Redesign;en-US;m.facebook.com;31905;1;0
Edgewaternaples.com-0094-2016Redesign;en-US;www.google.com;25239;1;0
Galthouse.com-0042-2015Redesign;en-US;m.facebook.com;31905;1;0
Edgewaternaples.com-0094-2016Redesign;en-US;www.google.com;25239;1;0
Cphollywoodbeach.com-0032-2015Redesign;en-US;www.bing.com;7831;1;0
Broadmoor.com-0073-2016Redesign;en-US;www.google.com;16728;1;0
Unionstationhotelnashville.com-0047-2015Redesign;en-US;www.google.com;32226;1;0
Cphollywoodbeach.com-0032-2015Redesign;en-US;www.google.com;7831;1;0
Lakeplacidlodge.com-0105-2017Redesign;en-US;www.thesagamore.com;28545;1;0
Galthouse.com-0042-2015Redesign;en-US;m.facebook.com;31905;1;0
Montaukyachtclub.com-0010-2014Redesign;en-US;m.facebook.com;2240;1;0
Casaybelresort.com-0002-2014Redesign;en-US;www.google.com;1613;1;0
Casaybelresort.com-0002-2014Redesign;en-US;r.search.yahoo.com;1613;1;0
Longboatkeyclub.com-0104-2017Redesign;en-US;www.google.com;28316;1;0
Edgewaternaples.com-0094-2016Redesign;en-US;www.google.com;25239;1;0
Edgewaternaples.com-0094-2016Redesign;en-US;www.google.com;25239;1;0
Cphollywoodbeach.com-0032-2015Redesign;en-US;www.google.com;7831;1;0
Napavalleymarriott.com-0071-2016Redesign;en-US;www.google.com;16432;1;0
Broadmoor.com-0073-2016Redesign;en-US;www.tripadvisor.com;22720;1;0
Zotabeachresort.com-0090-2016Redesign;en-US;reservations.zotabeachresort.com;22357;1;0
Zotabeachresort.com-0090-2016Redesign;en-US;reservations.zotabeachresort.com;22357;1;0
Casaybelresort.com-0002-2014Redesign;en-US;android-app:;1613;1;0
Montaukyachtclub.com-0010-2014Redesign;en-US;lm.facebook.com;2240;1;0
Thecrawfordhotel.com-0074-2016Redesign;en-US;www.google.com;17145;1;0
Broadmoor.com-0073-2016Redesign;en-US;tpc.googlesyndication.com;16728;1;0
Galthouse.com-0042-2015Redesign;en-US;erastudio.kz;31905;1;0
Casaybelresort.com-0002-2014Redesign;en-US;r.search.yahoo.com;1533;1;0
Broadmoor.com-0073-2016Redesign;en-US;login.nomadix.com:1111;16724;1;0
Broadmoor.com-0073-2016Redesign;en-US;login.nomadix.com:1111;16724;1;0
Monarchbeachresort.com-0092-2016Redesign;en-US;m.facebook.com;26800;1;0
Sandpearl.com-0091-2016Redesign;en-US;www.google.com;22481;1;0
Thesagamore.com-0112-2017Redesign;en-US;www.google.com;32339;1;0
Thesagamore.com-0112-2017Redesign;en-US;www.google.com;32339;1;0
Casaybelresort.com-0002-2014Redesign;en-US;www.google.com;1613;1;0
Cphollywoodbeach.com-0032-2015Redesign;en-US;www.sunny.org;7831;1;0
Broadmoor.com-0073-2016Redesign;en-US;www.google.com;16766;1;0
Theharborsidehotel.com-0114-2017Redesign;en-US;search.yahoo.com;38027;1;0
Cphollywoodbeach.com-0032-2015Redesign;en-US;www.sunny.org;7831;1;0
Renaissancepittsburghpa.com-0044-2015Redesign;en-US;www.google.com;9637;1;0
Broadmoor.com-0073-2016Redesign;en-US;tpc.googlesyndication.com;16728;1;0
Longboatkeyclub.com-0104-2017Redesign;en-US;www.google.com;28316;1;0
Theharborsidehotel.com-0114-2017Redesign;en-US;search.yahoo.com;38027;1;0
Casaybelresort.com-0002-2014Redesign;en-US;surfinggator.com;1613;1;0
