Monarchbeachresort.com-0092-2016Redesign;en-US;22725;26800;1;0
Thelodgeatwoodloch.com-0033-2015Redesign;en-US;0;7764;1;0
Samosetresort.com-0113-2017Redesign;en-US;32541;35127;1;0
Cocokeyorlando.com-0059-2015Redesign;en-US;12394;12624;1;0
Broadmoor.com-0073-2016Redesign;en-US;17269;17335;1;0
Broadmoor.com-0073-2016Redesign;en-US;16790;18208;1;0
Thesagamore.com-0112-2017Redesign;en-US;32389;33467;1;0
Newyorkpalacemeetings.com-0045-2015Redesign;en-US;9245;9230;1;0
Broadmoor.com-0073-2016Redesign;en-US;17339;17269;1;0
Broadmoor.com-0073-2016Redesign;en-US;16756;18014;1;0
Thecurtis.com-0079-2016Redesign;en-US;19041;19043;1;0
Secretharbourvi.com-0040-2015Redesign;en-US;9231;20178;1;0
Edgewaternaples.com-0094-2016Redesign;en-US;0;25256;1;0
Thecurtis.com-0079-2016Redesign;en-US;19043;17981;1;0
Glencovemansion.com-0058-2015Redesign;en-US;13343;13342;1;0
Thelodgeatwoodloch.com-0033-2015Redesign;en-US;11013;8267;1;0
Thesagamore.com-0112-2017Redesign;en-US;41020;32387;1;0
Broadmoor.com-0073-2016Redesign;en-US;17269;16724;1;0
theweststreethotel.com-0115-2017Redesign;en-US;37486;37658;1;0
saddlebrook.com-0011-2014Redesign;en-US;3453;3458;1;0
Thelodgeatwoodloch.com-0033-2015Redesign;en-US;15817;7781;1;0
Jbdukehotel.com-0086-2016Redesign;en-US;21918;21934;1;0
Broadmoor.com-0073-2016Redesign;en-US;16760;20418;1;0
Theharborsidehotel.com-0114-2017Redesign;en-US;38024;38026;1;0
Glencovemansion.com-0058-2015Redesign;en-US;13343;13342;1;0
wentworthcom00212014redesign;en-US;26679;4253;1;0
Jbdukehotel.com-0086-2016Redesign;en-US;21934;21918;1;0
Broadmoor.com-0073-2016Redesign;en-US;16721;16761;1;0
Thesagamore.com-0112-2017Redesign;en-US;33473;33472;1;0
Longboatkeyclub.com-0104-2017Redesign;en-US;28365;28360;1;0
Broadmoor.com-0073-2016Redesign;en-US;23734;16756;1;0
Thesagamore.com-0112-2017Redesign;en-US;33922;33921;1;0
Halcyonhotelcherrycreek.com-0061-2015Redesign;en-US;22121;23195;1;0
Lakeplacidlodge.com-0105-2017Redesign;en-US;32804;32799;1;0
Halcyonhotelcherrycreek.com-0061-2015Redesign;en-US;23195;22121;1;0
Broadmoor.com-0073-2016Redesign;en-US;18010;16731;1;0
Thelodgeatwoodloch.com-0033-2015Redesign;en-US;7764;7783;1;0
Broadmoor.com-0073-2016Redesign;en-US;17449;17269;1;0
Broadmoor.com-0073-2016Redesign;en-US;22720;16724;1;0
Broadmoor.com-0073-2016Redesign;en-US;18010;16724;1;0
Monarchbeachresort.com-0092-2016Redesign;en-US;22725;26800;1;0
Lakeplacidlodge.com-0105-2017Redesign;en-US;28545;33715;1;0
Lakeplacidlodge.com-0105-2017Redesign;en-US;33715;32790;1;0
Thecurtis.com-0079-2016Redesign;en-US;0;17981;1;0
saddlebrook.com-0011-2014Redesign;en-US;0;3479;1;0
Oxfordclubspa.com-0068-2016Redesign;en-US;0;15568;1;0
Renaissancepittsburghpa.com-0044-2015Redesign;en-US;0;9637;1;0
Broadmoor.com-0073-2016Redesign;en-US;16761;16765;1;0
Samosetresort.com-0113-2017Redesign;en-US;0;35128;1;0
Jbdukehotel.com-0086-2016Redesign;en-US;0;21944;1;0
Broadmoor.com-0073-2016Redesign;en-US;18259;16721;1;0
Cocokeyorlando.com-0059-2015Redesign;en-US;0;12394;1;0
Thelodgeatwoodloch.com-0033-2015Redesign;en-US;7781;9801;1;0
Thesagamore.com-0112-2017Redesign;en-US;33467;33922;1;0
Jbdukehotel.com-0086-2016Redesign;en-US;21944;21918;1;0
Broadmoor.com-0073-2016Redesign;en-US;16724;17699;1;0
Washingtoncourthotel.com-0076-2016Redesign;en-US;0;17858;1;0
Broadmoor.com-0073-2016Redesign;en-US;16721;16738;1;0
Theoxfordhotel.com-0062-2015Redesign;en-US;0;14325;1;0
Thelodgeatwoodloch.com-0033-2015Redesign;en-US;7764;8261;1;0
Broadmoor.com-0073-2016Redesign;en-US;16721;16760;1;0
Broadmoor.com-0073-2016Redesign;en-US;16761;16763;1;0
Secretharbourvi.com-0040-2015Redesign;en-US;20178;41786;1;0
Cocokeyorlando.com-0059-2015Redesign;en-US;0;12394;1;0
Broadmoor.com-0073-2016Redesign;en-US;16721;16755;1;0
Thesagamore.com-0112-2017Redesign;en-US;32339;33366;1;0
Thelodgeatwoodloch.com-0033-2015Redesign;en-US;9801;8266;1;0
Lakeplacidlodge.com-0105-2017Redesign;en-US;32804;28557;1;0
Thesagamore.com-0112-2017Redesign;en-US;33477;33444;1;0
Galthouse.com-0042-2015Redesign;en-US;10561;10055;1;0
Edgewaternaples.com-0094-2016Redesign;en-US;25239;25251;1;0
Broadmoor.com-0073-2016Redesign;en-US;16731;18010;1;0
Cocokeyorlando.com-0059-2015Redesign;en-US;12410;12488;1;0
Thesagamore.com-0112-2017Redesign;en-US;32339;33444;1;0
Broadmoor.com-0073-2016Redesign;en-US;18010;16731;1;0
Broadmoor.com-0073-2016Redesign;en-US;16761;16765;1;0
Broadmoor.com-0073-2016Redesign;en-US;0;16764;1;0
Thesagamore.com-0112-2017Redesign;en-US;32339;33543;1;0
Cocokeyorlando.com-0059-2015Redesign;en-US;12394;12404;1;0
Thesagamore.com-0112-2017Redesign;en-US;33923;33924;1;0
Sandylane.com-0075-2016Redesign;en-US;17714;17745;1;0
Thelodgeatwoodloch.com-0033-2015Redesign;en-US;8261;9920;1;0
Montaukyachtclub.com-0010-2014Redesign;en-US;2466;2470;1;0
Thesagamore.com-0112-2017Redesign;en-US;33444;33457;1;0
Broadmoor.com-0073-2016Redesign;en-US;17269;17340;1;0
Renaissancepittsburghpa.com-0044-2015Redesign;en-US;9682;9685;1;0
Cocokeyorlando.com-0059-2015Redesign;en-US;0;12394;1;0
Cphollywoodbeach.com-0032-2015Redesign;en-US;7879;7850;1;0
Longboatkeyclub.com-0104-2017Redesign;en-US;28360;28365;1;0
Edgewaternaples.com-0094-2016Redesign;en-US;25251;25270;1;0
Monarchbeachresort.com-0092-2016Redesign;en-US;22725;26788;1;0
Broadmoor.com-0073-2016Redesign;en-US;16731;18013;1;0
Samosetresort.com-0113-2017Redesign;en-US;0;32541;1;0
Lakeplacidlodge.com-0105-2017Redesign;en-US;28545;32807;1;0
Broadmoor.com-0073-2016Redesign;en-US;18014;16722;1;0
Cocokeyorlando.com-0059-2015Redesign;en-US;12624;12488;1;0
Sandylane.com-0075-2016Redesign;en-US;17745;18036;1;0
Lakeplacidlodge.com-0105-2017Redesign;en-US;28545;32804;1;0
