Opalsands.com-0084-2016Redesign;en-US;www.google.com;20561;1;0
Cphollywoodbeach.com-0032-2015Redesign;en-US;www.google.ca;7831;1;0
Galthouse.com-0042-2015Redesign;en-US;www.google.com;31905;1;0
Marriottkeylargo.com-0015-2014Redesign;en-US;surfinggator.com;3948;1;0
Marriottkeylargo.com-0015-2014Redesign;en-US;surfinggator.com;3964;1;0
Unionstationhotelnashville.com-0047-2015Redesign;en-US;www.google.com;32226;1;0
Cphollywoodbeach.com-0032-2015Redesign;en-US;www.sunny.org;7831;1;0
Napavalleymarriott.com-0071-2016Redesign;en-US;google.com;16453;1;0
Cendyn.com-0095-2016Redesign;en-US;www.cendynone.com;26640;1;0
Casaybelresort.com-0002-2014Redesign;en-US;www.bing.com;1613;1;0
Casaybelresort.com-0002-2014Redesign;en-US;www.google.com;1533;1;0
Cendyn.com-0095-2016Redesign;en-US;www.cendynone.com;26640;1;0
Luxehotels.com-0078-2016Redesign;en-US;www.google.com;18833;1;0
Glencovemansion.com-0058-2015Redesign;en-US;android-app:;13350;1;0
Casaybelresort.com-0002-2014Redesign;en-US;www.google.de;1613;1;0
Marriottkeylargo.com-0015-2014Redesign;en-US;www.google.com;3948;1;0
Marriottkeylargo.com-0015-2014Redesign;en-US;www.bing.com;3948;1;0
Cphollywoodbeach.com-0032-2015Redesign;en-US;www.beachcamsusa.com;7831;1;0
Cendyn.com-0095-2016Redesign;en-US;dp.g.doubleclick.net;26814;1;0
Casaybelresort.com-0002-2014Redesign;en-US;www.google.co.uk;1533;1;0
Theoxfordhotel.com-0062-2015Redesign;en-US;www.google.com;14325;1;0
Cphollywoodbeach.com-0032-2015Redesign;en-US;www.earthcam.com;7831;1;0
Broadmoor.com-0073-2016Redesign;en-US;www.google.com;16793;1;0
Cphollywoodbeach.com-0032-2015Redesign;en-US;www.google.ca;7831;1;0
Thelodgeatwoodloch.com-0033-2015Redesign;en-US;www.google.com;7764;1;0
Jupiterbeachresort.com-0103-2017Redesign;en-US;www.google.com;28158;1;0
Jupiterbeachresort.com-0103-2017Redesign;en-US;www.google.com;28158;1;0
Cphollywoodbeach.com-0032-2015Redesign;en-US;www.google.it;7831;1;0
Broadmoor.com-0073-2016Redesign;en-US;www.google.com;18259;1;0
Broadmoor.com-0073-2016Redesign;en-US;m.facebook.com;18014;1;0
Cphollywoodbeach.com-0032-2015Redesign;en-US;www.google.com;7831;1;0
Unionstationhotelnashville.com-0047-2015Redesign;en-US;www.google.co.uk;32226;1;0
Thelodgeatwoodloch.com-0033-2015Redesign;en-US;search.yahoo.com;7764;1;0
Samosetresort.com-0113-2017Redesign;en-US;www.google.com;35112;1;0
Unionstationhotelnashville.com-0047-2015Redesign;en-US;www.google.com;32226;1;0
Cphollywoodbeach.com-0032-2015Redesign;en-US;www.earthcam.com;7831;1;0
Broadmoor.com-0073-2016Redesign;en-US;searchads.msn.net;16728;1;0
Sandpearl.com-0091-2016Redesign;en-US;www.google.co.uk;22481;1;0
Sandpearl.com-0091-2016Redesign;en-US;www.google.co.uk;22481;1;0
Secretharbourvi.com-0040-2015Redesign;en-US;www.hotelrooms.com;9231;1;0
Casaybelresort.com-0002-2014Redesign;en-US;www.google.com;1613;1;0
Cphollywoodbeach.com-0032-2015Redesign;en-US;www.bing.com;7831;1;0
Broadmoor.com-0073-2016Redesign;en-US;login.nomadix.com:1111;16724;1;0
Broadmoor.com-0073-2016Redesign;en-US;tpc.googlesyndication.com;16728;1;0
Broadmoor.com-0073-2016Redesign;en-US;login.nomadix.com:1111;16724;1;0
Miravalspamonarchbeach.com-0109-2017Redesign;en-US;search.yahoo.com;31709;1;0
Cphollywoodbeach.com-0032-2015Redesign;en-US;www.sunny.org;7831;1;0
Marriottkeylargo.com-0015-2014Redesign;en-US;www.fla-keys.com;3948;1;0
Marriottkeylargo.com-0015-2014Redesign;en-US;www.fla-keys.com;3964;1;0
Cphollywoodbeach.com-0032-2015Redesign;en-US;www.google.com;7831;1;0
Cphollywoodbeach.com-0032-2015Redesign;en-US;www.sunny.org;7831;1;0
