Thesagamore.com-0112-2017Redesign;en-US;www.google.com;32348;1;0
Thelodgeatwoodloch.com-0033-2015Redesign;en-US;www.google.com;7764;1;0
Broadmoor.com-0073-2016Redesign;en-US;tpc.googlesyndication.com;16728;1;0
Broadmoor.com-0073-2016Redesign;en-US;www.worldation.com;16728;1;0
Broadmoor.com-0073-2016Redesign;en-US;www.google.com;16790;1;0
Broadmoor.com-0073-2016Redesign;en-US;www.worldation.com;16728;1;0
Theharborsidehotel.com-0114-2017Redesign;en-US;www.google.com;37571;1;0
Theharborsidehotel.com-0114-2017Redesign;en-US;www.google.com;37571;1;0
Broadmoor.com-0073-2016Redesign;en-US;www.google.com;18259;1;0
Edgewaternaples.com-0094-2016Redesign;en-US;www.google.com;25246;1;0
Galthouse.com-0042-2015Redesign;en-US;www.google.com;10613;1;0
Thesagamore.com-0112-2017Redesign;en-US;www.google.com;32339;1;0
Thelodgeatwoodloch.com-0033-2015Redesign;en-US;www.google.com;7764;1;0
Thelodgeatwoodloch.com-0033-2015Redesign;en-US;www.google.com;9932;1;0
Theharborsidehotel.com-0114-2017Redesign;en-US;www.google.com;37571;1;0
saddlebrook.com-0011-2014Redesign;en-US;www.google.com;3479;1;0
Broadmoor.com-0073-2016Redesign;en-US;login.nomadix.com:1111;16724;1;0
Secretharbourvi.com-0040-2015Redesign;en-US;r.search.yahoo.com;9231;1;0
Broadmoor.com-0073-2016Redesign;en-US;login.nomadix.com:1111;16724;1;0
Thesagamore.com-0112-2017Redesign;en-US;www.google.com;32339;1;0
Edgewaternaples.com-0094-2016Redesign;en-US;www.baidu.com;25239;1;0
Edgewaternaples.com-0094-2016Redesign;en-US;www.baidu.com;25239;1;0
Laxembassy.com-0008-2014Redesign;en-US;www.google.com;2037;1;0
Sandylane.com-0075-2016Redesign;en-US;www.google.com;17692;1;0
Monarchbeachresort.com-0092-2016Redesign;en-US;www.google.com;22996;1;0
Renaissancepittsburghpa.com-0044-2015Redesign;en-US;www.google.com;9637;1;0
Theharborsidehotel.com-0114-2017Redesign;en-US;www.opalcollection.com;37571;1;0
Montaukyachtclub.com-0010-2014Redesign;en-US;www.google.com;2381;1;0
Theharborsidehotel.com-0114-2017Redesign;en-US;android-app:;41581;1;0
Theoxfordhotel.com-0062-2015Redesign;en-US;www.google.com;14331;1;0
Marriottkeylargo.com-0015-2014Redesign;en-US;www.google.com;3964;1;0
Longboatkeyclub.com-0104-2017Redesign;en-US;www.google.com;28316;1;0
Broadmoor.com-0073-2016Redesign;en-US;login.nomadix.com:1111;16724;1;0
Broadmoor.com-0073-2016Redesign;en-US;login.nomadix.com:1111;16724;1;0
wentworthcom00212014redesign;en-US;www.marriott.com;4250;1;0
Monarchbeachresort.com-0092-2016Redesign;en-US;www.google.com;22725;1;0
