Thesagamore.com-0112-2017Redesign;en-US;0;33921;1;0
Broadmoor.com-0073-2016Redesign;en-US;16761;21231;1;0
Thecurtis.com-0079-2016Redesign;en-US;18015;19185;1;0
Thelodgeatwoodloch.com-0033-2015Redesign;en-US;9801;11307;1;0
Thelodgeatwoodloch.com-0033-2015Redesign;en-US;7764;8267;1;0
Cocokeyorlando.com-0059-2015Redesign;en-US;0;12394;1;0
Chrco.com-0107-2017Redesign;en-US;29280;29680;1;0
Thecurtis.com-0079-2016Redesign;en-US;0;17981;1;0
Galthouse.com-0042-2015Redesign;en-US;10055;25671;1;0
Opalsands.com-0084-2016Redesign;en-US;23635;23636;1;0
Broadmoor.com-0073-2016Redesign;en-US;21231;16761;1;0
Cocokeyorlando.com-0059-2015Redesign;en-US;12404;12407;1;0
Broadmoor.com-0073-2016Redesign;en-US;16761;21232;1;0
Washingtondukeinn.com-0024-2014Redesign;en-US;4524;4733;1;0
Monarchbeachresort.com-0092-2016Redesign;en-US;22725;26800;1;0
Casaybelresort.com-0002-2014Redesign;en-US;0;1613;1;0
Kittitianhill.com-0012-2014Redesign;en-US;2236;2322;1;0
Opalsands.com-0084-2016Redesign;en-US;20561;20558;1;0
Cocokeyorlando.com-0059-2015Redesign;en-US;0;12394;1;0
Theoxfordhotel.com-0062-2015Redesign;en-US;0;14325;1;0
Treasureislandbeachresort.com-0089-2016Redesign;en-US;0;22183;1;0
Chrco.com-0107-2017Redesign;en-US;29280;29434;1;0
Longboatkeyclub.com-0104-2017Redesign;en-US;29848;28317;1;0
Samosetresort.com-0113-2017Redesign;en-US;0;32541;1;0
Thesagamore.com-0112-2017Redesign;en-US;33451;32390;1;0
Casaybelresort.com-0002-2014Redesign;en-US;1533;1627;1;0
Cocokeyorlando.com-0059-2015Redesign;en-US;12407;12435;1;0
Washingtoncourthotel.com-0076-2016Redesign;en-US;17858;17911;1;0
Montaukyachtclub.com-0010-2014Redesign;en-US;2240;2384;1;0
Broadmoor.com-0073-2016Redesign;en-US;16721;16799;1;0
Casaybelresort.com-0002-2014Redesign;en-US;1627;1613;1;0
Monarchbeachresort.com-0092-2016Redesign;en-US;26800;22983;1;0
Treasureislandbeachresort.com-0089-2016Redesign;en-US;0;22179;1;0
Samosetresort.com-0113-2017Redesign;en-US;0;32541;1;0
Thesagamore.com-0112-2017Redesign;en-US;32390;32387;1;0
Thesagamore.com-0112-2017Redesign;en-US;33921;33924;1;0
Thelodgeatwoodloch.com-0033-2015Redesign;en-US;7764;9932;1;0
Springhillsuitesdenver.com-0060-2015Redesign;en-US;0;14162;1;0
Thelodgeatwoodloch.com-0033-2015Redesign;en-US;7781;7783;1;0
Opalsands.com-0084-2016Redesign;en-US;20171;28082;1;0
