saddlebrook.com-0011-2014Redesign;en-US;www.google.com;3538;1;0
Marriottkeylargo.com-0015-2014Redesign;en-US;www.ophotels.com;3948;1;0
Marriottdelraybeach.com-0009-2014Redesign;en-US;www.ophotels.com;2829;1;0
Lidobeachresort.com-0106-2017Redesign;en-US;www.ophotels.com;28666;1;0
Marriottdelraybeach.com-0009-2014Redesign;en-US;www.ophotels.com;2845;1;0
Marriottkeylargo.com-0015-2014Redesign;en-US;www.ophotels.com;3964;1;0
Jupiterbeachresort.com-0103-2017Redesign;en-US;www.ophotels.com;28158;1;0
Longboatkeyclub.com-0104-2017Redesign;en-US;www.ophotels.com;35641;1;0
Samosetresort.com-0113-2017Redesign;en-US;www.ophotels.com;32541;1;0
Thesagamore.com-0112-2017Redesign;en-US;www.ophotels.com;32339;1;0
Lakeplacidlodge.com-0105-2017Redesign;en-US;www.ophotels.com;28545;1;0
Delraysandsresort.com-0097-2016Redesign;en-US;www.ophotels.com;27232;1;0
theweststreethotel.com-0115-2017Redesign;en-US;www.ophotels.com;36683;1;0
Samosetresort.com-0113-2017Redesign;en-US;www.ophotels.com;32541;1;0
wentworthcom00212014redesign;en-US;www.ophotels.com;26679;1;0
wentworthcom00212014redesign;en-US;www.ophotels.com;4259;1;0
Theharborsidehotel.com-0114-2017Redesign;en-US;www.ophotels.com;37571;1;0
Galthouse.com-0042-2015Redesign;en-US;www.google.com;10574;1;0
Longboatkeyclub.com-0104-2017Redesign;en-US;www.google.com;28364;1;0
Longboatkeyclub.com-0104-2017Redesign;en-US;www.google.com;28364;1;0
Halcyonhotelcherrycreek.com-0061-2015Redesign;en-US;uncrate.com;22121;1;0
Broadmoor.com-0073-2016Redesign;en-US;www.google.com;16766;1;0
Washingtoncourthotel.com-0076-2016Redesign;en-US;www.google.com;17858;1;0
Monarchbeachresort.com-0092-2016Redesign;en-US;www.yelp.com;22995;1;0
Broadmoor.com-0073-2016Redesign;en-US;www.google.com;18259;1;0
Cphollywoodbeach.com-0032-2015Redesign;en-US;www.sunny.org;7831;1;0
Broadmoor.com-0073-2016Redesign;en-US;www.google.com;16721;1;0
theweststreethotel.com-0115-2017Redesign;en-US;www.bing.com;36683;1;0
Broadmoor.com-0073-2016Redesign;en-US;www.google.com;21232;1;0
Theoxfordhotel.com-0062-2015Redesign;en-US;www.google.com;14325;1;0
Lakeplacidlodge.com-0105-2017Redesign;en-US;www.google.com;28545;1;0
Thelodgeatwoodloch.com-0033-2015Redesign;en-US;www.google.com;8254;1;0
Cphollywoodbeach.com-0032-2015Redesign;en-US;www.sunny.org;7831;1;0
Glencovemansion.com-0058-2015Redesign;en-US;www.sogou.com;13328;1;0
Broadmoor.com-0073-2016Redesign;en-US;www.bing.com;21231;1;0
Thesagamore.com-0112-2017Redesign;en-US;www.google.com;32358;1;0
Hospitalityupgrade.com-0093-2016Redesign;en-US;www.google.com;33544;1;0
Broadmoor.com-0073-2016Redesign;en-US;www.bing.com;16721;1;0
Broadmoor.com-0073-2016Redesign;en-US;www.google.com;18259;1;0
Broadmoor.com-0073-2016Redesign;en-US;m.facebook.com;18013;1;0
Unionstationhotelnashville.com-0047-2015Redesign;en-US;www.bing.com;32226;1;0
Washingtoncourthotel.com-0076-2016Redesign;en-US;www.google.co.uk;17938;1;0
Thelodgeatwoodloch.com-0033-2015Redesign;en-US;www.google.com;7764;1;0
Theloganhotel.com-0043-2015Redesign;en-US;www.google.com;20218;1;0
Miravalspamonarchbeach.com-0109-2017Redesign;en-US;www.miravalresorts.com;31709;1;0
saddlebrook.com-0011-2014Redesign;en-US;search.myway.com;3385;1;0
Thelodgeatwoodloch.com-0033-2015Redesign;en-US;www.google.com;7764;1;0
Jbdukehotel.com-0086-2016Redesign;en-US;www.google.com;21918;1;0
Residenceinnlax.com-0026-2014Redesign;en-US;www.google.com;5271;1;0
saddlebrook.com-0011-2014Redesign;en-US;www.google.com;3385;1;0
Broadmoor.com-0073-2016Redesign;en-US;www.google.ru;18014;1;0
Washingtoncourthotel.com-0076-2016Redesign;en-US;www.google.com;17858;1;0
