Casaybelresort.com-0002-2014Redesign;en-US;www.google.com;1613;1;0
Miravalspamonarchbeach.com-0109-2017Redesign;en-US;www.miravalresorts.com;31709;1;0
wentworthcom00212014redesign;en-US;www.google.com;4282;1;0
Broadmoor.com-0073-2016Redesign;en-US;m.facebook.com;18013;1;0
Samosetresort.com-0113-2017Redesign;en-US;www.google.com;32554;1;0
Cphollywoodbeach.com-0032-2015Redesign;en-US;www.sunny.org;7831;1;0
Saddlebrookprep.com-0022-2014Transfer;en-US;www.google.com;3914;1;0
Marriottkeylargo.com-0015-2014Redesign;en-US;surfinggator.com;3964;1;0
Broadmoor.com-0073-2016Redesign;en-US;www.visitcos.com;16721;1;0
Broadmoor.com-0073-2016Redesign;en-US;www.google.com;21232;1;0
Galthouse.com-0042-2015Redesign;en-US;www.google.com;10055;1;0
Broadmoor.com-0073-2016Redesign;en-US;login.nomadix.com:1111;16724;1;0
Longboatkeyclub.com-0104-2017Redesign;en-US;worldcam.eu;28317;1;0
Broadmoor.com-0073-2016Redesign;en-US;login.nomadix.com:1111;16724;1;0
Marriottkeylargo.com-0015-2014Redesign;en-US;surfinggator.com;3948;1;0
Cphollywoodbeach.com-0032-2015Redesign;en-US;www.sunny.org;7831;1;0
Longboatkeyclub.com-0104-2017Redesign;en-US;www.google.com;28364;1;0
Longboatkeyclub.com-0104-2017Redesign;en-US;www.google.com;28364;1;0
Cphollywoodbeach.com-0032-2015Redesign;en-US;www.google.co.uk;7831;1;0
Cphollywoodbeach.com-0032-2015Redesign;en-US;www.google.com;7805;1;0
Broadmoor.com-0073-2016Redesign;en-US;www.google.com;16769;1;0
Broadmoor.com-0073-2016Redesign;en-US;www.google.com;16769;1;0
Sandylane.com-0075-2016Redesign;en-US;https;17611;1;0
Lidobeachresort.com-0106-2017Redesign;en-US;www.google.com;28666;1;0
Sandylane.com-0075-2016Redesign;en-US;https;17611;1;0
Lidobeachresort.com-0106-2017Redesign;en-US;www.google.com;28666;1;0
Cphollywoodbeach.com-0032-2015Redesign;en-US;www.sunny.org;7831;1;0
Lidobeachresort.com-0106-2017Redesign;en-US;www.google.com;28666;1;0
Sandylane.com-0075-2016Redesign;en-US;https;17611;1;0
Cphollywoodbeach.com-0032-2015Redesign;en-US;www.sunny.org;7831;1;0
Sandylane.com-0075-2016Redesign;en-US;https;17611;1;0
Thesagamore.com-0112-2017Redesign;en-US;www.google.com;32339;1;0
Marriottkeylargo.com-0015-2014Redesign;en-US;surfinggator.com;3948;1;0
Cphollywoodbeach.com-0032-2015Redesign;en-US;www.sunny.org;7831;1;0
Sandylane.com-0075-2016Redesign;en-US;https;17611;1;0
Casaybelresort.com-0002-2014Redesign;en-US;www.google.com;1613;1;0
Sandylane.com-0075-2016Redesign;en-US;https;17611;1;0
Halcyonhotelcherrycreek.com-0061-2015Redesign;en-US;www.google.com;22121;1;0
Theharborsidehotel.com-0114-2017Redesign;en-US;www.google.com;37571;1;0
Theharborsidehotel.com-0114-2017Redesign;en-US;www.google.com;37571;1;0
Broadmoor.com-0073-2016Redesign;en-US;www.google.com;21232;1;0
Sandylane.com-0075-2016Redesign;en-US;https;17611;1;0
Lidobeachresort.com-0106-2017Redesign;en-US;m.facebook.com;28667;1;0
Sandylane.com-0075-2016Redesign;en-US;https;17611;1;0
Lidobeachresort.com-0106-2017Redesign;en-US;m.facebook.com;28667;1;0
Broadmoor.com-0073-2016Redesign;en-US;login.nomadix.com:1111;16724;1;0
Thelodgeatwoodloch.com-0033-2015Redesign;en-US;www.google.com;7764;1;0
Broadmoor.com-0073-2016Redesign;en-US;login.nomadix.com:1111;16724;1;0
Sandylane.com-0075-2016Redesign;en-US;https;17611;1;0
Oxfordclubspa.com-0068-2016Redesign;en-US;m.facebook.com;15568;1;0
Sandpearl.com-0091-2016Redesign;en-US;www.google.com;22481;1;0
Longboatkeyclub.com-0104-2017Redesign;en-US;worldcam.eu;28317;1;0
Broadmoor.com-0073-2016Redesign;en-US;www.google.com;16728;1;0
Broadmoor.com-0073-2016Redesign;en-US;www.google.com;16768;1;0
Cphollywoodbeach.com-0032-2015Redesign;en-US;www.google.com;7831;1;0
Sandylane.com-0075-2016Redesign;en-US;https;17611;1;0
Thelodgeatwoodloch.com-0033-2015Redesign;en-US;www.google.com;8278;1;0
Sandylane.com-0075-2016Redesign;en-US;www.google.com;17611;1;0
Broadmoor.com-0073-2016Redesign;en-US;webmail.mygrande.net;16760;1;0
Broadmoor.com-0073-2016Redesign;en-US;login.nomadix.com:1111;16724;1;0
Broadmoor.com-0073-2016Redesign;en-US;login.nomadix.com:1111;16724;1;0
Sandylane.com-0075-2016Redesign;en-US;https;17611;1;0
Sandylane.com-0075-2016Redesign;en-US;https;17611;1;0
Sandylane.com-0075-2016Redesign;en-US;https;17611;1;0
Lidobeachresort.com-0106-2017Redesign;en-US;android-app:;28666;1;0
Samosetresort.com-0113-2017Redesign;en-US;www.google.com;32541;1;0
Samosetresort.com-0113-2017Redesign;en-US;www.google.com;32541;1;0
Miravalspamonarchbeach.com-0109-2017Redesign;en-US;www.monarchbeachresort.com;33978;1;0
Casaybelresort.com-0002-2014Redesign;en-US;www.google.com;1613;1;0
Marriottkeylargo.com-0015-2014Redesign;en-US;www.beachcamsusa.com;3948;1;0
