Broadmoor.com-0073-2016Redesign;en-US;www.google.com;16769;1;0
Broadmoor.com-0073-2016Redesign;en-US;www.google.com;16769;1;0
Opalsands.com-0084-2016Redesign;en-US;www.google.com;20171;1;0
Galthouse.com-0042-2015Redesign;en-US;www.google.com;31905;1;0
Samosetresort.com-0113-2017Redesign;en-US;www.google.com;35227;1;0
Theloganhotel.com-0043-2015Redesign;en-US;l.facebook.com;15962;1;0
Halcyonhotelcherrycreek.com-0061-2015Redesign;en-US;www.google.com;22121;1;0
saddlebrook.com-0011-2014Redesign;en-US;www.google.com;4538;1;0
Broadmoor.com-0073-2016Redesign;en-US;highlandsranchfoodie.com;16721;1;0
Broadmoor.com-0073-2016Redesign;en-US;highlandsranchfoodie.com;16721;1;0
Thecrawfordhotel.com-0074-2016Redesign;en-US;www.google.com;17145;1;0
theweststreethotel.com-0115-2017Redesign;en-US;www.bing.com;37486;1;0
Monarchbeachresort.com-0092-2016Redesign;en-US;www.google.com;22877;1;0
saddlebrook.com-0011-2014Redesign;en-US;android-app:;3385;1;0
Theharborsidehotel.com-0114-2017Redesign;en-US;www.google.com;37571;1;0
Broadmoor.com-0073-2016Redesign;en-US;www.google.com;16721;1;0
Broadmoor.com-0073-2016Redesign;en-US;www.google.com;16721;1;0
theweststreethotel.com-0115-2017Redesign;en-US;www.acadiamagic.com;36683;1;0
Broadmoor.com-0073-2016Redesign;en-US;tpc.googlesyndication.com;16728;1;0
Sandylane.com-0075-2016Redesign;en-US;www.google.com;17611;1;0
Unionstationhotelnashville.com-0047-2015Redesign;en-US;www.google.com;32226;1;0
Cphollywoodbeach.com-0032-2015Redesign;en-US;www.google.de;7831;1;0
saddlebrook.com-0011-2014Redesign;en-US;www.google.com;3385;1;0
Cphollywoodbeach.com-0032-2015Redesign;en-US;www.sunny.org;7831;1;0
Sandylane.com-0075-2016Redesign;en-US;www.google.co.uk;17611;1;0
Marriottkeylargo.com-0015-2014Redesign;en-US;www.fla-keys.com;3948;1;0
Theloganhotel.com-0043-2015Redesign;en-US;www.google.com;15047;1;0
Broadmoor.com-0073-2016Redesign;en-US;tpc.googlesyndication.com;16728;1;0
Casaybelresort.com-0002-2014Redesign;en-US;m.facebook.com;1639;1;0
Broadmoor.com-0073-2016Redesign;en-US;tpc.googlesyndication.com;16728;1;0
Broadmoor.com-0073-2016Redesign;en-US;www.google.com;18259;1;0
Theloganhotel.com-0043-2015Redesign;en-US;www.google.com;15047;1;0
Casaybelresort.com-0002-2014Redesign;en-US;www.google.com;1533;1;0
Broadmoor.com-0073-2016Redesign;en-US;www.google.com;16721;1;0
Samosetresort.com-0113-2017Redesign;en-US;l.facebook.com;32541;1;0
Samosetresort.com-0113-2017Redesign;en-US;l.facebook.com;32541;1;0
Theoxfordhotel.com-0062-2015Redesign;en-US;www.google.com;14331;1;0
Casaybelresort.com-0002-2014Redesign;en-US;m.facebook.com;1613;1;0
Longboatkeyclub.com-0104-2017Redesign;en-US;www.google.com;28364;1;0
Longboatkeyclub.com-0104-2017Redesign;en-US;www.google.com;28364;1;0
