Edgewaternaples.com-0094-2016Redesign;en-US;translate.googleusercontent.com;25239;1;0
Sandylane.com-0075-2016Redesign;en-US;www.google.com;17611;1;0
Monarchbeachresort.com-0092-2016Redesign;en-US;www.kslresorts.com;22725;1;0
Edgewaternaples.com-0094-2016Redesign;en-US;translate.googleusercontent.com;25239;1;0
Washingtondukeinn.com-0024-2014Redesign;en-US;goduke.com;4524;1;0
Washingtondukeinn.com-0024-2014Redesign;en-US;goduke.com;4524;1;0
Cocokeyorlando.com-0059-2015Redesign;en-US;www.google.com.ua;12394;1;0
Cocokeyorlando.com-0059-2015Redesign;en-US;www.google.com.ua;12394;1;0
Zotabeachresort.com-0090-2016Redesign;en-US;android-app:;23062;1;0
Cendyn.com-0095-2016Redesign;en-US;www.cendynone.com;26640;1;0
Zotabeachresort.com-0090-2016Redesign;en-US;android-app:;23062;1;0
Luxehotels.com-0078-2016Redesign;en-US;www.google.com;18805;1;0
Residenceinnlax.com-0026-2014Redesign;en-US;www.google.com;5271;1;0
saddlebrook.com-0011-2014Redesign;en-US;www.google.com;3385;1;0
Sandpearl.com-0091-2016Redesign;en-US;www.bing.com;22481;1;0
Sandpearl.com-0091-2016Redesign;en-US;www.bing.com;22481;1;0
Denvercy.com-0036-2015Redesign;en-US;www.google.com;8150;1;0
Lidobeachresort.com-0106-2017Redesign;en-US;www.google.si;28666;1;0
Cocokeyorlando.com-0059-2015Redesign;en-US;secure53.ibahn.com;12394;1;0
Saddlebrookprep.com-0022-2014Transfer;en-US;www.google.pl;3914;1;0
Lidobeachresort.com-0106-2017Redesign;en-US;www.google.com;28666;1;0
Lidobeachresort.com-0106-2017Redesign;en-US;www.google.com;28666;1;0
Thesagamore.com-0112-2017Redesign;en-US;www.google.com;32339;1;0
Cocokeyorlando.com-0059-2015Redesign;en-US;www.google.com.ua;12394;1;0
Marriottkeylargo.com-0015-2014Redesign;en-US;www.floridakeyswebcams.tv;3948;1;0
saddlebrook.com-0011-2014Redesign;en-US;www.google.com;3385;1;0
Broadmoor.com-0073-2016Redesign;en-US;login.nomadix.com:1111;16724;1;0
Broadmoor.com-0073-2016Redesign;en-US;login.nomadix.com:1111;16724;1;0
saddlebrook.com-0011-2014Redesign;en-US;www.google.pl;3478;1;0
