Thelodgeatwoodloch.com-0033-2015Redesign;en-US;8253;7771;1;0
Cocokeyorlando.com-0059-2015Redesign;en-US;0;12394;1;0
Longboatkeyclub.com-0104-2017Redesign;en-US;28316;35641;1;0
Theoxfordhotel.com-0062-2015Redesign;en-US;0;14325;1;0
Samosetresort.com-0113-2017Redesign;en-US;0;32541;1;0
wentworthcom00212014redesign;en-US;4300;4250;1;0
Broadmoor.com-0073-2016Redesign;en-US;16778;18167;1;0
Thecurtis.com-0079-2016Redesign;en-US;17981;19043;1;0
Broadmoor.com-0073-2016Redesign;en-US;0;16722;1;0
Thecurtis.com-0079-2016Redesign;en-US;19043;17981;1;0
Thesagamore.com-0112-2017Redesign;en-US;32339;32391;1;0
Thecurtis.com-0079-2016Redesign;en-US;17981;19041;1;0
Thecurtis.com-0079-2016Redesign;en-US;19041;19043;1;0
Thecurtis.com-0079-2016Redesign;en-US;19043;17981;1;0
Broadmoor.com-0073-2016Redesign;en-US;16721;16755;1;0
Edgewaternaples.com-0094-2016Redesign;en-US;25239;25251;1;0
Longboatkeyclub.com-0104-2017Redesign;en-US;35641;28364;1;0
Thelodgeatwoodloch.com-0033-2015Redesign;en-US;7771;8261;1;0
Bellemontfarm.com-0007-2013Redesign;en-US;1990;11497;1;0
Thecurtis.com-0079-2016Redesign;en-US;0;17981;1;0
Broadmoor.com-0073-2016Redesign;en-US;16755;16760;1;0
Unionstationhotelnashville.com-0047-2015Redesign;en-US;24058;24062;1;0
Monarchbeachresort.com-0092-2016Redesign;en-US;22725;22877;1;0
wentworthcom00212014redesign;en-US;4259;26679;1;0
Thelodgeatwoodloch.com-0033-2015Redesign;en-US;8261;11307;1;0
wentworthcom00212014redesign;en-US;26679;4259;1;0
Thesagamore.com-0112-2017Redesign;en-US;32339;33447;1;0
Broadmoor.com-0073-2016Redesign;en-US;16760;16798;1;0
Edgewaternaples.com-0094-2016Redesign;en-US;25251;25270;1;0
Unionstationhotelnashville.com-0047-2015Redesign;en-US;32226;24054;1;0
Broadmoor.com-0073-2016Redesign;en-US;17333;17269;1;0
Broadmoor.com-0073-2016Redesign;en-US;16721;16760;1;0
Unionstationhotelnashville.com-0047-2015Redesign;en-US;32226;41675;1;0
Broadmoor.com-0073-2016Redesign;en-US;17699;16759;1;0
Thesagamore.com-0112-2017Redesign;en-US;32391;33572;1;0
Thesagamore.com-0112-2017Redesign;en-US;33469;32351;1;0
Broadmoor.com-0073-2016Redesign;en-US;16760;16796;1;0
Thelodgeatwoodloch.com-0033-2015Redesign;en-US;11307;7771;1;0
Thesagamore.com-0112-2017Redesign;en-US;32351;33922;1;0
Sandpearl.com-0091-2016Redesign;en-US;22481;40726;1;0
wentworthcom00212014redesign;en-US;4250;4300;1;0
Thelodgeatwoodloch.com-0033-2015Redesign;en-US;9526;9801;1;0
