Oxfordclubspa.com-0068-2016Redesign;en-US;www.google.com;15568;1;0
Longboatkeyclub.com-0104-2017Redesign;en-US;worldcam.eu;28317;1;0
Broadmoor.com-0073-2016Redesign;en-US;www.google.com;18010;1;0
Broadmoor.com-0073-2016Redesign;en-US;login.nomadix.com:1111;16724;1;0
Broadmoor.com-0073-2016Redesign;en-US;login.nomadix.com:1111;16724;1;0
Thelodgeatwoodloch.com-0033-2015Redesign;en-US;www.google.com;7764;1;0
saddlebrook.com-0011-2014Redesign;en-US;www.google.com;3483;1;0
Casaybelresort.com-0002-2014Redesign;en-US;www.google.com;1613;1;0
Longboatkeyclub.com-0104-2017Redesign;en-US;www.google.com;28316;1;0
Longboatkeyclub.com-0104-2017Redesign;en-US;www.google.com;28316;1;0
saddlebrook.com-0011-2014Redesign;en-US;yandex.ru;3515;1;0
Secretharbourvi.com-0040-2015Redesign;en-US;www.google.com;9231;1;0
Marriottkeylargo.com-0015-2014Redesign;en-US;surfinggator.com;3948;1;0
Marriottkeylargo.com-0015-2014Redesign;en-US;surfinggator.com;3964;1;0
Casaybelresort.com-0002-2014Redesign;en-US;surfinggator.com;1613;1;0
Washingtondukeinn.com-0024-2014Redesign;en-US;www.google.com;4579;1;0
Marriottkeylargo.com-0015-2014Redesign;en-US;www.fla-keys.com;3948;1;0
Marriottkeylargo.com-0015-2014Redesign;en-US;www.fla-keys.com;3964;1;0
Marriottkeylargo.com-0015-2014Redesign;en-US;www.fla-keys.com;3948;1;0
Cphollywoodbeach.com-0032-2015Redesign;en-US;www.google.com;7831;1;0
Marriottkeylargo.com-0015-2014Redesign;en-US;www.fla-keys.com;3964;1;0
Cphollywoodbeach.com-0032-2015Redesign;en-US;www.sunny.org;7831;1;0
Casaybelresort.com-0002-2014Redesign;en-US;surfinggator.com;1613;1;0
Cphollywoodbeach.com-0032-2015Redesign;en-US;www.sunny.org;7831;1;0
Lidobeachresort.com-0106-2017Redesign;en-US;www.google.com;28666;1;0
Casaybelresort.com-0002-2014Redesign;en-US;surfinggator.com;1613;1;0
Cphollywoodbeach.com-0032-2015Redesign;en-US;www.sunny.org;7831;1;0
Lidobeachresort.com-0106-2017Redesign;en-US;www.google.com;28666;1;0
Treasureislandbeachresort.com-0089-2016Redesign;en-US;s0.2mdn.net;22169;1;0
wentworthcom00212014redesign;en-US;www.google.com;5063;1;0
Thesagamore.com-0112-2017Redesign;en-US;www.google.com;32339;1;0
Thesagamore.com-0112-2017Redesign;en-US;www.google.com;33473;1;0
Treasureislandbeachresort.com-0089-2016Redesign;en-US;s0.2mdn.net;22169;1;0
Cocokeyorlando.com-0059-2015Redesign;en-US;www.google.co.uk;12394;1;0
Sandpearl.com-0091-2016Redesign;en-US;www.visitflorida.com;30637;1;0
Longboatkeyclub.com-0104-2017Redesign;en-US;www.baysider.com;35641;1;0
Cocokeyorlando.com-0059-2015Redesign;en-US;www.google.co.uk;12394;1;0
Thelodgeatwoodloch.com-0033-2015Redesign;en-US;www.google.com;7764;1;0
Cendyn.com-0095-2016Redesign;en-US;www.google.com;26640;1;0
Cphollywoodbeach.com-0032-2015Redesign;en-US;www.google.com;7831;1;0
Cphollywoodbeach.com-0032-2015Redesign;en-US;www.sunny.org;7831;1;0
Cphollywoodbeach.com-0032-2015Redesign;en-US;www.sunny.org;7831;1;0
Casaybelresort.com-0002-2014Redesign;en-US;surfinggator.com;1613;1;0
Cphollywoodbeach.com-0032-2015Redesign;en-US;www.google.fr;7831;1;0
Lidobeachresort.com-0106-2017Redesign;en-US;www.google.de;28667;1;0
Thesagamore.com-0112-2017Redesign;en-US;www.google.com;32339;1;0
Lakeplacidlodge.com-0105-2017Redesign;en-US;www.google.co.uk;28545;1;0
Marriottkeylargo.com-0015-2014Redesign;en-US;www.fla-keys.com;3964;1;0
Broadmoor.com-0073-2016Redesign;en-US;www.google.com;16721;1;0
Marriottkeylargo.com-0015-2014Redesign;en-US;www.fla-keys.com;3948;1;0
Casaybelresort.com-0002-2014Redesign;en-US;www.google.com;1613;1;0
Cphollywoodbeach.com-0032-2015Redesign;en-US;www.sunny.org;7831;1;0
Marriottkeylargo.com-0015-2014Redesign;en-US;android-app:;3964;1;0
Cphollywoodbeach.com-0032-2015Redesign;en-US;www.sunny.org;7831;1;0
Cphollywoodbeach.com-0032-2015Redesign;en-US;www.sunny.org;7831;1;0
Cphollywoodbeach.com-0032-2015Redesign;en-US;www.google.com;7831;1;0
Opalsands.com-0084-2016Redesign;en-US;www.beachtourism.com;20171;1;0
Cphollywoodbeach.com-0032-2015Redesign;en-US;www.google.com;7831;1;0
Cendyn.com-0095-2016Redesign;en-US;www.google.com;26640;1;0
Longboatkeyclub.com-0104-2017Redesign;en-US;worldcam.eu;28317;1;0
Thelodgeatwoodloch.com-0033-2015Redesign;en-US;www.google.com;7764;1;0
Marriottkeylargo.com-0015-2014Redesign;en-US;www.beachcamsusa.com;3948;1;0
Marriottkeylargo.com-0015-2014Redesign;en-US;www.beachcamsusa.com;3964;1;0
Thesagamore.com-0112-2017Redesign;en-US;www.google.com;32339;1;0
Longboatkeyclub.com-0104-2017Redesign;en-US;www.google.com;28333;1;0
Longboatkeyclub.com-0104-2017Redesign;en-US;www.google.com;28316;1;0
Cphollywoodbeach.com-0032-2015Redesign;en-US;www.sunny.org;7831;1;0
Marriottkeylargo.com-0015-2014Redesign;en-US;www.fla-keys.com;3948;1;0
Cphollywoodbeach.com-0032-2015Redesign;en-US;www.sunny.org;7831;1;0
Marriottkeylargo.com-0015-2014Redesign;en-US;www.fla-keys.com;3964;1;0
Thesagamore.com-0112-2017Redesign;en-US;www.google.com;32339;1;0
Thesagamore.com-0112-2017Redesign;en-US;www.google.com;32339;1;0
Casaybelresort.com-0002-2014Redesign;en-US;www.bing.com;1613;1;0
Casaybelresort.com-0002-2014Redesign;en-US;www.coralhospitality.com;1533;1;0
Zotabeachresort.com-0090-2016Redesign;en-US;www.google.com;22357;1;0
Zotabeachresort.com-0090-2016Redesign;en-US;www.google.com;22357;1;0
Thesagamore.com-0112-2017Redesign;en-US;www.google.com;33470;1;0
Longboatkeyclub.com-0104-2017Redesign;en-US;www.google.com;28317;1;0
Broadmoor.com-0073-2016Redesign;en-US;www.google.com;16721;1;0
