wentworthcom00212014redesign;en-US;0;4302;1;0
Washingtoncourthotel.com-0076-2016Redesign;en-US;17858;17941;1;0
Thelodgeatwoodloch.com-0033-2015Redesign;en-US;9801;8265;1;0
Longboatkeyclub.com-0104-2017Redesign;en-US;28316;28375;1;0
Thecurtis.com-0079-2016Redesign;en-US;17981;25504;1;0
Thelodgeatwoodloch.com-0033-2015Redesign;en-US;9801;7781;1;0
Galthouse.com-0042-2015Redesign;en-US;10568;10923;1;0
Thelodgeatwoodloch.com-0033-2015Redesign;en-US;11304;9801;1;0
Longboatkeyclub.com-0104-2017Redesign;en-US;28316;41463;1;0
Thelodgeatwoodloch.com-0033-2015Redesign;en-US;11304;9801;1;0
Thesagamore.com-0112-2017Redesign;en-US;33921;32388;1;0
Thelodgeatwoodloch.com-0033-2015Redesign;en-US;11304;9801;1;0
Monarchbeachresort.com-0092-2016Redesign;en-US;26800;23474;1;0
Edgewaternaples.com-0094-2016Redesign;en-US;25303;25287;1;0
Broadmoor.com-0073-2016Redesign;en-US;16724;16781;1;0
wentworthcom00212014redesign;en-US;26679;4253;1;0
Thelodgeatwoodloch.com-0033-2015Redesign;en-US;9801;11307;1;0
Abbingtonbanquets.com-0070-2016Redesign;en-US;15789;15790;1;0
Thelodgeatwoodloch.com-0033-2015Redesign;en-US;9922;9847;1;0
Thelodgeatwoodloch.com-0033-2015Redesign;en-US;8261;9920;1;0
Cocokeyorlando.com-0059-2015Redesign;en-US;12410;12547;1;0
Jbdukehotel.com-0086-2016Redesign;en-US;21946;21948;1;0
Thelodgeatwoodloch.com-0033-2015Redesign;en-US;9848;8261;1;0
Thelodgeatwoodloch.com-0033-2015Redesign;en-US;8303;9801;1;0
Thesagamore.com-0112-2017Redesign;en-US;32339;32391;1;0
Cocokeyorlando.com-0059-2015Redesign;en-US;0;12394;1;0
Thecurtis.com-0079-2016Redesign;en-US;18823;19041;1;0
Monarchbeachresort.com-0092-2016Redesign;en-US;23000;22996;1;0
Thelodgeatwoodloch.com-0033-2015Redesign;en-US;9801;9922;1;0
Thelodgeatwoodloch.com-0033-2015Redesign;en-US;8254;7783;1;0
Thelodgeatwoodloch.com-0033-2015Redesign;en-US;8346;8356;1;0
Edgewaternaples.com-0094-2016Redesign;en-US;25239;25303;1;0
Opalsands.com-0084-2016Redesign;en-US;21540;20171;1;0
Broadmoor.com-0073-2016Redesign;en-US;16721;16728;1;0
Jbdukehotel.com-0086-2016Redesign;en-US;21948;28080;1;0
Broadmoor.com-0073-2016Redesign;en-US;16781;16789;1;0
Cocokeyorlando.com-0059-2015Redesign;en-US;0;12394;1;0
Casaybelresort.com-0002-2014Redesign;en-US;0;1613;1;0
Thesagamore.com-0112-2017Redesign;en-US;0;33470;1;0
Thesagamore.com-0112-2017Redesign;en-US;32391;33572;1;0
Edgewaternaples.com-0094-2016Redesign;en-US;25251;25272;1;0
Thecurtis.com-0079-2016Redesign;en-US;19041;19042;1;0
Thelodgeatwoodloch.com-0033-2015Redesign;en-US;8261;7771;1;0
Thelodgeatwoodloch.com-0033-2015Redesign;en-US;39358;40346;1;0
Thecurtis.com-0079-2016Redesign;en-US;0;17981;1;0
Thecurtis.com-0079-2016Redesign;en-US;19042;17981;1;0
Jbdukehotel.com-0086-2016Redesign;en-US;28080;21946;1;0
Thelodgeatwoodloch.com-0033-2015Redesign;en-US;8265;9847;1;0
Abbingtonbanquets.com-0070-2016Redesign;en-US;15789;15811;1;0
Thelodgeatwoodloch.com-0033-2015Redesign;en-US;9801;7781;1;0
Thelodgeatwoodloch.com-0033-2015Redesign;en-US;8265;9801;1;0
Longboatkeyclub.com-0104-2017Redesign;en-US;28375;30863;1;0
Thelodgeatwoodloch.com-0033-2015Redesign;en-US;11307;9801;1;0
Thelodgeatwoodloch.com-0033-2015Redesign;en-US;9801;11307;1;0
Broadmoor.com-0073-2016Redesign;en-US;0;16721;1;0
Sandylane.com-0075-2016Redesign;en-US;17611;17630;1;0
Thelodgeatwoodloch.com-0033-2015Redesign;en-US;7764;8257;1;0
Thesagamore.com-0112-2017Redesign;en-US;32339;33443;1;0
Thelodgeatwoodloch.com-0033-2015Redesign;en-US;11307;9922;1;0
Edgewaternaples.com-0094-2016Redesign;en-US;25287;32090;1;0
Thelodgeatwoodloch.com-0033-2015Redesign;en-US;40346;39358;1;0
Thesagamore.com-0112-2017Redesign;en-US;33470;33462;1;0
Amzak.com-0023-2014Redesign;en-US;4213;3745;1;0
Thelodgeatwoodloch.com-0033-2015Redesign;en-US;39358;39011;1;0
Samosetresort.com-0113-2017Redesign;en-US;32541;35144;1;0
Theoxfordhotel.com-0062-2015Redesign;en-US;0;14325;1;0
Thelodgeatwoodloch.com-0033-2015Redesign;en-US;9920;7781;1;0
Thecurtis.com-0079-2016Redesign;en-US;17981;19043;1;0
Thesagamore.com-0112-2017Redesign;en-US;32339;32358;1;0
Thecurtis.com-0079-2016Redesign;en-US;19043;17981;1;0
