Secretharbourvi.com-0040-2015Redesign;en-US;www.google.com;9231;1;0
Longboatkeyclub.com-0104-2017Redesign;en-US;worldcam.eu;28317;1;0
theweststreethotel.com-0115-2017Redesign;en-US;www.google.com;37425;1;0
Jupiterbeachresort.com-0103-2017Redesign;en-US;www.google.com;28158;1;0
Jupiterbeachresort.com-0103-2017Redesign;en-US;www.google.com;28158;1;0
Cphollywoodbeach.com-0032-2015Redesign;en-US;www.sunny.org;7831;1;0
theweststreethotel.com-0115-2017Redesign;en-US;www.google.com;36718;1;0
Thesagamore.com-0112-2017Redesign;en-US;www.google.com;32339;1;0
Halcyonhotelcherrycreek.com-0061-2015Redesign;en-US;den-80206-7226gw01-01-mdf.localdomain:8000;22121;1;0
Casaybelresort.com-0002-2014Redesign;en-US;www.buzzfeed.com;1537;1;0
Miravalspamonarchbeach.com-0109-2017Redesign;en-US;www.monarchbeachresort.com;31709;1;0
Secretharbourvi.com-0040-2015Redesign;en-US;www.google.com;9231;1;0
Opalsands.com-0084-2016Redesign;en-US;www.beachtourism.com;20171;1;0
Casaybelresort.com-0002-2014Redesign;en-US;www.google.com;1533;1;0
Lakeplacidlodge.com-0105-2017Redesign;en-US;www.thesagamore.com;28545;1;0
Cphollywoodbeach.com-0032-2015Redesign;en-US;www.google.com;7831;1;0
Cphollywoodbeach.com-0032-2015Redesign;en-US;www.sunny.org;7831;1;0
Sandylane.com-0075-2016Redesign;en-US;www.cedarandrush.com;17611;1;0
Abbingtonbanquets.com-0070-2016Redesign;en-US;www.google.com;15789;1;0
Cphollywoodbeach.com-0032-2015Redesign;en-US;www.sunny.org;7831;1;0
Casaybelresort.com-0002-2014Redesign;en-US;totimedia.com;1613;1;0
Longboatkeyclub.com-0104-2017Redesign;en-US;www.google.com;28316;1;0
Opalsands.com-0084-2016Redesign;en-US;www.google.com;20171;1;0
Lidobeachresort.com-0106-2017Redesign;en-US;www.google.ca;28666;1;0
Edgewaternaples.com-0094-2016Redesign;en-US;www.google.com;25239;1;0
Edgewaternaples.com-0094-2016Redesign;en-US;www.google.com;25239;1;0
Casaybelresort.com-0002-2014Redesign;en-US;search.tb.ask.com;1533;1;0
Broadmoor.com-0073-2016Redesign;en-US;www.bing.com;16761;1;0
Thecrawfordhotel.com-0074-2016Redesign;en-US;www.google.com;17158;1;0
Theloganhotel.com-0043-2015Redesign;en-US;172.20.0.1:8000;20218;1;0
saddlebrook.com-0011-2014Redesign;en-US;www.bing.com;4538;1;0
Broadmoor.com-0073-2016Redesign;en-US;m.facebook.com;16790;1;0
Opalsands.com-0084-2016Redesign;en-US;www.google.com;40846;1;0
Unionstationhotelnashville.com-0047-2015Redesign;en-US;www.google.ca;32226;1;0
Casaybelresort.com-0002-2014Redesign;en-US;www.google.com;1613;1;0
Courtyardportlandcitycenter.com-0063-2015Redesign;en-US;www.google.com;14545;1;0
Longboatkeyclub.com-0104-2017Redesign;en-US;www.google.co.uk;28317;1;0
Monarchbeachresort.com-0092-2016Redesign;en-US;www.bing.com;23048;1;0
Casaybelresort.com-0002-2014Redesign;en-US;www.google.com;1533;1;0
Cocokeyorlando.com-0059-2015Redesign;en-US;www.google.com;12394;1;0
Galthouse.com-0042-2015Redesign;en-US;www.churchilldowns.com;31905;1;0
Cphollywoodbeach.com-0032-2015Redesign;en-US;www.sunny.org;7831;1;0
Marriottkeylargo.com-0015-2014Redesign;en-US;twooceansdigital.com;3948;1;0
Marriottkeylargo.com-0015-2014Redesign;en-US;twooceansdigital.com;3964;1;0
Longboatkeyclub.com-0104-2017Redesign;en-US;www.facebook.com;28316;1;0
Edgewaternaples.com-0094-2016Redesign;en-US;s0.2mdn.net;25239;1;0
Longboatkeyclub.com-0104-2017Redesign;en-US;www.facebook.com;28316;1;0
Jupiterbeachresort.com-0103-2017Redesign;en-US;search.aol.com;28158;1;0
Opalsands.com-0084-2016Redesign;en-US;start.att.net;20171;1;0
