Lidobeachresort.com-0106-2017Redesign;en-US;r.search.yahoo.com;28666;1;0
Broadmoor.com-0073-2016Redesign;en-US;login.nomadix.com:1111;16724;1;0
Broadmoor.com-0073-2016Redesign;en-US;login.nomadix.com:1111;16724;1;0
Broadmoor.com-0073-2016Redesign;en-US;www.google.com;18013;1;0
Thesagamore.com-0112-2017Redesign;en-US;www.google.com;32339;1;0
Thesagamore.com-0112-2017Redesign;en-US;www.google.com;32339;1;0
Lakeplacidlodge.com-0105-2017Redesign;en-US;www.google.com;28545;1;0
Opalsands.com-0084-2016Redesign;en-US;www.beachtourism.com;20171;1;0
Unionstationhotelnashville.com-0047-2015Redesign;en-US;www.travelchannel.com;32226;1;0
wentworthcom00212014redesign;en-US;www.bing.com;26679;1;0
Treasureislandbeachresort.com-0089-2016Redesign;en-US;www.bing.com;22169;1;0
Treasureislandbeachresort.com-0089-2016Redesign;en-US;www.bing.com;22169;1;0
Broadmoor.com-0073-2016Redesign;en-US;digital.milespartnership.com;16721;1;0
Broadmoor.com-0073-2016Redesign;en-US;digital.milespartnership.com;16721;1;0
Thelodgeatwoodloch.com-0033-2015Redesign;en-US;www.google.com;8254;1;0
Samosetresort.com-0113-2017Redesign;en-US;www.google.com;32541;1;0
Samosetresort.com-0113-2017Redesign;en-US;www.google.com;32541;1;0
Cphollywoodbeach.com-0032-2015Redesign;en-US;www.sunny.org;7831;1;0
Broadmoor.com-0073-2016Redesign;en-US;www.google.com;16721;1;0
Broadmoor.com-0073-2016Redesign;en-US;www.google.com;16721;1;0
