Casaybelresort.com-0002-2014Redesign;en-US;www.google.com;1613;1;0
Edgewaternaples.com-0094-2016Redesign;en-US;www.google.com;25239;1;0
Samosetresort.com-0113-2017Redesign;en-US;www.google.com;32541;1;0
Broadmoor.com-0073-2016Redesign;en-US;www.google.com;16721;1;0
Miravalspamonarchbeach.com-0109-2017Redesign;en-US;www.monarchbeachresort.com;31709;1;0
Theoxfordhotel.com-0062-2015Redesign;en-US;www.google.com;14325;1;0
Broadmoor.com-0073-2016Redesign;en-US;tpc.googlesyndication.com;16728;1;0
saddlebrook.com-0011-2014Redesign;en-US;www.google.com;3385;1;0
Lidobeachresort.com-0106-2017Redesign;en-US;www.google.com;29823;1;0
Thelodgeatwoodloch.com-0033-2015Redesign;en-US;www.google.com;7764;1;0
Halcyonhotelcherrycreek.com-0061-2015Redesign;en-US;www.google.com;23196;1;0
Broadmoor.com-0073-2016Redesign;en-US;login.nomadix.com:1111;16724;1;0
Broadmoor.com-0073-2016Redesign;en-US;login.nomadix.com:1111;16724;1;0
Opalsands.com-0084-2016Redesign;en-US;esurvey.templates.cendyn.com;20171;1;0
Opalsands.com-0084-2016Redesign;en-US;esurvey.templates.cendyn.com;20171;1;0
Sandpearl.com-0091-2016Redesign;en-US;www.google.com;22481;1;0
Thesagamore.com-0112-2017Redesign;en-US;r.search.yahoo.com;32339;1;0
Thelodgeatwoodloch.com-0033-2015Redesign;en-US;www.google.com;7764;1;0
Longboatkeyclub.com-0104-2017Redesign;en-US;www.google.com;28317;1;0
Theoxfordhotel.com-0062-2015Redesign;en-US;den-80202-5400.localdomain:444;14325;1;0
Cphollywoodbeach.com-0032-2015Redesign;en-US;www.google.ca;7831;1;0
Broadmoor.com-0073-2016Redesign;en-US;www.google.com;16721;1;0
Broadmoor.com-0073-2016Redesign;en-US;m.facebook.com;16790;1;0
Thelodgeatwoodloch.com-0033-2015Redesign;en-US;www.google.com;9920;1;0
Broadmoor.com-0073-2016Redesign;en-US;login.nomadix.com:1111;16724;1;0
Casaybelresort.com-0002-2014Redesign;en-US;www.google.com;1613;1;0
Lidobeachresort.com-0106-2017Redesign;en-US;www.facebook.com;28667;1;0
Lidobeachresort.com-0106-2017Redesign;en-US;www.facebook.com;28667;1;0
Sandpearl.com-0091-2016Redesign;en-US;www.google.com;23090;1;0
Lakeplacidlodge.com-0105-2017Redesign;en-US;www.google.com;28545;1;0
Hospitalityupgrade.com-0093-2016Redesign;en-US;mojpreskumanie.com;33204;1;0
Galthouse.com-0042-2015Redesign;en-US;www.google.com;10558;1;0
Hospitalityupgrade.com-0093-2016Redesign;en-US;mojpreskumanie.com;33204;1;0
Luxehotels.com-0078-2016Redesign;en-US;www.google.fr;19216;1;0
Opalsands.com-0084-2016Redesign;en-US;www.beachtourism.com;20171;1;0
Miravalspamonarchbeach.com-0109-2017Redesign;en-US;www.monarchbeachresort.com;31709;1;0
Lidobeachresort.com-0106-2017Redesign;en-US;www.google.com;28666;1;0
Cphollywoodbeach.com-0032-2015Redesign;en-US;www.sunny.org;7831;1;0
Thelodgeatwoodloch.com-0033-2015Redesign;en-US;www.google.com;7764;1;0
Washingtondukeinn.com-0024-2014Redesign;en-US;www.google.com;4524;1;0
Thelodgeatwoodloch.com-0033-2015Redesign;en-US;android-app:;7764;1;0
Thelodgeatwoodloch.com-0033-2015Redesign;en-US;thesettlersinn.com;7764;1;0
