Casaybelresort.com-0002-2014Redesign;en-US;www.google.com;1613;1;0
Monarchbeachresort.com-0092-2016Redesign;en-US;android-app:;26800;1;0
Sandylane.com-0075-2016Redesign;en-US;www.google.com;17611;1;0
Thelodgeatwoodloch.com-0033-2015Redesign;en-US;www.travelandleisure.com;7764;1;0
Longboatkeyclub.com-0104-2017Redesign;en-US;www.google.com;28332;1;0
Casaybelresort.com-0002-2014Redesign;en-US;www.google.com;1533;1;0
saddlebrook.com-0011-2014Redesign;en-US;www.google.com;3453;1;0
Sandpearl.com-0091-2016Redesign;en-US;www.google.com.br;22481;1;0
Broadmoor.com-0073-2016Redesign;en-US;www.google.com;16764;1;0
Springhillsuitesdenver.com-0060-2015Redesign;en-US;www.google.com;12307;1;0
Cphollywoodbeach.com-0032-2015Redesign;en-US;www.google.com;7831;1;0
Opalsands.com-0084-2016Redesign;en-US;www.beachtourism.com;20171;1;0
Casaybelresort.com-0002-2014Redesign;en-US;www.google.com;1533;1;0
Theoxfordhotel.com-0062-2015Redesign;en-US;www.google.com;14332;1;0
saddlebrook.com-0011-2014Redesign;en-US;r.search.yahoo.com;3486;1;0
Broadmoor.com-0073-2016Redesign;en-US;www.google.com;21232;1;0
Thesagamore.com-0112-2017Redesign;en-US;www.google.com;32339;1;0
Thesagamore.com-0112-2017Redesign;en-US;www.google.com;32339;1;0
Edgewaternaples.com-0094-2016Redesign;en-US;www.google.com.ar;25239;1;0
Edgewaternaples.com-0094-2016Redesign;en-US;www.google.com.ar;25239;1;0
Washingtoncourthotel.com-0076-2016Redesign;en-US;www.nacep.org;17858;1;0
Laxembassy.com-0008-2014Redesign;en-US;www.google.com;2037;1;0
Cphollywoodbeach.com-0032-2015Redesign;en-US;www.google.ca;7831;1;0
Thesagamore.com-0112-2017Redesign;en-US;www.google.com;32354;1;0
Monarchbeachresort.com-0092-2016Redesign;en-US;www.google.com;22725;1;0
Cphollywoodbeach.com-0032-2015Redesign;en-US;www.sunny.org;7831;1;0
Monarchbeachresort.com-0092-2016Redesign;en-US;www.google.com;22725;1;0
Zotabeachresort.com-0090-2016Redesign;en-US;www.google.com;22357;1;0
Lidobeachresort.com-0106-2017Redesign;en-US;www.google.com;28666;1;0
Washingtoncourthotel.com-0076-2016Redesign;en-US;search.yahoo.com;17858;1;0
Sandylane.com-0075-2016Redesign;en-US;www.google.com;17611;1;0
Broadmoor.com-0073-2016Redesign;en-US;www.google.com;21232;1;0
Longboatkeyclub.com-0104-2017Redesign;en-US;www.google.ch;28316;1;0
Cphollywoodbeach.com-0032-2015Redesign;en-US;www.google.ca;7831;1;0
saddlebrook.com-0011-2014Redesign;en-US;www.google.com;3385;1;0
saddlebrook.com-0011-2014Redesign;en-US;www.google.com;3385;1;0
Sandpearl.com-0091-2016Redesign;en-US;www.google.com;22481;1;0
Sandpearl.com-0091-2016Redesign;en-US;www.google.com;22481;1;0
Sandylane.com-0075-2016Redesign;en-US;www.google.com;17744;1;0
Hospitalityupgrade.com-0093-2016Redesign;en-US;www.google.nl;25405;1;0
Cphollywoodbeach.com-0032-2015Redesign;en-US;www.sunny.org;7831;1;0
Sandylane.com-0075-2016Redesign;en-US;www.bing.com;17611;1;0
Longboatkeyclub.com-0104-2017Redesign;en-US;www.google.com;28316;1;0
Galthouse.com-0042-2015Redesign;en-US;www.bing.com;31905;1;0
Sandylane.com-0075-2016Redesign;en-US;www.google.com;17730;1;0
Galthouse.com-0042-2015Redesign;en-US;www.bing.com;31905;1;0
Sandpearl.com-0091-2016Redesign;en-US;www.google.com;22481;1;0
Secretharbourvi.com-0040-2015Redesign;en-US;www.google.com;9231;1;0
Monarchbeachresort.com-0092-2016Redesign;en-US;www.google.com;22725;1;0
Opalsands.com-0084-2016Redesign;en-US;www.google.com;20171;1;0
Longboatkeyclub.com-0104-2017Redesign;en-US;www.google.com;29848;1;0
Broadmoor.com-0073-2016Redesign;en-US;www.google.com;16728;1;0
Thesagamore.com-0112-2017Redesign;en-US;www.google.com;32339;1;0
Casaybelresort.com-0002-2014Redesign;en-US;www.google.com;1613;1;0
Casaybelresort.com-0002-2014Redesign;en-US;www.google.com;1533;1;0
Cphollywoodbeach.com-0032-2015Redesign;en-US;www.google.ca;7831;1;0
Sandpearl.com-0091-2016Redesign;en-US;www.google.com;22481;1;0
Sandpearl.com-0091-2016Redesign;en-US;www.google.com;22481;1;0
Lakeplacidlodge.com-0105-2017Redesign;en-US;www.bing.com;28545;1;0
Broadmoor.com-0073-2016Redesign;en-US;tpc.googlesyndication.com;16728;1;0
Casaybelresort.com-0002-2014Redesign;en-US;android-app:;1533;1;0
Zotabeachresort.com-0090-2016Redesign;en-US;www.google.com;22357;1;0
Thelodgeatwoodloch.com-0033-2015Redesign;en-US;www.google.com;7764;1;0
