Opalsands.com-0084-2016Redesign;en-US;www.beachtourism.com;20171;1;0
Sandylane.com-0075-2016Redesign;en-US;android-app:;17630;1;0
Residenceinnlax.com-0026-2014Redesign;en-US;www.google.com;5317;1;0
Cphollywoodbeach.com-0032-2015Redesign;en-US;www.google.ca;7831;1;0
Broadmoor.com-0073-2016Redesign;en-US;www.google.com;16757;1;0
Marriottkeylargo.com-0015-2014Redesign;en-US;www.beachcamsusa.com;3948;1;0
Opalsands.com-0084-2016Redesign;en-US;www.google.ca;20171;1;0
Edgewaternaples.com-0094-2016Redesign;en-US;www.google.com;25239;1;0
Miravalspamonarchbeach.com-0109-2017Redesign;en-US;www.miravalresorts.com;31709;1;0
Cphollywoodbeach.com-0032-2015Redesign;en-US;www.sunny.org;7831;1;0
Theoxfordhotel.com-0062-2015Redesign;en-US;www.google.com;14331;1;0
Casaybelresort.com-0002-2014Redesign;en-US;www.google.com;1613;1;0
Casaybelresort.com-0002-2014Redesign;en-US;www.google.com;1613;1;0
Marriottkeylargo.com-0015-2014Redesign;en-US;surfinggator.com;3948;1;0
Marriottkeylargo.com-0015-2014Redesign;en-US;surfinggator.com;3964;1;0
Cphollywoodbeach.com-0032-2015Redesign;en-US;www.google.ca;7831;1;0
Theoxfordhotel.com-0062-2015Redesign;en-US;android-app:;14325;1;0
Cocokeyorlando.com-0059-2015Redesign;en-US;www.offers.com;12394;1;0
Theoxfordhotel.com-0062-2015Redesign;en-US;android-app:;14325;1;0
Casaybelresort.com-0002-2014Redesign;en-US;search.yahoo.com;1533;1;0
Longboatkeyclub.com-0104-2017Redesign;en-US;www.google.co.uk;28316;1;0
saddlebrook.com-0011-2014Redesign;en-US;www.google.com;4538;1;0
Broadmoor.com-0073-2016Redesign;en-US;www.google.com;18259;1;0
Marriottkeylargo.com-0015-2014Redesign;en-US;www.beachcamsusa.com;3948;1;0
Miravalspamonarchbeach.com-0109-2017Redesign;en-US;www.miravalresorts.com;31709;1;0
Lakeplacidlodge.com-0105-2017Redesign;en-US;www.google.com;28545;1;0
Marriottkeylargo.com-0015-2014Redesign;en-US;www.floridakeyswebcams.tv;3948;1;0
Marriottkeylargo.com-0015-2014Redesign;en-US;www.floridakeyswebcams.tv;3964;1;0
Lakeplacidlodge.com-0105-2017Redesign;en-US;www.google.com;28545;1;0
Casaybelresort.com-0002-2014Redesign;en-US;www.google.com;1533;1;0
Monarchbeachresort.com-0092-2016Redesign;en-US;m.facebook.com;26800;1;0
Secretharbourvi.com-0040-2015Redesign;en-US;www.google.com;9231;1;0
Marriottkeylargo.com-0015-2014Redesign;en-US;www.fla-keys.com;3948;1;0
Cphollywoodbeach.com-0032-2015Redesign;en-US;www.sunny.org;7831;1;0
Cphollywoodbeach.com-0032-2015Redesign;en-US;www.google.com;7831;1;0
Longboatkeyclub.com-0104-2017Redesign;en-US;www.google.com;28364;1;0
Sandpearl.com-0091-2016Redesign;en-US;www.google.com;22488;1;0
Longboatkeyclub.com-0104-2017Redesign;en-US;www.google.com;28364;1;0
Sandylane.com-0075-2016Redesign;en-US;www.google.com;17611;1;0
Broadmoor.com-0073-2016Redesign;en-US;login.nomadix.com:1111;16724;1;0
Broadmoor.com-0073-2016Redesign;en-US;login.nomadix.com:1111;16724;1;0
Cphollywoodbeach.com-0032-2015Redesign;en-US;www.google.com;7831;1;0
Monarchbeachresort.com-0092-2016Redesign;en-US;www.google.com;22725;1;0
Sandpearl.com-0091-2016Redesign;en-US;www.google.com;22481;1;0
Theoxfordhotel.com-0062-2015Redesign;en-US;www.google.com;14331;1;0
Marriottkeylargo.com-0015-2014Redesign;en-US;surfinggator.com;3964;1;0
Broadmoor.com-0073-2016Redesign;en-US;www.google.com;18259;1;0
Marriottkeylargo.com-0015-2014Redesign;en-US;www.beachcamsusa.com;3948;1;0
Monarchbeachresort.com-0092-2016Redesign;en-US;m.facebook.com;22992;1;0
Marriottkeylargo.com-0015-2014Redesign;en-US;www.fla-keys.com;3948;1;0
Marriottkeylargo.com-0015-2014Redesign;en-US;www.fla-keys.com;3964;1;0
Marriottkeylargo.com-0015-2014Redesign;en-US;www.floridakeyswebcams.tv;3948;1;0
Marriottkeylargo.com-0015-2014Redesign;en-US;www.floridakeyswebcams.tv;3964;1;0
Broadmoor.com-0073-2016Redesign;en-US;www.google.com;16793;1;0
wentworthcom00212014redesign;en-US;www.google.com;4311;1;0
Sandpearl.com-0091-2016Redesign;en-US;www.google.com;22530;1;0
Broadmoor.com-0073-2016Redesign;en-US;www.google.com;18259;1;0
Marriottkeylargo.com-0015-2014Redesign;en-US;surfinggator.com;3948;1;0
Marriottkeylargo.com-0015-2014Redesign;en-US;surfinggator.com;3964;1;0
Casaybelresort.com-0002-2014Redesign;en-US;www.google.co.uk;1613;1;0
Cocokeyorlando.com-0059-2015Redesign;en-US;www.google.com;12410;1;0
Marriottkeylargo.com-0015-2014Redesign;en-US;surfinggator.com;3948;1;0
Sandylane.com-0075-2016Redesign;en-US;www.bing.com;17611;1;0
Marriottkeylargo.com-0015-2014Redesign;en-US;www.fla-keys.com;3948;1;0
Marriottkeylargo.com-0015-2014Redesign;en-US;www.fla-keys.com;3964;1;0
theweststreethotel.com-0115-2017Redesign;en-US;www.google.com;36683;1;0
