Cphollywoodbeach.com-0032-2015Redesign;en-US;r.search.yahoo.com;7831;1;0
Cphollywoodbeach.com-0032-2015Redesign;en-US;www.google.com;7831;1;0
Cphollywoodbeach.com-0032-2015Redesign;en-US;www.google.co.uk;7805;1;0
wentworthcom00212014redesign;en-US;www.visitnewengland.com;26679;1;0
Broadmoor.com-0073-2016Redesign;en-US;www.google.com;16721;1;0
Casaybelresort.com-0002-2014Redesign;en-US;duckduckgo.com;1613;1;0
Cphollywoodbeach.com-0032-2015Redesign;en-US;www.sunny.org;7831;1;0
Thesagamore.com-0112-2017Redesign;en-US;www.google.com;32340;1;0
Casaybelresort.com-0002-2014Redesign;en-US;www.google.com;1533;1;0
Oxfordclubspa.com-0068-2016Redesign;en-US;pl.id-forex.com;15568;1;0
Cphollywoodbeach.com-0032-2015Redesign;en-US;www.sunny.org;7831;1;0
Cphollywoodbeach.com-0032-2015Redesign;en-US;www.google.ca;7831;1;0
Opalsands.com-0084-2016Redesign;en-US;www.beachtourism.com;20171;1;0
Marriottkeylargo.com-0015-2014Redesign;en-US;www.floridakeyswebcams.tv;3948;1;0
Oxfordclubspa.com-0068-2016Redesign;en-US;pl.id-forex.com;15568;1;0
Broadmoor.com-0073-2016Redesign;en-US;www.pinterest.com;16776;1;0
Broadmoor.com-0073-2016Redesign;en-US;www.pinterest.com;16776;1;0
Renaissancepittsburghpa.com-0044-2015Redesign;en-US;www.google.com;9637;1;0
Casaybelresort.com-0002-2014Redesign;en-US;www.google.com;1613;1;0
Casaybelresort.com-0002-2014Redesign;en-US;totimedia.com;1613;1;0
Broadmoor.com-0073-2016Redesign;en-US;www.pinterest.com;16738;1;0
Broadmoor.com-0073-2016Redesign;en-US;www.pinterest.com;16738;1;0
Longboatkeyclub.com-0104-2017Redesign;en-US;worldcam.eu;28317;1;0
Broadmoor.com-0073-2016Redesign;en-US;www.google.com;18259;1;0
Lidobeachresort.com-0106-2017Redesign;en-US;www.google.ch;28666;1;0
Monarchbeachresort.com-0092-2016Redesign;en-US;www.google.com;22725;1;0
Lidobeachresort.com-0106-2017Redesign;en-US;www.google.ch;28666;1;0
Longboatkeyclub.com-0104-2017Redesign;en-US;www.worldcam.pl;28317;1;0
Broadmoor.com-0073-2016Redesign;en-US;www.magiquiz.com;16728;1;0
Casaybelresort.com-0002-2014Redesign;en-US;www.google.fr;1613;1;0
Casaybelresort.com-0002-2014Redesign;en-US;surfinggator.com;1613;1;0
Longboatkeyclub.com-0104-2017Redesign;en-US;worldcam.eu;28317;1;0
Broadmoor.com-0073-2016Redesign;en-US;www.google.com;18188;1;0
Cphollywoodbeach.com-0032-2015Redesign;en-US;www.sunny.org;7831;1;0
Broadmoor.com-0073-2016Redesign;en-US;www.google.com;18259;1;0
Cphollywoodbeach.com-0032-2015Redesign;en-US;www.sunny.org;7831;1;0
Cphollywoodbeach.com-0032-2015Redesign;en-US;www.google.co.uk;7831;1;0
Cphollywoodbeach.com-0032-2015Redesign;en-US;www.sunny.org;7831;1;0
Broadmoor.com-0073-2016Redesign;en-US;www.magiquiz.com;16728;1;0
Casaybelresort.com-0002-2014Redesign;en-US;www.google.ca;1613;1;0
Galthouse.com-0042-2015Redesign;en-US;android-app:;31905;1;0
Marriottkeylargo.com-0015-2014Redesign;en-US;surfinggator.com;3948;1;0
Thelodgeatwoodloch.com-0033-2015Redesign;en-US;www.google.com;8254;1;0
Halcyonhotelcherrycreek.com-0061-2015Redesign;en-US;www.google.com;22121;1;0
Casaybelresort.com-0002-2014Redesign;en-US;www.google.ca;1533;1;0
Marriottkeylargo.com-0015-2014Redesign;en-US;surfinggator.com;3964;1;0
Casaybelresort.com-0002-2014Redesign;en-US;www.google.ch;1533;1;0
Broadmoor.com-0073-2016Redesign;en-US;login.nomadix.com:1111;16724;1;0
Broadmoor.com-0073-2016Redesign;en-US;login.nomadix.com:1111;16724;1;0
Longboatkeyclub.com-0104-2017Redesign;en-US;worldcam.eu;28317;1;0
Galthouse.com-0042-2015Redesign;en-US;m.facebook.com;31905;1;0
Cphollywoodbeach.com-0032-2015Redesign;en-US;www.google.ca;7831;1;0
Cphollywoodbeach.com-0032-2015Redesign;en-US;www.google.ca;7831;1;0
Casaybelresort.com-0002-2014Redesign;en-US;www.google.com;1613;1;0
Monarchbeachresort.com-0092-2016Redesign;en-US;kevinsparties.com;22725;1;0
Lehotels.com-0049-2015Transfer;en-US;www.google.it;12108;1;0
Casaybelresort.com-0002-2014Redesign;en-US;www.bing.com;1613;1;0
Cphollywoodbeach.com-0032-2015Redesign;en-US;www.google.com;7831;1;0
Casaybelresort.com-0002-2014Redesign;en-US;r.search.yahoo.com;1613;1;0
Cphollywoodbeach.com-0032-2015Redesign;en-US;www.google.com;7831;1;0
Casaybelresort.com-0002-2014Redesign;en-US;www.google.com;1613;1;0
Opalsands.com-0084-2016Redesign;en-US;www.baidu.com;20171;1;0
Opalsands.com-0084-2016Redesign;en-US;www.baidu.com;20171;1;0
Casaybelresort.com-0002-2014Redesign;en-US;search.yahoo.com;1613;1;0
Cphollywoodbeach.com-0032-2015Redesign;en-US;www.sunny.org;7831;1;0
Cphollywoodbeach.com-0032-2015Redesign;en-US;www.beachcamsusa.com;7831;1;0
Monarchbeachresort.com-0092-2016Redesign;en-US;www.google.com;22725;1;0
Casaybelresort.com-0002-2014Redesign;en-US;surfinggator.com;1613;1;0
Casaybelresort.com-0002-2014Redesign;en-US;www.google.com;1613;1;0
Sandpearl.com-0091-2016Redesign;en-US;search.yahoo.com;22481;1;0
Opalsands.com-0084-2016Redesign;en-US;www.beachtourism.com;20171;1;0
Casaybelresort.com-0002-2014Redesign;en-US;www.google.com;1613;1;0
Casaybelresort.com-0002-2014Redesign;en-US;www.google.com;1613;1;0
Cphollywoodbeach.com-0032-2015Redesign;en-US;www.google.ca;7831;1;0
Sandpearl.com-0091-2016Redesign;en-US;www.google.com;22488;1;0
Minnetonkamarriott.com-0039-2015Redesign;en-US;m.facebook.com;9617;1;0
Opalsands.com-0084-2016Redesign;en-US;www.google.com;40846;1;0
saddlebrook.com-0011-2014Redesign;en-US;www.google.com;3479;1;0
Broadmoor.com-0073-2016Redesign;en-US;www.google.com;16721;1;0
Marriottkeylargo.com-0015-2014Redesign;en-US;www.beachcamsusa.com;3948;1;0
Marriottkeylargo.com-0015-2014Redesign;en-US;www.beachcamsusa.com;3964;1;0
Casaybelresort.com-0002-2014Redesign;en-US;www.google.com;1613;1;0
Casaybelresort.com-0002-2014Redesign;en-US;www.google.com;1613;1;0
Sandylane.com-0075-2016Redesign;en-US;www.google.co.uk;17611;1;0
Casaybelresort.com-0002-2014Redesign;en-US;www.google.com;1613;1;0
Cphollywoodbeach.com-0032-2015Redesign;en-US;www.google.com;7831;1;0
Cphollywoodbeach.com-0032-2015Redesign;en-US;www.sunny.org;7831;1;0
Broadmoor.com-0073-2016Redesign;en-US;www.google.com;18259;1;0
Sandylane.com-0075-2016Redesign;en-US;www.google.co.uk;17611;1;0
Cphollywoodbeach.com-0032-2015Redesign;en-US;www.google.ca;7831;1;0
Cphollywoodbeach.com-0032-2015Redesign;en-US;www.sunny.org;7831;1;0
Cphollywoodbeach.com-0032-2015Redesign;en-US;www.google.com;7831;1;0
Cphollywoodbeach.com-0032-2015Redesign;en-US;www.google.com;7831;1;0
Edgewaternaples.com-0094-2016Redesign;en-US;r.search.yahoo.com;25239;1;0
Cphollywoodbeach.com-0032-2015Redesign;en-US;www.sunny.org;7831;1;0
Longboatkeyclub.com-0104-2017Redesign;en-US;www.google.com;28316;1;0
