Broadmoor.com-0073-2016Redesign;en-US;www.google.com;21231;1;0
Broadmoor.com-0073-2016Redesign;en-US;tpc.googlesyndication.com;16728;1;0
Cphollywoodbeach.com-0032-2015Redesign;en-US;www.sunny.org;7831;1;0
Galthouse.com-0042-2015Redesign;en-US;www.google.com;31905;1;0
Galthouse.com-0042-2015Redesign;en-US;www.google.com;31905;1;0
Broadmoor.com-0073-2016Redesign;en-US;www.google.com;18259;1;0
Cphollywoodbeach.com-0032-2015Redesign;en-US;www.sunny.org;7831;1;0
Theharborsidehotel.com-0114-2017Redesign;en-US;www.google.com;37571;1;0
Theharborsidehotel.com-0114-2017Redesign;en-US;www.google.com;37571;1;0
Broadmoor.com-0073-2016Redesign;en-US;www.google.com;18259;1;0
wentworthcom00212014redesign;en-US;www.google.com;4317;1;0
Thesagamore.com-0112-2017Redesign;en-US;www.google.com;32339;1;0
Thesagamore.com-0112-2017Redesign;en-US;www.google.com;32339;1;0
Opalsands.com-0084-2016Redesign;en-US;www.google.com;20171;1;0
Opalsands.com-0084-2016Redesign;en-US;www.google.com;20171;1;0
Marriottdelraybeach.com-0009-2014Redesign;en-US;www.bing.com;2829;1;0
Broadmoor.com-0073-2016Redesign;en-US;www.google.com;16721;1;0
Sandpearl.com-0091-2016Redesign;en-US;www.bing.com;22481;1;0
Galthouse.com-0042-2015Redesign;en-US;www.google.com;31905;1;0
Broadmoor.com-0073-2016Redesign;en-US;www.google.com;18259;1;0
theweststreethotel.com-0115-2017Redesign;en-US;www.google.com;36683;1;0
Longboatkeyclub.com-0104-2017Redesign;en-US;www.google.com;28316;1;0
Edgewaternaples.com-0094-2016Redesign;en-US;www.google.co.uk;25239;1;0
Thelodgeatwoodloch.com-0033-2015Redesign;en-US;www.google.com;7764;1;0
Galthouse.com-0042-2015Redesign;en-US;www.kfcyumcenter.com;31905;1;0
