Napavalleymarriott.com-0071-2016Redesign;en-US;16432;16454;1;0
Galthouse.com-0042-2015Redesign;en-US;10568;10055;1;0
Sandpearl.com-0091-2016Redesign;en-US;22481;22483;1;0
Laxembassy.com-0008-2014Redesign;en-US;2082;2078;1;0
Treasureislandbeachresort.com-0089-2016Redesign;en-US;22176;22217;1;0
Thesagamore.com-0112-2017Redesign;en-US;32339;33922;1;0
saddlebrook.com-0011-2014Redesign;en-US;3515;3385;1;0
saddlebrook.com-0011-2014Redesign;en-US;4565;4567;1;0
saddlebrook.com-0011-2014Redesign;en-US;3385;4534;1;0
Thesagamore.com-0112-2017Redesign;en-US;32387;33577;1;0
Bocatrans.com-0082-2016Redesign;en-US;0;19762;1;0
Bocatrans.com-0082-2016Redesign;en-US;0;19764;1;0
Bocatrans.com-0082-2016Redesign;en-US;0;19763;1;0
Renaissancepittsburghpa.com-0044-2015Redesign;en-US;0;9637;1;0
Thesagamore.com-0112-2017Redesign;en-US;32339;32355;1;0
Broadmoor.com-0073-2016Redesign;en-US;18259;21232;1;0
Broadmoor.com-0073-2016Redesign;en-US;16755;16756;1;0
Bocatrans.com-0082-2016Redesign;en-US;0;19759;1;0
Bocatrans.com-0082-2016Redesign;en-US;0;19761;1;0
Broadmoor.com-0073-2016Redesign;en-US;16721;16764;1;0
Lidobeachresort.com-0106-2017Redesign;en-US;0;29833;1;0
Bocatrans.com-0082-2016Redesign;en-US;0;19766;1;0
Bocatrans.com-0082-2016Redesign;en-US;0;19769;1;0
Samosetresort.com-0113-2017Redesign;en-US;32541;35127;1;0
Bocatrans.com-0082-2016Redesign;en-US;0;19770;1;0
Bocatrans.com-0082-2016Redesign;en-US;0;19765;1;0
saddlebrook.com-0011-2014Redesign;en-US;4567;4570;1;0
Unionstationhotelnashville.com-0047-2015Redesign;en-US;32226;24058;1;0
saddlebrook.com-0011-2014Redesign;en-US;3385;3486;1;0
Halcyonhotelcherrycreek.com-0061-2015Redesign;en-US;22121;41221;1;0
Bocatrans.com-0082-2016Redesign;en-US;0;19758;1;0
Galthouse.com-0042-2015Redesign;en-US;10055;10568;1;0
Halcyonhotelcherrycreek.com-0061-2015Redesign;en-US;41221;22121;1;0
Springhillsuitesdenver.com-0060-2015Redesign;en-US;12307;12464;1;0
Unionstationhotelnashville.com-0047-2015Redesign;en-US;24058;24062;1;0
Theloganhotel.com-0043-2015Redesign;en-US;20218;9119;1;0
Galthouse.com-0042-2015Redesign;en-US;10567;10564;1;0
Thesagamore.com-0112-2017Redesign;en-US;32340;33466;1;0
Galthouse.com-0042-2015Redesign;en-US;10570;10558;1;0
Thesagamore.com-0112-2017Redesign;en-US;32346;32387;1;0
Lakeplacidlodge.com-0105-2017Redesign;en-US;28545;32804;1;0
Broadmoor.com-0073-2016Redesign;en-US;16721;16724;1;0
Jbdukehotel.com-0086-2016Redesign;en-US;21954;21934;1;0
Washingtoncourthotel.com-0076-2016Redesign;en-US;17911;17955;1;0
saddlebrook.com-0011-2014Redesign;en-US;4570;4569;1;0
Broadmoor.com-0073-2016Redesign;en-US;16764;16721;1;0
Jbdukehotel.com-0086-2016Redesign;en-US;21934;21918;1;0
Renaissancepittsburghpa.com-0044-2015Redesign;en-US;0;9637;1;0
Sandylane.com-0075-2016Redesign;en-US;17681;17698;1;0
Galthouse.com-0042-2015Redesign;en-US;10564;10566;1;0
Luxehotels.com-0078-2016Redesign;en-US;19275;18805;1;0
Thecurtis.com-0079-2016Redesign;en-US;17981;18015;1;0
Treasureislandbeachresort.com-0089-2016Redesign;en-US;22217;35634;1;0
Broadmoor.com-0073-2016Redesign;en-US;18504;16738;1;0
Galthouse.com-0042-2015Redesign;en-US;10566;10561;1;0
Cocokeyorlando.com-0059-2015Redesign;en-US;12404;12394;1;0
Thesagamore.com-0112-2017Redesign;en-US;33577;32389;1;0
Broadmoor.com-0073-2016Redesign;en-US;16721;16724;1;0
Chrco.com-0107-2017Redesign;en-US;29280;29680;1;0
Theloganhotel.com-0043-2015Redesign;en-US;9119;18415;1;0
Napavalleymarriott.com-0071-2016Redesign;en-US;16432;25818;1;0
Jbdukehotel.com-0086-2016Redesign;en-US;21918;22139;1;0
Broadmoor.com-0073-2016Redesign;en-US;16724;18293;1;0
Galthouse.com-0042-2015Redesign;en-US;10561;10563;1;0
Casaybelresort.com-0002-2014Redesign;en-US;0;1613;1;0
Oxfordclubspa.com-0068-2016Redesign;en-US;15568;15600;1;0
Oxfordclubspa.com-0068-2016Redesign;en-US;15600;15568;1;0
Napavalleymarriott.com-0071-2016Redesign;en-US;25818;26847;1;0
Galthouse.com-0042-2015Redesign;en-US;10563;10560;1;0
Broadmoor.com-0073-2016Redesign;en-US;16761;16767;1;0
Broadmoor.com-0073-2016Redesign;en-US;21235;18782;1;0
wentworthcom00212014redesign;en-US;4251;4306;1;0
Cocokeyorlando.com-0059-2015Redesign;en-US;0;12394;1;0
Casaybelresort.com-0002-2014Redesign;en-US;1533;1573;1;0
Halcyonhotelcherrycreek.com-0061-2015Redesign;en-US;22121;23287;1;0
Thesagamore.com-0112-2017Redesign;en-US;32387;33577;1;0
Theharborsidehotel.com-0114-2017Redesign;en-US;37571;38008;1;0
saddlebrook.com-0011-2014Redesign;en-US;4534;4918;1;0
saddlebrook.com-0011-2014Redesign;en-US;4569;3477;1;0
Theloganhotel.com-0043-2015Redesign;en-US;0;20218;1;0
Oxfordclubspa.com-0068-2016Redesign;en-US;15568;15596;1;0
Halcyonhotelcherrycreek.com-0061-2015Redesign;en-US;23287;22121;1;0
Theloganhotel.com-0043-2015Redesign;en-US;18415;9327;1;0
Secretharbourvi.com-0040-2015Redesign;en-US;9231;20178;1;0
Oxfordclubspa.com-0068-2016Redesign;en-US;15596;15568;1;0
Longboatkeyclub.com-0104-2017Redesign;en-US;28316;35641;1;0
Broadmoor.com-0073-2016Redesign;en-US;16721;16764;1;0
Thecurtis.com-0079-2016Redesign;en-US;0;17981;1;0
Broadmoor.com-0073-2016Redesign;en-US;18259;21232;1;0
Broadmoor.com-0073-2016Redesign;en-US;16765;16721;1;0
Galthouse.com-0042-2015Redesign;en-US;10560;10566;1;0
Unionstationhotelnashville.com-0047-2015Redesign;en-US;32226;24054;1;0
Springhillsuitesdenver.com-0060-2015Redesign;en-US;0;12307;1;0
Thesagamore.com-0112-2017Redesign;en-US;33577;41600;1;0
Galthouse.com-0042-2015Redesign;en-US;10566;10561;1;0
Laxembassy.com-0008-2014Redesign;en-US;2078;2094;1;0
Lakeplacidlodge.com-0105-2017Redesign;en-US;28545;28546;1;0
theweststreethotel.com-0115-2017Redesign;en-US;36718;41601;1;0
Napavalleymarriott.com-0071-2016Redesign;en-US;16454;16432;1;0
Hospitalityupgrade.com-0093-2016Redesign;en-US;0;25405;1;0
Napavalleymarriott.com-0071-2016Redesign;en-US;26847;16457;1;0
Sandpearl.com-0091-2016Redesign;en-US;22489;22593;1;0
Broadmoor.com-0073-2016Redesign;en-US;16764;16761;1;0
Jupiterbeachresort.com-0103-2017Redesign;en-US;28158;29245;1;0
Theoxfordhotel.com-0062-2015Redesign;en-US;0;14325;1;0
Thesagamore.com-0112-2017Redesign;en-US;32340;33924;1;0
Halcyonhotelcherrycreek.com-0061-2015Redesign;en-US;22121;29884;1;0
Thecurtis.com-0079-2016Redesign;en-US;0;17981;1;0
Unionstationhotelnashville.com-0047-2015Redesign;en-US;24054;24057;1;0
Broadmoor.com-0073-2016Redesign;en-US;18782;21230;1;0
Thesagamore.com-0112-2017Redesign;en-US;32339;32351;1;0
Hospitalityupgrade.com-0093-2016Redesign;en-US;0;35200;1;0
Broadmoor.com-0073-2016Redesign;en-US;16761;16763;1;0
Halcyonhotelcherrycreek.com-0061-2015Redesign;en-US;29884;22121;1;0
Napavalleymarriott.com-0071-2016Redesign;en-US;16457;25446;1;0
Broadmoor.com-0073-2016Redesign;en-US;18259;16755;1;0
Longboatkeyclub.com-0104-2017Redesign;en-US;28316;35641;1;0
Samosetresort.com-0113-2017Redesign;en-US;0;32541;1;0
Thesagamore.com-0112-2017Redesign;en-US;33466;33467;1;0
Thesagamore.com-0112-2017Redesign;en-US;32389;33569;1;0
Hospitalityupgrade.com-0093-2016Redesign;en-US;35200;37631;1;0
Broadmoor.com-0073-2016Redesign;en-US;20436;16721;1;0
Galthouse.com-0042-2015Redesign;en-US;10561;10564;1;0
saddlebrook.com-0011-2014Redesign;en-US;3385;3454;1;0
