Thesagamore.com-0112-2017Redesign;en-US;32339;33922;1;0
Theloganhotel.com-0043-2015Redesign;en-US;9119;20218;1;0
Thelodgeatwoodloch.com-0033-2015Redesign;en-US;7764;7771;1;0
Thelodgeatwoodloch.com-0033-2015Redesign;en-US;7764;9526;1;0
Broadmoor.com-0073-2016Redesign;en-US;18259;16722;1;0
Thelodgeatwoodloch.com-0033-2015Redesign;en-US;11007;11016;1;0
Longboatkeyclub.com-0104-2017Redesign;en-US;28332;28321;1;0
Montaukyachtclub.com-0010-2014Redesign;en-US;2384;2386;1;0
Broadmoor.com-0073-2016Redesign;en-US;16721;16761;1;0
theweststreethotel.com-0115-2017Redesign;en-US;36691;36718;1;0
Halcyonhotelcherrycreek.com-0061-2015Redesign;en-US;22121;23318;1;0
Broadmoor.com-0073-2016Redesign;en-US;16724;16790;1;0
Halcyonhotelcherrycreek.com-0061-2015Redesign;en-US;23318;22121;1;0
Unionstationhotelnashville.com-0047-2015Redesign;en-US;40428;26856;1;0
Thecurtis.com-0079-2016Redesign;en-US;19081;19041;1;0
Thecurtis.com-0079-2016Redesign;en-US;17981;18823;1;0
Broadmoor.com-0073-2016Redesign;en-US;16722;17451;1;0
Broadmoor.com-0073-2016Redesign;en-US;18259;16721;1;0
Theloganhotel.com-0043-2015Redesign;en-US;20218;9119;1;0
Longboatkeyclub.com-0104-2017Redesign;en-US;28325;28381;1;0
Broadmoor.com-0073-2016Redesign;en-US;17443;16722;1;0
Broadmoor.com-0073-2016Redesign;en-US;16761;16764;1;0
Unionstationhotelnashville.com-0047-2015Redesign;en-US;26856;41720;1;0
Lidobeachresort.com-0106-2017Redesign;en-US;28730;29899;1;0
Longboatkeyclub.com-0104-2017Redesign;en-US;28321;28328;1;0
Broadmoor.com-0073-2016Redesign;en-US;18208;16790;1;0
Thelodgeatwoodloch.com-0033-2015Redesign;en-US;7764;8250;1;0
Theloganhotel.com-0043-2015Redesign;en-US;9119;18416;1;0
Broadmoor.com-0073-2016Redesign;en-US;16721;18259;1;0
Samosetresort.com-0113-2017Redesign;en-US;35112;35285;1;0
Halcyonhotelcherrycreek.com-0061-2015Redesign;en-US;22121;24484;1;0
Halcyonhotelcherrycreek.com-0061-2015Redesign;en-US;24484;22121;1;0
Longboatkeyclub.com-0104-2017Redesign;en-US;28328;28347;1;0
Thecurtis.com-0079-2016Redesign;en-US;19041;19072;1;0
Renaissancepittsburghpa.com-0044-2015Redesign;en-US;9691;9680;1;0
Thecurtis.com-0079-2016Redesign;en-US;17981;18823;1;0
Thelodgeatwoodloch.com-0033-2015Redesign;en-US;9526;7782;1;0
Monarchbeachresort.com-0092-2016Redesign;en-US;22725;23469;1;0
Theharborsidehotel.com-0114-2017Redesign;en-US;37572;37941;1;0
Miravalspamonarchbeach.com-0109-2017Redesign;en-US;41673;33978;1;0
Thesagamore.com-0112-2017Redesign;en-US;32339;33443;1;0
Broadmoor.com-0073-2016Redesign;en-US;16793;16721;1;0
Samosetresort.com-0113-2017Redesign;en-US;0;32541;1;0
Secretharbourvi.com-0040-2015Redesign;en-US;9231;20178;1;0
Broadmoor.com-0073-2016Redesign;en-US;16722;16721;1;0
Broadmoor.com-0073-2016Redesign;en-US;16790;16724;1;0
Unionstationhotelnashville.com-0047-2015Redesign;en-US;41720;24054;1;0
wentworthcom00212014redesign;en-US;4245;4416;1;0
Broadmoor.com-0073-2016Redesign;en-US;17451;36006;1;0
Sandpearl.com-0091-2016Redesign;en-US;22481;22497;1;0
Thesagamore.com-0112-2017Redesign;en-US;33473;32339;1;0
Lidobeachresort.com-0106-2017Redesign;en-US;29899;29981;1;0
Washingtondukeinn.com-0024-2014Redesign;en-US;4524;4732;1;0
Broadmoor.com-0073-2016Redesign;en-US;16721;18010;1;0
theweststreethotel.com-0115-2017Redesign;en-US;36718;37721;1;0
Longboatkeyclub.com-0104-2017Redesign;en-US;28347;28328;1;0
Broadmoor.com-0073-2016Redesign;en-US;0;16731;1;0
Thelodgeatwoodloch.com-0033-2015Redesign;en-US;7782;9526;1;0
Casaybelresort.com-0002-2014Redesign;en-US;1739;1736;1;0
Casaybelresort.com-0002-2014Redesign;en-US;1736;1739;1;0
Thesagamore.com-0112-2017Redesign;en-US;33443;33446;1;0
Thecurtis.com-0079-2016Redesign;en-US;18823;18015;1;0
Broadmoor.com-0073-2016Redesign;en-US;16721;16722;1;0
Miravalspamonarchbeach.com-0109-2017Redesign;en-US;33978;40604;1;0
Samosetresort.com-0113-2017Redesign;en-US;0;35128;1;0
Longboatkeyclub.com-0104-2017Redesign;en-US;28328;28321;1;0
Theoxfordhotel.com-0062-2015Redesign;en-US;14332;14325;1;0
Broadmoor.com-0073-2016Redesign;en-US;16722;18259;1;0
Cphollywoodbeach.com-0032-2015Redesign;en-US;0;7831;1;0
Broadmoor.com-0073-2016Redesign;en-US;16722;17444;1;0
Broadmoor.com-0073-2016Redesign;en-US;18259;16756;1;0
Broadmoor.com-0073-2016Redesign;en-US;0;32313;1;0
Broadmoor.com-0073-2016Redesign;en-US;17444;17445;1;0
Cocokeyorlando.com-0059-2015Redesign;en-US;12394;12410;1;0
saddlebrook.com-0011-2014Redesign;en-US;3385;4565;1;0
Montaukyachtclub.com-0010-2014Redesign;en-US;2280;2254;1;0
Miravalspamonarchbeach.com-0109-2017Redesign;en-US;40604;31915;1;0
Theloganhotel.com-0043-2015Redesign;en-US;20218;9119;1;0
Broadmoor.com-0073-2016Redesign;en-US;36006;40450;1;0
Thecurtis.com-0079-2016Redesign;en-US;18823;19041;1;0
Broadmoor.com-0073-2016Redesign;en-US;16721;16724;1;0
Broadmoor.com-0073-2016Redesign;en-US;17445;17450;1;0
Thelodgeatwoodloch.com-0033-2015Redesign;en-US;9526;7783;1;0
Monarchbeachresort.com-0092-2016Redesign;en-US;23001;22996;1;0
Broadmoor.com-0073-2016Redesign;en-US;17450;17449;1;0
Thecrawfordhotel.com-0074-2016Redesign;en-US;17157;38631;1;0
Cocokeyorlando.com-0059-2015Redesign;en-US;12394;12406;1;0
Samosetresort.com-0113-2017Redesign;en-US;35285;35144;1;0
Longboatkeyclub.com-0104-2017Redesign;en-US;28325;28390;1;0
Cocokeyorlando.com-0059-2015Redesign;en-US;12410;12546;1;0
Cocokeyorlando.com-0059-2015Redesign;en-US;12394;12406;1;0
