Edgewaternaples.com-0094-2016Redesign;en-US;25246;25247;1;0
Edgewaternaples.com-0094-2016Redesign;en-US;25247;25311;1;0
Kittitianhill.com-0012-2014Redesign;en-US;2298;2299;1;0
Sandpearl.com-0091-2016Redesign;en-US;22481;22491;1;0
Hospitalityupgrade.com-0093-2016Redesign;en-US;26756;36351;1;0
Renaissancepittsburghpa.com-0044-2015Redesign;en-US;0;9739;1;0
Hospitalityupgrade.com-0093-2016Redesign;en-US;36351;32674;1;0
Miravalspamonarchbeach.com-0109-2017Redesign;en-US;32114;31915;1;0
Hospitalityupgrade.com-0093-2016Redesign;en-US;32674;41769;1;0
Renaissancepittsburghpa.com-0044-2015Redesign;en-US;0;9758;1;0
Hospitalityupgrade.com-0093-2016Redesign;en-US;41769;36423;1;0
Renaissancepittsburghpa.com-0044-2015Redesign;en-US;0;10030;1;0
Kittitianhill.com-0012-2014Redesign;en-US;2299;2298;1;0
Hospitalityupgrade.com-0093-2016Redesign;en-US;36423;32695;1;0
Thecurtis.com-0079-2016Redesign;en-US;18823;18826;1;0
Renaissancepittsburghpa.com-0044-2015Redesign;en-US;0;10905;1;0
Edgewaternaples.com-0094-2016Redesign;en-US;25239;25314;1;0
Renaissancepittsburghpa.com-0044-2015Redesign;en-US;0;9701;1;0
Samosetresort.com-0113-2017Redesign;en-US;0;32541;1;0
Hospitalityupgrade.com-0093-2016Redesign;en-US;0;36187;1;0
Sandpearl.com-0091-2016Redesign;en-US;22498;22545;1;0
