Cphollywoodbeach.com-0032-2015Redesign;en-US;www.sunny.org;7831;1;0
Broadmoor.com-0073-2016Redesign;en-US;www.google.com;16761;1;0
Broadmoor.com-0073-2016Redesign;en-US;www.travelandleisure.com;16728;1;0
Marriottkeylargo.com-0015-2014Redesign;en-US;www.beachcamsusa.com;3948;1;0
Marriottkeylargo.com-0015-2014Redesign;en-US;www.beachcamsusa.com;3964;1;0
Montaukyachtclub.com-0010-2014Redesign;en-US;www.google.com;2454;1;0
Courtyardportlandcitycenter.com-0063-2015Redesign;en-US;www.google.com;14545;1;0
Cphollywoodbeach.com-0032-2015Redesign;en-US;www.sunny.org;7831;1;0
saddlebrook.com-0011-2014Redesign;en-US;www.google.ca;4538;1;0
Marriottkeylargo.com-0015-2014Redesign;en-US;stroyplus.ru;3948;1;0
Marriottkeylargo.com-0015-2014Redesign;en-US;lechenie-gemorroya.com;3948;1;0
Marriottkeylargo.com-0015-2014Redesign;en-US;www.google.com;3948;1;0
Marriottkeylargo.com-0015-2014Redesign;en-US;stroyplus.ru;3948;1;0
wentworthcom00212014redesign;en-US;r.search.yahoo.com;4307;1;0
Opalsands.com-0084-2016Redesign;en-US;www.google.com;40846;1;0
Thelodgeatwoodloch.com-0033-2015Redesign;en-US;www.google.com;7764;1;0
Broadmoor.com-0073-2016Redesign;en-US;www.google.com;16790;1;0
Marriottkeylargo.com-0015-2014Redesign;en-US;uk.search.yahoo.com;3948;1;0
Casaybelresort.com-0002-2014Redesign;en-US;www.google.com;1533;1;0
Theloganhotel.com-0043-2015Redesign;en-US;www.google.com;20218;1;0
Longboatkeyclub.com-0104-2017Redesign;en-US;www.baysider.com;35641;1;0
Thecurtis.com-0079-2016Redesign;en-US;www.google.com;17981;1;0
Cphollywoodbeach.com-0032-2015Redesign;en-US;www.google.com;7831;1;0
Marriottkeylargo.com-0015-2014Redesign;en-US;www.google.com;3964;1;0
Lakeplacidlodge.com-0105-2017Redesign;en-US;m.facebook.com;28545;1;0
Monarchbeachresort.com-0092-2016Redesign;en-US;www.google.com;22725;1;0
Cphollywoodbeach.com-0032-2015Redesign;en-US;www.sunny.org;7831;1;0
Galthouse.com-0042-2015Redesign;en-US;www.wdrb.com;31905;1;0
Thecrawfordhotel.com-0074-2016Redesign;en-US;www.google.com;17145;1;0
Thecurtis.com-0079-2016Redesign;en-US;www.google.com;17981;1;0
Marriottkeylargo.com-0015-2014Redesign;en-US;www.beachcamsusa.com;3948;1;0
Degreerestaurant.com-0056-2015Redesign;en-US;www.yelp.com;11598;1;0
Lakeplacidlodge.com-0105-2017Redesign;en-US;m.facebook.com;28545;1;0
Napavalleymarriott.com-0071-2016Redesign;en-US;www.google.com;16432;1;0
Cphollywoodbeach.com-0032-2015Redesign;en-US;www.google.com.ar;7805;1;0
Lidobeachresort.com-0106-2017Redesign;en-US;www.facebook.com;28667;1;0
Lidobeachresort.com-0106-2017Redesign;en-US;www.facebook.com;28667;1;0
Cphollywoodbeach.com-0032-2015Redesign;en-US;www.google.ca;7831;1;0
Galthouse.com-0042-2015Redesign;en-US;www.google.com;31905;1;0
Monarchbeachresort.com-0092-2016Redesign;en-US;www.google.ca;22725;1;0
Cphollywoodbeach.com-0032-2015Redesign;en-US;www.sunny.org;7831;1;0
Renaissancepittsburghpa.com-0044-2015Redesign;en-US;www.google.com;9688;1;0
