Longboatkeyclub.com-0104-2017Redesign;en-US;www.google.com;28317;1;0
Marriottkeylargo.com-0015-2014Redesign;en-US;www.google.se;3948;1;0
Cphollywoodbeach.com-0032-2015Redesign;en-US;www.sunny.org;7831;1;0
Casaybelresort.com-0002-2014Redesign;en-US;www.google.com;1533;1;0
Zotabeachresort.com-0090-2016Redesign;en-US;www.google.com;22357;1;0
Zotabeachresort.com-0090-2016Redesign;en-US;www.google.com;22357;1;0
Cphollywoodbeach.com-0032-2015Redesign;en-US;www.sunny.org;7831;1;0
Cphollywoodbeach.com-0032-2015Redesign;en-US;www.google.com;7831;1;0
Thesagamore.com-0112-2017Redesign;en-US;www.google.com;32339;1;0
Thesagamore.com-0112-2017Redesign;en-US;www.google.com;32339;1;0
Galthouse.com-0042-2015Redesign;en-US;www.google.com;10924;1;0
Lidobeachresort.com-0106-2017Redesign;en-US;lm.facebook.com;28667;1;0
Lidobeachresort.com-0106-2017Redesign;en-US;lm.facebook.com;28667;1;0
Edgewaternaples.com-0094-2016Redesign;en-US;www.google.com;25239;1;0
Casaybelresort.com-0002-2014Redesign;en-US;surfinggator.com;1613;1;0
Edgewaternaples.com-0094-2016Redesign;en-US;www.google.com;25239;1;0
Cphollywoodbeach.com-0032-2015Redesign;en-US;www.sunny.org;7831;1;0
Casaybelresort.com-0002-2014Redesign;en-US;surfinggator.com;1613;1;0
Marriottkeylargo.com-0015-2014Redesign;en-US;surfinggator.com;3948;1;0
Marriottkeylargo.com-0015-2014Redesign;en-US;surfinggator.com;3964;1;0
Marriottkeylargo.com-0015-2014Redesign;en-US;surfinggator.com;3948;1;0
Lidobeachresort.com-0106-2017Redesign;en-US;www.google.com;28678;1;0
Broadmoor.com-0073-2016Redesign;en-US;www.google.com;16766;1;0
Opalsands.com-0084-2016Redesign;en-US;www.beachtourism.com;20171;1;0
Washingtondukeinn.com-0024-2014Redesign;en-US;www.google.com;4758;1;0
Casaybelresort.com-0002-2014Redesign;en-US;totimedia.com;1613;1;0
Casaybelresort.com-0002-2014Redesign;en-US;board.bestofsanibelcaptiva.com;1613;1;0
Casaybelresort.com-0002-2014Redesign;en-US;www.google.com;1613;1;0
Cphollywoodbeach.com-0032-2015Redesign;en-US;www.sunny.org;7831;1;0
Cphollywoodbeach.com-0032-2015Redesign;en-US;www.google.com;7831;1;0
wentworthcom00212014redesign;en-US;www.google.com;26679;1;0
Broadmoor.com-0073-2016Redesign;en-US;www.google.com;21231;1;0
Casaybelresort.com-0002-2014Redesign;en-US;surfinggator.com;1613;1;0
Cphollywoodbeach.com-0032-2015Redesign;en-US;www.sunny.org;7831;1;0
Broadmoor.com-0073-2016Redesign;en-US;www.google.com;16765;1;0
Marriottkeylargo.com-0015-2014Redesign;en-US;surfinggator.com;3948;1;0
Casaybelresort.com-0002-2014Redesign;en-US;www.google.com;1613;1;0
Casaybelresort.com-0002-2014Redesign;en-US;www.bing.com;1710;1;0
Broadmoor.com-0073-2016Redesign;en-US;www.dogpile.com;18259;1;0
Broadmoor.com-0073-2016Redesign;en-US;www.google.com;16765;1;0
Broadmoor.com-0073-2016Redesign;en-US;www.google.com;16765;1;0
Cocokeyorlando.com-0059-2015Redesign;en-US;www.google.com;12394;1;0
Cocokeyorlando.com-0059-2015Redesign;en-US;www.google.com;12394;1;0
Broadmoor.com-0073-2016Redesign;en-US;www.google.com;16761;1;0
Casaybelresort.com-0002-2014Redesign;en-US;surfinggator.com;1613;1;0
Broadmoor.com-0073-2016Redesign;en-US;www.google.com;16761;1;0
Lakeplacidlodge.com-0105-2017Redesign;en-US;www.thesagamore.com;28545;1;0
Cphollywoodbeach.com-0032-2015Redesign;en-US;www.sunny.org;7831;1;0
saddlebrook.com-0011-2014Redesign;en-US;www.google.com;3479;1;0
Thelodgeatwoodloch.com-0033-2015Redesign;en-US;www.google.com;7764;1;0
Cphollywoodbeach.com-0032-2015Redesign;en-US;www.google.com;7831;1;0
Casaybelresort.com-0002-2014Redesign;en-US;m.facebook.com;1639;1;0
Edgewaternaples.com-0094-2016Redesign;en-US;www.google.de;25239;1;0
Edgewaternaples.com-0094-2016Redesign;en-US;www.google.de;25239;1;0
Casaybelresort.com-0002-2014Redesign;en-US;r.search.yahoo.com;1613;1;0
Broadmoor.com-0073-2016Redesign;en-US;login.nomadix.com:1111;16724;1;0
Broadmoor.com-0073-2016Redesign;en-US;login.nomadix.com:1111;16724;1;0
Luxehotels.com-0078-2016Redesign;en-US;search.yahoo.com;18833;1;0
Casaybelresort.com-0002-2014Redesign;en-US;surfinggator.com;1613;1;0
