Broadmoor.com-0073-2016Redesign;en-US;16721;16724;1;0
Thecurtis.com-0079-2016Redesign;en-US;0;17981;1;0
Samosetresort.com-0113-2017Redesign;en-US;0;32541;1;0
Oxfordclubspa.com-0068-2016Redesign;en-US;17437;15568;1;0
Longboatkeyclub.com-0104-2017Redesign;en-US;28316;35641;1;0
Longboatkeyclub.com-0104-2017Redesign;en-US;28316;28349;1;0
Broadmoor.com-0073-2016Redesign;en-US;16724;18293;1;0
Oxfordclubspa.com-0068-2016Redesign;en-US;15587;15568;1;0
Samosetresort.com-0113-2017Redesign;en-US;35314;32541;1;0
Oxfordclubspa.com-0068-2016Redesign;en-US;17436;15568;1;0
Cocokeyorlando.com-0059-2015Redesign;en-US;0;12394;1;0
Washingtondukeinn.com-0024-2014Redesign;en-US;5165;5971;1;0
Luxehotels.com-0078-2016Redesign;en-US;18830;18805;1;0
Longboatkeyclub.com-0104-2017Redesign;en-US;35641;28332;1;0
Oxfordclubspa.com-0068-2016Redesign;en-US;17385;15568;1;0
Cocokeyorlando.com-0059-2015Redesign;en-US;0;12394;1;0
Theoxfordhotel.com-0062-2015Redesign;en-US;0;14325;1;0
Oxfordclubspa.com-0068-2016Redesign;en-US;17384;15568;1;0
Renaissancepittsburghpa.com-0044-2015Redesign;en-US;0;9637;1;0
Renaissancepittsburghpa.com-0044-2015Redesign;en-US;0;9637;1;0
Longboatkeyclub.com-0104-2017Redesign;en-US;28316;35641;1;0
