Longboatkeyclub.com-0104-2017Redesign;en-US;28316;35641;1;0
Theharborsidehotel.com-0114-2017Redesign;en-US;37571;38016;1;0
Broadmoor.com-0073-2016Redesign;en-US;16721;16755;1;0
Longboatkeyclub.com-0104-2017Redesign;en-US;35641;28327;1;0
Cocokeyorlando.com-0059-2015Redesign;en-US;0;12394;1;0
Samosetresort.com-0113-2017Redesign;en-US;35152;35154;1;0
Glencovemansion.com-0058-2015Redesign;en-US;13328;41586;1;0
Broadmoor.com-0073-2016Redesign;en-US;17443;16731;1;0
Cocokeyorlando.com-0059-2015Redesign;en-US;12394;12406;1;0
Cocokeyorlando.com-0059-2015Redesign;en-US;12406;12394;1;0
Cocokeyorlando.com-0059-2015Redesign;en-US;12394;12406;1;0
Samosetresort.com-0113-2017Redesign;en-US;35154;35152;1;0
Galthouse.com-0042-2015Redesign;en-US;0;10923;1;0
Courtyardportlandcitycenter.com-0063-2015Redesign;en-US;14553;14545;1;0
Napavalleymarriott.com-0071-2016Redesign;en-US;16432;18282;1;0
Washingtondukeinn.com-0024-2014Redesign;en-US;4524;4997;1;0
Renaissancepittsburghpa.com-0044-2015Redesign;en-US;9690;9739;1;0
Thecrawfordhotel.com-0074-2016Redesign;en-US;17145;17163;1;0
Broadmoor.com-0073-2016Redesign;en-US;16761;16764;1;0
Thesagamore.com-0112-2017Redesign;en-US;33449;33450;1;0
Longboatkeyclub.com-0104-2017Redesign;en-US;28316;35641;1;0
Thelodgeatwoodloch.com-0033-2015Redesign;en-US;8254;7781;1;0
Broadmoor.com-0073-2016Redesign;en-US;18782;16793;1;0
Broadmoor.com-0073-2016Redesign;en-US;16755;16756;1;0
Galthouse.com-0042-2015Redesign;en-US;10923;10570;1;0
Thelodgeatwoodloch.com-0033-2015Redesign;en-US;7781;7771;1;0
Thecurtis.com-0079-2016Redesign;en-US;0;17981;1;0
Broadmoor.com-0073-2016Redesign;en-US;16781;16784;1;0
Thelodgeatwoodloch.com-0033-2015Redesign;en-US;7771;7783;1;0
Thelodgeatwoodloch.com-0033-2015Redesign;en-US;11307;8261;1;0
Longboatkeyclub.com-0104-2017Redesign;en-US;28316;35641;1;0
Thesagamore.com-0112-2017Redesign;en-US;32387;32346;1;0
Sandpearl.com-0091-2016Redesign;en-US;22481;23074;1;0
Miravalspamonarchbeach.com-0109-2017Redesign;en-US;31709;31728;1;0
Thesagamore.com-0112-2017Redesign;en-US;33924;33921;1;0
Cocokeyorlando.com-0059-2015Redesign;en-US;0;12394;1;0
Oxfordclubspa.com-0068-2016Redesign;en-US;15568;15600;1;0
Oxfordclubspa.com-0068-2016Redesign;en-US;15600;15568;1;0
Thesagamore.com-0112-2017Redesign;en-US;32339;33925;1;0
Cocokeyorlando.com-0059-2015Redesign;en-US;0;12394;1;0
Galthouse.com-0042-2015Redesign;en-US;10570;10558;1;0
Marriottdelraybeach.com-0009-2014Redesign;en-US;2829;2832;1;0
Cphollywoodbeach.com-0032-2015Redesign;en-US;0;7855;1;0
Broadmoor.com-0073-2016Redesign;en-US;16721;16728;1;0
Washingtondukeinn.com-0024-2014Redesign;en-US;4997;5100;1;0
Thesagamore.com-0112-2017Redesign;en-US;32346;32388;1;0
Marriottdelraybeach.com-0009-2014Redesign;en-US;2832;2829;1;0
theweststreethotel.com-0115-2017Redesign;en-US;36683;37425;1;0
Napavalleymarriott.com-0071-2016Redesign;en-US;18282;16440;1;0
Thesagamore.com-0112-2017Redesign;en-US;33925;33922;1;0
Broadmoor.com-0073-2016Redesign;en-US;18010;17269;1;0
Thelodgeatwoodloch.com-0033-2015Redesign;en-US;9850;9526;1;0
Thesagamore.com-0112-2017Redesign;en-US;33450;33452;1;0
Theoxfordhotel.com-0062-2015Redesign;en-US;14325;14331;1;0
Broadmoor.com-0073-2016Redesign;en-US;16721;16790;1;0
Unionstationhotelnashville.com-0047-2015Redesign;en-US;24062;24054;1;0
Napavalleymarriott.com-0071-2016Redesign;en-US;16440;16459;1;0
Sandpearl.com-0091-2016Redesign;en-US;22482;23074;1;0
Napavalleymarriott.com-0071-2016Redesign;en-US;16432;18369;1;0
Glencovemansion.com-0058-2015Redesign;en-US;41586;15514;1;0
Thesagamore.com-0112-2017Redesign;en-US;32388;32346;1;0
Thecurtis.com-0079-2016Redesign;en-US;0;17981;1;0
Washingtoncourthotel.com-0076-2016Redesign;en-US;17911;17931;1;0
Sandpearl.com-0091-2016Redesign;en-US;0;22482;1;0
Thelodgeatwoodloch.com-0033-2015Redesign;en-US;8261;8266;1;0
Thesagamore.com-0112-2017Redesign;en-US;33922;32339;1;0
Thesagamore.com-0112-2017Redesign;en-US;32346;32389;1;0
Theloganhotel.com-0043-2015Redesign;en-US;20218;14514;1;0
Theharborsidehotel.com-0114-2017Redesign;en-US;38016;38019;1;0
Longboatkeyclub.com-0104-2017Redesign;en-US;28316;28317;1;0
Broadmoor.com-0073-2016Redesign;en-US;16728;18782;1;0
Washingtoncourthotel.com-0076-2016Redesign;en-US;17931;17955;1;0
Casaybelresort.com-0002-2014Redesign;en-US;1533;1573;1;0
Monarchbeachresort.com-0092-2016Redesign;en-US;0;22725;1;0
Broadmoor.com-0073-2016Redesign;en-US;18259;21230;1;0
Theharborsidehotel.com-0114-2017Redesign;en-US;37571;37572;1;0
Theoxfordhotel.com-0062-2015Redesign;en-US;14325;14331;1;0
Treasureislandbeachresort.com-0089-2016Redesign;en-US;0;22858;1;0
Broadmoor.com-0073-2016Redesign;en-US;16784;16781;1;0
Theoxfordhotel.com-0062-2015Redesign;en-US;14331;14325;1;0
Thesagamore.com-0112-2017Redesign;en-US;32347;33471;1;0
Theoxfordhotel.com-0062-2015Redesign;en-US;14331;14325;1;0
Thelodgeatwoodloch.com-0033-2015Redesign;en-US;9526;8312;1;0
Cphollywoodbeach.com-0032-2015Redesign;en-US;7879;7849;1;0
