Longboatkeyclub.com-0104-2017Redesign;en-US;28316;35641;1;0
Cocokeyorlando.com-0059-2015Redesign;en-US;0;12394;1;0
Theloganhotel.com-0043-2015Redesign;en-US;0;25355;1;0
Theloganhotel.com-0043-2015Redesign;en-US;0;9121;1;0
Theloganhotel.com-0043-2015Redesign;en-US;0;27558;1;0
Theloganhotel.com-0043-2015Redesign;en-US;0;9130;1;0
Theloganhotel.com-0043-2015Redesign;en-US;0;27561;1;0
Theloganhotel.com-0043-2015Redesign;en-US;0;20218;1;0
Theloganhotel.com-0043-2015Redesign;en-US;0;9154;1;0
Theloganhotel.com-0043-2015Redesign;en-US;0;20218;1;0
Theloganhotel.com-0043-2015Redesign;en-US;0;23720;1;0
Theloganhotel.com-0043-2015Redesign;en-US;0;9124;1;0
Theloganhotel.com-0043-2015Redesign;en-US;0;33528;1;0
Theloganhotel.com-0043-2015Redesign;en-US;0;15962;1;0
Theloganhotel.com-0043-2015Redesign;en-US;0;9327;1;0
Theloganhotel.com-0043-2015Redesign;en-US;0;24449;1;0
Theloganhotel.com-0043-2015Redesign;en-US;0;27584;1;0
Broadmoor.com-0073-2016Redesign;en-US;32313;18010;1;0
Theloganhotel.com-0043-2015Redesign;en-US;0;9155;1;0
Theloganhotel.com-0043-2015Redesign;en-US;0;25355;1;0
Theloganhotel.com-0043-2015Redesign;en-US;0;41602;1;0
Theloganhotel.com-0043-2015Redesign;en-US;0;20218;1;0
Broadmoor.com-0073-2016Redesign;en-US;18010;32313;1;0
Broadmoor.com-0073-2016Redesign;en-US;32313;32318;1;0
Broadmoor.com-0073-2016Redesign;en-US;32318;32313;1;0
Springhillsuitesdenver.com-0060-2015Redesign;en-US;0;12334;1;0
Springhillsuitesdenver.com-0060-2015Redesign;en-US;0;12637;1;0
Theloganhotel.com-0043-2015Redesign;en-US;0;34200;1;0
Kittitianhill.com-0012-2014Redesign;en-US;0;2236;1;0
Samosetresort.com-0113-2017Redesign;en-US;0;32541;1;0
Chrco.com-0107-2017Redesign;en-US;29280;29960;1;0
Renaissancepittsburghpa.com-0044-2015Redesign;en-US;0;9637;1;0
Springhillsuitesdenver.com-0060-2015Redesign;en-US;0;12335;1;0
Thecurtis.com-0079-2016Redesign;en-US;0;17981;1;0
Sandpearl.com-0091-2016Redesign;en-US;22481;22493;1;0
Springhillsuitesdenver.com-0060-2015Redesign;en-US;0;12341;1;0
Springhillsuitesdenver.com-0060-2015Redesign;en-US;0;12340;1;0
Renaissancepittsburghpa.com-0044-2015Redesign;en-US;0;9637;1;0
Springhillsuitesdenver.com-0060-2015Redesign;en-US;0;12344;1;0
Springhillsuitesdenver.com-0060-2015Redesign;en-US;0;12505;1;0
Springhillsuitesdenver.com-0060-2015Redesign;en-US;0;12343;1;0
Springhillsuitesdenver.com-0060-2015Redesign;en-US;0;12337;1;0
