Broadmoor.com-0073-2016Redesign;en-US;r.search.yahoo.com;18013;1;0
Cendyn.com-0095-2016Redesign;en-US;www.google.com;26865;1;0
Cocokeyorlando.com-0059-2015Redesign;en-US;www.google.com;12394;1;0
Chrco.com-0107-2017Redesign;en-US;chp.tbe.taleo.net;29280;1;0
Chrco.com-0107-2017Redesign;en-US;chp.tbe.taleo.net;29280;1;0
Chrco.com-0107-2017Redesign;en-US;chp.tbe.taleo.net;29280;1;0
Chrco.com-0107-2017Redesign;en-US;chp.tbe.taleo.net;29280;1;0
Chrco.com-0107-2017Redesign;en-US;chp.tbe.taleo.net;29280;1;0
Chrco.com-0107-2017Redesign;en-US;chp.tbe.taleo.net;29280;1;0
Chrco.com-0107-2017Redesign;en-US;chp.tbe.taleo.net;29280;1;0
Chrco.com-0107-2017Redesign;en-US;chp.tbe.taleo.net;29280;1;0
Chrco.com-0107-2017Redesign;en-US;chp.tbe.taleo.net;29280;1;0
Chrco.com-0107-2017Redesign;en-US;chp.tbe.taleo.net;29280;1;0
Chrco.com-0107-2017Redesign;en-US;chp.tbe.taleo.net;29280;1;0
Chrco.com-0107-2017Redesign;en-US;chp.tbe.taleo.net;29280;1;0
Chrco.com-0107-2017Redesign;en-US;chp.tbe.taleo.net;29280;1;0
Chrco.com-0107-2017Redesign;en-US;chp.tbe.taleo.net;29280;1;0
Chrco.com-0107-2017Redesign;en-US;chp.tbe.taleo.net;29280;1;0
Chrco.com-0107-2017Redesign;en-US;chp.tbe.taleo.net;29280;1;0
Beverlyhillsresidenceinn.com-0087-2016Redesign;en-US;www.google.com;20999;1;0
Chrco.com-0107-2017Redesign;en-US;chp.tbe.taleo.net;29280;1;0
Chrco.com-0107-2017Redesign;en-US;chp.tbe.taleo.net;29280;1;0
Chrco.com-0107-2017Redesign;en-US;chp.tbe.taleo.net;29280;1;0
Chrco.com-0107-2017Redesign;en-US;chp.tbe.taleo.net;29280;1;0
Chrco.com-0107-2017Redesign;en-US;chp.tbe.taleo.net;29280;1;0
Chrco.com-0107-2017Redesign;en-US;chp.tbe.taleo.net;29280;1;0
Chrco.com-0107-2017Redesign;en-US;chp.tbe.taleo.net;29280;1;0
Chrco.com-0107-2017Redesign;en-US;chp.tbe.taleo.net;29280;1;0
Chrco.com-0107-2017Redesign;en-US;chp.tbe.taleo.net;29280;1;0
Chrco.com-0107-2017Redesign;en-US;chp.tbe.taleo.net;29280;1;0
Chrco.com-0107-2017Redesign;en-US;chp.tbe.taleo.net;29280;1;0
Chrco.com-0107-2017Redesign;en-US;chp.tbe.taleo.net;29280;1;0
Chrco.com-0107-2017Redesign;en-US;chp.tbe.taleo.net;29280;1;0
Chrco.com-0107-2017Redesign;en-US;chp.tbe.taleo.net;29280;1;0
Chrco.com-0107-2017Redesign;en-US;chp.tbe.taleo.net;29280;1;0
Chrco.com-0107-2017Redesign;en-US;chp.tbe.taleo.net;29280;1;0
Thesagamore.com-0112-2017Redesign;en-US;www.bing.com;32339;1;0
Chrco.com-0107-2017Redesign;en-US;chp.tbe.taleo.net;29280;1;0
Chrco.com-0107-2017Redesign;en-US;chp.tbe.taleo.net;29280;1;0
Washingtondukeinn.com-0024-2014Redesign;en-US;www.google.es;4737;1;0
Chrco.com-0107-2017Redesign;en-US;chp.tbe.taleo.net;29280;1;0
Cocokeyorlando.com-0059-2015Redesign;en-US;www.google.com;12410;1;0
Chrco.com-0107-2017Redesign;en-US;chp.tbe.taleo.net;29280;1;0
Chrco.com-0107-2017Redesign;en-US;chp.tbe.taleo.net;29280;1;0
Chrco.com-0107-2017Redesign;en-US;chp.tbe.taleo.net;29280;1;0
Longboatkeyclub.com-0104-2017Redesign;en-US;www.google.com;28364;1;0
Longboatkeyclub.com-0104-2017Redesign;en-US;www.google.com;28364;1;0
saddlebrook.com-0011-2014Redesign;en-US;www.google.co.uk;3452;1;0
Chrco.com-0107-2017Redesign;en-US;chp.tbe.taleo.net;29280;1;0
Chrco.com-0107-2017Redesign;en-US;chp.tbe.taleo.net;29280;1;0
Chrco.com-0107-2017Redesign;en-US;chp.tbe.taleo.net;29280;1;0
Chrco.com-0107-2017Redesign;en-US;chp.tbe.taleo.net;29280;1;0
Chrco.com-0107-2017Redesign;en-US;chp.tbe.taleo.net;29280;1;0
Chrco.com-0107-2017Redesign;en-US;chp.tbe.taleo.net;29280;1;0
Chrco.com-0107-2017Redesign;en-US;chp.tbe.taleo.net;29280;1;0
Chrco.com-0107-2017Redesign;en-US;chp.tbe.taleo.net;29280;1;0
Chrco.com-0107-2017Redesign;en-US;chp.tbe.taleo.net;29280;1;0
Chrco.com-0107-2017Redesign;en-US;chp.tbe.taleo.net;29280;1;0
Chrco.com-0107-2017Redesign;en-US;chp.tbe.taleo.net;29280;1;0
Chrco.com-0107-2017Redesign;en-US;chp.tbe.taleo.net;29280;1;0
Chrco.com-0107-2017Redesign;en-US;chp.tbe.taleo.net;29280;1;0
Chrco.com-0107-2017Redesign;en-US;chp.tbe.taleo.net;29280;1;0
Chrco.com-0107-2017Redesign;en-US;chp.tbe.taleo.net;29280;1;0
Chrco.com-0107-2017Redesign;en-US;chp.tbe.taleo.net;29280;1;0
Chrco.com-0107-2017Redesign;en-US;chp.tbe.taleo.net;29280;1;0
Hospitalityupgrade.com-0093-2016Redesign;en-US;www.google.com.ph;37631;1;0
Chrco.com-0107-2017Redesign;en-US;chp.tbe.taleo.net;29280;1;0
Chrco.com-0107-2017Redesign;en-US;chp.tbe.taleo.net;29280;1;0
Chrco.com-0107-2017Redesign;en-US;chp.tbe.taleo.net;29280;1;0
Chrco.com-0107-2017Redesign;en-US;chp.tbe.taleo.net;29280;1;0
Chrco.com-0107-2017Redesign;en-US;chp.tbe.taleo.net;29280;1;0
Chrco.com-0107-2017Redesign;en-US;chp.tbe.taleo.net;29280;1;0
Monarchbeachresort.com-0092-2016Redesign;en-US;www.google.com;22725;1;0
Chrco.com-0107-2017Redesign;en-US;chp.tbe.taleo.net;29280;1;0
Chrco.com-0107-2017Redesign;en-US;chp.tbe.taleo.net;29280;1;0
Chrco.com-0107-2017Redesign;en-US;chp.tbe.taleo.net;29280;1;0
Broadmoor.com-0073-2016Redesign;en-US;login.nomadix.com:1111;16724;1;0
Broadmoor.com-0073-2016Redesign;en-US;login.nomadix.com:1111;16724;1;0
Chrco.com-0107-2017Redesign;en-US;chp.tbe.taleo.net;29280;1;0
Chrco.com-0107-2017Redesign;en-US;chp.tbe.taleo.net;29280;1;0
Chrco.com-0107-2017Redesign;en-US;chp.tbe.taleo.net;29280;1;0
Chrco.com-0107-2017Redesign;en-US;chp.tbe.taleo.net;29280;1;0
Chrco.com-0107-2017Redesign;en-US;chp.tbe.taleo.net;29280;1;0
Chrco.com-0107-2017Redesign;en-US;chp.tbe.taleo.net;29280;1;0
Chrco.com-0107-2017Redesign;en-US;chp.tbe.taleo.net;29280;1;0
Chrco.com-0107-2017Redesign;en-US;chp.tbe.taleo.net;29280;1;0
Chrco.com-0107-2017Redesign;en-US;chp.tbe.taleo.net;29280;1;0
Chrco.com-0107-2017Redesign;en-US;chp.tbe.taleo.net;29280;1;0
Chrco.com-0107-2017Redesign;en-US;chp.tbe.taleo.net;29280;1;0
Chrco.com-0107-2017Redesign;en-US;chp.tbe.taleo.net;29280;1;0
Broadmoor.com-0073-2016Redesign;en-US;login.nomadix.com:1111;16724;1;0
saddlebrook.com-0011-2014Redesign;en-US;www.google.co.uk;3385;1;0
Hospitalityupgrade.com-0093-2016Redesign;en-US;www.google.com;37631;1;0
Samosetresort.com-0113-2017Redesign;en-US;android-app:;32541;1;0
Marriottkeylargo.com-0015-2014Redesign;en-US;www.pinterest.com;3957;1;0
Cphollywoodbeach.com-0032-2015Redesign;en-US;www.google.com;7805;1;0
Sandpearl.com-0091-2016Redesign;en-US;www.google.com;22481;1;0
Chrco.com-0107-2017Redesign;en-US;chp.tbe.taleo.net;29280;1;0
Chrco.com-0107-2017Redesign;en-US;chp.tbe.taleo.net;29280;1;0
Chrco.com-0107-2017Redesign;en-US;chp.tbe.taleo.net;29280;1;0
Chrco.com-0107-2017Redesign;en-US;chp.tbe.taleo.net;29280;1;0
Chrco.com-0107-2017Redesign;en-US;chp.tbe.taleo.net;29280;1;0
Chrco.com-0107-2017Redesign;en-US;chp.tbe.taleo.net;29280;1;0
Chrco.com-0107-2017Redesign;en-US;chp.tbe.taleo.net;29280;1;0
Chrco.com-0107-2017Redesign;en-US;chp.tbe.taleo.net;29280;1;0
Chrco.com-0107-2017Redesign;en-US;chp.tbe.taleo.net;29280;1;0
Chrco.com-0107-2017Redesign;en-US;chp.tbe.taleo.net;29280;1;0
Chrco.com-0107-2017Redesign;en-US;chp.tbe.taleo.net;29280;1;0
Chrco.com-0107-2017Redesign;en-US;chp.tbe.taleo.net;29280;1;0
Chrco.com-0107-2017Redesign;en-US;chp.tbe.taleo.net;29280;1;0
Chrco.com-0107-2017Redesign;en-US;chp.tbe.taleo.net;29280;1;0
Chrco.com-0107-2017Redesign;en-US;chp.tbe.taleo.net;29280;1;0
Chrco.com-0107-2017Redesign;en-US;chp.tbe.taleo.net;29280;1;0
Chrco.com-0107-2017Redesign;en-US;chp.tbe.taleo.net;29280;1;0
Chrco.com-0107-2017Redesign;en-US;chp.tbe.taleo.net;29280;1;0
Chrco.com-0107-2017Redesign;en-US;chp.tbe.taleo.net;29280;1;0
Chrco.com-0107-2017Redesign;en-US;chp.tbe.taleo.net;29280;1;0
Chrco.com-0107-2017Redesign;en-US;chp.tbe.taleo.net;29280;1;0
Chrco.com-0107-2017Redesign;en-US;chp.tbe.taleo.net;29280;1;0
Chrco.com-0107-2017Redesign;en-US;chp.tbe.taleo.net;29280;1;0
Chrco.com-0107-2017Redesign;en-US;chp.tbe.taleo.net;29280;1;0
Broadmoor.com-0073-2016Redesign;en-US;login.nomadix.com:1111;16724;1;0
Chrco.com-0107-2017Redesign;en-US;chp.tbe.taleo.net;29280;1;0
Chrco.com-0107-2017Redesign;en-US;chp.tbe.taleo.net;29280;1;0
Chrco.com-0107-2017Redesign;en-US;chp.tbe.taleo.net;29280;1;0
Chrco.com-0107-2017Redesign;en-US;chp.tbe.taleo.net;29280;1;0
Chrco.com-0107-2017Redesign;en-US;chp.tbe.taleo.net;29280;1;0
Chrco.com-0107-2017Redesign;en-US;chp.tbe.taleo.net;29280;1;0
Chrco.com-0107-2017Redesign;en-US;chp.tbe.taleo.net;29280;1;0
Chrco.com-0107-2017Redesign;en-US;chp.tbe.taleo.net;29280;1;0
Laxembassy.com-0008-2014Redesign;en-US;www.google.com;2037;1;0
Chrco.com-0107-2017Redesign;en-US;chp.tbe.taleo.net;29280;1;0
Chrco.com-0107-2017Redesign;en-US;chp.tbe.taleo.net;29280;1;0
Chrco.com-0107-2017Redesign;en-US;chp.tbe.taleo.net;29280;1;0
Chrco.com-0107-2017Redesign;en-US;chp.tbe.taleo.net;29280;1;0
Broadmoor.com-0073-2016Redesign;en-US;www.google.com;16721;1;0
Broadmoor.com-0073-2016Redesign;en-US;login.nomadix.com:1111;16724;1;0
Broadmoor.com-0073-2016Redesign;en-US;www.google.com;16721;1;0
Chrco.com-0107-2017Redesign;en-US;chp.tbe.taleo.net;29280;1;0
Chrco.com-0107-2017Redesign;en-US;chp.tbe.taleo.net;29280;1;0
Chrco.com-0107-2017Redesign;en-US;chp.tbe.taleo.net;29280;1;0
Chrco.com-0107-2017Redesign;en-US;chp.tbe.taleo.net;29280;1;0
Chrco.com-0107-2017Redesign;en-US;chp.tbe.taleo.net;29280;1;0
Chrco.com-0107-2017Redesign;en-US;chp.tbe.taleo.net;29280;1;0
Chrco.com-0107-2017Redesign;en-US;chp.tbe.taleo.net;29280;1;0
saddlebrook.com-0011-2014Redesign;en-US;www.google.com;3385;1;0
Chrco.com-0107-2017Redesign;en-US;chp.tbe.taleo.net;29280;1;0
Chrco.com-0107-2017Redesign;en-US;chp.tbe.taleo.net;29280;1;0
Chrco.com-0107-2017Redesign;en-US;chp.tbe.taleo.net;29280;1;0
Chrco.com-0107-2017Redesign;en-US;chp.tbe.taleo.net;29280;1;0
Chrco.com-0107-2017Redesign;en-US;chp.tbe.taleo.net;29280;1;0
Chrco.com-0107-2017Redesign;en-US;chp.tbe.taleo.net;29280;1;0
Chrco.com-0107-2017Redesign;en-US;chp.tbe.taleo.net;29280;1;0
Chrco.com-0107-2017Redesign;en-US;chp.tbe.taleo.net;29280;1;0
Chrco.com-0107-2017Redesign;en-US;chp.tbe.taleo.net;29280;1;0
Chrco.com-0107-2017Redesign;en-US;chp.tbe.taleo.net;29280;1;0
Washingtondukeinn.com-0024-2014Redesign;en-US;outlook.live.com;4524;1;0
Chrco.com-0107-2017Redesign;en-US;chp.tbe.taleo.net;29280;1;0
Chrco.com-0107-2017Redesign;en-US;chp.tbe.taleo.net;29280;1;0
Chrco.com-0107-2017Redesign;en-US;chp.tbe.taleo.net;29280;1;0
Casaybelresort.com-0002-2014Redesign;en-US;www.google.com;1533;1;0
Chrco.com-0107-2017Redesign;en-US;chp.tbe.taleo.net;29280;1;0
Chrco.com-0107-2017Redesign;en-US;chp.tbe.taleo.net;29280;1;0
Chrco.com-0107-2017Redesign;en-US;chp.tbe.taleo.net;29280;1;0
Chrco.com-0107-2017Redesign;en-US;chp.tbe.taleo.net;29280;1;0
Chrco.com-0107-2017Redesign;en-US;chp.tbe.taleo.net;29280;1;0
Monarchbeachresort.com-0092-2016Redesign;en-US;www.google.com;22785;1;0
Chrco.com-0107-2017Redesign;en-US;chp.tbe.taleo.net;29280;1;0
Chrco.com-0107-2017Redesign;en-US;chp.tbe.taleo.net;29280;1;0
Edgewaternaples.com-0094-2016Redesign;en-US;www.google.com;25239;1;0
Chrco.com-0107-2017Redesign;en-US;chp.tbe.taleo.net;29280;1;0
Edgewaternaples.com-0094-2016Redesign;en-US;www.google.com;25239;1;0
Chrco.com-0107-2017Redesign;en-US;chp.tbe.taleo.net;29280;1;0
Chrco.com-0107-2017Redesign;en-US;chp.tbe.taleo.net;29280;1;0
Chrco.com-0107-2017Redesign;en-US;chp.tbe.taleo.net;29280;1;0
Chrco.com-0107-2017Redesign;en-US;chp.tbe.taleo.net;29280;1;0
Chrco.com-0107-2017Redesign;en-US;chp.tbe.taleo.net;29280;1;0
Treasureislandbeachresort.com-0089-2016Redesign;en-US;web.stpete.com;22169;1;0
Chrco.com-0107-2017Redesign;en-US;chp.tbe.taleo.net;29280;1;0
Treasureislandbeachresort.com-0089-2016Redesign;en-US;web.stpete.com;22169;1;0
Chrco.com-0107-2017Redesign;en-US;chp.tbe.taleo.net;29280;1;0
Washingtondukeinn.com-0024-2014Redesign;en-US;www.google.com;4524;1;0
Chrco.com-0107-2017Redesign;en-US;chp.tbe.taleo.net;29280;1;0
Chrco.com-0107-2017Redesign;en-US;chp.tbe.taleo.net;29280;1;0
Chrco.com-0107-2017Redesign;en-US;chp.tbe.taleo.net;29280;1;0
Chrco.com-0107-2017Redesign;en-US;chp.tbe.taleo.net;29280;1;0
Chrco.com-0107-2017Redesign;en-US;chp.tbe.taleo.net;29280;1;0
theweststreethotel.com-0115-2017Redesign;en-US;www.google.com;36683;1;0
