saddlebrook.com-0011-2014Redesign;en-US;www.google.com;3453;1;0
Galthouse.com-0042-2015Redesign;en-US;googleads.g.doubleclick.net;31905;1;0
Galthouse.com-0042-2015Redesign;en-US;www.google.com;31905;1;0
Cphollywoodbeach.com-0032-2015Redesign;en-US;www.sunny.org;7831;1;0
Galthouse.com-0042-2015Redesign;en-US;www.google.com;31905;1;0
Napavalleymarriott.com-0071-2016Redesign;en-US;www.google.com;16432;1;0
Broadmoor.com-0073-2016Redesign;en-US;www.google.com;16721;1;0
Monarchbeachresort.com-0092-2016Redesign;en-US;www.google.com;22995;1;0
Broadmoor.com-0073-2016Redesign;en-US;m.facebook.com;20439;1;0
Broadmoor.com-0073-2016Redesign;en-US;login.nomadix.com:1111;16724;1;0
Galthouse.com-0042-2015Redesign;en-US;googleads.g.doubleclick.net;31905;1;0
Broadmoor.com-0073-2016Redesign;en-US;login.nomadix.com:1111;16724;1;0
Broadmoor.com-0073-2016Redesign;en-US;login.nomadix.com:1111;16724;1;0
Theharborsidehotel.com-0114-2017Redesign;en-US;www.google.com;37571;1;0
Luxehotels.com-0078-2016Redesign;en-US;www.google.com;18833;1;0
Broadmoor.com-0073-2016Redesign;en-US;m.facebook.com;18014;1;0
Delraysandsresort.com-0097-2016Redesign;en-US;www.ophotels.com;27232;1;0
Theharborsidehotel.com-0114-2017Redesign;en-US;www.ophotels.com;37571;1;0
Bluebirch.com-0072-2016Redesign;en-US;www.marriott.com;16693;1;0
Jupiterbeachresort.com-0103-2017Redesign;en-US;www.ophotels.com;28158;1;0
Marriottdelraybeach.com-0009-2014Redesign;en-US;www.ophotels.com;2829;1;0
Lakeplacidlodge.com-0105-2017Redesign;en-US;www.ophotels.com;28545;1;0
Marriottkeylargo.com-0015-2014Redesign;en-US;www.ophotels.com;3948;1;0
Lidobeachresort.com-0106-2017Redesign;en-US;www.ophotels.com;28666;1;0
Broadmoor.com-0073-2016Redesign;en-US;m.facebook.com;18014;1;0
Samosetresort.com-0113-2017Redesign;en-US;www.ophotels.com;32541;1;0
Thesagamore.com-0112-2017Redesign;en-US;www.ophotels.com;32339;1;0
Longboatkeyclub.com-0104-2017Redesign;en-US;www.ophotels.com;35641;1;0
wentworthcom00212014redesign;en-US;www.ophotels.com;26679;1;0
Samosetresort.com-0113-2017Redesign;en-US;www.ophotels.com;32541;1;0
Cphollywoodbeach.com-0032-2015Redesign;en-US;www.sunny.org;7831;1;0
theweststreethotel.com-0115-2017Redesign;en-US;www.ophotels.com;36683;1;0
Abbingtonbanquets.com-0070-2016Redesign;en-US;femaleface.ru;15789;1;0
Cphollywoodbeach.com-0032-2015Redesign;en-US;www.google.com;7854;1;0
Broadmoor.com-0073-2016Redesign;en-US;m.facebook.com;18014;1;0
Delraysandsresort.com-0097-2016Redesign;en-US;www.ophotels.com;27232;1;0
Sandpearl.com-0091-2016Redesign;en-US;www.google.com;22537;1;0
Theharborsidehotel.com-0114-2017Redesign;en-US;www.ophotels.com;37571;1;0
Monarchbeachresort.com-0092-2016Redesign;en-US;www.google.com;22725;1;0
Longboatkeyclub.com-0104-2017Redesign;en-US;www.google.com;28316;1;0
Jupiterbeachresort.com-0103-2017Redesign;en-US;www.ophotels.com;28158;1;0
Lakeplacidlodge.com-0105-2017Redesign;en-US;www.ophotels.com;28545;1;0
Lidobeachresort.com-0106-2017Redesign;en-US;www.ophotels.com;28666;1;0
Marriottdelraybeach.com-0009-2014Redesign;en-US;www.ophotels.com;2829;1;0
Marriottkeylargo.com-0015-2014Redesign;en-US;www.ophotels.com;3948;1;0
Longboatkeyclub.com-0104-2017Redesign;en-US;www.google.com;28364;1;0
Longboatkeyclub.com-0104-2017Redesign;en-US;www.google.com;28364;1;0
saddlebrook.com-0011-2014Redesign;en-US;www.google.com;3474;1;0
Samosetresort.com-0113-2017Redesign;en-US;www.ophotels.com;32541;1;0
Samosetresort.com-0113-2017Redesign;en-US;www.ophotels.com;32541;1;0
Longboatkeyclub.com-0104-2017Redesign;en-US;www.ophotels.com;35641;1;0
Thesagamore.com-0112-2017Redesign;en-US;www.ophotels.com;32339;1;0
wentworthcom00212014redesign;en-US;www.ophotels.com;26679;1;0
theweststreethotel.com-0115-2017Redesign;en-US;www.ophotels.com;36683;1;0
Galthouse.com-0042-2015Redesign;en-US;googleads.g.doubleclick.net;31905;1;0
Sandpearl.com-0091-2016Redesign;en-US;www.google.com;22481;1;0
Sandpearl.com-0091-2016Redesign;en-US;www.google.com;22481;1;0
Sandpearl.com-0091-2016Redesign;en-US;www.google.com;22481;1;0
Theloganhotel.com-0043-2015Redesign;en-US;emerson-rus.ru;18415;1;0
Montaukyachtclub.com-0010-2014Redesign;en-US;www.google.com;2475;1;0
Thesagamore.com-0112-2017Redesign;en-US;www.google.com;32339;1;0
Broadmoor.com-0073-2016Redesign;en-US;login.nomadix.com:1111;16724;1;0
Broadmoor.com-0073-2016Redesign;en-US;login.nomadix.com:1111;16724;1;0
Broadmoor.com-0073-2016Redesign;en-US;www.google.com;16757;1;0
Galthouse.com-0042-2015Redesign;en-US;m.facebook.com;31905;1;0
Sandylane.com-0075-2016Redesign;en-US;www.google.com;17611;1;0
Thesagamore.com-0112-2017Redesign;en-US;www.google.com;33444;1;0
Galthouse.com-0042-2015Redesign;en-US;m.facebook.com;31905;1;0
Montaukyachtclub.com-0010-2014Redesign;en-US;www.google.com;2240;1;0
Theharborsidehotel.com-0114-2017Redesign;en-US;www.google.com;37571;1;0
Cphollywoodbeach.com-0032-2015Redesign;en-US;www.google.com;7805;1;0
Theharborsidehotel.com-0114-2017Redesign;en-US;www.google.com;37571;1;0
Galthouse.com-0042-2015Redesign;en-US;googleads.g.doubleclick.net;31905;1;0
Opalsands.com-0084-2016Redesign;en-US;www.google.com;20171;1;0
