Miravalspamonarchbeach.com-0109-2017Redesign;en-US;www.facebook.com;31709;1;0
Broadmoor.com-0073-2016Redesign;en-US;tpc.googlesyndication.com;16728;1;0
Sandpearl.com-0091-2016Redesign;en-US;www.google.ch;22481;1;0
Theoxfordhotel.com-0062-2015Redesign;en-US;www-forbes-com.cdn.ampproject.org;14333;1;0
Sandpearl.com-0091-2016Redesign;en-US;www.google.ch;22481;1;0
Thesagamore.com-0112-2017Redesign;en-US;www.google.com;32339;1;0
Broadmoor.com-0073-2016Redesign;en-US;www.google.com;16772;1;0
Renaissancepittsburghpa.com-0044-2015Redesign;en-US;www.google.com;9637;1;0
Thesagamore.com-0112-2017Redesign;en-US;www.google.com;32339;1;0
Thesagamore.com-0112-2017Redesign;en-US;www.google.com;32339;1;0
Edgewaternaples.com-0094-2016Redesign;en-US;www.google.com;25239;1;0
wentworthcom00212014redesign;en-US;www.google.com;26679;1;0
Theoxfordhotel.com-0062-2015Redesign;en-US;www.huffingtonpost.com;14325;1;0
Secretharbourvi.com-0040-2015Redesign;en-US;www.google.com;9231;1;0
Theharborsidehotel.com-0114-2017Redesign;en-US;www.google.com;37571;1;0
Broadmoor.com-0073-2016Redesign;en-US;googleads.g.doubleclick.net;16728;1;0
Broadmoor.com-0073-2016Redesign;en-US;www.google.com;16769;1;0
Broadmoor.com-0073-2016Redesign;en-US;www.google.com;16769;1;0
Broadmoor.com-0073-2016Redesign;en-US;amp-travelandleisure-com.cdn.ampproject.org;16721;1;0
Casaybelresort.com-0002-2014Redesign;en-US;www.google.com;1533;1;0
Broadmoor.com-0073-2016Redesign;en-US;www.google.com;16721;1;0
Marriottkeylargo.com-0015-2014Redesign;en-US;www.ophotels.com;3948;1;0
wentworthcom00212014redesign;en-US;www.ophotels.com;26679;1;0
Delraysandsresort.com-0097-2016Redesign;en-US;www.ophotels.com;27232;1;0
Samosetresort.com-0113-2017Redesign;en-US;www.ophotels.com;32541;1;0
Longboatkeyclub.com-0104-2017Redesign;en-US;www.ophotels.com;35641;1;0
Lakeplacidlodge.com-0105-2017Redesign;en-US;www.ophotels.com;28545;1;0
Thesagamore.com-0112-2017Redesign;en-US;www.ophotels.com;32339;1;0
Jupiterbeachresort.com-0103-2017Redesign;en-US;www.ophotels.com;28158;1;0
Lidobeachresort.com-0106-2017Redesign;en-US;www.ophotels.com;28666;1;0
Marriottdelraybeach.com-0009-2014Redesign;en-US;www.ophotels.com;2829;1;0
Theharborsidehotel.com-0114-2017Redesign;en-US;www.ophotels.com;37571;1;0
theweststreethotel.com-0115-2017Redesign;en-US;www.ophotels.com;36683;1;0
Samosetresort.com-0113-2017Redesign;en-US;www.ophotels.com;32541;1;0
Monarchbeachresort.com-0092-2016Redesign;en-US;www.google.co.nz;22847;1;0
Lakeplacidlodge.com-0105-2017Redesign;en-US;www.google.com;28545;1;0
Lakeplacidlodge.com-0105-2017Redesign;en-US;www.google.com;28545;1;0
Broadmoor.com-0073-2016Redesign;en-US;tpc.googlesyndication.com;16728;1;0
Edgewaternaples.com-0094-2016Redesign;en-US;www.google.com;25239;1;0
Edgewaternaples.com-0094-2016Redesign;en-US;www.google.com;25239;1;0
Lakeplacidlodge.com-0105-2017Redesign;en-US;www.google.com;28545;1;0
Halcyonhotelcherrycreek.com-0061-2015Redesign;en-US;android-app:;23196;1;0
Galthouse.com-0042-2015Redesign;en-US;www.google.com;10055;1;0
wentworthcom00212014redesign;en-US;www.google.com;26679;1;0
Monarchbeachresort.com-0092-2016Redesign;en-US;www.bing.com;22725;1;0
Opalsands.com-0084-2016Redesign;en-US;www.google.com;21542;1;0
Sandpearl.com-0091-2016Redesign;en-US;www.bing.com;22490;1;0
Broadmoor.com-0073-2016Redesign;en-US;tpc.googlesyndication.com;16728;1;0
Broadmoor.com-0073-2016Redesign;en-US;tpc.googlesyndication.com;16728;1;0
Lakeplacidlodge.com-0105-2017Redesign;en-US;www.newyorkupstate.com;28545;1;0
Longboatkeyclub.com-0104-2017Redesign;en-US;search.aol.com;28316;1;0
Lakeplacidlodge.com-0105-2017Redesign;en-US;www.newyorkupstate.com;28545;1;0
Casaybelresort.com-0002-2014Redesign;en-US;www.google.com;1613;1;0
Casaybelresort.com-0002-2014Redesign;en-US;www.google.com;1613;1;0
Laxembassy.com-0008-2014Redesign;en-US;www.google.com;2037;1;0
Edgewaternaples.com-0094-2016Redesign;en-US;www.google.com;25239;1;0
Galthouse.com-0042-2015Redesign;en-US;m.facebook.com;31905;1;0
Galthouse.com-0042-2015Redesign;en-US;m.facebook.com;31905;1;0
Edgewaternaples.com-0094-2016Redesign;en-US;www.google.com;25239;1;0
Edgewaternaples.com-0094-2016Redesign;en-US;www.google.com;25239;1;0
