Broadmoor.com-0073-2016Redesign;en-US;s0.2mdn.net;18013;1;0
Sandpearl.com-0091-2016Redesign;en-US;na28.salesforce.com;22481;1;0
Thesagamore.com-0112-2017Redesign;en-US;www.google.com;32339;1;0
Thesagamore.com-0112-2017Redesign;en-US;www.google.com;32339;1;0
Marriottkeylargo.com-0015-2014Redesign;en-US;www.fla-keys.com;3948;1;0
Marriottkeylargo.com-0015-2014Redesign;en-US;www.fla-keys.com;3964;1;0
Theharborsidehotel.com-0114-2017Redesign;en-US;www.google.com;37571;1;0
Residenceinnnyc.com-0034-2015Redesign;en-US;www.google.com;17124;1;0
Thesagamore.com-0112-2017Redesign;en-US;www.google.com;32339;1;0
theweststreethotel.com-0115-2017Redesign;en-US;www.google.com;36683;1;0
Washingtondukeinn.com-0024-2014Redesign;en-US;www.google.com;4732;1;0
Broadmoor.com-0073-2016Redesign;en-US;googleads.g.doubleclick.net;16728;1;0
Broadmoor.com-0073-2016Redesign;en-US;googleads.g.doubleclick.net;16728;1;0
Broadmoor.com-0073-2016Redesign;en-US;googleads.g.doubleclick.net;16728;1;0
Broadmoor.com-0073-2016Redesign;en-US;googleads.g.doubleclick.net;16728;1;0
Sandpearl.com-0091-2016Redesign;en-US;connectivitycheck.gstatic.com;22481;1;0
Sandpearl.com-0091-2016Redesign;en-US;connectivitycheck.gstatic.com;22481;1;0
Springhillsuitesdenver.com-0060-2015Redesign;en-US;www.google.co.uk;12307;1;0
shop.broadmoor.com-0096-2016ShoppingCart;en-US;www.broadmoor.com;27350;1;0
Thelodgeatwoodloch.com-0033-2015Redesign;en-US;trailer.cinemaflix.website;7764;1;0
Thelodgeatwoodloch.com-0033-2015Redesign;en-US;trailer.cinemaflix.website;7764;1;0
Thesagamore.com-0112-2017Redesign;en-US;www.google.com;32339;1;0
Casaybelresort.com-0002-2014Redesign;en-US;www.google.com;1533;1;0
Broadmoor.com-0073-2016Redesign;en-US;www.google.com;16797;1;0
Thecrawfordhotel.com-0074-2016Redesign;en-US;duckduckgo.com;17192;1;0
Cendyn.com-0095-2016Redesign;en-US;www.google.co.uk;26640;1;0
Edgewaternaples.com-0094-2016Redesign;en-US;s0.2mdn.net;25239;1;0
Lidobeachresort.com-0106-2017Redesign;en-US;www.google.com;28678;1;0
