Broadmoor.com-0073-2016Redesign;en-US;16721;16753;1;0
theweststreethotel.com-0115-2017Redesign;en-US;36683;37653;1;0
Casaybelresort.com-0002-2014Redesign;en-US;1613;1603;1;0
Monarchbeachresort.com-0092-2016Redesign;en-US;22725;22977;1;0
Thecrawfordhotel.com-0074-2016Redesign;en-US;17145;17163;1;0
Broadmoor.com-0073-2016Redesign;en-US;18259;21232;1;0
Longboatkeyclub.com-0104-2017Redesign;en-US;29749;28364;1;0
Hospitalityupgrade.com-0093-2016Redesign;en-US;0;37631;1;0
Casaybelresort.com-0002-2014Redesign;en-US;0;1613;1;0
Luxehotels.com-0078-2016Redesign;en-US;19329;33719;1;0
Broadmoor.com-0073-2016Redesign;en-US;21230;17344;1;0
Luxehotels.com-0078-2016Redesign;en-US;27358;19274;1;0
Luxehotels.com-0078-2016Redesign;en-US;19274;18805;1;0
Miravalspamonarchbeach.com-0109-2017Redesign;en-US;35336;31709;1;0
Cocokeyorlando.com-0059-2015Redesign;en-US;0;12394;1;0
Miravalspamonarchbeach.com-0109-2017Redesign;en-US;35336;31709;1;0
saddlebrook.com-0011-2014Redesign;en-US;3385;3458;1;0
Samosetresort.com-0113-2017Redesign;en-US;35128;35146;1;0
Miravalspamonarchbeach.com-0109-2017Redesign;en-US;31915;41673;1;0
Thelodgeatwoodloch.com-0033-2015Redesign;en-US;9847;9852;1;0
Thelodgeatwoodloch.com-0033-2015Redesign;en-US;7764;8257;1;0
Thelodgeatwoodloch.com-0033-2015Redesign;en-US;0;11304;1;0
Miravalspamonarchbeach.com-0109-2017Redesign;en-US;41673;31915;1;0
Thecurtis.com-0079-2016Redesign;en-US;0;17981;1;0
Oxfordclubspa.com-0068-2016Redesign;en-US;0;15568;1;0
Casaybelresort.com-0002-2014Redesign;en-US;1613;1604;1;0
Longboatkeyclub.com-0104-2017Redesign;en-US;28364;31259;1;0
Montaukyachtclub.com-0010-2014Redesign;en-US;3554;2240;1;0
Broadmoor.com-0073-2016Redesign;en-US;0;16756;1;0
Luxehotels.com-0078-2016Redesign;en-US;18805;19280;1;0
Longboatkeyclub.com-0104-2017Redesign;en-US;28347;29846;1;0
Lakeplacidlodge.com-0105-2017Redesign;en-US;32807;32790;1;0
Casaybelresort.com-0002-2014Redesign;en-US;1613;1603;1;0
Miravalspamonarchbeach.com-0109-2017Redesign;en-US;35336;31709;1;0
Casaybelresort.com-0002-2014Redesign;en-US;1603;1613;1;0
Miravalspamonarchbeach.com-0109-2017Redesign;en-US;33978;41674;1;0
Residenceinnlax.com-0026-2014Redesign;en-US;5295;5314;1;0
theweststreethotel.com-0115-2017Redesign;en-US;37653;37425;1;0
Thesagamore.com-0112-2017Redesign;en-US;33569;33535;1;0
Hospitalityupgrade.com-0093-2016Redesign;en-US;0;25405;1;0
Broadmoor.com-0073-2016Redesign;en-US;18259;21230;1;0
Longboatkeyclub.com-0104-2017Redesign;en-US;28316;35641;1;0
Thesagamore.com-0112-2017Redesign;en-US;33925;33924;1;0
Jupiterbeachresort.com-0103-2017Redesign;en-US;41589;29246;1;0
Galthouse.com-0042-2015Redesign;en-US;31905;10055;1;0
Thelodgeatwoodloch.com-0033-2015Redesign;en-US;7764;8268;1;0
Luxehotels.com-0078-2016Redesign;en-US;19280;19573;1;0
Longboatkeyclub.com-0104-2017Redesign;en-US;28332;28328;1;0
Longboatkeyclub.com-0104-2017Redesign;en-US;35641;28317;1;0
Longboatkeyclub.com-0104-2017Redesign;en-US;29846;29844;1;0
Cocokeyorlando.com-0059-2015Redesign;en-US;0;12394;1;0
Broadmoor.com-0073-2016Redesign;en-US;18199;17449;1;0
Chrco.com-0107-2017Redesign;en-US;0;31152;1;0
Sandpearl.com-0091-2016Redesign;en-US;22489;23103;1;0
Thecurtis.com-0079-2016Redesign;en-US;0;17981;1;0
Thelodgeatwoodloch.com-0033-2015Redesign;en-US;8268;8267;1;0
Galthouse.com-0042-2015Redesign;en-US;10055;31905;1;0
Marriottkeylargo.com-0015-2014Redesign;en-US;3948;4020;1;0
Miravalspamonarchbeach.com-0109-2017Redesign;en-US;41674;33978;1;0
Longboatkeyclub.com-0104-2017Redesign;en-US;28328;28349;1;0
theweststreethotel.com-0115-2017Redesign;en-US;36683;37486;1;0
Edgewaternaples.com-0094-2016Redesign;en-US;25239;25271;1;0
Halcyonhotelcherrycreek.com-0061-2015Redesign;en-US;23287;22121;1;0
Courtyardportlandcitycenter.com-0063-2015Redesign;en-US;14558;14557;1;0
Edgewaternaples.com-0094-2016Redesign;en-US;25239;25246;1;0
Thelodgeatwoodloch.com-0033-2015Redesign;en-US;9852;9801;1;0
Samosetresort.com-0113-2017Redesign;en-US;0;32541;1;0
Longboatkeyclub.com-0104-2017Redesign;en-US;29844;29846;1;0
