Cphollywoodbeach.com-0032-2015Redesign;en-US;www.sunny.org;7831;1;0
theweststreethotel.com-0115-2017Redesign;en-US;www.google.com;37654;1;0
Oxfordclubspa.com-0068-2016Redesign;en-US;m.facebook.com;15568;1;0
Galthouse.com-0042-2015Redesign;en-US;r.search.yahoo.com;31905;1;0
Galthouse.com-0042-2015Redesign;en-US;r.search.yahoo.com;31905;1;0
Broadmoor.com-0073-2016Redesign;en-US;www.google.ae;16738;1;0
Jupiterbeachresort.com-0103-2017Redesign;en-US;r.search.yahoo.com;28167;1;0
Secretharbourvi.com-0040-2015Redesign;en-US;www.google.com;9231;1;0
Samosetresort.com-0113-2017Redesign;en-US;www.google.com;35151;1;0
Jupiterbeachresort.com-0103-2017Redesign;en-US;r.search.yahoo.com;28167;1;0
Broadmoor.com-0073-2016Redesign;en-US;login.nomadix.com:1111;16724;1;0
wentworthcom00212014redesign;en-US;www.google.com;4251;1;0
Broadmoor.com-0073-2016Redesign;en-US;login.nomadix.com:1111;16724;1;0
Thesagamore.com-0112-2017Redesign;en-US;www.google.com;32339;1;0
Broadmoor.com-0073-2016Redesign;en-US;www.google.com;16721;1;0
Broadmoor.com-0073-2016Redesign;en-US;www.google.com;16721;1;0
Cphollywoodbeach.com-0032-2015Redesign;en-US;www.sunny.org;7831;1;0
Cphollywoodbeach.com-0032-2015Redesign;en-US;www.google.com;7831;1;0
Marriottkeylargo.com-0015-2014Redesign;en-US;surfinggator.com;3948;1;0
Marriottkeylargo.com-0015-2014Redesign;en-US;www.fla-keys.com;3948;1;0
Casaybelresort.com-0002-2014Redesign;en-US;surfinggator.com;1613;1;0
Broadmoor.com-0073-2016Redesign;en-US;login.nomadix.com:1111;16724;1;0
Broadmoor.com-0073-2016Redesign;en-US;login.nomadix.com:1111;16724;1;0
Cphollywoodbeach.com-0032-2015Redesign;en-US;www.sunny.org;7831;1;0
Cphollywoodbeach.com-0032-2015Redesign;en-US;www.sunny.org;7831;1;0
Broadmoor.com-0073-2016Redesign;en-US;search.aol.com;16721;1;0
Glencovemansion.com-0058-2015Redesign;en-US;www.google.com;13328;1;0
Cphollywoodbeach.com-0032-2015Redesign;en-US;www.sunny.org;7831;1;0
Cocokeyorlando.com-0059-2015Redesign;en-US;www.google.com;12410;1;0
Hhotellosangeles.com-0118-2017Redesign;en-US;www.google.com;37901;1;0
Galthouse.com-0042-2015Redesign;en-US;www.google.com;10602;1;0
Cphollywoodbeach.com-0032-2015Redesign;en-US;www.sunny.org;7831;1;0
Broadmoor.com-0073-2016Redesign;en-US;android-app:;16721;1;0
Broadmoor.com-0073-2016Redesign;en-US;android-app:;16721;1;0
Thecurtis.com-0079-2016Redesign;en-US;android-app:;17981;1;0
Broadmoor.com-0073-2016Redesign;en-US;login.nomadix.com:1111;16724;1;0
Broadmoor.com-0073-2016Redesign;en-US;login.nomadix.com:1111;16724;1;0
Broadmoor.com-0073-2016Redesign;en-US;android-app:;18259;1;0
Broadmoor.com-0073-2016Redesign;en-US;m.facebook.com;16790;1;0
Marriottkeylargo.com-0015-2014Redesign;en-US;surfinggator.com;3948;1;0
Cphollywoodbeach.com-0032-2015Redesign;en-US;www.sunny.org;7831;1;0
Galthouse.com-0042-2015Redesign;en-US;www.google.com;31905;1;0
Galthouse.com-0042-2015Redesign;en-US;www.google.com;31905;1;0
shop.broadmoor.com-0096-2016ShoppingCart;en-US;www.google.com;27378;1;0
Edgewaternaples.com-0094-2016Redesign;en-US;www.google.com;25246;1;0
Edgewaternaples.com-0094-2016Redesign;en-US;www.google.com;25246;1;0
Cphollywoodbeach.com-0032-2015Redesign;en-US;www.google.com;7831;1;0
Marriottkeylargo.com-0015-2014Redesign;en-US;www.fla-keys.com;3948;1;0
Cphollywoodbeach.com-0032-2015Redesign;en-US;www.sunny.org;7831;1;0
Marriottkeylargo.com-0015-2014Redesign;en-US;www.fla-keys.com;3964;1;0
Cphollywoodbeach.com-0032-2015Redesign;en-US;www.google.com;7831;1;0
Casaybelresort.com-0002-2014Redesign;en-US;www.google.com;1613;1;0
Washingtondukeinn.com-0024-2014Redesign;en-US;www.google.com;4738;1;0
