Lakeplacidlodge.com-0105-2017Redesign;en-US;www.google.com;28545;1;0
Theoxfordhotel.com-0062-2015Redesign;en-US;www.google.com;14346;1;0
Secretharbourvi.com-0040-2015Redesign;en-US;www.google.com;9231;1;0
saddlebrook.com-0011-2014Redesign;en-US;www.google.com;3453;1;0
Broadmoor.com-0073-2016Redesign;en-US;www.google.com;16721;1;0
Cphollywoodbeach.com-0032-2015Redesign;en-US;www.sunny.org;7831;1;0
Broadmoor.com-0073-2016Redesign;en-US;m.facebook.com;18013;1;0
Cphollywoodbeach.com-0032-2015Redesign;en-US;www.sunny.org;7831;1;0
Thesagamore.com-0112-2017Redesign;en-US;search.yahoo.com;33462;1;0
Thelodgeatwoodloch.com-0033-2015Redesign;en-US;www.townandcountrymag.com;7764;1;0
Lidobeachresort.com-0106-2017Redesign;en-US;www.google.com;29823;1;0
Broadmoor.com-0073-2016Redesign;en-US;www.google.com;16721;1;0
Lidobeachresort.com-0106-2017Redesign;en-US;www.yelp.com;29819;1;0
Lidobeachresort.com-0106-2017Redesign;en-US;www.yelp.com;29819;1;0
Thesagamore.com-0112-2017Redesign;en-US;www.google.com;32339;1;0
Thesagamore.com-0112-2017Redesign;en-US;www.google.com;33924;1;0
Thesagamore.com-0112-2017Redesign;en-US;www.google.com;32339;1;0
Thesagamore.com-0112-2017Redesign;en-US;www.google.com;32339;1;0
Broadmoor.com-0073-2016Redesign;en-US;login.nomadix.com:1111;16724;1;0
Broadmoor.com-0073-2016Redesign;en-US;www.google.com;18259;1;0
Broadmoor.com-0073-2016Redesign;en-US;login.nomadix.com:1111;16724;1;0
Broadmoor.com-0073-2016Redesign;en-US;r.search.yahoo.com;16721;1;0
Broadmoor.com-0073-2016Redesign;en-US;r.search.yahoo.com;16721;1;0
Broadmoor.com-0073-2016Redesign;en-US;www.google.co.nz;16721;1;0
Thelodgeatwoodloch.com-0033-2015Redesign;en-US;www.poconomountains.com;7764;1;0
Thesagamore.com-0112-2017Redesign;en-US;www.google.com;33922;1;0
Galthouse.com-0042-2015Redesign;en-US;www.kfcyumcenter.com;31905;1;0
Jupiterbeachresort.com-0103-2017Redesign;en-US;www.google.com;28158;1;0
Galthouse.com-0042-2015Redesign;en-US;www.kfcyumcenter.com;31905;1;0
Jupiterbeachresort.com-0103-2017Redesign;en-US;www.google.com;28158;1;0
Broadmoor.com-0073-2016Redesign;en-US;login.nomadix.com:1111;16724;1;0
Broadmoor.com-0073-2016Redesign;en-US;login.nomadix.com:1111;16724;1;0
Broadmoor.com-0073-2016Redesign;en-US;www.google.com;16721;1;0
Oxfordclubspa.com-0068-2016Redesign;en-US;www.theoxfordhotel.com;15568;1;0
Oxfordclubspa.com-0068-2016Redesign;en-US;www.theoxfordhotel.com;15568;1;0
Sandylane.com-0075-2016Redesign;en-US;www.google.com;17745;1;0
Broadmoor.com-0073-2016Redesign;en-US;www.google.com;18504;1;0
Thesagamore.com-0112-2017Redesign;en-US;www.google.com;32339;1;0
Thesagamore.com-0112-2017Redesign;en-US;www.google.com;32389;1;0
Cphollywoodbeach.com-0032-2015Redesign;en-US;www.sunny.org;7831;1;0
Thesagamore.com-0112-2017Redesign;en-US;www.google.com;32347;1;0
Broadmoor.com-0073-2016Redesign;en-US;m.facebook.com;16790;1;0
Thelodgeatwoodloch.com-0033-2015Redesign;en-US;www.google.com;7764;1;0
Monarchbeachresort.com-0092-2016Redesign;en-US;www.google.com;22984;1;0
Montaukyachtclub.com-0010-2014Redesign;en-US;www.travelandleisure.com;2240;1;0
wentworthcom00212014redesign;en-US;www.google.com;26679;1;0
Broadmoor.com-0073-2016Redesign;en-US;www.google.com;16721;1;0
Thesagamore.com-0112-2017Redesign;en-US;www.google.com;32339;1;0
Beverlyhillsresidenceinn.com-0087-2016Redesign;en-US;www.google.com;20999;1;0
Broadmoor.com-0073-2016Redesign;en-US;www.google.hu;16721;1;0
Longboatkeyclub.com-0104-2017Redesign;en-US;www.google.com;28364;1;0
Longboatkeyclub.com-0104-2017Redesign;en-US;www.google.com;28364;1;0
Thesagamore.com-0112-2017Redesign;en-US;www.google.com;32339;1;0
Theloganhotel.com-0043-2015Redesign;en-US;m.facebook.com;20218;1;0
Thesagamore.com-0112-2017Redesign;en-US;www.google.com;32339;1;0
Zotabeachresort.com-0090-2016Redesign;en-US;google.com;22357;1;0
Zotabeachresort.com-0090-2016Redesign;en-US;www.google.com;22357;1;0
Zotabeachresort.com-0090-2016Redesign;en-US;www.google.com;22357;1;0
Lidobeachresort.com-0106-2017Redesign;en-US;www.google.co.kr;28666;1;0
Lidobeachresort.com-0106-2017Redesign;en-US;www.google.co.kr;28666;1;0
Thesagamore.com-0112-2017Redesign;en-US;www.google.com;32339;1;0
Thesagamore.com-0112-2017Redesign;en-US;www.google.com;32339;1;0
Broadmoor.com-0073-2016Redesign;en-US;www.google.com;16721;1;0
Zotabeachresort.com-0090-2016Redesign;en-US;google.com;22357;1;0
Montaukyachtclub.com-0010-2014Redesign;en-US;www.google.com;2240;1;0
Lidobeachresort.com-0106-2017Redesign;en-US;www.starmandscircleassoc.com;28666;1;0
Lidobeachresort.com-0106-2017Redesign;en-US;www.starmandscircleassoc.com;28666;1;0
Broadmoor.com-0073-2016Redesign;en-US;www.google.com;16721;1;0
Cendyn.com-0095-2016Redesign;en-US;www.google.com;27849;1;0
Courtyardportlandcitycenter.com-0063-2015Redesign;en-US;www.google.ca;14545;1;0
