Broadmoor.com-0073-2016Redesign;en-US;www.google.com;16721;1;0
Broadmoor.com-0073-2016Redesign;en-US;www.google.com;16793;1;0
Longboatkeyclub.com-0104-2017Redesign;en-US;www.google.com;28328;1;0
saddlebrook.com-0011-2014Redesign;en-US;baseline.tennis.com;3453;1;0
Lakeplacidlodge.com-0105-2017Redesign;en-US;www.bing.com;28545;1;0
Unionstationhotelnashville.com-0047-2015Redesign;en-US;www.google.com;32226;1;0
Unionstationhotelnashville.com-0047-2015Redesign;en-US;www.google.com;32226;1;0
Broadmoor.com-0073-2016Redesign;en-US;tpc.googlesyndication.com;16728;1;0
Napavalleymarriott.com-0071-2016Redesign;en-US;www.google.com;16432;1;0
Broadmoor.com-0073-2016Redesign;en-US;android-app:;16721;1;0
Broadmoor.com-0073-2016Redesign;en-US;android-app:;16721;1;0
Broadmoor.com-0073-2016Redesign;en-US;www.google.com;18259;1;0
Cocokeyorlando.com-0059-2015Redesign;en-US;www.google.co.uk;12394;1;0
Cocokeyorlando.com-0059-2015Redesign;en-US;www.google.co.uk;12394;1;0
Halcyonhotelcherrycreek.com-0061-2015Redesign;en-US;www.google.com;23287;1;0
Unionstationhotelnashville.com-0047-2015Redesign;en-US;www.google.com;32226;1;0
Broadmoor.com-0073-2016Redesign;en-US;www.google.com;16721;1;0
Broadmoor.com-0073-2016Redesign;en-US;www.google.com;18293;1;0
Broadmoor.com-0073-2016Redesign;en-US;www.google.com;16721;1;0
Broadmoor.com-0073-2016Redesign;en-US;www.google.com;16721;1;0
Lidobeachresort.com-0106-2017Redesign;en-US;www.opalcollection.com;28666;1;0
Lidobeachresort.com-0106-2017Redesign;en-US;www.opalcollection.com;28666;1;0
Longboatkeyclub.com-0104-2017Redesign;en-US;www.google.com;28316;1;0
Broadmoor.com-0073-2016Redesign;en-US;tpc.googlesyndication.com;16728;1;0
Lidobeachresort.com-0106-2017Redesign;en-US;android-app:;41578;1;0
Thelodgeatwoodloch.com-0033-2015Redesign;en-US;www.poconomountains.com;7764;1;0
Treasureislandbeachresort.com-0089-2016Redesign;en-US;www.google.ca;22169;1;0
Washingtoncourthotel.com-0076-2016Redesign;en-US;www.google.com;17858;1;0
Washingtoncourthotel.com-0076-2016Redesign;en-US;www.google.com;17858;1;0
Washingtoncourthotel.com-0076-2016Redesign;en-US;www.google.com;17858;1;0
Cphollywoodbeach.com-0032-2015Redesign;en-US;www.google.hu;7831;1;0
Luxehotels.com-0078-2016Redesign;en-US;www.google.com;18833;1;0
Luxehotels.com-0078-2016Redesign;en-US;www.google.com;18833;1;0
Sandylane.com-0075-2016Redesign;en-US;m.facebook.com;17611;1;0
Cphollywoodbeach.com-0032-2015Redesign;en-US;android-app:;7831;1;0
Secretharbourvi.com-0040-2015Redesign;en-US;www.google.com;9231;1;0
Secretharbourvi.com-0040-2015Redesign;en-US;www.google.com;9231;1;0
Washingtoncourthotel.com-0076-2016Redesign;en-US;www.google.com;17858;1;0
Galthouse.com-0042-2015Redesign;en-US;www.google.com;31905;1;0
Theoxfordhotel.com-0062-2015Redesign;en-US;www.google.com;14331;1;0
Broadmoor.com-0073-2016Redesign;en-US;login.nomadix.com:1111;16724;1;0
Broadmoor.com-0073-2016Redesign;en-US;login.nomadix.com:1111;16724;1;0
Broadmoor.com-0073-2016Redesign;en-US;login.nomadix.com:1111;16724;1;0
Broadmoor.com-0073-2016Redesign;en-US;login.nomadix.com:1111;16724;1;0
Glencovemansion.com-0058-2015Redesign;en-US;www.google.com;32725;1;0
Theloganhotel.com-0043-2015Redesign;en-US;www.bing.com;20218;1;0
Broadmoor.com-0073-2016Redesign;en-US;www.google.com;16721;1;0
Samosetresort.com-0113-2017Redesign;en-US;www.google.com;32541;1;0
Galthouse.com-0042-2015Redesign;en-US;www.bing.com;10558;1;0
Samosetresort.com-0113-2017Redesign;en-US;www.google.com;32541;1;0
Broadmoor.com-0073-2016Redesign;en-US;tpc.googlesyndication.com;16728;1;0
