Cphollywoodbeach.com-0032-2015Redesign;en-US;www.google.com;7805;1;0
Casaybelresort.com-0002-2014Redesign;en-US;surfinggator.com;1613;1;0
Marriottkeylargo.com-0015-2014Redesign;en-US;www.beachcamsusa.com;3948;1;0
Marriottkeylargo.com-0015-2014Redesign;en-US;www.beachcamsusa.com;3964;1;0
Cphollywoodbeach.com-0032-2015Redesign;en-US;www.sunny.org;7831;1;0
Cphollywoodbeach.com-0032-2015Redesign;en-US;www.sunny.org;7831;1;0
Casaybelresort.com-0002-2014Redesign;en-US;www.google.com;1613;1;0
Galthouse.com-0042-2015Redesign;en-US;www.google.com;31905;1;0
Casaybelresort.com-0002-2014Redesign;en-US;www.captivasanibelrealestate.com;1613;1;0
Galthouse.com-0042-2015Redesign;en-US;www.google.com;31905;1;0
Casaybelresort.com-0002-2014Redesign;en-US;www.google.com;1533;1;0
Cphollywoodbeach.com-0032-2015Redesign;en-US;www.google.com;7831;1;0
Cphollywoodbeach.com-0032-2015Redesign;en-US;www.google.com;7831;1;0
Longboatkeyclub.com-0104-2017Redesign;en-US;worldcam.eu;28317;1;0
Cphollywoodbeach.com-0032-2015Redesign;en-US;www.google.com.ec;7831;1;0
Casaybelresort.com-0002-2014Redesign;en-US;www.google.com;1736;1;0
wentworthcom00212014redesign;en-US;www.google.com;26679;1;0
Marriottkeylargo.com-0015-2014Redesign;en-US;www.beachcamsusa.com;3948;1;0
Casaybelresort.com-0002-2014Redesign;en-US;www.google.com;1533;1;0
Marriottkeylargo.com-0015-2014Redesign;en-US;www.beachcamsusa.com;3964;1;0
Glencovemansion.com-0058-2015Redesign;en-US;www.google.com;13328;1;0
Cphollywoodbeach.com-0032-2015Redesign;en-US;www.google.com;7831;1;0
Washingtondukeinn.com-0024-2014Redesign;en-US;www.google.com;4524;1;0
saddlebrook.com-0011-2014Redesign;en-US;www.google.com;3385;1;0
Broadmoor.com-0073-2016Redesign;en-US;www.bing.com;17443;1;0
Marriottkeylargo.com-0015-2014Redesign;en-US;surfinggator.com;3948;1;0
Marriottkeylargo.com-0015-2014Redesign;en-US;surfinggator.com;3964;1;0
Cphollywoodbeach.com-0032-2015Redesign;en-US;www.google.ca;7831;1;0
Opalsands.com-0084-2016Redesign;en-US;www.google.com;20171;1;0
Edgewaternaples.com-0094-2016Redesign;en-US;www.google.com.ar;25239;1;0
Abbingtonbanquets.com-0070-2016Redesign;en-US;dengi-v-kredit.in.ua;15789;1;0
Halcyonhotelcherrycreek.com-0061-2015Redesign;en-US;uncrate.com;22121;1;0
Abbingtonbanquets.com-0070-2016Redesign;en-US;pro-promat.ru;15789;1;0
Longboatkeyclub.com-0104-2017Redesign;en-US;www.google.de;28316;1;0
Thesagamore.com-0112-2017Redesign;en-US;www.google.ca;32339;1;0
Cphollywoodbeach.com-0032-2015Redesign;en-US;www.google.ca;7831;1;0
Secretharbourvi.com-0040-2015Redesign;en-US;www.google.com;9231;1;0
Cphollywoodbeach.com-0032-2015Redesign;en-US;www.google.com;7831;1;0
Cphollywoodbeach.com-0032-2015Redesign;en-US;www.sunny.org;7831;1;0
Miravalspamonarchbeach.com-0109-2017Redesign;en-US;www.monarchbeachresort.com;31709;1;0
Monarchbeachresort.com-0092-2016Redesign;en-US;www.google.com;22785;1;0
Opalsands.com-0084-2016Redesign;en-US;www.google.com;20171;1;0
theweststreethotel.com-0115-2017Redesign;en-US;www.google.com;36683;1;0
Cphollywoodbeach.com-0032-2015Redesign;en-US;www.google.ca;7831;1;0
Longboatkeyclub.com-0104-2017Redesign;en-US;search.aol.com;28316;1;0
Cphollywoodbeach.com-0032-2015Redesign;en-US;search.yahoo.com;7831;1;0
wentworthcom00212014redesign;en-US;www.google.com;4251;1;0
Sandpearl.com-0091-2016Redesign;en-US;www.google.ca;22482;1;0
Abbingtonbanquets.com-0070-2016Redesign;en-US;krasivey.com.ua;15789;1;0
Casaybelresort.com-0002-2014Redesign;en-US;surfinggator.com;1613;1;0
Broadmoor.com-0073-2016Redesign;en-US;www.google.com;16721;1;0
Thelodgeatwoodloch.com-0033-2015Redesign;en-US;www.poconomountains.com;7764;1;0
Napavalleymarriott.com-0071-2016Redesign;en-US;www.google.com;16432;1;0
Galthouse.com-0042-2015Redesign;en-US;www.bing.com;31905;1;0
Galthouse.com-0042-2015Redesign;en-US;www.bing.com;31905;1;0
Casaybelresort.com-0002-2014Redesign;en-US;www.windowtocaptivasanibel.com;1613;1;0
Broadmoor.com-0073-2016Redesign;en-US;tpc.googlesyndication.com;16728;1;0
Longboatkeyclub.com-0104-2017Redesign;en-US;www.google.de;28316;1;0
Cphollywoodbeach.com-0032-2015Redesign;en-US;www.sunny.org;7831;1;0
Broadmoor.com-0073-2016Redesign;en-US;tpc.googlesyndication.com;16728;1;0
Opalsands.com-0084-2016Redesign;en-US;www.beachtourism.com;20171;1;0
Galthouse.com-0042-2015Redesign;en-US;www.google.com;10609;1;0
Marriottdelraybeach.com-0009-2014Redesign;en-US;www.ophotels.com;2829;1;0
wentworthcom00212014redesign;en-US;www.ophotels.com;26679;1;0
Marriottkeylargo.com-0015-2014Redesign;en-US;www.ophotels.com;3948;1;0
Marriottdelraybeach.com-0009-2014Redesign;en-US;www.ophotels.com;2845;1;0
wentworthcom00212014redesign;en-US;www.ophotels.com;4259;1;0
Marriottkeylargo.com-0015-2014Redesign;en-US;www.ophotels.com;3964;1;0
Theharborsidehotel.com-0114-2017Redesign;en-US;www.ophotels.com;37571;1;0
Samosetresort.com-0113-2017Redesign;en-US;www.ophotels.com;32541;1;0
Delraysandsresort.com-0097-2016Redesign;en-US;www.ophotels.com;27232;1;0
Thesagamore.com-0112-2017Redesign;en-US;www.ophotels.com;32339;1;0
Longboatkeyclub.com-0104-2017Redesign;en-US;www.ophotels.com;35641;1;0
Lakeplacidlodge.com-0105-2017Redesign;en-US;www.ophotels.com;28545;1;0
Jupiterbeachresort.com-0103-2017Redesign;en-US;www.ophotels.com;28158;1;0
Laxembassy.com-0008-2014Redesign;en-US;www.google.com;2037;1;0
Longboatkeyclub.com-0104-2017Redesign;en-US;worldcam.eu;28317;1;0
theweststreethotel.com-0115-2017Redesign;en-US;www.ophotels.com;36683;1;0
Lidobeachresort.com-0106-2017Redesign;en-US;www.ophotels.com;28666;1;0
Casaybelresort.com-0002-2014Redesign;en-US;www.wetterklima.de;1613;1;0
Samosetresort.com-0113-2017Redesign;en-US;www.ophotels.com;32541;1;0
Monarchbeachresort.com-0092-2016Redesign;en-US;m.facebook.com;26800;1;0
Casaybelresort.com-0002-2014Redesign;en-US;www.google.com;1613;1;0
Cocokeyorlando.com-0059-2015Redesign;en-US;www.tripadvisor.ca;12394;1;0
Cphollywoodbeach.com-0032-2015Redesign;en-US;www.sunny.org;7831;1;0
Broadmoor.com-0073-2016Redesign;en-US;m.facebook.com;17344;1;0
Hospitalityupgrade.com-0093-2016Redesign;en-US;www.google.com;25405;1;0
