Broadmoor.com-0073-2016Redesign;en-US;16793;16721;1;0
Passport.lehotels.com-0069-2016BlogRedesign;en-US;16812;16814;1;0
Thelodgeatwoodloch.com-0033-2015Redesign;en-US;0;9852;1;0
Renaissancepittsburghpa.com-0044-2015Redesign;en-US;0;9637;1;0
Longboatkeyclub.com-0104-2017Redesign;en-US;28371;28427;1;0
Cocokeyorlando.com-0059-2015Redesign;en-US;0;12394;1;0
Casaybelresort.com-0002-2014Redesign;en-US;1613;1603;1;0
Broadmoor.com-0073-2016Redesign;en-US;21867;21866;1;0
Napavalleymarriott.com-0071-2016Redesign;en-US;32812;16459;1;0
Galthouse.com-0042-2015Redesign;en-US;25671;10923;1;0
Theharborsidehotel.com-0114-2017Redesign;en-US;0;40660;1;0
Thesagamore.com-0112-2017Redesign;en-US;32339;33922;1;0
Broadmoor.com-0073-2016Redesign;en-US;21866;16724;1;0
Jbdukehotel.com-0086-2016Redesign;en-US;21921;21946;1;0
Thesagamore.com-0112-2017Redesign;en-US;33925;32340;1;0
Theoxfordhotel.com-0062-2015Redesign;en-US;14430;14325;1;0
Sandylane.com-0075-2016Redesign;en-US;0;17683;1;0
Broadmoor.com-0073-2016Redesign;en-US;16722;17443;1;0
wentworthcom00212014redesign;en-US;4251;4309;1;0
saddlebrook.com-0011-2014Redesign;en-US;4534;4918;1;0
wentworthcom00212014redesign;en-US;0;4317;1;0
Sandylane.com-0075-2016Redesign;en-US;17683;17716;1;0
Theoxfordhotel.com-0062-2015Redesign;en-US;0;14325;1;0
Thesagamore.com-0112-2017Redesign;en-US;32339;33921;1;0
Monarchbeachresort.com-0092-2016Redesign;en-US;41732;26788;1;0
Cocokeyorlando.com-0059-2015Redesign;en-US;12581;12423;1;0
Edgewaternaples.com-0094-2016Redesign;en-US;25239;32090;1;0
Broadmoor.com-0073-2016Redesign;en-US;32319;16721;1;0
Casaybelresort.com-0002-2014Redesign;en-US;1616;1640;1;0
Thecurtis.com-0079-2016Redesign;en-US;0;17981;1;0
Lakeplacidlodge.com-0105-2017Redesign;en-US;28545;32807;1;0
Broadmoor.com-0073-2016Redesign;en-US;17443;41169;1;0
Jbdukehotel.com-0086-2016Redesign;en-US;21946;21948;1;0
Broadmoor.com-0073-2016Redesign;en-US;16721;16790;1;0
Thesagamore.com-0112-2017Redesign;en-US;32389;33569;1;0
Napavalleymarriott.com-0071-2016Redesign;en-US;0;16452;1;0
Thesagamore.com-0112-2017Redesign;en-US;33921;33366;1;0
wentworthcom00212014redesign;en-US;4250;4301;1;0
Longboatkeyclub.com-0104-2017Redesign;en-US;28316;35641;1;0
Jbdukehotel.com-0086-2016Redesign;en-US;21948;39313;1;0
Monarchbeachresort.com-0092-2016Redesign;en-US;26788;26800;1;0
Galthouse.com-0042-2015Redesign;en-US;10923;25671;1;0
Napavalleymarriott.com-0071-2016Redesign;en-US;16432;16450;1;0
Sandylane.com-0075-2016Redesign;en-US;17716;17724;1;0
Thesagamore.com-0112-2017Redesign;en-US;33921;33922;1;0
Thecrawfordhotel.com-0074-2016Redesign;en-US;17667;17158;1;0
Thesagamore.com-0112-2017Redesign;en-US;32339;33922;1;0
Casaybelresort.com-0002-2014Redesign;en-US;1640;1533;1;0
Thesagamore.com-0112-2017Redesign;en-US;33922;33925;1;0
Miravalspamonarchbeach.com-0109-2017Redesign;en-US;33978;34182;1;0
Samosetresort.com-0113-2017Redesign;en-US;0;32541;1;0
Sandylane.com-0075-2016Redesign;en-US;17724;17683;1;0
Cocokeyorlando.com-0059-2015Redesign;en-US;0;12394;1;0
Lehotels.com-0049-2015Transfer;en-US;12108;24850;1;0
Courtyardportlandcitycenter.com-0063-2015Redesign;en-US;14617;14552;1;0
theweststreethotel.com-0115-2017Redesign;en-US;41582;36691;1;0
Broadmoor.com-0073-2016Redesign;en-US;20436;16758;1;0
Broadmoor.com-0073-2016Redesign;en-US;16766;16790;1;0
Monarchbeachresort.com-0092-2016Redesign;en-US;22847;22725;1;0
Jbdukehotel.com-0086-2016Redesign;en-US;39313;21934;1;0
Luxehotels.com-0078-2016Redesign;en-US;18833;35050;1;0
Jbdukehotel.com-0086-2016Redesign;en-US;21934;21918;1;0
Broadmoor.com-0073-2016Redesign;en-US;16721;16751;1;0
Lakeplacidlodge.com-0105-2017Redesign;en-US;28545;32794;1;0
Broadmoor.com-0073-2016Redesign;en-US;41169;17443;1;0
Chrco.com-0107-2017Redesign;en-US;29280;31152;1;0
