Sandpearl.com-0091-2016Redesign;en-US;www.google.ca;22481;1;0
Miravalspamonarchbeach.com-0109-2017Redesign;en-US;www.miravalresorts.com;31709;1;0
Sandpearl.com-0091-2016Redesign;en-US;www.google.ca;22481;1;0
Broadmoor.com-0073-2016Redesign;en-US;www.google.com;16721;1;0
Broadmoor.com-0073-2016Redesign;en-US;www.google.com;16770;1;0
Galthouse.com-0042-2015Redesign;en-US;m.facebook.com;31905;1;0
Broadmoor.com-0073-2016Redesign;en-US;www.google.com;16721;1;0
Galthouse.com-0042-2015Redesign;en-US;m.facebook.com;31905;1;0
Broadmoor.com-0073-2016Redesign;en-US;www.google.com;16721;1;0
Glencovemansion.com-0058-2015Redesign;en-US;www.google.com;13340;1;0
Broadmoor.com-0073-2016Redesign;en-US;www.google.com;16753;1;0
Cphollywoodbeach.com-0032-2015Redesign;en-US;www.sunny.org;7831;1;0
Unionstationhotelnashville.com-0047-2015Redesign;en-US;www.google.com;32226;1;0
theweststreethotel.com-0115-2017Redesign;en-US;www.google.com;36683;1;0
Broadmoor.com-0073-2016Redesign;en-US;l.instagram.com;16721;1;0
Broadmoor.com-0073-2016Redesign;en-US;l.instagram.com;16721;1;0
Samosetresort.com-0113-2017Redesign;en-US;android-app:;32550;1;0
wentworthcom00212014redesign;en-US;r.search.yahoo.com;26679;1;0
wentworthcom00212014redesign;en-US;r.search.yahoo.com;4259;1;0
Miravalspamonarchbeach.com-0109-2017Redesign;en-US;www.monarchbeachresort.com;32984;1;0
Broadmoor.com-0073-2016Redesign;en-US;m.facebook.com;18010;1;0
Broadmoor.com-0073-2016Redesign;en-US;www.google.com;16721;1;0
Broadmoor.com-0073-2016Redesign;en-US;www.google.com;16721;1;0
Montaukyachtclub.com-0010-2014Redesign;en-US;www.google.com;2240;1;0
Luxehotels.com-0078-2016Redesign;en-US;www.google.com;18831;1;0
Thesagamore.com-0112-2017Redesign;en-US;www.google.com;32339;1;0
Thecurtis.com-0079-2016Redesign;en-US;www.google.com;17981;1;0
Miravalspamonarchbeach.com-0109-2017Redesign;en-US;www.monarchbeachresort.com;35716;1;0
Cphollywoodbeach.com-0032-2015Redesign;en-US;www.google.com;7831;1;0
Broadmoor.com-0073-2016Redesign;en-US;www.google.com;21232;1;0
Cocokeyorlando.com-0059-2015Redesign;en-US;android-app:;12394;1;0
Cocokeyorlando.com-0059-2015Redesign;en-US;android-app:;12394;1;0
Monarchbeachresort.com-0092-2016Redesign;en-US;www.google.com;22725;1;0
Laxembassy.com-0008-2014Redesign;en-US;www.google.com;2037;1;0
Edgewaternaples.com-0094-2016Redesign;en-US;www.google.com;25239;1;0
Broadmoor.com-0073-2016Redesign;en-US;search.myway.com;18782;1;0
theweststreethotel.com-0115-2017Redesign;en-US;www.google.com;36683;1;0
Delraysandsresort.com-0097-2016Redesign;en-US;www.google.com;27232;1;0
Thelodgeatwoodloch.com-0033-2015Redesign;en-US;www.poconomountains.com;7764;1;0
Broadmoor.com-0073-2016Redesign;en-US;www.google.com;16721;1;0
Monarchbeachresort.com-0092-2016Redesign;en-US;www.google.com;22725;1;0
Thecrawfordhotel.com-0074-2016Redesign;en-US;www.google.com;17145;1;0
Longboatkeyclub.com-0104-2017Redesign;en-US;refmarket.ru;28316;1;0
Longboatkeyclub.com-0104-2017Redesign;en-US;fixup.ua;28316;1;0
Longboatkeyclub.com-0104-2017Redesign;en-US;grostm.ru;28316;1;0
Longboatkeyclub.com-0104-2017Redesign;en-US;krasivey.com.ua;28316;1;0
Monarchbeachresort.com-0092-2016Redesign;en-US;www.google.com;22725;1;0
