Theharborsidehotel.com-0114-2017Redesign;en-US;www.google.com;37571;1;0
wentworthcom00212014redesign;en-US;www.google.com;4245;1;0
Theharborsidehotel.com-0114-2017Redesign;en-US;www.google.com;37571;1;0
Chrco.com-0107-2017Redesign;en-US;www.asapholdings.com;29280;1;0
Broadmoor.com-0073-2016Redesign;en-US;login.nomadix.com:1111;16724;1;0
Halcyonhotelcherrycreek.com-0061-2015Redesign;en-US;www.google.com;22121;1;0
Theharborsidehotel.com-0114-2017Redesign;en-US;www.google.com;37571;1;0
theweststreethotel.com-0115-2017Redesign;en-US;www.google.com;36683;1;0
Marriottkeylargo.com-0015-2014Redesign;en-US;www.fla-keys.com;3948;1;0
Marriottkeylargo.com-0015-2014Redesign;en-US;www.fla-keys.com;3964;1;0
Thesagamore.com-0112-2017Redesign;en-US;www.google.com;32347;1;0
Theharborsidehotel.com-0114-2017Redesign;en-US;www.google.com;37571;1;0
Unionstationhotelnashville.com-0047-2015Redesign;en-US;www.google.com;32226;1;0
Broadmoor.com-0073-2016Redesign;en-US;login.nomadix.com:1111;16724;1;0
Broadmoor.com-0073-2016Redesign;en-US;login.nomadix.com:1111;16724;1;0
Sandpearl.com-0091-2016Redesign;en-US;www.bing.com;22481;1;0
Broadmoor.com-0073-2016Redesign;en-US;www.google.com;18259;1;0
Renaissancepittsburghpa.com-0044-2015Redesign;en-US;www.google.com;9637;1;0
Monarchbeachresort.com-0092-2016Redesign;en-US;search.yahoo.com;22725;1;0
Broadmoor.com-0073-2016Redesign;en-US;www.bing.com;16721;1;0
Courtyardportlandcitycenter.com-0063-2015Redesign;en-US;www.google.com;14545;1;0
Thesagamore.com-0112-2017Redesign;en-US;www.leadingageny.org;32339;1;0
Sandylane.com-0075-2016Redesign;en-US;www.candidatemanager.net;17611;1;0
Glencovemansion.com-0058-2015Redesign;en-US;www.google.com;13328;1;0
Broadmoor.com-0073-2016Redesign;en-US;login.nomadix.com:1111;16724;1;0
Broadmoor.com-0073-2016Redesign;en-US;login.nomadix.com:1111;16724;1;0
Broadmoor.com-0073-2016Redesign;en-US;www.google.com;16721;1;0
Luxehotels.com-0078-2016Redesign;en-US;l.instagram.com;18805;1;0
Samosetresort.com-0113-2017Redesign;en-US;www.google.com;35227;1;0
Sandpearl.com-0091-2016Redesign;en-US;www.google.com;30638;1;0
Cocokeyorlando.com-0059-2015Redesign;en-US;secure53.ibahn.com;12394;1;0
Sandylane.com-0075-2016Redesign;en-US;m.facebook.com;17611;1;0
Minnetonkamarriott.com-0039-2015Redesign;en-US;www.google.com;8817;1;0
Marriottkeylargo.com-0015-2014Redesign;en-US;www.fla-keys.com;3964;1;0
Hospitalityupgrade.com-0093-2016Redesign;en-US;www.google.com;36914;1;0
Jbdukehotel.com-0086-2016Redesign;en-US;www.bing.com;21918;1;0
Jupiterbeachresort.com-0103-2017Redesign;en-US;www.google.com;28158;1;0
Thesagamore.com-0112-2017Redesign;en-US;www.google.com;32339;1;0
Thesagamore.com-0112-2017Redesign;en-US;www.google.com;32339;1;0
