Cocokeyorlando.com-0059-2015Redesign;en-US;0;12394;1;0
Thesagamore.com-0112-2017Redesign;en-US;32355;32350;1;0
Zotabeachresort.com-0090-2016Redesign;en-US;23093;22358;1;0
Thelodgeatwoodloch.com-0033-2015Redesign;en-US;7764;7782;1;0
Lakeplacidlodge.com-0105-2017Redesign;en-US;28595;32987;1;0
Casaybelresort.com-0002-2014Redesign;en-US;1604;1573;1;0
Thecurtis.com-0079-2016Redesign;en-US;0;17981;1;0
Thesagamore.com-0112-2017Redesign;en-US;32387;33576;1;0
Casaybelresort.com-0002-2014Redesign;en-US;1596;27354;1;0
Cphollywoodbeach.com-0032-2015Redesign;en-US;7862;7812;1;0
Thesagamore.com-0112-2017Redesign;en-US;33576;32387;1;0
Thelodgeatwoodloch.com-0033-2015Redesign;en-US;9801;9927;1;0
Thelodgeatwoodloch.com-0033-2015Redesign;en-US;7764;8261;1;0
Casaybelresort.com-0002-2014Redesign;en-US;1573;1596;1;0
Glencovemansion.com-0058-2015Redesign;en-US;13336;13364;1;0
Samosetresort.com-0113-2017Redesign;en-US;35229;35231;1;0
saddlebrook.com-0011-2014Redesign;en-US;3385;3469;1;0
Casaybelresort.com-0002-2014Redesign;en-US;1613;1607;1;0
Thesagamore.com-0112-2017Redesign;en-US;32350;33443;1;0
Sandpearl.com-0091-2016Redesign;en-US;22481;23131;1;0
Broadmoor.com-0073-2016Redesign;en-US;16759;20440;1;0
Hospitalityupgrade.com-0093-2016Redesign;en-US;0;25405;1;0
Sandylane.com-0075-2016Redesign;en-US;17683;17688;1;0
Broadmoor.com-0073-2016Redesign;en-US;20440;16728;1;0
Samosetresort.com-0113-2017Redesign;en-US;32541;32550;1;0
Theoxfordhotel.com-0062-2015Redesign;en-US;0;14325;1;0
Thesagamore.com-0112-2017Redesign;en-US;33925;33366;1;0
Thelodgeatwoodloch.com-0033-2015Redesign;en-US;8261;9922;1;0
