Unionstationhotelnashville.com-0047-2015Redesign;en-US;www.google.com;32226;1;0
Cphollywoodbeach.com-0032-2015Redesign;en-US;www.webcamplaza.net;7831;1;0
Galthouse.com-0042-2015Redesign;en-US;www.bing.com;31905;1;0
Luxehotels.com-0078-2016Redesign;en-US;https;18805;1;0
Galthouse.com-0042-2015Redesign;en-US;www.bing.com;31905;1;0
Luxehotels.com-0078-2016Redesign;en-US;https;18805;1;0
Marriottkeylargo.com-0015-2014Redesign;en-US;www.fla-keys.com;3948;1;0
Luxehotels.com-0078-2016Redesign;en-US;https;18805;1;0
Luxehotels.com-0078-2016Redesign;en-US;https;18805;1;0
Broadmoor.com-0073-2016Redesign;en-US;m.facebook.com;18014;1;0
Luxehotels.com-0078-2016Redesign;en-US;https;18805;1;0
Samosetresort.com-0113-2017Redesign;en-US;www.google.com;35154;1;0
Lakeplacidlodge.com-0105-2017Redesign;en-US;www.google.com;28595;1;0
Luxehotels.com-0078-2016Redesign;en-US;https;18805;1;0
Renaissancepittsburghpa.com-0044-2015Redesign;en-US;www.google.com;9637;1;0
Marriottkeylargo.com-0015-2014Redesign;en-US;www.fla-keys.com;3948;1;0
Marriottkeylargo.com-0015-2014Redesign;en-US;www.fla-keys.com;3964;1;0
Cphollywoodbeach.com-0032-2015Redesign;en-US;www.sunny.org;7831;1;0
Galthouse.com-0042-2015Redesign;en-US;www.cookingclassesdirectory.com;31905;1;0
Marriottkeylargo.com-0015-2014Redesign;en-US;www.beachcamsusa.com;3948;1;0
Unionstationhotelnashville.com-0047-2015Redesign;en-US;www.google.com;24062;1;0
Cphollywoodbeach.com-0032-2015Redesign;en-US;www.google.ca;7805;1;0
Theloganhotel.com-0043-2015Redesign;en-US;m.facebook.com;20218;1;0
Broadmoor.com-0073-2016Redesign;en-US;login.nomadix.com:1111;16724;1;0
Broadmoor.com-0073-2016Redesign;en-US;login.nomadix.com:1111;16724;1;0
Luxehotels.com-0078-2016Redesign;en-US;https;18805;1;0
Broadmoor.com-0073-2016Redesign;en-US;login.nomadix.com:1111;16724;1;0
Broadmoor.com-0073-2016Redesign;en-US;login.nomadix.com:1111;16724;1;0
Luxehotels.com-0078-2016Redesign;en-US;https;18805;1;0
Luxehotels.com-0078-2016Redesign;en-US;https;18805;1;0
Luxehotels.com-0078-2016Redesign;en-US;https;18805;1;0
Saddlebrookprep.com-0022-2014Transfer;en-US;omoikiri-japan.ru;3914;1;0
Samosetresort.com-0113-2017Redesign;en-US;www.google.com;32541;1;0
Saddlebrookprep.com-0022-2014Transfer;en-US;omoikiri-japan.ru;3914;1;0
Casaybelresort.com-0002-2014Redesign;en-US;www.google.com;1613;1;0
Lakeplacidlodge.com-0105-2017Redesign;en-US;www.google.com;28595;1;0
Luxehotels.com-0078-2016Redesign;en-US;gta.wikia.com;18831;1;0
Cphollywoodbeach.com-0032-2015Redesign;en-US;www.google.ca;7805;1;0
Luxehotels.com-0078-2016Redesign;en-US;https;18805;1;0
wentworthcom00212014redesign;en-US;www.google.com;4259;1;0
Opalsands.com-0084-2016Redesign;en-US;www.beachtourism.com;20171;1;0
