Galthouse.com-0042-2015Redesign;en-US;www.google.com;31905;1;0
Broadmoor.com-0073-2016Redesign;en-US;tpc.googlesyndication.com;16728;1;0
Galthouse.com-0042-2015Redesign;en-US;www.google.com;31905;1;0
Monarchbeachresort.com-0092-2016Redesign;en-US;www.google.com;28523;1;0
Theloganhotel.com-0043-2015Redesign;en-US;www.google.com;9125;1;0
Thesagamore.com-0112-2017Redesign;en-US;www.google.com;32339;1;0
Thesagamore.com-0112-2017Redesign;en-US;www.google.com;32339;1;0
Broadmoor.com-0073-2016Redesign;en-US;www.google.com;16721;1;0
Theloganhotel.com-0043-2015Redesign;en-US;android-app:;18415;1;0
Sandylane.com-0075-2016Redesign;en-US;www.google.co.uk;17611;1;0
Luxehotels.com-0078-2016Redesign;en-US;www.google.com;18830;1;0
Washingtondukeinn.com-0024-2014Redesign;en-US;www.google.com;4759;1;0
Broadmoor.com-0073-2016Redesign;en-US;www.google.com;16721;1;0
Broadmoor.com-0073-2016Redesign;en-US;www.google.com;16721;1;0
Broadmoor.com-0073-2016Redesign;en-US;login.nomadix.com:1111;16724;1;0
Washingtondukeinn.com-0024-2014Redesign;en-US;www.google.com;4762;1;0
Broadmoor.com-0073-2016Redesign;en-US;login.nomadix.com:1111;16724;1;0
Washingtoncourthotel.com-0076-2016Redesign;en-US;www.google.com;17858;1;0
Longboatkeyclub.com-0104-2017Redesign;en-US;r.search.yahoo.com;28316;1;0
Longboatkeyclub.com-0104-2017Redesign;en-US;r.search.yahoo.com;28316;1;0
Lehotels.com-0049-2015Transfer;en-US;www.google.com.tr;13182;1;0
Sandpearl.com-0091-2016Redesign;en-US;www.google.com;22488;1;0
Sandpearl.com-0091-2016Redesign;en-US;www.google.com;22481;1;0
Sandpearl.com-0091-2016Redesign;en-US;www.google.com;22481;1;0
Longboatkeyclub.com-0104-2017Redesign;en-US;www.google.com;28316;1;0
Theoxfordhotel.com-0062-2015Redesign;en-US;den-80202-5400.localdomain:444;14325;1;0
Casaybelresort.com-0002-2014Redesign;en-US;resep.xyz;1533;1;0
Thelodgeatwoodloch.com-0033-2015Redesign;en-US;view.resortsuitemail.com;8390;1;0
Broadmoor.com-0073-2016Redesign;en-US;login.nomadix.com:1111;16724;1;0
Broadmoor.com-0073-2016Redesign;en-US;login.nomadix.com:1111;16724;1;0
Cphollywoodbeach.com-0032-2015Redesign;en-US;www.google.com;7805;1;0
Thesagamore.com-0112-2017Redesign;en-US;www.google.com.ph;32340;1;0
