Jupiterbeachresort.com-0103-2017Redesign;en-US;www.google.com;28158;1;0
Thelodgeatwoodloch.com-0033-2015Redesign;en-US;www.google.com;8274;1;0
Broadmoor.com-0073-2016Redesign;en-US;www.google.com;16770;1;0
Broadmoor.com-0073-2016Redesign;en-US;login.nomadix.com:1111;16724;1;0
Lidobeachresort.com-0106-2017Redesign;en-US;www.bing.com;28666;1;0
Broadmoor.com-0073-2016Redesign;en-US;login.nomadix.com:1111;16724;1;0
Galthouse.com-0042-2015Redesign;en-US;www.google.com;10564;1;0
Monarchbeachresort.com-0092-2016Redesign;en-US;www.bing.com;22725;1;0
Courtyardportlandcitycenter.com-0063-2015Redesign;en-US;www.google.com;14545;1;0
wentworthcom00212014redesign;en-US;www.google.com;26679;1;0
Sandylane.com-0075-2016Redesign;en-US;www.google.co.uk;17611;1;0
Thelodgeatwoodloch.com-0033-2015Redesign;en-US;r.search.yahoo.com;7764;1;0
Longboatkeyclub.com-0104-2017Redesign;en-US;worldcam.eu;28317;1;0
Broadmoor.com-0073-2016Redesign;en-US;www.google.com;16738;1;0
Miravalspamonarchbeach.com-0109-2017Redesign;en-US;www.monarchbeachresort.com;31709;1;0
Unionstationhotelnashville.com-0047-2015Redesign;en-US;www.google.com;32226;1;0
Theharborsidehotel.com-0114-2017Redesign;en-US;www.google.com;37571;1;0
Broadmoor.com-0073-2016Redesign;en-US;googleads.g.doubleclick.net;16728;1;0
Theharborsidehotel.com-0114-2017Redesign;en-US;www.google.com;37571;1;0
Broadmoor.com-0073-2016Redesign;en-US;googleads.g.doubleclick.net;16728;1;0
Broadmoor.com-0073-2016Redesign;en-US;googleads.g.doubleclick.net;16728;1;0
Broadmoor.com-0073-2016Redesign;en-US;googleads.g.doubleclick.net;16728;1;0
Thesagamore.com-0112-2017Redesign;en-US;www.google.com;32339;1;0
Opalsands.com-0084-2016Redesign;en-US;www.google.com;20171;1;0
Thelodgeatwoodloch.com-0033-2015Redesign;en-US;www.google.com;7764;1;0
Thesagamore.com-0112-2017Redesign;en-US;www.google.com;32339;1;0
Thesagamore.com-0112-2017Redesign;en-US;www.google.com;32339;1;0
Thesagamore.com-0112-2017Redesign;en-US;www.google.com;33457;1;0
Saddlebrookprep.com-0022-2014Transfer;en-US;www.google.com;3914;1;0
Theoxfordhotel.com-0062-2015Redesign;en-US;www.google.gr;14342;1;0
Casaybelresort.com-0002-2014Redesign;en-US;www.google.com;1533;1;0
Lakeplacidlodge.com-0105-2017Redesign;en-US;www.google.com;32792;1;0
Broadmoor.com-0073-2016Redesign;en-US;login.nomadix.com:1111;16724;1;0
Laxembassy.com-0008-2014Redesign;en-US;www.google.com;2037;1;0
Broadmoor.com-0073-2016Redesign;en-US;login.nomadix.com:1111;16724;1;0
Broadmoor.com-0073-2016Redesign;en-US;www.google.com;18259;1;0
Thesagamore.com-0112-2017Redesign;en-US;www.google.com;32339;1;0
Longboatkeyclub.com-0104-2017Redesign;en-US;www.bing.com;28316;1;0
Washingtoncourthotel.com-0076-2016Redesign;en-US;www.google.com;17858;1;0
Casaybelresort.com-0002-2014Redesign;en-US;search.yahoo.com;1613;1;0
Broadmoor.com-0073-2016Redesign;en-US;dayhikesneardenver.com;21231;1;0
Glencovemansion.com-0058-2015Redesign;en-US;www.google.ca;13340;1;0
Thelodgeatwoodloch.com-0033-2015Redesign;en-US;www.google.com;9932;1;0
Galthouse.com-0042-2015Redesign;en-US;www.facebook.com;33603;1;0
Washingtondukeinn.com-0024-2014Redesign;en-US;www.google.com;4759;1;0
Sandpearl.com-0091-2016Redesign;en-US;captive.apple.com;22481;1;0
Sandpearl.com-0091-2016Redesign;en-US;captive.apple.com;22481;1;0
Samosetresort.com-0113-2017Redesign;en-US;android-app:;32541;1;0
Edgewaternaples.com-0094-2016Redesign;en-US;www.google.com;25239;1;0
Casaybelresort.com-0002-2014Redesign;en-US;www.google.com;1613;1;0
Marriottkeylargo.com-0015-2014Redesign;en-US;www.google.com;3948;1;0
Casaybelresort.com-0002-2014Redesign;en-US;www.bing.com;1533;1;0
Cphollywoodbeach.com-0032-2015Redesign;en-US;www.sunny.org;7831;1;0
Thelodgeatwoodloch.com-0033-2015Redesign;en-US;www.google.com;7764;1;0
Jbdukehotel.com-0086-2016Redesign;en-US;www.google.com;21921;1;0
Broadmoor.com-0073-2016Redesign;en-US;www.google.co.in;16761;1;0
Marriottkeylargo.com-0015-2014Redesign;en-US;www.fla-keys.com;3948;1;0
Thesagamore.com-0112-2017Redesign;en-US;www.google.com;32339;1;0
