Opalsands.com-0084-2016Redesign;en-US;20171;20928;1;0
Samosetresort.com-0113-2017Redesign;en-US;32554;35128;1;0
Broadmoor.com-0073-2016Redesign;en-US;16721;17269;1;0
Thelodgeatwoodloch.com-0033-2015Redesign;en-US;8390;15817;1;0
Edgewaternaples.com-0094-2016Redesign;en-US;25287;25246;1;0
wentworthcom00212014redesign;en-US;4299;31722;1;0
wentworthcom00212014redesign;en-US;31722;4302;1;0
Broadmoor.com-0073-2016Redesign;en-US;17269;17333;1;0
Edgewaternaples.com-0094-2016Redesign;en-US;25246;32090;1;0
Broadmoor.com-0073-2016Redesign;en-US;16721;18293;1;0
Thesagamore.com-0112-2017Redesign;en-US;33568;32387;1;0
Thelodgeatwoodloch.com-0033-2015Redesign;en-US;7782;8261;1;0
Springhillsuitesdenver.com-0060-2015Redesign;en-US;0;12307;1;0
Casaybelresort.com-0002-2014Redesign;en-US;1604;1599;1;0
Thelodgeatwoodloch.com-0033-2015Redesign;en-US;8261;8265;1;0
Sandylane.com-0075-2016Redesign;en-US;17715;17744;1;0
Sandylane.com-0075-2016Redesign;en-US;17611;17682;1;0
Thesagamore.com-0112-2017Redesign;en-US;32387;33577;1;0
Broadmoor.com-0073-2016Redesign;en-US;16721;16753;1;0
Saddlebrookprep.com-0022-2014Transfer;en-US;0;3914;1;0
Broadmoor.com-0073-2016Redesign;en-US;17333;17269;1;0
Longboatkeyclub.com-0104-2017Redesign;en-US;28354;28364;1;0
Longboatkeyclub.com-0104-2017Redesign;en-US;28316;35641;1;0
Chrco.com-0107-2017Redesign;en-US;29280;29374;1;0
Longboatkeyclub.com-0104-2017Redesign;en-US;28317;30863;1;0
Monarchbeachresort.com-0092-2016Redesign;en-US;23670;41733;1;0
Broadmoor.com-0073-2016Redesign;en-US;17269;17339;1;0
Casaybelresort.com-0002-2014Redesign;en-US;1599;1604;1;0
Theoxfordhotel.com-0062-2015Redesign;en-US;0;14325;1;0
Opalsands.com-0084-2016Redesign;en-US;20171;20792;1;0
Cocokeyorlando.com-0059-2015Redesign;en-US;0;12394;1;0
Samosetresort.com-0113-2017Redesign;en-US;35128;35127;1;0
Marriottkeylargo.com-0015-2014Redesign;en-US;3948;4009;1;0
Cphollywoodbeach.com-0032-2015Redesign;en-US;0;7914;1;0
Edgewaternaples.com-0094-2016Redesign;en-US;25239;25595;1;0
Montaukyachtclub.com-0010-2014Redesign;en-US;0;2254;1;0
Broadmoor.com-0073-2016Redesign;en-US;17339;17269;1;0
Lakeplacidlodge.com-0105-2017Redesign;en-US;28545;32790;1;0
Oxfordclubspa.com-0068-2016Redesign;en-US;0;15568;1;0
