Longboatkeyclub.com-0104-2017Redesign;en-US;www.google.com;28316;1;0
Miravalspamonarchbeach.com-0109-2017Redesign;en-US;www.monarchbeachresort.com;32984;1;0
Longboatkeyclub.com-0104-2017Redesign;en-US;www.google.com;28316;1;0
Longboatkeyclub.com-0104-2017Redesign;en-US;www.google.com;28316;1;0
Casaybelresort.com-0002-2014Redesign;en-US;www.bing.com;1533;1;0
Cphollywoodbeach.com-0032-2015Redesign;en-US;www.sunny.org;7831;1;0
Jupiterbeachresort.com-0103-2017Redesign;en-US;android-app:;28158;1;0
Broadmoor.com-0073-2016Redesign;en-US;login.nomadix.com:1111;16724;1;0
Broadmoor.com-0073-2016Redesign;en-US;login.nomadix.com:1111;16724;1;0
Jupiterbeachresort.com-0103-2017Redesign;en-US;android-app:;28158;1;0
Minnetonkamarriott.com-0039-2015Redesign;en-US;m.facebook.com;9617;1;0
Luxehotels.com-0078-2016Redesign;en-US;www.google.com;18830;1;0
Cphollywoodbeach.com-0032-2015Redesign;en-US;l.facebook.com;8282;1;0
Galthouse.com-0042-2015Redesign;en-US;www.google.com;31905;1;0
Galthouse.com-0042-2015Redesign;en-US;www.google.com;31905;1;0
wentworthcom00212014redesign;en-US;www.marriott.com;4250;1;0
Broadmoor.com-0073-2016Redesign;en-US;r.search.yahoo.com;18259;1;0
Broadmoor.com-0073-2016Redesign;en-US;www.google.com;16721;1;0
Broadmoor.com-0073-2016Redesign;en-US;www.google.com;16769;1;0
Marriottkeylargo.com-0015-2014Redesign;en-US;www.fla-keys.com;3948;1;0
Cocokeyorlando.com-0059-2015Redesign;en-US;www.google.com.br;12394;1;0
Marriottkeylargo.com-0015-2014Redesign;en-US;www.fla-keys.com;3964;1;0
Cphollywoodbeach.com-0032-2015Redesign;en-US;r.search.yahoo.com;7831;1;0
Broadmoor.com-0073-2016Redesign;en-US;www.google.com;16721;1;0
Broadmoor.com-0073-2016Redesign;en-US;www.google.com;16721;1;0
Thesagamore.com-0112-2017Redesign;en-US;www.google.com;32339;1;0
Washingtoncourthotel.com-0076-2016Redesign;en-US;www.google.com;17858;1;0
Cphollywoodbeach.com-0032-2015Redesign;en-US;www.sunny.org;7831;1;0
Unionstationhotelnashville.com-0047-2015Redesign;en-US;www.google.com;41675;1;0
Thesagamore.com-0112-2017Redesign;en-US;www.google.com;32339;1;0
Thesagamore.com-0112-2017Redesign;en-US;www.google.com;32339;1;0
Jupiterbeachresort.com-0103-2017Redesign;en-US;na28.salesforce.com;28158;1;0
Broadmoor.com-0073-2016Redesign;en-US;www.google.com;16721;1;0
theweststreethotel.com-0115-2017Redesign;en-US;www.google.com;37486;1;0
Jupiterbeachresort.com-0103-2017Redesign;en-US;na28.salesforce.com;28158;1;0
Broadmoor.com-0073-2016Redesign;en-US;www.google.com;18259;1;0
Thesagamore.com-0112-2017Redesign;en-US;www.google.com;32348;1;0
Broadmoor.com-0073-2016Redesign;en-US;www.google.com;18259;1;0
Casaybelresort.com-0002-2014Redesign;en-US;www.google.com;1533;1;0
Broadmoor.com-0073-2016Redesign;en-US;www.bing.com;16721;1;0
Longboatkeyclub.com-0104-2017Redesign;en-US;www.google.com;28316;1;0
Broadmoor.com-0073-2016Redesign;en-US;www.google.com;16769;1;0
Broadmoor.com-0073-2016Redesign;en-US;www.google.com;16769;1;0
Courtyardportlandcitycenter.com-0063-2015Redesign;en-US;www.google.com;14545;1;0
Monarchbeachresort.com-0092-2016Redesign;en-US;www.google.com;22725;1;0
Glencovemansion.com-0058-2015Redesign;en-US;www.google.com;13328;1;0
Broadmoor.com-0073-2016Redesign;en-US;www.google.com;16763;1;0
Halcyonhotelcherrycreek.com-0061-2015Redesign;en-US;www.myboringcloset.com;22121;1;0
Sandpearl.com-0091-2016Redesign;en-US;www.google.com;22481;1;0
Theharborsidehotel.com-0114-2017Redesign;en-US;r.search.yahoo.com;37571;1;0
Washingtondukeinn.com-0024-2014Redesign;en-US;www.jbdukehotel.com;4524;1;0
