Laxembassy.com-0008-2014Redesign;en-US;www.google.com.hk;2037;1;0
Cocokeyorlando.com-0059-2015Redesign;en-US;www.google.com;12394;1;0
Cocokeyorlando.com-0059-2015Redesign;en-US;www.google.com;12394;1;0
saddlebrook.com-0011-2014Redesign;en-US;sevendays.com.ua;3469;1;0
saddlebrook.com-0011-2014Redesign;en-US;sevendays.com.ua;3469;1;0
Hospitalityupgrade.com-0093-2016Redesign;en-US;www.bing.com;33544;1;0
Cphollywoodbeach.com-0032-2015Redesign;en-US;www.google.com;7831;1;0
Oxfordclubspa.com-0068-2016Redesign;en-US;www.theoxfordhotel.com;15568;1;0
Oxfordclubspa.com-0068-2016Redesign;en-US;www.theoxfordhotel.com;15568;1;0
Cphollywoodbeach.com-0032-2015Redesign;en-US;www.sunny.org;7831;1;0
Abbingtonbanquets.com-0070-2016Redesign;en-US;www.google.com;15789;1;0
Washingtoncourthotel.com-0076-2016Redesign;en-US;www.google.com;17858;1;0
Samosetresort.com-0113-2017Redesign;en-US;android-app:;32541;1;0
Cocokeyorlando.com-0059-2015Redesign;en-US;www.bing.com;12394;1;0
Broadmoor.com-0073-2016Redesign;en-US;www.google.com;16759;1;0
Cphollywoodbeach.com-0032-2015Redesign;en-US;www.sunny.org;7831;1;0
Monarchbeachresort.com-0092-2016Redesign;en-US;www.google.com;22725;1;0
Broadmoor.com-0073-2016Redesign;en-US;login.nomadix.com:1111;16724;1;0
Broadmoor.com-0073-2016Redesign;en-US;login.nomadix.com:1111;16724;1;0
Broadmoor.com-0073-2016Redesign;en-US;login.nomadix.com:1111;16724;1;0
Glencovemansion.com-0058-2015Redesign;en-US;www.bing.com;13328;1;0
Thecrawfordhotel.com-0074-2016Redesign;en-US;www.google.com;17667;1;0
saddlebrook.com-0011-2014Redesign;en-US;www.google.com;4538;1;0
Chrco.com-0107-2017Redesign;en-US;www.google.ru;29280;1;0
Chrco.com-0107-2017Redesign;en-US;subscriber.zoominfo.com;29280;1;0
Chrco.com-0107-2017Redesign;en-US;subscriber.zoominfo.com;29280;1;0
Broadmoor.com-0073-2016Redesign;en-US;www.google.com;16721;1;0
Chrco.com-0107-2017Redesign;en-US;subscriber.zoominfo.com;29280;1;0
Galthouse.com-0042-2015Redesign;en-US;www.google.com;31905;1;0
