Lidobeachresort.com-0106-2017Redesign;en-US;www.google.com;28666;1;0
Broadmoor.com-0073-2016Redesign;en-US;search.yahoo.com;16793;1;0
Lidobeachresort.com-0106-2017Redesign;en-US;www.google.com;28666;1;0
Broadmoor.com-0073-2016Redesign;en-US;search.xfinity.com;16721;1;0
Bluebirch.com-0072-2016Redesign;en-US;smsactivator.ru;16693;1;0
Lidobeachresort.com-0106-2017Redesign;en-US;search.aol.com;28666;1;0
Bluebirch.com-0072-2016Redesign;en-US;smsactivator.ru;16693;1;0
Bluebirch.com-0072-2016Redesign;en-US;smsactivator.ru;16693;1;0
Miravalspamonarchbeach.com-0109-2017Redesign;en-US;www.monarchbeachresort.com;32984;1;0
Broadmoor.com-0073-2016Redesign;en-US;r.search.yahoo.com;16721;1;0
Broadmoor.com-0073-2016Redesign;en-US;r.search.yahoo.com;16721;1;0
Monarchbeachresort.com-0092-2016Redesign;en-US;www.google.com;22725;1;0
Casaybelresort.com-0002-2014Redesign;en-US;www.google.com;1533;1;0
Galthouse.com-0042-2015Redesign;en-US;www.google.com;31905;1;0
Galthouse.com-0042-2015Redesign;en-US;www.google.com;31905;1;0
Broadmoor.com-0073-2016Redesign;en-US;www.google.com;16721;1;0
Cphollywoodbeach.com-0032-2015Redesign;en-US;www.google.com;7805;1;0
Broadmoor.com-0073-2016Redesign;en-US;www.bing.com;16721;1;0
Monarchbeachresort.com-0092-2016Redesign;en-US;www.google.com;22725;1;0
Napavalleymarriott.com-0071-2016Redesign;en-US;www.google.com;16432;1;0
Treasureislandbeachresort.com-0089-2016Redesign;en-US;www.google.com;22169;1;0
Treasureislandbeachresort.com-0089-2016Redesign;en-US;www.google.com;22169;1;0
Opalsands.com-0084-2016Redesign;en-US;www.google.com;40846;1;0
Thelodgeatwoodloch.com-0033-2015Redesign;en-US;www.google.com;7764;1;0
Cphollywoodbeach.com-0032-2015Redesign;en-US;www.sunny.org;7831;1;0
Zotabeachresort.com-0090-2016Redesign;en-US;www.bing.com;22369;1;0
Edgewaternaples.com-0094-2016Redesign;en-US;www.google.de;25239;1;0
Edgewaternaples.com-0094-2016Redesign;en-US;www.google.de;25239;1;0
Jupiterbeachresort.com-0103-2017Redesign;en-US;www.google.com;28158;1;0
Theloganhotel.com-0043-2015Redesign;en-US;www.google.com;15962;1;0
Longboatkeyclub.com-0104-2017Redesign;en-US;r.search.yahoo.com;28316;1;0
Thesagamore.com-0112-2017Redesign;en-US;www.google.com;32339;1;0
Thesagamore.com-0112-2017Redesign;en-US;www.google.com;32339;1;0
Galthouse.com-0042-2015Redesign;en-US;www.google.com;31905;1;0
Cphollywoodbeach.com-0032-2015Redesign;en-US;www.google.com;7831;1;0
Casaybelresort.com-0002-2014Redesign;en-US;www.google.com;1533;1;0
Broadmoor.com-0073-2016Redesign;en-US;login.nomadix.com:1111;16724;1;0
Broadmoor.com-0073-2016Redesign;en-US;login.nomadix.com:1111;16724;1;0
Opalsands.com-0084-2016Redesign;en-US;www.google.com;20171;1;0
Miravalspamonarchbeach.com-0109-2017Redesign;en-US;www.monarchbeachresort.com;31709;1;0
Lakeplacidlodge.com-0105-2017Redesign;en-US;www.google.com;28545;1;0
Residenceinnnyc.com-0034-2015Redesign;en-US;www.google.com;7926;1;0
Glencovemansion.com-0058-2015Redesign;en-US;www.google.com;13340;1;0
