Cphollywoodbeach.com-0032-2015Redesign;en-US;www.beachcamsusa.com;7831;1;0
Napavalleymarriott.com-0071-2016Redesign;en-US;www.google.com;16432;1;0
Sandpearl.com-0091-2016Redesign;en-US;www.google.com;22488;1;0
Galthouse.com-0042-2015Redesign;en-US;search.yahoo.com;31905;1;0
Marriottkeylargo.com-0015-2014Redesign;en-US;www.fla-keys.com;3948;1;0
Thecurtis.com-0079-2016Redesign;en-US;www.google.com;17981;1;0
theweststreethotel.com-0115-2017Redesign;en-US;www.google.com;37654;1;0
Miravalspamonarchbeach.com-0109-2017Redesign;en-US;www.google.com;31709;1;0
theweststreethotel.com-0115-2017Redesign;en-US;android-app:;37486;1;0
Cphollywoodbeach.com-0032-2015Redesign;en-US;www.beachcamsusa.com;7831;1;0
saddlebrook.com-0011-2014Redesign;en-US;www.google.ca;3385;1;0
Cphollywoodbeach.com-0032-2015Redesign;en-US;www.google.com;7831;1;0
Cphollywoodbeach.com-0032-2015Redesign;en-US;www.sunny.org;7831;1;0
Cocokeyorlando.com-0059-2015Redesign;en-US;www.google.com;12394;1;0
Broadmoor.com-0073-2016Redesign;en-US;mg.mail.yahoo.com;16721;1;0
Casaybelresort.com-0002-2014Redesign;en-US;www.google.com;1613;1;0
saddlebrook.com-0011-2014Redesign;en-US;www.google.com;3385;1;0
Unionstationhotelnashville.com-0047-2015Redesign;en-US;www.google.com;32226;1;0
Theloganhotel.com-0043-2015Redesign;en-US;m.facebook.com;20218;1;0
Thesagamore.com-0112-2017Redesign;en-US;www.google.com;32339;1;0
Cphollywoodbeach.com-0032-2015Redesign;en-US;www.sunny.org;7831;1;0
Cphollywoodbeach.com-0032-2015Redesign;en-US;www.sunny.org;7831;1;0
Marriottkeylargo.com-0015-2014Redesign;en-US;surfinggator.com;3948;1;0
Opalsands.com-0084-2016Redesign;en-US;www.google.com;20171;1;0
theweststreethotel.com-0115-2017Redesign;en-US;www.google.com;37653;1;0
Zotabeachresort.com-0090-2016Redesign;en-US;www.google.com;22357;1;0
Zotabeachresort.com-0090-2016Redesign;en-US;www.google.com;22357;1;0
Cphollywoodbeach.com-0032-2015Redesign;en-US;www.google.com;7831;1;0
Cphollywoodbeach.com-0032-2015Redesign;en-US;www.google.ca;7831;1;0
Marriottkeylargo.com-0015-2014Redesign;en-US;twooceansdigital.com;3948;1;0
Marriottkeylargo.com-0015-2014Redesign;en-US;twooceansdigital.com;3964;1;0
Broadmoor.com-0073-2016Redesign;en-US;login.nomadix.com:1111;16724;1;0
Broadmoor.com-0073-2016Redesign;en-US;login.nomadix.com:1111;16724;1;0
Broadmoor.com-0073-2016Redesign;en-US;www.google.com;36486;1;0
Cphollywoodbeach.com-0032-2015Redesign;en-US;www.google.com;7831;1;0
Cphollywoodbeach.com-0032-2015Redesign;en-US;www.sunny.org;7831;1;0
Cphollywoodbeach.com-0032-2015Redesign;en-US;www.sunny.org;7831;1;0
Cphollywoodbeach.com-0032-2015Redesign;en-US;www.sunny.org;7831;1;0
Cphollywoodbeach.com-0032-2015Redesign;en-US;www.google.com;7831;1;0
Cphollywoodbeach.com-0032-2015Redesign;en-US;www.sunny.org;7831;1;0
Lehotels.com-0049-2015Transfer;en-US;krasivoe-hd.net;13253;1;0
Lehotels.com-0049-2015Transfer;en-US;krasivoe-hd.net;13253;1;0
Broadmoor.com-0073-2016Redesign;en-US;www.google.com;18259;1;0
Cphollywoodbeach.com-0032-2015Redesign;en-US;www.sunny.org;7831;1;0
Cphollywoodbeach.com-0032-2015Redesign;en-US;www.google.ca;7831;1;0
Lehotels.com-0049-2015Transfer;en-US;krasivoe-hd.net;13253;1;0
Broadmoor.com-0073-2016Redesign;en-US;login.nomadix.com:1111;16724;1;0
Broadmoor.com-0073-2016Redesign;en-US;login.nomadix.com:1111;16724;1;0
