Broadmoor.com-0073-2016Redesign;en-US;17446;16728;1;0
Cphollywoodbeach.com-0032-2015Redesign;en-US;7812;7862;1;0
Galthouse.com-0042-2015Redesign;en-US;10564;10579;1;0
Sandpearl.com-0091-2016Redesign;en-US;0;22481;1;0
Montaukyachtclub.com-0010-2014Redesign;en-US;2455;3554;1;0
Thesagamore.com-0112-2017Redesign;en-US;33448;33467;1;0
Broadmoor.com-0073-2016Redesign;en-US;16797;17269;1;0
Secretharbourvi.com-0040-2015Redesign;en-US;9231;20178;1;0
Samosetresort.com-0113-2017Redesign;en-US;35151;32579;1;0
Broadmoor.com-0073-2016Redesign;en-US;18259;17269;1;0
Edgewaternaples.com-0094-2016Redesign;en-US;0;25287;1;0
Broadmoor.com-0073-2016Redesign;en-US;16728;18013;1;0
Zotabeachresort.com-0090-2016Redesign;en-US;22357;23062;1;0
Galthouse.com-0042-2015Redesign;en-US;10609;10564;1;0
Theloganhotel.com-0043-2015Redesign;en-US;0;20218;1;0
Thesagamore.com-0112-2017Redesign;en-US;32387;41020;1;0
Theharborsidehotel.com-0114-2017Redesign;en-US;37571;37989;1;0
Jbdukehotel.com-0086-2016Redesign;en-US;21918;21956;1;0
Opalsands.com-0084-2016Redesign;en-US;23635;20798;1;0
Broadmoor.com-0073-2016Redesign;en-US;16721;16722;1;0
Theoxfordhotel.com-0062-2015Redesign;en-US;0;14325;1;0
Broadmoor.com-0073-2016Redesign;en-US;17269;17335;1;0
Renaissancepittsburghpa.com-0044-2015Redesign;en-US;9637;9691;1;0
Sandylane.com-0075-2016Redesign;en-US;17677;17679;1;0
Galthouse.com-0042-2015Redesign;en-US;10564;31905;1;0
Thesagamore.com-0112-2017Redesign;en-US;33470;33473;1;0
Theharborsidehotel.com-0114-2017Redesign;en-US;37571;41599;1;0
Opalsands.com-0084-2016Redesign;en-US;20798;23636;1;0
Broadmoor.com-0073-2016Redesign;en-US;18014;32319;1;0
Theoxfordhotel.com-0062-2015Redesign;en-US;14325;14330;1;0
Unionstationhotelnashville.com-0047-2015Redesign;en-US;32226;10744;1;0
Broadmoor.com-0073-2016Redesign;en-US;16721;16738;1;0
Delraysandsresort.com-0097-2016Redesign;en-US;0;27239;1;0
Broadmoor.com-0073-2016Redesign;en-US;16777;20418;1;0
Broadmoor.com-0073-2016Redesign;en-US;17269;17337;1;0
Samosetresort.com-0113-2017Redesign;en-US;0;32541;1;0
Washingtondukeinn.com-0024-2014Redesign;en-US;4998;4997;1;0
Samosetresort.com-0113-2017Redesign;en-US;32549;32578;1;0
Cocokeyorlando.com-0059-2015Redesign;en-US;0;12394;1;0
Broadmoor.com-0073-2016Redesign;en-US;18010;18156;1;0
Theoxfordhotel.com-0062-2015Redesign;en-US;14330;14325;1;0
Broadmoor.com-0073-2016Redesign;en-US;0;16724;1;0
Washingtondukeinn.com-0024-2014Redesign;en-US;4997;5097;1;0
Zotabeachresort.com-0090-2016Redesign;en-US;23062;23078;1;0
Montaukyachtclub.com-0010-2014Redesign;en-US;3554;2280;1;0
Cocokeyorlando.com-0059-2015Redesign;en-US;12396;12404;1;0
Broadmoor.com-0073-2016Redesign;en-US;16722;17449;1;0
Luxehotels.com-0078-2016Redesign;en-US;0;19335;1;0
Broadmoor.com-0073-2016Redesign;en-US;0;16728;1;0
Theharborsidehotel.com-0114-2017Redesign;en-US;37610;37981;1;0
Galthouse.com-0042-2015Redesign;en-US;10579;10563;1;0
Casaybelresort.com-0002-2014Redesign;en-US;1570;1739;1;0
Secretharbourvi.com-0040-2015Redesign;en-US;9231;20178;1;0
Broadmoor.com-0073-2016Redesign;en-US;18010;17026;1;0
Broadmoor.com-0073-2016Redesign;en-US;17337;17269;1;0
Sandylane.com-0075-2016Redesign;en-US;17679;17675;1;0
Opalsands.com-0084-2016Redesign;en-US;20975;21219;1;0
Thesagamore.com-0112-2017Redesign;en-US;32339;32346;1;0
Thecrawfordhotel.com-0074-2016Redesign;en-US;17145;17158;1;0
Broadmoor.com-0073-2016Redesign;en-US;18014;32321;1;0
Broadmoor.com-0073-2016Redesign;en-US;17269;16721;1;0
Luxehotels.com-0078-2016Redesign;en-US;0;19323;1;0
Washingtondukeinn.com-0024-2014Redesign;en-US;5097;4997;1;0
Theharborsidehotel.com-0114-2017Redesign;en-US;37571;37606;1;0
saddlebrook.com-0011-2014Redesign;en-US;3385;4565;1;0
