theweststreethotel.com-0115-2017Redesign;en-US;www.google.com;36683;1;0
Opalsands.com-0084-2016Redesign;en-US;www.google.com;20171;1;0
Broadmoor.com-0073-2016Redesign;en-US;www.visitcos.com;18259;1;0
theweststreethotel.com-0115-2017Redesign;en-US;www.google.com;36683;1;0
Broadmoor.com-0073-2016Redesign;en-US;www.google.com;18259;1;0
wentworthcom00212014redesign;en-US;www.google.com;4250;1;0
Opalsands.com-0084-2016Redesign;en-US;www.google.com;20171;1;0
Broadmoor.com-0073-2016Redesign;en-US;tpc.googlesyndication.com;16728;1;0
Laxembassy.com-0008-2014Redesign;en-US;www.google.com;2090;1;0
Marriottkeylargo.com-0015-2014Redesign;en-US;www.fla-keys.com;3948;1;0
Thecrawfordhotel.com-0074-2016Redesign;en-US;www.google.com;17145;1;0
Washingtondukeinn.com-0024-2014Redesign;en-US;www.google.com;4740;1;0
Broadmoor.com-0073-2016Redesign;en-US;www.google.rs;16721;1;0
Broadmoor.com-0073-2016Redesign;en-US;www.bing.com;17443;1;0
Glencovemansion.com-0058-2015Redesign;en-US;www.google.com;13328;1;0
saddlebrook.com-0011-2014Redesign;en-US;www.google.com;3385;1;0
Broadmoor.com-0073-2016Redesign;en-US;www.google.com;16721;1;0
Monarchbeachresort.com-0092-2016Redesign;en-US;www.google.com;22725;1;0
Broadmoor.com-0073-2016Redesign;en-US;www.google.com;16721;1;0
Cphollywoodbeach.com-0032-2015Redesign;en-US;www.google.com.ar;7805;1;0
Lehotels.com-0049-2015Transfer;en-US;www.bing.com;12108;1;0
Zotabeachresort.com-0090-2016Redesign;en-US;paetampabay.eventsair.com;22357;1;0
Cocokeyorlando.com-0059-2015Redesign;en-US;m.facebook.com;12407;1;0
Theoxfordhotel.com-0062-2015Redesign;en-US;www.google.com;14325;1;0
Thelodgeatwoodloch.com-0033-2015Redesign;en-US;www--thelodgeatwoodloch--com.rztrkr.com;7783;1;0
Broadmoor.com-0073-2016Redesign;en-US;www.google.com;17957;1;0
Lakeplacidlodge.com-0105-2017Redesign;en-US;www.google.com;32794;1;0
Unionstationhotelnashville.com-0047-2015Redesign;en-US;www.google.com;32226;1;0
Casaybelresort.com-0002-2014Redesign;en-US;l.facebook.com;1639;1;0
Monarchbeachresort.com-0092-2016Redesign;en-US;m.facebook.com;36747;1;0
Theoxfordhotel.com-0062-2015Redesign;en-US;den-80202-5400.localdomain:444;14325;1;0
Lakeplacidlodge.com-0105-2017Redesign;en-US;www.google.com;32794;1;0
Thecurtis.com-0079-2016Redesign;en-US;www.google.com;17981;1;0
Marriottkeylargo.com-0015-2014Redesign;en-US;www.fla-keys.com;3948;1;0
Theharborsidehotel.com-0114-2017Redesign;en-US;www.visitmaine.net;37571;1;0
Theharborsidehotel.com-0114-2017Redesign;en-US;www.visitmaine.net;37571;1;0
Thesagamore.com-0112-2017Redesign;en-US;www.google.com;32339;1;0
Thesagamore.com-0112-2017Redesign;en-US;www.google.com;32339;1;0
Opalsands.com-0084-2016Redesign;en-US;www.beachtourism.com;20171;1;0
Unionstationhotelnashville.com-0047-2015Redesign;en-US;www.google.com;32226;1;0
Sandpearl.com-0091-2016Redesign;en-US;www.google.com;22537;1;0
Samosetresort.com-0113-2017Redesign;en-US;esurvey.templates.cendyn.com;32541;1;0
Monarchbeachresort.com-0092-2016Redesign;en-US;www.google.com;22973;1;0
Unionstationhotelnashville.com-0047-2015Redesign;en-US;www.google.com;32226;1;0
