Broadmoor.com-0073-2016Redesign;en-US;www.google.com;18259;1;0
Broadmoor.com-0073-2016Redesign;en-US;barbecuebible.com;17465;1;0
Montaukyachtclub.com-0010-2014Redesign;en-US;m.facebook.com;2240;1;0
Thesagamore.com-0112-2017Redesign;en-US;www.google.com;32339;1;0
Thesagamore.com-0112-2017Redesign;en-US;www.google.com;32339;1;0
saddlebrook.com-0011-2014Redesign;en-US;search.yahoo.com;3476;1;0
Galthouse.com-0042-2015Redesign;en-US;www.google.com;31905;1;0
Galthouse.com-0042-2015Redesign;en-US;www.google.com;31905;1;0
Thelodgeatwoodloch.com-0033-2015Redesign;en-US;www.google.com;7764;1;0
Thelodgeatwoodloch.com-0033-2015Redesign;en-US;www.poconomountains.com;8303;1;0
Jbdukehotel.com-0086-2016Redesign;en-US;www.google.com;21918;1;0
Galthouse.com-0042-2015Redesign;en-US;m.facebook.com;31905;1;0
Secretharbourvi.com-0040-2015Redesign;en-US;www.google.ca;9249;1;0
Broadmoor.com-0073-2016Redesign;en-US;www.google.com;17699;1;0
Thelodgeatwoodloch.com-0033-2015Redesign;en-US;dengi-v-kredit.in.ua;7764;1;0
Thelodgeatwoodloch.com-0033-2015Redesign;en-US;pipslee.com;7764;1;0
Thelodgeatwoodloch.com-0033-2015Redesign;en-US;artgrand.com.ua;7764;1;0
Thelodgeatwoodloch.com-0033-2015Redesign;en-US;4seasons.kz;7764;1;0
Thelodgeatwoodloch.com-0033-2015Redesign;en-US;www.tvoysad.ru;7764;1;0
Monarchbeachresort.com-0092-2016Redesign;en-US;www.google.com;22725;1;0
saddlebrook.com-0011-2014Redesign;en-US;search.yahoo.com;3476;1;0
Broadmoor.com-0073-2016Redesign;en-US;login.nomadix.com:1111;16724;1;0
Broadmoor.com-0073-2016Redesign;en-US;login.nomadix.com:1111;16724;1;0
Theoxfordhotel.com-0062-2015Redesign;en-US;dengi-v-kredit.in.ua;14325;1;0
Secretharbourvi.com-0040-2015Redesign;en-US;www.google.com;9231;1;0
Theoxfordhotel.com-0062-2015Redesign;en-US;4seasons.kz;14325;1;0
Theoxfordhotel.com-0062-2015Redesign;en-US;pipslee.com;14325;1;0
Theoxfordhotel.com-0062-2015Redesign;en-US;artgrand.com.ua;14325;1;0
Theoxfordhotel.com-0062-2015Redesign;en-US;www.tvoysad.ru;14325;1;0
saddlebrook.com-0011-2014Redesign;en-US;search.yahoo.com;3475;1;0
Broadmoor.com-0073-2016Redesign;en-US;login.nomadix.com:1111;16724;1;0
Broadmoor.com-0073-2016Redesign;en-US;login.nomadix.com:1111;16724;1;0
