Montaukyachtclub.com-0010-2014Redesign;en-US;2280;2436;1;0
Cocokeyorlando.com-0059-2015Redesign;en-US;0;12394;1;0
Montaukyachtclub.com-0010-2014Redesign;en-US;2436;38585;1;0
Thesagamore.com-0112-2017Redesign;en-US;33475;33476;1;0
Broadmoor.com-0073-2016Redesign;en-US;18259;16722;1;0
Samosetresort.com-0113-2017Redesign;en-US;0;35284;1;0
Lidobeachresort.com-0106-2017Redesign;en-US;28673;28714;1;0
theweststreethotel.com-0115-2017Redesign;en-US;36683;36700;1;0
Monarchbeachresort.com-0092-2016Redesign;en-US;22847;23038;1;0
Broadmoor.com-0073-2016Redesign;en-US;21233;16761;1;0
Broadmoor.com-0073-2016Redesign;en-US;16721;16759;1;0
Broadmoor.com-0073-2016Redesign;en-US;36486;17269;1;0
Broadmoor.com-0073-2016Redesign;en-US;16778;18170;1;0
Thesagamore.com-0112-2017Redesign;en-US;32339;33922;1;0
Broadmoor.com-0073-2016Redesign;en-US;16722;17446;1;0
saddlebrook.com-0011-2014Redesign;en-US;3452;3515;1;0
Miravalspamonarchbeach.com-0109-2017Redesign;en-US;0;32256;1;0
Broadmoor.com-0073-2016Redesign;en-US;16782;16760;1;0
Thesagamore.com-0112-2017Redesign;en-US;32339;32346;1;0
Sandylane.com-0075-2016Redesign;en-US;17739;19752;1;0
Hospitalityupgrade.com-0093-2016Redesign;en-US;0;22790;1;0
Hospitalityupgrade.com-0093-2016Redesign;en-US;0;22790;1;0
Broadmoor.com-0073-2016Redesign;en-US;16778;18170;1;0
Hospitalityupgrade.com-0093-2016Redesign;en-US;0;22790;1;0
Longboatkeyclub.com-0104-2017Redesign;en-US;28316;28380;1;0
Hospitalityupgrade.com-0093-2016Redesign;en-US;0;22790;1;0
Broadmoor.com-0073-2016Redesign;en-US;21232;18782;1;0
Hospitalityupgrade.com-0093-2016Redesign;en-US;0;22790;1;0
Sandylane.com-0075-2016Redesign;en-US;17734;17684;1;0
theweststreethotel.com-0115-2017Redesign;en-US;36700;36683;1;0
Hospitalityupgrade.com-0093-2016Redesign;en-US;0;22790;1;0
Sandylane.com-0075-2016Redesign;en-US;17684;17611;1;0
Samosetresort.com-0113-2017Redesign;en-US;0;32541;1;0
Galthouse.com-0042-2015Redesign;en-US;31905;10568;1;0
Hospitalityupgrade.com-0093-2016Redesign;en-US;0;22790;1;0
Luxehotels.com-0078-2016Redesign;en-US;18833;25442;1;0
Broadmoor.com-0073-2016Redesign;en-US;17269;18010;1;0
Broadmoor.com-0073-2016Redesign;en-US;16721;17269;1;0
Thesagamore.com-0112-2017Redesign;en-US;0;32347;1;0
Broadmoor.com-0073-2016Redesign;en-US;16778;18169;1;0
Napavalleymarriott.com-0071-2016Redesign;en-US;16453;16432;1;0
saddlebrook.com-0011-2014Redesign;en-US;3515;3465;1;0
Longboatkeyclub.com-0104-2017Redesign;en-US;28316;35641;1;0
Broadmoor.com-0073-2016Redesign;en-US;17446;23316;1;0
Broadmoor.com-0073-2016Redesign;en-US;16759;16758;1;0
Theoxfordhotel.com-0062-2015Redesign;en-US;14346;14325;1;0
Broadmoor.com-0073-2016Redesign;en-US;16721;16799;1;0
Thelodgeatwoodloch.com-0033-2015Redesign;en-US;7783;8254;1;0
Thesagamore.com-0112-2017Redesign;en-US;33476;33477;1;0
Broadmoor.com-0073-2016Redesign;en-US;17269;17333;1;0
Broadmoor.com-0073-2016Redesign;en-US;18010;36006;1;0
Renaissancepittsburghpa.com-0044-2015Redesign;en-US;0;9637;1;0
Thesagamore.com-0112-2017Redesign;en-US;32339;32340;1;0
Monarchbeachresort.com-0092-2016Redesign;en-US;22725;26800;1;0
Thecurtis.com-0079-2016Redesign;en-US;0;17981;1;0
Broadmoor.com-0073-2016Redesign;en-US;16757;20436;1;0
saddlebrook.com-0011-2014Redesign;en-US;3465;3515;1;0
Broadmoor.com-0073-2016Redesign;en-US;18782;21236;1;0
Broadmoor.com-0073-2016Redesign;en-US;0;23743;1;0
Lakeplacidlodge.com-0105-2017Redesign;en-US;28545;33044;1;0
Longboatkeyclub.com-0104-2017Redesign;en-US;28380;28365;1;0
Broadmoor.com-0073-2016Redesign;en-US;16760;16790;1;0
saddlebrook.com-0011-2014Redesign;en-US;3515;3385;1;0
