Casaybelresort.com-0002-2014Redesign;en-US;1603;1613;1;0
Thecrawfordhotel.com-0074-2016Redesign;en-US;17145;17667;1;0
Thesagamore.com-0112-2017Redesign;en-US;32389;33569;1;0
theweststreethotel.com-0115-2017Redesign;en-US;36726;37425;1;0
Lakeplacidlodge.com-0105-2017Redesign;en-US;32839;32841;1;0
Broadmoor.com-0073-2016Redesign;en-US;22159;16751;1;0
Cocokeyorlando.com-0059-2015Redesign;en-US;0;12394;1;0
Samosetresort.com-0113-2017Redesign;en-US;0;32541;1;0
Casaybelresort.com-0002-2014Redesign;en-US;1604;1613;1;0
Theoxfordhotel.com-0062-2015Redesign;en-US;0;14325;1;0
Broadmoor.com-0073-2016Redesign;en-US;18013;16728;1;0
Monarchbeachresort.com-0092-2016Redesign;en-US;22725;26788;1;0
Broadmoor.com-0073-2016Redesign;en-US;16728;17339;1;0
Broadmoor.com-0073-2016Redesign;en-US;21232;16790;1;0
Broadmoor.com-0073-2016Redesign;en-US;17339;17269;1;0
theweststreethotel.com-0115-2017Redesign;en-US;37425;36692;1;0
Edgewaternaples.com-0094-2016Redesign;en-US;25284;25246;1;0
Thesagamore.com-0112-2017Redesign;en-US;32339;33478;1;0
Sandpearl.com-0091-2016Redesign;en-US;22497;23074;1;0
Longboatkeyclub.com-0104-2017Redesign;en-US;28316;35641;1;0
Galthouse.com-0042-2015Redesign;en-US;31905;10566;1;0
Galthouse.com-0042-2015Redesign;en-US;31905;10923;1;0
Broadmoor.com-0073-2016Redesign;en-US;16751;20436;1;0
Edgewaternaples.com-0094-2016Redesign;en-US;25246;25292;1;0
Thesagamore.com-0112-2017Redesign;en-US;33366;33467;1;0
Glencovemansion.com-0058-2015Redesign;en-US;13328;13343;1;0
Casaybelresort.com-0002-2014Redesign;en-US;0;1613;1;0
Thesagamore.com-0112-2017Redesign;en-US;33569;32346;1;0
Edgewaternaples.com-0094-2016Redesign;en-US;25246;25292;1;0
Broadmoor.com-0073-2016Redesign;en-US;16722;16756;1;0
Broadmoor.com-0073-2016Redesign;en-US;16721;16755;1;0
Thelodgeatwoodloch.com-0033-2015Redesign;en-US;7764;8277;1;0
saddlebrook.com-0011-2014Redesign;en-US;3458;4538;1;0
Theloganhotel.com-0043-2015Redesign;en-US;0;15962;1;0
Thesagamore.com-0112-2017Redesign;en-US;0;33366;1;0
Samosetresort.com-0113-2017Redesign;en-US;32541;35286;1;0
Lakeplacidlodge.com-0105-2017Redesign;en-US;32841;32773;1;0
Broadmoor.com-0073-2016Redesign;en-US;16721;21231;1;0
Cphollywoodbeach.com-0032-2015Redesign;en-US;7831;7829;1;0
Washingtondukeinn.com-0024-2014Redesign;en-US;4759;5165;1;0
Edgewaternaples.com-0094-2016Redesign;en-US;25292;25246;1;0
Thesagamore.com-0112-2017Redesign;en-US;32346;32389;1;0
Thecurtis.com-0079-2016Redesign;en-US;17981;25504;1;0
Cphollywoodbeach.com-0032-2015Redesign;en-US;7849;7831;1;0
Broadmoor.com-0073-2016Redesign;en-US;16724;16756;1;0
Thecurtis.com-0079-2016Redesign;en-US;0;17981;1;0
Edgewaternaples.com-0094-2016Redesign;en-US;25246;25255;1;0
Cphollywoodbeach.com-0032-2015Redesign;en-US;7831;7850;1;0
Thelodgeatwoodloch.com-0033-2015Redesign;en-US;8277;7781;1;0
Lakeplacidlodge.com-0105-2017Redesign;en-US;32773;32799;1;0
Broadmoor.com-0073-2016Redesign;en-US;21231;16721;1;0
Halcyonhotelcherrycreek.com-0061-2015Redesign;en-US;22121;41138;1;0
Cocokeyorlando.com-0059-2015Redesign;en-US;0;12394;1;0
saddlebrook.com-0011-2014Redesign;en-US;4538;3453;1;0
Glencovemansion.com-0058-2015Redesign;en-US;13328;13343;1;0
Saddlebrookprep.com-0022-2014Transfer;en-US;5910;5372;1;0
Washingtondukeinn.com-0024-2014Redesign;en-US;5165;4759;1;0
Thecurtis.com-0079-2016Redesign;en-US;25504;18823;1;0
Miravalspamonarchbeach.com-0109-2017Redesign;en-US;0;31709;1;0
Edgewaternaples.com-0094-2016Redesign;en-US;25246;25287;1;0
Washingtondukeinn.com-0024-2014Redesign;en-US;4759;4742;1;0
Cocokeyorlando.com-0059-2015Redesign;en-US;12394;12488;1;0
Broadmoor.com-0073-2016Redesign;en-US;16721;16761;1;0
Theloganhotel.com-0043-2015Redesign;en-US;20218;27557;1;0
Sandylane.com-0075-2016Redesign;en-US;17739;17630;1;0
Broadmoor.com-0073-2016Redesign;en-US;16755;16728;1;0
Thesagamore.com-0112-2017Redesign;en-US;33922;33921;1;0
Broadmoor.com-0073-2016Redesign;en-US;16756;17269;1;0
Thelodgeatwoodloch.com-0033-2015Redesign;en-US;9922;7771;1;0
Thelodgeatwoodloch.com-0033-2015Redesign;en-US;7764;7771;1;0
Broadmoor.com-0073-2016Redesign;en-US;16790;16756;1;0
Broadmoor.com-0073-2016Redesign;en-US;16721;21231;1;0
wentworthcom00212014redesign;en-US;4259;26679;1;0
wentworthcom00212014redesign;en-US;26679;4259;1;0
Broadmoor.com-0073-2016Redesign;en-US;20436;16760;1;0
Lakeplacidlodge.com-0105-2017Redesign;en-US;28545;28552;1;0
Broadmoor.com-0073-2016Redesign;en-US;16721;16790;1;0
