Thecurtis.com-0079-2016Redesign;en-US;0;17981;1;0
Sandpearl.com-0091-2016Redesign;en-US;23075;23074;1;0
Napavalleymarriott.com-0071-2016Redesign;en-US;16446;18279;1;0
Monarchbeachresort.com-0092-2016Redesign;en-US;22725;22877;1;0
Montaukyachtclub.com-0010-2014Redesign;en-US;2280;2436;1;0
wentworthcom00212014redesign;en-US;26679;4253;1;0
Cphollywoodbeach.com-0032-2015Redesign;en-US;0;7831;1;0
Casaybelresort.com-0002-2014Redesign;en-US;1603;1613;1;0
theweststreethotel.com-0115-2017Redesign;en-US;36683;37425;1;0
Samosetresort.com-0113-2017Redesign;en-US;32541;35318;1;0
Theoxfordhotel.com-0062-2015Redesign;en-US;14325;14430;1;0
Opalsands.com-0084-2016Redesign;en-US;20564;21218;1;0
Miravalspamonarchbeach.com-0109-2017Redesign;en-US;34211;33978;1;0
Theoxfordhotel.com-0062-2015Redesign;en-US;14430;14325;1;0
Denvercy.com-0036-2015Redesign;en-US;8150;8642;1;0
Theoxfordhotel.com-0062-2015Redesign;en-US;14325;14330;1;0
Thesagamore.com-0112-2017Redesign;en-US;0;33924;1;0
Thesagamore.com-0112-2017Redesign;en-US;0;33455;1;0
Cocokeyorlando.com-0059-2015Redesign;en-US;0;12394;1;0
Broadmoor.com-0073-2016Redesign;en-US;18259;16753;1;0
theweststreethotel.com-0115-2017Redesign;en-US;37425;37426;1;0
Monarchbeachresort.com-0092-2016Redesign;en-US;22725;26800;1;0
Samosetresort.com-0113-2017Redesign;en-US;35318;32541;1;0
Thesagamore.com-0112-2017Redesign;en-US;33922;33925;1;0
Thecurtis.com-0079-2016Redesign;en-US;17981;18823;1;0
Longboatkeyclub.com-0104-2017Redesign;en-US;28385;29844;1;0
Miravalspamonarchbeach.com-0109-2017Redesign;en-US;33978;34213;1;0
wentworthcom00212014redesign;en-US;4253;4251;1;0
Jupiterbeachresort.com-0103-2017Redesign;en-US;28165;28208;1;0
Galthouse.com-0042-2015Redesign;en-US;10055;25671;1;0
Napavalleymarriott.com-0071-2016Redesign;en-US;18279;18280;1;0
Renaissancepittsburghpa.com-0044-2015Redesign;en-US;0;9637;1;0
Sandpearl.com-0091-2016Redesign;en-US;22481;22493;1;0
Opalsands.com-0084-2016Redesign;en-US;21218;23635;1;0
Halcyonhotelcherrycreek.com-0061-2015Redesign;en-US;23287;41464;1;0
Monarchbeachresort.com-0092-2016Redesign;en-US;22725;22877;1;0
Theoxfordhotel.com-0062-2015Redesign;en-US;0;14325;1;0
Casaybelresort.com-0002-2014Redesign;en-US;1613;1596;1;0
Monarchbeachresort.com-0092-2016Redesign;en-US;22725;26800;1;0
Thesagamore.com-0112-2017Redesign;en-US;33470;32347;1;0
Denvercy.com-0036-2015Redesign;en-US;8642;8699;1;0
Galthouse.com-0042-2015Redesign;en-US;31905;10570;1;0
Broadmoor.com-0073-2016Redesign;en-US;16758;16721;1;0
Opalsands.com-0084-2016Redesign;en-US;23635;20559;1;0
Broadmoor.com-0073-2016Redesign;en-US;16721;16755;1;0
Napavalleymarriott.com-0071-2016Redesign;en-US;18280;16440;1;0
Thelodgeatwoodloch.com-0033-2015Redesign;en-US;9849;9848;1;0
Thelodgeatwoodloch.com-0033-2015Redesign;en-US;7764;7771;1;0
Sandpearl.com-0091-2016Redesign;en-US;22493;23075;1;0
Theoxfordhotel.com-0062-2015Redesign;en-US;14346;14332;1;0
Thecurtis.com-0079-2016Redesign;en-US;0;17981;1;0
Broadmoor.com-0073-2016Redesign;en-US;16721;17269;1;0
Halcyonhotelcherrycreek.com-0061-2015Redesign;en-US;23287;41138;1;0
Thesagamore.com-0112-2017Redesign;en-US;32347;32351;1;0
Samosetresort.com-0113-2017Redesign;en-US;0;32541;1;0
Broadmoor.com-0073-2016Redesign;en-US;16721;16755;1;0
Montaukyachtclub.com-0010-2014Redesign;en-US;2436;2280;1;0
Broadmoor.com-0073-2016Redesign;en-US;18259;23743;1;0
Galthouse.com-0042-2015Redesign;en-US;10570;10609;1;0
Theoxfordhotel.com-0062-2015Redesign;en-US;14332;14346;1;0
Sandpearl.com-0091-2016Redesign;en-US;23075;23074;1;0
Broadmoor.com-0073-2016Redesign;en-US;17269;17338;1;0
Cphollywoodbeach.com-0032-2015Redesign;en-US;7805;7831;1;0
Broadmoor.com-0073-2016Redesign;en-US;17338;17269;1;0
Thesagamore.com-0112-2017Redesign;en-US;33582;33535;1;0
