Glencovemansion.com-0058-2015Redesign;en-US;www.google.com;13328;1;0
Meateatery.com-0080-2016Redesign;en-US;thecinema.info;18505;1;0
Meateatery.com-0080-2016Redesign;en-US;thecinema.info;18505;1;0
Meateatery.com-0080-2016Redesign;en-US;thecinema.info;18505;1;0
Meateatery.com-0080-2016Redesign;en-US;cinema123.info;18505;1;0
Meateatery.com-0080-2016Redesign;en-US;cinema123.info;18505;1;0
Meateatery.com-0080-2016Redesign;en-US;cinema123.info;18505;1;0
Thesagamore.com-0112-2017Redesign;en-US;r.search.yahoo.com;32339;1;0
Broadmoor.com-0073-2016Redesign;en-US;www.google.com;18259;1;0
Opalsands.com-0084-2016Redesign;en-US;www.beachtourism.com;20171;1;0
Broadmoor.com-0073-2016Redesign;en-US;www.google.co.uk;16721;1;0
Samosetresort.com-0113-2017Redesign;en-US;www.google.com;32541;1;0
Broadmoor.com-0073-2016Redesign;en-US;www.google.co.uk;16721;1;0
Thesagamore.com-0112-2017Redesign;en-US;www.google.com;32339;1;0
Jupiterbeachresort.com-0103-2017Redesign;en-US;www.google.com;28158;1;0
Broadmoor.com-0073-2016Redesign;en-US;www.google.com;18259;1;0
Marriottkeylargo.com-0015-2014Redesign;en-US;www.bing.com;3948;1;0
Cocokeyorlando.com-0059-2015Redesign;en-US;www.bing.com;12394;1;0
Glencovemansion.com-0058-2015Redesign;en-US;www.google.com;13328;1;0
Thecurtis.com-0079-2016Redesign;en-US;www.google.com;17981;1;0
Zotabeachresort.com-0090-2016Redesign;en-US;www.google.com;23062;1;0
Renaissancepittsburghpa.com-0044-2015Redesign;en-US;www.google.com;9637;1;0
saddlebrook.com-0011-2014Redesign;en-US;r.search.yahoo.com;3478;1;0
Springhillsuitesdenver.com-0060-2015Redesign;en-US;www.google.com;12307;1;0
Theharborsidehotel.com-0114-2017Redesign;en-US;www.acadiainfo.com;37571;1;0
Theharborsidehotel.com-0114-2017Redesign;en-US;www.acadiainfo.com;37571;1;0
Washingtondukeinn.com-0024-2014Redesign;en-US;www.google.com;4759;1;0
Broadmoor.com-0073-2016Redesign;en-US;www.bing.com;16721;1;0
wentworthcom00212014redesign;en-US;www.google.com;4250;1;0
Bellemontfarm.com-0007-2013Redesign;en-US;www.oceanhomemag.com;11497;1;0
Glencovemansion.com-0058-2015Redesign;en-US;www.google.com;13328;1;0
Broadmoor.com-0073-2016Redesign;en-US;login.nomadix.com:1111;16724;1;0
Broadmoor.com-0073-2016Redesign;en-US;login.nomadix.com:1111;16724;1;0
Washingtoncourthotel.com-0076-2016Redesign;en-US;android-app:;17858;1;0
Cocokeyorlando.com-0059-2015Redesign;en-US;www.google.com;12410;1;0
Theloganhotel.com-0043-2015Redesign;en-US;www.google.com;20218;1;0
Galthouse.com-0042-2015Redesign;en-US;www.google.com;25671;1;0
Longboatkeyclub.com-0104-2017Redesign;en-US;www.google.com;28316;1;0
Lakeplacidlodge.com-0105-2017Redesign;en-US;search.yahoo.com;28545;1;0
Broadmoor.com-0073-2016Redesign;en-US;login.nomadix.com:1111;16724;1;0
Broadmoor.com-0073-2016Redesign;en-US;login.nomadix.com:1111;16724;1;0
Washingtondukeinn.com-0024-2014Redesign;en-US;www.google.com;4740;1;0
