Broadmoor.com-0073-2016Redesign;en-US;login.nomadix.com:1111;16724;1;0
Broadmoor.com-0073-2016Redesign;en-US;login.nomadix.com:1111;16724;1;0
Montaukyachtclub.com-0010-2014Redesign;en-US;m.facebook.com;2240;1;0
Cendyn.com-0095-2016Redesign;en-US;t.co;26857;1;0
Thecrawfordhotel.com-0074-2016Redesign;en-US;www.google.com;17145;1;0
Theloganhotel.com-0043-2015Redesign;en-US;m.facebook.com;20218;1;0
Marriottkeylargo.com-0015-2014Redesign;en-US;www.fla-keys.com;3948;1;0
Longboatkeyclub.com-0104-2017Redesign;en-US;www.bing.com;28316;1;0
Sandylane.com-0075-2016Redesign;en-US;www.google.com;17611;1;0
Broadmoor.com-0073-2016Redesign;en-US;www.google.com;16721;1;0
Chrco.com-0107-2017Redesign;en-US;www.google.com;29280;1;0
Casaybelresort.com-0002-2014Redesign;en-US;www.google.se;1533;1;0
Broadmoor.com-0073-2016Redesign;en-US;www.google.com;18259;1;0
Broadmoor.com-0073-2016Redesign;en-US;m.facebook.com;22159;1;0
Thesagamore.com-0112-2017Redesign;en-US;www.google.com;32339;1;0
Thesagamore.com-0112-2017Redesign;en-US;www.google.com;32339;1;0
Cocokeyorlando.com-0059-2015Redesign;en-US;search.yahoo.com;12394;1;0
Cocokeyorlando.com-0059-2015Redesign;en-US;search.yahoo.com;12394;1;0
Broadmoor.com-0073-2016Redesign;en-US;www.google.com;16784;1;0
Broadmoor.com-0073-2016Redesign;en-US;www.google.com;18259;1;0
Casaybelresort.com-0002-2014Redesign;en-US;www.google.com;1533;1;0
Montaukyachtclub.com-0010-2014Redesign;en-US;www.google.com;2240;1;0
