Cphollywoodbeach.com-0032-2015Redesign;en-US;www.google.de;7831;1;0
Broadmoor.com-0073-2016Redesign;en-US;tpc.googlesyndication.com;16728;1;0
Cphollywoodbeach.com-0032-2015Redesign;en-US;www.google.com;7831;1;0
Cphollywoodbeach.com-0032-2015Redesign;en-US;r.search.yahoo.com;7831;1;0
Montaukyachtclub.com-0010-2014Redesign;en-US;m.facebook.com;2240;1;0
Marriottkeylargo.com-0015-2014Redesign;en-US;surfinggator.com;3948;1;0
Marriottkeylargo.com-0015-2014Redesign;en-US;surfinggator.com;3964;1;0
Casaybelresort.com-0002-2014Redesign;en-US;www.google.com;1613;1;0
Cphollywoodbeach.com-0032-2015Redesign;en-US;www.sunny.org;7831;1;0
Longboatkeyclub.com-0104-2017Redesign;en-US;www.google.com;28364;1;0
Thesagamore.com-0112-2017Redesign;en-US;www.google.com;32354;1;0
Longboatkeyclub.com-0104-2017Redesign;en-US;www.google.com;28364;1;0
Broadmoor.com-0073-2016Redesign;en-US;xbid-prod.googleusercontent.com;16728;1;0
Saddlebrookprep.com-0022-2014Transfer;en-US;kaliningrad.zrus.org;3914;1;0
Saddlebrookprep.com-0022-2014Transfer;en-US;deshevo-nedorogo.ru;3914;1;0
Saddlebrookprep.com-0022-2014Transfer;en-US;kaliningrad.zrus.org;3914;1;0
Cphollywoodbeach.com-0032-2015Redesign;en-US;www.sunny.org;7831;1;0
Broadmoor.com-0073-2016Redesign;en-US;xbid-prod.googleusercontent.com;16728;1;0
Cphollywoodbeach.com-0032-2015Redesign;en-US;www.google.com.au;7831;1;0
Saddlebrookprep.com-0022-2014Transfer;en-US;deshevo-nedorogo.ru;3914;1;0
Sandpearl.com-0091-2016Redesign;en-US;android-app:;22481;1;0
Saddlebrookprep.com-0022-2014Transfer;en-US;deshevo-nedorogo.ru;3914;1;0
Opalsands.com-0084-2016Redesign;en-US;www.beachtourism.com;20171;1;0
Galthouse.com-0042-2015Redesign;en-US;m.facebook.com;31905;1;0
Galthouse.com-0042-2015Redesign;en-US;m.facebook.com;31905;1;0
Longboatkeyclub.com-0104-2017Redesign;en-US;www.google.com;28317;1;0
Longboatkeyclub.com-0104-2017Redesign;en-US;www.google.com;28317;1;0
Cphollywoodbeach.com-0032-2015Redesign;en-US;www.sunny.org;7831;1;0
Cphollywoodbeach.com-0032-2015Redesign;en-US;www.sunny.org;7831;1;0
Cphollywoodbeach.com-0032-2015Redesign;en-US;www.sunny.org;7831;1;0
Cphollywoodbeach.com-0032-2015Redesign;en-US;www.google.ca;7831;1;0
Monarchbeachresort.com-0092-2016Redesign;en-US;www.google.com;22725;1;0
Broadmoor.com-0073-2016Redesign;en-US;tpc.googlesyndication.com;16728;1;0
Cphollywoodbeach.com-0032-2015Redesign;en-US;www.sunny.org;7831;1;0
Longboatkeyclub.com-0104-2017Redesign;en-US;android-app:;28316;1;0
Longboatkeyclub.com-0104-2017Redesign;en-US;android-app:;28316;1;0
Cphollywoodbeach.com-0032-2015Redesign;en-US;www.google.hr;7831;1;0
Cphollywoodbeach.com-0032-2015Redesign;en-US;www.google.com;7831;1;0
Cphollywoodbeach.com-0032-2015Redesign;en-US;www.sunny.org;7831;1;0
Marriottkeylargo.com-0015-2014Redesign;en-US;www.bing.com;3948;1;0
