Laxembassy.com-0008-2014Redesign;en-US;www.google.se;2037;1;0
Broadmoor.com-0073-2016Redesign;en-US;www.google.com;16721;1;0
Sandylane.com-0075-2016Redesign;en-US;www.google.co.uk;17611;1;0
Broadmoor.com-0073-2016Redesign;en-US;tpc.googlesyndication.com;16728;1;0
Saddlebrookprep.com-0022-2014Transfer;en-US;www.google.com;5442;1;0
Hospitalityupgrade.com-0093-2016Redesign;en-US;www.google.fr;37631;1;0
Edgewaternaples.com-0094-2016Redesign;en-US;www.google.com.ar;25239;1;0
Edgewaternaples.com-0094-2016Redesign;en-US;www.google.com.ar;25239;1;0
Broadmoor.com-0073-2016Redesign;en-US;www.bing.com;22720;1;0
Montaukyachtclub.com-0010-2014Redesign;en-US;www.google.com;2381;1;0
Luxehotels.com-0078-2016Redesign;en-US;www.google.com;18833;1;0
Cphollywoodbeach.com-0032-2015Redesign;en-US;www.google.com;7839;1;0
Lakeplacidlodge.com-0105-2017Redesign;en-US;www.google.com;28545;1;0
Longboatkeyclub.com-0104-2017Redesign;en-US;www.google.com;28364;1;0
Lakeplacidlodge.com-0105-2017Redesign;en-US;www.google.com;28545;1;0
Galthouse.com-0042-2015Redesign;en-US;r.search.yahoo.com;31905;1;0
Thesagamore.com-0112-2017Redesign;en-US;search.yahoo.com;32339;1;0
Broadmoor.com-0073-2016Redesign;en-US;tpc.googlesyndication.com;16728;1;0
Edgewaternaples.com-0094-2016Redesign;en-US;r.search.yahoo.com;25239;1;0
Cocokeyorlando.com-0059-2015Redesign;en-US;www.google.com;12394;1;0
Cocokeyorlando.com-0059-2015Redesign;en-US;www.google.com;12394;1;0
Sandpearl.com-0091-2016Redesign;en-US;www.google.com;22481;1;0
Sandpearl.com-0091-2016Redesign;en-US;www.google.com;22481;1;0
Broadmoor.com-0073-2016Redesign;en-US;login.nomadix.com:1111;16724;1;0
Broadmoor.com-0073-2016Redesign;en-US;login.nomadix.com:1111;16724;1;0
Broadmoor.com-0073-2016Redesign;en-US;www.facebook.com;18013;1;0
Laxembassy.com-0008-2014Redesign;en-US;www.google.se;2037;1;0
Thelodgeatwoodloch.com-0033-2015Redesign;en-US;www.google.com;7764;1;0
Broadmoor.com-0073-2016Redesign;en-US;tpc.googlesyndication.com;16728;1;0
Broadmoor.com-0073-2016Redesign;en-US;www.bing.com;18485;1;0
Theharborsidehotel.com-0114-2017Redesign;en-US;outlook.live.com;37571;1;0
Treasureislandbeachresort.com-0089-2016Redesign;en-US;www.google.com;22169;1;0
Treasureislandbeachresort.com-0089-2016Redesign;en-US;www.google.com;22169;1;0
Galthouse.com-0042-2015Redesign;en-US;r.search.yahoo.com;31905;1;0
Galthouse.com-0042-2015Redesign;en-US;www.google.com;31905;1;0
Laxembassy.com-0008-2014Redesign;en-US;www.google.se;2037;1;0
Galthouse.com-0042-2015Redesign;en-US;www.google.com;31905;1;0
