Miravalspamonarchbeach.com-0109-2017Redesign;en-US;31709;32872;1;0
Thesagamore.com-0112-2017Redesign;en-US;32390;33574;1;0
Samosetresort.com-0113-2017Redesign;en-US;32576;32558;1;0
Halcyonhotelcherrycreek.com-0061-2015Redesign;en-US;40516;40481;1;0
Halcyonhotelcherrycreek.com-0061-2015Redesign;en-US;22121;41138;1;0
Halcyonhotelcherrycreek.com-0061-2015Redesign;en-US;41138;22121;1;0
Thesagamore.com-0112-2017Redesign;en-US;33924;33921;1;0
Thesagamore.com-0112-2017Redesign;en-US;33471;33476;1;0
Courtyardportlandcitycenter.com-0063-2015Redesign;en-US;14560;38031;1;0
Broadmoor.com-0073-2016Redesign;en-US;16756;16774;1;0
Thesagamore.com-0112-2017Redesign;en-US;33366;32351;1;0
Edgewaternaples.com-0094-2016Redesign;en-US;25287;25239;1;0
Cphollywoodbeach.com-0032-2015Redesign;en-US;0;7805;1;0
Lakeplacidlodge.com-0105-2017Redesign;en-US;28597;32930;1;0
Cocokeyorlando.com-0059-2015Redesign;en-US;0;12394;1;0
Broadmoor.com-0073-2016Redesign;en-US;16755;16756;1;0
Thesagamore.com-0112-2017Redesign;en-US;32346;32389;1;0
Montaukyachtclub.com-0010-2014Redesign;en-US;2461;2462;1;0
Thesagamore.com-0112-2017Redesign;en-US;32351;33921;1;0
Theharborsidehotel.com-0114-2017Redesign;en-US;37571;37572;1;0
theweststreethotel.com-0115-2017Redesign;en-US;41601;37425;1;0
wentworthcom00212014redesign;en-US;4324;4282;1;0
Broadmoor.com-0073-2016Redesign;en-US;16721;16799;1;0
Thesagamore.com-0112-2017Redesign;en-US;32350;33443;1;0
Monarchbeachresort.com-0092-2016Redesign;en-US;22725;22865;1;0
Thesagamore.com-0112-2017Redesign;en-US;32389;33569;1;0
Thesagamore.com-0112-2017Redesign;en-US;32389;32387;1;0
Delraysandsresort.com-0097-2016Redesign;en-US;0;27234;1;0
Theoxfordhotel.com-0062-2015Redesign;en-US;0;14325;1;0
Thelodgeatwoodloch.com-0033-2015Redesign;en-US;7764;7781;1;0
Thelodgeatwoodloch.com-0033-2015Redesign;en-US;11304;9801;1;0
Cocokeyorlando.com-0059-2015Redesign;en-US;0;12414;1;0
Montaukyachtclub.com-0010-2014Redesign;en-US;2462;2459;1;0
Luxehotels.com-0078-2016Redesign;en-US;19324;19336;1;0
Washingtoncourthotel.com-0076-2016Redesign;en-US;17858;17955;1;0
Thecrawfordhotel.com-0074-2016Redesign;en-US;17145;17158;1;0
Thesagamore.com-0112-2017Redesign;en-US;33366;32351;1;0
Sandylane.com-0075-2016Redesign;en-US;17611;17745;1;0
Thelodgeatwoodloch.com-0033-2015Redesign;en-US;7781;7783;1;0
Thesagamore.com-0112-2017Redesign;en-US;32339;32349;1;0
Lakeplacidlodge.com-0105-2017Redesign;en-US;32786;32807;1;0
Cocokeyorlando.com-0059-2015Redesign;en-US;0;12394;1;0
Thesagamore.com-0112-2017Redesign;en-US;33921;33923;1;0
Thesagamore.com-0112-2017Redesign;en-US;33574;32390;1;0
Thelodgeatwoodloch.com-0033-2015Redesign;en-US;8253;7764;1;0
Samosetresort.com-0113-2017Redesign;en-US;32541;35128;1;0
Samosetresort.com-0113-2017Redesign;en-US;0;32541;1;0
Thelodgeatwoodloch.com-0033-2015Redesign;en-US;9932;9916;1;0
Broadmoor.com-0073-2016Redesign;en-US;21233;16751;1;0
Montaukyachtclub.com-0010-2014Redesign;en-US;2459;2462;1;0
Monarchbeachresort.com-0092-2016Redesign;en-US;22865;23001;1;0
Thesagamore.com-0112-2017Redesign;en-US;32351;33921;1;0
Broadmoor.com-0073-2016Redesign;en-US;16751;18259;1;0
Broadmoor.com-0073-2016Redesign;en-US;16724;21866;1;0
Sandylane.com-0075-2016Redesign;en-US;17745;18036;1;0
Thesagamore.com-0112-2017Redesign;en-US;32387;33577;1;0
Thecrawfordhotel.com-0074-2016Redesign;en-US;0;17164;1;0
Thesagamore.com-0112-2017Redesign;en-US;32390;33573;1;0
wentworthcom00212014redesign;en-US;4282;5063;1;0
Thesagamore.com-0112-2017Redesign;en-US;33476;33472;1;0
Thelodgeatwoodloch.com-0033-2015Redesign;en-US;7764;7781;1;0
Broadmoor.com-0073-2016Redesign;en-US;16721;16751;1;0
Thelodgeatwoodloch.com-0033-2015Redesign;en-US;9801;11304;1;0
Broadmoor.com-0073-2016Redesign;en-US;16721;16793;1;0
Thesagamore.com-0112-2017Redesign;en-US;32339;33357;1;0
Samosetresort.com-0113-2017Redesign;en-US;0;35227;1;0
Luxehotels.com-0078-2016Redesign;en-US;19336;19339;1;0
Samosetresort.com-0113-2017Redesign;en-US;32558;32549;1;0
theweststreethotel.com-0115-2017Redesign;en-US;36700;36691;1;0
Thesagamore.com-0112-2017Redesign;en-US;33577;32346;1;0
wentworthcom00212014redesign;en-US;5063;4277;1;0
wentworthcom00212014redesign;en-US;4259;26679;1;0
wentworthcom00212014redesign;en-US;26679;4259;1;0
wentworthcom00212014redesign;en-US;4259;26679;1;0
wentworthcom00212014redesign;en-US;26679;4259;1;0
Samosetresort.com-0113-2017Redesign;en-US;32549;32576;1;0
Samosetresort.com-0113-2017Redesign;en-US;0;32541;1;0
Thesagamore.com-0112-2017Redesign;en-US;33923;33921;1;0
Cocokeyorlando.com-0059-2015Redesign;en-US;12414;12406;1;0
Thelodgeatwoodloch.com-0033-2015Redesign;en-US;9916;7764;1;0
saddlebrook.com-0011-2014Redesign;en-US;3469;3385;1;0
Broadmoor.com-0073-2016Redesign;en-US;16799;36058;1;0
Broadmoor.com-0073-2016Redesign;en-US;16751;18259;1;0
Broadmoor.com-0073-2016Redesign;en-US;16774;16772;1;0
Samosetresort.com-0113-2017Redesign;en-US;0;35276;1;0
