Thecurtis.com-0079-2016Redesign;en-US;18417;19041;1;0
Lehotels.com-0049-2015Transfer;en-US;12108;24850;1;0
Sandylane.com-0075-2016Redesign;en-US;17725;17745;1;0
Thelodgeatwoodloch.com-0033-2015Redesign;en-US;9847;8318;1;0
Sandylane.com-0075-2016Redesign;en-US;17745;18029;1;0
Thecurtis.com-0079-2016Redesign;en-US;19041;19081;1;0
Cocokeyorlando.com-0059-2015Redesign;en-US;0;12394;1;0
Sandpearl.com-0091-2016Redesign;en-US;0;40726;1;0
Thelodgeatwoodloch.com-0033-2015Redesign;en-US;8318;9526;1;0
Thecurtis.com-0079-2016Redesign;en-US;19081;17981;1;0
Thecurtis.com-0079-2016Redesign;en-US;17981;19041;1;0
Thecurtis.com-0079-2016Redesign;en-US;19041;19081;1;0
Thecurtis.com-0079-2016Redesign;en-US;19081;17981;1;0
Thecurtis.com-0079-2016Redesign;en-US;17981;19041;1;0
Samosetresort.com-0113-2017Redesign;en-US;0;32541;1;0
Thecurtis.com-0079-2016Redesign;en-US;19041;19042;1;0
Hospitalityupgrade.com-0093-2016Redesign;en-US;36423;32695;1;0
Thecurtis.com-0079-2016Redesign;en-US;19042;17981;1;0
Thecurtis.com-0079-2016Redesign;en-US;17981;19041;1;0
Thelodgeatwoodloch.com-0033-2015Redesign;en-US;9526;7771;1;0
