Renaissancepittsburghpa.com-0044-2015Redesign;en-US;www.google.com;9637;1;0
Thesagamore.com-0112-2017Redesign;en-US;www.google.com;32348;1;0
Opalsands.com-0084-2016Redesign;en-US;www.google.com;20171;1;0
Edgewaternaples.com-0094-2016Redesign;en-US;www.google.fi;25239;1;0
Broadmoor.com-0073-2016Redesign;en-US;login.nomadix.com:1111;16724;1;0
Washingtondukeinn.com-0024-2014Redesign;en-US;www.google.com;4524;1;0
Cocokeyorlando.com-0059-2015Redesign;en-US;www.google.com;12394;1;0
Washingtondukeinn.com-0024-2014Redesign;en-US;www.google.com;4524;1;0
Opalsands.com-0084-2016Redesign;en-US;www.google.com;20171;1;0
Broadmoor.com-0073-2016Redesign;en-US;www.google.com;20833;1;0
Opalsands.com-0084-2016Redesign;en-US;www.google.com;20171;1;0
Cocokeyorlando.com-0059-2015Redesign;en-US;www.google.com;12394;1;0
Theoxfordhotel.com-0062-2015Redesign;en-US;den-80202-5400.localdomain:8000;14325;1;0
Cphollywoodbeach.com-0032-2015Redesign;en-US;www.google.com;7831;1;0
Beverlyhillsresidenceinn.com-0087-2016Redesign;en-US;www.google.com;20999;1;0
Broadmoor.com-0073-2016Redesign;en-US;login.nomadix.com:1111;16724;1;0
Opalsands.com-0084-2016Redesign;en-US;www.bing.com;40846;1;0
Jbdukehotel.com-0086-2016Redesign;en-US;search.yahoo.com;21918;1;0
Broadmoor.com-0073-2016Redesign;en-US;login.nomadix.com:1111;16724;1;0
Renaissancepittsburghpa.com-0044-2015Redesign;en-US;www.google.com;9637;1;0
Cphollywoodbeach.com-0032-2015Redesign;en-US;www.google.com;7831;1;0
Broadmoor.com-0073-2016Redesign;en-US;login.nomadix.com:1111;16724;1;0
Lidobeachresort.com-0106-2017Redesign;en-US;www.google.ca;28667;1;0
Theloganhotel.com-0043-2015Redesign;en-US;www.google.com;20218;1;0
Broadmoor.com-0073-2016Redesign;en-US;www.rockymountainfoodtours.com;16763;1;0
Broadmoor.com-0073-2016Redesign;en-US;www.rockymountainfoodtours.com;16763;1;0
Glencovemansion.com-0058-2015Redesign;en-US;www.google.com;13331;1;0
Broadmoor.com-0073-2016Redesign;en-US;tpc.googlesyndication.com;16728;1;0
Cphollywoodbeach.com-0032-2015Redesign;en-US;www.google.com;7805;1;0
Thelodgeatwoodloch.com-0033-2015Redesign;en-US;www.google.com;7764;1;0
Sandpearl.com-0091-2016Redesign;en-US;www.google.com;22481;1;0
Cphollywoodbeach.com-0032-2015Redesign;en-US;www.sunny.org;7831;1;0
Cphollywoodbeach.com-0032-2015Redesign;en-US;www.sunny.org;7831;1;0
Longboatkeyclub.com-0104-2017Redesign;en-US;www.visitsarasota.com;28323;1;0
Monarchbeachresort.com-0092-2016Redesign;en-US;www.google.com;22725;1;0
Renaissancepittsburghpa.com-0044-2015Redesign;en-US;www.google.com;9637;1;0
Marriottkeylargo.com-0015-2014Redesign;en-US;www.beachcamsusa.com;3948;1;0
Thesagamore.com-0112-2017Redesign;en-US;www.google.com;32339;1;0
Lidobeachresort.com-0106-2017Redesign;en-US;m.facebook.com;28667;1;0
Thelodgeatwoodloch.com-0033-2015Redesign;en-US;www.google.com;7764;1;0
Renaissancepittsburghpa.com-0044-2015Redesign;en-US;www.google.com;9637;1;0
