Broadmoor.com-0073-2016Redesign;en-US;www.google.com;16721;1;0
Halcyonhotelcherrycreek.com-0061-2015Redesign;en-US;uncrate.com;22121;1;0
Cocokeyorlando.com-0059-2015Redesign;en-US;m.facebook.com;12394;1;0
theweststreethotel.com-0115-2017Redesign;en-US;www.google.com;37486;1;0
Galthouse.com-0042-2015Redesign;en-US;www.google.com;25671;1;0
Washingtoncourthotel.com-0076-2016Redesign;en-US;www.phada.org;17858;1;0
theweststreethotel.com-0115-2017Redesign;en-US;www.menupix.com;36683;1;0
Montaukyachtclub.com-0010-2014Redesign;en-US;www.google.com;2381;1;0
Broadmoor.com-0073-2016Redesign;en-US;googleads.g.doubleclick.net;16728;1;0
Washingtondukeinn.com-0024-2014Redesign;en-US;www.google.com;4524;1;0
Washingtondukeinn.com-0024-2014Redesign;en-US;www.google.com;4524;1;0
Thesagamore.com-0112-2017Redesign;en-US;www.accessbroadway.com;32339;1;0
shop.broadmoor.com-0096-2016ShoppingCart;en-US;www.broadmoor.com;26973;1;0
Broadmoor.com-0073-2016Redesign;en-US;www.google.com;18259;1;0
Cendyn.com-0095-2016Redesign;en-US;www.google.it;26858;1;0
Cocokeyorlando.com-0059-2015Redesign;en-US;www.google.com;12410;1;0
Halcyonhotelcherrycreek.com-0061-2015Redesign;en-US;www.google.com;22121;1;0
Broadmoor.com-0073-2016Redesign;en-US;www.google.com;16721;1;0
Broadmoor.com-0073-2016Redesign;en-US;www.google.com;16721;1;0
Bellemontfarm.com-0007-2013Redesign;en-US;sevendays.com.ua;11497;1;0
Bellemontfarm.com-0007-2013Redesign;en-US;sevendays.com.ua;11497;1;0
Bellemontfarm.com-0007-2013Redesign;en-US;sevendays.com.ua;11497;1;0
Thesagamore.com-0112-2017Redesign;en-US;www.google.com;32347;1;0
Luxehotels.com-0078-2016Redesign;en-US;www.google.com;18830;1;0
Cocokeyorlando.com-0059-2015Redesign;en-US;search.aol.com;12394;1;0
Broadmoor.com-0073-2016Redesign;en-US;www.google.com;18259;1;0
Hhotellosangeles.com-0118-2017Redesign;en-US;www.google.com;37901;1;0
Broadmoor.com-0073-2016Redesign;en-US;www.google.com;18259;1;0
Broadmoor.com-0073-2016Redesign;en-US;www.google.com;17450;1;0
Galthouse.com-0042-2015Redesign;en-US;www.google.com;10558;1;0
Longboatkeyclub.com-0104-2017Redesign;en-US;www.google.com;28364;1;0
Cphollywoodbeach.com-0032-2015Redesign;en-US;www.sunny.org;7831;1;0
theweststreethotel.com-0115-2017Redesign;en-US;www.menupix.com;36683;1;0
Thesagamore.com-0112-2017Redesign;en-US;www.google.com;33471;1;0
Galthouse.com-0042-2015Redesign;en-US;www.google.com;31905;1;0
Broadmoor.com-0073-2016Redesign;en-US;tpc.googlesyndication.com;16728;1;0
Broadmoor.com-0073-2016Redesign;en-US;www.google.com;16794;1;0
wentworthcom00212014redesign;en-US;www.google.com;4250;1;0
