Monarchbeachresort.com-0092-2016Redesign;en-US;www.google.com;22725;1;0
Napavalleymarriott.com-0071-2016Redesign;en-US;www.google.com;16432;1;0
Luxehotels.com-0078-2016Redesign;en-US;www.admission.ucla.edu;18833;1;0
Laxembassy.com-0008-2014Redesign;en-US;www.google.com;2090;1;0
Cphollywoodbeach.com-0032-2015Redesign;en-US;www.sunny.org;7831;1;0
Broadmoor.com-0073-2016Redesign;en-US;tpc.googlesyndication.com;16728;1;0
Cphollywoodbeach.com-0032-2015Redesign;en-US;www.google.co.uk;7831;1;0
Cphollywoodbeach.com-0032-2015Redesign;en-US;www.google.com;7831;1;0
Cphollywoodbeach.com-0032-2015Redesign;en-US;www.sunny.org;7831;1;0
Lakeplacidlodge.com-0105-2017Redesign;en-US;www.google.com;28545;1;0
Lakeplacidlodge.com-0105-2017Redesign;en-US;www.google.com;28545;1;0
Napavalleymarriott.com-0071-2016Redesign;en-US;www.osnova3.ru;16432;1;0
Thesagamore.com-0112-2017Redesign;en-US;www.google.com;33479;1;0
Cphollywoodbeach.com-0032-2015Redesign;en-US;www.sunny.org;7831;1;0
Thecrawfordhotel.com-0074-2016Redesign;en-US;www.google.com;17667;1;0
Casaybelresort.com-0002-2014Redesign;en-US;www.google.com;1533;1;0
Casaybelresort.com-0002-2014Redesign;en-US;www.google.com;1533;1;0
Broadmoor.com-0073-2016Redesign;en-US;login.nomadix.com:1111;16724;1;0
saddlebrook.com-0011-2014Redesign;en-US;www.google.com;3385;1;0
Broadmoor.com-0073-2016Redesign;en-US;login.nomadix.com:1111;16724;1;0
saddlebrook.com-0011-2014Redesign;en-US;www.google.com;3385;1;0
Longboatkeyclub.com-0104-2017Redesign;en-US;worldcam.eu;28316;1;0
Galthouse.com-0042-2015Redesign;en-US;www.google.com;10584;1;0
Broadmoor.com-0073-2016Redesign;en-US;tpc.googlesyndication.com;16728;1;0
Cphollywoodbeach.com-0032-2015Redesign;en-US;www.google.com;7831;1;0
Cphollywoodbeach.com-0032-2015Redesign;en-US;www.google.com;7831;1;0
Broadmoor.com-0073-2016Redesign;en-US;login.nomadix.com:1111;16724;1;0
Marriottkeylargo.com-0015-2014Redesign;en-US;surfinggator.com;3948;1;0
Cphollywoodbeach.com-0032-2015Redesign;en-US;www.sunny.org;7831;1;0
Samosetresort.com-0113-2017Redesign;en-US;www.google.com;32542;1;0
Broadmoor.com-0073-2016Redesign;en-US;login.nomadix.com:1111;16724;1;0
Marriottkeylargo.com-0015-2014Redesign;en-US;surfinggator.com;3964;1;0
Lakeplacidlodge.com-0105-2017Redesign;en-US;www.google.com;28545;1;0
Opalsands.com-0084-2016Redesign;en-US;www.beachtourism.com;20171;1;0
Cphollywoodbeach.com-0032-2015Redesign;en-US;www.sunny.org;7831;1;0
Broadmoor.com-0073-2016Redesign;en-US;tpc.googlesyndication.com;16728;1;0
Cphollywoodbeach.com-0032-2015Redesign;en-US;www.sunny.org;7831;1;0
Thelodgeatwoodloch.com-0033-2015Redesign;en-US;www.poconomountains.com;7764;1;0
Monarchbeachresort.com-0092-2016Redesign;en-US;m.facebook.com;36747;1;0
Cphollywoodbeach.com-0032-2015Redesign;en-US;www.google.com;7831;1;0
Cphollywoodbeach.com-0032-2015Redesign;en-US;www.sunny.org;7831;1;0
Samosetresort.com-0113-2017Redesign;en-US;www.google.com;35151;1;0
Galthouse.com-0042-2015Redesign;en-US;s0.2mdn.net;10923;1;0
Cphollywoodbeach.com-0032-2015Redesign;en-US;www.sunny.org;7831;1;0
Broadmoor.com-0073-2016Redesign;en-US;tpc.googlesyndication.com;16728;1;0
Marriottkeylargo.com-0015-2014Redesign;en-US;www.beachcamsusa.com;3948;1;0
