Jupiterbeachresort.com-0103-2017Redesign;en-US;www.google.com;28158;1;0
wentworthcom00212014redesign;en-US;www.google.com;4308;1;0
Theoxfordhotel.com-0062-2015Redesign;en-US;android-app:;14346;1;0
Luxehotels.com-0078-2016Redesign;en-US;www.google.com;18833;1;0
Delraysandsresort.com-0097-2016Redesign;en-US;www.ophotels.com;27232;1;0
Broadmoor.com-0073-2016Redesign;en-US;www.google.com;16769;1;0
Luxehotels.com-0078-2016Redesign;en-US;www.google.com;19277;1;0
Thesagamore.com-0112-2017Redesign;en-US;www.google.com;32339;1;0
Napavalleymarriott.com-0071-2016Redesign;en-US;www.google.com;16432;1;0
Theharborsidehotel.com-0114-2017Redesign;en-US;www.ophotels.com;37571;1;0
Washingtoncourthotel.com-0076-2016Redesign;en-US;www.google.com.au;17858;1;0
Broadmoor.com-0073-2016Redesign;en-US;www.google.com;18259;1;0
Broadmoor.com-0073-2016Redesign;en-US;www.google.com;21547;1;0
Jupiterbeachresort.com-0103-2017Redesign;en-US;www.ophotels.com;28158;1;0
Broadmoor.com-0073-2016Redesign;en-US;m.facebook.com;20439;1;0
Lidobeachresort.com-0106-2017Redesign;en-US;www.ophotels.com;28666;1;0
Lakeplacidlodge.com-0105-2017Redesign;en-US;www.ophotels.com;28545;1;0
Broadmoor.com-0073-2016Redesign;en-US;www.google.com;16721;1;0
Marriottdelraybeach.com-0009-2014Redesign;en-US;www.ophotels.com;2829;1;0
Marriottkeylargo.com-0015-2014Redesign;en-US;www.ophotels.com;3948;1;0
Marriottkeylargo.com-0015-2014Redesign;en-US;www.fla-keys.com;3948;1;0
Marriottkeylargo.com-0015-2014Redesign;en-US;www.fla-keys.com;3964;1;0
Thesagamore.com-0112-2017Redesign;en-US;www.google.com;32346;1;0
Samosetresort.com-0113-2017Redesign;en-US;www.ophotels.com;32541;1;0
Broadmoor.com-0073-2016Redesign;en-US;www.google.com;18208;1;0
Laxembassy.com-0008-2014Redesign;en-US;www.google.com;2037;1;0
Samosetresort.com-0113-2017Redesign;en-US;www.ophotels.com;32541;1;0
Thesagamore.com-0112-2017Redesign;en-US;www.ophotels.com;32339;1;0
Longboatkeyclub.com-0104-2017Redesign;en-US;www.ophotels.com;35641;1;0
Washingtondukeinn.com-0024-2014Redesign;en-US;www.google.com;4524;1;0
Broadmoor.com-0073-2016Redesign;en-US;www.google.com;16721;1;0
Galthouse.com-0042-2015Redesign;en-US;www.google.com;10564;1;0
Washingtondukeinn.com-0024-2014Redesign;en-US;www.google.com;4524;1;0
Broadmoor.com-0073-2016Redesign;en-US;www.google.com;16721;1;0
wentworthcom00212014redesign;en-US;www.ophotels.com;26679;1;0
theweststreethotel.com-0115-2017Redesign;en-US;www.ophotels.com;36683;1;0
Galthouse.com-0042-2015Redesign;en-US;at.atwola.com;31905;1;0
Galthouse.com-0042-2015Redesign;en-US;www.google.com;31905;1;0
theweststreethotel.com-0115-2017Redesign;en-US;www.visitmaine.net;36683;1;0
Galthouse.com-0042-2015Redesign;en-US;www.google.com;31905;1;0
Broadmoor.com-0073-2016Redesign;en-US;tpc.googlesyndication.com;16728;1;0
Sandpearl.com-0091-2016Redesign;en-US;www.google.com;22481;1;0
Sandpearl.com-0091-2016Redesign;en-US;www.google.com;22481;1;0
Delraysandsresort.com-0097-2016Redesign;en-US;www.google.com;27232;1;0
Delraysandsresort.com-0097-2016Redesign;en-US;www.google.com;27232;1;0
