Bellemontfarm.com-0007-2013Redesign;en-US;www.google.co.uk;11497;1;0
Sandpearl.com-0091-2016Redesign;en-US;www.google.ch;22481;1;0
Sandpearl.com-0091-2016Redesign;en-US;www.google.ch;22481;1;0
Theoxfordhotel.com-0062-2015Redesign;en-US;teman.com.ua;14325;1;0
Montaukyachtclub.com-0010-2014Redesign;en-US;m.facebook.com;2240;1;0
Theoxfordhotel.com-0062-2015Redesign;en-US;dengi-v-kredit.in.ua;14325;1;0
Theoxfordhotel.com-0062-2015Redesign;en-US;termoshop.com.ua;14325;1;0
Theoxfordhotel.com-0062-2015Redesign;en-US;vk.com;14325;1;0
Theoxfordhotel.com-0062-2015Redesign;en-US;pipslee.com;14325;1;0
Marriottkeylargo.com-0015-2014Redesign;en-US;www.fla-keys.com;3948;1;0
Lidobeachresort.com-0106-2017Redesign;en-US;life-instyle.com;29819;1;0
Luxehotels.com-0078-2016Redesign;en-US;www.google.com;18833;1;0
Lidobeachresort.com-0106-2017Redesign;en-US;life-instyle.com;29819;1;0
Zotabeachresort.com-0090-2016Redesign;en-US;life-instyle.com;22365;1;0
Zotabeachresort.com-0090-2016Redesign;en-US;life-instyle.com;22365;1;0
Zotabeachresort.com-0090-2016Redesign;en-US;life-instyle.com;22365;1;0
Marriottkeylargo.com-0015-2014Redesign;en-US;www.fla-keys.com;3948;1;0
Thesagamore.com-0112-2017Redesign;en-US;teman.com.ua;32339;1;0
Thesagamore.com-0112-2017Redesign;en-US;pipslee.com;32339;1;0
Thesagamore.com-0112-2017Redesign;en-US;termoshop.com.ua;32339;1;0
Thesagamore.com-0112-2017Redesign;en-US;dengi-v-kredit.in.ua;32339;1;0
Thesagamore.com-0112-2017Redesign;en-US;vk.com;32339;1;0
Marriottkeylargo.com-0015-2014Redesign;en-US;www.fla-keys.com;3948;1;0
Marriottkeylargo.com-0015-2014Redesign;en-US;www.fla-keys.com;3964;1;0
Marriottkeylargo.com-0015-2014Redesign;en-US;www.fla-keys.com;3948;1;0
Marriottkeylargo.com-0015-2014Redesign;en-US;www.fla-keys.com;3964;1;0
