Cocokeyorlando.com-0059-2015Redesign;en-US;www.google.com;12410;1;0
Broadmoor.com-0073-2016Redesign;en-US;www.google.com;18010;1;0
Broadmoor.com-0073-2016Redesign;en-US;www.google.com;21232;1;0
theweststreethotel.com-0115-2017Redesign;en-US;www.google.com;36683;1;0
Marriottkeylargo.com-0015-2014Redesign;en-US;www.beachcamsusa.com;3948;1;0
Broadmoor.com-0073-2016Redesign;en-US;r.search.yahoo.com;16761;1;0
wentworthcom00212014redesign;en-US;www.google.com;26679;1;0
Marriottkeylargo.com-0015-2014Redesign;en-US;www.beachcamsusa.com;3964;1;0
theweststreethotel.com-0115-2017Redesign;en-US;www.google.com;36683;1;0
Casaybelresort.com-0002-2014Redesign;en-US;www.google.com;1533;1;0
Opalsands.com-0084-2016Redesign;en-US;www.beachtourism.com;20171;1;0
Broadmoor.com-0073-2016Redesign;en-US;www.google.com;18013;1;0
Halcyonhotelcherrycreek.com-0061-2015Redesign;en-US;www.google.com;22121;1;0
wentworthcom00212014redesign;en-US;www.google.com;4250;1;0
Broadmoor.com-0073-2016Redesign;en-US;login.nomadix.com:1111;16724;1;0
Hospitalityupgrade.com-0093-2016Redesign;en-US;duckduckgo.com;37631;1;0
Montaukyachtclub.com-0010-2014Redesign;en-US;amp-travelandleisure-com.cdn.ampproject.org;2240;1;0
Broadmoor.com-0073-2016Redesign;en-US;www.google.com;16721;1;0
Broadmoor.com-0073-2016Redesign;en-US;www.google.com;16721;1;0
Unionstationhotelnashville.com-0047-2015Redesign;en-US;www.google.com;32226;1;0
Montaukyachtclub.com-0010-2014Redesign;en-US;www.google.com;2240;1;0
Casaybelresort.com-0002-2014Redesign;en-US;www.google.com;1613;1;0
Cphollywoodbeach.com-0032-2015Redesign;en-US;www.sunny.org;7831;1;0
Sandpearl.com-0091-2016Redesign;en-US;www.google.com;22481;1;0
Casaybelresort.com-0002-2014Redesign;en-US;www.google.ca;1613;1;0
Montaukyachtclub.com-0010-2014Redesign;en-US;astudiodayspa.com;2461;1;0
Washingtondukeinn.com-0024-2014Redesign;en-US;ecommerce.washingtondukeinn.com;4758;1;0
Lidobeachresort.com-0106-2017Redesign;en-US;www.google.ca;28666;1;0
Cocokeyorlando.com-0059-2015Redesign;en-US;www.google.com;12410;1;0
Springhillsuitesdenver.com-0060-2015Redesign;en-US;re.searchencrypt.com;12307;1;0
Lidobeachresort.com-0106-2017Redesign;en-US;www.google.com.ar;28666;1;0
Lidobeachresort.com-0106-2017Redesign;en-US;www.google.com.ar;28666;1;0
Lakeplacidlodge.com-0105-2017Redesign;en-US;cleaningservices.kiev.ua;28545;1;0
wentworthcom00212014redesign;en-US;www.marriott.com;4250;1;0
Monarchbeachresort.com-0092-2016Redesign;en-US;www.google.com;22725;1;0
Longboatkeyclub.com-0104-2017Redesign;en-US;www.baysider.com;35641;1;0
Casaybelresort.com-0002-2014Redesign;en-US;www.google.ca;1613;1;0
Broadmoor.com-0073-2016Redesign;en-US;www.bing.com;16721;1;0
Lakeplacidlodge.com-0105-2017Redesign;en-US;fixup.ua;28545;1;0
Cocokeyorlando.com-0059-2015Redesign;en-US;www.google.com;12410;1;0
Cphollywoodbeach.com-0032-2015Redesign;en-US;www.webcamplaza.net;7831;1;0
Glencovemansion.com-0058-2015Redesign;en-US;www.google.com;41652;1;0
