Longboatkeyclub.com-0104-2017Redesign;en-US;32285;28349;1;0
Opalsands.com-0084-2016Redesign;en-US;20171;20924;1;0
wentworthcom00212014redesign;en-US;4259;26679;1;0
wentworthcom00212014redesign;en-US;26679;4259;1;0
Oxfordclubspa.com-0068-2016Redesign;en-US;15568;15600;1;0
wentworthcom00212014redesign;en-US;4259;26679;1;0
Theoxfordhotel.com-0062-2015Redesign;en-US;0;14325;1;0
wentworthcom00212014redesign;en-US;26679;4259;1;0
Oxfordclubspa.com-0068-2016Redesign;en-US;0;15568;1;0
Oxfordclubspa.com-0068-2016Redesign;en-US;15600;15568;1;0
Lakeplacidlodge.com-0105-2017Redesign;en-US;28557;32806;1;0
Sandpearl.com-0091-2016Redesign;en-US;22481;23075;1;0
Broadmoor.com-0073-2016Redesign;en-US;16731;21796;1;0
Thesagamore.com-0112-2017Redesign;en-US;32388;32387;1;0
Sandylane.com-0075-2016Redesign;en-US;0;17630;1;0
Sandylane.com-0075-2016Redesign;en-US;17688;17685;1;0
Sandpearl.com-0091-2016Redesign;en-US;22481;22534;1;0
Sandylane.com-0075-2016Redesign;en-US;17685;17611;1;0
Napavalleymarriott.com-0071-2016Redesign;en-US;27499;16454;1;0
Lakeplacidlodge.com-0105-2017Redesign;en-US;32805;28553;1;0
Courtyardportlandcitycenter.com-0063-2015Redesign;en-US;0;14579;1;0
Broadmoor.com-0073-2016Redesign;en-US;17446;23316;1;0
Courtyardportlandcitycenter.com-0063-2015Redesign;en-US;0;14958;1;0
Courtyardportlandcitycenter.com-0063-2015Redesign;en-US;0;14584;1;0
Lehotels.com-0049-2015Transfer;en-US;12141;12108;1;0
Courtyardportlandcitycenter.com-0063-2015Redesign;en-US;0;14580;1;0
Courtyardportlandcitycenter.com-0063-2015Redesign;en-US;0;14574;1;0
Courtyardportlandcitycenter.com-0063-2015Redesign;en-US;0;14987;1;0
Courtyardportlandcitycenter.com-0063-2015Redesign;en-US;0;14550;1;0
Courtyardportlandcitycenter.com-0063-2015Redesign;en-US;0;14551;1;0
Courtyardportlandcitycenter.com-0063-2015Redesign;en-US;0;14552;1;0
Courtyardportlandcitycenter.com-0063-2015Redesign;en-US;0;14562;1;0
Courtyardportlandcitycenter.com-0063-2015Redesign;en-US;0;14563;1;0
Courtyardportlandcitycenter.com-0063-2015Redesign;en-US;0;14568;1;0
Courtyardportlandcitycenter.com-0063-2015Redesign;en-US;0;14575;1;0
Courtyardportlandcitycenter.com-0063-2015Redesign;en-US;0;14859;1;0
Courtyardportlandcitycenter.com-0063-2015Redesign;en-US;0;14581;1;0
Courtyardportlandcitycenter.com-0063-2015Redesign;en-US;0;14585;1;0
Courtyardportlandcitycenter.com-0063-2015Redesign;en-US;0;14553;1;0
Courtyardportlandcitycenter.com-0063-2015Redesign;en-US;0;19610;1;0
Courtyardportlandcitycenter.com-0063-2015Redesign;en-US;0;14557;1;0
Sandylane.com-0075-2016Redesign;en-US;0;17679;1;0
Courtyardportlandcitycenter.com-0063-2015Redesign;en-US;0;14564;1;0
Delraysandsresort.com-0097-2016Redesign;en-US;27243;27288;1;0
Hospitalityupgrade.com-0093-2016Redesign;en-US;0;25405;1;0
Opalsands.com-0084-2016Redesign;en-US;20924;20925;1;0
Samosetresort.com-0113-2017Redesign;en-US;0;32541;1;0
Thesagamore.com-0112-2017Redesign;en-US;33449;33921;1;0
Washingtoncourthotel.com-0076-2016Redesign;en-US;17858;17938;1;0
Miravalspamonarchbeach.com-0109-2017Redesign;en-US;31709;32872;1;0
Broadmoor.com-0073-2016Redesign;en-US;22720;17444;1;0
Jbdukehotel.com-0086-2016Redesign;en-US;21939;21934;1;0
Jbdukehotel.com-0086-2016Redesign;en-US;21934;21918;1;0
Broadmoor.com-0073-2016Redesign;en-US;16724;20440;1;0
Cocokeyorlando.com-0059-2015Redesign;en-US;0;12394;1;0
Lakeplacidlodge.com-0105-2017Redesign;en-US;28553;32794;1;0
Broadmoor.com-0073-2016Redesign;en-US;21232;16793;1;0
Jbdukehotel.com-0086-2016Redesign;en-US;21918;22130;1;0
Sandylane.com-0075-2016Redesign;en-US;17679;17630;1;0
Thesagamore.com-0112-2017Redesign;en-US;32387;33568;1;0
Broadmoor.com-0073-2016Redesign;en-US;16721;16724;1;0
Hospitalityupgrade.com-0093-2016Redesign;en-US;25405;37894;1;0
Thesagamore.com-0112-2017Redesign;en-US;33568;32346;1;0
Thesagamore.com-0112-2017Redesign;en-US;32339;32351;1;0
Thesagamore.com-0112-2017Redesign;en-US;33921;33922;1;0
Sandpearl.com-0091-2016Redesign;en-US;22488;22530;1;0
Delraysandsresort.com-0097-2016Redesign;en-US;27288;27293;1;0
Monarchbeachresort.com-0092-2016Redesign;en-US;22725;26800;1;0
Thesagamore.com-0112-2017Redesign;en-US;32351;33921;1;0
Thelodgeatwoodloch.com-0033-2015Redesign;en-US;7764;7771;1;0
Casaybelresort.com-0002-2014Redesign;en-US;1533;1613;1;0
Sandylane.com-0075-2016Redesign;en-US;17630;17680;1;0
Thelodgeatwoodloch.com-0033-2015Redesign;en-US;7783;8261;1;0
Galthouse.com-0042-2015Redesign;en-US;0;10561;1;0
Thesagamore.com-0112-2017Redesign;en-US;32346;32388;1;0
Thelodgeatwoodloch.com-0033-2015Redesign;en-US;7771;7781;1;0
Hospitalityupgrade.com-0093-2016Redesign;en-US;25405;33544;1;0
Edgewaternaples.com-0094-2016Redesign;en-US;25256;25302;1;0
Sandpearl.com-0091-2016Redesign;en-US;22534;22532;1;0
Theharborsidehotel.com-0114-2017Redesign;en-US;37571;37941;1;0
Galthouse.com-0042-2015Redesign;en-US;31905;10055;1;0
Broadmoor.com-0073-2016Redesign;en-US;17444;22720;1;0
Thelodgeatwoodloch.com-0033-2015Redesign;en-US;8261;11304;1;0
Broadmoor.com-0073-2016Redesign;en-US;16724;16761;1;0
Thesagamore.com-0112-2017Redesign;en-US;33921;32351;1;0
Theoxfordhotel.com-0062-2015Redesign;en-US;14325;14331;1;0
Casaybelresort.com-0002-2014Redesign;en-US;1613;1573;1;0
Thesagamore.com-0112-2017Redesign;en-US;0;33470;1;0
Opalsands.com-0084-2016Redesign;en-US;20925;20926;1;0
Theoxfordhotel.com-0062-2015Redesign;en-US;14331;14325;1;0
Monarchbeachresort.com-0092-2016Redesign;en-US;22725;22964;1;0
Theharborsidehotel.com-0114-2017Redesign;en-US;37941;37989;1;0
Thesagamore.com-0112-2017Redesign;en-US;0;32339;1;0
Samosetresort.com-0113-2017Redesign;en-US;32541;32549;1;0
Thesagamore.com-0112-2017Redesign;en-US;0;32355;1;0
Thesagamore.com-0112-2017Redesign;en-US;0;33921;1;0
Thesagamore.com-0112-2017Redesign;en-US;0;32346;1;0
Thesagamore.com-0112-2017Redesign;en-US;0;32348;1;0
Thesagamore.com-0112-2017Redesign;en-US;32351;33470;1;0
Thesagamore.com-0112-2017Redesign;en-US;0;32390;1;0
Thesagamore.com-0112-2017Redesign;en-US;0;32351;1;0
Thesagamore.com-0112-2017Redesign;en-US;0;33922;1;0
Thelodgeatwoodloch.com-0033-2015Redesign;en-US;11304;9920;1;0
Delraysandsresort.com-0097-2016Redesign;en-US;27293;27240;1;0
Casaybelresort.com-0002-2014Redesign;en-US;1613;1603;1;0
saddlebrook.com-0011-2014Redesign;en-US;6542;3484;1;0
Samosetresort.com-0113-2017Redesign;en-US;32549;32576;1;0
Broadmoor.com-0073-2016Redesign;en-US;22720;17444;1;0
Jbdukehotel.com-0086-2016Redesign;en-US;0;21918;1;0
Washingtoncourthotel.com-0076-2016Redesign;en-US;17938;17931;1;0
