theweststreethotel.com-0115-2017Redesign;en-US;36683;37425;1;0
Sandylane.com-0075-2016Redesign;en-US;17677;17679;1;0
wentworthcom00212014redesign;en-US;4411;4245;1;0
Opalsands.com-0084-2016Redesign;en-US;20171;20792;1;0
Longboatkeyclub.com-0104-2017Redesign;en-US;28323;41579;1;0
wentworthcom00212014redesign;en-US;4245;4274;1;0
theweststreethotel.com-0115-2017Redesign;en-US;36718;37717;1;0
Broadmoor.com-0073-2016Redesign;en-US;32315;16721;1;0
Broadmoor.com-0073-2016Redesign;en-US;16778;16767;1;0
wentworthcom00212014redesign;en-US;4274;4416;1;0
Theharborsidehotel.com-0114-2017Redesign;en-US;38015;38012;1;0
Opalsands.com-0084-2016Redesign;en-US;20792;28082;1;0
Thelodgeatwoodloch.com-0033-2015Redesign;en-US;9932;9929;1;0
Thecrawfordhotel.com-0074-2016Redesign;en-US;0;17145;1;0
Jupiterbeachresort.com-0103-2017Redesign;en-US;28158;28174;1;0
Thesagamore.com-0112-2017Redesign;en-US;32339;33921;1;0
Broadmoor.com-0073-2016Redesign;en-US;16721;16759;1;0
Thesagamore.com-0112-2017Redesign;en-US;32387;33447;1;0
theweststreethotel.com-0115-2017Redesign;en-US;36683;37486;1;0
Samosetresort.com-0113-2017Redesign;en-US;0;32541;1;0
Sandylane.com-0075-2016Redesign;en-US;17679;17745;1;0
Broadmoor.com-0073-2016Redesign;en-US;16793;16751;1;0
Broadmoor.com-0073-2016Redesign;en-US;16781;16788;1;0
Thecurtis.com-0079-2016Redesign;en-US;17981;18372;1;0
Treasureislandbeachresort.com-0089-2016Redesign;en-US;22219;22217;1;0
theweststreethotel.com-0115-2017Redesign;en-US;37717;36718;1;0
Theharborsidehotel.com-0114-2017Redesign;en-US;37614;37606;1;0
wentworthcom00212014redesign;en-US;4416;4274;1;0
Theoxfordhotel.com-0062-2015Redesign;en-US;14358;14325;1;0
Thecurtis.com-0079-2016Redesign;en-US;18827;18015;1;0
Jupiterbeachresort.com-0103-2017Redesign;en-US;28174;28177;1;0
theweststreethotel.com-0115-2017Redesign;en-US;37425;36726;1;0
Sandylane.com-0075-2016Redesign;en-US;17745;18035;1;0
Cocokeyorlando.com-0059-2015Redesign;en-US;12413;12414;1;0
Thecrawfordhotel.com-0074-2016Redesign;en-US;41462;17667;1;0
Broadmoor.com-0073-2016Redesign;en-US;16778;17269;1;0
Thelodgeatwoodloch.com-0033-2015Redesign;en-US;8257;7781;1;0
Monarchbeachresort.com-0092-2016Redesign;en-US;22998;22977;1;0
Broadmoor.com-0073-2016Redesign;en-US;16788;16781;1;0
Broadmoor.com-0073-2016Redesign;en-US;16781;16760;1;0
Texturefoodanddrink.com-0067-2016Redesign;en-US;15452;15460;1;0
Broadmoor.com-0073-2016Redesign;en-US;16766;18259;1;0
Monarchbeachresort.com-0092-2016Redesign;en-US;22725;22998;1;0
Thecrawfordhotel.com-0074-2016Redesign;en-US;17667;24682;1;0
Thesagamore.com-0112-2017Redesign;en-US;32339;32348;1;0
Chrco.com-0107-2017Redesign;en-US;0;31152;1;0
Broadmoor.com-0073-2016Redesign;en-US;16759;16755;1;0
Thesagamore.com-0112-2017Redesign;en-US;32339;33357;1;0
Residenceinnlax.com-0026-2014Redesign;en-US;5271;5289;1;0
Unionstationhotelnashville.com-0047-2015Redesign;en-US;24058;24218;1;0
Thesagamore.com-0112-2017Redesign;en-US;33925;33921;1;0
Thelodgeatwoodloch.com-0033-2015Redesign;en-US;9929;7783;1;0
Thelodgeatwoodloch.com-0033-2015Redesign;en-US;17432;8346;1;0
Thesagamore.com-0112-2017Redesign;en-US;33921;33922;1;0
Marriottkeylargo.com-0015-2014Redesign;en-US;3948;3951;1;0
Theharborsidehotel.com-0114-2017Redesign;en-US;37606;38062;1;0
Luxehotels.com-0078-2016Redesign;en-US;18831;18805;1;0
Broadmoor.com-0073-2016Redesign;en-US;16721;20215;1;0
Casaybelresort.com-0002-2014Redesign;en-US;1533;1613;1;0
Broadmoor.com-0073-2016Redesign;en-US;18259;16724;1;0
Thelodgeatwoodloch.com-0033-2015Redesign;en-US;8346;11007;1;0
Broadmoor.com-0073-2016Redesign;en-US;16721;16753;1;0
Broadmoor.com-0073-2016Redesign;en-US;16751;16724;1;0
Theharborsidehotel.com-0114-2017Redesign;en-US;37571;37941;1;0
Marriottkeylargo.com-0015-2014Redesign;en-US;3951;3952;1;0
Napavalleymarriott.com-0071-2016Redesign;en-US;16432;18369;1;0
wentworthcom00212014redesign;en-US;4296;4295;1;0
Monarchbeachresort.com-0092-2016Redesign;en-US;22725;23001;1;0
Monarchbeachresort.com-0092-2016Redesign;en-US;22998;22994;1;0
Washingtoncourthotel.com-0076-2016Redesign;en-US;17858;17955;1;0
Broadmoor.com-0073-2016Redesign;en-US;16753;16761;1;0
saddlebrook.com-0011-2014Redesign;en-US;4538;3479;1;0
Marriottkeylargo.com-0015-2014Redesign;en-US;3952;3953;1;0
Halcyonhotelcherrycreek.com-0061-2015Redesign;en-US;23188;22121;1;0
theweststreethotel.com-0115-2017Redesign;en-US;36718;37486;1;0
Glencovemansion.com-0058-2015Redesign;en-US;13328;15514;1;0
Theoxfordhotel.com-0062-2015Redesign;en-US;14325;14332;1;0
Thecurtis.com-0079-2016Redesign;en-US;18015;19041;1;0
Unionstationhotelnashville.com-0047-2015Redesign;en-US;24218;25493;1;0
Theoxfordhotel.com-0062-2015Redesign;en-US;14332;14325;1;0
Halcyonhotelcherrycreek.com-0061-2015Redesign;en-US;22121;23287;1;0
Theoxfordhotel.com-0062-2015Redesign;en-US;14325;20545;1;0
Halcyonhotelcherrycreek.com-0061-2015Redesign;en-US;23287;22121;1;0
Renaissancepittsburghpa.com-0044-2015Redesign;en-US;0;9637;1;0
