Broadmoor.com-0073-2016Redesign;en-US;www.google.com;21231;1;0
Broadmoor.com-0073-2016Redesign;en-US;www.google.com;16721;1;0
Broadmoor.com-0073-2016Redesign;en-US;login.nomadix.com:1111;16724;1;0
Broadmoor.com-0073-2016Redesign;en-US;login.nomadix.com:1111;16724;1;0
Broadmoor.com-0073-2016Redesign;en-US;m.facebook.com;16790;1;0
Broadmoor.com-0073-2016Redesign;en-US;login.nomadix.com:1111;16724;1;0
Broadmoor.com-0073-2016Redesign;en-US;login.nomadix.com:1111;16724;1;0
Casaybelresort.com-0002-2014Redesign;en-US;www.google.com;1613;1;0
Broadmoor.com-0073-2016Redesign;en-US;m.facebook.com;18013;1;0
Broadmoor.com-0073-2016Redesign;en-US;r.search.yahoo.com;22720;1;0
Broadmoor.com-0073-2016Redesign;en-US;www.google.com;16793;1;0
Abbingtonbanquets.com-0070-2016Redesign;en-US;www.google.com;15789;1;0
Broadmoor.com-0073-2016Redesign;en-US;www.google.com;18259;1;0
Lehotels.com-0049-2015Transfer;en-US;pk-pomosch.ru;13253;1;0
Lehotels.com-0049-2015Transfer;en-US;life-instyle.com;13253;1;0
Casaybelresort.com-0002-2014Redesign;en-US;www.google.com;1613;1;0
Broadmoor.com-0073-2016Redesign;en-US;www.google.com;16721;1;0
Opalsands.com-0084-2016Redesign;en-US;www.google.com;20171;1;0
Opalsands.com-0084-2016Redesign;en-US;www.google.com;20171;1;0
Washingtoncourthotel.com-0076-2016Redesign;en-US;www.google.com;17858;1;0
Broadmoor.com-0073-2016Redesign;en-US;www.google.com;16768;1;0
Cphollywoodbeach.com-0032-2015Redesign;en-US;www.sunny.org;7831;1;0
Luxehotels.com-0078-2016Redesign;en-US;www.google.com.co;18805;1;0
Theloganhotel.com-0043-2015Redesign;en-US;www.google.com;20218;1;0
Montaukyachtclub.com-0010-2014Redesign;en-US;eesti.spb.ru;2240;1;0
Montaukyachtclub.com-0010-2014Redesign;en-US;inteh-spb.ru;2240;1;0
Theharborsidehotel.com-0114-2017Redesign;en-US;www.google.com;37571;1;0
Samosetresort.com-0113-2017Redesign;en-US;www.visit-maine.com;32551;1;0
Monarchbeachresort.com-0092-2016Redesign;en-US;l.facebook.com;22725;1;0
Edgewaternaples.com-0094-2016Redesign;en-US;www.google.co.uk;25239;1;0
Renaissancepittsburghpa.com-0044-2015Redesign;en-US;www.google.co.kr;9637;1;0
Opalsands.com-0084-2016Redesign;en-US;l.facebook.com;21542;1;0
Opalsands.com-0084-2016Redesign;en-US;l.facebook.com;21542;1;0
Opalsands.com-0084-2016Redesign;en-US;www.google.com;20171;1;0
Miravalspamonarchbeach.com-0109-2017Redesign;en-US;www.monarchbeachresort.com;32984;1;0
Opalsands.com-0084-2016Redesign;en-US;www.beachtourism.com;20171;1;0
Cphollywoodbeach.com-0032-2015Redesign;en-US;www.google.com.ph;7805;1;0
Casaybelresort.com-0002-2014Redesign;en-US;www.google.com;1613;1;0
Napavalleymarriott.com-0071-2016Redesign;en-US;timhost.ru;16432;1;0
Napavalleymarriott.com-0071-2016Redesign;en-US;technika-remont.ru;16432;1;0
Luxehotels.com-0078-2016Redesign;en-US;www.google.com;18833;1;0
Thesagamore.com-0112-2017Redesign;en-US;www.google.com;32339;1;0
Luxehotels.com-0078-2016Redesign;en-US;www.google.com;18831;1;0
Broadmoor.com-0073-2016Redesign;en-US;www.google.com;21231;1;0
Galthouse.com-0042-2015Redesign;en-US;m.facebook.com;31905;1;0
Broadmoor.com-0073-2016Redesign;en-US;www.google.com;16793;1;0
Galthouse.com-0042-2015Redesign;en-US;m.facebook.com;31905;1;0
Jupiterbeachresort.com-0103-2017Redesign;en-US;www.hiamag.com;28158;1;0
