Chrco.com-0107-2017Redesign;en-US;0;31152;1;0
Jupiterbeachresort.com-0103-2017Redesign;en-US;28165;28206;1;0
Thecurtis.com-0079-2016Redesign;en-US;0;17981;1;0
Thecurtis.com-0079-2016Redesign;en-US;17981;19391;1;0
Thelodgeatwoodloch.com-0033-2015Redesign;en-US;8254;9848;1;0
Samosetresort.com-0113-2017Redesign;en-US;0;32541;1;0
Jupiterbeachresort.com-0103-2017Redesign;en-US;28206;28198;1;0
Thesagamore.com-0112-2017Redesign;en-US;32339;32390;1;0
Longboatkeyclub.com-0104-2017Redesign;en-US;28349;28328;1;0
Beverlyhillsresidenceinn.com-0087-2016Redesign;en-US;0;20999;1;0
Cocokeyorlando.com-0059-2015Redesign;en-US;0;12394;1;0
Secretharbourvi.com-0040-2015Redesign;en-US;0;9418;1;0
Secretharbourvi.com-0040-2015Redesign;en-US;9418;9249;1;0
Secretharbourvi.com-0040-2015Redesign;en-US;9249;9496;1;0
Secretharbourvi.com-0040-2015Redesign;en-US;9496;21001;1;0
Secretharbourvi.com-0040-2015Redesign;en-US;21001;9254;1;0
Secretharbourvi.com-0040-2015Redesign;en-US;9254;9497;1;0
Secretharbourvi.com-0040-2015Redesign;en-US;9497;36862;1;0
Secretharbourvi.com-0040-2015Redesign;en-US;36862;9381;1;0
Thecurtis.com-0079-2016Redesign;en-US;0;17981;1;0
Secretharbourvi.com-0040-2015Redesign;en-US;9381;9557;1;0
Secretharbourvi.com-0040-2015Redesign;en-US;9557;9481;1;0
Thesagamore.com-0112-2017Redesign;en-US;32390;33574;1;0
Secretharbourvi.com-0040-2015Redesign;en-US;9481;21010;1;0
Secretharbourvi.com-0040-2015Redesign;en-US;21010;36861;1;0
Secretharbourvi.com-0040-2015Redesign;en-US;36861;9372;1;0
Secretharbourvi.com-0040-2015Redesign;en-US;9372;26364;1;0
Secretharbourvi.com-0040-2015Redesign;en-US;26364;9381;1;0
Secretharbourvi.com-0040-2015Redesign;en-US;9381;26362;1;0
Theoxfordhotel.com-0062-2015Redesign;en-US;0;14325;1;0
Secretharbourvi.com-0040-2015Redesign;en-US;26362;9552;1;0
Secretharbourvi.com-0040-2015Redesign;en-US;9552;21009;1;0
Secretharbourvi.com-0040-2015Redesign;en-US;21009;9549;1;0
Secretharbourvi.com-0040-2015Redesign;en-US;9549;9301;1;0
Secretharbourvi.com-0040-2015Redesign;en-US;9301;9460;1;0
Secretharbourvi.com-0040-2015Redesign;en-US;9460;9416;1;0
Secretharbourvi.com-0040-2015Redesign;en-US;9416;9498;1;0
Secretharbourvi.com-0040-2015Redesign;en-US;9498;9372;1;0
Secretharbourvi.com-0040-2015Redesign;en-US;9372;9377;1;0
Secretharbourvi.com-0040-2015Redesign;en-US;9377;9415;1;0
Secretharbourvi.com-0040-2015Redesign;en-US;9415;9493;1;0
Secretharbourvi.com-0040-2015Redesign;en-US;9493;41786;1;0
Thecurtis.com-0079-2016Redesign;en-US;19391;19197;1;0
Secretharbourvi.com-0040-2015Redesign;en-US;41786;9494;1;0
Secretharbourvi.com-0040-2015Redesign;en-US;9494;9378;1;0
Secretharbourvi.com-0040-2015Redesign;en-US;9378;9492;1;0
Thecurtis.com-0079-2016Redesign;en-US;19197;17981;1;0
Secretharbourvi.com-0040-2015Redesign;en-US;9492;9499;1;0
Secretharbourvi.com-0040-2015Redesign;en-US;9499;9481;1;0
Secretharbourvi.com-0040-2015Redesign;en-US;9481;9500;1;0
Secretharbourvi.com-0040-2015Redesign;en-US;9500;9495;1;0
Thesagamore.com-0112-2017Redesign;en-US;33574;32390;1;0
Secretharbourvi.com-0040-2015Redesign;en-US;9495;9301;1;0
Secretharbourvi.com-0040-2015Redesign;en-US;9301;9553;1;0
Secretharbourvi.com-0040-2015Redesign;en-US;9553;9374;1;0
Secretharbourvi.com-0040-2015Redesign;en-US;9374;9376;1;0
