Marriottkeylargo.com-0015-2014Redesign;en-US;www.fla-keys.com;3948;1;0
Marriottkeylargo.com-0015-2014Redesign;en-US;www.fla-keys.com;3964;1;0
theweststreethotel.com-0115-2017Redesign;en-US;www.google.com;36683;1;0
Cphollywoodbeach.com-0032-2015Redesign;en-US;www.google.com;7831;1;0
Broadmoor.com-0073-2016Redesign;en-US;www.google.com;17450;1;0
Napavalleymarriott.com-0071-2016Redesign;en-US;www.google.com;16432;1;0
Broadmoor.com-0073-2016Redesign;en-US;tpc.googlesyndication.com;16728;1;0
Luxehotels.com-0078-2016Redesign;en-US;www.google.com;19290;1;0
Broadmoor.com-0073-2016Redesign;en-US;www.visitcos.com;18010;1;0
Broadmoor.com-0073-2016Redesign;en-US;www.visitcos.com;18010;1;0
Cendyn.com-0095-2016Redesign;en-US;ovationsmanagementsolutions.com;26640;1;0
Thesagamore.com-0112-2017Redesign;en-US;www.google.com;32339;1;0
Longboatkeyclub.com-0104-2017Redesign;en-US;worldcam.eu;28317;1;0
Casaybelresort.com-0002-2014Redesign;en-US;www.google.com;1533;1;0
Broadmoor.com-0073-2016Redesign;en-US;login.nomadix.com:1111;16724;1;0
Montaukyachtclub.com-0010-2014Redesign;en-US;m.facebook.com;2240;1;0
Broadmoor.com-0073-2016Redesign;en-US;m.facebook.com;18010;1;0
Broadmoor.com-0073-2016Redesign;en-US;login.nomadix.com:1111;16724;1;0
Marriottkeylargo.com-0015-2014Redesign;en-US;www.fla-keys.com;3964;1;0
Marriottkeylargo.com-0015-2014Redesign;en-US;surfinggator.com;3948;1;0
Thecurtis.com-0079-2016Redesign;en-US;www.google.com;17981;1;0
saddlebrook.com-0011-2014Redesign;en-US;www.google.com;3385;1;0
Broadmoor.com-0073-2016Redesign;en-US;s0.2mdn.net;18010;1;0
Luxehotels.com-0078-2016Redesign;en-US;www.google.com;18833;1;0
Broadmoor.com-0073-2016Redesign;en-US;www.google.com;18259;1;0
Glencovemansion.com-0058-2015Redesign;en-US;www.google.com.kh;13328;1;0
