Montaukyachtclub.com-0010-2014Redesign;en-US;www.google.com;2240;1;0
Oxfordclubspa.com-0068-2016Redesign;en-US;www.denver.org;15568;1;0
theweststreethotel.com-0115-2017Redesign;en-US;giftmdi.com;36683;1;0
Broadmoor.com-0073-2016Redesign;en-US;www.google.com;16721;1;0
Broadmoor.com-0073-2016Redesign;en-US;www.google.com;16721;1;0
Broadmoor.com-0073-2016Redesign;en-US;www.google.com;16721;1;0
Bocatrans.com-0082-2016Redesign;en-US;www.google.com;19758;1;0
Theloganhotel.com-0043-2015Redesign;en-US;l.facebook.com;20218;1;0
Cendyn.com-0095-2016Redesign;en-US;pro-promat.ru;26640;1;0
Theloganhotel.com-0043-2015Redesign;en-US;l.facebook.com;20218;1;0
Broadmoor.com-0073-2016Redesign;en-US;login.nomadix.com:1111;16724;1;0
Thelodgeatwoodloch.com-0033-2015Redesign;en-US;android-app:;8346;1;0
Broadmoor.com-0073-2016Redesign;en-US;login.nomadix.com:1111;16724;1;0
Chrco.com-0107-2017Redesign;en-US;www.google.com;29280;1;0
Galthouse.com-0042-2015Redesign;en-US;s0.2mdn.net;10582;1;0
Glencovemansion.com-0058-2015Redesign;en-US;www.google.com;13340;1;0
Thesagamore.com-0112-2017Redesign;en-US;www.google.ca;32348;1;0
Galthouse.com-0042-2015Redesign;en-US;s0.2mdn.net;10582;1;0
Montaukyachtclub.com-0010-2014Redesign;en-US;www.google.com;2240;1;0
Broadmoor.com-0073-2016Redesign;en-US;login.nomadix.com:1111;16724;1;0
Broadmoor.com-0073-2016Redesign;en-US;login.nomadix.com:1111;16724;1;0
Broadmoor.com-0073-2016Redesign;en-US;www.visitcos.com;16721;1;0
Broadmoor.com-0073-2016Redesign;en-US;www.google.com;16721;1;0
Galthouse.com-0042-2015Redesign;en-US;s0.2mdn.net;10582;1;0
Casaybelresort.com-0002-2014Redesign;en-US;www.google.com;1533;1;0
Thesagamore.com-0112-2017Redesign;en-US;www.google.com;32339;1;0
Broadmoor.com-0073-2016Redesign;en-US;login.nomadix.com:1111;16724;1;0
Theloganhotel.com-0043-2015Redesign;en-US;l.facebook.com;20218;1;0
Galthouse.com-0042-2015Redesign;en-US;s0.2mdn.net;10582;1;0
Broadmoor.com-0073-2016Redesign;en-US;www.visitcos.com;16721;1;0
Broadmoor.com-0073-2016Redesign;en-US;www.google.com;18259;1;0
Edgewaternaples.com-0094-2016Redesign;en-US;www.google.com;25239;1;0
Galthouse.com-0042-2015Redesign;en-US;s0.2mdn.net;10582;1;0
Lakeplacidlodge.com-0105-2017Redesign;en-US;outlook.live.com;28545;1;0
Casaybelresort.com-0002-2014Redesign;en-US;duckduckgo.com;1613;1;0
Broadmoor.com-0073-2016Redesign;en-US;www.google.com;16721;1;0
Opalsands.com-0084-2016Redesign;en-US;www.google.com;20171;1;0
Opalsands.com-0084-2016Redesign;en-US;www.google.com;20171;1;0
Broadmoor.com-0073-2016Redesign;en-US;m.facebook.com;16790;1;0
Montaukyachtclub.com-0010-2014Redesign;en-US;www.google.com;2240;1;0
Broadmoor.com-0073-2016Redesign;en-US;www.google.com;18259;1;0
Thesagamore.com-0112-2017Redesign;en-US;www.google.com;32339;1;0
Halcyonhotelcherrycreek.com-0061-2015Redesign;en-US;www.google.com;22121;1;0
Broadmoor.com-0073-2016Redesign;en-US;www.google.com;16721;1;0
Broadmoor.com-0073-2016Redesign;en-US;www.google.com;16721;1;0
Thesagamore.com-0112-2017Redesign;en-US;m.facebook.com;32339;1;0
Broadmoor.com-0073-2016Redesign;en-US;www.google.com;16721;1;0
Thesagamore.com-0112-2017Redesign;en-US;m.facebook.com;32339;1;0
Broadmoor.com-0073-2016Redesign;en-US;www.google.com;16721;1;0
Theloganhotel.com-0043-2015Redesign;en-US;www.google.com;20218;1;0
Broadmoor.com-0073-2016Redesign;en-US;m.facebook.com;16790;1;0
