Thesagamore.com-0112-2017Redesign;en-US;www.google.com;32339;1;0
Longboatkeyclub.com-0104-2017Redesign;en-US;www.google.com;28364;1;0
Longboatkeyclub.com-0104-2017Redesign;en-US;www.google.com;28364;1;0
Theloganhotel.com-0043-2015Redesign;en-US;www.google.com;25355;1;0
Treasureislandbeachresort.com-0089-2016Redesign;en-US;www.google.com;22169;1;0
Lidobeachresort.com-0106-2017Redesign;en-US;www.google.com;28714;1;0
Cphollywoodbeach.com-0032-2015Redesign;en-US;www.sunny.org;7831;1;0
Longboatkeyclub.com-0104-2017Redesign;en-US;www.google.com;28316;1;0
Lidobeachresort.com-0106-2017Redesign;en-US;www.google.com;28667;1;0
Renaissancepittsburghpa.com-0044-2015Redesign;en-US;www.google.com;9637;1;0
saddlebrook.com-0011-2014Redesign;en-US;www.google.com;3385;1;0
Cendyn.com-0095-2016Redesign;en-US;www.cendynone.com;26640;1;0
Cendyn.com-0095-2016Redesign;en-US;www.cendynone.com;26640;1;0
Cendyn.com-0095-2016Redesign;en-US;www.cendynone.com;26640;1;0
Cendyn.com-0095-2016Redesign;en-US;www.cendynone.com;26640;1;0
Cendyn.com-0095-2016Redesign;en-US;www.cendynone.com;26640;1;0
Jupiterbeachresort.com-0103-2017Redesign;en-US;www.123webcam.com;28158;1;0
Broadmoor.com-0073-2016Redesign;en-US;login.nomadix.com:1111;16724;1;0
Broadmoor.com-0073-2016Redesign;en-US;login.nomadix.com:1111;16724;1;0
Broadmoor.com-0073-2016Redesign;en-US;login.nomadix.com:1111;16724;1;0
Thesagamore.com-0112-2017Redesign;en-US;www.google.com;32339;1;0
Broadmoor.com-0073-2016Redesign;en-US;login.nomadix.com:1111;16724;1;0
Renaissancepittsburghpa.com-0044-2015Redesign;en-US;www.google.com;9637;1;0
saddlebrook.com-0011-2014Redesign;en-US;www.google.com;3385;1;0
Broadmoor.com-0073-2016Redesign;en-US;login.nomadix.com:1111;16724;1;0
Broadmoor.com-0073-2016Redesign;en-US;login.nomadix.com:1111;16724;1;0
saddlebrook.com-0011-2014Redesign;en-US;www.google.com;4538;1;0
Theloganhotel.com-0043-2015Redesign;en-US;172.20.0.1:8000;20218;1;0
Marriottkeylargo.com-0015-2014Redesign;en-US;surfinggator.com;3948;1;0
Samosetresort.com-0113-2017Redesign;en-US;www.google.ca;32541;1;0
Samosetresort.com-0113-2017Redesign;en-US;www.google.ca;32541;1;0
