Glencovemansion.com-0058-2015Redesign;en-US;www.bing.com;13328;1;0
Halcyonhotelcherrycreek.com-0061-2015Redesign;en-US;android-app:;22121;1;0
Broadmoor.com-0073-2016Redesign;en-US;www.google.com;18188;1;0
Washingtoncourthotel.com-0076-2016Redesign;en-US;sucuri.net;17858;1;0
Monarchbeachresort.com-0092-2016Redesign;en-US;www.google.com;22725;1;0
Washingtoncourthotel.com-0076-2016Redesign;en-US;sucuri.net;17858;1;0
Broadmoor.com-0073-2016Redesign;en-US;login.nomadix.com:1111;16724;1;0
Broadmoor.com-0073-2016Redesign;en-US;login.nomadix.com:1111;16724;1;0
Washingtoncourthotel.com-0076-2016Redesign;en-US;sucuri.net;17858;1;0
Washingtoncourthotel.com-0076-2016Redesign;en-US;sucuri.net;17858;1;0
Washingtoncourthotel.com-0076-2016Redesign;en-US;www.google.com;17858;1;0
Monarchbeachresort.com-0092-2016Redesign;en-US;www.google.com;40151;1;0
Broadmoor.com-0073-2016Redesign;en-US;www.magiquiz.com;16728;1;0
Washingtoncourthotel.com-0076-2016Redesign;en-US;www.bing.com;17933;1;0
Washingtoncourthotel.com-0076-2016Redesign;en-US;www.facebook.com;17932;1;0
Washingtoncourthotel.com-0076-2016Redesign;en-US;www.facebook.com;18039;1;0
Washingtoncourthotel.com-0076-2016Redesign;en-US;sucuri.net;17935;1;0
Broadmoor.com-0073-2016Redesign;en-US;www.magiquiz.com;16728;1;0
Washingtoncourthotel.com-0076-2016Redesign;en-US;www.google.com;17934;1;0
Springhillsuitesdenver.com-0060-2015Redesign;en-US;www.google.com;12307;1;0
Theoxfordhotel.com-0062-2015Redesign;en-US;www.google.com;14325;1;0
Cphollywoodbeach.com-0032-2015Redesign;en-US;www.sunny.org;7831;1;0
Denvercy.com-0036-2015Redesign;en-US;krassh.ru;8150;1;0
Residenceinnnyc.com-0034-2015Redesign;en-US;krassh.ru;7926;1;0
Denvercy.com-0036-2015Redesign;en-US;krassh.ru;8150;1;0
Residenceinnnyc.com-0034-2015Redesign;en-US;krassh.ru;7926;1;0
Denvercy.com-0036-2015Redesign;en-US;krassh.ru;8150;1;0
Residenceinnnyc.com-0034-2015Redesign;en-US;krassh.ru;7926;1;0
theweststreethotel.com-0115-2017Redesign;en-US;www.barharborinfo.com;36683;1;0
Sandpearl.com-0091-2016Redesign;en-US;www.baidu.com;22481;1;0
Sandpearl.com-0091-2016Redesign;en-US;www.baidu.com;22481;1;0
Samosetresort.com-0113-2017Redesign;en-US;getpocket.com;35152;1;0
Samosetresort.com-0113-2017Redesign;en-US;getpocket.com;35152;1;0
Laxembassy.com-0008-2014Redesign;en-US;www.google.com;2090;1;0
Thecrawfordhotel.com-0074-2016Redesign;en-US;www.google.com;17158;1;0
Thesagamore.com-0112-2017Redesign;en-US;escapebrooklyn.com;32339;1;0
