Bluebirch.com-0072-2016Redesign;en-US;mojpreskumanie.com;16693;1;0
Bluebirch.com-0072-2016Redesign;en-US;mojpreskumanie.com;16693;1;0
Bluebirch.com-0072-2016Redesign;en-US;mojpreskumanie.com;16693;1;0
Broadmoor.com-0073-2016Redesign;en-US;login.nomadix.com:1111;16724;1;0
Broadmoor.com-0073-2016Redesign;en-US;login.nomadix.com:1111;16724;1;0
Broadmoor.com-0073-2016Redesign;en-US;tpc.googlesyndication.com;16728;1;0
Broadmoor.com-0073-2016Redesign;en-US;login.nomadix.com:1111;16724;1;0
Broadmoor.com-0073-2016Redesign;en-US;login.nomadix.com:1111;16724;1;0
Broadmoor.com-0073-2016Redesign;en-US;tpc.googlesyndication.com;16728;1;0
Thelodgeatwoodloch.com-0033-2015Redesign;en-US;www.zerkala-elegant.ru;7764;1;0
Thelodgeatwoodloch.com-0033-2015Redesign;en-US;xn--e1alcivt.xn--p1ai;7764;1;0
Thelodgeatwoodloch.com-0033-2015Redesign;en-US;1kreditzaim.ru;7764;1;0
Edgewaternaples.com-0094-2016Redesign;en-US;www.baidu.com;25239;1;0
Edgewaternaples.com-0094-2016Redesign;en-US;www.baidu.com;25239;1;0
Thelodgeatwoodloch.com-0033-2015Redesign;en-US;www--thelodgeatwoodloch--com.rztrkr.com;8261;1;0
Cendyn.com-0095-2016Redesign;en-US;www.linkedin.com;41654;1;0
Thelodgeatwoodloch.com-0033-2015Redesign;en-US;www.google.de;7764;1;0
Cocokeyorlando.com-0059-2015Redesign;en-US;www.google.com;12410;1;0
Samosetresort.com-0113-2017Redesign;en-US;www.google.com;32541;1;0
Theoxfordhotel.com-0062-2015Redesign;en-US;xn--e1alcivt.xn--p1ai;14325;1;0
Theoxfordhotel.com-0062-2015Redesign;en-US;1kreditzaim.ru;14325;1;0
Theoxfordhotel.com-0062-2015Redesign;en-US;www.zerkala-elegant.ru;14325;1;0
Halcyonhotelcherrycreek.com-0061-2015Redesign;en-US;www.google.com;23193;1;0
