Luxehotels.com-0078-2016Redesign;en-US;search.yahoo.com;18833;1;0
Courtyardportlandcitycenter.com-0063-2015Redesign;en-US;www.google.com;14545;1;0
Halcyonhotelcherrycreek.com-0061-2015Redesign;en-US;r.search.yahoo.com;22121;1;0
Edgewaternaples.com-0094-2016Redesign;en-US;www.baidu.com;25239;1;0
Edgewaternaples.com-0094-2016Redesign;en-US;www.baidu.com;25239;1;0
Cocokeyorlando.com-0059-2015Redesign;en-US;www.google.com;12394;1;0
Oxfordclubspa.com-0068-2016Redesign;en-US;m.facebook.com;15599;1;0
Secretharbourvi.com-0040-2015Redesign;en-US;www.google.com;9231;1;0
Delraysandsresort.com-0097-2016Redesign;en-US;reservations.delraysandsresort.com;28435;1;0
Delraysandsresort.com-0097-2016Redesign;en-US;reservations.delraysandsresort.com;28435;1;0
Thesagamore.com-0112-2017Redesign;en-US;www.google.com;33466;1;0
Sandpearl.com-0091-2016Redesign;en-US;www.google.com;22481;1;0
Samosetresort.com-0113-2017Redesign;en-US;android-app:;32541;1;0
Samosetresort.com-0113-2017Redesign;en-US;android-app:;32541;1;0
Lidobeachresort.com-0106-2017Redesign;en-US;search.tb.ask.com;28666;1;0
Treasureislandbeachresort.com-0089-2016Redesign;en-US;s0.2mdn.net;22169;1;0
Thecurtis.com-0079-2016Redesign;en-US;www.google.com;17981;1;0
Lidobeachresort.com-0106-2017Redesign;en-US;www.google.com.ar;28666;1;0
Renaissancepittsburghpa.com-0044-2015Redesign;en-US;www.google.com;9637;1;0
Jbdukehotel.com-0086-2016Redesign;en-US;money-for-placing-articles.com;21918;1;0
Glencovemansion.com-0058-2015Redesign;en-US;www.google.com;13328;1;0
Longboatkeyclub.com-0104-2017Redesign;en-US;www.wowlimousine.com;28316;1;0
Thesagamore.com-0112-2017Redesign;en-US;total-management.com;32339;1;0
Springhillsuitesdenver.com-0060-2015Redesign;en-US;www.bing.com;12307;1;0
Broadmoor.com-0073-2016Redesign;en-US;www.google.com;16768;1;0
Broadmoor.com-0073-2016Redesign;en-US;login.nomadix.com:1111;16724;1;0
Broadmoor.com-0073-2016Redesign;en-US;login.nomadix.com:1111;16724;1;0
Opalsands.com-0084-2016Redesign;en-US;www.google.com;20557;1;0
Thelodgeatwoodloch.com-0033-2015Redesign;en-US;www.google.com;7764;1;0
Galthouse.com-0042-2015Redesign;en-US;www.google.com;31905;1;0
Longboatkeyclub.com-0104-2017Redesign;en-US;www.bing.com;28316;1;0
Casaybelresort.com-0002-2014Redesign;en-US;www.bing.com;1533;1;0
Thecrawfordhotel.com-0074-2016Redesign;en-US;unionstationindenver.com;17158;1;0
Lidobeachresort.com-0106-2017Redesign;en-US;www.google.co.uk;28666;1;0
Renaissancepittsburghpa.com-0044-2015Redesign;en-US;r.search.yahoo.com;9637;1;0
Washingtoncourthotel.com-0076-2016Redesign;en-US;sucuri.net;17858;1;0
Washingtoncourthotel.com-0076-2016Redesign;en-US;sucuri.net;17858;1;0
Samosetresort.com-0113-2017Redesign;en-US;www.bing.com;32541;1;0
Washingtoncourthotel.com-0076-2016Redesign;en-US;sucuri.net;17858;1;0
Washingtoncourthotel.com-0076-2016Redesign;en-US;sucuri.net;17858;1;0
Washingtoncourthotel.com-0076-2016Redesign;en-US;www.google.com;17858;1;0
Washingtoncourthotel.com-0076-2016Redesign;en-US;www.bing.com;17933;1;0
Washingtoncourthotel.com-0076-2016Redesign;en-US;www.facebook.com;17932;1;0
Washingtoncourthotel.com-0076-2016Redesign;en-US;sucuri.net;18039;1;0
Washingtoncourthotel.com-0076-2016Redesign;en-US;www.facebook.com;17935;1;0
Casaybelresort.com-0002-2014Redesign;en-US;www.google.com;1639;1;0
Samosetresort.com-0113-2017Redesign;en-US;www.bing.com;32541;1;0
Washingtoncourthotel.com-0076-2016Redesign;en-US;sucuri.net;17934;1;0
Napavalleymarriott.com-0071-2016Redesign;en-US;www.google.com;16453;1;0
Broadmoor.com-0073-2016Redesign;en-US;tpc.googlesyndication.com;16728;1;0
Galthouse.com-0042-2015Redesign;en-US;www.google.com;10923;1;0
Broadmoor.com-0073-2016Redesign;en-US;www.bing.com;16721;1;0
