Thesagamore.com-0112-2017Redesign;en-US;32339;33568;1;0
Thecurtis.com-0079-2016Redesign;en-US;18823;18827;1;0
Cocokeyorlando.com-0059-2015Redesign;en-US;0;12394;1;0
Luxehotels.com-0078-2016Redesign;en-US;18833;19323;1;0
Miravalspamonarchbeach.com-0109-2017Redesign;en-US;33978;31709;1;0
Thecrawfordhotel.com-0074-2016Redesign;en-US;17163;17159;1;0
Thecrawfordhotel.com-0074-2016Redesign;en-US;17159;17169;1;0
Galthouse.com-0042-2015Redesign;en-US;10570;10613;1;0
Napavalleymarriott.com-0071-2016Redesign;en-US;16432;16455;1;0
Napavalleymarriott.com-0071-2016Redesign;en-US;16455;16432;1;0
Broadmoor.com-0073-2016Redesign;en-US;16721;16724;1;0
Broadmoor.com-0073-2016Redesign;en-US;16721;16763;1;0
Luxehotels.com-0078-2016Redesign;en-US;19323;19641;1;0
saddlebrook.com-0011-2014Redesign;en-US;3385;3463;1;0
wentworthcom00212014redesign;en-US;4259;26679;1;0
wentworthcom00212014redesign;en-US;26679;4259;1;0
theweststreethotel.com-0115-2017Redesign;en-US;37486;36683;1;0
Monarchbeachresort.com-0092-2016Redesign;en-US;22725;22982;1;0
Thecrawfordhotel.com-0074-2016Redesign;en-US;17169;17667;1;0
Thesagamore.com-0112-2017Redesign;en-US;33924;33923;1;0
Broadmoor.com-0073-2016Redesign;en-US;16721;21231;1;0
Opalsands.com-0084-2016Redesign;en-US;0;21218;1;0
Thecrawfordhotel.com-0074-2016Redesign;en-US;17169;17176;1;0
Oxfordclubspa.com-0068-2016Redesign;en-US;0;15568;1;0
Oxfordclubspa.com-0068-2016Redesign;en-US;0;15568;1;0
Broadmoor.com-0073-2016Redesign;en-US;17269;17333;1;0
Thesagamore.com-0112-2017Redesign;en-US;33474;33475;1;0
Residenceinnlax.com-0026-2014Redesign;en-US;0;5308;1;0
Montaukyachtclub.com-0010-2014Redesign;en-US;2240;2448;1;0
Thesagamore.com-0112-2017Redesign;en-US;33568;32351;1;0
saddlebrook.com-0011-2014Redesign;en-US;3463;3469;1;0
Broadmoor.com-0073-2016Redesign;en-US;0;16724;1;0
Broadmoor.com-0073-2016Redesign;en-US;16763;16765;1;0
Monarchbeachresort.com-0092-2016Redesign;en-US;22725;36747;1;0
Treasureislandbeachresort.com-0089-2016Redesign;en-US;0;22185;1;0
Monarchbeachresort.com-0092-2016Redesign;en-US;22982;22992;1;0
Broadmoor.com-0073-2016Redesign;en-US;18259;16753;1;0
Napavalleymarriott.com-0071-2016Redesign;en-US;16432;16454;1;0
Broadmoor.com-0073-2016Redesign;en-US;16778;18164;1;0
Sandylane.com-0075-2016Redesign;en-US;17645;17675;1;0
Longboatkeyclub.com-0104-2017Redesign;en-US;0;35641;1;0
Broadmoor.com-0073-2016Redesign;en-US;21231;22918;1;0
Thelodgeatwoodloch.com-0033-2015Redesign;en-US;11307;8250;1;0
Monarchbeachresort.com-0092-2016Redesign;en-US;26788;26800;1;0
Napavalleymarriott.com-0071-2016Redesign;en-US;16432;16456;1;0
Broadmoor.com-0073-2016Redesign;en-US;0;16721;1;0
Thesagamore.com-0112-2017Redesign;en-US;33366;33921;1;0
Broadmoor.com-0073-2016Redesign;en-US;18259;18782;1;0
Washingtondukeinn.com-0024-2014Redesign;en-US;4743;5495;1;0
Broadmoor.com-0073-2016Redesign;en-US;22918;16766;1;0
Sandpearl.com-0091-2016Redesign;en-US;22488;25376;1;0
Thesagamore.com-0112-2017Redesign;en-US;33921;33922;1;0
Thelodgeatwoodloch.com-0033-2015Redesign;en-US;7764;9526;1;0
wentworthcom00212014redesign;en-US;4306;4280;1;0
Samosetresort.com-0113-2017Redesign;en-US;32541;35226;1;0
Monarchbeachresort.com-0092-2016Redesign;en-US;22725;26788;1;0
Broadmoor.com-0073-2016Redesign;en-US;18782;18259;1;0
Thesagamore.com-0112-2017Redesign;en-US;32351;33568;1;0
Sandylane.com-0075-2016Redesign;en-US;17611;17692;1;0
Monarchbeachresort.com-0092-2016Redesign;en-US;23001;22994;1;0
Theharborsidehotel.com-0114-2017Redesign;en-US;37989;38022;1;0
Cphollywoodbeach.com-0032-2015Redesign;en-US;7862;7831;1;0
Theoxfordhotel.com-0062-2015Redesign;en-US;0;14457;1;0
Broadmoor.com-0073-2016Redesign;en-US;18259;16722;1;0
Thelodgeatwoodloch.com-0033-2015Redesign;en-US;8304;7783;1;0
Renaissancepittsburghpa.com-0044-2015Redesign;en-US;0;9637;1;0
Thelodgeatwoodloch.com-0033-2015Redesign;en-US;9526;8257;1;0
Monarchbeachresort.com-0092-2016Redesign;en-US;36747;23615;1;0
Renaissancepittsburghpa.com-0044-2015Redesign;en-US;9739;9691;1;0
Glencovemansion.com-0058-2015Redesign;en-US;13328;13371;1;0
Thecurtis.com-0079-2016Redesign;en-US;0;17981;1;0
Thesagamore.com-0112-2017Redesign;en-US;33923;33921;1;0
Samosetresort.com-0113-2017Redesign;en-US;35274;35329;1;0
wentworthcom00212014redesign;en-US;26679;4246;1;0
Thesagamore.com-0112-2017Redesign;en-US;33475;33476;1;0
wentworthcom00212014redesign;en-US;4280;4274;1;0
Thesagamore.com-0112-2017Redesign;en-US;32339;33921;1;0
Sandylane.com-0075-2016Redesign;en-US;17675;17676;1;0
Lakeplacidlodge.com-0105-2017Redesign;en-US;32824;32807;1;0
