Galthouse.com-0042-2015Redesign;en-US;android-app:;10055;1;0
Thecrawfordhotel.com-0074-2016Redesign;en-US;www.baidu.com;17145;1;0
Washingtoncourthotel.com-0076-2016Redesign;en-US;www.google.com;17858;1;0
Cphollywoodbeach.com-0032-2015Redesign;en-US;www.sunny.org;7831;1;0
Cphollywoodbeach.com-0032-2015Redesign;en-US;www.sunny.org;7831;1;0
saddlebrook.com-0011-2014Redesign;en-US;www.google.ca;3385;1;0
Thesagamore.com-0112-2017Redesign;en-US;www.google.com;32347;1;0
Edgewaternaples.com-0094-2016Redesign;en-US;s0.2mdn.net;25239;1;0
Broadmoor.com-0073-2016Redesign;en-US;login.nomadix.com:1111;16724;1;0
Broadmoor.com-0073-2016Redesign;en-US;login.nomadix.com:1111;16724;1;0
Galthouse.com-0042-2015Redesign;en-US;www.google.com;31905;1;0
Galthouse.com-0042-2015Redesign;en-US;www.google.com;31905;1;0
Chrco.com-0107-2017Redesign;en-US;www.google.co.in;29280;1;0
Cphollywoodbeach.com-0032-2015Redesign;en-US;www.sunny.org;7831;1;0
theweststreethotel.com-0115-2017Redesign;en-US;www.ophotels.com;36683;1;0
Delraysandsresort.com-0097-2016Redesign;en-US;www.ophotels.com;27232;1;0
Chrco.com-0107-2017Redesign;en-US;www.google.co.in;29434;1;0
Sandpearl.com-0091-2016Redesign;en-US;www.google.com;22481;1;0
Broadmoor.com-0073-2016Redesign;en-US;www.cograilway.com;18259;1;0
Marriottkeylargo.com-0015-2014Redesign;en-US;www.ophotels.com;3948;1;0
Edgewaternaples.com-0094-2016Redesign;en-US;www.google.com;25246;1;0
Marriottkeylargo.com-0015-2014Redesign;en-US;www.ophotels.com;3964;1;0
Edgewaternaples.com-0094-2016Redesign;en-US;www.google.com;25246;1;0
Thelodgeatwoodloch.com-0033-2015Redesign;en-US;www.poconomountains.com;7764;1;0
Broadmoor.com-0073-2016Redesign;en-US;login.nomadix.com:1111;16724;1;0
Broadmoor.com-0073-2016Redesign;en-US;login.nomadix.com:1111;16724;1;0
Thecurtis.com-0079-2016Redesign;en-US;www.osnova3.ru;17981;1;0
Sandpearl.com-0091-2016Redesign;en-US;www.google.co.uk;22481;1;0
Samosetresort.com-0113-2017Redesign;en-US;www.ophotels.com;32541;1;0
Cphollywoodbeach.com-0032-2015Redesign;en-US;www.sunny.org;7831;1;0
Galthouse.com-0042-2015Redesign;en-US;www.google.com;10558;1;0
Jbdukehotel.com-0086-2016Redesign;en-US;www.google.com;21948;1;0
wentworthcom00212014redesign;en-US;www.google.com;4259;1;0
