Lidobeachresort.com-0106-2017Redesign;en-US;www.tripadvisor.com;28666;1;0
Unionstationhotelnashville.com-0047-2015Redesign;en-US;www.google.com;32226;1;0
wentworthcom00212014redesign;en-US;www.visit-newhampshire.com;26679;1;0
wentworthcom00212014redesign;en-US;www.visit-newhampshire.com;4259;1;0
Halcyonhotelcherrycreek.com-0061-2015Redesign;en-US;m.facebook.com;41138;1;0
theweststreethotel.com-0115-2017Redesign;en-US;www.barharborresorts.com;36683;1;0
Broadmoor.com-0073-2016Redesign;en-US;login.nomadix.com:1111;16724;1;0
Broadmoor.com-0073-2016Redesign;en-US;login.nomadix.com:1111;16724;1;0
Cphollywoodbeach.com-0032-2015Redesign;en-US;www.google.com;7831;1;0
Casaybelresort.com-0002-2014Redesign;en-US;www.google.com;1613;1;0
saddlebrook.com-0011-2014Redesign;en-US;www.google.com;3385;1;0
Cphollywoodbeach.com-0032-2015Redesign;en-US;www.sunny.org;7831;1;0
Broadmoor.com-0073-2016Redesign;en-US;tpc.googlesyndication.com;16728;1;0
Opalsands.com-0084-2016Redesign;en-US;www.beachtourism.com;20171;1;0
Casaybelresort.com-0002-2014Redesign;en-US;www.google.com;1533;1;0
Longboatkeyclub.com-0104-2017Redesign;en-US;www.baysider.com;35641;1;0
Broadmoor.com-0073-2016Redesign;en-US;www.google.com;16721;1;0
Casaybelresort.com-0002-2014Redesign;en-US;duckduckgo.com;1613;1;0
Marriottkeylargo.com-0015-2014Redesign;en-US;surfinggator.com;3948;1;0
Cphollywoodbeach.com-0032-2015Redesign;en-US;www.google.com;7805;1;0
Casaybelresort.com-0002-2014Redesign;en-US;www.google.com;1613;1;0
Thesagamore.com-0112-2017Redesign;en-US;www.google.com;32339;1;0
Glencovemansion.com-0058-2015Redesign;en-US;www.google.com;13328;1;0
Thesagamore.com-0112-2017Redesign;en-US;www.google.com;32339;1;0
Lidobeachresort.com-0106-2017Redesign;en-US;www.google.com;28666;1;0
Cphollywoodbeach.com-0032-2015Redesign;en-US;www.beachcamsusa.com;7831;1;0
Marriottkeylargo.com-0015-2014Redesign;en-US;www.google.com;3964;1;0
Marriottkeylargo.com-0015-2014Redesign;en-US;surfinggator.com;3948;1;0
Marriottkeylargo.com-0015-2014Redesign;en-US;surfinggator.com;3964;1;0
Longboatkeyclub.com-0104-2017Redesign;en-US;www.baysider.com;35641;1;0
Thecurtis.com-0079-2016Redesign;en-US;www.google.com;17981;1;0
Longboatkeyclub.com-0104-2017Redesign;en-US;www.google.com;28317;1;0
Sandylane.com-0075-2016Redesign;en-US;www.google.co.uk;17739;1;0
Broadmoor.com-0073-2016Redesign;en-US;www.google.co.uk;16721;1;0
Renaissancepittsburghpa.com-0044-2015Redesign;en-US;14b.info;9637;1;0
Casaybelresort.com-0002-2014Redesign;en-US;www.google.com;1613;1;0
Renaissancepittsburghpa.com-0044-2015Redesign;en-US;14b.info;9637;1;0
Cphollywoodbeach.com-0032-2015Redesign;en-US;www.google.com;7831;1;0
Broadmoor.com-0073-2016Redesign;en-US;www.google.com;18259;1;0
Casaybelresort.com-0002-2014Redesign;en-US;www.google.de;1613;1;0
Casaybelresort.com-0002-2014Redesign;en-US;www.google.com;1613;1;0
Renaissancepittsburghpa.com-0044-2015Redesign;en-US;14b.info;9637;1;0
Theoxfordhotel.com-0062-2015Redesign;en-US;www.google.com;14330;1;0
theweststreethotel.com-0115-2017Redesign;en-US;www.google.com;36683;1;0
Broadmoor.com-0073-2016Redesign;en-US;login.nomadix.com:1111;16724;1;0
Broadmoor.com-0073-2016Redesign;en-US;login.nomadix.com:1111;16724;1;0
Hospitalityupgrade.com-0093-2016Redesign;en-US;www.google.com;25405;1;0
Galthouse.com-0042-2015Redesign;en-US;www.google.com;10570;1;0
Marriottkeylargo.com-0015-2014Redesign;en-US;www.beachcamsusa.com;3948;1;0
Cphollywoodbeach.com-0032-2015Redesign;en-US;www.google.com;7831;1;0
Broadmoor.com-0073-2016Redesign;en-US;login.nomadix.com:1111;16724;1;0
Broadmoor.com-0073-2016Redesign;en-US;login.nomadix.com:1111;16724;1;0
Casaybelresort.com-0002-2014Redesign;en-US;www.google.com;1613;1;0
Longboatkeyclub.com-0104-2017Redesign;en-US;www.google.co.uk;28317;1;0
Napavalleymarriott.com-0071-2016Redesign;en-US;www.google.com;16432;1;0
Casaybelresort.com-0002-2014Redesign;en-US;surfinggator.com;1613;1;0
Opalsands.com-0084-2016Redesign;en-US;www.beachtourism.com;20171;1;0
Cphollywoodbeach.com-0032-2015Redesign;en-US;www.sunny.org;7831;1;0
Cphollywoodbeach.com-0032-2015Redesign;en-US;www.sunny.org;7831;1;0
Casaybelresort.com-0002-2014Redesign;en-US;www.google.com;1613;1;0
Cphollywoodbeach.com-0032-2015Redesign;en-US;www.sunny.org;7831;1;0
Saddlebrookprep.com-0022-2014Transfer;en-US;www.google.de;3914;1;0
Cphollywoodbeach.com-0032-2015Redesign;en-US;www.sunny.org;7831;1;0
Miravalspamonarchbeach.com-0109-2017Redesign;en-US;www.miravalresorts.com;31709;1;0
Longboatkeyclub.com-0104-2017Redesign;en-US;worldcam.eu;28317;1;0
Casaybelresort.com-0002-2014Redesign;en-US;www.google.com;1613;1;0
Edgewaternaples.com-0094-2016Redesign;en-US;www.google.com;25239;1;0
Longboatkeyclub.com-0104-2017Redesign;en-US;www.google.com;28317;1;0
Cphollywoodbeach.com-0032-2015Redesign;en-US;www.sunny.org;7831;1;0
Thelodgeatwoodloch.com-0033-2015Redesign;en-US;m.huffpost.com;7764;1;0
Cphollywoodbeach.com-0032-2015Redesign;en-US;www.google.com;7831;1;0
Thelodgeatwoodloch.com-0033-2015Redesign;en-US;www.poconomountains.com;7764;1;0
Thesagamore.com-0112-2017Redesign;en-US;yandex.ru;32339;1;0
Cphollywoodbeach.com-0032-2015Redesign;en-US;www.google.com;7831;1;0
Longboatkeyclub.com-0104-2017Redesign;en-US;www.google.com;28317;1;0
Edgewaternaples.com-0094-2016Redesign;en-US;www.google.co.uk;25239;1;0
Cphollywoodbeach.com-0032-2015Redesign;en-US;www.sunny.org;7831;1;0
Broadmoor.com-0073-2016Redesign;en-US;www.google.ca;16721;1;0
Casaybelresort.com-0002-2014Redesign;en-US;www.google.com;1613;1;0
Thelodgeatwoodloch.com-0033-2015Redesign;en-US;www.google.com;8254;1;0
Cphollywoodbeach.com-0032-2015Redesign;en-US;www.google.ca;7831;1;0
Lakeplacidlodge.com-0105-2017Redesign;en-US;www.google.com;28545;1;0
Broadmoor.com-0073-2016Redesign;en-US;login.nomadix.com:1111;16724;1;0
Lakeplacidlodge.com-0105-2017Redesign;en-US;www.google.com;28545;1;0
Broadmoor.com-0073-2016Redesign;en-US;login.nomadix.com:1111;16724;1;0
Edgewaternaples.com-0094-2016Redesign;en-US;www.google.com.ar;25239;1;0
Miravalspamonarchbeach.com-0109-2017Redesign;en-US;www.miravalresorts.com;31709;1;0
Edgewaternaples.com-0094-2016Redesign;en-US;www.google.com.ar;25239;1;0
