Samosetresort.com-0113-2017Redesign;en-US;35227;35276;1;0
Lehotels.com-0049-2015Transfer;en-US;0;13450;1;0
Cocokeyorlando.com-0059-2015Redesign;en-US;0;12394;1;0
Lehotels.com-0049-2015Transfer;en-US;12960;13027;1;0
Lehotels.com-0049-2015Transfer;en-US;0;13507;1;0
Monarchbeachresort.com-0092-2016Redesign;en-US;0;38093;1;0
Broadmoor.com-0073-2016Redesign;en-US;21231;16728;1;0
Sandylane.com-0075-2016Redesign;en-US;19752;17611;1;0
Lehotels.com-0049-2015Transfer;en-US;0;13667;1;0
Thelodgeatwoodloch.com-0033-2015Redesign;en-US;9847;9848;1;0
Monarchbeachresort.com-0092-2016Redesign;en-US;0;27934;1;0
Broadmoor.com-0073-2016Redesign;en-US;16728;16761;1;0
Broadmoor.com-0073-2016Redesign;en-US;16760;16763;1;0
Thelodgeatwoodloch.com-0033-2015Redesign;en-US;8257;8316;1;0
Theloganhotel.com-0043-2015Redesign;en-US;33528;25355;1;0
Lehotels.com-0049-2015Transfer;en-US;0;13664;1;0
Broadmoor.com-0073-2016Redesign;en-US;16763;16721;1;0
Cocokeyorlando.com-0059-2015Redesign;en-US;0;12414;1;0
Monarchbeachresort.com-0092-2016Redesign;en-US;0;23683;1;0
Lehotels.com-0049-2015Transfer;en-US;0;13882;1;0
Lehotels.com-0049-2015Transfer;en-US;0;13449;1;0
Thesagamore.com-0112-2017Redesign;en-US;33357;32391;1;0
Thesagamore.com-0112-2017Redesign;en-US;32339;33921;1;0
Broadmoor.com-0073-2016Redesign;en-US;16721;16763;1;0
Lehotels.com-0049-2015Transfer;en-US;0;13881;1;0
Samosetresort.com-0113-2017Redesign;en-US;0;32541;1;0
Broadmoor.com-0073-2016Redesign;en-US;16763;16760;1;0
Edgewaternaples.com-0094-2016Redesign;en-US;25256;25302;1;0
Lehotels.com-0049-2015Transfer;en-US;0;12108;1;0
Thelodgeatwoodloch.com-0033-2015Redesign;en-US;8257;8390;1;0
Opalsands.com-0084-2016Redesign;en-US;20171;21218;1;0
Opalsands.com-0084-2016Redesign;en-US;21218;20171;1;0
Lehotels.com-0049-2015Transfer;en-US;0;24752;1;0
Monarchbeachresort.com-0092-2016Redesign;en-US;0;22846;1;0
Samosetresort.com-0113-2017Redesign;en-US;0;32541;1;0
wentworthcom00212014redesign;en-US;4245;4415;1;0
Lehotels.com-0049-2015Transfer;en-US;0;13756;1;0
Sandpearl.com-0091-2016Redesign;en-US;22481;22530;1;0
Thelodgeatwoodloch.com-0033-2015Redesign;en-US;8316;8390;1;0
Thelodgeatwoodloch.com-0033-2015Redesign;en-US;8390;8303;1;0
Casaybelresort.com-0002-2014Redesign;en-US;0;1613;1;0
Thesagamore.com-0112-2017Redesign;en-US;32391;33572;1;0
Broadmoor.com-0073-2016Redesign;en-US;16721;16753;1;0
Lehotels.com-0049-2015Transfer;en-US;0;13965;1;0
Lehotels.com-0049-2015Transfer;en-US;0;13630;1;0
