Broadmoor.com-0073-2016Redesign;en-US;16722;17447;1;0
Thelodgeatwoodloch.com-0033-2015Redesign;en-US;8303;7782;1;0
Broadmoor.com-0073-2016Redesign;en-US;18010;32306;1;0
shop.broadmoor.com-0096-2016ShoppingCart;en-US;26973;27378;1;0
Broadmoor.com-0073-2016Redesign;en-US;16793;23734;1;0
Thesagamore.com-0112-2017Redesign;en-US;33455;32351;1;0
Chrco.com-0107-2017Redesign;en-US;0;31152;1;0
Samosetresort.com-0113-2017Redesign;en-US;0;32541;1;0
Thecurtis.com-0079-2016Redesign;en-US;0;17981;1;0
wentworthcom00212014redesign;en-US;0;4301;1;0
Thesagamore.com-0112-2017Redesign;en-US;32339;32347;1;0
Springhillsuitesdenver.com-0060-2015Redesign;en-US;12336;12466;1;0
saddlebrook.com-0011-2014Redesign;en-US;3463;3499;1;0
Longboatkeyclub.com-0104-2017Redesign;en-US;28347;28368;1;0
Hospitalityupgrade.com-0093-2016Redesign;en-US;0;25405;1;0
Cocokeyorlando.com-0059-2015Redesign;en-US;12410;12488;1;0
Thecurtis.com-0079-2016Redesign;en-US;18015;19185;1;0
Broadmoor.com-0073-2016Redesign;en-US;21231;18259;1;0
Broadmoor.com-0073-2016Redesign;en-US;16757;16756;1;0
Broadmoor.com-0073-2016Redesign;en-US;17344;17269;1;0
Monarchbeachresort.com-0092-2016Redesign;en-US;22725;26800;1;0
Thesagamore.com-0112-2017Redesign;en-US;32351;33921;1;0
Thesagamore.com-0112-2017Redesign;en-US;32387;33577;1;0
Theoxfordhotel.com-0062-2015Redesign;en-US;0;14325;1;0
Residenceinnlax.com-0026-2014Redesign;en-US;5297;5295;1;0
Broadmoor.com-0073-2016Redesign;en-US;23734;16793;1;0
Cocokeyorlando.com-0059-2015Redesign;en-US;0;12394;1;0
Thesagamore.com-0112-2017Redesign;en-US;32339;33443;1;0
Thelodgeatwoodloch.com-0033-2015Redesign;en-US;0;8390;1;0
Cocokeyorlando.com-0059-2015Redesign;en-US;0;12394;1;0
Broadmoor.com-0073-2016Redesign;en-US;16798;16760;1;0
Broadmoor.com-0073-2016Redesign;en-US;17269;16722;1;0
Broadmoor.com-0073-2016Redesign;en-US;18259;21230;1;0
Thesagamore.com-0112-2017Redesign;en-US;32390;33541;1;0
Samosetresort.com-0113-2017Redesign;en-US;35151;35228;1;0
Theharborsidehotel.com-0114-2017Redesign;en-US;37941;38016;1;0
Thelodgeatwoodloch.com-0033-2015Redesign;en-US;0;9916;1;0
Halcyonhotelcherrycreek.com-0061-2015Redesign;en-US;22121;23319;1;0
Broadmoor.com-0073-2016Redesign;en-US;16760;16796;1;0
wentworthcom00212014redesign;en-US;4253;4282;1;0
Casaybelresort.com-0002-2014Redesign;en-US;1533;1613;1;0
Halcyonhotelcherrycreek.com-0061-2015Redesign;en-US;23319;22121;1;0
Thelodgeatwoodloch.com-0033-2015Redesign;en-US;8390;9526;1;0
Longboatkeyclub.com-0104-2017Redesign;en-US;28371;28427;1;0
Longboatkeyclub.com-0104-2017Redesign;en-US;35641;28326;1;0
Chrco.com-0107-2017Redesign;en-US;0;29452;1;0
Thelodgeatwoodloch.com-0033-2015Redesign;en-US;7764;9932;1;0
theweststreethotel.com-0115-2017Redesign;en-US;36683;37657;1;0
Thelodgeatwoodloch.com-0033-2015Redesign;en-US;9526;8255;1;0
Thesagamore.com-0112-2017Redesign;en-US;32347;33476;1;0
Thesagamore.com-0112-2017Redesign;en-US;33577;32346;1;0
shop.broadmoor.com-0096-2016ShoppingCart;en-US;27378;26973;1;0
Broadmoor.com-0073-2016Redesign;en-US;32306;18010;1;0
Miravalspamonarchbeach.com-0109-2017Redesign;en-US;0;31915;1;0
Longboatkeyclub.com-0104-2017Redesign;en-US;28326;28327;1;0
Edgewaternaples.com-0094-2016Redesign;en-US;0;25285;1;0
Residenceinnlax.com-0026-2014Redesign;en-US;5295;5297;1;0
Theloganhotel.com-0043-2015Redesign;en-US;20218;9124;1;0
Renaissancepittsburghpa.com-0044-2015Redesign;en-US;0;9637;1;0
Thelodgeatwoodloch.com-0033-2015Redesign;en-US;9932;9929;1;0
Thelodgeatwoodloch.com-0033-2015Redesign;en-US;8255;8305;1;0
Sandpearl.com-0091-2016Redesign;en-US;22481;40726;1;0
Samosetresort.com-0113-2017Redesign;en-US;35228;35283;1;0
Thesagamore.com-0112-2017Redesign;en-US;0;41020;1;0
Thesagamore.com-0112-2017Redesign;en-US;33476;32347;1;0
wentworthcom00212014redesign;en-US;0;31752;1;0
Broadmoor.com-0073-2016Redesign;en-US;0;16764;1;0
Longboatkeyclub.com-0104-2017Redesign;en-US;28316;35641;1;0
Cocokeyorlando.com-0059-2015Redesign;en-US;0;12394;1;0
Renaissancepittsburghpa.com-0044-2015Redesign;en-US;0;9637;1;0
