Broadmoor.com-0073-2016Redesign;en-US;login.nomadix.com:1111;16724;1;0
Casaybelresort.com-0002-2014Redesign;en-US;www.inboundlinks.win;1533;1;0
Monarchbeachresort.com-0092-2016Redesign;en-US;www.google.com;22725;1;0
Broadmoor.com-0073-2016Redesign;en-US;login.nomadix.com:1111;16724;1;0
Broadmoor.com-0073-2016Redesign;en-US;login.nomadix.com:1111;16724;1;0
Cphollywoodbeach.com-0032-2015Redesign;en-US;www.sunny.org;7831;1;0
Broadmoor.com-0073-2016Redesign;en-US;login.nomadix.com:1111;16724;1;0
Longboatkeyclub.com-0104-2017Redesign;en-US;www.google.com;28335;1;0
Edgewaternaples.com-0094-2016Redesign;en-US;www.google.com;25239;1;0
Edgewaternaples.com-0094-2016Redesign;en-US;www.google.com;25239;1;0
Monarchbeachresort.com-0092-2016Redesign;en-US;www.google.com;23801;1;0
Thecurtis.com-0079-2016Redesign;en-US;www.typeatrips.com;17981;1;0
Broadmoor.com-0073-2016Redesign;en-US;login.nomadix.com:1111;16724;1;0
Broadmoor.com-0073-2016Redesign;en-US;www.google.com;17339;1;0
Broadmoor.com-0073-2016Redesign;en-US;login.nomadix.com:1111;16724;1;0
Renaissancepittsburghpa.com-0044-2015Redesign;en-US;www.google.com;9637;1;0
Monarchbeachresort.com-0092-2016Redesign;en-US;iconnect.thehartford.com;22725;1;0
Edgewaternaples.com-0094-2016Redesign;en-US;www.google.ca;25239;1;0
Edgewaternaples.com-0094-2016Redesign;en-US;www.google.ca;25239;1;0
Theharborsidehotel.com-0114-2017Redesign;en-US;www.google.com;37571;1;0
Edgewaternaples.com-0094-2016Redesign;en-US;www.google.ca;25311;1;0
Delraysandsresort.com-0097-2016Redesign;en-US;www.google.com;27232;1;0
Broadmoor.com-0073-2016Redesign;en-US;www.bing.com;18259;1;0
Luxehotels.com-0078-2016Redesign;en-US;www.google.com.uy;18833;1;0
Broadmoor.com-0073-2016Redesign;en-US;www.google.com;18259;1;0
Thesagamore.com-0112-2017Redesign;en-US;r.search.yahoo.com;32339;1;0
Broadmoor.com-0073-2016Redesign;en-US;www.google.com;16721;1;0
Thecrawfordhotel.com-0074-2016Redesign;en-US;www.bing.com;17667;1;0
Zotabeachresort.com-0090-2016Redesign;en-US;www.opalcollection.com;22357;1;0
Zotabeachresort.com-0090-2016Redesign;en-US;www.opalcollection.com;22357;1;0
Casaybelresort.com-0002-2014Redesign;en-US;freevpn.ninja;1533;1;0
Zotabeachresort.com-0090-2016Redesign;en-US;www.google.com;22357;1;0
Zotabeachresort.com-0090-2016Redesign;en-US;www.google.com;22357;1;0
Luxehotels.com-0078-2016Redesign;en-US;www.google.com;18833;1;0
theweststreethotel.com-0115-2017Redesign;en-US;www.google.com;36683;1;0
Monarchbeachresort.com-0092-2016Redesign;en-US;www.google.com;28523;1;0
Broadmoor.com-0073-2016Redesign;en-US;login.nomadix.com:1111;16724;1;0
Broadmoor.com-0073-2016Redesign;en-US;login.nomadix.com:1111;16724;1;0
Broadmoor.com-0073-2016Redesign;en-US;www.google.com;16761;1;0
Washingtoncourthotel.com-0076-2016Redesign;en-US;www.google.com;17858;1;0
Broadmoor.com-0073-2016Redesign;en-US;www.google.com;16761;1;0
Luxehotels.com-0078-2016Redesign;en-US;www.google.com;18833;1;0
Renaissancepittsburghpa.com-0044-2015Redesign;en-US;www.google.com;9637;1;0
Thecurtis.com-0079-2016Redesign;en-US;www.google.com;17981;1;0
