Broadmoor.com-0073-2016Redesign;en-US;16765;16761;1;0
Hospitalityupgrade.com-0093-2016Redesign;en-US;29966;37955;1;0
Broadmoor.com-0073-2016Redesign;en-US;16761;16765;1;0
Glencovemansion.com-0058-2015Redesign;en-US;13371;41649;1;0
Cocokeyorlando.com-0059-2015Redesign;en-US;0;12394;1;0
Thecurtis.com-0079-2016Redesign;en-US;0;17981;1;0
Oxfordclubspa.com-0068-2016Redesign;en-US;0;15568;1;0
Broadmoor.com-0073-2016Redesign;en-US;16765;16761;1;0
Springhillsuitesdenver.com-0060-2015Redesign;en-US;0;12307;1;0
Samosetresort.com-0113-2017Redesign;en-US;0;32541;1;0
Lakeplacidlodge.com-0105-2017Redesign;en-US;28545;32807;1;0
Broadmoor.com-0073-2016Redesign;en-US;16761;16765;1;0
Luxehotels.com-0078-2016Redesign;en-US;0;18805;1;0
Hospitalityupgrade.com-0093-2016Redesign;en-US;37955;37954;1;0
Hospitalityupgrade.com-0093-2016Redesign;en-US;37954;37963;1;0
Luxehotels.com-0078-2016Redesign;en-US;0;18805;1;0
Napavalleymarriott.com-0071-2016Redesign;en-US;27499;16432;1;0
Glencovemansion.com-0058-2015Redesign;en-US;41649;13371;1;0
Hospitalityupgrade.com-0093-2016Redesign;en-US;37963;33960;1;0
Unionstationhotelnashville.com-0047-2015Redesign;en-US;41720;10385;1;0
Theharborsidehotel.com-0114-2017Redesign;en-US;38027;38015;1;0
Broadmoor.com-0073-2016Redesign;en-US;21232;18782;1;0
Luxehotels.com-0078-2016Redesign;en-US;0;18805;1;0
