Marriottkeylargo.com-0015-2014Redesign;en-US;r.search.yahoo.com;3948;1;0
Marriottkeylargo.com-0015-2014Redesign;en-US;r.search.yahoo.com;3964;1;0
Broadmoor.com-0073-2016Redesign;en-US;login.nomadix.com:1111;16724;1;0
Broadmoor.com-0073-2016Redesign;en-US;login.nomadix.com:1111;16724;1;0
Broadmoor.com-0073-2016Redesign;en-US;www.google.com;16721;1;0
Galthouse.com-0042-2015Redesign;en-US;search.yahoo.com;31905;1;0
Galthouse.com-0042-2015Redesign;en-US;search.yahoo.com;31905;1;0
Theharborsidehotel.com-0114-2017Redesign;en-US;www.google.com;37989;1;0
Hospitalityupgrade.com-0093-2016Redesign;en-US;www.google.com;22790;1;0
Sandpearl.com-0091-2016Redesign;en-US;sandpearlresort.myopalexperience.com;22481;1;0
Sandpearl.com-0091-2016Redesign;en-US;sandpearlresort.myopalexperience.com;22481;1;0
Opalsands.com-0084-2016Redesign;en-US;www.google.com;20171;1;0
Theharborsidehotel.com-0114-2017Redesign;en-US;www.google.dk;37571;1;0
Denvercy.com-0036-2015Redesign;en-US;www.google.com;8150;1;0
Thesagamore.com-0112-2017Redesign;en-US;www.google.com;32339;1;0
Lidobeachresort.com-0106-2017Redesign;en-US;www.google.fr;28666;1;0
Lidobeachresort.com-0106-2017Redesign;en-US;www.google.fr;28666;1;0
Galthouse.com-0042-2015Redesign;en-US;www.google.com;31905;1;0
Broadmoor.com-0073-2016Redesign;en-US;www.google.com;16721;1;0
Casaybelresort.com-0002-2014Redesign;en-US;www.google.com;1613;1;0
Thesagamore.com-0112-2017Redesign;en-US;www.google.com;32339;1;0
Thesagamore.com-0112-2017Redesign;en-US;www.google.com;32339;1;0
Montaukyachtclub.com-0010-2014Redesign;en-US;www.google.com;2240;1;0
Longboatkeyclub.com-0104-2017Redesign;en-US;www.google.co.uk;28317;1;0
Marriottkeylargo.com-0015-2014Redesign;en-US;search.yahoo.com;3948;1;0
Marriottkeylargo.com-0015-2014Redesign;en-US;search.yahoo.com;3964;1;0
Denvercy.com-0036-2015Redesign;en-US;www.google.com;8150;1;0
Halcyonhotelcherrycreek.com-0061-2015Redesign;en-US;www.google.com;22121;1;0
Theharborsidehotel.com-0114-2017Redesign;en-US;www.google.com;37571;1;0
Cphollywoodbeach.com-0032-2015Redesign;en-US;www.sunny.org;7831;1;0
