Monarchbeachresort.com-0092-2016Redesign;en-US;m.facebook.com;26797;1;0
Broadmoor.com-0073-2016Redesign;en-US;outlook.live.com;16721;1;0
Broadmoor.com-0073-2016Redesign;en-US;www.google.com;16721;1;0
Samosetresort.com-0113-2017Redesign;en-US;www.google.com;35112;1;0
Theharborsidehotel.com-0114-2017Redesign;en-US;www.google.com;37571;1;0
Theharborsidehotel.com-0114-2017Redesign;en-US;www.google.com;37571;1;0
Broadmoor.com-0073-2016Redesign;en-US;tpc.googlesyndication.com;16728;1;0
Theharborsidehotel.com-0114-2017Redesign;en-US;www.travelandleisure.com;37571;1;0
Theharborsidehotel.com-0114-2017Redesign;en-US;www.travelandleisure.com;37571;1;0
Broadmoor.com-0073-2016Redesign;en-US;www.google.com;16721;1;0
Broadmoor.com-0073-2016Redesign;en-US;www.google.com;16800;1;0
Thecrawfordhotel.com-0074-2016Redesign;en-US;www.google.com;17667;1;0
Theloganhotel.com-0043-2015Redesign;en-US;m.facebook.com;18416;1;0
Broadmoor.com-0073-2016Redesign;en-US;login.nomadix.com:1111;16724;1;0
Broadmoor.com-0073-2016Redesign;en-US;login.nomadix.com:1111;16724;1;0
wentworthcom00212014redesign;en-US;r.search.yahoo.com;4277;1;0
Broadmoor.com-0073-2016Redesign;en-US;www.google.com;18259;1;0
Theharborsidehotel.com-0114-2017Redesign;en-US;www.google.com;37571;1;0
Theharborsidehotel.com-0114-2017Redesign;en-US;www.google.com;37571;1;0
Cphollywoodbeach.com-0032-2015Redesign;en-US;www.google.com;7831;1;0
Broadmoor.com-0073-2016Redesign;en-US;www.google.com;18259;1;0
Cphollywoodbeach.com-0032-2015Redesign;en-US;www.sunny.org;7831;1;0
Thelodgeatwoodloch.com-0033-2015Redesign;en-US;www.google.com;8254;1;0
Broadmoor.com-0073-2016Redesign;en-US;login.nomadix.com:1111;16724;1;0
Broadmoor.com-0073-2016Redesign;en-US;login.nomadix.com:1111;16724;1;0
theweststreethotel.com-0115-2017Redesign;en-US;www.google.com;36683;1;0
Broadmoor.com-0073-2016Redesign;en-US;www.google.com;16721;1;0
wentworthcom00212014redesign;en-US;www.google.com;26679;1;0
Broadmoor.com-0073-2016Redesign;en-US;www.google.com;16721;1;0
Broadmoor.com-0073-2016Redesign;en-US;www.google.com;18259;1;0
Washingtondukeinn.com-0024-2014Redesign;en-US;www.facebook.com;4579;1;0
Thesagamore.com-0112-2017Redesign;en-US;www.google.com;32339;1;0
Thesagamore.com-0112-2017Redesign;en-US;www.google.com;32339;1;0
Thesagamore.com-0112-2017Redesign;en-US;www.travelchannel.com;32339;1;0
Thesagamore.com-0112-2017Redesign;en-US;www.travelchannel.com;32339;1;0
Broadmoor.com-0073-2016Redesign;en-US;m.facebook.com;18014;1;0
Broadmoor.com-0073-2016Redesign;en-US;www.google.com;18259;1;0
Galthouse.com-0042-2015Redesign;en-US;www.google.com;31905;1;0
Casaybelresort.com-0002-2014Redesign;en-US;www.searchincognito.com;1533;1;0
Cocokeyorlando.com-0059-2015Redesign;en-US;www.google.com;12394;1;0
Casaybelresort.com-0002-2014Redesign;en-US;www.google.com;1533;1;0
Thesagamore.com-0112-2017Redesign;en-US;www.google.com;32339;1;0
Cocokeyorlando.com-0059-2015Redesign;en-US;www.google.com;12394;1;0
