Miravalspamonarchbeach.com-0109-2017Redesign;en-US;35336;33978;1;0
saddlebrook.com-0011-2014Redesign;en-US;3465;3385;1;0
Halcyonhotelcherrycreek.com-0061-2015Redesign;en-US;22121;40467;1;0
Theoxfordhotel.com-0062-2015Redesign;en-US;14325;14331;1;0
Theoxfordhotel.com-0062-2015Redesign;en-US;14331;14325;1;0
Broadmoor.com-0073-2016Redesign;en-US;17444;16758;1;0
Edgewaternaples.com-0094-2016Redesign;en-US;25239;25257;1;0
Halcyonhotelcherrycreek.com-0061-2015Redesign;en-US;40467;22121;1;0
Residenceinnnyc.com-0034-2015Redesign;en-US;7926;24989;1;0
Thesagamore.com-0112-2017Redesign;en-US;32339;32340;1;0
Theloganhotel.com-0043-2015Redesign;en-US;9327;9119;1;0
Broadmoor.com-0073-2016Redesign;en-US;17339;17269;1;0
Thesagamore.com-0112-2017Redesign;en-US;33475;33476;1;0
Sandylane.com-0075-2016Redesign;en-US;17745;17919;1;0
Broadmoor.com-0073-2016Redesign;en-US;21235;16769;1;0
Springhillsuitesdenver.com-0060-2015Redesign;en-US;0;12307;1;0
Thesagamore.com-0112-2017Redesign;en-US;0;32387;1;0
Sandylane.com-0075-2016Redesign;en-US;17684;17611;1;0
Thesagamore.com-0112-2017Redesign;en-US;33476;33477;1;0
Broadmoor.com-0073-2016Redesign;en-US;17269;17338;1;0
Thecurtis.com-0079-2016Redesign;en-US;0;18955;1;0
Washingtondukeinn.com-0024-2014Redesign;en-US;4524;4733;1;0
Theoxfordhotel.com-0062-2015Redesign;en-US;14325;36158;1;0
Theharborsidehotel.com-0114-2017Redesign;en-US;37571;38015;1;0
Longboatkeyclub.com-0104-2017Redesign;en-US;0;41579;1;0
Theoxfordhotel.com-0062-2015Redesign;en-US;36158;14325;1;0
Broadmoor.com-0073-2016Redesign;en-US;23743;36102;1;0
Thecurtis.com-0079-2016Redesign;en-US;17981;18823;1;0
Galthouse.com-0042-2015Redesign;en-US;31905;10592;1;0
Theloganhotel.com-0043-2015Redesign;en-US;9119;9327;1;0
Thecurtis.com-0079-2016Redesign;en-US;17981;18372;1;0
Thecurtis.com-0079-2016Redesign;en-US;18823;18827;1;0
Jupiterbeachresort.com-0103-2017Redesign;en-US;28174;28227;1;0
Longboatkeyclub.com-0104-2017Redesign;en-US;41579;28317;1;0
Glencovemansion.com-0058-2015Redesign;en-US;13328;13371;1;0
Miravalspamonarchbeach.com-0109-2017Redesign;en-US;33978;34189;1;0
Thelodgeatwoodloch.com-0033-2015Redesign;en-US;7764;7771;1;0
saddlebrook.com-0011-2014Redesign;en-US;3385;3465;1;0
Lakeplacidlodge.com-0105-2017Redesign;en-US;0;28545;1;0
saddlebrook.com-0011-2014Redesign;en-US;3465;3515;1;0
Broadmoor.com-0073-2016Redesign;en-US;0;16761;1;0
Sandylane.com-0075-2016Redesign;en-US;17745;17611;1;0
Oxfordclubspa.com-0068-2016Redesign;en-US;0;15568;1;0
Renaissancepittsburghpa.com-0044-2015Redesign;en-US;9637;9691;1;0
Longboatkeyclub.com-0104-2017Redesign;en-US;28316;35641;1;0
Glencovemansion.com-0058-2015Redesign;en-US;13371;41649;1;0
saddlebrook.com-0011-2014Redesign;en-US;3515;3385;1;0
Secretharbourvi.com-0040-2015Redesign;en-US;9231;20178;1;0
Unionstationhotelnashville.com-0047-2015Redesign;en-US;32226;24218;1;0
Broadmoor.com-0073-2016Redesign;en-US;16761;16772;1;0
Edgewaternaples.com-0094-2016Redesign;en-US;25257;25301;1;0
Cphollywoodbeach.com-0032-2015Redesign;en-US;7805;7831;1;0
Thecurtis.com-0079-2016Redesign;en-US;18823;18827;1;0
Washingtoncourthotel.com-0076-2016Redesign;en-US;19906;17941;1;0
Sandylane.com-0075-2016Redesign;en-US;17611;17745;1;0
Broadmoor.com-0073-2016Redesign;en-US;16721;16724;1;0
Broadmoor.com-0073-2016Redesign;en-US;16761;16763;1;0
Samosetresort.com-0113-2017Redesign;en-US;0;32541;1;0
Broadmoor.com-0073-2016Redesign;en-US;16721;16728;1;0
Thesagamore.com-0112-2017Redesign;en-US;33477;33447;1;0
Galthouse.com-0042-2015Redesign;en-US;31905;10923;1;0
Cocokeyorlando.com-0059-2015Redesign;en-US;12394;12406;1;0
Secretharbourvi.com-0040-2015Redesign;en-US;9231;20178;1;0
Broadmoor.com-0073-2016Redesign;en-US;16724;16756;1;0
Halcyonhotelcherrycreek.com-0061-2015Redesign;en-US;22121;41138;1;0
Halcyonhotelcherrycreek.com-0061-2015Redesign;en-US;41138;22121;1;0
Unionstationhotelnashville.com-0047-2015Redesign;en-US;24218;24221;1;0
Cocokeyorlando.com-0059-2015Redesign;en-US;0;12394;1;0
Cocokeyorlando.com-0059-2015Redesign;en-US;12406;12414;1;0
wentworthcom00212014redesign;en-US;4307;4309;1;0
Halcyonhotelcherrycreek.com-0061-2015Redesign;en-US;22121;23322;1;0
Halcyonhotelcherrycreek.com-0061-2015Redesign;en-US;23322;22121;1;0
Broadmoor.com-0073-2016Redesign;en-US;16770;16766;1;0
Cocokeyorlando.com-0059-2015Redesign;en-US;12394;12410;1;0
Broadmoor.com-0073-2016Redesign;en-US;17333;17269;1;0
Broadmoor.com-0073-2016Redesign;en-US;16728;16751;1;0
Thecurtis.com-0079-2016Redesign;en-US;0;17981;1;0
