Casaybelresort.com-0002-2014Redesign;en-US;resep.xyz;1533;1;0
Theloganhotel.com-0043-2015Redesign;en-US;m.facebook.com;20218;1;0
Samosetresort.com-0113-2017Redesign;en-US;www.bing.com;32541;1;0
Washingtondukeinn.com-0024-2014Redesign;en-US;www.google.com;4524;1;0
Thecrawfordhotel.com-0074-2016Redesign;en-US;www.google.com;17145;1;0
Cphollywoodbeach.com-0032-2015Redesign;en-US;www.beachcamsusa.com;7831;1;0
Broadmoor.com-0073-2016Redesign;en-US;www.colorado.com;18259;1;0
Glencovemansion.com-0058-2015Redesign;en-US;www.google.co.uk;13328;1;0
Marriottkeylargo.com-0015-2014Redesign;en-US;www.floridakeyswebcams.tv;3948;1;0
Unionstationhotelnashville.com-0047-2015Redesign;en-US;www.google.com;24062;1;0
Longboatkeyclub.com-0104-2017Redesign;en-US;www.google.com;28364;1;0
Opalsands.com-0084-2016Redesign;en-US;www.beachtourism.com;20171;1;0
Longboatkeyclub.com-0104-2017Redesign;en-US;www.google.com;28364;1;0
Broadmoor.com-0073-2016Redesign;en-US;login.nomadix.com:1111;16724;1;0
Broadmoor.com-0073-2016Redesign;en-US;login.nomadix.com:1111;16724;1;0
Montaukyachtclub.com-0010-2014Redesign;en-US;l.facebook.com;2240;1;0
Broadmoor.com-0073-2016Redesign;en-US;login.nomadix.com:1111;16724;1;0
Broadmoor.com-0073-2016Redesign;en-US;login.nomadix.com:1111;16724;1;0
Broadmoor.com-0073-2016Redesign;en-US;www.google.com;16721;1;0
Kittitianhill.com-0012-2014Redesign;en-US;customlogoguru.com;2236;1;0
wentworthcom00212014redesign;en-US;www.bing.com;26679;1;0
Broadmoor.com-0073-2016Redesign;en-US;www.bing.com;22720;1;0
Casaybelresort.com-0002-2014Redesign;en-US;www.bing.com;1533;1;0
Secretharbourvi.com-0040-2015Redesign;en-US;www.google.com;9231;1;0
Hospitalityupgrade.com-0093-2016Redesign;en-US;www.google.com;22790;1;0
Theharborsidehotel.com-0114-2017Redesign;en-US;www.visit-maine.com;37571;1;0
Broadmoor.com-0073-2016Redesign;en-US;googleads.g.doubleclick.net;16728;1;0
Broadmoor.com-0073-2016Redesign;en-US;googleads.g.doubleclick.net;16728;1;0
Broadmoor.com-0073-2016Redesign;en-US;googleads.g.doubleclick.net;16728;1;0
Broadmoor.com-0073-2016Redesign;en-US;googleads.g.doubleclick.net;16728;1;0
Bluebirch.com-0072-2016Redesign;en-US;mansparskats.com;16693;1;0
Bluebirch.com-0072-2016Redesign;en-US;mansparskats.com;16693;1;0
Bluebirch.com-0072-2016Redesign;en-US;mansparskats.com;16693;1;0
Casaybelresort.com-0002-2014Redesign;en-US;www.google.com;1533;1;0
Marriottkeylargo.com-0015-2014Redesign;en-US;www.bing.com;3948;1;0
Broadmoor.com-0073-2016Redesign;en-US;login.nomadix.com:1111;16724;1;0
Broadmoor.com-0073-2016Redesign;en-US;login.nomadix.com:1111;16724;1;0
Longboatkeyclub.com-0104-2017Redesign;en-US;www.google.de;28317;1;0
Theharborsidehotel.com-0114-2017Redesign;en-US;www.google.ca;37571;1;0
Theharborsidehotel.com-0114-2017Redesign;en-US;www.google.ca;37571;1;0
Washingtondukeinn.com-0024-2014Redesign;en-US;www.google.com;4737;1;0
Sandylane.com-0075-2016Redesign;en-US;www.bing.com;17611;1;0
Bellemontfarm.com-0007-2013Redesign;en-US;www.bing.com;12011;1;0
Cphollywoodbeach.com-0032-2015Redesign;en-US;www.sunny.org;7831;1;0
Broadmoor.com-0073-2016Redesign;en-US;tpc.googlesyndication.com;16728;1;0
Edgewaternaples.com-0094-2016Redesign;en-US;www.google.co.uk;25239;1;0
Edgewaternaples.com-0094-2016Redesign;en-US;www.google.ch;25239;1;0
