Monarchbeachresort.com-0092-2016Redesign;en-US;22996;22994;1;0
wentworthcom00212014redesign;en-US;4315;4317;1;0
Thesagamore.com-0112-2017Redesign;en-US;33537;33467;1;0
Marriottkeylargo.com-0015-2014Redesign;en-US;3948;3958;1;0
Broadmoor.com-0073-2016Redesign;en-US;16721;18293;1;0
Renaissancepittsburghpa.com-0044-2015Redesign;en-US;0;9637;1;0
Thecurtis.com-0079-2016Redesign;en-US;17981;19041;1;0
Cocokeyorlando.com-0059-2015Redesign;en-US;0;12394;1;0
Thesagamore.com-0112-2017Redesign;en-US;32389;33569;1;0
Halcyonhotelcherrycreek.com-0061-2015Redesign;en-US;22121;23227;1;0
Halcyonhotelcherrycreek.com-0061-2015Redesign;en-US;23227;22121;1;0
Broadmoor.com-0073-2016Redesign;en-US;0;20189;1;0
Sandpearl.com-0091-2016Redesign;en-US;22481;23074;1;0
Longboatkeyclub.com-0104-2017Redesign;en-US;0;28316;1;0
Thesagamore.com-0112-2017Redesign;en-US;33924;33923;1;0
Broadmoor.com-0073-2016Redesign;en-US;16766;16769;1;0
Samosetresort.com-0113-2017Redesign;en-US;0;32541;1;0
saddlebrook.com-0011-2014Redesign;en-US;3500;3499;1;0
wentworthcom00212014redesign;en-US;4250;4298;1;0
Luxehotels.com-0078-2016Redesign;en-US;19299;19298;1;0
Napavalleymarriott.com-0071-2016Redesign;en-US;18369;18287;1;0
Thesagamore.com-0112-2017Redesign;en-US;33545;33935;1;0
Thesagamore.com-0112-2017Redesign;en-US;33924;33925;1;0
Broadmoor.com-0073-2016Redesign;en-US;16721;16724;1;0
theweststreethotel.com-0115-2017Redesign;en-US;36683;37426;1;0
Monarchbeachresort.com-0092-2016Redesign;en-US;22994;23001;1;0
saddlebrook.com-0011-2014Redesign;en-US;3499;3497;1;0
Theoxfordhotel.com-0062-2015Redesign;en-US;0;14325;1;0
Theharborsidehotel.com-0114-2017Redesign;en-US;37571;37941;1;0
Broadmoor.com-0073-2016Redesign;en-US;16799;16756;1;0
Broadmoor.com-0073-2016Redesign;en-US;18010;16728;1;0
Miravalspamonarchbeach.com-0109-2017Redesign;en-US;34187;33978;1;0
Galthouse.com-0042-2015Redesign;en-US;31905;25671;1;0
Jupiterbeachresort.com-0103-2017Redesign;en-US;28206;41764;1;0
Miravalspamonarchbeach.com-0109-2017Redesign;en-US;33978;31915;1;0
Thecurtis.com-0079-2016Redesign;en-US;19041;19081;1;0
saddlebrook.com-0011-2014Redesign;en-US;3497;3501;1;0
Galthouse.com-0042-2015Redesign;en-US;10587;10578;1;0
Thecurtis.com-0079-2016Redesign;en-US;0;17981;1;0
Broadmoor.com-0073-2016Redesign;en-US;17447;25523;1;0
Thesagamore.com-0112-2017Redesign;en-US;32339;32350;1;0
Thelodgeatwoodloch.com-0033-2015Redesign;en-US;9920;7771;1;0
Broadmoor.com-0073-2016Redesign;en-US;17269;17337;1;0
Luxehotels.com-0078-2016Redesign;en-US;19298;19290;1;0
theweststreethotel.com-0115-2017Redesign;en-US;37426;37425;1;0
Broadmoor.com-0073-2016Redesign;en-US;16772;16766;1;0
Galthouse.com-0042-2015Redesign;en-US;31905;25671;1;0
Luxehotels.com-0078-2016Redesign;en-US;18833;19325;1;0
Thelodgeatwoodloch.com-0033-2015Redesign;en-US;7771;8254;1;0
Thesagamore.com-0112-2017Redesign;en-US;33921;32346;1;0
Thelodgeatwoodloch.com-0033-2015Redesign;en-US;7764;8257;1;0
Sandpearl.com-0091-2016Redesign;en-US;22481;23076;1;0
Jupiterbeachresort.com-0103-2017Redesign;en-US;28158;29245;1;0
Samosetresort.com-0113-2017Redesign;en-US;35226;35127;1;0
Opalsands.com-0084-2016Redesign;en-US;20171;23635;1;0
Thesagamore.com-0112-2017Redesign;en-US;32350;32339;1;0
Lakeplacidlodge.com-0105-2017Redesign;en-US;28593;32930;1;0
Luxehotels.com-0078-2016Redesign;en-US;19325;30302;1;0
Cocokeyorlando.com-0059-2015Redesign;en-US;0;12394;1;0
Thecurtis.com-0079-2016Redesign;en-US;19081;19041;1;0
Broadmoor.com-0073-2016Redesign;en-US;16721;16777;1;0
Thecurtis.com-0079-2016Redesign;en-US;17981;18823;1;0
Luxehotels.com-0078-2016Redesign;en-US;19020;19018;1;0
Monarchbeachresort.com-0092-2016Redesign;en-US;23001;22996;1;0
Thesagamore.com-0112-2017Redesign;en-US;32339;33924;1;0
wentworthcom00212014redesign;en-US;4317;4253;1;0
Thelodgeatwoodloch.com-0033-2015Redesign;en-US;8254;8278;1;0
Luxehotels.com-0078-2016Redesign;en-US;19018;18805;1;0
Thelodgeatwoodloch.com-0033-2015Redesign;en-US;8257;15817;1;0
Lakeplacidlodge.com-0105-2017Redesign;en-US;32805;33715;1;0
Lakeplacidlodge.com-0105-2017Redesign;en-US;33715;32790;1;0
Broadmoor.com-0073-2016Redesign;en-US;16724;16731;1;0
Thelodgeatwoodloch.com-0033-2015Redesign;en-US;8278;9932;1;0
Broadmoor.com-0073-2016Redesign;en-US;16777;18125;1;0
Opalsands.com-0084-2016Redesign;en-US;20171;20887;1;0
Marriottkeylargo.com-0015-2014Redesign;en-US;4028;4026;1;0
Galthouse.com-0042-2015Redesign;en-US;25671;13200;1;0
Broadmoor.com-0073-2016Redesign;en-US;21236;18782;1;0
Monarchbeachresort.com-0092-2016Redesign;en-US;22996;22994;1;0
Broadmoor.com-0073-2016Redesign;en-US;16766;16769;1;0
Samosetresort.com-0113-2017Redesign;en-US;35127;32549;1;0
