Thesagamore.com-0112-2017Redesign;en-US;www.cnn.com;32339;1;0
Casaybelresort.com-0002-2014Redesign;en-US;l.facebook.com;1533;1;0
Broadmoor.com-0073-2016Redesign;en-US;www.google.com;18259;1;0
Lakeplacidlodge.com-0105-2017Redesign;en-US;www.google.com;28545;1;0
Chrco.com-0107-2017Redesign;en-US;www.google.com;29280;1;0
Lakeplacidlodge.com-0105-2017Redesign;en-US;www.google.com;28545;1;0
Marriottkeylargo.com-0015-2014Redesign;en-US;www.ophotels.com;3948;1;0
Glencovemansion.com-0058-2015Redesign;en-US;www.google.com;13335;1;0
Longboatkeyclub.com-0104-2017Redesign;en-US;www.google.ca;28316;1;0
Casaybelresort.com-0002-2014Redesign;en-US;www.google.com;1533;1;0
Glencovemansion.com-0058-2015Redesign;en-US;r.search.yahoo.com;13328;1;0
Broadmoor.com-0073-2016Redesign;en-US;www.google.com;16721;1;0
Sandylane.com-0075-2016Redesign;en-US;www.bing.com;17732;1;0
Theoxfordhotel.com-0062-2015Redesign;en-US;den-80202-5400.localdomain:8000;14325;1;0
Thesagamore.com-0112-2017Redesign;en-US;www.cnn.com;32339;1;0
saddlebrook.com-0011-2014Redesign;en-US;www.bing.com;3385;1;0
Broadmoor.com-0073-2016Redesign;en-US;www.google.com;16721;1;0
Broadmoor.com-0073-2016Redesign;en-US;www.google.com;16721;1;0
Thesagamore.com-0112-2017Redesign;en-US;www.cnn.com;32339;1;0
Cocokeyorlando.com-0059-2015Redesign;en-US;www.google.com;12394;1;0
Cocokeyorlando.com-0059-2015Redesign;en-US;www.google.com;12394;1;0
Thelodgeatwoodloch.com-0033-2015Redesign;en-US;www.google.com;9932;1;0
Beverlyhillsresidenceinn.com-0087-2016Redesign;en-US;www.google.com.br;20999;1;0
Thesagamore.com-0112-2017Redesign;en-US;www.cnn.com;32339;1;0
Thesagamore.com-0112-2017Redesign;en-US;keywordsuggest.org;32339;1;0
Lakeplacidlodge.com-0105-2017Redesign;en-US;www.cnn.com;28545;1;0
Thesagamore.com-0112-2017Redesign;en-US;www.cnn.com;32339;1;0
Lakeplacidlodge.com-0105-2017Redesign;en-US;www.cnn.com;28545;1;0
Thelodgeatwoodloch.com-0033-2015Redesign;en-US;www.google.com;7764;1;0
saddlebrook.com-0011-2014Redesign;en-US;www.palmbeachschools.org;3385;1;0
Thesagamore.com-0112-2017Redesign;en-US;www.cnn.com;32339;1;0
Broadmoor.com-0073-2016Redesign;en-US;www.google.com;16721;1;0
Thesagamore.com-0112-2017Redesign;en-US;www.cnn.com;32339;1;0
Luxehotels.com-0078-2016Redesign;en-US;www.google.com;18830;1;0
Broadmoor.com-0073-2016Redesign;en-US;www.google.com;16721;1;0
Thesagamore.com-0112-2017Redesign;en-US;www.google.com;32339;1;0
wentworthcom00212014redesign;en-US;www.google.com;26679;1;0
Thesagamore.com-0112-2017Redesign;en-US;www.google.com;32339;1;0
Glencovemansion.com-0058-2015Redesign;en-US;www.google.com;13328;1;0
Lakeplacidlodge.com-0105-2017Redesign;en-US;search.yahoo.com;28545;1;0
Lakeplacidlodge.com-0105-2017Redesign;en-US;www.cnn.com;28545;1;0
Lakeplacidlodge.com-0105-2017Redesign;en-US;www.cnn.com;28545;1;0
Thesagamore.com-0112-2017Redesign;en-US;www.google.com;32339;1;0
saddlebrook.com-0011-2014Redesign;en-US;www.bing.com;3385;1;0
Thelodgeatwoodloch.com-0033-2015Redesign;en-US;www.google.com;8253;1;0
Lakeplacidlodge.com-0105-2017Redesign;en-US;www.cnn.com;28545;1;0
Broadmoor.com-0073-2016Redesign;en-US;login.nomadix.com:1111;16724;1;0
Lakeplacidlodge.com-0105-2017Redesign;en-US;www.cnn.com;28545;1;0
Broadmoor.com-0073-2016Redesign;en-US;login.nomadix.com:1111;16724;1;0
Residenceinnnyc.com-0034-2015Redesign;en-US;www.google.com;7926;1;0
Thesagamore.com-0112-2017Redesign;en-US;www.cnn.com;32339;1;0
Glencovemansion.com-0058-2015Redesign;en-US;lipulse.com;13328;1;0
Broadmoor.com-0073-2016Redesign;en-US;www.cograilway.com;18259;1;0
Lidobeachresort.com-0106-2017Redesign;en-US;www.visitsarasota.com;28666;1;0
Lidobeachresort.com-0106-2017Redesign;en-US;www.visitsarasota.com;28666;1;0
Broadmoor.com-0073-2016Redesign;en-US;www.google.com;16721;1;0
