Sandpearl.com-0091-2016Redesign;en-US;www.bing.com;22481;1;0
Unionstationhotelnashville.com-0047-2015Redesign;en-US;lovetruthfully.com;32226;1;0
Thelodgeatwoodloch.com-0033-2015Redesign;en-US;www.google.com;7764;1;0
Cphollywoodbeach.com-0032-2015Redesign;en-US;www.sunny.org;7831;1;0
Thecurtis.com-0079-2016Redesign;en-US;www.google.com;17981;1;0
Thesagamore.com-0112-2017Redesign;en-US;www.google.com;32339;1;0
Sandylane.com-0075-2016Redesign;en-US;www.google.com;17611;1;0
Residenceinnlax.com-0026-2014Redesign;en-US;www.google.com;5518;1;0
Abbingtonbanquets.com-0070-2016Redesign;en-US;www.google.com;15811;1;0
Casaybelresort.com-0002-2014Redesign;en-US;www.bing.com;1533;1;0
Miravalspamonarchbeach.com-0109-2017Redesign;en-US;www.google.com;33649;1;0
Thelodgeatwoodloch.com-0033-2015Redesign;en-US;www.google.fr;7764;1;0
Saddlebrookprep.com-0022-2014Transfer;en-US;www.google.com;3914;1;0
Samosetresort.com-0113-2017Redesign;en-US;www.google.com;32541;1;0
Samosetresort.com-0113-2017Redesign;en-US;www.google.com;32541;1;0
Napavalleymarriott.com-0071-2016Redesign;en-US;www.google.com;16432;1;0
Broadmoor.com-0073-2016Redesign;en-US;www.google.com;16721;1;0
Montaukyachtclub.com-0010-2014Redesign;en-US;www.google.com;2240;1;0
Chrco.com-0107-2017Redesign;en-US;www.google.com;29280;1;0
Broadmoor.com-0073-2016Redesign;en-US;www.google.com;16721;1;0
Broadmoor.com-0073-2016Redesign;en-US;www.google.com;16721;1;0
Saddlebrookprep.com-0022-2014Transfer;en-US;www.google.com;3914;1;0
Bellemontfarm.com-0007-2013Redesign;en-US;www.google.com;11497;1;0
Monarchbeachresort.com-0092-2016Redesign;en-US;www.google.com;22725;1;0
Thelodgeatwoodloch.com-0033-2015Redesign;en-US;www.google.com;7764;1;0
Saddlebrookprep.com-0022-2014Transfer;en-US;www.google.com;3914;1;0
Thecurtis.com-0079-2016Redesign;en-US;www.google.com;17981;1;0
Oxfordclubspa.com-0068-2016Redesign;en-US;www.theoxfordhotel.com;15568;1;0
Oxfordclubspa.com-0068-2016Redesign;en-US;www.theoxfordhotel.com;15568;1;0
Casaybelresort.com-0002-2014Redesign;en-US;www.google.com;1533;1;0
Broadmoor.com-0073-2016Redesign;en-US;www.bing.com;16721;1;0
Springhillsuitesdenver.com-0060-2015Redesign;en-US;www.bing.com;12307;1;0
Broadmoor.com-0073-2016Redesign;en-US;login.nomadix.com:1111;16724;1;0
Broadmoor.com-0073-2016Redesign;en-US;login.nomadix.com:1111;16724;1;0
