Broadmoor.com-0073-2016Redesign;en-US;www.google.com;18259;1;0
Cphollywoodbeach.com-0032-2015Redesign;en-US;www.google.com;7831;1;0
Courtyardportlandcitycenter.com-0063-2015Redesign;en-US;kemerovo.zrus.org;14577;1;0
Cphollywoodbeach.com-0032-2015Redesign;en-US;www.google.com.ar;7831;1;0
Courtyardportlandcitycenter.com-0063-2015Redesign;en-US;kemerovo.zrus.org;14577;1;0
Cphollywoodbeach.com-0032-2015Redesign;en-US;www.beachcamsusa.com;7831;1;0
Courtyardportlandcitycenter.com-0063-2015Redesign;en-US;kemerovo.zrus.org;14577;1;0
Casaybelresort.com-0002-2014Redesign;en-US;www.google.com;1613;1;0
Samosetresort.com-0113-2017Redesign;en-US;www.google.com;32541;1;0
Samosetresort.com-0113-2017Redesign;en-US;www.google.com;32541;1;0
Casaybelresort.com-0002-2014Redesign;en-US;r.search.yahoo.com;1613;1;0
Broadmoor.com-0073-2016Redesign;en-US;www.google.com;16721;1;0
Monarchbeachresort.com-0092-2016Redesign;en-US;m.facebook.com;26800;1;0
Marriottkeylargo.com-0015-2014Redesign;en-US;www.fla-keys.com;3948;1;0
Marriottkeylargo.com-0015-2014Redesign;en-US;www.fla-keys.com;3964;1;0
Cphollywoodbeach.com-0032-2015Redesign;en-US;www.google.com;7831;1;0
Lidobeachresort.com-0106-2017Redesign;en-US;www.google.co.uk;28666;1;0
Casaybelresort.com-0002-2014Redesign;en-US;www.google.com;1613;1;0
Broadmoor.com-0073-2016Redesign;en-US;www.google.com;16798;1;0
Casaybelresort.com-0002-2014Redesign;en-US;www.google.com;1533;1;0
Cphollywoodbeach.com-0032-2015Redesign;en-US;www.google.ca;7831;1;0
Casaybelresort.com-0002-2014Redesign;en-US;www.bing.com;1613;1;0
Marriottkeylargo.com-0015-2014Redesign;en-US;www.beachcamsusa.com;3948;1;0
Marriottkeylargo.com-0015-2014Redesign;en-US;www.beachcamsusa.com;3964;1;0
Lidobeachresort.com-0106-2017Redesign;en-US;www.google.com;28667;1;0
Theoxfordhotel.com-0062-2015Redesign;en-US;www.google.com;14325;1;0
Delraysandsresort.com-0097-2016Redesign;en-US;prlog.ru;27232;1;0
Delraysandsresort.com-0097-2016Redesign;en-US;prlog.ru;27232;1;0
Cphollywoodbeach.com-0032-2015Redesign;en-US;www.sunny.org;7831;1;0
Delraysandsresort.com-0097-2016Redesign;en-US;prlog.ru;27232;1;0
Delraysandsresort.com-0097-2016Redesign;en-US;prlog.ru;27232;1;0
Thecrawfordhotel.com-0074-2016Redesign;en-US;www.google.com;17164;1;0
Cphollywoodbeach.com-0032-2015Redesign;en-US;www.sunny.org;7831;1;0
Broadmoor.com-0073-2016Redesign;en-US;tpc.googlesyndication.com;16728;1;0
Thesagamore.com-0112-2017Redesign;en-US;na28.salesforce.com;32339;1;0
Marriottkeylargo.com-0015-2014Redesign;en-US;www.google.ca;3948;1;0
Galthouse.com-0042-2015Redesign;en-US;m.facebook.com;31905;1;0
Galthouse.com-0042-2015Redesign;en-US;m.facebook.com;31905;1;0
Casaybelresort.com-0002-2014Redesign;en-US;surfinggator.com;1613;1;0
Broadmoor.com-0073-2016Redesign;en-US;login.nomadix.com:1111;16724;1;0
Broadmoor.com-0073-2016Redesign;en-US;login.nomadix.com:1111;16724;1;0
Marriottkeylargo.com-0015-2014Redesign;en-US;www.beachcamsusa.com;3948;1;0
Marriottkeylargo.com-0015-2014Redesign;en-US;www.beachcamsusa.com;3964;1;0
Cphollywoodbeach.com-0032-2015Redesign;en-US;www.google.com;7831;1;0
Luxehotels.com-0078-2016Redesign;en-US;www.google.com;18833;1;0
Cphollywoodbeach.com-0032-2015Redesign;en-US;www.sunny.org;7831;1;0
Cphollywoodbeach.com-0032-2015Redesign;en-US;www.google.com;7831;1;0
Galthouse.com-0042-2015Redesign;en-US;godspeople.lpages.co;31905;1;0
Lidobeachresort.com-0106-2017Redesign;en-US;www.google.co.uk;28667;1;0
Cphollywoodbeach.com-0032-2015Redesign;en-US;www.sunny.org;7831;1;0
Broadmoor.com-0073-2016Redesign;en-US;www.google.com;16721;1;0
Longboatkeyclub.com-0104-2017Redesign;en-US;www.google.ca;28316;1;0
Residenceinnlax.com-0026-2014Redesign;en-US;www.google.com;5271;1;0
Marriottkeylargo.com-0015-2014Redesign;en-US;www.fla-keys.com;3948;1;0
Marriottkeylargo.com-0015-2014Redesign;en-US;www.fla-keys.com;3964;1;0
Thesagamore.com-0112-2017Redesign;en-US;r.search.yahoo.com;32339;1;0
Cphollywoodbeach.com-0032-2015Redesign;en-US;www.google.com;7831;1;0
Opalsands.com-0084-2016Redesign;en-US;www.google.com;20171;1;0
Casaybelresort.com-0002-2014Redesign;en-US;www.google.com;1613;1;0
Thelodgeatwoodloch.com-0033-2015Redesign;en-US;www.google.com;11013;1;0
Broadmoor.com-0073-2016Redesign;en-US;tpc.googlesyndication.com;16728;1;0
saddlebrook.com-0011-2014Redesign;en-US;www.google.com;3385;1;0
Cphollywoodbeach.com-0032-2015Redesign;en-US;www.sunny.org;7831;1;0
Denvercy.com-0036-2015Redesign;en-US;www.google.com;8150;1;0
Opalsands.com-0084-2016Redesign;en-US;reservations.opalsands.com;20795;1;0
