Monarchbeachresort.com-0092-2016Redesign;en-US;26800;22973;1;0
theweststreethotel.com-0115-2017Redesign;en-US;36683;37425;1;0
Sandpearl.com-0091-2016Redesign;en-US;22481;22530;1;0
Broadmoor.com-0073-2016Redesign;en-US;16721;16765;1;0
Broadmoor.com-0073-2016Redesign;en-US;16766;17269;1;0
Thecurtis.com-0079-2016Redesign;en-US;17981;18823;1;0
Broadmoor.com-0073-2016Redesign;en-US;16721;18010;1;0
Thelodgeatwoodloch.com-0033-2015Redesign;en-US;0;9848;1;0
Broadmoor.com-0073-2016Redesign;en-US;17344;17269;1;0
Broadmoor.com-0073-2016Redesign;en-US;16721;16763;1;0
Delraysandsresort.com-0097-2016Redesign;en-US;27232;28299;1;0
Thelodgeatwoodloch.com-0033-2015Redesign;en-US;8254;7771;1;0
Halcyonhotelcherrycreek.com-0061-2015Redesign;en-US;0;23195;1;0
Thelodgeatwoodloch.com-0033-2015Redesign;en-US;7764;7771;1;0
Broadmoor.com-0073-2016Redesign;en-US;18013;17269;1;0
Thesagamore.com-0112-2017Redesign;en-US;32339;33471;1;0
Halcyonhotelcherrycreek.com-0061-2015Redesign;en-US;22121;23196;1;0
Thecurtis.com-0079-2016Redesign;en-US;18823;18826;1;0
Jupiterbeachresort.com-0103-2017Redesign;en-US;28158;29245;1;0
Sandylane.com-0075-2016Redesign;en-US;0;17725;1;0
Halcyonhotelcherrycreek.com-0061-2015Redesign;en-US;23196;22121;1;0
Thecurtis.com-0079-2016Redesign;en-US;18826;18823;1;0
Monarchbeachresort.com-0092-2016Redesign;en-US;22725;26800;1;0
Opalsands.com-0084-2016Redesign;en-US;20171;28082;1;0
Sandylane.com-0075-2016Redesign;en-US;17611;17701;1;0
Halcyonhotelcherrycreek.com-0061-2015Redesign;en-US;23195;22121;1;0
Thelodgeatwoodloch.com-0033-2015Redesign;en-US;7771;8253;1;0
Thecurtis.com-0079-2016Redesign;en-US;18823;19041;1;0
Thecurtis.com-0079-2016Redesign;en-US;19041;18827;1;0
Sandylane.com-0075-2016Redesign;en-US;17701;17698;1;0
Sandylane.com-0075-2016Redesign;en-US;17725;17692;1;0
Thecurtis.com-0079-2016Redesign;en-US;18827;18823;1;0
Washingtoncourthotel.com-0076-2016Redesign;en-US;0;17858;1;0
Sandylane.com-0075-2016Redesign;en-US;17698;17708;1;0
Thecurtis.com-0079-2016Redesign;en-US;18823;18015;1;0
Cocokeyorlando.com-0059-2015Redesign;en-US;0;12394;1;0
Cocokeyorlando.com-0059-2015Redesign;en-US;0;12394;1;0
Thecrawfordhotel.com-0074-2016Redesign;en-US;17145;17667;1;0
Thecurtis.com-0079-2016Redesign;en-US;18015;18823;1;0
Thelodgeatwoodloch.com-0033-2015Redesign;en-US;7771;8257;1;0
Thecurtis.com-0079-2016Redesign;en-US;17981;18372;1;0
Miravalspamonarchbeach.com-0109-2017Redesign;en-US;31709;31730;1;0
saddlebrook.com-0011-2014Redesign;en-US;3453;3457;1;0
Thelodgeatwoodloch.com-0033-2015Redesign;en-US;9801;8257;1;0
Sandylane.com-0075-2016Redesign;en-US;17692;17693;1;0
Thesagamore.com-0112-2017Redesign;en-US;32339;32347;1;0
Broadmoor.com-0073-2016Redesign;en-US;16765;16770;1;0
Thesagamore.com-0112-2017Redesign;en-US;32387;33577;1;0
Cphollywoodbeach.com-0032-2015Redesign;en-US;7805;7831;1;0
Monarchbeachresort.com-0092-2016Redesign;en-US;0;23801;1;0
Chrco.com-0107-2017Redesign;en-US;29280;29680;1;0
Thelodgeatwoodloch.com-0033-2015Redesign;en-US;7764;9801;1;0
Casaybelresort.com-0002-2014Redesign;en-US;1533;1613;1;0
Thecurtis.com-0079-2016Redesign;en-US;18372;19041;1;0
Samosetresort.com-0113-2017Redesign;en-US;0;32541;1;0
Broadmoor.com-0073-2016Redesign;en-US;17269;16722;1;0
Broadmoor.com-0073-2016Redesign;en-US;17269;17344;1;0
Monarchbeachresort.com-0092-2016Redesign;en-US;22865;23001;1;0
Thelodgeatwoodloch.com-0033-2015Redesign;en-US;8257;8393;1;0
Miravalspamonarchbeach.com-0109-2017Redesign;en-US;31730;31733;1;0
wentworthcom00212014redesign;en-US;4251;4277;1;0
Theloganhotel.com-0043-2015Redesign;en-US;25355;9119;1;0
Theoxfordhotel.com-0062-2015Redesign;en-US;0;14325;1;0
Thesagamore.com-0112-2017Redesign;en-US;33471;33472;1;0
Thesagamore.com-0112-2017Redesign;en-US;32339;33457;1;0
Monarchbeachresort.com-0092-2016Redesign;en-US;22973;41733;1;0
Thelodgeatwoodloch.com-0033-2015Redesign;en-US;8257;8254;1;0
Broadmoor.com-0073-2016Redesign;en-US;16770;16765;1;0
Thesagamore.com-0112-2017Redesign;en-US;32347;33476;1;0
Cocokeyorlando.com-0059-2015Redesign;en-US;12406;12404;1;0
Thelodgeatwoodloch.com-0033-2015Redesign;en-US;9801;11304;1;0
Thecurtis.com-0079-2016Redesign;en-US;19041;19043;1;0
Thelodgeatwoodloch.com-0033-2015Redesign;en-US;8393;7771;1;0
Thelodgeatwoodloch.com-0033-2015Redesign;en-US;9848;8324;1;0
Springhillsuitesdenver.com-0060-2015Redesign;en-US;12307;12334;1;0
