Longboatkeyclub.com-0104-2017Redesign;en-US;28316;35641;1;0
Jbdukehotel.com-0086-2016Redesign;en-US;21918;21934;1;0
Thelodgeatwoodloch.com-0033-2015Redesign;en-US;8250;8390;1;0
Theloganhotel.com-0043-2015Redesign;en-US;25355;9124;1;0
Thesagamore.com-0112-2017Redesign;en-US;33922;32346;1;0
Lakeplacidlodge.com-0105-2017Redesign;en-US;28552;28595;1;0
Lehotels.com-0049-2015Transfer;en-US;12141;12108;1;0
Broadmoor.com-0073-2016Redesign;en-US;16722;17443;1;0
theweststreethotel.com-0115-2017Redesign;en-US;36683;37426;1;0
Broadmoor.com-0073-2016Redesign;en-US;16722;17269;1;0
Galthouse.com-0042-2015Redesign;en-US;10570;10574;1;0
Samosetresort.com-0113-2017Redesign;en-US;35129;32576;1;0
Lakeplacidlodge.com-0105-2017Redesign;en-US;28545;32788;1;0
Montaukyachtclub.com-0010-2014Redesign;en-US;0;2280;1;0
Oxfordclubspa.com-0068-2016Redesign;en-US;15568;15600;1;0
Zotabeachresort.com-0090-2016Redesign;en-US;22357;23087;1;0
Oxfordclubspa.com-0068-2016Redesign;en-US;15600;15568;1;0
Edgewaternaples.com-0094-2016Redesign;en-US;25626;25629;1;0
Cocokeyorlando.com-0059-2015Redesign;en-US;0;12394;1;0
Galthouse.com-0042-2015Redesign;en-US;10574;10570;1;0
Laxembassy.com-0008-2014Redesign;en-US;2105;2147;1;0
Napavalleymarriott.com-0071-2016Redesign;en-US;32812;16453;1;0
Broadmoor.com-0073-2016Redesign;en-US;22720;17444;1;0
Broadmoor.com-0073-2016Redesign;en-US;18259;21232;1;0
Sandpearl.com-0091-2016Redesign;en-US;22481;22530;1;0
Casaybelresort.com-0002-2014Redesign;en-US;1613;1573;1;0
Monarchbeachresort.com-0092-2016Redesign;en-US;22725;22862;1;0
Samosetresort.com-0113-2017Redesign;en-US;0;32541;1;0
Miravalspamonarchbeach.com-0109-2017Redesign;en-US;32984;40598;1;0
Cphollywoodbeach.com-0032-2015Redesign;en-US;7914;7879;1;0
Broadmoor.com-0073-2016Redesign;en-US;16721;16751;1;0
Broadmoor.com-0073-2016Redesign;en-US;17269;16722;1;0
theweststreethotel.com-0115-2017Redesign;en-US;37426;37425;1;0
Lakeplacidlodge.com-0105-2017Redesign;en-US;28552;32807;1;0
Springhillsuitesdenver.com-0060-2015Redesign;en-US;0;12307;1;0
Lakeplacidlodge.com-0105-2017Redesign;en-US;28595;28552;1;0
Unionstationhotelnashville.com-0047-2015Redesign;en-US;24054;24218;1;0
Thecurtis.com-0079-2016Redesign;en-US;0;17981;1;0
Broadmoor.com-0073-2016Redesign;en-US;16722;16757;1;0
Casaybelresort.com-0002-2014Redesign;en-US;1533;1573;1;0
Cphollywoodbeach.com-0032-2015Redesign;en-US;7805;7831;1;0
Cphollywoodbeach.com-0032-2015Redesign;en-US;7831;8288;1;0
Edgewaternaples.com-0094-2016Redesign;en-US;25629;25250;1;0
Thecurtis.com-0079-2016Redesign;en-US;18015;18000;1;0
Thelodgeatwoodloch.com-0033-2015Redesign;en-US;7782;9801;1;0
Casaybelresort.com-0002-2014Redesign;en-US;1573;1601;1;0
Napavalleymarriott.com-0071-2016Redesign;en-US;16432;18369;1;0
Springhillsuitesdenver.com-0060-2015Redesign;en-US;12307;12333;1;0
Jbdukehotel.com-0086-2016Redesign;en-US;0;21918;1;0
Broadmoor.com-0073-2016Redesign;en-US;17443;16728;1;0
Thesagamore.com-0112-2017Redesign;en-US;32346;32387;1;0
Thesagamore.com-0112-2017Redesign;en-US;33443;33450;1;0
Jbdukehotel.com-0086-2016Redesign;en-US;0;21942;1;0
Cphollywoodbeach.com-0032-2015Redesign;en-US;8288;7862;1;0
Galthouse.com-0042-2015Redesign;en-US;10570;10572;1;0
Unionstationhotelnashville.com-0047-2015Redesign;en-US;24218;24219;1;0
Longboatkeyclub.com-0104-2017Redesign;en-US;28316;35641;1;0
Samosetresort.com-0113-2017Redesign;en-US;32576;35129;1;0
Broadmoor.com-0073-2016Redesign;en-US;0;20418;1;0
Thecurtis.com-0079-2016Redesign;en-US;0;17981;1;0
Monarchbeachresort.com-0092-2016Redesign;en-US;22725;41347;1;0
Lakeplacidlodge.com-0105-2017Redesign;en-US;28545;32794;1;0
Broadmoor.com-0073-2016Redesign;en-US;16728;18013;1;0
Edgewaternaples.com-0094-2016Redesign;en-US;25250;25299;1;0
Thesagamore.com-0112-2017Redesign;en-US;33450;33443;1;0
Lakeplacidlodge.com-0105-2017Redesign;en-US;28552;32987;1;0
Thelodgeatwoodloch.com-0033-2015Redesign;en-US;9801;9920;1;0
Renaissancepittsburghpa.com-0044-2015Redesign;en-US;0;9637;1;0
wentworthcom00212014redesign;en-US;26679;32986;1;0
Broadmoor.com-0073-2016Redesign;en-US;16793;16722;1;0
Broadmoor.com-0073-2016Redesign;en-US;18293;16755;1;0
Broadmoor.com-0073-2016Redesign;en-US;17444;16724;1;0
Galthouse.com-0042-2015Redesign;en-US;0;25671;1;0
Jupiterbeachresort.com-0103-2017Redesign;en-US;28158;28165;1;0
Edgewaternaples.com-0094-2016Redesign;en-US;25239;32090;1;0
Galthouse.com-0042-2015Redesign;en-US;31905;25671;1;0
Galthouse.com-0042-2015Redesign;en-US;10572;33603;1;0
Thelodgeatwoodloch.com-0033-2015Redesign;en-US;8254;9932;1;0
