Monarchbeachresort.com-0092-2016Redesign;en-US;www.cwcriskconference.org;22725;1;0
Broadmoor.com-0073-2016Redesign;en-US;www.google.com;18259;1;0
shop.broadmoor.com-0096-2016ShoppingCart;en-US;www.google.com;27382;1;0
Thelodgeatwoodloch.com-0033-2015Redesign;en-US;www.google.com;7764;1;0
Broadmoor.com-0073-2016Redesign;en-US;m.facebook.com;21232;1;0
Washingtondukeinn.com-0024-2014Redesign;en-US;www.google.com;4524;1;0
Broadmoor.com-0073-2016Redesign;en-US;www.google.com;16728;1;0
Theoxfordhotel.com-0062-2015Redesign;en-US;den-80202-5400.localdomain:444;14325;1;0
wentworthcom00212014redesign;en-US;www.google.com;4250;1;0
Marriottkeylargo.com-0015-2014Redesign;en-US;www.google.com;3948;1;0
Monarchbeachresort.com-0092-2016Redesign;en-US;www.google.com;23670;1;0
Renaissancepittsburghpa.com-0044-2015Redesign;en-US;www.google.com;9637;1;0
Casaybelresort.com-0002-2014Redesign;en-US;m.facebook.com;1613;1;0
Renaissancepittsburghpa.com-0044-2015Redesign;en-US;www.google.com;9637;1;0
Monarchbeachresort.com-0092-2016Redesign;en-US;android-app:;22725;1;0
Marriottkeylargo.com-0015-2014Redesign;en-US;www.lookr.com;3948;1;0
saddlebrook.com-0011-2014Redesign;en-US;www.google.com;3385;1;0
Broadmoor.com-0073-2016Redesign;en-US;m.facebook.com;16757;1;0
Saddlebrookprep.com-0022-2014Transfer;en-US;www.google.com;3914;1;0
Thesagamore.com-0112-2017Redesign;en-US;www.lakegeorge.com;32339;1;0
Thesagamore.com-0112-2017Redesign;en-US;www.lakegeorge.com;32339;1;0
Monarchbeachresort.com-0092-2016Redesign;en-US;www.google.com;23670;1;0
Broadmoor.com-0073-2016Redesign;en-US;www.google.com;16761;1;0
Monarchbeachresort.com-0092-2016Redesign;en-US;www.google.co.jp;22725;1;0
