Thelodgeatwoodloch.com-0033-2015Redesign;en-US;www.google.com;7764;1;0
Thelodgeatwoodloch.com-0033-2015Redesign;en-US;www.google.com;7764;1;0
Lidobeachresort.com-0106-2017Redesign;en-US;bioscorp.ru;29819;1;0
Casaybelresort.com-0002-2014Redesign;en-US;www.weddingsillustrated.net;1602;1;0
Cphollywoodbeach.com-0032-2015Redesign;en-US;search.yahoo.com;7831;1;0
wentworthcom00212014redesign;en-US;www.google.com;26679;1;0
Galthouse.com-0042-2015Redesign;en-US;www.google.com;31905;1;0
Opalsands.com-0084-2016Redesign;en-US;www.beachtourism.com;20171;1;0
Secretharbourvi.com-0040-2015Redesign;en-US;www.google.com.mx;9231;1;0
Thelodgeatwoodloch.com-0033-2015Redesign;en-US;www--thelodgeatwoodloch--com.rztrkr.com;7782;1;0
Broadmoor.com-0073-2016Redesign;en-US;www.google.com;16721;1;0
Cphollywoodbeach.com-0032-2015Redesign;en-US;search.yahoo.com;7831;1;0
Longboatkeyclub.com-0104-2017Redesign;en-US;search.yahoo.com;28316;1;0
Casaybelresort.com-0002-2014Redesign;en-US;www.google.com;1613;1;0
Unionstationhotelnashville.com-0047-2015Redesign;en-US;www.google.com;32226;1;0
Broadmoor.com-0073-2016Redesign;en-US;www.google.com;16721;1;0
Washingtondukeinn.com-0024-2014Redesign;en-US;www.google.com;5165;1;0
Washingtondukeinn.com-0024-2014Redesign;en-US;www.google.com;5165;1;0
Casaybelresort.com-0002-2014Redesign;en-US;www.google.com;1613;1;0
Thecurtis.com-0079-2016Redesign;en-US;www.google.com;17981;1;0
Opalsands.com-0084-2016Redesign;en-US;www.google.com;40846;1;0
Jupiterbeachresort.com-0103-2017Redesign;en-US;www.google.com;28158;1;0
Jupiterbeachresort.com-0103-2017Redesign;en-US;www.google.com;28158;1;0
Thecrawfordhotel.com-0074-2016Redesign;en-US;www.google.com;17667;1;0
Broadmoor.com-0073-2016Redesign;en-US;www.google.com;16777;1;0
Broadmoor.com-0073-2016Redesign;en-US;www.google.com;16721;1;0
Glencovemansion.com-0058-2015Redesign;en-US;www.sogou.com;13328;1;0
Minnetonkamarriott.com-0039-2015Redesign;en-US;www.google.com;8817;1;0
Galthouse.com-0042-2015Redesign;en-US;www.google.com;12887;1;0
Thelodgeatwoodloch.com-0033-2015Redesign;en-US;www--thelodgeatwoodloch--com.rztrkr.com;8261;1;0
Broadmoor.com-0073-2016Redesign;en-US;tpc.googlesyndication.com;16728;1;0
Broadmoor.com-0073-2016Redesign;en-US;www.google.com;16721;1;0
Broadmoor.com-0073-2016Redesign;en-US;login.nomadix.com:1111;16724;1;0
Broadmoor.com-0073-2016Redesign;en-US;login.nomadix.com:1111;16724;1;0
Treasureislandbeachresort.com-0089-2016Redesign;en-US;www.google.com;22169;1;0
Longboatkeyclub.com-0104-2017Redesign;en-US;www.google.de;28316;1;0
wentworthcom00212014redesign;en-US;www.google.com;4250;1;0
Broadmoor.com-0073-2016Redesign;en-US;www.google.com;20418;1;0
Cocokeyorlando.com-0059-2015Redesign;en-US;www.google.com;12410;1;0
Thelodgeatwoodloch.com-0033-2015Redesign;en-US;www--thelodgeatwoodloch--com.rztrkr.com;11307;1;0
Sandpearl.com-0091-2016Redesign;en-US;www.google.com;22488;1;0
Monarchbeachresort.com-0092-2016Redesign;en-US;www.google.com;22725;1;0
Broadmoor.com-0073-2016Redesign;en-US;www.google.com;20418;1;0
Broadmoor.com-0073-2016Redesign;en-US;tpc.googlesyndication.com;16728;1;0
Unionstationhotelnashville.com-0047-2015Redesign;en-US;www.google.com;32226;1;0
theweststreethotel.com-0115-2017Redesign;en-US;esurvey.templates.cendyn.com;36683;1;0
Chrco.com-0107-2017Redesign;en-US;www.google.com;29280;1;0
Cphollywoodbeach.com-0032-2015Redesign;en-US;www.sunny.org;7831;1;0
Longboatkeyclub.com-0104-2017Redesign;en-US;www.google.com;29844;1;0
Broadmoor.com-0073-2016Redesign;en-US;www.google.com;16721;1;0
Napavalleymarriott.com-0071-2016Redesign;en-US;www.google.com;16432;1;0
Broadmoor.com-0073-2016Redesign;en-US;tpc.googlesyndication.com;16728;1;0
Broadmoor.com-0073-2016Redesign;en-US;r.search.yahoo.com;16721;1;0
Galthouse.com-0042-2015Redesign;en-US;www.google.com;31905;1;0
Thelodgeatwoodloch.com-0033-2015Redesign;en-US;www--thelodgeatwoodloch--com.rztrkr.com;7781;1;0
Longboatkeyclub.com-0104-2017Redesign;en-US;www.google.com;28364;1;0
Longboatkeyclub.com-0104-2017Redesign;en-US;www.google.com;28364;1;0
Sandylane.com-0075-2016Redesign;en-US;www.google.de;17611;1;0
Longboatkeyclub.com-0104-2017Redesign;en-US;www.google.com;28354;1;0
Theoxfordhotel.com-0062-2015Redesign;en-US;www.google.com;14333;1;0
Thelodgeatwoodloch.com-0033-2015Redesign;en-US;www--thelodgeatwoodloch--com.rztrkr.com;8261;1;0
Cphollywoodbeach.com-0032-2015Redesign;en-US;www.sunny.org;7831;1;0
