Delraysandsresort.com-0097-2016Redesign;en-US;www.ophotels.com;27232;1;0
wentworthcom00212014redesign;en-US;www.bing.com;26679;1;0
Theharborsidehotel.com-0114-2017Redesign;en-US;www.ophotels.com;37571;1;0
Jupiterbeachresort.com-0103-2017Redesign;en-US;www.google.co.uk;28158;1;0
Jupiterbeachresort.com-0103-2017Redesign;en-US;www.ophotels.com;28158;1;0
Opalsands.com-0084-2016Redesign;en-US;www.google.com;20171;1;0
Opalsands.com-0084-2016Redesign;en-US;www.google.com;20171;1;0
Lakeplacidlodge.com-0105-2017Redesign;en-US;www.ophotels.com;28545;1;0
Theharborsidehotel.com-0114-2017Redesign;en-US;android-app:;41581;1;0
Longboatkeyclub.com-0104-2017Redesign;en-US;android-app:;41579;1;0
Lidobeachresort.com-0106-2017Redesign;en-US;www.ophotels.com;28666;1;0
Marriottdelraybeach.com-0009-2014Redesign;en-US;www.ophotels.com;2829;1;0
Marriottkeylargo.com-0015-2014Redesign;en-US;www.ophotels.com;3948;1;0
Chrco.com-0107-2017Redesign;en-US;www.bing.com;29280;1;0
wentworthcom00212014redesign;en-US;www.marriott.com;4250;1;0
Samosetresort.com-0113-2017Redesign;en-US;www.ophotels.com;32541;1;0
Cocokeyorlando.com-0059-2015Redesign;en-US;www.google.com;12410;1;0
Broadmoor.com-0073-2016Redesign;en-US;www.google.com;18259;1;0
Samosetresort.com-0113-2017Redesign;en-US;www.ophotels.com;32541;1;0
Longboatkeyclub.com-0104-2017Redesign;en-US;www.ophotels.com;35641;1;0
Galthouse.com-0042-2015Redesign;en-US;www.google.com;31905;1;0
Thesagamore.com-0112-2017Redesign;en-US;www.ophotels.com;32339;1;0
Galthouse.com-0042-2015Redesign;en-US;www.google.com;31905;1;0
Galthouse.com-0042-2015Redesign;en-US;www.google.com;10577;1;0
wentworthcom00212014redesign;en-US;www.ophotels.com;26679;1;0
theweststreethotel.com-0115-2017Redesign;en-US;www.ophotels.com;36683;1;0
Broadmoor.com-0073-2016Redesign;en-US;www.google.com;16721;1;0
Broadmoor.com-0073-2016Redesign;en-US;www.google.com;16721;1;0
Unionstationhotelnashville.com-0047-2015Redesign;en-US;www.google.com;32226;1;0
Theoxfordhotel.com-0062-2015Redesign;en-US;r.search.yahoo.com;14430;1;0
Luxehotels.com-0078-2016Redesign;en-US;www.bing.com;18833;1;0
Unionstationhotelnashville.com-0047-2015Redesign;en-US;www.google.com;32226;1;0
Jupiterbeachresort.com-0103-2017Redesign;en-US;na28.salesforce.com;28158;1;0
Jupiterbeachresort.com-0103-2017Redesign;en-US;na28.salesforce.com;28158;1;0
Samosetresort.com-0113-2017Redesign;en-US;14b.info;32551;1;0
Samosetresort.com-0113-2017Redesign;en-US;14b.info;32551;1;0
Laxembassy.com-0008-2014Redesign;en-US;www.google.com;2037;1;0
Samosetresort.com-0113-2017Redesign;en-US;14b.info;32551;1;0
Secretharbourvi.com-0040-2015Redesign;en-US;www.google.com;9231;1;0
Sandylane.com-0075-2016Redesign;en-US;www.bing.com;17611;1;0
Broadmoor.com-0073-2016Redesign;en-US;m.facebook.com;16762;1;0
Theharborsidehotel.com-0114-2017Redesign;en-US;www.google.com;37571;1;0
Longboatkeyclub.com-0104-2017Redesign;en-US;search.yahoo.com;28316;1;0
Thelodgeatwoodloch.com-0033-2015Redesign;en-US;freevpn.ninja;7764;1;0
Theharborsidehotel.com-0114-2017Redesign;en-US;www.google.com;37571;1;0
Sandpearl.com-0091-2016Redesign;en-US;www.google.com;22481;1;0
Theharborsidehotel.com-0114-2017Redesign;en-US;www.google.com;37571;1;0
Theharborsidehotel.com-0114-2017Redesign;en-US;www.google.com;37571;1;0
Broadmoor.com-0073-2016Redesign;en-US;www.google.com;18208;1;0
Broadmoor.com-0073-2016Redesign;en-US;login.nomadix.com:1111;16724;1;0
Broadmoor.com-0073-2016Redesign;en-US;www.pikes-peak.com;18259;1;0
Broadmoor.com-0073-2016Redesign;en-US;login.nomadix.com:1111;16724;1;0
Washingtoncourthotel.com-0076-2016Redesign;en-US;www.google.com;17858;1;0
Broadmoor.com-0073-2016Redesign;en-US;www.bing.com;16721;1;0
Broadmoor.com-0073-2016Redesign;en-US;www.bing.com;16721;1;0
