Thesagamore.com-0112-2017Redesign;en-US;32339;33542;1;0
Samosetresort.com-0113-2017Redesign;en-US;0;32541;1;0
Broadmoor.com-0073-2016Redesign;en-US;16751;16728;1;0
theweststreethotel.com-0115-2017Redesign;en-US;37426;36684;1;0
Broadmoor.com-0073-2016Redesign;en-US;18259;21232;1;0
Thelodgeatwoodloch.com-0033-2015Redesign;en-US;7771;9801;1;0
Glencovemansion.com-0058-2015Redesign;en-US;13328;13343;1;0
Delraysandsresort.com-0097-2016Redesign;en-US;27296;28289;1;0
Renaissancepittsburghpa.com-0044-2015Redesign;en-US;9685;10040;1;0
Washingtondukeinn.com-0024-2014Redesign;en-US;5995;4997;1;0
Glencovemansion.com-0058-2015Redesign;en-US;13343;13328;1;0
Broadmoor.com-0073-2016Redesign;en-US;16800;16797;1;0
Thelodgeatwoodloch.com-0033-2015Redesign;en-US;7764;7771;1;0
Broadmoor.com-0073-2016Redesign;en-US;17269;17339;1;0
Thesagamore.com-0112-2017Redesign;en-US;32339;33921;1;0
Washingtondukeinn.com-0024-2014Redesign;en-US;4524;4767;1;0
Monarchbeachresort.com-0092-2016Redesign;en-US;26788;26803;1;0
Broadmoor.com-0073-2016Redesign;en-US;16721;16728;1;0
Broadmoor.com-0073-2016Redesign;en-US;16721;16755;1;0
Broadmoor.com-0073-2016Redesign;en-US;18259;21232;1;0
Thesagamore.com-0112-2017Redesign;en-US;32391;32392;1;0
Thesagamore.com-0112-2017Redesign;en-US;32339;33542;1;0
Thesagamore.com-0112-2017Redesign;en-US;32351;33921;1;0
Cocokeyorlando.com-0059-2015Redesign;en-US;0;12394;1;0
Lakeplacidlodge.com-0105-2017Redesign;en-US;28545;28593;1;0
Casaybelresort.com-0002-2014Redesign;en-US;1596;1597;1;0
Monarchbeachresort.com-0092-2016Redesign;en-US;22865;22994;1;0
Galthouse.com-0042-2015Redesign;en-US;31905;10568;1;0
Washingtondukeinn.com-0024-2014Redesign;en-US;4997;5097;1;0
Thecurtis.com-0079-2016Redesign;en-US;19076;17981;1;0
Thesagamore.com-0112-2017Redesign;en-US;33921;33922;1;0
Broadmoor.com-0073-2016Redesign;en-US;16721;18010;1;0
Broadmoor.com-0073-2016Redesign;en-US;16721;16760;1;0
Cocokeyorlando.com-0059-2015Redesign;en-US;12396;12488;1;0
Thesagamore.com-0112-2017Redesign;en-US;0;33921;1;0
Lakeplacidlodge.com-0105-2017Redesign;en-US;28593;41596;1;0
Thecurtis.com-0079-2016Redesign;en-US;17981;19041;1;0
Delraysandsresort.com-0097-2016Redesign;en-US;27233;27252;1;0
Thelodgeatwoodloch.com-0033-2015Redesign;en-US;7771;7783;1;0
Broadmoor.com-0073-2016Redesign;en-US;16760;16798;1;0
Thecrawfordhotel.com-0074-2016Redesign;en-US;17667;17670;1;0
Washingtondukeinn.com-0024-2014Redesign;en-US;5097;4997;1;0
Thelodgeatwoodloch.com-0033-2015Redesign;en-US;9801;9920;1;0
Jupiterbeachresort.com-0103-2017Redesign;en-US;29274;28214;1;0
Broadmoor.com-0073-2016Redesign;en-US;17269;17345;1;0
Cphollywoodbeach.com-0032-2015Redesign;en-US;7831;7815;1;0
Monarchbeachresort.com-0092-2016Redesign;en-US;26803;26788;1;0
Broadmoor.com-0073-2016Redesign;en-US;16755;16756;1;0
Thesagamore.com-0112-2017Redesign;en-US;33921;33923;1;0
Abbingtonbanquets.com-0070-2016Redesign;en-US;15789;15811;1;0
Longboatkeyclub.com-0104-2017Redesign;en-US;28316;35641;1;0
Halcyonhotelcherrycreek.com-0061-2015Redesign;en-US;0;22121;1;0
Broadmoor.com-0073-2016Redesign;en-US;16728;36006;1;0
Residenceinnlax.com-0026-2014Redesign;en-US;5271;5297;1;0
Casaybelresort.com-0002-2014Redesign;en-US;0;1604;1;0
Washingtondukeinn.com-0024-2014Redesign;en-US;4997;5097;1;0
Washingtondukeinn.com-0024-2014Redesign;en-US;5097;4997;1;0
theweststreethotel.com-0115-2017Redesign;en-US;37426;36726;1;0
Thesagamore.com-0112-2017Redesign;en-US;0;33921;1;0
Broadmoor.com-0073-2016Redesign;en-US;16721;16724;1;0
Broadmoor.com-0073-2016Redesign;en-US;18010;18014;1;0
Monarchbeachresort.com-0092-2016Redesign;en-US;0;22964;1;0
shop.broadmoor.com-0096-2016ShoppingCart;en-US;0;26999;1;0
theweststreethotel.com-0115-2017Redesign;en-US;36726;37426;1;0
Monarchbeachresort.com-0092-2016Redesign;en-US;22994;22865;1;0
Broadmoor.com-0073-2016Redesign;en-US;16766;16763;1;0
Thesagamore.com-0112-2017Redesign;en-US;32339;33450;1;0
Thesagamore.com-0112-2017Redesign;en-US;33922;33921;1;0
Longboatkeyclub.com-0104-2017Redesign;en-US;35641;28328;1;0
Washingtondukeinn.com-0024-2014Redesign;en-US;4997;5097;1;0
Thesagamore.com-0112-2017Redesign;en-US;33923;33924;1;0
Broadmoor.com-0073-2016Redesign;en-US;18207;16722;1;0
Broadmoor.com-0073-2016Redesign;en-US;16756;16722;1;0
Jupiterbeachresort.com-0103-2017Redesign;en-US;28214;28224;1;0
Cocokeyorlando.com-0059-2015Redesign;en-US;12404;12410;1;0
Lakeplacidlodge.com-0105-2017Redesign;en-US;28545;28552;1;0
Thesagamore.com-0112-2017Redesign;en-US;33921;33366;1;0
Galthouse.com-0042-2015Redesign;en-US;9789;13200;1;0
Thecurtis.com-0079-2016Redesign;en-US;17981;19041;1;0
Theharborsidehotel.com-0114-2017Redesign;en-US;37607;37941;1;0
Lakeplacidlodge.com-0105-2017Redesign;en-US;28593;40790;1;0
Monarchbeachresort.com-0092-2016Redesign;en-US;22865;22995;1;0
Broadmoor.com-0073-2016Redesign;en-US;17339;17269;1;0
Broadmoor.com-0073-2016Redesign;en-US;0;16721;1;0
Broadmoor.com-0073-2016Redesign;en-US;0;16721;1;0
Thecrawfordhotel.com-0074-2016Redesign;en-US;17670;17667;1;0
Theloganhotel.com-0043-2015Redesign;en-US;20218;9124;1;0
Broadmoor.com-0073-2016Redesign;en-US;16761;16766;1;0
Jupiterbeachresort.com-0103-2017Redesign;en-US;0;28158;1;0
Jupiterbeachresort.com-0103-2017Redesign;en-US;0;28158;1;0
