wentworthcom00212014redesign;en-US;www.google.com;26679;1;0
Broadmoor.com-0073-2016Redesign;en-US;www.google.co.jp;16721;1;0
Lidobeachresort.com-0106-2017Redesign;en-US;www.google.com;28666;1;0
Galthouse.com-0042-2015Redesign;en-US;www.google.com;31905;1;0
Cphollywoodbeach.com-0032-2015Redesign;en-US;www.sunny.org;7831;1;0
Longboatkeyclub.com-0104-2017Redesign;en-US;search.yahoo.com;28316;1;0
Lidobeachresort.com-0106-2017Redesign;en-US;www.google.com;28666;1;0
Broadmoor.com-0073-2016Redesign;en-US;tpc.googlesyndication.com;16728;1;0
Chrco.com-0107-2017Redesign;en-US;www.google.com;29280;1;0
Luxehotels.com-0078-2016Redesign;en-US;a.voyat.com;18805;1;0
Monarchbeachresort.com-0092-2016Redesign;en-US;www.google.com;22725;1;0
Sandylane.com-0075-2016Redesign;en-US;r.search.yahoo.com;17698;1;0
Galthouse.com-0042-2015Redesign;en-US;android-app:;31905;1;0
Thesagamore.com-0112-2017Redesign;en-US;www.google.com;32339;1;0
Halcyonhotelcherrycreek.com-0061-2015Redesign;en-US;www.google.com;22121;1;0
Galthouse.com-0042-2015Redesign;en-US;android-app:;31905;1;0
wentworthcom00212014redesign;en-US;www.google.com;26679;1;0
Cocokeyorlando.com-0059-2015Redesign;en-US;android-app:;12394;1;0
Thesagamore.com-0112-2017Redesign;en-US;www.google.com;32339;1;0
Cocokeyorlando.com-0059-2015Redesign;en-US;android-app:;12394;1;0
saddlebrook.com-0011-2014Redesign;en-US;www.google.com;3385;1;0
Galthouse.com-0042-2015Redesign;en-US;www.google.com;25671;1;0
Glencovemansion.com-0058-2015Redesign;en-US;www.google.com;13328;1;0
Thelodgeatwoodloch.com-0033-2015Redesign;en-US;www.poconomountains.com;7764;1;0
Broadmoor.com-0073-2016Redesign;en-US;www.google.com;16790;1;0
Casaybelresort.com-0002-2014Redesign;en-US;www.bing.com;1533;1;0
Luxehotels.com-0078-2016Redesign;en-US;www.google.com;18833;1;0
Broadmoor.com-0073-2016Redesign;en-US;www.google.com;18010;1;0
Casaybelresort.com-0002-2014Redesign;en-US;www.google.co.uk;1533;1;0
Samosetresort.com-0113-2017Redesign;en-US;www.google.ca;32541;1;0
Cphollywoodbeach.com-0032-2015Redesign;en-US;www.sunny.org;7831;1;0
Thesagamore.com-0112-2017Redesign;en-US;www.google.com;33457;1;0
Broadmoor.com-0073-2016Redesign;en-US;www.google.com.br;16761;1;0
Broadmoor.com-0073-2016Redesign;en-US;login.nomadix.com:1111;16724;1;0
Broadmoor.com-0073-2016Redesign;en-US;android-app:;16721;1;0
Broadmoor.com-0073-2016Redesign;en-US;login.nomadix.com:1111;16724;1;0
Thesagamore.com-0112-2017Redesign;en-US;www.google.com;33457;1;0
Broadmoor.com-0073-2016Redesign;en-US;android-app:;16721;1;0
Chrco.com-0107-2017Redesign;en-US;www.google.com;29280;1;0
Theharborsidehotel.com-0114-2017Redesign;en-US;www.google.com;37571;1;0
Longboatkeyclub.com-0104-2017Redesign;en-US;r.search.yahoo.com;28316;1;0
Broadmoor.com-0073-2016Redesign;en-US;www.google.com;18259;1;0
Casaybelresort.com-0002-2014Redesign;en-US;www.google.com;1533;1;0
Cocokeyorlando.com-0059-2015Redesign;en-US;www.7dexperience.com;12394;1;0
Galthouse.com-0042-2015Redesign;en-US;www.google.com;31905;1;0
Thecurtis.com-0079-2016Redesign;en-US;www.google.com;19391;1;0
Cocokeyorlando.com-0059-2015Redesign;en-US;www.7dexperience.com;12394;1;0
Cocokeyorlando.com-0059-2015Redesign;en-US;www.7dexperience.com;12394;1;0
Cocokeyorlando.com-0059-2015Redesign;en-US;www.7dexperience.com;12394;1;0
Galthouse.com-0042-2015Redesign;en-US;www.google.com;31905;1;0
Cphollywoodbeach.com-0032-2015Redesign;en-US;www.sunny.org;7831;1;0
Cphollywoodbeach.com-0032-2015Redesign;en-US;www.sunny.org;7831;1;0
Sandpearl.com-0091-2016Redesign;en-US;search.yahoo.com;22481;1;0
Broadmoor.com-0073-2016Redesign;en-US;www.visitcos.com;16721;1;0
Broadmoor.com-0073-2016Redesign;en-US;tpc.googlesyndication.com;16728;1;0
theweststreethotel.com-0115-2017Redesign;en-US;www.google.com;37486;1;0
Galthouse.com-0042-2015Redesign;en-US;www.google.com;10577;1;0
Sandpearl.com-0091-2016Redesign;en-US;www.google.com;22481;1;0
Monarchbeachresort.com-0092-2016Redesign;en-US;www.google.com;23001;1;0
Sandpearl.com-0091-2016Redesign;en-US;www.google.com;22481;1;0
Broadmoor.com-0073-2016Redesign;en-US;www.google.com;16721;1;0
Broadmoor.com-0073-2016Redesign;en-US;www.google.com;16721;1;0
Thesagamore.com-0112-2017Redesign;en-US;www.google.com;32339;1;0
Thesagamore.com-0112-2017Redesign;en-US;www.google.com;32339;1;0
Broadmoor.com-0073-2016Redesign;en-US;www.google.com;18259;1;0
Casaybelresort.com-0002-2014Redesign;en-US;www.google.com;1533;1;0
wentworthcom00212014redesign;en-US;www.google.com;26679;1;0
Thelodgeatwoodloch.com-0033-2015Redesign;en-US;www.google.com;8254;1;0
Broadmoor.com-0073-2016Redesign;en-US;www.google.com;16721;1;0
Broadmoor.com-0073-2016Redesign;en-US;www.google.com;17449;1;0
Sandpearl.com-0091-2016Redesign;en-US;www.google.com;22481;1;0
Thesagamore.com-0112-2017Redesign;en-US;www.google.com;32358;1;0
Lidobeachresort.com-0106-2017Redesign;en-US;www.google.com;28666;1;0
Cocokeyorlando.com-0059-2015Redesign;en-US;www.google.com;12394;1;0
Cocokeyorlando.com-0059-2015Redesign;en-US;android-app:;12394;1;0
Cocokeyorlando.com-0059-2015Redesign;en-US;android-app:;12394;1;0
Broadmoor.com-0073-2016Redesign;en-US;www.visitcos.com;16721;1;0
Broadmoor.com-0073-2016Redesign;en-US;www.bing.com;16766;1;0
Thelodgeatwoodloch.com-0033-2015Redesign;en-US;www.google.com;7764;1;0
Delraysandsresort.com-0097-2016Redesign;en-US;www.ophotels.com;27232;1;0
Samosetresort.com-0113-2017Redesign;en-US;www.bing.com;32549;1;0
Theharborsidehotel.com-0114-2017Redesign;en-US;www.ophotels.com;37571;1;0
Cphollywoodbeach.com-0032-2015Redesign;en-US;www.sunny.org;7831;1;0
Cphollywoodbeach.com-0032-2015Redesign;en-US;www.google.com;7805;1;0
Jupiterbeachresort.com-0103-2017Redesign;en-US;www.ophotels.com;28158;1;0
Thesagamore.com-0112-2017Redesign;en-US;www.newyorkupstate.com;32339;1;0
Luxehotels.com-0078-2016Redesign;en-US;a.voyat.com;18805;1;0
Lakeplacidlodge.com-0105-2017Redesign;en-US;www.ophotels.com;28545;1;0
Lidobeachresort.com-0106-2017Redesign;en-US;www.ophotels.com;28666;1;0
Marriottdelraybeach.com-0009-2014Redesign;en-US;www.ophotels.com;2829;1;0
Napavalleymarriott.com-0071-2016Redesign;en-US;www.google.com;18286;1;0
Marriottkeylargo.com-0015-2014Redesign;en-US;www.ophotels.com;3948;1;0
Thelodgeatwoodloch.com-0033-2015Redesign;en-US;www.google.com;9847;1;0
Broadmoor.com-0073-2016Redesign;en-US;login.nomadix.com:1111;16724;1;0
Broadmoor.com-0073-2016Redesign;en-US;centurylink.net;21591;1;0
Jupiterbeachresort.com-0103-2017Redesign;en-US;www.google.com;29273;1;0
Broadmoor.com-0073-2016Redesign;en-US;login.nomadix.com:1111;16724;1;0
Samosetresort.com-0113-2017Redesign;en-US;www.ophotels.com;32541;1;0
Samosetresort.com-0113-2017Redesign;en-US;www.ophotels.com;32541;1;0
