Opalsands.com-0084-2016Redesign;en-US;21642;20976;1;0
Thelodgeatwoodloch.com-0033-2015Redesign;en-US;7764;8261;1;0
Samosetresort.com-0113-2017Redesign;en-US;0;32541;1;0
Samosetresort.com-0113-2017Redesign;en-US;35144;35127;1;0
Thelodgeatwoodloch.com-0033-2015Redesign;en-US;7782;8261;1;0
Thelodgeatwoodloch.com-0033-2015Redesign;en-US;9801;9920;1;0
Broadmoor.com-0073-2016Redesign;en-US;18208;16760;1;0
Opalsands.com-0084-2016Redesign;en-US;20921;20926;1;0
Theoxfordhotel.com-0062-2015Redesign;en-US;0;14325;1;0
Halcyonhotelcherrycreek.com-0061-2015Redesign;en-US;22121;29884;1;0
Thelodgeatwoodloch.com-0033-2015Redesign;en-US;7764;9801;1;0
Treasureislandbeachresort.com-0089-2016Redesign;en-US;22169;22170;1;0
Broadmoor.com-0073-2016Redesign;en-US;16760;16793;1;0
Halcyonhotelcherrycreek.com-0061-2015Redesign;en-US;29884;22121;1;0
Broadmoor.com-0073-2016Redesign;en-US;16761;23743;1;0
Thesagamore.com-0112-2017Redesign;en-US;33543;33470;1;0
Broadmoor.com-0073-2016Redesign;en-US;16721;16757;1;0
Washingtondukeinn.com-0024-2014Redesign;en-US;4732;4998;1;0
Theharborsidehotel.com-0114-2017Redesign;en-US;37941;37606;1;0
Thelodgeatwoodloch.com-0033-2015Redesign;en-US;8261;7783;1;0
Broadmoor.com-0073-2016Redesign;en-US;16724;16722;1;0
Broadmoor.com-0073-2016Redesign;en-US;16790;18419;1;0
Halcyonhotelcherrycreek.com-0061-2015Redesign;en-US;22121;23195;1;0
Sandylane.com-0075-2016Redesign;en-US;17611;17698;1;0
Casaybelresort.com-0002-2014Redesign;en-US;1613;1607;1;0
Halcyonhotelcherrycreek.com-0061-2015Redesign;en-US;23195;22121;1;0
Thelodgeatwoodloch.com-0033-2015Redesign;en-US;8261;9920;1;0
Unionstationhotelnashville.com-0047-2015Redesign;en-US;24218;24054;1;0
Thelodgeatwoodloch.com-0033-2015Redesign;en-US;9801;8266;1;0
wentworthcom00212014redesign;en-US;4245;4280;1;0
Washingtondukeinn.com-0024-2014Redesign;en-US;4739;5530;1;0
Lidobeachresort.com-0106-2017Redesign;en-US;28666;29832;1;0
Cphollywoodbeach.com-0032-2015Redesign;en-US;7805;7914;1;0
Broadmoor.com-0073-2016Redesign;en-US;16731;18782;1;0
Miravalspamonarchbeach.com-0109-2017Redesign;en-US;31729;31730;1;0
Galthouse.com-0042-2015Redesign;en-US;10560;10563;1;0
Broadmoor.com-0073-2016Redesign;en-US;0;32315;1;0
wentworthcom00212014redesign;en-US;4251;4307;1;0
Broadmoor.com-0073-2016Redesign;en-US;16722;17443;1;0
Samosetresort.com-0113-2017Redesign;en-US;35127;35144;1;0
Broadmoor.com-0073-2016Redesign;en-US;18419;16790;1;0
Thelodgeatwoodloch.com-0033-2015Redesign;en-US;9801;11307;1;0
Thesagamore.com-0112-2017Redesign;en-US;33470;33474;1;0
Casaybelresort.com-0002-2014Redesign;en-US;1533;1613;1;0
Casaybelresort.com-0002-2014Redesign;en-US;1533;1613;1;0
Halcyonhotelcherrycreek.com-0061-2015Redesign;en-US;23287;22121;1;0
Broadmoor.com-0073-2016Redesign;en-US;18782;18259;1;0
Cocokeyorlando.com-0059-2015Redesign;en-US;0;12394;1;0
Broadmoor.com-0073-2016Redesign;en-US;16721;16722;1;0
Cocokeyorlando.com-0059-2015Redesign;en-US;12410;12404;1;0
Cphollywoodbeach.com-0032-2015Redesign;en-US;7831;8292;1;0
Edgewaternaples.com-0094-2016Redesign;en-US;25257;25301;1;0
wentworthcom00212014redesign;en-US;4280;4277;1;0
Miravalspamonarchbeach.com-0109-2017Redesign;en-US;31730;33978;1;0
Cphollywoodbeach.com-0032-2015Redesign;en-US;7811;7805;1;0
Luxehotels.com-0078-2016Redesign;en-US;18833;19338;1;0
Halcyonhotelcherrycreek.com-0061-2015Redesign;en-US;22121;29868;1;0
Broadmoor.com-0073-2016Redesign;en-US;16790;18419;1;0
Cocokeyorlando.com-0059-2015Redesign;en-US;12394;12404;1;0
Halcyonhotelcherrycreek.com-0061-2015Redesign;en-US;29868;22121;1;0
Broadmoor.com-0073-2016Redesign;en-US;16722;17443;1;0
Samosetresort.com-0113-2017Redesign;en-US;35144;35128;1;0
Thesagamore.com-0112-2017Redesign;en-US;32339;33447;1;0
Thesagamore.com-0112-2017Redesign;en-US;33474;33470;1;0
Jbdukehotel.com-0086-2016Redesign;en-US;21918;39313;1;0
Broadmoor.com-0073-2016Redesign;en-US;16755;16722;1;0
Thesagamore.com-0112-2017Redesign;en-US;33470;32339;1;0
Bellemontfarm.com-0007-2013Redesign;en-US;2253;1989;1;0
Cocokeyorlando.com-0059-2015Redesign;en-US;0;12394;1;0
saddlebrook.com-0011-2014Redesign;en-US;3452;3515;1;0
Thesagamore.com-0112-2017Redesign;en-US;32339;33470;1;0
Luxehotels.com-0078-2016Redesign;en-US;19338;19340;1;0
Thelodgeatwoodloch.com-0033-2015Redesign;en-US;7764;7781;1;0
Galthouse.com-0042-2015Redesign;en-US;10563;10558;1;0
Renaissancepittsburghpa.com-0044-2015Redesign;en-US;0;9637;1;0
Edgewaternaples.com-0094-2016Redesign;en-US;25301;25240;1;0
Thelodgeatwoodloch.com-0033-2015Redesign;en-US;7764;7781;1;0
Theharborsidehotel.com-0114-2017Redesign;en-US;0;38027;1;0
wentworthcom00212014redesign;en-US;0;4299;1;0
Cocokeyorlando.com-0059-2015Redesign;en-US;0;12394;1;0
Bellemontfarm.com-0007-2013Redesign;en-US;1989;12015;1;0
Galthouse.com-0042-2015Redesign;en-US;10609;25671;1;0
saddlebrook.com-0011-2014Redesign;en-US;3515;3385;1;0
Thesagamore.com-0112-2017Redesign;en-US;33447;33448;1;0
Monarchbeachresort.com-0092-2016Redesign;en-US;22725;23801;1;0
Monarchbeachresort.com-0092-2016Redesign;en-US;22725;23801;1;0
Broadmoor.com-0073-2016Redesign;en-US;16722;17450;1;0
Springhillsuitesdenver.com-0060-2015Redesign;en-US;0;12307;1;0
Washingtondukeinn.com-0024-2014Redesign;en-US;5165;4997;1;0
Sandylane.com-0075-2016Redesign;en-US;17698;17701;1;0
Thelodgeatwoodloch.com-0033-2015Redesign;en-US;7764;9932;1;0
