Sandpearl.com-0091-2016Redesign;en-US;23075;22531;1;0
Broadmoor.com-0073-2016Redesign;en-US;16721;16758;1;0
Broadmoor.com-0073-2016Redesign;en-US;0;16724;1;0
Broadmoor.com-0073-2016Redesign;en-US;18010;16758;1;0
Broadmoor.com-0073-2016Redesign;en-US;18259;21230;1;0
Unionstationhotelnashville.com-0047-2015Redesign;en-US;24058;24059;1;0
Broadmoor.com-0073-2016Redesign;en-US;18259;21231;1;0
Unionstationhotelnashville.com-0047-2015Redesign;en-US;32226;10385;1;0
Renaissancepittsburghpa.com-0044-2015Redesign;en-US;9682;9739;1;0
Cocokeyorlando.com-0059-2015Redesign;en-US;0;12394;1;0
Marriottkeylargo.com-0015-2014Redesign;en-US;3948;3958;1;0
Cocokeyorlando.com-0059-2015Redesign;en-US;12394;12421;1;0
Monarchbeachresort.com-0092-2016Redesign;en-US;23483;23477;1;0
Sandpearl.com-0091-2016Redesign;en-US;22531;23177;1;0
Broadmoor.com-0073-2016Redesign;en-US;16721;16790;1;0
Delraysandsresort.com-0097-2016Redesign;en-US;41253;28430;1;0
Denvercy.com-0036-2015Redesign;en-US;8150;8642;1;0
Thelodgeatwoodloch.com-0033-2015Redesign;en-US;0;7764;1;0
Chrco.com-0107-2017Redesign;en-US;0;31152;1;0
Sandpearl.com-0091-2016Redesign;en-US;23074;23075;1;0
Broadmoor.com-0073-2016Redesign;en-US;0;16761;1;0
Broadmoor.com-0073-2016Redesign;en-US;0;17344;1;0
Delraysandsresort.com-0097-2016Redesign;en-US;27285;27239;1;0
Broadmoor.com-0073-2016Redesign;en-US;21230;21233;1;0
Renaissancepittsburghpa.com-0044-2015Redesign;en-US;9739;9682;1;0
Delraysandsresort.com-0097-2016Redesign;en-US;28430;27232;1;0
Monarchbeachresort.com-0092-2016Redesign;en-US;22994;23482;1;0
Thesagamore.com-0112-2017Redesign;en-US;33922;32387;1;0
Sandpearl.com-0091-2016Redesign;en-US;23177;23119;1;0
Sandylane.com-0075-2016Redesign;en-US;17739;17675;1;0
Unionstationhotelnashville.com-0047-2015Redesign;en-US;24059;24315;1;0
Chrco.com-0107-2017Redesign;en-US;0;29280;1;0
Broadmoor.com-0073-2016Redesign;en-US;16724;16756;1;0
Galthouse.com-0042-2015Redesign;en-US;0;9789;1;0
Marriottkeylargo.com-0015-2014Redesign;en-US;3958;4024;1;0
Cocokeyorlando.com-0059-2015Redesign;en-US;0;12394;1;0
Bellemontfarm.com-0007-2013Redesign;en-US;11497;12518;1;0
Bellemontfarm.com-0007-2013Redesign;en-US;12518;12011;1;0
Broadmoor.com-0073-2016Redesign;en-US;16790;25523;1;0
Sandylane.com-0075-2016Redesign;en-US;17675;17645;1;0
Theharborsidehotel.com-0114-2017Redesign;en-US;38023;38027;1;0
Washingtondukeinn.com-0024-2014Redesign;en-US;4732;4556;1;0
Broadmoor.com-0073-2016Redesign;en-US;21231;16721;1;0
Broadmoor.com-0073-2016Redesign;en-US;35327;16796;1;0
Monarchbeachresort.com-0092-2016Redesign;en-US;23482;22999;1;0
Luxehotels.com-0078-2016Redesign;en-US;19307;19308;1;0
Sandylane.com-0075-2016Redesign;en-US;17645;17919;1;0
Sandylane.com-0075-2016Redesign;en-US;17919;17745;1;0
Denvercy.com-0036-2015Redesign;en-US;8642;8699;1;0
Bellemontfarm.com-0007-2013Redesign;en-US;12011;2253;1;0
Thesagamore.com-0112-2017Redesign;en-US;32339;33455;1;0
Theoxfordhotel.com-0062-2015Redesign;en-US;0;14325;1;0
Broadmoor.com-0073-2016Redesign;en-US;16796;37939;1;0
Renaissancepittsburghpa.com-0044-2015Redesign;en-US;9682;9685;1;0
Napavalleymarriott.com-0071-2016Redesign;en-US;16432;16457;1;0
wentworthcom00212014redesign;en-US;26679;4280;1;0
Monarchbeachresort.com-0092-2016Redesign;en-US;22999;23482;1;0
Thecurtis.com-0079-2016Redesign;en-US;0;17981;1;0
Sandylane.com-0075-2016Redesign;en-US;17611;17694;1;0
Marriottkeylargo.com-0015-2014Redesign;en-US;4024;3958;1;0
Theoxfordhotel.com-0062-2015Redesign;en-US;0;14325;1;0
Lakeplacidlodge.com-0105-2017Redesign;en-US;28545;32804;1;0
Delraysandsresort.com-0097-2016Redesign;en-US;27232;28430;1;0
Galthouse.com-0042-2015Redesign;en-US;31905;10558;1;0
Denvercy.com-0036-2015Redesign;en-US;8699;8642;1;0
Broadmoor.com-0073-2016Redesign;en-US;16756;16724;1;0
Lakeplacidlodge.com-0105-2017Redesign;en-US;32795;28561;1;0
Monarchbeachresort.com-0092-2016Redesign;en-US;23482;22996;1;0
Hospitalityupgrade.com-0093-2016Redesign;en-US;29966;31708;1;0
Montaukyachtclub.com-0010-2014Redesign;en-US;2240;2392;1;0
Broadmoor.com-0073-2016Redesign;en-US;16721;32314;1;0
Hospitalityupgrade.com-0093-2016Redesign;en-US;31708;25405;1;0
Monarchbeachresort.com-0092-2016Redesign;en-US;22865;22877;1;0
Broadmoor.com-0073-2016Redesign;en-US;16724;16755;1;0
Montaukyachtclub.com-0010-2014Redesign;en-US;2392;2240;1;0
Denvercy.com-0036-2015Redesign;en-US;8642;8150;1;0
Luxehotels.com-0078-2016Redesign;en-US;19308;19307;1;0
Halcyonhotelcherrycreek.com-0061-2015Redesign;en-US;0;22121;1;0
Thesagamore.com-0112-2017Redesign;en-US;32387;33577;1;0
Galthouse.com-0042-2015Redesign;en-US;9789;10568;1;0
Delraysandsresort.com-0097-2016Redesign;en-US;28430;41253;1;0
Washingtoncourthotel.com-0076-2016Redesign;en-US;17858;17935;1;0
Denvercy.com-0036-2015Redesign;en-US;8150;8641;1;0
Casaybelresort.com-0002-2014Redesign;en-US;1533;1736;1;0
Sandpearl.com-0091-2016Redesign;en-US;22481;22493;1;0
Unionstationhotelnashville.com-0047-2015Redesign;en-US;10385;24054;1;0
