Luxehotels.com-0078-2016Redesign;en-US;www.google.com;18833;1;0
Broadmoor.com-0073-2016Redesign;en-US;www.google.com;16764;1;0
Thesagamore.com-0112-2017Redesign;en-US;view.contact-client.com;32358;1;0
Thesagamore.com-0112-2017Redesign;en-US;www.google.com;32389;1;0
Thesagamore.com-0112-2017Redesign;en-US;www.google.com;32340;1;0
Galthouse.com-0042-2015Redesign;en-US;www.google.com;31905;1;0
Galthouse.com-0042-2015Redesign;en-US;www.google.com;31905;1;0
Broadmoor.com-0073-2016Redesign;en-US;login.nomadix.com:1111;16724;1;0
Broadmoor.com-0073-2016Redesign;en-US;login.nomadix.com:1111;16724;1;0
Thecrawfordhotel.com-0074-2016Redesign;en-US;unionstationindenver.com;17158;1;0
Luxehotels.com-0078-2016Redesign;en-US;www.google.com;18833;1;0
Sandpearl.com-0091-2016Redesign;en-US;www.baidu.com;22481;1;0
Sandpearl.com-0091-2016Redesign;en-US;www.baidu.com;22481;1;0
Theoxfordhotel.com-0062-2015Redesign;en-US;www.google.com;14325;1;0
Thesagamore.com-0112-2017Redesign;en-US;l.instagram.com;32339;1;0
Laxembassy.com-0008-2014Redesign;en-US;4seasons.kz;2037;1;0
Broadmoor.com-0073-2016Redesign;en-US;www.google.com;18259;1;0
Cphollywoodbeach.com-0032-2015Redesign;en-US;www.google.com;7831;1;0
Longboatkeyclub.com-0104-2017Redesign;en-US;www.google.com;28364;1;0
Longboatkeyclub.com-0104-2017Redesign;en-US;www.google.com;28364;1;0
Luxehotels.com-0078-2016Redesign;en-US;www.google.com;18830;1;0
Thelodgeatwoodloch.com-0033-2015Redesign;en-US;www.poconomountains.com;7764;1;0
Casaybelresort.com-0002-2014Redesign;en-US;surfinggator.com;1613;1;0
Longboatkeyclub.com-0104-2017Redesign;en-US;www.google.com;28316;1;0
Zotabeachresort.com-0090-2016Redesign;en-US;www.google.com;22357;1;0
Zotabeachresort.com-0090-2016Redesign;en-US;www.google.com;22357;1;0
Broadmoor.com-0073-2016Redesign;en-US;www.google.com;16721;1;0
Broadmoor.com-0073-2016Redesign;en-US;www.google.com;16721;1;0
Longboatkeyclub.com-0104-2017Redesign;en-US;www.google.ca;28316;1;0
Cphollywoodbeach.com-0032-2015Redesign;en-US;www.google.com;7831;1;0
Monarchbeachresort.com-0092-2016Redesign;en-US;www.google.com;22725;1;0
theweststreethotel.com-0115-2017Redesign;en-US;www.google.com;36683;1;0
Halcyonhotelcherrycreek.com-0061-2015Redesign;en-US;www.google.com;22121;1;0
Broadmoor.com-0073-2016Redesign;en-US;www.google.com;16755;1;0
Galthouse.com-0042-2015Redesign;en-US;m.facebook.com;31905;1;0
Galthouse.com-0042-2015Redesign;en-US;m.facebook.com;31905;1;0
Thelodgeatwoodloch.com-0033-2015Redesign;en-US;www.google.com;7764;1;0
