Cphollywoodbeach.com-0032-2015Redesign;en-US;www.google.ca;7831;1;0
Sandpearl.com-0091-2016Redesign;en-US;www.google.com;22481;1;0
Cphollywoodbeach.com-0032-2015Redesign;en-US;www.google.com.lb;7831;1;0
Broadmoor.com-0073-2016Redesign;en-US;www.bing.com;16721;1;0
Casaybelresort.com-0002-2014Redesign;en-US;sanibel-island.sanibel-captiva.org;1533;1;0
Cphollywoodbeach.com-0032-2015Redesign;en-US;www.google.com;7831;1;0
Longboatkeyclub.com-0104-2017Redesign;en-US;worldcam.eu;28317;1;0
Broadmoor.com-0073-2016Redesign;en-US;www.google.com;16721;1;0
Thesagamore.com-0112-2017Redesign;en-US;www.google.com;32339;1;0
Casaybelresort.com-0002-2014Redesign;en-US;surfinggator.com;1613;1;0
Cphollywoodbeach.com-0032-2015Redesign;en-US;www.google.com;7831;1;0
Cphollywoodbeach.com-0032-2015Redesign;en-US;www.sunny.org;7831;1;0
Broadmoor.com-0073-2016Redesign;en-US;tpc.googlesyndication.com;16728;1;0
Casaybelresort.com-0002-2014Redesign;en-US;www.google.fr;1613;1;0
Opalsands.com-0084-2016Redesign;en-US;www.beachtourism.com;20171;1;0
Longboatkeyclub.com-0104-2017Redesign;en-US;www.google.com;28317;1;0
Cphollywoodbeach.com-0032-2015Redesign;en-US;www.google.com;7831;1;0
Opalsands.com-0084-2016Redesign;en-US;www.google.com;20171;1;0
Thesagamore.com-0112-2017Redesign;en-US;l.facebook.com;32339;1;0
Lidobeachresort.com-0106-2017Redesign;en-US;m.facebook.com;28667;1;0
Thesagamore.com-0112-2017Redesign;en-US;l.facebook.com;32339;1;0
Lidobeachresort.com-0106-2017Redesign;en-US;m.facebook.com;28667;1;0
Cphollywoodbeach.com-0032-2015Redesign;en-US;android-app:;7831;1;0
Longboatkeyclub.com-0104-2017Redesign;en-US;www.baysider.com;35641;1;0
Broadmoor.com-0073-2016Redesign;en-US;login.nomadix.com:1111;16724;1;0
Cphollywoodbeach.com-0032-2015Redesign;en-US;www.google.com;7831;1;0
Glencovemansion.com-0058-2015Redesign;en-US;www.google.com;13328;1;0
Cphollywoodbeach.com-0032-2015Redesign;en-US;www.google.com;7831;1;0
Broadmoor.com-0073-2016Redesign;en-US;login.nomadix.com:1111;16724;1;0
Longboatkeyclub.com-0104-2017Redesign;en-US;www.google.com;28316;1;0
Cphollywoodbeach.com-0032-2015Redesign;en-US;www.sunny.org;7831;1;0
Broadmoor.com-0073-2016Redesign;en-US;login.nomadix.com:1111;16724;1;0
Longboatkeyclub.com-0104-2017Redesign;en-US;www.google.com;28316;1;0
Marriottkeylargo.com-0015-2014Redesign;en-US;www.google.com;3964;1;0
Galthouse.com-0042-2015Redesign;en-US;m.facebook.com;31905;1;0
Galthouse.com-0042-2015Redesign;en-US;m.facebook.com;31905;1;0
Cphollywoodbeach.com-0032-2015Redesign;en-US;www.google.com;7831;1;0
Glencovemansion.com-0058-2015Redesign;en-US;www.google.com;13328;1;0
Minnetonkamarriott.com-0039-2015Redesign;en-US;www.vizitki.net;8817;1;0
Minnetonkamarriott.com-0039-2015Redesign;en-US;www.vizitki.net;8817;1;0
Minnetonkamarriott.com-0039-2015Redesign;en-US;www.vizitki.net;8817;1;0
Cphollywoodbeach.com-0032-2015Redesign;en-US;www.sunny.org;7831;1;0
Thelodgeatwoodloch.com-0033-2015Redesign;en-US;198.91.43.94;7764;1;0
Marriottkeylargo.com-0015-2014Redesign;en-US;www.google.com;3964;1;0
Cphollywoodbeach.com-0032-2015Redesign;en-US;www.sunny.org;7831;1;0
Galthouse.com-0042-2015Redesign;en-US;www.google.com;31905;1;0
Renaissancepittsburghpa.com-0044-2015Redesign;en-US;www.google.com;9637;1;0
Treasureislandbeachresort.com-0089-2016Redesign;en-US;www.google.de;22169;1;0
Casaybelresort.com-0002-2014Redesign;en-US;surfinggator.com;1613;1;0
saddlebrook.com-0011-2014Redesign;en-US;www.google.ca;3385;1;0
Residenceinnlax.com-0026-2014Redesign;en-US;www.google.ie;5271;1;0
Marriottkeylargo.com-0015-2014Redesign;en-US;www.beachcamsusa.com;3948;1;0
Beverlyhillsresidenceinn.com-0087-2016Redesign;en-US;xdoza.com;20999;1;0
Marriottkeylargo.com-0015-2014Redesign;en-US;www.google.com;3964;1;0
Casaybelresort.com-0002-2014Redesign;en-US;surfinggator.com;1613;1;0
Beverlyhillsresidenceinn.com-0087-2016Redesign;en-US;xdoza.com;20999;1;0
Cphollywoodbeach.com-0032-2015Redesign;en-US;www.google.com;7831;1;0
Opalsands.com-0084-2016Redesign;en-US;www.beachtourism.com;20171;1;0
Cphollywoodbeach.com-0032-2015Redesign;en-US;www.sunny.org;7831;1;0
Opalsands.com-0084-2016Redesign;en-US;www.google.co.uk;40846;1;0
Beverlyhillsresidenceinn.com-0087-2016Redesign;en-US;xdoza.com;20999;1;0
Cphollywoodbeach.com-0032-2015Redesign;en-US;www.google.com;7831;1;0
Cphollywoodbeach.com-0032-2015Redesign;en-US;www.google.com;7831;1;0
Cphollywoodbeach.com-0032-2015Redesign;en-US;www.beachcamsusa.com;7831;1;0
Casaybelresort.com-0002-2014Redesign;en-US;www.google.com;1613;1;0
Springhillsuitesdenver.com-0060-2015Redesign;en-US;www.google.com;12307;1;0
Cphollywoodbeach.com-0032-2015Redesign;en-US;www.google.ru;7831;1;0
Cphollywoodbeach.com-0032-2015Redesign;en-US;www.bing.com;7831;1;0
Opalsands.com-0084-2016Redesign;en-US;www.beachtourism.com;20171;1;0
Galthouse.com-0042-2015Redesign;en-US;www.google.com;9789;1;0
Opalsands.com-0084-2016Redesign;en-US;www.google.ca;40846;1;0
Cocokeyorlando.com-0059-2015Redesign;en-US;m.facebook.com;12394;1;0
Cphollywoodbeach.com-0032-2015Redesign;en-US;www.google.com;7831;1;0
Cphollywoodbeach.com-0032-2015Redesign;en-US;www.earthcam.com;7831;1;0
Broadmoor.com-0073-2016Redesign;en-US;www.google.com;16721;1;0
Cphollywoodbeach.com-0032-2015Redesign;en-US;android-app:;7831;1;0
Broadmoor.com-0073-2016Redesign;en-US;m.facebook.com;16721;1;0
Cphollywoodbeach.com-0032-2015Redesign;en-US;www.sunny.org;7831;1;0
