Galthouse.com-0042-2015Redesign;en-US;l.facebook.com;10923;1;0
Galthouse.com-0042-2015Redesign;en-US;l.facebook.com;10923;1;0
Thesagamore.com-0112-2017Redesign;en-US;www.google.com;33444;1;0
Secretharbourvi.com-0040-2015Redesign;en-US;search.yahoo.com;9231;1;0
Broadmoor.com-0073-2016Redesign;en-US;www.google.com;18259;1;0
Secretharbourvi.com-0040-2015Redesign;en-US;www.google.com;9231;1;0
Napavalleymarriott.com-0071-2016Redesign;en-US;www.google.com;16432;1;0
Theharborsidehotel.com-0114-2017Redesign;en-US;www.google.com;37571;1;0
Monarchbeachresort.com-0092-2016Redesign;en-US;www.google.com;22725;1;0
Hospitalityupgrade.com-0093-2016Redesign;en-US;www.google.co.uk;37631;1;0
Casaybelresort.com-0002-2014Redesign;en-US;m.facebook.com;1613;1;0
Broadmoor.com-0073-2016Redesign;en-US;login.nomadix.com:1111;16724;1;0
Broadmoor.com-0073-2016Redesign;en-US;login.nomadix.com:1111;16724;1;0
Broadmoor.com-0073-2016Redesign;en-US;www.google.com;16793;1;0
Montaukyachtclub.com-0010-2014Redesign;en-US;www.google.com;2280;1;0
Broadmoor.com-0073-2016Redesign;en-US;tpc.googlesyndication.com;16728;1;0
Opalsands.com-0084-2016Redesign;en-US;www.google.com;20171;1;0
Longboatkeyclub.com-0104-2017Redesign;en-US;www.google.com.ar;28316;1;0
Laxembassy.com-0008-2014Redesign;en-US;www.google.com;2037;1;0
Bluebirch.com-0072-2016Redesign;en-US;www.google.com;16693;1;0
Broadmoor.com-0073-2016Redesign;en-US;coloradoparent.com;16721;1;0
Luxehotels.com-0078-2016Redesign;en-US;www.google.com;18830;1;0
Broadmoor.com-0073-2016Redesign;en-US;coloradoparent.com;16721;1;0
Galthouse.com-0042-2015Redesign;en-US;www.google.com;10568;1;0
Washingtondukeinn.com-0024-2014Redesign;en-US;www.google.com;5530;1;0
Montaukyachtclub.com-0010-2014Redesign;en-US;www.pinterest.com;2534;1;0
Broadmoor.com-0073-2016Redesign;en-US;login.nomadix.com:1111;16724;1;0
Thesagamore.com-0112-2017Redesign;en-US;www.google.com;32339;1;0
Broadmoor.com-0073-2016Redesign;en-US;login.nomadix.com:1111;16724;1;0
Treasureislandbeachresort.com-0089-2016Redesign;en-US;www.google.com;22190;1;0
Monarchbeachresort.com-0092-2016Redesign;en-US;www.miravalspamonarchbeach.com;27899;1;0
Casaybelresort.com-0002-2014Redesign;en-US;www.google.com;1533;1;0
Montaukyachtclub.com-0010-2014Redesign;en-US;www.google.com;2240;1;0
Casaybelresort.com-0002-2014Redesign;en-US;www.google.com;1533;1;0
Washingtondukeinn.com-0024-2014Redesign;en-US;www.goduke.com;4524;1;0
Casaybelresort.com-0002-2014Redesign;en-US;krasivey.com.ua;1533;1;0
