Galthouse.com-0042-2015Redesign;en-US;www.google.com.ph;31905;1;0
Thesagamore.com-0112-2017Redesign;en-US;www.cnn.com;32339;1;0
Thesagamore.com-0112-2017Redesign;en-US;www.cnn.com;32339;1;0
Broadmoor.com-0073-2016Redesign;en-US;www.google.com;16721;1;0
Broadmoor.com-0073-2016Redesign;en-US;www.visitcos.com;16721;1;0
Sandpearl.com-0091-2016Redesign;en-US;www.google.com;23075;1;0
Opalsands.com-0084-2016Redesign;en-US;www.beachtourism.com;20171;1;0
Cphollywoodbeach.com-0032-2015Redesign;en-US;www.google.com;7805;1;0
Delraysandsresort.com-0097-2016Redesign;en-US;www.google.com;27232;1;0
Delraysandsresort.com-0097-2016Redesign;en-US;www.google.com;27232;1;0
Galthouse.com-0042-2015Redesign;en-US;www.google.com;31905;1;0
Marriottkeylargo.com-0015-2014Redesign;en-US;www.google.com;3948;1;0
Broadmoor.com-0073-2016Redesign;en-US;www.google.com;16765;1;0
Secretharbourvi.com-0040-2015Redesign;en-US;www.google.com;9460;1;0
Thesagamore.com-0112-2017Redesign;en-US;www.google.com;32339;1;0
Cphollywoodbeach.com-0032-2015Redesign;en-US;www.google.com;7805;1;0
Sandylane.com-0075-2016Redesign;en-US;www.google.ru;17611;1;0
Broadmoor.com-0073-2016Redesign;en-US;www.google.com;16753;1;0
Broadmoor.com-0073-2016Redesign;en-US;www.guestranches.com;17451;1;0
wentworthcom00212014redesign;en-US;www.marriott.com;4250;1;0
Broadmoor.com-0073-2016Redesign;en-US;search.yahoo.com;16721;1;0
Marriottkeylargo.com-0015-2014Redesign;en-US;www.fla-keys.com;3948;1;0
Cocokeyorlando.com-0059-2015Redesign;en-US;www.bing.com;12394;1;0
Thesagamore.com-0112-2017Redesign;en-US;na28.salesforce.com;32339;1;0
Cocokeyorlando.com-0059-2015Redesign;en-US;www.google.com;12406;1;0
Thesagamore.com-0112-2017Redesign;en-US;na28.salesforce.com;32339;1;0
Jupiterbeachresort.com-0103-2017Redesign;en-US;www.google.com;28158;1;0
Jupiterbeachresort.com-0103-2017Redesign;en-US;www.google.com;28158;1;0
Cphollywoodbeach.com-0032-2015Redesign;en-US;www.sunny.org;7831;1;0
Broadmoor.com-0073-2016Redesign;en-US;www.google.com;18259;1;0
Oxfordclubspa.com-0068-2016Redesign;en-US;univerfiles.com;15568;1;0
Opalsands.com-0084-2016Redesign;en-US;store.seak.com;20171;1;0
Oxfordclubspa.com-0068-2016Redesign;en-US;univerfiles.com;15568;1;0
Opalsands.com-0084-2016Redesign;en-US;store.seak.com;20171;1;0
Oxfordclubspa.com-0068-2016Redesign;en-US;univerfiles.com;15568;1;0
Theoxfordhotel.com-0062-2015Redesign;en-US;www.danacrawford.net;14325;1;0
Broadmoor.com-0073-2016Redesign;en-US;login.nomadix.com:1111;16724;1;0
Galthouse.com-0042-2015Redesign;en-US;www.bing.com;31905;1;0
Broadmoor.com-0073-2016Redesign;en-US;login.nomadix.com:1111;16724;1;0
Delraysandsresort.com-0097-2016Redesign;en-US;reservations.delraysandsresort.com;28289;1;0
Broadmoor.com-0073-2016Redesign;en-US;www.google.com;18259;1;0
Broadmoor.com-0073-2016Redesign;en-US;login.nomadix.com:1111;16724;1;0
Broadmoor.com-0073-2016Redesign;en-US;login.nomadix.com:1111;16724;1;0
Broadmoor.com-0073-2016Redesign;en-US;www.google.com;16721;1;0
Broadmoor.com-0073-2016Redesign;en-US;www.google.com;16721;1;0
Thecrawfordhotel.com-0074-2016Redesign;en-US;android-app:;17667;1;0
Casaybelresort.com-0002-2014Redesign;en-US;search.yahoo.com;1533;1;0
Jupiterbeachresort.com-0103-2017Redesign;en-US;www.google.com;28158;1;0
Jupiterbeachresort.com-0103-2017Redesign;en-US;www.google.com;28158;1;0
Edgewaternaples.com-0094-2016Redesign;en-US;de.search.yahoo.com;25239;1;0
Opalsands.com-0084-2016Redesign;en-US;www.tripadvisor.com;40846;1;0
saddlebrook.com-0011-2014Redesign;en-US;www.google.com;3385;1;0
Casaybelresort.com-0002-2014Redesign;en-US;resep.xyz;1533;1;0
