Broadmoor.com-0073-2016Redesign;en-US;16761;16769;1;0
Thecurtis.com-0079-2016Redesign;en-US;19185;25504;1;0
Thecrawfordhotel.com-0074-2016Redesign;en-US;17667;36157;1;0
Renaissancepittsburghpa.com-0044-2015Redesign;en-US;0;9637;1;0
Courtyardportlandcitycenter.com-0063-2015Redesign;en-US;14557;14561;1;0
Cphollywoodbeach.com-0032-2015Redesign;en-US;7805;7831;1;0
Samosetresort.com-0113-2017Redesign;en-US;0;35129;1;0
Thecurtis.com-0079-2016Redesign;en-US;19391;19399;1;0
Theharborsidehotel.com-0114-2017Redesign;en-US;37571;38027;1;0
Thecurtis.com-0079-2016Redesign;en-US;19399;17981;1;0
Samosetresort.com-0113-2017Redesign;en-US;32580;35351;1;0
Thesagamore.com-0112-2017Redesign;en-US;33535;33582;1;0
Casaybelresort.com-0002-2014Redesign;en-US;1736;1739;1;0
Thelodgeatwoodloch.com-0033-2015Redesign;en-US;8270;8261;1;0
Samosetresort.com-0113-2017Redesign;en-US;0;32541;1;0
Cocokeyorlando.com-0059-2015Redesign;en-US;0;12394;1;0
Cocokeyorlando.com-0059-2015Redesign;en-US;0;12394;1;0
Theoxfordhotel.com-0062-2015Redesign;en-US;0;14325;1;0
Thecrawfordhotel.com-0074-2016Redesign;en-US;36157;17667;1;0
Broadmoor.com-0073-2016Redesign;en-US;17337;20418;1;0
Oxfordclubspa.com-0068-2016Redesign;en-US;0;15568;1;0
Broadmoor.com-0073-2016Redesign;en-US;16721;16799;1;0
Thelodgeatwoodloch.com-0033-2015Redesign;en-US;7764;9847;1;0
Thesagamore.com-0112-2017Redesign;en-US;33924;33449;1;0
theweststreethotel.com-0115-2017Redesign;en-US;36683;41601;1;0
Thelodgeatwoodloch.com-0033-2015Redesign;en-US;8261;8257;1;0
Galthouse.com-0042-2015Redesign;en-US;31905;25671;1;0
Thecurtis.com-0079-2016Redesign;en-US;25504;18823;1;0
Longboatkeyclub.com-0104-2017Redesign;en-US;28316;35641;1;0
Thecrawfordhotel.com-0074-2016Redesign;en-US;17667;36157;1;0
Broadmoor.com-0073-2016Redesign;en-US;36006;16722;1;0
Broadmoor.com-0073-2016Redesign;en-US;16721;16756;1;0
Cendyn.com-0095-2016Redesign;en-US;26640;26857;1;0
Cendyn.com-0095-2016Redesign;en-US;0;26640;1;0
Thesagamore.com-0112-2017Redesign;en-US;32339;32340;1;0
Thelodgeatwoodloch.com-0033-2015Redesign;en-US;9852;8254;1;0
Casaybelresort.com-0002-2014Redesign;en-US;1739;1738;1;0
Broadmoor.com-0073-2016Redesign;en-US;0;21232;1;0
Theharborsidehotel.com-0114-2017Redesign;en-US;38021;38012;1;0
Cendyn.com-0095-2016Redesign;en-US;26640;27680;1;0
Cocokeyorlando.com-0059-2015Redesign;en-US;0;12394;1;0
Residenceinnlax.com-0026-2014Redesign;en-US;5288;5317;1;0
Casaybelresort.com-0002-2014Redesign;en-US;0;1613;1;0
Casaybelresort.com-0002-2014Redesign;en-US;1738;1755;1;0
Chrco.com-0107-2017Redesign;en-US;0;31152;1;0
shop.broadmoor.com-0096-2016ShoppingCart;en-US;26973;27415;1;0
wentworthcom00212014redesign;en-US;26679;4284;1;0
Denvercy.com-0036-2015Redesign;en-US;8642;8688;1;0
Residenceinnlax.com-0026-2014Redesign;en-US;5317;5305;1;0
Denvercy.com-0036-2015Redesign;en-US;8688;8641;1;0
