Broadmoor.com-0073-2016Redesign;en-US;www.google.com;16763;1;0
Cphollywoodbeach.com-0032-2015Redesign;en-US;search.yahoo.com;7831;1;0
Theharborsidehotel.com-0114-2017Redesign;en-US;www.google.com;37571;1;0
Sandpearl.com-0091-2016Redesign;en-US;www.google.com;22481;1;0
Theharborsidehotel.com-0114-2017Redesign;en-US;www.google.com;37571;1;0
Broadmoor.com-0073-2016Redesign;en-US;www.google.com;16766;1;0
Broadmoor.com-0073-2016Redesign;en-US;www.google.com;18419;1;0
Cphollywoodbeach.com-0032-2015Redesign;en-US;www.google.com;7831;1;0
Thecurtis.com-0079-2016Redesign;en-US;www.google.com;19406;1;0
Secretharbourvi.com-0040-2015Redesign;en-US;www.google.com;9231;1;0
Monarchbeachresort.com-0092-2016Redesign;en-US;www.google.com;22785;1;0
Thesagamore.com-0112-2017Redesign;en-US;www.google.com;32339;1;0
Broadmoor.com-0073-2016Redesign;en-US;login.nomadix.com:1111;16724;1;0
Broadmoor.com-0073-2016Redesign;en-US;r.search.yahoo.com;16761;1;0
Broadmoor.com-0073-2016Redesign;en-US;login.nomadix.com:1111;16724;1;0
saddlebrook.com-0011-2014Redesign;en-US;www.google.com;3385;1;0
Montaukyachtclub.com-0010-2014Redesign;en-US;dengi-v-kredit.in.ua;2240;1;0
Casaybelresort.com-0002-2014Redesign;en-US;surfinggator.com;1613;1;0
Montaukyachtclub.com-0010-2014Redesign;en-US;pipslee.com;2240;1;0
Montaukyachtclub.com-0010-2014Redesign;en-US;teman.com.ua;2240;1;0
Miravalspamonarchbeach.com-0109-2017Redesign;en-US;www.monarchbeachresort.com;32984;1;0
Cphollywoodbeach.com-0032-2015Redesign;en-US;www.sunny.org;7831;1;0
Cphollywoodbeach.com-0032-2015Redesign;en-US;www.sunny.org;7831;1;0
Broadmoor.com-0073-2016Redesign;en-US;www.google.com;16793;1;0
Casaybelresort.com-0002-2014Redesign;en-US;www.google.com;1533;1;0
Thecurtis.com-0079-2016Redesign;en-US;www.google.com;19391;1;0
Washingtondukeinn.com-0024-2014Redesign;en-US;www.google.com;5165;1;0
Theloganhotel.com-0043-2015Redesign;en-US;www.visitphilly.com;20218;1;0
Washingtondukeinn.com-0024-2014Redesign;en-US;www.google.com;5165;1;0
Cphollywoodbeach.com-0032-2015Redesign;en-US;www.sunny.org;7831;1;0
Lidobeachresort.com-0106-2017Redesign;en-US;www.google.ca;28667;1;0
Casaybelresort.com-0002-2014Redesign;en-US;www.google.com;1613;1;0
Cphollywoodbeach.com-0032-2015Redesign;en-US;www.sunny.org;7831;1;0
Cphollywoodbeach.com-0032-2015Redesign;en-US;www.google.ca;7831;1;0
Marriottkeylargo.com-0015-2014Redesign;en-US;www.google.pl;3948;1;0
Monarchbeachresort.com-0092-2016Redesign;en-US;m.facebook.com;22992;1;0
Cphollywoodbeach.com-0032-2015Redesign;en-US;www.google.com;7831;1;0
Longboatkeyclub.com-0104-2017Redesign;en-US;www.worldcam.pl;28317;1;0
Casaybelresort.com-0002-2014Redesign;en-US;www.google.com;1613;1;0
Casaybelresort.com-0002-2014Redesign;en-US;search.yahoo.com;1613;1;0
saddlebrook.com-0011-2014Redesign;en-US;www.google.com;3385;1;0
Broadmoor.com-0073-2016Redesign;en-US;www.google.com;23743;1;0
Broadmoor.com-0073-2016Redesign;en-US;login.nomadix.com:1111;16724;1;0
Broadmoor.com-0073-2016Redesign;en-US;login.nomadix.com:1111;16724;1;0
Cphollywoodbeach.com-0032-2015Redesign;en-US;www.google.ch;7831;1;0
Theharborsidehotel.com-0114-2017Redesign;en-US;www.google.com;37571;1;0
Cphollywoodbeach.com-0032-2015Redesign;en-US;www.google.co.uk;7805;1;0
Kittitianhill.com-0012-2014Redesign;en-US;smsactivator.ru;2236;1;0
Broadmoor.com-0073-2016Redesign;en-US;www.bing.com;18259;1;0
