wentworthcom00212014redesign;en-US;4245;4411;1;0
Galthouse.com-0042-2015Redesign;en-US;0;10824;1;0
Cocokeyorlando.com-0059-2015Redesign;en-US;0;12394;1;0
Theoxfordhotel.com-0062-2015Redesign;en-US;0;14325;1;0
Cocokeyorlando.com-0059-2015Redesign;en-US;0;12394;1;0
Longboatkeyclub.com-0104-2017Redesign;en-US;28316;35641;1;0
Thecurtis.com-0079-2016Redesign;en-US;0;17981;1;0
Montaukyachtclub.com-0010-2014Redesign;en-US;2280;2384;1;0
Broadmoor.com-0073-2016Redesign;en-US;18259;16751;1;0
Napavalleymarriott.com-0071-2016Redesign;en-US;16432;27499;1;0
Broadmoor.com-0073-2016Redesign;en-US;16751;18259;1;0
Oxfordclubspa.com-0068-2016Redesign;en-US;15568;15589;1;0
Galthouse.com-0042-2015Redesign;en-US;13200;10613;1;0
Broadmoor.com-0073-2016Redesign;en-US;16753;16751;1;0
Oxfordclubspa.com-0068-2016Redesign;en-US;15589;15568;1;0
Cocokeyorlando.com-0059-2015Redesign;en-US;0;12394;1;0
Oxfordclubspa.com-0068-2016Redesign;en-US;15568;15588;1;0
Broadmoor.com-0073-2016Redesign;en-US;16721;16757;1;0
Cocokeyorlando.com-0059-2015Redesign;en-US;0;12394;1;0
Sandpearl.com-0091-2016Redesign;en-US;22490;22493;1;0
Oxfordclubspa.com-0068-2016Redesign;en-US;15588;15568;1;0
Broadmoor.com-0073-2016Redesign;en-US;18259;16751;1;0
Napavalleymarriott.com-0071-2016Redesign;en-US;27499;16432;1;0
wentworthcom00212014redesign;en-US;4250;4280;1;0
Broadmoor.com-0073-2016Redesign;en-US;16751;16753;1;0
