Longboatkeyclub.com-0104-2017Redesign;en-US;www.google.com;28317;1;0
Sandpearl.com-0091-2016Redesign;en-US;www.google.com;22481;1;0
Lakeplacidlodge.com-0105-2017Redesign;en-US;www.google.com;32807;1;0
Casaybelresort.com-0002-2014Redesign;en-US;surfinggator.com;1613;1;0
Montaukyachtclub.com-0010-2014Redesign;en-US;m.facebook.com;2240;1;0
Thelodgeatwoodloch.com-0033-2015Redesign;en-US;www.google.com;7764;1;0
Zotabeachresort.com-0090-2016Redesign;en-US;www.google.de;22357;1;0
Lehotels.com-0049-2015Transfer;en-US;www.linkedin.com;12108;1;0
Casaybelresort.com-0002-2014Redesign;en-US;www.google.com;1613;1;0
Cphollywoodbeach.com-0032-2015Redesign;en-US;www.sunny.org;7831;1;0
Cocokeyorlando.com-0059-2015Redesign;en-US;www.fyvor.com;12394;1;0
Longboatkeyclub.com-0104-2017Redesign;en-US;worldcam.eu;28317;1;0
Thesagamore.com-0112-2017Redesign;en-US;android-app:;32339;1;0
Edgewaternaples.com-0094-2016Redesign;en-US;www.google.com.ar;25239;1;0
Opalsands.com-0084-2016Redesign;en-US;www.beachtourism.com;20171;1;0
Cphollywoodbeach.com-0032-2015Redesign;en-US;www.sunny.org;7831;1;0
Thelodgeatwoodloch.com-0033-2015Redesign;en-US;search.yahoo.com;8253;1;0
Cphollywoodbeach.com-0032-2015Redesign;en-US;www.sunny.org;7831;1;0
Cphollywoodbeach.com-0032-2015Redesign;en-US;www.beachcamsusa.com;7831;1;0
Cphollywoodbeach.com-0032-2015Redesign;en-US;www.google.com;7831;1;0
Longboatkeyclub.com-0104-2017Redesign;en-US;www.google.com;28317;1;0
Longboatkeyclub.com-0104-2017Redesign;en-US;www.google.co.uk;28316;1;0
Longboatkeyclub.com-0104-2017Redesign;en-US;www.worldcam.pl;28317;1;0
Broadmoor.com-0073-2016Redesign;en-US;login.nomadix.com:1111;16724;1;0
Broadmoor.com-0073-2016Redesign;en-US;login.nomadix.com:1111;16724;1;0
Lidobeachresort.com-0106-2017Redesign;en-US;www.google.com;28667;1;0
saddlebrook.com-0011-2014Redesign;en-US;r.search.yahoo.com;3385;1;0
Longboatkeyclub.com-0104-2017Redesign;en-US;www.google.com;28316;1;0
Treasureislandbeachresort.com-0089-2016Redesign;en-US;www.google.com;22169;1;0
Treasureislandbeachresort.com-0089-2016Redesign;en-US;www.google.com;22169;1;0
Thelodgeatwoodloch.com-0033-2015Redesign;en-US;www.google.com;7764;1;0
Longboatkeyclub.com-0104-2017Redesign;en-US;www.google.com;28317;1;0
Thelodgeatwoodloch.com-0033-2015Redesign;en-US;taraz.xkaz.org;8277;1;0
Thelodgeatwoodloch.com-0033-2015Redesign;en-US;taraz.xkaz.org;8277;1;0
Lidobeachresort.com-0106-2017Redesign;en-US;www.google.com;28666;1;0
Cendyn.com-0095-2016Redesign;en-US;www.google.de;37925;1;0
Marriottkeylargo.com-0015-2014Redesign;en-US;surfinggator.com;3948;1;0
Secretharbourvi.com-0040-2015Redesign;en-US;www.google.com;9231;1;0
Broadmoor.com-0073-2016Redesign;en-US;login.nomadix.com:1111;16724;1;0
Broadmoor.com-0073-2016Redesign;en-US;login.nomadix.com:1111;16724;1;0
Cphollywoodbeach.com-0032-2015Redesign;en-US;www.sunny.org;7831;1;0
Theloganhotel.com-0043-2015Redesign;en-US;www.google.com;20218;1;0
wentworthcom00212014redesign;en-US;www.google.com;4259;1;0
Longboatkeyclub.com-0104-2017Redesign;en-US;www.google.com;28364;1;0
Longboatkeyclub.com-0104-2017Redesign;en-US;www.google.com;28317;1;0
Cphollywoodbeach.com-0032-2015Redesign;en-US;www.sunny.org;7831;1;0
Cphollywoodbeach.com-0032-2015Redesign;en-US;www.sunny.org;7831;1;0
Sandpearl.com-0091-2016Redesign;en-US;l.facebook.com;22481;1;0
Cphollywoodbeach.com-0032-2015Redesign;en-US;www.sunny.org;7831;1;0
Residenceinnnyc.com-0034-2015Redesign;en-US;www.google.it;7926;1;0
