wentworthcom00212014redesign;en-US;www.google.com;26679;1;0
Marriottkeylargo.com-0015-2014Redesign;en-US;surfinggator.com;3948;1;0
Cphollywoodbeach.com-0032-2015Redesign;en-US;www.google.de;7831;1;0
Luxehotels.com-0078-2016Redesign;en-US;www.google.ca;18833;1;0
Marriottkeylargo.com-0015-2014Redesign;en-US;www.fla-keys.com;3948;1;0
Luxehotels.com-0078-2016Redesign;en-US;www.google.com;19325;1;0
Treasureislandbeachresort.com-0089-2016Redesign;en-US;s0.2mdn.net;22169;1;0
Thesagamore.com-0112-2017Redesign;en-US;www.google.com;32389;1;0
Theharborsidehotel.com-0114-2017Redesign;en-US;www.google.com;37571;1;0
Courtyardportlandcitycenter.com-0063-2015Redesign;en-US;www.google.com;14545;1;0
Unionstationhotelnashville.com-0047-2015Redesign;en-US;www.google.com;32226;1;0
Casaybelresort.com-0002-2014Redesign;en-US;android-app:;1533;1;0
Montaukyachtclub.com-0010-2014Redesign;en-US;www.google.com;2392;1;0
Lidobeachresort.com-0106-2017Redesign;en-US;www.google.com;28667;1;0
Lidobeachresort.com-0106-2017Redesign;en-US;www.google.com;28666;1;0
wentworthcom00212014redesign;en-US;www.bing.com;26679;1;0
Unionstationhotelnashville.com-0047-2015Redesign;en-US;www.google.com;32226;1;0
Casaybelresort.com-0002-2014Redesign;en-US;www.google.com;1613;1;0
Lakeplacidlodge.com-0105-2017Redesign;en-US;www.bing.com;28553;1;0
Cphollywoodbeach.com-0032-2015Redesign;en-US;www.sunny.org;7831;1;0
Sandpearl.com-0091-2016Redesign;en-US;via-energy-cumpara.com;23082;1;0
Cphollywoodbeach.com-0032-2015Redesign;en-US;www.sunny.org;7831;1;0
Thesagamore.com-0112-2017Redesign;en-US;www.google.com;32347;1;0
Broadmoor.com-0073-2016Redesign;en-US;login.nomadix.com:1111;16724;1;0
Opalsands.com-0084-2016Redesign;en-US;www.google.com;20171;1;0
Broadmoor.com-0073-2016Redesign;en-US;login.nomadix.com:1111;16724;1;0
Thesagamore.com-0112-2017Redesign;en-US;www.google.com;32339;1;0
Cphollywoodbeach.com-0032-2015Redesign;en-US;www.google.ca;7831;1;0
Thesagamore.com-0112-2017Redesign;en-US;www.google.com;32339;1;0
saddlebrook.com-0011-2014Redesign;en-US;www.google.com;3385;1;0
Oxfordclubspa.com-0068-2016Redesign;en-US;www.google.com;15568;1;0
Broadmoor.com-0073-2016Redesign;en-US;r.search.yahoo.com;16760;1;0
theweststreethotel.com-0115-2017Redesign;en-US;www.visit-maine.com;36683;1;0
Broadmoor.com-0073-2016Redesign;en-US;login.nomadix.com:1111;16724;1;0
Cphollywoodbeach.com-0032-2015Redesign;en-US;www.sunny.org;7831;1;0
Montaukyachtclub.com-0010-2014Redesign;en-US;www.google.com;2240;1;0
Broadmoor.com-0073-2016Redesign;en-US;login.nomadix.com:1111;16724;1;0
Cphollywoodbeach.com-0032-2015Redesign;en-US;www.google.com;7831;1;0
Broadmoor.com-0073-2016Redesign;en-US;www.colorado.com;18259;1;0
theweststreethotel.com-0115-2017Redesign;en-US;www.google.com;36683;1;0
Edgewaternaples.com-0094-2016Redesign;en-US;uk.search.yahoo.com;25239;1;0
Broadmoor.com-0073-2016Redesign;en-US;www.google.com;16761;1;0
Cphollywoodbeach.com-0032-2015Redesign;en-US;www.sunny.org;7831;1;0
Marriottkeylargo.com-0015-2014Redesign;en-US;www.fla-keys.com;3948;1;0
Marriottkeylargo.com-0015-2014Redesign;en-US;www.fla-keys.com;3964;1;0
Glencovemansion.com-0058-2015Redesign;en-US;www.google.com;13328;1;0
Jupiterbeachresort.com-0103-2017Redesign;en-US;www.orlandodatenightguide.com;28158;1;0
Galthouse.com-0042-2015Redesign;en-US;m.facebook.com;31905;1;0
Galthouse.com-0042-2015Redesign;en-US;m.facebook.com;31905;1;0
Cphollywoodbeach.com-0032-2015Redesign;en-US;www.google.com;7831;1;0
Cphollywoodbeach.com-0032-2015Redesign;en-US;www.sunny.org;7831;1;0
Casaybelresort.com-0002-2014Redesign;en-US;android-app:;1533;1;0
Marriottkeylargo.com-0015-2014Redesign;en-US;surfinggator.com;3948;1;0
Luxehotels.com-0078-2016Redesign;en-US;android-app:;18833;1;0
Broadmoor.com-0073-2016Redesign;en-US;www.google.com;16721;1;0
Broadmoor.com-0073-2016Redesign;en-US;www.google.com;16721;1;0
Cphollywoodbeach.com-0032-2015Redesign;en-US;www.google.ca;7831;1;0
Opalsands.com-0084-2016Redesign;en-US;www.baidu.com;20171;1;0
Opalsands.com-0084-2016Redesign;en-US;www.baidu.com;20171;1;0
Broadmoor.com-0073-2016Redesign;en-US;www.google.com;18259;1;0
