Longboatkeyclub.com-0104-2017Redesign;en-US;www.google.com;28316;1;0
Broadmoor.com-0073-2016Redesign;en-US;www.google.com;16721;1;0
Cphollywoodbeach.com-0032-2015Redesign;en-US;www.sunny.org;7831;1;0
Montaukyachtclub.com-0010-2014Redesign;en-US;films-app.com;2240;1;0
Monarchbeachresort.com-0092-2016Redesign;en-US;m.facebook.com;26800;1;0
Minnetonkamarriott.com-0039-2015Redesign;en-US;www.google.com;8817;1;0
Broadmoor.com-0073-2016Redesign;en-US;www.pikespeakcup.com;16731;1;0
Edgewaternaples.com-0094-2016Redesign;en-US;www.google.com;25239;1;0
Sandpearl.com-0091-2016Redesign;en-US;life-instyle.com;23082;1;0
Broadmoor.com-0073-2016Redesign;en-US;www.google.com;16721;1;0
Glencovemansion.com-0058-2015Redesign;en-US;lm.facebook.com;13328;1;0
Denvercy.com-0036-2015Redesign;en-US;www.google.com;8150;1;0
Glencovemansion.com-0058-2015Redesign;en-US;www.google.com;13328;1;0
Bocatrans.com-0082-2016Redesign;en-US;esopini.com;19758;1;0
Bocatrans.com-0082-2016Redesign;en-US;esopini.com;19758;1;0
Halcyonhotelcherrycreek.com-0061-2015Redesign;en-US;www.foxweber.com;22121;1;0
Marriottkeylargo.com-0015-2014Redesign;en-US;www.floridakeyswebcams.tv;3948;1;0
Cphollywoodbeach.com-0032-2015Redesign;en-US;www.sunny.org;7831;1;0
Cphollywoodbeach.com-0032-2015Redesign;en-US;www.sunny.org;7831;1;0
Oxfordclubspa.com-0068-2016Redesign;en-US;www.google.com;15568;1;0
Broadmoor.com-0073-2016Redesign;en-US;login.nomadix.com:1111;16724;1;0
Broadmoor.com-0073-2016Redesign;en-US;login.nomadix.com:1111;16724;1;0
