Marriottkeylargo.com-0015-2014Redesign;en-US;www.floridakeyswebcams.tv;3948;1;0
Napavalleymarriott.com-0071-2016Redesign;en-US;www.google.com;16432;1;0
Cphollywoodbeach.com-0032-2015Redesign;en-US;www.sunny.org;7831;1;0
wentworthcom00212014redesign;en-US;r.search.yahoo.com;26679;1;0
wentworthcom00212014redesign;en-US;r.search.yahoo.com;4259;1;0
Galthouse.com-0042-2015Redesign;en-US;www.google.com;31905;1;0
Galthouse.com-0042-2015Redesign;en-US;www.google.com;31905;1;0
Marriottkeylargo.com-0015-2014Redesign;en-US;www.beachcamsusa.com;3948;1;0
Thesagamore.com-0112-2017Redesign;en-US;www.google.com;32347;1;0
Marriottkeylargo.com-0015-2014Redesign;en-US;www.beachcamsusa.com;3964;1;0
Broadmoor.com-0073-2016Redesign;en-US;www.google.com;16721;1;0
Denvercy.com-0036-2015Redesign;en-US;www.google.com;8150;1;0
Broadmoor.com-0073-2016Redesign;en-US;www.yelp.com;16765;1;0
Casaybelresort.com-0002-2014Redesign;en-US;www.google.com;1613;1;0
Broadmoor.com-0073-2016Redesign;en-US;www.yelp.com;16765;1;0
Opalsands.com-0084-2016Redesign;en-US;www.google.com;40846;1;0
Casaybelresort.com-0002-2014Redesign;en-US;www.google.com;1613;1;0
Monarchbeachresort.com-0092-2016Redesign;en-US;www.google.com;23001;1;0
Thecrawfordhotel.com-0074-2016Redesign;en-US;www.bing.com;17145;1;0
Marriottkeylargo.com-0015-2014Redesign;en-US;surfinggator.com;3948;1;0
Broadmoor.com-0073-2016Redesign;en-US;login.nomadix.com:1111;16724;1;0
Broadmoor.com-0073-2016Redesign;en-US;login.nomadix.com:1111;16724;1;0
Opalsands.com-0084-2016Redesign;en-US;www.beachtourism.com;20171;1;0
Cphollywoodbeach.com-0032-2015Redesign;en-US;www.google.com;7831;1;0
Broadmoor.com-0073-2016Redesign;en-US;tpc.googlesyndication.com;16728;1;0
Sandylane.com-0075-2016Redesign;en-US;www.google.co.uk;17686;1;0
Samosetresort.com-0113-2017Redesign;en-US;www.google.com;32541;1;0
Opalsands.com-0084-2016Redesign;en-US;www.beachtourism.com;20171;1;0
Broadmoor.com-0073-2016Redesign;en-US;login.nomadix.com:1111;16724;1;0
Broadmoor.com-0073-2016Redesign;en-US;login.nomadix.com:1111;16724;1;0
Opalsands.com-0084-2016Redesign;en-US;m.facebook.com;40846;1;0
Cphollywoodbeach.com-0032-2015Redesign;en-US;www.google.com;7831;1;0
Thesagamore.com-0112-2017Redesign;en-US;r.search.yahoo.com;32339;1;0
Monarchbeachresort.com-0092-2016Redesign;en-US;www.google.com;22725;1;0
Glencovemansion.com-0058-2015Redesign;en-US;www.google.com;13328;1;0
Cphollywoodbeach.com-0032-2015Redesign;en-US;www.sunny.org;7831;1;0
Edgewaternaples.com-0094-2016Redesign;en-US;www.google.com;25239;1;0
Thecrawfordhotel.com-0074-2016Redesign;en-US;www.google.com;17145;1;0
Marriottkeylargo.com-0015-2014Redesign;en-US;surfinggator.com;3948;1;0
Casaybelresort.com-0002-2014Redesign;en-US;r.search.yahoo.com;1613;1;0
Broadmoor.com-0073-2016Redesign;en-US;tpc.googlesyndication.com;16728;1;0
Broadmoor.com-0073-2016Redesign;en-US;tpc.googlesyndication.com;16728;1;0
Cphollywoodbeach.com-0032-2015Redesign;en-US;www.sunny.org;7831;1;0
Opalsands.com-0084-2016Redesign;en-US;www.google.com;20171;1;0
Opalsands.com-0084-2016Redesign;en-US;www.google.com;20171;1;0
Marriottkeylargo.com-0015-2014Redesign;en-US;www.floridakeyswebcams.tv;3948;1;0
Marriottkeylargo.com-0015-2014Redesign;en-US;www.floridakeyswebcams.tv;3964;1;0
Broadmoor.com-0073-2016Redesign;en-US;login.nomadix.com:1111;16724;1;0
Broadmoor.com-0073-2016Redesign;en-US;login.nomadix.com:1111;16724;1;0
Opalsands.com-0084-2016Redesign;en-US;www.beachtourism.com;20171;1;0
Broadmoor.com-0073-2016Redesign;en-US;www.google.com;21231;1;0
Broadmoor.com-0073-2016Redesign;en-US;android-app:;21547;1;0
Edgewaternaples.com-0094-2016Redesign;en-US;www.google.com;25239;1;0
Edgewaternaples.com-0094-2016Redesign;en-US;www.google.com;25239;1;0
