Hospitalityupgrade.com-0093-2016Redesign;en-US;29966;37955;1;0
Hospitalityupgrade.com-0093-2016Redesign;en-US;37955;37963;1;0
Hospitalityupgrade.com-0093-2016Redesign;en-US;37963;37954;1;0
Hospitalityupgrade.com-0093-2016Redesign;en-US;37954;33960;1;0
Monarchbeachresort.com-0092-2016Redesign;en-US;0;23038;1;0
Hospitalityupgrade.com-0093-2016Redesign;en-US;33960;33442;1;0
Hospitalityupgrade.com-0093-2016Redesign;en-US;33442;33544;1;0
Hospitalityupgrade.com-0093-2016Redesign;en-US;33544;33606;1;0
Delraysandsresort.com-0097-2016Redesign;en-US;27232;27239;1;0
Hospitalityupgrade.com-0093-2016Redesign;en-US;33606;26754;1;0
Hospitalityupgrade.com-0093-2016Redesign;en-US;26754;41423;1;0
Hospitalityupgrade.com-0093-2016Redesign;en-US;41423;37936;1;0
Hospitalityupgrade.com-0093-2016Redesign;en-US;37936;31470;1;0
Hospitalityupgrade.com-0093-2016Redesign;en-US;31470;37951;1;0
Broadmoor.com-0073-2016Redesign;en-US;16738;18485;1;0
Broadmoor.com-0073-2016Redesign;en-US;16758;16778;1;0
Hospitalityupgrade.com-0093-2016Redesign;en-US;37951;37414;1;0
Hospitalityupgrade.com-0093-2016Redesign;en-US;37414;35714;1;0
Broadmoor.com-0073-2016Redesign;en-US;18013;32315;1;0
Thecurtis.com-0079-2016Redesign;en-US;0;17981;1;0
Hospitalityupgrade.com-0093-2016Redesign;en-US;35714;32911;1;0
Hospitalityupgrade.com-0093-2016Redesign;en-US;32911;38045;1;0
Hospitalityupgrade.com-0093-2016Redesign;en-US;38045;32911;1;0
Hospitalityupgrade.com-0093-2016Redesign;en-US;32911;36187;1;0
Hospitalityupgrade.com-0093-2016Redesign;en-US;36187;38044;1;0
Delraysandsresort.com-0097-2016Redesign;en-US;27239;27280;1;0
Hospitalityupgrade.com-0093-2016Redesign;en-US;38044;26756;1;0
Hospitalityupgrade.com-0093-2016Redesign;en-US;26756;36488;1;0
Hospitalityupgrade.com-0093-2016Redesign;en-US;36488;38048;1;0
Hospitalityupgrade.com-0093-2016Redesign;en-US;38048;26756;1;0
Broadmoor.com-0073-2016Redesign;en-US;16761;16769;1;0
Hospitalityupgrade.com-0093-2016Redesign;en-US;26756;36351;1;0
Hospitalityupgrade.com-0093-2016Redesign;en-US;36351;32674;1;0
Hospitalityupgrade.com-0093-2016Redesign;en-US;32674;41276;1;0
Broadmoor.com-0073-2016Redesign;en-US;16769;16761;1;0
Hospitalityupgrade.com-0093-2016Redesign;en-US;41276;36423;1;0
Samosetresort.com-0113-2017Redesign;en-US;0;32541;1;0
Broadmoor.com-0073-2016Redesign;en-US;16755;16751;1;0
Hospitalityupgrade.com-0093-2016Redesign;en-US;36423;32695;1;0
Broadmoor.com-0073-2016Redesign;en-US;16721;16722;1;0
Napavalleymarriott.com-0071-2016Redesign;en-US;16459;16454;1;0
Broadmoor.com-0073-2016Redesign;en-US;0;21232;1;0
Hospitalityupgrade.com-0093-2016Redesign;en-US;32695;26755;1;0
Edgewaternaples.com-0094-2016Redesign;en-US;25239;25240;1;0
Washingtoncourthotel.com-0076-2016Redesign;en-US;0;17858;1;0
Cocokeyorlando.com-0059-2015Redesign;en-US;0;12394;1;0
Broadmoor.com-0073-2016Redesign;en-US;16751;16722;1;0
Broadmoor.com-0073-2016Redesign;en-US;16721;16761;1;0
Delraysandsresort.com-0097-2016Redesign;en-US;27280;27273;1;0
