wentworthcom00212014redesign;en-US;www.google.com;26679;1;0
Beverlyhillsresidenceinn.com-0087-2016Redesign;en-US;www.google.com;20999;1;0
Broadmoor.com-0073-2016Redesign;en-US;m.facebook.com;16790;1;0
Broadmoor.com-0073-2016Redesign;en-US;www.google.com;16721;1;0
Broadmoor.com-0073-2016Redesign;en-US;login.nomadix.com:1111;16724;1;0
Broadmoor.com-0073-2016Redesign;en-US;login.nomadix.com:1111;16724;1;0
Cphollywoodbeach.com-0032-2015Redesign;en-US;www.bing.com;7831;1;0
Broadmoor.com-0073-2016Redesign;en-US;www.google.com;16761;1;0
Broadmoor.com-0073-2016Redesign;en-US;www.google.com;16769;1;0
Zotabeachresort.com-0090-2016Redesign;en-US;www.tripadvisor.com;22357;1;0
Lakeplacidlodge.com-0105-2017Redesign;en-US;www.google.com;28545;1;0
Lakeplacidlodge.com-0105-2017Redesign;en-US;www.google.com;28545;1;0
Broadmoor.com-0073-2016Redesign;en-US;www.google.com;16721;1;0
saddlebrook.com-0011-2014Redesign;en-US;www.google.com;3385;1;0
Broadmoor.com-0073-2016Redesign;en-US;www.colorado.com;18259;1;0
Theloganhotel.com-0043-2015Redesign;en-US;m.facebook.com;20218;1;0
wentworthcom00212014redesign;en-US;www.visitnewengland.com;26679;1;0
wentworthcom00212014redesign;en-US;www.visitnewengland.com;4259;1;0
Thesagamore.com-0112-2017Redesign;en-US;www.google.com;32339;1;0
Thesagamore.com-0112-2017Redesign;en-US;www.google.com;32339;1;0
Monarchbeachresort.com-0092-2016Redesign;en-US;m.facebook.com;22995;1;0
Broadmoor.com-0073-2016Redesign;en-US;www.google.com;18259;1;0
Cphollywoodbeach.com-0032-2015Redesign;en-US;www.google.ca;7831;1;0
Thesagamore.com-0112-2017Redesign;en-US;www.google.com;32339;1;0
Residenceinnnyc.com-0034-2015Redesign;en-US;www.google.com;7926;1;0
Lakeplacidlodge.com-0105-2017Redesign;en-US;www.google.com;32799;1;0
Monarchbeachresort.com-0092-2016Redesign;en-US;m.facebook.com;26800;1;0
Longboatkeyclub.com-0104-2017Redesign;en-US;www.opalcollection.com;28324;1;0
Longboatkeyclub.com-0104-2017Redesign;en-US;www.opalcollection.com;28324;1;0
Ecommerce.washingtondukeinn.com-0027-2014ShoppingCart;en-US;www.washingtondukeinn.com;6276;1;0
Washingtoncourthotel.com-0076-2016Redesign;en-US;www.google.com;17858;1;0
Broadmoor.com-0073-2016Redesign;en-US;login.nomadix.com:1111;16724;1;0
Broadmoor.com-0073-2016Redesign;en-US;login.nomadix.com:1111;16724;1;0
Broadmoor.com-0073-2016Redesign;en-US;login.nomadix.com:1111;16724;1;0
Broadmoor.com-0073-2016Redesign;en-US;login.nomadix.com:1111;16724;1;0
Broadmoor.com-0073-2016Redesign;en-US;login.nomadix.com:1111;16724;1;0
Broadmoor.com-0073-2016Redesign;en-US;login.nomadix.com:1111;16724;1;0
Cphollywoodbeach.com-0032-2015Redesign;en-US;www.sunny.org;7831;1;0
Thecrawfordhotel.com-0074-2016Redesign;en-US;www.google.com;17145;1;0
Washingtondukeinn.com-0024-2014Redesign;en-US;www.stonesoup.org;4759;1;0
Washingtondukeinn.com-0024-2014Redesign;en-US;www.stonesoup.org;4524;1;0
