Longboatkeyclub.com-0104-2017Redesign;en-US;35641;28317;1;0
Theharborsidehotel.com-0114-2017Redesign;en-US;38021;38016;1;0
wentworthcom00212014redesign;en-US;4336;4338;1;0
Monarchbeachresort.com-0092-2016Redesign;en-US;26788;22877;1;0
Casaybelresort.com-0002-2014Redesign;en-US;1613;1736;1;0
Chrco.com-0107-2017Redesign;en-US;0;31152;1;0
Washingtondukeinn.com-0024-2014Redesign;en-US;4739;4524;1;0
Thesagamore.com-0112-2017Redesign;en-US;32387;33537;1;0
Thesagamore.com-0112-2017Redesign;en-US;32351;33921;1;0
Thesagamore.com-0112-2017Redesign;en-US;33443;33454;1;0
Thesagamore.com-0112-2017Redesign;en-US;32339;32347;1;0
Lakeplacidlodge.com-0105-2017Redesign;en-US;32795;32794;1;0
Broadmoor.com-0073-2016Redesign;en-US;16721;16755;1;0
Cocokeyorlando.com-0059-2015Redesign;en-US;0;12394;1;0
Unionstationhotelnashville.com-0047-2015Redesign;en-US;24218;24219;1;0
Broadmoor.com-0073-2016Redesign;en-US;21866;16722;1;0
Sandylane.com-0075-2016Redesign;en-US;17683;17745;1;0
Edgewaternaples.com-0094-2016Redesign;en-US;0;25239;1;0
Broadmoor.com-0073-2016Redesign;en-US;16796;37939;1;0
Montaukyachtclub.com-0010-2014Redesign;en-US;2280;3554;1;0
Casaybelresort.com-0002-2014Redesign;en-US;1533;1627;1;0
Thecurtis.com-0079-2016Redesign;en-US;0;17981;1;0
Casaybelresort.com-0002-2014Redesign;en-US;1627;1613;1;0
Renaissancepittsburghpa.com-0044-2015Redesign;en-US;0;9637;1;0
Jupiterbeachresort.com-0103-2017Redesign;en-US;28158;29271;1;0
Montaukyachtclub.com-0010-2014Redesign;en-US;3554;2392;1;0
Cocokeyorlando.com-0059-2015Redesign;en-US;12394;12396;1;0
Broadmoor.com-0073-2016Redesign;en-US;16728;18013;1;0
wentworthcom00212014redesign;en-US;26679;4283;1;0
Monarchbeachresort.com-0092-2016Redesign;en-US;0;22964;1;0
Thesagamore.com-0112-2017Redesign;en-US;33537;33469;1;0
Halcyonhotelcherrycreek.com-0061-2015Redesign;en-US;22121;23189;1;0
Broadmoor.com-0073-2016Redesign;en-US;16722;17444;1;0
Theoxfordhotel.com-0062-2015Redesign;en-US;0;14325;1;0
Halcyonhotelcherrycreek.com-0061-2015Redesign;en-US;23189;22121;1;0
theweststreethotel.com-0115-2017Redesign;en-US;36683;36693;1;0
Thesagamore.com-0112-2017Redesign;en-US;33921;33922;1;0
Thesagamore.com-0112-2017Redesign;en-US;32339;33922;1;0
Samosetresort.com-0113-2017Redesign;en-US;0;32541;1;0
Thesagamore.com-0112-2017Redesign;en-US;32347;33924;1;0
Cocokeyorlando.com-0059-2015Redesign;en-US;0;12394;1;0
Broadmoor.com-0073-2016Redesign;en-US;16721;16799;1;0
Casaybelresort.com-0002-2014Redesign;en-US;1613;1627;1;0
Thelodgeatwoodloch.com-0033-2015Redesign;en-US;8261;9925;1;0
Broadmoor.com-0073-2016Redesign;en-US;16755;16728;1;0
Samosetresort.com-0113-2017Redesign;en-US;35128;35129;1;0
Casaybelresort.com-0002-2014Redesign;en-US;1627;1613;1;0
Thelodgeatwoodloch.com-0033-2015Redesign;en-US;8253;9801;1;0
Broadmoor.com-0073-2016Redesign;en-US;18013;32314;1;0
Luxehotels.com-0078-2016Redesign;en-US;18830;18944;1;0
Thesagamore.com-0112-2017Redesign;en-US;33922;32347;1;0
Theoxfordhotel.com-0062-2015Redesign;en-US;0;14325;1;0
Broadmoor.com-0073-2016Redesign;en-US;17444;22820;1;0
Thesagamore.com-0112-2017Redesign;en-US;32339;32346;1;0
Thelodgeatwoodloch.com-0033-2015Redesign;en-US;7764;7771;1;0
Thesagamore.com-0112-2017Redesign;en-US;32339;33922;1;0
Broadmoor.com-0073-2016Redesign;en-US;16728;18013;1;0
Galthouse.com-0042-2015Redesign;en-US;0;10602;1;0
Jupiterbeachresort.com-0103-2017Redesign;en-US;29271;29246;1;0
Casaybelresort.com-0002-2014Redesign;en-US;1613;1604;1;0
Sandylane.com-0075-2016Redesign;en-US;17745;17919;1;0
wentworthcom00212014redesign;en-US;4283;4253;1;0
