Thelodgeatwoodloch.com-0033-2015Redesign;en-US;8254;9526;1;0
Broadmoor.com-0073-2016Redesign;en-US;18259;16728;1;0
Cocokeyorlando.com-0059-2015Redesign;en-US;12394;12488;1;0
Cendyn.com-0095-2016Redesign;en-US;0;27680;1;0
Lakeplacidlodge.com-0105-2017Redesign;en-US;28546;32804;1;0
Thelodgeatwoodloch.com-0033-2015Redesign;en-US;8261;9920;1;0
Thelodgeatwoodloch.com-0033-2015Redesign;en-US;11007;9847;1;0
Monarchbeachresort.com-0092-2016Redesign;en-US;41733;23644;1;0
Thecurtis.com-0079-2016Redesign;en-US;18015;19185;1;0
Thelodgeatwoodloch.com-0033-2015Redesign;en-US;9922;8254;1;0
Monarchbeachresort.com-0092-2016Redesign;en-US;22994;22995;1;0
saddlebrook.com-0011-2014Redesign;en-US;3454;3486;1;0
Thesagamore.com-0112-2017Redesign;en-US;33443;33448;1;0
Lidobeachresort.com-0106-2017Redesign;en-US;28666;41590;1;0
Longboatkeyclub.com-0104-2017Redesign;en-US;35641;28318;1;0
wentworthcom00212014redesign;en-US;4282;4253;1;0
Broadmoor.com-0073-2016Redesign;en-US;18014;16722;1;0
Thelodgeatwoodloch.com-0033-2015Redesign;en-US;9526;8254;1;0
Broadmoor.com-0073-2016Redesign;en-US;16755;20440;1;0
Sandpearl.com-0091-2016Redesign;en-US;22534;23074;1;0
Monarchbeachresort.com-0092-2016Redesign;en-US;22725;22998;1;0
Theoxfordhotel.com-0062-2015Redesign;en-US;0;14325;1;0
Broadmoor.com-0073-2016Redesign;en-US;32307;18013;1;0
Oxfordclubspa.com-0068-2016Redesign;en-US;0;15600;1;0
Samosetresort.com-0113-2017Redesign;en-US;0;32541;1;0
Broadmoor.com-0073-2016Redesign;en-US;16721;16742;1;0
Broadmoor.com-0073-2016Redesign;en-US;16728;16751;1;0
Thelodgeatwoodloch.com-0033-2015Redesign;en-US;9847;9848;1;0
Oxfordclubspa.com-0068-2016Redesign;en-US;15568;15600;1;0
Oxfordclubspa.com-0068-2016Redesign;en-US;15600;15568;1;0
Lidobeachresort.com-0106-2017Redesign;en-US;29982;29983;1;0
Luxehotels.com-0078-2016Redesign;en-US;0;35051;1;0
Thesagamore.com-0112-2017Redesign;en-US;32339;32387;1;0
Broadmoor.com-0073-2016Redesign;en-US;16722;21866;1;0
Oxfordclubspa.com-0068-2016Redesign;en-US;15600;15568;1;0
Broadmoor.com-0073-2016Redesign;en-US;0;21232;1;0
theweststreethotel.com-0115-2017Redesign;en-US;37654;36683;1;0
Cphollywoodbeach.com-0032-2015Redesign;en-US;7805;7879;1;0
Lidobeachresort.com-0106-2017Redesign;en-US;29983;29981;1;0
Thelodgeatwoodloch.com-0033-2015Redesign;en-US;7764;7781;1;0
Thesagamore.com-0112-2017Redesign;en-US;32389;33921;1;0
Thecurtis.com-0079-2016Redesign;en-US;19185;18823;1;0
Longboatkeyclub.com-0104-2017Redesign;en-US;41579;28333;1;0
Sandpearl.com-0091-2016Redesign;en-US;22532;23180;1;0
Newyorkpalacemeetings.com-0045-2015Redesign;en-US;9217;9230;1;0
Broadmoor.com-0073-2016Redesign;en-US;16751;16728;1;0
Cocokeyorlando.com-0059-2015Redesign;en-US;0;12394;1;0
Lidobeachresort.com-0106-2017Redesign;en-US;28730;29827;1;0
Thelodgeatwoodloch.com-0033-2015Redesign;en-US;9848;7764;1;0
Broadmoor.com-0073-2016Redesign;en-US;16728;18259;1;0
Cocokeyorlando.com-0059-2015Redesign;en-US;0;12394;1;0
Monarchbeachresort.com-0092-2016Redesign;en-US;22725;26800;1;0
Theharborsidehotel.com-0114-2017Redesign;en-US;37571;37583;1;0
Broadmoor.com-0073-2016Redesign;en-US;18013;32313;1;0
Thelodgeatwoodloch.com-0033-2015Redesign;en-US;7782;9801;1;0
Theoxfordhotel.com-0062-2015Redesign;en-US;14325;14358;1;0
Broadmoor.com-0073-2016Redesign;en-US;16721;16762;1;0
Sandylane.com-0075-2016Redesign;en-US;18036;18033;1;0
Thelodgeatwoodloch.com-0033-2015Redesign;en-US;9847;28116;1;0
Thesagamore.com-0112-2017Redesign;en-US;32340;33931;1;0
Galthouse.com-0042-2015Redesign;en-US;31905;9789;1;0
Broadmoor.com-0073-2016Redesign;en-US;16793;16724;1;0
Broadmoor.com-0073-2016Redesign;en-US;20440;16721;1;0
Broadmoor.com-0073-2016Redesign;en-US;32313;16721;1;0
Thesagamore.com-0112-2017Redesign;en-US;32387;33575;1;0
Sandylane.com-0075-2016Redesign;en-US;17611;17745;1;0
Broadmoor.com-0073-2016Redesign;en-US;16742;22040;1;0
Thelodgeatwoodloch.com-0033-2015Redesign;en-US;9801;8266;1;0
Hhotellosangeles.com-0118-2017Redesign;en-US;35567;35289;1;0
Broadmoor.com-0073-2016Redesign;en-US;16762;16778;1;0
Miravalspamonarchbeach.com-0109-2017Redesign;en-US;33978;32043;1;0
Thelodgeatwoodloch.com-0033-2015Redesign;en-US;8254;9847;1;0
Galthouse.com-0042-2015Redesign;en-US;9789;13200;1;0
Zotabeachresort.com-0090-2016Redesign;en-US;22357;24765;1;0
Thesagamore.com-0112-2017Redesign;en-US;33448;33466;1;0
Treasureislandbeachresort.com-0089-2016Redesign;en-US;22169;22180;1;0
Samosetresort.com-0113-2017Redesign;en-US;0;35127;1;0
Laxembassy.com-0008-2014Redesign;en-US;2090;2077;1;0
Thelodgeatwoodloch.com-0033-2015Redesign;en-US;7764;39358;1;0
Thelodgeatwoodloch.com-0033-2015Redesign;en-US;0;8316;1;0
Broadmoor.com-0073-2016Redesign;en-US;22720;21866;1;0
Beverlyhillsresidenceinn.com-0087-2016Redesign;en-US;20999;21096;1;0
Jupiterbeachresort.com-0103-2017Redesign;en-US;28158;28165;1;0
Miravalspamonarchbeach.com-0109-2017Redesign;en-US;32043;31730;1;0
Cendyn.com-0095-2016Redesign;en-US;0;26858;1;0
