saddlebrook.com-0011-2014Redesign;en-US;www.google.com;3385;1;0
Sandpearl.com-0091-2016Redesign;en-US;www.bing.com;22481;1;0
Jupiterbeachresort.com-0103-2017Redesign;en-US;www.google.com;28165;1;0
Sandpearl.com-0091-2016Redesign;en-US;www.bing.com;22481;1;0
Theharborsidehotel.com-0114-2017Redesign;en-US;www.google.com;37571;1;0
Theharborsidehotel.com-0114-2017Redesign;en-US;www.google.com;37571;1;0
Theharborsidehotel.com-0114-2017Redesign;en-US;www.google.com;37571;1;0
Samosetresort.com-0113-2017Redesign;en-US;www.google.com;32541;1;0
Samosetresort.com-0113-2017Redesign;en-US;www.google.com;32541;1;0
Galthouse.com-0042-2015Redesign;en-US;m.facebook.com;31905;1;0
Galthouse.com-0042-2015Redesign;en-US;m.facebook.com;31905;1;0
Monarchbeachresort.com-0092-2016Redesign;en-US;www.google.com;22725;1;0
Longboatkeyclub.com-0104-2017Redesign;en-US;www.google.com;28316;1;0
Longboatkeyclub.com-0104-2017Redesign;en-US;www.google.com;28316;1;0
Sandylane.com-0075-2016Redesign;en-US;www.google.co.uk;17611;1;0
Cphollywoodbeach.com-0032-2015Redesign;en-US;www.sunny.org;7831;1;0
Cocokeyorlando.com-0059-2015Redesign;en-US;r.search.yahoo.com;12394;1;0
Broadmoor.com-0073-2016Redesign;en-US;www.google.com;16721;1;0
Broadmoor.com-0073-2016Redesign;en-US;www.google.com;16721;1;0
Edgewaternaples.com-0094-2016Redesign;en-US;www.google.com;25239;1;0
Monarchbeachresort.com-0092-2016Redesign;en-US;www.google.com;22725;1;0
Longboatkeyclub.com-0104-2017Redesign;en-US;www.google.co.uk;28316;1;0
Casaybelresort.com-0002-2014Redesign;en-US;search.yahoo.com;1613;1;0
Casaybelresort.com-0002-2014Redesign;en-US;www.bing.com;1533;1;0
Casaybelresort.com-0002-2014Redesign;en-US;www.facebook.com;1533;1;0
