Cphollywoodbeach.com-0032-2015Redesign;en-US;www.sunny.org;7831;1;0
saddlebrook.com-0011-2014Redesign;en-US;www.telegraph.co.uk;3385;1;0
Sandylane.com-0075-2016Redesign;en-US;www.google.com;17611;1;0
Longboatkeyclub.com-0104-2017Redesign;en-US;www.google.com;28364;1;0
Longboatkeyclub.com-0104-2017Redesign;en-US;www.google.com;28364;1;0
Thesagamore.com-0112-2017Redesign;en-US;www.google.com;32339;1;0
Thesagamore.com-0112-2017Redesign;en-US;www.google.com;32339;1;0
Samosetresort.com-0113-2017Redesign;en-US;www.google.com;32541;1;0
Samosetresort.com-0113-2017Redesign;en-US;www.google.com;32541;1;0
Cphollywoodbeach.com-0032-2015Redesign;en-US;www.google.com;7831;1;0
Galthouse.com-0042-2015Redesign;en-US;www.google.com;31905;1;0
Casaybelresort.com-0002-2014Redesign;en-US;duckduckgo.com;1533;1;0
Marriottkeylargo.com-0015-2014Redesign;en-US;surfinggator.com;3948;1;0
Theloganhotel.com-0043-2015Redesign;en-US;assemblyrooftop.com;20218;1;0
Theloganhotel.com-0043-2015Redesign;en-US;www.google.com;9327;1;0
Monarchbeachresort.com-0092-2016Redesign;en-US;m.facebook.com;22862;1;0
Napavalleymarriott.com-0071-2016Redesign;en-US;www.google.com;16432;1;0
Longboatkeyclub.com-0104-2017Redesign;en-US;www.google.com;28364;1;0
Longboatkeyclub.com-0104-2017Redesign;en-US;www.google.com;28364;1;0
Thelodgeatwoodloch.com-0033-2015Redesign;en-US;www.google.com;7764;1;0
Jupiterbeachresort.com-0103-2017Redesign;en-US;search.yahoo.com;28158;1;0
Marriottkeylargo.com-0015-2014Redesign;en-US;www.fla-keys.com;3948;1;0
Marriottkeylargo.com-0015-2014Redesign;en-US;www.fla-keys.com;3964;1;0
Opalsands.com-0084-2016Redesign;en-US;www.beachtourism.com;20171;1;0
Delraysandsresort.com-0097-2016Redesign;en-US;www.google.com;27232;1;0
Lakeplacidlodge.com-0105-2017Redesign;en-US;www.google.ca;28545;1;0
Lakeplacidlodge.com-0105-2017Redesign;en-US;www.google.ca;28545;1;0
Monarchbeachresort.com-0092-2016Redesign;en-US;m.facebook.com;22862;1;0
Delraysandsresort.com-0097-2016Redesign;en-US;www.google.com;27232;1;0
Lakeplacidlodge.com-0105-2017Redesign;en-US;www.google.ca;28545;1;0
Washingtoncourthotel.com-0076-2016Redesign;en-US;www.google.com;17858;1;0
Cphollywoodbeach.com-0032-2015Redesign;en-US;www.sunny.org;7831;1;0
Longboatkeyclub.com-0104-2017Redesign;en-US;www.baysider.com;35641;1;0
Thesagamore.com-0112-2017Redesign;en-US;m.facebook.com;32339;1;0
Longboatkeyclub.com-0104-2017Redesign;en-US;www.google.ca;28316;1;0
Cphollywoodbeach.com-0032-2015Redesign;en-US;www.sunny.org;7831;1;0
Marriottkeylargo.com-0015-2014Redesign;en-US;surfinggator.com;3948;1;0
saddlebrook.com-0011-2014Redesign;en-US;www.google.com;3385;1;0
Cphollywoodbeach.com-0032-2015Redesign;en-US;www.sunny.org;7831;1;0
Cphollywoodbeach.com-0032-2015Redesign;en-US;www.google.de;7831;1;0
Thesagamore.com-0112-2017Redesign;en-US;www.google.com;33452;1;0
Marriottkeylargo.com-0015-2014Redesign;en-US;www.fla-keys.com;3948;1;0
Marriottkeylargo.com-0015-2014Redesign;en-US;www.fla-keys.com;3964;1;0
Cocokeyorlando.com-0059-2015Redesign;en-US;android-app:;12394;1;0
Samosetresort.com-0113-2017Redesign;en-US;www.google.com;32541;1;0
Cphollywoodbeach.com-0032-2015Redesign;en-US;www.sunny.org;7831;1;0
Broadmoor.com-0073-2016Redesign;en-US;www.bing.com;18259;1;0
Treasureislandbeachresort.com-0089-2016Redesign;en-US;s0.2mdn.net;22169;1;0
Cocokeyorlando.com-0059-2015Redesign;en-US;www.google.co.uk;12394;1;0
Marriottkeylargo.com-0015-2014Redesign;en-US;www.fla-keys.com;3948;1;0
Marriottkeylargo.com-0015-2014Redesign;en-US;www.fla-keys.com;3964;1;0
Marriottkeylargo.com-0015-2014Redesign;en-US;www.fla-keys.com;3948;1;0
Marriottkeylargo.com-0015-2014Redesign;en-US;www.fla-keys.com;3964;1;0
Cphollywoodbeach.com-0032-2015Redesign;en-US;www.sunny.org;7831;1;0
