Washingtoncourthotel.com-0076-2016Redesign;en-US;www.google.com;17911;1;0
Opalsands.com-0084-2016Redesign;en-US;www.google.co.uk;40846;1;0
Broadmoor.com-0073-2016Redesign;en-US;login.nomadix.com:1111;16724;1;0
Broadmoor.com-0073-2016Redesign;en-US;login.nomadix.com:1111;16724;1;0
Delraysandsresort.com-0097-2016Redesign;en-US;www.tripadvisor.com;27232;1;0
Monarchbeachresort.com-0092-2016Redesign;en-US;www.google.com;22725;1;0
Cphollywoodbeach.com-0032-2015Redesign;en-US;www.earthcam.com;7831;1;0
Treasureislandbeachresort.com-0089-2016Redesign;en-US;www.bing.com;22169;1;0
Cphollywoodbeach.com-0032-2015Redesign;en-US;www.sunny.org;7831;1;0
Edgewaternaples.com-0094-2016Redesign;en-US;www.google.com;25239;1;0
Secretharbourvi.com-0040-2015Redesign;en-US;www.google.com;9231;1;0
Theharborsidehotel.com-0114-2017Redesign;en-US;www.google.com;38026;1;0
Casaybelresort.com-0002-2014Redesign;en-US;www.google.com;1613;1;0
Cphollywoodbeach.com-0032-2015Redesign;en-US;www.google.com;7831;1;0
Broadmoor.com-0073-2016Redesign;en-US;start.att.net;21232;1;0
Broadmoor.com-0073-2016Redesign;en-US;login.nomadix.com:1111;16724;1;0
Samosetresort.com-0113-2017Redesign;en-US;www.google.com;32541;1;0
Broadmoor.com-0073-2016Redesign;en-US;login.nomadix.com:1111;16724;1;0
Theoxfordhotel.com-0062-2015Redesign;en-US;den-80202-5400.localdomain:444;14325;1;0
Cphollywoodbeach.com-0032-2015Redesign;en-US;www.sunny.org;7831;1;0
Thesagamore.com-0112-2017Redesign;en-US;www.google.com;33471;1;0
Broadmoor.com-0073-2016Redesign;en-US;www.google.com;16766;1;0
Jupiterbeachresort.com-0103-2017Redesign;en-US;www.google.com;28165;1;0
Broadmoor.com-0073-2016Redesign;en-US;login.nomadix.com:1111;16724;1;0
Broadmoor.com-0073-2016Redesign;en-US;login.nomadix.com:1111;16724;1;0
Broadmoor.com-0073-2016Redesign;en-US;login.nomadix.com:1111;16724;1;0
Broadmoor.com-0073-2016Redesign;en-US;login.nomadix.com:1111;16724;1;0
Lehotels.com-0049-2015Transfer;en-US;www.google.es;13702;1;0
Cocokeyorlando.com-0059-2015Redesign;en-US;www.google.ca;12394;1;0
Cocokeyorlando.com-0059-2015Redesign;en-US;www.google.ca;12394;1;0
Opalsands.com-0084-2016Redesign;en-US;m.facebook.com;20171;1;0
Broadmoor.com-0073-2016Redesign;en-US;login.nomadix.com:1111;16724;1;0
Broadmoor.com-0073-2016Redesign;en-US;login.nomadix.com:1111;16724;1;0
Cphollywoodbeach.com-0032-2015Redesign;en-US;www.sunny.org;7831;1;0
Theoxfordhotel.com-0062-2015Redesign;en-US;www.oxfordclubspa.com;14325;1;0
Casaybelresort.com-0002-2014Redesign;en-US;www.google.com;1533;1;0
Broadmoor.com-0073-2016Redesign;en-US;tpc.googlesyndication.com;16728;1;0
Sandpearl.com-0091-2016Redesign;en-US;www.google.com;22481;1;0
Marriottkeylargo.com-0015-2014Redesign;en-US;www.floridakeyswebcams.tv;3948;1;0
Edgewaternaples.com-0094-2016Redesign;en-US;www.google.com;25239;1;0
Edgewaternaples.com-0094-2016Redesign;en-US;www.google.com;25239;1;0
Opalsands.com-0084-2016Redesign;en-US;www.google.com;40846;1;0
Thecurtis.com-0079-2016Redesign;en-US;www.google.com;17981;1;0
Broadmoor.com-0073-2016Redesign;en-US;login.nomadix.com:1111;16724;1;0
Broadmoor.com-0073-2016Redesign;en-US;login.nomadix.com:1111;16724;1;0
Galthouse.com-0042-2015Redesign;en-US;www.google.com.ph;31905;1;0
Casaybelresort.com-0002-2014Redesign;en-US;www.google.com;1533;1;0
Unionstationhotelnashville.com-0047-2015Redesign;en-US;www.google.com;32226;1;0
Lidobeachresort.com-0106-2017Redesign;en-US;www.bing.com;28666;1;0
