Lakeplacidlodge.com-0105-2017Redesign;en-US;28562;28565;1;0
Broadmoor.com-0073-2016Redesign;en-US;16781;16757;1;0
Denvercy.com-0036-2015Redesign;en-US;8699;8642;1;0
Casaybelresort.com-0002-2014Redesign;en-US;1613;1603;1;0
Thesagamore.com-0112-2017Redesign;en-US;32339;33540;1;0
wentworthcom00212014redesign;en-US;4259;26679;1;0
wentworthcom00212014redesign;en-US;26679;4259;1;0
Sandpearl.com-0091-2016Redesign;en-US;30640;22488;1;0
Passport.lehotels.com-0069-2016BlogRedesign;en-US;16538;16839;1;0
Cocokeyorlando.com-0059-2015Redesign;en-US;12404;12406;1;0
Broadmoor.com-0073-2016Redesign;en-US;24469;16738;1;0
Samosetresort.com-0113-2017Redesign;en-US;35227;35127;1;0
Thesagamore.com-0112-2017Redesign;en-US;32387;33925;1;0
Passport.lehotels.com-0069-2016BlogRedesign;en-US;16839;28277;1;0
Washingtoncourthotel.com-0076-2016Redesign;en-US;17938;17931;1;0
Broadmoor.com-0073-2016Redesign;en-US;0;16782;1;0
Casaybelresort.com-0002-2014Redesign;en-US;1603;1613;1;0
Glencovemansion.com-0058-2015Redesign;en-US;41698;15514;1;0
Miravalspamonarchbeach.com-0109-2017Redesign;en-US;33978;40608;1;0
Casaybelresort.com-0002-2014Redesign;en-US;1605;1613;1;0
Galthouse.com-0042-2015Redesign;en-US;31905;10568;1;0
Napavalleymarriott.com-0071-2016Redesign;en-US;0;16445;1;0
Lakeplacidlodge.com-0105-2017Redesign;en-US;28565;28562;1;0
Cocokeyorlando.com-0059-2015Redesign;en-US;12394;12406;1;0
Cocokeyorlando.com-0059-2015Redesign;en-US;12406;12414;1;0
Thesagamore.com-0112-2017Redesign;en-US;32347;32346;1;0
Thesagamore.com-0112-2017Redesign;en-US;33925;33921;1;0
Broadmoor.com-0073-2016Redesign;en-US;16782;18014;1;0
Opalsands.com-0084-2016Redesign;en-US;0;20171;1;0
Broadmoor.com-0073-2016Redesign;en-US;16721;16790;1;0
Galthouse.com-0042-2015Redesign;en-US;10558;10566;1;0
Thesagamore.com-0112-2017Redesign;en-US;32339;32355;1;0
Broadmoor.com-0073-2016Redesign;en-US;16738;18506;1;0
Cphollywoodbeach.com-0032-2015Redesign;en-US;7805;7829;1;0
Unionstationhotelnashville.com-0047-2015Redesign;en-US;32226;24054;1;0
Sandpearl.com-0091-2016Redesign;en-US;22488;22533;1;0
Thesagamore.com-0112-2017Redesign;en-US;33540;32348;1;0
Broadmoor.com-0073-2016Redesign;en-US;16721;16761;1;0
wentworthcom00212014redesign;en-US;0;4307;1;0
Halcyonhotelcherrycreek.com-0061-2015Redesign;en-US;22121;40595;1;0
Broadmoor.com-0073-2016Redesign;en-US;36006;16721;1;0
Broadmoor.com-0073-2016Redesign;en-US;16757;18259;1;0
Lidobeachresort.com-0106-2017Redesign;en-US;28666;29833;1;0
Halcyonhotelcherrycreek.com-0061-2015Redesign;en-US;40595;22121;1;0
Thesagamore.com-0112-2017Redesign;en-US;32346;32389;1;0
Thecrawfordhotel.com-0074-2016Redesign;en-US;17158;41465;1;0
Cocokeyorlando.com-0059-2015Redesign;en-US;0;12394;1;0
Napavalleymarriott.com-0071-2016Redesign;en-US;16432;18369;1;0
Thesagamore.com-0112-2017Redesign;en-US;32348;33539;1;0
Broadmoor.com-0073-2016Redesign;en-US;16768;16761;1;0
Montaukyachtclub.com-0010-2014Redesign;en-US;2383;2466;1;0
Thesagamore.com-0112-2017Redesign;en-US;33473;33475;1;0
Casaybelresort.com-0002-2014Redesign;en-US;1604;1570;1;0
Lidobeachresort.com-0106-2017Redesign;en-US;29833;29899;1;0
Lidobeachresort.com-0106-2017Redesign;en-US;29899;29981;1;0
Galthouse.com-0042-2015Redesign;en-US;10566;10568;1;0
Broadmoor.com-0073-2016Redesign;en-US;16761;16763;1;0
Cocokeyorlando.com-0059-2015Redesign;en-US;0;12394;1;0
Thesagamore.com-0112-2017Redesign;en-US;33475;33473;1;0
Unionstationhotelnashville.com-0047-2015Redesign;en-US;24054;24057;1;0
Thesagamore.com-0112-2017Redesign;en-US;32389;33569;1;0
Hhotellosangeles.com-0118-2017Redesign;en-US;0;35370;1;0
Broadmoor.com-0073-2016Redesign;en-US;16790;16791;1;0
Halcyonhotelcherrycreek.com-0061-2015Redesign;en-US;22121;41138;1;0
Thesagamore.com-0112-2017Redesign;en-US;33539;33542;1;0
Sandylane.com-0075-2016Redesign;en-US;0;17731;1;0
Napavalleymarriott.com-0071-2016Redesign;en-US;18369;18287;1;0
Samosetresort.com-0113-2017Redesign;en-US;0;32541;1;0
Glencovemansion.com-0058-2015Redesign;en-US;15514;41699;1;0
Broadmoor.com-0073-2016Redesign;en-US;16761;16764;1;0
Miravalspamonarchbeach.com-0109-2017Redesign;en-US;32984;33601;1;0
Lidobeachresort.com-0106-2017Redesign;en-US;29981;29818;1;0
Broadmoor.com-0073-2016Redesign;en-US;16721;16731;1;0
Thelodgeatwoodloch.com-0033-2015Redesign;en-US;8254;7781;1;0
Broadmoor.com-0073-2016Redesign;en-US;16742;16731;1;0
Broadmoor.com-0073-2016Redesign;en-US;16721;16766;1;0
Thesagamore.com-0112-2017Redesign;en-US;33473;33476;1;0
Casaybelresort.com-0002-2014Redesign;en-US;0;1533;1;0
Renaissancepittsburghpa.com-0044-2015Redesign;en-US;0;9637;1;0
Broadmoor.com-0073-2016Redesign;en-US;16793;16721;1;0
Chrco.com-0107-2017Redesign;en-US;0;31152;1;0
Lidobeachresort.com-0106-2017Redesign;en-US;29818;29981;1;0
Miravalspamonarchbeach.com-0109-2017Redesign;en-US;33601;40598;1;0
wentworthcom00212014redesign;en-US;26679;4299;1;0
Halcyonhotelcherrycreek.com-0061-2015Redesign;en-US;22121;41138;1;0
Thesagamore.com-0112-2017Redesign;en-US;33569;32346;1;0
Thesagamore.com-0112-2017Redesign;en-US;33476;33473;1;0
Halcyonhotelcherrycreek.com-0061-2015Redesign;en-US;41138;22121;1;0
Treasureislandbeachresort.com-0089-2016Redesign;en-US;22169;22222;1;0
Theloganhotel.com-0043-2015Redesign;en-US;20218;9116;1;0
