Casaybelresort.com-0002-2014Redesign;en-US;www.google.com;1613;1;0
Galthouse.com-0042-2015Redesign;en-US;m.facebook.com;31905;1;0
Longboatkeyclub.com-0104-2017Redesign;en-US;www.google.com;35641;1;0
Broadmoor.com-0073-2016Redesign;en-US;login.nomadix.com:1111;16724;1;0
Theoxfordhotel.com-0062-2015Redesign;en-US;www.google.com;14325;1;0
Marriottkeylargo.com-0015-2014Redesign;en-US;www.google.com;3964;1;0
Cphollywoodbeach.com-0032-2015Redesign;en-US;www.sunny.org;7831;1;0
Cphollywoodbeach.com-0032-2015Redesign;en-US;www.sunny.org;7831;1;0
Casaybelresort.com-0002-2014Redesign;en-US;www.google.ca;1613;1;0
Thelodgeatwoodloch.com-0033-2015Redesign;en-US;www.google.com;7764;1;0
Broadmoor.com-0073-2016Redesign;en-US;login.nomadix.com:1111;16724;1;0
Casaybelresort.com-0002-2014Redesign;en-US;www.google.com;1613;1;0
Theharborsidehotel.com-0114-2017Redesign;en-US;www.google.com;37571;1;0
Secretharbourvi.com-0040-2015Redesign;en-US;www.aadivers.com;9231;1;0
Cphollywoodbeach.com-0032-2015Redesign;en-US;www.sunny.org;7831;1;0
Theharborsidehotel.com-0114-2017Redesign;en-US;www.google.com;37571;1;0
Cphollywoodbeach.com-0032-2015Redesign;en-US;www.google.com;7831;1;0
Theloganhotel.com-0043-2015Redesign;en-US;m.facebook.com;20218;1;0
Longboatkeyclub.com-0104-2017Redesign;en-US;www.google.com;28316;1;0
Broadmoor.com-0073-2016Redesign;en-US;m.facebook.com;17344;1;0
Broadmoor.com-0073-2016Redesign;en-US;login.nomadix.com:1111;16724;1;0
Broadmoor.com-0073-2016Redesign;en-US;m.facebook.com;16790;1;0
Galthouse.com-0042-2015Redesign;en-US;m.facebook.com;31905;1;0
Broadmoor.com-0073-2016Redesign;en-US;login.nomadix.com:1111;16724;1;0
Sandpearl.com-0091-2016Redesign;en-US;www.google.ie;22481;1;0
Galthouse.com-0042-2015Redesign;en-US;m.facebook.com;31905;1;0
Cphollywoodbeach.com-0032-2015Redesign;en-US;www.sunny.org;7831;1;0
Broadmoor.com-0073-2016Redesign;en-US;login.nomadix.com:1111;16724;1;0
Broadmoor.com-0073-2016Redesign;en-US;login.nomadix.com:1111;16724;1;0
Broadmoor.com-0073-2016Redesign;en-US;m.facebook.com;17344;1;0
Sandpearl.com-0091-2016Redesign;en-US;www.google.com;22481;1;0
Oxfordclubspa.com-0068-2016Redesign;en-US;www.google.com;15568;1;0
Casaybelresort.com-0002-2014Redesign;en-US;r.search.yahoo.com;1613;1;0
Broadmoor.com-0073-2016Redesign;en-US;login.nomadix.com:1111;16724;1;0
Cphollywoodbeach.com-0032-2015Redesign;en-US;www.sunny.org;7831;1;0
Broadmoor.com-0073-2016Redesign;en-US;login.nomadix.com:1111;16724;1;0
Marriottkeylargo.com-0015-2014Redesign;en-US;www.beachcamsusa.com;3948;1;0
Casaybelresort.com-0002-2014Redesign;en-US;www.google.at;1613;1;0
Unionstationhotelnashville.com-0047-2015Redesign;en-US;www.google.com;32226;1;0
Casaybelresort.com-0002-2014Redesign;en-US;www.bing.com;1613;1;0
Broadmoor.com-0073-2016Redesign;en-US;r.search.yahoo.com;17699;1;0
Casaybelresort.com-0002-2014Redesign;en-US;surfinggator.com;1613;1;0
Casaybelresort.com-0002-2014Redesign;en-US;surfinggator.com;1613;1;0
Monarchbeachresort.com-0092-2016Redesign;en-US;www.google.com;22983;1;0
Napavalleymarriott.com-0071-2016Redesign;en-US;www.google.com;16432;1;0
Theoxfordhotel.com-0062-2015Redesign;en-US;www.bing.com;14325;1;0
Cphollywoodbeach.com-0032-2015Redesign;en-US;www.google.com;7831;1;0
Thesagamore.com-0112-2017Redesign;en-US;www.google.com;32339;1;0
Sandpearl.com-0091-2016Redesign;en-US;www.google.com;22530;1;0
Casaybelresort.com-0002-2014Redesign;en-US;www.google.com;1613;1;0
Casaybelresort.com-0002-2014Redesign;en-US;www.google.com;1613;1;0
Broadmoor.com-0073-2016Redesign;en-US;android-app:;18782;1;0
Opalsands.com-0084-2016Redesign;en-US;www.beachtourism.com;20171;1;0
Casaybelresort.com-0002-2014Redesign;en-US;www.google.com;1613;1;0
Marriottkeylargo.com-0015-2014Redesign;en-US;surfinggator.com;3948;1;0
Marriottkeylargo.com-0015-2014Redesign;en-US;surfinggator.com;3964;1;0
Broadmoor.com-0073-2016Redesign;en-US;www.google.com;16721;1;0
Longboatkeyclub.com-0104-2017Redesign;en-US;www.fodors.com;28316;1;0
Longboatkeyclub.com-0104-2017Redesign;en-US;www.fodors.com;28316;1;0
Broadmoor.com-0073-2016Redesign;en-US;tpc.googlesyndication.com;16728;1;0
Casaybelresort.com-0002-2014Redesign;en-US;surfinggator.com;1613;1;0
Casaybelresort.com-0002-2014Redesign;en-US;www.google.com;1613;1;0
Laxembassy.com-0008-2014Redesign;en-US;www.google.com;2037;1;0
Casaybelresort.com-0002-2014Redesign;en-US;www.google.com;1613;1;0
Casaybelresort.com-0002-2014Redesign;en-US;surfinggator.com;1613;1;0
Casaybelresort.com-0002-2014Redesign;en-US;www.google.com;1613;1;0
Longboatkeyclub.com-0104-2017Redesign;en-US;www.google.ca;28316;1;0
Casaybelresort.com-0002-2014Redesign;en-US;www.google.com;1613;1;0
theweststreethotel.com-0115-2017Redesign;en-US;www.google.co.uk;36683;1;0
Washingtondukeinn.com-0024-2014Redesign;en-US;www.bing.com;4524;1;0
Casaybelresort.com-0002-2014Redesign;en-US;surfinggator.com;1613;1;0
Casaybelresort.com-0002-2014Redesign;en-US;www.google.com;1613;1;0
Marriottkeylargo.com-0015-2014Redesign;en-US;www.google.com;3948;1;0
Cphollywoodbeach.com-0032-2015Redesign;en-US;r.search.yahoo.com;7831;1;0
Longboatkeyclub.com-0104-2017Redesign;en-US;worldcam.eu;28317;1;0
Casaybelresort.com-0002-2014Redesign;en-US;www.bing.com;1533;1;0
Lidobeachresort.com-0106-2017Redesign;en-US;m.facebook.com;28667;1;0
Lidobeachresort.com-0106-2017Redesign;en-US;m.facebook.com;28667;1;0
Cphollywoodbeach.com-0032-2015Redesign;en-US;www.google.ca;7831;1;0
Longboatkeyclub.com-0104-2017Redesign;en-US;www.google.com;28316;1;0
