Thesagamore.com-0112-2017Redesign;en-US;32339;33922;1;0
Delraysandsresort.com-0097-2016Redesign;en-US;28289;28299;1;0
Samosetresort.com-0113-2017Redesign;en-US;32541;32549;1;0
Washingtondukeinn.com-0024-2014Redesign;en-US;4524;4739;1;0
Thesagamore.com-0112-2017Redesign;en-US;0;33538;1;0
Longboatkeyclub.com-0104-2017Redesign;en-US;28316;28317;1;0
Thesagamore.com-0112-2017Redesign;en-US;0;33473;1;0
Thesagamore.com-0112-2017Redesign;en-US;0;33444;1;0
Thesagamore.com-0112-2017Redesign;en-US;0;32339;1;0
Thesagamore.com-0112-2017Redesign;en-US;33474;33475;1;0
Theharborsidehotel.com-0114-2017Redesign;en-US;37989;37941;1;0
Samosetresort.com-0113-2017Redesign;en-US;32549;32576;1;0
saddlebrook.com-0011-2014Redesign;en-US;0;3458;1;0
Napavalleymarriott.com-0071-2016Redesign;en-US;16432;18283;1;0
Theoxfordhotel.com-0062-2015Redesign;en-US;0;14325;1;0
Broadmoor.com-0073-2016Redesign;en-US;16791;16790;1;0
Thelodgeatwoodloch.com-0033-2015Redesign;en-US;7764;7782;1;0
Oxfordclubspa.com-0068-2016Redesign;en-US;40634;15568;1;0
Cocokeyorlando.com-0059-2015Redesign;en-US;0;12394;1;0
Sandpearl.com-0091-2016Redesign;en-US;22488;22530;1;0
Thelodgeatwoodloch.com-0033-2015Redesign;en-US;7764;9847;1;0
Samosetresort.com-0113-2017Redesign;en-US;32576;35349;1;0
Washingtondukeinn.com-0024-2014Redesign;en-US;19511;4734;1;0
Sandpearl.com-0091-2016Redesign;en-US;22481;23075;1;0
Broadmoor.com-0073-2016Redesign;en-US;16769;16761;1;0
Edgewaternaples.com-0094-2016Redesign;en-US;25246;25256;1;0
Thelodgeatwoodloch.com-0033-2015Redesign;en-US;0;9850;1;0
saddlebrook.com-0011-2014Redesign;en-US;3483;3478;1;0
Thesagamore.com-0112-2017Redesign;en-US;33922;33921;1;0
Broadmoor.com-0073-2016Redesign;en-US;0;21231;1;0
Broadmoor.com-0073-2016Redesign;en-US;16721;16766;1;0
Cocokeyorlando.com-0059-2015Redesign;en-US;0;12394;1;0
Broadmoor.com-0073-2016Redesign;en-US;16790;18208;1;0
Casaybelresort.com-0002-2014Redesign;en-US;1533;1649;1;0
Thesagamore.com-0112-2017Redesign;en-US;33475;33476;1;0
Thelodgeatwoodloch.com-0033-2015Redesign;en-US;9847;9848;1;0
Secretharbourvi.com-0040-2015Redesign;en-US;9494;9481;1;0
Thesagamore.com-0112-2017Redesign;en-US;0;33466;1;0
Thesagamore.com-0112-2017Redesign;en-US;0;32339;1;0
saddlebrook.com-0011-2014Redesign;en-US;3458;3385;1;0
Thesagamore.com-0112-2017Redesign;en-US;0;32347;1;0
Washingtondukeinn.com-0024-2014Redesign;en-US;4734;4733;1;0
Napavalleymarriott.com-0071-2016Redesign;en-US;18283;18369;1;0
Sandpearl.com-0091-2016Redesign;en-US;22481;23074;1;0
Thesagamore.com-0112-2017Redesign;en-US;33476;32347;1;0
Thesagamore.com-0112-2017Redesign;en-US;33921;33923;1;0
Washingtoncourthotel.com-0076-2016Redesign;en-US;17858;17931;1;0
Thelodgeatwoodloch.com-0033-2015Redesign;en-US;8390;7764;1;0
Galthouse.com-0042-2015Redesign;en-US;31905;10568;1;0
Sandpearl.com-0091-2016Redesign;en-US;22481;23122;1;0
Cphollywoodbeach.com-0032-2015Redesign;en-US;7805;7831;1;0
Samosetresort.com-0113-2017Redesign;en-US;0;32541;1;0
Thesagamore.com-0112-2017Redesign;en-US;32347;33477;1;0
Washingtondukeinn.com-0024-2014Redesign;en-US;4733;4997;1;0
Sandpearl.com-0091-2016Redesign;en-US;22481;23075;1;0
Cocokeyorlando.com-0059-2015Redesign;en-US;12394;12406;1;0
Napavalleymarriott.com-0071-2016Redesign;en-US;18369;18283;1;0
Thesagamore.com-0112-2017Redesign;en-US;32347;33476;1;0
wentworthcom00212014redesign;en-US;4306;4307;1;0
Thelodgeatwoodloch.com-0033-2015Redesign;en-US;7782;7783;1;0
Broadmoor.com-0073-2016Redesign;en-US;21232;16760;1;0
saddlebrook.com-0011-2014Redesign;en-US;3385;3453;1;0
Theoxfordhotel.com-0062-2015Redesign;en-US;41533;14325;1;0
Thesagamore.com-0112-2017Redesign;en-US;33477;32348;1;0
Halcyonhotelcherrycreek.com-0061-2015Redesign;en-US;23287;22121;1;0
Sandylane.com-0075-2016Redesign;en-US;17611;17745;1;0
Broadmoor.com-0073-2016Redesign;en-US;16761;16766;1;0
Thesagamore.com-0112-2017Redesign;en-US;33476;33470;1;0
Cocokeyorlando.com-0059-2015Redesign;en-US;12394;12488;1;0
Washingtondukeinn.com-0024-2014Redesign;en-US;4997;5097;1;0
Monarchbeachresort.com-0092-2016Redesign;en-US;22725;22862;1;0
Broadmoor.com-0073-2016Redesign;en-US;16757;16758;1;0
Secretharbourvi.com-0040-2015Redesign;en-US;9481;9498;1;0
Broadmoor.com-0073-2016Redesign;en-US;21236;21231;1;0
Cphollywoodbeach.com-0032-2015Redesign;en-US;7831;7854;1;0
Broadmoor.com-0073-2016Redesign;en-US;16721;16760;1;0
Sandylane.com-0075-2016Redesign;en-US;0;17920;1;0
