Theloganhotel.com-0043-2015Redesign;en-US;www.google.com;20218;1;0
Montaukyachtclub.com-0010-2014Redesign;en-US;m.facebook.com;2240;1;0
Longboatkeyclub.com-0104-2017Redesign;en-US;web.mail.comcast.net;28316;1;0
Zotabeachresort.com-0090-2016Redesign;en-US;www.google.com;22357;1;0
Zotabeachresort.com-0090-2016Redesign;en-US;www.google.com;22357;1;0
Halcyonhotelcherrycreek.com-0061-2015Redesign;en-US;uncrate.com;22121;1;0
Minnetonkamarriott.com-0039-2015Redesign;en-US;www.google.com;9627;1;0
Glencovemansion.com-0058-2015Redesign;en-US;www.google.com;13328;1;0
Hospitalityupgrade.com-0093-2016Redesign;en-US;www.google.com;25405;1;0
Broadmoor.com-0073-2016Redesign;en-US;www.google.com;18013;1;0
Monarchbeachresort.com-0092-2016Redesign;en-US;m.facebook.com;22725;1;0
Thesagamore.com-0112-2017Redesign;en-US;www.google.com;32348;1;0
Monarchbeachresort.com-0092-2016Redesign;en-US;www.google.ca;22725;1;0
Thesagamore.com-0112-2017Redesign;en-US;www.google.com;33471;1;0
Cendyn.com-0095-2016Redesign;en-US;yandex.ru;26862;1;0
Luxehotels.com-0078-2016Redesign;en-US;www.google.com;18833;1;0
Broadmoor.com-0073-2016Redesign;en-US;login.nomadix.com:1111;16724;1;0
Broadmoor.com-0073-2016Redesign;en-US;login.nomadix.com:1111;16724;1;0
Luxehotels.com-0078-2016Redesign;en-US;www.google.com;18830;1;0
Broadmoor.com-0073-2016Redesign;en-US;login.nomadix.com:1111;16724;1;0
Broadmoor.com-0073-2016Redesign;en-US;duckduckgo.com;16769;1;0
Broadmoor.com-0073-2016Redesign;en-US;login.nomadix.com:1111;16724;1;0
Secretharbourvi.com-0040-2015Redesign;en-US;www.hotelrooms.com;9231;1;0
Broadmoor.com-0073-2016Redesign;en-US;www.google.com;18259;1;0
Hospitalityupgrade.com-0093-2016Redesign;en-US;www.google.com;22790;1;0
Broadmoor.com-0073-2016Redesign;en-US;www.google.com;16738;1;0
Galthouse.com-0042-2015Redesign;en-US;www.google.com;31844;1;0
Broadmoor.com-0073-2016Redesign;en-US;www.google.com;16721;1;0
Thecrawfordhotel.com-0074-2016Redesign;en-US;shymkent.xkaz.org;17671;1;0
Montaukyachtclub.com-0010-2014Redesign;en-US;www.google.com;2240;1;0
Thecrawfordhotel.com-0074-2016Redesign;en-US;shymkent.xkaz.org;17671;1;0
Thecrawfordhotel.com-0074-2016Redesign;en-US;shymkent.xkaz.org;17671;1;0
Broadmoor.com-0073-2016Redesign;en-US;login.nomadix.com:1111;16724;1;0
Broadmoor.com-0073-2016Redesign;en-US;login.nomadix.com:1111;16724;1;0
