Cphollywoodbeach.com-0032-2015Redesign;en-US;www.google.ca;7831;1;0
Cocokeyorlando.com-0059-2015Redesign;en-US;www.google.com;12394;1;0
Broadmoor.com-0073-2016Redesign;en-US;www.google.com;16761;1;0
Napavalleymarriott.com-0071-2016Redesign;en-US;www.google.com;18286;1;0
Galthouse.com-0042-2015Redesign;en-US;adventuremomblog.com;31905;1;0
Napavalleymarriott.com-0071-2016Redesign;en-US;www.google.com;16432;1;0
Sandpearl.com-0091-2016Redesign;en-US;l.facebook.com;22481;1;0
Sandpearl.com-0091-2016Redesign;en-US;l.facebook.com;22481;1;0
Theharborsidehotel.com-0114-2017Redesign;en-US;www.google.com;37608;1;0
Samosetresort.com-0113-2017Redesign;en-US;www.google.com;32541;1;0
Broadmoor.com-0073-2016Redesign;en-US;login.nomadix.com:1111;16724;1;0
Broadmoor.com-0073-2016Redesign;en-US;login.nomadix.com:1111;16724;1;0
Thelodgeatwoodloch.com-0033-2015Redesign;en-US;www.google.com;7764;1;0
Luxehotels.com-0078-2016Redesign;en-US;www.google.com;19292;1;0
Broadmoor.com-0073-2016Redesign;en-US;www.google.com;16728;1;0
Broadmoor.com-0073-2016Redesign;en-US;www.google.com;16721;1;0
Broadmoor.com-0073-2016Redesign;en-US;www.google.com;16769;1;0
Broadmoor.com-0073-2016Redesign;en-US;www.google.com;16769;1;0
Delraysandsresort.com-0097-2016Redesign;en-US;www.google.com;27232;1;0
Delraysandsresort.com-0097-2016Redesign;en-US;www.google.com;27232;1;0
Thelodgeatwoodloch.com-0033-2015Redesign;en-US;r.search.yahoo.com;7764;1;0
Thesagamore.com-0112-2017Redesign;en-US;www.google.com;32339;1;0
Broadmoor.com-0073-2016Redesign;en-US;www.google.com;16721;1;0
saddlebrook.com-0011-2014Redesign;en-US;www.google.com;4538;1;0
Broadmoor.com-0073-2016Redesign;en-US;www.google.com;16721;1;0
Sandylane.com-0075-2016Redesign;en-US;proprostatit.com;17675;1;0
Sandylane.com-0075-2016Redesign;en-US;proprostatit.com;17675;1;0
Broadmoor.com-0073-2016Redesign;en-US;www.google.com;16721;1;0
Sandylane.com-0075-2016Redesign;en-US;proprostatit.com;17675;1;0
Longboatkeyclub.com-0104-2017Redesign;en-US;www.google.com;28316;1;0
Theoxfordhotel.com-0062-2015Redesign;en-US;www.google.com;14331;1;0
Thesagamore.com-0112-2017Redesign;en-US;www.bing.com;32339;1;0
Broadmoor.com-0073-2016Redesign;en-US;www.google.com;18259;1;0
Thesagamore.com-0112-2017Redesign;en-US;www.google.com;32339;1;0
Thesagamore.com-0112-2017Redesign;en-US;www.google.com;32339;1;0
Washingtondukeinn.com-0024-2014Redesign;en-US;goduke.com;4524;1;0
Washingtondukeinn.com-0024-2014Redesign;en-US;goduke.com;4524;1;0
Sandylane.com-0075-2016Redesign;en-US;www.jamesandlindsay.wedding;17611;1;0
Broadmoor.com-0073-2016Redesign;en-US;tpc.googlesyndication.com;16728;1;0
Montaukyachtclub.com-0010-2014Redesign;en-US;www.google.com;2240;1;0
Cphollywoodbeach.com-0032-2015Redesign;en-US;www.google.com;7805;1;0
Thecrawfordhotel.com-0074-2016Redesign;en-US;www.google.com;17192;1;0
Jbdukehotel.com-0086-2016Redesign;en-US;admissions.duke.edu;21918;1;0
Theharborsidehotel.com-0114-2017Redesign;en-US;www.google.com;37571;1;0
Theharborsidehotel.com-0114-2017Redesign;en-US;www.google.com;37571;1;0
Broadmoor.com-0073-2016Redesign;en-US;login.nomadix.com:1111;16724;1;0
Broadmoor.com-0073-2016Redesign;en-US;login.nomadix.com:1111;16724;1;0
