Broadmoor.com-0073-2016Redesign;en-US;www.pinterest.com;16793;1;0
Cphollywoodbeach.com-0032-2015Redesign;en-US;www.sunny.org;7831;1;0
Cphollywoodbeach.com-0032-2015Redesign;en-US;www.sunny.org;7831;1;0
Zotabeachresort.com-0090-2016Redesign;en-US;www.google.com;22357;1;0
Zotabeachresort.com-0090-2016Redesign;en-US;www.google.com;22357;1;0
Washingtondukeinn.com-0024-2014Redesign;en-US;t.co;4524;1;0
Washingtondukeinn.com-0024-2014Redesign;en-US;t.co;4524;1;0
wentworthcom00212014redesign;en-US;www.google.com;4307;1;0
Broadmoor.com-0073-2016Redesign;en-US;www.google.com;16721;1;0
Broadmoor.com-0073-2016Redesign;en-US;www.google.com;16721;1;0
Cocokeyorlando.com-0059-2015Redesign;en-US;www.vacationfun.com;12394;1;0
Cocokeyorlando.com-0059-2015Redesign;en-US;www.vacationfun.com;12394;1;0
Washingtondukeinn.com-0024-2014Redesign;en-US;karaganda.xkaz.org;4759;1;0
Jupiterbeachresort.com-0103-2017Redesign;en-US;www.google.com;28158;1;0
Washingtondukeinn.com-0024-2014Redesign;en-US;karaganda.xkaz.org;4759;1;0
Cphollywoodbeach.com-0032-2015Redesign;en-US;www.sunny.org;7831;1;0
Thesagamore.com-0112-2017Redesign;en-US;www.google.com;33444;1;0
wentworthcom00212014redesign;en-US;www.bing.com;26679;1;0
Monarchbeachresort.com-0092-2016Redesign;en-US;www.google.com;22725;1;0
Luxehotels.com-0078-2016Redesign;en-US;www.google.com;19339;1;0
Cendyn.com-0095-2016Redesign;en-US;www.google.ba;26876;1;0
Sandpearl.com-0091-2016Redesign;en-US;www.google.com;22481;1;0
Thesagamore.com-0112-2017Redesign;en-US;www.google.com;32339;1;0
Chrco.com-0107-2017Redesign;en-US;www.google.com;29280;1;0
Washingtoncourthotel.com-0076-2016Redesign;en-US;www.google.com;17858;1;0
Hospitalityupgrade.com-0093-2016Redesign;en-US;www.google.com;25405;1;0
Jupiterbeachresort.com-0103-2017Redesign;en-US;www.google.com;28158;1;0
Jbdukehotel.com-0086-2016Redesign;en-US;sajatvelemeny.com;21918;1;0
Zotabeachresort.com-0090-2016Redesign;en-US;www.google.com;22357;1;0
Samosetresort.com-0113-2017Redesign;en-US;www.google.ca;32541;1;0
Zotabeachresort.com-0090-2016Redesign;en-US;www.google.com;22357;1;0
Jbdukehotel.com-0086-2016Redesign;en-US;sajatvelemeny.com;21918;1;0
Cphollywoodbeach.com-0032-2015Redesign;en-US;www.google.com;7831;1;0
Thecrawfordhotel.com-0074-2016Redesign;en-US;www.google.com;17667;1;0
Jupiterbeachresort.com-0103-2017Redesign;en-US;www.visitflorida.com;28158;1;0
Jupiterbeachresort.com-0103-2017Redesign;en-US;www.visitflorida.com;28158;1;0
Sandpearl.com-0091-2016Redesign;en-US;restaurants.winespectator.com;22481;1;0
Broadmoor.com-0073-2016Redesign;en-US;www.google.com;18259;1;0
Marriottkeylargo.com-0015-2014Redesign;en-US;www.google.com;3954;1;0
Unionstationhotelnashville.com-0047-2015Redesign;en-US;www.google.com;32226;1;0
Cphollywoodbeach.com-0032-2015Redesign;en-US;www.google.com;7805;1;0
Jupiterbeachresort.com-0103-2017Redesign;en-US;www.google.com;28158;1;0
Marriottdelraybeach.com-0009-2014Redesign;en-US;search.yahoo.com;2829;1;0
Broadmoor.com-0073-2016Redesign;en-US;www.bing.com;22720;1;0
Longboatkeyclub.com-0104-2017Redesign;en-US;www.google.co.uk;28316;1;0
Cphollywoodbeach.com-0032-2015Redesign;en-US;www.google.com;7831;1;0
