Washingtoncourthotel.com-0076-2016Redesign;en-US;www.google.com;17858;1;0
Washingtoncourthotel.com-0076-2016Redesign;en-US;wchdc.com;17858;1;0
Washingtoncourthotel.com-0076-2016Redesign;en-US;www.google.com;17858;1;0
Broadmoor.com-0073-2016Redesign;en-US;www.google.com;16721;1;0
Laxembassy.com-0008-2014Redesign;en-US;www.google.com;2037;1;0
Assuranceoperations.com-0065-2015Redesign;en-US;pochtovyi-index.ru;15289;1;0
Assuranceoperations.com-0065-2015Redesign;en-US;pochtovyi-index.ru;15289;1;0
Assuranceoperations.com-0065-2015Redesign;en-US;pochtovyi-index.ru;15289;1;0
Cphollywoodbeach.com-0032-2015Redesign;en-US;www.sunny.org;7831;1;0
Broadmoor.com-0073-2016Redesign;en-US;www.visitcos.com;18010;1;0
Broadmoor.com-0073-2016Redesign;en-US;www.visitcos.com;18010;1;0
Monarchbeachresort.com-0092-2016Redesign;en-US;www.google.com;22725;1;0
Monarchbeachresort.com-0092-2016Redesign;en-US;www.google.com;22725;1;0
Longboatkeyclub.com-0104-2017Redesign;en-US;www.google.com.sg;28316;1;0
Broadmoor.com-0073-2016Redesign;en-US;www.google.com;16721;1;0
Longboatkeyclub.com-0104-2017Redesign;en-US;www.google.com.sg;28316;1;0
Casaybelresort.com-0002-2014Redesign;en-US;www.google.com;1533;1;0
Cocokeyorlando.com-0059-2015Redesign;en-US;www.google.ca;12394;1;0
Broadmoor.com-0073-2016Redesign;en-US;www.google.com;16761;1;0
Hhotellosangeles.com-0118-2017Redesign;en-US;www.google.com;37901;1;0
Washingtoncourthotel.com-0076-2016Redesign;en-US;www.v-doroguspb.ru;17858;1;0
Napavalleymarriott.com-0071-2016Redesign;en-US;www.google.com;16432;1;0
Broadmoor.com-0073-2016Redesign;en-US;login.nomadix.com:1111;16724;1;0
Broadmoor.com-0073-2016Redesign;en-US;login.nomadix.com:1111;16724;1;0
Marriottkeylargo.com-0015-2014Redesign;en-US;www.beachcamsusa.com;3948;1;0
Marriottkeylargo.com-0015-2014Redesign;en-US;www.beachcamsusa.com;3964;1;0
