Cphollywoodbeach.com-0032-2015Redesign;en-US;www.sunny.org;7831;1;0
Cphollywoodbeach.com-0032-2015Redesign;en-US;www.sunny.org;7831;1;0
Cocokeyorlando.com-0059-2015Redesign;en-US;www.google.com;12410;1;0
Longboatkeyclub.com-0104-2017Redesign;en-US;r.search.yahoo.com;28328;1;0
Abbingtonbanquets.com-0070-2016Redesign;en-US;www.bufetout.ru;15789;1;0
Casaybelresort.com-0002-2014Redesign;en-US;www.bing.com;1768;1;0
Thecurtis.com-0079-2016Redesign;en-US;www.google.com;17981;1;0
Galthouse.com-0042-2015Redesign;en-US;m.facebook.com;31905;1;0
Galthouse.com-0042-2015Redesign;en-US;m.facebook.com;31905;1;0
Casaybelresort.com-0002-2014Redesign;en-US;www.google.com;1613;1;0
Longboatkeyclub.com-0104-2017Redesign;en-US;worldcam.eu;28317;1;0
Cphollywoodbeach.com-0032-2015Redesign;en-US;www.google.com.co;7939;1;0
Luxehotels.com-0078-2016Redesign;en-US;www.google.com.au;18830;1;0
Galthouse.com-0042-2015Redesign;en-US;www.google.com;31905;1;0
Broadmoor.com-0073-2016Redesign;en-US;login.nomadix.com:1111;16724;1;0
Galthouse.com-0042-2015Redesign;en-US;www.google.com;31905;1;0
Broadmoor.com-0073-2016Redesign;en-US;login.nomadix.com:1111;16724;1;0
Casaybelresort.com-0002-2014Redesign;en-US;www.google.com;1613;1;0
Thelodgeatwoodloch.com-0033-2015Redesign;en-US;www.google.com;7764;1;0
Edgewaternaples.com-0094-2016Redesign;en-US;www.google.com;25239;1;0
Longboatkeyclub.com-0104-2017Redesign;en-US;worldcam.eu;28317;1;0
Broadmoor.com-0073-2016Redesign;en-US;www.google.com;21231;1;0
Luxehotels.com-0078-2016Redesign;en-US;www.google.com;18805;1;0
Lidobeachresort.com-0106-2017Redesign;en-US;m.facebook.com;28667;1;0
Lidobeachresort.com-0106-2017Redesign;en-US;m.facebook.com;28667;1;0
Broadmoor.com-0073-2016Redesign;en-US;tpc.googlesyndication.com;16728;1;0
Lidobeachresort.com-0106-2017Redesign;en-US;www.facebook.com;28667;1;0
Lidobeachresort.com-0106-2017Redesign;en-US;www.facebook.com;28667;1;0
Lakeplacidlodge.com-0105-2017Redesign;en-US;www.google.com;28545;1;0
Casaybelresort.com-0002-2014Redesign;en-US;www.google.com;1613;1;0
Residenceinnnyc.com-0034-2015Redesign;en-US;android-app:;7926;1;0
Cphollywoodbeach.com-0032-2015Redesign;en-US;www.sunny.org;7831;1;0
saddlebrook.com-0011-2014Redesign;en-US;www.google.com;3463;1;0
Broadmoor.com-0073-2016Redesign;en-US;www.google.com;16721;1;0
Broadmoor.com-0073-2016Redesign;en-US;www.google.com;16721;1;0
Casaybelresort.com-0002-2014Redesign;en-US;www.google.com;1533;1;0
Miravalspamonarchbeach.com-0109-2017Redesign;en-US;www.monarchbeachresort.com;31709;1;0
Longboatkeyclub.com-0104-2017Redesign;en-US;worldcam.eu;28316;1;0
Cphollywoodbeach.com-0032-2015Redesign;en-US;www.google.ca;7831;1;0
saddlebrook.com-0011-2014Redesign;en-US;www.google.com;3385;1;0
Longboatkeyclub.com-0104-2017Redesign;en-US;r.search.yahoo.com;28316;1;0
Cphollywoodbeach.com-0032-2015Redesign;en-US;www.google.com;7831;1;0
Cphollywoodbeach.com-0032-2015Redesign;en-US;www.google.com;7831;1;0
wentworthcom00212014redesign;en-US;android-app:;4293;1;0
Broadmoor.com-0073-2016Redesign;en-US;www.google.com;16761;1;0
Cphollywoodbeach.com-0032-2015Redesign;en-US;www.sunny.org;7831;1;0
Washingtondukeinn.com-0024-2014Redesign;en-US;www.google.com;4524;1;0
Casaybelresort.com-0002-2014Redesign;en-US;www.google.com;1613;1;0
Lakeplacidlodge.com-0105-2017Redesign;en-US;www.google.com;28545;1;0
Lakeplacidlodge.com-0105-2017Redesign;en-US;www.google.com;28545;1;0
Lidobeachresort.com-0106-2017Redesign;en-US;m.facebook.com;28667;1;0
Cphollywoodbeach.com-0032-2015Redesign;en-US;www.sunny.org;7831;1;0
Longboatkeyclub.com-0104-2017Redesign;en-US;www.google.ca;28316;1;0
Broadmoor.com-0073-2016Redesign;en-US;www.google.com;16764;1;0
Saddlebrookprep.com-0022-2014Transfer;en-US;www.saddlebrook.com;3914;1;0
Broadmoor.com-0073-2016Redesign;en-US;www.visitcos.com;18259;1;0
Renaissancepittsburghpa.com-0044-2015Redesign;en-US;www.google.com;9637;1;0
Opalsands.com-0084-2016Redesign;en-US;www.beachtourism.com;20171;1;0
Cphollywoodbeach.com-0032-2015Redesign;en-US;www.google.com;7831;1;0
Longboatkeyclub.com-0104-2017Redesign;en-US;www.google.com;28364;1;0
Opalsands.com-0084-2016Redesign;en-US;www.beachtourism.com;20171;1;0
Cphollywoodbeach.com-0032-2015Redesign;en-US;www.google.com;7831;1;0
Broadmoor.com-0073-2016Redesign;en-US;www.google.com;18259;1;0
Cphollywoodbeach.com-0032-2015Redesign;en-US;www.sunny.org;7831;1;0
Casaybelresort.com-0002-2014Redesign;en-US;www.google.com;1613;1;0
Casaybelresort.com-0002-2014Redesign;en-US;www.google.com;1533;1;0
