Thelodgeatwoodloch.com-0033-2015Redesign;en-US;7764;7781;1;0
theweststreethotel.com-0115-2017Redesign;en-US;36693;37423;1;0
wentworthcom00212014redesign;en-US;40772;4300;1;0
Thecurtis.com-0079-2016Redesign;en-US;40237;18372;1;0
Broadmoor.com-0073-2016Redesign;en-US;16722;17447;1;0
Cocokeyorlando.com-0059-2015Redesign;en-US;12396;12404;1;0
Galthouse.com-0042-2015Redesign;en-US;31905;10055;1;0
theweststreethotel.com-0115-2017Redesign;en-US;36683;36719;1;0
Unionstationhotelnashville.com-0047-2015Redesign;en-US;24054;24058;1;0
Broadmoor.com-0073-2016Redesign;en-US;18013;16778;1;0
Abbingtonbanquets.com-0070-2016Redesign;en-US;15801;16652;1;0
Broadmoor.com-0073-2016Redesign;en-US;17445;16721;1;0
Chrco.com-0107-2017Redesign;en-US;0;31152;1;0
Renaissancepittsburghpa.com-0044-2015Redesign;en-US;9637;10040;1;0
Lakeplacidlodge.com-0105-2017Redesign;en-US;28545;32783;1;0
Broadmoor.com-0073-2016Redesign;en-US;16721;16798;1;0
Broadmoor.com-0073-2016Redesign;en-US;16778;18169;1;0
Oxfordclubspa.com-0068-2016Redesign;en-US;15568;38722;1;0
Denvercy.com-0036-2015Redesign;en-US;8150;8641;1;0
Thecurtis.com-0079-2016Redesign;en-US;0;17981;1;0
Broadmoor.com-0073-2016Redesign;en-US;16724;16799;1;0
Oxfordclubspa.com-0068-2016Redesign;en-US;38722;15568;1;0
Broadmoor.com-0073-2016Redesign;en-US;22720;17444;1;0
theweststreethotel.com-0115-2017Redesign;en-US;36719;37425;1;0
Broadmoor.com-0073-2016Redesign;en-US;16721;16761;1;0
Thecrawfordhotel.com-0074-2016Redesign;en-US;17145;17163;1;0
Oxfordclubspa.com-0068-2016Redesign;en-US;15568;15596;1;0
wentworthcom00212014redesign;en-US;4300;4276;1;0
Renaissancepittsburghpa.com-0044-2015Redesign;en-US;9691;9692;1;0
Oxfordclubspa.com-0068-2016Redesign;en-US;15596;15568;1;0
Broadmoor.com-0073-2016Redesign;en-US;21232;16721;1;0
Broadmoor.com-0073-2016Redesign;en-US;22720;17444;1;0
Oxfordclubspa.com-0068-2016Redesign;en-US;15568;15600;1;0
Sandpearl.com-0091-2016Redesign;en-US;22593;22537;1;0
Thelodgeatwoodloch.com-0033-2015Redesign;en-US;8370;8346;1;0
Thesagamore.com-0112-2017Redesign;en-US;32339;33471;1;0
Oxfordclubspa.com-0068-2016Redesign;en-US;15600;15568;1;0
Cocokeyorlando.com-0059-2015Redesign;en-US;12394;12402;1;0
Unionstationhotelnashville.com-0047-2015Redesign;en-US;24058;24054;1;0
theweststreethotel.com-0115-2017Redesign;en-US;37425;36719;1;0
saddlebrook.com-0011-2014Redesign;en-US;3478;3453;1;0
Napavalleymarriott.com-0071-2016Redesign;en-US;16432;18283;1;0
Cocokeyorlando.com-0059-2015Redesign;en-US;12394;12410;1;0
Thecurtis.com-0079-2016Redesign;en-US;19391;18015;1;0
Unionstationhotelnashville.com-0047-2015Redesign;en-US;24054;24058;1;0
Abbingtonbanquets.com-0070-2016Redesign;en-US;16652;15789;1;0
Broadmoor.com-0073-2016Redesign;en-US;17444;22720;1;0
Cocokeyorlando.com-0059-2015Redesign;en-US;0;12394;1;0
Napavalleymarriott.com-0071-2016Redesign;en-US;18283;16432;1;0
Galthouse.com-0042-2015Redesign;en-US;10055;31905;1;0
wentworthcom00212014redesign;en-US;4251;4277;1;0
Abbingtonbanquets.com-0070-2016Redesign;en-US;15789;15790;1;0
Thelodgeatwoodloch.com-0033-2015Redesign;en-US;9920;9801;1;0
Broadmoor.com-0073-2016Redesign;en-US;16721;16742;1;0
Thesagamore.com-0112-2017Redesign;en-US;32355;33443;1;0
saddlebrook.com-0011-2014Redesign;en-US;3453;3463;1;0
Broadmoor.com-0073-2016Redesign;en-US;16761;16766;1;0
Broadmoor.com-0073-2016Redesign;en-US;23734;16724;1;0
wentworthcom00212014redesign;en-US;4276;4414;1;0
Longboatkeyclub.com-0104-2017Redesign;en-US;28316;35641;1;0
Longboatkeyclub.com-0104-2017Redesign;en-US;28317;41579;1;0
Theloganhotel.com-0043-2015Redesign;en-US;18415;9124;1;0
Broadmoor.com-0073-2016Redesign;en-US;16778;16793;1;0
wentworthcom00212014redesign;en-US;4250;26679;1;0
saddlebrook.com-0011-2014Redesign;en-US;3385;3479;1;0
Opalsands.com-0084-2016Redesign;en-US;20920;20921;1;0
Monarchbeachresort.com-0092-2016Redesign;en-US;22725;22982;1;0
saddlebrook.com-0011-2014Redesign;en-US;3463;3499;1;0
saddlebrook.com-0011-2014Redesign;en-US;3515;4538;1;0
Thesagamore.com-0112-2017Redesign;en-US;33443;33446;1;0
Marriottdelraybeach.com-0009-2014Redesign;en-US;2834;2829;1;0
Broadmoor.com-0073-2016Redesign;en-US;17447;25523;1;0
Longboatkeyclub.com-0104-2017Redesign;en-US;28316;35641;1;0
Broadmoor.com-0073-2016Redesign;en-US;16721;16731;1;0
Monarchbeachresort.com-0092-2016Redesign;en-US;23249;22967;1;0
Casaybelresort.com-0002-2014Redesign;en-US;0;1613;1;0
Samosetresort.com-0113-2017Redesign;en-US;0;32541;1;0
Thelodgeatwoodloch.com-0033-2015Redesign;en-US;11307;8265;1;0
Cocokeyorlando.com-0059-2015Redesign;en-US;12404;12396;1;0
Edgewaternaples.com-0094-2016Redesign;en-US;0;25287;1;0
Thelodgeatwoodloch.com-0033-2015Redesign;en-US;8346;8324;1;0
Glencovemansion.com-0058-2015Redesign;en-US;13343;13329;1;0
Renaissancepittsburghpa.com-0044-2015Redesign;en-US;0;9637;1;0
Thecrawfordhotel.com-0074-2016Redesign;en-US;17145;17667;1;0
