Lidobeachresort.com-0106-2017Redesign;en-US;www.google.com;28666;1;0
Marriottkeylargo.com-0015-2014Redesign;en-US;www.floridakeyswebcams.tv;3948;1;0
Marriottkeylargo.com-0015-2014Redesign;en-US;www.floridakeyswebcams.tv;3964;1;0
Broadmoor.com-0073-2016Redesign;en-US;m.facebook.com;16790;1;0
Lidobeachresort.com-0106-2017Redesign;en-US;www.google.com;28666;1;0
Lidobeachresort.com-0106-2017Redesign;en-US;www.google.com;28666;1;0
Marriottkeylargo.com-0015-2014Redesign;en-US;www.google.com;3964;1;0
Broadmoor.com-0073-2016Redesign;en-US;www.google.com;16721;1;0
Broadmoor.com-0073-2016Redesign;en-US;www.travelchannel.com;16721;1;0
Broadmoor.com-0073-2016Redesign;en-US;www.travelchannel.com;16721;1;0
Luxehotels.com-0078-2016Redesign;en-US;www.bing.com;18833;1;0
Marriottkeylargo.com-0015-2014Redesign;en-US;www.google.com;3964;1;0
saddlebrook.com-0011-2014Redesign;en-US;www.google.com;3479;1;0
Chrco.com-0107-2017Redesign;en-US;www.google.com;29280;1;0
Thecrawfordhotel.com-0074-2016Redesign;en-US;www.google.com;17667;1;0
Lakeplacidlodge.com-0105-2017Redesign;en-US;www.google.com;32795;1;0
Theharborsidehotel.com-0114-2017Redesign;en-US;android-app:;37571;1;0
Samosetresort.com-0113-2017Redesign;en-US;www.google.com;32541;1;0
Samosetresort.com-0113-2017Redesign;en-US;www.google.com;32541;1;0
Broadmoor.com-0073-2016Redesign;en-US;tpc.googlesyndication.com;16728;1;0
saddlebrook.com-0011-2014Redesign;en-US;www.google.com;4538;1;0
Broadmoor.com-0073-2016Redesign;en-US;login.nomadix.com:1111;16724;1;0
Secretharbourvi.com-0040-2015Redesign;en-US;www.google.com;9231;1;0
Broadmoor.com-0073-2016Redesign;en-US;login.nomadix.com:1111;16724;1;0
Theoxfordhotel.com-0062-2015Redesign;en-US;www.google.com;14331;1;0
Broadmoor.com-0073-2016Redesign;en-US;tpc.googlesyndication.com;16728;1;0
Treasureislandbeachresort.com-0089-2016Redesign;en-US;s0.2mdn.net;22169;1;0
Jupiterbeachresort.com-0103-2017Redesign;en-US;www.google.com;28158;1;0
Samosetresort.com-0113-2017Redesign;en-US;www.google.com;35227;1;0
Thelodgeatwoodloch.com-0033-2015Redesign;en-US;www.google.com;7764;1;0
Broadmoor.com-0073-2016Redesign;en-US;www.google.com;16721;1;0
Jupiterbeachresort.com-0103-2017Redesign;en-US;connectivitycheck.gstatic.com;28158;1;0
Jupiterbeachresort.com-0103-2017Redesign;en-US;connectivitycheck.gstatic.com;28158;1;0
