Galthouse.com-0042-2015Redesign;en-US;www.kentuckytourism.com;31905;1;0
Montaukyachtclub.com-0010-2014Redesign;en-US;www.bing.com;2240;1;0
Sandpearl.com-0091-2016Redesign;en-US;www.google.com;22481;1;0
Sandpearl.com-0091-2016Redesign;en-US;www.google.com;22481;1;0
Galthouse.com-0042-2015Redesign;en-US;android-app:;10570;1;0
Sandylane.com-0075-2016Redesign;en-US;www.google.com;17611;1;0
Glencovemansion.com-0058-2015Redesign;en-US;www.google.com;13330;1;0
Theoxfordhotel.com-0062-2015Redesign;en-US;www.google.com;14325;1;0
Sandylane.com-0075-2016Redesign;en-US;www.google.com;17611;1;0
Cphollywoodbeach.com-0032-2015Redesign;en-US;www.beachcamsusa.com;7831;1;0
Unionstationhotelnashville.com-0047-2015Redesign;en-US;www.google.com;32226;1;0
Halcyonhotelcherrycreek.com-0061-2015Redesign;en-US;www.google.ca;22121;1;0
Treasureislandbeachresort.com-0089-2016Redesign;en-US;www.google.com;22169;1;0
Treasureislandbeachresort.com-0089-2016Redesign;en-US;www.google.com;22169;1;0
Glencovemansion.com-0058-2015Redesign;en-US;www.google.com;13328;1;0
Sandpearl.com-0091-2016Redesign;en-US;www-brides-com.cdn.ampproject.org;22481;1;0
Meateatery.com-0080-2016Redesign;en-US;www.google.com;18505;1;0
Sandpearl.com-0091-2016Redesign;en-US;www-brides-com.cdn.ampproject.org;22481;1;0
Cphollywoodbeach.com-0032-2015Redesign;en-US;www.google.com;7805;1;0
Opalsands.com-0084-2016Redesign;en-US;www.google.com;20171;1;0
saddlebrook.com-0011-2014Redesign;en-US;www.google.com;4538;1;0
Cocokeyorlando.com-0059-2015Redesign;en-US;www.google.co.uk;12394;1;0
Cocokeyorlando.com-0059-2015Redesign;en-US;www.google.com;12394;1;0
Cocokeyorlando.com-0059-2015Redesign;en-US;www.google.com;12394;1;0
Broadmoor.com-0073-2016Redesign;en-US;login.nomadix.com:1111;16724;1;0
Broadmoor.com-0073-2016Redesign;en-US;login.nomadix.com:1111;16724;1;0
Cphollywoodbeach.com-0032-2015Redesign;en-US;www.sunny.org;7831;1;0
Broadmoor.com-0073-2016Redesign;en-US;android-app:;16721;1;0
Monarchbeachresort.com-0092-2016Redesign;en-US;www.google.com;22725;1;0
Broadmoor.com-0073-2016Redesign;en-US;android-app:;16721;1;0
Monarchbeachresort.com-0092-2016Redesign;en-US;www.google.com;22725;1;0
Broadmoor.com-0073-2016Redesign;en-US;www.bing.com;16721;1;0
Cocokeyorlando.com-0059-2015Redesign;en-US;www.google.co.uk;12394;1;0
Samosetresort.com-0113-2017Redesign;en-US;www.google.com;32541;1;0
Samosetresort.com-0113-2017Redesign;en-US;www.google.com;32541;1;0
Galthouse.com-0042-2015Redesign;en-US;android-app:;10570;1;0
Treasureislandbeachresort.com-0089-2016Redesign;en-US;www.google.com;22169;1;0
Treasureislandbeachresort.com-0089-2016Redesign;en-US;www.google.com;22169;1;0
Washingtoncourthotel.com-0076-2016Redesign;en-US;xn----7sbabm1ahc4b2aqff.su;17858;1;0
Galthouse.com-0042-2015Redesign;en-US;www.google.com;12887;1;0
Broadmoor.com-0073-2016Redesign;en-US;www.google.com;21232;1;0
Broadmoor.com-0073-2016Redesign;en-US;tpc.googlesyndication.com;16728;1;0
Broadmoor.com-0073-2016Redesign;en-US;www.google.com;16790;1;0
Washingtoncourthotel.com-0076-2016Redesign;en-US;www.google.com;17858;1;0
Chrco.com-0107-2017Redesign;en-US;www.bing.com;29280;1;0
Broadmoor.com-0073-2016Redesign;en-US;www.google.com;21232;1;0
Broadmoor.com-0073-2016Redesign;en-US;login.nomadix.com:1111;16724;1;0
Broadmoor.com-0073-2016Redesign;en-US;login.nomadix.com:1111;16724;1;0
Residenceinnnyc.com-0034-2015Redesign;en-US;www.google.com;7926;1;0
Broadmoor.com-0073-2016Redesign;en-US;tpc.googlesyndication.com;16728;1;0
