Thecurtis.com-0079-2016Redesign;en-US;0;17981;1;0
Thecurtis.com-0079-2016Redesign;en-US;0;41639;1;0
Broadmoor.com-0073-2016Redesign;en-US;16721;18782;1;0
Broadmoor.com-0073-2016Redesign;en-US;16755;16756;1;0
Monarchbeachresort.com-0092-2016Redesign;en-US;0;22847;1;0
Jupiterbeachresort.com-0103-2017Redesign;en-US;28165;28206;1;0
Sandylane.com-0075-2016Redesign;en-US;17611;17644;1;0
Broadmoor.com-0073-2016Redesign;en-US;16721;20436;1;0
Casaybelresort.com-0002-2014Redesign;en-US;0;1533;1;0
Opalsands.com-0084-2016Redesign;en-US;20171;20882;1;0
Broadmoor.com-0073-2016Redesign;en-US;23547;23558;1;0
Thesagamore.com-0112-2017Redesign;en-US;0;33568;1;0
Broadmoor.com-0073-2016Redesign;en-US;16721;16761;1;0
Broadmoor.com-0073-2016Redesign;en-US;21866;16722;1;0
Broadmoor.com-0073-2016Redesign;en-US;18782;18259;1;0
Longboatkeyclub.com-0104-2017Redesign;en-US;28316;28317;1;0
Casaybelresort.com-0002-2014Redesign;en-US;1533;1613;1;0
Samosetresort.com-0113-2017Redesign;en-US;0;32541;1;0
Broadmoor.com-0073-2016Redesign;en-US;16721;16755;1;0
Broadmoor.com-0073-2016Redesign;en-US;20436;16759;1;0
Cocokeyorlando.com-0059-2015Redesign;en-US;0;12394;1;0
Monarchbeachresort.com-0092-2016Redesign;en-US;22973;22877;1;0
Thecurtis.com-0079-2016Redesign;en-US;0;19391;1;0
Broadmoor.com-0073-2016Redesign;en-US;16764;16721;1;0
Broadmoor.com-0073-2016Redesign;en-US;16761;16776;1;0
Casaybelresort.com-0002-2014Redesign;en-US;1533;1613;1;0
Broadmoor.com-0073-2016Redesign;en-US;16769;16767;1;0
Sandpearl.com-0091-2016Redesign;en-US;22481;22497;1;0
Thecurtis.com-0079-2016Redesign;en-US;0;18374;1;0
Theoxfordhotel.com-0062-2015Redesign;en-US;14325;14430;1;0
Casaybelresort.com-0002-2014Redesign;en-US;0;1613;1;0
Renaissancepittsburghpa.com-0044-2015Redesign;en-US;0;9637;1;0
Thesagamore.com-0112-2017Redesign;en-US;33567;32387;1;0
Broadmoor.com-0073-2016Redesign;en-US;18010;17269;1;0
Theoxfordhotel.com-0062-2015Redesign;en-US;14430;14325;1;0
Broadmoor.com-0073-2016Redesign;en-US;16721;16765;1;0
Kittitianhill.com-0012-2014Redesign;en-US;2345;2301;1;0
Broadmoor.com-0073-2016Redesign;en-US;16722;17444;1;0
Thecurtis.com-0079-2016Redesign;en-US;0;18828;1;0
Miravalspamonarchbeach.com-0109-2017Redesign;en-US;31770;31709;1;0
saddlebrook.com-0011-2014Redesign;en-US;3385;4534;1;0
Samosetresort.com-0113-2017Redesign;en-US;32541;35129;1;0
Thelodgeatwoodloch.com-0033-2015Redesign;en-US;7764;7771;1;0
Theoxfordhotel.com-0062-2015Redesign;en-US;0;14325;1;0
Thecurtis.com-0079-2016Redesign;en-US;0;17981;1;0
Thesagamore.com-0112-2017Redesign;en-US;33444;32351;1;0
Broadmoor.com-0073-2016Redesign;en-US;16759;20440;1;0
Theoxfordhotel.com-0062-2015Redesign;en-US;14355;14354;1;0
Broadmoor.com-0073-2016Redesign;en-US;18259;21231;1;0
Thesagamore.com-0112-2017Redesign;en-US;32387;33577;1;0
Theloganhotel.com-0043-2015Redesign;en-US;20218;9124;1;0
Broadmoor.com-0073-2016Redesign;en-US;17269;17342;1;0
Casaybelresort.com-0002-2014Redesign;en-US;1613;1603;1;0
Thecurtis.com-0079-2016Redesign;en-US;0;18794;1;0
Broadmoor.com-0073-2016Redesign;en-US;17444;22158;1;0
Thecurtis.com-0079-2016Redesign;en-US;0;18795;1;0
Thesagamore.com-0112-2017Redesign;en-US;32339;32349;1;0
Lakeplacidlodge.com-0105-2017Redesign;en-US;32807;32804;1;0
Broadmoor.com-0073-2016Redesign;en-US;0;16793;1;0
Broadmoor.com-0073-2016Redesign;en-US;16721;16764;1;0
Broadmoor.com-0073-2016Redesign;en-US;18259;21230;1;0
Thecurtis.com-0079-2016Redesign;en-US;0;19405;1;0
Thesagamore.com-0112-2017Redesign;en-US;33577;32387;1;0
Broadmoor.com-0073-2016Redesign;en-US;18259;17026;1;0
Residenceinnnyc.com-0034-2015Redesign;en-US;8014;41457;1;0
Thecurtis.com-0079-2016Redesign;en-US;0;18381;1;0
Broadmoor.com-0073-2016Redesign;en-US;18259;16760;1;0
Thesagamore.com-0112-2017Redesign;en-US;32387;32346;1;0
