Thecurtis.com-0079-2016Redesign;en-US;17981;19405;1;0
Cocokeyorlando.com-0059-2015Redesign;en-US;0;12394;1;0
Luxehotels.com-0078-2016Redesign;en-US;20220;19329;1;0
Thecurtis.com-0079-2016Redesign;en-US;19405;17981;1;0
Samosetresort.com-0113-2017Redesign;en-US;0;32541;1;0
Lakeplacidlodge.com-0105-2017Redesign;en-US;28552;28593;1;0
Galthouse.com-0042-2015Redesign;en-US;10570;10577;1;0
Luxehotels.com-0078-2016Redesign;en-US;18833;19325;1;0
Sandpearl.com-0091-2016Redesign;en-US;0;22481;1;0
Thecurtis.com-0079-2016Redesign;en-US;0;17981;1;0
Thesagamore.com-0112-2017Redesign;en-US;33467;33466;1;0
Theoxfordhotel.com-0062-2015Redesign;en-US;0;14325;1;0
Thelodgeatwoodloch.com-0033-2015Redesign;en-US;8253;9801;1;0
Theloganhotel.com-0043-2015Redesign;en-US;20218;9124;1;0
Cocokeyorlando.com-0059-2015Redesign;en-US;0;12394;1;0
Broadmoor.com-0073-2016Redesign;en-US;16721;16765;1;0
Broadmoor.com-0073-2016Redesign;en-US;16721;16761;1;0
Secretharbourvi.com-0040-2015Redesign;en-US;9231;9460;1;0
Thelodgeatwoodloch.com-0033-2015Redesign;en-US;0;7764;1;0
Galthouse.com-0042-2015Redesign;en-US;10562;10558;1;0
Broadmoor.com-0073-2016Redesign;en-US;21232;16721;1;0
saddlebrook.com-0011-2014Redesign;en-US;4570;4566;1;0
Cocokeyorlando.com-0059-2015Redesign;en-US;0;12394;1;0
Luxehotels.com-0078-2016Redesign;en-US;19325;19324;1;0
Thecurtis.com-0079-2016Redesign;en-US;17981;19407;1;0
Jupiterbeachresort.com-0103-2017Redesign;en-US;28158;28214;1;0
Casaybelresort.com-0002-2014Redesign;en-US;1533;1736;1;0
Luxehotels.com-0078-2016Redesign;en-US;19329;19322;1;0
Thecurtis.com-0079-2016Redesign;en-US;19407;17981;1;0
Thelodgeatwoodloch.com-0033-2015Redesign;en-US;9801;9922;1;0
Broadmoor.com-0073-2016Redesign;en-US;16761;16764;1;0
Lidobeachresort.com-0106-2017Redesign;en-US;28715;29981;1;0
Chrco.com-0107-2017Redesign;en-US;0;31152;1;0
Thecurtis.com-0079-2016Redesign;en-US;17981;19409;1;0
Oxfordclubspa.com-0068-2016Redesign;en-US;0;15568;1;0
Lakeplacidlodge.com-0105-2017Redesign;en-US;28545;32804;1;0
saddlebrook.com-0011-2014Redesign;en-US;3453;3458;1;0
Thecurtis.com-0079-2016Redesign;en-US;19409;17981;1;0
Casaybelresort.com-0002-2014Redesign;en-US;1736;1739;1;0
wentworthcom00212014redesign;en-US;31722;4311;1;0
Broadmoor.com-0073-2016Redesign;en-US;18208;20418;1;0
Treasureislandbeachresort.com-0089-2016Redesign;en-US;22852;22201;1;0
Monarchbeachresort.com-0092-2016Redesign;en-US;22725;26800;1;0
Broadmoor.com-0073-2016Redesign;en-US;16764;16721;1;0
Thelodgeatwoodloch.com-0033-2015Redesign;en-US;7764;8253;1;0
wentworthcom00212014redesign;en-US;26679;4306;1;0
Thesagamore.com-0112-2017Redesign;en-US;32339;33450;1;0
Thesagamore.com-0112-2017Redesign;en-US;33466;33921;1;0
Galthouse.com-0042-2015Redesign;en-US;0;25671;1;0
Broadmoor.com-0073-2016Redesign;en-US;16756;16722;1;0
Luxehotels.com-0078-2016Redesign;en-US;19322;19323;1;0
Luxehotels.com-0078-2016Redesign;en-US;19324;19340;1;0
Cocokeyorlando.com-0059-2015Redesign;en-US;12394;12488;1;0
Thelodgeatwoodloch.com-0033-2015Redesign;en-US;9922;9801;1;0
saddlebrook.com-0011-2014Redesign;en-US;3385;3453;1;0
Jupiterbeachresort.com-0103-2017Redesign;en-US;28214;29245;1;0
saddlebrook.com-0011-2014Redesign;en-US;3385;4565;1;0
