Opalsands.com-0084-2016Redesign;en-US;www.beachtourism.com;20171;1;0
Oxfordclubspa.com-0068-2016Redesign;en-US;www.theoxfordhotel.com;15568;1;0
Oxfordclubspa.com-0068-2016Redesign;en-US;www.theoxfordhotel.com;15568;1;0
Theloganhotel.com-0043-2015Redesign;en-US;www.google.com;40198;1;0
Jupiterbeachresort.com-0103-2017Redesign;en-US;r.search.yahoo.com;28158;1;0
Broadmoor.com-0073-2016Redesign;en-US;www.google.com;20439;1;0
Monarchbeachresort.com-0092-2016Redesign;en-US;www.google.com;22785;1;0
saddlebrook.com-0011-2014Redesign;en-US;m.facebook.com;3385;1;0
Cphollywoodbeach.com-0032-2015Redesign;en-US;www.sunny.org;7831;1;0
Cphollywoodbeach.com-0032-2015Redesign;en-US;www.google.ca;7831;1;0
Sandylane.com-0075-2016Redesign;en-US;www.google.com;17611;1;0
Longboatkeyclub.com-0104-2017Redesign;en-US;www.google.com;28317;1;0
Broadmoor.com-0073-2016Redesign;en-US;www.google.com;21866;1;0
Chrco.com-0107-2017Redesign;en-US;www.chrco.ca;29280;1;0
Secretharbourvi.com-0040-2015Redesign;en-US;www.google.de;9231;1;0
Delraysandsresort.com-0097-2016Redesign;en-US;www.google.com;27232;1;0
Broadmoor.com-0073-2016Redesign;en-US;www.google.com;16721;1;0
Delraysandsresort.com-0097-2016Redesign;en-US;www.google.com;27232;1;0
Cocokeyorlando.com-0059-2015Redesign;en-US;www.google.co.uk;12394;1;0
Broadmoor.com-0073-2016Redesign;en-US;login.nomadix.com:1111;16724;1;0
Broadmoor.com-0073-2016Redesign;en-US;www.google.com;16721;1;0
Broadmoor.com-0073-2016Redesign;en-US;login.nomadix.com:1111;16724;1;0
Sandylane.com-0075-2016Redesign;en-US;www.google.co.uk;17611;1;0
Broadmoor.com-0073-2016Redesign;en-US;www.costourguide.com;18259;1;0
Broadmoor.com-0073-2016Redesign;en-US;www.costourguide.com;18259;1;0
Broadmoor.com-0073-2016Redesign;en-US;www.costourguide.com;18259;1;0
Opalsands.com-0084-2016Redesign;en-US;www.beachtourism.com;20171;1;0
Thecurtis.com-0079-2016Redesign;en-US;www.google.com;17981;1;0
Washingtoncourthotel.com-0076-2016Redesign;en-US;www.google.com;17858;1;0
Napavalleymarriott.com-0071-2016Redesign;en-US;www.google.com;16432;1;0
Samosetresort.com-0113-2017Redesign;en-US;www.google.com;32541;1;0
Lidobeachresort.com-0106-2017Redesign;en-US;www.google.com;28666;1;0
Lidobeachresort.com-0106-2017Redesign;en-US;www.google.com;28666;1;0
Lidobeachresort.com-0106-2017Redesign;en-US;www.google.com;28678;1;0
Lakeplacidlodge.com-0105-2017Redesign;en-US;www.google.com;32799;1;0
Delraysandsresort.com-0097-2016Redesign;en-US;www.google.com;27232;1;0
Marriottkeylargo.com-0015-2014Redesign;en-US;www.fla-keys.com;3948;1;0
Marriottkeylargo.com-0015-2014Redesign;en-US;www.fla-keys.com;3964;1;0
Sandpearl.com-0091-2016Redesign;en-US;www.google.de;22481;1;0
saddlebrook.com-0011-2014Redesign;en-US;m.facebook.com;3385;1;0
Broadmoor.com-0073-2016Redesign;en-US;www.colorado.com;18259;1;0
wentworthcom00212014redesign;en-US;www.visitnewengland.com;26679;1;0
Longboatkeyclub.com-0104-2017Redesign;en-US;www.google.com;28316;1;0
Theharborsidehotel.com-0114-2017Redesign;en-US;www.google.com;37571;1;0
Opalsands.com-0084-2016Redesign;en-US;search.yahoo.com;20171;1;0
Theharborsidehotel.com-0114-2017Redesign;en-US;www.google.com;37571;1;0
Broadmoor.com-0073-2016Redesign;en-US;www.bing.com;16721;1;0
Chrco.com-0107-2017Redesign;en-US;www.google.com;29280;1;0
Broadmoor.com-0073-2016Redesign;en-US;login.nomadix.com:1111;16724;1;0
Broadmoor.com-0073-2016Redesign;en-US;www.google.com;16721;1;0
Broadmoor.com-0073-2016Redesign;en-US;www.google.com;20439;1;0
Casaybelresort.com-0002-2014Redesign;en-US;www.google.com;1533;1;0
Thelodgeatwoodloch.com-0033-2015Redesign;en-US;www.google.com;7764;1;0
Thecrawfordhotel.com-0074-2016Redesign;en-US;cooperlounge.com;17181;1;0
Glencovemansion.com-0058-2015Redesign;en-US;www.google.com;13328;1;0
Broadmoor.com-0073-2016Redesign;en-US;login.nomadix.com:1111;16724;1;0
Broadmoor.com-0073-2016Redesign;en-US;www.google.com;16731;1;0
Treasureislandbeachresort.com-0089-2016Redesign;en-US;www.google.com;22169;1;0
Broadmoor.com-0073-2016Redesign;en-US;m.mail.naver.com;16721;1;0
Glencovemansion.com-0058-2015Redesign;en-US;www.google.com;13328;1;0
Broadmoor.com-0073-2016Redesign;en-US;www.google.com;16721;1;0
Hospitalityupgrade.com-0093-2016Redesign;en-US;www.google.co.in;37631;1;0
Broadmoor.com-0073-2016Redesign;en-US;www.google.com;16721;1;0
Broadmoor.com-0073-2016Redesign;en-US;www.colorado.com;16721;1;0
Broadmoor.com-0073-2016Redesign;en-US;www.colorado.com;16721;1;0
Cphollywoodbeach.com-0032-2015Redesign;en-US;www.google.com;7831;1;0
wentworthcom00212014redesign;en-US;www.ophotels.com;26679;1;0
wentworthcom00212014redesign;en-US;www.ophotels.com;4259;1;0
Cphollywoodbeach.com-0032-2015Redesign;en-US;www.sunny.org;7831;1;0
Marriottkeylargo.com-0015-2014Redesign;en-US;www.ophotels.com;3948;1;0
Marriottkeylargo.com-0015-2014Redesign;en-US;www.ophotels.com;3964;1;0
Jupiterbeachresort.com-0103-2017Redesign;en-US;www.ophotels.com;28158;1;0
Thesagamore.com-0112-2017Redesign;en-US;www.ophotels.com;32339;1;0
Longboatkeyclub.com-0104-2017Redesign;en-US;www.ophotels.com;35641;1;0
Thesagamore.com-0112-2017Redesign;en-US;www.google.com;32339;1;0
Marriottdelraybeach.com-0009-2014Redesign;en-US;www.ophotels.com;2829;1;0
Samosetresort.com-0113-2017Redesign;en-US;www.ophotels.com;32541;1;0
theweststreethotel.com-0115-2017Redesign;en-US;www.ophotels.com;36683;1;0
Theharborsidehotel.com-0114-2017Redesign;en-US;www.ophotels.com;37571;1;0
Marriottdelraybeach.com-0009-2014Redesign;en-US;www.ophotels.com;2845;1;0
Samosetresort.com-0113-2017Redesign;en-US;www.ophotels.com;32541;1;0
Lidobeachresort.com-0106-2017Redesign;en-US;www.ophotels.com;28666;1;0
Lakeplacidlodge.com-0105-2017Redesign;en-US;www.ophotels.com;28545;1;0
Delraysandsresort.com-0097-2016Redesign;en-US;www.ophotels.com;27232;1;0
Halcyonhotelcherrycreek.com-0061-2015Redesign;en-US;www.google.com;22121;1;0
Lakeplacidlodge.com-0105-2017Redesign;en-US;www.thesagamore.com;28545;1;0
Renaissancepittsburghpa.com-0044-2015Redesign;en-US;www.google.com;9637;1;0
