Thelodgeatwoodloch.com-0033-2015Redesign;en-US;search.yahoo.com;7764;1;0
Casaybelresort.com-0002-2014Redesign;en-US;www.google.no;1533;1;0
Luxehotels.com-0078-2016Redesign;en-US;www.google.com;18833;1;0
Monarchbeachresort.com-0092-2016Redesign;en-US;www.bing.com;22725;1;0
Broadmoor.com-0073-2016Redesign;en-US;tpc.googlesyndication.com;16728;1;0
Galthouse.com-0042-2015Redesign;en-US;www.google.com;10924;1;0
Broadmoor.com-0073-2016Redesign;en-US;www.google.com;16721;1;0
Broadmoor.com-0073-2016Redesign;en-US;www.google.com;16721;1;0
Sandpearl.com-0091-2016Redesign;en-US;www.google.com;22481;1;0
Thelodgeatwoodloch.com-0033-2015Redesign;en-US;www.google.com;7764;1;0
Broadmoor.com-0073-2016Redesign;en-US;www.google.com;18014;1;0
Broadmoor.com-0073-2016Redesign;en-US;login.nomadix.com:1111;16724;1;0
Marriottkeylargo.com-0015-2014Redesign;en-US;cleaningservices.kiev.ua;3948;1;0
Broadmoor.com-0073-2016Redesign;en-US;login.nomadix.com:1111;16724;1;0
Casaybelresort.com-0002-2014Redesign;en-US;www.google.com;1613;1;0
theweststreethotel.com-0115-2017Redesign;en-US;www.barharborinfo.com;36683;1;0
wentworthcom00212014redesign;en-US;www.visit-newhampshire.com;26679;1;0
Unionstationhotelnashville.com-0047-2015Redesign;en-US;www.google.com;32226;1;0
Casaybelresort.com-0002-2014Redesign;en-US;www.google.com;1613;1;0
Thecrawfordhotel.com-0074-2016Redesign;en-US;r.search.yahoo.com;17145;1;0
Thelodgeatwoodloch.com-0033-2015Redesign;en-US;www.google.com;7764;1;0
Cocokeyorlando.com-0059-2015Redesign;en-US;www.google.co.uk;12488;1;0
Galthouse.com-0042-2015Redesign;en-US;www.google.com;31905;1;0
Cphollywoodbeach.com-0032-2015Redesign;en-US;www.google.com;7831;1;0
Miravalspamonarchbeach.com-0109-2017Redesign;en-US;www.monarchbeachresort.com;34268;1;0
Thecurtis.com-0079-2016Redesign;en-US;www.google.com;17981;1;0
Cphollywoodbeach.com-0032-2015Redesign;en-US;www.sunny.org;7831;1;0
Cphollywoodbeach.com-0032-2015Redesign;en-US;www.sunny.org;7831;1;0
Laxembassy.com-0008-2014Redesign;en-US;grostm.ru;2037;1;0
Sandylane.com-0075-2016Redesign;en-US;www.google.bs;17683;1;0
Renaissancepittsburghpa.com-0044-2015Redesign;en-US;www.google.com;9693;1;0
Longboatkeyclub.com-0104-2017Redesign;en-US;www.google.co.uk;28316;1;0
