Longboatkeyclub.com-0104-2017Redesign;en-US;www.google.com;28317;1;0
Thesagamore.com-0112-2017Redesign;en-US;www.google.com;33473;1;0
Galthouse.com-0042-2015Redesign;en-US;www.google.com;31905;1;0
Cendyn.com-0095-2016Redesign;en-US;www.bing.com;26640;1;0
Cphollywoodbeach.com-0032-2015Redesign;en-US;www.sunny.org;7831;1;0
Lidobeachresort.com-0106-2017Redesign;en-US;www.google.com;28667;1;0
Glencovemansion.com-0058-2015Redesign;en-US;www.google.com;13357;1;0
Chrco.com-0107-2017Redesign;en-US;chp.tbe.taleo.net;29280;1;0
Chrco.com-0107-2017Redesign;en-US;chp.tbe.taleo.net;29280;1;0
Chrco.com-0107-2017Redesign;en-US;chp.tbe.taleo.net;29280;1;0
Chrco.com-0107-2017Redesign;en-US;chp.tbe.taleo.net;29280;1;0
Chrco.com-0107-2017Redesign;en-US;chp.tbe.taleo.net;29280;1;0
Chrco.com-0107-2017Redesign;en-US;chp.tbe.taleo.net;29280;1;0
Chrco.com-0107-2017Redesign;en-US;chp.tbe.taleo.net;29280;1;0
Chrco.com-0107-2017Redesign;en-US;chp.tbe.taleo.net;29280;1;0
Chrco.com-0107-2017Redesign;en-US;chp.tbe.taleo.net;29280;1;0
Chrco.com-0107-2017Redesign;en-US;chp.tbe.taleo.net;29280;1;0
Chrco.com-0107-2017Redesign;en-US;chp.tbe.taleo.net;29280;1;0
Chrco.com-0107-2017Redesign;en-US;chp.tbe.taleo.net;29280;1;0
Chrco.com-0107-2017Redesign;en-US;chp.tbe.taleo.net;29280;1;0
Chrco.com-0107-2017Redesign;en-US;chp.tbe.taleo.net;29280;1;0
Chrco.com-0107-2017Redesign;en-US;chp.tbe.taleo.net;29280;1;0
Chrco.com-0107-2017Redesign;en-US;chp.tbe.taleo.net;29280;1;0
Chrco.com-0107-2017Redesign;en-US;chp.tbe.taleo.net;29280;1;0
Chrco.com-0107-2017Redesign;en-US;chp.tbe.taleo.net;29280;1;0
Chrco.com-0107-2017Redesign;en-US;chp.tbe.taleo.net;29280;1;0
Chrco.com-0107-2017Redesign;en-US;chp.tbe.taleo.net;29280;1;0
Chrco.com-0107-2017Redesign;en-US;chp.tbe.taleo.net;29280;1;0
Chrco.com-0107-2017Redesign;en-US;chp.tbe.taleo.net;29280;1;0
Chrco.com-0107-2017Redesign;en-US;chp.tbe.taleo.net;29280;1;0
Chrco.com-0107-2017Redesign;en-US;chp.tbe.taleo.net;29280;1;0
Chrco.com-0107-2017Redesign;en-US;chp.tbe.taleo.net;29280;1;0
Chrco.com-0107-2017Redesign;en-US;chp.tbe.taleo.net;29280;1;0
Glencovemansion.com-0058-2015Redesign;en-US;www.google.com;13357;1;0
Thesagamore.com-0112-2017Redesign;en-US;www.google.com;33470;1;0
Chrco.com-0107-2017Redesign;en-US;chp.tbe.taleo.net;29280;1;0
Chrco.com-0107-2017Redesign;en-US;chp.tbe.taleo.net;29280;1;0
Chrco.com-0107-2017Redesign;en-US;chp.tbe.taleo.net;29280;1;0
Chrco.com-0107-2017Redesign;en-US;chp.tbe.taleo.net;29280;1;0
Thesagamore.com-0112-2017Redesign;en-US;www.google.com;32339;1;0
Chrco.com-0107-2017Redesign;en-US;chp.tbe.taleo.net;29280;1;0
Thesagamore.com-0112-2017Redesign;en-US;www.google.com;32339;1;0
Zotabeachresort.com-0090-2016Redesign;en-US;www.google.com;22357;1;0
Chrco.com-0107-2017Redesign;en-US;chp.tbe.taleo.net;29280;1;0
Chrco.com-0107-2017Redesign;en-US;chp.tbe.taleo.net;29280;1;0
Chrco.com-0107-2017Redesign;en-US;chp.tbe.taleo.net;29280;1;0
Zotabeachresort.com-0090-2016Redesign;en-US;www.google.com;22357;1;0
Thesagamore.com-0112-2017Redesign;en-US;www.google.com;32339;1;0
Chrco.com-0107-2017Redesign;en-US;chp.tbe.taleo.net;29280;1;0
Thesagamore.com-0112-2017Redesign;en-US;www.google.com;32339;1;0
Chrco.com-0107-2017Redesign;en-US;chp.tbe.taleo.net;29280;1;0
Chrco.com-0107-2017Redesign;en-US;chp.tbe.taleo.net;29280;1;0
Oxfordclubspa.com-0068-2016Redesign;en-US;www.google.com;15600;1;0
Chrco.com-0107-2017Redesign;en-US;chp.tbe.taleo.net;29280;1;0
Longboatkeyclub.com-0104-2017Redesign;en-US;www.google.com;28316;1;0
Longboatkeyclub.com-0104-2017Redesign;en-US;www.google.com;28317;1;0
Lidobeachresort.com-0106-2017Redesign;en-US;www.google.com;28667;1;0
Chrco.com-0107-2017Redesign;en-US;chp.tbe.taleo.net;29280;1;0
Chrco.com-0107-2017Redesign;en-US;chp.tbe.taleo.net;29280;1;0
Chrco.com-0107-2017Redesign;en-US;chp.tbe.taleo.net;29280;1;0
Chrco.com-0107-2017Redesign;en-US;chp.tbe.taleo.net;29280;1;0
Chrco.com-0107-2017Redesign;en-US;chp.tbe.taleo.net;29280;1;0
Chrco.com-0107-2017Redesign;en-US;chp.tbe.taleo.net;29280;1;0
Chrco.com-0107-2017Redesign;en-US;chp.tbe.taleo.net;29280;1;0
Chrco.com-0107-2017Redesign;en-US;chp.tbe.taleo.net;29280;1;0
Chrco.com-0107-2017Redesign;en-US;chp.tbe.taleo.net;29280;1;0
Lidobeachresort.com-0106-2017Redesign;en-US;m.facebook.com;28667;1;0
Chrco.com-0107-2017Redesign;en-US;chp.tbe.taleo.net;29280;1;0
Chrco.com-0107-2017Redesign;en-US;chp.tbe.taleo.net;29280;1;0
Lidobeachresort.com-0106-2017Redesign;en-US;m.facebook.com;28667;1;0
Chrco.com-0107-2017Redesign;en-US;chp.tbe.taleo.net;29280;1;0
Chrco.com-0107-2017Redesign;en-US;chp.tbe.taleo.net;29280;1;0
Chrco.com-0107-2017Redesign;en-US;chp.tbe.taleo.net;29280;1;0
Chrco.com-0107-2017Redesign;en-US;chp.tbe.taleo.net;29280;1;0
Chrco.com-0107-2017Redesign;en-US;chp.tbe.taleo.net;29280;1;0
Chrco.com-0107-2017Redesign;en-US;chp.tbe.taleo.net;29280;1;0
Chrco.com-0107-2017Redesign;en-US;chp.tbe.taleo.net;29280;1;0
Chrco.com-0107-2017Redesign;en-US;chp.tbe.taleo.net;29280;1;0
Chrco.com-0107-2017Redesign;en-US;chp.tbe.taleo.net;29280;1;0
Chrco.com-0107-2017Redesign;en-US;chp.tbe.taleo.net;29280;1;0
Chrco.com-0107-2017Redesign;en-US;chp.tbe.taleo.net;29280;1;0
Chrco.com-0107-2017Redesign;en-US;chp.tbe.taleo.net;29280;1;0
Chrco.com-0107-2017Redesign;en-US;chp.tbe.taleo.net;29280;1;0
Longboatkeyclub.com-0104-2017Redesign;en-US;worldcam.eu;28317;1;0
Chrco.com-0107-2017Redesign;en-US;chp.tbe.taleo.net;29280;1;0
Oxfordclubspa.com-0068-2016Redesign;en-US;www.google.com;15600;1;0
Chrco.com-0107-2017Redesign;en-US;chp.tbe.taleo.net;29280;1;0
Opalsands.com-0084-2016Redesign;en-US;www.google.ca;40846;1;0
Chrco.com-0107-2017Redesign;en-US;chp.tbe.taleo.net;29280;1;0
Chrco.com-0107-2017Redesign;en-US;chp.tbe.taleo.net;29280;1;0
Cphollywoodbeach.com-0032-2015Redesign;en-US;www.sunny.org;7831;1;0
Broadmoor.com-0073-2016Redesign;en-US;tpc.googlesyndication.com;16728;1;0
Chrco.com-0107-2017Redesign;en-US;chp.tbe.taleo.net;29280;1;0
Chrco.com-0107-2017Redesign;en-US;chp.tbe.taleo.net;29280;1;0
Chrco.com-0107-2017Redesign;en-US;chp.tbe.taleo.net;29280;1;0
Chrco.com-0107-2017Redesign;en-US;chp.tbe.taleo.net;29280;1;0
Chrco.com-0107-2017Redesign;en-US;chp.tbe.taleo.net;29280;1;0
Chrco.com-0107-2017Redesign;en-US;chp.tbe.taleo.net;29280;1;0
Chrco.com-0107-2017Redesign;en-US;chp.tbe.taleo.net;29280;1;0
Chrco.com-0107-2017Redesign;en-US;chp.tbe.taleo.net;29280;1;0
Broadmoor.com-0073-2016Redesign;en-US;login.nomadix.com:1111;16724;1;0
Broadmoor.com-0073-2016Redesign;en-US;login.nomadix.com:1111;16724;1;0
Chrco.com-0107-2017Redesign;en-US;chp.tbe.taleo.net;29280;1;0
Broadmoor.com-0073-2016Redesign;en-US;login.nomadix.com:1111;16724;1;0
Broadmoor.com-0073-2016Redesign;en-US;login.nomadix.com:1111;16724;1;0
Chrco.com-0107-2017Redesign;en-US;chp.tbe.taleo.net;29280;1;0
Opalsands.com-0084-2016Redesign;en-US;www.beachtourism.com;20171;1;0
Opalsands.com-0084-2016Redesign;en-US;www.beachtourism.com;20171;1;0
Thesagamore.com-0112-2017Redesign;en-US;www.google.com;32339;1;0
Sandpearl.com-0091-2016Redesign;en-US;www.google.com;22481;1;0
Sandpearl.com-0091-2016Redesign;en-US;www.google.com;22481;1;0
Cphollywoodbeach.com-0032-2015Redesign;en-US;www.google.com;7854;1;0
Cphollywoodbeach.com-0032-2015Redesign;en-US;www.sunny.org;7831;1;0
Thesagamore.com-0112-2017Redesign;en-US;www.google.com;32339;1;0
Sandpearl.com-0091-2016Redesign;en-US;www.google.ie;22481;1;0
Cphollywoodbeach.com-0032-2015Redesign;en-US;www.sunny.org;7831;1;0
Sandpearl.com-0091-2016Redesign;en-US;www.google.ie;22481;1;0
Casaybelresort.com-0002-2014Redesign;en-US;www.google.com;1533;1;0
Longboatkeyclub.com-0104-2017Redesign;en-US;www.google.com;28317;1;0
Thesagamore.com-0112-2017Redesign;en-US;www.google.com;32339;1;0
Opalsands.com-0084-2016Redesign;en-US;www.beachtourism.com;20171;1;0
