Samosetresort.com-0113-2017Redesign;en-US;www.bing.com;32541;1;0
Broadmoor.com-0073-2016Redesign;en-US;m.facebook.com;18013;1;0
Broadmoor.com-0073-2016Redesign;en-US;www.facebook.com;16758;1;0
Theharborsidehotel.com-0114-2017Redesign;en-US;www.visitmaine.net;37571;1;0
Theharborsidehotel.com-0114-2017Redesign;en-US;www.visitmaine.net;37571;1;0
Thesagamore.com-0112-2017Redesign;en-US;www.bing.com;32339;1;0
Monarchbeachresort.com-0092-2016Redesign;en-US;www.google.com;22725;1;0
Edgewaternaples.com-0094-2016Redesign;en-US;www.google.com;25239;1;0
Sandpearl.com-0091-2016Redesign;en-US;www.google.com;22481;1;0
Edgewaternaples.com-0094-2016Redesign;en-US;www.google.com;25239;1;0
Sandpearl.com-0091-2016Redesign;en-US;www.google.com;22481;1;0
Thelodgeatwoodloch.com-0033-2015Redesign;en-US;www.google.com;7764;1;0
Sandpearl.com-0091-2016Redesign;en-US;android-app:;22481;1;0
Cphollywoodbeach.com-0032-2015Redesign;en-US;www.google.com.ar;7805;1;0
Sandpearl.com-0091-2016Redesign;en-US;android-app:;22481;1;0
Sandylane.com-0075-2016Redesign;en-US;www.coastalliving.com;17611;1;0
Thelodgeatwoodloch.com-0033-2015Redesign;en-US;www.google.com;7764;1;0
Monarchbeachresort.com-0092-2016Redesign;en-US;www.google.com;22725;1;0
Monarchbeachresort.com-0092-2016Redesign;en-US;www.google.com;22725;1;0
Broadmoor.com-0073-2016Redesign;en-US;www.facebook.com;16757;1;0
Galthouse.com-0042-2015Redesign;en-US;m.facebook.com;31905;1;0
Galthouse.com-0042-2015Redesign;en-US;m.facebook.com;31905;1;0
Monarchbeachresort.com-0092-2016Redesign;en-US;www.google.com;22725;1;0
Halcyonhotelcherrycreek.com-0061-2015Redesign;en-US;www.google.com;22121;1;0
Casaybelresort.com-0002-2014Redesign;en-US;www.google.com;1613;1;0
Thesagamore.com-0112-2017Redesign;en-US;www.google.com;32339;1;0
Broadmoor.com-0073-2016Redesign;en-US;www.rockymountainfoodtours.com;18259;1;0
Thesagamore.com-0112-2017Redesign;en-US;www.google.com;32339;1;0
Broadmoor.com-0073-2016Redesign;en-US;www.rockymountainfoodtours.com;18259;1;0
Broadmoor.com-0073-2016Redesign;en-US;www.google.com;16721;1;0
Broadmoor.com-0073-2016Redesign;en-US;www.google.com;18259;1;0
wentworthcom00212014redesign;en-US;taraz.xkaz.org;4309;1;0
wentworthcom00212014redesign;en-US;taraz.xkaz.org;4309;1;0
Cphollywoodbeach.com-0032-2015Redesign;en-US;www.google.ca;7831;1;0
Broadmoor.com-0073-2016Redesign;en-US;www.facebook.com;16721;1;0
wentworthcom00212014redesign;en-US;taraz.xkaz.org;4309;1;0
Thesagamore.com-0112-2017Redesign;en-US;www.google.com;32347;1;0
Broadmoor.com-0073-2016Redesign;en-US;www.facebook.com;16721;1;0
Monarchbeachresort.com-0092-2016Redesign;en-US;www.google.com;22725;1;0
Thelodgeatwoodloch.com-0033-2015Redesign;en-US;www.google.com;7764;1;0
saddlebrook.com-0011-2014Redesign;en-US;www.google.com;3453;1;0
