Thesagamore.com-0112-2017Redesign;en-US;www.google.com;32339;1;0
saddlebrook.com-0011-2014Redesign;en-US;www.google.com;41410;1;0
shop.broadmoor.com-0096-2016ShoppingCart;en-US;www.google.com;27392;1;0
Opalsands.com-0084-2016Redesign;en-US;www.google.com;20171;1;0
Opalsands.com-0084-2016Redesign;en-US;www.google.com;20171;1;0
Opalsands.com-0084-2016Redesign;en-US;reservations.opalsands.com;21543;1;0
Broadmoor.com-0073-2016Redesign;en-US;www.google.com;16721;1;0
Thecurtis.com-0079-2016Redesign;en-US;m.facebook.com;19395;1;0
Opalsands.com-0084-2016Redesign;en-US;www.google.com;21234;1;0
Opalsands.com-0084-2016Redesign;en-US;www.google.com;20171;1;0
Thesagamore.com-0112-2017Redesign;en-US;www.google.com;32339;1;0
Thesagamore.com-0112-2017Redesign;en-US;www.google.com;32339;1;0
Jupiterbeachresort.com-0103-2017Redesign;en-US;www.google.com;28165;1;0
Thecrawfordhotel.com-0074-2016Redesign;en-US;www.denver.org;17145;1;0
Broadmoor.com-0073-2016Redesign;en-US;www.tripadvisor.com;17443;1;0
Broadmoor.com-0073-2016Redesign;en-US;www.google.com;16738;1;0
Jupiterbeachresort.com-0103-2017Redesign;en-US;www.google.com;28158;1;0
Jupiterbeachresort.com-0103-2017Redesign;en-US;www.google.com;28158;1;0
Cphollywoodbeach.com-0032-2015Redesign;en-US;www.sunny.org;7831;1;0
Washingtondukeinn.com-0024-2014Redesign;en-US;www.google.com;4738;1;0
Glencovemansion.com-0058-2015Redesign;en-US;www.google.com;13328;1;0
Theharborsidehotel.com-0114-2017Redesign;en-US;www.bing.com;37571;1;0
Abbingtonbanquets.com-0070-2016Redesign;en-US;www.google.com;15789;1;0
Oxfordclubspa.com-0068-2016Redesign;en-US;m.facebook.com;15568;1;0
Residenceinnlax.com-0026-2014Redesign;en-US;www.google.ca;5494;1;0
Samosetresort.com-0113-2017Redesign;en-US;www.google.com;32542;1;0
