Lidobeachresort.com-0106-2017Redesign;en-US;www.google.com;28667;1;0
Laxembassy.com-0008-2014Redesign;en-US;www.google.com;2037;1;0
Broadmoor.com-0073-2016Redesign;en-US;www.google.com;16721;1;0
Longboatkeyclub.com-0104-2017Redesign;en-US;worldcam.eu;28316;1;0
Thesagamore.com-0112-2017Redesign;en-US;www.google.com;32339;1;0
Marriottkeylargo.com-0015-2014Redesign;en-US;www.beachcamsusa.com;3948;1;0
Thecurtis.com-0079-2016Redesign;en-US;www.google.com;17981;1;0
Longboatkeyclub.com-0104-2017Redesign;en-US;www.google.com;28317;1;0
Broadmoor.com-0073-2016Redesign;en-US;www.bing.com;16761;1;0
Longboatkeyclub.com-0104-2017Redesign;en-US;www.baysider.com;35641;1;0
Abbingtonbanquets.com-0070-2016Redesign;en-US;frbizlist.com;15789;1;0
Thecurtis.com-0079-2016Redesign;en-US;www.google.com;19391;1;0
Cphollywoodbeach.com-0032-2015Redesign;en-US;www.bing.com;7831;1;0
Thesagamore.com-0112-2017Redesign;en-US;www.google.com;33479;1;0
Halcyonhotelcherrycreek.com-0061-2015Redesign;en-US;www.bing.com;23287;1;0
Cphollywoodbeach.com-0032-2015Redesign;en-US;www.sunny.org;7831;1;0
Oxfordclubspa.com-0068-2016Redesign;en-US;m.facebook.com;15568;1;0
Thecurtis.com-0079-2016Redesign;en-US;www.google.com;17981;1;0
Theharborsidehotel.com-0114-2017Redesign;en-US;www.google.com;37571;1;0
Monarchbeachresort.com-0092-2016Redesign;en-US;www.google.com;22725;1;0
Abbingtonbanquets.com-0070-2016Redesign;en-US;search.xfinity.com;15795;1;0
Cphollywoodbeach.com-0032-2015Redesign;en-US;www.sunny.org;7831;1;0
Broadmoor.com-0073-2016Redesign;en-US;login.nomadix.com:1111;16724;1;0
Broadmoor.com-0073-2016Redesign;en-US;login.nomadix.com:1111;16724;1;0
Cphollywoodbeach.com-0032-2015Redesign;en-US;www.google.com;7831;1;0
Marriottkeylargo.com-0015-2014Redesign;en-US;surfinggator.com;3948;1;0
Marriottkeylargo.com-0015-2014Redesign;en-US;surfinggator.com;3964;1;0
Saddlebrookprep.com-0022-2014Transfer;en-US;www.saddlebrook.com;3914;1;0
