saddlebrook.com-0011-2014Redesign;en-US;3385;3451;1;0
Thesagamore.com-0112-2017Redesign;en-US;33540;33539;1;0
Lakeplacidlodge.com-0105-2017Redesign;en-US;28545;28593;1;0
wentworthcom00212014redesign;en-US;4300;4299;1;0
Treasureislandbeachresort.com-0089-2016Redesign;en-US;22233;22873;1;0
Cocokeyorlando.com-0059-2015Redesign;en-US;0;12581;1;0
Broadmoor.com-0073-2016Redesign;en-US;0;16721;1;0
Lehotels.com-0049-2015Transfer;en-US;12131;12150;1;0
Broadmoor.com-0073-2016Redesign;en-US;16722;16755;1;0
Thesagamore.com-0112-2017Redesign;en-US;32339;32346;1;0
Thesagamore.com-0112-2017Redesign;en-US;33921;33922;1;0
Thelodgeatwoodloch.com-0033-2015Redesign;en-US;8254;9932;1;0
Thelodgeatwoodloch.com-0033-2015Redesign;en-US;8346;8379;1;0
Broadmoor.com-0073-2016Redesign;en-US;0;16721;1;0
Abbingtonbanquets.com-0070-2016Redesign;en-US;15789;15790;1;0
Thesagamore.com-0112-2017Redesign;en-US;32339;33471;1;0
Samosetresort.com-0113-2017Redesign;en-US;0;32541;1;0
Napavalleymarriott.com-0071-2016Redesign;en-US;18285;16442;1;0
Broadmoor.com-0073-2016Redesign;en-US;18782;16760;1;0
Broadmoor.com-0073-2016Redesign;en-US;16755;16756;1;0
wentworthcom00212014redesign;en-US;4276;4415;1;0
Lakeplacidlodge.com-0105-2017Redesign;en-US;28593;32932;1;0
Broadmoor.com-0073-2016Redesign;en-US;16764;16721;1;0
saddlebrook.com-0011-2014Redesign;en-US;3451;3456;1;0
Monarchbeachresort.com-0092-2016Redesign;en-US;23005;22725;1;0
Thesagamore.com-0112-2017Redesign;en-US;32339;33457;1;0
Longboatkeyclub.com-0104-2017Redesign;en-US;28316;35641;1;0
Thesagamore.com-0112-2017Redesign;en-US;0;33921;1;0
Thesagamore.com-0112-2017Redesign;en-US;32339;32391;1;0
Thesagamore.com-0112-2017Redesign;en-US;33448;33449;1;0
Oxfordclubspa.com-0068-2016Redesign;en-US;15568;15599;1;0
Thesagamore.com-0112-2017Redesign;en-US;33541;33538;1;0
Lakeplacidlodge.com-0105-2017Redesign;en-US;28545;32805;1;0
Oxfordclubspa.com-0068-2016Redesign;en-US;15599;15568;1;0
Thelodgeatwoodloch.com-0033-2015Redesign;en-US;9932;9801;1;0
Thesagamore.com-0112-2017Redesign;en-US;33443;33366;1;0
Thesagamore.com-0112-2017Redesign;en-US;32339;33455;1;0
Broadmoor.com-0073-2016Redesign;en-US;16760;16800;1;0
Thesagamore.com-0112-2017Redesign;en-US;32346;32387;1;0
Broadmoor.com-0073-2016Redesign;en-US;16796;16722;1;0
Lidobeachresort.com-0106-2017Redesign;en-US;28730;28714;1;0
Broadmoor.com-0073-2016Redesign;en-US;16772;16760;1;0
Beverlyhillsresidenceinn.com-0087-2016Redesign;en-US;20999;21304;1;0
Thelodgeatwoodloch.com-0033-2015Redesign;en-US;8379;8346;1;0
Treasureislandbeachresort.com-0089-2016Redesign;en-US;22873;22179;1;0
Lakeplacidlodge.com-0105-2017Redesign;en-US;28557;28545;1;0
Thelodgeatwoodloch.com-0033-2015Redesign;en-US;9801;11307;1;0
Edgewaternaples.com-0094-2016Redesign;en-US;25239;25287;1;0
Sandylane.com-0075-2016Redesign;en-US;17745;17686;1;0
Broadmoor.com-0073-2016Redesign;en-US;16760;16781;1;0
Thesagamore.com-0112-2017Redesign;en-US;32391;33572;1;0
Sandylane.com-0075-2016Redesign;en-US;17611;17698;1;0
Thesagamore.com-0112-2017Redesign;en-US;32339;32346;1;0
Treasureislandbeachresort.com-0089-2016Redesign;en-US;0;22169;1;0
Broadmoor.com-0073-2016Redesign;en-US;16721;16757;1;0
Broadmoor.com-0073-2016Redesign;en-US;16721;16728;1;0
Monarchbeachresort.com-0092-2016Redesign;en-US;22725;26800;1;0
Thesagamore.com-0112-2017Redesign;en-US;33921;33443;1;0
Sandylane.com-0075-2016Redesign;en-US;17686;17611;1;0
Theharborsidehotel.com-0114-2017Redesign;en-US;37571;37941;1;0
Thesagamore.com-0112-2017Redesign;en-US;33449;33448;1;0
Opalsands.com-0084-2016Redesign;en-US;20171;20920;1;0
Broadmoor.com-0073-2016Redesign;en-US;16800;16728;1;0
Samosetresort.com-0113-2017Redesign;en-US;35144;32541;1;0
Thesagamore.com-0112-2017Redesign;en-US;32339;32346;1;0
Treasureislandbeachresort.com-0089-2016Redesign;en-US;22179;22228;1;0
Lidobeachresort.com-0106-2017Redesign;en-US;28714;41578;1;0
Lakeplacidlodge.com-0105-2017Redesign;en-US;28553;32794;1;0
saddlebrook.com-0011-2014Redesign;en-US;3385;3486;1;0
Broadmoor.com-0073-2016Redesign;en-US;21866;21867;1;0
Thesagamore.com-0112-2017Redesign;en-US;32346;32389;1;0
Sandylane.com-0075-2016Redesign;en-US;17698;17711;1;0
Broadmoor.com-0073-2016Redesign;en-US;16721;16764;1;0
Thelodgeatwoodloch.com-0033-2015Redesign;en-US;8346;8373;1;0
Broadmoor.com-0073-2016Redesign;en-US;16757;16765;1;0
Hospitalityupgrade.com-0093-2016Redesign;en-US;0;25405;1;0
Thelodgeatwoodloch.com-0033-2015Redesign;en-US;7764;8257;1;0
Secretharbourvi.com-0040-2015Redesign;en-US;9231;20178;1;0
Broadmoor.com-0073-2016Redesign;en-US;16764;16761;1;0
Treasureislandbeachresort.com-0089-2016Redesign;en-US;22185;22200;1;0
Sandylane.com-0075-2016Redesign;en-US;17611;17744;1;0
Thelodgeatwoodloch.com-0033-2015Redesign;en-US;9847;8278;1;0
Thelodgeatwoodloch.com-0033-2015Redesign;en-US;7782;7771;1;0
Sandylane.com-0075-2016Redesign;en-US;17711;17701;1;0
Broadmoor.com-0073-2016Redesign;en-US;16781;16800;1;0
Thelodgeatwoodloch.com-0033-2015Redesign;en-US;0;8265;1;0
Thesagamore.com-0112-2017Redesign;en-US;32387;33577;1;0
Monarchbeachresort.com-0092-2016Redesign;en-US;22998;22995;1;0
saddlebrook.com-0011-2014Redesign;en-US;3385;3454;1;0
Broadmoor.com-0073-2016Redesign;en-US;16777;16755;1;0
Opalsands.com-0084-2016Redesign;en-US;20171;20561;1;0
Cocokeyorlando.com-0059-2015Redesign;en-US;0;12394;1;0
Broadmoor.com-0073-2016Redesign;en-US;16764;16772;1;0
Longboatkeyclub.com-0104-2017Redesign;en-US;28316;28317;1;0
Sandpearl.com-0091-2016Redesign;en-US;22481;22493;1;0
Thesagamore.com-0112-2017Redesign;en-US;33539;32348;1;0
Edgewaternaples.com-0094-2016Redesign;en-US;25287;32090;1;0
Broadmoor.com-0073-2016Redesign;en-US;21867;21866;1;0
Thesagamore.com-0112-2017Redesign;en-US;33921;33467;1;0
Thelodgeatwoodloch.com-0033-2015Redesign;en-US;8257;15817;1;0
Thesagamore.com-0112-2017Redesign;en-US;32389;33569;1;0
Broadmoor.com-0073-2016Redesign;en-US;16796;35327;1;0
Thecurtis.com-0079-2016Redesign;en-US;17981;18015;1;0
Miravalspamonarchbeach.com-0109-2017Redesign;en-US;41674;33978;1;0
Thesagamore.com-0112-2017Redesign;en-US;32339;32355;1;0
Thesagamore.com-0112-2017Redesign;en-US;33448;33923;1;0
Thesagamore.com-0112-2017Redesign;en-US;33443;33447;1;0
Galthouse.com-0042-2015Redesign;en-US;31905;10570;1;0
Longboatkeyclub.com-0104-2017Redesign;en-US;35641;28349;1;0
Treasureislandbeachresort.com-0089-2016Redesign;en-US;22228;22217;1;0
Thelodgeatwoodloch.com-0033-2015Redesign;en-US;7771;7782;1;0
Thesagamore.com-0112-2017Redesign;en-US;32339;33924;1;0
Broadmoor.com-0073-2016Redesign;en-US;16728;16722;1;0
Thesagamore.com-0112-2017Redesign;en-US;32348;33543;1;0
