Cocokeyorlando.com-0059-2015Redesign;en-US;tpc.googlesyndication.com;40344;1;0
Broadmoor.com-0073-2016Redesign;en-US;www.google.com;16721;1;0
Broadmoor.com-0073-2016Redesign;en-US;www.google.com;16721;1;0
Hospitalityupgrade.com-0093-2016Redesign;en-US;www.google.com;37631;1;0
Thesagamore.com-0112-2017Redesign;en-US;www.google.com;32339;1;0
Thesagamore.com-0112-2017Redesign;en-US;www.google.com;32339;1;0
Broadmoor.com-0073-2016Redesign;en-US;login.nomadix.com:1111;16724;1;0
Broadmoor.com-0073-2016Redesign;en-US;login.nomadix.com:1111;16724;1;0
Samosetresort.com-0113-2017Redesign;en-US;search.azby.fmworld.net;35227;1;0
Broadmoor.com-0073-2016Redesign;en-US;www.bing.com;18504;1;0
Broadmoor.com-0073-2016Redesign;en-US;www.bing.com;18504;1;0
Edgewaternaples.com-0094-2016Redesign;en-US;www.google.com;25239;1;0
Casaybelresort.com-0002-2014Redesign;en-US;www.coastalliving.com;1533;1;0
Edgewaternaples.com-0094-2016Redesign;en-US;www.google.com;25239;1;0
Broadmoor.com-0073-2016Redesign;en-US;www.google.com;16721;1;0
Longboatkeyclub.com-0104-2017Redesign;en-US;www.google.ca;28335;1;0
Minnetonkamarriott.com-0039-2015Redesign;en-US;www.google.com;8817;1;0
Sandpearl.com-0091-2016Redesign;en-US;www.google.com;22481;1;0
Sandpearl.com-0091-2016Redesign;en-US;www.google.com;22481;1;0
Marriottkeylargo.com-0015-2014Redesign;en-US;www.google.com;3948;1;0
Broadmoor.com-0073-2016Redesign;en-US;www.google.com;16721;1;0
Broadmoor.com-0073-2016Redesign;en-US;www.google.com;16721;1;0
Broadmoor.com-0073-2016Redesign;en-US;m.facebook.com;16790;1;0
Cocokeyorlando.com-0059-2015Redesign;en-US;www.google.com;12394;1;0
Cocokeyorlando.com-0059-2015Redesign;en-US;www.google.com;12394;1;0
Cocokeyorlando.com-0059-2015Redesign;en-US;www.tripadvisor.com;12394;1;0
Miravalspamonarchbeach.com-0109-2017Redesign;en-US;www.google.com;31709;1;0
Thelodgeatwoodloch.com-0033-2015Redesign;en-US;www.google.com;7764;1;0
Broadmoor.com-0073-2016Redesign;en-US;login.nomadix.com:1111;16724;1;0
Sandpearl.com-0091-2016Redesign;en-US;www.google.com;22481;1;0
Broadmoor.com-0073-2016Redesign;en-US;login.nomadix.com:1111;16724;1;0
Thesagamore.com-0112-2017Redesign;en-US;www.google.com;32339;1;0
Thelodgeatwoodloch.com-0033-2015Redesign;en-US;www.google.com;7764;1;0
Cphollywoodbeach.com-0032-2015Redesign;en-US;www.google.ca;7831;1;0
Thelodgeatwoodloch.com-0033-2015Redesign;en-US;www.google.com;7764;1;0
Opalsands.com-0084-2016Redesign;en-US;www.beachtourism.com;20171;1;0
