Casaybelresort.com-0002-2014Redesign;en-US;www.google.com;1613;1;0
Casaybelresort.com-0002-2014Redesign;en-US;www.google.com;1613;1;0
Broadmoor.com-0073-2016Redesign;en-US;www.google.com;16721;1;0
Thesagamore.com-0112-2017Redesign;en-US;www.google.com;32339;1;0
Thesagamore.com-0112-2017Redesign;en-US;www.google.com;32340;1;0
saddlebrook.com-0011-2014Redesign;en-US;www.google.com;3453;1;0
Broadmoor.com-0073-2016Redesign;en-US;m.facebook.com;18010;1;0
Lidobeachresort.com-0106-2017Redesign;en-US;www.google.co.uk;28667;1;0
Casaybelresort.com-0002-2014Redesign;en-US;www.google.com;1613;1;0
Cphollywoodbeach.com-0032-2015Redesign;en-US;www.beachcamsusa.com;7831;1;0
Casaybelresort.com-0002-2014Redesign;en-US;www.google.de;1613;1;0
Casaybelresort.com-0002-2014Redesign;en-US;www.google.com;1613;1;0
Cphollywoodbeach.com-0032-2015Redesign;en-US;www.sunny.org;7831;1;0
Casaybelresort.com-0002-2014Redesign;en-US;www.google.com;1613;1;0
Marriottkeylargo.com-0015-2014Redesign;en-US;www.beachcamsusa.com;3948;1;0
Chrco.com-0107-2017Redesign;en-US;www.bing.com;29280;1;0
saddlebrook.com-0011-2014Redesign;en-US;www.google.com;3453;1;0
Marriottkeylargo.com-0015-2014Redesign;en-US;surfinggator.com;3948;1;0
Marriottkeylargo.com-0015-2014Redesign;en-US;surfinggator.com;3964;1;0
Cphollywoodbeach.com-0032-2015Redesign;en-US;www.sunny.org;7831;1;0
Casaybelresort.com-0002-2014Redesign;en-US;www.google.com;1613;1;0
Cphollywoodbeach.com-0032-2015Redesign;en-US;www.sunny.org;7831;1;0
Casaybelresort.com-0002-2014Redesign;en-US;surfinggator.com;1613;1;0
Cphollywoodbeach.com-0032-2015Redesign;en-US;www.sunny.org;7831;1;0
Casaybelresort.com-0002-2014Redesign;en-US;www.google.de;1613;1;0
Unionstationhotelnashville.com-0047-2015Redesign;en-US;www.google.com;32226;1;0
Theoxfordhotel.com-0062-2015Redesign;en-US;m.facebook.com;14325;1;0
Broadmoor.com-0073-2016Redesign;en-US;www.google.com;16721;1;0
Cphollywoodbeach.com-0032-2015Redesign;en-US;www.sunny.org;7831;1;0
Casaybelresort.com-0002-2014Redesign;en-US;android-app:;1613;1;0
Casaybelresort.com-0002-2014Redesign;en-US;www.google.com;1613;1;0
Opalsands.com-0084-2016Redesign;en-US;www.google.com;21542;1;0
Thelodgeatwoodloch.com-0033-2015Redesign;en-US;www.bing.com;7764;1;0
Theharborsidehotel.com-0114-2017Redesign;en-US;www.google.com;37571;1;0
Lakeplacidlodge.com-0105-2017Redesign;en-US;www.google.com;28595;1;0
Theharborsidehotel.com-0114-2017Redesign;en-US;www.google.com;37571;1;0
Thecrawfordhotel.com-0074-2016Redesign;en-US;www.google.com;17145;1;0
Casaybelresort.com-0002-2014Redesign;en-US;r.search.yahoo.com;1613;1;0
Casaybelresort.com-0002-2014Redesign;en-US;www.google.com;1613;1;0
Longboatkeyclub.com-0104-2017Redesign;en-US;www.google.co.uk;28317;1;0
Cphollywoodbeach.com-0032-2015Redesign;en-US;www.google.com;7831;1;0
Cphollywoodbeach.com-0032-2015Redesign;en-US;www.sunny.org;7831;1;0
Casaybelresort.com-0002-2014Redesign;en-US;www.google.com;1613;1;0
Cphollywoodbeach.com-0032-2015Redesign;en-US;www.google.com;7831;1;0
Broadmoor.com-0073-2016Redesign;en-US;login.nomadix.com:1111;16724;1;0
Broadmoor.com-0073-2016Redesign;en-US;login.nomadix.com:1111;16724;1;0
Abbingtonbanquets.com-0070-2016Redesign;en-US;www.google.com;15789;1;0
Opalsands.com-0084-2016Redesign;en-US;www.google.com;20171;1;0
Residenceinnnyc.com-0034-2015Redesign;en-US;www.google.ca;7926;1;0
Cphollywoodbeach.com-0032-2015Redesign;en-US;www.sunny.org;7831;1;0
Chrco.com-0107-2017Redesign;en-US;www.bing.com;29280;1;0
Jupiterbeachresort.com-0103-2017Redesign;en-US;www.google.com;28165;1;0
Casaybelresort.com-0002-2014Redesign;en-US;www.google.com;1613;1;0
Casaybelresort.com-0002-2014Redesign;en-US;www.google.no;1613;1;0
Broadmoor.com-0073-2016Redesign;en-US;login.nomadix.com:1111;16724;1;0
Broadmoor.com-0073-2016Redesign;en-US;www.google.com;16761;1;0
Broadmoor.com-0073-2016Redesign;en-US;login.nomadix.com:1111;16724;1;0
Broadmoor.com-0073-2016Redesign;en-US;www.google.com;16721;1;0
Monarchbeachresort.com-0092-2016Redesign;en-US;www.google.com;22725;1;0
Casaybelresort.com-0002-2014Redesign;en-US;www.google.com;1613;1;0
Lidobeachresort.com-0106-2017Redesign;en-US;www.google.com;28667;1;0
Monarchbeachresort.com-0092-2016Redesign;en-US;www.herecomestheguide.com;22725;1;0
Casaybelresort.com-0002-2014Redesign;en-US;www.captivasanibelrealestate.com;1613;1;0
Casaybelresort.com-0002-2014Redesign;en-US;www.google.com;1613;1;0
Galthouse.com-0042-2015Redesign;en-US;www.google.com;31905;1;0
Cphollywoodbeach.com-0032-2015Redesign;en-US;www.google.ca;7831;1;0
Opalsands.com-0084-2016Redesign;en-US;www.google.com;20171;1;0
Casaybelresort.com-0002-2014Redesign;en-US;surfinggator.com;1613;1;0
Broadmoor.com-0073-2016Redesign;en-US;login.nomadix.com:1111;16724;1;0
Opalsands.com-0084-2016Redesign;en-US;www.google.com;20171;1;0
Broadmoor.com-0073-2016Redesign;en-US;login.nomadix.com:1111;16724;1;0
Casaybelresort.com-0002-2014Redesign;en-US;www.google.com;1768;1;0
Cphollywoodbeach.com-0032-2015Redesign;en-US;www.google.com;7831;1;0
Opalsands.com-0084-2016Redesign;en-US;www.google.com;20171;1;0
