Springhillsuitesdenver.com-0060-2015Redesign;en-US;0;12334;1;0
Opalsands.com-0084-2016Redesign;en-US;21201;23635;1;0
Theoxfordhotel.com-0062-2015Redesign;en-US;0;14325;1;0
Cocokeyorlando.com-0059-2015Redesign;en-US;0;12394;1;0
Monarchbeachresort.com-0092-2016Redesign;en-US;23683;41733;1;0
Thesagamore.com-0112-2017Redesign;en-US;32339;33922;1;0
Thecurtis.com-0079-2016Redesign;en-US;18823;25504;1;0
Broadmoor.com-0073-2016Redesign;en-US;16721;16724;1;0
Chrco.com-0107-2017Redesign;en-US;35966;29434;1;0
Springhillsuitesdenver.com-0060-2015Redesign;en-US;12334;12307;1;0
Opalsands.com-0084-2016Redesign;en-US;28082;20561;1;0
Broadmoor.com-0073-2016Redesign;en-US;16724;16761;1;0
Broadmoor.com-0073-2016Redesign;en-US;16722;16800;1;0
Samosetresort.com-0113-2017Redesign;en-US;0;32541;1;0
Treasureislandbeachresort.com-0089-2016Redesign;en-US;0;22170;1;0
Thesagamore.com-0112-2017Redesign;en-US;32355;32339;1;0
Thesagamore.com-0112-2017Redesign;en-US;32339;33475;1;0
Sandylane.com-0075-2016Redesign;en-US;17611;17745;1;0
Monarchbeachresort.com-0092-2016Redesign;en-US;41733;23005;1;0
Monarchbeachresort.com-0092-2016Redesign;en-US;23615;22983;1;0
Lakeplacidlodge.com-0105-2017Redesign;en-US;32805;32794;1;0
Sandylane.com-0075-2016Redesign;en-US;17745;17919;1;0
Galthouse.com-0042-2015Redesign;en-US;31905;10568;1;0
Broadmoor.com-0073-2016Redesign;en-US;16731;16778;1;0
Monarchbeachresort.com-0092-2016Redesign;en-US;23484;41733;1;0
Sandpearl.com-0091-2016Redesign;en-US;22481;23082;1;0
shop.broadmoor.com-0096-2016ShoppingCart;en-US;27392;27010;1;0
Broadmoor.com-0073-2016Redesign;en-US;16800;16793;1;0
Thesagamore.com-0112-2017Redesign;en-US;32339;33921;1;0
Sandpearl.com-0091-2016Redesign;en-US;22530;25752;1;0
Sandpearl.com-0091-2016Redesign;en-US;25752;25750;1;0
Broadmoor.com-0073-2016Redesign;en-US;0;16769;1;0
Broadmoor.com-0073-2016Redesign;en-US;16778;16760;1;0
Monarchbeachresort.com-0092-2016Redesign;en-US;41733;23284;1;0
Chrco.com-0107-2017Redesign;en-US;0;31152;1;0
Thelodgeatwoodloch.com-0033-2015Redesign;en-US;7764;7771;1;0
Thesagamore.com-0112-2017Redesign;en-US;32339;32388;1;0
Renaissancepittsburghpa.com-0044-2015Redesign;en-US;0;9637;1;0
Lakeplacidlodge.com-0105-2017Redesign;en-US;28545;32804;1;0
Thesagamore.com-0112-2017Redesign;en-US;32339;33921;1;0
Monarchbeachresort.com-0092-2016Redesign;en-US;23670;36747;1;0
Lakeplacidlodge.com-0105-2017Redesign;en-US;32794;28545;1;0
Springhillsuitesdenver.com-0060-2015Redesign;en-US;0;12307;1;0
Cocokeyorlando.com-0059-2015Redesign;en-US;0;12394;1;0
