Galthouse.com-0042-2015Redesign;en-US;10558;10568;1;0
Longboatkeyclub.com-0104-2017Redesign;en-US;28316;28350;1;0
Samosetresort.com-0113-2017Redesign;en-US;35154;35228;1;0
Thesagamore.com-0112-2017Redesign;en-US;32346;32387;1;0
Broadmoor.com-0073-2016Redesign;en-US;16721;16793;1;0
Lakeplacidlodge.com-0105-2017Redesign;en-US;32795;28545;1;0
Thesagamore.com-0112-2017Redesign;en-US;32339;32391;1;0
Thesagamore.com-0112-2017Redesign;en-US;33575;32346;1;0
Thesagamore.com-0112-2017Redesign;en-US;32339;33922;1;0
Thesagamore.com-0112-2017Redesign;en-US;0;33475;1;0
Thesagamore.com-0112-2017Redesign;en-US;32339;33366;1;0
Lakeplacidlodge.com-0105-2017Redesign;en-US;28557;32805;1;0
Broadmoor.com-0073-2016Redesign;en-US;16721;16793;1;0
Thesagamore.com-0112-2017Redesign;en-US;32392;32339;1;0
Jbdukehotel.com-0086-2016Redesign;en-US;21957;21958;1;0
Jupiterbeachresort.com-0103-2017Redesign;en-US;28158;28174;1;0
Lakeplacidlodge.com-0105-2017Redesign;en-US;32789;32794;1;0
Lakeplacidlodge.com-0105-2017Redesign;en-US;28545;32839;1;0
Broadmoor.com-0073-2016Redesign;en-US;0;17333;1;0
Sandylane.com-0075-2016Redesign;en-US;17919;18032;1;0
Thesagamore.com-0112-2017Redesign;en-US;32339;32340;1;0
Miravalspamonarchbeach.com-0109-2017Redesign;en-US;31733;31730;1;0
Thesagamore.com-0112-2017Redesign;en-US;32387;41020;1;0
Sandylane.com-0075-2016Redesign;en-US;17611;17676;1;0
Thesagamore.com-0112-2017Redesign;en-US;32346;32389;1;0
Jbdukehotel.com-0086-2016Redesign;en-US;21958;21959;1;0
Halcyonhotelcherrycreek.com-0061-2015Redesign;en-US;22121;41138;1;0
Broadmoor.com-0073-2016Redesign;en-US;16793;23734;1;0
Broadmoor.com-0073-2016Redesign;en-US;0;18259;1;0
Halcyonhotelcherrycreek.com-0061-2015Redesign;en-US;41138;22121;1;0
Longboatkeyclub.com-0104-2017Redesign;en-US;28350;28335;1;0
Opalsands.com-0084-2016Redesign;en-US;20171;20919;1;0
Broadmoor.com-0073-2016Redesign;en-US;23734;16793;1;0
Lakeplacidlodge.com-0105-2017Redesign;en-US;32794;28545;1;0
Thesagamore.com-0112-2017Redesign;en-US;32339;33921;1;0
Lakeplacidlodge.com-0105-2017Redesign;en-US;28545;32788;1;0
Broadmoor.com-0073-2016Redesign;en-US;16721;16753;1;0
Thesagamore.com-0112-2017Redesign;en-US;41020;32387;1;0
Thecurtis.com-0079-2016Redesign;en-US;0;18374;1;0
Samosetresort.com-0113-2017Redesign;en-US;35228;35154;1;0
Broadmoor.com-0073-2016Redesign;en-US;18259;16753;1;0
Miravalspamonarchbeach.com-0109-2017Redesign;en-US;31730;31729;1;0
Thesagamore.com-0112-2017Redesign;en-US;33924;33922;1;0
Sandpearl.com-0091-2016Redesign;en-US;40726;22489;1;0
saddlebrook.com-0011-2014Redesign;en-US;3385;3454;1;0
Napavalleymarriott.com-0071-2016Redesign;en-US;16432;27499;1;0
Thesagamore.com-0112-2017Redesign;en-US;32391;33572;1;0
Lakeplacidlodge.com-0105-2017Redesign;en-US;28545;28552;1;0
Jbdukehotel.com-0086-2016Redesign;en-US;21959;21960;1;0
Broadmoor.com-0073-2016Redesign;en-US;16753;16761;1;0
Cocokeyorlando.com-0059-2015Redesign;en-US;12410;12547;1;0
Samosetresort.com-0113-2017Redesign;en-US;0;32541;1;0
Broadmoor.com-0073-2016Redesign;en-US;18259;21230;1;0
Samosetresort.com-0113-2017Redesign;en-US;35154;32558;1;0
Broadmoor.com-0073-2016Redesign;en-US;17335;16760;1;0
Broadmoor.com-0073-2016Redesign;en-US;16753;16751;1;0
Sandpearl.com-0091-2016Redesign;en-US;22481;40726;1;0
Miravalspamonarchbeach.com-0109-2017Redesign;en-US;31729;31728;1;0
Broadmoor.com-0073-2016Redesign;en-US;16751;18782;1;0
Broadmoor.com-0073-2016Redesign;en-US;16793;16721;1;0
Lakeplacidlodge.com-0105-2017Redesign;en-US;32805;32806;1;0
saddlebrook.com-0011-2014Redesign;en-US;3385;6386;1;0
Miravalspamonarchbeach.com-0109-2017Redesign;en-US;31728;31719;1;0
Theharborsidehotel.com-0114-2017Redesign;en-US;37571;37989;1;0
Thesagamore.com-0112-2017Redesign;en-US;32387;33577;1;0
Sandylane.com-0075-2016Redesign;en-US;17611;17677;1;0
saddlebrook.com-0011-2014Redesign;en-US;3454;3456;1;0
Thesagamore.com-0112-2017Redesign;en-US;32389;33569;1;0
Broadmoor.com-0073-2016Redesign;en-US;16793;16721;1;0
Opalsands.com-0084-2016Redesign;en-US;20919;20917;1;0
Broadmoor.com-0073-2016Redesign;en-US;18782;16751;1;0
Bellemontfarm.com-0007-2013Redesign;en-US;0;2503;1;0
Longboatkeyclub.com-0104-2017Redesign;en-US;28335;28349;1;0
wentworthcom00212014redesign;en-US;4251;4246;1;0
Halcyonhotelcherrycreek.com-0061-2015Redesign;en-US;22121;40467;1;0
Cocokeyorlando.com-0059-2015Redesign;en-US;0;12394;1;0
Broadmoor.com-0073-2016Redesign;en-US;16738;18504;1;0
Broadmoor.com-0073-2016Redesign;en-US;16751;18782;1;0
Halcyonhotelcherrycreek.com-0061-2015Redesign;en-US;40467;22121;1;0
Samosetresort.com-0113-2017Redesign;en-US;32541;32554;1;0
saddlebrook.com-0011-2014Redesign;en-US;6386;3486;1;0
Galthouse.com-0042-2015Redesign;en-US;10609;10570;1;0
Lakeplacidlodge.com-0105-2017Redesign;en-US;28552;28593;1;0
Thesagamore.com-0112-2017Redesign;en-US;32340;33921;1;0
Hospitalityupgrade.com-0093-2016Redesign;en-US;0;25405;1;0
Napavalleymarriott.com-0071-2016Redesign;en-US;27499;16439;1;0
Lakeplacidlodge.com-0105-2017Redesign;en-US;28545;32787;1;0
Broadmoor.com-0073-2016Redesign;en-US;16721;18259;1;0
Longboatkeyclub.com-0104-2017Redesign;en-US;28349;28335;1;0
