Broadmoor.com-0073-2016Redesign;en-US;21233;18782;1;0
Broadmoor.com-0073-2016Redesign;en-US;32307;18010;1;0
Broadmoor.com-0073-2016Redesign;en-US;16765;16761;1;0
Sandylane.com-0075-2016Redesign;en-US;17745;17919;1;0
Sandylane.com-0075-2016Redesign;en-US;17611;17745;1;0
Montaukyachtclub.com-0010-2014Redesign;en-US;2240;2384;1;0
Broadmoor.com-0073-2016Redesign;en-US;16722;17447;1;0
Thecurtis.com-0079-2016Redesign;en-US;17981;18015;1;0
Montaukyachtclub.com-0010-2014Redesign;en-US;2384;2240;1;0
Theloganhotel.com-0043-2015Redesign;en-US;20218;15962;1;0
Theloganhotel.com-0043-2015Redesign;en-US;20218;25355;1;0
Theoxfordhotel.com-0062-2015Redesign;en-US;0;14325;1;0
Broadmoor.com-0073-2016Redesign;en-US;18010;32309;1;0
Broadmoor.com-0073-2016Redesign;en-US;16767;16766;1;0
Thelodgeatwoodloch.com-0033-2015Redesign;en-US;7764;7783;1;0
Thecrawfordhotel.com-0074-2016Redesign;en-US;17145;17158;1;0
Sandylane.com-0075-2016Redesign;en-US;17745;18032;1;0
Theharborsidehotel.com-0114-2017Redesign;en-US;37571;37981;1;0
wentworthcom00212014redesign;en-US;4250;4276;1;0
Theoxfordhotel.com-0062-2015Redesign;en-US;0;14325;1;0
Theharborsidehotel.com-0114-2017Redesign;en-US;37571;38024;1;0
Cocokeyorlando.com-0059-2015Redesign;en-US;0;12394;1;0
Broadmoor.com-0073-2016Redesign;en-US;16758;36006;1;0
Longboatkeyclub.com-0104-2017Redesign;en-US;28316;35641;1;0
Cocokeyorlando.com-0059-2015Redesign;en-US;0;12394;1;0
Sandylane.com-0075-2016Redesign;en-US;0;17920;1;0
Broadmoor.com-0073-2016Redesign;en-US;36006;16759;1;0
Samosetresort.com-0113-2017Redesign;en-US;0;32541;1;0
Thesagamore.com-0112-2017Redesign;en-US;32389;33569;1;0
Thecurtis.com-0079-2016Redesign;en-US;18015;19185;1;0
saddlebrook.com-0011-2014Redesign;en-US;4538;3453;1;0
Cocokeyorlando.com-0059-2015Redesign;en-US;0;12394;1;0
Sandpearl.com-0091-2016Redesign;en-US;22492;22491;1;0
Sandylane.com-0075-2016Redesign;en-US;17919;18035;1;0
Broadmoor.com-0073-2016Redesign;en-US;17447;18196;1;0
wentworthcom00212014redesign;en-US;4276;4415;1;0
Broadmoor.com-0073-2016Redesign;en-US;32309;18010;1;0
Thelodgeatwoodloch.com-0033-2015Redesign;en-US;8265;7782;1;0
Thelodgeatwoodloch.com-0033-2015Redesign;en-US;7783;7771;1;0
Zotabeachresort.com-0090-2016Redesign;en-US;22358;22364;1;0
Broadmoor.com-0073-2016Redesign;en-US;18782;21235;1;0
Lakeplacidlodge.com-0105-2017Redesign;en-US;28545;28598;1;0
Broadmoor.com-0073-2016Redesign;en-US;16721;16765;1;0
Broadmoor.com-0073-2016Redesign;en-US;16759;16728;1;0
Secretharbourvi.com-0040-2015Redesign;en-US;9372;9231;1;0
Broadmoor.com-0073-2016Redesign;en-US;16721;16762;1;0
Washingtoncourthotel.com-0076-2016Redesign;en-US;17858;17935;1;0
Sandylane.com-0075-2016Redesign;en-US;18032;17745;1;0
Theloganhotel.com-0043-2015Redesign;en-US;15962;9124;1;0
Hospitalityupgrade.com-0093-2016Redesign;en-US;25405;22774;1;0
Washingtoncourthotel.com-0076-2016Redesign;en-US;17935;17911;1;0
Broadmoor.com-0073-2016Redesign;en-US;21233;18782;1;0
Sandylane.com-0075-2016Redesign;en-US;17745;18036;1;0
Thelodgeatwoodloch.com-0033-2015Redesign;en-US;11307;8261;1;0
Broadmoor.com-0073-2016Redesign;en-US;16728;18010;1;0
Sandpearl.com-0091-2016Redesign;en-US;22481;22483;1;0
Broadmoor.com-0073-2016Redesign;en-US;16762;16721;1;0
Zotabeachresort.com-0090-2016Redesign;en-US;22364;22358;1;0
Broadmoor.com-0073-2016Redesign;en-US;16721;16738;1;0
Theloganhotel.com-0043-2015Redesign;en-US;9124;27557;1;0
