Broadmoor.com-0073-2016Redesign;en-US;19931;16721;1;0
Theoxfordhotel.com-0062-2015Redesign;en-US;0;14325;1;0
Casaybelresort.com-0002-2014Redesign;en-US;1613;1627;1;0
Monarchbeachresort.com-0092-2016Redesign;en-US;22725;26800;1;0
Cphollywoodbeach.com-0032-2015Redesign;en-US;7805;7831;1;0
Thecrawfordhotel.com-0074-2016Redesign;en-US;17670;17667;1;0
Casaybelresort.com-0002-2014Redesign;en-US;1627;1613;1;0
Edgewaternaples.com-0094-2016Redesign;en-US;25239;25246;1;0
Halcyonhotelcherrycreek.com-0061-2015Redesign;en-US;22121;23189;1;0
Halcyonhotelcherrycreek.com-0061-2015Redesign;en-US;23189;22121;1;0
Broadmoor.com-0073-2016Redesign;en-US;16721;16751;1;0
Thecurtis.com-0079-2016Redesign;en-US;0;17981;1;0
Halcyonhotelcherrycreek.com-0061-2015Redesign;en-US;22121;23189;1;0
Bellemontfarm.com-0007-2013Redesign;en-US;11497;12518;1;0
Bellemontfarm.com-0007-2013Redesign;en-US;12518;12011;1;0
Casaybelresort.com-0002-2014Redesign;en-US;1533;1613;1;0
Halcyonhotelcherrycreek.com-0061-2015Redesign;en-US;23189;22121;1;0
Cocokeyorlando.com-0059-2015Redesign;en-US;0;12394;1;0
Sandpearl.com-0091-2016Redesign;en-US;23124;22531;1;0
Samosetresort.com-0113-2017Redesign;en-US;0;32541;1;0
Thesagamore.com-0112-2017Redesign;en-US;32339;32349;1;0
Edgewaternaples.com-0094-2016Redesign;en-US;25246;25292;1;0
Monarchbeachresort.com-0092-2016Redesign;en-US;26800;22877;1;0
Glencovemansion.com-0058-2015Redesign;en-US;13328;13340;1;0
Miravalspamonarchbeach.com-0109-2017Redesign;en-US;33978;41673;1;0
Thesagamore.com-0112-2017Redesign;en-US;32349;33479;1;0
Broadmoor.com-0073-2016Redesign;en-US;16793;17269;1;0
Jbdukehotel.com-0086-2016Redesign;en-US;0;21918;1;0
Broadmoor.com-0073-2016Redesign;en-US;17269;16722;1;0
Cocokeyorlando.com-0059-2015Redesign;en-US;0;12394;1;0
Hospitalityupgrade.com-0093-2016Redesign;en-US;0;25405;1;0
Broadmoor.com-0073-2016Redesign;en-US;16793;16722;1;0
Thelodgeatwoodloch.com-0033-2015Redesign;en-US;9920;9801;1;0
Broadmoor.com-0073-2016Redesign;en-US;16751;16755;1;0
Sandpearl.com-0091-2016Redesign;en-US;22531;23178;1;0
Bellemontfarm.com-0007-2013Redesign;en-US;12011;12015;1;0
Oxfordclubspa.com-0068-2016Redesign;en-US;15568;15600;1;0
Longboatkeyclub.com-0104-2017Redesign;en-US;28316;35641;1;0
Oxfordclubspa.com-0068-2016Redesign;en-US;15600;15568;1;0
Broadmoor.com-0073-2016Redesign;en-US;18782;21236;1;0
Thelodgeatwoodloch.com-0033-2015Redesign;en-US;9801;9922;1;0
Broadmoor.com-0073-2016Redesign;en-US;16722;17450;1;0
Theoxfordhotel.com-0062-2015Redesign;en-US;0;14325;1;0
Broadmoor.com-0073-2016Redesign;en-US;23743;16724;1;0
Beverlyhillsresidenceinn.com-0087-2016Redesign;en-US;20999;21044;1;0
