Washingtoncourthotel.com-0076-2016Redesign;en-US;http://sucuri.net/;17858;1;0
Monarchbeachresort.com-0092-2016Redesign;en-US;https://www.google.com/;22725;1;0
Washingtoncourthotel.com-0076-2016Redesign;en-US;http://sucuri.net/;17858;1;0
Washingtoncourthotel.com-0076-2016Redesign;en-US;http://www.google.com/url/;17858;1;0
Abbingtonbanquets.com-0070-2016Redesign;en-US;https://www.google.com/;15789;1;0
Hospitalityupgrade.com-0093-2016Redesign;en-US;https://www.google.com/;22790;1;0
Washingtoncourthotel.com-0076-2016Redesign;en-US;http://www.bing.com/;17933;1;0
Washingtoncourthotel.com-0076-2016Redesign;en-US;http://www.facebook.com/;17932;1;0
theweststreethotel.com-0115-2017Redesign;en-US;https://www.google.com/;37486;1;0
Washingtoncourthotel.com-0076-2016Redesign;en-US;http://sucuri.net/;18039;1;0
Washingtoncourthotel.com-0076-2016Redesign;en-US;http://www.facebook.com/;17935;1;0
Washingtoncourthotel.com-0076-2016Redesign;en-US;http://sucuri.net/;17934;1;0
Broadmoor.com-0073-2016Redesign;en-US;http://login.nomadix.com:1111/web/portal.html;16724;1;0
Broadmoor.com-0073-2016Redesign;en-US;http://login.nomadix.com:1111/web/portal.html;16724;1;0
Cocokeyorlando.com-0059-2015Redesign;en-US;https://www.google.co.uk/;12394;1;0
Cocokeyorlando.com-0059-2015Redesign;en-US;https://www.google.co.uk/;12394;1;0
Lidobeachresort.com-0106-2017Redesign;en-US;https://www.google.com/;28666;1;0
Lidobeachresort.com-0106-2017Redesign;en-US;https://www.google.com/;28666;1;0
Broadmoor.com-0073-2016Redesign;en-US;http://login.nomadix.com:1111/web/portal.html;16724;1;0
Zotabeachresort.com-0090-2016Redesign;en-US;https://www.google.com/;22365;1;0
Broadmoor.com-0073-2016Redesign;en-US;http://login.nomadix.com:1111/web/portal.html;16724;1;0
Broadmoor.com-0073-2016Redesign;en-US;https://www.google.com/;16721;1;0
Springhillsuitesdenver.com-0060-2015Redesign;en-US;https://www.google.com/;12307;1;0
Thesagamore.com-0112-2017Redesign;en-US;https://www.google.com/;33925;1;0
Broadmoor.com-0073-2016Redesign;en-US;http://www.airportvalueinn.com/attractions/;18259;1;0
Broadmoor.com-0073-2016Redesign;en-US;http://tpc.googlesyndication.com/safeframe/1-0-10/html/container.html;16728;1;0
Cocokeyorlando.com-0059-2015Redesign;en-US;https://www.google.com/;12394;1;0
Monarchbeachresort.com-0092-2016Redesign;en-US;https://www.google.com/;22725;1;0
Cocokeyorlando.com-0059-2015Redesign;en-US;https://www.google.com/;12394;1;0
Treasureislandbeachresort.com-0089-2016Redesign;en-US;https://www.google.com/;22184;1;0
Broadmoor.com-0073-2016Redesign;en-US;https://www.google.com/;22159;1;0
Cocokeyorlando.com-0059-2015Redesign;en-US;https://www.google.co.uk/;12394;1;0
Denvercy.com-0036-2015Redesign;en-US;https://www.google.dk/;8150;1;0
Broadmoor.com-0073-2016Redesign;en-US;http://login.nomadix.com:1111/web/portal.html;16724;1;0
Broadmoor.com-0073-2016Redesign;en-US;http://login.nomadix.com:1111/web/portal.html;16724;1;0
Halcyonhotelcherrycreek.com-0061-2015Redesign;en-US;https://uncrate.com/article/halcyon-hotel/;22121;1;0
saddlebrook.com-0011-2014Redesign;en-US;https://www.google.it/;3385;1;0
Broadmoor.com-0073-2016Redesign;en-US;https://www.google.com/;18259;1;0
Springhillsuitesdenver.com-0060-2015Redesign;en-US;https://www.google.com/;12307;1;0
Thecurtis.com-0079-2016Redesign;en-US;https://lm.facebook.com/;17981;1;0
Broadmoor.com-0073-2016Redesign;en-US;https://www.google.com/;16778;1;0
Broadmoor.com-0073-2016Redesign;en-US;https://www.google.com/;16769;1;0
Marriottkeylargo.com-0015-2014Redesign;en-US;http://www.fla-keys.com/webcams/marriott-key-largo-bay/;3948;1;0
Marriottkeylargo.com-0015-2014Redesign;en-US;http://www.fla-keys.com/webcams/marriott-key-largo-bay/;3964;1;0
Monarchbeachresort.com-0092-2016Redesign;en-US;https://www.google.com/;22725;1;0
