Opalsands.com-0084-2016Redesign;en-US;http://m.facebook.com/;20171;1;0
Luxehotels.com-0078-2016Redesign;en-US;https://www.google.com/;18833;1;0
Thesagamore.com-0112-2017Redesign;en-US;https://www.google.com/;32348;1;0
Broadmoor.com-0073-2016Redesign;en-US;https://search.yahoo.com/;16721;1;0
Luxehotels.com-0078-2016Redesign;en-US;https://www.google.com/;18833;1;0
Galthouse.com-0042-2015Redesign;en-US;https://www.google.com/;10558;1;0
Theharborsidehotel.com-0114-2017Redesign;en-US;https://www.google.com/;37584;1;0
Thesagamore.com-0112-2017Redesign;en-US;https://www.google.com/;32339;1;0
Sandylane.com-0075-2016Redesign;en-US;https://www.google.com/;17725;1;0
Theharborsidehotel.com-0114-2017Redesign;en-US;http://www.google.com/;37571;1;0
Theloganhotel.com-0043-2015Redesign;en-US;https://www.google.com/;15047;1;0
Jbdukehotel.com-0086-2016Redesign;en-US;https://www.google.com/;21918;1;0
Broadmoor.com-0073-2016Redesign;en-US;http://www.google.com/;18259;1;0
Halcyonhotelcherrycreek.com-0061-2015Redesign;en-US;https://s0.2mdn.net/ads/richmedia/studio/pv2/60123088/20170327092826609/index.html;22121;1;0
Cphollywoodbeach.com-0032-2015Redesign;en-US;https://www.sunny.org/webcam/;7831;1;0
Theloganhotel.com-0043-2015Redesign;en-US;https://www.google.com/;20218;1;0
Broadmoor.com-0073-2016Redesign;en-US;https://www.google.com/;16793;1;0
Sandpearl.com-0091-2016Redesign;en-US;http://m.facebook.com/;30638;1;0
Washingtondukeinn.com-0024-2014Redesign;en-US;https://www.google.com/;4524;1;0
Theloganhotel.com-0043-2015Redesign;en-US;https://www.google.com/;20218;1;0
Thesagamore.com-0112-2017Redesign;en-US;https://www.google.com/;33451;1;0
Theloganhotel.com-0043-2015Redesign;en-US;https://www.google.com/;15047;1;0
Longboatkeyclub.com-0104-2017Redesign;en-US;https://cse.google.com/cse;29844;1;0
Opalsands.com-0084-2016Redesign;en-US;https://reservations.opalsands.com/opalsands/availability.asp;21201;1;0
Sandpearl.com-0091-2016Redesign;en-US;https://www.google.com/;22481;1;0
Sandpearl.com-0091-2016Redesign;en-US;https://www.google.com/;22481;1;0
Galthouse.com-0042-2015Redesign;en-US;http://www.google.com/;31905;1;0
Galthouse.com-0042-2015Redesign;en-US;http://www.google.com/;31905;1;0
Broadmoor.com-0073-2016Redesign;en-US;http://login.nomadix.com:1111/web/portal.html;16724;1;0
Broadmoor.com-0073-2016Redesign;en-US;http://login.nomadix.com:1111/web/portal.html;16724;1;0
Broadmoor.com-0073-2016Redesign;en-US;https://www.bing.com/;16721;1;0
Broadmoor.com-0073-2016Redesign;en-US;https://www.bing.com/;16721;1;0
Springhillsuitesdenver.com-0060-2015Redesign;en-US;https://www.google.com/;14162;1;0
Secretharbourvi.com-0040-2015Redesign;en-US;https://www.google.com/;9231;1;0
Broadmoor.com-0073-2016Redesign;en-US;https://www.google.com/;16724;1;0
Thesagamore.com-0112-2017Redesign;en-US;https://www.google.com/;33450;1;0
Opalsands.com-0084-2016Redesign;en-US;https://reservations.opalsands.com/opalsands/availability.asp;23636;1;0
Galthouse.com-0042-2015Redesign;en-US;http://www.homefacts.com/hurricane-detail/Dennis-1981-AL101981.html;31905;1;0
Halcyonhotelcherrycreek.com-0061-2015Redesign;en-US;https://www.google.com/;22121;1;0
Thesagamore.com-0112-2017Redesign;en-US;http://www.google.com/;32339;1;0
Zotabeachresort.com-0090-2016Redesign;en-US;https://www.google.com/;23062;1;0
Samosetresort.com-0113-2017Redesign;en-US;https://www.google.com/;32541;1;0
Broadmoor.com-0073-2016Redesign;en-US;https://www.google.com/;16791;1;0
Longboatkeyclub.com-0104-2017Redesign;en-US;https://www.google.com/;29844;1;0
Sandylane.com-0075-2016Redesign;en-US;https://www.google.com.br/;17611;1;0
Sandpearl.com-0091-2016Redesign;en-US;http://m.facebook.com/;30638;1;0
Longboatkeyclub.com-0104-2017Redesign;en-US;http://m.facebook.com/;28316;1;0
Sandpearl.com-0091-2016Redesign;en-US;http://m.facebook.com/;22481;1;0
Theharborsidehotel.com-0114-2017Redesign;en-US;https://www.google.com/;37571;1;0
Theharborsidehotel.com-0114-2017Redesign;en-US;https://www.google.com/;37571;1;0
Springhillsuitesdenver.com-0060-2015Redesign;en-US;https://www.google.com/;12307;1;0
Jupiterbeachresort.com-0103-2017Redesign;en-US;https://www.google.com/;28158;1;0
Samosetresort.com-0113-2017Redesign;en-US;https://www.google.com/;32541;1;0
Jupiterbeachresort.com-0103-2017Redesign;en-US;https://www.google.com/;28158;1;0
Opalsands.com-0084-2016Redesign;en-US;https://www.google.com/;20754;1;0
