Broadmoor.com-0073-2016Redesign;en-US;https://www.google.com/;16790;1;0
Broadmoor.com-0073-2016Redesign;en-US;https://www.google.com/;16721;1;0
Broadmoor.com-0073-2016Redesign;en-US;http://www.google.com/;21232;1;0
Casaybelresort.com-0002-2014Redesign;en-US;https://www.google.com/;1533;1;0
Broadmoor.com-0073-2016Redesign;en-US;http://tpc.googlesyndication.com/safeframe/1-0-10/html/container.html;16728;1;0
Broadmoor.com-0073-2016Redesign;en-US;http://tpc.googlesyndication.com/safeframe/1-0-10/html/container.html;16728;1;0
wentworthcom00212014redesign;en-US;http://www.visitnewengland.com/all/romantic-getaways/;4245;1;0
Broadmoor.com-0073-2016Redesign;en-US;https://l.facebook.com/;18010;1;0
Thesagamore.com-0112-2017Redesign;en-US;http://www.getawaypackages.com/packages/index/Romance/NewYork/;32389;1;0
Bluebirch.com-0072-2016Redesign;en-US;http://cool-wedding.net/;16693;1;0
Thesagamore.com-0112-2017Redesign;en-US;http://www.getawaypackages.com/packages/index/Romance/NewYork/;32389;1;0
Thecurtis.com-0079-2016Redesign;en-US;http://search.pch.com/search/;17981;1;0
Thesagamore.com-0112-2017Redesign;en-US;http://www.boltonchamber.com/bolton-landing-dining.asp;32339;1;0
Thesagamore.com-0112-2017Redesign;en-US;http://www.boltonchamber.com/bolton-landing-dining.asp;32339;1;0
Monarchbeachresort.com-0092-2016Redesign;en-US;http://kslresorts.mlinks.contact-client.com/a/631/click/4444440/743234839/_4e9df384bb14d4126231a8adc347a20e2071baa9/64ea133a3550ae56d16ee47147183f6f5a773189;26788;1;0
Thesagamore.com-0112-2017Redesign;en-US;https://www.google.com/;32339;1;0
wentworthcom00212014redesign;en-US;http://northeastwinefestivals.com/;5063;1;0
Thesagamore.com-0112-2017Redesign;en-US;https://www.google.com/;32339;1;0
Monarchbeachresort.com-0092-2016Redesign;en-US;http://kslresorts.mlinks.contact-client.com/a/631/click/4444440/743234839/_5f3d7eaee6dad3035c85a718c4f258051cd5ea98/64ea133a3550ae56d16ee47147183f6f5a773189;22725;1;0
Galthouse.com-0042-2015Redesign;en-US;https://www.google.com/;31905;1;0
Broadmoor.com-0073-2016Redesign;en-US;https://www.google.com/;18013;1;0
Galthouse.com-0042-2015Redesign;en-US;https://www.google.com/;31905;1;0
Monarchbeachresort.com-0092-2016Redesign;en-US;http://kslresorts.mlinks.contact-client.com/a/631/click/4444440/743234839/_b2b5363f22bc2c8549f02b25ba667bbdfd692472/64ea133a3550ae56d16ee47147183f6f5a773189;22785;1;0
Sandpearl.com-0091-2016Redesign;en-US;https://www.google.com/;22481;1;0
Thesagamore.com-0112-2017Redesign;en-US;http://www.newyorkupstate.com/places-to-stay/2016/03/six_luxury_experiences_at_upstate_new_york_resorts.html;32339;1;0
Thesagamore.com-0112-2017Redesign;en-US;http://www.newyorkupstate.com/places-to-stay/2016/03/six_luxury_experiences_at_upstate_new_york_resorts.html;32339;1;0
