Thesagamore.com-0112-2017Redesign;en-US;android-app://com.google.android.googlequicksearchbox/https/www.google.com;32339;1;0
Galthouse.com-0042-2015Redesign;en-US;https://s0.2mdn.net/ads/richmedia/studio/pv2/60042160/20170110091718066/index.html;10923;1;0
Casaybelresort.com-0002-2014Redesign;en-US;https://www.google.com/;1613;1;0
Lidobeachresort.com-0106-2017Redesign;en-US;http://t.co/sKyVAQ0iGP;28666;1;0
Lidobeachresort.com-0106-2017Redesign;en-US;http://t.co/sKyVAQ0iGP;28666;1;0
Broadmoor.com-0073-2016Redesign;en-US;http://login.nomadix.com:1111/web/portal.html;16724;1;0
Casaybelresort.com-0002-2014Redesign;en-US;https://www.google.co.uk/;1533;1;0
Broadmoor.com-0073-2016Redesign;en-US;http://login.nomadix.com:1111/web/portal.html;16724;1;0
Halcyonhotelcherrycreek.com-0061-2015Redesign;en-US;https://www.bing.com/;23287;1;0
Cphollywoodbeach.com-0032-2015Redesign;en-US;https://www.sunny.org/webcam/;7831;1;0
saddlebrook.com-0011-2014Redesign;en-US;https://www.google.com/;3453;1;0
Cphollywoodbeach.com-0032-2015Redesign;en-US;https://www.sunny.org/webcam/;7831;1;0
Longboatkeyclub.com-0104-2017Redesign;en-US;http://www.google.com/;28317;1;0
Broadmoor.com-0073-2016Redesign;en-US;http://m.facebook.com/;16721;1;0
Broadmoor.com-0073-2016Redesign;en-US;https://s0.2mdn.net/ads/richmedia/studio/pv2/60321909/20170829133511097/index.html;18014;1;0
Casaybelresort.com-0002-2014Redesign;en-US;http://r.search.yahoo.com/_ylt=AwrBTz5pdLZZqxQAllxx.9w4##SEMICOLONDELIMITER##_ylu=X3oDMTBydDI5cXVuBGNvbG8DYmYxBHBvcwM2BHZ0aWQDBHNlYwNzcg--/RV=2/RE=1505158377/RO=10/RU=http%3a//www.casaybelresort.com/web-cam//RK=1/RS=1oVgk0jnEMY1.seNYDdA_eIASlg-;1613;1;0
Edgewaternaples.com-0094-2016Redesign;en-US;https://r.search.yahoo.com/_ylt=A0SO81KndLZZbYoA8DHBGOd_##SEMICOLONDELIMITER##_ylu=X3oDMTByYnR1Zmd1BGNvbG8DZ3ExBHBvcwMyBHZ0aWQDBHNlYwNzcg--/RV=2/RE=1505158439/RO=10/RU=https%3a//www.edgewaternaples.com//RK=1/RS=VlkdAtqKjyA8M.OGLLLrtsXcz1o-;25239;1;0
Thesagamore.com-0112-2017Redesign;en-US;https://www.google.com/;32339;1;0
Thesagamore.com-0112-2017Redesign;en-US;https://www.google.com/;32339;1;0
Casaybelresort.com-0002-2014Redesign;en-US;https://www.google.com.ar/;1613;1;0
Cphollywoodbeach.com-0032-2015Redesign;en-US;https://www.google.ca/;7831;1;0
Longboatkeyclub.com-0104-2017Redesign;en-US;https://www.google.co.uk/;28317;1;0
Longboatkeyclub.com-0104-2017Redesign;en-US;https://worldcam.eu/webcams/north-america/florida-usa/15728;28317;1;0
Cphollywoodbeach.com-0032-2015Redesign;en-US;https://www.sunny.org/webcam/;7831;1;0
Cphollywoodbeach.com-0032-2015Redesign;en-US;https://www.sunny.org/webcam/;7831;1;0
Casaybelresort.com-0002-2014Redesign;en-US;https://www.google.com/;1533;1;0
Longboatkeyclub.com-0104-2017Redesign;en-US;https://www.google.de/;28317;1;0
Casaybelresort.com-0002-2014Redesign;en-US;https://www.google.com/;1613;1;0
Thesagamore.com-0112-2017Redesign;en-US;https://www.google.com/;32339;1;0
Broadmoor.com-0073-2016Redesign;en-US;http://highlandsranchfoodie.com/;16769;1;0
Cphollywoodbeach.com-0032-2015Redesign;en-US;https://www.bing.com/;7831;1;0
Cphollywoodbeach.com-0032-2015Redesign;en-US;https://www.google.com/;7831;1;0
Cphollywoodbeach.com-0032-2015Redesign;en-US;https://www.google.ca/;7831;1;0
Cphollywoodbeach.com-0032-2015Redesign;en-US;https://www.sunny.org/webcam/;7831;1;0
Cphollywoodbeach.com-0032-2015Redesign;en-US;https://www.sunny.org/webcam/;7831;1;0
Longboatkeyclub.com-0104-2017Redesign;en-US;https://www.google.com/;28317;1;0
