Theoxfordhotel.com-0062-2015Redesign;en-US;https://www.google.com/;14325;1;0
wentworthcom00212014redesign;en-US;https://www.google.com/;4306;1;0
Thesagamore.com-0112-2017Redesign;en-US;https://www.google.com/;32339;1;0
Galthouse.com-0042-2015Redesign;en-US;https://www.google.com/;31905;1;0
Chrco.com-0107-2017Redesign;en-US;https://www.google.com/;29280;1;0
Broadmoor.com-0073-2016Redesign;en-US;https://tpc.googlesyndication.com/safeframe/1-0-10/html/container.html;16728;1;0
Thecrawfordhotel.com-0074-2016Redesign;en-US;https://s0.2mdn.net/4675207/1446040838863/TheCrawfordHotel-2015Q4-Concept1-160x600.html;17145;1;0
Thesagamore.com-0112-2017Redesign;en-US;https://www.google.com/;32339;1;0
wentworthcom00212014redesign;en-US;https://www.bing.com/;26679;1;0
Thecurtis.com-0079-2016Redesign;en-US;https://www.google.com/;17981;1;0
Theoxfordhotel.com-0062-2015Redesign;en-US;https://www.google.com/;14325;1;0
Renaissancepittsburghpa.com-0044-2015Redesign;en-US;https://www.bing.com/;9685;1;0
Washingtondukeinn.com-0024-2014Redesign;en-US;https://www.bing.com/;4524;1;0
Washingtondukeinn.com-0024-2014Redesign;en-US;https://www.bing.com/;4524;1;0
Washingtoncourthotel.com-0076-2016Redesign;en-US;https://www.google.com/;17858;1;0
Thesagamore.com-0112-2017Redesign;en-US;https://www.google.com/;32339;1;0
Bellemontfarm.com-0007-2013Redesign;en-US;https://www.google.com/;11497;1;0
Lidobeachresort.com-0106-2017Redesign;en-US;https://www.google.com/;28666;1;0
Lidobeachresort.com-0106-2017Redesign;en-US;https://www.google.com/;28666;1;0
Theharborsidehotel.com-0114-2017Redesign;en-US;http://www.barharborinfo.com/All-Members/HARBORSIDE-HOTEL,-SPA-AND-MARINA.aspx;37571;1;0
Theharborsidehotel.com-0114-2017Redesign;en-US;http://www.barharborinfo.com/All-Members/HARBORSIDE-HOTEL,-SPA-AND-MARINA.aspx;37571;1;0
Broadmoor.com-0073-2016Redesign;en-US;https://www.google.com/;16742;1;0
saddlebrook.com-0011-2014Redesign;en-US;https://www.google.com/;3469;1;0
Galthouse.com-0042-2015Redesign;en-US;https://kytesol.wildapricot.org/;31905;1;0
Broadmoor.com-0073-2016Redesign;en-US;http://login.nomadix.com:1111/web/portal.html;16724;1;0
Broadmoor.com-0073-2016Redesign;en-US;http://login.nomadix.com:1111/web/portal.html;16724;1;0
Broadmoor.com-0073-2016Redesign;en-US;http://login.nomadix.com:1111/web/portal.html;16724;1;0
Broadmoor.com-0073-2016Redesign;en-US;http://login.nomadix.com:1111/web/portal.html;16724;1;0
Longboatkeyclub.com-0104-2017Redesign;en-US;https://www.google.com/;28316;1;0
Monarchbeachresort.com-0092-2016Redesign;en-US;https://search.yahoo.com/search##SEMICOLONDELIMITER##_ylc=X3oDMTFiaHBhMnJmBF9TAzIwMjM1MzgwNzUEaXRjAzEEc2VjA3NyY2hfcWEEc2xrA3NyY2hhc3Q-;22725;1;0
Longboatkeyclub.com-0104-2017Redesign;en-US;https://www.google.com/;28316;1;0
Opalsands.com-0084-2016Redesign;en-US;https://www.google.com/;20171;1;0
Opalsands.com-0084-2016Redesign;en-US;https://www.google.com/;20171;1;0
Cphollywoodbeach.com-0032-2015Redesign;en-US;http://m.facebook.com/;8282;1;0
Longboatkeyclub.com-0104-2017Redesign;en-US;https://www.google.com/;28316;1;0
Thecrawfordhotel.com-0074-2016Redesign;en-US;http://m.facebook.com/;17145;1;0
Samosetresort.com-0113-2017Redesign;en-US;https://schock-store.ru/;32551;1;0
wentworthcom00212014redesign;en-US;https://www.google.com/;26679;1;0
Jupiterbeachresort.com-0103-2017Redesign;en-US;https://www.google.com/;28158;1;0
saddlebrook.com-0011-2014Redesign;en-US;https://www.google.com/;3486;1;0
Samosetresort.com-0113-2017Redesign;en-US;https://schock-store.ru/;32551;1;0
Zotabeachresort.com-0090-2016Redesign;en-US;https://www.google.com/;22357;1;0
Zotabeachresort.com-0090-2016Redesign;en-US;https://www.google.com/;22357;1;0
Jupiterbeachresort.com-0103-2017Redesign;en-US;https://www.google.com/;28158;1;0
Galthouse.com-0042-2015Redesign;en-US;https://www.google.com/;10055;1;0
Longboatkeyclub.com-0104-2017Redesign;en-US;https://www.google.com/;28316;1;0
Hi-nyc.com-0108-2017Redesogm;en-US;https://www.google.com/;30080;1;0
Longboatkeyclub.com-0104-2017Redesign;en-US;https://www.google.com/;28316;1;0
Unionstationhotelnashville.com-0047-2015Redesign;en-US;https://www.google.com/;32226;1;0
Unionstationhotelnashville.com-0047-2015Redesign;en-US;https://www.google.com/;32226;1;0
Monarchbeachresort.com-0092-2016Redesign;en-US;https://www.google.com/;22725;1;0
Washingtoncourthotel.com-0076-2016Redesign;en-US;https://www.google.com/;17858;1;0
