Hospitalityupgrade.com-0093-2016Redesign;en-US;https://www.google.com/;37631;1;0
Longboatkeyclub.com-0104-2017Redesign;en-US;https://www.google.com/;28316;1;0
Secretharbourvi.com-0040-2015Redesign;en-US;http://www.aadivers.com/about.php;9231;1;0
Thecurtis.com-0079-2016Redesign;en-US;https://www.google.com/;17981;1;0
Thesagamore.com-0112-2017Redesign;en-US;https://www.google.com/;32339;1;0
theweststreethotel.com-0115-2017Redesign;en-US;https://www.google.com/;36683;1;0
Broadmoor.com-0073-2016Redesign;en-US;https://r.search.yahoo.com/cbclk2/dWU9QUJFMjE5RURBMDU2NEI4NSZ1dD0xNTA0Nzk2MDg1MDAwJnVvPTE1MzE5ODM1NTg0Jmx0PTImZXM9LkgueXhkb0dQUy5ScURaWCZqZT03YzllMzE0Ni05M2RjLTExZTctYWM4Ni0wMDhjZmE1YjYyZmMtN2YzYzI2ZmMzNzAwJnVpPTc2LjcyLjE4My43Jmp0PTE1MDQ3OTYwODUwOTEmcHA9bjE-/RV=2/RE=1504824885/RO=10/RU=https%3a//35001278.r.bat.bing.com/%3fld%3dd3kOjDoOYwgc2ND_pef51VDzVUCUwHfCa-o7ft5o8HwZEnK3oKinpOIh28clZAyKselyd496t1ca9CEpmdyTHnKHu0iCiiBac1navQe2dAIiPRqnCI9PDZwKOO604_L2lRAUcFsPPQe2_79obKQcmyyRGDIwZUxf1W5FAG2pgNfFDko47c%26u%3dhttp%253a%252f%252fclickserve.dartsearch.net%252flink%252fclick%253flid%253d43700016115541598%2526ds_s_kwgid%253d58700002054496142%2526ds_e_adid%253d15319835584%2526ds_url_v%253d2/RK=1/RS=5BIO.ojSo15hIZloCa7.4_W7I1Y-##SEMICOLONDELIMITER##_ylt=A0LEVxC1XbFZXu4AXiBXNyoA##SEMICOLONDELIMITER##_ylu=X3oDMTB2c2lzOGFwBGNvbG8DYmYxBHBvcwMxBHZ0aWQDBHNlYwNvdi10b3A-##SEMICOLONDELIMITER##_ylc=X3IDMgRydAMx;22720;1;0
Samosetresort.com-0113-2017Redesign;en-US;https://www.google.com/;32541;1;0
Thelodgeatwoodloch.com-0033-2015Redesign;en-US;https://www.google.com/;7764;1;0
Broadmoor.com-0073-2016Redesign;en-US;https://l.facebook.com/l.php;18013;1;0
Samosetresort.com-0113-2017Redesign;en-US;https://www.google.ca/;35284;1;0
Edgewaternaples.com-0094-2016Redesign;en-US;https://www.google.com.ar/;25239;1;0
Sandylane.com-0075-2016Redesign;en-US;https://www.google.com/;17611;1;0
Thesagamore.com-0112-2017Redesign;en-US;http://www.newyorkupstate.com/places-to-stay/2016/03/six_luxury_experiences_at_upstate_new_york_resorts.html;32339;1;0
Broadmoor.com-0073-2016Redesign;en-US;http://login.nomadix.com:1111/web/portal.html;16724;1;0
Thesagamore.com-0112-2017Redesign;en-US;http://www.newyorkupstate.com/places-to-stay/2016/03/six_luxury_experiences_at_upstate_new_york_resorts.html;32339;1;0
Broadmoor.com-0073-2016Redesign;en-US;http://login.nomadix.com:1111/web/portal.html;16724;1;0
Thecrawfordhotel.com-0074-2016Redesign;en-US;https://www.google.com/;17145;1;0
Lidobeachresort.com-0106-2017Redesign;en-US;http://www.baidu.com/;28666;1;0
Lidobeachresort.com-0106-2017Redesign;en-US;http://www.baidu.com/;28666;1;0
Cphollywoodbeach.com-0032-2015Redesign;en-US;http://www.google.com/;7831;1;0
Thelodgeatwoodloch.com-0033-2015Redesign;en-US;https://www.google.com/;7764;1;0
Longboatkeyclub.com-0104-2017Redesign;en-US;https://www.google.com/;28316;1;0
Cphollywoodbeach.com-0032-2015Redesign;en-US;https://www.sunny.org/webcam/;7831;1;0
Washingtondukeinn.com-0024-2014Redesign;en-US;https://www.google.com/;4524;1;0
Jupiterbeachresort.com-0103-2017Redesign;en-US;http://www.opalcollection.com/jupiter-beach-resort-spa/;28165;1;0
Jupiterbeachresort.com-0103-2017Redesign;en-US;http://www.opalcollection.com/jupiter-beach-resort-spa/;28165;1;0
Unionstationhotelnashville.com-0047-2015Redesign;en-US;https://www.google.com/;32226;1;0
Thecurtis.com-0079-2016Redesign;en-US;https://www.google.com/;17981;1;0
Cphollywoodbeach.com-0032-2015Redesign;en-US;https://www.google.co.uk/;7854;1;0
Sandpearl.com-0091-2016Redesign;en-US;http://www.coastalliving.com/travel/gulf-coast/clearwater-florida-travel-guide;22481;1;0
Sandpearl.com-0091-2016Redesign;en-US;http://www.coastalliving.com/travel/gulf-coast/clearwater-florida-travel-guide;22481;1;0
Broadmoor.com-0073-2016Redesign;en-US;http://login.nomadix.com:1111/web/portal.html;16724;1;0
Jupiterbeachresort.com-0103-2017Redesign;en-US;https://www.google.com/;28158;1;0
Broadmoor.com-0073-2016Redesign;en-US;http://login.nomadix.com:1111/web/portal.html;16724;1;0
Jupiterbeachresort.com-0103-2017Redesign;en-US;https://www.google.com/;28158;1;0
Broadmoor.com-0073-2016Redesign;en-US;https://www.google.com/;23743;1;0
Broadmoor.com-0073-2016Redesign;en-US;https://www.google.com/;18259;1;0
Napavalleymarriott.com-0071-2016Redesign;en-US;https://www.google.com/;16432;1;0
saddlebrook.com-0011-2014Redesign;en-US;https://www.google.com/;3385;1;0
