Thelodgeatwoodloch.com-0033-2015Redesign;en-US;https://www.google.com/;7764;1;0
Marriottkeylargo.com-0015-2014Redesign;en-US;http://www.fla-keys.com/webcams/marriott-key-largo-bay/;3964;1;0
Cocokeyorlando.com-0059-2015Redesign;en-US;https://www.google.com.br/;12394;1;0
Cocokeyorlando.com-0059-2015Redesign;en-US;https://www.google.com.br/;12394;1;0
Cphollywoodbeach.com-0032-2015Redesign;en-US;https://www.google.ca/;7831;1;0
Lidobeachresort.com-0106-2017Redesign;en-US;http://www.baidu.com/;28666;1;0
Treasureislandbeachresort.com-0089-2016Redesign;en-US;https://www.bing.com/;22169;1;0
Lidobeachresort.com-0106-2017Redesign;en-US;http://www.baidu.com/;28666;1;0
Broadmoor.com-0073-2016Redesign;en-US;http://www.duderanches.com/;18013;1;0
Cphollywoodbeach.com-0032-2015Redesign;en-US;https://www.sunny.org/webcam/;7831;1;0
Lidobeachresort.com-0106-2017Redesign;en-US;https://www.google.dk/;28666;1;0
Broadmoor.com-0073-2016Redesign;en-US;https://www.bing.com/;16721;1;0
Sandpearl.com-0091-2016Redesign;en-US;https://www.google.com/;22481;1;0
Sandpearl.com-0091-2016Redesign;en-US;https://www.google.com/;22481;1;0
Sandpearl.com-0091-2016Redesign;en-US;http://www.techpageone.co.uk/;22481;1;0
Cphollywoodbeach.com-0032-2015Redesign;en-US;https://www.sunny.org/webcam/;7831;1;0
Sandpearl.com-0091-2016Redesign;en-US;http://www.techpageone.co.uk/;22481;1;0
Montaukyachtclub.com-0010-2014Redesign;en-US;https://www.google.com/;2280;1;0
Broadmoor.com-0073-2016Redesign;en-US;http://login.nomadix.com:1111/web/portal.html;16724;1;0
Broadmoor.com-0073-2016Redesign;en-US;http://login.nomadix.com:1111/web/portal.html;16724;1;0
Sandpearl.com-0091-2016Redesign;en-US;http://www.techpageone.co.uk/;23082;1;0
Cphollywoodbeach.com-0032-2015Redesign;en-US;https://www.google.com/;7811;1;0
Sandpearl.com-0091-2016Redesign;en-US;http://www.techpageone.co.uk/;23082;1;0
saddlebrook.com-0011-2014Redesign;en-US;http://www.google.com/;3469;1;0
