Monarchbeachresort.com-0092-2016Redesign;en-US;https://www.google.com/;22865;1;0
Thelodgeatwoodloch.com-0033-2015Redesign;en-US;https://www.google.com/;7764;1;0
Edgewaternaples.com-0094-2016Redesign;en-US;https://reservations.edgewaternaples.com/edgewaternaples/availability.asp;25287;1;0
Halcyonhotelcherrycreek.com-0061-2015Redesign;en-US;https://uncrate.com/;22121;1;0
Galthouse.com-0042-2015Redesign;en-US;https://www.google.com/;31905;1;0
Galthouse.com-0042-2015Redesign;en-US;https://www.google.com/;31905;1;0
Jbdukehotel.com-0086-2016Redesign;en-US;https://www.google.com/;21921;1;0
Monarchbeachresort.com-0092-2016Redesign;en-US;https://www.google.com/;22973;1;0
Broadmoor.com-0073-2016Redesign;en-US;http://login.nomadix.com:1111/web/portal.html;16724;1;0
Broadmoor.com-0073-2016Redesign;en-US;http://login.nomadix.com:1111/web/portal.html;16724;1;0
Theloganhotel.com-0043-2015Redesign;en-US;http://172.20.0.1:8000/;20218;1;0
Cendyn.com-0095-2016Redesign;en-US;https://www.google.com/;26640;1;0
Lidobeachresort.com-0106-2017Redesign;en-US;http://www.google.com/;28666;1;0
Thesagamore.com-0112-2017Redesign;en-US;https://r.search.yahoo.com/_ylt=AwrBT7dzrqpZGdUA2lFx.9w4##SEMICOLONDELIMITER##_ylu=X3oDMTE0bGhyaDE4BGNvbG8DYmYxBHBvcwMxBHZ0aWQDVUkyRkJUM18xBHNlYwNzcg--/RV=2/RE=1504386803/RO=10/RU=https%3a//www.thesagamore.com/spa//RK=1/RS=H8yHWOkQ0tCW6XVB_H3XrebIhP4-;32348;1;0
Lidobeachresort.com-0106-2017Redesign;en-US;http://www.google.com/;28666;1;0
Sandylane.com-0075-2016Redesign;en-US;https://www.bing.com/;17611;1;0
saddlebrook.com-0011-2014Redesign;en-US;https://www.google.com/;3385;1;0
Longboatkeyclub.com-0104-2017Redesign;en-US;http://m.facebook.com/;28316;1;0
Broadmoor.com-0073-2016Redesign;en-US;http://login.nomadix.com:1111/web/portal.html;16724;1;0
Broadmoor.com-0073-2016Redesign;en-US;http://login.nomadix.com:1111/web/portal.html;16724;1;0
Broadmoor.com-0073-2016Redesign;en-US;http://login.nomadix.com:1111/web/portal.html;16724;1;0
Kittitianhill.com-0012-2014Redesign;en-US;https://www.google.com/;2236;1;0
Broadmoor.com-0073-2016Redesign;en-US;http://login.nomadix.com:1111/web/portal.html;16724;1;0
Napavalleymarriott.com-0071-2016Redesign;en-US;https://www.google.com/;16432;1;0
Secretharbourvi.com-0040-2015Redesign;en-US;http://www.google.com/;9231;1;0
Thesagamore.com-0112-2017Redesign;en-US;https://www.bing.com/;32339;1;0
Thecrawfordhotel.com-0074-2016Redesign;en-US;https://www.google.com/;17145;1;0
Galthouse.com-0042-2015Redesign;en-US;https://www.google.com/;31905;1;0
Jbdukehotel.com-0086-2016Redesign;en-US;https://www.google.com/;21918;1;0
Lidobeachresort.com-0106-2017Redesign;en-US;https://www.google.com.ar/;28666;1;0
Samosetresort.com-0113-2017Redesign;en-US;https://www.google.com/;32541;1;0
Thecrawfordhotel.com-0074-2016Redesign;en-US;https://www.google.com/;17145;1;0
Marriottkeylargo.com-0015-2014Redesign;en-US;http://www.ophotels.com/locator/;3948;1;0
wentworthcom00212014redesign;en-US;http://www.ophotels.com/locator/;26679;1;0
Kittitianhill.com-0012-2014Redesign;en-US;https://www.google.com/;2301;1;0
Marriottdelraybeach.com-0009-2014Redesign;en-US;http://www.ophotels.com/locator/;2829;1;0
Broadmoor.com-0073-2016Redesign;en-US;https://www.google.com/;16721;1;0
Jupiterbeachresort.com-0103-2017Redesign;en-US;http://www.ophotels.com/locator/;28158;1;0
Thesagamore.com-0112-2017Redesign;en-US;http://www.ophotels.com/locator/;32339;1;0
Lakeplacidlodge.com-0105-2017Redesign;en-US;http://www.ophotels.com/locator/;28545;1;0
Lidobeachresort.com-0106-2017Redesign;en-US;http://www.ophotels.com/locator/;28666;1;0
Delraysandsresort.com-0097-2016Redesign;en-US;http://www.ophotels.com/locator/;27232;1;0
Longboatkeyclub.com-0104-2017Redesign;en-US;http://www.ophotels.com/locator/;35641;1;0
Samosetresort.com-0113-2017Redesign;en-US;http://www.ophotels.com/locator/;32541;1;0
Theharborsidehotel.com-0114-2017Redesign;en-US;http://www.ophotels.com/locator/;37571;1;0
Samosetresort.com-0113-2017Redesign;en-US;http://www.ophotels.com/locator/;32541;1;0
theweststreethotel.com-0115-2017Redesign;en-US;http://www.ophotels.com/locator/;36683;1;0
Thecurtis.com-0079-2016Redesign;en-US;https://www.google.com/;17981;1;0
Treasureislandbeachresort.com-0089-2016Redesign;en-US;https://www.google.com/;22169;1;0
wentworthcom00212014redesign;en-US;http://www.marriott.com/hotels/hotel-information/fitness-spa-services/psmww-wentworth-by-the-sea-a-marriott-hotel-and-spa/;4250;1;0
