Broadmoor.com-0073-2016Redesign;en-US;http://login.nomadix.com:1111/web/portal.html;16724;1;0
Cphollywoodbeach.com-0032-2015Redesign;en-US;https://www.sunny.org/webcam/;7831;1;0
Opalsands.com-0084-2016Redesign;en-US;http://www.beachtourism.com/opalsandsresort/;20171;1;0
Longboatkeyclub.com-0104-2017Redesign;en-US;http://dverimegapolis.ru/;28316;1;0
saddlebrook.com-0011-2014Redesign;en-US;https://www.bing.com/;4538;1;0
Longboatkeyclub.com-0104-2017Redesign;en-US;http://dverimegapolis.ru/;28316;1;0
Cphollywoodbeach.com-0032-2015Redesign;en-US;https://www.sunny.org/webcam/;7831;1;0
Casaybelresort.com-0002-2014Redesign;en-US;https://www.google.com/;1613;1;0
Cphollywoodbeach.com-0032-2015Redesign;en-US;https://www.sunny.org/webcam/;7831;1;0
Longboatkeyclub.com-0104-2017Redesign;en-US;https://www.google.com/;28316;1;0
Thesagamore.com-0112-2017Redesign;en-US;https://www.google.com/;32339;1;0
Thesagamore.com-0112-2017Redesign;en-US;https://www.google.com/;32339;1;0
Cphollywoodbeach.com-0032-2015Redesign;en-US;https://www.sunny.org/webcam/;7831;1;0
Opalsands.com-0084-2016Redesign;en-US;http://www.beachtourism.com/opalsandsresort/;20171;1;0
Opalsands.com-0084-2016Redesign;en-US;https://r.search.yahoo.com/_ylt=AwrBT.GTfbZZRd8AAnxXNyoA##SEMICOLONDELIMITER##_ylu=X3oDMTExcjZhcGFzBGNvbG8DYmYxBHBvcwMxBHZ0aWQDVUlDMV8xBHNlYwNzcg--/RV=2/RE=1505160724/RO=10/RU=https%3a//www.opalsands.com//RK=1/RS=re7pbbmusnZlXaNNKmgScBjF_Lc-;20171;1;0
Longboatkeyclub.com-0104-2017Redesign;en-US;https://worldcam.eu/webcams/north-america/florida-usa/15728;28316;1;0
Cphollywoodbeach.com-0032-2015Redesign;en-US;https://www.google.ca/;7831;1;0
Longboatkeyclub.com-0104-2017Redesign;en-US;https://r.search.yahoo.com/_ylt=A0LEV0ePfbZZiRcAl9VXNyoA##SEMICOLONDELIMITER##_ylu=X3oDMTEybmRjZG45BGNvbG8DYmYxBHBvcwMxBHZ0aWQDQjM5MTlfMQRzZWMDc3I-/RV=2/RE=1505160720/RO=10/RU=https%3a//www.longboatkeyclub.com//RK=1/RS=Bj.HHlzOhyvFMraTkVXb1YXqdb8-;28316;1;0
Samosetresort.com-0113-2017Redesign;en-US;http://hauteliving.com/2017/06/quick-hits-a-weekend-escape-to-the-flume-cottage/638800/;32541;1;0
Chrco.com-0107-2017Redesign;en-US;http://r.search.yahoo.com/_ylt=A0LEV1ObfbZZ26cAehhx.9w4##SEMICOLONDELIMITER##_ylu=X3oDMTByMjB0aG5zBGNvbG8DYmYxBHBvcwMxBHZ0aWQDBHNlYwNzYw--/RV=2/RE=1505160731/RO=10/RU=http%3a//www.chrco.com//RK=1/RS=ifmuxGumGHhvt4jbUbCLjSYlyII-;29280;1;0
Samosetresort.com-0113-2017Redesign;en-US;http://hauteliving.com/2017/06/quick-hits-a-weekend-escape-to-the-flume-cottage/638800/;32541;1;0
Theharborsidehotel.com-0114-2017Redesign;en-US;http://www.acadiamagic.com/acadia-lodging/hotels_motels.html;37571;1;0
Casaybelresort.com-0002-2014Redesign;en-US;https://www.google.com/;1613;1;0
Longboatkeyclub.com-0104-2017Redesign;en-US;https://www.google.com/;28317;1;0
Cphollywoodbeach.com-0032-2015Redesign;en-US;https://www.google.ca/;7831;1;0
Lidobeachresort.com-0106-2017Redesign;en-US;http://www.google.com/;28667;1;0
Cphollywoodbeach.com-0032-2015Redesign;en-US;https://www.google.com/;7831;1;0
Casaybelresort.com-0002-2014Redesign;en-US;http://board.bestofsanibelcaptiva.com/viewtopic.php;1613;1;0
Cphollywoodbeach.com-0032-2015Redesign;en-US;https://www.sunny.org/webcam/;7831;1;0
Broadmoor.com-0073-2016Redesign;en-US;https://www.bing.com/;16721;1;0
Cphollywoodbeach.com-0032-2015Redesign;en-US;http://www.google.ca/;7831;1;0
Cphollywoodbeach.com-0032-2015Redesign;en-US;https://www.google.com/;7831;1;0
Opalsands.com-0084-2016Redesign;en-US;https://www.google.com/;20171;1;0
Thesagamore.com-0112-2017Redesign;en-US;https://www.google.com/;32339;1;0
Broadmoor.com-0073-2016Redesign;en-US;https://www.google.com/;16721;1;0
Broadmoor.com-0073-2016Redesign;en-US;https://www.google.com/;16721;1;0
Thesagamore.com-0112-2017Redesign;en-US;https://www.google.com/;32339;1;0
Sandpearl.com-0091-2016Redesign;en-US;https://www.google.com/;22488;1;0
Cphollywoodbeach.com-0032-2015Redesign;en-US;https://www.google.com/;7831;1;0
Opalsands.com-0084-2016Redesign;en-US;https://www.google.co.uk/;40846;1;0
Cphollywoodbeach.com-0032-2015Redesign;en-US;https://www.sunny.org/webcam/;7831;1;0
Opalsands.com-0084-2016Redesign;en-US;https://www.google.com/;20171;1;0
Opalsands.com-0084-2016Redesign;en-US;https://www.google.com/;20171;1;0
Casaybelresort.com-0002-2014Redesign;en-US;https://duckduckgo.com/;1613;1;0
saddlebrook.com-0011-2014Redesign;en-US;https://www.bing.com/;4538;1;0
Broadmoor.com-0073-2016Redesign;en-US;https://www.google.com/;16721;1;0
Jupiterbeachresort.com-0103-2017Redesign;en-US;https://www.google.com/;28158;1;0
Galthouse.com-0042-2015Redesign;en-US;http://www.kfcyumcenter.com/plan-your-visit/where-to-stay;31905;1;0
Treasureislandbeachresort.com-0089-2016Redesign;en-US;https://www.google.ch/;22169;1;0
Galthouse.com-0042-2015Redesign;en-US;http://www.kfcyumcenter.com/plan-your-visit/where-to-stay;31905;1;0
Treasureislandbeachresort.com-0089-2016Redesign;en-US;https://www.google.ch/;22169;1;0
Lidobeachresort.com-0106-2017Redesign;en-US;https://www.google.com/;28667;1;0
Longboatkeyclub.com-0104-2017Redesign;en-US;https://de.worldcam.eu/webcams/north-america/florida-usa/15728;28317;1;0
Longboatkeyclub.com-0104-2017Redesign;en-US;https://worldcam.eu/webcams/north-america/florida-usa/15728;28317;1;0
