Monarchbeachresort.com-0092-2016Redesign;en-US;https://www.google.com/;22725;1;0
Thecurtis.com-0079-2016Redesign;en-US;https://www.google.com/;17981;1;0
Residenceinnnyc.com-0034-2015Redesign;en-US;https://search.yahoo.com/yhs/search##SEMICOLONDELIMITER##_ylt=A0LEVjFk.q5Z9hoAsA8PxQt.##SEMICOLONDELIMITER##_ylc=X1MDMjExNDcwMDU1OQRfcgMyBGZyA3locy1hZGstYWRrX3NibnQEZ3ByaWQDWmlDVXRfQWdSY3VTcXlzNjIuYXZoQQRuX3JzbHQDMARuX3N1Z2cDMARvcmlnaW4Dc2VhcmNoLnlhaG9vLmNvbQRwb3MDMARwcXN0cgMEcHFzdHJsAzAEcXN0cmwDNjAEcXVlcnkDcmVzaWRlbmNlJTIwaW5uJTIwZG93bnRvd24lMjBtYXJyaW90dCUyMDE3MCUyMGJyb2Fkd2F5JTIwbnljBHRfc3RtcAMxNTA0NjQwMTg2;7926;1;0
saddlebrook.com-0011-2014Redesign;en-US;https://www.google.com/;3385;1;0
Galthouse.com-0042-2015Redesign;en-US;https://www.google.com/;31905;1;0
Galthouse.com-0042-2015Redesign;en-US;https://www.google.com/;31905;1;0
Casaybelresort.com-0002-2014Redesign;en-US;https://www.google.com/;1627;1;0
Broadmoor.com-0073-2016Redesign;en-US;https://www.searchencrypt.com/;16755;1;0
Monarchbeachresort.com-0092-2016Redesign;en-US;https://www.google.ch/;22725;1;0
saddlebrook.com-0011-2014Redesign;en-US;https://www.bing.com/;4538;1;0
Broadmoor.com-0073-2016Redesign;en-US;https://www.google.com/;18259;1;0
Jupiterbeachresort.com-0103-2017Redesign;en-US;http://captive.apple.com/hotspot-detect.html;28158;1;0
Jupiterbeachresort.com-0103-2017Redesign;en-US;http://captive.apple.com/hotspot-detect.html;28158;1;0
shop.broadmoor.com-0096-2016ShoppingCart;en-US;https://www.broadmoor.com/activities/retail/;26973;1;0
Residenceinnnyc.com-0034-2015Redesign;en-US;https://search.yahoo.com/yhs/search##SEMICOLONDELIMITER##_ylt=A0LEVveA.q5ZgjwAnAAPxQt.##SEMICOLONDELIMITER##_ylc=X1MDMjExNDcwMDU1OQRfcgMyBGZyA3locy1hZGstYWRrX3NibnQEZ3ByaWQDBG5fcnNsdAMwBG5fc3VnZwMwBG9yaWdpbgNzZWFyY2gueWFob28uY29tBHBvcwMwBHBxc3RyAwRwcXN0cmwDMARxc3RybAM2MARxdWVyeQNyZXNpZGVuY2UlMjBpbm4lMjBkb3dudG93biUyMG1hcnJpb3R0JTIwMTcwJTIwYnJvYWR3YXklMjBueWMEdF9zdG1wAzE1MDQ2NDA1MDQ-;7926;1;0
Samosetresort.com-0113-2017Redesign;en-US;https://www.google.com/;35144;1;0
Broadmoor.com-0073-2016Redesign;en-US;https://www.google.com/;16721;1;0
Broadmoor.com-0073-2016Redesign;en-US;https://www.google.com/;16721;1;0
Luxehotels.com-0078-2016Redesign;en-US;https://www.bing.com/;18833;1;0
Delraysandsresort.com-0097-2016Redesign;en-US;http://www.ophotels.com/locator/;27232;1;0
Opalsands.com-0084-2016Redesign;en-US;https://www.google.com/;21642;1;0
Secretharbourvi.com-0040-2015Redesign;en-US;https://www.google.se/;9231;1;0
Theharborsidehotel.com-0114-2017Redesign;en-US;http://www.ophotels.com/locator/;37571;1;0
Broadmoor.com-0073-2016Redesign;en-US;https://s0.2mdn.net/5231234/1493308949288/index.html;16721;1;0
Opalsands.com-0084-2016Redesign;en-US;http://m.facebook.com/;28082;1;0
Jupiterbeachresort.com-0103-2017Redesign;en-US;http://www.ophotels.com/locator/;28158;1;0
Lakeplacidlodge.com-0105-2017Redesign;en-US;http://www.ophotels.com/locator/;28545;1;0
Lidobeachresort.com-0106-2017Redesign;en-US;http://www.ophotels.com/locator/;28666;1;0
Marriottdelraybeach.com-0009-2014Redesign;en-US;http://www.ophotels.com/locator/;2829;1;0
Marriottdelraybeach.com-0009-2014Redesign;en-US;http://www.ophotels.com/locator/;2845;1;0
Marriottkeylargo.com-0015-2014Redesign;en-US;http://www.ophotels.com/locator/;3948;1;0
Marriottkeylargo.com-0015-2014Redesign;en-US;http://www.ophotels.com/locator/;3964;1;0
Samosetresort.com-0113-2017Redesign;en-US;http://www.ophotels.com/locator/;32541;1;0
Broadmoor.com-0073-2016Redesign;en-US;https://www.google.com/;18782;1;0
Samosetresort.com-0113-2017Redesign;en-US;http://www.ophotels.com/locator/;32541;1;0
Longboatkeyclub.com-0104-2017Redesign;en-US;http://www.ophotels.com/locator/;35641;1;0
Thesagamore.com-0112-2017Redesign;en-US;http://www.ophotels.com/locator/;32339;1;0
wentworthcom00212014redesign;en-US;http://www.ophotels.com/locator/;26679;1;0
Washingtondukeinn.com-0024-2014Redesign;en-US;https://www.google.com/;4738;1;0
wentworthcom00212014redesign;en-US;http://www.ophotels.com/locator/;4259;1;0
theweststreethotel.com-0115-2017Redesign;en-US;http://www.ophotels.com/locator/;36683;1;0
Delraysandsresort.com-0097-2016Redesign;en-US;http://www.ophotels.com/locator/;27232;1;0
Theharborsidehotel.com-0114-2017Redesign;en-US;http://www.ophotels.com/locator/;37571;1;0
Jupiterbeachresort.com-0103-2017Redesign;en-US;http://www.ophotels.com/locator/;28158;1;0
Lakeplacidlodge.com-0105-2017Redesign;en-US;http://www.ophotels.com/locator/;28545;1;0
Lidobeachresort.com-0106-2017Redesign;en-US;http://www.ophotels.com/locator/;28666;1;0
Marriottdelraybeach.com-0009-2014Redesign;en-US;http://www.ophotels.com/locator/;2829;1;0
Marriottkeylargo.com-0015-2014Redesign;en-US;http://www.ophotels.com/locator/;3948;1;0
Marriottdelraybeach.com-0009-2014Redesign;en-US;http://www.ophotels.com/locator/;2845;1;0
Marriottkeylargo.com-0015-2014Redesign;en-US;http://www.ophotels.com/locator/;3964;1;0
Thesagamore.com-0112-2017Redesign;en-US;https://www.google.com/;32339;1;0
Thesagamore.com-0112-2017Redesign;en-US;https://www.google.com/;32339;1;0
Galthouse.com-0042-2015Redesign;en-US;https://www.google.com/;31905;1;0
Opalsands.com-0084-2016Redesign;en-US;http://esurvey.templates.cendyn.com/eSurvey_OceanProperties/eSurvey_OpalSands/Thank_You_Page/ThankYou.asp;20171;1;0
Opalsands.com-0084-2016Redesign;en-US;http://esurvey.templates.cendyn.com/eSurvey_OceanProperties/eSurvey_OpalSands/Thank_You_Page/ThankYou.asp;20171;1;0
Secretharbourvi.com-0040-2015Redesign;en-US;https://www.google.com/;9381;1;0
Thecrawfordhotel.com-0074-2016Redesign;en-US;https://www.google.com/;17158;1;0
saddlebrook.com-0011-2014Redesign;en-US;https://www.bing.com/;3385;1;0
