Springhillsuitesdenver.com-0060-2015Redesign;en-US;http://www.google.com/;12307;1;0
Thesagamore.com-0112-2017Redesign;en-US;https://www.google.com/;32339;1;0
Montaukyachtclub.com-0010-2014Redesign;en-US;https://www.google.com/;2461;1;0
Galthouse.com-0042-2015Redesign;en-US;https://r.search.yahoo.com/_ylt=AwrBTzhYALJZ0zcA3xFx.9w4##SEMICOLONDELIMITER##_ylu=X3oDMTByOHZyb21tBGNvbG8DYmYxBHBvcwMxBHZ0aWQDBHNlYwNzcg--/RV=2/RE=1504866521/RO=10/RU=https%3a//www.galthouse.com//RK=1/RS=vrcdp9HLwpQUql_kfq_oKpPlxdM-;31905;1;0
Broadmoor.com-0073-2016Redesign;en-US;https://www.google.com/;16721;1;0
Broadmoor.com-0073-2016Redesign;en-US;https://www.google.com/;16721;1;0
Secretharbourvi.com-0040-2015Redesign;en-US;http://lm.facebook.com/l.php;9460;1;0
Theoxfordhotel.com-0062-2015Redesign;en-US;https://www.bing.com/;14332;1;0
Jbdukehotel.com-0086-2016Redesign;en-US;https://www.google.com/;21918;1;0
Lakeplacidlodge.com-0105-2017Redesign;en-US;https://search.yahoo.com/;28545;1;0
Cocokeyorlando.com-0059-2015Redesign;en-US;https://www.google.com/;12394;1;0
Thecrawfordhotel.com-0074-2016Redesign;en-US;https://www.google.com/;17145;1;0
Residenceinnnyc.com-0034-2015Redesign;en-US;https://www.google.com/;7926;1;0
Broadmoor.com-0073-2016Redesign;en-US;https://www.google.com/;16721;1;0
Broadmoor.com-0073-2016Redesign;en-US;https://www.google.com/;21236;1;0
Secretharbourvi.com-0040-2015Redesign;en-US;https://www.google.com/;9231;1;0
Theloganhotel.com-0043-2015Redesign;en-US;http://m.facebook.com/;9118;1;0
Longboatkeyclub.com-0104-2017Redesign;en-US;https://www.google.com/;28332;1;0
Broadmoor.com-0073-2016Redesign;en-US;https://www.google.com/;16721;1;0
Miravalspamonarchbeach.com-0109-2017Redesign;en-US;http://www.miravalresorts.com/plan-your-stay/activities/;31709;1;0
Broadmoor.com-0073-2016Redesign;en-US;https://www.google.com/;16721;1;0
Miravalspamonarchbeach.com-0109-2017Redesign;en-US;http://www.monarchbeachresort.com/;33978;1;0
Sandpearl.com-0091-2016Redesign;en-US;https://www.google.com/;22481;1;0
Sandpearl.com-0091-2016Redesign;en-US;https://www.google.com/;22481;1;0
Zotabeachresort.com-0090-2016Redesign;en-US;https://www.google.com/;22357;1;0
Thesagamore.com-0112-2017Redesign;en-US;https://www.google.com/;33471;1;0
Broadmoor.com-0073-2016Redesign;en-US;https://www.google.com/;16721;1;0
Broadmoor.com-0073-2016Redesign;en-US;https://www.google.com/;18259;1;0
Broadmoor.com-0073-2016Redesign;en-US;https://www.google.com/;18259;1;0
Miravalspamonarchbeach.com-0109-2017Redesign;en-US;http://www.monarchbeachresort.com/;33978;1;0
Cphollywoodbeach.com-0032-2015Redesign;en-US;https://www.google.com/;7831;1;0
Thesagamore.com-0112-2017Redesign;en-US;https://www.booking.com/;32339;1;0
Edgewaternaples.com-0094-2016Redesign;en-US;http://m.facebook.com/;33020;1;0
Monarchbeachresort.com-0092-2016Redesign;en-US;https://www.google.com/;22725;1;0
Edgewaternaples.com-0094-2016Redesign;en-US;http://m.facebook.com/;33020;1;0
