Thesagamore.com-0112-2017Redesign;en-US;https://www.google.com/;32340;1;0
Theharborsidehotel.com-0114-2017Redesign;en-US;http://www.visitmaine.net/tag/4/lodging-by-geography/59/oceanfront-hotels;37571;1;0
Galthouse.com-0042-2015Redesign;en-US;https://s0.2mdn.net/ads/richmedia/studio/pv2/60253630/20170726095926296/index.html;10582;1;0
Monarchbeachresort.com-0092-2016Redesign;en-US;https://www.google.com/;22725;1;0
Halcyonhotelcherrycreek.com-0061-2015Redesign;en-US;http://den-80206-7226gw01-01-mdf.localdomain:444/captiveportal_process_payment.php;22121;1;0
Broadmoor.com-0073-2016Redesign;en-US;https://www.google.com/;21231;1;0
Thesagamore.com-0112-2017Redesign;en-US;http://total-management.com/spotify-revenue-offsite/;32339;1;0
Edgewaternaples.com-0094-2016Redesign;en-US;https://www.google.com/;25239;1;0
Montaukyachtclub.com-0010-2014Redesign;en-US;http://dengi-v-kredit.in.ua/kredit-5-000-griven-bez-poruchiteliv-kiyiv/;2240;1;0
Theharborsidehotel.com-0114-2017Redesign;en-US;https://www.google.com/;37571;1;0
Theharborsidehotel.com-0114-2017Redesign;en-US;https://www.google.com/;37571;1;0
Thelodgeatwoodloch.com-0033-2015Redesign;en-US;https://www.poconomountains.com/places-to-stay/spa-facilities/;7764;1;0
Broadmoor.com-0073-2016Redesign;en-US;https://search.yahoo.com/;18419;1;0
Galthouse.com-0042-2015Redesign;en-US;https://www.google.com/;31905;1;0
Galthouse.com-0042-2015Redesign;en-US;https://www.google.com/;31905;1;0
shop.broadmoor.com-0096-2016ShoppingCart;en-US;https://www.broadmoor.com/activities/retail/;26973;1;0
Broadmoor.com-0073-2016Redesign;en-US;https://www.google.com/;18010;1;0
Broadmoor.com-0073-2016Redesign;en-US;http://m.facebook.com/;18010;1;0
Longboatkeyclub.com-0104-2017Redesign;en-US;https://worldcam.eu/webcams/north-america/florida-usa/15728;28317;1;0
Thesagamore.com-0112-2017Redesign;en-US;https://www.google.com/;32339;1;0
wentworthcom00212014redesign;en-US;https://www.google.com/;4282;1;0
Thelodgeatwoodloch.com-0033-2015Redesign;en-US;https://www.google.com/;9920;1;0
Monarchbeachresort.com-0092-2016Redesign;en-US;http://m.facebook.com/;22992;1;0
Theharborsidehotel.com-0114-2017Redesign;en-US;http://www.visitmaine.net/tag/4/lodging-by-geography/59/oceanfront-hotels;37571;1;0
Broadmoor.com-0073-2016Redesign;en-US;http://m.facebook.com/;16790;1;0
Opalsands.com-0084-2016Redesign;en-US;https://www.google.com/;40846;1;0
Residenceinnnyc.com-0034-2015Redesign;en-US;https://www.google.com/;7926;1;0
Sandpearl.com-0091-2016Redesign;en-US;https://www.google.com/;22481;1;0
Marriottkeylargo.com-0015-2014Redesign;en-US;http://www.beachcamsusa.com/fl/key-largo/key-largo-marriott-bay-resort-live-webcam;3948;1;0
Thelodgeatwoodloch.com-0033-2015Redesign;en-US;https://www.google.com/;7764;1;0
Marriottkeylargo.com-0015-2014Redesign;en-US;http://www.beachcamsusa.com/fl/key-largo/key-largo-marriott-bay-resort-live-webcam;3964;1;0
Thesagamore.com-0112-2017Redesign;en-US;http://www.google.com/;32339;1;0
Broadmoor.com-0073-2016Redesign;en-US;https://www.google.com/;21231;1;0
Broadmoor.com-0073-2016Redesign;en-US;https://www.google.com/;21231;1;0
Thecrawfordhotel.com-0074-2016Redesign;en-US;https://www.denver.org/listing/the-crawford-hotel-at-union-station/8201/;17145;1;0
Monarchbeachresort.com-0092-2016Redesign;en-US;https://www.google.com/;22862;1;0
Broadmoor.com-0073-2016Redesign;en-US;https://www.google.com/;16721;1;0
Lakeplacidlodge.com-0105-2017Redesign;en-US;https://www.google.ca/;28545;1;0
Lakeplacidlodge.com-0105-2017Redesign;en-US;https://www.google.ca/;28545;1;0
Glencovemansion.com-0058-2015Redesign;en-US;http://megananddevon.com/accommodations;13328;1;0
Thelodgeatwoodloch.com-0033-2015Redesign;en-US;https://www.google.ca/;7764;1;0
Broadmoor.com-0073-2016Redesign;en-US;https://www.google.com/;16786;1;0
Theharborsidehotel.com-0114-2017Redesign;en-US;https://r.search.yahoo.com/_ylt=A0LEVyPZirhZmusAMQBx.9w4##SEMICOLONDELIMITER##_ylu=X3oDMTBydWNmY2MwBGNvbG8DYmYxBHBvcwM0BHZ0aWQDBHNlYwNzcg--/RV=2/RE=1505295193/RO=10/RU=https%3a//www.theharborsidehotel.com/offers/romance//RK=1/RS=8JtB4yimDcDlReQEZ7qHKDmQJFg-;37608;1;0
Broadmoor.com-0073-2016Redesign;en-US;https://www.bing.com/;16721;1;0
EcommerceSite;en-US;https://shop.broadmoor.com/special-pages/search/;14742;1;0
Lidobeachresort.com-0106-2017Redesign;en-US;https://www.google.ca/;28666;1;0
Sandylane.com-0075-2016Redesign;en-US;https://www.google.com/;17611;1;0
Thesagamore.com-0112-2017Redesign;en-US;http://www.google.com/;33921;1;0
Washingtondukeinn.com-0024-2014Redesign;en-US;https://www.google.com/;4524;1;0
Washingtondukeinn.com-0024-2014Redesign;en-US;https://www.google.com/;4524;1;0
