Thecurtis.com-0079-2016Redesign;en-US;https://search.yahoo.com/;17981;1;0
Laxembassy.com-0008-2014Redesign;en-US;https://www.google.com/;2037;1;0
Sandylane.com-0075-2016Redesign;en-US;https://www.google.com/;17611;1;0
Lehotels.com-0049-2015Transfer;en-US;http://www.threatmetrix.com/;12108;1;0
Casaybelresort.com-0002-2014Redesign;en-US;http://www.google.com/;1533;1;0
Beverlyhillsresidenceinn.com-0087-2016Redesign;en-US;https://www.google.com/;20999;1;0
Lehotels.com-0049-2015Transfer;en-US;http://www.threatmetrix.com/;12108;1;0
Broadmoor.com-0073-2016Redesign;en-US;https://www.bing.com/;16721;1;0
Broadmoor.com-0073-2016Redesign;en-US;https://www.bing.com/;16721;1;0
Cocokeyorlando.com-0059-2015Redesign;en-US;https://res.windsurfercrs.com/ibe/index.aspx;12394;1;0
Sandpearl.com-0091-2016Redesign;en-US;https://www.google.com/;22481;1;0
Broadmoor.com-0073-2016Redesign;en-US;http://login.nomadix.com:1111/web/portal.html;16724;1;0
Broadmoor.com-0073-2016Redesign;en-US;http://login.nomadix.com:1111/web/portal.html;16724;1;0
Broadmoor.com-0073-2016Redesign;en-US;http://www.google.com/;16721;1;0
theweststreethotel.com-0115-2017Redesign;en-US;https://www.google.com/;36683;1;0
Broadmoor.com-0073-2016Redesign;en-US;http://www.dealscove.com/coupons/broadmoor.com;16721;1;0
Broadmoor.com-0073-2016Redesign;en-US;https://www.google.com/;16721;1;0
Theharborsidehotel.com-0114-2017Redesign;en-US;https://www.google.com/;37571;1;0
Broadmoor.com-0073-2016Redesign;en-US;https://www.google.com/;16769;1;0
Theharborsidehotel.com-0114-2017Redesign;en-US;https://www.google.com/;37571;1;0
Broadmoor.com-0073-2016Redesign;en-US;https://www.google.com/;23547;1;0
Broadmoor.com-0073-2016Redesign;en-US;https://www.google.com/;16721;1;0
Samosetresort.com-0113-2017Redesign;en-US;https://www.google.com/;32542;1;0
Sandpearl.com-0091-2016Redesign;en-US;android-app://com.google.android.googlequicksearchbox/;22481;1;0
Broadmoor.com-0073-2016Redesign;en-US;https://www.google.com/;16721;1;0
Broadmoor.com-0073-2016Redesign;en-US;https://www.google.com/;23547;1;0
Broadmoor.com-0073-2016Redesign;en-US;http://www.google.com/;18208;1;0
Broadmoor.com-0073-2016Redesign;en-US;http://www.google.com/;16721;1;0
Edgewaternaples.com-0094-2016Redesign;en-US;https://www.google.com/;25239;1;0
Edgewaternaples.com-0094-2016Redesign;en-US;https://www.google.com/;25239;1;0
Broadmoor.com-0073-2016Redesign;en-US;http://www.google.com/;16721;1;0
Thesagamore.com-0112-2017Redesign;en-US;http://m.facebook.com/l.php;32339;1;0
Thesagamore.com-0112-2017Redesign;en-US;http://m.facebook.com/l.php;32339;1;0
Lidobeachresort.com-0106-2017Redesign;en-US;https://www.google.com/;29818;1;0
Lakeplacidlodge.com-0105-2017Redesign;en-US;https://www.google.com/;28545;1;0
Lakeplacidlodge.com-0105-2017Redesign;en-US;https://www.google.com/;28545;1;0
Lidobeachresort.com-0106-2017Redesign;en-US;https://www.google.com/;29818;1;0
Cendyn.com-0095-2016Redesign;en-US;https://sovrtehn.ru/press100tonn/;26640;1;0
Cendyn.com-0095-2016Redesign;en-US;http://cleaningservices.kiev.ua/uborka-snega-tseni;26640;1;0
Cendyn.com-0095-2016Redesign;en-US;http://showboxdownloadmovies.com/download-terrarium-tv-for-android/;26640;1;0
Thesagamore.com-0112-2017Redesign;en-US;https://www.google.com/;32339;1;0
Thesagamore.com-0112-2017Redesign;en-US;https://www.google.com/;32339;1;0
Secretharbourvi.com-0040-2015Redesign;en-US;http://m.facebook.com/;9231;1;0
Bocatrans.com-0082-2016Redesign;en-US;http://03p.info/;19758;1;0
Bocatrans.com-0082-2016Redesign;en-US;http://03p.info/;19758;1;0
Bocatrans.com-0082-2016Redesign;en-US;http://03p.info/;19758;1;0
Cocokeyorlando.com-0059-2015Redesign;en-US;https://www.google.com/;12394;1;0
Sandpearl.com-0091-2016Redesign;en-US;https://www.google.com/;22481;1;0
Monarchbeachresort.com-0092-2016Redesign;en-US;https://www.google.com/;22785;1;0
Broadmoor.com-0073-2016Redesign;en-US;https://www.google.com/;16721;1;0
Sandpearl.com-0091-2016Redesign;en-US;https://www.google.com/;22481;1;0
Casaybelresort.com-0002-2014Redesign;en-US;http://showboxpc.be/description-app-showbox-and-its-advantage/;1533;1;0
Zotabeachresort.com-0090-2016Redesign;en-US;http://m.facebook.com/;23062;1;0
