Broadmoor.com-0073-2016Redesign;en-US;https://googleads.g.doubleclick.net/pagead/ads;16728;1;0
Broadmoor.com-0073-2016Redesign;en-US;http://www.pikes-peak.com/where-to-eat/;21231;1;0
Marriottkeylargo.com-0015-2014Redesign;en-US;http://copro.pw/;3948;1;0
Marriottkeylargo.com-0015-2014Redesign;en-US;https://timhost.ru/;3948;1;0
Marriottkeylargo.com-0015-2014Redesign;en-US;http://copro.pw/;3948;1;0
Marriottkeylargo.com-0015-2014Redesign;en-US;https://timhost.ru/;3948;1;0
Marriottkeylargo.com-0015-2014Redesign;en-US;https://timhost.ru/;3948;1;0
Broadmoor.com-0073-2016Redesign;en-US;http://tpc.googlesyndication.com/safeframe/1-0-10/html/container.html;16728;1;0
Broadmoor.com-0073-2016Redesign;en-US;http://login.nomadix.com:1111/web/portal.html;16724;1;0
Cocokeyorlando.com-0059-2015Redesign;en-US;https://www.google.com/;12394;1;0
Thesagamore.com-0112-2017Redesign;en-US;https://www.google.com/;32339;1;0
Broadmoor.com-0073-2016Redesign;en-US;https://www.google.com/;16721;1;0
Thesagamore.com-0112-2017Redesign;en-US;https://www.google.com/;32339;1;0
Broadmoor.com-0073-2016Redesign;en-US;https://www.google.com/;16721;1;0
Cendyn.com-0095-2016Redesign;en-US;http://cendynone.com/;26815;1;0
Cendyn.com-0095-2016Redesign;en-US;http://cendynone.com/;39287;1;0
Broadmoor.com-0073-2016Redesign;en-US;http://login.nomadix.com:1111/web/portal.html;16724;1;0
Cendyn.com-0095-2016Redesign;en-US;http://cendynone.com/;39287;1;0
Broadmoor.com-0073-2016Redesign;en-US;http://login.nomadix.com:1111/web/portal.html;16724;1;0
Cendyn.com-0095-2016Redesign;en-US;http://cendynone.com/;26876;1;0
Cendyn.com-0095-2016Redesign;en-US;http://cendynone.com/;26876;1;0
Cendyn.com-0095-2016Redesign;en-US;http://cendynone.com/;26876;1;0
Cendyn.com-0095-2016Redesign;en-US;http://cendynone.com/;26862;1;0
Thesagamore.com-0112-2017Redesign;en-US;https://www.google.com/;32339;1;0
Sandpearl.com-0091-2016Redesign;en-US;https://www.google.com/;23082;1;0
Cendyn.com-0095-2016Redesign;en-US;http://cendynone.com/;26862;1;0
Sandpearl.com-0091-2016Redesign;en-US;https://www.google.com/;23082;1;0
wentworthcom00212014redesign;en-US;https://www.google.com/;26679;1;0
wentworthcom00212014redesign;en-US;https://www.google.com/;26679;1;0
Cendyn.com-0095-2016Redesign;en-US;http://cendynone.com/;27656;1;0
Edgewaternaples.com-0094-2016Redesign;en-US;https://reservations.edgewaternaples.com/edgewaternaples/;25303;1;0
Cendyn.com-0095-2016Redesign;en-US;http://cendynone.com/;27656;1;0
Cendyn.com-0095-2016Redesign;en-US;http://cendynone.com/;26858;1;0
Cendyn.com-0095-2016Redesign;en-US;http://cendynone.com/;26858;1;0
Sandylane.com-0075-2016Redesign;en-US;http://www.google.co.uk/;17611;1;0
Cendyn.com-0095-2016Redesign;en-US;http://cendynone.com/;27673;1;0
Galthouse.com-0042-2015Redesign;en-US;https://s0.2mdn.net/ads/richmedia/studio/pv2/60042160/20170110091718066/index.html;10923;1;0
Cendyn.com-0095-2016Redesign;en-US;http://cendynone.com/;27673;1;0
Cendyn.com-0095-2016Redesign;en-US;http://cendynone.com/;27661;1;0
Cendyn.com-0095-2016Redesign;en-US;http://cendynone.com/;27661;1;0
Broadmoor.com-0073-2016Redesign;en-US;http://www.pikes-peak.com/where-to-eat/;21231;1;0
Cendyn.com-0095-2016Redesign;en-US;http://cendynone.com/;27660;1;0
Cendyn.com-0095-2016Redesign;en-US;http://cendynone.com/;27660;1;0
Cendyn.com-0095-2016Redesign;en-US;http://cendynone.com/;26816;1;0
Cendyn.com-0095-2016Redesign;en-US;http://cendynone.com/;26816;1;0
Cendyn.com-0095-2016Redesign;en-US;http://cendynone.com/;27662;1;0
Residenceinnnyc.com-0034-2015Redesign;en-US;https://www.google.com/;7926;1;0
Cendyn.com-0095-2016Redesign;en-US;http://cendynone.com/;27662;1;0
Cendyn.com-0095-2016Redesign;en-US;http://cendynone.com/;26779;1;0
Cendyn.com-0095-2016Redesign;en-US;http://cendynone.com/;26779;1;0
Cendyn.com-0095-2016Redesign;en-US;http://cendynone.com/;27663;1;0
Cphollywoodbeach.com-0032-2015Redesign;en-US;https://www.sunny.org/webcam/;7831;1;0
Residenceinnnyc.com-0034-2015Redesign;en-US;https://www.google.com/;7926;1;0
Cendyn.com-0095-2016Redesign;en-US;http://cendynone.com/;27663;1;0
Cendyn.com-0095-2016Redesign;en-US;http://cendynone.com/;27665;1;0
Cendyn.com-0095-2016Redesign;en-US;http://cendynone.com/;27665;1;0
Sandpearl.com-0091-2016Redesign;en-US;https://www.google.de/;22481;1;0
Cendyn.com-0095-2016Redesign;en-US;http://cendynone.com/;27704;1;0
Cendyn.com-0095-2016Redesign;en-US;http://cendynone.com/;27704;1;0
Cendyn.com-0095-2016Redesign;en-US;http://cendynone.com/;27702;1;0
Cendyn.com-0095-2016Redesign;en-US;http://cendynone.com/;27702;1;0
Cendyn.com-0095-2016Redesign;en-US;http://cendynone.com/;27668;1;0
Cendyn.com-0095-2016Redesign;en-US;http://cendynone.com/;27668;1;0
Cendyn.com-0095-2016Redesign;en-US;http://cendynone.com/;26777;1;0
Galthouse.com-0042-2015Redesign;en-US;https://s0.2mdn.net/ads/richmedia/studio/pv2/60042160/20170110091718066/index.html;10923;1;0
Miravalspamonarchbeach.com-0109-2017Redesign;en-US;http://www.miravalresorts.com/plan-your-stay/activities/equine/;31709;1;0
Washingtoncourthotel.com-0076-2016Redesign;en-US;http://ncoc.nonprofitsoapbox.com/2017-conference;17858;1;0
Edgewaternaples.com-0094-2016Redesign;en-US;https://www.google.co.uk/;25239;1;0
Cendyn.com-0095-2016Redesign;en-US;http://cendynone.com/;26816;1;0
Sandpearl.com-0091-2016Redesign;en-US;https://www.google.com/;23082;1;0
Cendyn.com-0095-2016Redesign;en-US;http://cendynone.com/;26859;1;0
Luxehotels.com-0078-2016Redesign;en-US;https://bioscorp.ru/;19331;1;0
Cendyn.com-0095-2016Redesign;en-US;http://cendynone.com/;26859;1;0
Luxehotels.com-0078-2016Redesign;en-US;https://bioscorp.ru/;19331;1;0
Broadmoor.com-0073-2016Redesign;en-US;http://www.pikes-peak.com/where-to-eat/;21231;1;0
Cphollywoodbeach.com-0032-2015Redesign;en-US;https://www.sunny.org/webcam/;7831;1;0
Luxehotels.com-0078-2016Redesign;en-US;https://bioscorp.ru/;19331;1;0
Cendyn.com-0095-2016Redesign;en-US;http://cendynone.com/;35555;1;0
Cendyn.com-0095-2016Redesign;en-US;http://cendynone.com/;35555;1;0
Cendyn.com-0095-2016Redesign;en-US;http://cendynone.com/;26865;1;0
Cendyn.com-0095-2016Redesign;en-US;http://cendynone.com/;26865;1;0
Broadmoor.com-0073-2016Redesign;en-US;http://www.minitime.com/trip-tips/7-Easy-Thanksgiving-Weekend-Escapes-article;16721;1;0
Cendyn.com-0095-2016Redesign;en-US;http://cendynone.com/;27670;1;0
Broadmoor.com-0073-2016Redesign;en-US;http://www.minitime.com/trip-tips/7-Easy-Thanksgiving-Weekend-Escapes-article;16721;1;0
Galthouse.com-0042-2015Redesign;en-US;https://www.google.com/;10573;1;0
Cendyn.com-0095-2016Redesign;en-US;http://cendynone.com/;27670;1;0
Cendyn.com-0095-2016Redesign;en-US;http://cendynone.com/;37410;1;0
Broadmoor.com-0073-2016Redesign;en-US;https://www.google.ca/;16731;1;0
