Cphollywoodbeach.com-0032-2015Redesign;en-US;http://www.google.com/;7831;1;0
Longboatkeyclub.com-0104-2017Redesign;en-US;https://www.google.com/;28317;1;0
Sandpearl.com-0091-2016Redesign;en-US;https://www.google.com/;23090;1;0
Cphollywoodbeach.com-0032-2015Redesign;en-US;https://www.sunny.org/webcam/;7831;1;0
Longboatkeyclub.com-0104-2017Redesign;en-US;https://www.worldcam.pl/kamery/ameryka-polnocna/floryda-usa/15728;28317;1;0
Opalsands.com-0084-2016Redesign;en-US;http://www.beachtourism.com/opalsandsresort/;20171;1;0
Opalsands.com-0084-2016Redesign;en-US;https://www.google.com/;20171;1;0
Cphollywoodbeach.com-0032-2015Redesign;en-US;https://www.sunny.org/webcam/;7831;1;0
Casaybelresort.com-0002-2014Redesign;en-US;https://www.google.com/;1613;1;0
Springhillsuitesdenver.com-0060-2015Redesign;en-US;https://www.google.com/;12307;1;0
Bellemontfarm.com-0007-2013Redesign;en-US;http://tools.jackrabbitsystems.com/tracking/redirect/;11497;1;0
Montaukyachtclub.com-0010-2014Redesign;en-US;https://search.yahoo.com/;2240;1;0
theweststreethotel.com-0115-2017Redesign;en-US;https://www.bing.com/;36683;1;0
Casaybelresort.com-0002-2014Redesign;en-US;https://www.bing.com/;1533;1;0
Casaybelresort.com-0002-2014Redesign;en-US;https://www.google.com/;1533;1;0
Broadmoor.com-0073-2016Redesign;en-US;http://login.nomadix.com:1111/web/portal.html;16724;1;0
Broadmoor.com-0073-2016Redesign;en-US;http://login.nomadix.com:1111/web/portal.html;16724;1;0
Casaybelresort.com-0002-2014Redesign;en-US;https://www.google.ch/;1533;1;0
Casaybelresort.com-0002-2014Redesign;en-US;https://www.google.com/;1613;1;0
Cphollywoodbeach.com-0032-2015Redesign;en-US;https://www.sunny.org/webcam/;7831;1;0
Broadmoor.com-0073-2016Redesign;en-US;https://www.google.se/;16751;1;0
Cphollywoodbeach.com-0032-2015Redesign;en-US;https://www.google.com/;7831;1;0
Lidobeachresort.com-0106-2017Redesign;en-US;http://search.aol.com/aol/search;28666;1;0
Lidobeachresort.com-0106-2017Redesign;en-US;http://lm.facebook.com/l.php;28667;1;0
Lidobeachresort.com-0106-2017Redesign;en-US;http://lm.facebook.com/l.php;28667;1;0
