Longboatkeyclub.com-0104-2017Redesign;en-US;https://www.google.com/;28316;1;0
Theharborsidehotel.com-0114-2017Redesign;en-US;http://cleaningservices.kiev.ua/tseni-na-moyku-okon;37571;1;0
Thesagamore.com-0112-2017Redesign;en-US;https://www.google.com/;32339;1;0
Miravalspamonarchbeach.com-0109-2017Redesign;en-US;http://www.monarchbeachresort.com/accommodations/guestrooms/;32984;1;0
Thesagamore.com-0112-2017Redesign;en-US;https://www.google.com/;32339;1;0
Cocokeyorlando.com-0059-2015Redesign;en-US;https://www.google.co.kr/;12394;1;0
Secretharbourvi.com-0040-2015Redesign;en-US;android-app://com.google.android.googlequicksearchbox/;9231;1;0
shop.broadmoor.com-0096-2016ShoppingCart;en-US;https://www.broadmoor.com/;27350;1;0
Samosetresort.com-0113-2017Redesign;en-US;https://www.google.com/;32541;1;0
Broadmoor.com-0073-2016Redesign;en-US;http://login.nomadix.com:1111/web/portal.html;16724;1;0
Broadmoor.com-0073-2016Redesign;en-US;http://login.nomadix.com:1111/web/portal.html;16724;1;0
Thecurtis.com-0079-2016Redesign;en-US;https://www.google.com/;17981;1;0
Washingtondukeinn.com-0024-2014Redesign;en-US;https://www.google.co.kr/;4524;1;0
Washingtondukeinn.com-0024-2014Redesign;en-US;https://www.google.co.kr/;4524;1;0
Washingtoncourthotel.com-0076-2016Redesign;en-US;https://www.google.com/;17858;1;0
saddlebrook.com-0011-2014Redesign;en-US;https://www.google.com/;3385;1;0
Secretharbourvi.com-0040-2015Redesign;en-US;https://www.google.com/;9231;1;0
Thesagamore.com-0112-2017Redesign;en-US;https://www.google.com/;36207;1;0
Hi-nyc.com-0108-2017Redesogm;en-US;https://www.google.com/;30080;1;0
Cphollywoodbeach.com-0032-2015Redesign;en-US;https://www.google.de/;7831;1;0
Broadmoor.com-0073-2016Redesign;en-US;http://www.google.com/;16721;1;0
Broadmoor.com-0073-2016Redesign;en-US;https://www.bing.com/;16721;1;0
Broadmoor.com-0073-2016Redesign;en-US;https://googleads.g.doubleclick.net/pagead/ads;16728;1;0
Broadmoor.com-0073-2016Redesign;en-US;https://www.google.com/;18259;1;0
Hospitalityupgrade.com-0093-2016Redesign;en-US;https://www.google.com.au/;37631;1;0
