Broadmoor.com-0073-2016Redesign;en-US;https://www.google.com/;16721;1;0
Samosetresort.com-0113-2017Redesign;en-US;https://www.google.com/;32541;1;0
Luxehotels.com-0078-2016Redesign;en-US;http://a.voyat.com/;18805;1;0
Jbdukehotel.com-0086-2016Redesign;en-US;https://www.google.com/;21971;1;0
Luxehotels.com-0078-2016Redesign;en-US;http://a.voyat.com/;18805;1;0
Lidobeachresort.com-0106-2017Redesign;en-US;https://www.google.com/;28666;1;0
Luxehotels.com-0078-2016Redesign;en-US;http://a.voyat.com/;18805;1;0
Luxehotels.com-0078-2016Redesign;en-US;http://a.voyat.com/;18805;1;0
Theharborsidehotel.com-0114-2017Redesign;en-US;https://www.google.com/;37571;1;0
Theharborsidehotel.com-0114-2017Redesign;en-US;https://www.google.com/;37571;1;0
Thelodgeatwoodloch.com-0033-2015Redesign;en-US;https://www.poconomountains.com/listings/the-lodge-at-woodloch/1319/;7764;1;0
Longboatkeyclub.com-0104-2017Redesign;en-US;http://www.google.com/;28364;1;0
Longboatkeyclub.com-0104-2017Redesign;en-US;http://www.google.com/;28364;1;0
Cphollywoodbeach.com-0032-2015Redesign;en-US;https://www.sunny.org/webcam/;7831;1;0
Casaybelresort.com-0002-2014Redesign;en-US;https://www.google.com/;1533;1;0
Renaissancepittsburghpa.com-0044-2015Redesign;en-US;https://www.google.com/;9637;1;0
Thecurtis.com-0079-2016Redesign;en-US;https://www.google.com/;18015;1;0
Renaissancepittsburghpa.com-0044-2015Redesign;en-US;https://www.google.com/;9637;1;0
Glencovemansion.com-0058-2015Redesign;en-US;http://www.google.com/;41586;1;0
Samosetresort.com-0113-2017Redesign;en-US;https://www.google.com/;32541;1;0
Broadmoor.com-0073-2016Redesign;en-US;https://www.google.com/;16721;1;0
Broadmoor.com-0073-2016Redesign;en-US;https://www.google.com/;16721;1;0
Theharborsidehotel.com-0114-2017Redesign;en-US;https://www.google.com/;37571;1;0
Lidobeachresort.com-0106-2017Redesign;en-US;https://www.google.com/;29823;1;0
Thecurtis.com-0079-2016Redesign;en-US;https://www.google.com/;18823;1;0
Cocokeyorlando.com-0059-2015Redesign;en-US;https://www.google.com/;12406;1;0
Broadmoor.com-0073-2016Redesign;en-US;https://s0.2mdn.net/ads/richmedia/studio/pv2/60309570/20170816165838850/index.html;18010;1;0
Washingtondukeinn.com-0024-2014Redesign;en-US;https://www.google.com/;4524;1;0
Washingtondukeinn.com-0024-2014Redesign;en-US;https://www.google.com/;4524;1;0
Opalsands.com-0084-2016Redesign;en-US;https://www.google.com/;20171;1;0
Casaybelresort.com-0002-2014Redesign;en-US;https://www.google.com/;1613;1;0
Cocokeyorlando.com-0059-2015Redesign;en-US;https://www.google.com/;12414;1;0
Treasureislandbeachresort.com-0089-2016Redesign;en-US;https://www.google.com/;22169;1;0
Longboatkeyclub.com-0104-2017Redesign;en-US;https://www.google.com/;28316;1;0
Luxehotels.com-0078-2016Redesign;en-US;http://a.voyat.com/;18805;1;0
Cocokeyorlando.com-0059-2015Redesign;en-US;https://www.google.com/;12394;1;0
Thesagamore.com-0112-2017Redesign;en-US;https://r.search.yahoo.com/_ylt=A0LEVziTdbhZ0SkAvirBGOd_##SEMICOLONDELIMITER##_ylu=X3oDMTEzbTRvcG83BGNvbG8DYmYxBHBvcwMxBHZ0aWQDVFBSREMwXzEEc2VjA3Ny/RV=2/RE=1505289748/RO=10/RU=https%3a//www.thesagamore.com//RK=1/RS=1trbR.zC9X81Xn3JreOixfuJOtA-;32339;1;0
Theoxfordhotel.com-0062-2015Redesign;en-US;http://r.search.yahoo.com/_ylt=A0LEVwibdbhZmHIA7nlx.9w4##SEMICOLONDELIMITER##_ylu=X3oDMTEyODRnNDc1BGNvbG8DYmYxBHBvcwMxBHZ0aWQDQjQ1OTBfMQRzZWMDc2M-/RV=2/RE=1505289755/RO=10/RU=http%3a//www.theoxfordhotel.com//RK=1/RS=K8QtAACaYecBiXt0bjTpJRfmaiQ-;14325;1;0
Theloganhotel.com-0043-2015Redesign;en-US;http://assemblyrooftop.com/gallery/;20218;1;0
Monarchbeachresort.com-0092-2016Redesign;en-US;http://cbh.cox.com/hospitality/cbh_monarch_bay_club_monarch_beach_ca_3330100019;22725;1;0
Luxehotels.com-0078-2016Redesign;en-US;http://a.voyat.com/;18805;1;0
Casaybelresort.com-0002-2014Redesign;en-US;https://www.google.ca/;1533;1;0
Luxehotels.com-0078-2016Redesign;en-US;https://www.google.com/;18833;1;0
Broadmoor.com-0073-2016Redesign;en-US;https://www.google.com/;18259;1;0
Broadmoor.com-0073-2016Redesign;en-US;https://s0.2mdn.net/ads/richmedia/studio/pv2/60310309/20170823124920032/index.html;18013;1;0
Glencovemansion.com-0058-2015Redesign;en-US;https://www.google.com/;13328;1;0
Samosetresort.com-0113-2017Redesign;en-US;https://www.google.com/;32554;1;0
Lidobeachresort.com-0106-2017Redesign;en-US;https://www.google.com/;28666;1;0
Thesagamore.com-0112-2017Redesign;en-US;https://na28.salesforce.com/;32339;1;0
Thesagamore.com-0112-2017Redesign;en-US;https://www.google.com/;32339;1;0
Thesagamore.com-0112-2017Redesign;en-US;https://www.google.com/;32339;1;0
Broadmoor.com-0073-2016Redesign;en-US;https://www.google.com/;16793;1;0
Longboatkeyclub.com-0104-2017Redesign;en-US;https://r.search.yahoo.com/_ylt=A0LEVi.XdbhZMwYA0wwPxQt.##SEMICOLONDELIMITER##_ylu=X3oDMTByOHZyb21tBGNvbG8DYmYxBHBvcwMxBHZ0aWQDBHNlYwNzcg--/RV=2/RE=1505289752/RO=10/RU=https%3a//www.longboatkeyclub.com//RK=1/RS=OuXe1kBhfx6gpBpMbeaXJeYxFYk-;28316;1;0
Cphollywoodbeach.com-0032-2015Redesign;en-US;https://www.google.com/;7805;1;0
Sandylane.com-0075-2016Redesign;en-US;https://www.google.com/;17611;1;0
