Thesagamore.com-0112-2017Redesign;en-US;http://www.newyorkupstate.com/places-to-stay/2016/03/six_luxury_experiences_at_upstate_new_york_resorts.html;32339;1;0
Thesagamore.com-0112-2017Redesign;en-US;https://www.google.ca/;32339;1;0
Glencovemansion.com-0058-2015Redesign;en-US;https://www.google.com/;13328;1;0
Broadmoor.com-0073-2016Redesign;en-US;http://unofficialnetworks.com/;16728;1;0
Thesagamore.com-0112-2017Redesign;en-US;http://www.newyorkupstate.com/places-to-stay/2016/03/six_luxury_experiences_at_upstate_new_york_resorts.html;32339;1;0
Galthouse.com-0042-2015Redesign;en-US;https://s0.2mdn.net/ads/richmedia/studio/pv2/60042160/20170110091718066/index.html;10923;1;0
Opalsands.com-0084-2016Redesign;en-US;https://www.google.com/;20171;1;0
Opalsands.com-0084-2016Redesign;en-US;https://www.google.com/;20171;1;0
Sandylane.com-0075-2016Redesign;en-US;https://www.google.co.uk/;17611;1;0
Longboatkeyclub.com-0104-2017Redesign;en-US;http://www.ophotels.com/locator/;35641;1;0
Theloganhotel.com-0043-2015Redesign;en-US;http://l.facebook.com/l.php;15962;1;0
Halcyonhotelcherrycreek.com-0061-2015Redesign;en-US;https://www.bing.com/;23287;1;0
Jupiterbeachresort.com-0103-2017Redesign;en-US;https://www.bing.com/;28158;1;0
Jupiterbeachresort.com-0103-2017Redesign;en-US;https://www.bing.com/;28158;1;0
Sandpearl.com-0091-2016Redesign;en-US;https://www.google.ca/;22481;1;0
Monarchbeachresort.com-0092-2016Redesign;en-US;http://m.facebook.com/;26800;1;0
Thesagamore.com-0112-2017Redesign;en-US;https://www.google.com/;32354;1;0
Monarchbeachresort.com-0092-2016Redesign;en-US;https://www.google.com/;22725;1;0
Unionstationhotelnashville.com-0047-2015Redesign;en-US;https://www.google.com.br/;32226;1;0
Broadmoor.com-0073-2016Redesign;en-US;https://www.google.com/;16721;1;0
Thesagamore.com-0112-2017Redesign;en-US;https://www.google.com/;33444;1;0
Sandylane.com-0075-2016Redesign;en-US;https://www.google.com/;17611;1;0
Luxehotels.com-0078-2016Redesign;en-US;https://www.google.ca/;19301;1;0
Sandylane.com-0075-2016Redesign;en-US;https://www.google.com/;17611;1;0
wentworthcom00212014redesign;en-US;https://www.google.com/;4309;1;0
Samosetresort.com-0113-2017Redesign;en-US;https://www.google.com/;32541;1;0
Broadmoor.com-0073-2016Redesign;en-US;https://tpc.googlesyndication.com/safeframe/1-0-10/html/container.html;16728;1;0
Napavalleymarriott.com-0071-2016Redesign;en-US;https://www.google.com/;16432;1;0
Secretharbourvi.com-0040-2015Redesign;en-US;https://www.bing.com/;9231;1;0
Casaybelresort.com-0002-2014Redesign;en-US;https://www.bing.com/;1533;1;0
Samosetresort.com-0113-2017Redesign;en-US;https://www.google.com/;32541;1;0
Broadmoor.com-0073-2016Redesign;en-US;https://www.google.com/;16721;1;0
Broadmoor.com-0073-2016Redesign;en-US;https://www.google.com/;16721;1;0
wentworthcom00212014redesign;en-US;https://www.google.com/;26679;1;0
wentworthcom00212014redesign;en-US;https://www.google.com/;4250;1;0
Thelodgeatwoodloch.com-0033-2015Redesign;en-US;https://www.google.com/;7764;1;0
Edgewaternaples.com-0094-2016Redesign;en-US;https://www.google.com/;25256;1;0
Lidobeachresort.com-0106-2017Redesign;en-US;https://www.bing.com/;28666;1;0
Longboatkeyclub.com-0104-2017Redesign;en-US;https://www.google.com/;28364;1;0
Longboatkeyclub.com-0104-2017Redesign;en-US;https://www.google.com/;28364;1;0
Cocokeyorlando.com-0059-2015Redesign;en-US;https://www.google.co.uk/;12394;1;0
Halcyonhotelcherrycreek.com-0061-2015Redesign;en-US;https://www.google.com/;23287;1;0
Luxehotels.com-0078-2016Redesign;en-US;https://www.google.com/;18833;1;0
Broadmoor.com-0073-2016Redesign;en-US;https://www.google.com/;23743;1;0
Cocokeyorlando.com-0059-2015Redesign;en-US;https://www.google.com/;12394;1;0
Thesagamore.com-0112-2017Redesign;en-US;https://www.google.com/;32339;1;0
Thecrawfordhotel.com-0074-2016Redesign;en-US;https://www.google.com/;17192;1;0
Broadmoor.com-0073-2016Redesign;en-US;http://tpc.googlesyndication.com/safeframe/1-0-10/html/container.html;16728;1;0
Delraysandsresort.com-0097-2016Redesign;en-US;https://www.google.com/;27232;1;0
Marriottkeylargo.com-0015-2014Redesign;en-US;http://r.search.yahoo.com/_ylt=AwrBT84bB7hZYzMAynhx.9w4##SEMICOLONDELIMITER##_ylu=X3oDMTByOHZyb21tBGNvbG8DYmYxBHBvcwMxBHZ0aWQDBHNlYwNzcg--/RV=2/RE=1505261468/RO=10/RU=http%3a//www.marriottkeylargo.com//RK=1/RS=zjYrubEDr9dV2eOaDBR9P_SAufA-;3948;1;0
wentworthcom00212014redesign;en-US;https://www.bing.com/;26679;1;0
Galthouse.com-0042-2015Redesign;en-US;http://m.facebook.com/;31905;1;0
Marriottkeylargo.com-0015-2014Redesign;en-US;http://r.search.yahoo.com/_ylt=AwrBT84bB7hZYzMAynhx.9w4##SEMICOLONDELIMITER##_ylu=X3oDMTByOHZyb21tBGNvbG8DYmYxBHBvcwMxBHZ0aWQDBHNlYwNzcg--/RV=2/RE=1505261468/RO=10/RU=http%3a//www.marriottkeylargo.com//RK=1/RS=zjYrubEDr9dV2eOaDBR9P_SAufA-;3964;1;0
Delraysandsresort.com-0097-2016Redesign;en-US;https://www.google.com/;27232;1;0
Broadmoor.com-0073-2016Redesign;en-US;https://tpc.googlesyndication.com/safeframe/1-0-10/html/container.html;16728;1;0
Broadmoor.com-0073-2016Redesign;en-US;http://login.nomadix.com:1111/web/portal.html;16724;1;0
Casaybelresort.com-0002-2014Redesign;en-US;http://r.search.yahoo.com/_ylt=A0LEV1FIB7hZB3YAcAJXNyoA##SEMICOLONDELIMITER##_ylu=X3oDMTByMjB0aG5zBGNvbG8DYmYxBHBvcwMxBHZ0aWQDBHNlYwNzYw--/RV=2/RE=1505261513/RO=10/RU=http%3a//www.casaybelresort.com//RK=1/RS=UTG0QM8HatG48z.7CIkPwobBJPI-;1533;1;0
Cphollywoodbeach.com-0032-2015Redesign;en-US;https://www.google.ca/;7831;1;0
Broadmoor.com-0073-2016Redesign;en-US;http://login.nomadix.com:1111/web/portal.html;16724;1;0
Monarchbeachresort.com-0092-2016Redesign;en-US;https://www.google.com/;22865;1;0
Thesagamore.com-0112-2017Redesign;en-US;https://www.google.com/;32339;1;0
