Cphollywoodbeach.com-0032-2015Redesign;en-US;https://www.sunny.org/webcam/;7831;1;0
Miravalspamonarchbeach.com-0109-2017Redesign;en-US;http://l.facebook.com/l.php;31709;1;0
Broadmoor.com-0073-2016Redesign;en-US;https://www.google.com/;16763;1;0
Casaybelresort.com-0002-2014Redesign;en-US;https://www.google.com/;1533;1;0
Broadmoor.com-0073-2016Redesign;en-US;https://www.google.com/;16763;1;0
Halcyonhotelcherrycreek.com-0061-2015Redesign;en-US;https://www.google.com/;22121;1;0
Ecommerce.washingtondukeinn.com-0027-2014ShoppingCart;en-US;https://www.washingtondukeinn.com/durham-accommodations/guest-rooms-suites/;6276;1;0
Unionstationhotelnashville.com-0047-2015Redesign;en-US;https://www.google.com/;32226;1;0
saddlebrook.com-0011-2014Redesign;en-US;https://www.google.com/;4538;1;0
Thelodgeatwoodloch.com-0033-2015Redesign;en-US;https://www.google.com/;8305;1;0
Delraysandsresort.com-0097-2016Redesign;en-US;https://www.google.com/;27232;1;0
Delraysandsresort.com-0097-2016Redesign;en-US;https://www.google.com/;27232;1;0
Galthouse.com-0042-2015Redesign;en-US;https://www.google.com/;31905;1;0
Galthouse.com-0042-2015Redesign;en-US;https://www.google.com/;31905;1;0
Cphollywoodbeach.com-0032-2015Redesign;en-US;https://www.sunny.org/webcam/;7831;1;0
Monarchbeachresort.com-0092-2016Redesign;en-US;https://www.google.com/;22725;1;0
Montaukyachtclub.com-0010-2014Redesign;en-US;https://www.google.com/;2383;1;0
Cphollywoodbeach.com-0032-2015Redesign;en-US;https://www.google.com.ph/;7805;1;0
Bluebirch.com-0072-2016Redesign;en-US;https://www.bing.com/;16693;1;0
Cocokeyorlando.com-0059-2015Redesign;en-US;https://secure53.ibahn.com/purchase/purchase;12394;1;0
Monarchbeachresort.com-0092-2016Redesign;en-US;https://www.google.com/;22725;1;0
Thelodgeatwoodloch.com-0033-2015Redesign;en-US;https://www.poconomountains.com/listings/the-lodge-at-woodloch/1319/;7764;1;0
Luxehotels.com-0078-2016Redesign;en-US;https://www.google.com/;18830;1;0
Springhillsuitesdenver.com-0060-2015Redesign;en-US;https://www.google.com/;12307;1;0
Cphollywoodbeach.com-0032-2015Redesign;en-US;https://www.sunny.org/webcam/;7831;1;0
Lidobeachresort.com-0106-2017Redesign;en-US;http://www.baidu.com/;28666;1;0
Lidobeachresort.com-0106-2017Redesign;en-US;http://www.baidu.com/;28666;1;0
Broadmoor.com-0073-2016Redesign;en-US;https://www.google.com/;16721;1;0
Broadmoor.com-0073-2016Redesign;en-US;https://www.google.com/;16721;1;0
Secretharbourvi.com-0040-2015Redesign;en-US;https://www.google.com/;9231;1;0
Luxehotels.com-0078-2016Redesign;en-US;https://www.google.com/;18805;1;0
