Broadmoor.com-0073-2016Redesign;en-US;https://moetomnenie.com/;16793;1;0
Treasureislandbeachresort.com-0089-2016Redesign;en-US;http://tpc.googlesyndication.com/safeframe/1-0-10/html/container.html;22176;1;0
Treasureislandbeachresort.com-0089-2016Redesign;en-US;http://tpc.googlesyndication.com/safeframe/1-0-10/html/container.html;22176;1;0
Longboatkeyclub.com-0104-2017Redesign;en-US;https://www.bing.com/;28316;1;0
Chrco.com-0107-2017Redesign;en-US;http://www.gavinwyttwestern.com/about-us/index.html;29434;1;0
Longboatkeyclub.com-0104-2017Redesign;en-US;https://www.bing.com/;28316;1;0
Montaukyachtclub.com-0010-2014Redesign;en-US;https://www.google.com/;2240;1;0
saddlebrook.com-0011-2014Redesign;en-US;https://www.google.ca/;3453;1;0
Broadmoor.com-0073-2016Redesign;en-US;https://www.google.com/;16721;1;0
Broadmoor.com-0073-2016Redesign;en-US;https://www.google.com/;16721;1;0
Longboatkeyclub.com-0104-2017Redesign;en-US;https://www.bing.com/;28316;1;0
Washingtondukeinn.com-0024-2014Redesign;en-US;https://www.google.com/;4524;1;0
Glencovemansion.com-0058-2015Redesign;en-US;https://www.bing.com/;13330;1;0
Broadmoor.com-0073-2016Redesign;en-US;http://login.nomadix.com:1111/web/portal.html;16724;1;0
Napavalleymarriott.com-0071-2016Redesign;en-US;https://www.google.com/;16432;1;0
Broadmoor.com-0073-2016Redesign;en-US;https://www.google.com/;16764;1;0
Broadmoor.com-0073-2016Redesign;en-US;https://www.google.com/;16764;1;0
Broadmoor.com-0073-2016Redesign;en-US;http://login.nomadix.com:1111/web/portal.html;16724;1;0
Broadmoor.com-0073-2016Redesign;en-US;http://tpc.googlesyndication.com/safeframe/1-0-10/html/container.html;16728;1;0
Casaybelresort.com-0002-2014Redesign;en-US;https://www.google.com/;1533;1;0
Opalsands.com-0084-2016Redesign;en-US;http://m.facebook.com/;28082;1;0
Thesagamore.com-0112-2017Redesign;en-US;https://www.google.com/;32346;1;0
Broadmoor.com-0073-2016Redesign;en-US;https://www.google.com/;16731;1;0
Broadmoor.com-0073-2016Redesign;en-US;https://www.google.com/;16760;1;0
Residenceinnnyc.com-0034-2015Redesign;en-US;https://www.google.com/;7926;1;0
Unionstationhotelnashville.com-0047-2015Redesign;en-US;https://www.bing.com/;32226;1;0
Secretharbourvi.com-0040-2015Redesign;en-US;https://www.bing.com/;9231;1;0
Luxehotels.com-0078-2016Redesign;en-US;https://www.google.com.mx/;18805;1;0
Lehotels.com-0049-2015Transfer;en-US;https://www.bing.com/;12108;1;0
Broadmoor.com-0073-2016Redesign;en-US;https://www.google.com/;18259;1;0
Halcyonhotelcherrycreek.com-0061-2015Redesign;en-US;http://r.search.yahoo.com/_ylt=A0LEVjaNBbBZl9sA3rAPxQt.##SEMICOLONDELIMITER##_ylu=X3oDMTByOHZyb21tBGNvbG8DYmYxBHBvcwMxBHZ0aWQDBHNlYwNzcg--/RV=2/RE=1504736781/RO=10/RU=http%3a//www.halcyonhotelcherrycreek.com//RK=1/RS=4xp7BS_R9fn.tcUPzVVMun_hmKo-;22121;1;0
Theoxfordhotel.com-0062-2015Redesign;en-US;https://www.inboundlinks.win/InboundLinks/www.theoxfordhotel.com;14325;1;0
Lakeplacidlodge.com-0105-2017Redesign;en-US;https://es.pinterest.com/pin/385057836863836253/;28545;1;0
Galthouse.com-0042-2015Redesign;en-US;https://www.google.com/;10558;1;0
Broadmoor.com-0073-2016Redesign;en-US;https://mail2.spectrum.net/mail;16761;1;0
Bellemontfarm.com-0007-2013Redesign;en-US;https://www.google.nl/;11497;1;0
saddlebrook.com-0011-2014Redesign;en-US;https://www.google.com/;3385;1;0
Broadmoor.com-0073-2016Redesign;en-US;http://login.nomadix.com:1111/web/portal.html;16724;1;0
Halcyonhotelcherrycreek.com-0061-2015Redesign;en-US;https://uncrate.com/article/halcyon-hotel/;22121;1;0
Broadmoor.com-0073-2016Redesign;en-US;http://login.nomadix.com:1111/web/portal.html;16724;1;0
