Thelodgeatwoodloch.com-0033-2015Redesign;en-US;https://www.google.com/;7764;1;0
Thesagamore.com-0112-2017Redesign;en-US;https://www.google.com/;32339;1;0
Cocokeyorlando.com-0059-2015Redesign;en-US;https://res.windsurfercrs.com/ibe/index.aspx;12394;1;0
Broadmoor.com-0073-2016Redesign;en-US;https://www.google.com/;21232;1;0
Napavalleymarriott.com-0071-2016Redesign;en-US;https://www.google.com/;16432;1;0
Thecurtis.com-0079-2016Redesign;en-US;https://www.google.com/;17981;1;0
Lakeplacidlodge.com-0105-2017Redesign;en-US;https://www.google.com/;28545;1;0
Theharborsidehotel.com-0114-2017Redesign;en-US;https://www.google.com/;37571;1;0
Broadmoor.com-0073-2016Redesign;en-US;http://m.facebook.com/;16790;1;0
Thecurtis.com-0079-2016Redesign;en-US;http://r.search.yahoo.com/_ylt=A0LEVwtqk7hZnUsA5T1XNyoA##SEMICOLONDELIMITER##_ylu=X3oDMTEybmRjZG45BGNvbG8DYmYxBHBvcwMxBHZ0aWQDQjM5MTlfMQRzZWMDc3I-/RV=2/RE=1505297386/RO=10/RU=http%3a//www.thecurtis.com//RK=1/RS=opqYNjDflZQ0j0MWQFwGyLKZyqc-;17981;1;0
Cphollywoodbeach.com-0032-2015Redesign;en-US;https://www.sunny.org/webcam/;7831;1;0
Lidobeachresort.com-0106-2017Redesign;en-US;https://www.google.com/;28666;1;0
Lidobeachresort.com-0106-2017Redesign;en-US;https://www.google.com/;28666;1;0
Broadmoor.com-0073-2016Redesign;en-US;http://tpc.googlesyndication.com/safeframe/1-0-10/html/container.html;16728;1;0
Halcyonhotelcherrycreek.com-0061-2015Redesign;en-US;https://www.google.com/;22121;1;0
Broadmoor.com-0073-2016Redesign;en-US;https://www.google.com/;16721;1;0
Broadmoor.com-0073-2016Redesign;en-US;https://www.bing.com/;22720;1;0
Thesagamore.com-0112-2017Redesign;en-US;https://r.search.yahoo.com/_ylt=A0LEVyBKdo5Z1WwARj5x.9w4##SEMICOLONDELIMITER##_ylu=X3oDMTE0bGhyaDE4BGNvbG8DYmYxBHBvcwMxBHZ0aWQDVUkyRkJUM18xBHNlYwNzcg--/RV=2/RE=1502537418/RO=10/RU=https%3a//www.thesagamore.com//RK=1/RS=xRZMcbZfwikZeOblZUQhSv0BakU-;32339;1;0
Thesagamore.com-0112-2017Redesign;en-US;https://www.google.com/;32339;1;0
Thesagamore.com-0112-2017Redesign;en-US;https://www.google.com/;32339;1;0
Thecurtis.com-0079-2016Redesign;en-US;https://www.google.com/;17981;1;0
Jupiterbeachresort.com-0103-2017Redesign;en-US;http://www.palmbeachpost.com/news/hurricane-irma-these-pbc-hotels-are-open/nR8qH151ZLlcqiUHMY2olJ/;28158;1;0
Broadmoor.com-0073-2016Redesign;en-US;https://www.google.com/;17448;1;0
Casaybelresort.com-0002-2014Redesign;en-US;https://www.google.com/;1533;1;0
Jupiterbeachresort.com-0103-2017Redesign;en-US;http://www.palmbeachpost.com/news/hurricane-irma-these-pbc-hotels-are-open/nR8qH151ZLlcqiUHMY2olJ/;28158;1;0
Thesagamore.com-0112-2017Redesign;en-US;http://www.lakegeorge.com/guide/lg_hotelsmotels.cfm;32339;1;0
Thesagamore.com-0112-2017Redesign;en-US;http://www.lakegeorge.com/guide/lg_hotelsmotels.cfm;32339;1;0
Broadmoor.com-0073-2016Redesign;en-US;http://tpc.googlesyndication.com/safeframe/1-0-10/html/container.html;16728;1;0
Lidobeachresort.com-0106-2017Redesign;en-US;https://www.google.com/;28666;1;0
Sandpearl.com-0091-2016Redesign;en-US;https://www.google.com/;22481;1;0
Monarchbeachresort.com-0092-2016Redesign;en-US;https://www.google.com/;22725;1;0
Broadmoor.com-0073-2016Redesign;en-US;http://tpc.googlesyndication.com/safeframe/1-0-10/html/container.html;16728;1;0
Monarchbeachresort.com-0092-2016Redesign;en-US;https://www.google.ca/;22725;1;0
Thesagamore.com-0112-2017Redesign;en-US;http://www.boltonchamber.com/bolton-landing-dining.asp;32339;1;0
Thesagamore.com-0112-2017Redesign;en-US;http://www.boltonchamber.com/bolton-landing-dining.asp;32339;1;0
Thesagamore.com-0112-2017Redesign;en-US;https://www.google.com/;32339;1;0
Galthouse.com-0042-2015Redesign;en-US;https://www.google.com/;31905;1;0
Renaissancepittsburghpa.com-0044-2015Redesign;en-US;https://www.google.com/;9637;1;0
Halcyonhotelcherrycreek.com-0061-2015Redesign;en-US;https://www.google.com/;22121;1;0
Casaybelresort.com-0002-2014Redesign;en-US;https://www.google.com/;1613;1;0
Zotabeachresort.com-0090-2016Redesign;en-US;https://www.google.com/;22378;1;0
Broadmoor.com-0073-2016Redesign;en-US;http://m.facebook.com/;16790;1;0
Broadmoor.com-0073-2016Redesign;en-US;https://www.google.com/;16770;1;0
