Sandpearl.com-0091-2016Redesign;en-US;https://www.google.com/;22488;1;0
Broadmoor.com-0073-2016Redesign;en-US;http://login.nomadix.com:1111/web/portal.html;16724;1;0
Broadmoor.com-0073-2016Redesign;en-US;http://login.nomadix.com:1111/web/portal.html;16724;1;0
Thesagamore.com-0112-2017Redesign;en-US;http://m.facebook.com/;32339;1;0
Cphollywoodbeach.com-0032-2015Redesign;en-US;https://www.google.com/;7831;1;0
Longboatkeyclub.com-0104-2017Redesign;en-US;https://www.google.com/;28316;1;0
Longboatkeyclub.com-0104-2017Redesign;en-US;http://www.baidu.com/;28316;1;0
Longboatkeyclub.com-0104-2017Redesign;en-US;http://www.baidu.com/;28316;1;0
theweststreethotel.com-0115-2017Redesign;en-US;https://www.google.com/;36683;1;0
Sandylane.com-0075-2016Redesign;en-US;https://www.google.co.uk/;17611;1;0
Longboatkeyclub.com-0104-2017Redesign;en-US;https://www.bing.com/;28316;1;0
Broadmoor.com-0073-2016Redesign;en-US;https://www.google.com/;16721;1;0
Thelodgeatwoodloch.com-0033-2015Redesign;en-US;https://www.pinterest.com/search/pins/;7783;1;0
wentworthcom00212014redesign;en-US;https://www.google.com/;4309;1;0
Casaybelresort.com-0002-2014Redesign;en-US;https://www.google.com/;1613;1;0
Thelodgeatwoodloch.com-0033-2015Redesign;en-US;https://www.google.com/;7764;1;0
Broadmoor.com-0073-2016Redesign;en-US;https://www.google.co.za/;16738;1;0
Broadmoor.com-0073-2016Redesign;en-US;http://travel-babel.com/;16721;1;0
Marriottkeylargo.com-0015-2014Redesign;en-US;http://contact.wnsgs.com/;3948;1;0
Thesagamore.com-0112-2017Redesign;en-US;https://l.facebook.com/;32339;1;0
Hhotellosangeles.com-0118-2017Redesign;en-US;https://www.google.com/;37901;1;0
Longboatkeyclub.com-0104-2017Redesign;en-US;https://www.bing.com/;28316;1;0
Cocokeyorlando.com-0059-2015Redesign;en-US;https://www.google.com/;12406;1;0
Cocokeyorlando.com-0059-2015Redesign;en-US;https://www.google.com/;12394;1;0
