Cphollywoodbeach.com-0032-2015Redesign;en-US;https://www.google.com/;7831;1;0
Cphollywoodbeach.com-0032-2015Redesign;en-US;https://www.sunny.org/webcam/;7831;1;0
Broadmoor.com-0073-2016Redesign;en-US;https://www.google.com/;16755;1;0
saddlebrook.com-0011-2014Redesign;en-US;https://www.google.com/;3385;1;0
Cphollywoodbeach.com-0032-2015Redesign;en-US;https://www.sunny.org/webcam/;7831;1;0
Thelodgeatwoodloch.com-0033-2015Redesign;en-US;http://l.facebook.com/l.php;7764;1;0
Casaybelresort.com-0002-2014Redesign;en-US;http://kierunekfloryda.com/kamery-online-na-florydzie/;1613;1;0
Longboatkeyclub.com-0104-2017Redesign;en-US;https://www.google.com/;28364;1;0
Longboatkeyclub.com-0104-2017Redesign;en-US;https://www.google.com/;28364;1;0
Cphollywoodbeach.com-0032-2015Redesign;en-US;https://www.sunny.org/webcam/;7831;1;0
Marriottkeylargo.com-0015-2014Redesign;en-US;http://www.beachcamsusa.com/fl/key-largo/key-largo-marriott-bay-resort-live-webcam;3948;1;0
Marriottkeylargo.com-0015-2014Redesign;en-US;http://www.beachcamsusa.com/fl/key-largo/key-largo-marriott-bay-resort-live-webcam;3964;1;0
Lidobeachresort.com-0106-2017Redesign;en-US;http://m.facebook.com/;28667;1;0
Opalsands.com-0084-2016Redesign;en-US;https://www.google.com/;20171;1;0
Lidobeachresort.com-0106-2017Redesign;en-US;http://m.facebook.com/;28667;1;0
Cphollywoodbeach.com-0032-2015Redesign;en-US;https://www.sunny.org/webcam/;7831;1;0
Cphollywoodbeach.com-0032-2015Redesign;en-US;https://www.google.com/;7831;1;0
Cphollywoodbeach.com-0032-2015Redesign;en-US;https://www.google.com/;7831;1;0
Lidobeachresort.com-0106-2017Redesign;en-US;http://l.facebook.com/l.php;28667;1;0
Lidobeachresort.com-0106-2017Redesign;en-US;http://l.facebook.com/l.php;28667;1;0
Cphollywoodbeach.com-0032-2015Redesign;en-US;http://www.earthcam.com/mapsearch/;7831;1;0
theweststreethotel.com-0115-2017Redesign;en-US;https://www.google.co.in/;36683;1;0
Cphollywoodbeach.com-0032-2015Redesign;en-US;https://www.sunny.org/webcam/;7831;1;0
Longboatkeyclub.com-0104-2017Redesign;en-US;https://worldcam.eu/webcams/north-america/florida-usa/15728;28317;1;0
Thelodgeatwoodloch.com-0033-2015Redesign;en-US;http://l.facebook.com/l.php;7764;1;0
Broadmoor.com-0073-2016Redesign;en-US;http://login.nomadix.com:1111/web/portal.html;16724;1;0
Cphollywoodbeach.com-0032-2015Redesign;en-US;https://www.google.de/;7831;1;0
Broadmoor.com-0073-2016Redesign;en-US;http://login.nomadix.com:1111/web/portal.html;16724;1;0
Cphollywoodbeach.com-0032-2015Redesign;en-US;http://m.facebook.com/;7831;1;0
Theloganhotel.com-0043-2015Redesign;en-US;http://juliuservinggolfclassic.com/;20218;1;0
Samosetresort.com-0113-2017Redesign;en-US;https://www.bing.com/;35227;1;0
Cphollywoodbeach.com-0032-2015Redesign;en-US;https://www.sunny.org/webcam/;7831;1;0
Cphollywoodbeach.com-0032-2015Redesign;en-US;https://www.google.com/;7831;1;0
Cphollywoodbeach.com-0032-2015Redesign;en-US;https://www.sunny.org/webcam/;7831;1;0
Cphollywoodbeach.com-0032-2015Redesign;en-US;https://www.google.com/;7831;1;0
Broadmoor.com-0073-2016Redesign;en-US;http://login.nomadix.com:1111/web/portal.html;16724;1;0
Casaybelresort.com-0002-2014Redesign;en-US;http://surfinggator.com/fort-myers/cams/cams.html;1613;1;0
Broadmoor.com-0073-2016Redesign;en-US;http://login.nomadix.com:1111/web/portal.html;16724;1;0
Broadmoor.com-0073-2016Redesign;en-US;https://www.google.com/;18014;1;0
Longboatkeyclub.com-0104-2017Redesign;en-US;https://www.tripadvisor.com/Hotel_Review-g34399-d84943-Reviews-Resort_at_Longboat_Key_Club-Longboat_Key_Florida.html;28316;1;0
Broadmoor.com-0073-2016Redesign;en-US;https://www.google.com/;16722;1;0
Longboatkeyclub.com-0104-2017Redesign;en-US;https://www.tripadvisor.com/Hotel_Review-g34399-d84943-Reviews-Resort_at_Longboat_Key_Club-Longboat_Key_Florida.html;28316;1;0
Cphollywoodbeach.com-0032-2015Redesign;en-US;https://www.sunny.org/webcam/;7831;1;0
Casaybelresort.com-0002-2014Redesign;en-US;https://www.google.com/;1613;1;0
Casaybelresort.com-0002-2014Redesign;en-US;http://surfinggator.com/fort-myers/cams/cams.html;1613;1;0
Cphollywoodbeach.com-0032-2015Redesign;en-US;https://www.sunny.org/webcam/;7831;1;0
Marriottkeylargo.com-0015-2014Redesign;en-US;http://www.beachcamsusa.com/fl/key-largo/key-largo-marriott-bay-resort-live-webcam;3948;1;0
Thesagamore.com-0112-2017Redesign;en-US;https://www.google.com/;33479;1;0
Marriottkeylargo.com-0015-2014Redesign;en-US;http://www.beachcamsusa.com/fl/key-largo/key-largo-marriott-bay-resort-live-webcam;3964;1;0
Longboatkeyclub.com-0104-2017Redesign;en-US;https://www.google.com/;28332;1;0
Broadmoor.com-0073-2016Redesign;en-US;https://www.google.com/;16721;1;0
Halcyonhotelcherrycreek.com-0061-2015Redesign;en-US;https://www.google.com/;23287;1;0
Casaybelresort.com-0002-2014Redesign;en-US;https://www.google.com/;1613;1;0
Cocokeyorlando.com-0059-2015Redesign;en-US;https://www.google.com/;12394;1;0
Luxehotels.com-0078-2016Redesign;en-US;http://r.search.yahoo.com/_ylt=AwrBT.IaSrVZ8mgAIcdXNyoA##SEMICOLONDELIMITER##_ylu=X3oDMTEzaTZzYWlmBGNvbG8DYmYxBHBvcwMxBHZ0aWQDVUkwMkM0XzEEc2VjA3Ny/RV=2/RE=1505082010/RO=10/RU=http%3a//www.luxehotels.com//RK=1/RS=W4QsmK9Ae3DANG8XS9bLl_YYSVc-;18805;1;0
Halcyonhotelcherrycreek.com-0061-2015Redesign;en-US;https://www.google.com/;23287;1;0
saddlebrook.com-0011-2014Redesign;en-US;https://www.google.com/;3385;1;0
Broadmoor.com-0073-2016Redesign;en-US;http://login.nomadix.com:1111/web/portal.html;16724;1;0
Sandpearl.com-0091-2016Redesign;en-US;https://www.google.co.uk/;22481;1;0
Marriottkeylargo.com-0015-2014Redesign;en-US;http://www.beachcamsusa.com/fl/key-largo/key-largo-marriott-bay-resort-live-webcam;3948;1;0
Marriottkeylargo.com-0015-2014Redesign;en-US;http://www.beachcamsusa.com/fl/key-largo/key-largo-marriott-bay-resort-live-webcam;3964;1;0
Broadmoor.com-0073-2016Redesign;en-US;http://login.nomadix.com:1111/web/portal.html;16724;1;0
Cphollywoodbeach.com-0032-2015Redesign;en-US;https://www.google.ca/;7831;1;0
Lidobeachresort.com-0106-2017Redesign;en-US;https://m.facebook.com/;28667;1;0
Lidobeachresort.com-0106-2017Redesign;en-US;https://m.facebook.com/;28667;1;0
Casaybelresort.com-0002-2014Redesign;en-US;https://www.google.com/;1533;1;0
Cphollywoodbeach.com-0032-2015Redesign;en-US;http://www.beachcamsusa.com/fl/hollywood/crowne-plaza-webcam-from-hollywood-fl;7831;1;0
Broadmoor.com-0073-2016Redesign;en-US;https://www.google.com/;18259;1;0
Broadmoor.com-0073-2016Redesign;en-US;http://tpc.googlesyndication.com/safeframe/1-0-10/html/container.html;16728;1;0
Cphollywoodbeach.com-0032-2015Redesign;en-US;https://www.google.com/;7831;1;0
Cphollywoodbeach.com-0032-2015Redesign;en-US;https://www.sunny.org/webcam/;7831;1;0
Cphollywoodbeach.com-0032-2015Redesign;en-US;https://www.google.gr/;7831;1;0
Cphollywoodbeach.com-0032-2015Redesign;en-US;https://www.google.ca/;7831;1;0
Longboatkeyclub.com-0104-2017Redesign;en-US;https://www.google.com/;28317;1;0
Cphollywoodbeach.com-0032-2015Redesign;en-US;https://www.google.com/;7805;1;0
Cphollywoodbeach.com-0032-2015Redesign;en-US;http://m.facebook.com/;8282;1;0
Lakeplacidlodge.com-0105-2017Redesign;en-US;https://www.google.com/;32790;1;0
Theharborsidehotel.com-0114-2017Redesign;en-US;https://www.google.com/;37581;1;0
Broadmoor.com-0073-2016Redesign;en-US;https://www.netdeals.com/search;16770;1;0
Jupiterbeachresort.com-0103-2017Redesign;en-US;https://www.google.com/;28158;1;0
Cphollywoodbeach.com-0032-2015Redesign;en-US;http://beachcamsusa.com/fl/hollywood/crowne-plaza-webcam-from-hollywood-fl;7831;1;0
Cphollywoodbeach.com-0032-2015Redesign;en-US;https://www.sunny.org/webcam/;7831;1;0
Marriottkeylargo.com-0015-2014Redesign;en-US;http://www.beachcamsusa.com/fl/key-largo/key-largo-marriott-bay-resort-live-webcam;3948;1;0
Cphollywoodbeach.com-0032-2015Redesign;en-US;https://www.google.com/;7831;1;0
Longboatkeyclub.com-0104-2017Redesign;en-US;https://www.google.com/;28364;1;0
Theharborsidehotel.com-0114-2017Redesign;en-US;https://www.google.com/;37571;1;0
Theharborsidehotel.com-0114-2017Redesign;en-US;https://www.google.com/;37571;1;0
Cphollywoodbeach.com-0032-2015Redesign;en-US;https://www.sunny.org/webcam/;7831;1;0
