Opalsands.com-0084-2016Redesign;en-US;https://www.google.com/;21642;1;0
Broadmoor.com-0073-2016Redesign;en-US;https://www.google.com/;18010;1;0
Sandpearl.com-0091-2016Redesign;en-US;http://captive.apple.com/hotspot-detect.html;22481;1;0
Jupiterbeachresort.com-0103-2017Redesign;en-US;http://cbs12.com/features/food-trippin/sinclairs-ocean-grilljupiters-only-oceanfront-restaurant;29436;1;0
Sandpearl.com-0091-2016Redesign;en-US;http://captive.apple.com/hotspot-detect.html;22481;1;0
Broadmoor.com-0073-2016Redesign;en-US;https://www.google.com/;18259;1;0
Jupiterbeachresort.com-0103-2017Redesign;en-US;http://cbs12.com/features/food-trippin/sinclairs-ocean-grilljupiters-only-oceanfront-restaurant;29436;1;0
Broadmoor.com-0073-2016Redesign;en-US;android-app://com.google.android.googlequicksearchbox/;20439;1;0
Sandylane.com-0075-2016Redesign;en-US;https://www.google.co.uk/;17688;1;0
Theloganhotel.com-0043-2015Redesign;en-US;https://www.google.com/;15962;1;0
Broadmoor.com-0073-2016Redesign;en-US;https://www.google.com/;16742;1;0
Galthouse.com-0042-2015Redesign;en-US;https://www.bing.com/;10562;1;0
Broadmoor.com-0073-2016Redesign;en-US;http://login.nomadix.com:1111/web/portal.html;16724;1;0
Broadmoor.com-0073-2016Redesign;en-US;http://login.nomadix.com:1111/web/portal.html;16724;1;0
Luxehotels.com-0078-2016Redesign;en-US;https://www.google.com/;18833;1;0
Halcyonhotelcherrycreek.com-0061-2015Redesign;en-US;https://www.google.com/;23287;1;0
Amzak.com-0023-2014Redesign;en-US;https://www.google.com/;4215;1;0
Napavalleymarriott.com-0071-2016Redesign;en-US;https://www.google.com/;16432;1;0
Broadmoor.com-0073-2016Redesign;en-US;https://www.google.com/;18010;1;0
Hospitalityupgrade.com-0093-2016Redesign;en-US;https://app.meltwater.com/newsletter/58123898632bbf8e3a367c17/distribution/create;25405;1;0
Sandpearl.com-0091-2016Redesign;en-US;https://www.bing.com/;22481;1;0
Thelodgeatwoodloch.com-0033-2015Redesign;en-US;http://search.tb.ask.com/search/GGmain.jhtml;24800;1;0
Opalsands.com-0084-2016Redesign;en-US;http://esurvey.templates.cendyn.com/eSurvey_OceanProperties/eSurvey_OpalSands/Thank_You_Page/ThankYou.asp;20171;1;0
Montaukyachtclub.com-0010-2014Redesign;en-US;https://www.google.com/;2240;1;0
Opalsands.com-0084-2016Redesign;en-US;http://esurvey.templates.cendyn.com/eSurvey_OceanProperties/eSurvey_OpalSands/Thank_You_Page/ThankYou.asp;20171;1;0
Thesagamore.com-0112-2017Redesign;en-US;https://www.google.com/;32339;1;0
Broadmoor.com-0073-2016Redesign;en-US;https://www.google.com/;16767;1;0
Broadmoor.com-0073-2016Redesign;en-US;https://www.google.com/;16767;1;0
Samosetresort.com-0113-2017Redesign;en-US;https://www.google.com/;32541;1;0
Broadmoor.com-0073-2016Redesign;en-US;https://www.google.com/;16721;1;0
Monarchbeachresort.com-0092-2016Redesign;en-US;https://www.google.com/;22725;1;0
Halcyonhotelcherrycreek.com-0061-2015Redesign;en-US;https://uncrate.com/article/halcyon-hotel/;22121;1;0
Theharborsidehotel.com-0114-2017Redesign;en-US;http://www.barharborinfo.com/All-Members/HARBORSIDE-HOTEL,-SPA-AND-MARINA.aspx;37571;1;0
Theharborsidehotel.com-0114-2017Redesign;en-US;http://www.barharborinfo.com/All-Members/HARBORSIDE-HOTEL,-SPA-AND-MARINA.aspx;37571;1;0
Washingtoncourthotel.com-0076-2016Redesign;en-US;https://www.bing.com/;17932;1;0
Broadmoor.com-0073-2016Redesign;en-US;https://www.google.com/;18259;1;0
Cphollywoodbeach.com-0032-2015Redesign;en-US;https://www.sunny.org/webcam/;7831;1;0
Thesagamore.com-0112-2017Redesign;en-US;https://www.google.com/;32339;1;0
Broadmoor.com-0073-2016Redesign;en-US;https://www.google.com/;16721;1;0
Theloganhotel.com-0043-2015Redesign;en-US;https://results.searchlock.com/;20218;1;0
Broadmoor.com-0073-2016Redesign;en-US;http://login.nomadix.com:1111/web/portal.html;16724;1;0
Broadmoor.com-0073-2016Redesign;en-US;http://login.nomadix.com:1111/web/portal.html;16724;1;0
Cphollywoodbeach.com-0032-2015Redesign;en-US;https://www.sunny.org/webcam/;7831;1;0
Samosetresort.com-0113-2017Redesign;en-US;android-app://com.google.android.gm/;35349;1;0
Broadmoor.com-0073-2016Redesign;en-US;https://www.bing.com/;16721;1;0
saddlebrook.com-0011-2014Redesign;en-US;http://m.facebook.com/;4538;1;0
Washingtondukeinn.com-0024-2014Redesign;en-US;https://www.google.com/;4524;1;0
Jupiterbeachresort.com-0103-2017Redesign;en-US;https://www.bing.com/;28158;1;0
Montaukyachtclub.com-0010-2014Redesign;en-US;https://www.google.com/;2240;1;0
