Broadmoor.com-0073-2016Redesign;en-US;https://www.google.com/;16767;1;0
Cphollywoodbeach.com-0032-2015Redesign;en-US;http://r.search.yahoo.com/_ylt=AwrBTv71pLFZ.AYAqAjrFAx.##SEMICOLONDELIMITER##_ylu=X3oDMTEybnNpNTV1BGNvbG8DYmYxBHBvcwMxBHZ0aWQDQjI1NDZfMQRzZWMDc3I-/RV=2/RE=1504843125/RO=10/RU=http%3a//www.cphollywoodbeach.com/gallery/web-cam//RK=1/RS=OjiLCRvctxYNb4OF8oP4rRvUoKs-;7831;1;0
Cocokeyorlando.com-0059-2015Redesign;en-US;https://www.bing.com/;12394;1;0
Thesagamore.com-0112-2017Redesign;en-US;https://www.google.com/;32339;1;0
Cphollywoodbeach.com-0032-2015Redesign;en-US;https://www.google.fr/;7831;1;0
Treasureislandbeachresort.com-0089-2016Redesign;en-US;https://www.google.com/;22169;1;0
Thesagamore.com-0112-2017Redesign;en-US;https://www.google.com/;32339;1;0
Thesagamore.com-0112-2017Redesign;en-US;https://www.google.com/;32339;1;0
Lakeplacidlodge.com-0105-2017Redesign;en-US;https://www.bing.com/;28545;1;0
Cocokeyorlando.com-0059-2015Redesign;en-US;https://res.windsurfercrs.com/ibe/index.aspx;12394;1;0
Thesagamore.com-0112-2017Redesign;en-US;https://www.bing.com/;33921;1;0
Thesagamore.com-0112-2017Redesign;en-US;https://www.bing.com/;33921;1;0
Sandylane.com-0075-2016Redesign;en-US;http://m.facebook.com/;17611;1;0
Broadmoor.com-0073-2016Redesign;en-US;https://www.google.com/;20436;1;0
Cocokeyorlando.com-0059-2015Redesign;en-US;http://www.google.com/;12414;1;0
Renaissancepittsburghpa.com-0044-2015Redesign;en-US;http://r.search.yahoo.com/_ylt=A0LEVx88pbFZufkAwxtXNyoA##SEMICOLONDELIMITER##_ylu=X3oDMTEyMzdiYTkzBGNvbG8DYmYxBHBvcwMxBHZ0aWQDQjQwMzdfMQRzZWMDc3I-/RV=2/RE=1504843197/RO=10/RU=http%3a//www.renaissancepittsburghpa.com//RK=1/RS=MvEeYN.2AZBreFIUOWCbRbddrB4-;9637;1;0
Longboatkeyclub.com-0104-2017Redesign;en-US;http://com-pathology.sites.medinfo.ufl.edu/;28316;1;0
Longboatkeyclub.com-0104-2017Redesign;en-US;http://com-pathology.sites.medinfo.ufl.edu/;28316;1;0
Thecrawfordhotel.com-0074-2016Redesign;en-US;http://www.travelandleisure.com/weekend-getaways/weekend-in-denver;17145;1;0
Glencovemansion.com-0058-2015Redesign;en-US;https://www.google.com/;13328;1;0
Broadmoor.com-0073-2016Redesign;en-US;https://www.google.com/;18259;1;0
saddlebrook.com-0011-2014Redesign;en-US;https://www.bing.com/;3385;1;0
Luxehotels.com-0078-2016Redesign;en-US;https://www.google.com/;18830;1;0
Cocokeyorlando.com-0059-2015Redesign;en-US;https://www.google.com/;12394;1;0
Broadmoor.com-0073-2016Redesign;en-US;http://www.visitcos.com/where-to-stay/cabins-and-cottages/;18010;1;0
Cocokeyorlando.com-0059-2015Redesign;en-US;https://www.google.com/;12394;1;0
Cocokeyorlando.com-0059-2015Redesign;en-US;http://www.visitorlando.com/things-to-do/attractions/CoCo-Key-Hotel-and-Water-Resort-Orlando/31858/;12394;1;0
Cocokeyorlando.com-0059-2015Redesign;en-US;http://www.visitorlando.com/things-to-do/attractions/CoCo-Key-Hotel-and-Water-Resort-Orlando/31858/;12394;1;0
Thesagamore.com-0112-2017Redesign;en-US;https://www.google.pt/;32339;1;0
theweststreethotel.com-0115-2017Redesign;en-US;https://www.google.com/;37486;1;0
Broadmoor.com-0073-2016Redesign;en-US;https://www.google.com/;16721;1;0
Cphollywoodbeach.com-0032-2015Redesign;en-US;https://www.sunny.org/webcam/;7831;1;0
Thesagamore.com-0112-2017Redesign;en-US;https://www.bing.com/;32339;1;0
Cphollywoodbeach.com-0032-2015Redesign;en-US;http://www.earthcam.com/mapsearch/;7831;1;0
Cocokeyorlando.com-0059-2015Redesign;en-US;https://res.windsurfercrs.com/ibe/cart.aspx;12394;1;0
Oxfordclubspa.com-0068-2016Redesign;en-US;http://m.facebook.com/;15568;1;0
Thesagamore.com-0112-2017Redesign;en-US;http://www.lakegeorge.com/business/sagamore-670/;32339;1;0
Thesagamore.com-0112-2017Redesign;en-US;http://www.lakegeorge.com/business/sagamore-670/;32339;1;0
Unionstationhotelnashville.com-0047-2015Redesign;en-US;https://www.google.com/;32226;1;0
Sandpearl.com-0091-2016Redesign;en-US;https://www.google.nl/;22481;1;0
Broadmoor.com-0073-2016Redesign;en-US;http://login.nomadix.com:1111/web/portal.html;16724;1;0
Broadmoor.com-0073-2016Redesign;en-US;http://login.nomadix.com:1111/web/portal.html;16724;1;0
Sandpearl.com-0091-2016Redesign;en-US;https://www.google.nl/;22481;1;0
Montaukyachtclub.com-0010-2014Redesign;en-US;http://tpc.googlesyndication.com/safeframe/1-0-10/html/container.html;2240;1;0
Sandylane.com-0075-2016Redesign;en-US;https://www.google.co.uk/;17611;1;0
