Glencovemansion.com-0058-2015Redesign;en-US;https://www.google.com/;41652;1;0
Broadmoor.com-0073-2016Redesign;en-US;https://www.google.com/;16721;1;0
Galthouse.com-0042-2015Redesign;en-US;https://www.google.com/;31905;1;0
Galthouse.com-0042-2015Redesign;en-US;https://www.google.com/;31905;1;0
Theoxfordhotel.com-0062-2015Redesign;en-US;http://m.facebook.com/;14325;1;0
Cphollywoodbeach.com-0032-2015Redesign;en-US;http://r.search.yahoo.com/_ylt=A0LEVjsr8K1Z1AIADmAPxQt.##SEMICOLONDELIMITER##_ylu=X3oDMTByOHZyb21tBGNvbG8DYmYxBHBvcwMxBHZ0aWQDBHNlYwNzcg--/RV=2/RE=1504600236/RO=10/RU=http%3a//www.cphollywoodbeach.com//RK=1/RS=CBzNQRDp8rktTX2EiY5PO3fSfZI-;7805;1;0
Galthouse.com-0042-2015Redesign;en-US;https://www.google.com/;31905;1;0
Sandylane.com-0075-2016Redesign;en-US;https://www.google.co.uk/;17611;1;0
Broadmoor.com-0073-2016Redesign;en-US;http://www.google.com/;18259;1;0
Theharborsidehotel.com-0114-2017Redesign;en-US;http://www.google.com/;37571;1;0
Theharborsidehotel.com-0114-2017Redesign;en-US;http://www.google.com/;37571;1;0
Jbdukehotel.com-0086-2016Redesign;en-US;https://www.google.com/;21918;1;0
Kittitianhill.com-0012-2014Redesign;en-US;https://www.facebook.com/;2293;1;0
Lidobeachresort.com-0106-2017Redesign;en-US;http://m.facebook.com/;28714;1;0
Broadmoor.com-0073-2016Redesign;en-US;https://www.google.com/;16721;1;0
Opalsands.com-0084-2016Redesign;en-US;http://www.visitflorida.com/en-us/listing.a0t4000000DgWCZAA3.html;20171;1;0
Opalsands.com-0084-2016Redesign;en-US;http://www.visitflorida.com/en-us/listing.a0t4000000DgWCZAA3.html;20171;1;0
saddlebrook.com-0011-2014Redesign;en-US;https://www.google.com/;4538;1;0
Broadmoor.com-0073-2016Redesign;en-US;http://www.google.com/;16790;1;0
Cendyn.com-0095-2016Redesign;en-US;http://lnkd.in/;39305;1;0
Thelodgeatwoodloch.com-0033-2015Redesign;en-US;https://www.google.com/;7764;1;0
Washingtondukeinn.com-0024-2014Redesign;en-US;https://www.google.com/;4524;1;0
Cphollywoodbeach.com-0032-2015Redesign;en-US;http://www.floridashollywood.org/accommodations.aspx;7805;1;0
wentworthcom00212014redesign;en-US;https://www.google.com/;4259;1;0
Thecurtis.com-0079-2016Redesign;en-US;https://mmostrike.ru/;17981;1;0
Thesagamore.com-0112-2017Redesign;en-US;https://www.google.com/;32339;1;0
Thecurtis.com-0079-2016Redesign;en-US;https://mmostrike.ru/;17981;1;0
Broadmoor.com-0073-2016Redesign;en-US;android-app://com.google.android.googlequicksearchbox/https/www.google.com;16721;1;0
Thecurtis.com-0079-2016Redesign;en-US;https://mmostrike.ru/;17981;1;0
Thelodgeatwoodloch.com-0033-2015Redesign;en-US;https://www.google.com/;9923;1;0
Broadmoor.com-0073-2016Redesign;en-US;https://www.google.com/;18782;1;0
Thelodgeatwoodloch.com-0033-2015Redesign;en-US;https://www.google.com/;7764;1;0
Galthouse.com-0042-2015Redesign;en-US;https://www.bing.com/;31905;1;0
Opalsands.com-0084-2016Redesign;en-US;https://r.search.yahoo.com/_ylt=A0LEVxBe8K1ZvNYAwhxXNyoA##SEMICOLONDELIMITER##_ylu=X3oDMTEybzQwNWh1BGNvbG8DYmYxBHBvcwMxBHZ0aWQDQjI5NDRfMQRzZWMDc3I-/RV=2/RE=1504600287/RO=10/RU=https%3a//www.opalsands.com/weddings//RK=1/RS=UehI8CXX31MQEB8epbEWRYyrTrA-;20916;1;0
Galthouse.com-0042-2015Redesign;en-US;https://www.bing.com/;31905;1;0
Samosetresort.com-0113-2017Redesign;en-US;https://www.google.com/;32554;1;0
Broadmoor.com-0073-2016Redesign;en-US;https://www.google.com/;16731;1;0
Opalsands.com-0084-2016Redesign;en-US;https://www.google.com/;20171;1;0
Broadmoor.com-0073-2016Redesign;en-US;https://www.google.com/;16721;1;0
Lidobeachresort.com-0106-2017Redesign;en-US;http://m.facebook.com/;28714;1;0
Renaissancepittsburghpa.com-0044-2015Redesign;en-US;https://www.google.com/;9688;1;0
saddlebrook.com-0011-2014Redesign;en-US;http://legends.wikia.com/wiki/List_of_Prizes_offered_in_Legends_of_the_Hidden_Temple;3385;1;0
Broadmoor.com-0073-2016Redesign;en-US;android-app://com.google.android.googlequicksearchbox/;20418;1;0
Longboatkeyclub.com-0104-2017Redesign;en-US;http://m.facebook.com/;28316;1;0
Theharborsidehotel.com-0114-2017Redesign;en-US;http://www.visitmaine.net/page/166/maine-destination-weddings;37571;1;0
Theoxfordhotel.com-0062-2015Redesign;en-US;https://www.google.com/;14325;1;0
Theoxfordhotel.com-0062-2015Redesign;en-US;https://www.google.com/;14325;1;0
Broadmoor.com-0073-2016Redesign;en-US;https://duckduckgo.com/;16765;1;0
Broadmoor.com-0073-2016Redesign;en-US;https://duckduckgo.com/;16765;1;0
Washingtondukeinn.com-0024-2014Redesign;en-US;https://www.google.com/;4524;1;0
Theoxfordhotel.com-0062-2015Redesign;en-US;http://r.search.yahoo.com/_ylt=A0LEVjFz8K1ZuLkAbowPxQt.##SEMICOLONDELIMITER##_ylu=X3oDMTByMjB0aG5zBGNvbG8DYmYxBHBvcwMxBHZ0aWQDBHNlYwNzYw--/RV=2/RE=1504600308/RO=10/RU=http%3a//www.theoxfordhotel.com//RK=1/RS=.VlKxq8n5DWmVGhs3ODaWXXEPmY-;14325;1;0
theweststreethotel.com-0115-2017Redesign;en-US;https://www.google.com/;36683;1;0
