Galthouse.com-0042-2015Redesign;en-US;http://www.urbanbourbonhalf.com/hotels/;31905;1;0
Thesagamore.com-0112-2017Redesign;en-US;https://www.google.com/;32348;1;0
Galthouse.com-0042-2015Redesign;en-US;http://www.urbanbourbonhalf.com/hotels/;31905;1;0
Cphollywoodbeach.com-0032-2015Redesign;en-US;http://m.facebook.com/;7831;1;0
Marriottkeylargo.com-0015-2014Redesign;en-US;http://surfinggator.com/florida-keys/live-cams/live-cams.html;3948;1;0
Broadmoor.com-0073-2016Redesign;en-US;https://shop.broadmoor.com/info/help/;18216;1;0
Cphollywoodbeach.com-0032-2015Redesign;en-US;http://m.facebook.com/;7831;1;0
Casaybelresort.com-0002-2014Redesign;en-US;https://www.google.com/;1533;1;0
Edgewaternaples.com-0094-2016Redesign;en-US;https://www.google.com/;25239;1;0
Edgewaternaples.com-0094-2016Redesign;en-US;https://www.google.com/;25239;1;0
Broadmoor.com-0073-2016Redesign;en-US;http://www.google.com/;17447;1;0
shop.broadmoor.com-0096-2016ShoppingCart;en-US;https://www.broadmoor.com/gift-cards/;27350;1;0
Broadmoor.com-0073-2016Redesign;en-US;https://www.google.com/;18259;1;0
Bellemontfarm.com-0007-2013Redesign;en-US;http://stkittstourism.kn/explore-st-kitts-accommodations-hotels-display.php;11497;1;0
Miravalspamonarchbeach.com-0109-2017Redesign;en-US;http://www.monarchbeachresort.com/accommodations/guestrooms/;33978;1;0
Cphollywoodbeach.com-0032-2015Redesign;en-US;https://www.sunny.org/webcam/;7831;1;0
Broadmoor.com-0073-2016Redesign;en-US;https://r.search.yahoo.com/_ylt=A0SO8wkuV7NZY7MAYwpx.9w4##SEMICOLONDELIMITER##_ylu=X3oDMTByb2lvbXVuBGNvbG8DZ3ExBHBvcwMxBHZ0aWQDBHNlYwNzcg--/RV=2/RE=1504954286/RO=10/RU=https%3a//www.broadmoor.com/dining//RK=1/RS=tOmjWN40yBmPsUjb0kh30RcMYho-;16761;1;0
Broadmoor.com-0073-2016Redesign;en-US;https://www.google.com/;16728;1;0
Longboatkeyclub.com-0104-2017Redesign;en-US;https://www.google.com/;28333;1;0
Monarchbeachresort.com-0092-2016Redesign;en-US;http://m.facebook.com/;22862;1;0
Broadmoor.com-0073-2016Redesign;en-US;http://www.google.com/;18259;1;0
Broadmoor.com-0073-2016Redesign;en-US;https://www.google.com/;18293;1;0
Edgewaternaples.com-0094-2016Redesign;en-US;https://s0.2mdn.net/ads/richmedia/studio/pv2/60192272/20170510101117485/index.html;25239;1;0
Cphollywoodbeach.com-0032-2015Redesign;en-US;https://www.google.com/;7831;1;0
Galthouse.com-0042-2015Redesign;en-US;http://m.facebook.com/;33603;1;0
