Opalsands.com-0084-2016Redesign;en-US;http://m.facebook.com/;21642;1;0
Glencovemansion.com-0058-2015Redesign;en-US;https://www.google.com/;13350;1;0
Theharborsidehotel.com-0114-2017Redesign;en-US;https://www.google.com/;37571;1;0
wentworthcom00212014redesign;en-US;https://www.google.com/;26679;1;0
Theharborsidehotel.com-0114-2017Redesign;en-US;https://www.google.com/;37571;1;0
Sandylane.com-0075-2016Redesign;en-US;http://www.coastalliving.com/travel/best-beach-vacations-0;17611;1;0
Opalsands.com-0084-2016Redesign;en-US;https://www.google.com/;21642;1;0
Luxehotels.com-0078-2016Redesign;en-US;https://www.google.com/;18830;1;0
Secretharbourvi.com-0040-2015Redesign;en-US;https://www.google.com/;9231;1;0
Theharborsidehotel.com-0114-2017Redesign;en-US;https://www.google.com/;37571;1;0
Broadmoor.com-0073-2016Redesign;en-US;https://www.bing.com/;18493;1;0
Theharborsidehotel.com-0114-2017Redesign;en-US;https://www.google.com/;37571;1;0
Montaukyachtclub.com-0010-2014Redesign;en-US;https://search.yahoo.com/;2240;1;0
saddlebrook.com-0011-2014Redesign;en-US;https://www.google.com/;3453;1;0
Zotabeachresort.com-0090-2016Redesign;en-US;https://www.google.com/;22357;1;0
Galthouse.com-0042-2015Redesign;en-US;android-app://com.google.android.gm/;10923;1;0
Zotabeachresort.com-0090-2016Redesign;en-US;https://www.google.com/;22357;1;0
Longboatkeyclub.com-0104-2017Redesign;en-US;http://m.facebook.com/;28354;1;0
Opalsands.com-0084-2016Redesign;en-US;http://m.facebook.com/;21642;1;0
Samosetresort.com-0113-2017Redesign;en-US;https://www.google.com/;32541;1;0
Samosetresort.com-0113-2017Redesign;en-US;https://www.google.com/;32541;1;0
Broadmoor.com-0073-2016Redesign;en-US;https://www.google.com/;16768;1;0
Theoxfordhotel.com-0062-2015Redesign;en-US;https://www.google.com/;14325;1;0
Broadmoor.com-0073-2016Redesign;en-US;https://www.google.com/;16793;1;0
Thecurtis.com-0079-2016Redesign;en-US;https://www.google.ca/;17981;1;0
Sandpearl.com-0091-2016Redesign;en-US;https://www.google.com/;22481;1;0
Montaukyachtclub.com-0010-2014Redesign;en-US;https://www.google.com/;2240;1;0
saddlebrook.com-0011-2014Redesign;en-US;https://www.google.com/;3385;1;0
Saddlebrookprep.com-0022-2014Transfer;en-US;http://www.saddlebrook.com/tampa-tennis/;3914;1;0
Lakeplacidlodge.com-0105-2017Redesign;en-US;https://www.google.com/;28545;1;0
Lakeplacidlodge.com-0105-2017Redesign;en-US;https://www.google.com/;28545;1;0
Longboatkeyclub.com-0104-2017Redesign;en-US;https://www.google.com/;28316;1;0
Edgewaternaples.com-0094-2016Redesign;en-US;https://www.google.co.uk/;25246;1;0
Edgewaternaples.com-0094-2016Redesign;en-US;https://www.google.co.uk/;25246;1;0
Residenceinnnyc.com-0034-2015Redesign;en-US;https://search.yahoo.com/yhs/search##SEMICOLONDELIMITER##_ylt=A0LEVvi_.65ZxAQAy.wPxQt.##SEMICOLONDELIMITER##_ylc=X1MDMjExNDcwMDU1OQRfcgMyBGZyA3locy1hZGstYWRrX3NibnQEZ3ByaWQDBG5fcnNsdAMwBG5fc3VnZwMwBG9yaWdpbgNzZWFyY2gueWFob28uY29tBHBvcwMwBHBxc3RyAwRwcXN0cmwDMARxc3RybAM2MARxdWVyeQNyZXNpZGVuY2UlMjBpbm4lMjBkb3dudG93biUyMG1hcnJpb3R0JTIwMTcwJTIwYnJvYWR3YXklMjBueWMEdF9zdG1wAzE1MDQ2NDA2Mzc-;7926;1;0
Lidobeachresort.com-0106-2017Redesign;en-US;http://m.facebook.com/;28714;1;0
Longboatkeyclub.com-0104-2017Redesign;en-US;http://m.facebook.com/;28354;1;0
Sandpearl.com-0091-2016Redesign;en-US;https://www.google.com/;22481;1;0
Broadmoor.com-0073-2016Redesign;en-US;http://www.escapehere.com/destination/americas-12-best-golf-vacations/5/;16721;1;0
Residenceinnnyc.com-0034-2015Redesign;en-US;https://www.google.com.br/;7926;1;0
Broadmoor.com-0073-2016Redesign;en-US;http://www.escapehere.com/destination/americas-12-best-golf-vacations/5/;16721;1;0
Washingtondukeinn.com-0024-2014Redesign;en-US;https://search.yahoo.com/;4738;1;0
Casaybelresort.com-0002-2014Redesign;en-US;https://www.google.co.uk/;1533;1;0
Longboatkeyclub.com-0104-2017Redesign;en-US;https://www.google.com/;28316;1;0
Thesagamore.com-0112-2017Redesign;en-US;https://www.google.com/;32339;1;0
Longboatkeyclub.com-0104-2017Redesign;en-US;https://www.google.com/;28316;1;0
Thesagamore.com-0112-2017Redesign;en-US;https://www.google.com/;32339;1;0
Edgewaternaples.com-0094-2016Redesign;en-US;https://www.google.com/;25239;1;0
Marriottkeylargo.com-0015-2014Redesign;en-US;http://www.ophotels.com/locator/;3948;1;0
wentworthcom00212014redesign;en-US;http://www.ophotels.com/locator/;26679;1;0
Marriottdelraybeach.com-0009-2014Redesign;en-US;http://www.ophotels.com/locator/;2829;1;0
Montaukyachtclub.com-0010-2014Redesign;en-US;http://marinaweddings.com/;2240;1;0
Broadmoor.com-0073-2016Redesign;en-US;https://www.google.com/;16756;1;0
Samosetresort.com-0113-2017Redesign;en-US;http://www.ophotels.com/locator/;32541;1;0
Longboatkeyclub.com-0104-2017Redesign;en-US;http://www.ophotels.com/locator/;35641;1;0
theweststreethotel.com-0115-2017Redesign;en-US;http://www.ophotels.com/locator/;36683;1;0
Thesagamore.com-0112-2017Redesign;en-US;http://www.ophotels.com/locator/;32339;1;0
Lidobeachresort.com-0106-2017Redesign;en-US;http://www.ophotels.com/locator/;28666;1;0
Lakeplacidlodge.com-0105-2017Redesign;en-US;http://www.ophotels.com/locator/;28545;1;0
Delraysandsresort.com-0097-2016Redesign;en-US;http://www.ophotels.com/locator/;27232;1;0
Samosetresort.com-0113-2017Redesign;en-US;http://www.ophotels.com/locator/;32541;1;0
Jupiterbeachresort.com-0103-2017Redesign;en-US;http://www.ophotels.com/locator/;28158;1;0
Montaukyachtclub.com-0010-2014Redesign;en-US;https://www.google.com/;2240;1;0
Theharborsidehotel.com-0114-2017Redesign;en-US;http://www.ophotels.com/locator/;37571;1;0
Broadmoor.com-0073-2016Redesign;en-US;https://www.google.com/;18013;1;0
Galthouse.com-0042-2015Redesign;en-US;https://www.google.com/;31905;1;0
Montaukyachtclub.com-0010-2014Redesign;en-US;https://www.google.com/;2240;1;0
Galthouse.com-0042-2015Redesign;en-US;https://www.google.com/;31905;1;0
Lakeplacidlodge.com-0105-2017Redesign;en-US;https://www.google.com/;32804;1;0
Broadmoor.com-0073-2016Redesign;en-US;http://tpc.googlesyndication.com/safeframe/1-0-10/html/container.html;16728;1;0
Longboatkeyclub.com-0104-2017Redesign;en-US;https://www.google.com/;28354;1;0
Delraysandsresort.com-0097-2016Redesign;en-US;https://na28.salesforce.com/;27232;1;0
Delraysandsresort.com-0097-2016Redesign;en-US;https://na28.salesforce.com/;27232;1;0
Broadmoor.com-0073-2016Redesign;en-US;https://www.google.com/;16721;1;0
Thesagamore.com-0112-2017Redesign;en-US;https://duckduckgo.com/;32339;1;0
Broadmoor.com-0073-2016Redesign;en-US;https://www.google.com/;18259;1;0
Halcyonhotelcherrycreek.com-0061-2015Redesign;en-US;http://r.search.yahoo.com/_ylt=AwrBT9dW_K5Zl1AAvhvBGOd_##SEMICOLONDELIMITER##_ylu=X3oDMTByOHZyb21tBGNvbG8DYmYxBHBvcwMxBHZ0aWQDBHNlYwNzcg--/RV=2/RE=1504668887/RO=10/RU=http%3a//www.halcyonhotelcherrycreek.com//RK=1/RS=5GCHyfJgXcYzTMe47gAiwxF7YRg-;22121;1;0
Opalsands.com-0084-2016Redesign;en-US;http://m.facebook.com/;28082;1;0
Galthouse.com-0042-2015Redesign;en-US;https://www.google.com/;31905;1;0
Opalsands.com-0084-2016Redesign;en-US;http://m.facebook.com/;28082;1;0
Cocokeyorlando.com-0059-2015Redesign;en-US;https://www.google.com/;12394;1;0
Cocokeyorlando.com-0059-2015Redesign;en-US;https://www.google.com/;12394;1;0
Monarchbeachresort.com-0092-2016Redesign;en-US;https://www.google.com/;22725;1;0
wentworthcom00212014redesign;en-US;http://www.ophotels.com/locator/;26679;1;0
Jupiterbeachresort.com-0103-2017Redesign;en-US;http://www.ophotels.com/locator/;28158;1;0
