Casaybelresort.com-0002-2014Redesign;en-US;https://www.google.com/;1613;1;0
Lidobeachresort.com-0106-2017Redesign;en-US;http://lm.facebook.com/l.php;28667;1;0
Lidobeachresort.com-0106-2017Redesign;en-US;http://lm.facebook.com/l.php;28667;1;0
Lidobeachresort.com-0106-2017Redesign;en-US;http://m.facebook.com/;28667;1;0
Lidobeachresort.com-0106-2017Redesign;en-US;http://lm.facebook.com/l.php;28667;1;0
Miravalspamonarchbeach.com-0109-2017Redesign;en-US;http://www.monarchbeachresort.com/;35716;1;0
Broadmoor.com-0073-2016Redesign;en-US;https://www.google.com/;16721;1;0
Broadmoor.com-0073-2016Redesign;en-US;http://login.nomadix.com:1111/web/portal.html;16724;1;0
Marriottkeylargo.com-0015-2014Redesign;en-US;http://surfinggator.com/florida-keys/live-cams/live-cams.html;3948;1;0
wentworthcom00212014redesign;en-US;https://www.facebook.com/;26679;1;0
Marriottkeylargo.com-0015-2014Redesign;en-US;http://surfinggator.com/florida-keys/live-cams/live-cams.html;3964;1;0
Broadmoor.com-0073-2016Redesign;en-US;http://login.nomadix.com:1111/web/portal.html;16724;1;0
Thesagamore.com-0112-2017Redesign;en-US;https://www.google.com/;32339;1;0
Longboatkeyclub.com-0104-2017Redesign;en-US;https://worldcam.eu/webcams/north-america/florida-usa/15728;28317;1;0
Casaybelresort.com-0002-2014Redesign;en-US;https://www.google.com/;1613;1;0
Longboatkeyclub.com-0104-2017Redesign;en-US;https://worldcam.eu/webcams/north-america/florida-usa/15728;28317;1;0
Thecurtis.com-0079-2016Redesign;en-US;https://www.google.com/;17981;1;0
Cphollywoodbeach.com-0032-2015Redesign;en-US;https://www.google.com/;7831;1;0
Casaybelresort.com-0002-2014Redesign;en-US;https://www.buzzfeed.com/erinlarosa/11-small-florida-towns-you-need-to-visit;1537;1;0
Broadmoor.com-0073-2016Redesign;en-US;http://www.forbestravelguide.com/colorado-springs-colorado/hotels/the-broadmoor;16721;1;0
Thelodgeatwoodloch.com-0033-2015Redesign;en-US;http://l.facebook.com/l.php;7764;1;0
Broadmoor.com-0073-2016Redesign;en-US;http://www.forbestravelguide.com/colorado-springs-colorado/hotels/the-broadmoor;16721;1;0
Broadmoor.com-0073-2016Redesign;en-US;http://www.google.com/;16721;1;0
Casaybelresort.com-0002-2014Redesign;en-US;https://www.google.com/;1613;1;0
Washingtondukeinn.com-0024-2014Redesign;en-US;https://www.google.com/;4738;1;0
Broadmoor.com-0073-2016Redesign;en-US;http://m.facebook.com/;17344;1;0
Casaybelresort.com-0002-2014Redesign;en-US;http://r.search.yahoo.com/_ylt=A0SO8zcZurVZmngAY1px.9w4##SEMICOLONDELIMITER##_ylu=X3oDMTByb2lvbXVuBGNvbG8DZ3ExBHBvcwMxBHZ0aWQDBHNlYwNzcg--/RV=2/RE=1505110681/RO=10/RU=http%3a//www.casaybelresort.com/web-cam//RK=1/RS=NoWurkeCwLjCYtnf.9Uj6aAHumQ-;1613;1;0
Casaybelresort.com-0002-2014Redesign;en-US;https://www.google.com/;1613;1;0
Casaybelresort.com-0002-2014Redesign;en-US;http://surfinggator.com/fort-myers/cams/cams.html;1613;1;0
Broadmoor.com-0073-2016Redesign;en-US;https://www.google.com/;16721;1;0
Cphollywoodbeach.com-0032-2015Redesign;en-US;https://www.sunny.org/webcam/;7831;1;0
Galthouse.com-0042-2015Redesign;en-US;https://www.google.com/;31905;1;0
Galthouse.com-0042-2015Redesign;en-US;http://m.facebook.com/;31905;1;0
Casaybelresort.com-0002-2014Redesign;en-US;http://surfinggator.com/fort-myers/cams/cams.html;1613;1;0
Cphollywoodbeach.com-0032-2015Redesign;en-US;https://www.sunny.org/webcam/;7831;1;0
Broadmoor.com-0073-2016Redesign;en-US;http://m.facebook.com/;17344;1;0
Cphollywoodbeach.com-0032-2015Redesign;en-US;https://www.sunny.org/webcam/;7831;1;0
Cphollywoodbeach.com-0032-2015Redesign;en-US;https://www.google.com/;7831;1;0
Longboatkeyclub.com-0104-2017Redesign;en-US;https://worldcam.eu/webcams/north-america/florida-usa/15728;28317;1;0
Casaybelresort.com-0002-2014Redesign;en-US;https://www.google.com/;1613;1;0
Cphollywoodbeach.com-0032-2015Redesign;en-US;https://www.sunny.org/webcam/;7831;1;0
Broadmoor.com-0073-2016Redesign;en-US;http://www.google.com/;16765;1;0
Cphollywoodbeach.com-0032-2015Redesign;en-US;http://www.google.com/;7831;1;0
Cphollywoodbeach.com-0032-2015Redesign;en-US;https://www.google.ca/;7831;1;0
Longboatkeyclub.com-0104-2017Redesign;en-US;http://www.baysider.com/frame/webcam/4120/;35641;1;0
Lidobeachresort.com-0106-2017Redesign;en-US;http://www.waymarking.com/waymarks/WM9P62_Lido_Beach_Resort_Sarasota_FL;28667;1;0
Oxfordclubspa.com-0068-2016Redesign;en-US;http://m.facebook.com/;15568;1;0
Lidobeachresort.com-0106-2017Redesign;en-US;http://www.waymarking.com/waymarks/WM9P62_Lido_Beach_Resort_Sarasota_FL;28667;1;0
Thesagamore.com-0112-2017Redesign;en-US;https://www.google.com/;32339;1;0
Casaybelresort.com-0002-2014Redesign;en-US;http://surfinggator.com/fort-myers/cams/cams.html;1613;1;0
Thesagamore.com-0112-2017Redesign;en-US;https://www.google.com/;32339;1;0
Cphollywoodbeach.com-0032-2015Redesign;en-US;https://www.google.com/;7831;1;0
Broadmoor.com-0073-2016Redesign;en-US;https://www.google.com/;16721;1;0
Casaybelresort.com-0002-2014Redesign;en-US;https://www.google.com/;1613;1;0
Broadmoor.com-0073-2016Redesign;en-US;http://login.nomadix.com:1111/web/portal.html;16724;1;0
Galthouse.com-0042-2015Redesign;en-US;https://www.google.com/;31905;1;0
Broadmoor.com-0073-2016Redesign;en-US;http://login.nomadix.com:1111/web/portal.html;16724;1;0
Galthouse.com-0042-2015Redesign;en-US;https://www.google.com/;31905;1;0
Broadmoor.com-0073-2016Redesign;en-US;http://m.facebook.com/;17344;1;0
Marriottkeylargo.com-0015-2014Redesign;en-US;https://www.google.com/;3964;1;0
Broadmoor.com-0073-2016Redesign;en-US;https://www.google.com/;18259;1;0
Casaybelresort.com-0002-2014Redesign;en-US;https://www.google.com/;1613;1;0
Longboatkeyclub.com-0104-2017Redesign;en-US;https://worldcam.eu/webcams/north-america/florida-usa/15728;28317;1;0
Longboatkeyclub.com-0104-2017Redesign;en-US;https://www.google.com/;28316;1;0
Broadmoor.com-0073-2016Redesign;en-US;http://m.facebook.com/;17344;1;0
Samosetresort.com-0113-2017Redesign;en-US;http://www.mainelobsterfestival.com/festival-info/lodging/;32541;1;0
Lidobeachresort.com-0106-2017Redesign;en-US;https://www.google.com/;28666;1;0
Lidobeachresort.com-0106-2017Redesign;en-US;https://www.google.com/;28666;1;0
Lidobeachresort.com-0106-2017Redesign;en-US;http://lm.facebook.com/l.php;28667;1;0
Lidobeachresort.com-0106-2017Redesign;en-US;http://lm.facebook.com/l.php;28667;1;0
Samosetresort.com-0113-2017Redesign;en-US;http://www.mainelobsterfestival.com/festival-info/lodging/;32541;1;0
Casaybelresort.com-0002-2014Redesign;en-US;https://www.google.com/;1613;1;0
Cphollywoodbeach.com-0032-2015Redesign;en-US;https://www.google.com/;7831;1;0
Longboatkeyclub.com-0104-2017Redesign;en-US;https://www.google.com/;28317;1;0
Longboatkeyclub.com-0104-2017Redesign;en-US;http://www.dealbase.com/hotels/2247-resort-at-longboat-key-club-longboat-key-fl;35641;1;0
Broadmoor.com-0073-2016Redesign;en-US;http://login.nomadix.com:1111/web/portal.html;16724;1;0
Broadmoor.com-0073-2016Redesign;en-US;http://login.nomadix.com:1111/web/portal.html;16724;1;0
