Broadmoor.com-0073-2016Redesign;en-US;http://m.facebook.com/;18014;1;0
Thelodgeatwoodloch.com-0033-2015Redesign;en-US;http://www.poiskportal.ru/Russia/Stol-nahodok/;7764;1;0
Thelodgeatwoodloch.com-0033-2015Redesign;en-US;http://grostm.ru/kozhuhi-i-termokozhuhi-/;7764;1;0
Thelodgeatwoodloch.com-0033-2015Redesign;en-US;https://teman.com.ua/select/motor_oils;7764;1;0
Thelodgeatwoodloch.com-0033-2015Redesign;en-US;http://parklift.ru/puzzle-ml;7764;1;0
Thelodgeatwoodloch.com-0033-2015Redesign;en-US;http://dengi-v-kredit.in.ua/krediti-u-kiyevi-bez-poruchiteliv/;7764;1;0
Broadmoor.com-0073-2016Redesign;en-US;https://r.search.yahoo.com/_ylt=A0LEVimln7hZJngAsoBjmolQ##SEMICOLONDELIMITER##_ylu=X3oDMTBybGY3bmpvBGNvbG8DYmYxBHBvcwMyBHZ0aWQDBHNlYwNzcg--/RV=2/RE=1505300518/RO=10/RU=https%3a//www.broadmoor.com//RK=1/RS=AZdl8xNQU5C8Ph._lS8qOn5kVOA-;16721;1;0
Cocokeyorlando.com-0059-2015Redesign;en-US;https://www.google.com.co/;12394;1;0
Broadmoor.com-0073-2016Redesign;en-US;https://www.google.com/;18010;1;0
Delraysandsresort.com-0097-2016Redesign;en-US;https://www.google.com/;27232;1;0
Delraysandsresort.com-0097-2016Redesign;en-US;https://www.google.com/;27232;1;0
Broadmoor.com-0073-2016Redesign;en-US;https://mg.mail.yahoo.com/;16721;1;0
Broadmoor.com-0073-2016Redesign;en-US;https://mg.mail.yahoo.com/;16721;1;0
Broadmoor.com-0073-2016Redesign;en-US;https://mg.mail.yahoo.com/;16721;1;0
Broadmoor.com-0073-2016Redesign;en-US;https://mg.mail.yahoo.com/;16721;1;0
Broadmoor.com-0073-2016Redesign;en-US;https://mg.mail.yahoo.com/;16721;1;0
Treasureislandbeachresort.com-0089-2016Redesign;en-US;https://www.google.com/;22169;1;0
Beverlyhillsresidenceinn.com-0087-2016Redesign;en-US;http://r.search.yahoo.com/_ylt=A0SO81Cxn7hZFecA1ChXNyoA##SEMICOLONDELIMITER##_ylu=X3oDMTEyM291NHRqBGNvbG8DZ3ExBHBvcwMxBHZ0aWQDQjQyMTRfMQRzZWMDc3I-/RV=2/RE=1505300529/RO=10/RU=http%3a//www.beverlyhillsresidenceinn.com//RK=1/RS=wJEjBlvM_yGaalToeaXZZmYMVLI-;20999;1;0
wentworthcom00212014redesign;en-US;https://www.google.com/;26679;1;0
Broadmoor.com-0073-2016Redesign;en-US;http://login.nomadix.com:1111/web/portal.html;16724;1;0
Broadmoor.com-0073-2016Redesign;en-US;http://login.nomadix.com:1111/web/portal.html;16724;1;0
Lakeplacidlodge.com-0105-2017Redesign;en-US;https://www.google.com/;28545;1;0
Theoxfordhotel.com-0062-2015Redesign;en-US;http://www.poiskportal.ru/Russia/Biznes/;14325;1;0
Theoxfordhotel.com-0062-2015Redesign;en-US;https://teman.com.ua/cars/subaru;14325;1;0
Theoxfordhotel.com-0062-2015Redesign;en-US;http://grostm.ru/kontrol-dostupa/zamki/zamki-rfid-dlya-dverej/;14325;1;0
Theoxfordhotel.com-0062-2015Redesign;en-US;http://parklift.ru/puzzle-2l;14325;1;0
Theoxfordhotel.com-0062-2015Redesign;en-US;http://dengi-v-kredit.in.ua/uk/kredit-bez-dovidok-v-dnipri/;14325;1;0
Galthouse.com-0042-2015Redesign;en-US;https://www.google.com/;31905;1;0
Lakeplacidlodge.com-0105-2017Redesign;en-US;https://www.google.com.pe/;28545;1;0
Broadmoor.com-0073-2016Redesign;en-US;http://m.facebook.com/;16790;1;0
Luxehotels.com-0078-2016Redesign;en-US;https://www.google.com/;18833;1;0
Broadmoor.com-0073-2016Redesign;en-US;https://www.google.com/;16728;1;0
Broadmoor.com-0073-2016Redesign;en-US;http://login.nomadix.com:1111/web/portal.html;16724;1;0
Broadmoor.com-0073-2016Redesign;en-US;http://login.nomadix.com:1111/web/portal.html;16724;1;0
Thesagamore.com-0112-2017Redesign;en-US;http://www.poiskportal.ru/Russia/Avto_moto_uslugi,zapchasti/;32339;1;0
Thesagamore.com-0112-2017Redesign;en-US;http://grostm.ru/platy-videozahvata-videovvoda/;32339;1;0
Thesagamore.com-0112-2017Redesign;en-US;https://teman.com.ua/cars/citroen;32339;1;0
Thesagamore.com-0112-2017Redesign;en-US;http://parklift.ru/metro;32339;1;0
Marriottkeylargo.com-0015-2014Redesign;en-US;http://www.fla-keys.com/webcams/marriott-key-largo-bay/;3948;1;0
Thesagamore.com-0112-2017Redesign;en-US;http://dengi-v-kredit.in.ua/vzyati-groshi-v-kredit-kiyiv/;32339;1;0
Bellemontfarm.com-0007-2013Redesign;en-US;http://t.co/zGqYCGBEi2;11497;1;0
Cocokeyorlando.com-0059-2015Redesign;en-US;https://www.google.com/;12394;1;0
Cocokeyorlando.com-0059-2015Redesign;en-US;https://www.google.com/;12394;1;0
