Lidobeachresort.com-0106-2017Redesign;en-US;http://m.facebook.com/;28714;1;0
Lakeplacidlodge.com-0105-2017Redesign;en-US;http://www.ophotels.com/locator/;28545;1;0
Lidobeachresort.com-0106-2017Redesign;en-US;http://www.ophotels.com/locator/;28666;1;0
Marriottdelraybeach.com-0009-2014Redesign;en-US;http://www.ophotels.com/locator/;2829;1;0
Marriottdelraybeach.com-0009-2014Redesign;en-US;http://www.ophotels.com/locator/;2845;1;0
Marriottkeylargo.com-0015-2014Redesign;en-US;http://www.ophotels.com/locator/;3948;1;0
Marriottkeylargo.com-0015-2014Redesign;en-US;http://www.ophotels.com/locator/;3964;1;0
Washingtondukeinn.com-0024-2014Redesign;en-US;https://ecommerce.washingtondukeinn.com/special-pages/wishlist/;4759;1;0
Theharborsidehotel.com-0114-2017Redesign;en-US;https://www.google.ch/;37571;1;0
Thesagamore.com-0112-2017Redesign;en-US;https://www.google.com/;32389;1;0
Samosetresort.com-0113-2017Redesign;en-US;http://www.ophotels.com/locator/;32541;1;0
Thesagamore.com-0112-2017Redesign;en-US;https://www.google.com/;32339;1;0
Samosetresort.com-0113-2017Redesign;en-US;http://www.ophotels.com/locator/;32541;1;0
Longboatkeyclub.com-0104-2017Redesign;en-US;http://www.ophotels.com/locator/;35641;1;0
Thesagamore.com-0112-2017Redesign;en-US;http://www.ophotels.com/locator/;32339;1;0
wentworthcom00212014redesign;en-US;http://www.ophotels.com/locator/;26679;1;0
wentworthcom00212014redesign;en-US;http://www.ophotels.com/locator/;4259;1;0
theweststreethotel.com-0115-2017Redesign;en-US;http://www.ophotels.com/locator/;36683;1;0
Lehotels.com-0049-2015Transfer;en-US;https://www.google.com/;12108;1;0
Broadmoor.com-0073-2016Redesign;en-US;https://www.google.com/;16721;1;0
Miravalspamonarchbeach.com-0109-2017Redesign;en-US;http://www.miravalresorts.com/;31709;1;0
Sandpearl.com-0091-2016Redesign;en-US;http://connectivitycheck.gstatic.com/generate_204;22481;1;0
Sandpearl.com-0091-2016Redesign;en-US;http://connectivitycheck.gstatic.com/generate_204;22481;1;0
Washingtoncourthotel.com-0076-2016Redesign;en-US;https://www.google.com/;17858;1;0
Marriottkeylargo.com-0015-2014Redesign;en-US;http://www.ophotels.com/locator/;3948;1;0
Marriottdelraybeach.com-0009-2014Redesign;en-US;http://www.ophotels.com/locator/;2829;1;0
wentworthcom00212014redesign;en-US;http://www.ophotels.com/locator/;26679;1;0
Marriottdelraybeach.com-0009-2014Redesign;en-US;http://www.ophotels.com/locator/;2845;1;0
Marriottkeylargo.com-0015-2014Redesign;en-US;http://www.ophotels.com/locator/;3964;1;0
wentworthcom00212014redesign;en-US;http://www.ophotels.com/locator/;4259;1;0
Samosetresort.com-0113-2017Redesign;en-US;http://www.ophotels.com/locator/;32541;1;0
Samosetresort.com-0113-2017Redesign;en-US;http://www.ophotels.com/locator/;32541;1;0
Broadmoor.com-0073-2016Redesign;en-US;http://login.nomadix.com:1111/web/portal.html;16724;1;0
Broadmoor.com-0073-2016Redesign;en-US;https://r.search.yahoo.com/_ylt=AwrBT8kH7K5ZJIkA125x.9w4##SEMICOLONDELIMITER##_ylu=X3oDMTE0NnI0a2F1BGNvbG8DYmYxBHBvcwM3BHZ0aWQDVUkyRkJUM18xBHNlYwNzcg--/RV=2/RE=1504664712/RO=10/RU=https%3a//www.broadmoor.com//RK=1/RS=3gmRWCrNO1XcpcueOAMaVZ1X_84-;16721;1;0
wentworthcom00212014redesign;en-US;https://www.bing.com/;26679;1;0
Broadmoor.com-0073-2016Redesign;en-US;http://login.nomadix.com:1111/web/portal.html;16724;1;0
Jupiterbeachresort.com-0103-2017Redesign;en-US;http://www.ophotels.com/locator/;28158;1;0
Delraysandsresort.com-0097-2016Redesign;en-US;http://www.ophotels.com/locator/;27232;1;0
Theharborsidehotel.com-0114-2017Redesign;en-US;http://www.ophotels.com/locator/;37571;1;0
Longboatkeyclub.com-0104-2017Redesign;en-US;http://www.ophotels.com/locator/;35641;1;0
Thesagamore.com-0112-2017Redesign;en-US;http://www.ophotels.com/locator/;32339;1;0
Lidobeachresort.com-0106-2017Redesign;en-US;http://www.ophotels.com/locator/;28666;1;0
Lakeplacidlodge.com-0105-2017Redesign;en-US;http://www.ophotels.com/locator/;28545;1;0
Thesagamore.com-0112-2017Redesign;en-US;https://www.google.com/;33454;1;0
theweststreethotel.com-0115-2017Redesign;en-US;http://www.ophotels.com/locator/;36683;1;0
Residenceinnnyc.com-0034-2015Redesign;en-US;http://residenceinnworldtradecenter.com/;7926;1;0
Residenceinnnyc.com-0034-2015Redesign;en-US;http://residenceinnworldtradecenter.com/contact-us/;7949;1;0
Monarchbeachresort.com-0092-2016Redesign;en-US;https://www.bing.com/;22725;1;0
Monarchbeachresort.com-0092-2016Redesign;en-US;https://www.google.com/;22725;1;0
Unionstationhotelnashville.com-0047-2015Redesign;en-US;https://www.google.com/;32226;1;0
Opalsands.com-0084-2016Redesign;en-US;http://m.facebook.com/;28082;1;0
Broadmoor.com-0073-2016Redesign;en-US;https://www.google.com/;16731;1;0
Monarchbeachresort.com-0092-2016Redesign;en-US;https://www.google.com/;22725;1;0
Monarchbeachresort.com-0092-2016Redesign;en-US;http://m.facebook.com/;22992;1;0
Broadmoor.com-0073-2016Redesign;en-US;http://login.nomadix.com:1111/web/portal.html;16724;1;0
Broadmoor.com-0073-2016Redesign;en-US;http://login.nomadix.com:1111/web/portal.html;16724;1;0
Thesagamore.com-0112-2017Redesign;en-US;https://www.google.com/;32339;1;0
Zotabeachresort.com-0090-2016Redesign;en-US;https://www.google.com/;22357;1;0
Broadmoor.com-0073-2016Redesign;en-US;https://www.google.com/;23743;1;0
Zotabeachresort.com-0090-2016Redesign;en-US;https://www.google.com/;22357;1;0
Sandpearl.com-0091-2016Redesign;en-US;https://www.google.com/;22481;1;0
Washingtondukeinn.com-0024-2014Redesign;en-US;https://ecommerce.washingtondukeinn.com/special-pages/wishlist/;4759;1;0
Broadmoor.com-0073-2016Redesign;en-US;http://login.nomadix.com:1111/web/portal.html;16724;1;0
Broadmoor.com-0073-2016Redesign;en-US;http://login.nomadix.com:1111/web/portal.html;16724;1;0
Washingtoncourthotel.com-0076-2016Redesign;en-US;https://www.google.com/;17858;1;0
Sandylane.com-0075-2016Redesign;en-US;https://www.google.de/;17683;1;0
Thesagamore.com-0112-2017Redesign;en-US;https://r.search.yahoo.com/_ylt=A0LEVw.b7K5Z82cAiDHBGOd_##SEMICOLONDELIMITER##_ylu=X3oDMTByOHZyb21tBGNvbG8DYmYxBHBvcwMxBHZ0aWQDBHNlYwNzcg--/RV=2/RE=1504664859/RO=10/RU=https%3a//www.thesagamore.com/dining/club-grill-steakhouse//RK=1/RS=3yf_zB62J5AddtEc41J129N5IUI-;33471;1;0
Washingtoncourthotel.com-0076-2016Redesign;en-US;http://14b.info/;17858;1;0
Washingtoncourthotel.com-0076-2016Redesign;en-US;http://14b.info/;17858;1;0
Chrco.com-0107-2017Redesign;en-US;https://www.google.com/;29280;1;0
theweststreethotel.com-0115-2017Redesign;en-US;https://www.google.com/;36683;1;0
Theharborsidehotel.com-0114-2017Redesign;en-US;https://www.google.com/;37571;1;0
Theharborsidehotel.com-0114-2017Redesign;en-US;https://www.google.com/;37571;1;0
Theoxfordhotel.com-0062-2015Redesign;en-US;http://den-80202-5400.localdomain:8000/;14325;1;0
Thesagamore.com-0112-2017Redesign;en-US;https://www.google.com/;32339;1;0
Thesagamore.com-0112-2017Redesign;en-US;https://www.google.com/;32339;1;0
Broadmoor.com-0073-2016Redesign;en-US;https://www.google.com/;16738;1;0
Oxfordclubspa.com-0068-2016Redesign;en-US;https://www.google.com/;15599;1;0
Broadmoor.com-0073-2016Redesign;en-US;https://www.google.com/;23558;1;0
Thesagamore.com-0112-2017Redesign;en-US;https://www.google.com/;32339;1;0
Theoxfordhotel.com-0062-2015Redesign;en-US;https://www.google.com/;14325;1;0
