Montaukyachtclub.com-0010-2014Redesign;en-US;https://www.google.com/;2240;1;0
Unionstationhotelnashville.com-0047-2015Redesign;en-US;http://www.pebblebrookhotels.com/default-union_station_hotel;32226;1;0
Thelodgeatwoodloch.com-0033-2015Redesign;en-US;https://www.poconomountains.com/listings/the-lodge-at-woodloch/3118/;7764;1;0
Theloganhotel.com-0043-2015Redesign;en-US;https://www.google.com/;20218;1;0
Galthouse.com-0042-2015Redesign;en-US;https://www.google.com/;31905;1;0
Bellemontfarm.com-0007-2013Redesign;en-US;http://stkittstourism.kn/explore-st-kitts-accommodations-hotels-display.php;11497;1;0
Theharborsidehotel.com-0114-2017Redesign;en-US;https://www.google.com/;37571;1;0
Samosetresort.com-0113-2017Redesign;en-US;https://www.google.com/;32541;1;0
Theharborsidehotel.com-0114-2017Redesign;en-US;https://www.google.com/;37571;1;0
Galthouse.com-0042-2015Redesign;en-US;http://www.google.com/;31905;1;0
Galthouse.com-0042-2015Redesign;en-US;http://www.google.com/;31905;1;0
Thesagamore.com-0112-2017Redesign;en-US;https://www.google.com/;32339;1;0
Lehotels.com-0049-2015Transfer;en-US;https://r.search.yahoo.com/_ylt=A0LEVyzT.61Zzi4ASkhXNyoA##SEMICOLONDELIMITER##_ylu=X3oDMTEyNnBiMjhrBGNvbG8DYmYxBHBvcwM4BHZ0aWQDQjQwMzdfMQRzZWMDc3I-/RV=2/RE=1504603219/RO=10/RU=https%3a//www.lehotels.com/thewyvern//RK=1/RS=KlVY.19f.4GI0spQZlqw0tkr4jY-;13455;1;0
Thesagamore.com-0112-2017Redesign;en-US;https://www.google.com/;32339;1;0
Sandpearl.com-0091-2016Redesign;en-US;https://www.google.com/;22481;1;0
Thesagamore.com-0112-2017Redesign;en-US;https://www.bing.com/;32347;1;0
Washingtondukeinn.com-0024-2014Redesign;en-US;https://www.google.com/;4524;1;0
Sandpearl.com-0091-2016Redesign;en-US;https://www.google.com/;22481;1;0
Washingtondukeinn.com-0024-2014Redesign;en-US;https://www.google.com/;4524;1;0
Luxehotels.com-0078-2016Redesign;en-US;https://www.google.com/;19261;1;0
Thesagamore.com-0112-2017Redesign;en-US;https://www.bing.com/;32347;1;0
Monarchbeachresort.com-0092-2016Redesign;en-US;https://www.google.com/;22725;1;0
Thelodgeatwoodloch.com-0033-2015Redesign;en-US;http://www.travelandleisure.com/travel-guide/hawley/hotels/lodge-at-woodloch;7764;1;0
Sandpearl.com-0091-2016Redesign;en-US;http://m.facebook.com/;30638;1;0
Theloganhotel.com-0043-2015Redesign;en-US;https://www.google.com/;20218;1;0
Sandpearl.com-0091-2016Redesign;en-US;http://m.facebook.com/;30638;1;0
Thesagamore.com-0112-2017Redesign;en-US;https://www.bing.com/;32347;1;0
Monarchbeachresort.com-0092-2016Redesign;en-US;https://www.google.com/;22725;1;0
Broadmoor.com-0073-2016Redesign;en-US;http://login.nomadix.com:1111/web/portal.html;16724;1;0
Broadmoor.com-0073-2016Redesign;en-US;http://login.nomadix.com:1111/web/portal.html;16724;1;0
theweststreethotel.com-0115-2017Redesign;en-US;http://reservations.theweststreethotel.com/weststreet/availability.asp;36683;1;0
Thesagamore.com-0112-2017Redesign;en-US;https://www.google.com/;33923;1;0
Thesagamore.com-0112-2017Redesign;en-US;http://search.myway.com/search/GGmain.jhtml;32339;1;0
Thesagamore.com-0112-2017Redesign;en-US;https://r.search.yahoo.com/_ylt=A0LEVydk_K1Z49EAlHZx.9w4##SEMICOLONDELIMITER##_ylu=X3oDMTEyYWJsZmF0BGNvbG8DYmYxBHBvcwMxBHZ0aWQDQjQ1OTBfMQRzZWMDc3I-/RV=2/RE=1504603364/RO=10/RU=https%3a//www.thesagamore.com//RK=1/RS=xG0HjH303KBdKuO6_0yrxr2UM3k-;32339;1;0
Monarchbeachresort.com-0092-2016Redesign;en-US;https://www.google.com/;22725;1;0
Thesagamore.com-0112-2017Redesign;en-US;http://www.google.com/;32339;1;0
Thesagamore.com-0112-2017Redesign;en-US;http://www.google.com/;32339;1;0
Napavalleymarriott.com-0071-2016Redesign;en-US;https://www.google.com/;16432;1;0
Thesagamore.com-0112-2017Redesign;en-US;https://www.google.com/;33540;1;0
Treasureislandbeachresort.com-0089-2016Redesign;en-US;android-app://com.google.android.googlequicksearchbox/;22169;1;0
Thesagamore.com-0112-2017Redesign;en-US;https://www.google.com/;32339;1;0
