Thesagamore.com-0112-2017Redesign;en-US;https://r.search.yahoo.com/_ylt=A0LEV0GWjbRZKVEA1qBx.9w4##SEMICOLONDELIMITER##_ylu=X3oDMTByOHZyb21tBGNvbG8DYmYxBHBvcwMxBHZ0aWQDBHNlYwNzcg--/RV=2/RE=1505033750/RO=10/RU=https%3a//www.thesagamore.com//RK=1/RS=MmM7PuO12eezEjgKOTa4S.Z5xm4-;32339;1;0
Jbdukehotel.com-0086-2016Redesign;en-US;https://www.google.com/;21918;1;0
Marriottkeylargo.com-0015-2014Redesign;en-US;https://www.google.com/;3948;1;0
Cphollywoodbeach.com-0032-2015Redesign;en-US;http://m.facebook.com/;7805;1;0
Broadmoor.com-0073-2016Redesign;en-US;https://www.google.com/;16721;1;0
Broadmoor.com-0073-2016Redesign;en-US;https://www.google.com/;16721;1;0
Cphollywoodbeach.com-0032-2015Redesign;en-US;https://www.google.com/;7831;1;0
Washingtondukeinn.com-0024-2014Redesign;en-US;https://www.google.com/;4756;1;0
Lakeplacidlodge.com-0105-2017Redesign;en-US;https://www.google.com/;28545;1;0
Washingtoncourthotel.com-0076-2016Redesign;en-US;https://www.google.com/;17858;1;0
Thelodgeatwoodloch.com-0033-2015Redesign;en-US;http://www--thelodgeatwoodloch--com.rztrkr.com/;9801;1;0
Cphollywoodbeach.com-0032-2015Redesign;en-US;https://www.sunny.org/webcam/;7831;1;0
Broadmoor.com-0073-2016Redesign;en-US;http://www.google.com/;18013;1;0
Cphollywoodbeach.com-0032-2015Redesign;en-US;https://www.sunny.org/webcam/;7831;1;0
Cphollywoodbeach.com-0032-2015Redesign;en-US;https://www.sunny.org/webcam/;7831;1;0
Opalsands.com-0084-2016Redesign;en-US;http://www.beachtourism.com/opalsandsresort/;20171;1;0
Cphollywoodbeach.com-0032-2015Redesign;en-US;https://www.google.com/;7831;1;0
Galthouse.com-0042-2015Redesign;en-US;https://www.google.com/;31905;1;0
Thelodgeatwoodloch.com-0033-2015Redesign;en-US;http://www--thelodgeatwoodloch--com.rztrkr.com/hawley-packages/;9920;1;0
Broadmoor.com-0073-2016Redesign;en-US;android-app://com.google.android.googlequicksearchbox/;16764;1;0
Broadmoor.com-0073-2016Redesign;en-US;https://tpc.googlesyndication.com/safeframe/1-0-10/html/container.html;16728;1;0
Lakeplacidlodge.com-0105-2017Redesign;en-US;https://www.google.com/;28545;1;0
Broadmoor.com-0073-2016Redesign;en-US;https://s0.2mdn.net/ads/richmedia/studio/pv2/60310309/20170823124920032/index.html;18013;1;0
Edgewaternaples.com-0094-2016Redesign;en-US;http://search.myway.com/search/GGmain.jhtml;25239;1;0
Monarchbeachresort.com-0092-2016Redesign;en-US;https://www.google.com/;22725;1;0
Casaybelresort.com-0002-2014Redesign;en-US;https://www.google.com/;1533;1;0
Galthouse.com-0042-2015Redesign;en-US;https://www.google.com/;31905;1;0
Galthouse.com-0042-2015Redesign;en-US;https://www.google.com/;31905;1;0
Luxehotels.com-0078-2016Redesign;en-US;https://www.google.com/;18833;1;0
Broadmoor.com-0073-2016Redesign;en-US;https://www.google.com/;16721;1;0
Cphollywoodbeach.com-0032-2015Redesign;en-US;https://www.google.com/;7831;1;0
Cphollywoodbeach.com-0032-2015Redesign;en-US;https://www.sunny.org/webcam/;7831;1;0
Thesagamore.com-0112-2017Redesign;en-US;https://www.google.com/;32339;1;0
Thesagamore.com-0112-2017Redesign;en-US;https://www.google.com/;32339;1;0
Miravalspamonarchbeach.com-0109-2017Redesign;en-US;http://www.monarchbeachresort.com/;32984;1;0
Broadmoor.com-0073-2016Redesign;en-US;http://tpc.googlesyndication.com/safeframe/1-0-10/html/container.html;16728;1;0
Jupiterbeachresort.com-0103-2017Redesign;en-US;http://www.thepalmbeaches.com/deals/oceanfront-jupiter-jaunt-third-night-free;28196;1;0
Jupiterbeachresort.com-0103-2017Redesign;en-US;http://www.thepalmbeaches.com/deals/oceanfront-jupiter-jaunt-third-night-free;28196;1;0
Cocokeyorlando.com-0059-2015Redesign;en-US;https://www.google.com/;12406;1;0
Cphollywoodbeach.com-0032-2015Redesign;en-US;https://www.sunny.org/webcam/;7831;1;0
Lakeplacidlodge.com-0105-2017Redesign;en-US;http://www.lakeplacid.com/lodging/lake-placid-lodge;28545;1;0
Cphollywoodbeach.com-0032-2015Redesign;en-US;https://www.google.com/;7831;1;0
Lakeplacidlodge.com-0105-2017Redesign;en-US;http://www.lakeplacid.com/lodging/lake-placid-lodge;28545;1;0
Opalsands.com-0084-2016Redesign;en-US;https://www.google.com/;20171;1;0
Opalsands.com-0084-2016Redesign;en-US;https://www.google.com/;20171;1;0
Samosetresort.com-0113-2017Redesign;en-US;https://www.google.com/;32541;1;0
Casaybelresort.com-0002-2014Redesign;en-US;https://www.google.com/;1533;1;0
Cphollywoodbeach.com-0032-2015Redesign;en-US;https://www.google.com.ar/;7831;1;0
Theloganhotel.com-0043-2015Redesign;en-US;https://www.google.com/;20218;1;0
Broadmoor.com-0073-2016Redesign;en-US;https://m.yelp.com/biz_redir;16769;1;0
Broadmoor.com-0073-2016Redesign;en-US;https://www.google.com/;18210;1;0
Broadmoor.com-0073-2016Redesign;en-US;https://www.google.com/;18014;1;0
Thelodgeatwoodloch.com-0033-2015Redesign;en-US;https://www.google.com/;7764;1;0
Cphollywoodbeach.com-0032-2015Redesign;en-US;https://www.sunny.org/webcam/;7831;1;0
Broadmoor.com-0073-2016Redesign;en-US;https://www.google.com/;16721;1;0
Cphollywoodbeach.com-0032-2015Redesign;en-US;https://www.sunny.org/webcam/;7831;1;0
Opalsands.com-0084-2016Redesign;en-US;http://www.beachtourism.com/opalsandsresort/;20171;1;0
Cphollywoodbeach.com-0032-2015Redesign;en-US;http://www.earthcam.com/mapsearch/;7831;1;0
Cphollywoodbeach.com-0032-2015Redesign;en-US;https://www.google.ca/;7831;1;0
saddlebrook.com-0011-2014Redesign;en-US;http://m.facebook.com/;4538;1;0
Cphollywoodbeach.com-0032-2015Redesign;en-US;https://www.google.com/;7831;1;0
Cphollywoodbeach.com-0032-2015Redesign;en-US;https://www.google.com/;7831;1;0
Theoxfordhotel.com-0062-2015Redesign;en-US;https://www.google.com/;14346;1;0
Napavalleymarriott.com-0071-2016Redesign;en-US;http://winetrain.com/stay/;16432;1;0
