Thelodgeatwoodloch.com-0033-2015Redesign;en-US;http://www.google.com/;7764;1;0
Lidobeachresort.com-0106-2017Redesign;en-US;https://www.google.com/;28666;1;0
Marriottdelraybeach.com-0009-2014Redesign;en-US;https://duckduckgo.com/;2829;1;0
Lidobeachresort.com-0106-2017Redesign;en-US;https://www.google.com/;28666;1;0
Marriottdelraybeach.com-0009-2014Redesign;en-US;https://duckduckgo.com/;2845;1;0
Casaybelresort.com-0002-2014Redesign;en-US;http://surfinggator.com/fort-myers/cams/cams.html;1613;1;0
Abbingtonbanquets.com-0070-2016Redesign;en-US;https://duckduckgo.com/;15789;1;0
wentworthcom00212014redesign;en-US;https://www.google.com/;4259;1;0
Cphollywoodbeach.com-0032-2015Redesign;en-US;https://www.sunny.org/webcam/;7831;1;0
Cphollywoodbeach.com-0032-2015Redesign;en-US;https://www.sunny.org/webcam/;7831;1;0
Broadmoor.com-0073-2016Redesign;en-US;http://cograilway.com/;18259;1;0
Broadmoor.com-0073-2016Redesign;en-US;android-app://com.google.android.googlequicksearchbox/;18259;1;0
Springhillsuitesdenver.com-0060-2015Redesign;en-US;https://www.google.com/;12307;1;0
Glencovemansion.com-0058-2015Redesign;en-US;http://www.webb.edu/admissions/visit-webb/;13328;1;0
Broadmoor.com-0073-2016Redesign;en-US;https://www.google.com/;16772;1;0
Casaybelresort.com-0002-2014Redesign;en-US;http://surfinggator.com/fort-myers/cams/cams.html;1613;1;0
Theoxfordhotel.com-0062-2015Redesign;en-US;https://www.google.com/;14331;1;0
Broadmoor.com-0073-2016Redesign;en-US;https://www.google.com/;16721;1;0
Casaybelresort.com-0002-2014Redesign;en-US;https://www.google.com/;1533;1;0
Lakeplacidlodge.com-0105-2017Redesign;en-US;https://www.google.com/;28545;1;0
Marriottkeylargo.com-0015-2014Redesign;en-US;http://www.fla-keys.com/webcams/marriott-key-largo-bay/;3948;1;0
Edgewaternaples.com-0094-2016Redesign;en-US;http://www.baidu.com/;25239;1;0
Cphollywoodbeach.com-0032-2015Redesign;en-US;https://www.sunny.org/webcam/;7831;1;0
Edgewaternaples.com-0094-2016Redesign;en-US;http://www.baidu.com/;25239;1;0
Cphollywoodbeach.com-0032-2015Redesign;en-US;https://www.sunny.org/webcam/;7831;1;0
Casaybelresort.com-0002-2014Redesign;en-US;https://www.google.com/;1533;1;0
Samosetresort.com-0113-2017Redesign;en-US;https://www.google.com/;32541;1;0
Springhillsuitesdenver.com-0060-2015Redesign;en-US;https://www.google.com/;12307;1;0
Cphollywoodbeach.com-0032-2015Redesign;en-US;https://www.google.com/;7831;1;0
Opalsands.com-0084-2016Redesign;en-US;http://www.baidu.com/;20171;1;0
Opalsands.com-0084-2016Redesign;en-US;http://www.baidu.com/;20171;1;0
Theoxfordhotel.com-0062-2015Redesign;en-US;https://www.google.com/;14346;1;0
Casaybelresort.com-0002-2014Redesign;en-US;http://surfinggator.com/fort-myers/cams/cams.html;1613;1;0
Renaissancepittsburghpa.com-0044-2015Redesign;en-US;https://www.google.com/;9637;1;0
Residenceinnnyc.com-0034-2015Redesign;en-US;https://www.google.com/;8087;1;0
Cphollywoodbeach.com-0032-2015Redesign;en-US;https://www.sunny.org/webcam/;7831;1;0
Broadmoor.com-0073-2016Redesign;en-US;https://www.google.com/;16721;1;0
Broadmoor.com-0073-2016Redesign;en-US;http://m.facebook.com/;16790;1;0
Sandpearl.com-0091-2016Redesign;en-US;https://www.google.com/;22481;1;0
Sandpearl.com-0091-2016Redesign;en-US;https://www.google.com/;22481;1;0
Longboatkeyclub.com-0104-2017Redesign;en-US;https://www.google.com/;28317;1;0
Cphollywoodbeach.com-0032-2015Redesign;en-US;https://www.google.ca/;7831;1;0
Unionstationhotelnashville.com-0047-2015Redesign;en-US;https://www.google.com/;32226;1;0
Cphollywoodbeach.com-0032-2015Redesign;en-US;http://start.att.net/search/index.php;7831;1;0
Cphollywoodbeach.com-0032-2015Redesign;en-US;https://www.sunny.org/webcam/;7831;1;0
Marriottdelraybeach.com-0009-2014Redesign;en-US;https://duckduckgo.com/;2845;1;0
