Sandpearl.com-0091-2016Redesign;en-US;http://m.facebook.com/;30638;1;0
Theoxfordhotel.com-0062-2015Redesign;en-US;http://r.search.yahoo.com/_ylt=AwrTcd8T.q1Z7.kAybMPxQt.##SEMICOLONDELIMITER##_ylu=X3oDMTByNWU4cGh1BGNvbG8DZ3ExBHBvcwMxBHZ0aWQDBHNlYwNzYw--/RV=2/RE=1504602772/RO=10/RU=http%3a//www.theoxfordhotel.com//RK=1/RS=th.QQp8CLMDgl_qct11GC.zTwkY-;14325;1;0
Broadmoor.com-0073-2016Redesign;en-US;http://tpc.googlesyndication.com/safeframe/1-0-10/html/container.html;16728;1;0
Thesagamore.com-0112-2017Redesign;en-US;https://www.google.com/;32339;1;0
Broadmoor.com-0073-2016Redesign;en-US;https://www.google.com/;16799;1;0
Broadmoor.com-0073-2016Redesign;en-US;https://www.google.com/;16728;1;0
Longboatkeyclub.com-0104-2017Redesign;en-US;https://filmsapk.com/eset-mobile-security/;28316;1;0
Longboatkeyclub.com-0104-2017Redesign;en-US;http://autoservice36.ru/remont-glushitelej/;28316;1;0
Monarchbeachresort.com-0092-2016Redesign;en-US;http://www.google.com/;23670;1;0
Broadmoor.com-0073-2016Redesign;en-US;https://r.search.yahoo.com/_ylt=AwrSbmol.q1ZhPYAomVXNyoA##SEMICOLONDELIMITER##_ylu=X3oDMTEycDB2aXZrBGNvbG8DZ3ExBHBvcwMxBHZ0aWQDVUkyQzNfMQRzZWMDc3I-/RV=2/RE=1504602790/RO=10/RU=https%3a//www.broadmoor.com/broadmoor-adventures/seven-falls//RK=1/RS=wfutUPbFkGT2ZMTz_nAJWYhT2dE-;18259;1;0
Thesagamore.com-0112-2017Redesign;en-US;https://www.google.com/;32339;1;0
Broadmoor.com-0073-2016Redesign;en-US;http://tpc.googlesyndication.com/safeframe/1-0-10/html/container.html;16728;1;0
Unionstationhotelnashville.com-0047-2015Redesign;en-US;http://www.google.com/;24062;1;0
Longboatkeyclub.com-0104-2017Redesign;en-US;http://m.facebook.com/;28316;1;0
Casaybelresort.com-0002-2014Redesign;en-US;http://www.sanibelisland.com/hotels_and_resorts.html;1533;1;0
wentworthcom00212014redesign;en-US;https://www.google.com/;26679;1;0
Sandpearl.com-0091-2016Redesign;en-US;https://www.google.com/;23075;1;0
Thesagamore.com-0112-2017Redesign;en-US;https://www.bing.com/;32347;1;0
Thecrawfordhotel.com-0074-2016Redesign;en-US;https://l.facebook.com/;17145;1;0
Thecrawfordhotel.com-0074-2016Redesign;en-US;https://l.facebook.com/;17145;1;0
Renaissancepittsburghpa.com-0044-2015Redesign;en-US;https://www.google.com/;9637;1;0
Jupiterbeachresort.com-0103-2017Redesign;en-US;https://www.google.com/;28158;1;0
Thecrawfordhotel.com-0074-2016Redesign;en-US;https://l.facebook.com/;17145;1;0
Thecrawfordhotel.com-0074-2016Redesign;en-US;https://l.facebook.com/;17145;1;0
Thecrawfordhotel.com-0074-2016Redesign;en-US;https://l.facebook.com/;17145;1;0
Opalsands.com-0084-2016Redesign;en-US;https://www.google.com/;20171;1;0
Opalsands.com-0084-2016Redesign;en-US;https://www.google.com/;20171;1;0
Cphollywoodbeach.com-0032-2015Redesign;en-US;https://www.google.ca/;7805;1;0
Washingtondukeinn.com-0024-2014Redesign;en-US;https://www.google.com/;4524;1;0
Washingtondukeinn.com-0024-2014Redesign;en-US;https://www.google.com/;4524;1;0
Thecrawfordhotel.com-0074-2016Redesign;en-US;https://l.facebook.com/;17145;1;0
Thecrawfordhotel.com-0074-2016Redesign;en-US;https://l.facebook.com/;17145;1;0
Montaukyachtclub.com-0010-2014Redesign;en-US;https://www.google.com/;2240;1;0
Thecrawfordhotel.com-0074-2016Redesign;en-US;https://l.facebook.com/;17145;1;0
Thecrawfordhotel.com-0074-2016Redesign;en-US;https://l.facebook.com/;17145;1;0
Thecrawfordhotel.com-0074-2016Redesign;en-US;https://l.facebook.com/;17145;1;0
Broadmoor.com-0073-2016Redesign;en-US;https://www.google.com/;18259;1;0
Sandpearl.com-0091-2016Redesign;en-US;https://www.facebook.com/;22481;1;0
Sandpearl.com-0091-2016Redesign;en-US;https://www.facebook.com/;22481;1;0
wentworthcom00212014redesign;en-US;https://www.google.com/;4306;1;0
Bellemontfarm.com-0007-2013Redesign;en-US;https://www.google.com/;11497;1;0
