Theloganhotel.com-0043-2015Redesign;en-US;https://www.google.com/;20218;1;0
Thesagamore.com-0112-2017Redesign;en-US;https://www.google.com/;32390;1;0
Sandpearl.com-0091-2016Redesign;en-US;https://www.google.com/;30638;1;0
Monarchbeachresort.com-0092-2016Redesign;en-US;https://www.google.com/;22725;1;0
Halcyonhotelcherrycreek.com-0061-2015Redesign;en-US;https://www.google.com/;22121;1;0
Jupiterbeachresort.com-0103-2017Redesign;en-US;https://www.google.ca/;28158;1;0
Monarchbeachresort.com-0092-2016Redesign;en-US;https://www.google.com/;22725;1;0
Washingtoncourthotel.com-0076-2016Redesign;en-US;https://www.bing.com/;17858;1;0
Jbdukehotel.com-0086-2016Redesign;en-US;https://www.google.com/;21918;1;0
Lidobeachresort.com-0106-2017Redesign;en-US;https://www.google.com/;28666;1;0
Sandpearl.com-0091-2016Redesign;en-US;https://www.google.com/;22530;1;0
Samosetresort.com-0113-2017Redesign;en-US;https://www.google.com/;32543;1;0
Casaybelresort.com-0002-2014Redesign;en-US;https://www.google.com/;1616;1;0
Broadmoor.com-0073-2016Redesign;en-US;http://www.colorado.com/;18014;1;0
saddlebrook.com-0011-2014Redesign;en-US;https://www.google.com/;4538;1;0
Jupiterbeachresort.com-0103-2017Redesign;en-US;https://www.google.ca/;28158;1;0
Jupiterbeachresort.com-0103-2017Redesign;en-US;https://www.google.ca/;28158;1;0
Longboatkeyclub.com-0104-2017Redesign;en-US;https://ikritikimou.gr/;28316;1;0
Broadmoor.com-0073-2016Redesign;en-US;https://www.bing.com/;16767;1;0
Broadmoor.com-0073-2016Redesign;en-US;https://www.bing.com/;16767;1;0
Longboatkeyclub.com-0104-2017Redesign;en-US;https://ikritikimou.gr/;28316;1;0
Opalsands.com-0084-2016Redesign;en-US;https://search.yahoo.com/;20171;1;0
Sandpearl.com-0091-2016Redesign;en-US;https://www.google.com/;22481;1;0
Sandpearl.com-0091-2016Redesign;en-US;https://www.google.com/;22481;1;0
Samosetresort.com-0113-2017Redesign;en-US;https://www.google.com/;35274;1;0
Broadmoor.com-0073-2016Redesign;en-US;https://www.google.com/;18782;1;0
Thecrawfordhotel.com-0074-2016Redesign;en-US;https://www.google.com/;17145;1;0
Broadmoor.com-0073-2016Redesign;en-US;http://www.colorado.com/cities-and-towns/colorado-springs;18259;1;0
wentworthcom00212014redesign;en-US;https://www.google.com/;26679;1;0
theweststreethotel.com-0115-2017Redesign;en-US;https://www.google.bg/;36683;1;0
Casaybelresort.com-0002-2014Redesign;en-US;https://www.google.com/;1533;1;0
Napavalleymarriott.com-0071-2016Redesign;en-US;https://www.google.com/;16432;1;0
Samosetresort.com-0113-2017Redesign;en-US;https://www.google.com/;32541;1;0
Thesagamore.com-0112-2017Redesign;en-US;https://www.google.com/;32339;1;0
Sandpearl.com-0091-2016Redesign;en-US;https://www.google.com/;22481;1;0
Broadmoor.com-0073-2016Redesign;en-US;http://www.google.com/;18259;1;0
Halcyonhotelcherrycreek.com-0061-2015Redesign;en-US;https://www.google.com/;22121;1;0
Jbdukehotel.com-0086-2016Redesign;en-US;https://www.google.com/;21918;1;0
Broadmoor.com-0073-2016Redesign;en-US;https://search.yahoo.com/;18259;1;0
Halcyonhotelcherrycreek.com-0061-2015Redesign;en-US;https://uncrate.com/;22121;1;0
Thesagamore.com-0112-2017Redesign;en-US;https://www.google.com/;32339;1;0
Thesagamore.com-0112-2017Redesign;en-US;https://www.google.com/;32339;1;0
Samosetresort.com-0113-2017Redesign;en-US;https://www.google.com/;32541;1;0
Samosetresort.com-0113-2017Redesign;en-US;https://www.google.com/;32541;1;0
Thesagamore.com-0112-2017Redesign;en-US;https://www.google.com/;32339;1;0
Sandpearl.com-0091-2016Redesign;en-US;https://www.google.com/;22481;1;0
Thesagamore.com-0112-2017Redesign;en-US;https://www.google.com/;32339;1;0
Oxfordclubspa.com-0068-2016Redesign;en-US;https://www.google.com/;15568;1;0
saddlebrook.com-0011-2014Redesign;en-US;https://www.google.com/;4538;1;0
theweststreethotel.com-0115-2017Redesign;en-US;https://www.google.bg/;36683;1;0
Edgewaternaples.com-0094-2016Redesign;en-US;https://www.google.com/;25239;1;0
Broadmoor.com-0073-2016Redesign;en-US;http://login.nomadix.com:1111/web/portal.html;16724;1;0
Cocokeyorlando.com-0059-2015Redesign;en-US;https://www.google.com/;12410;1;0
Broadmoor.com-0073-2016Redesign;en-US;http://login.nomadix.com:1111/web/portal.html;16724;1;0
Thesagamore.com-0112-2017Redesign;en-US;https://r.search.yahoo.com/_ylt=AwrBT4YpNrBZPckAwSVx.9w4##SEMICOLONDELIMITER##_ylu=X3oDMTE0bGhyaDE4BGNvbG8DYmYxBHBvcwMxBHZ0aWQDVUkyRkJUM18xBHNlYwNzcg--/RV=2/RE=1504749225/RO=10/RU=https%3a//www.thesagamore.com//RK=1/RS=RfRQwPovj7s0.IaP0YwclceCRyE-;32339;1;0
Theloganhotel.com-0043-2015Redesign;en-US;https://www.herecomestheguide.com/;9118;1;0
Thecrawfordhotel.com-0074-2016Redesign;en-US;https://www.google.com/;17145;1;0
Thecrawfordhotel.com-0074-2016Redesign;en-US;https://www.google.com/;17145;1;0
Hospitalityupgrade.com-0093-2016Redesign;en-US;https://www.google.com/;37631;1;0
Sandpearl.com-0091-2016Redesign;en-US;https://www.google.com/;22530;1;0
Samosetresort.com-0113-2017Redesign;en-US;https://www.google.com/;32541;1;0
Courtyardportlandcitycenter.com-0063-2015Redesign;en-US;https://www.google.ca/;14545;1;0
