Cendyn.com-0095-2016Redesign;en-US;http://dengi-v-kredit.in.ua/uk/kredit-1000-griven-bez-dovidok-onlajn/;26640;1;0
Theoxfordhotel.com-0062-2015Redesign;en-US;http://m.facebook.com/;14325;1;0
Casaybelresort.com-0002-2014Redesign;en-US;http://r.search.yahoo.com/_ylt=AwrBT_y8F7dZBLEAxTnBGOd_##SEMICOLONDELIMITER##_ylu=X3oDMTByOHZyb21tBGNvbG8DYmYxBHBvcwMxBHZ0aWQDBHNlYwNzcg--/RV=2/RE=1505200189/RO=10/RU=http%3a//www.casaybelresort.com/web-cam//RK=1/RS=dsaaod7XAoeTBZ7aSFIpENnTiEw-;1613;1;0
Broadmoor.com-0073-2016Redesign;en-US;https://www.google.com/;18259;1;0
Thesagamore.com-0112-2017Redesign;en-US;https://r.search.yahoo.com/_ylt=AwrBT8rSF7dZfr4Aa89x.9w4##SEMICOLONDELIMITER##_ylu=X3oDMTByOHZyb21tBGNvbG8DYmYxBHBvcwMxBHZ0aWQDBHNlYwNzcg--/RV=2/RE=1505200210/RO=10/RU=https%3a//www.thesagamore.com//RK=1/RS=YrKf8cO3MZrwCV_SeJWqKGV.Eik-;32339;1;0
Galthouse.com-0042-2015Redesign;en-US;http://m.facebook.com/;31905;1;0
Broadmoor.com-0073-2016Redesign;en-US;https://www.google.com/;16742;1;0
Casaybelresort.com-0002-2014Redesign;en-US;http://resep.xyz/;1533;1;0
Longboatkeyclub.com-0104-2017Redesign;en-US;https://www.google.com/;28316;1;0
Lidobeachresort.com-0106-2017Redesign;en-US;https://www.google.com/;28666;1;0
Napavalleymarriott.com-0071-2016Redesign;en-US;https://www.google.com/;16432;1;0
Casaybelresort.com-0002-2014Redesign;en-US;https://search.yahoo.com/;1533;1;0
Napavalleymarriott.com-0071-2016Redesign;en-US;http://www.privatebanking.com/;16432;1;0
Delraysandsresort.com-0097-2016Redesign;en-US;http://tpc.googlesyndication.com/safeframe/1-0-9/html/container.html;36464;1;0
Theloganhotel.com-0043-2015Redesign;en-US;http://www.visitphilly.com/hotels/philadelphia/the-logan-philadelphias-hotel/;20218;1;0
Broadmoor.com-0073-2016Redesign;en-US;https://amp-timeinc-net.cdn.ampproject.org/v/amp.timeinc.net/golf/courses-and-travel/colorado-golf-courses-best-public-golf-courses-2016;16790;1;0
Lidobeachresort.com-0106-2017Redesign;en-US;https://www.google.com/;28666;1;0
Sandylane.com-0075-2016Redesign;en-US;https://www.google.co.uk/;17611;1;0
Broadmoor.com-0073-2016Redesign;en-US;http://tpc.googlesyndication.com/safeframe/1-0-10/html/container.html;16728;1;0
Cphollywoodbeach.com-0032-2015Redesign;en-US;https://www.sunny.org/webcam/;7831;1;0
Thesagamore.com-0112-2017Redesign;en-US;https://www.iloveny.com/listing/sagamore-resort-the/3357/;32339;1;0
Thesagamore.com-0112-2017Redesign;en-US;https://www.iloveny.com/listing/sagamore-resort-the/3357/;32339;1;0
Saddlebrookprep.com-0022-2014Transfer;en-US;https://www.google.com/;3914;1;0
Broadmoor.com-0073-2016Redesign;en-US;http://login.nomadix.com:1111/web/portal.html;16724;1;0
Cendyn.com-0095-2016Redesign;en-US;http://www.napavalleymarriott.com/;26640;1;0
Broadmoor.com-0073-2016Redesign;en-US;https://www.google.com/;16721;1;0
Longboatkeyclub.com-0104-2017Redesign;en-US;https://www.google.com/;28316;1;0
Casaybelresort.com-0002-2014Redesign;en-US;https://www.google.com/;1533;1;0
theweststreethotel.com-0115-2017Redesign;en-US;https://www.google.com/;36683;1;0
Longboatkeyclub.com-0104-2017Redesign;en-US;https://www.google.com/;28316;1;0
Napavalleymarriott.com-0071-2016Redesign;en-US;https://www.google.com/;16432;1;0
Lakeplacidlodge.com-0105-2017Redesign;en-US;http://www.google.com/;28545;1;0
Broadmoor.com-0073-2016Redesign;en-US;http://login.nomadix.com:1111/web/portal.html;16724;1;0
Unionstationhotelnashville.com-0047-2015Redesign;en-US;https://www.bing.com/;32226;1;0
Cphollywoodbeach.com-0032-2015Redesign;en-US;https://www.bing.com/;7831;1;0
Montaukyachtclub.com-0010-2014Redesign;en-US;https://www.google.com/;2240;1;0
Thesagamore.com-0112-2017Redesign;en-US;https://www.google.com/;32339;1;0
Thesagamore.com-0112-2017Redesign;en-US;https://www.google.com/;32339;1;0
Broadmoor.com-0073-2016Redesign;en-US;https://www.google.com/;16765;1;0
Cocokeyorlando.com-0059-2015Redesign;en-US;https://www.google.com/;12394;1;0
Cocokeyorlando.com-0059-2015Redesign;en-US;https://www.google.com/;12394;1;0
Springhillsuitesdenver.com-0060-2015Redesign;en-US;https://www.google.com/;12307;1;0
Luxehotels.com-0078-2016Redesign;en-US;https://www.google.com/;18805;1;0
Casaybelresort.com-0002-2014Redesign;en-US;https://search.yahoo.com/;1613;1;0
Samosetresort.com-0113-2017Redesign;en-US;https://www.google.com/;32541;1;0
Samosetresort.com-0113-2017Redesign;en-US;https://www.google.com/;32541;1;0
Samosetresort.com-0113-2017Redesign;en-US;https://www.google.com/;32541;1;0
Casaybelresort.com-0002-2014Redesign;en-US;https://www.google.com/;1613;1;0
Casaybelresort.com-0002-2014Redesign;en-US;https://www.google.com/;1613;1;0
Delraysandsresort.com-0097-2016Redesign;en-US;https://www.google.com.ar/;27232;1;0
Longboatkeyclub.com-0104-2017Redesign;en-US;http://www.google.ca/;28317;1;0
Delraysandsresort.com-0097-2016Redesign;en-US;https://www.google.com.ar/;27232;1;0
wentworthcom00212014redesign;en-US;https://www.google.com/;26679;1;0
Broadmoor.com-0073-2016Redesign;en-US;https://www.google.com/;16738;1;0
Thecurtis.com-0079-2016Redesign;en-US;https://www.google.com/;17981;1;0
Broadmoor.com-0073-2016Redesign;en-US;http://login.nomadix.com:1111/web/portal.html;16724;1;0
Broadmoor.com-0073-2016Redesign;en-US;https://www.google.com/;23558;1;0
Broadmoor.com-0073-2016Redesign;en-US;http://login.nomadix.com:1111/web/portal.html;16724;1;0
