Cocokeyorlando.com-0059-2015Redesign;en-US;http://m.facebook.com/;12407;1;0
Thesagamore.com-0112-2017Redesign;en-US;https://www.google.com/;33444;1;0
wentworthcom00212014redesign;en-US;http://m.facebook.com/;26679;1;0
wentworthcom00212014redesign;en-US;http://m.facebook.com/;4259;1;0
Lakeplacidlodge.com-0105-2017Redesign;en-US;https://www.google.com/;28545;1;0
Zotabeachresort.com-0090-2016Redesign;en-US;http://m.facebook.com/;23062;1;0
Abbingtonbanquets.com-0070-2016Redesign;en-US;https://www.google.com/;15789;1;0
Lakeplacidlodge.com-0105-2017Redesign;en-US;https://www.google.com/;28545;1;0
Halcyonhotelcherrycreek.com-0061-2015Redesign;en-US;https://www.google.com/;22121;1;0
Thesagamore.com-0112-2017Redesign;en-US;https://www.google.com/;32339;1;0
Sandpearl.com-0091-2016Redesign;en-US;https://www.google.com/;22481;1;0
Thesagamore.com-0112-2017Redesign;en-US;https://www.google.com/;32339;1;0
Miravalspamonarchbeach.com-0109-2017Redesign;en-US;http://www.monarchbeachresort.com/;31709;1;0
Broadmoor.com-0073-2016Redesign;en-US;http://highlandsranchfoodie.com/;16721;1;0
Broadmoor.com-0073-2016Redesign;en-US;http://highlandsranchfoodie.com/;16721;1;0
Thesagamore.com-0112-2017Redesign;en-US;https://www.bing.com/;32339;1;0
wentworthcom00212014redesign;en-US;https://www.google.com/;26679;1;0
wentworthcom00212014redesign;en-US;https://www.google.com/;4259;1;0
Theoxfordhotel.com-0062-2015Redesign;en-US;https://www.google.com/;14333;1;0
Halcyonhotelcherrycreek.com-0061-2015Redesign;en-US;https://www.google.com/;22121;1;0
Cocokeyorlando.com-0059-2015Redesign;en-US;https://www.google.com/;12394;1;0
Cocokeyorlando.com-0059-2015Redesign;en-US;https://www.google.com/;12394;1;0
Cocokeyorlando.com-0059-2015Redesign;en-US;https://www.google.com/;12410;1;0
Samosetresort.com-0113-2017Redesign;en-US;http://www.starlightlodgerockport.com/things-to-do--links.htm;32541;1;0
Samosetresort.com-0113-2017Redesign;en-US;http://www.starlightlodgerockport.com/things-to-do--links.htm;32541;1;0
Sandpearl.com-0091-2016Redesign;en-US;https://www.google.com/;22481;1;0
Sandpearl.com-0091-2016Redesign;en-US;https://www.google.com/;22481;1;0
Washingtondukeinn.com-0024-2014Redesign;en-US;https://www.google.com/;4524;1;0
Washingtondukeinn.com-0024-2014Redesign;en-US;https://www.google.com/;4524;1;0
Thesagamore.com-0112-2017Redesign;en-US;http://www.google.com/;32339;1;0
Broadmoor.com-0073-2016Redesign;en-US;http://ccs.infospace.com/ClickHandler.ashx;16742;1;0
Jupiterbeachresort.com-0103-2017Redesign;en-US;http://www.dustinandkelly.com/;28158;1;0
Jupiterbeachresort.com-0103-2017Redesign;en-US;http://www.dustinandkelly.com/;28158;1;0
Renaissancepittsburghpa.com-0044-2015Redesign;en-US;https://www.google.com/;9637;1;0
Treasureislandbeachresort.com-0089-2016Redesign;en-US;https://www.google.com/;22169;1;0
Sandylane.com-0075-2016Redesign;en-US;https://www.google.co.uk/;17611;1;0
Treasureislandbeachresort.com-0089-2016Redesign;en-US;https://www.google.com/;22169;1;0
Luxehotels.com-0078-2016Redesign;en-US;https://search.yahoo.com/;18833;1;0
wentworthcom00212014redesign;en-US;https://www.google.com/;26679;1;0
wentworthcom00212014redesign;en-US;https://www.google.com/;4259;1;0
Sandpearl.com-0091-2016Redesign;en-US;https://www.google.ca/;30638;1;0
Sandpearl.com-0091-2016Redesign;en-US;http://heronfla.com/books/CWVG17/;22481;1;0
Sandpearl.com-0091-2016Redesign;en-US;http://heronfla.com/books/CWVG17/;22481;1;0
Broadmoor.com-0073-2016Redesign;en-US;https://mail.google.com/mail/u/0/;16763;1;0
Thesagamore.com-0112-2017Redesign;en-US;https://www.google.com/;32339;1;0
Opalsands.com-0084-2016Redesign;en-US;http://m.facebook.com/;21642;1;0
Cocokeyorlando.com-0059-2015Redesign;en-US;https://www.google.com/;12394;1;0
Cocokeyorlando.com-0059-2015Redesign;en-US;https://www.google.com/;12394;1;0
Thecurtis.com-0079-2016Redesign;en-US;https://www.google.com/;17981;1;0
Luxehotels.com-0078-2016Redesign;en-US;android-app://com.google.android.gm/;18831;1;0
Samosetresort.com-0113-2017Redesign;en-US;https://www.google.com/;32541;1;0
Broadmoor.com-0073-2016Redesign;en-US;https://www.tripsavvy.com/thanksgiving-weekend-getaways-with-kids-3266914;18187;1;0
Lidobeachresort.com-0106-2017Redesign;en-US;http://m.facebook.com/;28714;1;0
Galthouse.com-0042-2015Redesign;en-US;https://www.google.com/;31905;1;0
Broadmoor.com-0073-2016Redesign;en-US;https://www.google.com/;16721;1;0
Broadmoor.com-0073-2016Redesign;en-US;https://www.google.com/;16721;1;0
Broadmoor.com-0073-2016Redesign;en-US;https://www.google.com/;16761;1;0
Broadmoor.com-0073-2016Redesign;en-US;https://www.google.com/;18782;1;0
