saddlebrook.com-0011-2014Redesign;en-US;http://e.emailevation.net:8080/r.html;7302;1;0
Unionstationhotelnashville.com-0047-2015Redesign;en-US;http://life-instyle.com/;32226;1;0
Unionstationhotelnashville.com-0047-2015Redesign;en-US;http://life-instyle.com/;32226;1;0
Luxehotels.com-0078-2016Redesign;en-US;https://www.google.com/;18831;1;0
Unionstationhotelnashville.com-0047-2015Redesign;en-US;http://life-instyle.com/;32226;1;0
Hi-nyc.com-0108-2017Redesogm;en-US;http://www.google.com/;30080;1;0
Broadmoor.com-0073-2016Redesign;en-US;http://m.facebook.com/;18010;1;0
Broadmoor.com-0073-2016Redesign;en-US;https://www.bing.com/;18259;1;0
Galthouse.com-0042-2015Redesign;en-US;http://www.google.com/;10586;1;0
Galthouse.com-0042-2015Redesign;en-US;http://www.google.com/;10586;1;0
Lidobeachresort.com-0106-2017Redesign;en-US;https://www.google.com/;28666;1;0
Lidobeachresort.com-0106-2017Redesign;en-US;https://www.google.com/;28666;1;0
Thecrawfordhotel.com-0074-2016Redesign;en-US;https://www.google.com/;17145;1;0
Lakeplacidlodge.com-0105-2017Redesign;en-US;http://www.nylabone.com/dog-house-chatter/2016/08/30/10-dog-friendly-vacation-destinations-on-the-east-coast/;28545;1;0
Montaukyachtclub.com-0010-2014Redesign;en-US;https://www.google.com/;2240;1;0
Theharborsidehotel.com-0114-2017Redesign;en-US;https://www.google.com/;37571;1;0
Theharborsidehotel.com-0114-2017Redesign;en-US;https://www.google.com/;37571;1;0
Broadmoor.com-0073-2016Redesign;en-US;https://www.google.com/;17448;1;0
Thelodgeatwoodloch.com-0033-2015Redesign;en-US;https://www.google.com/;8253;1;0
Marriottkeylargo.com-0015-2014Redesign;en-US;https://www.google.com/;3964;1;0
Galthouse.com-0042-2015Redesign;en-US;https://www.google.com/;31905;1;0
Galthouse.com-0042-2015Redesign;en-US;https://www.google.com/;31905;1;0
Broadmoor.com-0073-2016Redesign;en-US;https://www.facebook.com/;21915;1;0
Residenceinnlax.com-0026-2014Redesign;en-US;http://03e.info/;5271;1;0
Residenceinnlax.com-0026-2014Redesign;en-US;http://copro.pw/;5271;1;0
Residenceinnlax.com-0026-2014Redesign;en-US;http://03e.info/;5271;1;0
Residenceinnlax.com-0026-2014Redesign;en-US;http://copro.pw/;5271;1;0
Thelodgeatwoodloch.com-0033-2015Redesign;en-US;https://www.google.com/;8254;1;0
Residenceinnlax.com-0026-2014Redesign;en-US;http://03e.info/;5271;1;0
Residenceinnlax.com-0026-2014Redesign;en-US;http://copro.pw/;5271;1;0
Sandylane.com-0075-2016Redesign;en-US;http://www.islands.com/top-10-best-resorts-family-vacations;17611;1;0
Broadmoor.com-0073-2016Redesign;en-US;https://www.google.com/;16753;1;0
Broadmoor.com-0073-2016Redesign;en-US;http://m.facebook.com/;20439;1;0
Treasureislandbeachresort.com-0089-2016Redesign;en-US;https://s0.2mdn.net/ads/richmedia/studio/pv2/60220796/20170601080651925/index.html;22169;1;0
Galthouse.com-0042-2015Redesign;en-US;https://www.google.com/;10607;1;0
Galthouse.com-0042-2015Redesign;en-US;http://www.google.com/;10586;1;0
Miravalspamonarchbeach.com-0109-2017Redesign;en-US;http://www.monarchbeachresort.com/;31709;1;0
Lidobeachresort.com-0106-2017Redesign;en-US;https://www.google.ca/;28666;1;0
Lidobeachresort.com-0106-2017Redesign;en-US;https://www.google.ca/;28666;1;0
Cocokeyorlando.com-0059-2015Redesign;en-US;https://www.google.com/;12410;1;0
Broadmoor.com-0073-2016Redesign;en-US;https://www.google.com.mx/;16721;1;0
Marriottkeylargo.com-0015-2014Redesign;en-US;http://www.fla-keys.com/webcams/marriott-key-largo-bay/;3948;1;0
Marriottkeylargo.com-0015-2014Redesign;en-US;http://www.fla-keys.com/webcams/marriott-key-largo-bay/;3964;1;0
Sandpearl.com-0091-2016Redesign;en-US;https://www.google.com/;22481;1;0
Sandpearl.com-0091-2016Redesign;en-US;https://www.google.com/;22481;1;0
Broadmoor.com-0073-2016Redesign;en-US;http://login.nomadix.com:1111/web/portal.html;16724;1;0
Broadmoor.com-0073-2016Redesign;en-US;http://login.nomadix.com:1111/web/portal.html;16724;1;0
