Cphollywoodbeach.com-0032-2015Redesign;en-US;http://www.google.com/;7862;1;0
Broadmoor.com-0073-2016Redesign;en-US;https://www.bing.com/;16721;1;0
Secretharbourvi.com-0040-2015Redesign;en-US;https://www.google.com/;9231;1;0
Opalsands.com-0084-2016Redesign;en-US;https://www.bing.com/;20171;1;0
Opalsands.com-0084-2016Redesign;en-US;https://www.bing.com/;20171;1;0
Broadmoor.com-0073-2016Redesign;en-US;https://xbid-prod.googleusercontent.com/ddm/bidmanager/creativePreview/retrieveCreativeAdTag;16728;1;0
saddlebrook.com-0011-2014Redesign;en-US;https://www.google.com/;4538;1;0
Broadmoor.com-0073-2016Redesign;en-US;http://tpc.googlesyndication.com/safeframe/1-0-10/html/container.html;16728;1;0
Glencovemansion.com-0058-2015Redesign;en-US;http://www.citidexli.com/242.htm;13328;1;0
Broadmoor.com-0073-2016Redesign;en-US;http://login.nomadix.com:1111/web/portal.html;16724;1;0
Unionstationhotelnashville.com-0047-2015Redesign;en-US;https://www.google.com/;32226;1;0
Broadmoor.com-0073-2016Redesign;en-US;http://login.nomadix.com:1111/web/portal.html;16724;1;0
Washingtondukeinn.com-0024-2014Redesign;en-US;https://www.google.com/;4524;1;0
Washingtondukeinn.com-0024-2014Redesign;en-US;https://www.google.com/;4524;1;0
Halcyonhotelcherrycreek.com-0061-2015Redesign;en-US;https://uncrate.com/;22121;1;0
Cphollywoodbeach.com-0032-2015Redesign;en-US;https://www.google.com/;7831;1;0
Casaybelresort.com-0002-2014Redesign;en-US;http://showboxdownloadmovies.com/showbox-app-download-for-android-free-movies-and-tv-shows-app/;1533;1;0
Casaybelresort.com-0002-2014Redesign;en-US;https://vk.com/rusmart_express;1533;1;0
Cocokeyorlando.com-0059-2015Redesign;en-US;https://www.bing.com/;12394;1;0
Monarchbeachresort.com-0092-2016Redesign;en-US;https://www.google.com/;22725;1;0
Theharborsidehotel.com-0114-2017Redesign;en-US;https://www.google.com/;37571;1;0
Sandylane.com-0075-2016Redesign;en-US;https://www.bing.com/;17611;1;0
Delraysandsresort.com-0097-2016Redesign;en-US;https://www.google.com/;27232;1;0
Delraysandsresort.com-0097-2016Redesign;en-US;https://www.google.com/;27232;1;0
Broadmoor.com-0073-2016Redesign;en-US;http://login.nomadix.com:1111/web/portal.html;16724;1;0
saddlebrook.com-0011-2014Redesign;en-US;https://www.google.com/;3469;1;0
Broadmoor.com-0073-2016Redesign;en-US;http://login.nomadix.com:1111/web/portal.html;16724;1;0
Cocokeyorlando.com-0059-2015Redesign;en-US;https://www.bing.com/;12394;1;0
Broadmoor.com-0073-2016Redesign;en-US;http://login.nomadix.com:1111/web/portal.html;16724;1;0
Thecrawfordhotel.com-0074-2016Redesign;en-US;https://www.google.com/;17145;1;0
Broadmoor.com-0073-2016Redesign;en-US;http://login.nomadix.com:1111/web/portal.html;16724;1;0
Broadmoor.com-0073-2016Redesign;en-US;http://login.nomadix.com:1111/web/portal.html;16724;1;0
Broadmoor.com-0073-2016Redesign;en-US;http://login.nomadix.com:1111/web/portal.html;16724;1;0
Samosetresort.com-0113-2017Redesign;en-US;https://www.google.com/;32541;1;0
Casaybelresort.com-0002-2014Redesign;en-US;https://www.bing.com/;1533;1;0
Thelodgeatwoodloch.com-0033-2015Redesign;en-US;https://www.google.com/;7764;1;0
Galthouse.com-0042-2015Redesign;en-US;https://www.google.com/;31905;1;0
Galthouse.com-0042-2015Redesign;en-US;https://www.google.com/;31905;1;0
Hospitalityupgrade.com-0093-2016Redesign;en-US;https://www.google.com/;37631;1;0
Broadmoor.com-0073-2016Redesign;en-US;http://tpc.googlesyndication.com/safeframe/1-0-10/html/container.html;16728;1;0
saddlebrook.com-0011-2014Redesign;en-US;https://www.google.com/;3453;1;0
