Thesagamore.com-0112-2017Redesign;en-US;https://www.google.com/;32387;1;0
Broadmoor.com-0073-2016Redesign;en-US;https://us.search.yahoo.com/yhs/search;16721;1;0
Broadmoor.com-0073-2016Redesign;en-US;https://us.search.yahoo.com/yhs/search;16721;1;0
Thesagamore.com-0112-2017Redesign;en-US;https://www.bing.com/;32339;1;0
Courtyardportlandcitycenter.com-0063-2015Redesign;en-US;https://www.google.com/;14545;1;0
Jupiterbeachresort.com-0103-2017Redesign;en-US;https://www.google.com/;28158;1;0
Galthouse.com-0042-2015Redesign;en-US;http://m.facebook.com/;31905;1;0
Cphollywoodbeach.com-0032-2015Redesign;en-US;https://www.sunny.org/webcam/;7831;1;0
Miravalspamonarchbeach.com-0109-2017Redesign;en-US;http://www.monarchbeachresort.com/experiences/activities/athletic-club/;31709;1;0
Sandpearl.com-0091-2016Redesign;en-US;https://www.google.com/;22481;1;0
Sandpearl.com-0091-2016Redesign;en-US;https://www.google.com/;22481;1;0
Galthouse.com-0042-2015Redesign;en-US;https://outlook.live.com/;31905;1;0
Monarchbeachresort.com-0092-2016Redesign;en-US;https://www.google.com/;22725;1;0
Casaybelresort.com-0002-2014Redesign;en-US;https://www.google.com/;1533;1;0
Miravalspamonarchbeach.com-0109-2017Redesign;en-US;http://www.monarchbeachresort.com/welcome/;32984;1;0
Casaybelresort.com-0002-2014Redesign;en-US;https://www.google.ca/;1533;1;0
Marriottkeylargo.com-0015-2014Redesign;en-US;https://www.google.de/;3964;1;0
Galthouse.com-0042-2015Redesign;en-US;https://www.google.com/;31905;1;0
Broadmoor.com-0073-2016Redesign;en-US;https://r.search.yahoo.com/_ylt=AwrSbgKZ37ZZY3UAGP1x.9w4##SEMICOLONDELIMITER##_ylu=X3oDMTEzZDQ1czRvBGNvbG8DZ3ExBHBvcwMxBHZ0aWQDTUlRMzE3XzEEc2VjA3Ny/RV=2/RE=1505185818/RO=10/RU=https%3a//www.broadmoor.com/dining/summit//RK=1/RS=LZMrWJOyh6WJOoG8j4MwrnCkNxc-;16765;1;0
Galthouse.com-0042-2015Redesign;en-US;https://www.google.com/;31905;1;0
Samosetresort.com-0113-2017Redesign;en-US;http://www.rocklandmainevacation.com/samoset-resort.php;32541;1;0
Samosetresort.com-0113-2017Redesign;en-US;http://www.rocklandmainevacation.com/samoset-resort.php;32541;1;0
Cphollywoodbeach.com-0032-2015Redesign;en-US;https://www.google.com/;7831;1;0
Broadmoor.com-0073-2016Redesign;en-US;https://www.google.com/;16778;1;0
Miravalspamonarchbeach.com-0109-2017Redesign;en-US;http://www.monarchbeachresort.com/experiences/activities/athletic-club/;31709;1;0
Thecrawfordhotel.com-0074-2016Redesign;en-US;http://www.google.com/;17145;1;0
Broadmoor.com-0073-2016Redesign;en-US;https://www.google.com/;23743;1;0
Laxembassy.com-0008-2014Redesign;en-US;https://www.google.com/;2037;1;0
Cocokeyorlando.com-0059-2015Redesign;en-US;https://www.google.nl/;12394;1;0
Treasureislandbeachresort.com-0089-2016Redesign;en-US;https://www.google.com/;22169;1;0
Cocokeyorlando.com-0059-2015Redesign;en-US;https://www.google.nl/;12394;1;0
Treasureislandbeachresort.com-0089-2016Redesign;en-US;https://www.google.com/;22169;1;0
Thesagamore.com-0112-2017Redesign;en-US;https://www.google.com/;32387;1;0
Cocokeyorlando.com-0059-2015Redesign;en-US;https://www.google.com/;12394;1;0
Cocokeyorlando.com-0059-2015Redesign;en-US;https://www.google.com/;12394;1;0
Broadmoor.com-0073-2016Redesign;en-US;http://tpc.googlesyndication.com/safeframe/1-0-10/html/container.html;16728;1;0
Broadmoor.com-0073-2016Redesign;en-US;https://www.bing.com/;16770;1;0
Theloganhotel.com-0043-2015Redesign;en-US;http://l.facebook.com/l.php;15962;1;0
Delraysandsresort.com-0097-2016Redesign;en-US;android-app://com.google.android.googlequicksearchbox/;27232;1;0
Broadmoor.com-0073-2016Redesign;en-US;http://tpc.googlesyndication.com/safeframe/1-0-10/html/container.html;16728;1;0
saddlebrook.com-0011-2014Redesign;en-US;https://www.google.com/;3385;1;0
Cphollywoodbeach.com-0032-2015Redesign;en-US;https://www.sunny.org/webcam/;7831;1;0
Washingtoncourthotel.com-0076-2016Redesign;en-US;https://www.google.com/;17858;1;0
