Broadmoor.com-0073-2016Redesign;en-US;https://www.google.com/;16768;1;0
Theharborsidehotel.com-0114-2017Redesign;en-US;https://www.google.com/;37571;1;0
Longboatkeyclub.com-0104-2017Redesign;en-US;https://www.google.com/;28316;1;0
Cphollywoodbeach.com-0032-2015Redesign;en-US;https://www.sunny.org/webcam/;7831;1;0
Cendyn.com-0095-2016Redesign;en-US;https://xn----7sbabm1ahc4b2aqff.su/%D0%BF%D0%B8%D0%BB%D0%BE%D0%BC%D0%B0%D1%82%D0%B5%D1%80%D0%B8%D0%B0%D0%BB%D1%8B/%D0%B2%D0%B0%D0%B3%D0%BE%D0%BD%D0%BA%D0%B0-%D1%88%D1%82%D0%B8%D0%BB%D1%8C/;26640;1;0
Theoxfordhotel.com-0062-2015Redesign;en-US;https://www.bing.com/;14325;1;0
Broadmoor.com-0073-2016Redesign;en-US;http://tpc.googlesyndication.com/safeframe/1-0-10/html/container.html;16728;1;0
Luxehotels.com-0078-2016Redesign;en-US;http://a.voyat.com/;18805;1;0
Sandpearl.com-0091-2016Redesign;en-US;android-app://com.google.android.googlequicksearchbox/;22481;1;0
Sandpearl.com-0091-2016Redesign;en-US;android-app://com.google.android.googlequicksearchbox/;22481;1;0
Cphollywoodbeach.com-0032-2015Redesign;en-US;https://www.sunny.org/webcam/;7831;1;0
Lidobeachresort.com-0106-2017Redesign;en-US;https://www.google.com/;29823;1;0
Broadmoor.com-0073-2016Redesign;en-US;http://login.nomadix.com:1111/web/portal.html;16724;1;0
saddlebrook.com-0011-2014Redesign;en-US;https://www.google.com/;3385;1;0
Broadmoor.com-0073-2016Redesign;en-US;http://login.nomadix.com:1111/web/portal.html;16724;1;0
Luxehotels.com-0078-2016Redesign;en-US;http://a.voyat.com/;18805;1;0
Broadmoor.com-0073-2016Redesign;en-US;http://login.nomadix.com:1111/web/portal.html;16724;1;0
Luxehotels.com-0078-2016Redesign;en-US;http://a.voyat.com/;18805;1;0
Broadmoor.com-0073-2016Redesign;en-US;http://login.nomadix.com:1111/web/portal.html;16724;1;0
Galthouse.com-0042-2015Redesign;en-US;https://www.google.com/;10593;1;0
Broadmoor.com-0073-2016Redesign;en-US;http://login.nomadix.com:1111/web/portal.html;16724;1;0
Glencovemansion.com-0058-2015Redesign;en-US;https://www.google.com/;13328;1;0
Broadmoor.com-0073-2016Redesign;en-US;http://login.nomadix.com:1111/web/portal.html;16724;1;0
Monarchbeachresort.com-0092-2016Redesign;en-US;https://www.google.com/;22992;1;0
theweststreethotel.com-0115-2017Redesign;en-US;http://www.acadiamagic.com/acadia-lodging/hotels_motels.html;36683;1;0
Washingtoncourthotel.com-0076-2016Redesign;en-US;https://www.google.com/;17858;1;0
Cphollywoodbeach.com-0032-2015Redesign;en-US;http://www.earthcam.com/network/;7831;1;0
Treasureislandbeachresort.com-0089-2016Redesign;en-US;https://www.google.com/;22169;1;0
Thecrawfordhotel.com-0074-2016Redesign;en-US;https://search.yahoo.com/;17145;1;0
Broadmoor.com-0073-2016Redesign;en-US;https://www.google.com/;16721;1;0
Broadmoor.com-0073-2016Redesign;en-US;http://login.nomadix.com:1111/web/portal.html;16724;1;0
Broadmoor.com-0073-2016Redesign;en-US;https://www.google.com/;16721;1;0
Monarchbeachresort.com-0092-2016Redesign;en-US;https://www.google.com/;22725;1;0
Broadmoor.com-0073-2016Redesign;en-US;http://login.nomadix.com:1111/web/portal.html;16724;1;0
Galthouse.com-0042-2015Redesign;en-US;http://www.google.com/;10594;1;0
Washingtondukeinn.com-0024-2014Redesign;en-US;https://www.google.com/;4741;1;0
Thecrawfordhotel.com-0074-2016Redesign;en-US;https://www.google.com/;17145;1;0
Thelodgeatwoodloch.com-0033-2015Redesign;en-US;https://www.poconomountains.com/listings/the-lodge-at-woodloch/1319/;7764;1;0
Springhillsuitesdenver.com-0060-2015Redesign;en-US;http://komp-pomosch.ru/;12307;1;0
Samosetresort.com-0113-2017Redesign;en-US;http://www.google.com/;32541;1;0
Springhillsuitesdenver.com-0060-2015Redesign;en-US;http://komp-pomosch.ru/;12307;1;0
Glencovemansion.com-0058-2015Redesign;en-US;https://www.google.com/;13344;1;0
Sandylane.com-0075-2016Redesign;en-US;https://www.google.com/;17611;1;0
Luxehotels.com-0078-2016Redesign;en-US;http://a.voyat.com/;18805;1;0
Luxehotels.com-0078-2016Redesign;en-US;https://www.google.com/;18833;1;0
