Thesagamore.com-0112-2017Redesign;en-US;https://www.bing.com/;32339;1;0
Sandpearl.com-0091-2016Redesign;en-US;https://www.google.com/;22481;1;0
Broadmoor.com-0073-2016Redesign;en-US;https://www.google.com/;16793;1;0
saddlebrook.com-0011-2014Redesign;en-US;https://duckduckgo.com/;3385;1;0
Sandpearl.com-0091-2016Redesign;en-US;https://www.google.com/;22481;1;0
Longboatkeyclub.com-0104-2017Redesign;en-US;https://www.google.com/;29844;1;0
Treasureislandbeachresort.com-0089-2016Redesign;en-US;https://www.google.com/;22169;1;0
Galthouse.com-0042-2015Redesign;en-US;https://www.google.com/;10568;1;0
Washingtoncourthotel.com-0076-2016Redesign;en-US;https://www.xing.com/xas;17858;1;0
Monarchbeachresort.com-0092-2016Redesign;en-US;https://www.google.com/;23001;1;0
Edgewaternaples.com-0094-2016Redesign;en-US;http://www.baidu.com/;25239;1;0
Edgewaternaples.com-0094-2016Redesign;en-US;http://www.baidu.com/;25239;1;0
Monarchbeachresort.com-0092-2016Redesign;en-US;https://www.yelp.com/;22725;1;0
Longboatkeyclub.com-0104-2017Redesign;en-US;https://www.google.com/;28317;1;0
saddlebrook.com-0011-2014Redesign;en-US;https://www.google.com/;4538;1;0
Broadmoor.com-0073-2016Redesign;en-US;https://www.google.com/;16731;1;0
Secretharbourvi.com-0040-2015Redesign;en-US;http://t.co/XLI5Fzl4fK;9231;1;0
Residenceinnnyc.com-0034-2015Redesign;en-US;https://www.google.com/;8087;1;0
Monarchbeachresort.com-0092-2016Redesign;en-US;https://www.google.de/;22725;1;0
Zotabeachresort.com-0090-2016Redesign;en-US;https://www.google.com/;22357;1;0
Zotabeachresort.com-0090-2016Redesign;en-US;https://www.google.com/;22357;1;0
Secretharbourvi.com-0040-2015Redesign;en-US;https://www.google.com/;9231;1;0
Cphollywoodbeach.com-0032-2015Redesign;en-US;https://www.google.com/;7831;1;0
Sandylane.com-0075-2016Redesign;en-US;https://www.google.com/;17611;1;0
Washingtoncourthotel.com-0076-2016Redesign;en-US;https://www.google.com/;17858;1;0
Monarchbeachresort.com-0092-2016Redesign;en-US;https://www.google.com/;22964;1;0
Broadmoor.com-0073-2016Redesign;en-US;http://tpc.googlesyndication.com/safeframe/1-0-10/html/container.html;16728;1;0
Monarchbeachresort.com-0092-2016Redesign;en-US;https://www.google.com/;22725;1;0
Broadmoor.com-0073-2016Redesign;en-US;https://www.google.com/;16731;1;0
Thelodgeatwoodloch.com-0033-2015Redesign;en-US;http://www.hotelrooms.com/cgi-bin/search/redirect.plx;7764;1;0
Marriottkeylargo.com-0015-2014Redesign;en-US;http://www.fla-keys.com/webcams/marriott-key-largo-bay/;3948;1;0
Marriottkeylargo.com-0015-2014Redesign;en-US;http://www.fla-keys.com/webcams/marriott-key-largo-bay/;3964;1;0
Hospitalityupgrade.com-0093-2016Redesign;en-US;https://www.google.cz/;37631;1;0
Thelodgeatwoodloch.com-0033-2015Redesign;en-US;http://r.search.yahoo.com/_ylt=A0LEV0PfvrFZnRQAmXdx.9w4##SEMICOLONDELIMITER##_ylu=X3oDMTByOHZyb21tBGNvbG8DYmYxBHBvcwMxBHZ0aWQDBHNlYwNzcg--/RV=2/RE=1504849759/RO=10/RU=http%3a//www.thelodgeatwoodloch.com/spa//RK=1/RS=Z8jQZCpySm6FcxTSXfpB9qveMPk-;8254;1;0
Broadmoor.com-0073-2016Redesign;en-US;https://www.google.com.pe/;16721;1;0
Cendyn.com-0095-2016Redesign;en-US;https://1kreditzaim.ru/vse-mfo/chestnoe-slovo;26640;1;0
Cendyn.com-0095-2016Redesign;en-US;https://fabrika-schastya.moscow/multgeroi;26640;1;0
Cendyn.com-0095-2016Redesign;en-US;https://imedservice.com/program/rak-pishhevoda/endoskopicheskoe-buzhirovaniya-s-nalozheniem-stenta/;26640;1;0
Thesagamore.com-0112-2017Redesign;en-US;https://www.google.com/;33466;1;0
Thesagamore.com-0112-2017Redesign;en-US;https://www.google.com/;33466;1;0
Secretharbourvi.com-0040-2015Redesign;en-US;https://www.google.com/;9231;1;0
Broadmoor.com-0073-2016Redesign;en-US;http://login.nomadix.com:1111/web/portal.html;16724;1;0
Thelodgeatwoodloch.com-0033-2015Redesign;en-US;http://www.hotelrooms.com/cgi-bin/search/redirect.plx;7764;1;0
Halcyonhotelcherrycreek.com-0061-2015Redesign;en-US;https://www.google.com/;22121;1;0
Treasureislandbeachresort.com-0089-2016Redesign;en-US;https://www.google.com/;22169;1;0
Montaukyachtclub.com-0010-2014Redesign;en-US;https://www.google.com/;3554;1;0
Samosetresort.com-0113-2017Redesign;en-US;https://www.google.com/;32541;1;0
Broadmoor.com-0073-2016Redesign;en-US;https://www.google.com/;21796;1;0
Theoxfordhotel.com-0062-2015Redesign;en-US;https://www.bing.com/;14325;1;0
Broadmoor.com-0073-2016Redesign;en-US;http://www.baidu.com/;18259;1;0
Broadmoor.com-0073-2016Redesign;en-US;https://www.google.com/;16765;1;0
Opalsands.com-0084-2016Redesign;en-US;https://www.google.com/;21542;1;0
Thecurtis.com-0079-2016Redesign;en-US;https://www.google.com/;17981;1;0
Monarchbeachresort.com-0092-2016Redesign;en-US;https://www.google.com.au/;22725;1;0
Halcyonhotelcherrycreek.com-0061-2015Redesign;en-US;https://www.google.com/;23287;1;0
