Lidobeachresort.com-0106-2017Redesign;en-US;http://m.facebook.com/;28714;1;0
theweststreethotel.com-0115-2017Redesign;en-US;https://search.yahoo.com/;36683;1;0
Samosetresort.com-0113-2017Redesign;en-US;https://www.google.com/;32541;1;0
Samosetresort.com-0113-2017Redesign;en-US;https://www.google.com/;32541;1;0
Thecurtis.com-0079-2016Redesign;en-US;https://www.denver.org/listing/the-curtis-a-doubletree-by-hilton/3891/;17981;1;0
Broadmoor.com-0073-2016Redesign;en-US;https://www.google.ca/;16721;1;0
Thecrawfordhotel.com-0074-2016Redesign;en-US;https://www.google.com/;17667;1;0
Broadmoor.com-0073-2016Redesign;en-US;https://www.google.com/;18013;1;0
Samosetresort.com-0113-2017Redesign;en-US;https://www.google.com.ph/;32541;1;0
Samosetresort.com-0113-2017Redesign;en-US;https://www.google.com.ph/;32541;1;0
Halcyonhotelcherrycreek.com-0061-2015Redesign;en-US;https://uncrate.com/;22121;1;0
Monarchbeachresort.com-0092-2016Redesign;en-US;https://www.google.com/;22725;1;0
Cocokeyorlando.com-0059-2015Redesign;en-US;https://www.google.com/;12394;1;0
Sandpearl.com-0091-2016Redesign;en-US;http://m.facebook.com/;30638;1;0
Laxembassy.com-0008-2014Redesign;en-US;https://www.google.com/;2037;1;0
Cphollywoodbeach.com-0032-2015Redesign;en-US;https://www.google.ca/;7805;1;0
Galthouse.com-0042-2015Redesign;en-US;https://www.google.com/;31905;1;0
Galthouse.com-0042-2015Redesign;en-US;https://www.google.com/;31905;1;0
Montaukyachtclub.com-0010-2014Redesign;en-US;http://www.domain2008.com/domains/www.montaukyachtclub.com;2240;1;0
Broadmoor.com-0073-2016Redesign;en-US;https://www.google.com/;18188;1;0
Edgewaternaples.com-0094-2016Redesign;en-US;https://www.bing.com/;25239;1;0
Cendyn.com-0095-2016Redesign;en-US;http://dobranich.com/catalog/10/;26640;1;0
Monarchbeachresort.com-0092-2016Redesign;en-US;https://www.google.com/;22725;1;0
Theharborsidehotel.com-0114-2017Redesign;en-US;https://www.google.com/;37571;1;0
Theharborsidehotel.com-0114-2017Redesign;en-US;https://www.google.com/;37571;1;0
theweststreethotel.com-0115-2017Redesign;en-US;http://fpmaine.com/news/2013/12/17/frenchs-point-maine-wedding-your-weekend-itinerary/;36683;1;0
Kittitianhill.com-0012-2014Redesign;en-US;http://www.google.ca/;2302;1;0
Broadmoor.com-0073-2016Redesign;en-US;https://www.bing.com/;16721;1;0
Longboatkeyclub.com-0104-2017Redesign;en-US;https://www.facebook.com/;28316;1;0
wentworthcom00212014redesign;en-US;https://www.google.com/;26679;1;0
Broadmoor.com-0073-2016Redesign;en-US;https://www.bing.com/;16721;1;0
Longboatkeyclub.com-0104-2017Redesign;en-US;http://m.facebook.com/;28354;1;0
Sandpearl.com-0091-2016Redesign;en-US;http://captive.apple.com/hotspot-detect.html;22481;1;0
Sandpearl.com-0091-2016Redesign;en-US;http://captive.apple.com/hotspot-detect.html;22481;1;0
Broadmoor.com-0073-2016Redesign;en-US;https://www.google.com/;16799;1;0
Halcyonhotelcherrycreek.com-0061-2015Redesign;en-US;https://uncrate.com/article/halcyon-hotel/;22121;1;0
Broadmoor.com-0073-2016Redesign;en-US;https://googleads.g.doubleclick.net/mads/static/mad/sdk/native/native_ads.html;16728;1;0
Kittitianhill.com-0012-2014Redesign;en-US;http://www.google.ca/;2302;1;0
