Glencovemansion.com-0058-2015Redesign;en-US;https://www.google.com/;13328;1;0
Washingtondukeinn.com-0024-2014Redesign;en-US;https://www.google.com/;5165;1;0
Washingtondukeinn.com-0024-2014Redesign;en-US;https://www.google.com/;5165;1;0
Laxembassy.com-0008-2014Redesign;en-US;https://www.google.com/;2090;1;0
Washingtondukeinn.com-0024-2014Redesign;en-US;https://www.google.com/;4524;1;0
Sandpearl.com-0091-2016Redesign;en-US;http://m.facebook.com/;30638;1;0
Jbdukehotel.com-0086-2016Redesign;en-US;https://www.google.com/;21918;1;0
Thesagamore.com-0112-2017Redesign;en-US;https://www.google.com/;32339;1;0
Thesagamore.com-0112-2017Redesign;en-US;https://www.google.com/;32339;1;0
Thecrawfordhotel.com-0074-2016Redesign;en-US;https://www.google.com/;17145;1;0
Broadmoor.com-0073-2016Redesign;en-US;http://tpc.googlesyndication.com/safeframe/1-0-10/html/container.html;16728;1;0
Cocokeyorlando.com-0059-2015Redesign;en-US;http://www.google.com/;12394;1;0
Cocokeyorlando.com-0059-2015Redesign;en-US;http://www.google.com/;12394;1;0
Thecrawfordhotel.com-0074-2016Redesign;en-US;https://www.google.com/;17145;1;0
Cocokeyorlando.com-0059-2015Redesign;en-US;https://www.google.ca/;12415;1;0
Broadmoor.com-0073-2016Redesign;en-US;https://www.google.com/;17699;1;0
Broadmoor.com-0073-2016Redesign;en-US;https://www.google.com/;16791;1;0
Miravalspamonarchbeach.com-0109-2017Redesign;en-US;http://www.miravalresorts.com/plan-your-stay/activities/equine/;31709;1;0
Broadmoor.com-0073-2016Redesign;en-US;http://login.nomadix.com:1111/web/portal.html;16724;1;0
Luxehotels.com-0078-2016Redesign;en-US;https://www.google.com/;18833;1;0
Secretharbourvi.com-0040-2015Redesign;en-US;https://www.google.com/;9231;1;0
Theloganhotel.com-0043-2015Redesign;en-US;https://www.google.com/;20218;1;0
Napavalleymarriott.com-0071-2016Redesign;en-US;https://www.google.com/;16432;1;0
Cendyn.com-0095-2016Redesign;en-US;http://proposalaccess.com/CreateProposal.aspx;26640;1;0
Samosetresort.com-0113-2017Redesign;en-US;http://www.allin1weddings.com/locations.htm;32541;1;0
Courtyardportlandcitycenter.com-0063-2015Redesign;en-US;https://www.google.com/;14545;1;0
Samosetresort.com-0113-2017Redesign;en-US;http://www.allin1weddings.com/locations.htm;32541;1;0
Broadmoor.com-0073-2016Redesign;en-US;http://login.nomadix.com:1111/web/portal.html;16724;1;0
Broadmoor.com-0073-2016Redesign;en-US;http://login.nomadix.com:1111/web/portal.html;16724;1;0
Thesagamore.com-0112-2017Redesign;en-US;https://www.google.com/;32339;1;0
Montaukyachtclub.com-0010-2014Redesign;en-US;http://r.search.yahoo.com/_ylt=A0LEV1J0165ZAbYAe2Jx.9w4##SEMICOLONDELIMITER##_ylu=X3oDMTE0bnRrcG50BGNvbG8DYmYxBHBvcwMzBHZ0aWQDVUkyRkJUM18xBHNlYwNzcg--/RV=2/RE=1504659444/RO=10/RU=http%3a//www.montaukyachtclub.com/what-s-happening//RK=1/RS=rNPG72n1d9KqHmzwMxMgz8dtVXU-;2386;1;0
Cocokeyorlando.com-0059-2015Redesign;en-US;https://www.google.ca/;12415;1;0
Broadmoor.com-0073-2016Redesign;en-US;https://www.google.com/;21231;1;0
Longboatkeyclub.com-0104-2017Redesign;en-US;http://m.facebook.com/;28316;1;0
Broadmoor.com-0073-2016Redesign;en-US;http://coloradoparent.com/article/5-family-friendly-colorado-resorts-and-hotels.html;16721;1;0
Broadmoor.com-0073-2016Redesign;en-US;http://coloradoparent.com/article/5-family-friendly-colorado-resorts-and-hotels.html;16721;1;0
Residenceinnnyc.com-0034-2015Redesign;en-US;https://www.google.com/;7926;1;0
Washingtondukeinn.com-0024-2014Redesign;en-US;https://www.google.com/;4759;1;0
saddlebrook.com-0011-2014Redesign;en-US;https://www.google.com/;4538;1;0
