Halcyonhotelcherrycreek.com-0061-2015Redesign;en-US;https://www.google.nl/;22121;1;0
Thesagamore.com-0112-2017Redesign;en-US;https://www.google.ca/;32339;1;0
Washingtondukeinn.com-0024-2014Redesign;en-US;https://www.google.com/;4737;1;0
Broadmoor.com-0073-2016Redesign;en-US;http://login.nomadix.com:1111/web/portal.html;16724;1;0
Broadmoor.com-0073-2016Redesign;en-US;http://login.nomadix.com:1111/web/portal.html;16724;1;0
Monarchbeachresort.com-0092-2016Redesign;en-US;https://www.google.com/;22725;1;0
Halcyonhotelcherrycreek.com-0061-2015Redesign;en-US;https://www.google.com/;22121;1;0
Cocokeyorlando.com-0059-2015Redesign;en-US;https://www.google.com.ar/;12394;1;0
Broadmoor.com-0073-2016Redesign;en-US;https://www.google.com/;16721;1;0
Broadmoor.com-0073-2016Redesign;en-US;https://www.google.ca/;16770;1;0
Broadmoor.com-0073-2016Redesign;en-US;http://www.worldation.com/opinions/70-epic-perfectly-timed-photos/27/;16728;1;0
Broadmoor.com-0073-2016Redesign;en-US;http://www.worldation.com/opinions/70-epic-perfectly-timed-photos/27/;16728;1;0
Thelodgeatwoodloch.com-0033-2015Redesign;en-US;https://www.google.com/;8390;1;0
Lehotels.com-0049-2015Transfer;en-US;https://www.google.fr/;12152;1;0
Treasureislandbeachresort.com-0089-2016Redesign;en-US;https://s0.2mdn.net/ads/richmedia/studio/pv2/60220772/20170601080644339/index.html;22169;1;0
Opalsands.com-0084-2016Redesign;en-US;http://www.baidu.com/;20171;1;0
Opalsands.com-0084-2016Redesign;en-US;http://www.baidu.com/;20171;1;0
Samosetresort.com-0113-2017Redesign;en-US;https://www.google.com/;35144;1;0
Renaissancepittsburghpa.com-0044-2015Redesign;en-US;https://www.bing.com/;10040;1;0
Marriottkeylargo.com-0015-2014Redesign;en-US;https://www.google.com/;3948;1;0
Lakeplacidlodge.com-0105-2017Redesign;en-US;https://opalunpacked.com/;28545;1;0
Renaissancepittsburghpa.com-0044-2015Redesign;en-US;https://www.google.com/;9637;1;0
Opalsands.com-0084-2016Redesign;en-US;https://www.google.com/;20171;1;0
Hospitalityupgrade.com-0093-2016Redesign;en-US;https://www.google.lt/;22790;1;0
Broadmoor.com-0073-2016Redesign;en-US;https://www.google.com/;18010;1;0
Zotabeachresort.com-0090-2016Redesign;en-US;http://tpc.googlesyndication.com/safeframe/1-0-10/html/container.html;22357;1;0
Zotabeachresort.com-0090-2016Redesign;en-US;http://tpc.googlesyndication.com/safeframe/1-0-10/html/container.html;22357;1;0
Thesagamore.com-0112-2017Redesign;en-US;https://www.google.com/;33460;1;0
Broadmoor.com-0073-2016Redesign;en-US;http://login.nomadix.com:1111/web/portal.html;16724;1;0
Broadmoor.com-0073-2016Redesign;en-US;https://www.google.com/;16721;1;0
Galthouse.com-0042-2015Redesign;en-US;https://www.google.com/;10579;1;0
Thesagamore.com-0112-2017Redesign;en-US;https://opalunpacked.com/;32339;1;0
Broadmoor.com-0073-2016Redesign;en-US;https://www.google.com/;16762;1;0
Broadmoor.com-0073-2016Redesign;en-US;https://www.bing.com/;16721;1;0
Cocokeyorlando.com-0059-2015Redesign;en-US;http://www.visitorlando.com/things-to-do/attractions/CoCo-Key-Hotel-and-Water-Resort-Orlando/31858/;12394;1;0
Cocokeyorlando.com-0059-2015Redesign;en-US;http://www.visitorlando.com/things-to-do/attractions/CoCo-Key-Hotel-and-Water-Resort-Orlando/31858/;12394;1;0
saddlebrook.com-0011-2014Redesign;en-US;https://www.google.com/;3463;1;0
Cphollywoodbeach.com-0032-2015Redesign;en-US;https://www.google.co.uk/;7831;1;0
