Halcyonhotelcherrycreek.com-0061-2015Redesign;en-US;https://www.google.com/;22121;1;0
Broadmoor.com-0073-2016Redesign;en-US;http://login.nomadix.com:1111/web/portal.html;16724;1;0
Broadmoor.com-0073-2016Redesign;en-US;https://www.google.com/;18259;1;0
Hi-nyc.com-0108-2017Redesogm;en-US;https://search.yahoo.com/yhs/search;30080;1;0
Broadmoor.com-0073-2016Redesign;en-US;https://www.google.com/;21231;1;0
Jbdukehotel.com-0086-2016Redesign;en-US;https://www.google.com/;21949;1;0
Broadmoor.com-0073-2016Redesign;en-US;https://www.google.com/;21231;1;0
Broadmoor.com-0073-2016Redesign;en-US;https://www.google.com/;16721;1;0
Broadmoor.com-0073-2016Redesign;en-US;https://www.google.com/;16721;1;0
Luxehotels.com-0078-2016Redesign;en-US;https://www.google.com/;18833;1;0
Galthouse.com-0042-2015Redesign;en-US;http://m.facebook.com/;31905;1;0
Galthouse.com-0042-2015Redesign;en-US;http://m.facebook.com/;31905;1;0
Luxehotels.com-0078-2016Redesign;en-US;http://www.google.com/;18833;1;0
Cphollywoodbeach.com-0032-2015Redesign;en-US;https://www.sunny.org/webcam/;7831;1;0
Theloganhotel.com-0043-2015Redesign;en-US;https://www.google.com/;9154;1;0
Oxfordclubspa.com-0068-2016Redesign;en-US;http://www.thecrawfordhotel.com/denver-special-offers-deals/;15568;1;0
Cphollywoodbeach.com-0032-2015Redesign;en-US;https://www.sunny.org/webcam/;7831;1;0
Sandpearl.com-0091-2016Redesign;en-US;https://www.google.com/;22488;1;0
Cphollywoodbeach.com-0032-2015Redesign;en-US;https://www.sunny.org/webcam/;7831;1;0
Jbdukehotel.com-0086-2016Redesign;en-US;https://www.google.com/;22016;1;0
Broadmoor.com-0073-2016Redesign;en-US;http://search.pch.com/search;16721;1;0
Monarchbeachresort.com-0092-2016Redesign;en-US;https://www.google.com/;22847;1;0
Samosetresort.com-0113-2017Redesign;en-US;https://www.google.com/;35227;1;0
wentworthcom00212014redesign;en-US;https://www.google.com/;4274;1;0
Edgewaternaples.com-0094-2016Redesign;en-US;https://s0.2mdn.net/ads/richmedia/studio/pv2/60192272/20170510101117485/index.html;25239;1;0
Sandpearl.com-0091-2016Redesign;en-US;https://www.google.com/;22530;1;0
Broadmoor.com-0073-2016Redesign;en-US;https://www.google.com/;16761;1;0
Sandpearl.com-0091-2016Redesign;en-US;https://www.google.com/;22481;1;0
Miravalspamonarchbeach.com-0109-2017Redesign;en-US;http://www.monarchbeachresort.com/dana-point-dining/sombra/;32984;1;0
Broadmoor.com-0073-2016Redesign;en-US;https://www.google.com/;16721;1;0
Sandpearl.com-0091-2016Redesign;en-US;https://www.google.com/;22481;1;0
Sandpearl.com-0091-2016Redesign;en-US;https://www.google.com/;22481;1;0
Broadmoor.com-0073-2016Redesign;en-US;http://www.worldation.com/opinions/70-epic-perfectly-timed-photos/22/;16728;1;0
Broadmoor.com-0073-2016Redesign;en-US;http://www.worldation.com/opinions/70-epic-perfectly-timed-photos/22/;16728;1;0
Jbdukehotel.com-0086-2016Redesign;en-US;https://www.google.com/;21928;1;0
Thesagamore.com-0112-2017Redesign;en-US;https://www.google.com/;32339;1;0
Thesagamore.com-0112-2017Redesign;en-US;https://www.google.com/;32339;1;0
Luxehotels.com-0078-2016Redesign;en-US;http://www.google.com/;18833;1;0
Broadmoor.com-0073-2016Redesign;en-US;http://tpc.googlesyndication.com/safeframe/1-0-10/html/container.html;16728;1;0
Broadmoor.com-0073-2016Redesign;en-US;https://tpc.googlesyndication.com/safeframe/1-0-10/html/container.html;16728;1;0
Longboatkeyclub.com-0104-2017Redesign;en-US;https://worldcam.eu/webcams/north-america/florida-usa/15728;28317;1;0
