wentworthcom00212014redesign;en-US;http://www.nhmagazine.com/Thanksgiving-Dinners-You-Dont-Have-to-Cook/;4311;1;0
Broadmoor.com-0073-2016Redesign;en-US;https://www.google.com/;17448;1;0
Secretharbourvi.com-0040-2015Redesign;en-US;https://www.google.com/;9231;1;0
Broadmoor.com-0073-2016Redesign;en-US;http://login.nomadix.com:1111/web/portal.html;16724;1;0
Broadmoor.com-0073-2016Redesign;en-US;http://login.nomadix.com:1111/web/portal.html;16724;1;0
Broadmoor.com-0073-2016Redesign;en-US;http://m.facebook.com/;18419;1;0
saddlebrook.com-0011-2014Redesign;en-US;https://www.google.com/;4538;1;0
Broadmoor.com-0073-2016Redesign;en-US;http://www.mnetads.com/trf;16721;1;0
Broadmoor.com-0073-2016Redesign;en-US;http://www.mnetads.com/trf;16721;1;0
Broadmoor.com-0073-2016Redesign;en-US;http://www.mnetads.com/trf;16721;1;0
Galthouse.com-0042-2015Redesign;en-US;https://search.yahoo.com/;31905;1;0
Thelodgeatwoodloch.com-0033-2015Redesign;en-US;https://www.google.com/;8266;1;0
Theoxfordhotel.com-0062-2015Redesign;en-US;http://den-80202-5400.localdomain:444/captiveportal_process_payment.php;14325;1;0
Cphollywoodbeach.com-0032-2015Redesign;en-US;https://www.google.com/;7805;1;0
Sandpearl.com-0091-2016Redesign;en-US;http://pc-services.ru/;23082;1;0
Denvercy.com-0036-2015Redesign;en-US;http://www.google.com/;8150;1;0
Broadmoor.com-0073-2016Redesign;en-US;http://tpc.googlesyndication.com/safeframe/1-0-10/html/container.html;16728;1;0
Edgewaternaples.com-0094-2016Redesign;en-US;http://m.facebook.com/;25239;1;0
Treasureislandbeachresort.com-0089-2016Redesign;en-US;https://www.google.com/;22169;1;0
Galthouse.com-0042-2015Redesign;en-US;http://www.urbanbourbonhalf.com/hotels/;31905;1;0
Sandylane.com-0075-2016Redesign;en-US;https://www.google.com/;17731;1;0
Galthouse.com-0042-2015Redesign;en-US;https://www.google.com/;25671;1;0
Zotabeachresort.com-0090-2016Redesign;en-US;https://www.google.com/;23062;1;0
Zotabeachresort.com-0090-2016Redesign;en-US;https://www.google.com/;23062;1;0
Napavalleymarriott.com-0071-2016Redesign;en-US;https://www.google.com/;16432;1;0
Broadmoor.com-0073-2016Redesign;en-US;http://tpc.googlesyndication.com/safeframe/1-0-10/html/container.html;16728;1;0
Broadmoor.com-0073-2016Redesign;en-US;http://www.pikes-peak.com/where-to-eat/;21231;1;0
Thelodgeatwoodloch.com-0033-2015Redesign;en-US;https://www.google.com/;7764;1;0
Thelodgeatwoodloch.com-0033-2015Redesign;en-US;https://www.resortsandlodges.com/lodging/usa/pennsylvania/pocono/the-lodge-at-woodloch.html;7764;1;0
Washingtoncourthotel.com-0076-2016Redesign;en-US;https://www.google.com/;17858;1;0
Longboatkeyclub.com-0104-2017Redesign;en-US;http://www.the-webcam-network.com/webcam/USA/Longboat-Key-Florida/28813.html;28316;1;0
Longboatkeyclub.com-0104-2017Redesign;en-US;http://www.the-webcam-network.com/webcam/USA/Longboat-Key-Florida/28813.html;28316;1;0
Casaybelresort.com-0002-2014Redesign;en-US;http://surfinggator.com/fort-myers/cams/cams.html;1613;1;0
Lidobeachresort.com-0106-2017Redesign;en-US;https://www.google.com/;28666;1;0
Lidobeachresort.com-0106-2017Redesign;en-US;https://www.google.com/;28666;1;0
Monarchbeachresort.com-0092-2016Redesign;en-US;https://www.google.com/;22725;1;0
Broadmoor.com-0073-2016Redesign;en-US;https://www.google.com/;17448;1;0
Lidobeachresort.com-0106-2017Redesign;en-US;https://www.google.com/;28666;1;0
saddlebrook.com-0011-2014Redesign;en-US;https://www.google.com/;3385;1;0
Thelodgeatwoodloch.com-0033-2015Redesign;en-US;https://www.google.com/;7764;1;0
Broadmoor.com-0073-2016Redesign;en-US;https://www.google.com/;16728;1;0
Casaybelresort.com-0002-2014Redesign;en-US;android-app://com.google.android.googlequicksearchbox/https/www.google.com;1533;1;0
Thecurtis.com-0079-2016Redesign;en-US;http://www.google.com/;17981;1;0
Monarchbeachresort.com-0092-2016Redesign;en-US;https://www.google.com/;22725;1;0
