Marriottkeylargo.com-0015-2014Redesign;en-US;http://www.fla-keys.com/webcams/marriott-key-largo-bay/;3964;1;0
Cphollywoodbeach.com-0032-2015Redesign;en-US;https://www.sunny.org/webcam/;7831;1;0
Jupiterbeachresort.com-0103-2017Redesign;en-US;http://www.123webcam.com/travel-10517-Usa-Florida-Jupiter-Beach.html;28158;1;0
Cphollywoodbeach.com-0032-2015Redesign;en-US;https://www.sunny.org/webcam/;7831;1;0
Samosetresort.com-0113-2017Redesign;en-US;https://www.google.com/;32541;1;0
saddlebrook.com-0011-2014Redesign;en-US;http://www.google.com/;4538;1;0
Galthouse.com-0042-2015Redesign;en-US;http://pro-promat.ru/o-kompanii;31905;1;0
Broadmoor.com-0073-2016Redesign;en-US;https://www.google.com/;16721;1;0
Sandpearl.com-0091-2016Redesign;en-US;https://www.google.com/;22481;1;0
Thecrawfordhotel.com-0074-2016Redesign;en-US;http://www.google.ca/;17145;1;0
Sandpearl.com-0091-2016Redesign;en-US;https://www.google.com/;22481;1;0
Thesagamore.com-0112-2017Redesign;en-US;http://www.google.com/;32339;1;0
Broadmoor.com-0073-2016Redesign;en-US;https://tpc.googlesyndication.com/safeframe/1-0-10/html/container.html;16728;1;0
Monarchbeachresort.com-0092-2016Redesign;en-US;https://www.google.com/;22725;1;0
Thelodgeatwoodloch.com-0033-2015Redesign;en-US;http://sharepoint.thelodgeatwoodloch.com/_layouts/15/start.aspx;9847;1;0
Homewoodsuiteslax.com-0110-2017Redesign;en-US;https://www.google.com/;30747;1;0
Cphollywoodbeach.com-0032-2015Redesign;en-US;http://www.beachcamsusa.com/fl/hollywood/crowne-plaza-webcam-from-hollywood-fl;7831;1;0
Cphollywoodbeach.com-0032-2015Redesign;en-US;https://www.sunny.org/webcam/;7831;1;0
Thesagamore.com-0112-2017Redesign;en-US;https://www.google.com/;32339;1;0
Abbingtonbanquets.com-0070-2016Redesign;en-US;http://r.search.yahoo.com/_ylt=A0LEVyM5JLRZzPsA7G9x.9w4##SEMICOLONDELIMITER##_ylu=X3oDMTByOHZyb21tBGNvbG8DYmYxBHBvcwMxBHZ0aWQDBHNlYwNzcg--/RV=2/RE=1505006777/RO=10/RU=http%3a//www.abbingtonbanquets.com/photo-gallery//RK=1/RS=8_SyhMHPKHzXoXsFqfuzFD4Tk5o-;15811;1;0
Luxehotels.com-0078-2016Redesign;en-US;https://www.google.com/;18830;1;0
Jupiterbeachresort.com-0103-2017Redesign;en-US;http://couponlawn.com/special/160-discounts-for-teachers/;28158;1;0
Jupiterbeachresort.com-0103-2017Redesign;en-US;http://couponlawn.com/special/160-discounts-for-teachers/;28158;1;0
Broadmoor.com-0073-2016Redesign;en-US;https://www.google.com/;16797;1;0
Broadmoor.com-0073-2016Redesign;en-US;https://www.google.com/;16728;1;0
Broadmoor.com-0073-2016Redesign;en-US;http://login.nomadix.com:1111/web/portal.html;16724;1;0
Broadmoor.com-0073-2016Redesign;en-US;http://login.nomadix.com:1111/web/portal.html;16724;1;0
Opalsands.com-0084-2016Redesign;en-US;http://www.beachtourism.com/opalsandsresort/;20171;1;0
saddlebrook.com-0011-2014Redesign;en-US;https://search.yahoo.com/yhs/search;4538;1;0
Washingtondukeinn.com-0024-2014Redesign;en-US;https://www.google.com/;4740;1;0
Lidobeachresort.com-0106-2017Redesign;en-US;http://m.facebook.com/;28667;1;0
Lidobeachresort.com-0106-2017Redesign;en-US;http://m.facebook.com/;28667;1;0
saddlebrook.com-0011-2014Redesign;en-US;https://www.google.com/;3385;1;0
Marriottkeylargo.com-0015-2014Redesign;en-US;https://www.google.com/;3964;1;0
Cphollywoodbeach.com-0032-2015Redesign;en-US;https://www.sunny.org/webcam/;7831;1;0
Marriottkeylargo.com-0015-2014Redesign;en-US;https://www.google.com/;3948;1;0
Broadmoor.com-0073-2016Redesign;en-US;https://www.google.com/;18259;1;0
Cphollywoodbeach.com-0032-2015Redesign;en-US;https://www.sunny.org/webcam/;7831;1;0
Marriottkeylargo.com-0015-2014Redesign;en-US;http://www.fla-keys.com/webcams/marriott-key-largo-bay/;3948;1;0
Marriottkeylargo.com-0015-2014Redesign;en-US;https://www.google.com/;3948;1;0
Cphollywoodbeach.com-0032-2015Redesign;en-US;https://www.sunny.org/webcam/;7831;1;0
Sandpearl.com-0091-2016Redesign;en-US;http://couponlawn.com/special/160-discounts-for-teachers/;22481;1;0
