Thesagamore.com-0112-2017Redesign;en-US;http://www.cnn.com/travel/article/adirondacks-historic-lodges/index.html;32339;1;0
Broadmoor.com-0073-2016Redesign;en-US;https://www.google.com/;16721;1;0
Thecurtis.com-0079-2016Redesign;en-US;https://www.google.com/;17981;1;0
Broadmoor.com-0073-2016Redesign;en-US;https://www.google.com/;16766;1;0
Monarchbeachresort.com-0092-2016Redesign;en-US;https://www.google.com/;22725;1;0
Theharborsidehotel.com-0114-2017Redesign;en-US;https://www.google.com/;37571;1;0
Edgewaternaples.com-0094-2016Redesign;en-US;https://www.google.cm/;25239;1;0
Broadmoor.com-0073-2016Redesign;en-US;https://www.google.com/;16721;1;0
Delraysandsresort.com-0097-2016Redesign;en-US;http://www.google.com/;27232;1;0
Delraysandsresort.com-0097-2016Redesign;en-US;http://www.ophotels.com/locator/;27232;1;0
Marriottkeylargo.com-0015-2014Redesign;en-US;http://www.ophotels.com/locator/;3948;1;0
wentworthcom00212014redesign;en-US;http://www.ophotels.com/locator/;26679;1;0
Marriottdelraybeach.com-0009-2014Redesign;en-US;http://www.ophotels.com/locator/;2829;1;0
Jupiterbeachresort.com-0103-2017Redesign;en-US;http://www.ophotels.com/locator/;28158;1;0
Longboatkeyclub.com-0104-2017Redesign;en-US;http://www.ophotels.com/locator/;35641;1;0
Lakeplacidlodge.com-0105-2017Redesign;en-US;http://www.ophotels.com/locator/;28545;1;0
Lidobeachresort.com-0106-2017Redesign;en-US;http://www.ophotels.com/locator/;28666;1;0
Thesagamore.com-0112-2017Redesign;en-US;http://www.ophotels.com/locator/;32339;1;0
Samosetresort.com-0113-2017Redesign;en-US;http://www.ophotels.com/locator/;32541;1;0
Delraysandsresort.com-0097-2016Redesign;en-US;http://www.google.com/;27232;1;0
theweststreethotel.com-0115-2017Redesign;en-US;http://www.ophotels.com/locator/;36683;1;0
Theharborsidehotel.com-0114-2017Redesign;en-US;http://www.ophotels.com/locator/;37571;1;0
Samosetresort.com-0113-2017Redesign;en-US;http://www.ophotels.com/locator/;32541;1;0
wentworthcom00212014redesign;en-US;https://www.google.com/;4306;1;0
Glencovemansion.com-0058-2015Redesign;en-US;https://www.google.com/;13328;1;0
Kittitianhill.com-0012-2014Redesign;en-US;https://www.google.com/;2236;1;0
Springhillsuitesdenver.com-0060-2015Redesign;en-US;https://search.yahoo.com/search##SEMICOLONDELIMITER##_ylt=AwrSbnGHcblZHLsAjhxXNyoA##SEMICOLONDELIMITER##_ylc=X1MDMjc2NjY3OQRfcgMyBGZyA21jYWZlZQRncHJpZANjdFA5aUV5X1FueUExLkJhU1k1MTdBBG5fcnNsdAMwBG5fc3VnZwMxMARvcmlnaW4Dc2VhcmNoLnlhaG9vLmNvbQRwb3MDMwRwcXN0cgNzcHJpbmdoaWxsc3VpdGVzIGRlbgRwcXN0cmwDMjAEcXN0cmwDMzYEcXVlcnkDc3ByaW5naGlsbHN1aXRlcyUyMGRlbnZlciUyMGRvd250b3duBHRfc3RtcAMxNTA1MzI2NzU5BHVzZV9jYXNlAw--;12307;1;0
Lakeplacidlodge.com-0105-2017Redesign;en-US;http://www.cnn.com/travel/article/adirondacks-historic-lodges/index.html;28545;1;0
Broadmoor.com-0073-2016Redesign;en-US;https://www.google.com/;17026;1;0
Galthouse.com-0042-2015Redesign;en-US;https://www.google.com/;25671;1;0
Thecurtis.com-0079-2016Redesign;en-US;https://www.google.com/;17981;1;0
Lakeplacidlodge.com-0105-2017Redesign;en-US;http://www.cnn.com/travel/article/adirondacks-historic-lodges/index.html;28545;1;0
Hospitalityupgrade.com-0093-2016Redesign;en-US;https://www.google.com/;26754;1;0
Broadmoor.com-0073-2016Redesign;en-US;https://www.google.com/;18259;1;0
Broadmoor.com-0073-2016Redesign;en-US;https://www.google.com/;16768;1;0
Broadmoor.com-0073-2016Redesign;en-US;https://www.google.com/;16721;1;0
Cphollywoodbeach.com-0032-2015Redesign;en-US;https://www.sunny.org/webcam/;7831;1;0
Cphollywoodbeach.com-0032-2015Redesign;en-US;https://www.sunny.org/webcam/;7831;1;0
Samosetresort.com-0113-2017Redesign;en-US;https://www.google.com/;35227;1;0
Montaukyachtclub.com-0010-2014Redesign;en-US;http://m.facebook.com/;2240;1;0
Lakeplacidlodge.com-0105-2017Redesign;en-US;http://www.cnn.com/travel/article/adirondacks-historic-lodges/index.html;28545;1;0
Lakeplacidlodge.com-0105-2017Redesign;en-US;http://www.cnn.com/travel/article/adirondacks-historic-lodges/index.html;28545;1;0
Cocokeyorlando.com-0059-2015Redesign;en-US;https://www.google.com/;12394;1;0
Sandylane.com-0075-2016Redesign;en-US;https://www.google.com/;17611;1;0
Broadmoor.com-0073-2016Redesign;en-US;http://webhelper.centurylink.com/index.php;16731;1;0
Cocokeyorlando.com-0059-2015Redesign;en-US;https://www.google.com/;12394;1;0
Delraysandsresort.com-0097-2016Redesign;en-US;http://m.facebook.com/;27232;1;0
Delraysandsresort.com-0097-2016Redesign;en-US;http://m.facebook.com/;27232;1;0
Residenceinnlax.com-0026-2014Redesign;en-US;http://smsactivator.ru/;5271;1;0
Galthouse.com-0042-2015Redesign;en-US;https://www.google.com/;31905;1;0
Residenceinnlax.com-0026-2014Redesign;en-US;http://smsactivator.ru/;5271;1;0
Galthouse.com-0042-2015Redesign;en-US;https://www.google.com/;31905;1;0
Cphollywoodbeach.com-0032-2015Redesign;en-US;https://www.google.ca/;7805;1;0
Residenceinnlax.com-0026-2014Redesign;en-US;http://smsactivator.ru/;5271;1;0
Cphollywoodbeach.com-0032-2015Redesign;en-US;https://www.google.com/;7805;1;0
Marriottkeylargo.com-0015-2014Redesign;en-US;http://www.beachcamsusa.com/fl/key-largo/key-largo-marriott-bay-resort-live-webcam;3948;1;0
Lakeplacidlodge.com-0105-2017Redesign;en-US;https://www.google.com/;28553;1;0
Sandpearl.com-0091-2016Redesign;en-US;http://www.xvideos.com/video29992529/marcos_goiano_mamando_e_dando_para_roludo_22cm;22481;1;0
Sandpearl.com-0091-2016Redesign;en-US;http://www.xvideos.com/video29992529/marcos_goiano_mamando_e_dando_para_roludo_22cm;22481;1;0
Broadmoor.com-0073-2016Redesign;en-US;http://login.nomadix.com:1111/web/portal.html;16724;1;0
Broadmoor.com-0073-2016Redesign;en-US;http://login.nomadix.com:1111/web/portal.html;16724;1;0
Lidobeachresort.com-0106-2017Redesign;en-US;https://www.google.com/;28666;1;0
wentworthcom00212014redesign;en-US;https://www.google.com/;26679;1;0
Thecurtis.com-0079-2016Redesign;en-US;https://woweb.com.ua/;17981;1;0
Sandpearl.com-0091-2016Redesign;en-US;https://www.bing.com/;22481;1;0
Thecurtis.com-0079-2016Redesign;en-US;https://woweb.com.ua/;17981;1;0
Thesagamore.com-0112-2017Redesign;en-US;https://www.google.com/;33452;1;0
Lidobeachresort.com-0106-2017Redesign;en-US;https://www.google.com/;28666;1;0
Thecurtis.com-0079-2016Redesign;en-US;https://woweb.com.ua/;17981;1;0
Thesagamore.com-0112-2017Redesign;en-US;https://www.google.com/;32339;1;0
Thelodgeatwoodloch.com-0033-2015Redesign;en-US;https://www.google.com/;8254;1;0
Luxehotels.com-0078-2016Redesign;en-US;https://www.google.com/;18833;1;0
Thesagamore.com-0112-2017Redesign;en-US;https://www.google.com/;32339;1;0
Lakeplacidlodge.com-0105-2017Redesign;en-US;http://www.cnn.com/travel/article/adirondacks-historic-lodges/index.html;28545;1;0
Lakeplacidlodge.com-0105-2017Redesign;en-US;http://www.cnn.com/travel/article/adirondacks-historic-lodges/index.html;28545;1;0
Hospitalityupgrade.com-0093-2016Redesign;en-US;android-app://com.google.android.gm/;41769;1;0
Hospitalityupgrade.com-0093-2016Redesign;en-US;android-app://com.google.android.gm/;41769;1;0
Broadmoor.com-0073-2016Redesign;en-US;http://login.nomadix.com:1111/web/portal.html;16724;1;0
Washingtoncourthotel.com-0076-2016Redesign;en-US;https://www.google.com/;17858;1;0
Broadmoor.com-0073-2016Redesign;en-US;http://login.nomadix.com:1111/web/portal.html;16724;1;0
Sandpearl.com-0091-2016Redesign;en-US;https://www.google.com/;22481;1;0
Thelodgeatwoodloch.com-0033-2015Redesign;en-US;https://www.google.com/;9920;1;0
Treasureislandbeachresort.com-0089-2016Redesign;en-US;http://crabandcruise.com/florida;22169;1;0
Cocokeyorlando.com-0059-2015Redesign;en-US;https://www.tripadvisor.com/Hotel_Review-g34515-d651575-Reviews-Coco_Key_Hotel_and_Water_Park_Resort-Orlando_Florida.html;12394;1;0
Treasureislandbeachresort.com-0089-2016Redesign;en-US;http://crabandcruise.com/florida;22169;1;0
Thecurtis.com-0079-2016Redesign;en-US;https://www.google.com/;17981;1;0
Lakeplacidlodge.com-0105-2017Redesign;en-US;https://www.google.com/;28553;1;0
Lakeplacidlodge.com-0105-2017Redesign;en-US;https://www.google.com/;28545;1;0
Thesagamore.com-0112-2017Redesign;en-US;http://www.cnn.com/travel/article/adirondacks-historic-lodges/index.html;32339;1;0
Thelodgeatwoodloch.com-0033-2015Redesign;en-US;https://www.poconomountains.com/places-to-stay/;7764;1;0
Lakeplacidlodge.com-0105-2017Redesign;en-US;https://www.thesagamore.com/;28545;1;0
Thesagamore.com-0112-2017Redesign;en-US;http://www.cnn.com/travel/article/adirondacks-historic-lodges/index.html;32339;1;0
Lakeplacidlodge.com-0105-2017Redesign;en-US;https://www.thesagamore.com/;28545;1;0
Cphollywoodbeach.com-0032-2015Redesign;en-US;https://www.google.ca/;7831;1;0
Broadmoor.com-0073-2016Redesign;en-US;http://login.nomadix.com:1111/web/portal.html;16724;1;0
Broadmoor.com-0073-2016Redesign;en-US;http://login.nomadix.com:1111/web/portal.html;16724;1;0
Edgewaternaples.com-0094-2016Redesign;en-US;https://reservations.edgewaternaples.com/edgewaternaples/availability.asp;25643;1;0
Thesagamore.com-0112-2017Redesign;en-US;https://www.google.com/;32339;1;0
