Thesagamore.com-0112-2017Redesign;en-US;https://www.google.com/;32339;1;0
Edgewaternaples.com-0094-2016Redesign;en-US;https://www.google.com.ar/;25239;1;0
Delraysandsresort.com-0097-2016Redesign;en-US;https://www.google.com/;27232;1;0
Broadmoor.com-0073-2016Redesign;en-US;http://related.2017discounts.com/trf;16721;1;0
Residenceinnnyc.com-0034-2015Redesign;en-US;https://www.google.com/;7926;1;0
Jupiterbeachresort.com-0103-2017Redesign;en-US;https://r.search.yahoo.com/_ylt=A0SO8ygn7a5ZIMYAIVFx.9w4##SEMICOLONDELIMITER##_ylu=X3oDMTE0bjZkdG9iBGNvbG8DZ3ExBHBvcwMxBHZ0aWQDVUkyRkJUM18xBHNlYwNzcg--/RV=2/RE=1504665000/RO=10/RU=https%3a//www.jupiterbeachresort.com/spa//RK=1/RS=9SNbTNO2iqTfOq8Vbs1fUeMRGWw-;28167;1;0
theweststreethotel.com-0115-2017Redesign;en-US;https://www.google.com/;36683;1;0
Theoxfordhotel.com-0062-2015Redesign;en-US;http://den-80202-5400.localdomain:8000/;14325;1;0
Broadmoor.com-0073-2016Redesign;en-US;https://www.google.com/;18169;1;0
Broadmoor.com-0073-2016Redesign;en-US;https://www.pinterest.com/;17699;1;0
Thesagamore.com-0112-2017Redesign;en-US;https://www.google.com/;32339;1;0
Delraysandsresort.com-0097-2016Redesign;en-US;https://www.google.com/;28307;1;0
Washingtoncourthotel.com-0076-2016Redesign;en-US;https://www.google.com/;17858;1;0
Theharborsidehotel.com-0114-2017Redesign;en-US;https://www.google.com/;37571;1;0
Theoxfordhotel.com-0062-2015Redesign;en-US;https://www.google.com/;14333;1;0
Monarchbeachresort.com-0092-2016Redesign;en-US;https://www.google.com/;22725;1;0
Broadmoor.com-0073-2016Redesign;en-US;https://www.google.com/;18782;1;0
Lehotels.com-0049-2015Transfer;en-US;https://www.inboundlinks.win/InboundLinks/www.lehotels.com;12108;1;0
Edgewaternaples.com-0094-2016Redesign;en-US;http://m.facebook.com/;33020;1;0
Edgewaternaples.com-0094-2016Redesign;en-US;http://m.facebook.com/;33020;1;0
Degreerestaurant.com-0056-2015Redesign;en-US;https://www.google.com/;12320;1;0
Broadmoor.com-0073-2016Redesign;en-US;http://login.nomadix.com:1111/web/portal.html;16724;1;0
Broadmoor.com-0073-2016Redesign;en-US;http://login.nomadix.com:1111/web/portal.html;16724;1;0
Broadmoor.com-0073-2016Redesign;en-US;https://www.google.com/;16793;1;0
Monarchbeachresort.com-0092-2016Redesign;en-US;http://www.cwcriskconference.org/;22725;1;0
Lidobeachresort.com-0106-2017Redesign;en-US;android-app://com.google.android.gm/;41578;1;0
Samosetresort.com-0113-2017Redesign;en-US;https://www.google.com/;32541;1;0
Washingtondukeinn.com-0024-2014Redesign;en-US;http://www.google.com/;4759;1;0
Samosetresort.com-0113-2017Redesign;en-US;https://www.google.com/;32541;1;0
Monarchbeachresort.com-0092-2016Redesign;en-US;https://www.google.com/;22725;1;0
Cocokeyorlando.com-0059-2015Redesign;en-US;https://www.tripadvisor.com/Hotel_Review-g34515-d651575-Reviews-Coco_Key_Hotel_and_Water_Park_Resort-Orlando_Florida.html;12394;1;0
Broadmoor.com-0073-2016Redesign;en-US;https://www.google.com/;16721;1;0
Galthouse.com-0042-2015Redesign;en-US;https://www.google.com/;10602;1;0
Sandylane.com-0075-2016Redesign;en-US;https://www.google.com/;17698;1;0
Zotabeachresort.com-0090-2016Redesign;en-US;https://www.google.com/;22357;1;0
Washingtondukeinn.com-0024-2014Redesign;en-US;https://www.bing.com/;4524;1;0
Galthouse.com-0042-2015Redesign;en-US;https://www.bing.com/;31905;1;0
Longboatkeyclub.com-0104-2017Redesign;en-US;https://www.google.com/;28316;1;0
Glencovemansion.com-0058-2015Redesign;en-US;https://www.google.com/;13328;1;0
Broadmoor.com-0073-2016Redesign;en-US;http://login.nomadix.com:1111/web/portal.html;16724;1;0
Broadmoor.com-0073-2016Redesign;en-US;http://login.nomadix.com:1111/web/portal.html;16724;1;0
