Broadmoor.com-0073-2016Redesign;en-US;https://www.google.com/;16721;1;0
Broadmoor.com-0073-2016Redesign;en-US;https://www.google.pl/;18259;1;0
Broadmoor.com-0073-2016Redesign;en-US;https://www.google.com/;21232;1;0
Thelodgeatwoodloch.com-0033-2015Redesign;en-US;https://www.google.com/;8253;1;0
Broadmoor.com-0073-2016Redesign;en-US;http://tpc.googlesyndication.com/safeframe/1-0-10/html/container.html;16728;1;0
Cphollywoodbeach.com-0032-2015Redesign;en-US;https://www.google.com/;7831;1;0
Cocokeyorlando.com-0059-2015Redesign;en-US;https://www.google.co.uk/;12394;1;0
Lakeplacidlodge.com-0105-2017Redesign;en-US;https://www.google.ca/;28545;1;0
Monarchbeachresort.com-0092-2016Redesign;en-US;http://m.facebook.com/;22977;1;0
Cocokeyorlando.com-0059-2015Redesign;en-US;https://www.google.co.uk/;12394;1;0
Samosetresort.com-0113-2017Redesign;en-US;https://www.google.com/;32541;1;0
Luxehotels.com-0078-2016Redesign;en-US;https://www.google.co.uk/;18833;1;0
Marriottdelraybeach.com-0009-2014Redesign;en-US;http://www.ophotels.com/locator/;2829;1;0
Marriottkeylargo.com-0015-2014Redesign;en-US;http://www.ophotels.com/locator/;3948;1;0
Lakeplacidlodge.com-0105-2017Redesign;en-US;https://www.google.ca/;28545;1;0
wentworthcom00212014redesign;en-US;http://www.ophotels.com/locator/;26679;1;0
Delraysandsresort.com-0097-2016Redesign;en-US;http://www.ophotels.com/locator/;27232;1;0
Jupiterbeachresort.com-0103-2017Redesign;en-US;http://www.ophotels.com/locator/;28158;1;0
Lakeplacidlodge.com-0105-2017Redesign;en-US;http://www.ophotels.com/locator/;28545;1;0
Samosetresort.com-0113-2017Redesign;en-US;http://www.ophotels.com/locator/;32541;1;0
Lidobeachresort.com-0106-2017Redesign;en-US;http://www.ophotels.com/locator/;28666;1;0
Theharborsidehotel.com-0114-2017Redesign;en-US;http://www.ophotels.com/locator/;37571;1;0
Samosetresort.com-0113-2017Redesign;en-US;http://www.ophotels.com/locator/;32541;1;0
Longboatkeyclub.com-0104-2017Redesign;en-US;http://www.ophotels.com/locator/;35641;1;0
Thesagamore.com-0112-2017Redesign;en-US;http://www.ophotels.com/locator/;32339;1;0
theweststreethotel.com-0115-2017Redesign;en-US;http://www.ophotels.com/locator/;36683;1;0
Broadmoor.com-0073-2016Redesign;en-US;https://www.google.com/;18782;1;0
Cphollywoodbeach.com-0032-2015Redesign;en-US;https://www.sunny.org/webcam/;7831;1;0
Thelodgeatwoodloch.com-0033-2015Redesign;en-US;https://www.google.com/;8253;1;0
Broadmoor.com-0073-2016Redesign;en-US;http://m.facebook.com/;17344;1;0
theweststreethotel.com-0115-2017Redesign;en-US;http://esurvey.templates.cendyn.com/eSurvey_OceanProperties/eSurvey_WestStreet/Thank_You_Page/ThankYou.asp;36683;1;0
Longboatkeyclub.com-0104-2017Redesign;en-US;https://de.worldcam.eu/webcams/north-america/florida-usa/15728;28317;1;0
Oxfordclubspa.com-0068-2016Redesign;en-US;http://m.facebook.com/;15568;1;0
Jupiterbeachresort.com-0103-2017Redesign;en-US;https://www.google.com/;28158;1;0
Monarchbeachresort.com-0092-2016Redesign;en-US;https://www.google.com/;22725;1;0
Thesagamore.com-0112-2017Redesign;en-US;https://www.google.com/;33542;1;0
Jupiterbeachresort.com-0103-2017Redesign;en-US;https://www.google.com/;28158;1;0
Opalsands.com-0084-2016Redesign;en-US;http://www.beachtourism.com/opalsandsresort/;20171;1;0
Broadmoor.com-0073-2016Redesign;en-US;http://adkcontent.arcamax.com/search;16728;1;0
Broadmoor.com-0073-2016Redesign;en-US;https://www.yelp.com/;16763;1;0
Broadmoor.com-0073-2016Redesign;en-US;https://www.google.com/;16793;1;0
Treasureislandbeachresort.com-0089-2016Redesign;en-US;https://www.google.com/;22169;1;0
Broadmoor.com-0073-2016Redesign;en-US;https://www.google.com/;18259;1;0
Treasureislandbeachresort.com-0089-2016Redesign;en-US;https://www.google.com/;22169;1;0
Glencovemansion.com-0058-2015Redesign;en-US;https://www.pinterest.com/916PinQueen80/1920s/;13328;1;0
Broadmoor.com-0073-2016Redesign;en-US;http://m.facebook.com/;18013;1;0
Laxembassy.com-0008-2014Redesign;en-US;https://www.google.com/;2037;1;0
Cphollywoodbeach.com-0032-2015Redesign;en-US;https://www.google.com/;7831;1;0
Broadmoor.com-0073-2016Redesign;en-US;http://m.facebook.com/;17344;1;0
Galthouse.com-0042-2015Redesign;en-US;https://www.google.com/;10584;1;0
Theoxfordhotel.com-0062-2015Redesign;en-US;https://www.bing.com/;14325;1;0
Broadmoor.com-0073-2016Redesign;en-US;https://www.google.com/;16728;1;0
Broadmoor.com-0073-2016Redesign;en-US;http://www.google.com/;16721;1;0
Broadmoor.com-0073-2016Redesign;en-US;https://www.google.com/;16761;1;0
Broadmoor.com-0073-2016Redesign;en-US;http://m.facebook.com/;17344;1;0
Hospitalityupgrade.com-0093-2016Redesign;en-US;https://www.google.com.br/;37631;1;0
Thesagamore.com-0112-2017Redesign;en-US;https://www.google.com/;32339;1;0
Broadmoor.com-0073-2016Redesign;en-US;https://slack.com/;16721;1;0
Sandylane.com-0075-2016Redesign;en-US;https://www.google.com/;17611;1;0
Thesagamore.com-0112-2017Redesign;en-US;https://www.google.com/;32339;1;0
Thesagamore.com-0112-2017Redesign;en-US;https://www.google.com/;32347;1;0
Thelodgeatwoodloch.com-0033-2015Redesign;en-US;https://www.google.com/;7764;1;0
Luxehotels.com-0078-2016Redesign;en-US;https://www.google.com/;18833;1;0
