Secretharbourvi.com-0040-2015Redesign;en-US;https://www.google.com/;9231;1;0
Monarchbeachresort.com-0092-2016Redesign;en-US;https://www.google.com/;22725;1;0
Cocokeyorlando.com-0059-2015Redesign;en-US;https://www.google.com/;12394;1;0
Broadmoor.com-0073-2016Redesign;en-US;https://www.google.com/;16721;1;0
Bellemontfarm.com-0007-2013Redesign;en-US;http://www.google.com.hk/;11497;1;0
Longboatkeyclub.com-0104-2017Redesign;en-US;http://m.facebook.com/;28371;1;0
Broadmoor.com-0073-2016Redesign;en-US;http://www.forbestravelguide.com/colorado-springs-colorado/hotels/the-broadmoor/how-do-i-get-to-the-broadmoor-from-the-airport;16721;1;0
Edgewaternaples.com-0094-2016Redesign;en-US;https://www.google.com/;25246;1;0
Edgewaternaples.com-0094-2016Redesign;en-US;https://www.google.com/;25246;1;0
theweststreethotel.com-0115-2017Redesign;en-US;https://www.google.com/;36683;1;0
Galthouse.com-0042-2015Redesign;en-US;http://www.google.com/;12887;1;0
Thesagamore.com-0112-2017Redesign;en-US;https://www.google.com/;32339;1;0
Thesagamore.com-0112-2017Redesign;en-US;https://www.google.com/;32339;1;0
Broadmoor.com-0073-2016Redesign;en-US;https://cz.pinterest.com/;16721;1;0
Sandpearl.com-0091-2016Redesign;en-US;http://m.facebook.com/;30638;1;0
Edgewaternaples.com-0094-2016Redesign;en-US;https://www.google.co.uk/;25239;1;0
Broadmoor.com-0073-2016Redesign;en-US;http://mobsearch.adk-mobile.com/search/dynamicclick;22720;1;0
Broadmoor.com-0073-2016Redesign;en-US;http://login.nomadix.com:1111/web/portal.html;16724;1;0
Broadmoor.com-0073-2016Redesign;en-US;http://login.nomadix.com:1111/web/portal.html;16724;1;0
Monarchbeachresort.com-0092-2016Redesign;en-US;https://www.google.com/;22998;1;0
Broadmoor.com-0073-2016Redesign;en-US;http://tpc.googlesyndication.com/safeframe/1-0-10/html/container.html;16728;1;0
Broadmoor.com-0073-2016Redesign;en-US;https://www.google.com/;16721;1;0
Thecurtis.com-0079-2016Redesign;en-US;https://www.google.com/;17981;1;0
Luxehotels.com-0078-2016Redesign;en-US;https://www.google.com/;18833;1;0
Broadmoor.com-0073-2016Redesign;en-US;http://www.forbestravelguide.com/colorado-springs-colorado/hotels/the-broadmoor/how-do-i-get-to-the-broadmoor-from-the-airport;16721;1;0
Broadmoor.com-0073-2016Redesign;en-US;https://www.google.com/;23743;1;0
Broadmoor.com-0073-2016Redesign;en-US;https://www.google.com/;16755;1;0
Cendyn.com-0095-2016Redesign;en-US;https://www.google.com/;26640;1;0
Broadmoor.com-0073-2016Redesign;en-US;http://login.nomadix.com:1111/web/portal.html;16724;1;0
Broadmoor.com-0073-2016Redesign;en-US;http://login.nomadix.com:1111/web/portal.html;16724;1;0
Monarchbeachresort.com-0092-2016Redesign;en-US;https://www.google.com/;22973;1;0
Cocokeyorlando.com-0059-2015Redesign;en-US;https://www.google.com/;12410;1;0
Broadmoor.com-0073-2016Redesign;en-US;https://mail.aol.com/webmail-std/en-us/suite;32318;1;0
Galthouse.com-0042-2015Redesign;en-US;https://www.google.com/;10568;1;0
Jbdukehotel.com-0086-2016Redesign;en-US;http://m.facebook.com/;21920;1;0
Sandpearl.com-0091-2016Redesign;en-US;http://captive.apple.com/hotspot-detect.html;22481;1;0
Sandpearl.com-0091-2016Redesign;en-US;http://captive.apple.com/hotspot-detect.html;22481;1;0
Washingtondukeinn.com-0024-2014Redesign;en-US;https://www.aircharteradvisors.com/;4524;1;0
Theoxfordhotel.com-0062-2015Redesign;en-US;https://www.google.com/;14346;1;0
Broadmoor.com-0073-2016Redesign;en-US;http://www.minitime.com/trip-tips/7-Easy-Thanksgiving-Weekend-Escapes-article;16721;1;0
Opalsands.com-0084-2016Redesign;en-US;http://m.facebook.com/;28082;1;0
Thesagamore.com-0112-2017Redesign;en-US;https://www.bing.com/;32339;1;0
Galthouse.com-0042-2015Redesign;en-US;https://www.bing.com/;10568;1;0
