Casaybelresort.com-0002-2014Redesign;en-US;http://m.facebook.com/;1639;1;0
Cphollywoodbeach.com-0032-2015Redesign;en-US;https://www.sunny.org/webcam/;7831;1;0
Sandylane.com-0075-2016Redesign;en-US;https://www.google.com/;17611;1;0
Casaybelresort.com-0002-2014Redesign;en-US;http://m.facebook.com/;1639;1;0
Lakeplacidlodge.com-0105-2017Redesign;en-US;http://www.travelandleisure.com/travel-guide/lake-placid/hotels/lake-placid-lodge;28545;1;0
Lakeplacidlodge.com-0105-2017Redesign;en-US;http://www.travelandleisure.com/travel-guide/lake-placid/hotels/lake-placid-lodge;28545;1;0
Washingtoncourthotel.com-0076-2016Redesign;en-US;http://sucuri.net/;17858;1;0
Washingtoncourthotel.com-0076-2016Redesign;en-US;http://sucuri.net/;17858;1;0
Washingtoncourthotel.com-0076-2016Redesign;en-US;http://sucuri.net/;17858;1;0
Washingtoncourthotel.com-0076-2016Redesign;en-US;http://sucuri.net/;17858;1;0
Washingtoncourthotel.com-0076-2016Redesign;en-US;http://www.google.com/url/;17858;1;0
Washingtoncourthotel.com-0076-2016Redesign;en-US;http://www.bing.com/;17933;1;0
Washingtoncourthotel.com-0076-2016Redesign;en-US;http://www.facebook.com/;17932;1;0
Washingtoncourthotel.com-0076-2016Redesign;en-US;http://www.facebook.com/;18039;1;0
Washingtoncourthotel.com-0076-2016Redesign;en-US;http://sucuri.net/;17935;1;0
Thelodgeatwoodloch.com-0033-2015Redesign;en-US;https://www.bing.com/;7764;1;0
Washingtoncourthotel.com-0076-2016Redesign;en-US;http://www.google.com/url/;17934;1;0
Thesagamore.com-0112-2017Redesign;en-US;https://www.bing.com/;32339;1;0
Opalsands.com-0084-2016Redesign;en-US;https://googleads.g.doubleclick.net/pagead/ads;20171;1;0
Cphollywoodbeach.com-0032-2015Redesign;en-US;http://search.aol.com/aol/search;7831;1;0
Jbdukehotel.com-0086-2016Redesign;en-US;http://www.google.com/;21928;1;0
Casaybelresort.com-0002-2014Redesign;en-US;http://search.tb.ask.com/search/GGmain.jhtml;1613;1;0
Broadmoor.com-0073-2016Redesign;en-US;http://xbid-prod.googleusercontent.com/ddm/bidmanager/creativePreview/retrieveCreativeAdTag;16728;1;0
