Luxehotels.com-0078-2016Redesign;en-US;https://www.google.com/;18833;1;0
Glencovemansion.com-0058-2015Redesign;en-US;https://www.google.com/;13328;1;0
Thesagamore.com-0112-2017Redesign;en-US;https://www.google.com/;32339;1;0
Broadmoor.com-0073-2016Redesign;en-US;https://www.google.com/;16721;1;0
Monarchbeachresort.com-0092-2016Redesign;en-US;https://www.google.com/;22964;1;0
Laxembassy.com-0008-2014Redesign;en-US;https://www.google.com/;2037;1;0
Secretharbourvi.com-0040-2015Redesign;en-US;https://www.google.com/;9249;1;0
Lakeplacidlodge.com-0105-2017Redesign;en-US;https://www.google.com/;28545;1;0
Cphollywoodbeach.com-0032-2015Redesign;en-US;https://www.sunny.org/webcam/;7831;1;0
Denvercy.com-0036-2015Redesign;en-US;http://pornolook.net/;8150;1;0
Residenceinnnyc.com-0034-2015Redesign;en-US;https://via-energy-cumpara.com/;7926;1;0
Broadmoor.com-0073-2016Redesign;en-US;http://login.nomadix.com:1111/web/portal.html;16724;1;0
Opalsands.com-0084-2016Redesign;en-US;http://asafishing.org/shows-events/sportfishing-summit/2017-sportfishing-summit/;20171;1;0
Broadmoor.com-0073-2016Redesign;en-US;http://login.nomadix.com:1111/web/portal.html;16724;1;0
Denvercy.com-0036-2015Redesign;en-US;http://pornolook.net/;8150;1;0
Residenceinnnyc.com-0034-2015Redesign;en-US;https://via-energy-cumpara.com/;7926;1;0
Denvercy.com-0036-2015Redesign;en-US;http://pornolook.net/;8150;1;0
Residenceinnnyc.com-0034-2015Redesign;en-US;https://via-energy-cumpara.com/;7926;1;0
Cocokeyorlando.com-0059-2015Redesign;en-US;http://start.att.net/search/index.php;12394;1;0
Thesagamore.com-0112-2017Redesign;en-US;https://www.google.com/;32347;1;0
Broadmoor.com-0073-2016Redesign;en-US;http://m.facebook.com/;20439;1;0
Cocokeyorlando.com-0059-2015Redesign;en-US;https://www.google.com/;12394;1;0
Denvercy.com-0036-2015Redesign;en-US;https://www.google.com/;8150;1;0
Cocokeyorlando.com-0059-2015Redesign;en-US;https://www.google.com/;12394;1;0
Cocokeyorlando.com-0059-2015Redesign;en-US;http://www.google.com/;12407;1;0
Secretharbourvi.com-0040-2015Redesign;en-US;https://www.google.com/;9231;1;0
Galthouse.com-0042-2015Redesign;en-US;android-app://com.google.android.googlequicksearchbox/;10575;1;0
Cocokeyorlando.com-0059-2015Redesign;en-US;https://www.google.co.uk/;12394;1;0
Cocokeyorlando.com-0059-2015Redesign;en-US;https://www.google.co.uk/;12394;1;0
Oxfordclubspa.com-0068-2016Redesign;en-US;http://m.facebook.com/;15568;1;0
Denvercy.com-0036-2015Redesign;en-US;https://www.google.com/;8150;1;0
Treasureislandbeachresort.com-0089-2016Redesign;en-US;https://www.google.com/;22169;1;0
Treasureislandbeachresort.com-0089-2016Redesign;en-US;https://www.google.com/;22169;1;0
Montaukyachtclub.com-0010-2014Redesign;en-US;https://www.google.com/;3554;1;0
Hospitalityupgrade.com-0093-2016Redesign;en-US;https://www.google.com/;25405;1;0
Galthouse.com-0042-2015Redesign;en-US;android-app://com.google.android.googlequicksearchbox/;10575;1;0
Samosetresort.com-0113-2017Redesign;en-US;https://www.google.com/;32541;1;0
Washingtondukeinn.com-0024-2014Redesign;en-US;https://www.google.com/;4759;1;0
Amzak.com-0023-2014Redesign;en-US;https://www.google.com/;3833;1;0
Broadmoor.com-0073-2016Redesign;en-US;http://www.cograilway.com/faq.asp;18259;1;0
Lehotels.com-0049-2015Transfer;en-US;https://www.google.com.co/;12108;1;0
Jbdukehotel.com-0086-2016Redesign;en-US;https://www.bing.com/;21918;1;0
Chrco.com-0107-2017Redesign;en-US;https://www.bing.com/;29280;1;0
