Opalsands.com-0084-2016Redesign;en-US;https://www.google.com/;20171;1;0
Broadmoor.com-0073-2016Redesign;en-US;https://www.google.com/;16721;1;0
Broadmoor.com-0073-2016Redesign;en-US;https://www.google.com/;16721;1;0
Cphollywoodbeach.com-0032-2015Redesign;en-US;https://www.sunny.org/webcam/;7831;1;0
Cphollywoodbeach.com-0032-2015Redesign;en-US;https://www.google.de/;7805;1;0
Broadmoor.com-0073-2016Redesign;en-US;https://www.google.com/;16790;1;0
Washingtondukeinn.com-0024-2014Redesign;en-US;https://www.google.com/;5165;1;0
Washingtondukeinn.com-0024-2014Redesign;en-US;https://www.google.com/;5165;1;0
Cphollywoodbeach.com-0032-2015Redesign;en-US;https://www.google.ch/;7831;1;0
Broadmoor.com-0073-2016Redesign;en-US;https://s0.2mdn.net/ads/richmedia/studio/pv2/60303817/20170816165225366/index.html;18010;1;0
Broadmoor.com-0073-2016Redesign;en-US;http://www.worldation.com/stories/29-hardest-colleges-america-get/24/;16728;1;0
Broadmoor.com-0073-2016Redesign;en-US;http://www.worldation.com/stories/29-hardest-colleges-america-get/24/;16728;1;0
Marriottkeylargo.com-0015-2014Redesign;en-US;http://www.fla-keys.com/webcams/marriott-key-largo-bay/;3948;1;0
Longboatkeyclub.com-0104-2017Redesign;en-US;https://search.yahoo.com/;28317;1;0
Cphollywoodbeach.com-0032-2015Redesign;en-US;https://www.sunny.org/webcam/;7831;1;0
Marriottkeylargo.com-0015-2014Redesign;en-US;http://www.fla-keys.com/webcams/marriott-key-largo-bay/;3964;1;0
theweststreethotel.com-0115-2017Redesign;en-US;https://www.google.com/;36683;1;0
Longboatkeyclub.com-0104-2017Redesign;en-US;https://www.google.com/;28317;1;0
Edgewaternaples.com-0094-2016Redesign;en-US;https://www.google.com/;25239;1;0
Cphollywoodbeach.com-0032-2015Redesign;en-US;https://www.sunny.org/webcam/;7831;1;0
Edgewaternaples.com-0094-2016Redesign;en-US;https://www.google.com/;25239;1;0
Sandpearl.com-0091-2016Redesign;en-US;https://www.google.com/;22488;1;0
Broadmoor.com-0073-2016Redesign;en-US;http://login.nomadix.com:1111/web/portal.html;16724;1;0
Broadmoor.com-0073-2016Redesign;en-US;http://login.nomadix.com:1111/web/portal.html;16724;1;0
Cphollywoodbeach.com-0032-2015Redesign;en-US;https://www.google.ca/;7831;1;0
Cphollywoodbeach.com-0032-2015Redesign;en-US;https://www.sunny.org/webcam/;7831;1;0
Sandpearl.com-0091-2016Redesign;en-US;https://www.google.com/;22481;1;0
Broadmoor.com-0073-2016Redesign;en-US;https://www.google.com/;18259;1;0
Broadmoor.com-0073-2016Redesign;en-US;http://login.nomadix.com:1111/web/portal.html;16724;1;0
Broadmoor.com-0073-2016Redesign;en-US;http://login.nomadix.com:1111/web/portal.html;16724;1;0
Casaybelresort.com-0002-2014Redesign;en-US;https://www.google.com/;1533;1;0
Cphollywoodbeach.com-0032-2015Redesign;en-US;https://www.sunny.org/webcam/;7831;1;0
Cphollywoodbeach.com-0032-2015Redesign;en-US;https://www.sunny.org/webcam/;7831;1;0
Marriottkeylargo.com-0015-2014Redesign;en-US;http://surfinggator.com/florida-keys/live-cams/live-cams.html;3948;1;0
Marriottkeylargo.com-0015-2014Redesign;en-US;http://surfinggator.com/florida-keys/live-cams/live-cams.html;3964;1;0
Theharborsidehotel.com-0114-2017Redesign;en-US;https://www.google.ch/;37571;1;0
Montaukyachtclub.com-0010-2014Redesign;en-US;https://www.google.com/;2240;1;0
Broadmoor.com-0073-2016Redesign;en-US;https://www.google.com/;16790;1;0
Marriottkeylargo.com-0015-2014Redesign;en-US;http://www.fla-keys.com/webcams/marriott-key-largo-bay/;3948;1;0
Cphollywoodbeach.com-0032-2015Redesign;en-US;https://www.google.com/;7831;1;0
Theharborsidehotel.com-0114-2017Redesign;en-US;https://www.google.ch/;37571;1;0
Cphollywoodbeach.com-0032-2015Redesign;en-US;http://m.facebook.com/;7831;1;0
Longboatkeyclub.com-0104-2017Redesign;en-US;https://www.bing.com/;28316;1;0
wentworthcom00212014redesign;en-US;https://www.facebook.com/;26679;1;0
Jupiterbeachresort.com-0103-2017Redesign;en-US;https://www.google.com/;28213;1;0
Cphollywoodbeach.com-0032-2015Redesign;en-US;https://www.sunny.org/webcam/;7831;1;0
Jupiterbeachresort.com-0103-2017Redesign;en-US;https://www.google.com/;28213;1;0
