saddlebrook.com-0011-2014Redesign;en-US;https://www.google.ca/;3453;1;0
Theharborsidehotel.com-0114-2017Redesign;en-US;https://www.google.com/;37989;1;0
Cphollywoodbeach.com-0032-2015Redesign;en-US;https://www.sunny.org/webcam/;7831;1;0
Broadmoor.com-0073-2016Redesign;en-US;http://m.facebook.com/;16790;1;0
Longboatkeyclub.com-0104-2017Redesign;en-US;https://www.google.com/;28316;1;0
Longboatkeyclub.com-0104-2017Redesign;en-US;https://www.google.com/;28316;1;0
Sandpearl.com-0091-2016Redesign;en-US;https://www.google.com/;22481;1;0
Opalsands.com-0084-2016Redesign;en-US;http://www.beachtourism.com/opalsandsresort/;20171;1;0
Edgewaternaples.com-0094-2016Redesign;en-US;https://www.google.com/;25239;1;0
Opalsands.com-0084-2016Redesign;en-US;https://www.google.ch/;40846;1;0
Thesagamore.com-0112-2017Redesign;en-US;https://www.bing.com/;32348;1;0
Edgewaternaples.com-0094-2016Redesign;en-US;https://www.google.com/;25239;1;0
Edgewaternaples.com-0094-2016Redesign;en-US;https://www.google.com/;25239;1;0
Marriottkeylargo.com-0015-2014Redesign;en-US;http://www.ophotels.com/locator/;3948;1;0
wentworthcom00212014redesign;en-US;http://www.ophotels.com/locator/;26679;1;0
Secretharbourvi.com-0040-2015Redesign;en-US;https://www.google.com/;9231;1;0
theweststreethotel.com-0115-2017Redesign;en-US;https://www.google.com/;36683;1;0
Cphollywoodbeach.com-0032-2015Redesign;en-US;https://www.google.com/;7831;1;0
Marriottdelraybeach.com-0009-2014Redesign;en-US;http://www.ophotels.com/locator/;2829;1;0
saddlebrook.com-0011-2014Redesign;en-US;http://www.golfadvisor.com/courses/9960-rock-barn-golf-and-spa-jackson-course/;4534;1;0
Monarchbeachresort.com-0092-2016Redesign;en-US;https://www.google.com/;22725;1;0
Broadmoor.com-0073-2016Redesign;en-US;http://m.facebook.com/;17344;1;0
Halcyonhotelcherrycreek.com-0061-2015Redesign;en-US;https://www.google.com/;22121;1;0
Theloganhotel.com-0043-2015Redesign;en-US;http://172.20.0.1:8000/;20218;1;0
Thesagamore.com-0112-2017Redesign;en-US;https://www.google.com/;32339;1;0
Monarchbeachresort.com-0092-2016Redesign;en-US;http://m.facebook.com/;22992;1;0
Casaybelresort.com-0002-2014Redesign;en-US;https://www.google.com/;1613;1;0
Oxfordclubspa.com-0068-2016Redesign;en-US;http://www.theoxfordhotel.com/denver-hotel-specials/;15568;1;0
Oxfordclubspa.com-0068-2016Redesign;en-US;http://www.theoxfordhotel.com/denver-hotel-specials/;15568;1;0
Thecrawfordhotel.com-0074-2016Redesign;en-US;http://www.google.com/;17187;1;0
Lakeplacidlodge.com-0105-2017Redesign;en-US;https://www.google.com/;32795;1;0
Oxfordclubspa.com-0068-2016Redesign;en-US;https://www.google.com/;15568;1;0
Opalsands.com-0084-2016Redesign;en-US;https://www.google.com/;20171;1;0
Broadmoor.com-0073-2016Redesign;en-US;https://www.google.com/;16791;1;0
Galthouse.com-0042-2015Redesign;en-US;http://survey.unifocus.com/mssurvey.aspx;10578;1;0
Galthouse.com-0042-2015Redesign;en-US;http://survey.unifocus.com/mssurvey.aspx;10578;1;0
Denvercy.com-0036-2015Redesign;en-US;https://www.google.com/;8150;1;0
wentworthcom00212014redesign;en-US;http://www.google.com/;4307;1;0
Broadmoor.com-0073-2016Redesign;en-US;http://tpc.googlesyndication.com/safeframe/1-0-10/html/container.html;16728;1;0
Cphollywoodbeach.com-0032-2015Redesign;en-US;https://www.google.ch/;7805;1;0
Renaissancepittsburghpa.com-0044-2015Redesign;en-US;https://www.google.com/;9637;1;0
Galthouse.com-0042-2015Redesign;en-US;http://www.homesupplymillwork.com/;31905;1;0
Opalsands.com-0084-2016Redesign;en-US;https://www.google.com/;20171;1;0
Galthouse.com-0042-2015Redesign;en-US;http://www.homesupplymillwork.com/;31905;1;0
Galthouse.com-0042-2015Redesign;en-US;http://www.homesupplymillwork.com/;31905;1;0
Unionstationhotelnashville.com-0047-2015Redesign;en-US;https://www.google.com/;32226;1;0
Samosetresort.com-0113-2017Redesign;en-US;https://www.google.com/;35129;1;0
Degreerestaurant.com-0056-2015Redesign;en-US;https://www.google.com/;11602;1;0
Broadmoor.com-0073-2016Redesign;en-US;https://www.google.com/;16721;1;0
Sandpearl.com-0091-2016Redesign;en-US;https://www.tripadvisor.com/CheapFlightsSearchResults-g34678-a_airport0.PHL-a_airport1.TPA-a_cos.0-a_date0.20170920-a_date1.20170926-a_nearby0.no-a_nearby1.no-a_nonstop.no-a_pax0.a-a_travelers.1-Tampa_Florida.html;22481;1;0
Broadmoor.com-0073-2016Redesign;en-US;https://www.google.com/;16721;1;0
Marriottkeylargo.com-0015-2014Redesign;en-US;http://www.floridakeyswebcams.tv/marriottkeylargobay/;3948;1;0
Marriottkeylargo.com-0015-2014Redesign;en-US;http://www.floridakeyswebcams.tv/marriottkeylargobay/;3964;1;0
Sandpearl.com-0091-2016Redesign;en-US;https://www.google.com/;22481;1;0
Longboatkeyclub.com-0104-2017Redesign;en-US;https://worldcam.eu/webcams/north-america/florida-usa/15728;28317;1;0
Opalsands.com-0084-2016Redesign;en-US;https://www.google.com/;20171;1;0
Galthouse.com-0042-2015Redesign;en-US;https://frbizlist.com/;9789;1;0
Longboatkeyclub.com-0104-2017Redesign;en-US;https://www.google.com/;28316;1;0
Longboatkeyclub.com-0104-2017Redesign;en-US;https://www.google.com/;28316;1;0
Opalsands.com-0084-2016Redesign;en-US;https://www.google.com/;20171;1;0
Miravalspamonarchbeach.com-0109-2017Redesign;en-US;http://www.monarchbeachresort.com/orange-county-golf/;31709;1;0
