Broadmoor.com-0073-2016Redesign;en-US;http://tpc.googlesyndication.com/safeframe/1-0-10/html/container.html;16728;1;0
Marriottkeylargo.com-0015-2014Redesign;en-US;http://surfinggator.com/florida-keys/live-cams/live-cams.html;3964;1;0
Delraysandsresort.com-0097-2016Redesign;en-US;https://www.google.ca/;27232;1;0
Cphollywoodbeach.com-0032-2015Redesign;en-US;https://www.google.de/;7831;1;0
Broadmoor.com-0073-2016Redesign;en-US;http://tpc.googlesyndication.com/safeframe/1-0-10/html/container.html;16728;1;0
saddlebrook.com-0011-2014Redesign;en-US;https://www.google.com/;3385;1;0
Miravalspamonarchbeach.com-0109-2017Redesign;en-US;http://www.monarchbeachresort.com/;33978;1;0
saddlebrook.com-0011-2014Redesign;en-US;https://www.google.com/;3469;1;0
Longboatkeyclub.com-0104-2017Redesign;en-US;https://www.google.com/;28333;1;0
Treasureislandbeachresort.com-0089-2016Redesign;en-US;android-app://com.google.android.googlequicksearchbox/https/www.google.com;22229;1;0
Treasureislandbeachresort.com-0089-2016Redesign;en-US;android-app://com.google.android.googlequicksearchbox/https/www.google.com;22229;1;0
Montaukyachtclub.com-0010-2014Redesign;en-US;http://www.msn.com/;2240;1;0
Casaybelresort.com-0002-2014Redesign;en-US;https://www.bing.com/;1613;1;0
Marriottkeylargo.com-0015-2014Redesign;en-US;https://www.google.com/;3964;1;0
Cphollywoodbeach.com-0032-2015Redesign;en-US;https://www.sunny.org/webcam/;7831;1;0
Longboatkeyclub.com-0104-2017Redesign;en-US;https://www.google.com/;28316;1;0
Cphollywoodbeach.com-0032-2015Redesign;en-US;http://r.search.yahoo.com/_ylt=A0LEV2qt3LNZbScAqG_rFAx.##SEMICOLONDELIMITER##_ylu=X3oDMTEzNnZjdDRvBGNvbG8DYmYxBHBvcwMzBHZ0aWQDQ0FDMDAxXzEEc2VjA3Ny/RV=2/RE=1504988462/RO=10/RU=http%3a//www.cphollywoodbeach.com/gallery/web-cam//RK=1/RS=G5MDCPqjhDi53YWXsYvsV.GwC1Y-;7831;1;0
Theloganhotel.com-0043-2015Redesign;en-US;https://l.facebook.com/;15962;1;0
Jupiterbeachresort.com-0103-2017Redesign;en-US;https://www.google.com/;28158;1;0
Jupiterbeachresort.com-0103-2017Redesign;en-US;https://www.google.com/;28158;1;0
Longboatkeyclub.com-0104-2017Redesign;en-US;https://www.google.com/;28316;1;0
Lakeplacidlodge.com-0105-2017Redesign;en-US;https://www.google.com/;28557;1;0
Edgewaternaples.com-0094-2016Redesign;en-US;https://www.google.ch/;25239;1;0
Cphollywoodbeach.com-0032-2015Redesign;en-US;https://www.google.com/;7831;1;0
Thesagamore.com-0112-2017Redesign;en-US;https://www.google.com/;32350;1;0
Cphollywoodbeach.com-0032-2015Redesign;en-US;https://www.google.de/;7831;1;0
Cphollywoodbeach.com-0032-2015Redesign;en-US;https://www.google.ca/;7831;1;0
Thelodgeatwoodloch.com-0033-2015Redesign;en-US;https://www.google.com/;7764;1;0
Cphollywoodbeach.com-0032-2015Redesign;en-US;https://www.google.com/;7831;1;0
Casaybelresort.com-0002-2014Redesign;en-US;https://www.google.com/;1613;1;0
Broadmoor.com-0073-2016Redesign;en-US;http://tpc.googlesyndication.com/safeframe/1-0-10/html/container.html;16728;1;0
saddlebrook.com-0011-2014Redesign;en-US;http://www.google.com/;3385;1;0
Marriottkeylargo.com-0015-2014Redesign;en-US;http://surfinggator.com/florida-keys/live-cams/live-cams.html;3948;1;0
Cphollywoodbeach.com-0032-2015Redesign;en-US;https://www.google.com/;7831;1;0
Thesagamore.com-0112-2017Redesign;en-US;https://www.google.ca/;32339;1;0
Cphollywoodbeach.com-0032-2015Redesign;en-US;https://www.google.ca/;7831;1;0
Lakeplacidlodge.com-0105-2017Redesign;en-US;https://www.google.com/;28545;1;0
Lakeplacidlodge.com-0105-2017Redesign;en-US;https://www.google.com/;28545;1;0
