Luxehotels.com-0078-2016Redesign;en-US;http://www.google.com/;18943;1;0
Cphollywoodbeach.com-0032-2015Redesign;en-US;http://savysoda.ampxsearch.com/;7831;1;0
Casaybelresort.com-0002-2014Redesign;en-US;http://totimedia.com/community-webcam-gallery;1613;1;0
Marriottkeylargo.com-0015-2014Redesign;en-US;http://www.beachcamsusa.com/fl/key-largo/key-largo-marriott-bay-resort-live-webcam;3948;1;0
Marriottkeylargo.com-0015-2014Redesign;en-US;http://www.beachcamsusa.com/fl/key-largo/key-largo-marriott-bay-resort-live-webcam;3964;1;0
Cphollywoodbeach.com-0032-2015Redesign;en-US;https://www.google.com/;7831;1;0
Cphollywoodbeach.com-0032-2015Redesign;en-US;https://www.google.ca/;7831;1;0
Casaybelresort.com-0002-2014Redesign;en-US;http://www.google.com/;1613;1;0
Broadmoor.com-0073-2016Redesign;en-US;http://www.worldation.com/opinions/70-epic-perfectly-timed-photos/4/;16728;1;0
Broadmoor.com-0073-2016Redesign;en-US;http://www.worldation.com/opinions/70-epic-perfectly-timed-photos/4/;16728;1;0
Broadmoor.com-0073-2016Redesign;en-US;https://tpc.googlesyndication.com/safeframe/1-0-10/html/container.html;16728;1;0
Galthouse.com-0042-2015Redesign;en-US;https://www.google.ca/;25671;1;0
Cphollywoodbeach.com-0032-2015Redesign;en-US;https://www.google.ca/;7831;1;0
Cphollywoodbeach.com-0032-2015Redesign;en-US;https://www.google.com/;7831;1;0
Cphollywoodbeach.com-0032-2015Redesign;en-US;https://www.sunny.org/webcam/;7831;1;0
Cphollywoodbeach.com-0032-2015Redesign;en-US;https://www.google.com/;7831;1;0
Cphollywoodbeach.com-0032-2015Redesign;en-US;https://www.google.com/;7831;1;0
Cphollywoodbeach.com-0032-2015Redesign;en-US;https://www.google.ca/;7831;1;0
Cphollywoodbeach.com-0032-2015Redesign;en-US;https://www.google.com/;7831;1;0
Theloganhotel.com-0043-2015Redesign;en-US;https://www.google.com/;20218;1;0
Cphollywoodbeach.com-0032-2015Redesign;en-US;https://www.sunny.org/webcam/;7831;1;0
Miravalspamonarchbeach.com-0109-2017Redesign;en-US;http://www.miravalresorts.com/plan-your-stay/immersion-experiences/;31709;1;0
Marriottkeylargo.com-0015-2014Redesign;en-US;http://www.beachcamsusa.com/fl/key-largo/key-largo-marriott-bay-resort-live-webcam;3948;1;0
Marriottkeylargo.com-0015-2014Redesign;en-US;http://www.beachcamsusa.com/fl/key-largo/key-largo-marriott-bay-resort-live-webcam;3964;1;0
Thelodgeatwoodloch.com-0033-2015Redesign;en-US;https://www.google.com/;7764;1;0
Broadmoor.com-0073-2016Redesign;en-US;https://www.google.com/;16721;1;0
Cphollywoodbeach.com-0032-2015Redesign;en-US;http://savysoda.ampxsearch.com/;7831;1;0
Cphollywoodbeach.com-0032-2015Redesign;en-US;https://www.sunny.org/webcam/;7831;1;0
Marriottkeylargo.com-0015-2014Redesign;en-US;http://search.yahoo.com/search##SEMICOLONDELIMITER##_ylt=A0LEVxrFNLVZweYA5kFy.9w4##SEMICOLONDELIMITER##_ylc=X0kDOHpkVDZUazRMakhua2lLWFdDcFcyZ0ZrT1RjdU9RQUFBQUE4ZDBndwRfUwM5NTQwMDYzODYEX3IDMgRhY3RuA2NsawRjc3JjcHZpZAM4emRUNlRrNExqSG5raUtYV0NwVzJnRmtPVGN1T1FBQUFBQThkMGd3BGZyAwRmcjIDc2EtZ3AEZ3ByaWQDNkJDTVpaM0FTdnlPU2djWnhzTnAzQQRuX3JzbHQDMARuX3N1Z2cDMTAEb3JpZ2luA3NlYXJjaC55YWhvby5jb20EcG9zAzIEcHFzdHIDa2V5IGxhcmdvBHBxc3RybAM5BHFzdHJsAzQ1BHF1ZXJ5A2tleSUyMGxhcmdvJTIwYmF5JTIwbWFycmlvdHQlMjBiZWFjaCUyMHJlc29ydAR0X3N0bXADMTUwNTA0ODcwNAR2dGVzdGlkAw--;3964;1;0
theweststreethotel.com-0115-2017Redesign;en-US;https://www.google.com/;36683;1;0
Marriottkeylargo.com-0015-2014Redesign;en-US;https://www.google.ca/;3957;1;0
Broadmoor.com-0073-2016Redesign;en-US;https://www.google.com/;18293;1;0
Cphollywoodbeach.com-0032-2015Redesign;en-US;https://www.google.com/;7831;1;0
Longboatkeyclub.com-0104-2017Redesign;en-US;https://www.google.ca/;28364;1;0
Longboatkeyclub.com-0104-2017Redesign;en-US;https://worldcam.eu/webcams/north-america/florida-usa/15728;28317;1;0
Cphollywoodbeach.com-0032-2015Redesign;en-US;https://www.google.com/;7831;1;0
Cphollywoodbeach.com-0032-2015Redesign;en-US;https://www.google.com/;7831;1;0
Marriottkeylargo.com-0015-2014Redesign;en-US;http://www.beachcamsusa.com/fl/key-largo/key-largo-marriott-bay-resort-live-webcam;3948;1;0
Cphollywoodbeach.com-0032-2015Redesign;en-US;https://www.sunny.org/webcam/;7831;1;0
Marriottkeylargo.com-0015-2014Redesign;en-US;http://surfinggator.com/florida-keys/live-cams/live-cams.html;3948;1;0
Marriottkeylargo.com-0015-2014Redesign;en-US;http://surfinggator.com/florida-keys/live-cams/live-cams.html;3964;1;0
Cphollywoodbeach.com-0032-2015Redesign;en-US;http://www.google.com/;7831;1;0
Monarchbeachresort.com-0092-2016Redesign;en-US;http://m.facebook.com/;36747;1;0
Marriottkeylargo.com-0015-2014Redesign;en-US;http://florida-webcams.com/florida-keys/key-largo-webcams/;3948;1;0
Marriottkeylargo.com-0015-2014Redesign;en-US;http://florida-webcams.com/florida-keys/key-largo-webcams/;3964;1;0
Hi-nyc.com-0108-2017Redesogm;en-US;https://www.google.com/;30080;1;0
Thelodgeatwoodloch.com-0033-2015Redesign;en-US;http://search.tb.ask.com/search/GGmain.jhtml;7764;1;0
Cphollywoodbeach.com-0032-2015Redesign;en-US;https://www.google.com/;7831;1;0
Broadmoor.com-0073-2016Redesign;en-US;https://www.google.com/;16721;1;0
Longboatkeyclub.com-0104-2017Redesign;en-US;https://www.google.com/;35641;1;0
Longboatkeyclub.com-0104-2017Redesign;en-US;https://www.google.com/;35641;1;0
