Chrco.com-0107-2017Redesign;en-US;https://www.google.com/;29280;1;0
Samosetresort.com-0113-2017Redesign;en-US;http://198.91.42.188/;32541;1;0
Opalsands.com-0084-2016Redesign;en-US;http://www.beachtourism.com/opalsandsresort/;20171;1;0
Broadmoor.com-0073-2016Redesign;en-US;https://www.google.com/;16721;1;0
Cphollywoodbeach.com-0032-2015Redesign;en-US;https://www.google.ca/;7805;1;0
Samosetresort.com-0113-2017Redesign;en-US;http://www.pinterest.com/pin/182255116153138923;32541;1;0
Samosetresort.com-0113-2017Redesign;en-US;http://www.pinterest.com/pin/182255116153138923;32541;1;0
Broadmoor.com-0073-2016Redesign;en-US;http://login.nomadix.com:1111/web/portal.html;16724;1;0
Galthouse.com-0042-2015Redesign;en-US;http://m.facebook.com/;31905;1;0
Broadmoor.com-0073-2016Redesign;en-US;http://login.nomadix.com:1111/web/portal.html;16724;1;0
Galthouse.com-0042-2015Redesign;en-US;http://m.facebook.com/;31905;1;0
Edgewaternaples.com-0094-2016Redesign;en-US;https://www.google.ca/;25239;1;0
Edgewaternaples.com-0094-2016Redesign;en-US;https://www.google.ca/;25239;1;0
Broadmoor.com-0073-2016Redesign;en-US;https://www.google.com/;16721;1;0
Broadmoor.com-0073-2016Redesign;en-US;https://www.google.com/;16721;1;0
Broadmoor.com-0073-2016Redesign;en-US;https://www.google.com/;16763;1;0
Thelodgeatwoodloch.com-0033-2015Redesign;en-US;https://www.google.com/;9847;1;0
theweststreethotel.com-0115-2017Redesign;en-US;https://www.google.com/;36683;1;0
Monarchbeachresort.com-0092-2016Redesign;en-US;http://m.facebook.com/;22992;1;0
Secretharbourvi.com-0040-2015Redesign;en-US;https://www.google.com/;9231;1;0
Thesagamore.com-0112-2017Redesign;en-US;https://r.search.yahoo.com/_ylt=AwrBT9AWNLhZbZgAmIFx.9w4##SEMICOLONDELIMITER##_ylu=X3oDMTByOHZyb21tBGNvbG8DYmYxBHBvcwMxBHZ0aWQDBHNlYwNzcg--/RV=2/RE=1505272982/RO=10/RU=https%3a//www.thesagamore.com/offers//RK=1/RS=ufurIJjSC0VnVQqkiBtfLaNsDvs-;32346;1;0
theweststreethotel.com-0115-2017Redesign;en-US;https://www.google.com/;36683;1;0
Amzak.com-0023-2014Redesign;en-US;https://www.google.com/;3739;1;0
Samosetresort.com-0113-2017Redesign;en-US;https://www.google.com/;32541;1;0
Monarchbeachresort.com-0092-2016Redesign;en-US;http://m.facebook.com/;22992;1;0
Thesagamore.com-0112-2017Redesign;en-US;https://www.google.com/;32347;1;0
Broadmoor.com-0073-2016Redesign;en-US;http://login.nomadix.com:1111/web/portal.html;16724;1;0
Longboatkeyclub.com-0104-2017Redesign;en-US;https://www.google.com/;28316;1;0
Cphollywoodbeach.com-0032-2015Redesign;en-US;http://64.135.26.44/;7805;1;0
Broadmoor.com-0073-2016Redesign;en-US;http://login.nomadix.com:1111/web/portal.html;16724;1;0
Monarchbeachresort.com-0092-2016Redesign;en-US;https://www.google.com/;22725;1;0
Thelodgeatwoodloch.com-0033-2015Redesign;en-US;http://lodgeatwoodlock.com/;7764;1;0
Theharborsidehotel.com-0114-2017Redesign;en-US;https://www.google.com/;37571;1;0
Theharborsidehotel.com-0114-2017Redesign;en-US;https://www.google.com/;37571;1;0
Sandpearl.com-0091-2016Redesign;en-US;https://www.google.com/;22481;1;0
Theharborsidehotel.com-0114-2017Redesign;en-US;https://www.google.com/;37571;1;0
Sandpearl.com-0091-2016Redesign;en-US;https://www.google.com/;22481;1;0
Cphollywoodbeach.com-0032-2015Redesign;en-US;http://www.google.com/;7831;1;0
Broadmoor.com-0073-2016Redesign;en-US;https://www.bing.com/;18485;1;0
Sandpearl.com-0091-2016Redesign;en-US;https://search.yahoo.com/;22481;1;0
Monarchbeachresort.com-0092-2016Redesign;en-US;https://www.google.com/;22725;1;0
Monarchbeachresort.com-0092-2016Redesign;en-US;http://m.facebook.com/;22992;1;0
Broadmoor.com-0073-2016Redesign;en-US;http://m.facebook.com/;16793;1;0
Montaukyachtclub.com-0010-2014Redesign;en-US;http://m.facebook.com/;2240;1;0
wentworthcom00212014redesign;en-US;https://www.google.com/;4250;1;0
Thesagamore.com-0112-2017Redesign;en-US;https://www.google.com/;32339;1;0
Thelodgeatwoodloch.com-0033-2015Redesign;en-US;https://www.google.com/;9847;1;0
Edgewaternaples.com-0094-2016Redesign;en-US;https://www.google.com/;25239;1;0
Opalsands.com-0084-2016Redesign;en-US;https://www.google.com/;20171;1;0
Broadmoor.com-0073-2016Redesign;en-US;https://www.google.com/;16738;1;0
wentworthcom00212014redesign;en-US;https://www.google.com/;26679;1;0
wentworthcom00212014redesign;en-US;https://www.google.com/;26679;1;0
Opalsands.com-0084-2016Redesign;en-US;https://www.google.com/;20171;1;0
Thesagamore.com-0112-2017Redesign;en-US;https://www.google.com/;32339;1;0
Cphollywoodbeach.com-0032-2015Redesign;en-US;http://www.beachcamsusa.com/fl/hollywood/crowne-plaza-webcam-from-hollywood-fl;7831;1;0
Galthouse.com-0042-2015Redesign;en-US;http://www.google.com/;10923;1;0
Galthouse.com-0042-2015Redesign;en-US;http://www.google.com/;10923;1;0
Cphollywoodbeach.com-0032-2015Redesign;en-US;https://www.sunny.org/webcam/;7831;1;0
Zotabeachresort.com-0090-2016Redesign;en-US;https://www.google.com.co/;22357;1;0
theweststreethotel.com-0115-2017Redesign;en-US;http://www.acadiamagic.com/acadia-lodging/;36683;1;0
Galthouse.com-0042-2015Redesign;en-US;https://www.google.com/;31905;1;0
