Lakeplacidlodge.com-0105-2017Redesign;en-US;http://adirondackcabins.com/the-lake-placid-lodge/;28545;1;0
Broadmoor.com-0073-2016Redesign;en-US;http://tpc.googlesyndication.com/safeframe/1-0-10/html/container.html;16728;1;0
theweststreethotel.com-0115-2017Redesign;en-US;http://www.ophotels.com/locator/;36683;1;0
wentworthcom00212014redesign;en-US;http://dobranich.com/catalog/15/;26679;1;0
wentworthcom00212014redesign;en-US;https://www.tvoysad.ru/other/ostorozhno-zlovonnye-tsvety.html;26679;1;0
wentworthcom00212014redesign;en-US;http://artgrand.com.ua/product/odessa/derevyannyye-dveri/;26679;1;0
wentworthcom00212014redesign;en-US;http://pipslee.com/;26679;1;0
wentworthcom00212014redesign;en-US;http://autoservice36.ru/remont-rulevyx-reek/;26679;1;0
Broadmoor.com-0073-2016Redesign;en-US;https://www.google.com/;16790;1;0
Thecurtis.com-0079-2016Redesign;en-US;https://www.google.com/;17981;1;0
saddlebrook.com-0011-2014Redesign;en-US;https://www.google.com/;3385;1;0
Luxehotels.com-0078-2016Redesign;en-US;http://search.twcc.com/;18833;1;0
Unionstationhotelnashville.com-0047-2015Redesign;en-US;https://duckduckgo.com/;32226;1;0
Broadmoor.com-0073-2016Redesign;en-US;https://www.google.com/;33871;1;0
Halcyonhotelcherrycreek.com-0061-2015Redesign;en-US;https://uncrate.com/;22121;1;0
Glencovemansion.com-0058-2015Redesign;en-US;https://www.everafterguide.net/;13328;1;0
Broadmoor.com-0073-2016Redesign;en-US;https://www.google.com/;21858;1;0
Unionstationhotelnashville.com-0047-2015Redesign;en-US;http://www.zdsearch.com/smartsearch;32226;1;0
Unionstationhotelnashville.com-0047-2015Redesign;en-US;https://www.google.com/;24218;1;0
Monarchbeachresort.com-0092-2016Redesign;en-US;https://www.google.com/;22725;1;0
Broadmoor.com-0073-2016Redesign;en-US;http://cograilway.com/faq.asp;18259;1;0
Treasureislandbeachresort.com-0089-2016Redesign;en-US;https://www.google.com/;22169;1;0
Galthouse.com-0042-2015Redesign;en-US;http://m.facebook.com/;31905;1;0
Oxfordclubspa.com-0068-2016Redesign;en-US;http://m.facebook.com/;15599;1;0
Luxehotels.com-0078-2016Redesign;en-US;https://www.google.com.au/;18833;1;0
Sandpearl.com-0091-2016Redesign;en-US;http://www.baidu.com/;22481;1;0
Sandpearl.com-0091-2016Redesign;en-US;http://www.baidu.com/;22481;1;0
Marriottkeylargo.com-0015-2014Redesign;en-US;http://www.ophotels.com/locator/;3948;1;0
Marriottdelraybeach.com-0009-2014Redesign;en-US;http://www.ophotels.com/locator/;2829;1;0
wentworthcom00212014redesign;en-US;http://www.ophotels.com/locator/;26679;1;0
Marriottkeylargo.com-0015-2014Redesign;en-US;http://www.ophotels.com/locator/;3964;1;0
Marriottdelraybeach.com-0009-2014Redesign;en-US;http://www.ophotels.com/locator/;2845;1;0
wentworthcom00212014redesign;en-US;http://www.ophotels.com/locator/;4259;1;0
Broadmoor.com-0073-2016Redesign;en-US;https://www.google.com/;21232;1;0
Lidobeachresort.com-0106-2017Redesign;en-US;http://www.ophotels.com/locator/;28666;1;0
Lakeplacidlodge.com-0105-2017Redesign;en-US;http://www.ophotels.com/locator/;28545;1;0
Jupiterbeachresort.com-0103-2017Redesign;en-US;http://www.ophotels.com/locator/;28158;1;0
Thesagamore.com-0112-2017Redesign;en-US;http://www.ophotels.com/locator/;32339;1;0
Delraysandsresort.com-0097-2016Redesign;en-US;http://www.ophotels.com/locator/;27232;1;0
Samosetresort.com-0113-2017Redesign;en-US;http://www.ophotels.com/locator/;32541;1;0
Jupiterbeachresort.com-0103-2017Redesign;en-US;https://www.google.com/;28158;1;0
theweststreethotel.com-0115-2017Redesign;en-US;http://www.ophotels.com/locator/;36683;1;0
Samosetresort.com-0113-2017Redesign;en-US;http://www.ophotels.com/locator/;32541;1;0
Theharborsidehotel.com-0114-2017Redesign;en-US;http://www.ophotels.com/locator/;37571;1;0
Washingtoncourthotel.com-0076-2016Redesign;en-US;https://sovrtehn.ru/category/production/;17858;1;0
Longboatkeyclub.com-0104-2017Redesign;en-US;http://www.ophotels.com/locator/;35641;1;0
wentworthcom00212014redesign;en-US;https://www.google.com/;4249;1;0
Casaybelresort.com-0002-2014Redesign;en-US;http://www.google.com/;1604;1;0
Broadmoor.com-0073-2016Redesign;en-US;http://www.sunset.com/travel/family-vacation-ideas;16721;1;0
Broadmoor.com-0073-2016Redesign;en-US;http://www.sunset.com/travel/family-vacation-ideas;16721;1;0
Thesagamore.com-0112-2017Redesign;en-US;http://www.lakegeorge.com/lodging/indoor-pool/;32339;1;0
Thesagamore.com-0112-2017Redesign;en-US;http://www.lakegeorge.com/lodging/indoor-pool/;32339;1;0
Residenceinnnyc.com-0034-2015Redesign;en-US;https://www.google.com/;7926;1;0
