Broadmoor.com-0073-2016Redesign;en-US;https://www.bing.com/;21230;1;0
Broadmoor.com-0073-2016Redesign;en-US;https://duckduckgo.com/;16761;1;0
Theoxfordhotel.com-0062-2015Redesign;en-US;http://pc-services.ru/;14325;1;0
Cocokeyorlando.com-0059-2015Redesign;en-US;https://res.windsurfercrs.com/ibe/cart.aspx;12394;1;0
Lidobeachresort.com-0106-2017Redesign;en-US;https://www.google.com.ph/;28666;1;0
theweststreethotel.com-0115-2017Redesign;en-US;https://www.google.com/;36683;1;0
Broadmoor.com-0073-2016Redesign;en-US;https://www.google.com/;23743;1;0
Thesagamore.com-0112-2017Redesign;en-US;https://www.google.com/;33444;1;0
saddlebrook.com-0011-2014Redesign;en-US;https://www.google.com/;3385;1;0
Theoxfordhotel.com-0062-2015Redesign;en-US;https://www.google.com/;14325;1;0
Sandpearl.com-0091-2016Redesign;en-US;https://www.google.com/;22481;1;0
Sandpearl.com-0091-2016Redesign;en-US;https://www.google.com/;22481;1;0
Glencovemansion.com-0058-2015Redesign;en-US;https://sajatvelemeny.com/;13328;1;0
Glencovemansion.com-0058-2015Redesign;en-US;https://sajatvelemeny.com/;13328;1;0
Broadmoor.com-0073-2016Redesign;en-US;http://antlers.com/local-area-guide.shtml;18259;1;0
Galthouse.com-0042-2015Redesign;en-US;http://m.facebook.com/;31905;1;0
Thelodgeatwoodloch.com-0033-2015Redesign;en-US;https://www.google.com/;7764;1;0
Galthouse.com-0042-2015Redesign;en-US;http://m.facebook.com/;31905;1;0
Halcyonhotelcherrycreek.com-0061-2015Redesign;en-US;https://www.google.com/;23287;1;0
Halcyonhotelcherrycreek.com-0061-2015Redesign;en-US;https://www.google.com/;22121;1;0
theweststreethotel.com-0115-2017Redesign;en-US;https://www.bing.com/;36683;1;0
Lehotels.com-0049-2015Transfer;en-US;https://www.foxweber.com/;12108;1;0
Secretharbourvi.com-0040-2015Redesign;en-US;https://www.google.com/;9231;1;0
Oxfordclubspa.com-0068-2016Redesign;en-US;https://www.google.com/;15568;1;0
Thelodgeatwoodloch.com-0033-2015Redesign;en-US;https://www.google.com/;7764;1;0
Thesagamore.com-0112-2017Redesign;en-US;https://www.google.com/;32339;1;0
Halcyonhotelcherrycreek.com-0061-2015Redesign;en-US;https://www.google.com/;23287;1;0
Broadmoor.com-0073-2016Redesign;en-US;http://m.facebook.com/;18013;1;0
Luxehotels.com-0078-2016Redesign;en-US;https://www.google.com/;18830;1;0
Marriottkeylargo.com-0015-2014Redesign;en-US;http://surfinggator.com/florida-keys/live-cams/live-cams.html;3948;1;0
Marriottkeylargo.com-0015-2014Redesign;en-US;http://surfinggator.com/florida-keys/live-cams/live-cams.html;3964;1;0
Springhillsuitesdenver.com-0060-2015Redesign;en-US;https://www.bing.com/;12333;1;0
Opalsands.com-0084-2016Redesign;en-US;http://celebrationsoftampabay.com/;20171;1;0
Opalsands.com-0084-2016Redesign;en-US;http://celebrationsoftampabay.com/;20171;1;0
theweststreethotel.com-0115-2017Redesign;en-US;https://www.bing.com/;36683;1;0
Opalsands.com-0084-2016Redesign;en-US;https://www.google.com/;20171;1;0
Broadmoor.com-0073-2016Redesign;en-US;https://www.google.com/;16721;1;0
Broadmoor.com-0073-2016Redesign;en-US;https://www.google.com/;16721;1;0
Samosetresort.com-0113-2017Redesign;en-US;https://www.google.ca/;32541;1;0
Monarchbeachresort.com-0092-2016Redesign;en-US;https://www.google.com/;22725;1;0
Samosetresort.com-0113-2017Redesign;en-US;https://www.google.ca/;32541;1;0
Luxehotels.com-0078-2016Redesign;en-US;https://www.google.com/;18833;1;0
Secretharbourvi.com-0040-2015Redesign;en-US;https://imedservice.com/program/koronarnaya-nedostatochnost/konservativnaya-terapiya-5/;9231;1;0
Secretharbourvi.com-0040-2015Redesign;en-US;http://inteh-spb.ru/o-kompanii/sotrudnichestvo.html;9231;1;0
Secretharbourvi.com-0040-2015Redesign;en-US;http://www.v-doroguspb.ru/shop.php;9231;1;0
Secretharbourvi.com-0040-2015Redesign;en-US;http://eesti.spb.ru/ru/;9231;1;0
saddlebrook.com-0011-2014Redesign;en-US;https://www.google.com/;3385;1;0
Galthouse.com-0042-2015Redesign;en-US;https://www.google.com/;10055;1;0
