Cphollywoodbeach.com-0032-2015Redesign;en-US;https://www.sunny.org/webcam/;7831;1;0
Marriottkeylargo.com-0015-2014Redesign;en-US;http://www.fla-keys.com/webcams/marriott-key-largo-bay/;3948;1;0
Marriottkeylargo.com-0015-2014Redesign;en-US;http://www.fla-keys.com/webcams/marriott-key-largo-bay/;3964;1;0
Cphollywoodbeach.com-0032-2015Redesign;en-US;https://www.bing.com/;7831;1;0
Cphollywoodbeach.com-0032-2015Redesign;en-US;https://www.sunny.org/webcam/;7831;1;0
Cphollywoodbeach.com-0032-2015Redesign;en-US;https://www.sunny.org/webcam/;7831;1;0
wentworthcom00212014redesign;en-US;https://www.google.com/;26679;1;0
Cphollywoodbeach.com-0032-2015Redesign;en-US;https://www.sunny.org/webcam/;7831;1;0
Delraysandsresort.com-0097-2016Redesign;en-US;https://reservations.delraysandsresort.com/delraysandsresort/availability.asp;28289;1;0
Cphollywoodbeach.com-0032-2015Redesign;en-US;https://www.sunny.org/webcam/;7831;1;0
Longboatkeyclub.com-0104-2017Redesign;en-US;http://www.baysider.com/frame/webcam/4120/;35641;1;0
Cphollywoodbeach.com-0032-2015Redesign;en-US;https://www.sunny.org/webcam/;7831;1;0
Cphollywoodbeach.com-0032-2015Redesign;en-US;https://www.google.com/;7831;1;0
Marriottkeylargo.com-0015-2014Redesign;en-US;http://www.beachcamsusa.com/fl/key-largo/key-largo-marriott-bay-resort-live-webcam;3948;1;0
Marriottkeylargo.com-0015-2014Redesign;en-US;https://www.bing.com/;3948;1;0
Cphollywoodbeach.com-0032-2015Redesign;en-US;http://www.beachcamsusa.com/fl/hollywood/crowne-plaza-webcam-from-hollywood-fl;7831;1;0
Cphollywoodbeach.com-0032-2015Redesign;en-US;http://www.google.com/;7831;1;0
Cphollywoodbeach.com-0032-2015Redesign;en-US;https://www.sunny.org/webcam/;7831;1;0
Cphollywoodbeach.com-0032-2015Redesign;en-US;https://www.sunny.org/webcam/;7831;1;0
Theloganhotel.com-0043-2015Redesign;en-US;https://www.google.com/;15962;1;0
Lidobeachresort.com-0106-2017Redesign;en-US;http://l.facebook.com/l.php;28667;1;0
Lidobeachresort.com-0106-2017Redesign;en-US;http://l.facebook.com/l.php;28667;1;0
Cphollywoodbeach.com-0032-2015Redesign;en-US;https://www.sunny.org/webcam/;7831;1;0
Theharborsidehotel.com-0114-2017Redesign;en-US;android-app://com.google.android.googlequicksearchbox/;38028;1;0
Cphollywoodbeach.com-0032-2015Redesign;en-US;https://www.google.com/;7831;1;0
Broadmoor.com-0073-2016Redesign;en-US;http://m.facebook.com/;18014;1;0
Thesagamore.com-0112-2017Redesign;en-US;http://www.google.com/;32339;1;0
Thecurtis.com-0079-2016Redesign;en-US;https://www.google.com/;17981;1;0
Thesagamore.com-0112-2017Redesign;en-US;http://www.google.com/;32339;1;0
Broadmoor.com-0073-2016Redesign;en-US;https://www.google.com/;18259;1;0
Lehotels.com-0049-2015Transfer;en-US;http://eventurer.no/;13503;1;0
Broadmoor.com-0073-2016Redesign;en-US;https://www.google.com/;18259;1;0
Galthouse.com-0042-2015Redesign;en-US;https://www.google.com/;25695;1;0
Marriottkeylargo.com-0015-2014Redesign;en-US;http://www.beachcamsusa.com/fl/key-largo/key-largo-marriott-bay-resort-live-webcam;3948;1;0
Marriottkeylargo.com-0015-2014Redesign;en-US;http://www.beachcamsusa.com/fl/key-largo/key-largo-marriott-bay-resort-live-webcam;3964;1;0
Cphollywoodbeach.com-0032-2015Redesign;en-US;http://www.earthcam.com/mapsearch/;7831;1;0
Longboatkeyclub.com-0104-2017Redesign;en-US;https://fr.worldcam.eu/webcams/north-america/florida-usa/15728;28317;1;0
Samosetresort.com-0113-2017Redesign;en-US;http://www.visit-maine.com/state/romantic-getaways/;32541;1;0
Samosetresort.com-0113-2017Redesign;en-US;http://www.visit-maine.com/state/romantic-getaways/;32541;1;0
Longboatkeyclub.com-0104-2017Redesign;en-US;https://www.google.ca/;28364;1;0
Broadmoor.com-0073-2016Redesign;en-US;https://www.google.com/;18259;1;0
Longboatkeyclub.com-0104-2017Redesign;en-US;https://www.google.ca/;28364;1;0
Marriottkeylargo.com-0015-2014Redesign;en-US;http://www.beachcamsusa.com/fl/key-largo/key-largo-marriott-bay-resort-live-webcam;3948;1;0
Cphollywoodbeach.com-0032-2015Redesign;en-US;http://www.beachcamsusa.com/fl/hollywood/crowne-plaza-webcam-from-hollywood-fl;7831;1;0
Cphollywoodbeach.com-0032-2015Redesign;en-US;http://www.beachcamsusa.com/fl/hollywood/crowne-plaza-webcam-from-hollywood-fl;7831;1;0
Edgewaternaples.com-0094-2016Redesign;en-US;http://search.myway.com/search/GGmain.jhtml;25239;1;0
Cphollywoodbeach.com-0032-2015Redesign;en-US;https://www.sunny.org/webcam/;7831;1;0
Cphollywoodbeach.com-0032-2015Redesign;en-US;https://www.google.be/;7831;1;0
Thesagamore.com-0112-2017Redesign;en-US;https://www.google.ca/;32339;1;0
Broadmoor.com-0073-2016Redesign;en-US;https://www.google.com/;20418;1;0
Secretharbourvi.com-0040-2015Redesign;en-US;https://www.google.com/;9231;1;0
Broadmoor.com-0073-2016Redesign;en-US;https://www.google.com/;33871;1;0
Cphollywoodbeach.com-0032-2015Redesign;en-US;https://www.sunny.org/webcam/;7831;1;0
Sandylane.com-0075-2016Redesign;en-US;https://www.google.co.uk/;17611;1;0
