Cphollywoodbeach.com-0032-2015Redesign;en-US;https://www.google.com/;7831;1;0
Luxehotels.com-0078-2016Redesign;en-US;https://www.google.com/;18830;1;0
Opalsands.com-0084-2016Redesign;en-US;http://www.beachtourism.com/opalsandsresort/;20171;1;0
Courtyardportlandcitycenter.com-0063-2015Redesign;en-US;https://www.google.com/;14545;1;0
Galthouse.com-0042-2015Redesign;en-US;https://www.google.com/;31905;1;0
Galthouse.com-0042-2015Redesign;en-US;https://www.google.com/;31905;1;0
Broadmoor.com-0073-2016Redesign;en-US;https://www.google.com/;16721;1;0
Thesagamore.com-0112-2017Redesign;en-US;https://www.google.com/;32339;1;0
Cphollywoodbeach.com-0032-2015Redesign;en-US;https://www.google.com/;7831;1;0
Cphollywoodbeach.com-0032-2015Redesign;en-US;https://www.google.com/;7831;1;0
Casaybelresort.com-0002-2014Redesign;en-US;http://r.search.yahoo.com/_ylt=AwrBTz_B4bVZ1Y0AofHBGOd_##SEMICOLONDELIMITER##_ylu=X3oDMTBydDI5cXVuBGNvbG8DYmYxBHBvcwM2BHZ0aWQDBHNlYwNzcg--/RV=2/RE=1505120834/RO=10/RU=http%3a//www.casaybelresort.com/web-cam//RK=1/RS=rtR6pTUPXW26QQi6A.SCs8EExrc-;1613;1;0
Kittitianhill.com-0012-2014Redesign;en-US;https://www.google.com/;2236;1;0
Cphollywoodbeach.com-0032-2015Redesign;en-US;https://www.sunny.org/webcam/;7831;1;0
Galthouse.com-0042-2015Redesign;en-US;https://www.google.com/;31905;1;0
Broadmoor.com-0073-2016Redesign;en-US;http://m.facebook.com/;16790;1;0
Galthouse.com-0042-2015Redesign;en-US;https://www.google.com/;31905;1;0
Casaybelresort.com-0002-2014Redesign;en-US;http://www.google.com/search;1571;1;0
shop.broadmoor.com-0096-2016ShoppingCart;en-US;https://www.google.com/;26987;1;0
Galthouse.com-0042-2015Redesign;en-US;http://m.facebook.com/;31905;1;0
Cphollywoodbeach.com-0032-2015Redesign;en-US;https://www.google.ca/;7831;1;0
Cphollywoodbeach.com-0032-2015Redesign;en-US;https://www.google.ca/;7831;1;0
Cphollywoodbeach.com-0032-2015Redesign;en-US;http://r.search.yahoo.com/_ylt=A0LEV1jt4LVZdSYAjllx.9w4##SEMICOLONDELIMITER##_ylu=X3oDMTBydWNmY2MwBGNvbG8DYmYxBHBvcwM0BHZ0aWQDBHNlYwNzcg--/RV=2/RE=1505120622/RO=10/RU=http%3a//www.cphollywoodbeach.com/gallery/web-cam//RK=1/RS=_POtRalLX6Dz3YmFHXsIp3zZnxk-;7831;1;0
Cphollywoodbeach.com-0032-2015Redesign;en-US;android-app://com.google.android.googlequicksearchbox/;7831;1;0
Halcyonhotelcherrycreek.com-0061-2015Redesign;en-US;https://www.bing.com/;23287;1;0
saddlebrook.com-0011-2014Redesign;en-US;https://www.google.com/;3385;1;0
Cphollywoodbeach.com-0032-2015Redesign;en-US;https://www.sunny.org/webcam/;7831;1;0
Oxfordclubspa.com-0068-2016Redesign;en-US;https://www.google.com/;15568;1;0
Cphollywoodbeach.com-0032-2015Redesign;en-US;https://www.sunny.org/webcam/;7831;1;0
Casaybelresort.com-0002-2014Redesign;en-US;http://surfinggator.com/fort-myers/cams/cams.html;1613;1;0
Casaybelresort.com-0002-2014Redesign;en-US;http://surfinggator.com/fort-myers/cams/cams.html;1613;1;0
Casaybelresort.com-0002-2014Redesign;en-US;http://surfinggator.com/fort-myers/cams/cams.html;1613;1;0
Cphollywoodbeach.com-0032-2015Redesign;en-US;https://www.google.com/;7831;1;0
Broadmoor.com-0073-2016Redesign;en-US;https://r.search.yahoo.com/_ylt=A0LEVzWI4bVZK0oAIBXBGOd_##SEMICOLONDELIMITER##_ylu=X3oDMTByOHZyb21tBGNvbG8DYmYxBHBvcwMxBHZ0aWQDBHNlYwNzcg--/RV=2/RE=1505120777/RO=10/RU=https%3a//www.broadmoor.com//RK=1/RS=.ycav9E1zSNCr2srplvFhJGjbcI-;16721;1;0
Thelodgeatwoodloch.com-0033-2015Redesign;en-US;http://r.search.yahoo.com/_ylt=AwrBT_wE4rVZQvgAAKNXNyoA##SEMICOLONDELIMITER##_ylu=X3oDMTExcjZhcGFzBGNvbG8DYmYxBHBvcwMxBHZ0aWQDVUlDMV8xBHNlYwNzcg--/RV=2/RE=1505120900/RO=10/RU=http%3a//www.thelodgeatwoodloch.com//RK=1/RS=kHKxv0l4XACgfVWKrTsKn2_tUOg-;7764;1;0
Casaybelresort.com-0002-2014Redesign;en-US;http://www.google.com/;1613;1;0
Broadmoor.com-0073-2016Redesign;en-US;http://m.facebook.com/;18013;1;0
Thecurtis.com-0079-2016Redesign;en-US;https://www.google.com/;17981;1;0
Theoxfordhotel.com-0062-2015Redesign;en-US;https://www.google.com/;14346;1;0
Broadmoor.com-0073-2016Redesign;en-US;http://tpc.googlesyndication.com/safeframe/1-0-10/html/container.html;16728;1;0
Monarchbeachresort.com-0092-2016Redesign;en-US;http://m.facebook.com/;22992;1;0
Longboatkeyclub.com-0104-2017Redesign;en-US;http://www.kannerfeelthelove.com/location/;28316;1;0
Longboatkeyclub.com-0104-2017Redesign;en-US;http://www.kannerfeelthelove.com/location/;28316;1;0
Thesagamore.com-0112-2017Redesign;en-US;https://www.bing.com/;32339;1;0
Broadmoor.com-0073-2016Redesign;en-US;https://www.google.com/;16782;1;0
Sandylane.com-0075-2016Redesign;en-US;https://www.google.com/;17611;1;0
wentworthcom00212014redesign;en-US;android-app://com.google.android.googlequicksearchbox/;4311;1;0
Cphollywoodbeach.com-0032-2015Redesign;en-US;https://www.google.com/;7831;1;0
Unionstationhotelnashville.com-0047-2015Redesign;en-US;http://r.search.yahoo.com/_ylt=A0LEVr0Y4rVZEhgA5k8PxQt.##SEMICOLONDELIMITER##_ylu=X3oDMTByOHZyb21tBGNvbG8DYmYxBHBvcwMxBHZ0aWQDBHNlYwNzcg--/RV=2/RE=1505120921/RO=10/RU=http%3a//www.unionstationhotelnashville.com//RK=1/RS=y8.giyxTG8AGD.bOR1vTiudpFUc-;32226;1;0
Broadmoor.com-0073-2016Redesign;en-US;https://www.google.de/;18259;1;0
Thelodgeatwoodloch.com-0033-2015Redesign;en-US;http://www.google.com/;7764;1;0
Longboatkeyclub.com-0104-2017Redesign;en-US;https://www.google.com/;29848;1;0
Broadmoor.com-0073-2016Redesign;en-US;https://www.google.com/;16721;1;0
Thesagamore.com-0112-2017Redesign;en-US;https://www.google.com/;32348;1;0
Broadmoor.com-0073-2016Redesign;en-US;http://www.pikespeakcup.com/hotel-info/;16731;1;0
Hospitalityupgrade.com-0093-2016Redesign;en-US;https://www.google.com/;25405;1;0
Broadmoor.com-0073-2016Redesign;en-US;android-app://com.google.android.googlequicksearchbox/https/www.google.com;16721;1;0
Broadmoor.com-0073-2016Redesign;en-US;android-app://com.google.android.googlequicksearchbox/https/www.google.com;16721;1;0
Renaissancepittsburghpa.com-0044-2015Redesign;en-US;https://www.google.com/;9655;1;0
