Longboatkeyclub.com-0104-2017Redesign;en-US;https://www.google.com/;28317;1;0
Casaybelresort.com-0002-2014Redesign;en-US;https://www.google.co.uk/;1613;1;0
Marriottkeylargo.com-0015-2014Redesign;en-US;http://www.beachcamsusa.com/fl/key-largo/key-largo-marriott-bay-resort-live-webcam;3948;1;0
Marriottkeylargo.com-0015-2014Redesign;en-US;http://www.beachcamsusa.com/fl/key-largo/key-largo-marriott-bay-resort-live-webcam;3964;1;0
Marriottkeylargo.com-0015-2014Redesign;en-US;http://twooceansdigital.com/services/web-cams;3948;1;0
Marriottkeylargo.com-0015-2014Redesign;en-US;http://twooceansdigital.com/services/web-cams;3964;1;0
Casaybelresort.com-0002-2014Redesign;en-US;http://board.bestofsanibelcaptiva.com/viewtopic.php;1613;1;0
Marriottkeylargo.com-0015-2014Redesign;en-US;http://www.beachcamsusa.com/fl/key-largo/key-largo-marriott-bay-resort-live-webcam;3948;1;0
Marriottkeylargo.com-0015-2014Redesign;en-US;http://www.beachcamsusa.com/fl/key-largo/key-largo-marriott-bay-resort-live-webcam;3964;1;0
Cphollywoodbeach.com-0032-2015Redesign;en-US;https://www.sunny.org/webcam/;7831;1;0
Cocokeyorlando.com-0059-2015Redesign;en-US;http://www.google.co.uk/;12404;1;0
Residenceinnnyc.com-0034-2015Redesign;en-US;https://spb-plitka.ru/;7926;1;0
Denvercy.com-0036-2015Redesign;en-US;http://www.zahvat.ru/;8150;1;0
Residenceinnnyc.com-0034-2015Redesign;en-US;https://spb-plitka.ru/;7926;1;0
Monarchbeachresort.com-0092-2016Redesign;en-US;https://www.google.com/;22725;1;0
Denvercy.com-0036-2015Redesign;en-US;http://komp-pomosch.ru/;8150;1;0
Residenceinnnyc.com-0034-2015Redesign;en-US;http://pk-services.ru/;7926;1;0
Residenceinnnyc.com-0034-2015Redesign;en-US;http://pk-services.ru/;7926;1;0
Denvercy.com-0036-2015Redesign;en-US;http://komp-pomosch.ru/;8150;1;0
Cphollywoodbeach.com-0032-2015Redesign;en-US;https://www.sunny.org/webcam/;7831;1;0
Cphollywoodbeach.com-0032-2015Redesign;en-US;https://www.sunny.org/webcam/;7831;1;0
Opalsands.com-0084-2016Redesign;en-US;https://pl-top.pl/;20796;1;0
Opalsands.com-0084-2016Redesign;en-US;https://pl-top.pl/;20796;1;0
Cphollywoodbeach.com-0032-2015Redesign;en-US;http://search.myway.com/search/GGmain.jhtml;7831;1;0
