Longboatkeyclub.com-0104-2017Redesign;en-US;https://www.google.com/;28316;1;0
Longboatkeyclub.com-0104-2017Redesign;en-US;https://www.google.com.ar/;28316;1;0
Casaybelresort.com-0002-2014Redesign;en-US;https://www.google.com/;1613;1;0
Longboatkeyclub.com-0104-2017Redesign;en-US;https://www.google.com.ar/;28316;1;0
Glencovemansion.com-0058-2015Redesign;en-US;https://www.google.com.co/;13328;1;0
Cphollywoodbeach.com-0032-2015Redesign;en-US;https://www.google.com/;7831;1;0
Thecurtis.com-0079-2016Redesign;en-US;https://www.google.com/;17981;1;0
Washingtoncourthotel.com-0076-2016Redesign;en-US;https://www.google.com/;17858;1;0
Broadmoor.com-0073-2016Redesign;en-US;https://www.google.com.au/;16792;1;0
Chrco.com-0107-2017Redesign;en-US;https://www.google.com/;29280;1;0
Casaybelresort.com-0002-2014Redesign;en-US;https://www.google.com/;1533;1;0
Monarchbeachresort.com-0092-2016Redesign;en-US;https://www.google.com/;22979;1;0
Thesagamore.com-0112-2017Redesign;en-US;https://www.google.com/;32339;1;0
Montaukyachtclub.com-0010-2014Redesign;en-US;http://m.facebook.com/;2240;1;0
Marriottkeylargo.com-0015-2014Redesign;en-US;https://www.accuweather.com/en/us/new-york/satellite;3948;1;0
Cphollywoodbeach.com-0032-2015Redesign;en-US;https://www.sunny.org/webcam/;7831;1;0
Broadmoor.com-0073-2016Redesign;en-US;https://www.google.com/;16721;1;0
Broadmoor.com-0073-2016Redesign;en-US;https://www.google.com/;16721;1;0
Sandylane.com-0075-2016Redesign;en-US;https://www.google.com/;17611;1;0
Broadmoor.com-0073-2016Redesign;en-US;https://www.google.com/;16786;1;0
Unionstationhotelnashville.com-0047-2015Redesign;en-US;https://www.google.com/;32226;1;0
Broadmoor.com-0073-2016Redesign;en-US;http://www.webcrawler.com/search/web;16721;1;0
Theoxfordhotel.com-0062-2015Redesign;en-US;https://www.google.com/;14345;1;0
Sandylane.com-0075-2016Redesign;en-US;https://www.google.ca/;17611;1;0
Thecurtis.com-0079-2016Redesign;en-US;https://www.google.com/;17981;1;0
Samosetresort.com-0113-2017Redesign;en-US;http://search.azby.fmworld.net/websearch/search;35227;1;0
Lakeplacidlodge.com-0105-2017Redesign;en-US;https://www.thesagamore.com/;28545;1;0
Glencovemansion.com-0058-2015Redesign;en-US;https://www.google.com/;13328;1;0
Broadmoor.com-0073-2016Redesign;en-US;https://r.search.yahoo.com/_ylt=A0LEV1jaK7dZCOcAsE5x.9w4##SEMICOLONDELIMITER##_ylu=X3oDMTByOHZyb21tBGNvbG8DYmYxBHBvcwMxBHZ0aWQDBHNlYwNzcg--/RV=2/RE=1505205339/RO=10/RU=https%3a//www.broadmoor.com/dining/meet-the-chefs//RK=1/RS=SlglfNng3xeaa_Xbg9X.Bf6ONZQ-;16776;1;0
saddlebrook.com-0011-2014Redesign;en-US;android-app://com.google.android.googlequicksearchbox/https/www.google.com;3385;1;0
Glencovemansion.com-0058-2015Redesign;en-US;https://www.google.com/;13328;1;0
Casaybelresort.com-0002-2014Redesign;en-US;https://www.google.com/;1533;1;0
Broadmoor.com-0073-2016Redesign;en-US;http://tpc.googlesyndication.com/safeframe/1-0-10/html/container.html;16728;1;0
Broadmoor.com-0073-2016Redesign;en-US;https://www.google.com/maps/d/edit;18259;1;0
Thelodgeatwoodloch.com-0033-2015Redesign;en-US;https://www.google.com/;7764;1;0
Monarchbeachresort.com-0092-2016Redesign;en-US;https://www.google.com/;22725;1;0
Montaukyachtclub.com-0010-2014Redesign;en-US;http://aktobe.xkaz.org/;2240;1;0
Thecurtis.com-0079-2016Redesign;en-US;https://www.google.com/;17981;1;0
Broadmoor.com-0073-2016Redesign;en-US;https://www.bing.com/;18259;1;0
Cphollywoodbeach.com-0032-2015Redesign;en-US;https://www.google.com/;7831;1;0
