Thelodgeatwoodloch.com-0033-2015Redesign;en-US;https://www.google.com/;9801;1;0
Samosetresort.com-0113-2017Redesign;en-US;https://www.google.com/;32541;1;0
Broadmoor.com-0073-2016Redesign;en-US;http://www.google.com/;18259;1;0
Theloganhotel.com-0043-2015Redesign;en-US;http://tools.jackrabbitsystems.com/redirect;15047;1;0
Broadmoor.com-0073-2016Redesign;en-US;http://login.nomadix.com:1111/web/portal.html;16724;1;0
Broadmoor.com-0073-2016Redesign;en-US;https://www.google.com/;33871;1;0
Broadmoor.com-0073-2016Redesign;en-US;http://login.nomadix.com:1111/web/portal.html;16724;1;0
Broadmoor.com-0073-2016Redesign;en-US;https://www.google.com/;17335;1;0
Thelodgeatwoodloch.com-0033-2015Redesign;en-US;android-app://com.google.android.googlequicksearchbox/;8274;1;0
Monarchbeachresort.com-0092-2016Redesign;en-US;https://www.google.com/;22725;1;0
Amzak.com-0023-2014Redesign;en-US;https://www.google.com/;3745;1;0
Sandpearl.com-0091-2016Redesign;en-US;https://www.google.com/;22481;1;0
Thelodgeatwoodloch.com-0033-2015Redesign;en-US;https://www.poconomountains.com/listings/the-lodge-at-woodloch/3118/;7764;1;0
theweststreethotel.com-0115-2017Redesign;en-US;https://www.google.com/;36683;1;0
Broadmoor.com-0073-2016Redesign;en-US;http://www.marriott.com/hotels/local-things-to-do/coshs;18259;1;0
Abbingtonbanquets.com-0070-2016Redesign;en-US;https://ortomed24.ru/detskie-ortopedicheskie-stelki/344-polustelki-ortopedicheskie-detskie-st-261.html;15789;1;0
Broadmoor.com-0073-2016Redesign;en-US;http://tpc.googlesyndication.com/safeframe/1-0-10/html/container.html;16728;1;0
Amzak.com-0023-2014Redesign;en-US;https://www.google.com/;3745;1;0
Thelodgeatwoodloch.com-0033-2015Redesign;en-US;https://search.yahoo.com/;7782;1;0
Sandylane.com-0075-2016Redesign;en-US;https://www.google.ca/;17684;1;0
Thecrawfordhotel.com-0074-2016Redesign;en-US;https://www.google.com/;17145;1;0
Broadmoor.com-0073-2016Redesign;en-US;https://www.google.com/;23743;1;0
theweststreethotel.com-0115-2017Redesign;en-US;https://www.google.com/;36683;1;0
Monarchbeachresort.com-0092-2016Redesign;en-US;https://www.google.com/;22998;1;0
Thelodgeatwoodloch.com-0033-2015Redesign;en-US;https://mmostrike.ru/;11007;1;0
Thelodgeatwoodloch.com-0033-2015Redesign;en-US;https://mmostrike.ru/;11007;1;0
Thelodgeatwoodloch.com-0033-2015Redesign;en-US;https://mmostrike.ru/;11007;1;0
Broadmoor.com-0073-2016Redesign;en-US;https://www.bing.com/;18259;1;0
Monarchbeachresort.com-0092-2016Redesign;en-US;https://www.google.com/;22725;1;0
Broadmoor.com-0073-2016Redesign;en-US;http://login.nomadix.com:1111/web/portal.html;16724;1;0
Secretharbourvi.com-0040-2015Redesign;en-US;https://www.google.com/;9231;1;0
Broadmoor.com-0073-2016Redesign;en-US;http://login.nomadix.com:1111/web/portal.html;16724;1;0
Sandpearl.com-0091-2016Redesign;en-US;android-app://com.google.android.googlequicksearchbox/https/www.google.com;22481;1;0
Sandpearl.com-0091-2016Redesign;en-US;android-app://com.google.android.googlequicksearchbox/https/www.google.com;22481;1;0
Broadmoor.com-0073-2016Redesign;en-US;https://s0.2mdn.net/ads/richmedia/studio/pv2/60309275/20170831085612417/index.html;18010;1;0
Broadmoor.com-0073-2016Redesign;en-US;https://www.bing.com/;16721;1;0
Broadmoor.com-0073-2016Redesign;en-US;https://www.google.com/;18259;1;0
Thesagamore.com-0112-2017Redesign;en-US;https://www.google.com/;32339;1;0
Longboatkeyclub.com-0104-2017Redesign;en-US;https://www.google.co.uk/;28316;1;0
Thesagamore.com-0112-2017Redesign;en-US;https://www.google.com/;32339;1;0
Broadmoor.com-0073-2016Redesign;en-US;https://www.google.com/;21858;1;0
Theharborsidehotel.com-0114-2017Redesign;en-US;https://www.bing.com/;37571;1;0
Galthouse.com-0042-2015Redesign;en-US;http://www.google.com/;31905;1;0
Galthouse.com-0042-2015Redesign;en-US;http://www.google.com/;31905;1;0
Sandpearl.com-0091-2016Redesign;en-US;https://www.google.com/;22481;1;0
Sandpearl.com-0091-2016Redesign;en-US;https://www.google.com/;22481;1;0
Cphollywoodbeach.com-0032-2015Redesign;en-US;http://www.google.com/;7805;1;0
Thesagamore.com-0112-2017Redesign;en-US;https://www.google.com/;32347;1;0
Secretharbourvi.com-0040-2015Redesign;en-US;https://www.google.com/;9301;1;0
Treasureislandbeachresort.com-0089-2016Redesign;en-US;https://r.search.yahoo.com/_ylt=A0SO8w3J0K1ZnLoAxgFx.9w4##SEMICOLONDELIMITER##_ylu=X3oDMTEydTJyMzdmBGNvbG8DZ3ExBHBvcwMyBHZ0aWQDQjQ1OTBfMQRzZWMDc3I-/RV=2/RE=1504592202/RO=10/RU=https%3a//www.treasureislandbeachresort.com//RK=1/RS=H0AMoQedmYVfTGUDp9jF3WzElUc-;22169;1;0
Cocokeyorlando.com-0059-2015Redesign;en-US;http://www.google.com/;12410;1;0
Theloganhotel.com-0043-2015Redesign;en-US;http://tools.jackrabbitsystems.com/redirect;15047;1;0
Residenceinnlax.com-0026-2014Redesign;en-US;https://www.google.it/;5271;1;0
