Longboatkeyclub.com-0104-2017Redesign;en-US;http://www.baysider.com/frame/webcam/4120/;35641;1;0
Cphollywoodbeach.com-0032-2015Redesign;en-US;http://www.google.ca/;7831;1;0
Thelodgeatwoodloch.com-0033-2015Redesign;en-US;https://www.google.com/;9923;1;0
Monarchbeachresort.com-0092-2016Redesign;en-US;http://m.facebook.com/;26800;1;0
Jbdukehotel.com-0086-2016Redesign;en-US;https://www.google.com/;21918;1;0
Marriottkeylargo.com-0015-2014Redesign;en-US;https://www.google.com/;3948;1;0
Secretharbourvi.com-0040-2015Redesign;en-US;https://www.google.com/;9231;1;0
Marriottkeylargo.com-0015-2014Redesign;en-US;http://www.fla-keys.com/webcams/marriott-key-largo-bay/;3948;1;0
Marriottkeylargo.com-0015-2014Redesign;en-US;http://www.fla-keys.com/webcams/marriott-key-largo-bay/;3964;1;0
Cphollywoodbeach.com-0032-2015Redesign;en-US;https://www.sunny.org/webcam/;7831;1;0
Longboatkeyclub.com-0104-2017Redesign;en-US;https://www.google.com/;28316;1;0
Cphollywoodbeach.com-0032-2015Redesign;en-US;http://www.google.ca/;7831;1;0
Courtyardportlandcitycenter.com-0063-2015Redesign;en-US;https://www.google.com/;14545;1;0
Broadmoor.com-0073-2016Redesign;en-US;http://login.nomadix.com:1111/web/portal.html;16724;1;0
Broadmoor.com-0073-2016Redesign;en-US;http://login.nomadix.com:1111/web/portal.html;16724;1;0
Thesagamore.com-0112-2017Redesign;en-US;https://www.google.com/;32339;1;0
Cphollywoodbeach.com-0032-2015Redesign;en-US;https://www.sunny.org/webcam/;7831;1;0
Broadmoor.com-0073-2016Redesign;en-US;https://s0.2mdn.net/ads/richmedia/studio/pv2/60303817/20170816165225366/index.html;18010;1;0
Broadmoor.com-0073-2016Redesign;en-US;https://www.google.com/;23743;1;0
Broadmoor.com-0073-2016Redesign;en-US;https://www.google.com/;16765;1;0
theweststreethotel.com-0115-2017Redesign;en-US;https://www.google.com/;37486;1;0
Cphollywoodbeach.com-0032-2015Redesign;en-US;https://www.google.com/;7831;1;0
Jbdukehotel.com-0086-2016Redesign;en-US;https://www.google.com/;21918;1;0
Broadmoor.com-0073-2016Redesign;en-US;https://www.pinterest.com/search/pins/;18259;1;0
Broadmoor.com-0073-2016Redesign;en-US;https://www.google.com/;16721;1;0
Broadmoor.com-0073-2016Redesign;en-US;https://www.google.com/;16721;1;0
Broadmoor.com-0073-2016Redesign;en-US;http://tpc.googlesyndication.com/safeframe/1-0-10/html/container.html;16728;1;0
Cphollywoodbeach.com-0032-2015Redesign;en-US;https://www.sunny.org/webcam/;7831;1;0
Broadmoor.com-0073-2016Redesign;en-US;http://tpc.googlesyndication.com/safeframe/1-0-10/html/container.html;16728;1;0
wentworthcom00212014redesign;en-US;http://www.zahvat.ru/;4309;1;0
Broadmoor.com-0073-2016Redesign;en-US;http://tpc.googlesyndication.com/safeframe/1-0-10/html/container.html;16728;1;0
wentworthcom00212014redesign;en-US;http://www.zahvat.ru/;4309;1;0
wentworthcom00212014redesign;en-US;http://www.zahvat.ru/;4309;1;0
Thecrawfordhotel.com-0074-2016Redesign;en-US;https://www.google.com/;17667;1;0
wentworthcom00212014redesign;en-US;http://komp-pomosch.ru/;4309;1;0
wentworthcom00212014redesign;en-US;http://komp-pomosch.ru/;4309;1;0
Thelodgeatwoodloch.com-0033-2015Redesign;en-US;https://www.google.com/;7764;1;0
wentworthcom00212014redesign;en-US;http://komp-pomosch.ru/;4309;1;0
Broadmoor.com-0073-2016Redesign;en-US;https://www.google.com/;18188;1;0
Broadmoor.com-0073-2016Redesign;en-US;https://www.google.com/;16721;1;0
Luxehotels.com-0078-2016Redesign;en-US;https://www.google.com/;18833;1;0
Cphollywoodbeach.com-0032-2015Redesign;en-US;https://www.google.com/;7831;1;0
Monarchbeachresort.com-0092-2016Redesign;en-US;https://www.google.com/;22725;1;0
Broadmoor.com-0073-2016Redesign;en-US;http://tpc.googlesyndication.com/safeframe/1-0-10/html/container.html;16728;1;0
wentworthcom00212014redesign;en-US;https://www.google.com/;4309;1;0
Cphollywoodbeach.com-0032-2015Redesign;en-US;https://www.sunny.org/webcam/;7831;1;0
Oxfordclubspa.com-0068-2016Redesign;en-US;http://m.facebook.com/;15568;1;0
Broadmoor.com-0073-2016Redesign;en-US;https://www.google.com/;16770;1;0
Marriottkeylargo.com-0015-2014Redesign;en-US;http://surfinggator.com/florida-keys/live-cams/live-cams.html;3948;1;0
