Secretharbourvi.com-0040-2015Redesign;en-US;http://14b.info/;9231;1;0
Cendyn.com-0095-2016Redesign;en-US;http://nextrent-crimea.ru/;26640;1;0
Cendyn.com-0095-2016Redesign;en-US;http://nextrent-crimea.ru/;26640;1;0
Sandpearl.com-0091-2016Redesign;en-US;https://googleads.g.doubleclick.net/pagead/render_post_ads_v1.html;22481;1;0
Edgewaternaples.com-0094-2016Redesign;en-US;http://www.naplesairportshuttle.com/shuttle/airport_shuttle_naples_to_edgewater_beach_hotel.htm;25239;1;0
Samosetresort.com-0113-2017Redesign;en-US;https://www.google.com/;35285;1;0
Sandylane.com-0075-2016Redesign;en-US;https://www.google.com/;17684;1;0
Thelodgeatwoodloch.com-0033-2015Redesign;en-US;https://www.google.com/;8254;1;0
Thecrawfordhotel.com-0074-2016Redesign;en-US;http://unionstationindenver.com/about/directory/;17190;1;0
Theharborsidehotel.com-0114-2017Redesign;en-US;https://www.google.com/;37571;1;0
Theharborsidehotel.com-0114-2017Redesign;en-US;https://www.google.com/;37571;1;0
Theharborsidehotel.com-0114-2017Redesign;en-US;https://www.google.com/;37571;1;0
Theharborsidehotel.com-0114-2017Redesign;en-US;https://www.google.com/;37571;1;0
Casaybelresort.com-0002-2014Redesign;en-US;https://www.google.com/;1571;1;0
Cocokeyorlando.com-0059-2015Redesign;en-US;http://fun4orlandokids.com/Fun-Around-Town/Kid-Friendly-Hotels/CoCo-Key-Water-Resort-and-Hotel/View-details;12396;1;0
Thesagamore.com-0112-2017Redesign;en-US;https://www.google.com/;32347;1;0
Broadmoor.com-0073-2016Redesign;en-US;https://www.google.com/;16721;1;0
Zotabeachresort.com-0090-2016Redesign;en-US;https://www.google.com/;22357;1;0
Zotabeachresort.com-0090-2016Redesign;en-US;https://www.google.com/;22357;1;0
Broadmoor.com-0073-2016Redesign;en-US;http://www.worldation.com/opinions/70-epic-perfectly-timed-photos/7/;16728;1;0
Broadmoor.com-0073-2016Redesign;en-US;http://www.worldation.com/opinions/70-epic-perfectly-timed-photos/7/;16728;1;0
Lakeplacidlodge.com-0105-2017Redesign;en-US;https://www.bing.com/;28545;1;0
Broadmoor.com-0073-2016Redesign;en-US;https://www.bing.com/;16721;1;0
Broadmoor.com-0073-2016Redesign;en-US;https://www.bing.com/;16721;1;0
Thesagamore.com-0112-2017Redesign;en-US;https://www.google.com/;32347;1;0
Jupiterbeachresort.com-0103-2017Redesign;en-US;https://www.google.com/;28158;1;0
Jupiterbeachresort.com-0103-2017Redesign;en-US;https://www.google.com/;28158;1;0
Thelodgeatwoodloch.com-0033-2015Redesign;en-US;https://www.google.com/;7764;1;0
Broadmoor.com-0073-2016Redesign;en-US;http://tpc.googlesyndication.com/safeframe/1-0-10/html/container.html;16728;1;0
Cocokeyorlando.com-0059-2015Redesign;en-US;https://www.google.com/;12410;1;0
Broadmoor.com-0073-2016Redesign;en-US;https://www.bing.com/;16721;1;0
