wentworthcom00212014redesign;en-US;http://www.google.com/;4306;1;0
Marriottkeylargo.com-0015-2014Redesign;en-US;http://www.fla-keys.com/webcams/marriott-key-largo-bay/;3964;1;0
Broadmoor.com-0073-2016Redesign;en-US;https://www.google.com/;16721;1;0
Cphollywoodbeach.com-0032-2015Redesign;en-US;https://www.google.com/;7831;1;0
Samosetresort.com-0113-2017Redesign;en-US;https://www.google.com/;35129;1;0
Casaybelresort.com-0002-2014Redesign;en-US;https://www.google.com/;1613;1;0
Napavalleymarriott.com-0071-2016Redesign;en-US;https://www.google.com/;16432;1;0
wentworthcom00212014redesign;en-US;https://www.google.com/;4251;1;0
Thesagamore.com-0112-2017Redesign;en-US;https://www.google.com/;33475;1;0
Broadmoor.com-0073-2016Redesign;en-US;http://www.travelandleisure.com/trip-ideas/best-places-to-travel-in-2017;16728;1;0
Casaybelresort.com-0002-2014Redesign;en-US;https://www.google.com/;1613;1;0
Thelodgeatwoodloch.com-0033-2015Redesign;en-US;https://www.google.com/;7764;1;0
Thesagamore.com-0112-2017Redesign;en-US;http://www.google.com/;32339;1;0
Thelodgeatwoodloch.com-0033-2015Redesign;en-US;https://www.google.com/;7764;1;0
Glencovemansion.com-0058-2015Redesign;en-US;https://www.inboundlinks.win/InboundLinks/www.glencovemansion.com;13328;1;0
Broadmoor.com-0073-2016Redesign;en-US;http://login.nomadix.com:1111/web/portal.html;16724;1;0
Broadmoor.com-0073-2016Redesign;en-US;http://login.nomadix.com:1111/web/portal.html;16724;1;0
Minnetonkamarriott.com-0039-2015Redesign;en-US;https://frbizlist.com/;8817;1;0
Minnetonkamarriott.com-0039-2015Redesign;en-US;https://frbizlist.com/;8817;1;0
saddlebrook.com-0011-2014Redesign;en-US;http://m.facebook.com/;3385;1;0
Casaybelresort.com-0002-2014Redesign;en-US;https://www.google.com/;1768;1;0
saddlebrook.com-0011-2014Redesign;en-US;https://www.google.com/;3385;1;0
Beverlyhillsresidenceinn.com-0087-2016Redesign;en-US;http://fr-bearings.ru/;20999;1;0
Beverlyhillsresidenceinn.com-0087-2016Redesign;en-US;http://fr-bearings.ru/;20999;1;0
Beverlyhillsresidenceinn.com-0087-2016Redesign;en-US;http://fr-bearings.ru/;20999;1;0
