Marriottkeylargo.com-0015-2014Redesign;en-US;https://www.google.fr/;3948;1;0
Lakeplacidlodge.com-0105-2017Redesign;en-US;http://www.google.com/;28545;1;0
Lakeplacidlodge.com-0105-2017Redesign;en-US;http://www.google.com/;28545;1;0
Theloganhotel.com-0043-2015Redesign;en-US;https://www.bing.com/;20218;1;0
Thesagamore.com-0112-2017Redesign;en-US;https://www.google.com/;33475;1;0
Cphollywoodbeach.com-0032-2015Redesign;en-US;https://www.sunny.org/webcam/;7831;1;0
Opalsands.com-0084-2016Redesign;en-US;http://www.baidu.com/;20171;1;0
Opalsands.com-0084-2016Redesign;en-US;http://www.baidu.com/;20171;1;0
Jbdukehotel.com-0086-2016Redesign;en-US;https://www.bing.com/;21918;1;0
Thecurtis.com-0079-2016Redesign;en-US;https://www.google.com/;17981;1;0
Degreerestaurant.com-0056-2015Redesign;en-US;https://www.google.com/;11602;1;0
Broadmoor.com-0073-2016Redesign;en-US;https://www.google.com/;18259;1;0
Broadmoor.com-0073-2016Redesign;en-US;http://tpc.googlesyndication.com/safeframe/1-0-10/html/container.html;16728;1;0
Broadmoor.com-0073-2016Redesign;en-US;http://login.nomadix.com:1111/web/portal.html;16724;1;0
Broadmoor.com-0073-2016Redesign;en-US;http://login.nomadix.com:1111/web/portal.html;16724;1;0
Broadmoor.com-0073-2016Redesign;en-US;https://www.google.com/;18013;1;0
Cocokeyorlando.com-0059-2015Redesign;en-US;https://www.google.com/;12394;1;0
Cocokeyorlando.com-0059-2015Redesign;en-US;https://www.google.com/;12394;1;0
Broadmoor.com-0073-2016Redesign;en-US;http://tpc.googlesyndication.com/safeframe/1-0-10/html/container.html;16728;1;0
Galthouse.com-0042-2015Redesign;en-US;https://www.tripadvisor.com/Restaurant_Review-g39604-d397675-Reviews-Rafferty_s_of_Louisville-Louisville_Kentucky.html;31905;1;0
Cphollywoodbeach.com-0032-2015Redesign;en-US;https://www.google.com/;7831;1;0
Broadmoor.com-0073-2016Redesign;en-US;https://www.google.com/;16738;1;0
Unionstationhotelnashville.com-0047-2015Redesign;en-US;https://www.bing.com/;32226;1;0
Cocokeyorlando.com-0059-2015Redesign;en-US;https://www.bing.com/;12394;1;0
Thesagamore.com-0112-2017Redesign;en-US;https://www.google.com/;32339;1;0
Thesagamore.com-0112-2017Redesign;en-US;https://www.google.com/;32339;1;0
Treasureislandbeachresort.com-0089-2016Redesign;en-US;https://s0.2mdn.net/ads/richmedia/studio/pv2/60220790/20170601080649310/index.html;22169;1;0
Thesagamore.com-0112-2017Redesign;en-US;https://www.google.com/;32348;1;0
Galthouse.com-0042-2015Redesign;en-US;https://www.google.com/;10577;1;0
wentworthcom00212014redesign;en-US;https://search.yahoo.com/;26679;1;0
Broadmoor.com-0073-2016Redesign;en-US;android-app://com.google.android.googlequicksearchbox/;16721;1;0
Broadmoor.com-0073-2016Redesign;en-US;android-app://com.google.android.googlequicksearchbox/;16721;1;0
Cphollywoodbeach.com-0032-2015Redesign;en-US;https://www.sunny.org/webcam/;7831;1;0
