Washingtondukeinn.com-0024-2014Redesign;en-US;https://www.google.com/;4524;1;0
Washingtondukeinn.com-0024-2014Redesign;en-US;https://www.google.com/;4524;1;0
Washingtondukeinn.com-0024-2014Redesign;en-US;https://www.google.com/;4524;1;0
Chrco.com-0107-2017Redesign;en-US;http://www.chrco.ca/about-us/;29434;1;0
Casaybelresort.com-0002-2014Redesign;en-US;https://sanibel-island.sanibel-captiva.org/;1571;1;0
Thelodgeatwoodloch.com-0033-2015Redesign;en-US;https://www.google.com/;7764;1;0
Cendyn.com-0095-2016Redesign;en-US;https://www.google.com/;26640;1;0
Opalsands.com-0084-2016Redesign;en-US;http://m.facebook.com/;28082;1;0
saddlebrook.com-0011-2014Redesign;en-US;https://www.google.com/;3385;1;0
Thesagamore.com-0112-2017Redesign;en-US;https://www.bing.com/;32339;1;0
Glencovemansion.com-0058-2015Redesign;en-US;https://lm.facebook.com/;13328;1;0
Theoxfordhotel.com-0062-2015Redesign;en-US;http://den-80202-5400.localdomain:8000/;14325;1;0
Broadmoor.com-0073-2016Redesign;en-US;https://www.google.com/;18014;1;0
Washingtoncourthotel.com-0076-2016Redesign;en-US;https://www.google.com/;17858;1;0
Samosetresort.com-0113-2017Redesign;en-US;https://www.google.com/;32541;1;0
Thesagamore.com-0112-2017Redesign;en-US;https://www.google.com/;32339;1;0
Glencovemansion.com-0058-2015Redesign;en-US;http://m.facebook.com/;13328;1;0
Halcyonhotelcherrycreek.com-0061-2015Redesign;en-US;https://uncrate.com/article/halcyon-hotel/;22121;1;0
Broadmoor.com-0073-2016Redesign;en-US;https://r.search.yahoo.com/_ylt=A0LEV7ukQ69Z8iAANgAPxQt.##SEMICOLONDELIMITER##_ylu=X3oDMTByOHZyb21tBGNvbG8DYmYxBHBvcwMxBHZ0aWQDBHNlYwNzcg--/RV=2/RE=1504687141/RO=10/RU=https%3a//www.broadmoor.com//RK=1/RS=cnTj_Qzd9UWorMpYs4rudNeiVvA-;16721;1;0
Broadmoor.com-0073-2016Redesign;en-US;http://tpc.googlesyndication.com/safeframe/1-0-10/html/container.html;16728;1;0
Thesagamore.com-0112-2017Redesign;en-US;https://www.google.com/;32339;1;0
Thesagamore.com-0112-2017Redesign;en-US;https://www.google.com/;33444;1;0
Sandylane.com-0075-2016Redesign;en-US;https://www.google.com/;17611;1;0
Theloganhotel.com-0043-2015Redesign;en-US;https://www.google.com/;20218;1;0
Broadmoor.com-0073-2016Redesign;en-US;http://tpc.googlesyndication.com/safeframe/1-0-10/html/container.html;16728;1;0
Monarchbeachresort.com-0092-2016Redesign;en-US;https://www.google.com/;22725;1;0
Broadmoor.com-0073-2016Redesign;en-US;http://tpc.googlesyndication.com/safeframe/1-0-10/html/container.html;16728;1;0
Broadmoor.com-0073-2016Redesign;en-US;https://www.google.com/;16769;1;0
Broadmoor.com-0073-2016Redesign;en-US;https://www.google.com/;16769;1;0
Broadmoor.com-0073-2016Redesign;en-US;https://www.google.com/;16790;1;0
Lidobeachresort.com-0106-2017Redesign;en-US;https://www.google.com/;28666;1;0
Lidobeachresort.com-0106-2017Redesign;en-US;https://www.google.com/;28666;1;0
Longboatkeyclub.com-0104-2017Redesign;en-US;http://m.facebook.com/;28354;1;0
Longboatkeyclub.com-0104-2017Redesign;en-US;http://www.zahvat.ru/;28316;1;0
Washingtondukeinn.com-0024-2014Redesign;en-US;https://www.google.com/;4738;1;0
Casaybelresort.com-0002-2014Redesign;en-US;https://www.google.com/;1533;1;0
Laxembassy.com-0008-2014Redesign;en-US;https://www.google.com/;2037;1;0
Broadmoor.com-0073-2016Redesign;en-US;https://www.google.com/;20439;1;0
