Cphollywoodbeach.com-0032-2015Redesign;en-US;http://www.google.com/;7831;1;0
Sandylane.com-0075-2016Redesign;en-US;https://www.google.co.uk/;17698;1;0
Thesagamore.com-0112-2017Redesign;en-US;https://www.bing.com/;32339;1;0
Broadmoor.com-0073-2016Redesign;en-US;https://www.google.com/;16721;1;0
Halcyonhotelcherrycreek.com-0061-2015Redesign;en-US;https://search.yahoo.com/;22121;1;0
saddlebrook.com-0011-2014Redesign;en-US;https://www.google.com/;3385;1;0
Broadmoor.com-0073-2016Redesign;en-US;http://www.google.com/;16724;1;0
saddlebrook.com-0011-2014Redesign;en-US;https://www.google.com/;4538;1;0
Lidobeachresort.com-0106-2017Redesign;en-US;https://www.google.com/;29819;1;0
Hospitalityupgrade.com-0093-2016Redesign;en-US;http://transition.meltwater.com/redirect;22790;1;0
Broadmoor.com-0073-2016Redesign;en-US;https://www.tripadvisor.com/Hotel_Review-g33364-d2557595-Reviews-The_Mining_Exchange_A_Wyndham_Grand_Hotel_Spa-Colorado_Springs_El_Paso_County_Colorado.html;17443;1;0
Jbdukehotel.com-0086-2016Redesign;en-US;https://www.google.com/;21926;1;0
Galthouse.com-0042-2015Redesign;en-US;https://www.google.com/;31905;1;0
Unionstationhotelnashville.com-0047-2015Redesign;en-US;https://www.google.com/;32226;1;0
Theharborsidehotel.com-0114-2017Redesign;en-US;http://www.google.com/;37571;1;0
Theharborsidehotel.com-0114-2017Redesign;en-US;http://www.google.com/;37571;1;0
Broadmoor.com-0073-2016Redesign;en-US;https://www.google.com/;16721;1;0
Thesagamore.com-0112-2017Redesign;en-US;https://www.google.com/;32339;1;0
Thesagamore.com-0112-2017Redesign;en-US;https://www.google.com/;32339;1;0
Broadmoor.com-0073-2016Redesign;en-US;https://www.google.com/;22159;1;0
Sandylane.com-0075-2016Redesign;en-US;https://www.google.co.uk/;17611;1;0
Theharborsidehotel.com-0114-2017Redesign;en-US;https://www.google.com/;37571;1;0
Thesagamore.com-0112-2017Redesign;en-US;https://www.google.com/;32339;1;0
Thesagamore.com-0112-2017Redesign;en-US;https://www.google.com/;32339;1;0
Thelodgeatwoodloch.com-0033-2015Redesign;en-US;https://www.google.com/;7764;1;0
Broadmoor.com-0073-2016Redesign;en-US;https://www.google.com/;18259;1;0
Broadmoor.com-0073-2016Redesign;en-US;https://www.google.com/;18782;1;0
Broadmoor.com-0073-2016Redesign;en-US;https://s0.2mdn.net/ads/richmedia/studio/pv2/60309275/20170831085612417/index.html;18010;1;0
Marriottdelraybeach.com-0009-2014Redesign;en-US;http://www.floridatravelusa.com/page-47;2829;1;0
