Sandylane.com-0075-2016Redesign;en-US;https://www.google.co.uk/;17729;1;0
Broadmoor.com-0073-2016Redesign;en-US;http://login.nomadix.com:1111/web/portal.html;16724;1;0
Thesagamore.com-0112-2017Redesign;en-US;https://www.google.com/;32339;1;0
theweststreethotel.com-0115-2017Redesign;en-US;http://www.visitnewengland.com/all/romantic-getaways/;36683;1;0
Thesagamore.com-0112-2017Redesign;en-US;https://www.google.com/;32339;1;0
Broadmoor.com-0073-2016Redesign;en-US;http://login.nomadix.com:1111/web/portal.html;16724;1;0
Broadmoor.com-0073-2016Redesign;en-US;http://login.nomadix.com:1111/web/portal.html;16724;1;0
Theloganhotel.com-0043-2015Redesign;en-US;https://www.google.com/;9327;1;0
Cocokeyorlando.com-0059-2015Redesign;en-US;http://www.visitorlando.com/things-to-do/attractions/CoCo-Key-Hotel-and-Water-Resort-Orlando/31858/;12394;1;0
Cocokeyorlando.com-0059-2015Redesign;en-US;http://www.visitorlando.com/things-to-do/attractions/CoCo-Key-Hotel-and-Water-Resort-Orlando/31858/;12394;1;0
Miravalspamonarchbeach.com-0109-2017Redesign;en-US;http://www.monarchbeachresort.com/orange-county-golf/;31709;1;0
Zotabeachresort.com-0090-2016Redesign;en-US;http://m.facebook.com/;23062;1;0
Sandpearl.com-0091-2016Redesign;en-US;https://www.google.com/;22481;1;0
Glencovemansion.com-0058-2015Redesign;en-US;https://www.google.com/;13328;1;0
shop.broadmoor.com-0096-2016ShoppingCart;en-US;https://www.google.com/;26973;1;0
Samosetresort.com-0113-2017Redesign;en-US;https://www.google.com/;32541;1;0
Broadmoor.com-0073-2016Redesign;en-US;https://www.google.com/;16721;1;0
Samosetresort.com-0113-2017Redesign;en-US;https://www.google.com/;32541;1;0
Cocokeyorlando.com-0059-2015Redesign;en-US;https://www.google.com/;12394;1;0
Sandpearl.com-0091-2016Redesign;en-US;http://www.baidu.com/;22481;1;0
Sandpearl.com-0091-2016Redesign;en-US;http://www.baidu.com/;22481;1;0
Thesagamore.com-0112-2017Redesign;en-US;https://www.google.com/;32347;1;0
Broadmoor.com-0073-2016Redesign;en-US;https://www.google.com/;16721;1;0
shop.broadmoor.com-0096-2016ShoppingCart;en-US;https://www.broadmoor.com/dining/ristorante-del-lago/;27350;1;0
Broadmoor.com-0073-2016Redesign;en-US;http://login.nomadix.com:1111/web/portal.html;16724;1;0
Broadmoor.com-0073-2016Redesign;en-US;http://login.nomadix.com:1111/web/portal.html;16724;1;0
Bluebirch.com-0072-2016Redesign;en-US;https://www.google.com/;16693;1;0
Thesagamore.com-0112-2017Redesign;en-US;https://www.google.com/;32339;1;0
Miravalspamonarchbeach.com-0109-2017Redesign;en-US;http://www.monarchbeachresort.com/orange-county-golf/;31709;1;0
Longboatkeyclub.com-0104-2017Redesign;en-US;http://www.google.com/;28364;1;0
Longboatkeyclub.com-0104-2017Redesign;en-US;http://www.google.com/;28364;1;0
Delraysandsresort.com-0097-2016Redesign;en-US;https://na28.salesforce.com/;27232;1;0
Lakeplacidlodge.com-0105-2017Redesign;en-US;https://www.google.com/;32804;1;0
Theoxfordhotel.com-0062-2015Redesign;en-US;https://www.google.gr/;14325;1;0
Zotabeachresort.com-0090-2016Redesign;en-US;https://www.google.com/;22357;1;0
Opalsands.com-0084-2016Redesign;en-US;https://www.google.com/;21540;1;0
Opalsands.com-0084-2016Redesign;en-US;https://www.google.com/;21540;1;0
Sandpearl.com-0091-2016Redesign;en-US;http://m.facebook.com/;30638;1;0
Broadmoor.com-0073-2016Redesign;en-US;http://login.nomadix.com:1111/web/portal.html;16724;1;0
Broadmoor.com-0073-2016Redesign;en-US;http://login.nomadix.com:1111/web/portal.html;16724;1;0
Samosetresort.com-0113-2017Redesign;en-US;https://www.google.com/;32542;1;0
Broadmoor.com-0073-2016Redesign;en-US;http://login.nomadix.com:1111/web/portal.html;16724;1;0
Broadmoor.com-0073-2016Redesign;en-US;http://login.nomadix.com:1111/web/portal.html;16724;1;0
Luxehotels.com-0078-2016Redesign;en-US;https://www.google.com/;18830;1;0
Theloganhotel.com-0043-2015Redesign;en-US;https://www.google.com/;15962;1;0
Treasureislandbeachresort.com-0089-2016Redesign;en-US;https://www.google.com/;22169;1;0
Broadmoor.com-0073-2016Redesign;en-US;https://www.google.com/;16761;1;0
Broadmoor.com-0073-2016Redesign;en-US;http://tpc.googlesyndication.com/safeframe/1-0-10/html/container.html;16728;1;0
Treasureislandbeachresort.com-0089-2016Redesign;en-US;https://www.google.com/;22169;1;0
Thesagamore.com-0112-2017Redesign;en-US;https://www.google.com/;32339;1;0
Cphollywoodbeach.com-0032-2015Redesign;en-US;http://r.search.yahoo.com/_ylt=A0SO8zRm0a1ZFGgAzCNx.9w4##SEMICOLONDELIMITER##_ylu=X3oDMTEyM3JkZjYyBGNvbG8DZ3ExBHBvcwMxBHZ0aWQDQjQ1OTBfMQRzZWMDc3I-/RV=2/RE=1504592358/RO=10/RU=http%3a//www.cphollywoodbeach.com//RK=1/RS=SMpISEyYT5w2KLcvLBLoU6xs.iU-;7805;1;0
Kittitianhill.com-0012-2014Redesign;en-US;http://vincypatriot.blogspot.com/2009/11/svg-in-laboratory-or-whos-funding-your.html;2236;1;0
Sandpearl.com-0091-2016Redesign;en-US;https://www.google.ca/;22481;1;0
Longboatkeyclub.com-0104-2017Redesign;en-US;http://m.facebook.com/;28316;1;0
Sandpearl.com-0091-2016Redesign;en-US;https://www.google.ca/;22481;1;0
Broadmoor.com-0073-2016Redesign;en-US;http://login.nomadix.com:1111/web/portal.html;16724;1;0
Broadmoor.com-0073-2016Redesign;en-US;http://login.nomadix.com:1111/web/portal.html;16724;1;0
Cphollywoodbeach.com-0032-2015Redesign;en-US;http://www.google.com/;7805;1;0
Montaukyachtclub.com-0010-2014Redesign;en-US;https://www.google.com/;2240;1;0
Broadmoor.com-0073-2016Redesign;en-US;https://www.google.com/;16761;1;0
EcommerceSite;en-US;https://shop.broadmoor.com/special-pages/search/;14699;1;0
Unionstationhotelnashville.com-0047-2015Redesign;en-US;http://r.search.yahoo.com/_ylt=A0SO8xlV0a1Zwk4AFABx.9w4##SEMICOLONDELIMITER##_ylu=X3oDMTEyM3JkZjYyBGNvbG8DZ3ExBHBvcwMxBHZ0aWQDQjQ1OTBfMQRzZWMDc3I-/RV=2/RE=1504592342/RO=10/RU=http%3a//www.unionstationhotelnashville.com//RK=1/RS=Fnkce.fL5NBpOs5NdJnRXV.4fG0-;32226;1;0
Samosetresort.com-0113-2017Redesign;en-US;https://www.google.com/;32542;1;0
Longboatkeyclub.com-0104-2017Redesign;en-US;http://www.google.com/;28364;1;0
Thelodgeatwoodloch.com-0033-2015Redesign;en-US;https://www.google.com/;7764;1;0
Longboatkeyclub.com-0104-2017Redesign;en-US;http://www.google.com/;28364;1;0
Kittitianhill.com-0012-2014Redesign;en-US;https://www.google.com/;2236;1;0
Sandpearl.com-0091-2016Redesign;en-US;http://m.facebook.com/;30638;1;0
Thesagamore.com-0112-2017Redesign;en-US;https://www.google.com/;32348;1;0
Sandpearl.com-0091-2016Redesign;en-US;http://m.facebook.com/;30638;1;0
Broadmoor.com-0073-2016Redesign;en-US;http://login.nomadix.com:1111/web/portal.html;16724;1;0
Broadmoor.com-0073-2016Redesign;en-US;https://www.bing.com/;18259;1;0
