Marriottkeylargo.com-0015-2014Redesign;en-US;https://www.google.com/;3995;1;0
Broadmoor.com-0073-2016Redesign;en-US;https://www.google.com/;18259;1;0
Opalsands.com-0084-2016Redesign;en-US;http://m.facebook.com/;28082;1;0
Opalsands.com-0084-2016Redesign;en-US;https://reservations.opalsands.com/opalsands/;21223;1;0
Delraysandsresort.com-0097-2016Redesign;en-US;https://search.aol.com/aol/search;27232;1;0
Hospitalityupgrade.com-0093-2016Redesign;en-US;https://www.google.com/;22790;1;0
Theharborsidehotel.com-0114-2017Redesign;en-US;https://www.google.com/;37571;1;0
Galthouse.com-0042-2015Redesign;en-US;https://tpc.googlesyndication.com/safeframe/1-0-10/html/container.html;31905;1;0
Sandpearl.com-0091-2016Redesign;en-US;https://www.google.com/;23090;1;0
Sandpearl.com-0091-2016Redesign;en-US;https://www.google.com/;23090;1;0
Delraysandsresort.com-0097-2016Redesign;en-US;https://www.google.com/;27232;1;0
Broadmoor.com-0073-2016Redesign;en-US;https://www.google.com/;18013;1;0
Residenceinnlax.com-0026-2014Redesign;en-US;https://www.google.com/;5271;1;0
Opalsands.com-0084-2016Redesign;en-US;http://m.facebook.com/;21642;1;0
Opalsands.com-0084-2016Redesign;en-US;http://m.facebook.com/;21642;1;0
Opalsands.com-0084-2016Redesign;en-US;http://m.facebook.com/;28082;1;0
Broadmoor.com-0073-2016Redesign;en-US;http://login.nomadix.com:1111/web/portal.html;16724;1;0
Broadmoor.com-0073-2016Redesign;en-US;http://login.nomadix.com:1111/web/portal.html;16724;1;0
Sandpearl.com-0091-2016Redesign;en-US;https://www.google.com/;22481;1;0
Homewoodsuiteslax.com-0110-2017Redesign;en-US;https://www.google.com/;30747;1;0
Broadmoor.com-0073-2016Redesign;en-US;https://www.tripsavvy.com/thanksgiving-weekend-getaways-with-kids-3266914;18187;1;0
Broadmoor.com-0073-2016Redesign;en-US;https://www.google.com/;16721;1;0
Broadmoor.com-0073-2016Redesign;en-US;https://www.google.com/;16721;1;0
Montaukyachtclub.com-0010-2014Redesign;en-US;https://www.google.com/;2240;1;0
Montaukyachtclub.com-0010-2014Redesign;en-US;https://www.google.com/;2240;1;0
Samosetresort.com-0113-2017Redesign;en-US;https://www.google.com/;32541;1;0
Thelodgeatwoodloch.com-0033-2015Redesign;en-US;http://www.google.com/;7782;1;0
Broadmoor.com-0073-2016Redesign;en-US;http://www.naggl.org/;16721;1;0
Broadmoor.com-0073-2016Redesign;en-US;http://www.naggl.org/;16721;1;0
Glencovemansion.com-0058-2015Redesign;en-US;https://www.google.com/;13359;1;0
Cphollywoodbeach.com-0032-2015Redesign;en-US;https://www.google.com/;7805;1;0
Courtyardportlandcitycenter.com-0063-2015Redesign;en-US;http://weburok.com/;14577;1;0
Courtyardportlandcitycenter.com-0063-2015Redesign;en-US;https://www.souvenirua.com/;14577;1;0
Courtyardportlandcitycenter.com-0063-2015Redesign;en-US;https://www.souvenirua.com/;14577;1;0
Courtyardportlandcitycenter.com-0063-2015Redesign;en-US;http://weburok.com/;14577;1;0
Courtyardportlandcitycenter.com-0063-2015Redesign;en-US;https://www.souvenirua.com/;14577;1;0
Courtyardportlandcitycenter.com-0063-2015Redesign;en-US;http://weburok.com/;14577;1;0
Montaukyachtclub.com-0010-2014Redesign;en-US;http://m.facebook.com/;2240;1;0
Montaukyachtclub.com-0010-2014Redesign;en-US;http://m.facebook.com/;2240;1;0
saddlebrook.com-0011-2014Redesign;en-US;android-app://com.google.android.googlequicksearchbox/;3385;1;0
Washingtoncourthotel.com-0076-2016Redesign;en-US;https://www.google.com/;17858;1;0
Unionstationhotelnashville.com-0047-2015Redesign;en-US;https://www.google.com/;27593;1;0
Cocokeyorlando.com-0059-2015Redesign;en-US;https://www.bing.com/;12394;1;0
Thesagamore.com-0112-2017Redesign;en-US;https://www.google.com/;32347;1;0
