Washingtondukeinn.com-0024-2014Redesign;en-US;https://www.google.com/;4524;1;0
Thecrawfordhotel.com-0074-2016Redesign;en-US;http://m.facebook.com/;17145;1;0
Opalsands.com-0084-2016Redesign;en-US;http://m.facebook.com/;28082;1;0
Bellemontfarm.com-0007-2013Redesign;en-US;https://www.google.com/;2502;1;0
Unionstationhotelnashville.com-0047-2015Redesign;en-US;https://www.google.com/;32226;1;0
wentworthcom00212014redesign;en-US;http://www.visit-newhampshire.com/state/resorts/;26679;1;0
Broadmoor.com-0073-2016Redesign;en-US;https://www.google.com/;16721;1;0
Cocokeyorlando.com-0059-2015Redesign;en-US;https://www.google.com.br/;12394;1;0
Broadmoor.com-0073-2016Redesign;en-US;http://login.nomadix.com:1111/web/portal.html;16724;1;0
Broadmoor.com-0073-2016Redesign;en-US;http://login.nomadix.com:1111/web/portal.html;16724;1;0
Sandylane.com-0075-2016Redesign;en-US;https://www.google.com/;17611;1;0
Cocokeyorlando.com-0059-2015Redesign;en-US;https://www.google.com.br/;12394;1;0
Sandpearl.com-0091-2016Redesign;en-US;https://www.google.com/;22501;1;0
Thesagamore.com-0112-2017Redesign;en-US;http://www.newyorkupstate.com/places-to-stay/2016/03/six_luxury_experiences_at_upstate_new_york_resorts.html;32339;1;0
Thesagamore.com-0112-2017Redesign;en-US;http://www.newyorkupstate.com/places-to-stay/2016/03/six_luxury_experiences_at_upstate_new_york_resorts.html;32339;1;0
Broadmoor.com-0073-2016Redesign;en-US;http://login.nomadix.com:1111/web/portal.html;16724;1;0
Monarchbeachresort.com-0092-2016Redesign;en-US;https://www.google.com/;22725;1;0
Unionstationhotelnashville.com-0047-2015Redesign;en-US;https://www.google.com/;32226;1;0
Glencovemansion.com-0058-2015Redesign;en-US;https://www.google.com/;13328;1;0
Longboatkeyclub.com-0104-2017Redesign;en-US;http://m.facebook.com/;28316;1;0
Samosetresort.com-0113-2017Redesign;en-US;http://www.google.com/;32541;1;0
Glencovemansion.com-0058-2015Redesign;en-US;https://www.google.com/;13328;1;0
Samosetresort.com-0113-2017Redesign;en-US;http://www.google.com/;32541;1;0
Sandpearl.com-0091-2016Redesign;en-US;https://r.search.yahoo.com/_ylt=A0LEVvVSFK9ZbwcApd8PxQt.##SEMICOLONDELIMITER##_ylu=X3oDMTByOHZyb21tBGNvbG8DYmYxBHBvcwMxBHZ0aWQDBHNlYwNzcg--/RV=2/RE=1504675026/RO=10/RU=https%3a//www.sandpearl.com//RK=1/RS=thy9uaOpYXE8KMAmHODAlNvZr38-;22481;1;0
Broadmoor.com-0073-2016Redesign;en-US;http://login.nomadix.com:1111/web/portal.html;16724;1;0
Montaukyachtclub.com-0010-2014Redesign;en-US;https://www.google.com/;2240;1;0
Samosetresort.com-0113-2017Redesign;en-US;http://www.visit-maine.com/state/romantic-getaways/;32541;1;0
Broadmoor.com-0073-2016Redesign;en-US;https://www.google.com/;18259;1;0
Broadmoor.com-0073-2016Redesign;en-US;http://login.nomadix.com:1111/web/portal.html;16724;1;0
Longboatkeyclub.com-0104-2017Redesign;en-US;http://m.facebook.com/;28316;1;0
Samosetresort.com-0113-2017Redesign;en-US;http://www.visit-maine.com/state/romantic-getaways/;32541;1;0
Broadmoor.com-0073-2016Redesign;en-US;http://www.cheyennemountain.com/local_adventures/seven_falls/;18259;1;0
Broadmoor.com-0073-2016Redesign;en-US;https://www.google.com/;16761;1;0
saddlebrook.com-0011-2014Redesign;en-US;https://www.google.com/;3385;1;0
Theloganhotel.com-0043-2015Redesign;en-US;http://172.20.0.1:8000/;20218;1;0
Monarchbeachresort.com-0092-2016Redesign;en-US;https://www.google.com/;22998;1;0
Sandpearl.com-0091-2016Redesign;en-US;http://m.facebook.com/;30638;1;0
Monarchbeachresort.com-0092-2016Redesign;en-US;https://www.google.com/;22725;1;0
Galthouse.com-0042-2015Redesign;en-US;https://www.google.com/;31905;1;0
Galthouse.com-0042-2015Redesign;en-US;https://www.google.com/;31905;1;0
Broadmoor.com-0073-2016Redesign;en-US;http://login.nomadix.com:1111/web/portal.html;16724;1;0
Broadmoor.com-0073-2016Redesign;en-US;http://login.nomadix.com:1111/web/portal.html;16724;1;0
Montaukyachtclub.com-0010-2014Redesign;en-US;https://www.google.com/;2240;1;0
Broadmoor.com-0073-2016Redesign;en-US;http://www.google.com/;18259;1;0
Longboatkeyclub.com-0104-2017Redesign;en-US;http://m.facebook.com/;28316;1;0
Longboatkeyclub.com-0104-2017Redesign;en-US;http://m.facebook.com/;28316;1;0
Lidobeachresort.com-0106-2017Redesign;en-US;https://www.google.com/;28674;1;0
Lidobeachresort.com-0106-2017Redesign;en-US;https://www.google.com/;28674;1;0
Thecrawfordhotel.com-0074-2016Redesign;en-US;http://m.facebook.com/;17145;1;0
Broadmoor.com-0073-2016Redesign;en-US;https://www.google.com/;18014;1;0
Thesagamore.com-0112-2017Redesign;en-US;https://www.google.com/;32339;1;0
Springhillsuitesdenver.com-0060-2015Redesign;en-US;https://www.google.com/;12307;1;0
Theharborsidehotel.com-0114-2017Redesign;en-US;http://www.acadiamagic.com/acadia-lodging/;37571;1;0
Theharborsidehotel.com-0114-2017Redesign;en-US;http://www.acadiamagic.com/acadia-lodging/;37571;1;0
Broadmoor.com-0073-2016Redesign;en-US;https://www.google.com/;16721;1;0
Broadmoor.com-0073-2016Redesign;en-US;https://www.google.com/;16721;1;0
Galthouse.com-0042-2015Redesign;en-US;https://www.google.com/;31905;1;0
Miravalspamonarchbeach.com-0109-2017Redesign;en-US;http://www.monarchbeachresort.com/;31709;1;0
Galthouse.com-0042-2015Redesign;en-US;https://www.google.com/;31905;1;0
Broadmoor.com-0073-2016Redesign;en-US;http://www.cheyennemountain.com/local_adventures/seven_falls/;18259;1;0
Broadmoor.com-0073-2016Redesign;en-US;http://stage.sunset.com/travel/cabins;16721;1;0
Marriottdelraybeach.com-0009-2014Redesign;en-US;http://www.ophotels.com/locator/;2829;1;0
Marriottkeylargo.com-0015-2014Redesign;en-US;http://www.ophotels.com/locator/;3948;1;0
wentworthcom00212014redesign;en-US;http://www.ophotels.com/locator/;26679;1;0
