Cphollywoodbeach.com-0032-2015Redesign;en-US;http://www.google.com/;7831;1;0
Thesagamore.com-0112-2017Redesign;en-US;https://www.google.com/;32339;1;0
Galthouse.com-0042-2015Redesign;en-US;https://s0.2mdn.net/ads/richmedia/studio/pv2/60161062/20170505154322149/index.html;33603;1;0
Thecrawfordhotel.com-0074-2016Redesign;en-US;https://www.google.com/;17157;1;0
Miravalspamonarchbeach.com-0109-2017Redesign;en-US;http://www.monarchbeachresort.com/experiences/activities/athletic-club/;32984;1;0
Broadmoor.com-0073-2016Redesign;en-US;https://www.google.com/;16766;1;0
Monarchbeachresort.com-0092-2016Redesign;en-US;https://www.google.com/;22725;1;0
Theharborsidehotel.com-0114-2017Redesign;en-US;https://www.google.com/;37579;1;0
Broadmoor.com-0073-2016Redesign;en-US;http://login.nomadix.com:1111/web/portal.html;16724;1;0
Cocokeyorlando.com-0059-2015Redesign;en-US;https://www.google.com/;12394;1;0
Cocokeyorlando.com-0059-2015Redesign;en-US;https://www.google.com/;12394;1;0
Thesagamore.com-0112-2017Redesign;en-US;https://www.google.com/;32339;1;0
Theoxfordhotel.com-0062-2015Redesign;en-US;http://den-80202-5400.localdomain:444/captiveportal_process_payment.php;14325;1;0
Broadmoor.com-0073-2016Redesign;en-US;https://www.google.com/;16721;1;0
Broadmoor.com-0073-2016Redesign;en-US;https://www.google.com/;16721;1;0
Sandylane.com-0075-2016Redesign;en-US;http://www.coastalliving.com/travel/top-10/top-10-exotic-beach-destinations;17611;1;0
Cocokeyorlando.com-0059-2015Redesign;en-US;https://www.google.com/;12394;1;0
Montaukyachtclub.com-0010-2014Redesign;en-US;https://www.inboundlinks.win/InboundLinks/www.montaukyachtclub.com;2240;1;0
Thecurtis.com-0079-2016Redesign;en-US;http://www.google.com/;17981;1;0
Broadmoor.com-0073-2016Redesign;en-US;http://login.nomadix.com:1111/web/portal.html;16724;1;0
Broadmoor.com-0073-2016Redesign;en-US;http://login.nomadix.com:1111/web/portal.html;16724;1;0
Broadmoor.com-0073-2016Redesign;en-US;http://login.nomadix.com:1111/web/portal.html;16724;1;0
