Thesagamore.com-0112-2017Redesign;en-US;https://www.google.com/;32339;1;0
Casaybelresort.com-0002-2014Redesign;en-US;https://www.google.com/;1533;1;0
Sandpearl.com-0091-2016Redesign;en-US;https://www.google.com/;22481;1;0
Washingtondukeinn.com-0024-2014Redesign;en-US;https://www.google.com/;4524;1;0
Lidobeachresort.com-0106-2017Redesign;en-US;https://www--lidobeachresort--com.rztrkr.com/;36008;1;0
Thesagamore.com-0112-2017Redesign;en-US;https://www.google.com/;32339;1;0
Hi-nyc.com-0108-2017Redesogm;en-US;https://www.google.com/;30080;1;0
Sandylane.com-0075-2016Redesign;en-US;https://www.google.co.uk/;17717;1;0
Montaukyachtclub.com-0010-2014Redesign;en-US;https://www.google.com/;2240;1;0
Sandylane.com-0075-2016Redesign;en-US;https://www.google.co.uk/;17611;1;0
Opalsands.com-0084-2016Redesign;en-US;https://www.bing.com/;20171;1;0
Opalsands.com-0084-2016Redesign;en-US;https://www.bing.com/;20171;1;0
Sandpearl.com-0091-2016Redesign;en-US;https://googleads.g.doubleclick.net/pagead/render_post_ads_v1.html;22481;1;0
saddlebrook.com-0011-2014Redesign;en-US;https://www.google.com/;3625;1;0
Galthouse.com-0042-2015Redesign;en-US;https://www.google.com/;31905;1;0
Washingtondukeinn.com-0024-2014Redesign;en-US;https://www.google.com/;4524;1;0
Zotabeachresort.com-0090-2016Redesign;en-US;https://www.google.com/;22357;1;0
Halcyonhotelcherrycreek.com-0061-2015Redesign;en-US;https://www.google.com/;22121;1;0
Sandpearl.com-0091-2016Redesign;en-US;https://www.google.com/;22481;1;0
Marriottdelraybeach.com-0009-2014Redesign;en-US;https://www.google.com/;2829;1;0
Lidobeachresort.com-0106-2017Redesign;en-US;https://www--lidobeachresort--com.rztrkr.com/;28673;1;0
Cphollywoodbeach.com-0032-2015Redesign;en-US;http://m.facebook.com/;7805;1;0
Broadmoor.com-0073-2016Redesign;en-US;http://www.worldation.com/opinions/70-epic-perfectly-timed-photos/27/;16728;1;0
Thecrawfordhotel.com-0074-2016Redesign;en-US;https://www.google.com/;17145;1;0
Broadmoor.com-0073-2016Redesign;en-US;http://www.worldation.com/opinions/70-epic-perfectly-timed-photos/27/;16728;1;0
Monarchbeachresort.com-0092-2016Redesign;en-US;https://www.google.com/;22725;1;0
Broadmoor.com-0073-2016Redesign;en-US;http://tpc.googlesyndication.com/safeframe/1-0-10/html/container.html;16728;1;0
Opalsands.com-0084-2016Redesign;en-US;https://www.bing.com/;20171;1;0
Samosetresort.com-0113-2017Redesign;en-US;https://www.google.com/;32541;1;0
Thelodgeatwoodloch.com-0033-2015Redesign;en-US;https://www.google.com/;9932;1;0
Springhillsuitesdenver.com-0060-2015Redesign;en-US;https://www.google.com/;12307;1;0
Lidobeachresort.com-0106-2017Redesign;en-US;https://www--lidobeachresort--com.rztrkr.com/;28666;1;0
