Longboatkeyclub.com-0104-2017Redesign;en-US;https://www.google.com/;28316;1;0
Thesagamore.com-0112-2017Redesign;en-US;https://www.google.com/;32339;1;0
Luxehotels.com-0078-2016Redesign;en-US;http://r.search.yahoo.com/_ylt=A0LEVxLKMa9ZXWUA3hBXNyoA##SEMICOLONDELIMITER##_ylu=X3oDMTEyYm5yMDJmBGNvbG8DYmYxBHBvcwMxBHZ0aWQDQjQyMTRfMQRzZWMDc3I-/RV=2/RE=1504682571/RO=10/RU=http%3a//www.luxehotels.com/sunset/RK=1/RS=YTEZJcEMcTx8zMmimAMfoiOQoiE-;18833;1;0
Thesagamore.com-0112-2017Redesign;en-US;http://www.lakegeorge.com/business/sagamore-670/;32339;1;0
Galthouse.com-0042-2015Redesign;en-US;https://www.google.com/;31905;1;0
Thesagamore.com-0112-2017Redesign;en-US;http://www.lakegeorge.com/business/sagamore-670/;32339;1;0
Broadmoor.com-0073-2016Redesign;en-US;https://www.google.com.au/;16753;1;0
Theharborsidehotel.com-0114-2017Redesign;en-US;http://cleaningservices.kiev.ua/tseni-na-uborku-kvartir;37571;1;0
wentworthcom00212014redesign;en-US;http://www.visitnewengland.com/all/romantic-getaways/;4245;1;0
wentworthcom00212014redesign;en-US;https://www.google.com/;4251;1;0
Residenceinnlax.com-0026-2014Redesign;en-US;https://www.google.com/;5494;1;0
Galthouse.com-0042-2015Redesign;en-US;http://www.pinterest.com/pin/AVUYv7KO5bdZrLewzbu1-o1VJMQKKeAzN9t_F043HenmBmE3laH6O2o/;10561;1;0
Sandpearl.com-0091-2016Redesign;en-US;http://m.facebook.com/;30638;1;0
Galthouse.com-0042-2015Redesign;en-US;http://www.pinterest.com/pin/AVUYv7KO5bdZrLewzbu1-o1VJMQKKeAzN9t_F043HenmBmE3laH6O2o/;10561;1;0
Theharborsidehotel.com-0114-2017Redesign;en-US;https://sovrtehn.ru/hypertherm-powermax-105/;37571;1;0
Theharborsidehotel.com-0114-2017Redesign;en-US;http://autoservice36.ru/evakuator/;37571;1;0
Longboatkeyclub.com-0104-2017Redesign;en-US;http://m.facebook.com/;28354;1;0
Broadmoor.com-0073-2016Redesign;en-US;https://www.google.com/;16766;1;0
Broadmoor.com-0073-2016Redesign;en-US;http://www.google.com/;18259;1;0
Broadmoor.com-0073-2016Redesign;en-US;https://www.google.ca/;16721;1;0
wentworthcom00212014redesign;en-US;https://www.google.com/;4309;1;0
Galthouse.com-0042-2015Redesign;en-US;android-app://com.google.android.googlequicksearchbox/;10923;1;0
Galthouse.com-0042-2015Redesign;en-US;android-app://com.google.android.googlequicksearchbox/;10923;1;0
Renaissancepittsburghpa.com-0044-2015Redesign;en-US;https://www.google.com/;9637;1;0
Cocokeyorlando.com-0059-2015Redesign;en-US;https://www.google.com/;12394;1;0
Broadmoor.com-0073-2016Redesign;en-US;http://login.nomadix.com:1111/web/portal.html;16724;1;0
Broadmoor.com-0073-2016Redesign;en-US;http://login.nomadix.com:1111/web/portal.html;16724;1;0
Broadmoor.com-0073-2016Redesign;en-US;http://thebroadmoorblog.hdblogs.com/tag/shower/;16721;1;0
Broadmoor.com-0073-2016Redesign;en-US;http://thebroadmoorblog.hdblogs.com/tag/shower/;16721;1;0
Broadmoor.com-0073-2016Redesign;en-US;http://thebroadmoorblog.hdblogs.com/tag/shower/;16721;1;0
Broadmoor.com-0073-2016Redesign;en-US;http://thebroadmoorblog.hdblogs.com/tag/shower/;16721;1;0
Broadmoor.com-0073-2016Redesign;en-US;http://thebroadmoorblog.hdblogs.com/tag/shower/;16721;1;0
Broadmoor.com-0073-2016Redesign;en-US;http://thebroadmoorblog.hdblogs.com/tag/shower/;16721;1;0
Broadmoor.com-0073-2016Redesign;en-US;http://thebroadmoorblog.hdblogs.com/tag/shower/;16721;1;0
Broadmoor.com-0073-2016Redesign;en-US;http://thebroadmoorblog.hdblogs.com/tag/shower/;16721;1;0
Broadmoor.com-0073-2016Redesign;en-US;http://www.pikes-peak.com/attractions/seven-falls/;18259;1;0
Halcyonhotelcherrycreek.com-0061-2015Redesign;en-US;https://uncrate.com/;22121;1;0
Broadmoor.com-0073-2016Redesign;en-US;http://thebroadmoorblog.hdblogs.com/tag/shower/;16721;1;0
Broadmoor.com-0073-2016Redesign;en-US;http://thebroadmoorblog.hdblogs.com/tag/shower/;16721;1;0
Broadmoor.com-0073-2016Redesign;en-US;http://thebroadmoorblog.hdblogs.com/tag/shower/;16721;1;0
Broadmoor.com-0073-2016Redesign;en-US;http://thebroadmoorblog.hdblogs.com/tag/shower/;16721;1;0
Broadmoor.com-0073-2016Redesign;en-US;http://thebroadmoorblog.hdblogs.com/tag/shower/;16721;1;0
Broadmoor.com-0073-2016Redesign;en-US;http://thebroadmoorblog.hdblogs.com/tag/shower/;16721;1;0
Broadmoor.com-0073-2016Redesign;en-US;http://thebroadmoorblog.hdblogs.com/tag/shower/;16721;1;0
Broadmoor.com-0073-2016Redesign;en-US;http://thebroadmoorblog.hdblogs.com/tag/shower/;16721;1;0
Broadmoor.com-0073-2016Redesign;en-US;http://thebroadmoorblog.hdblogs.com/tag/shower/;16721;1;0
Broadmoor.com-0073-2016Redesign;en-US;http://thebroadmoorblog.hdblogs.com/tag/shower/;16721;1;0
Broadmoor.com-0073-2016Redesign;en-US;http://thebroadmoorblog.hdblogs.com/tag/shower/;16721;1;0
Broadmoor.com-0073-2016Redesign;en-US;http://thebroadmoorblog.hdblogs.com/tag/shower/;16721;1;0
Luxehotels.com-0078-2016Redesign;en-US;https://www.google.com/;18833;1;0
Broadmoor.com-0073-2016Redesign;en-US;https://www.google.com/;16769;1;0
Broadmoor.com-0073-2016Redesign;en-US;https://www.google.com/;16769;1;0
Thelodgeatwoodloch.com-0033-2015Redesign;en-US;https://www.google.com/;8253;1;0
Halcyonhotelcherrycreek.com-0061-2015Redesign;en-US;https://uncrate.com/article/halcyon-hotel/;22121;1;0
Thelodgeatwoodloch.com-0033-2015Redesign;en-US;https://www.poconomountains.com/listings/the-lodge-at-woodloch/3118/;7764;1;0
theweststreethotel.com-0115-2017Redesign;en-US;http://www.barharborinfo.com/All-Members/WEST-STREET-HOTEL.aspx;36683;1;0
Thesagamore.com-0112-2017Redesign;en-US;https://www.google.com/;32339;1;0
Thesagamore.com-0112-2017Redesign;en-US;https://www.google.com/;32339;1;0
Monarchbeachresort.com-0092-2016Redesign;en-US;https://www.google.com/;22725;1;0
