Samosetresort.com-0113-2017Redesign;en-US;https://www.google.com/;35274;1;0
Thelodgeatwoodloch.com-0033-2015Redesign;en-US;https://www.google.com/;7764;1;0
Sandpearl.com-0091-2016Redesign;en-US;http://www.clearwaterbeach.com/display.php;22481;1;0
Sandpearl.com-0091-2016Redesign;en-US;http://www.clearwaterbeach.com/display.php;22481;1;0
Miravalspamonarchbeach.com-0109-2017Redesign;en-US;https://lm.facebook.com/l.php;33601;1;0
Lidobeachresort.com-0106-2017Redesign;en-US;https://www.google.com/;28666;1;0
Lidobeachresort.com-0106-2017Redesign;en-US;https://www.google.com/;28666;1;0
saddlebrook.com-0011-2014Redesign;en-US;https://www.google.com/;3385;1;0
Jbdukehotel.com-0086-2016Redesign;en-US;https://www.google.com/;21918;1;0
Samosetresort.com-0113-2017Redesign;en-US;https://search.yahoo.com/;32541;1;0
Lidobeachresort.com-0106-2017Redesign;en-US;https://www.bing.com/;28666;1;0
Cendyn.com-0095-2016Redesign;en-US;https://www.google.com/;26640;1;0
theweststreethotel.com-0115-2017Redesign;en-US;https://duckduckgo.com/;36683;1;0
Thelodgeatwoodloch.com-0033-2015Redesign;en-US;https://www.google.com/;7764;1;0
Thelodgeatwoodloch.com-0033-2015Redesign;en-US;https://www.google.com/;8254;1;0
Washingtondukeinn.com-0024-2014Redesign;en-US;https://www.google.com/;4739;1;0
Washingtondukeinn.com-0024-2014Redesign;en-US;https://www.google.com/;4739;1;0
Halcyonhotelcherrycreek.com-0061-2015Redesign;en-US;https://www.google.com/;22121;1;0
Broadmoor.com-0073-2016Redesign;en-US;https://www.google.com/;18259;1;0
Samosetresort.com-0113-2017Redesign;en-US;http://www.google.com/;32541;1;0
Cendyn.com-0095-2016Redesign;en-US;https://www.google.com/;26640;1;0
Broadmoor.com-0073-2016Redesign;en-US;http://login.nomadix.com:1111/web/portal.html;16724;1;0
Broadmoor.com-0073-2016Redesign;en-US;http://login.nomadix.com:1111/web/portal.html;16724;1;0
Jbdukehotel.com-0086-2016Redesign;en-US;https://www.google.com/;21918;1;0
Thelodgeatwoodloch.com-0033-2015Redesign;en-US;https://nccihintranet-demo.westat.com/node/5150;7764;1;0
Edgewaternaples.com-0094-2016Redesign;en-US;https://www.google.de/;25239;1;0
Edgewaternaples.com-0094-2016Redesign;en-US;https://www.google.de/;25239;1;0
Lakeplacidlodge.com-0105-2017Redesign;en-US;https://www.bing.com/;28545;1;0
Samosetresort.com-0113-2017Redesign;en-US;https://www.google.com/;32541;1;0
Broadmoor.com-0073-2016Redesign;en-US;https://www.google.com/;18259;1;0
Zotabeachresort.com-0090-2016Redesign;en-US;https://www.google.com/;23062;1;0
Zotabeachresort.com-0090-2016Redesign;en-US;https://www.google.com/;23062;1;0
Monarchbeachresort.com-0092-2016Redesign;en-US;https://www.google.com/;22725;1;0
Broadmoor.com-0073-2016Redesign;en-US;https://www.google.com/;16721;1;0
Broadmoor.com-0073-2016Redesign;en-US;https://www.google.com/;16721;1;0
Sandpearl.com-0091-2016Redesign;en-US;http://www.clearwaterbeach.com/display.php;22481;1;0
Galthouse.com-0042-2015Redesign;en-US;https://us.search.yahoo.com/;31905;1;0
Galthouse.com-0042-2015Redesign;en-US;https://us.search.yahoo.com/;31905;1;0
Cocokeyorlando.com-0059-2015Redesign;en-US;https://www.googleadservices.com/pagead/aclk;12410;1;0
Thelodgeatwoodloch.com-0033-2015Redesign;en-US;https://www.google.com/;7764;1;0
Broadmoor.com-0073-2016Redesign;en-US;http://www.visitcos.com/events-calendar/annual-events-holidays/new-years-eve/;22161;1;0
Broadmoor.com-0073-2016Redesign;en-US;http://www.visitcos.com/events-calendar/annual-events-holidays/new-years-eve/;22161;1;0
Thelodgeatwoodloch.com-0033-2015Redesign;en-US;https://www.google.com/;7764;1;0
Opalsands.com-0084-2016Redesign;en-US;http://m.facebook.com/;28082;1;0
Samosetresort.com-0113-2017Redesign;en-US;https://www.google.com/;32541;1;0
Halcyonhotelcherrycreek.com-0061-2015Redesign;en-US;https://www.google.com/;22121;1;0
Marriottkeylargo.com-0015-2014Redesign;en-US;http://www.ophotels.com/locator/;3948;1;0
Jupiterbeachresort.com-0103-2017Redesign;en-US;http://www.ophotels.com/locator/;28158;1;0
Lidobeachresort.com-0106-2017Redesign;en-US;http://www.ophotels.com/locator/;28666;1;0
Marriottdelraybeach.com-0009-2014Redesign;en-US;http://www.ophotels.com/locator/;2829;1;0
Lakeplacidlodge.com-0105-2017Redesign;en-US;http://www.ophotels.com/locator/;28545;1;0
Delraysandsresort.com-0097-2016Redesign;en-US;http://www.ophotels.com/locator/;27232;1;0
Thesagamore.com-0112-2017Redesign;en-US;http://www.ophotels.com/locator/;32339;1;0
Samosetresort.com-0113-2017Redesign;en-US;http://www.ophotels.com/locator/;32541;1;0
theweststreethotel.com-0115-2017Redesign;en-US;http://www.ophotels.com/locator/;36683;1;0
Samosetresort.com-0113-2017Redesign;en-US;http://www.ophotels.com/locator/;32541;1;0
wentworthcom00212014redesign;en-US;http://www.ophotels.com/locator/;26679;1;0
Longboatkeyclub.com-0104-2017Redesign;en-US;http://www.ophotels.com/locator/;35641;1;0
Thelodgeatwoodloch.com-0033-2015Redesign;en-US;https://www.google.com/;7764;1;0
Theharborsidehotel.com-0114-2017Redesign;en-US;http://www.ophotels.com/locator/;37571;1;0
Edgewaternaples.com-0094-2016Redesign;en-US;https://www.google.de/;25239;1;0
Thesagamore.com-0112-2017Redesign;en-US;https://www.google.com/;32339;1;0
Edgewaternaples.com-0094-2016Redesign;en-US;https://www.google.de/;25239;1;0
Marriottdelraybeach.com-0009-2014Redesign;en-US;http://www.ophotels.com/locator/;2829;1;0
Delraysandsresort.com-0097-2016Redesign;en-US;http://www.ophotels.com/locator/;27232;1;0
Marriottkeylargo.com-0015-2014Redesign;en-US;http://www.ophotels.com/locator/;3948;1;0
Thesagamore.com-0112-2017Redesign;en-US;https://www.google.com/;32339;1;0
Theharborsidehotel.com-0114-2017Redesign;en-US;http://www.ophotels.com/locator/;37571;1;0
wentworthcom00212014redesign;en-US;http://www.ophotels.com/locator/;26679;1;0
Jupiterbeachresort.com-0103-2017Redesign;en-US;http://www.ophotels.com/locator/;28158;1;0
Lakeplacidlodge.com-0105-2017Redesign;en-US;http://www.ophotels.com/locator/;28545;1;0
Lidobeachresort.com-0106-2017Redesign;en-US;http://www.ophotels.com/locator/;28666;1;0
theweststreethotel.com-0115-2017Redesign;en-US;http://www.ophotels.com/locator/;36683;1;0
Longboatkeyclub.com-0104-2017Redesign;en-US;http://www.ophotels.com/locator/;35641;1;0
Samosetresort.com-0113-2017Redesign;en-US;http://www.ophotels.com/locator/;32541;1;0
Samosetresort.com-0113-2017Redesign;en-US;http://www.ophotels.com/locator/;32541;1;0
Thesagamore.com-0112-2017Redesign;en-US;http://www.ophotels.com/locator/;32339;1;0
Edgewaternaples.com-0094-2016Redesign;en-US;https://reservations.edgewaternaples.com/edgewaternaples/availability.asp;25272;1;0
Monarchbeachresort.com-0092-2016Redesign;en-US;http://m.facebook.com/;26800;1;0
Sandylane.com-0075-2016Redesign;en-US;http://www.google.lu/;17611;1;0
Sandpearl.com-0091-2016Redesign;en-US;http://www.clearwaterbeach.com/display.php;22481;1;0
Washingtondukeinn.com-0024-2014Redesign;en-US;https://www.google.com/;5087;1;0
Broadmoor.com-0073-2016Redesign;en-US;http://www.escapehere.com/destination/americas-12-best-golf-vacations/5/;16721;1;0
Broadmoor.com-0073-2016Redesign;en-US;http://www.escapehere.com/destination/americas-12-best-golf-vacations/5/;16721;1;0
Cphollywoodbeach.com-0032-2015Redesign;en-US;https://www.sunny.org/webcam/;7831;1;0
Edgewaternaples.com-0094-2016Redesign;en-US;http://m.facebook.com/;41588;1;0
Glencovemansion.com-0058-2015Redesign;en-US;http://www.manhattanbride.com/venue/glen-cove-mansion/;13328;1;0
