Thelodgeatwoodloch.com-0033-2015Redesign;en-US;http://www.hotelrooms.com/cgi-bin/search/redirect.plx;7764;1;0
Luxehotels.com-0078-2016Redesign;en-US;https://www.google.com.au/;18830;1;0
Broadmoor.com-0073-2016Redesign;en-US;https://www.google.com/;18259;1;0
Thesagamore.com-0112-2017Redesign;en-US;https://www.google.com/;33540;1;0
Casaybelresort.com-0002-2014Redesign;en-US;https://www.google.com/;1533;1;0
Napavalleymarriott.com-0071-2016Redesign;en-US;https://www.google.com/;16432;1;0
Thesagamore.com-0112-2017Redesign;en-US;https://www.google.com/;32339;1;0
Washingtoncourthotel.com-0076-2016Redesign;en-US;https://www.google.com/;17858;1;0
saddlebrook.com-0011-2014Redesign;en-US;android-app://com.google.android.googlequicksearchbox/;3469;1;0
Halcyonhotelcherrycreek.com-0061-2015Redesign;en-US;https://uncrate.com/;22121;1;0
Thesagamore.com-0112-2017Redesign;en-US;https://www.google.com/;32339;1;0
Thesagamore.com-0112-2017Redesign;en-US;https://www.google.com/;32339;1;0
Lidobeachresort.com-0106-2017Redesign;en-US;http://www.baidu.com/;28666;1;0
Lidobeachresort.com-0106-2017Redesign;en-US;http://www.baidu.com/;28666;1;0
Longboatkeyclub.com-0104-2017Redesign;en-US;https://www.google.com/;29865;1;0
Broadmoor.com-0073-2016Redesign;en-US;http://betweenusparents.com/;16721;1;0
Broadmoor.com-0073-2016Redesign;en-US;http://betweenusparents.com/;16721;1;0
Broadmoor.com-0073-2016Redesign;en-US;http://login.nomadix.com:1111/web/portal.html;16724;1;0
Galthouse.com-0042-2015Redesign;en-US;https://www.zomato.com/;10564;1;0
Broadmoor.com-0073-2016Redesign;en-US;http://login.nomadix.com:1111/web/portal.html;16724;1;0
Unionstationhotelnashville.com-0047-2015Redesign;en-US;https://www.google.com/;32226;1;0
Cphollywoodbeach.com-0032-2015Redesign;en-US;https://www.google.com/;7805;1;0
Napavalleymarriott.com-0071-2016Redesign;en-US;https://www.google.com/;16432;1;0
Halcyonhotelcherrycreek.com-0061-2015Redesign;en-US;https://uncrate.com/article/halcyon-hotel/;22121;1;0
Longboatkeyclub.com-0104-2017Redesign;en-US;https://www.google.co.uk/;28316;1;0
Thelodgeatwoodloch.com-0033-2015Redesign;en-US;http://www.hotelrooms.com/cgi-bin/search/redirect.plx;7764;1;0
Chrco.com-0107-2017Redesign;en-US;https://www.google.com/;29680;1;0
Casaybelresort.com-0002-2014Redesign;en-US;http://artvrn.ru/perenos;1533;1;0
saddlebrook.com-0011-2014Redesign;en-US;https://www.google.com/;3515;1;0
Broadmoor.com-0073-2016Redesign;en-US;https://www.google.com/;16799;1;0
Thesagamore.com-0112-2017Redesign;en-US;https://www.google.com/;33457;1;0
Luxehotels.com-0078-2016Redesign;en-US;https://www.google.com/;18830;1;0
Thecrawfordhotel.com-0074-2016Redesign;en-US;https://www.google.com/;17145;1;0
Galthouse.com-0042-2015Redesign;en-US;https://www.google.com/;31905;1;0
Cphollywoodbeach.com-0032-2015Redesign;en-US;http://m.facebook.com/;8282;1;0
Broadmoor.com-0073-2016Redesign;en-US;https://search.yahoo.com/;16721;1;0
Broadmoor.com-0073-2016Redesign;en-US;https://search.yahoo.com/;16721;1;0
Treasureislandbeachresort.com-0089-2016Redesign;en-US;https://www.google.com/;22169;1;0
