Broadmoor.com-0073-2016Redesign;en-US;http://search.myway.com/search/GGmain.jhtml;16753;1;0
Broadmoor.com-0073-2016Redesign;en-US;https://www.google.com/;16721;1;0
Broadmoor.com-0073-2016Redesign;en-US;http://texastinyhomes.com/broadmore-hotel/;16721;1;0
Broadmoor.com-0073-2016Redesign;en-US;http://texastinyhomes.com/broadmore-hotel/;16721;1;0
Opalsands.com-0084-2016Redesign;en-US;https://www.google.com/;20171;1;0
Longboatkeyclub.com-0104-2017Redesign;en-US;https://www.google.com/;28354;1;0
Cocokeyorlando.com-0059-2015Redesign;en-US;http://www.google.com/;12394;1;0
Broadmoor.com-0073-2016Redesign;en-US;https://www.google.com/;18259;1;0
Galthouse.com-0042-2015Redesign;en-US;https://googleads.g.doubleclick.net/pagead/ads;31905;1;0
Jbdukehotel.com-0086-2016Redesign;en-US;http://copro.pw/;21918;1;0
Renaissancepittsburghpa.com-0044-2015Redesign;en-US;https://www.google.com/;9637;1;0
Zotabeachresort.com-0090-2016Redesign;en-US;https://www.google.com/;22357;1;0
Thecurtis.com-0079-2016Redesign;en-US;https://www.google.com/;17981;1;0
Montaukyachtclub.com-0010-2014Redesign;en-US;https://www.google.com/;2240;1;0
Samosetresort.com-0113-2017Redesign;en-US;https://www.google.com/;32541;1;0
Cphollywoodbeach.com-0032-2015Redesign;en-US;https://www.google.ca/;7831;1;0
Sandpearl.com-0091-2016Redesign;en-US;http://www.visitstpeteclearwater.com/hotels-resorts/sandpearl-resort/1741;22481;1;0
Sandpearl.com-0091-2016Redesign;en-US;http://www.visitstpeteclearwater.com/hotels-resorts/sandpearl-resort/1741;22481;1;0
Broadmoor.com-0073-2016Redesign;en-US;https://www.google.com/;16766;1;0
Monarchbeachresort.com-0092-2016Redesign;en-US;https://www.google.com/;22725;1;0
Cocokeyorlando.com-0059-2015Redesign;en-US;https://www.google.com/;12410;1;0
Thecurtis.com-0079-2016Redesign;en-US;https://www.google.com/;17981;1;0
Galthouse.com-0042-2015Redesign;en-US;https://www.google.ca/;31905;1;0
Broadmoor.com-0073-2016Redesign;en-US;https://www.bing.com/;22720;1;0
Galthouse.com-0042-2015Redesign;en-US;https://www.google.ca/;31905;1;0
Monarchbeachresort.com-0092-2016Redesign;en-US;https://www.google.com/;22725;1;0
Broadmoor.com-0073-2016Redesign;en-US;https://www.google.com/;16722;1;0
Thecrawfordhotel.com-0074-2016Redesign;en-US;http://unionstationindenver.com/news-events/events/;17190;1;0
Casaybelresort.com-0002-2014Redesign;en-US;https://www.google.com/;1613;1;0
Samosetresort.com-0113-2017Redesign;en-US;http://m.facebook.com/;32541;1;0
Broadmoor.com-0073-2016Redesign;en-US;https://www.google.com/;16765;1;0
Samosetresort.com-0113-2017Redesign;en-US;http://m.facebook.com/;32541;1;0
Thecrawfordhotel.com-0074-2016Redesign;en-US;https://www.google.com/;17667;1;0
Washingtondukeinn.com-0024-2014Redesign;en-US;https://www.google.com/;5165;1;0
Washingtondukeinn.com-0024-2014Redesign;en-US;https://www.google.com/;5165;1;0
Springhillsuitesdenver.com-0060-2015Redesign;en-US;https://www.google.com/;12307;1;0
Monarchbeachresort.com-0092-2016Redesign;en-US;https://www.google.com/;23643;1;0
Washingtondukeinn.com-0024-2014Redesign;en-US;https://www.google.com/;4739;1;0
Thelodgeatwoodloch.com-0033-2015Redesign;en-US;https://www.google.com/;7764;1;0
Galthouse.com-0042-2015Redesign;en-US;http://m.facebook.com/;31905;1;0
Galthouse.com-0042-2015Redesign;en-US;http://m.facebook.com/;31905;1;0
Broadmoor.com-0073-2016Redesign;en-US;https://www.bing.com/;16724;1;0
Washingtondukeinn.com-0024-2014Redesign;en-US;https://www.google.com/;4739;1;0
Broadmoor.com-0073-2016Redesign;en-US;http://login.nomadix.com:1111/web/portal.html;16724;1;0
Broadmoor.com-0073-2016Redesign;en-US;http://login.nomadix.com:1111/web/portal.html;16724;1;0
Beverlyhillsresidenceinn.com-0087-2016Redesign;en-US;https://www.google.com/;20999;1;0
Cocokeyorlando.com-0059-2015Redesign;en-US;http://www.google.com/;12394;1;0
Thelodgeatwoodloch.com-0033-2015Redesign;en-US;https://www.google.com/;7764;1;0
Longboatkeyclub.com-0104-2017Redesign;en-US;http://www.baidu.com/;28316;1;0
Longboatkeyclub.com-0104-2017Redesign;en-US;http://www.baidu.com/;28316;1;0
Thelodgeatwoodloch.com-0033-2015Redesign;en-US;https://www.google.com/;9923;1;0
Thesagamore.com-0112-2017Redesign;en-US;https://www.google.com/;32339;1;0
Thesagamore.com-0112-2017Redesign;en-US;android-app://com.google.android.googlequicksearchbox/;32339;1;0
Jupiterbeachresort.com-0103-2017Redesign;en-US;https://www.google.com/;28158;1;0
Sandpearl.com-0091-2016Redesign;en-US;https://www.google.com/;22481;1;0
Opalsands.com-0084-2016Redesign;en-US;http://www.baidu.com/;20171;1;0
Opalsands.com-0084-2016Redesign;en-US;http://www.baidu.com/;20171;1;0
Washingtoncourthotel.com-0076-2016Redesign;en-US;https://www.bing.com/;17858;1;0
Broadmoor.com-0073-2016Redesign;en-US;https://www.bing.com/;16721;1;0
Broadmoor.com-0073-2016Redesign;en-US;https://www.bing.com/;16721;1;0
