theweststreethotel.com-0115-2017Redesign;en-US;https://www.google.com/;36683;1;0
Sandpearl.com-0091-2016Redesign;en-US;http://www.google.com/;22488;1;0
Washingtondukeinn.com-0024-2014Redesign;en-US;https://www.google.com/;4737;1;0
Broadmoor.com-0073-2016Redesign;en-US;https://www.bing.com/;16721;1;0
Broadmoor.com-0073-2016Redesign;en-US;https://www.google.com/;18259;1;0
Broadmoor.com-0073-2016Redesign;en-US;https://www.google.com/;16721;1;0
Marriottkeylargo.com-0015-2014Redesign;en-US;https://www.lookr.com/lookout/1397936517;3948;1;0
Halcyonhotelcherrycreek.com-0061-2015Redesign;en-US;http://esurvey.templates.cendyn.com/eSurvey_Halcyon/Thank_You_Page/ThankYou.asp;22121;1;0
Thesagamore.com-0112-2017Redesign;en-US;https://www.google.com/;32339;1;0
Broadmoor.com-0073-2016Redesign;en-US;https://www.google.com/;16728;1;0
Thelodgeatwoodloch.com-0033-2015Redesign;en-US;https://www.google.com/;9920;1;0
Cphollywoodbeach.com-0032-2015Redesign;en-US;https://www.google.nl/;7831;1;0
Cphollywoodbeach.com-0032-2015Redesign;en-US;https://www.bing.com/;7831;1;0
Jupiterbeachresort.com-0103-2017Redesign;en-US;https://www.google.com/;28158;1;0
Broadmoor.com-0073-2016Redesign;en-US;http://www.pikes-peak.com/attractions/seven-falls/;18259;1;0
Casaybelresort.com-0002-2014Redesign;en-US;http://surfinggator.com/fort-myers/cams/cams.html;1613;1;0
Monarchbeachresort.com-0092-2016Redesign;en-US;https://www.google.de/;22725;1;0
Sandpearl.com-0091-2016Redesign;en-US;https://www.google.com/;22481;1;0
Broadmoor.com-0073-2016Redesign;en-US;https://www.google.com/;16721;1;0
Monarchbeachresort.com-0092-2016Redesign;en-US;https://www.google.com/;22725;1;0
Galthouse.com-0042-2015Redesign;en-US;http://m.facebook.com/;31905;1;0
Galthouse.com-0042-2015Redesign;en-US;http://m.facebook.com/;31905;1;0
Casaybelresort.com-0002-2014Redesign;en-US;https://www.google.com/;1613;1;0
Montaukyachtclub.com-0010-2014Redesign;en-US;http://www.nail-artmaster.ru/;2240;1;0
Montaukyachtclub.com-0010-2014Redesign;en-US;https://fabrika-schastya.moscow/shary-pod-potolok-serdtsa-assorti;2240;1;0
Unionstationhotelnashville.com-0047-2015Redesign;en-US;https://www.google.com/;32226;1;0
Broadmoor.com-0073-2016Redesign;en-US;https://www.google.com/;16721;1;0
Monarchbeachresort.com-0092-2016Redesign;en-US;https://www.google.com/;22725;1;0
Marriottkeylargo.com-0015-2014Redesign;en-US;http://www.beachcamsusa.com/fl/key-largo/key-largo-marriott-bay-resort-live-webcam;3948;1;0
Marriottkeylargo.com-0015-2014Redesign;en-US;http://surfinggator.com/florida-keys/live-cams/live-cams.html;3948;1;0
Halcyonhotelcherrycreek.com-0061-2015Redesign;en-US;https://www.google.com/;22121;1;0
Edgewaternaples.com-0094-2016Redesign;en-US;http://m.facebook.com/;41588;1;0
Edgewaternaples.com-0094-2016Redesign;en-US;https://www.google.com/;25239;1;0
Glencovemansion.com-0058-2015Redesign;en-US;https://www.google.com/;13328;1;0
Thecrawfordhotel.com-0074-2016Redesign;en-US;https://www.google.com/;17145;1;0
Sandylane.com-0075-2016Redesign;en-US;https://www.google.com/;17611;1;0
Samosetresort.com-0113-2017Redesign;en-US;https://search.aol.com/aol/search;32541;1;0
Luxehotels.com-0078-2016Redesign;en-US;https://www.google.com/;19302;1;0
Sandpearl.com-0091-2016Redesign;en-US;https://www.google.com/;22481;1;0
