Lehotels.com-0049-2015Transfer;en-US;https://socialmediascanner.eset.com/;19444;1;0
Sandpearl.com-0091-2016Redesign;en-US;http://captive.apple.com/hotspot-detect.html;22481;1;0
Sandpearl.com-0091-2016Redesign;en-US;http://captive.apple.com/hotspot-detect.html;22481;1;0
wentworthcom00212014redesign;en-US;https://www.google.com/;4281;1;0
Theloganhotel.com-0043-2015Redesign;en-US;https://www.google.com/;27223;1;0
Zotabeachresort.com-0090-2016Redesign;en-US;http://captive.apple.com/hotspot-detect.html;22357;1;0
Broadmoor.com-0073-2016Redesign;en-US;https://www.google.com/;16721;1;0
Cphollywoodbeach.com-0032-2015Redesign;en-US;https://www.sunny.org/webcam/;7831;1;0
Lakeplacidlodge.com-0105-2017Redesign;en-US;https://www.thesagamore.com/;28545;1;0
Lakeplacidlodge.com-0105-2017Redesign;en-US;https://www.thesagamore.com/;28545;1;0
Broadmoor.com-0073-2016Redesign;en-US;https://www.google.com/;16741;1;0
Luxehotels.com-0078-2016Redesign;en-US;http://www.google.com/;18830;1;0
Broadmoor.com-0073-2016Redesign;en-US;https://www.google.com/;16741;1;0
Broadmoor.com-0073-2016Redesign;en-US;https://www.bing.com/;16721;1;0
Broadmoor.com-0073-2016Redesign;en-US;http://tpc.googlesyndication.com/safeframe/1-0-10/html/container.html;16728;1;0
Broadmoor.com-0073-2016Redesign;en-US;http://login.nomadix.com:1111/web/portal.html;16724;1;0
Longboatkeyclub.com-0104-2017Redesign;en-US;https://www.google.com/;28316;1;0
Broadmoor.com-0073-2016Redesign;en-US;http://login.nomadix.com:1111/web/portal.html;16724;1;0
Longboatkeyclub.com-0104-2017Redesign;en-US;https://www.google.com/;28316;1;0
Washingtoncourthotel.com-0076-2016Redesign;en-US;http://www.google.com/;17858;1;0
Galthouse.com-0042-2015Redesign;en-US;https://search.yahoo.com/yhs/search;31905;1;0
Galthouse.com-0042-2015Redesign;en-US;https://search.yahoo.com/yhs/search;31905;1;0
Cphollywoodbeach.com-0032-2015Redesign;en-US;https://www.sunny.org/webcam/;7831;1;0
Montaukyachtclub.com-0010-2014Redesign;en-US;https://www.google.com/;2381;1;0
Broadmoor.com-0073-2016Redesign;en-US;http://login.nomadix.com:1111/web/portal.html;16724;1;0
Broadmoor.com-0073-2016Redesign;en-US;http://login.nomadix.com:1111/web/portal.html;16724;1;0
Secretharbourvi.com-0040-2015Redesign;en-US;https://www.google.com/;9231;1;0
Luxehotels.com-0078-2016Redesign;en-US;http://www.google.com/;18830;1;0
Galthouse.com-0042-2015Redesign;en-US;https://www.google.com/;31905;1;0
