Cphollywoodbeach.com-0032-2015Redesign;en-US;https://www.google.com/;7805;1;0
Galthouse.com-0042-2015Redesign;en-US;https://www.google.com/;31905;1;0
Opalsands.com-0084-2016Redesign;en-US;http://www.beachtourism.com/opalsandsresort/;20171;1;0
Washingtondukeinn.com-0024-2014Redesign;en-US;https://www.google.com/;4524;1;0
Thecurtis.com-0079-2016Redesign;en-US;https://www.google.com/;17981;1;0
Lidobeachresort.com-0106-2017Redesign;en-US;https://www.google.com/;28666;1;0
Cphollywoodbeach.com-0032-2015Redesign;en-US;https://www.sunny.org/webcam/;7831;1;0
saddlebrook.com-0011-2014Redesign;en-US;http://r.search.yahoo.com/_ylt=A9mSs2Tm.LdZcUkAkUIxLCM5##SEMICOLONDELIMITER##_ylu=X3oDMTByMnE1MzMwBGNvbG8DaXIyBHBvcwMzBHZ0aWQDBHNlYwNzcg--/RV=2/RE=1505257830/RO=10/RU=http%3a//www.saddlebrook.com/prep//RK=1/RS=mkpiHeXBZ3CBG_b4USe0ijUZjVg-;3478;1;0
Casaybelresort.com-0002-2014Redesign;en-US;http://resep.xyz/;1533;1;0
Theoxfordhotel.com-0062-2015Redesign;en-US;https://www.google.com/;14346;1;0
wentworthcom00212014redesign;en-US;https://www.google.com/;4276;1;0
Cphollywoodbeach.com-0032-2015Redesign;en-US;https://www.google.com/;7831;1;0
Cocokeyorlando.com-0059-2015Redesign;en-US;https://www.google.com/;12406;1;0
Cphollywoodbeach.com-0032-2015Redesign;en-US;https://www.google.com.ar/;7805;1;0
Broadmoor.com-0073-2016Redesign;en-US;http://login.nomadix.com:1111/web/portal.html;16724;1;0
Glencovemansion.com-0058-2015Redesign;en-US;https://www.google.com/;13328;1;0
Broadmoor.com-0073-2016Redesign;en-US;https://r.search.yahoo.com/_ylt=A0LEV1eN97dZSh4AuCpx.9w4##SEMICOLONDELIMITER##_ylu=X3oDMTEzYms4NGMwBGNvbG8DYmYxBHBvcwMxBHZ0aWQDTUlRMzE3XzEEc2VjA3Ny/RV=2/RE=1505257485/RO=10/RU=https%3a//www.broadmoor.com/broadmoor-adventures/seven-falls//RK=1/RS=8C0D91YS33lsw15Mdk63_fAElXU-;18259;1;0
Broadmoor.com-0073-2016Redesign;en-US;http://login.nomadix.com:1111/web/portal.html;16724;1;0
Theharborsidehotel.com-0114-2017Redesign;en-US;https://www.google.com/;37571;1;0
Broadmoor.com-0073-2016Redesign;en-US;http://mfrontpage.pch.com/search/;16728;1;0
Broadmoor.com-0073-2016Redesign;en-US;http://login.nomadix.com:1111/web/portal.html;16724;1;0
Theharborsidehotel.com-0114-2017Redesign;en-US;https://www.google.com/;37571;1;0
Casaybelresort.com-0002-2014Redesign;en-US;android-app://com.google.android.googlequicksearchbox/;1613;1;0
Glencovemansion.com-0058-2015Redesign;en-US;https://www.google.com/;13328;1;0
Broadmoor.com-0073-2016Redesign;en-US;https://www.google.com/;16721;1;0
Delraysandsresort.com-0097-2016Redesign;en-US;https://www.google.com/;27232;1;0
Degreerestaurant.com-0056-2015Redesign;en-US;https://www.google.com/;11598;1;0
Cphollywoodbeach.com-0032-2015Redesign;en-US;https://www.sunny.org/webcam/;7831;1;0
Jbdukehotel.com-0086-2016Redesign;en-US;https://www.google.com/;21918;1;0
Galthouse.com-0042-2015Redesign;en-US;https://www.google.com/;31905;1;0
Thesagamore.com-0112-2017Redesign;en-US;https://www.google.com/;32339;1;0
Lidobeachresort.com-0106-2017Redesign;en-US;https://www.google.com/;29818;1;0
Longboatkeyclub.com-0104-2017Redesign;en-US;https://www.google.ca/;28316;1;0
Theloganhotel.com-0043-2015Redesign;en-US;https://www.google.com/;20218;1;0
Secretharbourvi.com-0040-2015Redesign;en-US;https://www.google.com/;9231;1;0
Broadmoor.com-0073-2016Redesign;en-US;https://www.google.com/;16721;1;0
Broadmoor.com-0073-2016Redesign;en-US;https://www.google.com/;16721;1;0
Thecrawfordhotel.com-0074-2016Redesign;en-US;https://www.google.com/;17667;1;0
Galthouse.com-0042-2015Redesign;en-US;https://www.google.com/;31905;1;0
Galthouse.com-0042-2015Redesign;en-US;https://www.google.com/;31905;1;0
theweststreethotel.com-0115-2017Redesign;en-US;https://www.google.com/;36683;1;0
