Napavalleymarriott.com-0071-2016Redesign;en-US;https://www.google.com/;16432;1;0
Samosetresort.com-0113-2017Redesign;en-US;https://www.google.com/;32541;1;0
Treasureislandbeachresort.com-0089-2016Redesign;en-US;https://s0.2mdn.net/ads/richmedia/studio/pv2/60220772/20170601080644339/index.html;22169;1;0
Casaybelresort.com-0002-2014Redesign;en-US;https://www.google.com/;1533;1;0
Cphollywoodbeach.com-0032-2015Redesign;en-US;https://www.sunny.org/webcam/;7831;1;0
wentworthcom00212014redesign;en-US;https://www.google.com/;26679;1;0
Secretharbourvi.com-0040-2015Redesign;en-US;https://www.google.com/;9231;1;0
wentworthcom00212014redesign;en-US;https://www.google.com/;4306;1;0
Napavalleymarriott.com-0071-2016Redesign;en-US;https://www.google.com/;16432;1;0
Cphollywoodbeach.com-0032-2015Redesign;en-US;https://www.google.com/;7831;1;0
Sandpearl.com-0091-2016Redesign;en-US;http://connectivitycheck.gstatic.com/generate_204;22481;1;0
Sandpearl.com-0091-2016Redesign;en-US;http://connectivitycheck.gstatic.com/generate_204;22481;1;0
Jbdukehotel.com-0086-2016Redesign;en-US;https://www.google.com/;21918;1;0
Broadmoor.com-0073-2016Redesign;en-US;https://www.google.com/;16721;1;0
Lakeplacidlodge.com-0105-2017Redesign;en-US;https://www.google.ca/;28545;1;0
Thesagamore.com-0112-2017Redesign;en-US;https://www.google.com/;32339;1;0
Broadmoor.com-0073-2016Redesign;en-US;https://www.google.com/;16799;1;0
Lakeplacidlodge.com-0105-2017Redesign;en-US;http://r.search.yahoo.com/_ylt=A0LEVwiQuLFZkbkAPwhx.9w4##SEMICOLONDELIMITER##_ylu=X3oDMTEzdGhzcWhnBGNvbG8DYmYxBHBvcwMxBHZ0aWQDTUlRMzE3XzEEc2VjA3Nj/RV=2/RE=1504848144/RO=10/RU=http%3a//www.lakeplacidlodge.com//RK=1/RS=SLaQXG_V9Cq3aXhjMY0fkWxo9zY-;28545;1;0
Lakeplacidlodge.com-0105-2017Redesign;en-US;http://r.search.yahoo.com/_ylt=A0LEVwiQuLFZkbkAPwhx.9w4##SEMICOLONDELIMITER##_ylu=X3oDMTEzdGhzcWhnBGNvbG8DYmYxBHBvcwMxBHZ0aWQDTUlRMzE3XzEEc2VjA3Nj/RV=2/RE=1504848144/RO=10/RU=http%3a//www.lakeplacidlodge.com//RK=1/RS=SLaQXG_V9Cq3aXhjMY0fkWxo9zY-;28545;1;0
Cocokeyorlando.com-0059-2015Redesign;en-US;https://www.google.com/;12410;1;0
Sandpearl.com-0091-2016Redesign;en-US;https://www.google.com/;22481;1;0
Montaukyachtclub.com-0010-2014Redesign;en-US;https://i-hobot.ru/;2240;1;0
Montaukyachtclub.com-0010-2014Redesign;en-US;https://i-hobot.ru/;2240;1;0
Broadmoor.com-0073-2016Redesign;en-US;https://www.google.com/;16790;1;0
Broadmoor.com-0073-2016Redesign;en-US;https://www.tripadvisor.com/Attraction_Review-g33364-d6861629-Reviews-Colorado_Fishing_Rampart_Reservoir-Colorado_Springs_El_Paso_County_Colorado.html;22720;1;0
Montaukyachtclub.com-0010-2014Redesign;en-US;https://i-hobot.ru/;2240;1;0
Casaybelresort.com-0002-2014Redesign;en-US;https://www.google.com/;1571;1;0
Montaukyachtclub.com-0010-2014Redesign;en-US;https://www.google.com/;2240;1;0
Residenceinnnyc.com-0034-2015Redesign;en-US;https://www.google.com/;7926;1;0
Monarchbeachresort.com-0092-2016Redesign;en-US;https://www.google.com/;22995;1;0
Napavalleymarriott.com-0071-2016Redesign;en-US;https://www.google.com/;16432;1;0
Thesagamore.com-0112-2017Redesign;en-US;https://www.google.com/;32339;1;0
Samosetresort.com-0113-2017Redesign;en-US;https://www.google.com/;32541;1;0
Thecurtis.com-0079-2016Redesign;en-US;https://www.google.com/;17981;1;0
Unionstationhotelnashville.com-0047-2015Redesign;en-US;https://www.google.com/;32226;1;0
Amzak.com-0023-2014Redesign;en-US;https://www.google.com/;15051;1;0
Broadmoor.com-0073-2016Redesign;en-US;https://www.google.com/;16728;1;0
Sandylane.com-0075-2016Redesign;en-US;https://www.google.com/;17611;1;0
