Thelodgeatwoodloch.com-0033-2015Redesign;en-US;https://www.google.com/;9920;1;0
Thelodgeatwoodloch.com-0033-2015Redesign;en-US;https://www.google.com/;9920;1;0
Thesagamore.com-0112-2017Redesign;en-US;https://www.google.com/;32339;1;0
Thesagamore.com-0112-2017Redesign;en-US;https://www.google.com/;32339;1;0
Broadmoor.com-0073-2016Redesign;en-US;https://www.google.com/;26388;1;0
Delraysandsresort.com-0097-2016Redesign;en-US;http://m.facebook.com/;27232;1;0
Theoxfordhotel.com-0062-2015Redesign;en-US;https://www.inboundlinks.win/InboundLinks/www.theoxfordhotel.com;14325;1;0
Montaukyachtclub.com-0010-2014Redesign;en-US;https://www.google.com/;2461;1;0
Washingtondukeinn.com-0024-2014Redesign;en-US;http://www.goduke.com/;4524;1;0
Washingtondukeinn.com-0024-2014Redesign;en-US;http://www.goduke.com/;4524;1;0
Lidobeachresort.com-0106-2017Redesign;en-US;https://www.inboundlinks.win/InboundLinks/www.lidobeachresort.com;28666;1;0
Unionstationhotelnashville.com-0047-2015Redesign;en-US;http://www.google.com/;32226;1;0
Oxfordclubspa.com-0068-2016Redesign;en-US;http://m.facebook.com/;15568;1;0
theweststreethotel.com-0115-2017Redesign;en-US;http://www.acadiamagic.com/acadia-lodging/;36683;1;0
theweststreethotel.com-0115-2017Redesign;en-US;http://www.acadiamagic.com/acadia-lodging/;36683;1;0
Jupiterbeachresort.com-0103-2017Redesign;en-US;https://www.inboundlinks.win/InboundLinks/www.jupiterbeachresort.com;28158;1;0
Thesagamore.com-0112-2017Redesign;en-US;https://www.google.com/;32339;1;0
Thesagamore.com-0112-2017Redesign;en-US;https://www.google.com/;32339;1;0
saddlebrook.com-0011-2014Redesign;en-US;https://search.yahoo.com/;3453;1;0
Saddlebrookprep.com-0022-2014Transfer;en-US;http://www.saddlebrook.com/tampa-tennis/;3914;1;0
Samosetresort.com-0113-2017Redesign;en-US;http://films-app.com/page/2/;32541;1;0
Broadmoor.com-0073-2016Redesign;en-US;https://www.tripsavvy.com/thanksgiving-weekend-getaways-with-kids-3266914;18187;1;0
Luxehotels.com-0078-2016Redesign;en-US;https://www.google.co.uk/;18805;1;0
Galthouse.com-0042-2015Redesign;en-US;https://r.search.yahoo.com/_ylt=AwrBT8tdDK5Z89EANfdx.9w4##SEMICOLONDELIMITER##_ylu=X3oDMTEyYWJsZmF0BGNvbG8DYmYxBHBvcwMxBHZ0aWQDQjQ1OTBfMQRzZWMDc3I-/RV=2/RE=1504607454/RO=10/RU=https%3a//www.galthouse.com//RK=1/RS=qumeDlgw4aAIJ9zlpqTFUj15Z5c-;31905;1;0
Broadmoor.com-0073-2016Redesign;en-US;http://login.nomadix.com:1111/web/portal.html;16724;1;0
Sandylane.com-0075-2016Redesign;en-US;http://www.travelchannel.com/destinations/caribbean/photos/hottest-caribbean-escapes;17611;1;0
Broadmoor.com-0073-2016Redesign;en-US;http://login.nomadix.com:1111/web/portal.html;16724;1;0
Springhillsuitesdenver.com-0060-2015Redesign;en-US;https://www.google.com/;12307;1;0
Samosetresort.com-0113-2017Redesign;en-US;https://www.google.com/;32541;1;0
Thesagamore.com-0112-2017Redesign;en-US;https://www.google.com/;32339;1;0
Casaybelresort.com-0002-2014Redesign;en-US;https://www.google.com/;1533;1;0
Galthouse.com-0042-2015Redesign;en-US;https://www.google.com/;31905;1;0
