wentworthcom00212014redesign;en-US;https://ortomed24.ru/109-podushki-dlya-detej;26679;1;0
wentworthcom00212014redesign;en-US;http://dobranich.com/catalog/15/;26679;1;0
wentworthcom00212014redesign;en-US;https://imedservice.com/program/abstsess-pecheni/anatomicheskaya-rezektsiya-chasti-pecheni/;26679;1;0
wentworthcom00212014redesign;en-US;http://kvadlogistic.ru/avtoperevozki;26679;1;0
wentworthcom00212014redesign;en-US;http://cleaningservices.kiev.ua/;26679;1;0
Sandpearl.com-0091-2016Redesign;en-US;https://www.google.com/;30638;1;0
Cphollywoodbeach.com-0032-2015Redesign;en-US;https://www.sunny.org/webcam/;7831;1;0
Galthouse.com-0042-2015Redesign;en-US;http://m.facebook.com/;31905;1;0
Galthouse.com-0042-2015Redesign;en-US;http://m.facebook.com/;31905;1;0
Broadmoor.com-0073-2016Redesign;en-US;https://www.google.com.au/;16721;1;0
Broadmoor.com-0073-2016Redesign;en-US;https://www.bing.com/;16721;1;0
Sandpearl.com-0091-2016Redesign;en-US;https://www.google.com/;22481;1;0
Broadmoor.com-0073-2016Redesign;en-US;https://www.google.com.au/;16721;1;0
saddlebrook.com-0011-2014Redesign;en-US;http://www.baidu.com/;3385;1;0
Cocokeyorlando.com-0059-2015Redesign;en-US;https://www.google.co.uk/;12394;1;0
Glencovemansion.com-0058-2015Redesign;en-US;https://results.searchlock.com/;13328;1;0
Galthouse.com-0042-2015Redesign;en-US;https://www.bing.com/;31905;1;0
Galthouse.com-0042-2015Redesign;en-US;https://www.bing.com/;31905;1;0
Hospitalityupgrade.com-0093-2016Redesign;en-US;https://www.google.com/;37631;1;0
Secretharbourvi.com-0040-2015Redesign;en-US;http://ezxcess.antlabs.com/login/main.ant;9231;1;0
Thesagamore.com-0112-2017Redesign;en-US;https://www.google.com/;32339;1;0
Thesagamore.com-0112-2017Redesign;en-US;https://www.google.com/;32339;1;0
Thelodgeatwoodloch.com-0033-2015Redesign;en-US;https://www.google.com/;7764;1;0
saddlebrook.com-0011-2014Redesign;en-US;http://baseline.tennis.com/article/68339/watch-jelena-ostapenko-shows-fancy-footwork;3453;1;0
Broadmoor.com-0073-2016Redesign;en-US;https://tpc.googlesyndication.com/safeframe/1-0-10/html/container.html;16728;1;0
Unionstationhotelnashville.com-0047-2015Redesign;en-US;https://www.google.com/;32226;1;0
Cocokeyorlando.com-0059-2015Redesign;en-US;https://www.google.com/;12410;1;0
