Thesagamore.com-0112-2017Redesign;en-US;http://esurvey.templates.cendyn.com/eSurvey_OceanProperties/eSurvey_Sagamore/Thank_You_Page/ThankYou.asp;32339;1;0
Springhillsuitesdenver.com-0060-2015Redesign;en-US;https://www.google.com/;12307;1;0
Broadmoor.com-0073-2016Redesign;en-US;https://www.google.com/;16738;1;0
saddlebrook.com-0011-2014Redesign;en-US;https://www.google.com/;3385;1;0
Broadmoor.com-0073-2016Redesign;en-US;http://tpc.googlesyndication.com/safeframe/1-0-10/html/container.html;16728;1;0
Cocokeyorlando.com-0059-2015Redesign;en-US;https://www.google.com/;12394;1;0
Theharborsidehotel.com-0114-2017Redesign;en-US;http://www.visitmaine.net/town/24/bar-harbor;37571;1;0
Theharborsidehotel.com-0114-2017Redesign;en-US;http://www.visitmaine.net/town/24/bar-harbor;37571;1;0
Cocokeyorlando.com-0059-2015Redesign;en-US;https://www.google.co.uk/;12394;1;0
Bellemontfarm.com-0007-2013Redesign;en-US;http://www.travelchannel.com/interests/holidays/photos/unique-places-to-spend-thanksgiving;11497;1;0
Lakeplacidlodge.com-0105-2017Redesign;en-US;https://www.google.com/;28545;1;0
Lakeplacidlodge.com-0105-2017Redesign;en-US;https://www.google.com/;28545;1;0
Halcyonhotelcherrycreek.com-0061-2015Redesign;en-US;https://www.google.com/;23287;1;0
Galthouse.com-0042-2015Redesign;en-US;https://www.google.com/;31905;1;0
Edgewaternaples.com-0094-2016Redesign;en-US;https://www.google.com/;25239;1;0
Miravalspamonarchbeach.com-0109-2017Redesign;en-US;https://us-mg5.mail.yahoo.com/;40599;1;0
Galthouse.com-0042-2015Redesign;en-US;https://www.google.com/;31905;1;0
Renaissancepittsburghpa.com-0044-2015Redesign;en-US;https://www.google.com/;9637;1;0
Lakeplacidlodge.com-0105-2017Redesign;en-US;https://www.google.com/;28545;1;0
Lakeplacidlodge.com-0105-2017Redesign;en-US;https://www.google.com/;28545;1;0
Secretharbourvi.com-0040-2015Redesign;en-US;https://www.google.com/;9231;1;0
Galthouse.com-0042-2015Redesign;en-US;https://1kreditzaim.ru/stati/mikrozajmy;31905;1;0
Galthouse.com-0042-2015Redesign;en-US;https://fabrika-schastya.moscow/figurnye-shary-butylochka-devochka;31905;1;0
Galthouse.com-0042-2015Redesign;en-US;https://imedservice.com/program/subduralnaya-gematoma-golovnogo-mozga/nejroreabilitatsiya-54/;31905;1;0
Assuranceoperations.com-0065-2015Redesign;en-US;https://google.com/;15263;1;0
theweststreethotel.com-0115-2017Redesign;en-US;https://www.google.com/;36683;1;0
Amzak.com-0023-2014Redesign;en-US;https://www.google.com/;3739;1;0
Thecrawfordhotel.com-0074-2016Redesign;en-US;https://www.google.com/;17667;1;0
Broadmoor.com-0073-2016Redesign;en-US;http://unofficialnetworks.com/;16728;1;0
Zotabeachresort.com-0090-2016Redesign;en-US;https://google.com/;22357;1;0
Laxembassy.com-0008-2014Redesign;en-US;https://www.google.com/;2037;1;0
saddlebrook.com-0011-2014Redesign;en-US;https://www.google.com/;3454;1;0
Miravalspamonarchbeach.com-0109-2017Redesign;en-US;https://us-mg5.mail.yahoo.com/;41674;1;0
Lakeplacidlodge.com-0105-2017Redesign;en-US;http://m.huffpost.com/us/entry/3147448/slideshow/293759;28545;1;0
Lakeplacidlodge.com-0105-2017Redesign;en-US;http://m.huffpost.com/us/entry/3147448/slideshow/293759;28545;1;0
Broadmoor.com-0073-2016Redesign;en-US;http://tpc.googlesyndication.com/safeframe/1-0-10/html/container.html;16728;1;0
Treasureislandbeachresort.com-0089-2016Redesign;en-US;https://na58.salesforce.com/00Tf300005tuUaU;31362;1;0
Broadmoor.com-0073-2016Redesign;en-US;https://www.google.com.ar/;16769;1;0
wentworthcom00212014redesign;en-US;https://www.bing.com/;4259;1;0
Broadmoor.com-0073-2016Redesign;en-US;https://www.google.com/;16721;1;0
Sandylane.com-0075-2016Redesign;en-US;https://www.google.com/;17683;1;0
Broadmoor.com-0073-2016Redesign;en-US;http://login.nomadix.com:1111/web/portal.html;16724;1;0
Broadmoor.com-0073-2016Redesign;en-US;http://login.nomadix.com:1111/web/portal.html;16724;1;0
Kittitianhill.com-0012-2014Redesign;en-US;http://14b.info/;2236;1;0
