Cphollywoodbeach.com-0032-2015Redesign;en-US;https://www.sunny.org/webcam/;7831;1;0
Monarchbeachresort.com-0092-2016Redesign;en-US;https://www.google.com/;22847;1;0
Chrco.com-0107-2017Redesign;en-US;https://www.google.com/;29280;1;0
Delraysandsresort.com-0097-2016Redesign;en-US;http://reservations.delraysandsresort.com/delraysandsresort/availability.asp;27247;1;0
Broadmoor.com-0073-2016Redesign;en-US;https://www.google.com/;18259;1;0
Cphollywoodbeach.com-0032-2015Redesign;en-US;https://www.google.com/;7805;1;0
Hospitalityupgrade.com-0093-2016Redesign;en-US;https://www.google.com/;37631;1;0
saddlebrook.com-0011-2014Redesign;en-US;https://www.google.co.uk/;3453;1;0
Broadmoor.com-0073-2016Redesign;en-US;http://www.google.com/;16728;1;0
Broadmoor.com-0073-2016Redesign;en-US;https://www.google.com/;18259;1;0
Lidobeachresort.com-0106-2017Redesign;en-US;https://www.bing.com/;28666;1;0
Delraysandsresort.com-0097-2016Redesign;en-US;http://reservations.delraysandsresort.com/delraysandsresort/availability.asp;28441;1;0
Broadmoor.com-0073-2016Redesign;en-US;http://www.google.com/;18259;1;0
Broadmoor.com-0073-2016Redesign;en-US;https://www.google.com/;16728;1;0
Delraysandsresort.com-0097-2016Redesign;en-US;http://reservations.delraysandsresort.com/delraysandsresort/availability.asp;27236;1;0
Thecrawfordhotel.com-0074-2016Redesign;en-US;https://www.google.com/;17145;1;0
Cphollywoodbeach.com-0032-2015Redesign;en-US;https://www.sunny.org/webcam/;7831;1;0
Delraysandsresort.com-0097-2016Redesign;en-US;http://reservations.delraysandsresort.com/delraysandsresort/availability.asp;28431;1;0
Galthouse.com-0042-2015Redesign;en-US;https://www.google.com/;31905;1;0
Cocokeyorlando.com-0059-2015Redesign;en-US;https://www.google.de/;12406;1;0
Casaybelresort.com-0002-2014Redesign;en-US;https://www.google.com/;1533;1;0
Denvercy.com-0036-2015Redesign;en-US;https://www.google.com/;8150;1;0
Lidobeachresort.com-0106-2017Redesign;en-US;https://www.bing.com/;28666;1;0
Delraysandsresort.com-0097-2016Redesign;en-US;http://reservations.delraysandsresort.com/delraysandsresort/availability.asp;28525;1;0
Thesagamore.com-0112-2017Redesign;en-US;https://www.google.com/;32350;1;0
Lehotels.com-0049-2015Transfer;en-US;https://www.google.it/;13876;1;0
Thecurtis.com-0079-2016Redesign;en-US;https://www.google.com/;17981;1;0
Lidobeachresort.com-0106-2017Redesign;en-US;https://www.bing.com/;28666;1;0
Cphollywoodbeach.com-0032-2015Redesign;en-US;https://www.sunny.org/webcam/;7831;1;0
Opalsands.com-0084-2016Redesign;en-US;http://www.beachtourism.com/opalsandsresort/;20171;1;0
Broadmoor.com-0073-2016Redesign;en-US;https://www.google.com/;16721;1;0
Delraysandsresort.com-0097-2016Redesign;en-US;http://reservations.delraysandsresort.com/delraysandsresort/availability.asp;27234;1;0
Marriottkeylargo.com-0015-2014Redesign;en-US;http://www.fla-keys.com/webcams/marriott-key-largo-bay/;3948;1;0
Thecurtis.com-0079-2016Redesign;en-US;https://www.google.com/;18000;1;0
Saddlebrookprep.com-0022-2014Transfer;en-US;http://www.saddlebrook.com/tampa-tennis/;3914;1;0
Cphollywoodbeach.com-0032-2015Redesign;en-US;https://www.google.com/;7831;1;0
Marriottkeylargo.com-0015-2014Redesign;en-US;https://www.google.com/;3948;1;0
Delraysandsresort.com-0097-2016Redesign;en-US;http://reservations.delraysandsresort.com/delraysandsresort/availability.asp;28437;1;0
Thelodgeatwoodloch.com-0033-2015Redesign;en-US;https://www.google.com/;7764;1;0
Napavalleymarriott.com-0071-2016Redesign;en-US;http://618707488.keywordblocks.com/10_Hotels_in_Napa_Valley.cfm;18369;1;0
Sandylane.com-0075-2016Redesign;en-US;https://www.google.com/;17730;1;0
Jbdukehotel.com-0086-2016Redesign;en-US;https://www.google.com/;21921;1;0
Thesagamore.com-0112-2017Redesign;en-US;https://www.google.com/;32339;1;0
Galthouse.com-0042-2015Redesign;en-US;https://www.google.com/;31905;1;0
Washingtoncourthotel.com-0076-2016Redesign;en-US;https://outlook.live.com/;17858;1;0
Delraysandsresort.com-0097-2016Redesign;en-US;http://reservations.delraysandsresort.com/delraysandsresort/availability.asp;27246;1;0
Broadmoor.com-0073-2016Redesign;en-US;http://tpc.googlesyndication.com/safeframe/1-0-10/html/container.html;16728;1;0
Cphollywoodbeach.com-0032-2015Redesign;en-US;https://www.sunny.org/webcam/;7831;1;0
Thesagamore.com-0112-2017Redesign;en-US;https://www.google.com/;32339;1;0
Broadmoor.com-0073-2016Redesign;en-US;http://tpc.googlesyndication.com/safeframe/1-0-10/html/container.html;16728;1;0
Galthouse.com-0042-2015Redesign;en-US;https://www.tripadvisor.com/Restaurant_Review-g39604-d822609-Reviews-Dizzy_Whizz_Drive_in-Louisville_Kentucky.html;31905;1;0
Cphollywoodbeach.com-0032-2015Redesign;en-US;https://www.sunny.org/webcam/;7831;1;0
Broadmoor.com-0073-2016Redesign;en-US;https://www.google.com/;16721;1;0
Broadmoor.com-0073-2016Redesign;en-US;http://tpc.googlesyndication.com/safeframe/1-0-10/html/container.html;16728;1;0
Sandpearl.com-0091-2016Redesign;en-US;https://www.bing.com/;22481;1;0
Delraysandsresort.com-0097-2016Redesign;en-US;http://reservations.delraysandsresort.com/delraysandsresort/availability.asp;27249;1;0
Monarchbeachresort.com-0092-2016Redesign;en-US;https://www.google.com/;22725;1;0
Galthouse.com-0042-2015Redesign;en-US;https://www.tripadvisor.com/Restaurant_Review-g39604-d822609-Reviews-Dizzy_Whizz_Drive_in-Louisville_Kentucky.html;31905;1;0
