Marriottkeylargo.com-0015-2014Redesign;en-US;http://www.beachcamsusa.com/fl/key-largo/key-largo-marriott-bay-resort-live-webcam;3948;1;0
Casaybelresort.com-0002-2014Redesign;en-US;http://www.google.com/;1533;1;0
Broadmoor.com-0073-2016Redesign;en-US;https://www.google.com/;16728;1;0
Longboatkeyclub.com-0104-2017Redesign;en-US;https://www.google.com/;29848;1;0
Cphollywoodbeach.com-0032-2015Redesign;en-US;https://www.google.com/;7805;1;0
Longboatkeyclub.com-0104-2017Redesign;en-US;https://www.going.com/search;28316;1;0
Cphollywoodbeach.com-0032-2015Redesign;en-US;https://www.sunny.org/webcam/;7831;1;0
Washingtondukeinn.com-0024-2014Redesign;en-US;https://www.google.com/;4524;1;0
Theoxfordhotel.com-0062-2015Redesign;en-US;http://l.facebook.com/l.php;14325;1;0
theweststreethotel.com-0115-2017Redesign;en-US;http://www.frommers.com/destinations/bar-harbor/hotels/west-street-hotel;36683;1;0
Thecrawfordhotel.com-0074-2016Redesign;en-US;https://www.google.com/;17667;1;0
Broadmoor.com-0073-2016Redesign;en-US;http://login.nomadix.com:1111/web/portal.html;16724;1;0
Washingtondukeinn.com-0024-2014Redesign;en-US;https://www.google.com/;4524;1;0
Opalsands.com-0084-2016Redesign;en-US;http://www.beachtourism.com/opalsandsresort/;20171;1;0
Edgewaternaples.com-0094-2016Redesign;en-US;https://www.google.com/;25239;1;0
Broadmoor.com-0073-2016Redesign;en-US;https://www.google.com/;16721;1;0
Monarchbeachresort.com-0092-2016Redesign;en-US;https://www.google.com/;22725;1;0
Broadmoor.com-0073-2016Redesign;en-US;https://www.google.com/;16728;1;0
Zotabeachresort.com-0090-2016Redesign;en-US;https://www.google.ca/;22357;1;0
Sandylane.com-0075-2016Redesign;en-US;https://www.google.co.uk/;17611;1;0
Monarchbeachresort.com-0092-2016Redesign;en-US;https://l.facebook.com/;26800;1;0
Marriottkeylargo.com-0015-2014Redesign;en-US;http://www.beachcamsusa.com/fl/key-largo/key-largo-marriott-bay-resort-live-webcam;3948;1;0
Casaybelresort.com-0002-2014Redesign;en-US;https://www.google.com/;1533;1;0
Casaybelresort.com-0002-2014Redesign;en-US;https://www.google.com/;1533;1;0
Edgewaternaples.com-0094-2016Redesign;en-US;https://www.google.com/;25239;1;0
Washingtoncourthotel.com-0076-2016Redesign;en-US;https://www.google.com/;17858;1;0
Delraysandsresort.com-0097-2016Redesign;en-US;https://www.google.ca/;27232;1;0
Delraysandsresort.com-0097-2016Redesign;en-US;https://www.google.ca/;27232;1;0
Longboatkeyclub.com-0104-2017Redesign;en-US;https://www.weddingwire.com/;28316;1;0
Longboatkeyclub.com-0104-2017Redesign;en-US;https://www.weddingwire.com/;28316;1;0
Miravalspamonarchbeach.com-0109-2017Redesign;en-US;http://www.monarchbeachresort.com/accommodations/included/;31709;1;0
Broadmoor.com-0073-2016Redesign;en-US;https://www.google.com/;16793;1;0
Broadmoor.com-0073-2016Redesign;en-US;https://www.bing.com/;16793;1;0
Thelodgeatwoodloch.com-0033-2015Redesign;en-US;https://www.google.com/;8254;1;0
theweststreethotel.com-0115-2017Redesign;en-US;https://r.search.yahoo.com/_ylt=AwrBTz9aArdZPboA4EHBGOd_##SEMICOLONDELIMITER##_ylu=X3oDMTByOHZyb21tBGNvbG8DYmYxBHBvcwMxBHZ0aWQDBHNlYwNzcg--/RV=2/RE=1505194715/RO=10/RU=https%3a//www.theweststreethotel.com//RK=1/RS=2HxcWOZmItkNM5UZw9mj67QT8z4-;36683;1;0
Hospitalityupgrade.com-0093-2016Redesign;en-US;https://www.google.com/;25405;1;0
Cphollywoodbeach.com-0032-2015Redesign;en-US;https://www.google.com/;7831;1;0
Broadmoor.com-0073-2016Redesign;en-US;https://www.google.com/;18259;1;0
Zotabeachresort.com-0090-2016Redesign;en-US;https://www.google.ca/;22357;1;0
Casaybelresort.com-0002-2014Redesign;en-US;https://www.google.com/;1613;1;0
Jupiterbeachresort.com-0103-2017Redesign;en-US;https://www.yelp.com/;28158;1;0
Halcyonhotelcherrycreek.com-0061-2015Redesign;en-US;https://www.google.com/;23188;1;0
Renaissancepittsburghpa.com-0044-2015Redesign;en-US;https://www.google.com/;9637;1;0
Halcyonhotelcherrycreek.com-0061-2015Redesign;en-US;https://www.google.com/;23188;1;0
Opalsands.com-0084-2016Redesign;en-US;http://www.beachtourism.com/opalsandsresort/;20171;1;0
Broadmoor.com-0073-2016Redesign;en-US;https://www.google.com/;16721;1;0
Sandpearl.com-0091-2016Redesign;en-US;https://www.google.com/;22481;1;0
