Broadmoor.com-0073-2016Redesign;en-US;http://www.colorado.com/;18259;1;0
Luxehotels.com-0078-2016Redesign;en-US;https://www.google.com/;18833;1;0
Thesagamore.com-0112-2017Redesign;en-US;https://www.google.com/;32339;1;0
Longboatkeyclub.com-0104-2017Redesign;en-US;http://www.google.com/;28364;1;0
Longboatkeyclub.com-0104-2017Redesign;en-US;http://www.google.com/;28364;1;0
wentworthcom00212014redesign;en-US;http://r.search.yahoo.com/_ylt=A0LEV0091bFZ_cYAqOFXNyoA##SEMICOLONDELIMITER##_ylu=X3oDMTByOHZyb21tBGNvbG8DYmYxBHBvcwMxBHZ0aWQDBHNlYwNzcg--/RV=2/RE=1504855486/RO=10/RU=http%3a//www.wentworth.com//RK=1/RS=fnNVCgpLl9YtTca3pOsS.s206Bo-;26679;1;0
Oxfordclubspa.com-0068-2016Redesign;en-US;https://www.google.com/;15568;1;0
Broadmoor.com-0073-2016Redesign;en-US;https://www.google.com/;16721;1;0
Cphollywoodbeach.com-0032-2015Redesign;en-US;https://www.google.com/;7805;1;0
Broadmoor.com-0073-2016Redesign;en-US;http://login.nomadix.com:1111/web/portal.html;16724;1;0
Broadmoor.com-0073-2016Redesign;en-US;http://login.nomadix.com:1111/web/portal.html;16724;1;0
Galthouse.com-0042-2015Redesign;en-US;http://m.facebook.com/;31905;1;0
Galthouse.com-0042-2015Redesign;en-US;http://m.facebook.com/;31905;1;0
Broadmoor.com-0073-2016Redesign;en-US;https://www.bing.com/;22720;1;0
Meateatery.com-0080-2016Redesign;en-US;http://technika-remont.ru/;18505;1;0
Meateatery.com-0080-2016Redesign;en-US;http://technika-remont.ru/;18505;1;0
Broadmoor.com-0073-2016Redesign;en-US;https://r.search.yahoo.com/cbclk2/dWU9RjE1QUM5RDJBNDc4NEEwMiZ1dD0xNTA0ODI2NzI3ODQxJnVvPTE1MzE5ODM1NTkwJmx0PTImZXM9UDRNVldta0dQUzlGamNydCZqZT1kNTIyMDE3YS05NDIzLTExZTctYjRhYi0wMDhjZmE1YjYyZmMtN2YxZDQ3M2YwNzAwJnVpPTI2MDI6MzBhOjJlNDI6Y2E5MDphMDYyOjdjZDM6ZWUzYzo3YTE4Jmp0PTE1MDQ4MjY3Mjc4NjImcHA9bjE-/RV=2/RE=1504855528/RO=10/RU=https%3a//35001278.r.bat.bing.com/%3fld%3dd3c8IO0x8OIJulfEnasGTDvjVUCUxsd1SBZSTHuwKxcYPBvK8Q5EaphehWCH6h6oGCBUs0G5e8ZXtK6BNSt3WwCva5Zt8BaBp3u8UlkyfJUohpuZr82efqigbOkdXeOrB4H0N7YqtMiBT-gpBdoPYzv8ZEGM6hkVr35Uh6J7Y0unT9Dj5W%26u%3dhttp%253a%252f%252fclickserve.dartsearch.net%252flink%252fclick%253flid%253d43700016114751150%2526ds_s_kwgid%253d58700002057424276%2526ds_e_adid%253d15319835590%2526ds_url_v%253d2/RK=1/RS=xzTz1SXFCzWDmIqIkanE_4cdDng-##SEMICOLONDELIMITER##_ylt=A0LEVxJn1bFZS_QAgVzBGOd_##SEMICOLONDELIMITER##_ylu=X3oDMTB2c2lzOGFwBGNvbG8DYmYxBHBvcwMxBHZ0aWQDBHNlYwNvdi10b3A-##SEMICOLONDELIMITER##_ylc=X3IDMgRydAMx;22720;1;0
Meateatery.com-0080-2016Redesign;en-US;http://technika-remont.ru/;18505;1;0
Meateatery.com-0080-2016Redesign;en-US;https://timhost.ru/;18505;1;0
Cphollywoodbeach.com-0032-2015Redesign;en-US;https://www.sunny.org/webcam/;7831;1;0
Meateatery.com-0080-2016Redesign;en-US;https://timhost.ru/;18505;1;0
Meateatery.com-0080-2016Redesign;en-US;https://timhost.ru/;18505;1;0
Laxembassy.com-0008-2014Redesign;en-US;android-app://com.google.android.googlequicksearchbox/;2037;1;0
Thecurtis.com-0079-2016Redesign;en-US;https://www.google.ca/;17981;1;0
Broadmoor.com-0073-2016Redesign;en-US;https://www.google.com/;16721;1;0
Chrco.com-0107-2017Redesign;en-US;http://m.facebook.com/;29280;1;0
Broadmoor.com-0073-2016Redesign;en-US;https://www.google.com/;16721;1;0
Samosetresort.com-0113-2017Redesign;en-US;https://www.google.com/;32541;1;0
Halcyonhotelcherrycreek.com-0061-2015Redesign;en-US;https://www.bing.com/;23287;1;0
Sandpearl.com-0091-2016Redesign;en-US;https://www.google.com/;22481;1;0
Sandpearl.com-0091-2016Redesign;en-US;https://www.google.com/;22481;1;0
Thelodgeatwoodloch.com-0033-2015Redesign;en-US;https://www.google.com/;7764;1;0
Sandylane.com-0075-2016Redesign;en-US;https://www.bing.com/;17688;1;0
Sandylane.com-0075-2016Redesign;en-US;https://www.google.com/;17611;1;0
