Cphollywoodbeach.com-0032-2015Redesign;en-US;https://www.sunny.org/webcam/;7831;1;0
Broadmoor.com-0073-2016Redesign;en-US;https://www.google.com/;18259;1;0
Casaybelresort.com-0002-2014Redesign;en-US;https://www.google.com/;1613;1;0
Cphollywoodbeach.com-0032-2015Redesign;en-US;https://www.google.com/;7831;1;0
Marriottkeylargo.com-0015-2014Redesign;en-US;https://www.google.com/;3948;1;0
Galthouse.com-0042-2015Redesign;en-US;https://www.google.com/;31905;1;0
wentworthcom00212014redesign;en-US;https://www.google.com/;4307;1;0
Theloganhotel.com-0043-2015Redesign;en-US;https://www.google.com/;20218;1;0
Broadmoor.com-0073-2016Redesign;en-US;https://www.google.com/;16769;1;0
Lidobeachresort.com-0106-2017Redesign;en-US;https://r.search.yahoo.com/_ylt=A0LEV0tLvbZZh00AU1BXNyoA##SEMICOLONDELIMITER##_ylu=X3oDMTEyMzdiYTkzBGNvbG8DYmYxBHBvcwMxBHZ0aWQDQjQwMzdfMQRzZWMDc3I-/RV=2/RE=1505177035/RO=10/RU=https%3a//www.lidobeachresort.com//RK=1/RS=3lYNN1qxhfY1X5UjACJbP5S4fi0-;28666;1;0
Edgewaternaples.com-0094-2016Redesign;en-US;https://www.google.com/;25239;1;0
Thesagamore.com-0112-2017Redesign;en-US;https://www.google.com/;32339;1;0
Longboatkeyclub.com-0104-2017Redesign;en-US;https://www.google.com/;28316;1;0
Thesagamore.com-0112-2017Redesign;en-US;https://www.google.com/;32339;1;0
Secretharbourvi.com-0040-2015Redesign;en-US;http://www.aadivers.com/view_cam.php;9231;1;0
Thelodgeatwoodloch.com-0033-2015Redesign;en-US;android-app://com.google.android.googlequicksearchbox/;7764;1;0
Lidobeachresort.com-0106-2017Redesign;en-US;http://m.facebook.com/;28667;1;0
Cphollywoodbeach.com-0032-2015Redesign;en-US;https://www.google.com/;7831;1;0
Lidobeachresort.com-0106-2017Redesign;en-US;http://m.facebook.com/;28667;1;0
Washingtondukeinn.com-0024-2014Redesign;en-US;https://www.google.com/;4762;1;0
Halcyonhotelcherrycreek.com-0061-2015Redesign;en-US;https://www.google.com/;22121;1;0
Opalsands.com-0084-2016Redesign;en-US;https://reservations.opalsands.com/opalsands/availability.asp;23636;1;0
Broadmoor.com-0073-2016Redesign;en-US;https://www.google.com/;16721;1;0
Samosetresort.com-0113-2017Redesign;en-US;https://www.google.com/;32541;1;0
theweststreethotel.com-0115-2017Redesign;en-US;https://www.google.com/;36683;1;0
Broadmoor.com-0073-2016Redesign;en-US;https://www.google.com/;18014;1;0
Samosetresort.com-0113-2017Redesign;en-US;https://www.google.com/;32541;1;0
Miravalspamonarchbeach.com-0109-2017Redesign;en-US;http://www.monarchbeachresort.com/accommodations/included/;32984;1;0
Longboatkeyclub.com-0104-2017Redesign;en-US;https://www.google.co.uk/;28316;1;0
Longboatkeyclub.com-0104-2017Redesign;en-US;https://www.google.com/;28364;1;0
Longboatkeyclub.com-0104-2017Redesign;en-US;https://www.google.com/;28364;1;0
Samosetresort.com-0113-2017Redesign;en-US;http://www.visitnewengland.com/all/romantic-getaways/;32541;1;0
Samosetresort.com-0113-2017Redesign;en-US;http://www.visitnewengland.com/all/romantic-getaways/;32541;1;0
Cphollywoodbeach.com-0032-2015Redesign;en-US;https://www.sunny.org/webcam/;7831;1;0
Jbdukehotel.com-0086-2016Redesign;en-US;https://www.google.com/;21918;1;0
Longboatkeyclub.com-0104-2017Redesign;en-US;https://www.google.com/;28316;1;0
Sandpearl.com-0091-2016Redesign;en-US;https://www.google.com/;25376;1;0
Theharborsidehotel.com-0114-2017Redesign;en-US;https://www.google.com/;37571;1;0
Lidobeachresort.com-0106-2017Redesign;en-US;https://www.google.com/;28666;1;0
theweststreethotel.com-0115-2017Redesign;en-US;https://www.google.com/;36683;1;0
wentworthcom00212014redesign;en-US;https://www.google.com/;26679;1;0
Broadmoor.com-0073-2016Redesign;en-US;http://login.nomadix.com:1111/web/portal.html;16724;1;0
Broadmoor.com-0073-2016Redesign;en-US;http://login.nomadix.com:1111/web/portal.html;16724;1;0
Newyorkpalacemeetings.com-0045-2015Redesign;en-US;http://www.lottenypalace.com/;9207;1;0
Sandpearl.com-0091-2016Redesign;en-US;https://www.bing.com/;22481;1;0
Newyorkpalacemeetings.com-0045-2015Redesign;en-US;http://www.lottenypalace.com/;9207;1;0
Halcyonhotelcherrycreek.com-0061-2015Redesign;en-US;https://www.bing.com/;22121;1;0
Thelodgeatwoodloch.com-0033-2015Redesign;en-US;https://www.google.com/;7764;1;0
Washingtoncourthotel.com-0076-2016Redesign;en-US;https://www.google.com/;17858;1;0
Broadmoor.com-0073-2016Redesign;en-US;https://www.google.com/;16721;1;0
