Broadmoor.com-0073-2016Redesign;en-US;http://login.nomadix.com:1111/web/portal.html;16724;1;0
Sandpearl.com-0091-2016Redesign;en-US;https://www.google.com/;22488;1;0
Galthouse.com-0042-2015Redesign;en-US;http://m.facebook.com/;31905;1;0
Broadmoor.com-0073-2016Redesign;en-US;http://login.nomadix.com:1111/web/portal.html;16724;1;0
Thelodgeatwoodloch.com-0033-2015Redesign;en-US;https://www.google.com/;7764;1;0
Napavalleymarriott.com-0071-2016Redesign;en-US;https://www.google.com/;16432;1;0
saddlebrook.com-0011-2014Redesign;en-US;http://r.search.yahoo.com/_ylt=AwrBT_u3K7RZLWcACA5XNyoA##SEMICOLONDELIMITER##_ylu=X3oDMTEyb2pxb2FnBGNvbG8DYmYxBHBvcwMzBHZ0aWQDQjM5MTlfMQRzZWMDc3I-/RV=2/RE=1505008696/RO=10/RU=http%3a//www.saddlebrook.com/tampa-golf/saddlebrook-golf-packages//RK=1/RS=_66OX3f4jn8obX3.Urcn.spA0mI-;3468;1;0
Broadmoor.com-0073-2016Redesign;en-US;http://login.nomadix.com:1111/web/portal.html;16724;1;0
Kittitianhill.com-0012-2014Redesign;en-US;https://www.google.com/;2236;1;0
Broadmoor.com-0073-2016Redesign;en-US;https://www.google.com/;21232;1;0
Broadmoor.com-0073-2016Redesign;en-US;http://login.nomadix.com:1111/web/portal.html;16724;1;0
Broadmoor.com-0073-2016Redesign;en-US;http://login.nomadix.com:1111/web/portal.html;16724;1;0
Broadmoor.com-0073-2016Redesign;en-US;http://login.nomadix.com:1111/web/portal.html;16724;1;0
Luxehotels.com-0078-2016Redesign;en-US;https://www.google.com/;18833;1;0
Delraysandsresort.com-0097-2016Redesign;en-US;https://www.google.com/;27232;1;0
Delraysandsresort.com-0097-2016Redesign;en-US;https://www.google.com/;27232;1;0
Broadmoor.com-0073-2016Redesign;en-US;http://login.nomadix.com:1111/web/portal.html;16724;1;0
Casaybelresort.com-0002-2014Redesign;en-US;https://www.google.com/;1613;1;0
Longboatkeyclub.com-0104-2017Redesign;en-US;http://www.baysider.com/frame/webcam/4120/;35641;1;0
Casaybelresort.com-0002-2014Redesign;en-US;http://www.google.co.uk/;1533;1;0
Marriottkeylargo.com-0015-2014Redesign;en-US;http://www.fla-keys.com/webcams/marriott-key-largo-bay/;3948;1;0
Oxfordclubspa.com-0068-2016Redesign;en-US;http://m.facebook.com/;15599;1;0
Broadmoor.com-0073-2016Redesign;en-US;http://www.google.com/;18259;1;0
Cphollywoodbeach.com-0032-2015Redesign;en-US;https://www.sunny.org/webcam/;7831;1;0
Cphollywoodbeach.com-0032-2015Redesign;en-US;https://www.sunny.org/webcam/;7831;1;0
Montaukyachtclub.com-0010-2014Redesign;en-US;http://r.search.yahoo.com/_ylt=A86.J3VOLLRZgAsAJSo3nIlQ##SEMICOLONDELIMITER##_ylu=X3oDMTByc25qcnVyBHNlYwNzcgRwb3MDNARjb2xvA2dxMQR2dGlkAw--/RV=2/RE=1505008846/RO=10/RU=http%3a//www.montaukyachtclub.com/things-to-do/spa//RK=1/RS=.mGpMUFaHynOKaMa1FlRv64tEsQ-;2461;1;0
Edgewaternaples.com-0094-2016Redesign;en-US;https://reservations.edgewaternaples.com/edgewaternaples/availability.asp;25239;1;0
Cphollywoodbeach.com-0032-2015Redesign;en-US;http://m.facebook.com/;7831;1;0
Monarchbeachresort.com-0092-2016Redesign;en-US;https://www.google.com/;22984;1;0
Theharborsidehotel.com-0114-2017Redesign;en-US;https://www.google.com/;37571;1;0
Theharborsidehotel.com-0114-2017Redesign;en-US;https://www.google.com/;37571;1;0
Longboatkeyclub.com-0104-2017Redesign;en-US;https://www.google.se/;28316;1;0
Napavalleymarriott.com-0071-2016Redesign;en-US;https://www.google.com/;16432;1;0
Monarchbeachresort.com-0092-2016Redesign;en-US;https://www.google.com/;22984;1;0
Casaybelresort.com-0002-2014Redesign;en-US;http://www.google.ca/;1613;1;0
Cphollywoodbeach.com-0032-2015Redesign;en-US;https://www.sunny.org/webcam/;7831;1;0
Bluebirch.com-0072-2016Redesign;en-US;https://www.google.com/;16693;1;0
Broadmoor.com-0073-2016Redesign;en-US;http://login.nomadix.com:1111/web/portal.html;16724;1;0
Sandpearl.com-0091-2016Redesign;en-US;https://www.google.com/;22482;1;0
Broadmoor.com-0073-2016Redesign;en-US;http://login.nomadix.com:1111/web/portal.html;16724;1;0
Broadmoor.com-0073-2016Redesign;en-US;https://www.google.com/;16796;1;0
Thecurtis.com-0079-2016Redesign;en-US;https://www.google.com/;17981;1;0
Bellemontfarm.com-0007-2013Redesign;en-US;https://www.google.com/;2005;1;0
Bellemontfarm.com-0007-2013Redesign;en-US;https://www.google.com/;1990;1;0
Sandpearl.com-0091-2016Redesign;en-US;https://www.google.com/;22481;1;0
Broadmoor.com-0073-2016Redesign;en-US;https://www.google.com/;18259;1;0
Edgewaternaples.com-0094-2016Redesign;en-US;https://www.google.com/;25239;1;0
Kittitianhill.com-0012-2014Redesign;en-US;https://www.google.com/;2236;1;0
Edgewaternaples.com-0094-2016Redesign;en-US;https://www.google.com/;25239;1;0
Cphollywoodbeach.com-0032-2015Redesign;en-US;http://www.beachcamsusa.com/fl/hollywood/crowne-plaza-webcam-from-hollywood-fl;7831;1;0
Broadmoor.com-0073-2016Redesign;en-US;https://r.search.yahoo.com/cbclk2/dWU9QUI2MEFEMTE4MjZENEJGMyZ1dD0xNTA0OTc5NjE3MTQ2JnVvPTE1MzE5ODM1NTg4Jmx0PTImZXM9OHZBenhwSUdQUzhCSG9SVyZqZT1jZTRkNjQ2YS05NTg3LTExZTctYWM0NC0wYmYyOTE3MzZjYmMtN2Y0MmEyYjViNzAwJnVpPTI2MDI6MzA2OmM1MzA6N2RkMDo5MGI3OjhjMjY6Nzg3Mzo0ZTRhJmp0PTE1MDQ5Nzk2MTcyMzgmcHA9bjI-/RV=2/RE=1505008417/RO=10/RU=https%3a//35001278.r.bat.bing.com/%3fld%3dd39ilPbgsu8ZDRSEZDnIr9QzVUCUxhcr_KFv9W5S3_LKnb8gAO5LASZZnUCpMHvuxoHRcH9q3MG5npS7Vn6_FeJ81y4iGMg_mqCcPRCei1cNXodNoHIFrtbq1-j0nD7RmH2Zhh2KvKmxbOx4Jgmfku1ZzarJ1kDVeIx-MOmUTYsroqQhql%26u%3dhttp%253a%252f%252fclickserve.dartsearch.net%252flink%252fclick%253flid%253d43700016114751099%2526ds_s_kwgid%253d58700002057424276%2526ds_e_adid%253d15319835588%2526ds_url_v%253d2/RK=1/RS=uetggPcHCguMHCHh5zDNWV_b690-##SEMICOLONDELIMITER##_ylt=A0SO80uhKrRZGVEAZwfBGOd_##SEMICOLONDELIMITER##_ylu=X3oDMTB2MmRzOHM3BGNvbG8DZ3ExBHBvcwMyBHZ0aWQDBHNlYwNvdi10b3A-##SEMICOLONDELIMITER##_ylc=X3IDMgRydAMx;22720;1;0
Marriottkeylargo.com-0015-2014Redesign;en-US;http://www.fla-keys.com/webcams/marriott-key-largo-bay/;3948;1;0
Marriottkeylargo.com-0015-2014Redesign;en-US;http://www.fla-keys.com/webcams/marriott-key-largo-bay/;3964;1;0
Montaukyachtclub.com-0010-2014Redesign;en-US;http://www.jennymarriesfrank.com/;2240;1;0
Cphollywoodbeach.com-0032-2015Redesign;en-US;https://www.sunny.org/webcam/;7831;1;0
Edgewaternaples.com-0094-2016Redesign;en-US;https://www.google.com/;25239;1;0
Edgewaternaples.com-0094-2016Redesign;en-US;https://www.google.com/;25239;1;0
Broadmoor.com-0073-2016Redesign;en-US;http://tpc.googlesyndication.com/safeframe/1-0-10/html/container.html;16728;1;0
Thelodgeatwoodloch.com-0033-2015Redesign;en-US;https://www.poconomountains.com/places-to-stay/resorts/;7764;1;0
Cphollywoodbeach.com-0032-2015Redesign;en-US;https://www.google.com/;7831;1;0
