Broadmoor.com-0073-2016Redesign;en-US;https://www.google.com/;16721;1;0
Sandpearl.com-0091-2016Redesign;en-US;https://docs.google.com/spreadsheets/d/1ff-P3f1M8l3ZL6l35z4jrhc_z7WLBjGwE0gu7zC4N-M/edit;22481;1;0
saddlebrook.com-0011-2014Redesign;en-US;https://filmsapk.com/adorocinema/;3385;1;0
Halcyonhotelcherrycreek.com-0061-2015Redesign;en-US;https://www.google.com/;22121;1;0
Oxfordclubspa.com-0068-2016Redesign;en-US;http://www.theoxfordhotel.com/;15568;1;0
Thesagamore.com-0112-2017Redesign;en-US;http://www.google.com/;33538;1;0
Cocokeyorlando.com-0059-2015Redesign;en-US;https://secure53.ibahn.com/purchase/purchase;12394;1;0
Unionstationhotelnashville.com-0047-2015Redesign;en-US;https://www.google.com/;32226;1;0
Broadmoor.com-0073-2016Redesign;en-US;https://www.google.com/;21796;1;0
wentworthcom00212014redesign;en-US;http://r.search.yahoo.com/_ylt=A0SO8zPFA7JZcUoAEXFXNyoA##SEMICOLONDELIMITER##_ylu=X3oDMTEybW5pYXNpBGNvbG8DZ3ExBHBvcwMxBHZ0aWQDQjI5NDRfMQRzZWMDc3I-/RV=2/RE=1504867398/RO=10/RU=http%3a//www.wentworth.com//RK=1/RS=WjnQLQcobeA0ypwKmbaKDhFxjKE-;26679;1;0
Montaukyachtclub.com-0010-2014Redesign;en-US;https://www.google.com/;2381;1;0
Thesagamore.com-0112-2017Redesign;en-US;https://www.google.com/;32339;1;0
Thesagamore.com-0112-2017Redesign;en-US;https://www.google.com/;32339;1;0
Hospitalityupgrade.com-0093-2016Redesign;en-US;https://www.google.co.il/;22790;1;0
Opalsands.com-0084-2016Redesign;en-US;android-app://com.google.android.googlequicksearchbox/;21540;1;0
Opalsands.com-0084-2016Redesign;en-US;android-app://com.google.android.googlequicksearchbox/;21540;1;0
Glencovemansion.com-0058-2015Redesign;en-US;https://www.google.com.hk/;13328;1;0
Monarchbeachresort.com-0092-2016Redesign;en-US;https://www.google.com/;22725;1;0
Cocokeyorlando.com-0059-2015Redesign;en-US;http://www.google.com/;12394;1;0
Cocokeyorlando.com-0059-2015Redesign;en-US;http://www.google.com/;12394;1;0
Thesagamore.com-0112-2017Redesign;en-US;http://www.google.com/;33538;1;0
Broadmoor.com-0073-2016Redesign;en-US;https://www.google.com/;16799;1;0
Washingtoncourthotel.com-0076-2016Redesign;en-US;https://www.google.com/;17858;1;0
Zotabeachresort.com-0090-2016Redesign;en-US;http://www.opalcollection.com/zota-beach-resort/;22357;1;0
Zotabeachresort.com-0090-2016Redesign;en-US;http://www.opalcollection.com/zota-beach-resort/;22357;1;0
Laxembassy.com-0008-2014Redesign;en-US;https://www.google.co.nz/;2037;1;0
Secretharbourvi.com-0040-2015Redesign;en-US;https://www.google.com/;9231;1;0
Washingtondukeinn.com-0024-2014Redesign;en-US;https://www.google.com/;4759;1;0
Broadmoor.com-0073-2016Redesign;en-US;https://www.google.com/;21232;1;0
Theoxfordhotel.com-0062-2015Redesign;en-US;https://www.google.com/;14325;1;0
Cphollywoodbeach.com-0032-2015Redesign;en-US;http://www.google.com/;7805;1;0
Glencovemansion.com-0058-2015Redesign;en-US;http://www.webb.edu/admissions/visit-webb/;13328;1;0
Hospitalityupgrade.com-0093-2016Redesign;en-US;https://www.google.co.il/;22790;1;0
Springhillsuitesdenver.com-0060-2015Redesign;en-US;https://www.google.com/;12307;1;0
Napavalleymarriott.com-0071-2016Redesign;en-US;http://m.facebook.com/;16432;1;0
