Galthouse.com-0042-2015Redesign;en-US;http://www.google.com/;31905;1;0
Galthouse.com-0042-2015Redesign;en-US;http://www.google.com/;31905;1;0
Chrco.com-0107-2017Redesign;en-US;https://www.google.com/;29280;1;0
Miravalspamonarchbeach.com-0109-2017Redesign;en-US;http://www.monarchbeachresort.com/;31709;1;0
Theoxfordhotel.com-0062-2015Redesign;en-US;https://www.google.com/;14325;1;0
Broadmoor.com-0073-2016Redesign;en-US;http://www.colorado.com/;18259;1;0
Samosetresort.com-0113-2017Redesign;en-US;https://www.google.com/;32541;1;0
Monarchbeachresort.com-0092-2016Redesign;en-US;https://www.google.com/;22725;1;0
Broadmoor.com-0073-2016Redesign;en-US;https://www.google.com/;16721;1;0
Broadmoor.com-0073-2016Redesign;en-US;https://www.google.com/;16721;1;0
Secretharbourvi.com-0040-2015Redesign;en-US;https://www.google.com/;9231;1;0
Unionstationhotelnashville.com-0047-2015Redesign;en-US;http://nashvilleguru.com/businesses/carters-union-station;24219;1;0
Monarchbeachresort.com-0092-2016Redesign;en-US;https://www.google.com/;22725;1;0
Miravalspamonarchbeach.com-0109-2017Redesign;en-US;http://www.monarchbeachresort.com/;32984;1;0
Sandylane.com-0075-2016Redesign;en-US;https://www.google.ch/;17611;1;0
Chrco.com-0107-2017Redesign;en-US;https://www.google.de/;29280;1;0
Broadmoor.com-0073-2016Redesign;en-US;https://www.google.com/;16721;1;0
Galthouse.com-0042-2015Redesign;en-US;https://www.google.com/;31905;1;0
Galthouse.com-0042-2015Redesign;en-US;https://www.google.com/;31905;1;0
Sandylane.com-0075-2016Redesign;en-US;https://www.google.com/;17689;1;0
