Cocokeyorlando.com-0059-2015Redesign;en-US;https://www.google.com/;12410;1;0
Glencovemansion.com-0058-2015Redesign;en-US;http://www.expresswaymusic.com/;13328;1;0
Sandylane.com-0075-2016Redesign;en-US;android-app://com.google.android.googlequicksearchbox/;17611;1;0
Broadmoor.com-0073-2016Redesign;en-US;https://www.google.com/;16728;1;0
Sandpearl.com-0091-2016Redesign;en-US;http://m.facebook.com/;30638;1;0
Broadmoor.com-0073-2016Redesign;en-US;https://www.google.com/;16728;1;0
Broadmoor.com-0073-2016Redesign;en-US;https://www.bing.com/;16721;1;0
Broadmoor.com-0073-2016Redesign;en-US;https://www.google.com/;16770;1;0
Thelodgeatwoodloch.com-0033-2015Redesign;en-US;https://www.google.com/;7764;1;0
Thesagamore.com-0112-2017Redesign;en-US;https://www.google.com/;32339;1;0
Thesagamore.com-0112-2017Redesign;en-US;https://www.google.com/;32339;1;0
Theharborsidehotel.com-0114-2017Redesign;en-US;https://www.google.com/;37571;1;0
Theharborsidehotel.com-0114-2017Redesign;en-US;https://www.google.com/;37571;1;0
Theharborsidehotel.com-0114-2017Redesign;en-US;https://www.google.com/;37571;1;0
Longboatkeyclub.com-0104-2017Redesign;en-US;https://www.google.com/;29844;1;0
Laxembassy.com-0008-2014Redesign;en-US;https://www.google.com/;2037;1;0
Broadmoor.com-0073-2016Redesign;en-US;http://www.google.com/;16721;1;0
Sandpearl.com-0091-2016Redesign;en-US;http://m.facebook.com/;30638;1;0
Broadmoor.com-0073-2016Redesign;en-US;https://www.google.com/;16799;1;0
Cocokeyorlando.com-0059-2015Redesign;en-US;https://res.windsurfercrs.com/ibe/index.aspx;12394;1;0
Casaybelresort.com-0002-2014Redesign;en-US;https://www.google.com/;1533;1;0
Thesagamore.com-0112-2017Redesign;en-US;https://www.google.com/;32339;1;0
Longboatkeyclub.com-0104-2017Redesign;en-US;https://www.google.com/;29848;1;0
Halcyonhotelcherrycreek.com-0061-2015Redesign;en-US;https://www.google.com/;22121;1;0
Broadmoor.com-0073-2016Redesign;en-US;http://www.cograilway.com/;18259;1;0
Thelodgeatwoodloch.com-0033-2015Redesign;en-US;https://www.google.com/;7764;1;0
Broadmoor.com-0073-2016Redesign;en-US;http://login.nomadix.com:1111/web/portal.html;16724;1;0
Broadmoor.com-0073-2016Redesign;en-US;http://login.nomadix.com:1111/web/portal.html;16724;1;0
Monarchbeachresort.com-0092-2016Redesign;en-US;https://www.google.com/;22725;1;0
wentworthcom00212014redesign;en-US;https://www.google.com/;26679;1;0
wentworthcom00212014redesign;en-US;https://www.google.com/;4259;1;0
Thelodgeatwoodloch.com-0033-2015Redesign;en-US;https://www.google.com/;7764;1;0
Assuranceoperations.com-0065-2015Redesign;en-US;http://fr-bearings.ru/;15289;1;0
Zotabeachresort.com-0090-2016Redesign;en-US;http://m.facebook.com/;23062;1;0
Assuranceoperations.com-0065-2015Redesign;en-US;http://fr-bearings.ru/;15289;1;0
Galthouse.com-0042-2015Redesign;en-US;http://www.homesupplymillwork.com/;31905;1;0
Galthouse.com-0042-2015Redesign;en-US;http://www.homesupplymillwork.com/;31905;1;0
Galthouse.com-0042-2015Redesign;en-US;http://www.homesupplymillwork.com/;31905;1;0
Monarchbeachresort.com-0092-2016Redesign;en-US;https://www.google.com/;22725;1;0
Cocokeyorlando.com-0059-2015Redesign;en-US;https://www.tripadvisor.com/Hotel_Review-g34515-d651575-Reviews-Coco_Key_Hotel_and_Water_Park_Resort-Orlando_Florida.html;12394;1;0
wentworthcom00212014redesign;en-US;https://www.google.com/;26679;1;0
Springhillsuitesdenver.com-0060-2015Redesign;en-US;https://www.google.com/;12307;1;0
