Cocokeyorlando.com-0059-2015Redesign;en-US;http://www.google.com/;12410;1;0
Sandylane.com-0075-2016Redesign;en-US;https://www.google.com/;17698;1;0
Galthouse.com-0042-2015Redesign;en-US;http://rfp.hpnglobal.com/invitees.aspx;31905;1;0
Galthouse.com-0042-2015Redesign;en-US;http://rfp.hpnglobal.com/invitees.aspx;31905;1;0
Longboatkeyclub.com-0104-2017Redesign;en-US;https://www.google.com/;28364;1;0
Broadmoor.com-0073-2016Redesign;en-US;https://www.google.com/;18259;1;0
Theoxfordhotel.com-0062-2015Redesign;en-US;https://www.google.com/;14346;1;0
Napavalleymarriott.com-0071-2016Redesign;en-US;https://www.bing.com/;16432;1;0
Residenceinnlax.com-0026-2014Redesign;en-US;https://www.google.com/;5271;1;0
Galthouse.com-0042-2015Redesign;en-US;http://rfp.hpnglobal.com/invitees.aspx;31905;1;0
Abbingtonbanquets.com-0070-2016Redesign;en-US;http://4seasons.kz/index.php;15789;1;0
Saddlebrookprep.com-0022-2014Transfer;en-US;https://www.google.ca/;5594;1;0
Monarchbeachresort.com-0092-2016Redesign;en-US;https://www.google.com/;22725;1;0
Beverlyhillsresidenceinn.com-0087-2016Redesign;en-US;https://www.google.de/;21049;1;0
Monarchbeachresort.com-0092-2016Redesign;en-US;https://www.google.com/;22725;1;0
Thesagamore.com-0112-2017Redesign;en-US;https://www.google.com/;32351;1;0
Luxehotels.com-0078-2016Redesign;en-US;https://www.facebook.com/;18833;1;0
Cocokeyorlando.com-0059-2015Redesign;en-US;https://www.google.com/;12394;1;0
Cocokeyorlando.com-0059-2015Redesign;en-US;https://www.google.com/;12394;1;0
Broadmoor.com-0073-2016Redesign;en-US;http://tpc.googlesyndication.com/safeframe/1-0-10/html/container.html;16728;1;0
Chrco.com-0107-2017Redesign;en-US;https://www.google.com/;29680;1;0
Broadmoor.com-0073-2016Redesign;en-US;https://tpc.googlesyndication.com/safeframe/1-0-10/html/container.html;16728;1;0
Thesagamore.com-0112-2017Redesign;en-US;https://www.google.com/;33479;1;0
Broadmoor.com-0073-2016Redesign;en-US;https://tpc.googlesyndication.com/safeframe/1-0-10/html/container.html;16728;1;0
Samosetresort.com-0113-2017Redesign;en-US;https://www.google.com/;32541;1;0
Samosetresort.com-0113-2017Redesign;en-US;https://www.google.com/;32541;1;0
Broadmoor.com-0073-2016Redesign;en-US;https://www.bing.com/;17443;1;0
Cphollywoodbeach.com-0032-2015Redesign;en-US;https://www.sunny.org/webcam/;7831;1;0
Broadmoor.com-0073-2016Redesign;en-US;https://www.google.com/;18259;1;0
Broadmoor.com-0073-2016Redesign;en-US;https://www.google.com/;16777;1;0
Broadmoor.com-0073-2016Redesign;en-US;http://login.nomadix.com:1111/web/portal.html;16724;1;0
Broadmoor.com-0073-2016Redesign;en-US;https://d-31602869443823409329.ampproject.net/1504040004635/frame.html;16728;1;0
Broadmoor.com-0073-2016Redesign;en-US;http://login.nomadix.com:1111/web/portal.html;16724;1;0
Monarchbeachresort.com-0092-2016Redesign;en-US;https://www.google.com/;22725;1;0
Secretharbourvi.com-0040-2015Redesign;en-US;https://www.google.com/;9231;1;0
Broadmoor.com-0073-2016Redesign;en-US;http://login.nomadix.com:1111/web/portal.html;16724;1;0
Broadmoor.com-0073-2016Redesign;en-US;https://www.google.com/;16721;1;0
Broadmoor.com-0073-2016Redesign;en-US;http://login.nomadix.com:1111/web/portal.html;16724;1;0
Glencovemansion.com-0058-2015Redesign;en-US;https://www.google.com/;13328;1;0
Thesagamore.com-0112-2017Redesign;en-US;https://www.google.com/;32351;1;0
Sandylane.com-0075-2016Redesign;en-US;https://www.google.com/;17698;1;0
Cphollywoodbeach.com-0032-2015Redesign;en-US;https://www.google.ca/;7831;1;0
saddlebrook.com-0011-2014Redesign;en-US;https://www.google.com/;4538;1;0
Cphollywoodbeach.com-0032-2015Redesign;en-US;http://watertaxi.com/maps-stops/;7849;1;0
Broadmoor.com-0073-2016Redesign;en-US;https://www.google.com/;18259;1;0
Cocokeyorlando.com-0059-2015Redesign;en-US;https://www.google.com/;12394;1;0
Cocokeyorlando.com-0059-2015Redesign;en-US;https://www.google.com/;12394;1;0
Theharborsidehotel.com-0114-2017Redesign;en-US;https://www.google.com/;37571;1;0
Theharborsidehotel.com-0114-2017Redesign;en-US;https://www.google.com/;37571;1;0
