Springhillsuitesdenver.com-0060-2015Redesign;en-US;https://search.yahoo.com/;12307;1;0
Lidobeachresort.com-0106-2017Redesign;en-US;https://www.google.com/;28666;1;0
Lidobeachresort.com-0106-2017Redesign;en-US;https://www.google.com/;28666;1;0
wentworthcom00212014redesign;en-US;https://www.google.com/;4251;1;0
Monarchbeachresort.com-0092-2016Redesign;en-US;https://www.google.com/;22725;1;0
Monarchbeachresort.com-0092-2016Redesign;en-US;http://www.google.com/;22725;1;0
Longboatkeyclub.com-0104-2017Redesign;en-US;http://m.facebook.com/;28371;1;0
Unionstationhotelnashville.com-0047-2015Redesign;en-US;https://www.bing.com/;32226;1;0
Monarchbeachresort.com-0092-2016Redesign;en-US;http://www.google.com/;26788;1;0
Longboatkeyclub.com-0104-2017Redesign;en-US;https://www.google.com/;28316;1;0
Longboatkeyclub.com-0104-2017Redesign;en-US;https://www.google.com/;28316;1;0
Broadmoor.com-0073-2016Redesign;en-US;http://tpc.googlesyndication.com/safeframe/1-0-10/html/container.html;16728;1;0
Abbingtonbanquets.com-0070-2016Redesign;en-US;http://taraz.xkaz.org/;15789;1;0
Abbingtonbanquets.com-0070-2016Redesign;en-US;http://taraz.xkaz.org/;15789;1;0
Napavalleymarriott.com-0071-2016Redesign;en-US;android-app://com.google.android.gm/;16459;1;0
Sandpearl.com-0091-2016Redesign;en-US;http://m.facebook.com/;22481;1;0
Abbingtonbanquets.com-0070-2016Redesign;en-US;http://taraz.xkaz.org/;15789;1;0
theweststreethotel.com-0115-2017Redesign;en-US;https://www.google.com/;37486;1;0
Broadmoor.com-0073-2016Redesign;en-US;https://www.google.com/;17448;1;0
Washingtoncourthotel.com-0076-2016Redesign;en-US;https://www.google.com/;17858;1;0
Cocokeyorlando.com-0059-2015Redesign;en-US;https://www.google.com/;12394;1;0
Thelodgeatwoodloch.com-0033-2015Redesign;en-US;https://www.google.com/;7764;1;0
Casaybelresort.com-0002-2014Redesign;en-US;https://www.google.com/;1613;1;0
Thelodgeatwoodloch.com-0033-2015Redesign;en-US;https://www.google.com/;7764;1;0
Broadmoor.com-0073-2016Redesign;en-US;https://www.bing.com/;16721;1;0
Broadmoor.com-0073-2016Redesign;en-US;https://www.bing.com/;16721;1;0
Jupiterbeachresort.com-0103-2017Redesign;en-US;http://www.wickedgoodtraveltips.com/;28158;1;0
Broadmoor.com-0073-2016Redesign;en-US;https://www.google.com/;16769;1;0
Jupiterbeachresort.com-0103-2017Redesign;en-US;http://www.wickedgoodtraveltips.com/;28158;1;0
Broadmoor.com-0073-2016Redesign;en-US;https://www.google.com/;16769;1;0
Theoxfordhotel.com-0062-2015Redesign;en-US;https://www.coloradodreamhouse.com/;14325;1;0
Thelodgeatwoodloch.com-0033-2015Redesign;en-US;https://www.google.com/;7764;1;0
Longboatkeyclub.com-0104-2017Redesign;en-US;http://m.facebook.com/;28354;1;0
Broadmoor.com-0073-2016Redesign;en-US;https://www.google.com/;16761;1;0
Lidobeachresort.com-0106-2017Redesign;en-US;https://www.google.com/;30023;1;0
Broadmoor.com-0073-2016Redesign;en-US;https://www.google.com/;16765;1;0
Halcyonhotelcherrycreek.com-0061-2015Redesign;en-US;https://www.google.com/;22121;1;0
