Cphollywoodbeach.com-0032-2015Redesign;en-US;https://www.google.com.ar/;7805;1;0
Oxfordclubspa.com-0068-2016Redesign;en-US;https://www.google.com/;15568;1;0
Abbingtonbanquets.com-0070-2016Redesign;en-US;http://www.google.com/;15789;1;0
Broadmoor.com-0073-2016Redesign;en-US;android-app://com.google.android.googlequicksearchbox/;16728;1;0
Theoxfordhotel.com-0062-2015Redesign;en-US;http://r.search.yahoo.com/_ylt=A9mSs2o8x7FZ8pUAk2qA3YlQ##SEMICOLONDELIMITER##_ylu=X3oDMTByaW11dnNvBGNvbG8DaXIyBHBvcwMxBHZ0aWQDBHNlYwNzcg--/RV=2/RE=1504851901/RO=10/RU=http%3a//www.theoxfordhotel.com//RK=1/RS=gkvT.Kn1_JODl7Ddl1mkRyD7Mfw-;14325;1;0
Thelodgeatwoodloch.com-0033-2015Redesign;en-US;http://www.hotelrooms.com/cgi-bin/search/redirect.plx;7764;1;0
Washingtondukeinn.com-0024-2014Redesign;en-US;https://www.google.com/;4738;1;0
Broadmoor.com-0073-2016Redesign;en-US;https://www.google.com/;21231;1;0
Thelodgeatwoodloch.com-0033-2015Redesign;en-US;http://www.hotelrooms.com/cgi-bin/search/redirect.plx;7764;1;0
saddlebrook.com-0011-2014Redesign;en-US;https://www.google.com/;3385;1;0
Broadmoor.com-0073-2016Redesign;en-US;https://www.google.com/;20439;1;0
Luxehotels.com-0078-2016Redesign;en-US;android-app://com.google.android.googlequicksearchbox/;18833;1;0
Thecurtis.com-0079-2016Redesign;en-US;https://www.google.com/;17981;1;0
saddlebrook.com-0011-2014Redesign;en-US;https://www.google.com/;3385;1;0
Cocokeyorlando.com-0059-2015Redesign;en-US;https://www.google.co.uk/;12394;1;0
Broadmoor.com-0073-2016Redesign;en-US;https://www.google.com/;16721;1;0
Casaybelresort.com-0002-2014Redesign;en-US;http://www.dogpile.com/search/web;1533;1;0
saddlebrook.com-0011-2014Redesign;en-US;https://www.google.com/;4538;1;0
Unionstationhotelnashville.com-0047-2015Redesign;en-US;http://www.travelchannel.com/destinations/us/tn/nashville/articles/top-5-places-to-stay-in-nashville;32226;1;0
Chrco.com-0107-2017Redesign;en-US;https://www.bing.com/;29280;1;0
Opalsands.com-0084-2016Redesign;en-US;https://www.bing.com/;20171;1;0
Lakeplacidlodge.com-0105-2017Redesign;en-US;https://www.google.com/;28545;1;0
Monarchbeachresort.com-0092-2016Redesign;en-US;https://www.google.com/;22725;1;0
Theharborsidehotel.com-0114-2017Redesign;en-US;http://www.barharborinfo.com/Places-to-Stay/Hotel.aspx;37571;1;0
Theharborsidehotel.com-0114-2017Redesign;en-US;http://www.barharborinfo.com/Places-to-Stay/Hotel.aspx;37571;1;0
saddlebrook.com-0011-2014Redesign;en-US;https://www.google.com/;4538;1;0
Cocokeyorlando.com-0059-2015Redesign;en-US;https://www.google.com/;12394;1;0
Cocokeyorlando.com-0059-2015Redesign;en-US;https://www.google.com/;12394;1;0
Broadmoor.com-0073-2016Redesign;en-US;https://www.google.com/;16721;1;0
Glencovemansion.com-0058-2015Redesign;en-US;https://www.google.com/;13328;1;0
Monarchbeachresort.com-0092-2016Redesign;en-US;https://www.google.com/;23038;1;0
Courtyardportlandcitycenter.com-0063-2015Redesign;en-US;https://www.google.com/;14545;1;0
Springhillsuitesdenver.com-0060-2015Redesign;en-US;https://www.google.com/;12307;1;0
Hi-nyc.com-0108-2017Redesogm;en-US;https://search.yahoo.com/yhs/search;30080;1;0
Thesagamore.com-0112-2017Redesign;en-US;https://www.google.com/;32339;1;0
Thesagamore.com-0112-2017Redesign;en-US;https://www.google.com/;32339;1;0
Cphollywoodbeach.com-0032-2015Redesign;en-US;https://www.google.ca/;7831;1;0
Broadmoor.com-0073-2016Redesign;en-US;https://www.google.com/;16721;1;0
Lidobeachresort.com-0106-2017Redesign;en-US;http://yandex.ru/clck/jsredir;28666;1;0
