Casaybelresort.com-0002-2014Redesign;en-US;https://www.google.com/;1533;1;0
Lidobeachresort.com-0106-2017Redesign;en-US;https://www.google.com.co/;28666;1;0
Cphollywoodbeach.com-0032-2015Redesign;en-US;https://www.google.ca/;7831;1;0
Marriottkeylargo.com-0015-2014Redesign;en-US;https://www.google.de/;3948;1;0
Thelodgeatwoodloch.com-0033-2015Redesign;en-US;https://www.google.com/;8278;1;0
Glencovemansion.com-0058-2015Redesign;en-US;https://www.bing.com/;13328;1;0
Thecrawfordhotel.com-0074-2016Redesign;en-US;https://www.yelp.com/;17145;1;0
Halcyonhotelcherrycreek.com-0061-2015Redesign;en-US;https://www.google.com/;23196;1;0
Broadmoor.com-0073-2016Redesign;en-US;https://www.google.com/;16721;1;0
Monarchbeachresort.com-0092-2016Redesign;en-US;https://www.bing.com/;22725;1;0
Lidobeachresort.com-0106-2017Redesign;en-US;https://www.google.com.co/;28666;1;0
Lidobeachresort.com-0106-2017Redesign;en-US;https://www.google.com/;28666;1;0
Lidobeachresort.com-0106-2017Redesign;en-US;https://www.google.com/;28666;1;0
Lidobeachresort.com-0106-2017Redesign;en-US;https://www.google.com.co/;28666;1;0
Sandpearl.com-0091-2016Redesign;en-US;http://search.tb.ask.com/search/GGmain.jhtml;22481;1;0
Lidobeachresort.com-0106-2017Redesign;en-US;https://www.google.com.co/;28666;1;0
Galthouse.com-0042-2015Redesign;en-US;https://www.google.com/;31905;1;0
Galthouse.com-0042-2015Redesign;en-US;android-app://com.google.android.googlequicksearchbox/https/www.google.com;31905;1;0
Galthouse.com-0042-2015Redesign;en-US;android-app://com.google.android.googlequicksearchbox/https/www.google.com;31905;1;0
Broadmoor.com-0073-2016Redesign;en-US;http://tpc.googlesyndication.com/safeframe/1-0-10/html/container.html;16728;1;0
Cocokeyorlando.com-0059-2015Redesign;en-US;https://www.google.com.br/;12394;1;0
Broadmoor.com-0073-2016Redesign;en-US;https://www.google.com/;16770;1;0
Broadmoor.com-0073-2016Redesign;en-US;https://www.google.com/;18782;1;0
Jupiterbeachresort.com-0103-2017Redesign;en-US;https://www.google.com/;28158;1;0
Edgewaternaples.com-0094-2016Redesign;en-US;https://www.google.com/;25239;1;0
Cphollywoodbeach.com-0032-2015Redesign;en-US;https://www.sunny.org/webcam/;7831;1;0
Lidobeachresort.com-0106-2017Redesign;en-US;https://www.google.com.co/;28666;1;0
Lakeplacidlodge.com-0105-2017Redesign;en-US;https://www.tastingtable.com/travel/national/best-towns-fall-travel;32794;1;0
Monarchbeachresort.com-0092-2016Redesign;en-US;https://www.google.com/;22725;1;0
Broadmoor.com-0073-2016Redesign;en-US;https://m.yelp.com/biz_redir;16766;1;0
Luxehotels.com-0078-2016Redesign;en-US;https://www.google.com/;19297;1;0
Galthouse.com-0042-2015Redesign;en-US;https://www.google.com/;31905;1;0
Monarchbeachresort.com-0092-2016Redesign;en-US;https://www.google.com/;22865;1;0
Broadmoor.com-0073-2016Redesign;en-US;https://m.yelp.com/biz_redir;16766;1;0
Sandpearl.com-0091-2016Redesign;en-US;https://www.google.com/;22481;1;0
Longboatkeyclub.com-0104-2017Redesign;en-US;https://worldcam.eu/webcams/north-america/florida-usa/15728;28317;1;0
Montaukyachtclub.com-0010-2014Redesign;en-US;http://m.facebook.com/;2240;1;0
Broadmoor.com-0073-2016Redesign;en-US;http://www.google.com/;16761;1;0
Sandpearl.com-0091-2016Redesign;en-US;https://www.google.de/;22481;1;0
theweststreethotel.com-0115-2017Redesign;en-US;https://www.google.com/;36683;1;0
Cphollywoodbeach.com-0032-2015Redesign;en-US;https://www.sunny.org/webcam/;7831;1;0
Thecurtis.com-0079-2016Redesign;en-US;https://www.google.com/;19391;1;0
Theloganhotel.com-0043-2015Redesign;en-US;http://m.facebook.com/;20218;1;0
Broadmoor.com-0073-2016Redesign;en-US;https://www.google.com/;18259;1;0
Sandpearl.com-0091-2016Redesign;en-US;https://www.google.com/;22488;1;0
Thecrawfordhotel.com-0074-2016Redesign;en-US;https://www.google.com/;17667;1;0
Sandpearl.com-0091-2016Redesign;en-US;https://www.google.com/;22481;1;0
Sandpearl.com-0091-2016Redesign;en-US;https://www.google.com/;22481;1;0
Sandpearl.com-0091-2016Redesign;en-US;https://www.tripadvisor.com/CheapFlightsSearchResults-g34678-a_airport0.ISP-a_airport1.TPA-a_cos.0-a_date0.20171112-a_date1.20171116-a_nearby0.no-a_nearby1.no-a_nonstop.no-a_pax0.a-a_travelers.1-Tampa_Florida.html;22481;1;0
Edgewaternaples.com-0094-2016Redesign;en-US;http://edgewaternaples.myopalexperience.com/;25239;1;0
Edgewaternaples.com-0094-2016Redesign;en-US;http://edgewaternaples.myopalexperience.com/;25239;1;0
Galthouse.com-0042-2015Redesign;en-US;https://www.google.com/;31905;1;0
Renaissancepittsburghpa.com-0044-2015Redesign;en-US;https://www.google.com/;9637;1;0
Casaybelresort.com-0002-2014Redesign;en-US;https://www.google.com/;1613;1;0
Residenceinnlax.com-0026-2014Redesign;en-US;https://www.google.com/;5518;1;0
wentworthcom00212014redesign;en-US;https://www.google.com/;4274;1;0
Samosetresort.com-0113-2017Redesign;en-US;https://www.google.com/;32541;1;0
