wentworthcom00212014redesign;en-US;https://xn----7sbabm1ahc4b2aqff.su/%D0%BF%D0%B8%D0%BB%D0%BE%D0%BC%D0%B0%D1%82%D0%B5%D1%80%D0%B8%D0%B0%D0%BB%D1%8B/%D0%B2%D0%B0%D0%B3%D0%BE%D0%BD%D0%BA%D0%B0-%D1%88%D1%82%D0%B8%D0%BB%D1%8C/;26679;1;0
Denvercy.com-0036-2015Redesign;en-US;https://mmostrike.ru/;8150;1;0
wentworthcom00212014redesign;en-US;http://autoservice36.ru/remont-stekol/;26679;1;0
wentworthcom00212014redesign;en-US;https://sovrtehn.ru/hypertherm-powermax-105/;26679;1;0
Broadmoor.com-0073-2016Redesign;en-US;http://www.google.com/;16761;1;0
Sandpearl.com-0091-2016Redesign;en-US;https://www.google.com/;22481;1;0
Sandpearl.com-0091-2016Redesign;en-US;https://www.google.com/;22481;1;0
Springhillsuitesdenver.com-0060-2015Redesign;en-US;https://www.google.com/;12307;1;0
Casaybelresort.com-0002-2014Redesign;en-US;https://us.search.yahoo.com/yhs/search;1533;1;0
Galthouse.com-0042-2015Redesign;en-US;https://www.google.com/;31905;1;0
Cphollywoodbeach.com-0032-2015Redesign;en-US;https://www.google.com/;7831;1;0
Broadmoor.com-0073-2016Redesign;en-US;https://www.google.com/;16721;1;0
Broadmoor.com-0073-2016Redesign;en-US;https://www.google.com/;16721;1;0
Broadmoor.com-0073-2016Redesign;en-US;http://tpc.googlesyndication.com/safeframe/1-0-10/html/container.html;16728;1;0
Cphollywoodbeach.com-0032-2015Redesign;en-US;https://www.sunny.org/webcam/;7831;1;0
Galthouse.com-0042-2015Redesign;en-US;https://www.google.com/;31905;1;0
Galthouse.com-0042-2015Redesign;en-US;https://www.google.com/;31905;1;0
Delraysandsresort.com-0097-2016Redesign;en-US;https://www.bing.com/;27232;1;0
Broadmoor.com-0073-2016Redesign;en-US;http://www.cheyennemountain.com/local_adventures/seven_falls/;18259;1;0
Delraysandsresort.com-0097-2016Redesign;en-US;https://www.bing.com/;27232;1;0
Unionstationhotelnashville.com-0047-2015Redesign;en-US;https://www.google.com/;32226;1;0
Thesagamore.com-0112-2017Redesign;en-US;http://www.newyorkupstate.com/places-to-stay/2016/03/six_luxury_experiences_at_upstate_new_york_resorts.html;32339;1;0
Thesagamore.com-0112-2017Redesign;en-US;http://www.newyorkupstate.com/places-to-stay/2016/03/six_luxury_experiences_at_upstate_new_york_resorts.html;32339;1;0
Samosetresort.com-0113-2017Redesign;en-US;https://www.bing.com/;32541;1;0
Thesagamore.com-0112-2017Redesign;en-US;http://www.google.com/;32339;1;0
Delraysandsresort.com-0097-2016Redesign;en-US;https://www.google.com/;27232;1;0
