Bellemontfarm.com-0007-2013Redesign;en-US;http://s0.2mdn.net/4457727/1448902004285/BelleMontFarm_2015Q4_GolfEnthusiasts_300x250.html;11497;1;0
Bellemontfarm.com-0007-2013Redesign;en-US;http://s0.2mdn.net/4457727/1448899528861/BelleMontFarm_2015Q4_Foodie_160x600.html;11497;1;0
Bellemontfarm.com-0007-2013Redesign;en-US;http://s0.2mdn.net/4457727/1448902370884/BelleMontFarm_2015Q4_GolfEnthusiast_728x90.html;11497;1;0
Bellemontfarm.com-0007-2013Redesign;en-US;http://s0.2mdn.net/4457727/1448899528861/BelleMontFarm_2015Q4_Foodie_160x600.html;11497;1;0
Unionstationhotelnashville.com-0047-2015Redesign;en-US;https://www.google.co.uk/;32226;1;0
Washingtoncourthotel.com-0076-2016Redesign;en-US;https://www.bing.com/;17858;1;0
Thesagamore.com-0112-2017Redesign;en-US;https://www.google.ca/;32339;1;0
Thesagamore.com-0112-2017Redesign;en-US;https://www.google.ca/;32339;1;0
saddlebrook.com-0011-2014Redesign;en-US;https://www.google.com/;3385;1;0
Longboatkeyclub.com-0104-2017Redesign;en-US;https://www.google.com/;28354;1;0
Bellemontfarm.com-0007-2013Redesign;en-US;http://s0.2mdn.net/4457727/1449082551846/BelleMontFarm_2015Q4_NaturalRetreat_728x90.html;11497;1;0
Cocokeyorlando.com-0059-2015Redesign;en-US;https://www.bing.com/;12394;1;0
Bellemontfarm.com-0007-2013Redesign;en-US;http://s0.2mdn.net/4457727/1446561719270/BelleMontFarm_2015Q4_GeneralWood_160x600.html;12011;1;0
Bellemontfarm.com-0007-2013Redesign;en-US;http://s0.2mdn.net/4457727/1446561664361/BelleMontFarm_2015Q4_GeneralWood_300x250.html;11497;1;0
Hospitalityupgrade.com-0093-2016Redesign;en-US;https://www.google.ca/;25405;1;0
Sandpearl.com-0091-2016Redesign;en-US;http://www.copypastecharacter.com/;22481;1;0
Sandpearl.com-0091-2016Redesign;en-US;http://www.copypastecharacter.com/;22481;1;0
Bellemontfarm.com-0007-2013Redesign;en-US;http://s0.2mdn.net/4457727/1448902370884/BelleMontFarm_2015Q4_GolfEnthusiast_728x90.html;11497;1;0
Broadmoor.com-0073-2016Redesign;en-US;https://www.google.com/;18259;1;0
Broadmoor.com-0073-2016Redesign;en-US;http://login.nomadix.com:1111/web/portal.html;16724;1;0
Sandpearl.com-0091-2016Redesign;en-US;https://www.google.co.uk/;22481;1;0
Thesagamore.com-0112-2017Redesign;en-US;https://www.google.com/;32339;1;0
Glencovemansion.com-0058-2015Redesign;en-US;https://www.bing.com/;13330;1;0
Thelodgeatwoodloch.com-0033-2015Redesign;en-US;https://mojaocena.com/;8277;1;0
Unionstationhotelnashville.com-0047-2015Redesign;en-US;https://www.google.com/;32226;1;0
Thelodgeatwoodloch.com-0033-2015Redesign;en-US;https://mojaocena.com/;8277;1;0
Sandpearl.com-0091-2016Redesign;en-US;https://www.google.com/;30638;1;0
Jbdukehotel.com-0086-2016Redesign;en-US;https://www.google.com/;21918;1;0
Delraysandsresort.com-0097-2016Redesign;en-US;http://www.ophotels.com/locator/;27232;1;0
Theoxfordhotel.com-0062-2015Redesign;en-US;https://www.google.com/;14325;1;0
Theharborsidehotel.com-0114-2017Redesign;en-US;http://www.ophotels.com/locator/;37571;1;0
Zotabeachresort.com-0090-2016Redesign;en-US;https://www.tripadvisor.com/Hotel_Review-g34399-d10518992-Reviews-Zota_Beach_Resort-Longboat_Key_Florida.html;22357;1;0
Jupiterbeachresort.com-0103-2017Redesign;en-US;http://www.ophotels.com/locator/;28158;1;0
Lakeplacidlodge.com-0105-2017Redesign;en-US;http://www.ophotels.com/locator/;28545;1;0
Lidobeachresort.com-0106-2017Redesign;en-US;http://www.ophotels.com/locator/;28666;1;0
Marriottdelraybeach.com-0009-2014Redesign;en-US;http://www.ophotels.com/locator/;2829;1;0
Thelodgeatwoodloch.com-0033-2015Redesign;en-US;https://www.google.com/;7764;1;0
Marriottkeylargo.com-0015-2014Redesign;en-US;http://www.ophotels.com/locator/;3948;1;0
Opalsands.com-0084-2016Redesign;en-US;http://m.facebook.com/;28082;1;0
Samosetresort.com-0113-2017Redesign;en-US;http://www.ophotels.com/locator/;32541;1;0
Samosetresort.com-0113-2017Redesign;en-US;http://www.ophotels.com/locator/;32541;1;0
Longboatkeyclub.com-0104-2017Redesign;en-US;http://www.ophotels.com/locator/;35641;1;0
Thelodgeatwoodloch.com-0033-2015Redesign;en-US;https://www.google.com/;7764;1;0
Thesagamore.com-0112-2017Redesign;en-US;http://www.ophotels.com/locator/;32339;1;0
wentworthcom00212014redesign;en-US;http://www.ophotels.com/locator/;26679;1;0
theweststreethotel.com-0115-2017Redesign;en-US;http://www.ophotels.com/locator/;36683;1;0
Cocokeyorlando.com-0059-2015Redesign;en-US;https://www.google.ca/;12394;1;0
Broadmoor.com-0073-2016Redesign;en-US;https://www.bing.com/;18259;1;0
Galthouse.com-0042-2015Redesign;en-US;https://www.google.com/;31905;1;0
Sandpearl.com-0091-2016Redesign;en-US;https://www.google.com/;22481;1;0
Residenceinnnyc.com-0034-2015Redesign;en-US;https://www.google.fr/;7926;1;0
Jbdukehotel.com-0086-2016Redesign;en-US;https://www.google.com/;21918;1;0
Luxehotels.com-0078-2016Redesign;en-US;https://www.google.com.mx/;18805;1;0
Theoxfordhotel.com-0062-2015Redesign;en-US;https://www.google.com/;14325;1;0
Thelodgeatwoodloch.com-0033-2015Redesign;en-US;http://www.google.com/;7764;1;0
Thesagamore.com-0112-2017Redesign;en-US;http://www.google.com/;32339;1;0
Thelodgeatwoodloch.com-0033-2015Redesign;en-US;https://www.google.com/;7764;1;0
Lakeplacidlodge.com-0105-2017Redesign;en-US;https://www.google.com/;28545;1;0
Lakeplacidlodge.com-0105-2017Redesign;en-US;https://www.google.com/;28545;1;0
Broadmoor.com-0073-2016Redesign;en-US;https://moetomnenie.com/;16793;1;0
