Theloganhotel.com-0043-2015Redesign;en-US;http://172.20.0.1:8000/;20218;1;0
Broadmoor.com-0073-2016Redesign;en-US;http://www.cograilway.com/faq.asp;18259;1;0
Lehotels.com-0049-2015Transfer;en-US;https://en.wikipedia.org/;12108;1;0
Broadmoor.com-0073-2016Redesign;en-US;http://m.facebook.com/;16790;1;0
Longboatkeyclub.com-0104-2017Redesign;en-US;http://www.lbknews.com/;28316;1;0
Longboatkeyclub.com-0104-2017Redesign;en-US;http://www.lbknews.com/;28316;1;0
Luxehotels.com-0078-2016Redesign;en-US;https://en.wikipedia.org/;18805;1;0
Broadmoor.com-0073-2016Redesign;en-US;http://login.nomadix.com:1111/web/portal.html;16724;1;0
Broadmoor.com-0073-2016Redesign;en-US;http://login.nomadix.com:1111/web/portal.html;16724;1;0
Broadmoor.com-0073-2016Redesign;en-US;http://www.google.com/;18259;1;0
Casaybelresort.com-0002-2014Redesign;en-US;http://www.google.com/;1571;1;0
Thesagamore.com-0112-2017Redesign;en-US;http://start.att.net/search/index.php;32339;1;0
Broadmoor.com-0073-2016Redesign;en-US;https://www.google.com/;16738;1;0
Thesagamore.com-0112-2017Redesign;en-US;https://www.google.com/;32339;1;0
Renaissancepittsburghpa.com-0044-2015Redesign;en-US;https://www.google.com/;9637;1;0
Lakeplacidlodge.com-0105-2017Redesign;en-US;https://www.google.com/;28545;1;0
Thesagamore.com-0112-2017Redesign;en-US;https://www.google.com/;32339;1;0
Lakeplacidlodge.com-0105-2017Redesign;en-US;https://www.google.com/;28545;1;0
Edgewaternaples.com-0094-2016Redesign;en-US;https://s0.2mdn.net/ads/richmedia/studio/pv2/60192272/20170510101117485/index.html;25239;1;0
Broadmoor.com-0073-2016Redesign;en-US;https://www.google.co.uk/;16790;1;0
Thelodgeatwoodloch.com-0033-2015Redesign;en-US;https://www.poconomountains.com/listings/the-lodge-at-woodloch/3118/;7764;1;0
Halcyonhotelcherrycreek.com-0061-2015Redesign;en-US;https://www.denver.org/denver-hotels/;22121;1;0
Broadmoor.com-0073-2016Redesign;en-US;http://login.nomadix.com:1111/web/portal.html;16724;1;0
Broadmoor.com-0073-2016Redesign;en-US;http://login.nomadix.com:1111/web/portal.html;16724;1;0
Longboatkeyclub.com-0104-2017Redesign;en-US;https://www.google.com/;28316;1;0
Casaybelresort.com-0002-2014Redesign;en-US;https://www.google.com/;1533;1;0
Casaybelresort.com-0002-2014Redesign;en-US;https://search.yahoo.com/;1533;1;0
Casaybelresort.com-0002-2014Redesign;en-US;https://www.google.com/;1533;1;0
Broadmoor.com-0073-2016Redesign;en-US;https://www.tripadvisor.com/Hotels-g60945-Estes_Park_Colorado-Hotels.html;17443;1;0
saddlebrook.com-0011-2014Redesign;en-US;http://baseline.tennis.com/article/69351/felix-auger-youngest-player-2002-break-top-200;3453;1;0
Delraysandsresort.com-0097-2016Redesign;en-US;https://www.google.com/;27232;1;0
Delraysandsresort.com-0097-2016Redesign;en-US;https://www.google.com/;27232;1;0
Sandpearl.com-0091-2016Redesign;en-US;https://www-brides-com.cdn.ampproject.org/v/www.brides.com/gallery/bachelorette-party-destinations-beyond-las-vegas/amp;22481;1;0
Sandpearl.com-0091-2016Redesign;en-US;https://www-brides-com.cdn.ampproject.org/v/www.brides.com/gallery/bachelorette-party-destinations-beyond-las-vegas/amp;22481;1;0
Sandpearl.com-0091-2016Redesign;en-US;android-app://com.google.android.googlequicksearchbox/;23074;1;0
Cphollywoodbeach.com-0032-2015Redesign;en-US;https://www.sunny.org/webcam/;7831;1;0
Broadmoor.com-0073-2016Redesign;en-US;http://m.facebook.com/;20439;1;0
Monarchbeachresort.com-0092-2016Redesign;en-US;https://www.google.com/;22725;1;0
Broadmoor.com-0073-2016Redesign;en-US;https://s0.2mdn.net/ads/richmedia/studio/pv2/60331286/20170829133508703/index.html;18014;1;0
Opalsands.com-0084-2016Redesign;en-US;https://www.google.com/;20171;1;0
Opalsands.com-0084-2016Redesign;en-US;https://www.google.com/;20171;1;0
Halcyonhotelcherrycreek.com-0061-2015Redesign;en-US;https://www.google.com/;23287;1;0
Galthouse.com-0042-2015Redesign;en-US;https://www.google.com/;10577;1;0
Opalsands.com-0084-2016Redesign;en-US;https://www.google.com/;20171;1;0
Opalsands.com-0084-2016Redesign;en-US;https://www.google.com/;20171;1;0
Longboatkeyclub.com-0104-2017Redesign;en-US;https://r.search.yahoo.com/_ylt=A0LEV2dHerhZlsgA8SXrFAx.##SEMICOLONDELIMITER##_ylu=X3oDMTEyYmd0cDRhBGNvbG8DYmYxBHBvcwM1BHZ0aWQDQjAzMDlfMQRzZWMDc3I-/RV=2/RE=1505290952/RO=10/RU=https%3a//www.longboatkeyclub.com//RK=1/RS=koHn5sgbIRNBrQ4H6h.Ysj6Uo7I-;28316;1;0
Broadmoor.com-0073-2016Redesign;en-US;http://login.nomadix.com:1111/web/portal.html;16724;1;0
Broadmoor.com-0073-2016Redesign;en-US;http://login.nomadix.com:1111/web/portal.html;16724;1;0
Sandpearl.com-0091-2016Redesign;en-US;http://www.baidu.com/;22481;1;0
Sandpearl.com-0091-2016Redesign;en-US;http://www.baidu.com/;22481;1;0
Chrco.com-0107-2017Redesign;en-US;https://www.bing.com/;29280;1;0
Cphollywoodbeach.com-0032-2015Redesign;en-US;https://www.sunny.org/webcam/;7831;1;0
Theharborsidehotel.com-0114-2017Redesign;en-US;http://www.acadiainfo.com/places-to-stay.aspx;37571;1;0
Theharborsidehotel.com-0114-2017Redesign;en-US;http://www.acadiainfo.com/places-to-stay.aspx;37571;1;0
Miravalspamonarchbeach.com-0109-2017Redesign;en-US;http://www.monarchbeachresort.com/;31709;1;0
Cphollywoodbeach.com-0032-2015Redesign;en-US;https://www.sunny.org/webcam/;7831;1;0
Thecurtis.com-0079-2016Redesign;en-US;https://kichenaid.ru/;17981;1;0
Cphollywoodbeach.com-0032-2015Redesign;en-US;https://www.sunny.org/webcam/;7831;1;0
Thecurtis.com-0079-2016Redesign;en-US;https://kichenaid.ru/;17981;1;0
Napavalleymarriott.com-0071-2016Redesign;en-US;https://www.google.com/;16432;1;0
Broadmoor.com-0073-2016Redesign;en-US;https://www.google.com/;16728;1;0
Cphollywoodbeach.com-0032-2015Redesign;en-US;https://www.sunny.org/webcam/;7831;1;0
