Broadmoor.com-0073-2016Redesign;en-US;https://www.google.com/;16721;1;0
Renaissancepittsburghpa.com-0044-2015Redesign;en-US;https://www.google.com/;9637;1;0
Glencovemansion.com-0058-2015Redesign;en-US;https://www.google.com/;13344;1;0
Samosetresort.com-0113-2017Redesign;en-US;http://www.sailawaymaine.com/About_Village.php;32541;1;0
Samosetresort.com-0113-2017Redesign;en-US;http://www.sailawaymaine.com/About_Village.php;32541;1;0
Broadmoor.com-0073-2016Redesign;en-US;https://www.google.com/;16721;1;0
Monarchbeachresort.com-0092-2016Redesign;en-US;https://www.google.com/;22984;1;0
Broadmoor.com-0073-2016Redesign;en-US;https://www.google.com/;16768;1;0
Theloganhotel.com-0043-2015Redesign;en-US;https://www.google.com/;9327;1;0
Thelodgeatwoodloch.com-0033-2015Redesign;en-US;https://www.poconomountains.com/listings/the-lodge-at-woodloch/3118/;7764;1;0
Hospitalityupgrade.com-0093-2016Redesign;en-US;https://www.google.com/;37631;1;0
wentworthcom00212014redesign;en-US;https://www.google.com/;26679;1;0
Samosetresort.com-0113-2017Redesign;en-US;http://films-app.com/plague-inc/;32541;1;0
Samosetresort.com-0113-2017Redesign;en-US;https://teman.com.ua/cars/kia;32541;1;0
Samosetresort.com-0113-2017Redesign;en-US;https://cinemabox.club/;32541;1;0
Samosetresort.com-0113-2017Redesign;en-US;http://showboxpc.be/description-app-showbox-and-its-advantage/;32541;1;0
Thesagamore.com-0112-2017Redesign;en-US;https://outlook.live.com/;32339;1;0
Samosetresort.com-0113-2017Redesign;en-US;http://m.facebook.com/;32541;1;0
Lidobeachresort.com-0106-2017Redesign;en-US;https://www.google.com/;28666;1;0
Cocokeyorlando.com-0059-2015Redesign;en-US;https://www.google.com/;12394;1;0
shop.broadmoor.com-0096-2016ShoppingCart;en-US;https://www.google.com/;40848;1;0
Broadmoor.com-0073-2016Redesign;en-US;https://www.google.com/;16721;1;0
Glencovemansion.com-0058-2015Redesign;en-US;http://l.instagram.com/;13328;1;0
Monarchbeachresort.com-0092-2016Redesign;en-US;https://www.google.com/;22865;1;0
Broadmoor.com-0073-2016Redesign;en-US;http://login.nomadix.com:1111/web/portal.html;16724;1;0
Broadmoor.com-0073-2016Redesign;en-US;http://login.nomadix.com:1111/web/portal.html;16724;1;0
Sandpearl.com-0091-2016Redesign;en-US;https://cinemabox.club/netflix-for-android/;22481;1;0
Sandpearl.com-0091-2016Redesign;en-US;https://teman.com.ua/cars/peugeot;22481;1;0
Sandpearl.com-0091-2016Redesign;en-US;http://films-app.com/page/2/;22481;1;0
Sandpearl.com-0091-2016Redesign;en-US;http://showboxpc.be/;22481;1;0
wentworthcom00212014redesign;en-US;http://www.marriott.com/hotels/hotel-information/fitness-spa-services/psmww-wentworth-by-the-sea-a-marriott-hotel-and-spa/;4250;1;0
Longboatkeyclub.com-0104-2017Redesign;en-US;http://sudexpert66.ru/;28316;1;0
Sandylane.com-0075-2016Redesign;en-US;https://teman.com.ua/cars/subaru;17611;1;0
Sandylane.com-0075-2016Redesign;en-US;https://cinemabox.club/terrarium-tv-app/;17611;1;0
Sandylane.com-0075-2016Redesign;en-US;http://films-app.com/hotstar/;17611;1;0
Sandylane.com-0075-2016Redesign;en-US;http://showboxpc.be/;17611;1;0
Longboatkeyclub.com-0104-2017Redesign;en-US;http://sudexpert66.ru/;28316;1;0
Longboatkeyclub.com-0104-2017Redesign;en-US;http://sudexpert66.ru/;28316;1;0
Thecrawfordhotel.com-0074-2016Redesign;en-US;https://www.google.com/;17145;1;0
Broadmoor.com-0073-2016Redesign;en-US;https://www.google.com/;16721;1;0
Cphollywoodbeach.com-0032-2015Redesign;en-US;http://www.google.com/;7805;1;0
Thelodgeatwoodloch.com-0033-2015Redesign;en-US;https://www.google.com/;7764;1;0
Cphollywoodbeach.com-0032-2015Redesign;en-US;https://www.bing.com/;7831;1;0
Broadmoor.com-0073-2016Redesign;en-US;https://www.google.com/;16721;1;0
Broadmoor.com-0073-2016Redesign;en-US;https://www.google.com/;18259;1;0
