Monarchbeachresort.com-0092-2016Redesign;en-US;https://www.google.com/;22725;1;0
Longboatkeyclub.com-0104-2017Redesign;en-US;https://www.google.com/;28316;1;0
Samosetresort.com-0113-2017Redesign;en-US;https://www.google.com/;32541;1;0
Sandylane.com-0075-2016Redesign;en-US;http://www.coastalliving.com/travel/top-10/top-10-exotic-beach-destinations;17611;1;0
Samosetresort.com-0113-2017Redesign;en-US;https://www.google.com/;32541;1;0
Broadmoor.com-0073-2016Redesign;en-US;https://www.bing.com/;16721;1;0
Washingtondukeinn.com-0024-2014Redesign;en-US;https://www.google.com/;4524;1;0
Broadmoor.com-0073-2016Redesign;en-US;http://m.facebook.com/;18782;1;0
Cphollywoodbeach.com-0032-2015Redesign;en-US;https://www.sunny.org/webcam/;7831;1;0
Marriottkeylargo.com-0015-2014Redesign;en-US;http://cleaningservices.kiev.ua/uborka-domov-i-kottedjey-v-kieve;3948;1;0
Broadmoor.com-0073-2016Redesign;en-US;https://www.google.com/;18259;1;0
Cphollywoodbeach.com-0032-2015Redesign;en-US;https://www.sunny.org/webcam/;7831;1;0
Marriottkeylargo.com-0015-2014Redesign;en-US;https://teman.com.ua/cars/subaru;3948;1;0
Marriottkeylargo.com-0015-2014Redesign;en-US;https://fixup.ua/aksessuary/muljazhy;3948;1;0
Thecurtis.com-0079-2016Redesign;en-US;https://www.google.com/;17981;1;0
Marriottkeylargo.com-0015-2014Redesign;en-US;http://www.v-doroguspb.ru/shop.php;3948;1;0
Broadmoor.com-0073-2016Redesign;en-US;https://www.google.com/;16721;1;0
Laxembassy.com-0008-2014Redesign;en-US;http://www.nail-artmaster.ru/shop.php;2037;1;0
Laxembassy.com-0008-2014Redesign;en-US;https://fabrika-schastya.moscow/pojuschie-shary-feja;2037;1;0
Samosetresort.com-0113-2017Redesign;en-US;http://start.att.net/search/index.php;32541;1;0
wentworthcom00212014redesign;en-US;https://www.google.com/;4307;1;0
Sandpearl.com-0091-2016Redesign;en-US;https://www.google.com/;23082;1;0
Thesagamore.com-0112-2017Redesign;en-US;https://www.google.com/;33457;1;0
Broadmoor.com-0073-2016Redesign;en-US;https://www.google.com/;17343;1;0
Casaybelresort.com-0002-2014Redesign;en-US;https://www.google.com/;1613;1;0
Opalsands.com-0084-2016Redesign;en-US;https://www.google.com/;20171;1;0
Opalsands.com-0084-2016Redesign;en-US;https://www.google.com/;20171;1;0
Thecurtis.com-0079-2016Redesign;en-US;https://www.google.com/;17981;1;0
Broadmoor.com-0073-2016Redesign;en-US;https://us-mg5.mail.yahoo.com/;16778;1;0
Longboatkeyclub.com-0104-2017Redesign;en-US;https://www.google.com/;28316;1;0
Longboatkeyclub.com-0104-2017Redesign;en-US;https://www.google.com/;28316;1;0
Longboatkeyclub.com-0104-2017Redesign;en-US;https://www.google.com/;28316;1;0
Unionstationhotelnashville.com-0047-2015Redesign;en-US;https://www.google.com/;32226;1;0
Luxehotels.com-0078-2016Redesign;en-US;https://www.google.com/;18833;1;0
Galthouse.com-0042-2015Redesign;en-US;https://www.google.com/;31905;1;0
Galthouse.com-0042-2015Redesign;en-US;https://www.google.com/;31905;1;0
Theloganhotel.com-0043-2015Redesign;en-US;https://www.google.com/;20218;1;0
Cphollywoodbeach.com-0032-2015Redesign;en-US;android-app://com.google.android.googlequicksearchbox/https/www.google.com;7805;1;0
Monarchbeachresort.com-0092-2016Redesign;en-US;https://search.yahoo.com/yhs/search;22725;1;0
Secretharbourvi.com-0040-2015Redesign;en-US;https://www.google.com/;9231;1;0
saddlebrook.com-0011-2014Redesign;en-US;https://www.google.com/;4538;1;0
Theharborsidehotel.com-0114-2017Redesign;en-US;http://www.visitnewengland.com/all/romantic-getaways/;37571;1;0
wentworthcom00212014redesign;en-US;http://r.search.yahoo.com/_ylt=AwrBT9yE_LJZ8FYA3QJx.9w4##SEMICOLONDELIMITER##_ylu=X3oDMTByOHZyb21tBGNvbG8DYmYxBHBvcwMxBHZ0aWQDBHNlYwNzcg--/RV=2/RE=1504931076/RO=10/RU=http%3a//www.wentworth.com//RK=1/RS=iImGljtUneSgRQNsw7NcnlTR5f0-;26679;1;0
Theharborsidehotel.com-0114-2017Redesign;en-US;https://www.google.com/;37571;1;0
wentworthcom00212014redesign;en-US;http://r.search.yahoo.com/_ylt=AwrBT9yE_LJZ8FYA3QJx.9w4##SEMICOLONDELIMITER##_ylu=X3oDMTByOHZyb21tBGNvbG8DYmYxBHBvcwMxBHZ0aWQDBHNlYwNzcg--/RV=2/RE=1504931076/RO=10/RU=http%3a//www.wentworth.com//RK=1/RS=iImGljtUneSgRQNsw7NcnlTR5f0-;4259;1;0
Residenceinnnyc.com-0034-2015Redesign;en-US;https://www.google.com/;8087;1;0
Broadmoor.com-0073-2016Redesign;en-US;http://login.nomadix.com:1111/web/portal.html;16724;1;0
