Broadmoor.com-0073-2016Redesign;en-US;http://login.nomadix.com:1111/web/portal.html;16724;1;0
Cendyn.com-0095-2016Redesign;en-US;http://go.cendyn.com/;26640;1;0
Broadmoor.com-0073-2016Redesign;en-US;http://login.nomadix.com:1111/web/portal.html;16724;1;0
Theharborsidehotel.com-0114-2017Redesign;en-US;http://www.acadiamagic.com/acadia-lodging/;37571;1;0
Theharborsidehotel.com-0114-2017Redesign;en-US;http://www.acadiamagic.com/acadia-lodging/;37571;1;0
Cendyn.com-0095-2016Redesign;en-US;http://go.cendyn.com/;26640;1;0
Galthouse.com-0042-2015Redesign;en-US;https://s0.2mdn.net/ads/richmedia/studio/pv2/60042160/20170110091718066/index.html;10923;1;0
Cendyn.com-0095-2016Redesign;en-US;http://archive.cendyn.com/;26640;1;0
Lidobeachresort.com-0106-2017Redesign;en-US;http://celebrationsoftampabay.com/;29823;1;0
Lidobeachresort.com-0106-2017Redesign;en-US;http://celebrationsoftampabay.com/;29823;1;0
Cendyn.com-0095-2016Redesign;en-US;http://archive.cendyn.com/;26640;1;0
Thecurtis.com-0079-2016Redesign;en-US;https://www.google.com/;18827;1;0
Cendyn.com-0095-2016Redesign;en-US;http://archive.cendyn.com/;26640;1;0
Cendyn.com-0095-2016Redesign;en-US;http://archive.cendyn.com/;26640;1;0
Casaybelresort.com-0002-2014Redesign;en-US;https://www.google.de/;1613;1;0
Cphollywoodbeach.com-0032-2015Redesign;en-US;https://www.sunny.org/webcam/;7831;1;0
Edgewaternaples.com-0094-2016Redesign;en-US;https://www.google.co.uk/;25239;1;0
Broadmoor.com-0073-2016Redesign;en-US;https://www.google.com/;18164;1;0
Monarchbeachresort.com-0092-2016Redesign;en-US;https://www.google.com/;22725;1;0
Secretharbourvi.com-0040-2015Redesign;en-US;https://www.google.co.uk/;9231;1;0
Opalsands.com-0084-2016Redesign;en-US;http://www.beachtourism.com/opalsandsresort/;20171;1;0
