Napavalleymarriott.com-0071-2016Redesign;en-US;https://www.google.com/;16432;1;0
Broadmoor.com-0073-2016Redesign;en-US;https://www.google.com/;16721;1;0
Broadmoor.com-0073-2016Redesign;en-US;https://www.google.com/;16721;1;0
Galthouse.com-0042-2015Redesign;en-US;https://www.google.com/;25671;1;0
Broadmoor.com-0073-2016Redesign;en-US;http://tpc.googlesyndication.com/safeframe/1-0-10/html/container.html;16728;1;0
Broadmoor.com-0073-2016Redesign;en-US;http://www.cmzoo.org/index.php/guest-information/plan-your-visit/where-to-stay-and-play/;16721;1;0
Theoxfordhotel.com-0062-2015Redesign;en-US;http://www.prnewswire.com/news-releases/25-ultra-romantic-date-ideas-in-denver----just-in-time-for-a-valentines-day-weekend-189378301.html;14346;1;0
Casaybelresort.com-0002-2014Redesign;en-US;https://www.google.com/;1533;1;0
Theharborsidehotel.com-0114-2017Redesign;en-US;https://r.search.yahoo.com/_ylt=A0LEVw8zybFZFhIAmgdx.9w4##SEMICOLONDELIMITER##_ylu=X3oDMTByNXM5bzY5BGNvbG8DYmYxBHBvcwMzBHZ0aWQDBHNlYwNzcg--/RV=2/RE=1504852403/RO=10/RU=https%3a//www.theharborsidehotel.com/bar-harbor-activities/boating-tours//RK=1/RS=TOQ83T4ZjzHnRhUru8MkNagCZ4s-;38026;1;0
Samosetresort.com-0113-2017Redesign;en-US;https://www.google.com/;35144;1;0
Broadmoor.com-0073-2016Redesign;en-US;https://www.departures.com/travel/hotels/september-hotel-and-travel-news;18010;1;0
Broadmoor.com-0073-2016Redesign;en-US;https://www.google.com/;16755;1;0
Thecrawfordhotel.com-0074-2016Redesign;en-US;https://www.google.com/;17145;1;0
Glencovemansion.com-0058-2015Redesign;en-US;https://www.google.com/;13328;1;0
Thecurtis.com-0079-2016Redesign;en-US;https://www.google.com/;19406;1;0
Miravalspamonarchbeach.com-0109-2017Redesign;en-US;http://yandex.ru/clck/jsredir;31709;1;0
Courtyardportlandcitycenter.com-0063-2015Redesign;en-US;https://www.google.com/;14545;1;0
Thecurtis.com-0079-2016Redesign;en-US;https://www.google.com/;17981;1;0
Montaukyachtclub.com-0010-2014Redesign;en-US;https://www.google.com/;2240;1;0
Galthouse.com-0042-2015Redesign;en-US;http://m.facebook.com/;31905;1;0
Galthouse.com-0042-2015Redesign;en-US;http://m.facebook.com/;31905;1;0
Broadmoor.com-0073-2016Redesign;en-US;http://login.nomadix.com:1111/web/portal.html;16724;1;0
Broadmoor.com-0073-2016Redesign;en-US;http://login.nomadix.com:1111/web/portal.html;16724;1;0
Broadmoor.com-0073-2016Redesign;en-US;http://www.dsc-co.com/2012/05/an-urban-street-party-themed-event/;16721;1;0
Broadmoor.com-0073-2016Redesign;en-US;http://www.dsc-co.com/2012/05/an-urban-street-party-themed-event/;16721;1;0
Broadmoor.com-0073-2016Redesign;en-US;http://www.dsc-co.com/2012/05/an-urban-street-party-themed-event/;16721;1;0
Broadmoor.com-0073-2016Redesign;en-US;http://www.dsc-co.com/2012/05/an-urban-street-party-themed-event/;16721;1;0
Broadmoor.com-0073-2016Redesign;en-US;http://www.dsc-co.com/2012/05/an-urban-street-party-themed-event/;16721;1;0
Broadmoor.com-0073-2016Redesign;en-US;http://www.dsc-co.com/2012/05/an-urban-street-party-themed-event/;16721;1;0
Broadmoor.com-0073-2016Redesign;en-US;http://www.dsc-co.com/2012/05/an-urban-street-party-themed-event/;16721;1;0
Broadmoor.com-0073-2016Redesign;en-US;http://www.dsc-co.com/2012/05/an-urban-street-party-themed-event/;16721;1;0
Broadmoor.com-0073-2016Redesign;en-US;http://www.dsc-co.com/2012/05/an-urban-street-party-themed-event/;16721;1;0
Halcyonhotelcherrycreek.com-0061-2015Redesign;en-US;https://www.google.com/;23287;1;0
Broadmoor.com-0073-2016Redesign;en-US;http://www.dsc-co.com/2012/05/an-urban-street-party-themed-event/;16721;1;0
Broadmoor.com-0073-2016Redesign;en-US;http://www.dsc-co.com/2012/05/an-urban-street-party-themed-event/;16721;1;0
Broadmoor.com-0073-2016Redesign;en-US;http://www.dsc-co.com/2012/05/an-urban-street-party-themed-event/;16721;1;0
Broadmoor.com-0073-2016Redesign;en-US;http://www.dsc-co.com/2012/05/an-urban-street-party-themed-event/;16721;1;0
Broadmoor.com-0073-2016Redesign;en-US;http://www.dsc-co.com/2012/05/an-urban-street-party-themed-event/;16721;1;0
Broadmoor.com-0073-2016Redesign;en-US;http://www.dsc-co.com/2012/05/an-urban-street-party-themed-event/;16721;1;0
Broadmoor.com-0073-2016Redesign;en-US;http://login.nomadix.com:1111/web/portal.html;16724;1;0
Broadmoor.com-0073-2016Redesign;en-US;http://login.nomadix.com:1111/web/portal.html;16724;1;0
Edgewaternaples.com-0094-2016Redesign;en-US;https://www.google.com/;25239;1;0
Samosetresort.com-0113-2017Redesign;en-US;https://www.google.com/;35144;1;0
Courtyardportlandcitycenter.com-0063-2015Redesign;en-US;https://www.google.com/;14545;1;0
Broadmoor.com-0073-2016Redesign;en-US;http://login.nomadix.com:1111/web/portal.html;16724;1;0
Cendyn.com-0095-2016Redesign;en-US;http://www.domain2008.com/domains/www.cendynevents.com;26640;1;0
Broadmoor.com-0073-2016Redesign;en-US;http://login.nomadix.com:1111/web/portal.html;16724;1;0
Cphollywoodbeach.com-0032-2015Redesign;en-US;https://www.google.ca/;7831;1;0
Marriottkeylargo.com-0015-2014Redesign;en-US;http://www.fla-keys.com/webcams/marriott-key-largo-bay/;3948;1;0
Broadmoor.com-0073-2016Redesign;en-US;https://r.search.yahoo.com/_ylt=A0SO8xx1ybFZtx8A97LBGOd_##SEMICOLONDELIMITER##_ylu=X3oDMTByb2lvbXVuBGNvbG8DZ3ExBHBvcwMxBHZ0aWQDBHNlYwNzcg--/RV=2/RE=1504852470/RO=10/RU=https%3a//www.broadmoor.com/broadmoor-adventures/seven-falls//RK=1/RS=8glDO_KJsuDQY.__1XCHPAWICOU-;18259;1;0
Broadmoor.com-0073-2016Redesign;en-US;https://www.google.com/;16797;1;0
Thesagamore.com-0112-2017Redesign;en-US;https://www.google.com/;32339;1;0
Broadmoor.com-0073-2016Redesign;en-US;http://login.nomadix.com:1111/web/portal.html;16724;1;0
Broadmoor.com-0073-2016Redesign;en-US;http://login.nomadix.com:1111/web/portal.html;16724;1;0
Theoxfordhotel.com-0062-2015Redesign;en-US;https://www.google.com/;14325;1;0
Edgewaternaples.com-0094-2016Redesign;en-US;http://www.baidu.com/;25239;1;0
Edgewaternaples.com-0094-2016Redesign;en-US;http://www.baidu.com/;25239;1;0
