wentworthcom00212014redesign;en-US;https://www.google.com/;4259;1;0
Broadmoor.com-0073-2016Redesign;en-US;https://www.google.com/;18014;1;0
saddlebrook.com-0011-2014Redesign;en-US;http://m.facebook.com/;3385;1;0
Samosetresort.com-0113-2017Redesign;en-US;http://www.ophotels.com/locator/;32541;1;0
Broadmoor.com-0073-2016Redesign;en-US;http://login.nomadix.com:1111/web/portal.html;16724;1;0
Broadmoor.com-0073-2016Redesign;en-US;http://login.nomadix.com:1111/web/portal.html;16724;1;0
Hi-nyc.com-0108-2017Redesogm;en-US;https://www.google.com/;30080;1;0
Lidobeachresort.com-0106-2017Redesign;en-US;https://www.google.com/;28666;1;0
Casaybelresort.com-0002-2014Redesign;en-US;https://www.google.com/;1533;1;0
Opalsands.com-0084-2016Redesign;en-US;http://r.search.yahoo.com/_ylt=A0LEVyLv3LdZJeYA2xHBGOd_##SEMICOLONDELIMITER##_ylu=X3oDMTByMjB0aG5zBGNvbG8DYmYxBHBvcwMxBHZ0aWQDBHNlYwNzYw--/RV=2/RE=1505250672/RO=10/RU=http%3a//www.opalsands.com/RK=1/RS=SGRdECBAx9lBQGlrJZ.kOxMEkws-;20171;1;0
Opalsands.com-0084-2016Redesign;en-US;http://r.search.yahoo.com/_ylt=A0LEVyLv3LdZJeYA2xHBGOd_##SEMICOLONDELIMITER##_ylu=X3oDMTByMjB0aG5zBGNvbG8DYmYxBHBvcwMxBHZ0aWQDBHNlYwNzYw--/RV=2/RE=1505250672/RO=10/RU=http%3a//www.opalsands.com/RK=1/RS=SGRdECBAx9lBQGlrJZ.kOxMEkws-;20171;1;0
Unionstationhotelnashville.com-0047-2015Redesign;en-US;https://www.bing.com/;32226;1;0
wentworthcom00212014redesign;en-US;http://www.google.com/;4317;1;0
Cphollywoodbeach.com-0032-2015Redesign;en-US;https://www.google.com/;7805;1;0
Opalsands.com-0084-2016Redesign;en-US;http://www.beachtourism.com/opalsandsresort/;20171;1;0
Sandylane.com-0075-2016Redesign;en-US;https://www.google.com/;17611;1;0
wentworthcom00212014redesign;en-US;https://www.google.com/;26679;1;0
Samosetresort.com-0113-2017Redesign;en-US;https://www.google.com/;32541;1;0
Samosetresort.com-0113-2017Redesign;en-US;https://www.google.com/;32541;1;0
Jbdukehotel.com-0086-2016Redesign;en-US;https://www.google.com/;21918;1;0
wentworthcom00212014redesign;en-US;http://l.facebook.com/l.php;26679;1;0
wentworthcom00212014redesign;en-US;http://l.facebook.com/l.php;4259;1;0
Theharborsidehotel.com-0114-2017Redesign;en-US;https://www.google.com/;37571;1;0
Theharborsidehotel.com-0114-2017Redesign;en-US;https://www.google.com/;37571;1;0
Thesagamore.com-0112-2017Redesign;en-US;https://www.google.com/;32339;1;0
Broadmoor.com-0073-2016Redesign;en-US;http://login.nomadix.com:1111/web/portal.html;16724;1;0
Montaukyachtclub.com-0010-2014Redesign;en-US;https://www.google.com/;2240;1;0
Broadmoor.com-0073-2016Redesign;en-US;http://login.nomadix.com:1111/web/portal.html;16724;1;0
Lidobeachresort.com-0106-2017Redesign;en-US;https://www.google.com/;28667;1;0
saddlebrook.com-0011-2014Redesign;en-US;http://www.google.com/;3385;1;0
Courtyardportlandcitycenter.com-0063-2015Redesign;en-US;https://www.google.ca/;14545;1;0
Opalsands.com-0084-2016Redesign;en-US;https://www.google.com/;20561;1;0
Opalsands.com-0084-2016Redesign;en-US;http://www.google.com/;20561;1;0
Glencovemansion.com-0058-2015Redesign;en-US;https://www.google.com/;13328;1;0
Casaybelresort.com-0002-2014Redesign;en-US;https://www.google.com/;1613;1;0
