Lidobeachresort.com-0106-2017Redesign;en-US;https://www.google.ca/;28666;1;0
Broadmoor.com-0073-2016Redesign;en-US;http://login.nomadix.com:1111/web/portal.html;16724;1;0
Broadmoor.com-0073-2016Redesign;en-US;http://login.nomadix.com:1111/web/portal.html;16724;1;0
Halcyonhotelcherrycreek.com-0061-2015Redesign;en-US;https://www.google.com/;22121;1;0
Broadmoor.com-0073-2016Redesign;en-US;https://www.google.com/;20439;1;0
Monarchbeachresort.com-0092-2016Redesign;en-US;https://www.inboundlinks.win/InboundLinks/www.monarchbeachresort.com;22725;1;0
Theloganhotel.com-0043-2015Redesign;en-US;http://172.20.0.1:8000/;20218;1;0
Broadmoor.com-0073-2016Redesign;en-US;http://m.facebook.com/;18013;1;0
Montaukyachtclub.com-0010-2014Redesign;en-US;http://m.facebook.com/;2240;1;0
Broadmoor.com-0073-2016Redesign;en-US;http://login.nomadix.com:1111/web/portal.html;16724;1;0
Broadmoor.com-0073-2016Redesign;en-US;http://login.nomadix.com:1111/web/portal.html;16724;1;0
Cocokeyorlando.com-0059-2015Redesign;en-US;https://www.google.com/;12394;1;0
Cocokeyorlando.com-0059-2015Redesign;en-US;https://www.google.com/;12394;1;0
Broadmoor.com-0073-2016Redesign;en-US;https://m.youtube.com/watch;17451;1;0
saddlebrook.com-0011-2014Redesign;en-US;https://www.google.com/;3385;1;0
Longboatkeyclub.com-0104-2017Redesign;en-US;https://www.google.com/;29844;1;0
Luxehotels.com-0078-2016Redesign;en-US;https://www.google.ca/;18830;1;0
Thecrawfordhotel.com-0074-2016Redesign;en-US;https://www.google.com/;17145;1;0
Theharborsidehotel.com-0114-2017Redesign;en-US;https://www.google.com/;37981;1;0
Theharborsidehotel.com-0114-2017Redesign;en-US;https://www.bing.com/;37571;1;0
Jupiterbeachresort.com-0103-2017Redesign;en-US;http://connectivitycheck.gstatic.com/generate_204;28158;1;0
Jupiterbeachresort.com-0103-2017Redesign;en-US;http://connectivitycheck.gstatic.com/generate_204;28158;1;0
Secretharbourvi.com-0040-2015Redesign;en-US;https://teman.com.ua/cars/toyota;9231;1;0
Secretharbourvi.com-0040-2015Redesign;en-US;https://cinemabox.club/moviebox-app/;9231;1;0
Secretharbourvi.com-0040-2015Redesign;en-US;http://films-app.com/plants-vs-zombies-2/;9231;1;0
Secretharbourvi.com-0040-2015Redesign;en-US;http://showboxpc.be/description-app-showbox-and-its-advantage/;9231;1;0
Thelodgeatwoodloch.com-0033-2015Redesign;en-US;https://www.google.com/;7764;1;0
Marriottkeylargo.com-0015-2014Redesign;en-US;http://www.floridakeyswebcams.tv/marriottkeylargobay/;3948;1;0
Thesagamore.com-0112-2017Redesign;en-US;https://www.google.com/;32339;1;0
Broadmoor.com-0073-2016Redesign;en-US;http://login.nomadix.com:1111/web/portal.html;16724;1;0
Broadmoor.com-0073-2016Redesign;en-US;http://login.nomadix.com:1111/web/portal.html;16724;1;0
Cocokeyorlando.com-0059-2015Redesign;en-US;https://www.google.com/;12394;1;0
Galthouse.com-0042-2015Redesign;en-US;https://www.google.com/;31905;1;0
Lidobeachresort.com-0106-2017Redesign;en-US;http://l.facebook.com/l.php;28666;1;0
Cocokeyorlando.com-0059-2015Redesign;en-US;https://www.google.com/;12394;1;0
Galthouse.com-0042-2015Redesign;en-US;https://www.google.com/;31905;1;0
Lidobeachresort.com-0106-2017Redesign;en-US;http://l.facebook.com/l.php;28666;1;0
Glencovemansion.com-0058-2015Redesign;en-US;http://www.google.com/;13330;1;0
Broadmoor.com-0073-2016Redesign;en-US;https://www.google.com/;16721;1;0
Broadmoor.com-0073-2016Redesign;en-US;https://www.google.com/;16721;1;0
Theloganhotel.com-0043-2015Redesign;en-US;https://www.google.com/;20218;1;0
Broadmoor.com-0073-2016Redesign;en-US;https://www.google.com/;20439;1;0
Marriottkeylargo.com-0015-2014Redesign;en-US;http://thecinema.info/;3948;1;0
Marriottkeylargo.com-0015-2014Redesign;en-US;http://thecinema.info/;3948;1;0
Marriottkeylargo.com-0015-2014Redesign;en-US;http://thecinema.info/;3948;1;0
Marriottkeylargo.com-0015-2014Redesign;en-US;http://cinema123.info/;3948;1;0
Marriottkeylargo.com-0015-2014Redesign;en-US;http://cinema123.info/;3948;1;0
Marriottkeylargo.com-0015-2014Redesign;en-US;http://cinema123.info/;3948;1;0
Monarchbeachresort.com-0092-2016Redesign;en-US;https://www.google.com/;22725;1;0
