Broadmoor.com-0073-2016Redesign;en-US;https://www.google.hu/;21858;1;0
Glencovemansion.com-0058-2015Redesign;en-US;https://www.google.com/;13328;1;0
Thesagamore.com-0112-2017Redesign;en-US;https://www.google.com/;32339;1;0
Thesagamore.com-0112-2017Redesign;en-US;https://www.google.com/;32339;1;0
Broadmoor.com-0073-2016Redesign;en-US;http://login.nomadix.com:1111/web/portal.html;16724;1;0
Broadmoor.com-0073-2016Redesign;en-US;http://login.nomadix.com:1111/web/portal.html;16724;1;0
Montaukyachtclub.com-0010-2014Redesign;en-US;https://www.google.com/;2392;1;0
Broadmoor.com-0073-2016Redesign;en-US;https://www.google.com/;16770;1;0
Amzak.com-0023-2014Redesign;en-US;https://www.google.com/;15051;1;0
Montaukyachtclub.com-0010-2014Redesign;en-US;https://www.bing.com/;2240;1;0
Amzak.com-0023-2014Redesign;en-US;https://www.google.com/;7709;1;0
Thecrawfordhotel.com-0074-2016Redesign;en-US;https://www.google.com/;17667;1;0
Thesagamore.com-0112-2017Redesign;en-US;http://l.facebook.com/l.php;32339;1;0
Thesagamore.com-0112-2017Redesign;en-US;http://l.facebook.com/l.php;32339;1;0
Laxembassy.com-0008-2014Redesign;en-US;http://showboxdownloadmovies.com/player-deadbeef-player-pro/;2037;1;0
Thecurtis.com-0079-2016Redesign;en-US;https://www.google.com/;18827;1;0
Edgewaternaples.com-0094-2016Redesign;en-US;https://www.google.com/;25239;1;0
Secretharbourvi.com-0040-2015Redesign;en-US;https://stillmiracle.com/;9231;1;0
Edgewaternaples.com-0094-2016Redesign;en-US;https://www.google.com/;25239;1;0
Secretharbourvi.com-0040-2015Redesign;en-US;https://stillmiracle.com/;9231;1;0
Broadmoor.com-0073-2016Redesign;en-US;https://www.google.com/;18010;1;0
wentworthcom00212014redesign;en-US;https://www.google.com/;4307;1;0
Cendyn.com-0095-2016Redesign;en-US;http://pornolook.net/;26640;1;0
Theloganhotel.com-0043-2015Redesign;en-US;https://www.google.com/;20218;1;0
Cendyn.com-0095-2016Redesign;en-US;http://pornolook.net/;26640;1;0
Jbdukehotel.com-0086-2016Redesign;en-US;https://www.google.com/;21918;1;0
Cendyn.com-0095-2016Redesign;en-US;http://pornolook.net/;26640;1;0
Broadmoor.com-0073-2016Redesign;en-US;http://login.nomadix.com:1111/web/portal.html;16724;1;0
Broadmoor.com-0073-2016Redesign;en-US;http://login.nomadix.com:1111/web/portal.html;16724;1;0
Monarchbeachresort.com-0092-2016Redesign;en-US;https://search.yahoo.com/;22725;1;0
Oxfordclubspa.com-0068-2016Redesign;en-US;http://www.thecrawfordhotel.com/denver-special-offers-deals/;15568;1;0
Secretharbourvi.com-0040-2015Redesign;en-US;https://www.google.com/;9231;1;0
Opalsands.com-0084-2016Redesign;en-US;https://reservations.opalsands.com/opalsands/availability.asp;20792;1;0
Broadmoor.com-0073-2016Redesign;en-US;http://login.nomadix.com:1111/web/portal.html;16724;1;0
Broadmoor.com-0073-2016Redesign;en-US;http://login.nomadix.com:1111/web/portal.html;16724;1;0
Galthouse.com-0042-2015Redesign;en-US;https://www.google.com/;31905;1;0
Galthouse.com-0042-2015Redesign;en-US;https://www.google.com/;31905;1;0
Broadmoor.com-0073-2016Redesign;en-US;https://www.google.com/;18419;1;0
Broadmoor.com-0073-2016Redesign;en-US;https://www.google.com/;16721;1;0
Broadmoor.com-0073-2016Redesign;en-US;https://www.google.com/;16721;1;0
Samosetresort.com-0113-2017Redesign;en-US;https://www.google.com/;35274;1;0
Secretharbourvi.com-0040-2015Redesign;en-US;https://www.google.dk/;9231;1;0
Thesagamore.com-0112-2017Redesign;en-US;https://www.google.com/;33922;1;0
Montaukyachtclub.com-0010-2014Redesign;en-US;http://www.reddit.com/;2240;1;0
Longboatkeyclub.com-0104-2017Redesign;en-US;https://worldcam.eu/webcams/north-america/florida-usa/15728;28317;1;0
Theoxfordhotel.com-0062-2015Redesign;en-US;http://www.google.com/;14325;1;0
