Renaissancepittsburghpa.com-0044-2015Redesign;en-US;https://www.google.com/;9637;1;0
wentworthcom00212014redesign;en-US;https://www.google.com/;4276;1;0
Thelodgeatwoodloch.com-0033-2015Redesign;en-US;https://www.google.com/;7764;1;0
Longboatkeyclub.com-0104-2017Redesign;en-US;https://worldcam.eu/webcams/north-america/florida-usa/15728;28317;1;0
Unionstationhotelnashville.com-0047-2015Redesign;en-US;http://www.google.com/;32226;1;0
Casaybelresort.com-0002-2014Redesign;en-US;https://www.google.com/;1602;1;0
Broadmoor.com-0073-2016Redesign;en-US;https://www.google.com/;17699;1;0
wentworthcom00212014redesign;en-US;https://www.google.com/;4299;1;0
Broadmoor.com-0073-2016Redesign;en-US;https://www.google.com/;16770;1;0
Renaissancepittsburghpa.com-0044-2015Redesign;en-US;https://www.google.com/;9637;1;0
Cphollywoodbeach.com-0032-2015Redesign;en-US;https://www.google.ie/;7831;1;0
Jupiterbeachresort.com-0103-2017Redesign;en-US;http://m.facebook.com/;28158;1;0
Cphollywoodbeach.com-0032-2015Redesign;en-US;https://www.sunny.org/webcam/;7831;1;0
Broadmoor.com-0073-2016Redesign;en-US;https://www.google.com/;16721;1;0
Cphollywoodbeach.com-0032-2015Redesign;en-US;https://www.sunny.org/webcam/;7831;1;0
Casaybelresort.com-0002-2014Redesign;en-US;https://www.google.com/;1613;1;0
Marriottkeylargo.com-0015-2014Redesign;en-US;http://www.fla-keys.com/webcams/marriott-key-largo-bay/;3948;1;0
Marriottkeylargo.com-0015-2014Redesign;en-US;http://www.fla-keys.com/webcams/marriott-key-largo-bay/;3964;1;0
Halcyonhotelcherrycreek.com-0061-2015Redesign;en-US;https://www.google.com/;23287;1;0
Edgewaternaples.com-0094-2016Redesign;en-US;https://www.google.com/;25246;1;0
Broadmoor.com-0073-2016Redesign;en-US;http://m.facebook.com/;18782;1;0
Edgewaternaples.com-0094-2016Redesign;en-US;https://www.google.com/;25246;1;0
Monarchbeachresort.com-0092-2016Redesign;en-US;https://www.google.com/;22725;1;0
Marriottkeylargo.com-0015-2014Redesign;en-US;https://www.google.com/;3964;1;0
Monarchbeachresort.com-0092-2016Redesign;en-US;http://m.facebook.com/;22992;1;0
Cphollywoodbeach.com-0032-2015Redesign;en-US;https://www.sunny.org/webcam/;7831;1;0
Thesagamore.com-0112-2017Redesign;en-US;https://www.google.com/;32347;1;0
Broadmoor.com-0073-2016Redesign;en-US;https://www.google.com/;18259;1;0
Marriottkeylargo.com-0015-2014Redesign;en-US;http://surfinggator.com/florida-keys/live-cams/live-cams.html;3948;1;0
Galthouse.com-0042-2015Redesign;en-US;https://www.google.com/;31905;1;0
Lakeplacidlodge.com-0105-2017Redesign;en-US;https://www.google.ca/;28545;1;0
Lakeplacidlodge.com-0105-2017Redesign;en-US;https://www.google.ca/;28545;1;0
Broadmoor.com-0073-2016Redesign;en-US;https://www.google.com/;16721;1;0
Cphollywoodbeach.com-0032-2015Redesign;en-US;https://www.sunny.org/webcam/;7831;1;0
Jbdukehotel.com-0086-2016Redesign;en-US;https://www.google.com/;21946;1;0
Marriottkeylargo.com-0015-2014Redesign;en-US;http://www.fla-keys.com/webcams/marriott-key-largo-bay/;3948;1;0
Marriottkeylargo.com-0015-2014Redesign;en-US;http://www.fla-keys.com/webcams/marriott-key-largo-bay/;3964;1;0
theweststreethotel.com-0115-2017Redesign;en-US;https://www.google.com/;36683;1;0
Residenceinnlax.com-0026-2014Redesign;en-US;https://www.google.com/;5271;1;0
Cphollywoodbeach.com-0032-2015Redesign;en-US;https://www.sunny.org/webcam/;7831;1;0
Washingtondukeinn.com-0024-2014Redesign;en-US;http://www.goduke.com/;4524;1;0
Opalsands.com-0084-2016Redesign;en-US;https://www.google.com/;20171;1;0
Opalsands.com-0084-2016Redesign;en-US;http://www.beachtourism.com/opalsandsresort/;20171;1;0
Broadmoor.com-0073-2016Redesign;en-US;https://www.google.com/;16764;1;0
Opalsands.com-0084-2016Redesign;en-US;https://www.google.com/;20171;1;0
Broadmoor.com-0073-2016Redesign;en-US;https://www.google.com/;16764;1;0
Washingtondukeinn.com-0024-2014Redesign;en-US;http://www.goduke.com/;4524;1;0
Casaybelresort.com-0002-2014Redesign;en-US;https://www.google.com/;1613;1;0
Samosetresort.com-0113-2017Redesign;en-US;https://www.google.com/;35227;1;0
Luxehotels.com-0078-2016Redesign;en-US;https://www.google.com/;18833;1;0
Thelodgeatwoodloch.com-0033-2015Redesign;en-US;http://www.google.com/;7764;1;0
Broadmoor.com-0073-2016Redesign;en-US;http://login.nomadix.com:1111/web/portal.html;16724;1;0
Broadmoor.com-0073-2016Redesign;en-US;http://login.nomadix.com:1111/web/portal.html;16724;1;0
Cphollywoodbeach.com-0032-2015Redesign;en-US;https://www.sunny.org/webcam/;7831;1;0
Cphollywoodbeach.com-0032-2015Redesign;en-US;https://www.sunny.org/webcam/;7831;1;0
Broadmoor.com-0073-2016Redesign;en-US;http://login.nomadix.com:1111/web/portal.html;16724;1;0
Thesagamore.com-0112-2017Redesign;en-US;https://www.google.com/;32347;1;0
Broadmoor.com-0073-2016Redesign;en-US;https://www.google.com/;16764;1;0
Broadmoor.com-0073-2016Redesign;en-US;http://login.nomadix.com:1111/web/portal.html;16724;1;0
Broadmoor.com-0073-2016Redesign;en-US;https://www.google.com/;16764;1;0
Longboatkeyclub.com-0104-2017Redesign;en-US;android-app://com.google.android.googlequicksearchbox/;28317;1;0
Thesagamore.com-0112-2017Redesign;en-US;https://www.google.com/;33538;1;0
