Broadmoor.com-0073-2016Redesign;en-US;https://www.google.com/;21232;1;0
Lakeplacidlodge.com-0105-2017Redesign;en-US;https://www.google.com/;28545;1;0
shop.broadmoor.com-0096-2016ShoppingCart;en-US;https://www.broadmoor.com/activities/retail/;26973;1;0
Lakeplacidlodge.com-0105-2017Redesign;en-US;https://www.google.com/;28545;1;0
Broadmoor.com-0073-2016Redesign;en-US;https://www.google.com/;16721;1;0
Broadmoor.com-0073-2016Redesign;en-US;https://www.google.com/;16721;1;0
Lakeplacidlodge.com-0105-2017Redesign;en-US;https://www.thesagamore.com/;28545;1;0
Lakeplacidlodge.com-0105-2017Redesign;en-US;https://www.thesagamore.com/;28545;1;0
Broadmoor.com-0073-2016Redesign;en-US;https://www.google.com/;16721;1;0
Denvercy.com-0036-2015Redesign;en-US;https://www.google.co.in/;8150;1;0
Thesagamore.com-0112-2017Redesign;en-US;https://www.google.com/;32339;1;0
Samosetresort.com-0113-2017Redesign;en-US;https://www.google.com/;32541;1;0
Thesagamore.com-0112-2017Redesign;en-US;https://www.google.com/;33444;1;0
Galthouse.com-0042-2015Redesign;en-US;http://m.facebook.com/;31905;1;0
Galthouse.com-0042-2015Redesign;en-US;http://m.facebook.com/;31905;1;0
Thesagamore.com-0112-2017Redesign;en-US;https://www.google.com/;32339;1;0
Chrco.com-0107-2017Redesign;en-US;https://www.google.com/;29280;1;0
Broadmoor.com-0073-2016Redesign;en-US;https://www.google.com/;16721;1;0
Broadmoor.com-0073-2016Redesign;en-US;http://www.chicagonow.com/between-us-parents/2013/06/colorado-springs-family-fun-vacation/;18259;1;0
Broadmoor.com-0073-2016Redesign;en-US;http://login.nomadix.com:1111/web/portal.html;16724;1;0
Sandylane.com-0075-2016Redesign;en-US;https://www.google.com/;17611;1;0
Broadmoor.com-0073-2016Redesign;en-US;http://login.nomadix.com:1111/web/portal.html;16724;1;0
Broadmoor.com-0073-2016Redesign;en-US;https://www.google.com/;16721;1;0
Broadmoor.com-0073-2016Redesign;en-US;https://www.google.com/;18010;1;0
Broadmoor.com-0073-2016Redesign;en-US;http://login.nomadix.com:1111/web/portal.html;16724;1;0
Broadmoor.com-0073-2016Redesign;en-US;http://login.nomadix.com:1111/web/portal.html;16724;1;0
Thesagamore.com-0112-2017Redesign;en-US;https://www.google.com/;32339;1;0
Thesagamore.com-0112-2017Redesign;en-US;https://www.google.com/;32339;1;0
Broadmoor.com-0073-2016Redesign;en-US;http://login.nomadix.com:1111/web/portal.html;16724;1;0
Napavalleymarriott.com-0071-2016Redesign;en-US;https://www.google.com/;16432;1;0
Broadmoor.com-0073-2016Redesign;en-US;http://login.nomadix.com:1111/web/portal.html;16724;1;0
Halcyonhotelcherrycreek.com-0061-2015Redesign;en-US;https://uncrate.com/;22121;1;0
Miravalspamonarchbeach.com-0109-2017Redesign;en-US;https://www.google.com/;34187;1;0
Thesagamore.com-0112-2017Redesign;en-US;https://www.google.com/;32339;1;0
Luxehotels.com-0078-2016Redesign;en-US;https://www.google.com/;18830;1;0
Thesagamore.com-0112-2017Redesign;en-US;https://www.google.com/;32339;1;0
Cocokeyorlando.com-0059-2015Redesign;en-US;https://www.google.com.ph/;12394;1;0
Broadmoor.com-0073-2016Redesign;en-US;https://www.google.com/;16721;1;0
Oxfordclubspa.com-0068-2016Redesign;en-US;http://m.facebook.com/;15568;1;0
Thesagamore.com-0112-2017Redesign;en-US;https://www.google.com/;33466;1;0
Opalsands.com-0084-2016Redesign;en-US;https://www.google.com/;20171;1;0
Halcyonhotelcherrycreek.com-0061-2015Redesign;en-US;http://r.search.yahoo.com/_ylt=AwrTHRMDZrFZ5AcAJzxXNyoA##SEMICOLONDELIMITER##_ylu=X3oDMTByNDZ0aWFxBGNvbG8DZ3ExBHBvcwM2BHZ0aWQDBHNlYwNzcg--/RV=2/RE=1504827012/RO=10/RU=http%3a//www.halcyonhotelcherrycreek.com//RK=1/RS=jGxolmMklwWR3fUIhc35l1en6NE-;22121;1;0
Washingtoncourthotel.com-0076-2016Redesign;en-US;https://www.google.com/;17858;1;0
Broadmoor.com-0073-2016Redesign;en-US;https://www.google.com/;16721;1;0
Broadmoor.com-0073-2016Redesign;en-US;https://www.google.com/;16721;1;0
Washingtondukeinn.com-0024-2014Redesign;en-US;https://www.google.com/;4524;1;0
Broadmoor.com-0073-2016Redesign;en-US;https://www.google.com/;16721;1;0
Washingtondukeinn.com-0024-2014Redesign;en-US;https://www.google.com/;4524;1;0
Montaukyachtclub.com-0010-2014Redesign;en-US;https://www.google.com/;2392;1;0
Saddlebrookprep.com-0022-2014Transfer;en-US;https://www.google.com/;3914;1;0
Broadmoor.com-0073-2016Redesign;en-US;https://duderanch.org/listings/the-broadmoors-ranch-at-emerald-valley;18013;1;0
Galthouse.com-0042-2015Redesign;en-US;https://www.google.com/;10924;1;0
Monarchbeachresort.com-0092-2016Redesign;en-US;http://m.facebook.com/;26800;1;0
Sandylane.com-0075-2016Redesign;en-US;https://www.google.com/;17682;1;0
Samosetresort.com-0113-2017Redesign;en-US;https://www.google.com/;32554;1;0
Cocokeyorlando.com-0059-2015Redesign;en-US;http://www.google.co.uk/;12394;1;0
Cocokeyorlando.com-0059-2015Redesign;en-US;http://www.google.co.uk/;12394;1;0
Sandpearl.com-0091-2016Redesign;en-US;http://captive.apple.com/hotspot-detect.html;22481;1;0
Sandpearl.com-0091-2016Redesign;en-US;http://captive.apple.com/hotspot-detect.html;22481;1;0
Thesagamore.com-0112-2017Redesign;en-US;http://www.google.com/;32340;1;0
Monarchbeachresort.com-0092-2016Redesign;en-US;http://m.facebook.com/;26800;1;0
Cendyn.com-0095-2016Redesign;en-US;https://www.google.com/;26640;1;0
Cocokeyorlando.com-0059-2015Redesign;en-US;https://www.google.es/;12394;1;0
Broadmoor.com-0073-2016Redesign;en-US;https://www.google.com/;16721;1;0
Cocokeyorlando.com-0059-2015Redesign;en-US;https://www.google.com.ph/;12394;1;0
Zotabeachresort.com-0090-2016Redesign;en-US;https://www.google.com/;22357;1;0
theweststreethotel.com-0115-2017Redesign;en-US;http://mainetoday.com/blog/wag-like-local-inside-woof-dog-friendly-bar-harbor-acadia/;36683;1;0
Thesagamore.com-0112-2017Redesign;en-US;https://www.google.com/;32339;1;0
Zotabeachresort.com-0090-2016Redesign;en-US;https://www.google.com/;22412;1;0
