Unionstationhotelnashville.com-0047-2015Redesign;en-US;https://www.google.com/;32226;1;0
Galthouse.com-0042-2015Redesign;en-US;https://www.google.com/;31905;1;0
Galthouse.com-0042-2015Redesign;en-US;https://www.google.com/;31905;1;0
Broadmoor.com-0073-2016Redesign;en-US;https://www.google.com/;18259;1;0
Unionstationhotelnashville.com-0047-2015Redesign;en-US;https://www.google.com/;32226;1;0
Casaybelresort.com-0002-2014Redesign;en-US;http://www.google.com/;1533;1;0
Delraysandsresort.com-0097-2016Redesign;en-US;http://r.search.yahoo.com/_ylt=A0LEVy06CbhZdk4AZgxx.9w4##SEMICOLONDELIMITER##_ylu=X3oDMTByMDgyYjJiBGNvbG8DYmYxBHBvcwMyBHZ0aWQDBHNlYwNzYw--/RV=2/RE=1505262011/RO=10/RU=http%3a//www.delraysandsresort.com//RK=1/RS=EwpsDuOMAmsr1J_5qCs05w9vtFM-;27232;1;0
Cphollywoodbeach.com-0032-2015Redesign;en-US;https://www.bing.com/;7805;1;0
Broadmoor.com-0073-2016Redesign;en-US;http://www.cmzoo.org/index.php/guest-information/plan-your-visit/where-to-stay-and-play/;16721;1;0
Monarchbeachresort.com-0092-2016Redesign;en-US;https://www.google.com/;22725;1;0
Broadmoor.com-0073-2016Redesign;en-US;https://www.google.com/;18259;1;0
Jupiterbeachresort.com-0103-2017Redesign;en-US;http://www.palmbeachpost.com/news/hurricane-irma-these-pbc-hotels-are-open/nR8qH151ZLlcqiUHMY2olJ/;28158;1;0
Casaybelresort.com-0002-2014Redesign;en-US;https://www.google.com/;1613;1;0
Casaybelresort.com-0002-2014Redesign;en-US;https://www.google.com/;1613;1;0
Broadmoor.com-0073-2016Redesign;en-US;https://www.bing.com/;16761;1;0
Theloganhotel.com-0043-2015Redesign;en-US;https://www.google.com/;20218;1;0
Theloganhotel.com-0043-2015Redesign;en-US;https://www.google.com/;36893;1;0
Luxehotels.com-0078-2016Redesign;en-US;https://www.google.com/;18831;1;0
Broadmoor.com-0073-2016Redesign;en-US;http://www.cmzoo.org/index.php/guest-information/plan-your-visit/where-to-stay-and-play/;16721;1;0
Thecurtis.com-0079-2016Redesign;en-US;https://www.google.com/;17981;1;0
Edgewaternaples.com-0094-2016Redesign;en-US;https://www.google.com/;25239;1;0
Broadmoor.com-0073-2016Redesign;en-US;https://www.google.ie/;16721;1;0
Miravalspamonarchbeach.com-0109-2017Redesign;en-US;http://www.monarchbeachresort.com/;31709;1;0
Broadmoor.com-0073-2016Redesign;en-US;https://www.google.ie/;16721;1;0
Monarchbeachresort.com-0092-2016Redesign;en-US;https://www.google.com/;22725;1;0
Washingtoncourthotel.com-0076-2016Redesign;en-US;https://www.bing.com/;17858;1;0
Washingtondukeinn.com-0024-2014Redesign;en-US;https://www.bing.com/;4741;1;0
Thesagamore.com-0112-2017Redesign;en-US;https://www.google.com/;32339;1;0
Jbdukehotel.com-0086-2016Redesign;en-US;https://www.google.com/;21918;1;0
theweststreethotel.com-0115-2017Redesign;en-US;https://www.bing.com/;36683;1;0
Monarchbeachresort.com-0092-2016Redesign;en-US;https://www.bing.com/;22725;1;0
Edgewaternaples.com-0094-2016Redesign;en-US;http://www.johnnyjet.com/5-picks-from-the-emerging-restaurant-scene-in-naples-florida/;25239;1;0
Edgewaternaples.com-0094-2016Redesign;en-US;http://www.johnnyjet.com/5-picks-from-the-emerging-restaurant-scene-in-naples-florida/;25239;1;0
Longboatkeyclub.com-0104-2017Redesign;en-US;https://worldcam.eu/webcams/north-america/florida-usa/15728;28317;1;0
Broadmoor.com-0073-2016Redesign;en-US;https://www.google.com/;18259;1;0
Theloganhotel.com-0043-2015Redesign;en-US;https://www.bing.com/;9125;1;0
Longboatkeyclub.com-0104-2017Redesign;en-US;https://www.google.com/;28364;1;0
Longboatkeyclub.com-0104-2017Redesign;en-US;https://www.google.com/;28364;1;0
Galthouse.com-0042-2015Redesign;en-US;http://m.facebook.com/;31905;1;0
Casaybelresort.com-0002-2014Redesign;en-US;https://www.google.se/;1533;1;0
Galthouse.com-0042-2015Redesign;en-US;http://m.facebook.com/;31905;1;0
Halcyonhotelcherrycreek.com-0061-2015Redesign;en-US;http://l.instagram.com/;41221;1;0
Broadmoor.com-0073-2016Redesign;en-US;https://www.google.com/;16721;1;0
Jbdukehotel.com-0086-2016Redesign;en-US;https://www.bing.com/;21921;1;0
