Sandylane.com-0075-2016Redesign;en-US;https://www.google.com/;17611;1;0
Sandpearl.com-0091-2016Redesign;en-US;https://www.tripadvisor.com/Hotel_Review-g34141-d10632874-Reviews-or15-Wyndham_Grand_Clearwater_Beach_Resort-Clearwater_Florida.html;22481;1;0
theweststreethotel.com-0115-2017Redesign;en-US;https://r.search.yahoo.com/_ylt=AwrBT7nSQ7NZ_p4AcgxXNyoA##SEMICOLONDELIMITER##_ylu=X3oDMTExaWVyM3B1BGNvbG8DYmYxBHBvcwMxBHZ0aWQDREZENl8xBHNlYwNzcg--/RV=2/RE=1504949331/RO=10/RU=https%3a//theweststreethotel.com//RK=1/RS=61sRs51qldjoi82lzi8QA30Tw4g-;36683;1;0
Monarchbeachresort.com-0092-2016Redesign;en-US;http://www.rngcoalition.com/rng-2017-conference/;22877;1;0
Cphollywoodbeach.com-0032-2015Redesign;en-US;https://www.google.ca/;7831;1;0
Thesagamore.com-0112-2017Redesign;en-US;https://www.google.com/;32339;1;0
Thesagamore.com-0112-2017Redesign;en-US;https://www.google.com/;32339;1;0
Theoxfordhotel.com-0062-2015Redesign;en-US;https://www.google.com/;14346;1;0
Delraysandsresort.com-0097-2016Redesign;en-US;https://r.search.yahoo.com/_ylt=AwrBT80DQrNZ7UIAVYPBGOd_##SEMICOLONDELIMITER##_ylu=X3oDMTByOHZyb21tBGNvbG8DYmYxBHBvcwMxBHZ0aWQDBHNlYwNzcg--/RV=2/RE=1504948867/RO=10/RU=https%3a//www.delraysandsresort.com//RK=1/RS=wOWafxMyXmVMkftlvyqpGNokzcg-;27232;1;0
Thesagamore.com-0112-2017Redesign;en-US;https://r.search.yahoo.com/_ylt=AwrBTznlQ7NZyl8A35px.9w4##SEMICOLONDELIMITER##_ylu=X3oDMTByOHZyb21tBGNvbG8DYmYxBHBvcwMxBHZ0aWQDBHNlYwNzcg--/RV=2/RE=1504949349/RO=10/RU=https%3a//www.thesagamore.com/accommodations//RK=1/RS=kRnrGax1MZP327haxZrRTHKrzsE-;32351;1;0
Cphollywoodbeach.com-0032-2015Redesign;en-US;https://www.sunny.org/webcam/;7831;1;0
Broadmoor.com-0073-2016Redesign;en-US;https://www.bing.com/;22720;1;0
Monarchbeachresort.com-0092-2016Redesign;en-US;http://m.facebook.com/;22992;1;0
Longboatkeyclub.com-0104-2017Redesign;en-US;https://www.google.com/;28364;1;0
Longboatkeyclub.com-0104-2017Redesign;en-US;https://www.google.com/;28364;1;0
Broadmoor.com-0073-2016Redesign;en-US;https://www.google.com/;18259;1;0
Monarchbeachresort.com-0092-2016Redesign;en-US;http://m.facebook.com/;22992;1;0
Casaybelresort.com-0002-2014Redesign;en-US;http://r.search.yahoo.com/_ylt=A0LEVvXoQ7NZYFwAGv8PxQt.##SEMICOLONDELIMITER##_ylu=X3oDMTByOHZyb21tBGNvbG8DYmYxBHBvcwMxBHZ0aWQDBHNlYwNzcg--/RV=2/RE=1504949352/RO=10/RU=http%3a//www.casaybelresort.com//RK=1/RS=ua4zYu3ETRm6FVx_T4_QHjHqMUY-;1533;1;0
Broadmoor.com-0073-2016Redesign;en-US;https://www.google.com/;18259;1;0
Secretharbourvi.com-0040-2015Redesign;en-US;https://www.weddingwire.com/biz/secret-harbour-beach-resort-st-thomas/1e773416c4d70266.html;9231;1;0
Residenceinnnyc.com-0034-2015Redesign;en-US;https://www.google.com/;7926;1;0
Casaybelresort.com-0002-2014Redesign;en-US;https://www.google.com/;1613;1;0
Thecrawfordhotel.com-0074-2016Redesign;en-US;https://www.google.com/;17145;1;0
Casaybelresort.com-0002-2014Redesign;en-US;https://www.google.com/;1768;1;0
Abbingtonbanquets.com-0070-2016Redesign;en-US;https://www.google.com/;15789;1;0
Cocokeyorlando.com-0059-2015Redesign;en-US;https://www.google.com.co/;12394;1;0
Monarchbeachresort.com-0092-2016Redesign;en-US;http://www.rngcoalition.com/rng-2017-conference/;22877;1;0
Broadmoor.com-0073-2016Redesign;en-US;https://www.tripadvisor.com/Attractions-g33364-Activities-Colorado_Springs_El_Paso_County_Colorado.html;17443;1;0
Broadmoor.com-0073-2016Redesign;en-US;http://www.cvent.com/events/2017-national-education-conference/travel-961bb7713718443681a31c3d378aed61.aspx;16721;1;0
Galthouse.com-0042-2015Redesign;en-US;https://www.search.com/;12887;1;0
Broadmoor.com-0073-2016Redesign;en-US;http://www.cvent.com/events/2017-national-education-conference/travel-961bb7713718443681a31c3d378aed61.aspx;16721;1;0
Opalsands.com-0084-2016Redesign;en-US;http://www.bing.com/;20171;1;0
Marriottkeylargo.com-0015-2014Redesign;en-US;http://www.google.com/;3948;1;0
Opalsands.com-0084-2016Redesign;en-US;http://www.bing.com/;20171;1;0
Broadmoor.com-0073-2016Redesign;en-US;https://www.google.com/;16721;1;0
Washingtoncourthotel.com-0076-2016Redesign;en-US;https://www.google.com/;17858;1;0
Cphollywoodbeach.com-0032-2015Redesign;en-US;https://www.sunny.org/webcam/;7831;1;0
Sandylane.com-0075-2016Redesign;en-US;http://www.travelandleisure.com/travel-guide/st-james/hotels/sandy-lane;17611;1;0
Miravalspamonarchbeach.com-0109-2017Redesign;en-US;http://www.monarchbeachresort.com/;33978;1;0
