Napavalleymarriott.com-0071-2016Redesign;en-US;https://www.google.com/;16432;1;0
Longboatkeyclub.com-0104-2017Redesign;en-US;http://www.tennisresortsonline.com/trofiles/longboat-key-club-and-resort.cfm;29874;1;0
Longboatkeyclub.com-0104-2017Redesign;en-US;http://www.tennisresortsonline.com/trofiles/longboat-key-club-and-resort.cfm;29874;1;0
Thesagamore.com-0112-2017Redesign;en-US;https://www.google.com/;32339;1;0
Broadmoor.com-0073-2016Redesign;en-US;https://www.google.com/;16796;1;0
Broadmoor.com-0073-2016Redesign;en-US;http://www.cograilway.com/faq.asp;18259;1;0
Broadmoor.com-0073-2016Redesign;en-US;http://login.nomadix.com:1111/web/portal.html;16724;1;0
Thelodgeatwoodloch.com-0033-2015Redesign;en-US;https://www.poconomountains.com/listings/the-lodge-at-woodloch/3118/;7764;1;0
Monarchbeachresort.com-0092-2016Redesign;en-US;https://www.google.com/;22725;1;0
saddlebrook.com-0011-2014Redesign;en-US;http://www.google.com/;3385;1;0
Theoxfordhotel.com-0062-2015Redesign;en-US;https://www.google.com/;14325;1;0
Broadmoor.com-0073-2016Redesign;en-US;http://login.nomadix.com:1111/web/portal.html;16724;1;0
Broadmoor.com-0073-2016Redesign;en-US;https://www.google.com/;16768;1;0
Thelodgeatwoodloch.com-0033-2015Redesign;en-US;https://www.google.com/;7782;1;0
Homewoodsuiteslax.com-0110-2017Redesign;en-US;https://www.google.com/;30747;1;0
wentworthcom00212014redesign;en-US;https://www.google.com/;26679;1;0
wentworthcom00212014redesign;en-US;https://www.google.com/;4259;1;0
Halcyonhotelcherrycreek.com-0061-2015Redesign;en-US;https://www.denver.org/denver-hotels/;22121;1;0
Washingtoncourthotel.com-0076-2016Redesign;en-US;https://www.google.com/;17858;1;0
Broadmoor.com-0073-2016Redesign;en-US;http://login.nomadix.com:1111/web/portal.html;16724;1;0
Broadmoor.com-0073-2016Redesign;en-US;http://login.nomadix.com:1111/web/portal.html;16724;1;0
Monarchbeachresort.com-0092-2016Redesign;en-US;https://www.bing.com/;22725;1;0
Thesagamore.com-0112-2017Redesign;en-US;https://www.google.com/;32339;1;0
Thesagamore.com-0112-2017Redesign;en-US;https://www.google.com/;32339;1;0
wentworthcom00212014redesign;en-US;https://en.wikipedia.org/;26679;1;0
Sandylane.com-0075-2016Redesign;en-US;http://worldgolfawards.com/winners/2016;17611;1;0
Sandylane.com-0075-2016Redesign;en-US;http://worldgolfawards.com/winners/2016;17611;1;0
Delraysandsresort.com-0097-2016Redesign;en-US;http://www.bocaata.com/tournament.html;27232;1;0
Broadmoor.com-0073-2016Redesign;en-US;https://www.google.com/;16721;1;0
