theweststreethotel.com-0115-2017Redesign;en-US;http://search.tb.ask.com/search/GGmain.jhtml;36683;1;0
Residenceinnlax.com-0026-2014Redesign;en-US;https://www.google.com/;5518;1;0
Broadmoor.com-0073-2016Redesign;en-US;https://www.google.com/;16721;1;0
Edgewaternaples.com-0094-2016Redesign;en-US;https://www.google.com/;25246;1;0
Broadmoor.com-0073-2016Redesign;en-US;https://www.google.com/;16721;1;0
Thesagamore.com-0112-2017Redesign;en-US;https://www.google.com/;33444;1;0
Marriottkeylargo.com-0015-2014Redesign;en-US;http://surfinggator.com/florida-keys/live-cams/live-cams.html;3948;1;0
Samosetresort.com-0113-2017Redesign;en-US;android-app://com.google.android.googlequicksearchbox/;32541;1;0
Unionstationhotelnashville.com-0047-2015Redesign;en-US;http://www.google.com/;32226;1;0
Oxfordclubspa.com-0068-2016Redesign;en-US;http://m.facebook.com/;15568;1;0
Lakeplacidlodge.com-0105-2017Redesign;en-US;http://xn--e1alcivt.xn--p1ai/bytovoy-pasterizator-moloka-yavlyayetsya-prostym-dvustennym-pasterizatorom;28545;1;0
Lakeplacidlodge.com-0105-2017Redesign;en-US;http://www.nail-artmaster.ru/shop.php;28545;1;0
Lakeplacidlodge.com-0105-2017Redesign;en-US;https://fabrika-schastya.moscow/polumesjats;28545;1;0
Casaybelresort.com-0002-2014Redesign;en-US;https://www.google.com/;1613;1;0
Halcyonhotelcherrycreek.com-0061-2015Redesign;en-US;https://www.google.com/;22121;1;0
Cphollywoodbeach.com-0032-2015Redesign;en-US;https://www.sunny.org/webcam/;7831;1;0
Broadmoor.com-0073-2016Redesign;en-US;http://login.nomadix.com:1111/web/portal.html;16724;1;0
Broadmoor.com-0073-2016Redesign;en-US;http://login.nomadix.com:1111/web/portal.html;16724;1;0
Broadmoor.com-0073-2016Redesign;en-US;http://tpc.googlesyndication.com/safeframe/1-0-10/html/container.html;16728;1;0
Cphollywoodbeach.com-0032-2015Redesign;en-US;https://www.sunny.org/webcam/;7831;1;0
Galthouse.com-0042-2015Redesign;en-US;https://www.google.com/;31905;1;0
Galthouse.com-0042-2015Redesign;en-US;https://www.google.com/;31905;1;0
Cphollywoodbeach.com-0032-2015Redesign;en-US;https://www.sunny.org/webcam/;7831;1;0
Marriottkeylargo.com-0015-2014Redesign;en-US;http://www.beachcamsusa.com/fl/key-largo/key-largo-marriott-bay-resort-live-webcam;3948;1;0
Marriottkeylargo.com-0015-2014Redesign;en-US;http://www.beachcamsusa.com/fl/key-largo/key-largo-marriott-bay-resort-live-webcam;3964;1;0
wentworthcom00212014redesign;en-US;http://www.ophotels.com/locator/;26679;1;0
Marriottkeylargo.com-0015-2014Redesign;en-US;http://www.ophotels.com/locator/;3948;1;0
Marriottdelraybeach.com-0009-2014Redesign;en-US;http://www.ophotels.com/locator/;2829;1;0
Delraysandsresort.com-0097-2016Redesign;en-US;http://www.ophotels.com/locator/;27232;1;0
Lakeplacidlodge.com-0105-2017Redesign;en-US;http://www.ophotels.com/locator/;28545;1;0
Thesagamore.com-0112-2017Redesign;en-US;http://www.ophotels.com/locator/;32339;1;0
Lidobeachresort.com-0106-2017Redesign;en-US;http://www.ophotels.com/locator/;28666;1;0
Longboatkeyclub.com-0104-2017Redesign;en-US;http://www.ophotels.com/locator/;35641;1;0
Theharborsidehotel.com-0114-2017Redesign;en-US;http://www.ophotels.com/locator/;37571;1;0
Jupiterbeachresort.com-0103-2017Redesign;en-US;http://www.ophotels.com/locator/;28158;1;0
theweststreethotel.com-0115-2017Redesign;en-US;http://www.ophotels.com/locator/;36683;1;0
Cphollywoodbeach.com-0032-2015Redesign;en-US;https://www.sunny.org/webcam/;7831;1;0
Glencovemansion.com-0058-2015Redesign;en-US;https://omoikiri-japan.ru/;13328;1;0
Glencovemansion.com-0058-2015Redesign;en-US;https://omoikiri-japan.ru/;13328;1;0
Glencovemansion.com-0058-2015Redesign;en-US;https://omoikiri-japan.ru/;13328;1;0
Broadmoor.com-0073-2016Redesign;en-US;https://www.google.com/;16761;1;0
Marriottkeylargo.com-0015-2014Redesign;en-US;https://www.lookr.com/lookout/1397936517;3948;1;0
Thelodgeatwoodloch.com-0033-2015Redesign;en-US;https://www.google.com/;7764;1;0
Marriottkeylargo.com-0015-2014Redesign;en-US;http://www.beachcamsusa.com/fl/key-largo/key-largo-marriott-bay-resort-live-webcam;3948;1;0
Marriottkeylargo.com-0015-2014Redesign;en-US;http://www.beachcamsusa.com/fl/key-largo/key-largo-marriott-bay-resort-live-webcam;3964;1;0
Cphollywoodbeach.com-0032-2015Redesign;en-US;https://www.sunny.org/webcam/;7831;1;0
Lakeplacidlodge.com-0105-2017Redesign;en-US;https://www.google.ca/;28545;1;0
wentworthcom00212014redesign;en-US;https://www.bing.com/;4306;1;0
Samosetresort.com-0113-2017Redesign;en-US;https://www.google.com/;32541;1;0
Samosetresort.com-0113-2017Redesign;en-US;https://www.google.com/;32541;1;0
Cphollywoodbeach.com-0032-2015Redesign;en-US;https://www.sunny.org/webcam/;7831;1;0
Longboatkeyclub.com-0104-2017Redesign;en-US;https://www.worldcam.pl/kamery/ameryka-polnocna/floryda-usa/15728;28317;1;0
Glencovemansion.com-0058-2015Redesign;en-US;android-app://com.google.android.googlequicksearchbox/;13328;1;0
Cphollywoodbeach.com-0032-2015Redesign;en-US;https://www.sunny.org/webcam/;7831;1;0
Thesagamore.com-0112-2017Redesign;en-US;https://www.google.com/;33476;1;0
Cphollywoodbeach.com-0032-2015Redesign;en-US;https://www.sunny.org/webcam/;7831;1;0
Broadmoor.com-0073-2016Redesign;en-US;http://login.nomadix.com:1111/web/portal.html;16724;1;0
Broadmoor.com-0073-2016Redesign;en-US;http://login.nomadix.com:1111/web/portal.html;16724;1;0
Cphollywoodbeach.com-0032-2015Redesign;en-US;https://www.sunny.org/webcam/;7831;1;0
Lidobeachresort.com-0106-2017Redesign;en-US;https://duckduckgo.com/;28666;1;0
Marriottkeylargo.com-0015-2014Redesign;en-US;http://eesti.spb.ru/ru/istoriya-estonii.html;3948;1;0
Marriottkeylargo.com-0015-2014Redesign;en-US;http://refmarket.ru/vendor.php;3948;1;0
Marriottkeylargo.com-0015-2014Redesign;en-US;http://www.v-doroguspb.ru/shop.php;3948;1;0
Marriottkeylargo.com-0015-2014Redesign;en-US;https://imedservice.com/program/adenoma-gipofiza/nejroreabilitatsiya-31/;3948;1;0
Marriottkeylargo.com-0015-2014Redesign;en-US;https://fixup.ua/zapchasti/apple;3948;1;0
Unionstationhotelnashville.com-0047-2015Redesign;en-US;https://www.google.com/;32226;1;0
Unionstationhotelnashville.com-0047-2015Redesign;en-US;http://www.google.com/;32226;1;0
Montaukyachtclub.com-0010-2014Redesign;en-US;https://www.google.com/;2392;1;0
Marriottkeylargo.com-0015-2014Redesign;en-US;http://www.fla-keys.com/webcams/marriott-key-largo-bay/;3948;1;0
Marriottkeylargo.com-0015-2014Redesign;en-US;http://www.fla-keys.com/webcams/marriott-key-largo-bay/;3964;1;0
Marriottkeylargo.com-0015-2014Redesign;en-US;http://4seasons.kz/index.php;3948;1;0
Broadmoor.com-0073-2016Redesign;en-US;https://s0.2mdn.net/ads/richmedia/studio/pv2/60303817/20170816165225366/index.html;18010;1;0
Cphollywoodbeach.com-0032-2015Redesign;en-US;https://www.google.com/;7831;1;0
Cphollywoodbeach.com-0032-2015Redesign;en-US;https://www.sunny.org/webcam/;7831;1;0
Sandylane.com-0075-2016Redesign;en-US;https://www.google.co.uk/;17712;1;0
Monarchbeachresort.com-0092-2016Redesign;en-US;https://www.google.com/;23048;1;0
Thesagamore.com-0112-2017Redesign;en-US;https://www.google.com/;33444;1;0
Broadmoor.com-0073-2016Redesign;en-US;http://tpc.googlesyndication.com/safeframe/1-0-10/html/container.html;16728;1;0
Washingtondukeinn.com-0024-2014Redesign;en-US;https://www.google.com/;4579;1;0
