Broadmoor.com-0073-2016Redesign;en-US;https://search.yahoo.com/;18259;1;0
Theharborsidehotel.com-0114-2017Redesign;en-US;http://www.google.com/;37571;1;0
Longboatkeyclub.com-0104-2017Redesign;en-US;https://www.google.com/;28332;1;0
Thesagamore.com-0112-2017Redesign;en-US;https://www.google.com/;36207;1;0
Cphollywoodbeach.com-0032-2015Redesign;en-US;https://www.google.ca/;7831;1;0
Broadmoor.com-0073-2016Redesign;en-US;http://m.facebook.com/;16764;1;0
Secretharbourvi.com-0040-2015Redesign;en-US;http://r.search.yahoo.com/_ylt=A0LEVv77RbNZkBwA1yY3nIlQ##SEMICOLONDELIMITER##_ylu=X3oDMTByMG04Z2o2BHNlYwNzcgRwb3MDMQRjb2xvA2JmMQR2dGlkAw--/RV=2/RE=1504949883/RO=10/RU=http%3a//www.secretharbourvi.com//RK=1/RS=_7swVrVFGUd.fIOjmp4IHHfrLjM-;9231;1;0
Broadmoor.com-0073-2016Redesign;en-US;https://www.google.com/;16721;1;0
saddlebrook.com-0011-2014Redesign;en-US;https://www.google.com/;4538;1;0
Edgewaternaples.com-0094-2016Redesign;en-US;https://www.google.com/;25239;1;0
Halcyonhotelcherrycreek.com-0061-2015Redesign;en-US;http://www.google.com/;23287;1;0
Edgewaternaples.com-0094-2016Redesign;en-US;https://www.google.com/;25239;1;0
Monarchbeachresort.com-0092-2016Redesign;en-US;http://m.facebook.com/;22992;1;0
Thelodgeatwoodloch.com-0033-2015Redesign;en-US;http://m.facebook.com/;7764;1;0
Opalsands.com-0084-2016Redesign;en-US;http://asafishing.org/take-advantage-early-bird-2017-summit-registration-hotel-reservations/;20171;1;0
Thelodgeatwoodloch.com-0033-2015Redesign;en-US;https://www.google.com/;7764;1;0
Broadmoor.com-0073-2016Redesign;en-US;https://www.bing.com/;16721;1;0
Broadmoor.com-0073-2016Redesign;en-US;https://www.google.com/;18259;1;0
Opalsands.com-0084-2016Redesign;en-US;http://www.beachtourism.com/opalsandsresort/;20171;1;0
Hospitalityupgrade.com-0093-2016Redesign;en-US;http://3210.client.cendyn.com/_vendors/vendors_report.asp;25405;1;0
Edgewaternaples.com-0094-2016Redesign;en-US;http://www.baidu.com/;25239;1;0
Edgewaternaples.com-0094-2016Redesign;en-US;http://www.baidu.com/;25239;1;0
Longboatkeyclub.com-0104-2017Redesign;en-US;https://www.google.com/;28332;1;0
Abbingtonbanquets.com-0070-2016Redesign;en-US;https://www.bing.com/;15789;1;0
Abbingtonbanquets.com-0070-2016Redesign;en-US;http://www.google.com/;15795;1;0
Marriottkeylargo.com-0015-2014Redesign;en-US;http://surfinggator.com/florida-keys/live-cams/live-cams.html;3948;1;0
Monarchbeachresort.com-0092-2016Redesign;en-US;https://www.google.com/;23644;1;0
Marriottdelraybeach.com-0009-2014Redesign;en-US;https://www.google.com/;2845;1;0
Longboatkeyclub.com-0104-2017Redesign;en-US;https://www.google.com/;28316;1;0
Renaissancepittsburghpa.com-0044-2015Redesign;en-US;http://www.jackplusbean.com/;9637;1;0
Thecurtis.com-0079-2016Redesign;en-US;https://search.yahoo.com/;17981;1;0
Thesagamore.com-0112-2017Redesign;en-US;https://www.google.com/;32339;1;0
Thesagamore.com-0112-2017Redesign;en-US;https://www.google.com/;32339;1;0
Broadmoor.com-0073-2016Redesign;en-US;https://www.google.com/;16722;1;0
Broadmoor.com-0073-2016Redesign;en-US;http://www.google.com/;18206;1;0
