Cphollywoodbeach.com-0032-2015Redesign;en-US;https://www.google.ca/;7805;1;0
Thesagamore.com-0112-2017Redesign;en-US;https://www.bing.com/;32347;1;0
Broadmoor.com-0073-2016Redesign;en-US;https://www.google.com/;18259;1;0
Cocokeyorlando.com-0059-2015Redesign;en-US;http://www.google.com/;12394;1;0
Cocokeyorlando.com-0059-2015Redesign;en-US;http://www.google.com/;12394;1;0
Broadmoor.com-0073-2016Redesign;en-US;http://tpc.googlesyndication.com/safeframe/1-0-10/html/container.html;16728;1;0
Amzak.com-0023-2014Redesign;en-US;https://www.google.com/;3745;1;0
Samosetresort.com-0113-2017Redesign;en-US;https://www.google.com/;35144;1;0
Broadmoor.com-0073-2016Redesign;en-US;https://www.google.com/;16728;1;0
Jupiterbeachresort.com-0103-2017Redesign;en-US;https://www.google.com/;28213;1;0
Sandpearl.com-0091-2016Redesign;en-US;https://www.google.com/;22488;1;0
Broadmoor.com-0073-2016Redesign;en-US;https://l.facebook.com/l.php;18014;1;0
Napavalleymarriott.com-0071-2016Redesign;en-US;https://www.google.com/;16432;1;0
Renaissancepittsburghpa.com-0044-2015Redesign;en-US;https://www.google.com/;9637;1;0
Monarchbeachresort.com-0092-2016Redesign;en-US;http://m.facebook.com/;22862;1;0
Longboatkeyclub.com-0104-2017Redesign;en-US;https://www.google.co.uk/;28316;1;0
Montaukyachtclub.com-0010-2014Redesign;en-US;https://www.google.com/;3554;1;0
Thesagamore.com-0112-2017Redesign;en-US;http://www.google.com/;32339;1;0
Thesagamore.com-0112-2017Redesign;en-US;http://www.google.com/;32339;1;0
Montaukyachtclub.com-0010-2014Redesign;en-US;http://staceyandbryan.com/accommodations;2240;1;0
Washingtondukeinn.com-0024-2014Redesign;en-US;https://www.google.com/;4524;1;0
Broadmoor.com-0073-2016Redesign;en-US;https://www.google.com/;18259;1;0
Galthouse.com-0042-2015Redesign;en-US;https://googleads.g.doubleclick.net/pagead/ads;31905;1;0
Jupiterbeachresort.com-0103-2017Redesign;en-US;https://www.google.com/;28158;1;0
Broadmoor.com-0073-2016Redesign;en-US;https://www.google.com/;16721;1;0
Sandpearl.com-0091-2016Redesign;en-US;https://www.google.com/;22532;1;0
Jupiterbeachresort.com-0103-2017Redesign;en-US;https://www.google.com/;28158;1;0
Cendyn.com-0095-2016Redesign;en-US;https://www.google.com.au/;26640;1;0
Thesagamore.com-0112-2017Redesign;en-US;https://www.google.com/;32347;1;0
Cocokeyorlando.com-0059-2015Redesign;en-US;http://www.google.com/;12394;1;0
Sandpearl.com-0091-2016Redesign;en-US;https://www.google.com/;22481;1;0
Luxehotels.com-0078-2016Redesign;en-US;https://www.google.com/;18833;1;0
Miravalspamonarchbeach.com-0109-2017Redesign;en-US;http://www.monarchbeachresort.com/;31709;1;0
Cphollywoodbeach.com-0032-2015Redesign;en-US;https://www.sunny.org/webcam/;7831;1;0
Broadmoor.com-0073-2016Redesign;en-US;https://www.google.com/;16738;1;0
Broadmoor.com-0073-2016Redesign;en-US;http://m.facebook.com/;18014;1;0
Broadmoor.com-0073-2016Redesign;en-US;http://m.facebook.com/;18010;1;0
Cphollywoodbeach.com-0032-2015Redesign;en-US;https://www.sunny.org/webcam/;7831;1;0
Cphollywoodbeach.com-0032-2015Redesign;en-US;https://www.sunny.org/webcam/;7831;1;0
