Samosetresort.com-0113-2017Redesign;en-US;https://www.bing.com/;32541;1;0
Samosetresort.com-0113-2017Redesign;en-US;https://www.bing.com/;32541;1;0
Galthouse.com-0042-2015Redesign;en-US;https://www.bing.com/;31905;1;0
Theoxfordhotel.com-0062-2015Redesign;en-US;https://www.google.com/;14325;1;0
Galthouse.com-0042-2015Redesign;en-US;https://www.bing.com/;31905;1;0
Longboatkeyclub.com-0104-2017Redesign;en-US;https://www.google.com/;28390;1;0
Sandylane.com-0075-2016Redesign;en-US;https://www.google.com/;17611;1;0
Washingtoncourthotel.com-0076-2016Redesign;en-US;https://www.google.co.uk/;17858;1;0
Broadmoor.com-0073-2016Redesign;en-US;https://www.google.com/;18259;1;0
Broadmoor.com-0073-2016Redesign;en-US;https://www.google.com/;16796;1;0
Broadmoor.com-0073-2016Redesign;en-US;http://m.facebook.com/;18259;1;0
Zotabeachresort.com-0090-2016Redesign;en-US;https://www.google.com/;22357;1;0
Zotabeachresort.com-0090-2016Redesign;en-US;https://www.google.com/;22357;1;0
Samosetresort.com-0113-2017Redesign;en-US;https://www.google.com/;35231;1;0
Samosetresort.com-0113-2017Redesign;en-US;https://www.google.com/;32541;1;0
Samosetresort.com-0113-2017Redesign;en-US;https://www.google.com/;32541;1;0
Sandpearl.com-0091-2016Redesign;en-US;https://www.google.com/;22481;1;0
Broadmoor.com-0073-2016Redesign;en-US;http://tpc.googlesyndication.com/safeframe/1-0-10/html/container.html;16728;1;0
Sandpearl.com-0091-2016Redesign;en-US;https://www.google.com/;22481;1;0
Sandpearl.com-0091-2016Redesign;en-US;https://www.google.com/;22481;1;0
Sandpearl.com-0091-2016Redesign;en-US;https://www.google.com/;22550;1;0
Opalsands.com-0084-2016Redesign;en-US;http://fernandoandmonica.com/accommodations;20171;1;0
Opalsands.com-0084-2016Redesign;en-US;http://fernandoandmonica.com/accommodations;20171;1;0
Thecrawfordhotel.com-0074-2016Redesign;en-US;https://www.google.com/;17145;1;0
Broadmoor.com-0073-2016Redesign;en-US;http://login.nomadix.com:1111/web/portal.html;16724;1;0
Broadmoor.com-0073-2016Redesign;en-US;http://login.nomadix.com:1111/web/portal.html;16724;1;0
Thecurtis.com-0079-2016Redesign;en-US;https://www.google.it/;17981;1;0
Broadmoor.com-0073-2016Redesign;en-US;http://login.nomadix.com:1111/web/portal.html;16724;1;0
Cphollywoodbeach.com-0032-2015Redesign;en-US;http://www.chesapeakehospitality.com/portfolio/crowne-plaza-hollywood-beach-resort-;7805;1;0
Thesagamore.com-0112-2017Redesign;en-US;https://www.google.com/;32339;1;0
Galthouse.com-0042-2015Redesign;en-US;https://www.google.com/;26639;1;0
Thesagamore.com-0112-2017Redesign;en-US;https://www.google.com/;32339;1;0
wentworthcom00212014redesign;en-US;https://www.pinterest.com/pin/491596115550993234/;4253;1;0
wentworthcom00212014redesign;en-US;https://www.pinterest.com/pin/491596115550993234/;26679;1;0
Thesagamore.com-0112-2017Redesign;en-US;https://www.google.com/;32339;1;0
Thelodgeatwoodloch.com-0033-2015Redesign;en-US;https://www.google.com/;7764;1;0
Theloganhotel.com-0043-2015Redesign;en-US;https://l.facebook.com/;9118;1;0
