Thelodgeatwoodloch.com-0033-2015Redesign;en-US;https://www.poconomountains.com/listings/the-lodge-at-woodloch/3118/;7764;1;0
Broadmoor.com-0073-2016Redesign;en-US;http://m.facebook.com/;18013;1;0
Broadmoor.com-0073-2016Redesign;en-US;https://www.google.com/;16721;1;0
Broadmoor.com-0073-2016Redesign;en-US;https://www.google.com/;16721;1;0
Casaybelresort.com-0002-2014Redesign;en-US;http://www.google.com/;1533;1;0
Denvercy.com-0036-2015Redesign;en-US;https://www.google.com/;8150;1;0
Amzak.com-0023-2014Redesign;en-US;https://www.google.com/;3739;1;0
Broadmoor.com-0073-2016Redesign;en-US;http://www.travelandleisure.com/trip-ideas/nature-travel/napali-coast-state-wilderness-park-hawaii-hikes;16728;1;0
Cphollywoodbeach.com-0032-2015Redesign;en-US;http://www.chesapeakehospitality.com/m/portfolio/crowne-plaza-hollywood-beach-resort-;7805;1;0
Monarchbeachresort.com-0092-2016Redesign;en-US;https://www.google.com/;22725;1;0
Cocokeyorlando.com-0059-2015Redesign;en-US;https://www.google.com/;12423;1;0
Sandylane.com-0075-2016Redesign;en-US;https://www.google.ie/;17611;1;0
Secretharbourvi.com-0040-2015Redesign;en-US;https://www.bing.com/;9231;1;0
wentworthcom00212014redesign;en-US;https://www.google.com/;4276;1;0
Broadmoor.com-0073-2016Redesign;en-US;http://login.nomadix.com:1111/web/portal.html;16724;1;0
Broadmoor.com-0073-2016Redesign;en-US;http://login.nomadix.com:1111/web/portal.html;16724;1;0
Thesagamore.com-0112-2017Redesign;en-US;http://www.google.com/;33475;1;0
Monarchbeachresort.com-0092-2016Redesign;en-US;https://www.google.co.uk/;22725;1;0
Washingtondukeinn.com-0024-2014Redesign;en-US;https://www.google.com/;4524;1;0
Marriottkeylargo.com-0015-2014Redesign;en-US;http://www.fla-keys.com/webcams/marriott-key-largo-bay/;3948;1;0
Samosetresort.com-0113-2017Redesign;en-US;https://mg.mail.yahoo.com/;35349;1;0
Luxehotels.com-0078-2016Redesign;en-US;https://www.google.com/;18833;1;0
Broadmoor.com-0073-2016Redesign;en-US;http://www.naggl.org/;16721;1;0
Broadmoor.com-0073-2016Redesign;en-US;http://www.naggl.org/;16721;1;0
Secretharbourvi.com-0040-2015Redesign;en-US;https://klumba55.ru/;9231;1;0
Monarchbeachresort.com-0092-2016Redesign;en-US;https://www.google.com/;22725;1;0
Secretharbourvi.com-0040-2015Redesign;en-US;https://klumba55.ru/;9231;1;0
Broadmoor.com-0073-2016Redesign;en-US;http://login.nomadix.com:1111/web/portal.html;16724;1;0
Broadmoor.com-0073-2016Redesign;en-US;http://tpc.googlesyndication.com/safeframe/1-0-10/html/container.html;16728;1;0
Secretharbourvi.com-0040-2015Redesign;en-US;https://klumba55.ru/;9231;1;0
Broadmoor.com-0073-2016Redesign;en-US;http://login.nomadix.com:1111/web/portal.html;16724;1;0
Cendyn.com-0095-2016Redesign;en-US;https://klumba55.ru/;26640;1;0
Cendyn.com-0095-2016Redesign;en-US;https://klumba55.ru/;26640;1;0
Cendyn.com-0095-2016Redesign;en-US;https://klumba55.ru/;26640;1;0
Broadmoor.com-0073-2016Redesign;en-US;http://tpc.googlesyndication.com/safeframe/1-0-10/html/container.html;16728;1;0
Broadmoor.com-0073-2016Redesign;en-US;http://m.facebook.com/;16762;1;0
Unionstationhotelnashville.com-0047-2015Redesign;en-US;https://www.google.com/;41675;1;0
Casaybelresort.com-0002-2014Redesign;en-US;http://www.google.com/;1533;1;0
Casaybelresort.com-0002-2014Redesign;en-US;http://www.google.com/;1533;1;0
