Casaybelresort.com-0002-2014Redesign;en-US;http://r.search.yahoo.com/_ylt=AwrBT7jkEblZOIcAgT1XNyoA##SEMICOLONDELIMITER##_ylu=X3oDMTEyZjA2Mjk3BGNvbG8DYmYxBHBvcwMxBHZ0aWQDQjQxMjZfMQRzZWMDc3I-/RV=2/RE=1505329764/RO=10/RU=http%3a//www.casaybelresort.com//RK=1/RS=YeXurQh5daboPPczC6pnCOIpr5A-;1533;1;0
Cphollywoodbeach.com-0032-2015Redesign;en-US;https://www.sunny.org/webcam/;7831;1;0
Theoxfordhotel.com-0062-2015Redesign;en-US;https://www.bing.com/;14325;1;0
Longboatkeyclub.com-0104-2017Redesign;en-US;http://www.baidu.com/search/spider.htm;28316;1;0
Longboatkeyclub.com-0104-2017Redesign;en-US;http://www.baidu.com/search/spider.htm;28316;1;0
Thelodgeatwoodloch.com-0033-2015Redesign;en-US;https://xn----7sbabm1ahc4b2aqff.su/%D0%BF%D0%B8%D0%BB%D0%BE%D0%BC%D0%B0%D1%82%D0%B5%D1%80%D0%B8%D0%B0%D0%BB%D1%8B/%D0%B2%D0%B0%D0%B3%D0%BE%D0%BD%D0%BA%D0%B0-%D1%88%D1%82%D0%B8%D0%BB%D1%8C/;7764;1;0
Thelodgeatwoodloch.com-0033-2015Redesign;en-US;https://krasivey.com.ua/eyelashes/;7764;1;0
Thelodgeatwoodloch.com-0033-2015Redesign;en-US;http://refmarket.ru/shop.php;7764;1;0
Thelodgeatwoodloch.com-0033-2015Redesign;en-US;https://www.zerkala-elegant.ru/gravirovka-na-zerkale;7764;1;0
Thelodgeatwoodloch.com-0033-2015Redesign;en-US;http://pro-promat.ru/;7764;1;0
Cphollywoodbeach.com-0032-2015Redesign;en-US;https://www.sunny.org/webcam/;7831;1;0
Galthouse.com-0042-2015Redesign;en-US;https://www.google.com/;10561;1;0
Casaybelresort.com-0002-2014Redesign;en-US;https://www.google.com/;1533;1;0
Theoxfordhotel.com-0062-2015Redesign;en-US;https://xn----7sbabm1ahc4b2aqff.su/%D0%BF%D0%B8%D0%BB%D0%BE%D0%BC%D0%B0%D1%82%D0%B5%D1%80%D0%B8%D0%B0%D0%BB%D1%8B/%D0%B2%D0%B0%D0%B3%D0%BE%D0%BD%D0%BA%D0%B0-%D1%88%D1%82%D0%B8%D0%BB%D1%8C/;14325;1;0
Theoxfordhotel.com-0062-2015Redesign;en-US;http://refmarket.ru/vendor.php;14325;1;0
Theoxfordhotel.com-0062-2015Redesign;en-US;https://krasivey.com.ua/eyelashes/kiev;14325;1;0
Theoxfordhotel.com-0062-2015Redesign;en-US;https://www.zerkala-elegant.ru/zerkalnoe-panno;14325;1;0
Theoxfordhotel.com-0062-2015Redesign;en-US;http://pro-promat.ru/ob-ekty;14325;1;0
Theharborsidehotel.com-0114-2017Redesign;en-US;https://www.bing.com/;37571;1;0
Opalsands.com-0084-2016Redesign;en-US;https://www.google.com/;20171;1;0
Opalsands.com-0084-2016Redesign;en-US;https://www.google.com/;20171;1;0
Thesagamore.com-0112-2017Redesign;en-US;http://wedscope.com/;32339;1;0
Theharborsidehotel.com-0114-2017Redesign;en-US;https://www.bing.com/;37571;1;0
