Broadmoor.com-0073-2016Redesign;en-US;https://www.bing.com/;16761;1;0
Napavalleymarriott.com-0071-2016Redesign;en-US;https://www.google.com/;16457;1;0
Cphollywoodbeach.com-0032-2015Redesign;en-US;https://www.sunny.org/webcam/;7831;1;0
Marriottkeylargo.com-0015-2014Redesign;en-US;http://www.fla-keys.com/webcams/marriott-key-largo-bay/;3948;1;0
Thecurtis.com-0079-2016Redesign;en-US;https://www.google.com/;17981;1;0
Casaybelresort.com-0002-2014Redesign;en-US;https://www.google.com/;1613;1;0
Sandpearl.com-0091-2016Redesign;en-US;http://www.baidu.com/;22481;1;0
Sandpearl.com-0091-2016Redesign;en-US;http://www.baidu.com/;22481;1;0
Longboatkeyclub.com-0104-2017Redesign;en-US;http://refmarket.ru/shop.php;28316;1;0
saddlebrook.com-0011-2014Redesign;en-US;https://www.google.com/;3486;1;0
Marriottkeylargo.com-0015-2014Redesign;en-US;http://surfinggator.com/florida-keys/live-cams/live-cams.html;3948;1;0
Thelodgeatwoodloch.com-0033-2015Redesign;en-US;https://www.google.com/;8254;1;0
Galthouse.com-0042-2015Redesign;en-US;https://search.yahoo.com/;31905;1;0
Miravalspamonarchbeach.com-0109-2017Redesign;en-US;http://www.monarchbeachresort.com/;31709;1;0
Hospitalityupgrade.com-0093-2016Redesign;en-US;https://en.wikipedia.org/;37631;1;0
Theloganhotel.com-0043-2015Redesign;en-US;http://l.facebook.com/l.php;15962;1;0
Montaukyachtclub.com-0010-2014Redesign;en-US;https://www.google.com/;2240;1;0
saddlebrook.com-0011-2014Redesign;en-US;https://www.google.com/;3486;1;0
Samosetresort.com-0113-2017Redesign;en-US;https://www.google.com/;35144;1;0
Minnetonkamarriott.com-0039-2015Redesign;en-US;https://www.google.co.uk/;8817;1;0
Longboatkeyclub.com-0104-2017Redesign;en-US;https://www.google.com/;28316;1;0
Longboatkeyclub.com-0104-2017Redesign;en-US;https://www.google.com/;28316;1;0
Laxembassy.com-0008-2014Redesign;en-US;https://fabrika-schastya.moscow/multgeroi;2037;1;0
Longboatkeyclub.com-0104-2017Redesign;en-US;https://www.google.com/;28316;1;0
Longboatkeyclub.com-0104-2017Redesign;en-US;https://r.search.yahoo.com/_ylt=A0LEVya8u7JZQRoAV0lXNyoA##SEMICOLONDELIMITER##_ylu=X3oDMTEyMmlnaDU3BGNvbG8DYmYxBHBvcwMxBHZ0aWQDQjQ0ODFfMQRzZWMDc3I-/RV=2/RE=1504914493/RO=10/RU=https%3a//www.longboatkeyclub.com//RK=1/RS=Ibg6S08_eS7eG_1epftBcNeHggI-;28316;1;0
Laxembassy.com-0008-2014Redesign;en-US;http://www.nail-artmaster.ru/shop.php;2037;1;0
Monarchbeachresort.com-0092-2016Redesign;en-US;http://www.google.com/;22725;1;0
Longboatkeyclub.com-0104-2017Redesign;en-US;https://r.search.yahoo.com/_ylt=A0LEVya8u7JZQRoAV0lXNyoA##SEMICOLONDELIMITER##_ylu=X3oDMTEyMmlnaDU3BGNvbG8DYmYxBHBvcwMxBHZ0aWQDQjQ0ODFfMQRzZWMDc3I-/RV=2/RE=1504914493/RO=10/RU=https%3a//www.longboatkeyclub.com//RK=1/RS=Ibg6S08_eS7eG_1epftBcNeHggI-;28316;1;0
Broadmoor.com-0073-2016Redesign;en-US;https://www.google.com/;16728;1;0
Galthouse.com-0042-2015Redesign;en-US;http://www.google.com/;31905;1;0
Broadmoor.com-0073-2016Redesign;en-US;https://www.google.co.uk/;16721;1;0
Galthouse.com-0042-2015Redesign;en-US;https://www.google.com/;31905;1;0
Springhillsuitesdenver.com-0060-2015Redesign;en-US;https://www.google.com/;12307;1;0
Cphollywoodbeach.com-0032-2015Redesign;en-US;https://www.sunny.org/webcam/;7831;1;0
Sandpearl.com-0091-2016Redesign;en-US;https://www.google.com/;22481;1;0
Laxembassy.com-0008-2014Redesign;en-US;https://www.google.co.uk/;2037;1;0
Galthouse.com-0042-2015Redesign;en-US;http://www.google.com/;31905;1;0
Laxembassy.com-0008-2014Redesign;en-US;https://www.google.com/;2037;1;0
theweststreethotel.com-0115-2017Redesign;en-US;https://www.google.com/;36683;1;0
