Lakeplacidlodge.com-0105-2017Redesign;en-US;https://www.google.com/;28545;1;0
Galthouse.com-0042-2015Redesign;en-US;https://googleads.g.doubleclick.net/pagead/ads;31905;1;0
Thecurtis.com-0079-2016Redesign;en-US;https://www.google.com/;17981;1;0
Treasureislandbeachresort.com-0089-2016Redesign;en-US;http://www.google.com/;22169;1;0
Abbingtonbanquets.com-0070-2016Redesign;en-US;http://www.google.com/;15811;1;0
Luxehotels.com-0078-2016Redesign;en-US;https://www.google.com/;18833;1;0
Napavalleymarriott.com-0071-2016Redesign;en-US;https://www.google.com/;16432;1;0
Theloganhotel.com-0043-2015Redesign;en-US;https://www.google.com/;20218;1;0
Galthouse.com-0042-2015Redesign;en-US;https://googleads.g.doubleclick.net/pagead/ads;31905;1;0
Napavalleymarriott.com-0071-2016Redesign;en-US;https://www.google.com/;16432;1;0
Sandylane.com-0075-2016Redesign;en-US;https://www.google.com/;17611;1;0
Zotabeachresort.com-0090-2016Redesign;en-US;https://www.google.com/;22357;1;0
Zotabeachresort.com-0090-2016Redesign;en-US;https://www.google.com/;22357;1;0
Broadmoor.com-0073-2016Redesign;en-US;https://www.google.com/;16782;1;0
Thesagamore.com-0112-2017Redesign;en-US;https://search.yahoo.com/;32339;1;0
Sandpearl.com-0091-2016Redesign;en-US;http://www.google.com/;22481;1;0
Broadmoor.com-0073-2016Redesign;en-US;https://www.google.co.uk/;16721;1;0
Opalsands.com-0084-2016Redesign;en-US;https://mega-polis.biz.ua/;20796;1;0
Sandpearl.com-0091-2016Redesign;en-US;http://www.google.com/;22481;1;0
Opalsands.com-0084-2016Redesign;en-US;https://mega-polis.biz.ua/;20796;1;0
Thecrawfordhotel.com-0074-2016Redesign;en-US;http://unionstationindenver.com/about/;17190;1;0
Broadmoor.com-0073-2016Redesign;en-US;http://m.facebook.com/;16790;1;0
Cocokeyorlando.com-0059-2015Redesign;en-US;https://www.google.com/;12394;1;0
Galthouse.com-0042-2015Redesign;en-US;http://www.homesupplymillwork.com/;31905;1;0
Galthouse.com-0042-2015Redesign;en-US;http://www.homesupplymillwork.com/;31905;1;0
Galthouse.com-0042-2015Redesign;en-US;http://www.homesupplymillwork.com/;31905;1;0
Glencovemansion.com-0058-2015Redesign;en-US;https://www.google.com/;13330;1;0
Broadmoor.com-0073-2016Redesign;en-US;https://www.google.com/;16721;1;0
Abbingtonbanquets.com-0070-2016Redesign;en-US;http://www.google.com/;15811;1;0
Broadmoor.com-0073-2016Redesign;en-US;https://www.google.com/;16721;1;0
Delraysandsresort.com-0097-2016Redesign;en-US;http://www.ophotels.com/locator/;27232;1;0
Theharborsidehotel.com-0114-2017Redesign;en-US;http://www.ophotels.com/locator/;37571;1;0
Broadmoor.com-0073-2016Redesign;en-US;http://m.facebook.com/;16790;1;0
Monarchbeachresort.com-0092-2016Redesign;en-US;https://www.google.com/;23048;1;0
Broadmoor.com-0073-2016Redesign;en-US;http://login.nomadix.com:1111/web/portal.html;16724;1;0
Jupiterbeachresort.com-0103-2017Redesign;en-US;http://www.ophotels.com/locator/;28158;1;0
Broadmoor.com-0073-2016Redesign;en-US;http://login.nomadix.com:1111/web/portal.html;16724;1;0
Lakeplacidlodge.com-0105-2017Redesign;en-US;http://www.ophotels.com/locator/;28545;1;0
Opalsands.com-0084-2016Redesign;en-US;https://na28.salesforce.com/;20171;1;0
Marriottdelraybeach.com-0009-2014Redesign;en-US;http://www.ophotels.com/locator/;2829;1;0
Lidobeachresort.com-0106-2017Redesign;en-US;http://www.ophotels.com/locator/;28666;1;0
Marriottkeylargo.com-0015-2014Redesign;en-US;http://www.ophotels.com/locator/;3948;1;0
Opalsands.com-0084-2016Redesign;en-US;https://na28.salesforce.com/;20171;1;0
Broadmoor.com-0073-2016Redesign;en-US;https://www.bing.com/;22720;1;0
Samosetresort.com-0113-2017Redesign;en-US;http://www.ophotels.com/locator/;32541;1;0
Samosetresort.com-0113-2017Redesign;en-US;http://www.ophotels.com/locator/;32541;1;0
Broadmoor.com-0073-2016Redesign;en-US;https://www.google.com/;16761;1;0
Longboatkeyclub.com-0104-2017Redesign;en-US;http://www.ophotels.com/locator/;35641;1;0
Thesagamore.com-0112-2017Redesign;en-US;http://www.ophotels.com/locator/;32339;1;0
wentworthcom00212014redesign;en-US;http://www.ophotels.com/locator/;26679;1;0
Thelodgeatwoodloch.com-0033-2015Redesign;en-US;android-app://com.google.android.gm/;8266;1;0
theweststreethotel.com-0115-2017Redesign;en-US;http://www.ophotels.com/locator/;36683;1;0
Thelodgeatwoodloch.com-0033-2015Redesign;en-US;https://www.poconomountains.com/things-to-do/spas/;7764;1;0
Broadmoor.com-0073-2016Redesign;en-US;https://www.bing.com/;17443;1;0
Broadmoor.com-0073-2016Redesign;en-US;https://www.bing.com/;17443;1;0
Broadmoor.com-0073-2016Redesign;en-US;https://search.yahoo.com/yhs/search;16721;1;0
Broadmoor.com-0073-2016Redesign;en-US;https://search.yahoo.com/yhs/search;16721;1;0
Sandpearl.com-0091-2016Redesign;en-US;https://www.google.com/;22481;1;0
Thelodgeatwoodloch.com-0033-2015Redesign;en-US;https://www.google.com/;7782;1;0
Sandpearl.com-0091-2016Redesign;en-US;https://www.google.com/;22481;1;0
Marriottkeylargo.com-0015-2014Redesign;en-US;http://www.fla-keys.com/webcams/marriott-key-largo-bay/;3948;1;0
Marriottkeylargo.com-0015-2014Redesign;en-US;http://www.fla-keys.com/webcams/marriott-key-largo-bay/;3964;1;0
Marriottkeylargo.com-0015-2014Redesign;en-US;http://www.ophotels.com/locator/;3948;1;0
Unionstationhotelnashville.com-0047-2015Redesign;en-US;https://www.google.com/;32226;1;0
Beverlyhillsresidenceinn.com-0087-2016Redesign;en-US;https://www.google.com/;20999;1;0
