Glencovemansion.com-0058-2015Redesign;en-US;https://www.google.com/;13328;1;0
Cphollywoodbeach.com-0032-2015Redesign;en-US;https://www.google.com/;7831;1;0
Cphollywoodbeach.com-0032-2015Redesign;en-US;https://www.sunny.org/webcam/;7831;1;0
Cphollywoodbeach.com-0032-2015Redesign;en-US;https://www.google.ca/;7831;1;0
Casaybelresort.com-0002-2014Redesign;en-US;https://www.google.com/;1613;1;0
Cphollywoodbeach.com-0032-2015Redesign;en-US;https://www.google.ca/;7831;1;0
Cphollywoodbeach.com-0032-2015Redesign;en-US;https://www.google.ca/;7831;1;0
Cocokeyorlando.com-0059-2015Redesign;en-US;https://www.google.co.uk/;12394;1;0
Cocokeyorlando.com-0059-2015Redesign;en-US;https://www.google.co.uk/;12394;1;0
Glencovemansion.com-0058-2015Redesign;en-US;https://www.google.com/;13328;1;0
Lidobeachresort.com-0106-2017Redesign;en-US;https://www.facebook.com/;28667;1;0
Lidobeachresort.com-0106-2017Redesign;en-US;https://www.facebook.com/;28667;1;0
Marriottkeylargo.com-0015-2014Redesign;en-US;http://surfinggator.com/florida-keys/live-cams/live-cams.html;3948;1;0
Sandylane.com-0075-2016Redesign;en-US;https://www.google.ie/;17684;1;0
Marriottkeylargo.com-0015-2014Redesign;en-US;http://surfinggator.com/florida-keys/live-cams/live-cams.html;3948;1;0
Cphollywoodbeach.com-0032-2015Redesign;en-US;https://www.google.com/;7831;1;0
Thelodgeatwoodloch.com-0033-2015Redesign;en-US;http://www--thelodgeatwoodloch--com.rztrkr.com/;11007;1;0
Washingtondukeinn.com-0024-2014Redesign;en-US;https://www.google.com/;4524;1;0
Casaybelresort.com-0002-2014Redesign;en-US;http://board.bestofsanibelcaptiva.com/viewtopic.php;1613;1;0
Broadmoor.com-0073-2016Redesign;en-US;http://login.nomadix.com:1111/web/portal.html;16724;1;0
Washingtondukeinn.com-0024-2014Redesign;en-US;https://www.google.com/;4524;1;0
Cocokeyorlando.com-0059-2015Redesign;en-US;https://www.google.co.uk/;12394;1;0
Lidobeachresort.com-0106-2017Redesign;en-US;http://m.facebook.com/;28667;1;0
Opalsands.com-0084-2016Redesign;en-US;https://www.bing.com/;20171;1;0
Lidobeachresort.com-0106-2017Redesign;en-US;http://m.facebook.com/;28667;1;0
Cphollywoodbeach.com-0032-2015Redesign;en-US;https://www.sunny.org/webcam/;7831;1;0
Cphollywoodbeach.com-0032-2015Redesign;en-US;https://www.sunny.org/webcam/;7831;1;0
Cphollywoodbeach.com-0032-2015Redesign;en-US;https://www.sunny.org/webcam/;7831;1;0
Cphollywoodbeach.com-0032-2015Redesign;en-US;https://www.sunny.org/webcam/;7831;1;0
Marriottkeylargo.com-0015-2014Redesign;en-US;http://surfinggator.com/florida-keys/live-cams/live-cams.html;3948;1;0
Casaybelresort.com-0002-2014Redesign;en-US;http://surfinggator.com/fort-myers/cams/cams.html;1613;1;0
Marriottkeylargo.com-0015-2014Redesign;en-US;http://surfinggator.com/florida-keys/live-cams/live-cams.html;3964;1;0
Broadmoor.com-0073-2016Redesign;en-US;http://www.google.com/;16722;1;0
Napavalleymarriott.com-0071-2016Redesign;en-US;http://r.search.yahoo.com/_ylt=A0SO80MjYLVZI60AuxRXNyoA##SEMICOLONDELIMITER##_ylu=X3oDMTEya244MGdiBGNvbG8DZ3ExBHBvcwMyBHZ0aWQDVUkyQzNfMQRzZWMDc3I-/RV=2/RE=1505087652/RO=10/RU=http%3a//www.napavalleymarriott.com//RK=1/RS=68ydGmZtiYbNKYi3utnarosg7Tw-;16432;1;0
Broadmoor.com-0073-2016Redesign;en-US;https://www.google.com/;19931;1;0
Cphollywoodbeach.com-0032-2015Redesign;en-US;https://www.sunny.org/webcam/;7831;1;0
Laxembassy.com-0008-2014Redesign;en-US;https://www.google.com/;2037;1;0
Broadmoor.com-0073-2016Redesign;en-US;https://www.google.com/;16721;1;0
Casaybelresort.com-0002-2014Redesign;en-US;https://www.google.com/;1613;1;0
Sandpearl.com-0091-2016Redesign;en-US;http://m.facebook.com/;22481;1;0
Sandpearl.com-0091-2016Redesign;en-US;http://m.facebook.com/;22481;1;0
Broadmoor.com-0073-2016Redesign;en-US;https://www.google.com/;18208;1;0
Broadmoor.com-0073-2016Redesign;en-US;https://tpc.googlesyndication.com/safeframe/1-0-10/html/container.html;16728;1;0
Cphollywoodbeach.com-0032-2015Redesign;en-US;https://www.sunny.org/webcam/;7831;1;0
Casaybelresort.com-0002-2014Redesign;en-US;http://surfinggator.com/fort-myers/cams/cams.html;1613;1;0
Cphollywoodbeach.com-0032-2015Redesign;en-US;https://www.sunny.org/webcam/;7831;1;0
Broadmoor.com-0073-2016Redesign;en-US;http://login.nomadix.com:1111/web/portal.html;16724;1;0
Cphollywoodbeach.com-0032-2015Redesign;en-US;https://www.sunny.org/webcam/;7831;1;0
Thelodgeatwoodloch.com-0033-2015Redesign;en-US;http://www.google.com/;7764;1;0
Marriottkeylargo.com-0015-2014Redesign;en-US;http://www.fla-keys.com/webcams/marriott-key-largo-bay/;3948;1;0
Cphollywoodbeach.com-0032-2015Redesign;en-US;https://www.sunny.org/webcam/;7831;1;0
Marriottkeylargo.com-0015-2014Redesign;en-US;http://www.fla-keys.com/webcams/marriott-key-largo-bay/;3964;1;0
wentworthcom00212014redesign;en-US;https://www.bing.com/;26679;1;0
Casaybelresort.com-0002-2014Redesign;en-US;https://www.google.com/;1613;1;0
saddlebrook.com-0011-2014Redesign;en-US;https://www.google.com/;3385;1;0
Opalsands.com-0084-2016Redesign;en-US;https://www.google.com/;20171;1;0
Marriottkeylargo.com-0015-2014Redesign;en-US;http://www.fla-keys.com/webcams/marriott-key-largo-bay/;3948;1;0
Marriottkeylargo.com-0015-2014Redesign;en-US;http://www.fla-keys.com/webcams/marriott-key-largo-bay/;3964;1;0
Cphollywoodbeach.com-0032-2015Redesign;en-US;https://www.sunny.org/webcam/;7831;1;0
Washingtoncourthotel.com-0076-2016Redesign;en-US;https://www.google.com/;17858;1;0
Cphollywoodbeach.com-0032-2015Redesign;en-US;https://www.sunny.org/webcam/;7831;1;0
Cphollywoodbeach.com-0032-2015Redesign;en-US;https://www.sunny.org/webcam/;7831;1;0
Broadmoor.com-0073-2016Redesign;en-US;http://login.nomadix.com:1111/web/portal.html;16724;1;0
Broadmoor.com-0073-2016Redesign;en-US;http://login.nomadix.com:1111/web/portal.html;16724;1;0
Broadmoor.com-0073-2016Redesign;en-US;http://m.facebook.com/;16790;1;0
Cphollywoodbeach.com-0032-2015Redesign;en-US;https://www.google.com/;7831;1;0
Longboatkeyclub.com-0104-2017Redesign;en-US;https://worldcam.eu/webcams/north-america/florida-usa/15728;28317;1;0
Cphollywoodbeach.com-0032-2015Redesign;en-US;https://www.sunny.org/webcam/;7831;1;0
Broadmoor.com-0073-2016Redesign;en-US;https://www.google.com/;16772;1;0
Cphollywoodbeach.com-0032-2015Redesign;en-US;https://www.google.com/;7831;1;0
Opalsands.com-0084-2016Redesign;en-US;http://www.beachtourism.com/opalsandsresort/;20171;1;0
Secretharbourvi.com-0040-2015Redesign;en-US;https://www.google.com/;9231;1;0
saddlebrook.com-0011-2014Redesign;en-US;https://www.palmbeachschools.org/treasury;3479;1;0
Cphollywoodbeach.com-0032-2015Redesign;en-US;http://www.google.com/;7831;1;0
Cphollywoodbeach.com-0032-2015Redesign;en-US;https://www.sunny.org/webcam/;7831;1;0
Glencovemansion.com-0058-2015Redesign;en-US;https://www.google.com/;13328;1;0
