theweststreethotel.com-0115-2017Redesign;en-US;https://www.google.com/;36683;1;0
theweststreethotel.com-0115-2017Redesign;en-US;https://www.google.com/;36683;1;0
Casaybelresort.com-0002-2014Redesign;en-US;http://r.search.yahoo.com/_ylt=A0LEV1MBI7NZJ3wA4xBx.9w4##SEMICOLONDELIMITER##_ylu=X3oDMTByMjB0aG5zBGNvbG8DYmYxBHBvcwMxBHZ0aWQDBHNlYwNzYw--/RV=2/RE=1504940929/RO=10/RU=http%3a//www.casaybelresort.com//RK=1/RS=KYfRO8Fl34eDH8kLL0_RqvSR8vk-;1533;1;0
Casaybelresort.com-0002-2014Redesign;en-US;http://surfinggator.com/fort-myers/cams/cams.html;1613;1;0
Thesagamore.com-0112-2017Redesign;en-US;https://www.google.com/;33471;1;0
Cphollywoodbeach.com-0032-2015Redesign;en-US;https://www.sunny.org/webcam/;7831;1;0
Lakeplacidlodge.com-0105-2017Redesign;en-US;http://www.google.com/;28545;1;0
Cphollywoodbeach.com-0032-2015Redesign;en-US;http://m.facebook.com/;7831;1;0
Broadmoor.com-0073-2016Redesign;en-US;https://www.google.com/;18188;1;0
Broadmoor.com-0073-2016Redesign;en-US;https://www.google.com/;16721;1;0
Theloganhotel.com-0043-2015Redesign;en-US;https://www.google.com/;9327;1;0
Washingtondukeinn.com-0024-2014Redesign;en-US;https://www.google.com/;5495;1;0
Longboatkeyclub.com-0104-2017Redesign;en-US;https://www.google.com/;28317;1;0
Broadmoor.com-0073-2016Redesign;en-US;https://www.google.com/;16770;1;0
Marriottkeylargo.com-0015-2014Redesign;en-US;http://www.beachcamsusa.com/fl/key-largo/key-largo-marriott-bay-resort-live-webcam;3948;1;0
Marriottkeylargo.com-0015-2014Redesign;en-US;android-app://com.google.android.googlequicksearchbox/;3964;1;0
Marriottkeylargo.com-0015-2014Redesign;en-US;http://surfinggator.com/florida-keys/live-cams/live-cams.html;3948;1;0
Marriottkeylargo.com-0015-2014Redesign;en-US;http://surfinggator.com/florida-keys/live-cams/live-cams.html;3964;1;0
Thecrawfordhotel.com-0074-2016Redesign;en-US;https://www.google.com/;17145;1;0
Cphollywoodbeach.com-0032-2015Redesign;en-US;https://www.sunny.org/webcam/;7831;1;0
Sandpearl.com-0091-2016Redesign;en-US;https://www.google.co.uk/;22481;1;0
Theloganhotel.com-0043-2015Redesign;en-US;https://www.google.com/;20218;1;0
Casaybelresort.com-0002-2014Redesign;en-US;https://www.bing.com/;1613;1;0
Washingtondukeinn.com-0024-2014Redesign;en-US;https://www.google.com/;4758;1;0
Casaybelresort.com-0002-2014Redesign;en-US;https://www.google.com/;1768;1;0
Casaybelresort.com-0002-2014Redesign;en-US;https://www.google.com/;1613;1;0
Cphollywoodbeach.com-0032-2015Redesign;en-US;https://www.google.ro/;7831;1;0
Marriottkeylargo.com-0015-2014Redesign;en-US;http://surfinggator.com/florida-keys/live-cams/live-cams.html;3948;1;0
Broadmoor.com-0073-2016Redesign;en-US;https://www.google.com/;21232;1;0
Degreerestaurant.com-0056-2015Redesign;en-US;https://mega-polis.biz.ua/;11598;1;0
Cphollywoodbeach.com-0032-2015Redesign;en-US;https://www.sunny.org/webcam/;7831;1;0
Degreerestaurant.com-0056-2015Redesign;en-US;https://mega-polis.biz.ua/;11598;1;0
Ecommerce.washingtondukeinn.com-0027-2014ShoppingCart;en-US;https://www.washingtondukeinn.com/executive-club/;5612;1;0
Thecurtis.com-0079-2016Redesign;en-US;https://www.google.com/;17981;1;0
Beverlyhillsresidenceinn.com-0087-2016Redesign;en-US;https://www.google.com/;20999;1;0
Cphollywoodbeach.com-0032-2015Redesign;en-US;https://www.google.es/;7831;1;0
Sandylane.com-0075-2016Redesign;en-US;https://www.google.co.uk/;17611;1;0
Thesagamore.com-0112-2017Redesign;en-US;https://www.google.com/;33452;1;0
Marriottkeylargo.com-0015-2014Redesign;en-US;http://www.beachcamsusa.com/fl/key-largo/key-largo-marriott-bay-resort-live-webcam;3948;1;0
Monarchbeachresort.com-0092-2016Redesign;en-US;https://www.google.com/;22725;1;0
Cphollywoodbeach.com-0032-2015Redesign;en-US;https://www.sunny.org/webcam/;7831;1;0
Cphollywoodbeach.com-0032-2015Redesign;en-US;https://search.yahoo.com/;7831;1;0
