Renaissancepittsburghpa.com-0044-2015Redesign;en-US;https://esopini.com/;9637;1;0
Thecrawfordhotel.com-0074-2016Redesign;en-US;https://www.google.com/;17667;1;0
Washingtondukeinn.com-0024-2014Redesign;en-US;https://ecommerce.washingtondukeinn.com/;4759;1;0
Longboatkeyclub.com-0104-2017Redesign;en-US;http://https//pharmplanet.xyz;28316;1;0
Longboatkeyclub.com-0104-2017Redesign;en-US;http://https//pharmplanet.xyz;28316;1;0
Longboatkeyclub.com-0104-2017Redesign;en-US;http://https//pharmplanet.xyz;28316;1;0
Longboatkeyclub.com-0104-2017Redesign;en-US;http://https//pharmplanet.xyz;28316;1;0
Ecommerce.washingtondukeinn.com-0027-2014ShoppingCart;en-US;https://www.washingtondukeinn.com/duke-university-golf/;6276;1;0
Longboatkeyclub.com-0104-2017Redesign;en-US;http://https//pharmplanet.xyz;28316;1;0
Longboatkeyclub.com-0104-2017Redesign;en-US;http://https//pharmplanet.xyz;28316;1;0
Broadmoor.com-0073-2016Redesign;en-US;https://tpc.googlesyndication.com/safeframe/1-0-10/html/container.html;16728;1;0
Longboatkeyclub.com-0104-2017Redesign;en-US;http://https//pharmplanet.xyz;28316;1;0
Longboatkeyclub.com-0104-2017Redesign;en-US;http://https//pharmplanet.xyz;28316;1;0
Longboatkeyclub.com-0104-2017Redesign;en-US;http://https//pharmplanet.xyz;28316;1;0
Longboatkeyclub.com-0104-2017Redesign;en-US;http://https//pharmplanet.xyz;28316;1;0
Longboatkeyclub.com-0104-2017Redesign;en-US;https://prod.uhrs.playmsn.com/Judge/Views/judge;28316;1;0
Washingtondukeinn.com-0024-2014Redesign;en-US;https://www.google.com/;4524;1;0
Longboatkeyclub.com-0104-2017Redesign;en-US;http://https//pharmplanet.xyz;28316;1;0
Longboatkeyclub.com-0104-2017Redesign;en-US;http://https//pharmplanet.xyz;28316;1;0
Longboatkeyclub.com-0104-2017Redesign;en-US;http://https//pharmplanet.xyz;28316;1;0
Longboatkeyclub.com-0104-2017Redesign;en-US;http://https//pharmplanet.xyz;28316;1;0
Halcyonhotelcherrycreek.com-0061-2015Redesign;en-US;https://uncrate.com/;22121;1;0
Thecurtis.com-0079-2016Redesign;en-US;https://www.google.com/;17981;1;0
Longboatkeyclub.com-0104-2017Redesign;en-US;https://prod.uhrs.playmsn.com/Judge/Views/judge;28316;1;0
Longboatkeyclub.com-0104-2017Redesign;en-US;https://prod.uhrs.playmsn.com/Judge/Views/judge;28316;1;0
