Monarchbeachresort.com-0092-2016Redesign;en-US;https://www.google.com/;23001;1;0
Sandpearl.com-0091-2016Redesign;en-US;https://www.google.co.uk/;22481;1;0
Thesagamore.com-0112-2017Redesign;en-US;http://www.lakegeorge.com/business/sagamore-670/;32339;1;0
Broadmoor.com-0073-2016Redesign;en-US;https://www.google.com/;18259;1;0
Hospitalityupgrade.com-0093-2016Redesign;en-US;https://www.google.com/;31876;1;0
Glencovemansion.com-0058-2015Redesign;en-US;https://www.google.com/;13328;1;0
Monarchbeachresort.com-0092-2016Redesign;en-US;https://www.google.com/;22995;1;0
Cocokeyorlando.com-0059-2015Redesign;en-US;https://www.google.com/;12406;1;0
Thecurtis.com-0079-2016Redesign;en-US;https://www.google.com/;17981;1;0
Broadmoor.com-0073-2016Redesign;en-US;https://www.google.com/;16721;1;0
Broadmoor.com-0073-2016Redesign;en-US;https://www.google.com/;16721;1;0
Opalsands.com-0084-2016Redesign;en-US;https://www.google.com/;20171;1;0
Opalsands.com-0084-2016Redesign;en-US;https://www.google.com/;20171;1;0
Monarchbeachresort.com-0092-2016Redesign;en-US;http://m.facebook.com/;36747;1;0
Hospitalityupgrade.com-0093-2016Redesign;en-US;https://www.google.com/;22790;1;0
Hospitalityupgrade.com-0093-2016Redesign;en-US;https://www.google.com/;31876;1;0
Broadmoor.com-0073-2016Redesign;en-US;https://duckduckgo.com/;16721;1;0
Broadmoor.com-0073-2016Redesign;en-US;http://m.facebook.com/;16790;1;0
Theoxfordhotel.com-0062-2015Redesign;en-US;https://kik.com/;14330;1;0
Broadmoor.com-0073-2016Redesign;en-US;https://local.yahoo.com/info-201865412-broadmoor-colorado-springs;16721;1;0
Broadmoor.com-0073-2016Redesign;en-US;http://tpc.googlesyndication.com/safeframe/1-0-10/html/container.html;16728;1;0
Cocokeyorlando.com-0059-2015Redesign;en-US;https://www.google.com/;12410;1;0
Thecurtis.com-0079-2016Redesign;en-US;https://www.google.com/;17981;1;0
Thelodgeatwoodloch.com-0033-2015Redesign;en-US;https://www.google.com/;8254;1;0
Broadmoor.com-0073-2016Redesign;en-US;http://www.google.com/;16721;1;0
Oxfordclubspa.com-0068-2016Redesign;en-US;http://m.facebook.com/;15568;1;0
saddlebrook.com-0011-2014Redesign;en-US;https://www.google.com/;4538;1;0
Washingtoncourthotel.com-0076-2016Redesign;en-US;https://www.google.com/;17858;1;0
