Cphollywoodbeach.com-0032-2015Redesign;en-US;https://www.google.ca/;7831;1;0
Broadmoor.com-0073-2016Redesign;en-US;https://www.google.com/;18259;1;0
Cocokeyorlando.com-0059-2015Redesign;en-US;http://www.google.com/;12394;1;0
saddlebrook.com-0011-2014Redesign;en-US;http://www.google.com/;3385;1;0
Marriottkeylargo.com-0015-2014Redesign;en-US;http://www.beachcamsusa.com/fl/key-largo/key-largo-marriott-bay-resort-live-webcam;3948;1;0
Casaybelresort.com-0002-2014Redesign;en-US;https://www.google.com/;1613;1;0
saddlebrook.com-0011-2014Redesign;en-US;https://www.google.com/;3385;1;0
wentworthcom00212014redesign;en-US;https://www.google.com/;26679;1;0
Broadmoor.com-0073-2016Redesign;en-US;http://login.nomadix.com:1111/web/portal.html;16724;1;0
Broadmoor.com-0073-2016Redesign;en-US;http://login.nomadix.com:1111/web/portal.html;16724;1;0
Sandylane.com-0075-2016Redesign;en-US;https://www.google.com/;17611;1;0
Broadmoor.com-0073-2016Redesign;en-US;https://www.google.com/;18259;1;0
Delraysandsresort.com-0097-2016Redesign;en-US;https://www.google.com/;27232;1;0
Delraysandsresort.com-0097-2016Redesign;en-US;https://www.google.com/;27232;1;0
Residenceinnnyc.com-0034-2015Redesign;en-US;https://www.google.com/;8087;1;0
Cendyn.com-0095-2016Redesign;en-US;https://www.google.com/;26640;1;0
Cphollywoodbeach.com-0032-2015Redesign;en-US;https://www.google.com/;7831;1;0
Broadmoor.com-0073-2016Redesign;en-US;http://login.nomadix.com:1111/web/portal.html;16724;1;0
Marriottkeylargo.com-0015-2014Redesign;en-US;http://www.beachcamsusa.com/fl/key-largo/key-largo-marriott-bay-resort-live-webcam;3948;1;0
Broadmoor.com-0073-2016Redesign;en-US;http://login.nomadix.com:1111/web/portal.html;16724;1;0
Longboatkeyclub.com-0104-2017Redesign;en-US;https://www.google.com/;28316;1;0
Marriottkeylargo.com-0015-2014Redesign;en-US;http://surfinggator.com/florida-keys/live-cams/live-cams.html;3948;1;0
Broadmoor.com-0073-2016Redesign;en-US;http://login.nomadix.com:1111/web/portal.html;16724;1;0
Broadmoor.com-0073-2016Redesign;en-US;http://login.nomadix.com:1111/web/portal.html;16724;1;0
Cphollywoodbeach.com-0032-2015Redesign;en-US;https://www.sunny.org/webcam/;7831;1;0
Broadmoor.com-0073-2016Redesign;en-US;http://login.nomadix.com:1111/web/portal.html;16724;1;0
Broadmoor.com-0073-2016Redesign;en-US;http://login.nomadix.com:1111/web/portal.html;16724;1;0
Sandpearl.com-0091-2016Redesign;en-US;https://www.google.de/;22481;1;0
Montaukyachtclub.com-0010-2014Redesign;en-US;https://www.google.com/;3554;1;0
Longboatkeyclub.com-0104-2017Redesign;en-US;https://www.google.com/;28316;1;0
Longboatkeyclub.com-0104-2017Redesign;en-US;https://www.google.com/;28316;1;0
Marriottkeylargo.com-0015-2014Redesign;en-US;http://www.beachcamsusa.com/fl/key-largo/key-largo-marriott-bay-resort-live-webcam;3948;1;0
Longboatkeyclub.com-0104-2017Redesign;en-US;https://www.google.co.uk/;28317;1;0
Thesagamore.com-0112-2017Redesign;en-US;https://www.google.com/;32339;1;0
Thesagamore.com-0112-2017Redesign;en-US;https://www.google.com/;32339;1;0
Longboatkeyclub.com-0104-2017Redesign;en-US;https://www.google.co.uk/;28316;1;0
Cphollywoodbeach.com-0032-2015Redesign;en-US;https://www.google.com/;7831;1;0
Lidobeachresort.com-0106-2017Redesign;en-US;http://m.facebook.com/;28667;1;0
Lidobeachresort.com-0106-2017Redesign;en-US;http://m.facebook.com/;28667;1;0
Lakeplacidlodge.com-0105-2017Redesign;en-US;https://www.weddingwire.com/biz/lake-placid-lodge-lake-placid/4e7e325f9cb98851.html;28545;1;0
Lakeplacidlodge.com-0105-2017Redesign;en-US;https://www.weddingwire.com/biz/lake-placid-lodge-lake-placid/4e7e325f9cb98851.html;28545;1;0
