Cphollywoodbeach.com-0032-2015Redesign;en-US;android-app://com.google.android.googlequicksearchbox/;7831;1;0
Broadmoor.com-0073-2016Redesign;en-US;http://www.visitcos.com/where-to-stay/cabins-and-cottages/;16721;1;0
Unionstationhotelnashville.com-0047-2015Redesign;en-US;https://www.google.com/;41675;1;0
Broadmoor.com-0073-2016Redesign;en-US;https://www.google.com/;18259;1;0
Galthouse.com-0042-2015Redesign;en-US;android-app://com.google.android.googlequicksearchbox/https/www.google.com;31905;1;0
Galthouse.com-0042-2015Redesign;en-US;android-app://com.google.android.googlequicksearchbox/https/www.google.com;31905;1;0
Broadmoor.com-0073-2016Redesign;en-US;https://www.google.com/;16797;1;0
Broadmoor.com-0073-2016Redesign;en-US;http://m.facebook.com/;16790;1;0
Washingtoncourthotel.com-0076-2016Redesign;en-US;https://www.emctestlab.ru/milmega;17858;1;0
Cphollywoodbeach.com-0032-2015Redesign;en-US;http://www.google.com/;7831;1;0
Beverlyhillsresidenceinn.com-0087-2016Redesign;en-US;https://www.google.ca/;20999;1;0
Broadmoor.com-0073-2016Redesign;en-US;https://www.google.com/;16721;1;0
Cphollywoodbeach.com-0032-2015Redesign;en-US;https://www.sunny.org/webcam/;7831;1;0
Broadmoor.com-0073-2016Redesign;en-US;https://www.google.com/;16772;1;0
Casaybelresort.com-0002-2014Redesign;en-US;https://www.google.com/;1533;1;0
Cphollywoodbeach.com-0032-2015Redesign;en-US;https://www.google.ca/;7831;1;0
Theoxfordhotel.com-0062-2015Redesign;en-US;https://www.google.co.uk/;14340;1;0
Theoxfordhotel.com-0062-2015Redesign;en-US;https://www.google.co.uk/;14340;1;0
Broadmoor.com-0073-2016Redesign;en-US;http://www.google.com/;23743;1;0
Casaybelresort.com-0002-2014Redesign;en-US;http://board.bestofsanibelcaptiva.com/viewtopic.php;1613;1;0
Broadmoor.com-0073-2016Redesign;en-US;http://m.facebook.com/;16721;1;0
Cphollywoodbeach.com-0032-2015Redesign;en-US;https://www.google.com/;7831;1;0
