Thesagamore.com-0112-2017Redesign;en-US;http://www.cnn.com/travel/article/adirondacks-historic-lodges/index.html;32339;1;0
Thesagamore.com-0112-2017Redesign;en-US;http://www.cnn.com/travel/article/adirondacks-historic-lodges/index.html;32339;1;0
Broadmoor.com-0073-2016Redesign;en-US;http://login.nomadix.com:1111/web/portal.html;16724;1;0
Broadmoor.com-0073-2016Redesign;en-US;http://login.nomadix.com:1111/web/portal.html;16724;1;0
Washingtoncourthotel.com-0076-2016Redesign;en-US;https://www.google.com/;17858;1;0
Monarchbeachresort.com-0092-2016Redesign;en-US;http://www.citethisforme.com/;22725;1;0
Luxehotels.com-0078-2016Redesign;en-US;https://www.google.com/;18830;1;0
Sandpearl.com-0091-2016Redesign;en-US;https://www.google.com/;23063;1;0
Samosetresort.com-0113-2017Redesign;en-US;http://www.visitmaine.net/tag/2/lodging-by-type/49/meetings-and-events;32541;1;0
Cphollywoodbeach.com-0032-2015Redesign;en-US;https://www.sunny.org/webcam/;7831;1;0
Cphollywoodbeach.com-0032-2015Redesign;en-US;https://www.google.com/;7831;1;0
Broadmoor.com-0073-2016Redesign;en-US;http://login.nomadix.com:1111/web/portal.html;16724;1;0
Broadmoor.com-0073-2016Redesign;en-US;http://login.nomadix.com:1111/web/portal.html;16724;1;0
wentworthcom00212014redesign;en-US;https://www.bing.com/;4307;1;0
Theoxfordhotel.com-0062-2015Redesign;en-US;https://www.google.com/;14325;1;0
Thesagamore.com-0112-2017Redesign;en-US;http://www.cnn.com/travel/article/adirondacks-historic-lodges/index.html;32339;1;0
Thesagamore.com-0112-2017Redesign;en-US;http://www.cnn.com/travel/article/adirondacks-historic-lodges/index.html;32339;1;0
Cendyn.com-0095-2016Redesign;en-US;https://www.bing.com/;26640;1;0
Monarchbeachresort.com-0092-2016Redesign;en-US;https://www.google.ch/;22725;1;0
Thesagamore.com-0112-2017Redesign;en-US;http://www.cnn.com/travel/article/adirondacks-historic-lodges/index.html;32339;1;0
Thesagamore.com-0112-2017Redesign;en-US;http://www.cnn.com/travel/article/adirondacks-historic-lodges/index.html;32339;1;0
Monarchbeachresort.com-0092-2016Redesign;en-US;http://www.google.com/;22877;1;0
Galthouse.com-0042-2015Redesign;en-US;http://m.facebook.com/;31905;1;0
Washingtoncourthotel.com-0076-2016Redesign;en-US;https://www.google.com/;17858;1;0
Broadmoor.com-0073-2016Redesign;en-US;https://www.google.com/;16721;1;0
Casaybelresort.com-0002-2014Redesign;en-US;https://www.google.com/;1533;1;0
Thelodgeatwoodloch.com-0033-2015Redesign;en-US;https://www.bing.com/;7764;1;0
Broadmoor.com-0073-2016Redesign;en-US;http://login.nomadix.com:1111/web/portal.html;16724;1;0
Broadmoor.com-0073-2016Redesign;en-US;http://login.nomadix.com:1111/web/portal.html;16724;1;0
Cphollywoodbeach.com-0032-2015Redesign;en-US;https://www.sunny.org/webcam/;7831;1;0
Thesagamore.com-0112-2017Redesign;en-US;http://www.cnn.com/travel/article/adirondacks-historic-lodges/index.html;32339;1;0
Lidobeachresort.com-0106-2017Redesign;en-US;https://www.google.com/;28666;1;0
Opalsands.com-0084-2016Redesign;en-US;https://www.bing.com/;21642;1;0
Thesagamore.com-0112-2017Redesign;en-US;http://www.cnn.com/travel/article/adirondacks-historic-lodges/index.html;32339;1;0
Thesagamore.com-0112-2017Redesign;en-US;http://www.cnn.com/travel/article/adirondacks-historic-lodges/index.html;32339;1;0
Theharborsidehotel.com-0114-2017Redesign;en-US;https://www.google.co.in/;37571;1;0
Theharborsidehotel.com-0114-2017Redesign;en-US;https://www.google.co.in/;37571;1;0
Cocokeyorlando.com-0059-2015Redesign;en-US;https://www.google.com.br/;12394;1;0
Edgewaternaples.com-0094-2016Redesign;en-US;https://www.google.ch/;25239;1;0
Cphollywoodbeach.com-0032-2015Redesign;en-US;http://r.search.yahoo.com/_ylt=A0LEV032SLlZTpwAr5fBGOd_##SEMICOLONDELIMITER##_ylu=X3oDMTByNXQ0NThjBGNvbG8DYmYxBHBvcwM1BHZ0aWQDBHNlYwNzcg--/RV=2/RE=1505343863/RO=10/RU=http%3a//www.cphollywoodbeach.com/gallery/web-cam//RK=1/RS=WX8ZkmP.kc_9KHMemYOPJkWvxCE-;7831;1;0
Meateatery.com-0080-2016Redesign;en-US;http://www.foodnetwork.com/restaurants/fl/islamorada/meat-eatery-and-tap-room-restaurant;18505;1;0
Jbdukehotel.com-0086-2016Redesign;en-US;https://www.google.com/;21918;1;0
Montaukyachtclub.com-0010-2014Redesign;en-US;https://www.google.com/;2240;1;0
Lidobeachresort.com-0106-2017Redesign;en-US;https://www.google.com/;28666;1;0
Courtyardportlandcitycenter.com-0063-2015Redesign;en-US;https://www.google.com/;14545;1;0
Edgewaternaples.com-0094-2016Redesign;en-US;https://www.google.com/;25246;1;0
Edgewaternaples.com-0094-2016Redesign;en-US;https://www.google.com/;25246;1;0
Washingtondukeinn.com-0024-2014Redesign;en-US;https://www.google.com/;4524;1;0
Thesagamore.com-0112-2017Redesign;en-US;https://www.google.com/;32339;1;0
Thelodgeatwoodloch.com-0033-2015Redesign;en-US;http://www.google.com/;7764;1;0
Casaybelresort.com-0002-2014Redesign;en-US;https://www.google.com/;1533;1;0
Luxehotels.com-0078-2016Redesign;en-US;https://www.google.com/;18805;1;0
Washingtondukeinn.com-0024-2014Redesign;en-US;https://www.google.com/;4524;1;0
Washingtondukeinn.com-0024-2014Redesign;en-US;https://www.google.com/;4524;1;0
