Washingtoncourthotel.com-0076-2016Redesign;en-US;http://sucuri.net/;17858;1;0
Washingtoncourthotel.com-0076-2016Redesign;en-US;http://sucuri.net/;17858;1;0
Broadmoor.com-0073-2016Redesign;en-US;http://login.nomadix.com:1111/web/portal.html;16724;1;0
Washingtoncourthotel.com-0076-2016Redesign;en-US;http://sucuri.net/;17858;1;0
Broadmoor.com-0073-2016Redesign;en-US;http://login.nomadix.com:1111/web/portal.html;16724;1;0
Washingtoncourthotel.com-0076-2016Redesign;en-US;http://sucuri.net/;17858;1;0
Washingtoncourthotel.com-0076-2016Redesign;en-US;http://www.google.com/url/;17858;1;0
Washingtoncourthotel.com-0076-2016Redesign;en-US;http://www.bing.com/;17933;1;0
Broadmoor.com-0073-2016Redesign;en-US;https://mg.mail.yahoo.com/;16721;1;0
Lidobeachresort.com-0106-2017Redesign;en-US;http://m.facebook.com/;28714;1;0
Washingtoncourthotel.com-0076-2016Redesign;en-US;http://www.facebook.com/;17932;1;0
Washingtoncourthotel.com-0076-2016Redesign;en-US;http://sucuri.net/;18039;1;0
Washingtoncourthotel.com-0076-2016Redesign;en-US;http://www.facebook.com/;17935;1;0
Washingtoncourthotel.com-0076-2016Redesign;en-US;http://sucuri.net/;17934;1;0
Broadmoor.com-0073-2016Redesign;en-US;http://www.worldation.com/opinions/70-epic-perfectly-timed-photos/34/;16728;1;0
Broadmoor.com-0073-2016Redesign;en-US;http://www.worldation.com/opinions/70-epic-perfectly-timed-photos/34/;16728;1;0
Broadmoor.com-0073-2016Redesign;en-US;http://login.nomadix.com:1111/web/portal.html;16724;1;0
Broadmoor.com-0073-2016Redesign;en-US;http://login.nomadix.com:1111/web/portal.html;16724;1;0
Lidobeachresort.com-0106-2017Redesign;en-US;http://m.facebook.com/;28714;1;0
Broadmoor.com-0073-2016Redesign;en-US;https://tpc.googlesyndication.com/safeframe/1-0-10/html/container.html;16728;1;0
Opalsands.com-0084-2016Redesign;en-US;http://m.facebook.com/;28082;1;0
Thesagamore.com-0112-2017Redesign;en-US;https://www.google.com/;33924;1;0
Luxehotels.com-0078-2016Redesign;en-US;https://www.google.ca/;18830;1;0
Luxehotels.com-0078-2016Redesign;en-US;https://www.google.ca/;18830;1;0
Luxehotels.com-0078-2016Redesign;en-US;https://www.google.ca/;18830;1;0
saddlebrook.com-0011-2014Redesign;en-US;https://www.google.com/;4538;1;0
Broadmoor.com-0073-2016Redesign;en-US;https://www.google.com/;16721;1;0
Broadmoor.com-0073-2016Redesign;en-US;https://www.google.com/;16721;1;0
Sandpearl.com-0091-2016Redesign;en-US;https://www.google.com/;22537;1;0
Lakeplacidlodge.com-0105-2017Redesign;en-US;https://na28.salesforce.com/;28545;1;0
Sandpearl.com-0091-2016Redesign;en-US;https://www.google.co.uk/;22481;1;0
Lakeplacidlodge.com-0105-2017Redesign;en-US;https://na28.salesforce.com/;28545;1;0
Longboatkeyclub.com-0104-2017Redesign;en-US;http://m.facebook.com/;28354;1;0
Sandpearl.com-0091-2016Redesign;en-US;http://m.facebook.com/;30638;1;0
Broadmoor.com-0073-2016Redesign;en-US;https://r.search.yahoo.com/_ylt=A0LEV0wL6a9Z0OwABwpx.9w4##SEMICOLONDELIMITER##_ylu=X3oDMTEyYWJsZmF0BGNvbG8DYmYxBHBvcwMxBHZ0aWQDQjQ1OTBfMQRzZWMDc3I-/RV=2/RE=1504729484/RO=10/RU=https%3a//www.broadmoor.com//RK=1/RS=oVvHNwHeQSv_.PNM54Q2ziZQTXQ-;16721;1;0
