Residenceinnlax.com-0026-2014Redesign;en-US;https://www.google.com/;5271;1;0
Broadmoor.com-0073-2016Redesign;en-US;https://www.google.com/;18010;1;0
Broadmoor.com-0073-2016Redesign;en-US;https://www.google.com/;16721;1;0
Treasureislandbeachresort.com-0089-2016Redesign;en-US;https://s0.2mdn.net/ads/richmedia/studio/pv2/60220772/20170601080644339/index.html;22169;1;0
Broadmoor.com-0073-2016Redesign;en-US;https://www.google.com/;16721;1;0
Denvercy.com-0036-2015Redesign;en-US;https://www.google.com/;8150;1;0
Halcyonhotelcherrycreek.com-0061-2015Redesign;en-US;https://www.google.com/;23287;1;0
theweststreethotel.com-0115-2017Redesign;en-US;https://www.google.com/;36683;1;0
Cendyn.com-0095-2016Redesign;en-US;https://www.google.co.in/;26640;1;0
Halcyonhotelcherrycreek.com-0061-2015Redesign;en-US;https://www.google.com/;23287;1;0
Broadmoor.com-0073-2016Redesign;en-US;https://www.google.com/;16721;1;0
Denvercy.com-0036-2015Redesign;en-US;https://www.google.com/;8150;1;0
theweststreethotel.com-0115-2017Redesign;en-US;https://www.google.com/;36683;1;0
Luxehotels.com-0078-2016Redesign;en-US;https://www.google.com/;18833;1;0
Broadmoor.com-0073-2016Redesign;en-US;https://www.google.com/;18010;1;0
Opalsands.com-0084-2016Redesign;en-US;https://www.weddingwire.com/biz/opal-sands-resort-clearwater-beach/9cd9915cdb7789aa.html;20171;1;0
Opalsands.com-0084-2016Redesign;en-US;https://www.weddingwire.com/biz/opal-sands-resort-clearwater-beach/9cd9915cdb7789aa.html;20171;1;0
Monarchbeachresort.com-0092-2016Redesign;en-US;http://m.facebook.com/;26800;1;0
Broadmoor.com-0073-2016Redesign;en-US;https://www.google.com/;18259;1;0
Broadmoor.com-0073-2016Redesign;en-US;http://login.nomadix.com:1111/web/portal.html;16724;1;0
Broadmoor.com-0073-2016Redesign;en-US;http://login.nomadix.com:1111/web/portal.html;16724;1;0
