Casaybelresort.com-0002-2014Redesign;en-US;http://surfinggator.com/fort-myers/cams/cams.html;1613;1;0
Casaybelresort.com-0002-2014Redesign;en-US;https://www.google.com/;1613;1;0
Cphollywoodbeach.com-0032-2015Redesign;en-US;https://www.sunny.org/webcam/;7831;1;0
Theharborsidehotel.com-0114-2017Redesign;en-US;https://www.google.ca/;37571;1;0
Theharborsidehotel.com-0114-2017Redesign;en-US;https://www.google.ca/;37571;1;0
Casaybelresort.com-0002-2014Redesign;en-US;https://www.google.com/;1613;1;0
Opalsands.com-0084-2016Redesign;en-US;http://www.beachtourism.com/opalsandsresort/;20171;1;0
Casaybelresort.com-0002-2014Redesign;en-US;https://www.google.com/;1613;1;0
Casaybelresort.com-0002-2014Redesign;en-US;http://surfinggator.com/fort-myers/cams/cams.html;1613;1;0
Luxehotels.com-0078-2016Redesign;en-US;http://l.facebook.com/l.php;18805;1;0
Casaybelresort.com-0002-2014Redesign;en-US;http://r.search.yahoo.com/_ylt=A0LEVi2SurVZ0AkAfNsPxQt.##SEMICOLONDELIMITER##_ylu=X3oDMTByMHZ0NG9yBGNvbG8DYmYxBHBvcwM3BHZ0aWQDBHNlYwNzcg--/RV=2/RE=1505110803/RO=10/RU=http%3a//www.casaybelresort.com/web-cam//RK=1/RS=EESh_V1Hir5oVV_mB1AKTSrj5xY-;1613;1;0
Cphollywoodbeach.com-0032-2015Redesign;en-US;https://www.google.ca/;7831;1;0
Casaybelresort.com-0002-2014Redesign;en-US;https://www.google.com/;1613;1;0
Delraysandsresort.com-0097-2016Redesign;en-US;https://www.google.ca/;27232;1;0
Delraysandsresort.com-0097-2016Redesign;en-US;https://www.google.ca/;27232;1;0
Galthouse.com-0042-2015Redesign;en-US;https://www.google.com/;31905;1;0
Galthouse.com-0042-2015Redesign;en-US;https://www.google.com/;31905;1;0
Cphollywoodbeach.com-0032-2015Redesign;en-US;https://www.google.com/;7831;1;0
Cphollywoodbeach.com-0032-2015Redesign;en-US;https://www.google.ca/;7831;1;0
Broadmoor.com-0073-2016Redesign;en-US;https://www.bing.com/;16721;1;0
Broadmoor.com-0073-2016Redesign;en-US;https://www.google.com/;16731;1;0
Galthouse.com-0042-2015Redesign;en-US;http://www.kfcyumcenter.com/plan-your-visit/where-to-stay;31905;1;0
Galthouse.com-0042-2015Redesign;en-US;http://www.kfcyumcenter.com/plan-your-visit/where-to-stay;31905;1;0
Theoxfordhotel.com-0062-2015Redesign;en-US;https://www.google.com/;14337;1;0
Washingtoncourthotel.com-0076-2016Redesign;en-US;https://www.google.com/;17858;1;0
Lidobeachresort.com-0106-2017Redesign;en-US;http://www.baidu.com/;28666;1;0
Lidobeachresort.com-0106-2017Redesign;en-US;http://www.baidu.com/;28666;1;0
Casaybelresort.com-0002-2014Redesign;en-US;https://www.google.com/;1613;1;0
Broadmoor.com-0073-2016Redesign;en-US;http://m.facebook.com/;17344;1;0
Casaybelresort.com-0002-2014Redesign;en-US;http://us.yhs4.search.yahoo.com/yhs/search;1613;1;0
Broadmoor.com-0073-2016Redesign;en-US;http://login.nomadix.com:1111/web/portal.html;16724;1;0
Broadmoor.com-0073-2016Redesign;en-US;http://login.nomadix.com:1111/web/portal.html;16724;1;0
Cphollywoodbeach.com-0032-2015Redesign;en-US;http://www.google.com/;7831;1;0
Luxehotels.com-0078-2016Redesign;en-US;https://www.google.co.jp/;18831;1;0
Casaybelresort.com-0002-2014Redesign;en-US;http://board.bestofsanibelcaptiva.com/viewtopic.php;1613;1;0
Casaybelresort.com-0002-2014Redesign;en-US;https://www.google.com/;1613;1;0
Broadmoor.com-0073-2016Redesign;en-US;https://amp-timeinc-net.cdn.ampproject.org/v/amp.timeinc.net/golf/courses-and-travel/colorado-golf-courses-best-public-golf-courses-2016;16790;1;0
Washingtondukeinn.com-0024-2014Redesign;en-US;https://www.google.com/;4524;1;0
Washingtondukeinn.com-0024-2014Redesign;en-US;https://www.google.com/;4524;1;0
Sandylane.com-0075-2016Redesign;en-US;http://www.coastalliving.com/travel/top-10/top-10-exotic-beach-destinations;17611;1;0
Broadmoor.com-0073-2016Redesign;en-US;http://adventurousmountainweddings.com/;16721;1;0
Cphollywoodbeach.com-0032-2015Redesign;en-US;http://www.google.com/;7831;1;0
Broadmoor.com-0073-2016Redesign;en-US;https://s0.2mdn.net/ads/richmedia/studio/pv2/60321909/20170829133511097/index.html;18014;1;0
Thesagamore.com-0112-2017Redesign;en-US;http://www.google.com/;32339;1;0
Casaybelresort.com-0002-2014Redesign;en-US;https://www.google.com/;1613;1;0
Longboatkeyclub.com-0104-2017Redesign;en-US;https://www.google.com/;28317;1;0
saddlebrook.com-0011-2014Redesign;en-US;https://www.google.com/;3457;1;0
Samosetresort.com-0113-2017Redesign;en-US;https://www.google.ca/;32541;1;0
Samosetresort.com-0113-2017Redesign;en-US;https://www.google.ca/;32541;1;0
Opalsands.com-0084-2016Redesign;en-US;https://reservations.opalsands.com/opalsands/availability.asp;20921;1;0
Thesagamore.com-0112-2017Redesign;en-US;https://www.google.com/;32347;1;0
Broadmoor.com-0073-2016Redesign;en-US;https://www.google.com/;18259;1;0
Galthouse.com-0042-2015Redesign;en-US;https://www.google.com/;31905;1;0
Galthouse.com-0042-2015Redesign;en-US;https://www.google.com/;31905;1;0
Cphollywoodbeach.com-0032-2015Redesign;en-US;https://www.sunny.org/webcam/;7831;1;0
Cphollywoodbeach.com-0032-2015Redesign;en-US;https://www.sunny.org/webcam/;7831;1;0
Cphollywoodbeach.com-0032-2015Redesign;en-US;https://www.google.ca/;7831;1;0
Casaybelresort.com-0002-2014Redesign;en-US;https://www.google.com/;1768;1;0
Thesagamore.com-0112-2017Redesign;en-US;http://www.newyorkupstate.com/places-to-stay/2016/02/top_rated_hotel_places_to_stay_upstate_ny_aaa_four_diamonds_rating.html;32339;1;0
Thesagamore.com-0112-2017Redesign;en-US;http://www.newyorkupstate.com/places-to-stay/2016/02/top_rated_hotel_places_to_stay_upstate_ny_aaa_four_diamonds_rating.html;32339;1;0
Marriottkeylargo.com-0015-2014Redesign;en-US;http://surfinggator.com/florida-keys/live-cams/live-cams.html;3948;1;0
Casaybelresort.com-0002-2014Redesign;en-US;https://www.google.com/;1613;1;0
Marriottkeylargo.com-0015-2014Redesign;en-US;http://surfinggator.com/florida-keys/live-cams/live-cams.html;3964;1;0
saddlebrook.com-0011-2014Redesign;en-US;https://www.google.com/;3453;1;0
Casaybelresort.com-0002-2014Redesign;en-US;https://www.google.com/;1613;1;0
Courtyardportlandcitycenter.com-0063-2015Redesign;en-US;https://www.google.com/;14545;1;0
Marriottkeylargo.com-0015-2014Redesign;en-US;http://www.fla-keys.com/webcams/marriott-key-largo-bay/;3964;1;0
Casaybelresort.com-0002-2014Redesign;en-US;https://www.google.com/;1613;1;0
Casaybelresort.com-0002-2014Redesign;en-US;https://www.google.com/;1613;1;0
Casaybelresort.com-0002-2014Redesign;en-US;http://surfinggator.com/fort-myers/cams/cams.html;1613;1;0
Broadmoor.com-0073-2016Redesign;en-US;https://s0.2mdn.net/ads/richmedia/studio/pv2/60321909/20170829133511097/index.html;18014;1;0
