Cphollywoodbeach.com-0032-2015Redesign;en-US;https://www.sunny.org/webcam/;7831;1;0
Halcyonhotelcherrycreek.com-0061-2015Redesign;en-US;http://www.myboringcloset.com/;22121;1;0
Casaybelresort.com-0002-2014Redesign;en-US;https://www.bing.com/;1533;1;0
Halcyonhotelcherrycreek.com-0061-2015Redesign;en-US;https://www.google.com/;23287;1;0
Broadmoor.com-0073-2016Redesign;en-US;https://www.google.com/;17451;1;0
Longboatkeyclub.com-0104-2017Redesign;en-US;https://www.google.com/;29749;1;0
Monarchbeachresort.com-0092-2016Redesign;en-US;https://l.facebook.com/;36747;1;0
Marriottkeylargo.com-0015-2014Redesign;en-US;http://surfinggator.com/florida-keys/live-cams/live-cams.html;3948;1;0
Cphollywoodbeach.com-0032-2015Redesign;en-US;https://www.sunny.org/webcam/;7831;1;0
Luxehotels.com-0078-2016Redesign;en-US;http://www.google.com/;18943;1;0
Marriottkeylargo.com-0015-2014Redesign;en-US;http://www.beachcamsusa.com/fl/key-largo/key-largo-marriott-bay-resort-live-webcam;3948;1;0
Marriottkeylargo.com-0015-2014Redesign;en-US;http://surfinggator.com/florida-keys/live-cams/live-cams.html;3948;1;0
Marriottkeylargo.com-0015-2014Redesign;en-US;http://www.beachcamsusa.com/fl/key-largo/key-largo-marriott-bay-resort-live-webcam;3964;1;0
Sandylane.com-0075-2016Redesign;en-US;https://www.google.com/;17611;1;0
Broadmoor.com-0073-2016Redesign;en-US;android-app://com.google.android.googlequicksearchbox/;16721;1;0
Casaybelresort.com-0002-2014Redesign;en-US;https://socialmediascanner.eset.com/;1533;1;0
Broadmoor.com-0073-2016Redesign;en-US;http://www.colorado.com/;18259;1;0
Springhillsuitesdenver.com-0060-2015Redesign;en-US;https://www.google.com/;12307;1;0
Longboatkeyclub.com-0104-2017Redesign;en-US;https://worldcam.eu/webcams/north-america/florida-usa/15728;28317;1;0
Monarchbeachresort.com-0092-2016Redesign;en-US;https://www.google.com/;22964;1;0
Cocokeyorlando.com-0059-2015Redesign;en-US;https://www.google.co.uk/;12414;1;0
Cphollywoodbeach.com-0032-2015Redesign;en-US;https://www.sunny.org/webcam/;7831;1;0
Marriottkeylargo.com-0015-2014Redesign;en-US;http://twooceansdigital.com/services/web-cams;3948;1;0
Hospitalityupgrade.com-0093-2016Redesign;en-US;https://www.google.com/;31876;1;0
Marriottkeylargo.com-0015-2014Redesign;en-US;http://twooceansdigital.com/services/web-cams;3964;1;0
Marriottkeylargo.com-0015-2014Redesign;en-US;http://surfinggator.com/florida-keys/live-cams/live-cams.html;3948;1;0
Broadmoor.com-0073-2016Redesign;en-US;https://www.google.com/;18259;1;0
Marriottkeylargo.com-0015-2014Redesign;en-US;http://surfinggator.com/florida-keys/live-cams/live-cams.html;3948;1;0
Luxehotels.com-0078-2016Redesign;en-US;https://www.google.com/;18833;1;0
Cphollywoodbeach.com-0032-2015Redesign;en-US;https://www.sunny.org/webcam/;7831;1;0
Marriottkeylargo.com-0015-2014Redesign;en-US;http://www.beachcamsusa.com/fl/key-largo/key-largo-marriott-bay-resort-live-webcam;3948;1;0
Marriottkeylargo.com-0015-2014Redesign;en-US;http://www.beachcamsusa.com/fl/key-largo/key-largo-marriott-bay-resort-live-webcam;3948;1;0
Marriottkeylargo.com-0015-2014Redesign;en-US;http://www.beachcamsusa.com/fl/key-largo/key-largo-marriott-bay-resort-live-webcam;3964;1;0
Cphollywoodbeach.com-0032-2015Redesign;en-US;https://www.sunny.org/webcam/;7831;1;0
Marriottkeylargo.com-0015-2014Redesign;en-US;http://twooceansdigital.com/services/web-cams;3964;1;0
Opalsands.com-0084-2016Redesign;en-US;http://www.beachtourism.com/opalsandsresort/;20171;1;0
Jbdukehotel.com-0086-2016Redesign;en-US;https://www.google.com/;21918;1;0
Napavalleymarriott.com-0071-2016Redesign;en-US;https://www.google.com/;16432;1;0
Cphollywoodbeach.com-0032-2015Redesign;en-US;android-app://com.google.android.googlequicksearchbox/;7831;1;0
