Miravalspamonarchbeach.com-0109-2017Redesign;en-US;http://www.monarchbeachresort.com/miraval-spa-dana-point/;32984;1;0
Thelodgeatwoodloch.com-0033-2015Redesign;en-US;https://www.google.com/;7764;1;0
Monarchbeachresort.com-0092-2016Redesign;en-US;https://www.google.com/;22725;1;0
Broadmoor.com-0073-2016Redesign;en-US;https://www.google.com/;16721;1;0
Miravalspamonarchbeach.com-0109-2017Redesign;en-US;http://www.monarchbeachresort.com/orange-county-golf/;31709;1;0
Thelodgeatwoodloch.com-0033-2015Redesign;en-US;https://travelnoire.com/inner-peace-east-coast-wellness-getaways/;7764;1;0
Napavalleymarriott.com-0071-2016Redesign;en-US;https://www.google.com/;16432;1;0
Broadmoor.com-0073-2016Redesign;en-US;https://www.google.com/;18259;1;0
Jupiterbeachresort.com-0103-2017Redesign;en-US;https://www.google.com/;28158;1;0
Thesagamore.com-0112-2017Redesign;en-US;https://www.google.com/;32339;1;0
Thesagamore.com-0112-2017Redesign;en-US;https://www.google.com/;32339;1;0
Sandpearl.com-0091-2016Redesign;en-US;https://www.google.com/;22481;1;0
Sandpearl.com-0091-2016Redesign;en-US;https://www.google.com/;22481;1;0
Sandylane.com-0075-2016Redesign;en-US;https://www.google.com/;17611;1;0
saddlebrook.com-0011-2014Redesign;en-US;http://www.golfadvisor.com/articles/ask-local-golf-advisor-chicago-16537.htm;4534;1;0
theweststreethotel.com-0115-2017Redesign;en-US;http://www.barharborwhales.com/waterfront-hotels/;36683;1;0
Sandpearl.com-0091-2016Redesign;en-US;https://www.google.com/;22481;1;0
Theoxfordhotel.com-0062-2015Redesign;en-US;https://www.google.com/;14336;1;0
Secretharbourvi.com-0040-2015Redesign;en-US;https://23kw.ru/;9231;1;0
Broadmoor.com-0073-2016Redesign;en-US;http://www.visitcos.com/where-to-stay/dude-and-guest-ranches/;16721;1;0
Edgewaternaples.com-0094-2016Redesign;en-US;https://s0.2mdn.net/ads/richmedia/studio/pv2/60192272/20170510101117485/index.html;25239;1;0
Unionstationhotelnashville.com-0047-2015Redesign;en-US;https://www.bing.com/;32226;1;0
Cendyn.com-0095-2016Redesign;en-US;https://xn--d1aifoe0a9a.top/;26640;1;0
Cendyn.com-0095-2016Redesign;en-US;https://xn--d1aifoe0a9a.top/;26640;1;0
Thesagamore.com-0112-2017Redesign;en-US;https://www.google.com/;32339;1;0
Broadmoor.com-0073-2016Redesign;en-US;https://www.google.com/;16721;1;0
Cphollywoodbeach.com-0032-2015Redesign;en-US;https://www.google.com/;7805;1;0
Sandylane.com-0075-2016Redesign;en-US;https://www.google.co.uk/;17611;1;0
Denvercy.com-0036-2015Redesign;en-US;https://www.google.com/;8150;1;0
Cphollywoodbeach.com-0032-2015Redesign;en-US;https://www.sunny.org/webcam/;7831;1;0
Springhillsuitesdenver.com-0060-2015Redesign;en-US;https://www.google.com/;12307;1;0
Cphollywoodbeach.com-0032-2015Redesign;en-US;https://www.sunny.org/webcam/;7831;1;0
Washingtoncourthotel.com-0076-2016Redesign;en-US;https://www.google.com/;17858;1;0
Thelodgeatwoodloch.com-0033-2015Redesign;en-US;https://search.yahoo.com/;7764;1;0
Theoxfordhotel.com-0062-2015Redesign;en-US;https://ca.search.yahoo.com/search;14325;1;0
Casaybelresort.com-0002-2014Redesign;en-US;https://www.bing.com/;1533;1;0
