Longboatkeyclub.com-0104-2017Redesign;en-US;http://www.google.com/;28317;1;0
Sandylane.com-0075-2016Redesign;en-US;https://amp-coastalliving-com.cdn.ampproject.org/v/amp.coastalliving.com/travel/top-10/top-10-exotic-beach-destinations;17611;1;0
Broadmoor.com-0073-2016Redesign;en-US;http://tpc.googlesyndication.com/safeframe/1-0-10/html/container.html;16728;1;0
Monarchbeachresort.com-0092-2016Redesign;en-US;https://www.google.com/;22995;1;0
Monarchbeachresort.com-0092-2016Redesign;en-US;https://www.google.com/;22995;1;0
Monarchbeachresort.com-0092-2016Redesign;en-US;https://www.google.com/;22995;1;0
Monarchbeachresort.com-0092-2016Redesign;en-US;http://m.facebook.com/;22973;1;0
Opalsands.com-0084-2016Redesign;en-US;https://www.google.ca/;20171;1;0
Opalsands.com-0084-2016Redesign;en-US;https://www.google.com/;20171;1;0
Cocokeyorlando.com-0059-2015Redesign;en-US;https://www.google.com/;12394;1;0
Montaukyachtclub.com-0010-2014Redesign;en-US;https://www.google.com/;2240;1;0
Cphollywoodbeach.com-0032-2015Redesign;en-US;https://www.sunny.org/webcam/;7831;1;0
Thelodgeatwoodloch.com-0033-2015Redesign;en-US;https://www.google.com/;7764;1;0
Napavalleymarriott.com-0071-2016Redesign;en-US;https://www.google.com/;16432;1;0
Casaybelresort.com-0002-2014Redesign;en-US;http://www.captivasanibelrealestate.com/web-cams/;1613;1;0
Lidobeachresort.com-0106-2017Redesign;en-US;https://www.google.com.ph/;29818;1;0
Delraysandsresort.com-0097-2016Redesign;en-US;https://www.google.com/;27232;1;0
Broadmoor.com-0073-2016Redesign;en-US;http://www.restauranteur.com/co/cs/finedining.htm;16763;1;0
Jupiterbeachresort.com-0103-2017Redesign;en-US;https://www.bing.com/;28158;1;0
Delraysandsresort.com-0097-2016Redesign;en-US;https://www.google.com/;27232;1;0
Galthouse.com-0042-2015Redesign;en-US;http://m.facebook.com/;31905;1;0
Galthouse.com-0042-2015Redesign;en-US;http://m.facebook.com/;31905;1;0
Broadmoor.com-0073-2016Redesign;en-US;https://www.google.com/;18259;1;0
Broadmoor.com-0073-2016Redesign;en-US;https://www.google.com/;18259;1;0
Broadmoor.com-0073-2016Redesign;en-US;https://www.google.com/;16728;1;0
Broadmoor.com-0073-2016Redesign;en-US;http://m.facebook.com/;18013;1;0
Miravalspamonarchbeach.com-0109-2017Redesign;en-US;http://www.monarchbeachresort.com/;31709;1;0
Broadmoor.com-0073-2016Redesign;en-US;http://search.yahoo.com/search;18259;1;0
Opalsands.com-0084-2016Redesign;en-US;https://www.google.com/;40846;1;0
wentworthcom00212014redesign;en-US;https://www.google.com/;26679;1;0
Thelodgeatwoodloch.com-0033-2015Redesign;en-US;https://www.google.com/;7764;1;0
Halcyonhotelcherrycreek.com-0061-2015Redesign;en-US;https://www.google.com/;22121;1;0
Thesagamore.com-0112-2017Redesign;en-US;https://www.google.com/;32339;1;0
Cphollywoodbeach.com-0032-2015Redesign;en-US;https://www.sunny.org/webcam/;7831;1;0
Broadmoor.com-0073-2016Redesign;en-US;http://login.nomadix.com:1111/web/portal.html;16724;1;0
Opalsands.com-0084-2016Redesign;en-US;http://www.beachtourism.com/opalsandsresort/;20171;1;0
Broadmoor.com-0073-2016Redesign;en-US;http://login.nomadix.com:1111/web/portal.html;16724;1;0
Broadmoor.com-0073-2016Redesign;en-US;https://www.google.com/;17443;1;0
Secretharbourvi.com-0040-2015Redesign;en-US;https://www.bing.com/;9231;1;0
Jupiterbeachresort.com-0103-2017Redesign;en-US;https://www.bing.com/;28158;1;0
Opalsands.com-0084-2016Redesign;en-US;http://www.beachtourism.com/opalsandsresort/;20171;1;0
Laxembassy.com-0008-2014Redesign;en-US;https://www.google.com/;2037;1;0
Theharborsidehotel.com-0114-2017Redesign;en-US;http://kyiv.tech/;37571;1;0
Theharborsidehotel.com-0114-2017Redesign;en-US;http://seomoz.pro/;37571;1;0
Longboatkeyclub.com-0104-2017Redesign;en-US;http://www.google.com/;28325;1;0
Longboatkeyclub.com-0104-2017Redesign;en-US;http://www.google.com/;28325;1;0
Opalsands.com-0084-2016Redesign;en-US;http://www.beachtourism.com/opalsandsresort/;20171;1;0
Cphollywoodbeach.com-0032-2015Redesign;en-US;https://www.sunny.org/webcam/;7831;1;0
Theharborsidehotel.com-0114-2017Redesign;en-US;http://kyiv.media/;37571;1;0
Casaybelresort.com-0002-2014Redesign;en-US;https://www.google.com/;1533;1;0
Monarchbeachresort.com-0092-2016Redesign;en-US;https://www.google.com/;22725;1;0
Thelodgeatwoodloch.com-0033-2015Redesign;en-US;http://www.travelandleisure.com/travel-guide/hawley/hotels/lodge-at-woodloch;7764;1;0
Jupiterbeachresort.com-0103-2017Redesign;en-US;https://www.bing.com/;28158;1;0
Galthouse.com-0042-2015Redesign;en-US;https://www.google.com/;12887;1;0
Broadmoor.com-0073-2016Redesign;en-US;http://m.facebook.com/;16790;1;0
Thecurtis.com-0079-2016Redesign;en-US;https://www.bing.com/;17981;1;0
Galthouse.com-0042-2015Redesign;en-US;http://m.facebook.com/;31905;1;0
Broadmoor.com-0073-2016Redesign;en-US;http://tpc.googlesyndication.com/safeframe/1-0-10/html/container.html;16728;1;0
Galthouse.com-0042-2015Redesign;en-US;http://m.facebook.com/;31905;1;0
Thecurtis.com-0079-2016Redesign;en-US;https://www.google.com/;17981;1;0
