Cocokeyorlando.com-0059-2015Redesign;en-US;android-app://com.google.android.googlequicksearchbox/;12394;1;0
Longboatkeyclub.com-0104-2017Redesign;en-US;https://www.google.com/;28316;1;0
Longboatkeyclub.com-0104-2017Redesign;en-US;https://www.google.com/;28316;1;0
Thelodgeatwoodloch.com-0033-2015Redesign;en-US;http://r.search.yahoo.com/_ylt=AwrBT_3sKrBZGV4AbAZXNyoA##SEMICOLONDELIMITER##_ylu=X3oDMTEyYm5yMDJmBGNvbG8DYmYxBHBvcwMxBHZ0aWQDQjQyMTRfMQRzZWMDc3I-/RV=2/RE=1504746349/RO=10/RU=http%3a//www.thelodgeatwoodloch.com//RK=1/RS=P8wbg43TI0YOheZ7KwgM7scZdho-;7764;1;0
Theloganhotel.com-0043-2015Redesign;en-US;https://www.bing.com/;20218;1;0
Broadmoor.com-0073-2016Redesign;en-US;http://login.nomadix.com:1111/web/portal.html;16724;1;0
Galthouse.com-0042-2015Redesign;en-US;https://www.google.com/;9789;1;0
Galthouse.com-0042-2015Redesign;en-US;https://www.google.com/;9789;1;0
Broadmoor.com-0073-2016Redesign;en-US;http://login.nomadix.com:1111/web/portal.html;16724;1;0
Sandpearl.com-0091-2016Redesign;en-US;https://www.google.co.ve/;22481;1;0
Thelodgeatwoodloch.com-0033-2015Redesign;en-US;https://www.google.com/;9932;1;0
Sandpearl.com-0091-2016Redesign;en-US;http://m.facebook.com/;30638;1;0
Newyorkpalacemeetings.com-0045-2015Redesign;en-US;https://venerologiya.com/;9207;1;0
Newyorkpalacemeetings.com-0045-2015Redesign;en-US;https://venerologiya.com/;9207;1;0
Lidobeachresort.com-0106-2017Redesign;en-US;https://www.google.com/;28666;1;0
Assuranceoperations.com-0065-2015Redesign;en-US;https://www.google.com/;15263;1;0
Broadmoor.com-0073-2016Redesign;en-US;https://www.google.com/;16721;1;0
Broadmoor.com-0073-2016Redesign;en-US;https://s0.2mdn.net/ads/richmedia/studio/pv2/60316336/20170823124922506/index.html;18013;1;0
Newyorkpalacemeetings.com-0045-2015Redesign;en-US;https://www.mb140.ru/;9207;1;0
Renaissancepittsburghpa.com-0044-2015Redesign;en-US;http://www.google.com/;9637;1;0
Newyorkpalacemeetings.com-0045-2015Redesign;en-US;https://www.mb140.ru/;9207;1;0
Sandpearl.com-0091-2016Redesign;en-US;http://m.facebook.com/;30638;1;0
Denvercy.com-0036-2015Redesign;en-US;https://www.bing.com/;23655;1;0
Broadmoor.com-0073-2016Redesign;en-US;https://www.google.com/;21853;1;0
Broadmoor.com-0073-2016Redesign;en-US;https://www.google.com/;16742;1;0
Sandpearl.com-0091-2016Redesign;en-US;https://www.google.com/;22481;1;0
Sandylane.com-0075-2016Redesign;en-US;https://www.google.com/;17611;1;0
Edgewaternaples.com-0094-2016Redesign;en-US;https://reservations.edgewaternaples.com/edgewaternaples/book.asp;25287;1;0
Monarchbeachresort.com-0092-2016Redesign;en-US;https://www.google.com/;28523;1;0
Sandylane.com-0075-2016Redesign;en-US;https://www.google.com/;17611;1;0
Thelodgeatwoodloch.com-0033-2015Redesign;en-US;https://www.google.com/;7764;1;0
Broadmoor.com-0073-2016Redesign;en-US;https://www.google.com/;16721;1;0
Broadmoor.com-0073-2016Redesign;en-US;https://www.google.com/;16721;1;0
Longboatkeyclub.com-0104-2017Redesign;en-US;https://www.google.com/;28316;1;0
Sandpearl.com-0091-2016Redesign;en-US;http://connectivitycheck.gstatic.com/generate_204;22481;1;0
Sandpearl.com-0091-2016Redesign;en-US;http://connectivitycheck.gstatic.com/generate_204;22481;1;0
Broadmoor.com-0073-2016Redesign;en-US;http://www.google.com/;18259;1;0
Thelodgeatwoodloch.com-0033-2015Redesign;en-US;https://www.google.com/;7764;1;0
Cocokeyorlando.com-0059-2015Redesign;en-US;https://www.google.com/;12410;1;0
