saddlebrook.com-0011-2014Redesign;en-US;https://www.google.com/;3385;1;0
Broadmoor.com-0073-2016Redesign;en-US;https://www.google.com/;16721;1;0
Springhillsuitesdenver.com-0060-2015Redesign;en-US;https://ad.doubleclick.net/ddm/clk/300644937##SEMICOLONDELIMITER##127631529##SEMICOLONDELIMITER##h##SEMICOLONDELIMITER##u=ds&sv1=25020735332&sv2=3009641286848000&sv3=4071655455843801462&gclid=CIDOm9-FlNYCFeyyswodIdoCcQ##SEMICOLONDELIMITER##%3fhttp://www.springhillsuitesdenver.com;12307;1;0
Monarchbeachresort.com-0092-2016Redesign;en-US;https://www.google.com/;22725;1;0
Monarchbeachresort.com-0092-2016Redesign;en-US;https://www.google.co.uk/;22725;1;0
Broadmoor.com-0073-2016Redesign;en-US;https://www.google.com/;18188;1;0
Thesagamore.com-0112-2017Redesign;en-US;http://www.google.com/;33474;1;0
Theoxfordhotel.com-0062-2015Redesign;en-US;http://m.facebook.com/;14325;1;0
Broadmoor.com-0073-2016Redesign;en-US;http://login.nomadix.com:1111/web/portal.html;16724;1;0
Thesagamore.com-0112-2017Redesign;en-US;https://www.google.com/;32339;1;0
Broadmoor.com-0073-2016Redesign;en-US;http://login.nomadix.com:1111/web/portal.html;16724;1;0
Broadmoor.com-0073-2016Redesign;en-US;https://www.google.com/;16767;1;0
Halcyonhotelcherrycreek.com-0061-2015Redesign;en-US;https://www.google.com/;23227;1;0
Broadmoor.com-0073-2016Redesign;en-US;http://login.nomadix.com:1111/web/portal.html;16724;1;0
Broadmoor.com-0073-2016Redesign;en-US;http://login.nomadix.com:1111/web/portal.html;16724;1;0
Lidobeachresort.com-0106-2017Redesign;en-US;http://www.google.com/;28666;1;0
Lidobeachresort.com-0106-2017Redesign;en-US;http://www.google.com/;28666;1;0
Lakeplacidlodge.com-0105-2017Redesign;en-US;http://www.nylabone.com/dog-house-chatter/2016/08/30/10-dog-friendly-vacation-destinations-on-the-east-coast/;28545;1;0
Lakeplacidlodge.com-0105-2017Redesign;en-US;http://www.nylabone.com/dog-house-chatter/2016/08/30/10-dog-friendly-vacation-destinations-on-the-east-coast/;28545;1;0
Residenceinnnyc.com-0034-2015Redesign;en-US;https://www.google.com/;7926;1;0
Galthouse.com-0042-2015Redesign;en-US;https://www.bing.com/;31905;1;0
Broadmoor.com-0073-2016Redesign;en-US;http://login.nomadix.com:1111/web/portal.html;16724;1;0
Broadmoor.com-0073-2016Redesign;en-US;http://login.nomadix.com:1111/web/portal.html;16724;1;0
Theoxfordhotel.com-0062-2015Redesign;en-US;http://den-80202-5400.localdomain:8000/;14325;1;0
Halcyonhotelcherrycreek.com-0061-2015Redesign;en-US;http://pornolook.net/;22121;1;0
Halcyonhotelcherrycreek.com-0061-2015Redesign;en-US;http://pornolook.net/;22121;1;0
Cphollywoodbeach.com-0032-2015Redesign;en-US;https://www.google.ca/;7831;1;0
Broadmoor.com-0073-2016Redesign;en-US;http://www.colorado.com/;16721;1;0
Theoxfordhotel.com-0062-2015Redesign;en-US;http://den-80202-5400.localdomain:8000/;14325;1;0
Broadmoor.com-0073-2016Redesign;en-US;https://www.google.com/;16766;1;0
Broadmoor.com-0073-2016Redesign;en-US;http://www.colorado.com/;16721;1;0
Halcyonhotelcherrycreek.com-0061-2015Redesign;en-US;http://pornolook.net/;22121;1;0
Hospitalityupgrade.com-0093-2016Redesign;en-US;https://www.google.ge/;37631;1;0
Broadmoor.com-0073-2016Redesign;en-US;http://login.nomadix.com:1111/web/portal.html;16724;1;0
Broadmoor.com-0073-2016Redesign;en-US;http://login.nomadix.com:1111/web/portal.html;16724;1;0
Broadmoor.com-0073-2016Redesign;en-US;https://www.bing.com/;16721;1;0
Broadmoor.com-0073-2016Redesign;en-US;https://www.bing.com/;16721;1;0
Glencovemansion.com-0058-2015Redesign;en-US;https://www.google.com/;13328;1;0
Treasureislandbeachresort.com-0089-2016Redesign;en-US;https://www.google.com/;22169;1;0
Treasureislandbeachresort.com-0089-2016Redesign;en-US;https://www.google.com/;22169;1;0
Broadmoor.com-0073-2016Redesign;en-US;https://www.google.com/;40439;1;0
