Cphollywoodbeach.com-0032-2015Redesign;en-US;https://www.sunny.org/webcam/;7831;1;0
Hospitalityupgrade.com-0093-2016Redesign;en-US;https://www.bing.com/;37631;1;0
Theloganhotel.com-0043-2015Redesign;en-US;https://www.google.com/;20218;1;0
Galthouse.com-0042-2015Redesign;en-US;http://m.facebook.com/;31905;1;0
Broadmoor.com-0073-2016Redesign;en-US;https://www.google.com/;18259;1;0
Washingtondukeinn.com-0024-2014Redesign;en-US;https://www.google.com/;4767;1;0
Thecurtis.com-0079-2016Redesign;en-US;https://www.google.com/;17981;1;0
Napavalleymarriott.com-0071-2016Redesign;en-US;https://www.google.com/;16432;1;0
Broadmoor.com-0073-2016Redesign;en-US;https://www.google.co.uk/;16721;1;0
wentworthcom00212014redesign;en-US;https://www.bing.com/;26679;1;0
Oxfordclubspa.com-0068-2016Redesign;en-US;https://www.google.com/;15568;1;0
Thelodgeatwoodloch.com-0033-2015Redesign;en-US;https://www.google.com/;7764;1;0
Thelodgeatwoodloch.com-0033-2015Redesign;en-US;https://www.google.com/;8390;1;0
Cphollywoodbeach.com-0032-2015Redesign;en-US;https://www.sunny.org/webcam/;7831;1;0
Broadmoor.com-0073-2016Redesign;en-US;http://tpc.googlesyndication.com/safeframe/1-0-10/html/container.html;16728;1;0
Thelodgeatwoodloch.com-0033-2015Redesign;en-US;https://www.google.com/;7764;1;0
Thelodgeatwoodloch.com-0033-2015Redesign;en-US;https://www.google.com/;7764;1;0
Monarchbeachresort.com-0092-2016Redesign;en-US;https://www.google.com/;22725;1;0
Samosetresort.com-0113-2017Redesign;en-US;https://www.google.com/;32541;1;0
Longboatkeyclub.com-0104-2017Redesign;en-US;https://www.google.ca/;28317;1;0
Thesagamore.com-0112-2017Redesign;en-US;https://www.google.com/;32339;1;0
Broadmoor.com-0073-2016Redesign;en-US;https://www.seaisland.com/affiliates/the-broadmoor/;16721;1;0
Broadmoor.com-0073-2016Redesign;en-US;https://www.google.com/;16791;1;0
wentworthcom00212014redesign;en-US;http://www.google.com/;4306;1;0
Halcyonhotelcherrycreek.com-0061-2015Redesign;en-US;https://stillmiracle.com/;22121;1;0
Galthouse.com-0042-2015Redesign;en-US;https://www.google.com/;31905;1;0
Casaybelresort.com-0002-2014Redesign;en-US;https://www.google.com/;1613;1;0
Cphollywoodbeach.com-0032-2015Redesign;en-US;https://www.google.com/;7805;1;0
Galthouse.com-0042-2015Redesign;en-US;https://www.google.com/;31905;1;0
Broadmoor.com-0073-2016Redesign;en-US;https://www.google.com/;16721;1;0
Broadmoor.com-0073-2016Redesign;en-US;https://www.google.com/;16721;1;0
Longboatkeyclub.com-0104-2017Redesign;en-US;https://r.search.yahoo.com/_ylt=A0SO8wi9sLZZi5oAkG9x.9w4##SEMICOLONDELIMITER##_ylu=X3oDMTByb2lvbXVuBGNvbG8DZ3ExBHBvcwMxBHZ0aWQDBHNlYwNzcg--/RV=2/RE=1505173821/RO=10/RU=https%3a//www.longboatkeyclub.com//RK=1/RS=j11.NQmCAp1Uf89pt0xIP9j.ibw-;28316;1;0
Broadmoor.com-0073-2016Redesign;en-US;https://www.google.com/;16721;1;0
Sandpearl.com-0091-2016Redesign;en-US;http://r.search.yahoo.com/_ylt=A0LEVvUQsLZZBTMA.VIPxQt.##SEMICOLONDELIMITER##_ylu=X3oDMTByMjB0aG5zBGNvbG8DYmYxBHBvcwMxBHZ0aWQDBHNlYwNzYw--/RV=2/RE=1505173648/RO=10/RU=http%3a//www.sandpearl.com/RK=1/RS=_yJVu5DY8ERAX.pvRlXa09pthrw-;22481;1;0
Sandpearl.com-0091-2016Redesign;en-US;http://r.search.yahoo.com/_ylt=A0LEVvUQsLZZBTMA.VIPxQt.##SEMICOLONDELIMITER##_ylu=X3oDMTByMjB0aG5zBGNvbG8DYmYxBHBvcwMxBHZ0aWQDBHNlYwNzYw--/RV=2/RE=1505173648/RO=10/RU=http%3a//www.sandpearl.com/RK=1/RS=_yJVu5DY8ERAX.pvRlXa09pthrw-;22481;1;0
Opalsands.com-0084-2016Redesign;en-US;http://www.beachtourism.com/opalsandsresort/;20171;1;0
Treasureislandbeachresort.com-0089-2016Redesign;en-US;https://s0.2mdn.net/ads/richmedia/studio/pv2/60220772/20170601080644339/index.html;22169;1;0
Thesagamore.com-0112-2017Redesign;en-US;https://www.google.com/;32339;1;0
Broadmoor.com-0073-2016Redesign;en-US;https://www.bing.com/;16791;1;0
Zotabeachresort.com-0090-2016Redesign;en-US;https://www.google.ca/;22357;1;0
Longboatkeyclub.com-0104-2017Redesign;en-US;https://www.google.com/;28317;1;0
Thelodgeatwoodloch.com-0033-2015Redesign;en-US;https://www.google.com/;7764;1;0
Cphollywoodbeach.com-0032-2015Redesign;en-US;https://www.google.com/;7831;1;0
Galthouse.com-0042-2015Redesign;en-US;https://www.google.com/;31905;1;0
Galthouse.com-0042-2015Redesign;en-US;https://www.google.com/;31905;1;0
Cphollywoodbeach.com-0032-2015Redesign;en-US;https://www.google.ca/;7831;1;0
Longboatkeyclub.com-0104-2017Redesign;en-US;http://www.baysider.com/frame/webcam/4120/;35641;1;0
wentworthcom00212014redesign;en-US;http://www.google.com/;4306;1;0
Galthouse.com-0042-2015Redesign;en-US;https://www.google.com/;31905;1;0
Broadmoor.com-0073-2016Redesign;en-US;https://www.google.com/;16721;1;0
Cocokeyorlando.com-0059-2015Redesign;en-US;https://www.google.com/;12410;1;0
Broadmoor.com-0073-2016Redesign;en-US;https://www.google.com/;16728;1;0
Monarchbeachresort.com-0092-2016Redesign;en-US;https://www.bing.com/;22725;1;0
Monarchbeachresort.com-0092-2016Redesign;en-US;https://www.google.com/;22725;1;0
Galthouse.com-0042-2015Redesign;en-US;https://search.yahoo.com/;10558;1;0
Cphollywoodbeach.com-0032-2015Redesign;en-US;https://www.google.com/;7831;1;0
Montaukyachtclub.com-0010-2014Redesign;en-US;http://staceyandbryan.com/accommodations;2240;1;0
