Theharborsidehotel.com-0114-2017Redesign;en-US;https://www.google.com/;37571;1;0
Sandpearl.com-0091-2016Redesign;en-US;http://m.facebook.com/;22481;1;0
Theharborsidehotel.com-0114-2017Redesign;en-US;https://www.google.com/;37571;1;0
Residenceinnlax.com-0026-2014Redesign;en-US;http://www.google.com/;5271;1;0
Edgewaternaples.com-0094-2016Redesign;en-US;http://m.facebook.com/;33020;1;0
Edgewaternaples.com-0094-2016Redesign;en-US;http://m.facebook.com/;33020;1;0
Montaukyachtclub.com-0010-2014Redesign;en-US;https://www.google.com/;2454;1;0
Broadmoor.com-0073-2016Redesign;en-US;http://login.nomadix.com:1111/web/portal.html;16724;1;0
Broadmoor.com-0073-2016Redesign;en-US;http://login.nomadix.com:1111/web/portal.html;16724;1;0
Lidobeachresort.com-0106-2017Redesign;en-US;https://www.google.com/;28666;1;0
Galthouse.com-0042-2015Redesign;en-US;https://www.google.com/;31905;1;0
Galthouse.com-0042-2015Redesign;en-US;https://s0.2mdn.net/ads/richmedia/studio/pv2/60042160/20170110091718066/index.html;10923;1;0
Jupiterbeachresort.com-0103-2017Redesign;en-US;http://connectivitycheck.gstatic.com/generate_204;28158;1;0
Sandpearl.com-0091-2016Redesign;en-US;http://www.opalcollection.com/sandpearl-resort-clearwater-beach/;22481;1;0
Sandpearl.com-0091-2016Redesign;en-US;http://www.opalcollection.com/sandpearl-resort-clearwater-beach/;22481;1;0
Zotabeachresort.com-0090-2016Redesign;en-US;http://m.facebook.com/;23062;1;0
Opalsands.com-0084-2016Redesign;en-US;https://reservations.opalsands.com/opalsands/book.asp;23635;1;0
Zotabeachresort.com-0090-2016Redesign;en-US;https://www.google.com/;22357;1;0
Zotabeachresort.com-0090-2016Redesign;en-US;http://m.facebook.com/;23062;1;0
saddlebrook.com-0011-2014Redesign;en-US;https://www.google.com/;3452;1;0
Renaissancepittsburghpa.com-0044-2015Redesign;en-US;http://www.matscitech.org/housingtravel/;9637;1;0
Jupiterbeachresort.com-0103-2017Redesign;en-US;https://www.google.com.uy/;28158;1;0
Minnetonkamarriott.com-0039-2015Redesign;en-US;https://www.google.com/;8817;1;0
Broadmoor.com-0073-2016Redesign;en-US;https://www.google.com/;18782;1;0
Theoxfordhotel.com-0062-2015Redesign;en-US;https://www.google.com/;14331;1;0
Monarchbeachresort.com-0092-2016Redesign;en-US;https://www.google.bg/;22725;1;0
Longboatkeyclub.com-0104-2017Redesign;en-US;https://www.google.com/;28316;1;0
Glencovemansion.com-0058-2015Redesign;en-US;https://www.google.com/;13328;1;0
