Thesagamore.com-0112-2017Redesign;en-US;https://www.google.com/;32339;1;0
Casaybelresort.com-0002-2014Redesign;en-US;https://www.google.com/;1533;1;0
Cphollywoodbeach.com-0032-2015Redesign;en-US;https://www.sunny.org/webcam/;7831;1;0
Lakeplacidlodge.com-0105-2017Redesign;en-US;https://www.google.com/;28546;1;0
Galthouse.com-0042-2015Redesign;en-US;https://www.google.com/;31905;1;0
Cocokeyorlando.com-0059-2015Redesign;en-US;https://www.google.com/;12412;1;0
saddlebrook.com-0011-2014Redesign;en-US;https://www.google.com/;4538;1;0
Assuranceoperations.com-0065-2015Redesign;en-US;http://14b.info/;15289;1;0
Thecurtis.com-0079-2016Redesign;en-US;https://www.google.com/;17981;1;0
Cocokeyorlando.com-0059-2015Redesign;en-US;https://www.bing.com/;12394;1;0
Cocokeyorlando.com-0059-2015Redesign;en-US;https://www.bing.com/;12394;1;0
Luxehotels.com-0078-2016Redesign;en-US;https://www.google.com/;18833;1;0
Longboatkeyclub.com-0104-2017Redesign;en-US;https://www.bing.com/;28316;1;0
Longboatkeyclub.com-0104-2017Redesign;en-US;https://www.bing.com/;28316;1;0
Thesagamore.com-0112-2017Redesign;en-US;http://www.cnn.com/travel/article/adirondacks-historic-lodges/index.html;32339;1;0
Thesagamore.com-0112-2017Redesign;en-US;http://www.cnn.com/travel/article/adirondacks-historic-lodges/index.html;32339;1;0
Thesagamore.com-0112-2017Redesign;en-US;http://www.cnn.com/travel/article/adirondacks-historic-lodges/index.html;32339;1;0
Cocokeyorlando.com-0059-2015Redesign;en-US;https://tpc.googlesyndication.com/safeframe/1-0-10/html/container.html;40344;1;0
Crmweb.cendyn.com-0121-2017Redesign;en-US;http://www.kingsmill.com/dining/overview/;38032;1;0
Thecurtis.com-0079-2016Redesign;en-US;http://springboardexchange.org/;17981;1;0
Lakeplacidlodge.com-0105-2017Redesign;en-US;http://www.lakeplacid.com/do/dining/maggies-pub;28545;1;0
Cphollywoodbeach.com-0032-2015Redesign;en-US;https://www.sunny.org/webcam/;7831;1;0
Opalsands.com-0084-2016Redesign;en-US;https://reservations.opalsands.com/opalsands/booked.asp;21540;1;0
Opalsands.com-0084-2016Redesign;en-US;http://www.beachtourism.com/opalsandsresort/;20171;1;0
Broadmoor.com-0073-2016Redesign;en-US;https://www.google.com/;21231;1;0
Marriottkeylargo.com-0015-2014Redesign;en-US;http://r.search.yahoo.com/_ylt=AwrBT9YgLbhZ._IA83px.9w4##SEMICOLONDELIMITER##_ylu=X3oDMTByOHZyb21tBGNvbG8DYmYxBHBvcwMxBHZ0aWQDBHNlYwNzcg--/RV=2/RE=1505271201/RO=10/RU=http%3a//www.marriottkeylargo.com/key-largo-hotel-offers//RK=1/RS=9TkNciaUzhrgocKVzzr_WvEWDAU-;3950;1;0
Opalsands.com-0084-2016Redesign;en-US;https://search.yahoo.com/;20171;1;0
Broadmoor.com-0073-2016Redesign;en-US;http://login.nomadix.com:1111/web/portal.html;16724;1;0
Renaissancepittsburghpa.com-0044-2015Redesign;en-US;https://www.google.com/;9637;1;0
Casaybelresort.com-0002-2014Redesign;en-US;https://www.bing.com/;1613;1;0
Broadmoor.com-0073-2016Redesign;en-US;http://login.nomadix.com:1111/web/portal.html;16724;1;0
Thesagamore.com-0112-2017Redesign;en-US;https://www.google.com/;32339;1;0
Thesagamore.com-0112-2017Redesign;en-US;http://www.cnn.com/travel/article/adirondacks-historic-lodges/index.html;32339;1;0
Thesagamore.com-0112-2017Redesign;en-US;http://www.cnn.com/travel/article/adirondacks-historic-lodges/index.html;32339;1;0
Broadmoor.com-0073-2016Redesign;en-US;http://login.nomadix.com:1111/web/portal.html;16724;1;0
Broadmoor.com-0073-2016Redesign;en-US;http://login.nomadix.com:1111/web/portal.html;16724;1;0
Broadmoor.com-0073-2016Redesign;en-US;http://login.nomadix.com:1111/web/portal.html;16724;1;0
Broadmoor.com-0073-2016Redesign;en-US;https://www.google.com/;16721;1;0
Broadmoor.com-0073-2016Redesign;en-US;http://login.nomadix.com:1111/web/portal.html;16724;1;0
Galthouse.com-0042-2015Redesign;en-US;https://www.google.com/;25671;1;0
Sandpearl.com-0091-2016Redesign;en-US;https://www.google.com/;22481;1;0
Thesagamore.com-0112-2017Redesign;en-US;http://www.cnn.com/travel/article/adirondacks-historic-lodges/index.html;32339;1;0
Thesagamore.com-0112-2017Redesign;en-US;http://www.cnn.com/travel/article/adirondacks-historic-lodges/index.html;32339;1;0
Opalsands.com-0084-2016Redesign;en-US;http://www.beachtourism.com/opalsandsresort/;20171;1;0
Samosetresort.com-0113-2017Redesign;en-US;https://www.google.com/;35274;1;0
Montaukyachtclub.com-0010-2014Redesign;en-US;http://www.igy-yachthavengrande.com/;2240;1;0
Thesagamore.com-0112-2017Redesign;en-US;https://www.google.com/;32339;1;0
Thesagamore.com-0112-2017Redesign;en-US;https://www.google.com/;32339;1;0
Broadmoor.com-0073-2016Redesign;en-US;https://www.google.com/;16796;1;0
Broadmoor.com-0073-2016Redesign;en-US;https://www.google.com/;16721;1;0
Broadmoor.com-0073-2016Redesign;en-US;https://www.google.com/;16721;1;0
Sandpearl.com-0091-2016Redesign;en-US;https://www.tripadvisor.com/Hotel_Review-g34606-d86085-Reviews-or20-Postcard_Inn_on_the_Beach-St_Pete_Beach_Florida.html;22481;1;0
Broadmoor.com-0073-2016Redesign;en-US;https://www.google.com/;16721;1;0
Broadmoor.com-0073-2016Redesign;en-US;http://tpc.googlesyndication.com/safeframe/1-0-10/html/container.html;16728;1;0
Thesagamore.com-0112-2017Redesign;en-US;https://www.google.com/;32339;1;0
Thesagamore.com-0112-2017Redesign;en-US;https://www.google.com/;32339;1;0
Broadmoor.com-0073-2016Redesign;en-US;http://login.nomadix.com:1111/web/portal.html;16724;1;0
Broadmoor.com-0073-2016Redesign;en-US;http://login.nomadix.com:1111/web/portal.html;16724;1;0
Broadmoor.com-0073-2016Redesign;en-US;https://www.google.com/;16761;1;0
Cocokeyorlando.com-0059-2015Redesign;en-US;https://www.google.com/;12410;1;0
Luxehotels.com-0078-2016Redesign;en-US;https://www.google.com/;18833;1;0
saddlebrook.com-0011-2014Redesign;en-US;https://www.google.com/;4538;1;0
Longboatkeyclub.com-0104-2017Redesign;en-US;https://www.google.com/;35641;1;0
Jupiterbeachresort.com-0103-2017Redesign;en-US;https://www.google.com/;28158;1;0
Luxehotels.com-0078-2016Redesign;en-US;https://www.google.com/;18833;1;0
Thesagamore.com-0112-2017Redesign;en-US;http://www.cnn.com/travel/article/adirondacks-historic-lodges/index.html;32339;1;0
