Jupiterbeachresort.com-0103-2017Redesign;en-US;http://jupitersandbar.com/;28158;1;0
Jupiterbeachresort.com-0103-2017Redesign;en-US;http://jupitersandbar.com/;28158;1;0
Halcyonhotelcherrycreek.com-0061-2015Redesign;en-US;http://m.facebook.com/;26526;1;0
Broadmoor.com-0073-2016Redesign;en-US;https://www.google.com/;18010;1;0
Galthouse.com-0042-2015Redesign;en-US;https://www.bing.com/;31905;1;0
Thelodgeatwoodloch.com-0033-2015Redesign;en-US;http://r.search.yahoo.com/_ylt=A0SO8zJOrLBZS4EAs43BGOd_##SEMICOLONDELIMITER##_ylu=X3oDMTByYnR1Zmd1BGNvbG8DZ3ExBHBvcwMyBHZ0aWQDBHNlYwNzcg--/RV=2/RE=1504779470/RO=10/RU=http%3a//www.thelodgeatwoodloch.com/fitness-classes//RK=1/RS=wqV8YQLIhrn41sapAEytmIGfknA-;8316;1;0
Lidobeachresort.com-0106-2017Redesign;en-US;android-app://com.google.android.googlequicksearchbox/;28666;1;0
Broadmoor.com-0073-2016Redesign;en-US;http://www.google.com/;18485;1;0
Thesagamore.com-0112-2017Redesign;en-US;http://www.lakegeorge.com/lodging/indoor-pool/;32339;1;0
Thesagamore.com-0112-2017Redesign;en-US;http://www.lakegeorge.com/lodging/indoor-pool/;32339;1;0
Chrco.com-0107-2017Redesign;en-US;https://www.bing.com/;29280;1;0
Cocokeyorlando.com-0059-2015Redesign;en-US;https://www.google.com/;12394;1;0
Lakeplacidlodge.com-0105-2017Redesign;en-US;https://www.google.com/;28553;1;0
Monarchbeachresort.com-0092-2016Redesign;en-US;https://www.google.com/;22725;1;0
Theharborsidehotel.com-0114-2017Redesign;en-US;https://www.google.com/;37571;1;0
Casaybelresort.com-0002-2014Redesign;en-US;https://www.google.com/;1613;1;0
Cphollywoodbeach.com-0032-2015Redesign;en-US;http://m.facebook.com/;7805;1;0
Thelodgeatwoodloch.com-0033-2015Redesign;en-US;https://www.google.com/;7764;1;0
Broadmoor.com-0073-2016Redesign;en-US;http://www.google.com/;18485;1;0
Monarchbeachresort.com-0092-2016Redesign;en-US;https://www.google.com/;22725;1;0
saddlebrook.com-0011-2014Redesign;en-US;https://www.google.com/;4538;1;0
