Broadmoor.com-0073-2016Redesign;en-US;http://login.nomadix.com:1111/web/portal.html;16724;1;0
Broadmoor.com-0073-2016Redesign;en-US;http://login.nomadix.com:1111/web/portal.html;16724;1;0
Cphollywoodbeach.com-0032-2015Redesign;en-US;https://www.google.com/;7805;1;0
Broadmoor.com-0073-2016Redesign;en-US;http://digital.olivesoftware.com/Olive/ODN/CheyenneEdition/default.aspx;23547;1;0
saddlebrook.com-0011-2014Redesign;en-US;https://www.google.com/;3452;1;0
Broadmoor.com-0073-2016Redesign;en-US;http://digital.olivesoftware.com/Olive/ODN/CheyenneEdition/default.aspx;23547;1;0
Galthouse.com-0042-2015Redesign;en-US;http://www.kfcyumcenter.com/plan-your-visit/where-to-stay;31905;1;0
Unionstationhotelnashville.com-0047-2015Redesign;en-US;https://www.google.com/;32226;1;0
Glencovemansion.com-0058-2015Redesign;en-US;https://www.google.com/;13328;1;0
Cendyn.com-0095-2016Redesign;en-US;https://www.google.com/;26876;1;0
Miravalspamonarchbeach.com-0109-2017Redesign;en-US;http://www.monarchbeachresort.com/accommodations/studio-suites/;36169;1;0
Broadmoor.com-0073-2016Redesign;en-US;https://www.google.com/;17699;1;0
Broadmoor.com-0073-2016Redesign;en-US;https://www.google.com/;16721;1;0
Broadmoor.com-0073-2016Redesign;en-US;https://www.google.com/;16721;1;0
Monarchbeachresort.com-0092-2016Redesign;en-US;https://www.google.com/;22725;1;0
Theharborsidehotel.com-0114-2017Redesign;en-US;https://www.google.com/;37571;1;0
Theharborsidehotel.com-0114-2017Redesign;en-US;https://www.google.com/;37571;1;0
Broadmoor.com-0073-2016Redesign;en-US;https://www.google.com/;16721;1;0
Napavalleymarriott.com-0071-2016Redesign;en-US;https://www.google.com/;16432;1;0
Edgewaternaples.com-0094-2016Redesign;en-US;https://www.facebook.com/;25239;1;0
Amzak.com-0023-2014Redesign;en-US;https://www.google.com/;3739;1;0
Lakeplacidlodge.com-0105-2017Redesign;en-US;https://www.google.com/;28553;1;0
Edgewaternaples.com-0094-2016Redesign;en-US;https://www.facebook.com/;25239;1;0
Broadmoor.com-0073-2016Redesign;en-US;https://www.google.com/;16721;1;0
Sandpearl.com-0091-2016Redesign;en-US;https://www.google.com/;22488;1;0
Cphollywoodbeach.com-0032-2015Redesign;en-US;https://www.sunny.org/webcam/;7831;1;0
Sandylane.com-0075-2016Redesign;en-US;https://www.google.com/;17611;1;0
Thelodgeatwoodloch.com-0033-2015Redesign;en-US;http://r.search.yahoo.com/_ylt=AwrBT4MidrlZHLIAXWZXNyoA##SEMICOLONDELIMITER##_ylu=X3oDMTEzaWkzY282BGNvbG8DYmYxBHBvcwMxBHZ0aWQDVUkwMkM1XzEEc2VjA3Ny/RV=2/RE=1505355427/RO=10/RU=http%3a//www.thelodgeatwoodloch.com//RK=1/RS=kmQmUlFqx0eYrp54_4jlZgvVj2o-;7764;1;0
Glencovemansion.com-0058-2015Redesign;en-US;https://www.google.com/;13328;1;0
Cphollywoodbeach.com-0032-2015Redesign;en-US;https://www.google.com/;7831;1;0
Jupiterbeachresort.com-0103-2017Redesign;en-US;https://www.google.com/;28158;1;0
Thesagamore.com-0112-2017Redesign;en-US;http://www.cnn.com/travel/article/adirondacks-historic-lodges/index.html;32339;1;0
Secretharbourvi.com-0040-2015Redesign;en-US;https://www.google.com/;9231;1;0
Marriottkeylargo.com-0015-2014Redesign;en-US;http://www.ophotels.com/locator/;3948;1;0
Marriottdelraybeach.com-0009-2014Redesign;en-US;http://www.ophotels.com/locator/;2829;1;0
Sandylane.com-0075-2016Redesign;en-US;https://www.google.com/;17611;1;0
wentworthcom00212014redesign;en-US;http://www.ophotels.com/locator/;26679;1;0
Samosetresort.com-0113-2017Redesign;en-US;http://www.ophotels.com/locator/;32541;1;0
Delraysandsresort.com-0097-2016Redesign;en-US;http://www.ophotels.com/locator/;27232;1;0
Lakeplacidlodge.com-0105-2017Redesign;en-US;http://www.ophotels.com/locator/;28545;1;0
Jupiterbeachresort.com-0103-2017Redesign;en-US;http://www.ophotels.com/locator/;28158;1;0
Lidobeachresort.com-0106-2017Redesign;en-US;http://www.ophotels.com/locator/;28666;1;0
Thesagamore.com-0112-2017Redesign;en-US;http://www.ophotels.com/locator/;32339;1;0
Broadmoor.com-0073-2016Redesign;en-US;http://login.nomadix.com:1111/web/portal.html;16724;1;0
Longboatkeyclub.com-0104-2017Redesign;en-US;http://www.ophotels.com/locator/;35641;1;0
Samosetresort.com-0113-2017Redesign;en-US;http://www.ophotels.com/locator/;32541;1;0
Thesagamore.com-0112-2017Redesign;en-US;http://www.cnn.com/travel/article/adirondacks-historic-lodges/index.html;32339;1;0
Theharborsidehotel.com-0114-2017Redesign;en-US;http://www.ophotels.com/locator/;37571;1;0
theweststreethotel.com-0115-2017Redesign;en-US;http://www.ophotels.com/locator/;36683;1;0
Broadmoor.com-0073-2016Redesign;en-US;http://login.nomadix.com:1111/web/portal.html;16724;1;0
Thesagamore.com-0112-2017Redesign;en-US;http://www.cnn.com/travel/article/adirondacks-historic-lodges/index.html;32339;1;0
Marriottdelraybeach.com-0009-2014Redesign;en-US;https://www.google.com/;2839;1;0
Chrco.com-0107-2017Redesign;en-US;http://www.chrco.ca/hotels-resorts/;29280;1;0
Broadmoor.com-0073-2016Redesign;en-US;android-app://com.google.android.googlequicksearchbox/https/www.google.com;18259;1;0
Monarchbeachresort.com-0092-2016Redesign;en-US;https://www.google.com/;22725;1;0
Halcyonhotelcherrycreek.com-0061-2015Redesign;en-US;https://www.google.com/;23287;1;0
Thecurtis.com-0079-2016Redesign;en-US;https://www.google.com/;18015;1;0
Lidobeachresort.com-0106-2017Redesign;en-US;http://www.ophotels.com/locator/;28666;1;0
Marriottdelraybeach.com-0009-2014Redesign;en-US;http://www.ophotels.com/locator/;2829;1;0
wentworthcom00212014redesign;en-US;http://www.ophotels.com/locator/;26679;1;0
Marriottkeylargo.com-0015-2014Redesign;en-US;http://www.ophotels.com/locator/;3948;1;0
Delraysandsresort.com-0097-2016Redesign;en-US;http://www.ophotels.com/locator/;27232;1;0
Longboatkeyclub.com-0104-2017Redesign;en-US;http://www.ophotels.com/locator/;35641;1;0
Jupiterbeachresort.com-0103-2017Redesign;en-US;http://www.ophotels.com/locator/;28158;1;0
Lakeplacidlodge.com-0105-2017Redesign;en-US;http://www.ophotels.com/locator/;28545;1;0
Samosetresort.com-0113-2017Redesign;en-US;http://www.ophotels.com/locator/;32541;1;0
Thesagamore.com-0112-2017Redesign;en-US;http://www.ophotels.com/locator/;32339;1;0
Theharborsidehotel.com-0114-2017Redesign;en-US;http://www.ophotels.com/locator/;37571;1;0
theweststreethotel.com-0115-2017Redesign;en-US;http://www.ophotels.com/locator/;36683;1;0
Samosetresort.com-0113-2017Redesign;en-US;http://www.ophotels.com/locator/;32541;1;0
Springhillsuitesdenver.com-0060-2015Redesign;en-US;https://www.google.com/;12307;1;0
Longboatkeyclub.com-0104-2017Redesign;en-US;https://www.google.com/;28316;1;0
Hospitalityupgrade.com-0093-2016Redesign;en-US;https://www.google.it/;37631;1;0
Hospitalityupgrade.com-0093-2016Redesign;en-US;https://www.google.com/;22790;1;0
Secretharbourvi.com-0040-2015Redesign;en-US;https://www.google.com/;9231;1;0
Hospitalityupgrade.com-0093-2016Redesign;en-US;https://www.google.it/;37631;1;0
Lidobeachresort.com-0106-2017Redesign;en-US;https://www.google.com/;28666;1;0
Lakeplacidlodge.com-0105-2017Redesign;en-US;http://www.cnn.com/travel/article/adirondacks-historic-lodges/index.html;28545;1;0
Lakeplacidlodge.com-0105-2017Redesign;en-US;http://www.cnn.com/travel/article/adirondacks-historic-lodges/index.html;28545;1;0
Broadmoor.com-0073-2016Redesign;en-US;http://www.colorado.com/;18259;1;0
saddlebrook.com-0011-2014Redesign;en-US;https://www.google.com/;3385;1;0
Thelodgeatwoodloch.com-0033-2015Redesign;en-US;https://www.google.com/;7764;1;0
saddlebrook.com-0011-2014Redesign;en-US;https://www.google.co.uk/;3385;1;0
Lakeplacidlodge.com-0105-2017Redesign;en-US;http://www.cnn.com/travel/article/adirondacks-historic-lodges/index.html;28545;1;0
Lakeplacidlodge.com-0105-2017Redesign;en-US;http://www.cnn.com/travel/article/adirondacks-historic-lodges/index.html;28545;1;0
Lidobeachresort.com-0106-2017Redesign;en-US;https://www.google.com.gt/;28666;1;0
Delraysandsresort.com-0097-2016Redesign;en-US;https://s0.2mdn.net/ads/richmedia/studio/pv2/60194179/20170515132802858/index.html;36464;1;0
Broadmoor.com-0073-2016Redesign;en-US;http://tpc.googlesyndication.com/safeframe/1-0-10/html/container.html;16728;1;0
Galthouse.com-0042-2015Redesign;en-US;https://www.google.com/;10568;1;0
Treasureislandbeachresort.com-0089-2016Redesign;en-US;https://www.google.com/;22169;1;0
Lidobeachresort.com-0106-2017Redesign;en-US;https://www.google.com.gt/;28666;1;0
Casaybelresort.com-0002-2014Redesign;en-US;https://www.google.com/;1533;1;0
Samosetresort.com-0113-2017Redesign;en-US;https://www.google.com/;32541;1;0
Monarchbeachresort.com-0092-2016Redesign;en-US;https://www.google.com/;22725;1;0
Treasureislandbeachresort.com-0089-2016Redesign;en-US;https://www.google.com/;22169;1;0
Sandpearl.com-0091-2016Redesign;en-US;https://www.google.com/;22481;1;0
Sandpearl.com-0091-2016Redesign;en-US;https://www.google.com/;22481;1;0
Thesagamore.com-0112-2017Redesign;en-US;http://search.aol.com/aol/search;32339;1;0
Theharborsidehotel.com-0114-2017Redesign;en-US;http://www.ophotels.com/locator/;37571;1;0
Marriottdelraybeach.com-0009-2014Redesign;en-US;http://www.ophotels.com/locator/;2829;1;0
Delraysandsresort.com-0097-2016Redesign;en-US;http://www.ophotels.com/locator/;27232;1;0
Jupiterbeachresort.com-0103-2017Redesign;en-US;http://www.ophotels.com/locator/;28158;1;0
wentworthcom00212014redesign;en-US;http://www.ophotels.com/locator/;26679;1;0
Marriottkeylargo.com-0015-2014Redesign;en-US;http://www.ophotels.com/locator/;3948;1;0
Longboatkeyclub.com-0104-2017Redesign;en-US;http://www.ophotels.com/locator/;35641;1;0
Samosetresort.com-0113-2017Redesign;en-US;http://www.ophotels.com/locator/;32541;1;0
Lakeplacidlodge.com-0105-2017Redesign;en-US;http://www.ophotels.com/locator/;28545;1;0
Lidobeachresort.com-0106-2017Redesign;en-US;http://www.ophotels.com/locator/;28666;1;0
Thesagamore.com-0112-2017Redesign;en-US;http://www.ophotels.com/locator/;32339;1;0
theweststreethotel.com-0115-2017Redesign;en-US;http://www.ophotels.com/locator/;36683;1;0
Thesagamore.com-0112-2017Redesign;en-US;https://www.google.com/;32339;1;0
Samosetresort.com-0113-2017Redesign;en-US;http://www.ophotels.com/locator/;32541;1;0
Secretharbourvi.com-0040-2015Redesign;en-US;https://www.google.com/;9231;1;0
Lidobeachresort.com-0106-2017Redesign;en-US;https://www.google.com/;28666;1;0
Casaybelresort.com-0002-2014Redesign;en-US;https://www.google.com/;1533;1;0
Delraysandsresort.com-0097-2016Redesign;en-US;https://s0.2mdn.net/ads/richmedia/studio/pv2/60194179/20170515132802858/index.html;36464;1;0
Broadmoor.com-0073-2016Redesign;en-US;https://www.google.com/;16793;1;0
