Broadmoor.com-0073-2016Redesign;en-US;android-app://com.google.android.googlequicksearchbox/;16721;1;0
Broadmoor.com-0073-2016Redesign;en-US;http://m.facebook.com/;18010;1;0
Laxembassy.com-0008-2014Redesign;en-US;https://www.google.com/;2090;1;0
Theloganhotel.com-0043-2015Redesign;en-US;http://www.phillymag.com/shoppist/2016/01/31/sexy-hotels-philly/;20218;1;0
Courtyardportlandcitycenter.com-0063-2015Redesign;en-US;https://www.google.com/;14545;1;0
Cphollywoodbeach.com-0032-2015Redesign;en-US;https://www.sunny.org/webcam/;7831;1;0
Courtyardportlandcitycenter.com-0063-2015Redesign;en-US;https://www.google.com/;14545;1;0
Cocokeyorlando.com-0059-2015Redesign;en-US;https://www.google.com.br/;12488;1;0
Galthouse.com-0042-2015Redesign;en-US;https://www.google.com/;31905;1;0
Broadmoor.com-0073-2016Redesign;en-US;https://www.google.com/;18259;1;0
shop.broadmoor.com-0096-2016ShoppingCart;en-US;https://www.broadmoor.com/;27350;1;0
Thelodgeatwoodloch.com-0033-2015Redesign;en-US;https://www.google.com/;7764;1;0
Montaukyachtclub.com-0010-2014Redesign;en-US;https://www.google.com/;2240;1;0
Monarchbeachresort.com-0092-2016Redesign;en-US;https://www.google.com/;23048;1;0
Halcyonhotelcherrycreek.com-0061-2015Redesign;en-US;https://www.google.com/;22121;1;0
Broadmoor.com-0073-2016Redesign;en-US;android-app://com.google.android.googlequicksearchbox/;16721;1;0
Lidobeachresort.com-0106-2017Redesign;en-US;https://www.facebook.com/;28667;1;0
Napavalleymarriott.com-0071-2016Redesign;en-US;https://www.google.com/;16432;1;0
Lidobeachresort.com-0106-2017Redesign;en-US;https://www.facebook.com/;28667;1;0
Galthouse.com-0042-2015Redesign;en-US;https://googleads.g.doubleclick.net/pagead/ads;31905;1;0
Lidobeachresort.com-0106-2017Redesign;en-US;http://www.google.com/;28716;1;0
Edgewaternaples.com-0094-2016Redesign;en-US;http://www.visitflorida.com/en-us/deal.a0p40000004QwbXAAS.html;25239;1;0
Galthouse.com-0042-2015Redesign;en-US;https://www.google.com/;31905;1;0
Galthouse.com-0042-2015Redesign;en-US;https://www.google.com/;31905;1;0
Broadmoor.com-0073-2016Redesign;en-US;https://www.google.com/;16721;1;0
Broadmoor.com-0073-2016Redesign;en-US;https://www.google.com/;16721;1;0
Samosetresort.com-0113-2017Redesign;en-US;https://www.google.com/;32562;1;0
Broadmoor.com-0073-2016Redesign;en-US;https://www.google.com/;16767;1;0
Broadmoor.com-0073-2016Redesign;en-US;https://www.google.com/;16721;1;0
Samosetresort.com-0113-2017Redesign;en-US;https://search.yahoo.com/;32541;1;0
Marriottkeylargo.com-0015-2014Redesign;en-US;http://r.search.yahoo.com/_ylt=AwrBT8bAVLhZRPEAsV1x.9w4##SEMICOLONDELIMITER##_ylu=X3oDMTByOHZyb21tBGNvbG8DYmYxBHBvcwMxBHZ0aWQDBHNlYwNzcg--/RV=2/RE=1505281344/RO=10/RU=http%3a//www.marriottkeylargo.com//RK=1/RS=3hlJczfxQIOZrsfElBBOrtr2j1o-;3948;1;0
Marriottkeylargo.com-0015-2014Redesign;en-US;http://r.search.yahoo.com/_ylt=AwrBT8bAVLhZRPEAsV1x.9w4##SEMICOLONDELIMITER##_ylu=X3oDMTByOHZyb21tBGNvbG8DYmYxBHBvcwMxBHZ0aWQDBHNlYwNzcg--/RV=2/RE=1505281344/RO=10/RU=http%3a//www.marriottkeylargo.com//RK=1/RS=3hlJczfxQIOZrsfElBBOrtr2j1o-;3964;1;0
Oxfordclubspa.com-0068-2016Redesign;en-US;http://www.thecrawfordhotel.com/;15568;1;0
Broadmoor.com-0073-2016Redesign;en-US;https://www.google.com/;16721;1;0
Theloganhotel.com-0043-2015Redesign;en-US;https://univerfiles.com/;18415;1;0
Monarchbeachresort.com-0092-2016Redesign;en-US;https://www.google.com/;22725;1;0
Theloganhotel.com-0043-2015Redesign;en-US;https://univerfiles.com/;18415;1;0
Thecurtis.com-0079-2016Redesign;en-US;https://www.google.com/;17981;1;0
Cphollywoodbeach.com-0032-2015Redesign;en-US;https://www.google.ca/;7831;1;0
Edgewaternaples.com-0094-2016Redesign;en-US;https://www.google.com/;25239;1;0
Courtyardportlandcitycenter.com-0063-2015Redesign;en-US;https://www.google.com/;14545;1;0
Halcyonhotelcherrycreek.com-0061-2015Redesign;en-US;http://m.facebook.com/;22121;1;0
Cocokeyorlando.com-0059-2015Redesign;en-US;https://www.google.co.uk/;12414;1;0
Lidobeachresort.com-0106-2017Redesign;en-US;https://www.facebook.com/;28667;1;0
Thecrawfordhotel.com-0074-2016Redesign;en-US;https://www.google.com/;17160;1;0
Cocokeyorlando.com-0059-2015Redesign;en-US;https://www.google.com/;12394;1;0
Delraysandsresort.com-0097-2016Redesign;en-US;https://www.google.com/;27232;1;0
Broadmoor.com-0073-2016Redesign;en-US;https://www.google.com/;16721;1;0
