Galthouse.com-0042-2015Redesign;en-US;https://www.google.com/;31905;1;0
Samosetresort.com-0113-2017Redesign;en-US;https://www.google.com/;32541;1;0
Secretharbourvi.com-0040-2015Redesign;en-US;https://www.bing.com/;9231;1;0
Lidobeachresort.com-0106-2017Redesign;en-US;https://www.google.com/;28666;1;0
Thesagamore.com-0112-2017Redesign;en-US;https://www.google.com/;32339;1;0
Longboatkeyclub.com-0104-2017Redesign;en-US;https://www.google.com/;28316;1;0
Broadmoor.com-0073-2016Redesign;en-US;http://login.nomadix.com:1111/web/portal.html;16724;1;0
Longboatkeyclub.com-0104-2017Redesign;en-US;https://www.google.com/;28316;1;0
Broadmoor.com-0073-2016Redesign;en-US;http://login.nomadix.com:1111/web/portal.html;16724;1;0
Cocokeyorlando.com-0059-2015Redesign;en-US;https://www.google.com/;12410;1;0
Cphollywoodbeach.com-0032-2015Redesign;en-US;https://www.sunny.org/webcam/;7831;1;0
Longboatkeyclub.com-0104-2017Redesign;en-US;https://www.google.com/;28316;1;0
wentworthcom00212014redesign;en-US;http://www.businessinsider.com/best-hotel-in-each-state-2016-1/;26679;1;0
Thecrawfordhotel.com-0074-2016Redesign;en-US;https://www.google.com/;17667;1;0
Galthouse.com-0042-2015Redesign;en-US;https://s0.2mdn.net/ads/richmedia/studio/pv2/60042160/20170110091718066/index.html;10923;1;0
Lidobeachresort.com-0106-2017Redesign;en-US;https://www.google.com/;28666;1;0
Lidobeachresort.com-0106-2017Redesign;en-US;https://www.google.com/;28666;1;0
Treasureislandbeachresort.com-0089-2016Redesign;en-US;https://www.google.com/;22169;1;0
Broadmoor.com-0073-2016Redesign;en-US;https://www.google.com/;16769;1;0
Broadmoor.com-0073-2016Redesign;en-US;https://www.google.com/;16728;1;0
Thecrawfordhotel.com-0074-2016Redesign;en-US;https://www.bing.com/;17145;1;0
Sandpearl.com-0091-2016Redesign;en-US;https://www.google.com/;22481;1;0
Sandpearl.com-0091-2016Redesign;en-US;https://www.google.com/;22481;1;0
Lakeplacidlodge.com-0105-2017Redesign;en-US;https://www.google.com/;28545;1;0
Broadmoor.com-0073-2016Redesign;en-US;https://www.google.com/;16721;1;0
Broadmoor.com-0073-2016Redesign;en-US;https://www.google.com/;16721;1;0
Thesagamore.com-0112-2017Redesign;en-US;https://www.google.com/;32389;1;0
Thelodgeatwoodloch.com-0033-2015Redesign;en-US;http://www.google.com/;7764;1;0
Broadmoor.com-0073-2016Redesign;en-US;http://www.cmzoo.org/index.php/guest-information/plan-your-visit/where-to-stay-and-play/;16721;1;0
Jupiterbeachresort.com-0103-2017Redesign;en-US;https://www.google.com/;28158;1;0
Galthouse.com-0042-2015Redesign;en-US;https://www.google.ca/;31905;1;0
Thelodgeatwoodloch.com-0033-2015Redesign;en-US;https://www.google.com/;7764;1;0
Galthouse.com-0042-2015Redesign;en-US;https://www.google.ca/;31905;1;0
Thelodgeatwoodloch.com-0033-2015Redesign;en-US;android-app://com.google.android.googlequicksearchbox/;7764;1;0
Broadmoor.com-0073-2016Redesign;en-US;https://duckduckgo.com/;16721;1;0
Residenceinnnyc.com-0034-2015Redesign;en-US;https://www.google.com/;7926;1;0
Lidobeachresort.com-0106-2017Redesign;en-US;https://www.google.ca/;29818;1;0
Luxehotels.com-0078-2016Redesign;en-US;https://www.google.com/;18831;1;0
Broadmoor.com-0073-2016Redesign;en-US;http://m.facebook.com/;18014;1;0
saddlebrook.com-0011-2014Redesign;en-US;https://www.google.ca/;3385;1;0
Broadmoor.com-0073-2016Redesign;en-US;https://www.bing.com/;16721;1;0
Thesagamore.com-0112-2017Redesign;en-US;https://www.google.com/;32339;1;0
Broadmoor.com-0073-2016Redesign;en-US;https://www.bing.com/;16738;1;0
Sandylane.com-0075-2016Redesign;en-US;http://www.golfauskunft.de/;17611;1;0
Sandpearl.com-0091-2016Redesign;en-US;https://www.google.com/;22481;1;0
Casaybelresort.com-0002-2014Redesign;en-US;https://www.google.com/;1533;1;0
Broadmoor.com-0073-2016Redesign;en-US;https://www.google.com/;16721;1;0
Broadmoor.com-0073-2016Redesign;en-US;https://www.google.com/;16721;1;0
