Cocokeyorlando.com-0059-2015Redesign;en-US;http://www.visitorlando.com/things-to-do/attractions/;12394;1;0
Monarchbeachresort.com-0092-2016Redesign;en-US;https://www.google.be/;23643;1;0
Thesagamore.com-0112-2017Redesign;en-US;https://www.google.com/;32392;1;0
Theloganhotel.com-0043-2015Redesign;en-US;https://www.google.co.in/;20218;1;0
Cphollywoodbeach.com-0032-2015Redesign;en-US;https://www.sunny.org/webcam/;7831;1;0
Broadmoor.com-0073-2016Redesign;en-US;http://login.nomadix.com:1111/web/portal.html;16724;1;0
Broadmoor.com-0073-2016Redesign;en-US;http://login.nomadix.com:1111/web/portal.html;16724;1;0
Broadmoor.com-0073-2016Redesign;en-US;https://www.google.com/;16761;1;0
Sandylane.com-0075-2016Redesign;en-US;https://www.google.com/;17708;1;0
Monarchbeachresort.com-0092-2016Redesign;en-US;https://www.google.com/;22725;1;0
Luxehotels.com-0078-2016Redesign;en-US;https://www.inboundlinks.win/InboundLinks/www.luxehotels.com;18805;1;0
Thecurtis.com-0079-2016Redesign;en-US;https://www.google.com/;17981;1;0
Broadmoor.com-0073-2016Redesign;en-US;http://tpc.googlesyndication.com/safeframe/1-0-10/html/container.html;16728;1;0
Broadmoor.com-0073-2016Redesign;en-US;http://login.nomadix.com:1111/web/portal.html;16724;1;0
Broadmoor.com-0073-2016Redesign;en-US;http://login.nomadix.com:1111/web/portal.html;16724;1;0
Cocokeyorlando.com-0059-2015Redesign;en-US;https://www.google.com/;12394;1;0
Cocokeyorlando.com-0059-2015Redesign;en-US;https://www.google.com/;12394;1;0
Broadmoor.com-0073-2016Redesign;en-US;https://www.google.com/;18259;1;0
theweststreethotel.com-0115-2017Redesign;en-US;https://www.google.com/;36683;1;0
Broadmoor.com-0073-2016Redesign;en-US;https://www.bing.com/;16761;1;0
Broadmoor.com-0073-2016Redesign;en-US;https://www.bing.com/;16761;1;0
Residenceinnlax.com-0026-2014Redesign;en-US;https://www.google.com/;5494;1;0
Oxfordclubspa.com-0068-2016Redesign;en-US;http://www.google.com/;15611;1;0
Hospitalityupgrade.com-0093-2016Redesign;en-US;https://www.google.com/;37631;1;0
Montaukyachtclub.com-0010-2014Redesign;en-US;https://www.pinterest.com/search/pins/;2392;1;0
