Casaybelresort.com-0002-2014Redesign;en-US;https://www.google.com/;1533;1;0
Bellemontfarm.com-0007-2013Redesign;en-US;https://www.google.com/;1989;1;0
Cocokeyorlando.com-0059-2015Redesign;en-US;https://www.google.com/;12410;1;0
Cocokeyorlando.com-0059-2015Redesign;en-US;https://www.google.com/;12394;1;0
Secretharbourvi.com-0040-2015Redesign;en-US;http://www.google.com/;9231;1;0
Broadmoor.com-0073-2016Redesign;en-US;https://www.google.com/;16721;1;0
Opalsands.com-0084-2016Redesign;en-US;https://www.google.com/;20171;1;0
Broadmoor.com-0073-2016Redesign;en-US;https://www.google.com/;16721;1;0
Sandylane.com-0075-2016Redesign;en-US;https://www.bing.com/;17611;1;0
Glencovemansion.com-0058-2015Redesign;en-US;https://www.google.com/;13328;1;0
Broadmoor.com-0073-2016Redesign;en-US;http://login.nomadix.com:1111/web/portal.html;16724;1;0
Broadmoor.com-0073-2016Redesign;en-US;http://login.nomadix.com:1111/web/portal.html;16724;1;0
theweststreethotel.com-0115-2017Redesign;en-US;https://www.google.com/;36683;1;0
Theoxfordhotel.com-0062-2015Redesign;en-US;https://www.bing.com/;14325;1;0
Broadmoor.com-0073-2016Redesign;en-US;http://www.pikes-peak.com/itinerary/couples-weekend-itinerary/;21231;1;0
Monarchbeachresort.com-0092-2016Redesign;en-US;https://l.facebook.com/;26800;1;0
Broadmoor.com-0073-2016Redesign;en-US;https://www.google.com/;16721;1;0
Lidobeachresort.com-0106-2017Redesign;en-US;https://www.google.com/;28666;1;0
Lidobeachresort.com-0106-2017Redesign;en-US;https://www.google.com/;28666;1;0
Broadmoor.com-0073-2016Redesign;en-US;http://login.nomadix.com:1111/web/portal.html;16724;1;0
Cphollywoodbeach.com-0032-2015Redesign;en-US;https://www.sunny.org/webcam/;7831;1;0
Broadmoor.com-0073-2016Redesign;en-US;http://login.nomadix.com:1111/web/portal.html;16724;1;0
Sandpearl.com-0091-2016Redesign;en-US;https://www.google.com/;22488;1;0
Broadmoor.com-0073-2016Redesign;en-US;https://www.google.com/;16721;1;0
Lakeplacidlodge.com-0105-2017Redesign;en-US;https://www.google.com/;28545;1;0
Thesagamore.com-0112-2017Redesign;en-US;android-app://com.google.android.googlequicksearchbox/;32339;1;0
Thesagamore.com-0112-2017Redesign;en-US;https://www.google.com/;32339;1;0
wentworthcom00212014redesign;en-US;https://www.bing.com/;26679;1;0
wentworthcom00212014redesign;en-US;https://www.bing.com/;4259;1;0
Thesagamore.com-0112-2017Redesign;en-US;https://www.google.com/;32348;1;0
Theloganhotel.com-0043-2015Redesign;en-US;https://www.google.com/;20218;1;0
Washingtondukeinn.com-0024-2014Redesign;en-US;https://www.google.com/;5165;1;0
Washingtondukeinn.com-0024-2014Redesign;en-US;https://www.google.com/;5165;1;0
Galthouse.com-0042-2015Redesign;en-US;http://www.poiskportal.ru/Russia/Avto_moto_uslugi,zapchasti/;31905;1;0
Samosetresort.com-0113-2017Redesign;en-US;https://www.google.com/;35227;1;0
Broadmoor.com-0073-2016Redesign;en-US;http://login.nomadix.com:1111/web/portal.html;16724;1;0
Broadmoor.com-0073-2016Redesign;en-US;http://login.nomadix.com:1111/web/portal.html;16724;1;0
Broadmoor.com-0073-2016Redesign;en-US;http://html5.publicationprinters.com/default.aspx;18259;1;0
Cocokeyorlando.com-0059-2015Redesign;en-US;https://www.google.com/;12394;1;0
Theloganhotel.com-0043-2015Redesign;en-US;http://m.facebook.com/;20218;1;0
Sandylane.com-0075-2016Redesign;en-US;https://www.google.ca/;17611;1;0
Broadmoor.com-0073-2016Redesign;en-US;https://www.google.com/;16791;1;0
Thecurtis.com-0079-2016Redesign;en-US;https://www.google.com/;17981;1;0
Sandpearl.com-0091-2016Redesign;en-US;https://www.google.com/;22488;1;0
Broadmoor.com-0073-2016Redesign;en-US;http://m.facebook.com/;20439;1;0
Thecurtis.com-0079-2016Redesign;en-US;https://www.google.com/;17981;1;0
Thecrawfordhotel.com-0074-2016Redesign;en-US;https://www.google.com/;17667;1;0
