Sandylane.com-0075-2016Redesign;en-US;https://www.google.com/;17611;1;0
Washingtoncourthotel.com-0076-2016Redesign;en-US;http://l.facebook.com/l.php;17858;1;0
Monarchbeachresort.com-0092-2016Redesign;en-US;https://www.google.com/;22725;1;0
Oxfordclubspa.com-0068-2016Redesign;en-US;http://m.facebook.com/;15568;1;0
Marriottkeylargo.com-0015-2014Redesign;en-US;http://dobranich.com/articles/3/;3948;1;0
Broadmoor.com-0073-2016Redesign;en-US;http://login.nomadix.com:1111/web/portal.html;16724;1;0
Broadmoor.com-0073-2016Redesign;en-US;http://login.nomadix.com:1111/web/portal.html;16724;1;0
Renaissancepittsburghpa.com-0044-2015Redesign;en-US;https://www.google.com/;9637;1;0
Theloganhotel.com-0043-2015Redesign;en-US;http://www.phillymag.com/shoppist/2016/01/31/sexy-hotels-philly/;20218;1;0
Thelodgeatwoodloch.com-0033-2015Redesign;en-US;https://www.google.com/;7764;1;0
Thesagamore.com-0112-2017Redesign;en-US;https://www.google.com/;33447;1;0
Thelodgeatwoodloch.com-0033-2015Redesign;en-US;http://ow.ly/iBGQ303NJ77;8390;1;0
Broadmoor.com-0073-2016Redesign;en-US;http://login.nomadix.com:1111/web/portal.html;16724;1;0
Broadmoor.com-0073-2016Redesign;en-US;http://login.nomadix.com:1111/web/portal.html;16724;1;0
theweststreethotel.com-0115-2017Redesign;en-US;http://www.acadiamagic.com/acadia-lodging/;36683;1;0
Broadmoor.com-0073-2016Redesign;en-US;http://m.facebook.com/;16721;1;0
Broadmoor.com-0073-2016Redesign;en-US;http://m.facebook.com/;16721;1;0
Broadmoor.com-0073-2016Redesign;en-US;http://www.google.com/;16753;1;0
Broadmoor.com-0073-2016Redesign;en-US;https://www.google.com/;16721;1;0
Broadmoor.com-0073-2016Redesign;en-US;https://www.google.com/;16761;1;0
Unionstationhotelnashville.com-0047-2015Redesign;en-US;https://www.google.com/;32226;1;0
Marriottkeylargo.com-0015-2014Redesign;en-US;http://www.ophotels.com/locator/;3948;1;0
Marriottdelraybeach.com-0009-2014Redesign;en-US;http://www.ophotels.com/locator/;2829;1;0
wentworthcom00212014redesign;en-US;http://www.ophotels.com/locator/;26679;1;0
Broadmoor.com-0073-2016Redesign;en-US;https://www.bing.com/;18259;1;0
Thesagamore.com-0112-2017Redesign;en-US;https://www.google.com/;32339;1;0
Theoxfordhotel.com-0062-2015Redesign;en-US;https://www.google.com/;14325;1;0
Broadmoor.com-0073-2016Redesign;en-US;http://m.facebook.com/;18013;1;0
Treasureislandbeachresort.com-0089-2016Redesign;en-US;https://www.bing.com/;22169;1;0
