theweststreethotel.com-0115-2017Redesign;en-US;https://www.google.com/;36683;1;0
Galthouse.com-0042-2015Redesign;en-US;https://www.google.com/;31905;1;0
Unionstationhotelnashville.com-0047-2015Redesign;en-US;https://www.google.com/;32226;1;0
Cphollywoodbeach.com-0032-2015Redesign;en-US;https://www.google.com/;7831;1;0
saddlebrook.com-0011-2014Redesign;en-US;http://r.search.yahoo.com/_ylt=AwrTHRPCR7BZak4A8CBXNyoA##SEMICOLONDELIMITER##_ylu=X3oDMTEyazRlZmswBGNvbG8DZ3ExBHBvcwMxBHZ0aWQDQjQ0MjhfMQRzZWMDc3I-/RV=2/RE=1504753731/RO=10/RU=http%3a//www.saddlebrook.com//RK=1/RS=c9tjKLw95ogg2pu8qJ9vPuF24nU-;3385;1;0
wentworthcom00212014redesign;en-US;https://www.google.com/;4251;1;0
Broadmoor.com-0073-2016Redesign;en-US;http://login.nomadix.com:1111/web/portal.html;16724;1;0
Napavalleymarriott.com-0071-2016Redesign;en-US;http://www.google.com/;18286;1;0
Broadmoor.com-0073-2016Redesign;en-US;http://login.nomadix.com:1111/web/portal.html;16724;1;0
Zotabeachresort.com-0090-2016Redesign;en-US;https://www.google.com/;22357;1;0
Washingtoncourthotel.com-0076-2016Redesign;en-US;http://www.aaahc.org/education/achieving-accreditation/Program-dates-and-locations/;17858;1;0
Monarchbeachresort.com-0092-2016Redesign;en-US;https://www.google.com/;22725;1;0
Thelodgeatwoodloch.com-0033-2015Redesign;en-US;https://www.google.com/;7764;1;0
Thesagamore.com-0112-2017Redesign;en-US;https://www.google.com/;32339;1;0
Theharborsidehotel.com-0114-2017Redesign;en-US;https://search.yahoo.com/;37571;1;0
Jupiterbeachresort.com-0103-2017Redesign;en-US;https://www.google.com/;28158;1;0
Opalsands.com-0084-2016Redesign;en-US;https://www.google.com/;20171;1;0
Theharborsidehotel.com-0114-2017Redesign;en-US;https://www.google.com/;37571;1;0
Broadmoor.com-0073-2016Redesign;en-US;https://googleads.g.doubleclick.net/mads/static/mad/sdk/native/native_ads.html;16728;1;0
Galthouse.com-0042-2015Redesign;en-US;https://www.google.com/;10573;1;0
saddlebrook.com-0011-2014Redesign;en-US;https://www.google.com/;3385;1;0
saddlebrook.com-0011-2014Redesign;en-US;https://www.google.com/;3385;1;0
Secretharbourvi.com-0040-2015Redesign;en-US;https://search.yahoo.com/search##SEMICOLONDELIMITER##_ylc=X3oDMTFiaHBhMnJmBF9TAzIwMjM1MzgwNzUEaXRjAzEEc2VjA3NyY2hfcWEEc2xrA3NyY2hhc3Q-;9231;1;0
Theharborsidehotel.com-0114-2017Redesign;en-US;https://www.google.com/;37571;1;0
Theharborsidehotel.com-0114-2017Redesign;en-US;https://search.yahoo.com/;37571;1;0
Thecrawfordhotel.com-0074-2016Redesign;en-US;https://www.google.com/;17145;1;0
Lakeplacidlodge.com-0105-2017Redesign;en-US;https://www.google.com/;28545;1;0
Lakeplacidlodge.com-0105-2017Redesign;en-US;https://www.google.com/;28545;1;0
Miravalspamonarchbeach.com-0109-2017Redesign;en-US;http://www.monarchbeachresort.com/;31709;1;0
Galthouse.com-0042-2015Redesign;en-US;http://alea.org/events/apscon-2018-louisville-ky/apscon-2018-location-lodging-travel;31905;1;0
Secretharbourvi.com-0040-2015Redesign;en-US;https://www.google.com/;9231;1;0
Longboatkeyclub.com-0104-2017Redesign;en-US;https://www.google.com/;28364;1;0
Broadmoor.com-0073-2016Redesign;en-US;https://www.google.com/;16721;1;0
Longboatkeyclub.com-0104-2017Redesign;en-US;https://www.google.com/;28364;1;0
theweststreethotel.com-0115-2017Redesign;en-US;http://www.barharborinfo.com/Where-to-Eat.aspx;36683;1;0
Thesagamore.com-0112-2017Redesign;en-US;https://www.google.ca/;32339;1;0
Luxehotels.com-0078-2016Redesign;en-US;https://www.google.com/;18830;1;0
Sandpearl.com-0091-2016Redesign;en-US;https://www.google.com/;22481;1;0
Theharborsidehotel.com-0114-2017Redesign;en-US;https://www.google.com/;37571;1;0
Renaissancepittsburghpa.com-0044-2015Redesign;en-US;https://www.google.com/;9637;1;0
Broadmoor.com-0073-2016Redesign;en-US;https://www.google.com/;16793;1;0
Theharborsidehotel.com-0114-2017Redesign;en-US;https://search.yahoo.com/;37571;1;0
theweststreethotel.com-0115-2017Redesign;en-US;https://www.google.com/;36683;1;0
saddlebrook.com-0011-2014Redesign;en-US;https://www.google.com/;3385;1;0
Samosetresort.com-0113-2017Redesign;en-US;https://www.google.com/;32541;1;0
Samosetresort.com-0113-2017Redesign;en-US;https://www.google.com/;32541;1;0
Zotabeachresort.com-0090-2016Redesign;en-US;https://www.google.com/;22357;1;0
Lakeplacidlodge.com-0105-2017Redesign;en-US;https://www.google.com/;28545;1;0
Opalsands.com-0084-2016Redesign;en-US;https://www.google.com/;20171;1;0
Theharborsidehotel.com-0114-2017Redesign;en-US;https://www.google.com/;37571;1;0
Lakeplacidlodge.com-0105-2017Redesign;en-US;http://192.168.33.1/login.asp;28545;1;0
Lakeplacidlodge.com-0105-2017Redesign;en-US;http://192.168.33.1/login.asp;28545;1;0
Thelodgeatwoodloch.com-0033-2015Redesign;en-US;https://www.google.com/;7782;1;0
Casaybelresort.com-0002-2014Redesign;en-US;http://r.search.yahoo.com/_ylt=AwrBT7xrSLBZ5xoAZAJXNyoA##SEMICOLONDELIMITER##_ylu=X3oDMTEybmRjZG45BGNvbG8DYmYxBHBvcwMxBHZ0aWQDQjM5MTlfMQRzZWMDc3I-/RV=2/RE=1504753900/RO=10/RU=http%3a//www.casaybelresort.com//RK=1/RS=0Ch4VWLEr6X1RoOK9S8uykNGcRs-;1533;1;0
Edgewaternaples.com-0094-2016Redesign;en-US;https://s0.2mdn.net/ads/richmedia/studio/pv2/60194244/20170510101114536/index.html;25239;1;0
Thesagamore.com-0112-2017Redesign;en-US;https://www.google.com/;32339;1;0
Galthouse.com-0042-2015Redesign;en-US;https://www.google.com/;25671;1;0
Samosetresort.com-0113-2017Redesign;en-US;https://duckduckgo.com/;32541;1;0
Washingtoncourthotel.com-0076-2016Redesign;en-US;https://www.bing.com/;17858;1;0
Jupiterbeachresort.com-0103-2017Redesign;en-US;http://kristinandscottswedding.com/accommodations;28158;1;0
theweststreethotel.com-0115-2017Redesign;en-US;https://www.google.com/;36683;1;0
Jupiterbeachresort.com-0103-2017Redesign;en-US;http://kristinandscottswedding.com/accommodations;28158;1;0
Luxehotels.com-0078-2016Redesign;en-US;http://www.adrienneandtim.com/details;18833;1;0
Thesagamore.com-0112-2017Redesign;en-US;https://www.google.com/;32339;1;0
Thesagamore.com-0112-2017Redesign;en-US;https://www.google.com/;32339;1;0
Washingtondukeinn.com-0024-2014Redesign;en-US;https://www.google.co.kr/;4524;1;0
Samosetresort.com-0113-2017Redesign;en-US;https://www.google.com/;32551;1;0
theweststreethotel.com-0115-2017Redesign;en-US;http://www.barharborinfo.com/Where-to-Eat.aspx;36683;1;0
Broadmoor.com-0073-2016Redesign;en-US;http://www.acec.org/conferences/future-conferences/;16721;1;0
Galthouse.com-0042-2015Redesign;en-US;https://www.google.com/;31905;1;0
Thelodgeatwoodloch.com-0033-2015Redesign;en-US;https://www.google.com/;8254;1;0
Lakeplacidlodge.com-0105-2017Redesign;en-US;https://www.google.com/;28545;1;0
Edgewaternaples.com-0094-2016Redesign;en-US;https://www.bing.com/;25239;1;0
Lakeplacidlodge.com-0105-2017Redesign;en-US;https://www.google.com/;28545;1;0
