Sandylane.com-0075-2016Redesign;en-US;https://www.google.co.uk/;17611;1;0
Luxehotels.com-0078-2016Redesign;en-US;https://www.google.com/;18831;1;0
theweststreethotel.com-0115-2017Redesign;en-US;http://www.lapresse.ca/voyage/48-heures/etats-unis/201309/25/01-4692931-48-heures-a-bar-harbor.php;36683;1;0
Edgewaternaples.com-0094-2016Redesign;en-US;https://na28.salesforce.com/;25239;1;0
Delraysandsresort.com-0097-2016Redesign;en-US;https://reservations.delraysandsresort.com/delraysandsresort/availability.asp;27280;1;0
Edgewaternaples.com-0094-2016Redesign;en-US;https://na28.salesforce.com/;25239;1;0
Galthouse.com-0042-2015Redesign;en-US;https://www.google.com/;31905;1;0
Edgewaternaples.com-0094-2016Redesign;en-US;https://www.bing.com/;25239;1;0
theweststreethotel.com-0115-2017Redesign;en-US;http://www.lapresse.ca/voyage/48-heures/etats-unis/201309/25/01-4692931-48-heures-a-bar-harbor.php;36683;1;0
Broadmoor.com-0073-2016Redesign;en-US;https://www.google.com/;16800;1;0
Broadmoor.com-0073-2016Redesign;en-US;http://login.nomadix.com:1111/web/portal.html;16724;1;0
Broadmoor.com-0073-2016Redesign;en-US;http://login.nomadix.com:1111/web/portal.html;16724;1;0
Broadmoor.com-0073-2016Redesign;en-US;http://login.nomadix.com:1111/web/portal.html;16724;1;0
Broadmoor.com-0073-2016Redesign;en-US;http://login.nomadix.com:1111/web/portal.html;16724;1;0
Broadmoor.com-0073-2016Redesign;en-US;https://www.google.com/;16721;1;0
Thecrawfordhotel.com-0074-2016Redesign;en-US;https://www.google.com/;17145;1;0
Broadmoor.com-0073-2016Redesign;en-US;https://www.google.com/;17957;1;0
Lidobeachresort.com-0106-2017Redesign;en-US;https://www.google.com/;28666;1;0
Lidobeachresort.com-0106-2017Redesign;en-US;https://www.google.com/;28666;1;0
Broadmoor.com-0073-2016Redesign;en-US;https://www.google.com/;18293;1;0
Thesagamore.com-0112-2017Redesign;en-US;https://search.yahoo.com/;33482;1;0
Sandylane.com-0075-2016Redesign;en-US;https://www.google.co.uk/;17682;1;0
Thecrawfordhotel.com-0074-2016Redesign;en-US;https://www.google.com/;17145;1;0
Samosetresort.com-0113-2017Redesign;en-US;https://www.google.com/;32578;1;0
Montaukyachtclub.com-0010-2014Redesign;en-US;https://www.google.com/;2240;1;0
Luxehotels.com-0078-2016Redesign;en-US;https://www.google.ca/;18830;1;0
wentworthcom00212014redesign;en-US;https://www.google.com/;4306;1;0
Longboatkeyclub.com-0104-2017Redesign;en-US;https://www.google.com/;28332;1;0
Longboatkeyclub.com-0104-2017Redesign;en-US;https://www.google.com/;28328;1;0
Thecurtis.com-0079-2016Redesign;en-US;https://www.google.com/;19391;1;0
Broadmoor.com-0073-2016Redesign;en-US;https://www.google.com/;16721;1;0
Galthouse.com-0042-2015Redesign;en-US;https://www.google.com/;10575;1;0
saddlebrook.com-0011-2014Redesign;en-US;https://www.google.com/;3385;1;0
saddlebrook.com-0011-2014Redesign;en-US;https://www.google.com/;3453;1;0
Thelodgeatwoodloch.com-0033-2015Redesign;en-US;https://www.bing.com/;7764;1;0
Thesagamore.com-0112-2017Redesign;en-US;https://www.bing.com/;32347;1;0
Edgewaternaples.com-0094-2016Redesign;en-US;https://www.google.com/;25254;1;0
Amzak.com-0023-2014Redesign;en-US;https://www.google.ca/;15051;1;0
saddlebrook.com-0011-2014Redesign;en-US;https://www.google.com/;3453;1;0
Monarchbeachresort.com-0092-2016Redesign;en-US;https://www.google.com/;22725;1;0
Galthouse.com-0042-2015Redesign;en-US;https://www.google.com/;10568;1;0
Montaukyachtclub.com-0010-2014Redesign;en-US;https://www.google.com/;2240;1;0
Broadmoor.com-0073-2016Redesign;en-US;https://www.americanbar.org/groups/lawyers_professional_liability/events/lpl_conference.html;16721;1;0
Broadmoor.com-0073-2016Redesign;en-US;https://www.google.com/;16721;1;0
Thelodgeatwoodloch.com-0033-2015Redesign;en-US;https://www.google.com/;7764;1;0
Broadmoor.com-0073-2016Redesign;en-US;http://login.nomadix.com:1111/web/portal.html;16724;1;0
Broadmoor.com-0073-2016Redesign;en-US;http://login.nomadix.com:1111/web/portal.html;16724;1;0
