Casaybelresort.com-0002-2014Redesign;en-US;https://www.bing.com/;1736;1;0
Casaybelresort.com-0002-2014Redesign;en-US;https://www.bing.com/;1739;1;0
Edgewaternaples.com-0094-2016Redesign;en-US;http://reservations.edgewaternaples.com/edgewaternaples/availability.asp;25287;1;0
Galthouse.com-0042-2015Redesign;en-US;http://m.facebook.com/;31905;1;0
Lakeplacidlodge.com-0105-2017Redesign;en-US;https://www.pinterest.com/mpang1/to-love-and-to-cherish/;28545;1;0
theweststreethotel.com-0115-2017Redesign;en-US;https://www.google.com/;36683;1;0
Napavalleymarriott.com-0071-2016Redesign;en-US;http://winetrain.com/stay/;16432;1;0
Napavalleymarriott.com-0071-2016Redesign;en-US;https://www.google.com/;16432;1;0
Theloganhotel.com-0043-2015Redesign;en-US;https://www.google.com/;23201;1;0
Lakeplacidlodge.com-0105-2017Redesign;en-US;https://www.pinterest.com/mpang1/to-love-and-to-cherish/;28545;1;0
Broadmoor.com-0073-2016Redesign;en-US;http://login.nomadix.com:1111/web/portal.html;16724;1;0
Broadmoor.com-0073-2016Redesign;en-US;http://login.nomadix.com:1111/web/portal.html;16724;1;0
Samosetresort.com-0113-2017Redesign;en-US;https://www.google.com/;32541;1;0
Broadmoor.com-0073-2016Redesign;en-US;https://www.google.com/;16773;1;0
Lakeplacidlodge.com-0105-2017Redesign;en-US;https://www.pinterest.com/mpang1/to-love-and-to-cherish/;28545;1;0
Thesagamore.com-0112-2017Redesign;en-US;https://www.bing.com/;32339;1;0
Broadmoor.com-0073-2016Redesign;en-US;http://login.nomadix.com:1111/web/portal.html;16724;1;0
Broadmoor.com-0073-2016Redesign;en-US;http://login.nomadix.com:1111/web/portal.html;16724;1;0
Lakeplacidlodge.com-0105-2017Redesign;en-US;https://www.google.com/;28545;1;0
Lakeplacidlodge.com-0105-2017Redesign;en-US;https://www.google.com/;28545;1;0
Thesagamore.com-0112-2017Redesign;en-US;http://www.google.com/;32347;1;0
Lidobeachresort.com-0106-2017Redesign;en-US;https://www.google.com/;29982;1;0
Edgewaternaples.com-0094-2016Redesign;en-US;http://reservations.edgewaternaples.com/edgewaternaples/availability.asp;25287;1;0
Secretharbourvi.com-0040-2015Redesign;en-US;https://search.yahoo.com/;9231;1;0
Lakeplacidlodge.com-0105-2017Redesign;en-US;https://www.pinterest.com/mpang1/to-love-and-to-cherish/;28545;1;0
Casaybelresort.com-0002-2014Redesign;en-US;https://www.google.com/;1613;1;0
Broadmoor.com-0073-2016Redesign;en-US;https://www.google.com/;16728;1;0
Secretharbourvi.com-0040-2015Redesign;en-US;https://www.google.com.pr/;9231;1;0
Broadmoor.com-0073-2016Redesign;en-US;https://www.google.com/;16721;1;0
Broadmoor.com-0073-2016Redesign;en-US;http://www.google.com/;17699;1;0
Casaybelresort.com-0002-2014Redesign;en-US;https://www.google.ca/;1613;1;0
Sandpearl.com-0091-2016Redesign;en-US;http://www.visitstpeteclearwater.com/hotels-resorts/sandpearl-resort/1741;22481;1;0
Sandpearl.com-0091-2016Redesign;en-US;http://www.visitstpeteclearwater.com/hotels-resorts/sandpearl-resort/1741;22481;1;0
Monarchbeachresort.com-0092-2016Redesign;en-US;https://www.google.com/;22725;1;0
Thesagamore.com-0112-2017Redesign;en-US;https://www.google.com/;32339;1;0
Broadmoor.com-0073-2016Redesign;en-US;http://login.nomadix.com:1111/web/portal.html;16724;1;0
Broadmoor.com-0073-2016Redesign;en-US;http://login.nomadix.com:1111/web/portal.html;16724;1;0
Broadmoor.com-0073-2016Redesign;en-US;https://r.search.yahoo.com/_ylt=AwrBT9Ck27FZmuUACw9x.9w4##SEMICOLONDELIMITER##_ylu=X3oDMTByaWg0YW05BGNvbG8DYmYxBHBvcwM4BHZ0aWQDBHNlYwNzcg--/RV=2/RE=1504857125/RO=10/RU=https%3a//www.broadmoor.com/dining//RK=1/RS=hj0NYVEHR9SiE_2J5gqkKcsL6v4-;16761;1;0
