Monarchbeachresort.com-0092-2016Redesign;en-US;https://www.google.com/;22725;1;0
Broadmoor.com-0073-2016Redesign;en-US;https://www.google.com/;16721;1;0
Broadmoor.com-0073-2016Redesign;en-US;https://www.google.com/;18259;1;0
Thecurtis.com-0079-2016Redesign;en-US;https://www.google.com/;17981;1;0
Marriottkeylargo.com-0015-2014Redesign;en-US;http://www.fla-keys.com/webcams/marriott-key-largo-bay/;3948;1;0
Marriottkeylargo.com-0015-2014Redesign;en-US;http://www.fla-keys.com/webcams/marriott-key-largo-bay/;3964;1;0
Broadmoor.com-0073-2016Redesign;en-US;http://www.visitcos.com/things-to-do/history-and-heritage/landmarks/the-broadmoor-seven-falls-in-colorado-springs/;18259;1;0
Sandylane.com-0075-2016Redesign;en-US;http://www.google.co.uk/;17611;1;0
Broadmoor.com-0073-2016Redesign;en-US;http://tpc.googlesyndication.com/safeframe/1-0-10/html/container.html;16728;1;0
Broadmoor.com-0073-2016Redesign;en-US;https://www.google.com/;16772;1;0
Broadmoor.com-0073-2016Redesign;en-US;https://www.bing.com/;18259;1;0
Galthouse.com-0042-2015Redesign;en-US;http://m.facebook.com/;31905;1;0
Cphollywoodbeach.com-0032-2015Redesign;en-US;http://www.google.com/;7831;1;0
Galthouse.com-0042-2015Redesign;en-US;http://m.facebook.com/;31905;1;0
Galthouse.com-0042-2015Redesign;en-US;https://www.google.com/;10923;1;0
Zotabeachresort.com-0090-2016Redesign;en-US;https://www.google.com/;22357;1;0
Marriottkeylargo.com-0015-2014Redesign;en-US;http://www.fla-keys.com/webcams/marriott-key-largo-bay/;3964;1;0
Galthouse.com-0042-2015Redesign;en-US;https://godspeople.lpages.co/all-black-national-convention/;31905;1;0
Theharborsidehotel.com-0114-2017Redesign;en-US;https://www.google.com/;37571;1;0
Bellemontfarm.com-0007-2013Redesign;en-US;http://www.thebucketlistfamily.com/;11497;1;0
Oxfordclubspa.com-0068-2016Redesign;en-US;http://www.theoxfordhotel.com/;15568;1;0
Theharborsidehotel.com-0114-2017Redesign;en-US;https://www.google.com/;37571;1;0
Thesagamore.com-0112-2017Redesign;en-US;http://www.google.com/;32351;1;0
Broadmoor.com-0073-2016Redesign;en-US;https://www.google.com/;18259;1;0
Opalsands.com-0084-2016Redesign;en-US;android-app://com.google.android.gm/;21227;1;0
Zotabeachresort.com-0090-2016Redesign;en-US;https://www.google.com/;23062;1;0
Zotabeachresort.com-0090-2016Redesign;en-US;https://www.google.com/;23062;1;0
Broadmoor.com-0073-2016Redesign;en-US;https://www.google.com/;16770;1;0
Broadmoor.com-0073-2016Redesign;en-US;https://www.google.com/;16778;1;0
Monarchbeachresort.com-0092-2016Redesign;en-US;https://www.google.com/;22725;1;0
Residenceinnlax.com-0026-2014Redesign;en-US;https://www.yelp.com/;5271;1;0
Broadmoor.com-0073-2016Redesign;en-US;https://www.google.com/;16738;1;0
Marriottkeylargo.com-0015-2014Redesign;en-US;http://www.fla-keys.com/webcams/marriott-key-largo-bay/;3948;1;0
Marriottkeylargo.com-0015-2014Redesign;en-US;http://www.fla-keys.com/webcams/marriott-key-largo-bay/;3964;1;0
Thesagamore.com-0112-2017Redesign;en-US;http://www.newyorkupstate.com/places-to-stay/2017/07/best_resorts_hotels_upstate_ny_vacation_road_trip_family_historic.html;32339;1;0
Thesagamore.com-0112-2017Redesign;en-US;http://www.newyorkupstate.com/places-to-stay/2017/07/best_resorts_hotels_upstate_ny_vacation_road_trip_family_historic.html;32339;1;0
Cocokeyorlando.com-0059-2015Redesign;en-US;https://www.google.com/;12394;1;0
Cocokeyorlando.com-0059-2015Redesign;en-US;https://www.google.com/;12394;1;0
Opalsands.com-0084-2016Redesign;en-US;https://www.google.com/;20561;1;0
Oxfordclubspa.com-0068-2016Redesign;en-US;http://www.theoxfordhotel.com/denver-accommodations/;15568;1;0
Oxfordclubspa.com-0068-2016Redesign;en-US;http://www.theoxfordhotel.com/denver-accommodations/;15568;1;0
Thesagamore.com-0112-2017Redesign;en-US;http://www.google.com/;33922;1;0
saddlebrook.com-0011-2014Redesign;en-US;http://r.search.yahoo.com/_ylt=A86.J5E3_rFZCDEAUMMPxQt.##SEMICOLONDELIMITER##_ylu=X3oDMTByb2lvbXVuBGNvbG8DZ3ExBHBvcwMxBHZ0aWQDBHNlYwNzcg--/RV=2/RE=1504865975/RO=10/RU=http%3a//www.saddlebrook.com//RK=1/RS=m5d.UnZGmF.syq5gZpauCple_tI-;3385;1;0
Broadmoor.com-0073-2016Redesign;en-US;https://www.google.com/;16766;1;0
Zotabeachresort.com-0090-2016Redesign;en-US;https://www.google.com/;23062;1;0
Thesagamore.com-0112-2017Redesign;en-US;https://www.bing.com/;32339;1;0
Thecrawfordhotel.com-0074-2016Redesign;en-US;http://www.oxfordclubspa.com/hotels/;17145;1;0
Lakeplacidlodge.com-0105-2017Redesign;en-US;https://www.google.com/;28545;1;0
Theoxfordhotel.com-0062-2015Redesign;en-US;http://freelinkbuilding.website.tk/;14325;1;0
Longboatkeyclub.com-0104-2017Redesign;en-US;https://www.google.com/;28316;1;0
Broadmoor.com-0073-2016Redesign;en-US;https://www.bing.com/;18259;1;0
Monarchbeachresort.com-0092-2016Redesign;en-US;https://www.google.com/;22725;1;0
Marriottkeylargo.com-0015-2014Redesign;en-US;http://www.fla-keys.com/webcams/marriott-key-largo-bay/;3964;1;0
theweststreethotel.com-0115-2017Redesign;en-US;https://www.google.com/;36683;1;0
Longboatkeyclub.com-0104-2017Redesign;en-US;https://www.google.com/;28316;1;0
Broadmoor.com-0073-2016Redesign;en-US;https://www.google.com/;18259;1;0
Broadmoor.com-0073-2016Redesign;en-US;https://www.google.com/;16721;1;0
Broadmoor.com-0073-2016Redesign;en-US;http://login.nomadix.com:1111/web/portal.html;16724;1;0
