Monarchbeachresort.com-0092-2016Redesign;en-US;http://m.facebook.com/;22992;1;0
Thecrawfordhotel.com-0074-2016Redesign;en-US;https://www.google.com/;17667;1;0
Bluebirch.com-0072-2016Redesign;en-US;https://www.foxweber.com/;16693;1;0
Broadmoor.com-0073-2016Redesign;en-US;http://tpc.googlesyndication.com/safeframe/1-0-10/html/container.html;16728;1;0
Thecurtis.com-0079-2016Redesign;en-US;https://www.google.com/;17981;1;0
Thesagamore.com-0112-2017Redesign;en-US;https://www.google.com/;32339;1;0
Theharborsidehotel.com-0114-2017Redesign;en-US;https://www.google.com/;37571;1;0
Broadmoor.com-0073-2016Redesign;en-US;https://www.google.com/;16721;1;0
Napavalleymarriott.com-0071-2016Redesign;en-US;https://www.google.com/;16432;1;0
Luxehotels.com-0078-2016Redesign;en-US;https://no.pinterest.com/pin/473370610810079004/;19018;1;0
Galthouse.com-0042-2015Redesign;en-US;http://www.google.com/;31905;1;0
Galthouse.com-0042-2015Redesign;en-US;http://www.google.com/;31905;1;0
Sandpearl.com-0091-2016Redesign;en-US;https://www.bing.com/;22501;1;0
wentworthcom00212014redesign;en-US;https://www.google.com/;26679;1;0
Cendyn.com-0095-2016Redesign;en-US;https://www.google.com/;27855;1;0
Lidobeachresort.com-0106-2017Redesign;en-US;https://www.google.ca/;28666;1;0
Lidobeachresort.com-0106-2017Redesign;en-US;https://www.google.ca/;28666;1;0
Monarchbeachresort.com-0092-2016Redesign;en-US;https://www.google.com/;39053;1;0
Galthouse.com-0042-2015Redesign;en-US;https://www.google.com/;31905;1;0
Galthouse.com-0042-2015Redesign;en-US;https://www.google.com/;31905;1;0
Glencovemansion.com-0058-2015Redesign;en-US;https://www.google.com/;13328;1;0
Broadmoor.com-0073-2016Redesign;en-US;https://www.google.com/;16759;1;0
Sandylane.com-0075-2016Redesign;en-US;https://www.google.com/;17708;1;0
Monarchbeachresort.com-0092-2016Redesign;en-US;https://www.google.com/;22725;1;0
Luxehotels.com-0078-2016Redesign;en-US;https://www.google.com/;18833;1;0
Chrco.com-0107-2017Redesign;en-US;http://198.91.42.210/;29280;1;0
Theoxfordhotel.com-0062-2015Redesign;en-US;http://www.google.com/;14331;1;0
Sandylane.com-0075-2016Redesign;en-US;http://www.domain2008.com/domains/www.sandylane.com;17611;1;0
Napavalleymarriott.com-0071-2016Redesign;en-US;https://www.google.com/;16432;1;0
Cphollywoodbeach.com-0032-2015Redesign;en-US;https://www.sunny.org/webcam/;7831;1;0
Thesagamore.com-0112-2017Redesign;en-US;https://www.google.com/;32339;1;0
Cphollywoodbeach.com-0032-2015Redesign;en-US;http://www.earthcam.com/mapsearch/;7831;1;0
Thecurtis.com-0079-2016Redesign;en-US;https://www.google.com/;17981;1;0
Marriottkeylargo.com-0015-2014Redesign;en-US;http://www.beachcamsusa.com/fl/key-largo/key-largo-marriott-bay-resort-live-webcam;3948;1;0
Galthouse.com-0042-2015Redesign;en-US;https://www.google.com.ph/;31905;1;0
Monarchbeachresort.com-0092-2016Redesign;en-US;https://www.google.com/;22725;1;0
Renaissancepittsburghpa.com-0044-2015Redesign;en-US;https://www.google.com/;9637;1;0
