Thelodgeatwoodloch.com-0033-2015Redesign;en-US;https://www.google.com/;7764;1;0
Delraysandsresort.com-0097-2016Redesign;en-US;https://www.google.com/;27232;1;0
Delraysandsresort.com-0097-2016Redesign;en-US;https://www.google.com/;27232;1;0
Thesagamore.com-0112-2017Redesign;en-US;https://www.google.com/;32339;1;0
Thesagamore.com-0112-2017Redesign;en-US;https://www.google.com/;32339;1;0
Halcyonhotelcherrycreek.com-0061-2015Redesign;en-US;https://uncrate.com/;22121;1;0
Thelodgeatwoodloch.com-0033-2015Redesign;en-US;https://www.google.com/;7764;1;0
Cocokeyorlando.com-0059-2015Redesign;en-US;https://www.google.com/;12414;1;0
Luxehotels.com-0078-2016Redesign;en-US;https://www.google.com/;18833;1;0
Thesagamore.com-0112-2017Redesign;en-US;https://www.google.com/;32339;1;0
Thesagamore.com-0112-2017Redesign;en-US;https://www.google.com/;32339;1;0
Theharborsidehotel.com-0114-2017Redesign;en-US;https://www.google.com/;37571;1;0
Sandpearl.com-0091-2016Redesign;en-US;https://www.google.com/;22481;1;0
Halcyonhotelcherrycreek.com-0061-2015Redesign;en-US;https://www.google.com/;23287;1;0
theweststreethotel.com-0115-2017Redesign;en-US;https://www.google.com/;36683;1;0
Broadmoor.com-0073-2016Redesign;en-US;http://tpc.googlesyndication.com/safeframe/1-0-10/html/container.html;16728;1;0
Thesagamore.com-0112-2017Redesign;en-US;http://m.facebook.com/;32339;1;0
Broadmoor.com-0073-2016Redesign;en-US;https://www.google.com/;16728;1;0
Opalsands.com-0084-2016Redesign;en-US;https://reservations.opalsands.com/opalsands/availability.asp;23636;1;0
Residenceinnnyc.com-0034-2015Redesign;en-US;http://www.google.com/;7926;1;0
Miravalspamonarchbeach.com-0109-2017Redesign;en-US;http://www.monarchbeachresort.com/miraval-spa-dana-point/;32984;1;0
theweststreethotel.com-0115-2017Redesign;en-US;https://www.google.com/;36683;1;0
Luxehotels.com-0078-2016Redesign;en-US;https://www.google.com/;18830;1;0
Galthouse.com-0042-2015Redesign;en-US;https://www.google.com/;31905;1;0
Galthouse.com-0042-2015Redesign;en-US;https://www.google.com/;31905;1;0
