Broadmoor.com-0073-2016Redesign;en-US;https://tpc.googlesyndication.com/safeframe/1-0-10/html/container.html;16728;1;0
Hospitalityupgrade.com-0093-2016Redesign;en-US;http://www.google.com/firefox;36743;1;0
Longboatkeyclub.com-0104-2017Redesign;en-US;https://www.worldcam.pl/kamery/ameryka-polnocna/floryda-usa/15728;28317;1;0
Samosetresort.com-0113-2017Redesign;en-US;http://grostm.ru/kontrol-dostupa/kontrollery/kontrollery-avtonomnye/;32541;1;0
Secretharbourvi.com-0040-2015Redesign;en-US;http://eesti.spb.ru/ru/estoniya-goroda-i-zemli/l-nemaa.html;9231;1;0
wentworthcom00212014redesign;en-US;https://www.google.com/;4302;1;0
Broadmoor.com-0073-2016Redesign;en-US;https://www.google.com/;16721;1;0
Thecrawfordhotel.com-0074-2016Redesign;en-US;https://www.google.com/;17667;1;0
Cphollywoodbeach.com-0032-2015Redesign;en-US;http://www.beachcamsusa.com/fl/hollywood/crowne-plaza-webcam-from-hollywood-fl;7831;1;0
Cphollywoodbeach.com-0032-2015Redesign;en-US;https://www.sunny.org/webcam/;7831;1;0
Thesagamore.com-0112-2017Redesign;en-US;https://www.google.com/;33466;1;0
Courtyardportlandcitycenter.com-0063-2015Redesign;en-US;https://www.google.com/;14545;1;0
Sandpearl.com-0091-2016Redesign;en-US;http://grostm.ru/sredstva-i-sistemy-ohranno-pozharnoj-signalizatsii/pribory-kontrolya-i-ucheta/;22481;1;0
Thelodgeatwoodloch.com-0033-2015Redesign;en-US;https://fixup.ua/zapchasti/kabeli;7764;1;0
Thelodgeatwoodloch.com-0033-2015Redesign;en-US;http://www.v-doroguspb.ru/shop.php;7764;1;0
Thelodgeatwoodloch.com-0033-2015Redesign;en-US;https://teman.com.ua/cars/mitsubishi;7764;1;0
Opalsands.com-0084-2016Redesign;en-US;http://www.beachtourism.com/opalsandsresort/;20171;1;0
Theharborsidehotel.com-0114-2017Redesign;en-US;http://www.opalcollection.com/harborside-hotel-spa-marina-bar-harbor/;37571;1;0
Casaybelresort.com-0002-2014Redesign;en-US;http://www.google.com/;1768;1;0
Unionstationhotelnashville.com-0047-2015Redesign;en-US;https://www.google.com/;32226;1;0
Sandylane.com-0075-2016Redesign;en-US;http://grostm.ru/kontrol-dostupa/zamki/zamki-elektromehanicheskie-/;17611;1;0
Broadmoor.com-0073-2016Redesign;en-US;http://tpc.googlesyndication.com/safeframe/1-0-10/html/container.html;16728;1;0
Thecurtis.com-0079-2016Redesign;en-US;http://www.frankgayer.com/;17981;1;0
saddlebrook.com-0011-2014Redesign;en-US;http://l.facebook.com/l.php;3385;1;0
Thelodgeatwoodloch.com-0033-2015Redesign;en-US;http://cleaningservices.kiev.ua/;7764;1;0
Samosetresort.com-0113-2017Redesign;en-US;https://www.google.com/;32541;1;0
Theoxfordhotel.com-0062-2015Redesign;en-US;https://fixup.ua/aksessuary;14325;1;0
Theoxfordhotel.com-0062-2015Redesign;en-US;https://teman.com.ua/cars/citroen;14325;1;0
Theoxfordhotel.com-0062-2015Redesign;en-US;http://www.v-doroguspb.ru/shop.php;14325;1;0
Washingtondukeinn.com-0024-2014Redesign;en-US;https://www.google.com/;4524;1;0
Monarchbeachresort.com-0092-2016Redesign;en-US;http://m.facebook.com/;22992;1;0
Broadmoor.com-0073-2016Redesign;en-US;http://login.nomadix.com:1111/web/portal.html;16724;1;0
Broadmoor.com-0073-2016Redesign;en-US;http://login.nomadix.com:1111/web/portal.html;16724;1;0
wentworthcom00212014redesign;en-US;https://www.google.com/;4307;1;0
Theoxfordhotel.com-0062-2015Redesign;en-US;http://cleaningservices.kiev.ua/uborka-domov-i-kottedjey-v-kieve;14325;1;0
Broadmoor.com-0073-2016Redesign;en-US;https://www.google.com/;16721;1;0
Broadmoor.com-0073-2016Redesign;en-US;https://www.google.com/;18259;1;0
Broadmoor.com-0073-2016Redesign;en-US;https://www.google.com/;16721;1;0
Broadmoor.com-0073-2016Redesign;en-US;http://login.nomadix.com:1111/web/portal.html;16724;1;0
Longboatkeyclub.com-0104-2017Redesign;en-US;https://www.google.com/;28317;1;0
Broadmoor.com-0073-2016Redesign;en-US;http://login.nomadix.com:1111/web/portal.html;16724;1;0
Thesagamore.com-0112-2017Redesign;en-US;https://fixup.ua/aksessuary/bampery;32339;1;0
Sandpearl.com-0091-2016Redesign;en-US;https://www.google.com/;22481;1;0
Thesagamore.com-0112-2017Redesign;en-US;https://teman.com.ua/cars/subaru;32339;1;0
Thesagamore.com-0112-2017Redesign;en-US;http://www.v-doroguspb.ru/shop.php;32339;1;0
Thesagamore.com-0112-2017Redesign;en-US;http://www.newyorkupstate.com/places-to-stay/2017/07/best_resorts_hotels_upstate_ny_vacation_road_trip_family_historic.html;32339;1;0
Thesagamore.com-0112-2017Redesign;en-US;http://www.newyorkupstate.com/places-to-stay/2017/07/best_resorts_hotels_upstate_ny_vacation_road_trip_family_historic.html;32339;1;0
Broadmoor.com-0073-2016Redesign;en-US;http://m.facebook.com/;16790;1;0
theweststreethotel.com-0115-2017Redesign;en-US;https://www.google.ch/;36683;1;0
Jupiterbeachresort.com-0103-2017Redesign;en-US;https://www.google.com/;28158;1;0
