Thelodgeatwoodloch.com-0033-2015Redesign;en-US;http://www--thelodgeatwoodloch--com.rztrkr.com/;11007;1;0
Longboatkeyclub.com-0104-2017Redesign;en-US;http://www.opalcollection.com/the-resort-longboat-key-club/;28316;1;0
Longboatkeyclub.com-0104-2017Redesign;en-US;http://www.opalcollection.com/the-resort-longboat-key-club/;28316;1;0
Cocokeyorlando.com-0059-2015Redesign;en-US;https://res.windsurfercrs.com/ibe/cart.aspx;12394;1;0
Opalsands.com-0084-2016Redesign;en-US;http://m.facebook.com/;28082;1;0
Opalsands.com-0084-2016Redesign;en-US;http://m.facebook.com/;28082;1;0
Broadmoor.com-0073-2016Redesign;en-US;https://www.google.com/;18259;1;0
Halcyonhotelcherrycreek.com-0061-2015Redesign;en-US;https://www.bing.com/;23196;1;0
Marriottkeylargo.com-0015-2014Redesign;en-US;http://www.fla-keys.com/webcams/marriott-key-largo-bay/;3948;1;0
Marriottkeylargo.com-0015-2014Redesign;en-US;http://www.fla-keys.com/webcams/marriott-key-largo-bay/;3964;1;0
Galthouse.com-0042-2015Redesign;en-US;https://www.google.com/;12887;1;0
Broadmoor.com-0073-2016Redesign;en-US;https://www.facebook.com/;40439;1;0
Bellemontfarm.com-0007-2013Redesign;en-US;https://www.google.com/;2492;1;0
Laxembassy.com-0008-2014Redesign;en-US;http://www.google.com/;2037;1;0
Unionstationhotelnashville.com-0047-2015Redesign;en-US;https://www.google.com/;32226;1;0
Monarchbeachresort.com-0092-2016Redesign;en-US;https://www.google.com/;22865;1;0
Washingtoncourthotel.com-0076-2016Redesign;en-US;https://us.search.yahoo.com/;17858;1;0
Broadmoor.com-0073-2016Redesign;en-US;https://www.bing.com/;16721;1;0
Sandpearl.com-0091-2016Redesign;en-US;https://r.search.yahoo.com/_ylt=A0LEVwsF.a5ZJrgA0TZXNyoA##SEMICOLONDELIMITER##_ylu=X3oDMTEyYm5yMDJmBGNvbG8DYmYxBHBvcwMxBHZ0aWQDQjQyMTRfMQRzZWMDc3I-/RV=2/RE=1504668037/RO=10/RU=https%3a//www.sandpearl.com//RK=1/RS=LXTX6c1tEH_0KvK6qgLAWLnla2A-;22481;1;0
Sandpearl.com-0091-2016Redesign;en-US;http://www.visitstpeteclearwater.com/hotels-resorts/sandpearl-resort/1741;22481;1;0
Sandpearl.com-0091-2016Redesign;en-US;http://www.visitstpeteclearwater.com/hotels-resorts/sandpearl-resort/1741;22481;1;0
Samosetresort.com-0113-2017Redesign;en-US;https://www.bing.com/;35227;1;0
Broadmoor.com-0073-2016Redesign;en-US;http://www.google.com/;18259;1;0
Thecrawfordhotel.com-0074-2016Redesign;en-US;https://www.google.com/;17667;1;0
Thelodgeatwoodloch.com-0033-2015Redesign;en-US;https://www.google.com/;7764;1;0
Cocokeyorlando.com-0059-2015Redesign;en-US;https://www.google.com/;12410;1;0
Samosetresort.com-0113-2017Redesign;en-US;https://www.google.com/;35144;1;0
Unionstationhotelnashville.com-0047-2015Redesign;en-US;https://www.google.com/;32226;1;0
Broadmoor.com-0073-2016Redesign;en-US;http://www.google.com/;18259;1;0
Thesagamore.com-0112-2017Redesign;en-US;https://www.google.com/;32339;1;0
Thesagamore.com-0112-2017Redesign;en-US;https://www.google.com/;32339;1;0
Galthouse.com-0042-2015Redesign;en-US;https://outlook.live.com/;31905;1;0
Broadmoor.com-0073-2016Redesign;en-US;http://www.outtherecolorado.com/play/colorado-springs;18259;1;0
Lakeplacidlodge.com-0105-2017Redesign;en-US;https://www.google.com/;28545;1;0
Lakeplacidlodge.com-0105-2017Redesign;en-US;https://www.google.com/;28545;1;0
Broadmoor.com-0073-2016Redesign;en-US;https://www.google.com/;16721;1;0
theweststreethotel.com-0115-2017Redesign;en-US;https://www.google.com/;36683;1;0
Broadmoor.com-0073-2016Redesign;en-US;https://www.bing.com/;17448;1;0
Opalsands.com-0084-2016Redesign;en-US;http://m.facebook.com/;28082;1;0
Samosetresort.com-0113-2017Redesign;en-US;https://www.google.com/;32541;1;0
Samosetresort.com-0113-2017Redesign;en-US;https://www.google.com/;32541;1;0
Broadmoor.com-0073-2016Redesign;en-US;http://www.pikes-peak.com/attractions/seven-falls/;18259;1;0
Broadmoor.com-0073-2016Redesign;en-US;https://www.bing.com/;16721;1;0
