Montaukyachtclub.com-0010-2014Redesign;en-US;https://www.google.com/;2456;1;0
Theharborsidehotel.com-0114-2017Redesign;en-US;https://www.google.com/;37571;1;0
Thelodgeatwoodloch.com-0033-2015Redesign;en-US;http://l.facebook.com/l.php;7764;1;0
Opalsands.com-0084-2016Redesign;en-US;https://reservations.opalsands.com/opalsands/book.asp;20792;1;0
Broadmoor.com-0073-2016Redesign;en-US;http://login.nomadix.com:1111/web/portal.html;16724;1;0
Broadmoor.com-0073-2016Redesign;en-US;http://login.nomadix.com:1111/web/portal.html;16724;1;0
theweststreethotel.com-0115-2017Redesign;en-US;https://www.google.com/;36683;1;0
Thesagamore.com-0112-2017Redesign;en-US;https://www.google.com/;32339;1;0
Thesagamore.com-0112-2017Redesign;en-US;https://www.google.com/;32339;1;0
Theharborsidehotel.com-0114-2017Redesign;en-US;https://www.google.com/;37571;1;0
Samosetresort.com-0113-2017Redesign;en-US;https://www.google.com/;35144;1;0
Theharborsidehotel.com-0114-2017Redesign;en-US;https://www.google.com/;37571;1;0
Galthouse.com-0042-2015Redesign;en-US;https://www.google.com/;31905;1;0
Broadmoor.com-0073-2016Redesign;en-US;http://m.facebook.com/;16790;1;0
Galthouse.com-0042-2015Redesign;en-US;https://www.google.com/;31905;1;0
Lidobeachresort.com-0106-2017Redesign;en-US;https://www.google.com/;28666;1;0
Thesagamore.com-0112-2017Redesign;en-US;https://www.google.com/;32339;1;0
Longboatkeyclub.com-0104-2017Redesign;en-US;https://www.google.com/;28316;1;0
Broadmoor.com-0073-2016Redesign;en-US;http://www.google.com/;18259;1;0
Delraysandsresort.com-0097-2016Redesign;en-US;https://www.google.com/;27232;1;0
Delraysandsresort.com-0097-2016Redesign;en-US;https://www.google.com/;27232;1;0
Broadmoor.com-0073-2016Redesign;en-US;http://www.google.com/;18259;1;0
Broadmoor.com-0073-2016Redesign;en-US;https://www.facebook.com/;16721;1;0
Thesagamore.com-0112-2017Redesign;en-US;http://www.lakegeorge.com/business/sagamore-670/;32339;1;0
Broadmoor.com-0073-2016Redesign;en-US;https://www.google.com/;16721;1;0
Thesagamore.com-0112-2017Redesign;en-US;http://www.lakegeorge.com/business/sagamore-670/;32339;1;0
theweststreethotel.com-0115-2017Redesign;en-US;https://www.google.com/;36683;1;0
Broadmoor.com-0073-2016Redesign;en-US;https://www.bing.com/;16770;1;0
Lidobeachresort.com-0106-2017Redesign;en-US;https://www.google.com/;28666;1;0
Lidobeachresort.com-0106-2017Redesign;en-US;https://www.google.com/;28666;1;0
Zotabeachresort.com-0090-2016Redesign;en-US;https://www.tripadvisor.com/Hotel_Review-g34399-d10518992-Reviews-Zota_Beach_Resort-Longboat_Key_Florida.html;22357;1;0
Sandylane.com-0075-2016Redesign;en-US;http://r.search.yahoo.com/_ylt=A0LEViSdcbhZavkAiugXFwx.##SEMICOLONDELIMITER##_ylu=X3oDMTEyMXI4aHAzBHNlYwNzcgRwb3MDMQRjb2xvA2JmMQR2dGlkA0I0MzcwXzE-/RV=2/RE=1505288733/RO=10/RU=http%3a//www.sandylane.com//RK=1/RS=0Y4HWtEQ31lxR_.CAL2c.tLh_6Y-;17611;1;0
Thesagamore.com-0112-2017Redesign;en-US;https://www.google.com/;32339;1;0
Samosetresort.com-0113-2017Redesign;en-US;https://www.google.com/;35274;1;0
Glencovemansion.com-0058-2015Redesign;en-US;https://www.google.com/;13328;1;0
Montaukyachtclub.com-0010-2014Redesign;en-US;https://www.google.com/;2240;1;0
Cphollywoodbeach.com-0032-2015Redesign;en-US;https://www.sunny.org/webcam/;7831;1;0
Sandpearl.com-0091-2016Redesign;en-US;http://sandpearlresort.myopalexperience.com/HotelInfo.aspx;22481;1;0
Montaukyachtclub.com-0010-2014Redesign;en-US;https://www.google.com/;2240;1;0
Sandpearl.com-0091-2016Redesign;en-US;http://sandpearlresort.myopalexperience.com/HotelInfo.aspx;22481;1;0
Thesagamore.com-0112-2017Redesign;en-US;https://www.bing.com/;33922;1;0
Broadmoor.com-0073-2016Redesign;en-US;https://r.search.yahoo.com/_ylt=A0LEVikaj7hZrzQAVDAPxQt.##SEMICOLONDELIMITER##_ylu=X3oDMTByOHZyb21tBGNvbG8DYmYxBHBvcwMxBHZ0aWQDBHNlYwNzcg--/RV=2/RE=1505296283/RO=10/RU=https%3a//www.broadmoor.com//RK=1/RS=GUr8EiH2M00vpq0hOLy2L.zXIeU-;16721;1;0
Thesagamore.com-0112-2017Redesign;en-US;https://www.google.ca/;32339;1;0
Cphollywoodbeach.com-0032-2015Redesign;en-US;https://www.google.com/;7831;1;0
Thesagamore.com-0112-2017Redesign;en-US;https://www.google.ca/;32339;1;0
Broadmoor.com-0073-2016Redesign;en-US;http://m.facebook.com/;16790;1;0
Broadmoor.com-0073-2016Redesign;en-US;http://login.nomadix.com:1111/web/portal.html;16724;1;0
Opalsands.com-0084-2016Redesign;en-US;https://www.google.com/;20171;1;0
Broadmoor.com-0073-2016Redesign;en-US;http://login.nomadix.com:1111/web/portal.html;16724;1;0
Sandpearl.com-0091-2016Redesign;en-US;https://www.google.com/;22481;1;0
Opalsands.com-0084-2016Redesign;en-US;https://www.google.com/;20171;1;0
Thesagamore.com-0112-2017Redesign;en-US;https://www.google.com/;32339;1;0
Thesagamore.com-0112-2017Redesign;en-US;https://www.bing.com/;32339;1;0
Theharborsidehotel.com-0114-2017Redesign;en-US;https://r.search.yahoo.com/_ylt=AwrBTz8Fj7hZfTcAlRzBGOd_##SEMICOLONDELIMITER##_ylu=X3oDMTByOHZyb21tBGNvbG8DYmYxBHBvcwMxBHZ0aWQDBHNlYwNzcg--/RV=2/RE=1505296262/RO=10/RU=https%3a//www.theharborsidehotel.com//RK=1/RS=c2yROXb1_2nNbU3bcymkmxfVEEM-;37571;1;0
Montaukyachtclub.com-0010-2014Redesign;en-US;http://m.facebook.com/;2240;1;0
