Theharborsidehotel.com-0114-2017Redesign;en-US;https://r.search.yahoo.com/_ylt=A0SO8yhsUK9Z3hQA3hrBGOd_##SEMICOLONDELIMITER##_ylu=X3oDMTByN3UwbTk1BGNvbG8DZ3ExBHBvcwM5BHZ0aWQDBHNlYwNzcg--/RV=2/RE=1504690412/RO=10/RU=https%3a//www.theharborsidehotel.com/bar-harbor-activities/attractions//RK=1/RS=ZEOrBgBi_lkqGnQYjH7oakvFcRM-;38028;1;0
Casaybelresort.com-0002-2014Redesign;en-US;https://www.google.com/;1533;1;0
Broadmoor.com-0073-2016Redesign;en-US;http://login.nomadix.com:1111/web/portal.html;16724;1;0
Halcyonhotelcherrycreek.com-0061-2015Redesign;en-US;https://uncrate.com/;22121;1;0
Chrco.com-0107-2017Redesign;en-US;https://www.google.com/;29434;1;0
Thelodgeatwoodloch.com-0033-2015Redesign;en-US;https://www.google.com/;7764;1;0
Edgewaternaples.com-0094-2016Redesign;en-US;https://www.google.com/;25246;1;0
Oxfordclubspa.com-0068-2016Redesign;en-US;http://m.facebook.com/;15599;1;0
Edgewaternaples.com-0094-2016Redesign;en-US;https://www.google.com/;25246;1;0
Samosetresort.com-0113-2017Redesign;en-US;http://www.visit-maine.com/midcoast/romantic-getaways/;32541;1;0
Samosetresort.com-0113-2017Redesign;en-US;http://www.visit-maine.com/midcoast/romantic-getaways/;32541;1;0
Zotabeachresort.com-0090-2016Redesign;en-US;https://login.globalsuite.net/rwd/ConnectionAttendant;22357;1;0
saddlebrook.com-0011-2014Redesign;en-US;http://www.golfadvisor.com/articles/top-golf-courses-naples-florida-fl-14310.htm;4534;1;0
Springhillsuitesdenver.com-0060-2015Redesign;en-US;https://www.google.com/;12307;1;0
Laxembassy.com-0008-2014Redesign;en-US;https://www.google.com/;2037;1;0
Broadmoor.com-0073-2016Redesign;en-US;http://tpc.googlesyndication.com/safeframe/1-0-10/html/container.html;16728;1;0
Cocokeyorlando.com-0059-2015Redesign;en-US;https://www.google.com/;12394;1;0
Cocokeyorlando.com-0059-2015Redesign;en-US;https://www.google.com/;12394;1;0
Secretharbourvi.com-0040-2015Redesign;en-US;https://www.google.com/;9385;1;0
Thelodgeatwoodloch.com-0033-2015Redesign;en-US;https://www.poconomountains.com/listings/the-lodge-at-woodloch/3118/;7764;1;0
Sandpearl.com-0091-2016Redesign;en-US;http://m.facebook.com/;30638;1;0
Broadmoor.com-0073-2016Redesign;en-US;http://login.nomadix.com:1111/web/portal.html;16724;1;0
Jupiterbeachresort.com-0103-2017Redesign;en-US;https://www.google.com/;28213;1;0
Broadmoor.com-0073-2016Redesign;en-US;http://login.nomadix.com:1111/web/portal.html;16724;1;0
Sandpearl.com-0091-2016Redesign;en-US;http://m.facebook.com/;30638;1;0
Montaukyachtclub.com-0010-2014Redesign;en-US;http://m.facebook.com/;2240;1;0
Thelodgeatwoodloch.com-0033-2015Redesign;en-US;https://www.google.com/;7764;1;0
Thesagamore.com-0112-2017Redesign;en-US;https://www.google.com/;32347;1;0
Napavalleymarriott.com-0071-2016Redesign;en-US;https://www.google.com/;16432;1;0
Thelodgeatwoodloch.com-0033-2015Redesign;en-US;https://www.google.com/;8254;1;0
theweststreethotel.com-0115-2017Redesign;en-US;https://www.google.com/;37486;1;0
Halcyonhotelcherrycreek.com-0061-2015Redesign;en-US;https://uncrate.com/;22121;1;0
Jbdukehotel.com-0086-2016Redesign;en-US;http://shymkent.xkaz.org/;21918;1;0
Jbdukehotel.com-0086-2016Redesign;en-US;http://shymkent.xkaz.org/;21918;1;0
Cocokeyorlando.com-0059-2015Redesign;en-US;https://www.google.com/;12394;1;0
Cocokeyorlando.com-0059-2015Redesign;en-US;https://www.google.com/;12394;1;0
Monarchbeachresort.com-0092-2016Redesign;en-US;https://www.google.com/;22846;1;0
Broadmoor.com-0073-2016Redesign;en-US;http://www.worldation.com/opinions/70-epic-perfectly-timed-photos/36/;16728;1;0
Jbdukehotel.com-0086-2016Redesign;en-US;http://shymkent.xkaz.org/;21918;1;0
Montaukyachtclub.com-0010-2014Redesign;en-US;https://www.google.com/;2240;1;0
Broadmoor.com-0073-2016Redesign;en-US;http://www.worldation.com/opinions/70-epic-perfectly-timed-photos/36/;16728;1;0
wentworthcom00212014redesign;en-US;http://www.google.com/;4282;1;0
Thesagamore.com-0112-2017Redesign;en-US;https://www.google.com/;33470;1;0
Thesagamore.com-0112-2017Redesign;en-US;https://www.google.com/;33470;1;0
