Longboatkeyclub.com-0104-2017Redesign;en-US;https://www.google.com/;28316;1;0
Monarchbeachresort.com-0092-2016Redesign;en-US;https://www.google.com/;22877;1;0
Longboatkeyclub.com-0104-2017Redesign;en-US;https://www.google.com/;28316;1;0
Broadmoor.com-0073-2016Redesign;en-US;http://www.cmzoo.org/index.php/guest-information/plan-your-visit/where-to-stay-and-play/;16721;1;0
Monarchbeachresort.com-0092-2016Redesign;en-US;https://www.google.com/;22725;1;0
Thecrawfordhotel.com-0074-2016Redesign;en-US;http://unionstationindenver.com/stay/;17158;1;0
theweststreethotel.com-0115-2017Redesign;en-US;https://www.google.ca/;36683;1;0
Broadmoor.com-0073-2016Redesign;en-US;http://login.nomadix.com:1111/web/portal.html;16724;1;0
Galthouse.com-0042-2015Redesign;en-US;https://www.google.com/;26639;1;0
Broadmoor.com-0073-2016Redesign;en-US;http://login.nomadix.com:1111/web/portal.html;16724;1;0
Glencovemansion.com-0058-2015Redesign;en-US;https://www.google.com/;13328;1;0
Monarchbeachresort.com-0092-2016Redesign;en-US;https://www.google.com/;22725;1;0
Galthouse.com-0042-2015Redesign;en-US;http://cleaningservices.kiev.ua/price-tseni-na-uslugi;31905;1;0
Broadmoor.com-0073-2016Redesign;en-US;http://m.facebook.com/;18013;1;0
Oxfordclubspa.com-0068-2016Redesign;en-US;https://www.google.com/;15568;1;0
Bellemontfarm.com-0007-2013Redesign;en-US;https://www.google.com/;12011;1;0
Cphollywoodbeach.com-0032-2015Redesign;en-US;https://www.sunny.org/webcam/;7831;1;0
Broadmoor.com-0073-2016Redesign;en-US;https://www.google.com/;16721;1;0
Broadmoor.com-0073-2016Redesign;en-US;http://login.nomadix.com:1111/web/portal.html;16724;1;0
Broadmoor.com-0073-2016Redesign;en-US;https://www.google.com/;16721;1;0
Sandpearl.com-0091-2016Redesign;en-US;http://www.baidu.com/;22481;1;0
Sandpearl.com-0091-2016Redesign;en-US;http://www.baidu.com/;22481;1;0
Broadmoor.com-0073-2016Redesign;en-US;http://login.nomadix.com:1111/web/portal.html;16724;1;0
Luxehotels.com-0078-2016Redesign;en-US;http://www.beckhoffautomation.com/forms/events/usa/technology-workshops/registration.aspx;18830;1;0
Cphollywoodbeach.com-0032-2015Redesign;en-US;https://www.sunny.org/webcam/;7831;1;0
Treasureislandbeachresort.com-0089-2016Redesign;en-US;https://www.google.com/;22169;1;0
Thecurtis.com-0079-2016Redesign;en-US;https://www.google.ca/;17981;1;0
Broadmoor.com-0073-2016Redesign;en-US;https://www.bing.com/;17449;1;0
Treasureislandbeachresort.com-0089-2016Redesign;en-US;https://www.google.com/;22169;1;0
Broadmoor.com-0073-2016Redesign;en-US;https://www.google.com/;18259;1;0
Monarchbeachresort.com-0092-2016Redesign;en-US;http://m.facebook.com/;26800;1;0
Marriottkeylargo.com-0015-2014Redesign;en-US;http://www.beachcamsusa.com/fl/key-largo/key-largo-marriott-bay-resort-live-webcam;3948;1;0
Theharborsidehotel.com-0114-2017Redesign;en-US;https://www.google.com/;37571;1;0
Galthouse.com-0042-2015Redesign;en-US;http://search.tb.ask.com/search/GGmain.jhtml;31905;1;0
Theharborsidehotel.com-0114-2017Redesign;en-US;https://www.google.com/;38020;1;0
wentworthcom00212014redesign;en-US;http://www.visitnewengland.com/all/romantic-getaways/;4245;1;0
Broadmoor.com-0073-2016Redesign;en-US;https://www.google.com/;16721;1;0
Sandpearl.com-0091-2016Redesign;en-US;https://www.google.com/;23082;1;0
Sandpearl.com-0091-2016Redesign;en-US;https://www.google.com/;23082;1;0
Edgewaternaples.com-0094-2016Redesign;en-US;https://www.google.com/;25239;1;0
Edgewaternaples.com-0094-2016Redesign;en-US;https://www.google.com/;25239;1;0
Broadmoor.com-0073-2016Redesign;en-US;https://www.google.com/;18259;1;0
saddlebrook.com-0011-2014Redesign;en-US;https://www.google.com/;3385;1;0
Casaybelresort.com-0002-2014Redesign;en-US;http://search.myway.com/search/GGmain.jhtml;1533;1;0
Thelodgeatwoodloch.com-0033-2015Redesign;en-US;https://www.google.com/;8274;1;0
Lidobeachresort.com-0106-2017Redesign;en-US;https://www.google.com/;28714;1;0
