theweststreethotel.com-0115-2017Redesign;en-US;https://www.google.com/;36683;1;0
Glencovemansion.com-0058-2015Redesign;en-US;https://www.google.com/;13328;1;0
Thesagamore.com-0112-2017Redesign;en-US;https://www.google.com/;32339;1;0
Thesagamore.com-0112-2017Redesign;en-US;https://www.google.com/;32339;1;0
Opalsands.com-0084-2016Redesign;en-US;https://www.google.com/;20171;1;0
Monarchbeachresort.com-0092-2016Redesign;en-US;https://www.google.com/;22725;1;0
shop.broadmoor.com-0096-2016ShoppingCart;en-US;https://www.google.com/;27379;1;0
Washingtoncourthotel.com-0076-2016Redesign;en-US;http://www.google.com/;17858;1;0
Halcyonhotelcherrycreek.com-0061-2015Redesign;en-US;https://www.google.com/;22121;1;0
Unionstationhotelnashville.com-0047-2015Redesign;en-US;https://www.google.com/;32226;1;0
shop.broadmoor.com-0096-2016ShoppingCart;en-US;https://www.google.com/;26987;1;0
Chrco.com-0107-2017Redesign;en-US;https://www.google.com/;29280;1;0
Marriottkeylargo.com-0015-2014Redesign;en-US;http://www.ophotels.com/locator/;3948;1;0
wentworthcom00212014redesign;en-US;http://www.ophotels.com/locator/;26679;1;0
Marriottdelraybeach.com-0009-2014Redesign;en-US;http://www.ophotels.com/locator/;2829;1;0
Broadmoor.com-0073-2016Redesign;en-US;https://www.google.com/;16721;1;0
Lidobeachresort.com-0106-2017Redesign;en-US;http://www.ophotels.com/locator/;28666;1;0
Longboatkeyclub.com-0104-2017Redesign;en-US;http://www.ophotels.com/locator/;35641;1;0
Samosetresort.com-0113-2017Redesign;en-US;http://www.ophotels.com/locator/;32541;1;0
Jupiterbeachresort.com-0103-2017Redesign;en-US;http://www.ophotels.com/locator/;28158;1;0
Lakeplacidlodge.com-0105-2017Redesign;en-US;http://www.ophotels.com/locator/;28545;1;0
Delraysandsresort.com-0097-2016Redesign;en-US;http://www.ophotels.com/locator/;27232;1;0
Thesagamore.com-0112-2017Redesign;en-US;http://www.ophotels.com/locator/;32339;1;0
Samosetresort.com-0113-2017Redesign;en-US;http://www.ophotels.com/locator/;32541;1;0
theweststreethotel.com-0115-2017Redesign;en-US;http://www.ophotels.com/locator/;36683;1;0
Theharborsidehotel.com-0114-2017Redesign;en-US;http://www.ophotels.com/locator/;37571;1;0
Broadmoor.com-0073-2016Redesign;en-US;https://www.google.com/;16721;1;0
Broadmoor.com-0073-2016Redesign;en-US;https://www.google.com/;16721;1;0
Minnetonkamarriott.com-0039-2015Redesign;en-US;https://www.google.com/;8817;1;0
Thesagamore.com-0112-2017Redesign;en-US;https://www.pinterest.com/pin/165085142574502944;32339;1;0
Broadmoor.com-0073-2016Redesign;en-US;https://www.google.com/;18259;1;0
Broadmoor.com-0073-2016Redesign;en-US;https://tpc.googlesyndication.com/safeframe/1-0-10/html/container.html;16728;1;0
Cocokeyorlando.com-0059-2015Redesign;en-US;https://lm.facebook.com/l.php;12394;1;0
Springhillsuitesdenver.com-0060-2015Redesign;en-US;https://www.google.com/;12307;1;0
Thesagamore.com-0112-2017Redesign;en-US;https://www.google.com/;32339;1;0
Lidobeachresort.com-0106-2017Redesign;en-US;https://www.google.com.ph/;28673;1;0
saddlebrook.com-0011-2014Redesign;en-US;https://www.google.com/;3497;1;0
Thelodgeatwoodloch.com-0033-2015Redesign;en-US;https://www.poconomountains.com/listings/the-lodge-at-woodloch/3118/;7764;1;0
Montaukyachtclub.com-0010-2014Redesign;en-US;https://www.google.com/;2240;1;0
Broadmoor.com-0073-2016Redesign;en-US;https://www.google.com/;16721;1;0
Renaissancepittsburghpa.com-0044-2015Redesign;en-US;https://www.google.com/;9637;1;0
Thelodgeatwoodloch.com-0033-2015Redesign;en-US;https://www.google.com/;7782;1;0
Cocokeyorlando.com-0059-2015Redesign;en-US;http://www.crayolaexperience.com/orlando/plan-your-visit/where-to-stay.aspx;12394;1;0
Cocokeyorlando.com-0059-2015Redesign;en-US;http://www.crayolaexperience.com/orlando/plan-your-visit/where-to-stay.aspx;12394;1;0
Thecrawfordhotel.com-0074-2016Redesign;en-US;https://www.google.com/;17145;1;0
Broadmoor.com-0073-2016Redesign;en-US;https://googleads.g.doubleclick.net/pagead/ads;16728;1;0
Broadmoor.com-0073-2016Redesign;en-US;https://www.bing.com/;16721;1;0
Sandpearl.com-0091-2016Redesign;en-US;http://m.facebook.com/;30638;1;0
Broadmoor.com-0073-2016Redesign;en-US;https://www.tripadvisor.ca/Attractions-g33364-Activities-Colorado_Springs_El_Paso_County_Colorado.html;17443;1;0
Delraysandsresort.com-0097-2016Redesign;en-US;https://www.google.com/;27232;1;0
Delraysandsresort.com-0097-2016Redesign;en-US;https://www.google.com/;27232;1;0
Sandpearl.com-0091-2016Redesign;en-US;https://www.google.com/;22481;1;0
Monarchbeachresort.com-0092-2016Redesign;en-US;https://www.google.com/;23039;1;0
