Broadmoor.com-0073-2016Redesign;en-US;https://www.google.com/;16721;1;0
Halcyonhotelcherrycreek.com-0061-2015Redesign;en-US;https://uncrate.com/article/halcyon-hotel/;22121;1;0
Cocokeyorlando.com-0059-2015Redesign;en-US;http://m.facebook.com/;12394;1;0
theweststreethotel.com-0115-2017Redesign;en-US;https://www.google.com/;37486;1;0
Galthouse.com-0042-2015Redesign;en-US;https://www.google.com/;25671;1;0
Washingtoncourthotel.com-0076-2016Redesign;en-US;http://www.phada.org/conferences/upcoming.php;17858;1;0
theweststreethotel.com-0115-2017Redesign;en-US;http://www.menupix.com/menudirectory/menu.php;36683;1;0
Montaukyachtclub.com-0010-2014Redesign;en-US;https://www.google.com/;2381;1;0
Broadmoor.com-0073-2016Redesign;en-US;https://googleads.g.doubleclick.net/pagead/ads;16728;1;0
Washingtondukeinn.com-0024-2014Redesign;en-US;https://www.google.com/;4524;1;0
Washingtondukeinn.com-0024-2014Redesign;en-US;https://www.google.com/;4524;1;0
Thesagamore.com-0112-2017Redesign;en-US;https://www.accessbroadway.com/about;32339;1;0
shop.broadmoor.com-0096-2016ShoppingCart;en-US;https://www.broadmoor.com/activities/retail/;26973;1;0
Broadmoor.com-0073-2016Redesign;en-US;https://www.google.com/;18259;1;0
Cendyn.com-0095-2016Redesign;en-US;https://www.google.it/;26858;1;0
Cocokeyorlando.com-0059-2015Redesign;en-US;https://www.google.com/;12410;1;0
Halcyonhotelcherrycreek.com-0061-2015Redesign;en-US;https://www.google.com/;22121;1;0
Broadmoor.com-0073-2016Redesign;en-US;https://www.google.com/;16721;1;0
Broadmoor.com-0073-2016Redesign;en-US;https://www.google.com/;16721;1;0
Bellemontfarm.com-0007-2013Redesign;en-US;https://sevendays.com.ua/;11497;1;0
Bellemontfarm.com-0007-2013Redesign;en-US;https://sevendays.com.ua/;11497;1;0
Bellemontfarm.com-0007-2013Redesign;en-US;https://sevendays.com.ua/;11497;1;0
Thesagamore.com-0112-2017Redesign;en-US;http://www.google.com/;32347;1;0
Luxehotels.com-0078-2016Redesign;en-US;https://www.google.com/;18830;1;0
Cocokeyorlando.com-0059-2015Redesign;en-US;https://search.aol.com/aol/search;12394;1;0
Broadmoor.com-0073-2016Redesign;en-US;https://www.google.com/;18259;1;0
Hhotellosangeles.com-0118-2017Redesign;en-US;https://www.google.com/;37901;1;0
Broadmoor.com-0073-2016Redesign;en-US;https://www.google.com/;18259;1;0
Broadmoor.com-0073-2016Redesign;en-US;https://www.google.com/;17450;1;0
Galthouse.com-0042-2015Redesign;en-US;https://www.google.com/;10558;1;0
Longboatkeyclub.com-0104-2017Redesign;en-US;http://www.google.com/;28364;1;0
Cphollywoodbeach.com-0032-2015Redesign;en-US;https://www.sunny.org/webcam/;7831;1;0
theweststreethotel.com-0115-2017Redesign;en-US;http://www.menupix.com/menudirectory/menu.php;36683;1;0
Thesagamore.com-0112-2017Redesign;en-US;https://www.google.com/;33471;1;0
Galthouse.com-0042-2015Redesign;en-US;https://www.google.com/;31905;1;0
Broadmoor.com-0073-2016Redesign;en-US;http://tpc.googlesyndication.com/safeframe/1-0-10/html/container.html;16728;1;0
Broadmoor.com-0073-2016Redesign;en-US;https://www.google.com/;16794;1;0
wentworthcom00212014redesign;en-US;https://www.google.com/;4250;1;0
