Sandylane.com-0075-2016Redesign;en-US;https://mojpregled.com/;17675;1;0
Sandylane.com-0075-2016Redesign;en-US;https://mojpregled.com/;17675;1;0
Broadmoor.com-0073-2016Redesign;en-US;https://www.google.com/;16721;1;0
Thesagamore.com-0112-2017Redesign;en-US;https://www.google.com/;32339;1;0
Thesagamore.com-0112-2017Redesign;en-US;https://www.google.com/;32339;1;0
Longboatkeyclub.com-0104-2017Redesign;en-US;https://www.google.com/;28316;1;0
Longboatkeyclub.com-0104-2017Redesign;en-US;https://www.google.com/;28316;1;0
Longboatkeyclub.com-0104-2017Redesign;en-US;http://m.facebook.com/;28354;1;0
Sandpearl.com-0091-2016Redesign;en-US;https://www.google.com/;22481;1;0
Sandpearl.com-0091-2016Redesign;en-US;https://www.google.com/;22481;1;0
Meateatery.com-0080-2016Redesign;en-US;https://www.google.com/;18505;1;0
Longboatkeyclub.com-0104-2017Redesign;en-US;https://www.google.com/;28316;1;0
Longboatkeyclub.com-0104-2017Redesign;en-US;https://www.google.com/;28316;1;0
Samosetresort.com-0113-2017Redesign;en-US;https://www.google.com/;32541;1;0
Samosetresort.com-0113-2017Redesign;en-US;https://www.google.com/;32541;1;0
Sandpearl.com-0091-2016Redesign;en-US;http://m.facebook.com/;30638;1;0
Sandpearl.com-0091-2016Redesign;en-US;https://www.google.com/;22481;1;0
Sandpearl.com-0091-2016Redesign;en-US;https://www.google.com/;22481;1;0
Broadmoor.com-0073-2016Redesign;en-US;https://www.google.com/;16721;1;0
Unionstationhotelnashville.com-0047-2015Redesign;en-US;https://www.google.ca/;32226;1;0
Napavalleymarriott.com-0071-2016Redesign;en-US;https://www.google.com/;16432;1;0
Thelodgeatwoodloch.com-0033-2015Redesign;en-US;http://www.mainlinetoday.com/7-East-Coast-Destination-Spas/;7764;1;0
Broadmoor.com-0073-2016Redesign;en-US;https://www.google.com/;18259;1;0
Thelodgeatwoodloch.com-0033-2015Redesign;en-US;https://www.google.com/;7764;1;0
Broadmoor.com-0073-2016Redesign;en-US;http://www.google.com/;16721;1;0
Secretharbourvi.com-0040-2015Redesign;en-US;http://ezxcess.antlabs.com/login/main.ant;9231;1;0
Broadmoor.com-0073-2016Redesign;en-US;http://www.pikes-peak.com/attractions/seven-falls/;18259;1;0
Longboatkeyclub.com-0104-2017Redesign;en-US;http://m.facebook.com/;28354;1;0
Monarchbeachresort.com-0092-2016Redesign;en-US;http://m.facebook.com/;22992;1;0
Theoxfordhotel.com-0062-2015Redesign;en-US;https://www.google.com/;14325;1;0
Thesagamore.com-0112-2017Redesign;en-US;https://www.google.com/;32348;1;0
Treasureislandbeachresort.com-0089-2016Redesign;en-US;https://www.google.com/;22169;1;0
Treasureislandbeachresort.com-0089-2016Redesign;en-US;https://www.google.com/;22169;1;0
Longboatkeyclub.com-0104-2017Redesign;en-US;http://m.facebook.com/;28354;1;0
