Samosetresort.com-0113-2017Redesign;en-US;https://www.google.com/;32541;1;0
Samosetresort.com-0113-2017Redesign;en-US;https://www.google.com/;32541;1;0
shop.broadmoor.com-0096-2016ShoppingCart;en-US;https://www.broadmoor.com/activities/retail/;26973;1;0
wentworthcom00212014redesign;en-US;https://www.google.com/;4307;1;0
Broadmoor.com-0073-2016Redesign;en-US;http://login.nomadix.com:1111/web/portal.html;16724;1;0
Broadmoor.com-0073-2016Redesign;en-US;http://login.nomadix.com:1111/web/portal.html;16724;1;0
Broadmoor.com-0073-2016Redesign;en-US;https://www.google.com/;16721;1;0
Hi-nyc.com-0108-2017Redesogm;en-US;https://www.google.co.uk/;30080;1;0
Longboatkeyclub.com-0104-2017Redesign;en-US;https://www.google.com/;28317;1;0
Thesagamore.com-0112-2017Redesign;en-US;http://m.facebook.com/;32339;1;0
Thesagamore.com-0112-2017Redesign;en-US;https://www.google.com/;32339;1;0
Thesagamore.com-0112-2017Redesign;en-US;https://www.google.com/;32339;1;0
Thesagamore.com-0112-2017Redesign;en-US;https://www.google.com/;32339;1;0
Sandylane.com-0075-2016Redesign;en-US;https://www.google.ie/;17701;1;0
Cphollywoodbeach.com-0032-2015Redesign;en-US;https://www.google.com/;7831;1;0
Cphollywoodbeach.com-0032-2015Redesign;en-US;http://www.earthcam.com/mapsearch/;7831;1;0
Hi-nyc.com-0108-2017Redesogm;en-US;https://www.google.com/;30080;1;0
Hi-nyc.com-0108-2017Redesogm;en-US;https://www.google.com/;30322;1;0
Denvercy.com-0036-2015Redesign;en-US;https://www.google.com/;8150;1;0
Zotabeachresort.com-0090-2016Redesign;en-US;https://login.globalsuite.net/rwd/ConnectionAttendant;22357;1;0
Thesagamore.com-0112-2017Redesign;en-US;http://www.newyorkupstate.com/places-to-stay/2017/07/best_resorts_hotels_upstate_ny_vacation_road_trip_family_historic.html;32339;1;0
Thesagamore.com-0112-2017Redesign;en-US;http://www.newyorkupstate.com/places-to-stay/2017/07/best_resorts_hotels_upstate_ny_vacation_road_trip_family_historic.html;32339;1;0
Broadmoor.com-0073-2016Redesign;en-US;http://www.thebroadmoorblog.com/;16721;1;0
Broadmoor.com-0073-2016Redesign;en-US;http://www.thebroadmoorblog.com/contact-us/;16742;1;0
Theloganhotel.com-0043-2015Redesign;en-US;https://www.google.com/;9327;1;0
Theloganhotel.com-0043-2015Redesign;en-US;https://www.google.com/;9327;1;0
Casaybelresort.com-0002-2014Redesign;en-US;https://www.google.com/;1613;1;0
Broadmoor.com-0073-2016Redesign;en-US;https://www.google.com/;16721;1;0
Washingtondukeinn.com-0024-2014Redesign;en-US;https://www.google.com/;4524;1;0
