Broadmoor.com-0073-2016Redesign;en-US;http://tpc.googlesyndication.com/safeframe/1-0-10/html/container.html;16728;1;0
Sandpearl.com-0091-2016Redesign;en-US;https://www.google.com/;22481;1;0
Theloganhotel.com-0043-2015Redesign;en-US;http://m.facebook.com/;20218;1;0
Lakeplacidlodge.com-0105-2017Redesign;en-US;https://binarynumber.one/brokers-for-beginners.html;28545;1;0
Lakeplacidlodge.com-0105-2017Redesign;en-US;https://fabrika-schastya.moscow/klouny;28545;1;0
Lakeplacidlodge.com-0105-2017Redesign;en-US;http://intan-sec.ru/obslujivanie-pojarnoy-signalizacii/;28545;1;0
Theloganhotel.com-0043-2015Redesign;en-US;http://www.vizitki.net/;18415;1;0
Jupiterbeachresort.com-0103-2017Redesign;en-US;https://www.google.com/;28222;1;0
Theloganhotel.com-0043-2015Redesign;en-US;http://www.vizitki.net/;18415;1;0
Broadmoor.com-0073-2016Redesign;en-US;http://tpc.googlesyndication.com/safeframe/1-0-10/html/container.html;16728;1;0
Samosetresort.com-0113-2017Redesign;en-US;https://www.google.com/;32541;1;0
Samosetresort.com-0113-2017Redesign;en-US;https://www.google.com/;32541;1;0
Sandylane.com-0075-2016Redesign;en-US;https://www.google.com.au/;17611;1;0
Theloganhotel.com-0043-2015Redesign;en-US;http://m.facebook.com/;20218;1;0
Opalsands.com-0084-2016Redesign;en-US;https://www.google.com/;20171;1;0
Broadmoor.com-0073-2016Redesign;en-US;https://google.com/;16731;1;0
Sandpearl.com-0091-2016Redesign;en-US;http://m.facebook.com/;22481;1;0
Lakeplacidlodge.com-0105-2017Redesign;en-US;https://www.forbes.com/sites/ambergibson/2017/08/25/the-best-lodges-and-resorts-in-the-adirondacks/;28545;1;0
Thecrawfordhotel.com-0074-2016Redesign;en-US;https://www.google.com/;17145;1;0
Broadmoor.com-0073-2016Redesign;en-US;https://google.com/;16731;1;0
Edgewaternaples.com-0094-2016Redesign;en-US;https://www.google.com/;25246;1;0
Edgewaternaples.com-0094-2016Redesign;en-US;https://www.google.com/;25246;1;0
