Casaybelresort.com-0002-2014Redesign;en-US;http://surfinggator.com/fort-myers/cams/cams.html;1613;1;0
Broadmoor.com-0073-2016Redesign;en-US;https://www.google.com/;18259;1;0
Cphollywoodbeach.com-0032-2015Redesign;en-US;https://www.sunny.org/webcam/;7831;1;0
Theoxfordhotel.com-0062-2015Redesign;en-US;https://www.google.com/;14325;1;0
Cphollywoodbeach.com-0032-2015Redesign;en-US;https://www.sunny.org/webcam/;7831;1;0
Casaybelresort.com-0002-2014Redesign;en-US;https://www.google.com/;1613;1;0
Cphollywoodbeach.com-0032-2015Redesign;en-US;http://r.search.yahoo.com/_ylt=AwrBT9bCprVZaRkAOXZXNyoA##SEMICOLONDELIMITER##_ylu=X3oDMTEyZTc0bmZsBGNvbG8DYmYxBHBvcwMzBHZ0aWQDQjQ0ODhfMQRzZWMDc3I-/RV=2/RE=1505105730/RO=10/RU=http%3a//www.cphollywoodbeach.com/gallery/web-cam//RK=1/RS=C4X4XnzoD2pEJDVY3tXMVjfvRZA-;7831;1;0
Oxfordclubspa.com-0068-2016Redesign;en-US;http://m.facebook.com/;15568;1;0
Broadmoor.com-0073-2016Redesign;en-US;http://login.nomadix.com:1111/web/portal.html;16724;1;0
Broadmoor.com-0073-2016Redesign;en-US;http://login.nomadix.com:1111/web/portal.html;16724;1;0
Broadmoor.com-0073-2016Redesign;en-US;http://login.nomadix.com:1111/web/portal.html;16724;1;0
Casaybelresort.com-0002-2014Redesign;en-US;http://www.google.com/;1613;1;0
Broadmoor.com-0073-2016Redesign;en-US;http://login.nomadix.com:1111/web/portal.html;16724;1;0
Cphollywoodbeach.com-0032-2015Redesign;en-US;https://www.google.com/;7831;1;0
Cphollywoodbeach.com-0032-2015Redesign;en-US;https://www.google.com/;7831;1;0
Casaybelresort.com-0002-2014Redesign;en-US;http://board.bestofsanibelcaptiva.com/viewtopic.php;1613;1;0
Edgewaternaples.com-0094-2016Redesign;en-US;https://www.google.com/;25239;1;0
Edgewaternaples.com-0094-2016Redesign;en-US;https://www.google.com/;25239;1;0
Thelodgeatwoodloch.com-0033-2015Redesign;en-US;http://www--thelodgeatwoodloch--com.rztrkr.com/accommodations-hawley-packages/;9921;1;0
Marriottkeylargo.com-0015-2014Redesign;en-US;http://surfinggator.com/florida-keys/live-cams/live-cams.html;3964;1;0
Casaybelresort.com-0002-2014Redesign;en-US;http://r.duckduckgo.com/l/;1533;1;0
Cphollywoodbeach.com-0032-2015Redesign;en-US;https://www.sunny.org/webcam/;7831;1;0
theweststreethotel.com-0115-2017Redesign;en-US;https://www.google.com/;36683;1;0
Casaybelresort.com-0002-2014Redesign;en-US;https://www.google.com/;1613;1;0
Longboatkeyclub.com-0104-2017Redesign;en-US;https://www.google.com/;28316;1;0
Casaybelresort.com-0002-2014Redesign;en-US;https://www.google.com/;1613;1;0
Casaybelresort.com-0002-2014Redesign;en-US;http://surfinggator.com/fort-myers/cams/cams.html;1613;1;0
Halcyonhotelcherrycreek.com-0061-2015Redesign;en-US;https://www.google.com/;22121;1;0
Casaybelresort.com-0002-2014Redesign;en-US;http://r.search.yahoo.com/_ylt=A0LEV1oWp7VZATYACZPBGOd_##SEMICOLONDELIMITER##_ylu=X3oDMTByaWg0YW05BGNvbG8DYmYxBHBvcwM4BHZ0aWQDBHNlYwNzcg--/RV=2/RE=1505105815/RO=10/RU=http%3a//www.casaybelresort.com/web-cam//RK=1/RS=M71EKoLyE5l7_I5KV2sJN4AhMBI-;1613;1;0
Cphollywoodbeach.com-0032-2015Redesign;en-US;https://www.google.com/;7831;1;0
Marriottkeylargo.com-0015-2014Redesign;en-US;http://surfinggator.com/florida-keys/live-cams/live-cams.html;3948;1;0
Casaybelresort.com-0002-2014Redesign;en-US;https://www.google.com/;1613;1;0
theweststreethotel.com-0115-2017Redesign;en-US;https://www.google.com/;36683;1;0
Broadmoor.com-0073-2016Redesign;en-US;http://login.nomadix.com:1111/web/portal.html;16724;1;0
Sandylane.com-0075-2016Redesign;en-US;https://www.google.com.au/;17698;1;0
Broadmoor.com-0073-2016Redesign;en-US;http://login.nomadix.com:1111/web/portal.html;16724;1;0
Longboatkeyclub.com-0104-2017Redesign;en-US;http://www.baysider.com/frame/webcam/4120/;35641;1;0
Cphollywoodbeach.com-0032-2015Redesign;en-US;https://www.google.com/;7831;1;0
Broadmoor.com-0073-2016Redesign;en-US;https://www.google.com/;18259;1;0
Thesagamore.com-0112-2017Redesign;en-US;https://r.search.yahoo.com/_ylt=A0LEV1PCprVZ8xIA5yVx.9w4##SEMICOLONDELIMITER##_ylu=X3oDMTByNXQ0NThjBGNvbG8DYmYxBHBvcwM1BHZ0aWQDBHNlYwNzcg--/RV=2/RE=1505105731/RO=10/RU=https%3a//www.thesagamore.com//RK=1/RS=3X5pr5Q6Qo_gV__tOm9P7T_KMLQ-;32339;1;0
Marriottkeylargo.com-0015-2014Redesign;en-US;http://surfinggator.com/florida-keys/live-cams/live-cams.html;3948;1;0
Opalsands.com-0084-2016Redesign;en-US;http://www.beachtourism.com/opalsandsresort/;20171;1;0
Marriottkeylargo.com-0015-2014Redesign;en-US;https://www.google.com/;3948;1;0
Broadmoor.com-0073-2016Redesign;en-US;http://login.nomadix.com:1111/web/portal.html;16724;1;0
Broadmoor.com-0073-2016Redesign;en-US;http://login.nomadix.com:1111/web/portal.html;16724;1;0
Cphollywoodbeach.com-0032-2015Redesign;en-US;https://www.sunny.org/webcam/;7831;1;0
Monarchbeachresort.com-0092-2016Redesign;en-US;https://www.google.com/;22847;1;0
Cphollywoodbeach.com-0032-2015Redesign;en-US;https://www.google.com/;7831;1;0
Casaybelresort.com-0002-2014Redesign;en-US;https://www.google.com/;1613;1;0
Jupiterbeachresort.com-0103-2017Redesign;en-US;https://www.google.com/;28158;1;0
Edgewaternaples.com-0094-2016Redesign;en-US;https://reservations.edgewaternaples.com/edgewaternaples/;25239;1;0
Jupiterbeachresort.com-0103-2017Redesign;en-US;https://www.google.com/;28158;1;0
Secretharbourvi.com-0040-2015Redesign;en-US;http://www.aadivers.com/weather.php;9231;1;0
Casaybelresort.com-0002-2014Redesign;en-US;https://www.google.com/;1613;1;0
Broadmoor.com-0073-2016Redesign;en-US;http://login.nomadix.com:1111/web/portal.html;16724;1;0
Broadmoor.com-0073-2016Redesign;en-US;http://login.nomadix.com:1111/web/portal.html;16724;1;0
Longboatkeyclub.com-0104-2017Redesign;en-US;http://www.baysider.com/frame/webcam/4120/;35641;1;0
Casaybelresort.com-0002-2014Redesign;en-US;https://www.google.com/;1613;1;0
Cphollywoodbeach.com-0032-2015Redesign;en-US;https://www.sunny.org/webcam/;7831;1;0
Monarchbeachresort.com-0092-2016Redesign;en-US;http://m.facebook.com/;22862;1;0
Sandpearl.com-0091-2016Redesign;en-US;https://www.google.com/;22481;1;0
Sandpearl.com-0091-2016Redesign;en-US;http://www.clearwaterbeach.com/hotels.php;22481;1;0
Cphollywoodbeach.com-0032-2015Redesign;en-US;https://www.google.com/;7831;1;0
Casaybelresort.com-0002-2014Redesign;en-US;http://www.captivasanibelrealestate.com/web-cams/;1613;1;0
Cocokeyorlando.com-0059-2015Redesign;en-US;https://shopping.yahoo.com/browse/electronics/3745109795042794432/;40344;1;0
Sandpearl.com-0091-2016Redesign;en-US;http://www.clearwaterbeach.com/hotels.php;22481;1;0
Broadmoor.com-0073-2016Redesign;en-US;http://tpc.googlesyndication.com/safeframe/1-0-10/html/container.html;16728;1;0
Cphollywoodbeach.com-0032-2015Redesign;en-US;https://www.sunny.org/webcam/;7831;1;0
theweststreethotel.com-0115-2017Redesign;en-US;https://www.google.com/;36683;1;0
Thecrawfordhotel.com-0074-2016Redesign;en-US;https://www.google.com/;17145;1;0
Casaybelresort.com-0002-2014Redesign;en-US;https://www.google.com/;1613;1;0
Cphollywoodbeach.com-0032-2015Redesign;en-US;https://www.google.com/;7831;1;0
Thesagamore.com-0112-2017Redesign;en-US;https://r.search.yahoo.com/_ylt=AwrBTzpMp7VZZ.MAo.xx.9w4##SEMICOLONDELIMITER##_ylu=X3oDMTEyYWJsZmF0BGNvbG8DYmYxBHBvcwMxBHZ0aWQDQjQ1OTBfMQRzZWMDc3I-/RV=2/RE=1505105869/RO=10/RU=https%3a//www.thesagamore.com//RK=1/RS=QIn.hjL2h3lCSIc63K.nMX0aNZU-;32339;1;0
Broadmoor.com-0073-2016Redesign;en-US;https://www.google.com/;16721;1;0
Casaybelresort.com-0002-2014Redesign;en-US;http://www.google.com/;1613;1;0
Broadmoor.com-0073-2016Redesign;en-US;https://www.google.com/;16721;1;0
Lidobeachresort.com-0106-2017Redesign;en-US;https://www.google.com/;28666;1;0
