Monarchbeachresort.com-0092-2016Redesign;en-US;https://www.google.com/;22725;1;0
Lehotels.com-0049-2015Transfer;en-US;https://en.wikipedia.org/;12108;1;0
Cocokeyorlando.com-0059-2015Redesign;en-US;http://www.google.com/;12410;1;0
Broadmoor.com-0073-2016Redesign;en-US;https://www.google.com/;16721;1;0
Thesagamore.com-0112-2017Redesign;en-US;https://www.google.com/;32339;1;0
Zotabeachresort.com-0090-2016Redesign;en-US;https://www.google.com/;23100;1;0
Theharborsidehotel.com-0114-2017Redesign;en-US;http://www.acadiamagic.com/acadia-lodging/hotels_motels.html;37571;1;0
Luxehotels.com-0078-2016Redesign;en-US;https://www.google.com/;18831;1;0
Casaybelresort.com-0002-2014Redesign;en-US;https://www.google.com/;1533;1;0
Broadmoor.com-0073-2016Redesign;en-US;https://www.google.com/;16790;1;0
Galthouse.com-0042-2015Redesign;en-US;http://www.google.com/;31905;1;0
Thelodgeatwoodloch.com-0033-2015Redesign;en-US;https://www.bing.com/;7764;1;0
Casaybelresort.com-0002-2014Redesign;en-US;https://www.google.com/;1613;1;0
Hospitalityupgrade.com-0093-2016Redesign;en-US;https://www.google.com/;22790;1;0
Cphollywoodbeach.com-0032-2015Redesign;en-US;https://www.sunny.org/webcam/;7831;1;0
Cocokeyorlando.com-0059-2015Redesign;en-US;https://www.google.co.uk/;12394;1;0
Cocokeyorlando.com-0059-2015Redesign;en-US;https://www.google.co.uk/;12394;1;0
Unionstationhotelnashville.com-0047-2015Redesign;en-US;http://www.travelchannel.com/destinations/us/tn/nashville/articles/top-5-places-to-stay-in-nashville;32226;1;0
theweststreethotel.com-0115-2017Redesign;en-US;https://mail.aol.com/webmail-std/en-us/PrintMessage;37656;1;0
Delraysandsresort.com-0097-2016Redesign;en-US;https://www.google.com/;27232;1;0
Delraysandsresort.com-0097-2016Redesign;en-US;https://www.google.com/;27232;1;0
Cphollywoodbeach.com-0032-2015Redesign;en-US;https://www.sunny.org/webcam/;7831;1;0
Broadmoor.com-0073-2016Redesign;en-US;https://www.google.com/;18259;1;0
saddlebrook.com-0011-2014Redesign;en-US;https://www.google.com/;4538;1;0
Broadmoor.com-0073-2016Redesign;en-US;https://www.google.com/;16721;1;0
Jbdukehotel.com-0086-2016Redesign;en-US;http://admissions.duke.edu/setting/plantrip;21918;1;0
Broadmoor.com-0073-2016Redesign;en-US;https://search.yahoo.com/;16721;1;0
wentworthcom00212014redesign;en-US;http://r.search.yahoo.com/_ylt=A0LEVr.rKLhZqqUAHUsPxQt.##SEMICOLONDELIMITER##_ylu=X3oDMTByOHZyb21tBGNvbG8DYmYxBHBvcwMxBHZ0aWQDBHNlYwNzcg--/RV=2/RE=1505270060/RO=10/RU=http%3a//www.wentworth.com//RK=1/RS=3IC6rVouYpAh9r0b7EoBxNaVBj0-;26679;1;0
Thesagamore.com-0112-2017Redesign;en-US;https://search.yahoo.com/;32339;1;0
Cphollywoodbeach.com-0032-2015Redesign;en-US;https://www.sunny.org/webcam/;7831;1;0
Luxehotels.com-0078-2016Redesign;en-US;https://www.google.com/;18833;1;0
Marriottkeylargo.com-0015-2014Redesign;en-US;http://www.familytravelnetwork.com/articles/florida-keys-hotels.asp;3948;1;0
Broadmoor.com-0073-2016Redesign;en-US;https://www.bing.com/;17443;1;0
Marriottkeylargo.com-0015-2014Redesign;en-US;https://www.google.com/;3948;1;0
Thecurtis.com-0079-2016Redesign;en-US;https://www.google.com/;17981;1;0
Broadmoor.com-0073-2016Redesign;en-US;https://www.google.com/;16721;1;0
Broadmoor.com-0073-2016Redesign;en-US;https://www.google.com/;16721;1;0
Marriottkeylargo.com-0015-2014Redesign;en-US;http://www.beachcamsusa.com/fl/key-largo/key-largo-marriott-bay-resort-live-webcam;3948;1;0
Broadmoor.com-0073-2016Redesign;en-US;http://login.nomadix.com:1111/web/portal.html;16724;1;0
Opalsands.com-0084-2016Redesign;en-US;https://www.google.co.uk/;20171;1;0
Opalsands.com-0084-2016Redesign;en-US;https://www.google.co.uk/;20171;1;0
Broadmoor.com-0073-2016Redesign;en-US;http://login.nomadix.com:1111/web/portal.html;16724;1;0
Broadmoor.com-0073-2016Redesign;en-US;http://login.nomadix.com:1111/web/portal.html;16724;1;0
Broadmoor.com-0073-2016Redesign;en-US;http://login.nomadix.com:1111/web/portal.html;16724;1;0
Thesagamore.com-0112-2017Redesign;en-US;http://www.google.com/;32339;1;0
Galthouse.com-0042-2015Redesign;en-US;https://www.google.com/;31905;1;0
Casaybelresort.com-0002-2014Redesign;en-US;https://www.bing.com/;1533;1;0
Cphollywoodbeach.com-0032-2015Redesign;en-US;https://www.sunny.org/webcam/;7831;1;0
Galthouse.com-0042-2015Redesign;en-US;http://www.google.com/;31905;1;0
Thelodgeatwoodloch.com-0033-2015Redesign;en-US;https://www.google.com/;7781;1;0
Broadmoor.com-0073-2016Redesign;en-US;https://www.google.com/;21232;1;0
