Sandpearl.com-0091-2016Redesign;en-US;https://www.google.com/;22481;1;0
Broadmoor.com-0073-2016Redesign;en-US;https://www.google.com/;16721;1;0
Lakeplacidlodge.com-0105-2017Redesign;en-US;https://www.tastingtable.com/travel/national/best-towns-fall-travel;32794;1;0
Residenceinnnyc.com-0034-2015Redesign;en-US;https://www.google.com/;7926;1;0
Broadmoor.com-0073-2016Redesign;en-US;https://www.google.com/;16759;1;0
Opalsands.com-0084-2016Redesign;en-US;http://www.beachtourism.com/opalsandsresort/;20171;1;0
wentworthcom00212014redesign;en-US;http://www.marriott.com/hotels/hotel-information/fitness-spa-services/psmww-wentworth-by-the-sea-a-marriott-hotel-and-spa/;4250;1;0
Luxehotels.com-0078-2016Redesign;en-US;https://www.google.com/;18833;1;0
Samosetresort.com-0113-2017Redesign;en-US;https://teman.com.ua/pages/accessory_brake;32541;1;0
Thecrawfordhotel.com-0074-2016Redesign;en-US;https://www.google.com/;17145;1;0
Chrco.com-0107-2017Redesign;en-US;https://www.google.com/;29280;1;0
Casaybelresort.com-0002-2014Redesign;en-US;https://www.google.com/;1533;1;0
Broadmoor.com-0073-2016Redesign;en-US;https://www.google.com/;16721;1;0
Broadmoor.com-0073-2016Redesign;en-US;https://www.google.com/;16721;1;0
Lidobeachresort.com-0106-2017Redesign;en-US;https://www.google.com/;28667;1;0
Monarchbeachresort.com-0092-2016Redesign;en-US;https://www.google.com/;22725;1;0
Edgewaternaples.com-0094-2016Redesign;en-US;https://www.google.co.uk/;25239;1;0
Edgewaternaples.com-0094-2016Redesign;en-US;https://www.google.co.uk/;25239;1;0
Abbingtonbanquets.com-0070-2016Redesign;en-US;https://www.google.com/;15789;1;0
Longboatkeyclub.com-0104-2017Redesign;en-US;https://www.google.com/;28317;1;0
Lakeplacidlodge.com-0105-2017Redesign;en-US;https://www.google.com/;28545;1;0
Cphollywoodbeach.com-0032-2015Redesign;en-US;https://www.sunny.org/webcam/;7831;1;0
Lakeplacidlodge.com-0105-2017Redesign;en-US;https://www.google.com/;28545;1;0
Springhillsuitesdenver.com-0060-2015Redesign;en-US;https://www.google.com/;12307;1;0
Broadmoor.com-0073-2016Redesign;en-US;http://www.google.de/;17344;1;0
Sandpearl.com-0091-2016Redesign;en-US;https://teman.com.ua/;22481;1;0
Sandpearl.com-0091-2016Redesign;en-US;https://www.google.com/;22481;1;0
Sandpearl.com-0091-2016Redesign;en-US;https://www.google.com/;22481;1;0
Broadmoor.com-0073-2016Redesign;en-US;https://www.daleadershipinstitute.com/home;16721;1;0
Sandylane.com-0075-2016Redesign;en-US;https://teman.com.ua/cars/honda;17611;1;0
Theloganhotel.com-0043-2015Redesign;en-US;https://www.google.com/;20218;1;0
Cphollywoodbeach.com-0032-2015Redesign;en-US;https://www.sunny.org/webcam/;7831;1;0
Napavalleymarriott.com-0071-2016Redesign;en-US;https://www.google.com/;16432;1;0
Thesagamore.com-0112-2017Redesign;en-US;https://www.bing.com/;32339;1;0
Sandpearl.com-0091-2016Redesign;en-US;https://r.search.yahoo.com/_ylt=A0SO8xvT6bZZAZoAJzdx.9w4##SEMICOLONDELIMITER##_ylu=X3oDMTE0bjZkdG9iBGNvbG8DZ3ExBHBvcwMxBHZ0aWQDVUkyRkJUM18xBHNlYwNzcg--/RV=2/RE=1505188436/RO=10/RU=https%3a//www.sandpearl.com//RK=1/RS=AshA4sjdlTaQkMDhAF3Yg1T0Hqo-;22481;1;0
Longboatkeyclub.com-0104-2017Redesign;en-US;https://www.google.com/;28316;1;0
Longboatkeyclub.com-0104-2017Redesign;en-US;https://www.google.com/;28316;1;0
Broadmoor.com-0073-2016Redesign;en-US;http://www.cograilway.com/;18259;1;0
Thelodgeatwoodloch.com-0033-2015Redesign;en-US;https://www.bing.com/;7782;1;0
Cphollywoodbeach.com-0032-2015Redesign;en-US;https://www.sunny.org/webcam/;7831;1;0
Theoxfordhotel.com-0062-2015Redesign;en-US;https://l.facebook.com/;14325;1;0
Cphollywoodbeach.com-0032-2015Redesign;en-US;https://www.sunny.org/webcam/;7831;1;0
Casaybelresort.com-0002-2014Redesign;en-US;https://www.google.com/;1604;1;0
Renaissancepittsburghpa.com-0044-2015Redesign;en-US;https://www.google.com/;9637;1;0
Sandpearl.com-0091-2016Redesign;en-US;http://www.clearwaterbeach.com/;22481;1;0
Sandpearl.com-0091-2016Redesign;en-US;http://www.clearwaterbeach.com/;22481;1;0
Casaybelresort.com-0002-2014Redesign;en-US;http://www.nydailynews.com/life-style/patches-paradise-ft-myers-sanibel-island-article-1.1352939;1533;1;0
Casaybelresort.com-0002-2014Redesign;en-US;https://www.google.com/;1533;1;0
Sandpearl.com-0091-2016Redesign;en-US;https://www.google.co.uk/;22492;1;0
Jupiterbeachresort.com-0103-2017Redesign;en-US;https://www.google.com/;28158;1;0
Jupiterbeachresort.com-0103-2017Redesign;en-US;https://www.google.com/;28158;1;0
Jupiterbeachresort.com-0103-2017Redesign;en-US;https://www.google.com/;28158;1;0
Thelodgeatwoodloch.com-0033-2015Redesign;en-US;https://www.google.com/;7764;1;0
Lidobeachresort.com-0106-2017Redesign;en-US;https://www.facebook.com/;28667;1;0
Lidobeachresort.com-0106-2017Redesign;en-US;https://www.facebook.com/;28667;1;0
Napavalleymarriott.com-0071-2016Redesign;en-US;https://www.google.com/;16432;1;0
Opalsands.com-0084-2016Redesign;en-US;https://nortonsafe.search.ask.com/web;40846;1;0
Napavalleymarriott.com-0071-2016Redesign;en-US;https://www.google.com/;16432;1;0
saddlebrook.com-0011-2014Redesign;en-US;https://www.google.com/;3385;1;0
Marriottkeylargo.com-0015-2014Redesign;en-US;https://www.google.com/;3948;1;0
Cphollywoodbeach.com-0032-2015Redesign;en-US;https://www.sunny.org/webcam/;7831;1;0
Cphollywoodbeach.com-0032-2015Redesign;en-US;http://r.search.yahoo.com/_ylt=A0LEVwvU6bZZveAAvJZx.9w4##SEMICOLONDELIMITER##_ylu=X3oDMTBydWNmY2MwBGNvbG8DYmYxBHBvcwM0BHZ0aWQDBHNlYwNzcg--/RV=2/RE=1505188437/RO=10/RU=http%3a//www.cphollywoodbeach.com/gallery/web-cam//RK=1/RS=xOsxLbJNfaEY3isrsjJN8A3cMig-;7831;1;0
Theloganhotel.com-0043-2015Redesign;en-US;https://www.google.com/;20218;1;0
Casaybelresort.com-0002-2014Redesign;en-US;http://www.nydailynews.com/life-style/patches-paradise-ft-myers-sanibel-island-article-1.1352939;1533;1;0
Samosetresort.com-0113-2017Redesign;en-US;https://www.google.com/;35223;1;0
