Galthouse.com-0042-2015Redesign;en-US;https://www.bing.com/;10602;1;0
Cphollywoodbeach.com-0032-2015Redesign;en-US;https://search.yahoo.com/;7831;1;0
theweststreethotel.com-0115-2017Redesign;en-US;https://www.google.com/;36683;1;0
Samosetresort.com-0113-2017Redesign;en-US;http://www.google.com/;32541;1;0
wentworthcom00212014redesign;en-US;http://www.portsmouthnh.com/lodging/;4247;1;0
wentworthcom00212014redesign;en-US;http://www.ophotels.com/locator/;26679;1;0
Marriottkeylargo.com-0015-2014Redesign;en-US;http://www.ophotels.com/locator/;3948;1;0
Marriottdelraybeach.com-0009-2014Redesign;en-US;http://www.ophotels.com/locator/;2829;1;0
Broadmoor.com-0073-2016Redesign;en-US;http://tpc.googlesyndication.com/safeframe/1-0-10/html/container.html;16728;1;0
Thelodgeatwoodloch.com-0033-2015Redesign;en-US;https://www.google.com/;7764;1;0
Samosetresort.com-0113-2017Redesign;en-US;http://www.ophotels.com/locator/;32541;1;0
Longboatkeyclub.com-0104-2017Redesign;en-US;http://www.ophotels.com/locator/;35641;1;0
Thesagamore.com-0112-2017Redesign;en-US;http://www.ophotels.com/locator/;32339;1;0
Lidobeachresort.com-0106-2017Redesign;en-US;http://www.ophotels.com/locator/;28666;1;0
Jupiterbeachresort.com-0103-2017Redesign;en-US;http://www.ophotels.com/locator/;28158;1;0
Delraysandsresort.com-0097-2016Redesign;en-US;http://www.ophotels.com/locator/;27232;1;0
Lakeplacidlodge.com-0105-2017Redesign;en-US;http://www.ophotels.com/locator/;28545;1;0
Samosetresort.com-0113-2017Redesign;en-US;http://www.ophotels.com/locator/;32541;1;0
Theharborsidehotel.com-0114-2017Redesign;en-US;http://www.ophotels.com/locator/;37571;1;0
theweststreethotel.com-0115-2017Redesign;en-US;http://www.ophotels.com/locator/;36683;1;0
Treasureislandbeachresort.com-0089-2016Redesign;en-US;https://www.google.com/;22169;1;0
Thelodgeatwoodloch.com-0033-2015Redesign;en-US;https://www.google.com/;8254;1;0
Theloganhotel.com-0043-2015Redesign;en-US;http://m.facebook.com/;20218;1;0
Thesagamore.com-0112-2017Redesign;en-US;https://www.google.com/;32350;1;0
Broadmoor.com-0073-2016Redesign;en-US;https://www.google.com/;17448;1;0
Broadmoor.com-0073-2016Redesign;en-US;https://www.google.com/;16721;1;0
Broadmoor.com-0073-2016Redesign;en-US;http://www.google.com/;16738;1;0
Samosetresort.com-0113-2017Redesign;en-US;https://www.google.com/;32541;1;0
Thesagamore.com-0112-2017Redesign;en-US;https://www.google.com/;32339;1;0
Thesagamore.com-0112-2017Redesign;en-US;https://www.google.com/;32339;1;0
Lakeplacidlodge.com-0105-2017Redesign;en-US;http://www.nylabone.com/dog-house-chatter/2016/08/30/10-dog-friendly-vacation-destinations-on-the-east-coast/;28545;1;0
Monarchbeachresort.com-0092-2016Redesign;en-US;https://www.google.com/;22725;1;0
Casaybelresort.com-0002-2014Redesign;en-US;https://www.google.com/;1613;1;0
Samosetresort.com-0113-2017Redesign;en-US;https://www.google.com/;32541;1;0
Thelodgeatwoodloch.com-0033-2015Redesign;en-US;https://www.google.com/;7764;1;0
Theharborsidehotel.com-0114-2017Redesign;en-US;https://r.search.yahoo.com/_ylt=A0LEVy1gLbdZ7ewAZt5x.9w4##SEMICOLONDELIMITER##_ylu=X3oDMTBydWNmY2MwBGNvbG8DYmYxBHBvcwM0BHZ0aWQDBHNlYwNzcg--/RV=2/RE=1505205729/RO=10/RU=https%3a//www.theharborsidehotel.com/bar-harbor-activities/boating-tours//RK=1/RS=hVny7LYugoMXGklQ.Wg2iGa3ICA-;38026;1;0
Residenceinnnyc.com-0034-2015Redesign;en-US;https://www.google.com/;7926;1;0
Broadmoor.com-0073-2016Redesign;en-US;https://www.google.com/;16721;1;0
Sandylane.com-0075-2016Redesign;en-US;https://www.google.co.uk/;17611;1;0
Longboatkeyclub.com-0104-2017Redesign;en-US;https://www.google.com/;28316;1;0
Galthouse.com-0042-2015Redesign;en-US;https://www.google.com/;10564;1;0
Cphollywoodbeach.com-0032-2015Redesign;en-US;https://www.google.com/;7831;1;0
Washingtondukeinn.com-0024-2014Redesign;en-US;https://www.google.com/;4524;1;0
wentworthcom00212014redesign;en-US;http://www.google.com/;4311;1;0
Lidobeachresort.com-0106-2017Redesign;en-US;https://www.google.com/;28666;1;0
Lidobeachresort.com-0106-2017Redesign;en-US;https://www.google.com/;28666;1;0
Samosetresort.com-0113-2017Redesign;en-US;https://www.google.com/;32541;1;0
Broadmoor.com-0073-2016Redesign;en-US;http://www.google.com/;16721;1;0
Samosetresort.com-0113-2017Redesign;en-US;https://www.google.com/;32541;1;0
Broadmoor.com-0073-2016Redesign;en-US;http://www.google.com/;16721;1;0
Broadmoor.com-0073-2016Redesign;en-US;http://www.google.com/;16738;1;0
Broadmoor.com-0073-2016Redesign;en-US;http://tpc.googlesyndication.com/safeframe/1-0-10/html/container.html;16728;1;0
Treasureislandbeachresort.com-0089-2016Redesign;en-US;https://www.google.ca/;22169;1;0
Renaissancepittsburghpa.com-0044-2015Redesign;en-US;https://www.google.com/;9637;1;0
Samosetresort.com-0113-2017Redesign;en-US;https://www.google.com/;32541;1;0
Samosetresort.com-0113-2017Redesign;en-US;https://www.google.com/;32541;1;0
Lakeplacidlodge.com-0105-2017Redesign;en-US;https://www.google.com/;28545;1;0
Broadmoor.com-0073-2016Redesign;en-US;https://www.google.com/;16721;1;0
Broadmoor.com-0073-2016Redesign;en-US;https://www.google.com/;16721;1;0
Thelodgeatwoodloch.com-0033-2015Redesign;en-US;https://www.google.com/;7764;1;0
Longboatkeyclub.com-0104-2017Redesign;en-US;https://www.google.com/;28316;1;0
Longboatkeyclub.com-0104-2017Redesign;en-US;https://www.google.com/;28316;1;0
Galthouse.com-0042-2015Redesign;en-US;https://www.google.com/;9789;1;0
Galthouse.com-0042-2015Redesign;en-US;https://www.google.com/;9789;1;0
Broadmoor.com-0073-2016Redesign;en-US;https://www.google.com/;16765;1;0
Broadmoor.com-0073-2016Redesign;en-US;https://www.google.com/;16765;1;0
Broadmoor.com-0073-2016Redesign;en-US;https://www.google.com/;21707;1;0
Thelodgeatwoodloch.com-0033-2015Redesign;en-US;http://sharepoint.woodloch.com/_layouts/15/start.aspx;7764;1;0
