wentworthcom00212014redesign;en-US;https://www.google.com/;26679;1;0
Sandylane.com-0075-2016Redesign;en-US;android-app://com.google.android.googlequicksearchbox/;17611;1;0
Cphollywoodbeach.com-0032-2015Redesign;en-US;https://www.google.com/;7831;1;0
Broadmoor.com-0073-2016Redesign;en-US;http://www.google.com/;16731;1;0
Lakeplacidlodge.com-0105-2017Redesign;en-US;http://www.opalcollection.com/lake-placid-lodge/;28545;1;0
Oxfordclubspa.com-0068-2016Redesign;en-US;https://www.denver.org/listing/the-oxford-club-spa-%26-salon/5111/;15568;1;0
Cocokeyorlando.com-0059-2015Redesign;en-US;https://www.google.com/;12394;1;0
Longboatkeyclub.com-0104-2017Redesign;en-US;https://r.search.yahoo.com/_ylt=AwrBTznLSLRZT7MAQgZXNyoA##SEMICOLONDELIMITER##_ylu=X3oDMTEybzJsc2F2BGNvbG8DYmYxBHBvcwMyBHZ0aWQDQjM5MTlfMQRzZWMDc3I-/RV=2/RE=1505016140/RO=10/RU=https%3a//www.longboatkeyclub.com/about-us//RK=1/RS=XkL0jZ8H4GedvBlZDxoy7eNgEbo-;28332;1;0
Cocokeyorlando.com-0059-2015Redesign;en-US;https://www.google.com/;12394;1;0
Broadmoor.com-0073-2016Redesign;en-US;https://www.google.com/;18259;1;0
Casaybelresort.com-0002-2014Redesign;en-US;https://www.google.com/;1533;1;0
Galthouse.com-0042-2015Redesign;en-US;https://www.google.com/;31905;1;0
Thesagamore.com-0112-2017Redesign;en-US;https://www.google.com/;32346;1;0
Galthouse.com-0042-2015Redesign;en-US;https://www.google.com/;31905;1;0
Marriottkeylargo.com-0015-2014Redesign;en-US;http://www.fla-keys.com/webcams/marriott-key-largo-bay/;3948;1;0
Marriottkeylargo.com-0015-2014Redesign;en-US;http://www.beachcamsusa.com/fl/key-largo/key-largo-marriott-bay-resort-live-webcam;3948;1;0
Longboatkeyclub.com-0104-2017Redesign;en-US;https://www.google.com/;28364;1;0
Edgewaternaples.com-0094-2016Redesign;en-US;https://www.google.com.ar/;25246;1;0
Longboatkeyclub.com-0104-2017Redesign;en-US;https://www.google.com/;28364;1;0
Marriottkeylargo.com-0015-2014Redesign;en-US;http://www.beachcamsusa.com/fl/key-largo/key-largo-marriott-bay-resort-live-webcam;3948;1;0
Marriottkeylargo.com-0015-2014Redesign;en-US;http://www.fla-keys.com/webcams/marriott-key-largo-bay/;3948;1;0
Marriottkeylargo.com-0015-2014Redesign;en-US;http://www.fla-keys.com/webcams/marriott-key-largo-bay/;3964;1;0
Edgewaternaples.com-0094-2016Redesign;en-US;https://www.google.com.ar/;25246;1;0
Thesagamore.com-0112-2017Redesign;en-US;http://www.fodors.com/world/north-america/usa/experiences/news/photos/10-best-christmas-season-resorts;32346;1;0
Cphollywoodbeach.com-0032-2015Redesign;en-US;https://www.sunny.org/webcam/;7831;1;0
Hospitalityupgrade.com-0093-2016Redesign;en-US;http://sudexpert66.ru/;33204;1;0
Cphollywoodbeach.com-0032-2015Redesign;en-US;https://www.google.fr/;7831;1;0
Theharborsidehotel.com-0114-2017Redesign;en-US;https://www.google.com/;38014;1;0
Hospitalityupgrade.com-0093-2016Redesign;en-US;http://sudexpert66.ru/;33204;1;0
saddlebrook.com-0011-2014Redesign;en-US;https://www.google.co.cr/;3385;1;0
Hospitalityupgrade.com-0093-2016Redesign;en-US;http://sudexpert66.ru/;33204;1;0
Cphollywoodbeach.com-0032-2015Redesign;en-US;https://www.google.ca/;7831;1;0
Halcyonhotelcherrycreek.com-0061-2015Redesign;en-US;https://www.google.com/;23287;1;0
Thesagamore.com-0112-2017Redesign;en-US;http://www.fodors.com/world/north-america/usa/experiences/news/photos/10-best-christmas-season-resorts;32346;1;0
Theloganhotel.com-0043-2015Redesign;en-US;http://l.facebook.com/l.php;15962;1;0
Cphollywoodbeach.com-0032-2015Redesign;en-US;https://www.google.com/;7831;1;0
Napavalleymarriott.com-0071-2016Redesign;en-US;http://winetrain.com/stay/;16432;1;0
Lakeplacidlodge.com-0105-2017Redesign;en-US;http://www.ophotels.com/locator/;28545;1;0
Lidobeachresort.com-0106-2017Redesign;en-US;http://www.ophotels.com/locator/;28666;1;0
Sandpearl.com-0091-2016Redesign;en-US;https://www.tripadvisor.com/Attraction_Review-g34678-d109448-Reviews-Ybor_City-Tampa_Florida.html;22481;1;0
wentworthcom00212014redesign;en-US;https://www.google.com/;4250;1;0
Samosetresort.com-0113-2017Redesign;en-US;http://www.ophotels.com/locator/;32541;1;0
Cphollywoodbeach.com-0032-2015Redesign;en-US;https://www.sunny.org/webcam/;7831;1;0
Samosetresort.com-0113-2017Redesign;en-US;http://www.ophotels.com/locator/;32541;1;0
Casaybelresort.com-0002-2014Redesign;en-US;https://www.google.com/;1613;1;0
Marriottkeylargo.com-0015-2014Redesign;en-US;http://www.beachcamsusa.com/fl/key-largo/key-largo-marriott-bay-resort-live-webcam;3948;1;0
Marriottkeylargo.com-0015-2014Redesign;en-US;http://www.beachcamsusa.com/fl/key-largo/key-largo-marriott-bay-resort-live-webcam;3964;1;0
Broadmoor.com-0073-2016Redesign;en-US;https://www.google.com/;16728;1;0
Delraysandsresort.com-0097-2016Redesign;en-US;https://s0.2mdn.net/ads/richmedia/studio/pv2/60196827/20170515132713328/index.html;36464;1;0
Cocokeyorlando.com-0059-2015Redesign;en-US;https://www.google.co.uk/;12394;1;0
Cocokeyorlando.com-0059-2015Redesign;en-US;https://www.google.co.uk/;12394;1;0
Sandpearl.com-0091-2016Redesign;en-US;https://www.google.com/;22481;1;0
Monarchbeachresort.com-0092-2016Redesign;en-US;https://www.google.com/;22725;1;0
Glencovemansion.com-0058-2015Redesign;en-US;https://www.google.com/;13328;1;0
Sandpearl.com-0091-2016Redesign;en-US;https://www.google.com/;22481;1;0
Broadmoor.com-0073-2016Redesign;en-US;https://www.google.com/;16721;1;0
Broadmoor.com-0073-2016Redesign;en-US;https://www.google.com/;16721;1;0
Theharborsidehotel.com-0114-2017Redesign;en-US;android-app://com.google.android.googlequicksearchbox/;37571;1;0
Theharborsidehotel.com-0114-2017Redesign;en-US;android-app://com.google.android.googlequicksearchbox/;37571;1;0
Jupiterbeachresort.com-0103-2017Redesign;en-US;https://www.google.com/;28158;1;0
Marriottkeylargo.com-0015-2014Redesign;en-US;http://www.beachcamsusa.com/fl/key-largo/key-largo-marriott-bay-resort-live-webcam;3948;1;0
Marriottkeylargo.com-0015-2014Redesign;en-US;http://www.fla-keys.com/webcams/marriott-key-largo-bay/;3948;1;0
Cphollywoodbeach.com-0032-2015Redesign;en-US;http://www.beachcamsusa.com/fl/hollywood/crowne-plaza-webcam-from-hollywood-fl;7831;1;0
Cphollywoodbeach.com-0032-2015Redesign;en-US;https://www.google.com/;7831;1;0
Thesagamore.com-0112-2017Redesign;en-US;https://www.google.com/;32339;1;0
Thesagamore.com-0112-2017Redesign;en-US;https://www.google.com/;32339;1;0
Cphollywoodbeach.com-0032-2015Redesign;en-US;http://www.beachcamsusa.com/fl/hollywood/crowne-plaza-webcam-from-hollywood-fl;7831;1;0
Oxfordclubspa.com-0068-2016Redesign;en-US;https://www.denver.org/listing/the-oxford-club-spa-%26-salon/5111/;15568;1;0
Thelodgeatwoodloch.com-0033-2015Redesign;en-US;http://www.hotelrooms.com/cgi-bin/search/redirect.plx;7764;1;0
Cphollywoodbeach.com-0032-2015Redesign;en-US;https://www.google.ca/;7831;1;0
Cphollywoodbeach.com-0032-2015Redesign;en-US;https://www.google.com/;7831;1;0
Thesagamore.com-0112-2017Redesign;en-US;http://www.michaelanddeidre.com/details;32339;1;0
Thesagamore.com-0112-2017Redesign;en-US;http://www.michaelanddeidre.com/details;32339;1;0
Broadmoor.com-0073-2016Redesign;en-US;https://www.google.com/;16800;1;0
Broadmoor.com-0073-2016Redesign;en-US;http://login.nomadix.com:1111/web/portal.html;16724;1;0
Broadmoor.com-0073-2016Redesign;en-US;http://login.nomadix.com:1111/web/portal.html;16724;1;0
Broadmoor.com-0073-2016Redesign;en-US;https://www.google.com/;16731;1;0
Marriottkeylargo.com-0015-2014Redesign;en-US;http://www.beachcamsusa.com/fl/key-largo/key-largo-marriott-bay-resort-live-webcam;3948;1;0
