Broadmoor.com-0073-2016Redesign;en-US;https://www.google.com/;16721;1;0
Broadmoor.com-0073-2016Redesign;en-US;https://www.google.com/;16721;1;0
Broadmoor.com-0073-2016Redesign;en-US;http://www.colorado.com/;18259;1;0
Edgewaternaples.com-0094-2016Redesign;en-US;http://www.google.com/;25239;1;0
Casaybelresort.com-0002-2014Redesign;en-US;https://www.google.com/;1533;1;0
Edgewaternaples.com-0094-2016Redesign;en-US;http://www.google.com/;25239;1;0
Broadmoor.com-0073-2016Redesign;en-US;https://www.google.com/;16721;1;0
Miravalspamonarchbeach.com-0109-2017Redesign;en-US;http://www.monarchbeachresort.com/about/hotel-policies/;31733;1;0
Renaissancepittsburghpa.com-0044-2015Redesign;en-US;https://www.google.com/;9680;1;0
Edgewaternaples.com-0094-2016Redesign;en-US;https://www.google.com/;25239;1;0
Sandpearl.com-0091-2016Redesign;en-US;https://www.google.com/;22481;1;0
Napavalleymarriott.com-0071-2016Redesign;en-US;https://www.google.com/;16432;1;0
Sandpearl.com-0091-2016Redesign;en-US;https://www.google.com/;22481;1;0
Thecrawfordhotel.com-0074-2016Redesign;en-US;https://www.google.com/;17145;1;0
Sandylane.com-0075-2016Redesign;en-US;https://www.google.com/;17611;1;0
Sandylane.com-0075-2016Redesign;en-US;https://www.google.com/;17611;1;0
Thelodgeatwoodloch.com-0033-2015Redesign;en-US;http://search.myway.com/search/GGmain.jhtml;8274;1;0
Meateatery.com-0080-2016Redesign;en-US;http://www.netcraft.com/survey/;18505;1;0
Jbdukehotel.com-0086-2016Redesign;en-US;http://www.google.com/;21922;1;0
Sandpearl.com-0091-2016Redesign;en-US;https://www.google.com/;22482;1;0
Longboatkeyclub.com-0104-2017Redesign;en-US;http://m.facebook.com/;28371;1;0
Broadmoor.com-0073-2016Redesign;en-US;https://www.google.com/;16721;1;0
Opalsands.com-0084-2016Redesign;en-US;https://www.google.com/;21540;1;0
Sandpearl.com-0091-2016Redesign;en-US;https://www.google.com/;22481;1;0
Monarchbeachresort.com-0092-2016Redesign;en-US;https://www.bing.com/;22865;1;0
Secretharbourvi.com-0040-2015Redesign;en-US;https://www.google.com/;9231;1;0
Theloganhotel.com-0043-2015Redesign;en-US;http://l.facebook.com/l.php;15962;1;0
Unionstationhotelnashville.com-0047-2015Redesign;en-US;https://www.google.com/;32226;1;0
saddlebrook.com-0011-2014Redesign;en-US;https://www.google.com/;3385;1;0
Springhillsuitesdenver.com-0060-2015Redesign;en-US;https://www.google.com/;12307;1;0
Cocokeyorlando.com-0059-2015Redesign;en-US;https://cko.mobileocs.com/;12394;1;0
Opalsands.com-0084-2016Redesign;en-US;https://www.google.com/;21540;1;0
Opalsands.com-0084-2016Redesign;en-US;https://www.google.com/;21540;1;0
Thesagamore.com-0112-2017Redesign;en-US;https://www.google.com/;32339;1;0
Thesagamore.com-0112-2017Redesign;en-US;https://www.google.com/;32339;1;0
Sandpearl.com-0091-2016Redesign;en-US;http://m.facebook.com/;30638;1;0
Theloganhotel.com-0043-2015Redesign;en-US;https://www.bing.com/;20218;1;0
wentworthcom00212014redesign;en-US;https://www.google.com/;26679;1;0
Galthouse.com-0042-2015Redesign;en-US;https://www.google.com.ph/;31905;1;0
Galthouse.com-0042-2015Redesign;en-US;https://www.google.com.ph/;31905;1;0
