Thesagamore.com-0112-2017Redesign;en-US;https://www.google.com/;32339;1;0
Monarchbeachresort.com-0092-2016Redesign;en-US;https://www.google.com/;22983;1;0
Cocokeyorlando.com-0059-2015Redesign;en-US;android-app://com.google.android.googlequicksearchbox/;12394;1;0
Cocokeyorlando.com-0059-2015Redesign;en-US;android-app://com.google.android.googlequicksearchbox/;12394;1;0
Renaissancepittsburghpa.com-0044-2015Redesign;en-US;https://www.bing.com/;10040;1;0
theweststreethotel.com-0115-2017Redesign;en-US;https://www.google.com/;37486;1;0
Broadmoor.com-0073-2016Redesign;en-US;https://tpc.googlesyndication.com/safeframe/1-0-10/html/container.html;16728;1;0
Thesagamore.com-0112-2017Redesign;en-US;https://www.google.com/;32339;1;0
Meateatery.com-0080-2016Redesign;en-US;https://www.google.com/;18505;1;0
Edgewaternaples.com-0094-2016Redesign;en-US;https://www.google.com/;25239;1;0
Cocokeyorlando.com-0059-2015Redesign;en-US;https://www.bing.com/;12394;1;0
Cocokeyorlando.com-0059-2015Redesign;en-US;https://www.bing.com/;12394;1;0
Thecrawfordhotel.com-0074-2016Redesign;en-US;https://www.google.com/;17145;1;0
Broadmoor.com-0073-2016Redesign;en-US;https://www.google.com/;18259;1;0
Delraysandsresort.com-0097-2016Redesign;en-US;http://www.google.com/;27232;1;0
Sandpearl.com-0091-2016Redesign;en-US;https://www.google.com/;22496;1;0
Delraysandsresort.com-0097-2016Redesign;en-US;http://www.google.com/;27232;1;0
Edgewaternaples.com-0094-2016Redesign;en-US;https://www.google.com/;25239;1;0
Edgewaternaples.com-0094-2016Redesign;en-US;https://www.google.com/;25239;1;0
Cphollywoodbeach.com-0032-2015Redesign;en-US;https://www.google.com/;7829;1;0
Broadmoor.com-0073-2016Redesign;en-US;http://login.nomadix.com:1111/web/portal.html;16724;1;0
Broadmoor.com-0073-2016Redesign;en-US;http://login.nomadix.com:1111/web/portal.html;16724;1;0
Thelodgeatwoodloch.com-0033-2015Redesign;en-US;https://www.google.com/;7764;1;0
Secretharbourvi.com-0040-2015Redesign;en-US;https://www.google.com/;9231;1;0
Galthouse.com-0042-2015Redesign;en-US;https://www.google.com/;31905;1;0
Zotabeachresort.com-0090-2016Redesign;en-US;https://www.google.com/;22357;1;0
Zotabeachresort.com-0090-2016Redesign;en-US;https://www.google.com/;22357;1;0
Sandpearl.com-0091-2016Redesign;en-US;http://m.facebook.com/;30638;1;0
Broadmoor.com-0073-2016Redesign;en-US;https://www.google.com/;16721;1;0
Opalsands.com-0084-2016Redesign;en-US;https://www.google.com/;20171;1;0
Opalsands.com-0084-2016Redesign;en-US;https://www.google.com/;20171;1;0
Broadmoor.com-0073-2016Redesign;en-US;http://tpc.googlesyndication.com/safeframe/1-0-10/html/container.html;16728;1;0
Thelodgeatwoodloch.com-0033-2015Redesign;en-US;http://intranet.altour.com/index.cfm;7764;1;0
Broadmoor.com-0073-2016Redesign;en-US;https://www.pinterest.com/search/pins/;17699;1;0
Theloganhotel.com-0043-2015Redesign;en-US;http://www.phillymag.com/philadelphia-wedding/2016/12/15/the-logan-hotel-wants-to-help-philly-get-engaged-with-their-new-just-say-yes-package/;24449;1;0
Sandpearl.com-0091-2016Redesign;en-US;https://www.google.com/;22481;1;0
Thesagamore.com-0112-2017Redesign;en-US;https://na28.salesforce.com/;32339;1;0
Thesagamore.com-0112-2017Redesign;en-US;https://na28.salesforce.com/;32339;1;0
Thesagamore.com-0112-2017Redesign;en-US;https://www.google.com/;32339;1;0
Broadmoor.com-0073-2016Redesign;en-US;https://www.pinterest.com/search/pins/;17699;1;0
