Edgewaternaples.com-0094-2016Redesign;en-US;https://www.google.com/;25239;1;0
Cphollywoodbeach.com-0032-2015Redesign;en-US;https://www.google.com/;7831;1;0
Jupiterbeachresort.com-0103-2017Redesign;en-US;https://www.google.com/;28158;1;0
Broadmoor.com-0073-2016Redesign;en-US;https://www.google.com/;16721;1;0
Broadmoor.com-0073-2016Redesign;en-US;https://www.google.com/;16721;1;0
Broadmoor.com-0073-2016Redesign;en-US;https://securepubads.g.doubleclick.net/gampad/ads;16728;1;0
Broadmoor.com-0073-2016Redesign;en-US;http://login.nomadix.com:1111/web/portal.html;16724;1;0
Broadmoor.com-0073-2016Redesign;en-US;https://www.google.com/;18259;1;0
Galthouse.com-0042-2015Redesign;en-US;https://www.google.com/;10564;1;0
Broadmoor.com-0073-2016Redesign;en-US;http://login.nomadix.com:1111/web/portal.html;16724;1;0
Broadmoor.com-0073-2016Redesign;en-US;http://login.nomadix.com:1111/web/portal.html;16724;1;0
Broadmoor.com-0073-2016Redesign;en-US;https://www.bing.com/;16721;1;0
Treasureislandbeachresort.com-0089-2016Redesign;en-US;https://www.google.ch/;22169;1;0
Samosetresort.com-0113-2017Redesign;en-US;https://r.search.yahoo.com/_ylt=A0SO80FCArhZSSsASEJx.9w4##SEMICOLONDELIMITER##_ylu=X3oDMTByb2lvbXVuBGNvbG8DZ3ExBHBvcwMxBHZ0aWQDBHNlYwNzcg--/RV=2/RE=1505260226/RO=10/RU=https%3a//www.samosetresort.com//RK=1/RS=sNQ.Yu9zV2enF7mm6KFlSVSrZhU-;32541;1;0
Broadmoor.com-0073-2016Redesign;en-US;http://login.nomadix.com:1111/web/portal.html;16724;1;0
Kittitianhill.com-0012-2014Redesign;en-US;https://www.google.com/;2236;1;0
Broadmoor.com-0073-2016Redesign;en-US;http://login.nomadix.com:1111/web/portal.html;16724;1;0
Delraysandsresort.com-0097-2016Redesign;en-US;https://www.google.com/;27232;1;0
Delraysandsresort.com-0097-2016Redesign;en-US;https://www.google.com/;27239;1;0
Delraysandsresort.com-0097-2016Redesign;en-US;https://www.google.com/;27232;1;0
Delraysandsresort.com-0097-2016Redesign;en-US;https://www.google.com/;27239;1;0
Galthouse.com-0042-2015Redesign;en-US;http://m.facebook.com/;31905;1;0
Galthouse.com-0042-2015Redesign;en-US;http://m.facebook.com/;31905;1;0
Casaybelresort.com-0002-2014Redesign;en-US;https://www.google.com/;1533;1;0
Residenceinnnyc.com-0034-2015Redesign;en-US;https://www.google.com/;7926;1;0
Broadmoor.com-0073-2016Redesign;en-US;http://www.pikes-peak.com/attractions/seven-falls/;18259;1;0
Theloganhotel.com-0043-2015Redesign;en-US;https://www.google.com/;9327;1;0
Monarchbeachresort.com-0092-2016Redesign;en-US;https://www.google.com/;22847;1;0
Broadmoor.com-0073-2016Redesign;en-US;https://r.search.yahoo.com/_ylt=AwrBT89OArhZD.cAel5x.9w4##SEMICOLONDELIMITER##_ylu=X3oDMTBybGY3bmpvBGNvbG8DYmYxBHBvcwMyBHZ0aWQDBHNlYwNzcg--/RV=2/RE=1505260238/RO=10/RU=https%3a//www.broadmoor.com/broadmoor-adventures/soaring-adventures//RK=1/RS=6XzfGpDd9R0sdFV6BVtgFihgsiU-;18782;1;0
Delraysandsresort.com-0097-2016Redesign;en-US;https://www.google.com/;27232;1;0
Thesagamore.com-0112-2017Redesign;en-US;https://www.google.com/;32339;1;0
Thesagamore.com-0112-2017Redesign;en-US;https://www.google.com/;32339;1;0
Sandpearl.com-0091-2016Redesign;en-US;android-app://com.google.android.googlequicksearchbox/;22481;1;0
Cphollywoodbeach.com-0032-2015Redesign;en-US;https://search.yahoo.com/;7805;1;0
Sandpearl.com-0091-2016Redesign;en-US;android-app://com.google.android.googlequicksearchbox/;22481;1;0
Springhillsuitesdenver.com-0060-2015Redesign;en-US;https://www.google.com/;12307;1;0
