Marriottkeylargo.com-0015-2014Redesign;en-US;http://www.fla-keys.com/webcams/marriott-key-largo-bay/;3948;1;0
Marriottkeylargo.com-0015-2014Redesign;en-US;http://www.fla-keys.com/webcams/marriott-key-largo-bay/;3964;1;0
Lakeplacidlodge.com-0105-2017Redesign;en-US;android-app://com.google.android.googlequicksearchbox/https/www.google.com;28545;1;0
Lakeplacidlodge.com-0105-2017Redesign;en-US;android-app://com.google.android.googlequicksearchbox/https/www.google.com;28545;1;0
Opalsands.com-0084-2016Redesign;en-US;https://www.google.com/;20171;1;0
Galthouse.com-0042-2015Redesign;en-US;https://teman.com.ua/cars/toyota;31905;1;0
Galthouse.com-0042-2015Redesign;en-US;https://cinemabox.club/cinemabox/;31905;1;0
Galthouse.com-0042-2015Redesign;en-US;http://showboxpc.be/;31905;1;0
Galthouse.com-0042-2015Redesign;en-US;http://films-app.com/mortal-kombat-x/;31905;1;0
Thelodgeatwoodloch.com-0033-2015Redesign;en-US;https://www.google.com/;7764;1;0
Glencovemansion.com-0058-2015Redesign;en-US;https://www.google.com/;13328;1;0
Thelodgeatwoodloch.com-0033-2015Redesign;en-US;https://www.poconomountains.com/listings/the-lodge-at-woodloch/3118/;7764;1;0
Thesagamore.com-0112-2017Redesign;en-US;http://www.google.com/;32339;1;0
Thelodgeatwoodloch.com-0033-2015Redesign;en-US;https://www.google.com/;8253;1;0
Thesagamore.com-0112-2017Redesign;en-US;http://www.google.com/;32339;1;0
Galthouse.com-0042-2015Redesign;en-US;http://m.facebook.com/;31905;1;0
Galthouse.com-0042-2015Redesign;en-US;http://m.facebook.com/;31905;1;0
Thelodgeatwoodloch.com-0033-2015Redesign;en-US;https://www.google.com/;7764;1;0
Residenceinnnyc.com-0034-2015Redesign;en-US;https://www.google.com/;7926;1;0
Casaybelresort.com-0002-2014Redesign;en-US;http://www.google.com/;1533;1;0
Napavalleymarriott.com-0071-2016Redesign;en-US;http://www.google.com/;16432;1;0
Longboatkeyclub.com-0104-2017Redesign;en-US;https://worldcam.eu/webcams/north-america/florida-usa/15728;28317;1;0
Cphollywoodbeach.com-0032-2015Redesign;en-US;http://www.earthcam.com/mapsearch/;7831;1;0
Residenceinnnyc.com-0034-2015Redesign;en-US;https://www.google.com/;7926;1;0
Unionstationhotelnashville.com-0047-2015Redesign;en-US;http://r.search.yahoo.com/_ylt=A0LEVz8k5rFZrVEA9zRXNyoA##SEMICOLONDELIMITER##_ylu=X3oDMTEyamkzOTRhBGNvbG8DYmYxBHBvcwM0BHZ0aWQDVUkyQzNfMQRzZWMDc3I-/RV=2/RE=1504859813/RO=10/RU=http%3a//www.unionstationhotelnashville.com/nashville-hotel-specials/nights-of-love%25e2%2580%259d-by-nashville-union-station//RK=1/RS=PQVRRGYIOunEbk2r_OxZspfrKPg-;10836;1;0
Thecrawfordhotel.com-0074-2016Redesign;en-US;https://www.google.com/;17667;1;0
Abbingtonbanquets.com-0070-2016Redesign;en-US;https://www.weddingwire.com/;15789;1;0
Theoxfordhotel.com-0062-2015Redesign;en-US;https://www.google.com/;14346;1;0
Laxembassy.com-0008-2014Redesign;en-US;https://www.google.com/;2037;1;0
saddlebrook.com-0011-2014Redesign;en-US;https://www.google.com/;3398;1;0
Marriottkeylargo.com-0015-2014Redesign;en-US;http://surfinggator.com/florida-keys/live-cams/live-cams.html;3948;1;0
Broadmoor.com-0073-2016Redesign;en-US;http://www.thecityofcoloradosprings.com/restaurants/index.html;16721;1;0
Broadmoor.com-0073-2016Redesign;en-US;http://www.thecityofcoloradosprings.com/restaurants/index.html;16721;1;0
