Washingtondukeinn.com-0024-2014Redesign;en-US;https://www.google.com/;4524;1;0
Monarchbeachresort.com-0092-2016Redesign;en-US;https://www.google.com/;23487;1;0
Washingtondukeinn.com-0024-2014Redesign;en-US;https://www.google.com/;4524;1;0
Residenceinnnyc.com-0034-2015Redesign;en-US;https://www.google.com/;7926;1;0
Broadmoor.com-0073-2016Redesign;en-US;http://r.search.yahoo.com/_ylt=A0LEVyjxrrBZYlgA6Cpx.9w4##SEMICOLONDELIMITER##_ylu=X3oDMTByMjB0aG5zBGNvbG8DYmYxBHBvcwMxBHZ0aWQDBHNlYwNzYw--/RV=2/RE=1504780146/RO=10/RU=http%3a//www.broadmoor.com//RK=1/RS=ijRiIVqHD09ULABfdvHocPjHzD8-;16721;1;0
Broadmoor.com-0073-2016Redesign;en-US;https://search.yahoo.com/;18259;1;0
Broadmoor.com-0073-2016Redesign;en-US;http://r.search.yahoo.com/_ylt=A0LEVyjxrrBZYlgA6Cpx.9w4##SEMICOLONDELIMITER##_ylu=X3oDMTByMjB0aG5zBGNvbG8DYmYxBHBvcwMxBHZ0aWQDBHNlYwNzYw--/RV=2/RE=1504780146/RO=10/RU=http%3a//www.broadmoor.com//RK=1/RS=ijRiIVqHD09ULABfdvHocPjHzD8-;16721;1;0
Broadmoor.com-0073-2016Redesign;en-US;https://www.google.com/;16793;1;0
Cocokeyorlando.com-0059-2015Redesign;en-US;https://www.google.com/;12394;1;0
Casaybelresort.com-0002-2014Redesign;en-US;http://tpc.googlesyndication.com/safeframe/1-0-10/html/container.html;1533;1;0
saddlebrook.com-0011-2014Redesign;en-US;http://www.google.com/;3385;1;0
Broadmoor.com-0073-2016Redesign;en-US;https://www.google.com/;16721;1;0
Lakeplacidlodge.com-0105-2017Redesign;en-US;https://www.google.com/;28545;1;0
Luxehotels.com-0078-2016Redesign;en-US;http://ultimateaesthetictraining.com/registration/;18830;1;0
Broadmoor.com-0073-2016Redesign;en-US;http://login.nomadix.com:1111/web/portal.html;16724;1;0
Broadmoor.com-0073-2016Redesign;en-US;https://www.google.com/;18259;1;0
Broadmoor.com-0073-2016Redesign;en-US;http://login.nomadix.com:1111/web/portal.html;16724;1;0
Glencovemansion.com-0058-2015Redesign;en-US;https://www.google.com/;13328;1;0
Monarchbeachresort.com-0092-2016Redesign;en-US;https://www.google.com/;22725;1;0
Lakeplacidlodge.com-0105-2017Redesign;en-US;https://www.google.com/;28545;1;0
Broadmoor.com-0073-2016Redesign;en-US;http://login.nomadix.com:1111/web/portal.html;16724;1;0
Broadmoor.com-0073-2016Redesign;en-US;http://login.nomadix.com:1111/web/portal.html;16724;1;0
Thelodgeatwoodloch.com-0033-2015Redesign;en-US;https://www.google.com/;7764;1;0
Broadmoor.com-0073-2016Redesign;en-US;https://www.google.com/;16721;1;0
Longboatkeyclub.com-0104-2017Redesign;en-US;https://www.google.com/;28316;1;0
Broadmoor.com-0073-2016Redesign;en-US;https://www.google.com/;18013;1;0
Denvercy.com-0036-2015Redesign;en-US;https://www.google.com/;8150;1;0
Thesagamore.com-0112-2017Redesign;en-US;http://www.fodors.com/world/north-america/usa/experiences/news/photos/10-best-christmas-season-resorts;32346;1;0
Thesagamore.com-0112-2017Redesign;en-US;http://www.fodors.com/world/north-america/usa/experiences/news/photos/10-best-christmas-season-resorts;32346;1;0
Broadmoor.com-0073-2016Redesign;en-US;https://www.google.com/;16721;1;0
Broadmoor.com-0073-2016Redesign;en-US;https://www.google.com/;16763;1;0
Broadmoor.com-0073-2016Redesign;en-US;https://www.google.com/;16721;1;0
Lidobeachresort.com-0106-2017Redesign;en-US;https://r.search.yahoo.com/_ylt=A0LEV179rrBZu64AAQRx.9w4##SEMICOLONDELIMITER##_ylu=X3oDMTByOHZyb21tBGNvbG8DYmYxBHBvcwMxBHZ0aWQDBHNlYwNzcg--/RV=2/RE=1504780158/RO=10/RU=https%3a//www.lidobeachresort.com//RK=1/RS=vU9_JDek1dJ2bsLcjzuguthLyW0-;28666;1;0
Glencovemansion.com-0058-2015Redesign;en-US;https://www.google.com/;13328;1;0
Broadmoor.com-0073-2016Redesign;en-US;https://www.google.com/;18259;1;0
