Oxfordclubspa.com-0068-2016Redesign;en-US;https://www.google.com/;15568;1;0
Residenceinnnyc.com-0034-2015Redesign;en-US;http://www.google.com/;7926;1;0
Broadmoor.com-0073-2016Redesign;en-US;https://www.google.com/;16721;1;0
Secretharbourvi.com-0040-2015Redesign;en-US;http://www.usvipressroom.com/overview/;9231;1;0
Broadmoor.com-0073-2016Redesign;en-US;https://outlook.live.com/;16721;1;0
Thesagamore.com-0112-2017Redesign;en-US;https://www.google.com/;32339;1;0
Unionstationhotelnashville.com-0047-2015Redesign;en-US;http://www.google.com/;32226;1;0
Secretharbourvi.com-0040-2015Redesign;en-US;http://r.search.yahoo.com/_ylt=A0LEV2GEorFZ3ZMAAQ1x.9w4##SEMICOLONDELIMITER##_ylu=X3oDMTByOHZyb21tBGNvbG8DYmYxBHBvcwMxBHZ0aWQDBHNlYwNzcg--/RV=2/RE=1504842501/RO=10/RU=http%3a//www.secretharbourvi.com//RK=1/RS=PmoytnhA8BcWu2rVea5GxAD3Bgs-;9231;1;0
Treasureislandbeachresort.com-0089-2016Redesign;en-US;https://s0.2mdn.net/ads/richmedia/studio/pv2/60220772/20170601080644339/index.html;22169;1;0
Thesagamore.com-0112-2017Redesign;en-US;https://www.google.com/;32339;1;0
Montaukyachtclub.com-0010-2014Redesign;en-US;https://www.google.com/;2240;1;0
Opalsands.com-0084-2016Redesign;en-US;https://www.google.com/;20171;1;0
saddlebrook.com-0011-2014Redesign;en-US;https://www.google.com/;3469;1;0
Galthouse.com-0042-2015Redesign;en-US;http://m.facebook.com/;31905;1;0
Marriottkeylargo.com-0015-2014Redesign;en-US;http://www.fla-keys.com/webcams/marriott-key-largo-bay/;3948;1;0
Cendyn.com-0095-2016Redesign;en-US;http://www.cendynone.com/;26640;1;0
Marriottkeylargo.com-0015-2014Redesign;en-US;http://www.beachcamsusa.com/fl/key-largo/key-largo-marriott-bay-resort-live-webcam;3948;1;0
wentworthcom00212014redesign;en-US;https://www.google.com/;4259;1;0
Marriottkeylargo.com-0015-2014Redesign;en-US;http://www.beachcamsusa.com/fl/key-largo/key-largo-marriott-bay-resort-live-webcam;3964;1;0
Thesagamore.com-0112-2017Redesign;en-US;http://www.twintravelconcepts.com/lake-george-ny/;32339;1;0
Broadmoor.com-0073-2016Redesign;en-US;https://www.google.com/;16721;1;0
Thesagamore.com-0112-2017Redesign;en-US;http://www.twintravelconcepts.com/lake-george-ny/;32339;1;0
Broadmoor.com-0073-2016Redesign;en-US;http://tpc.googlesyndication.com/safeframe/1-0-10/html/container.html;16728;1;0
Luxehotels.com-0078-2016Redesign;en-US;https://www.google.com/;18805;1;0
Cphollywoodbeach.com-0032-2015Redesign;en-US;https://www.google.com/;7831;1;0
