Casaybelresort.com-0002-2014Redesign;en-US;http://surfinggator.com/fort-myers/cams/cams.html;1613;1;0
Casaybelresort.com-0002-2014Redesign;en-US;http://surfinggator.com/fort-myers/cams/cams.html;1613;1;0
Casaybelresort.com-0002-2014Redesign;en-US;http://surfinggator.com/fort-myers/cams/cams.html;1613;1;0
Casaybelresort.com-0002-2014Redesign;en-US;https://www.google.com/;1613;1;0
Thecrawfordhotel.com-0074-2016Redesign;en-US;https://www.google.com/;17145;1;0
Edgewaternaples.com-0094-2016Redesign;en-US;http://reservations.edgewaternaples.com/edgewaternaples/;25270;1;0
Thelodgeatwoodloch.com-0033-2015Redesign;en-US;https://www.google.com/;7764;1;0
Cphollywoodbeach.com-0032-2015Redesign;en-US;http://www.beachcamsusa.com/fl/hollywood/crowne-plaza-webcam-from-hollywood-fl;7831;1;0
Broadmoor.com-0073-2016Redesign;en-US;http://login.nomadix.com:1111/web/portal.html;16724;1;0
Broadmoor.com-0073-2016Redesign;en-US;http://login.nomadix.com:1111/web/portal.html;16724;1;0
Casaybelresort.com-0002-2014Redesign;en-US;http://surfinggator.com/fort-myers/cams/cams.html;1613;1;0
Cphollywoodbeach.com-0032-2015Redesign;en-US;https://www.sunny.org/webcam/;7831;1;0
Casaybelresort.com-0002-2014Redesign;en-US;http://surfinggator.com/fort-myers/cams/cams.html;1613;1;0
Broadmoor.com-0073-2016Redesign;en-US;https://www.google.com/;16721;1;0
Broadmoor.com-0073-2016Redesign;en-US;https://www.google.com/;41636;1;0
Montaukyachtclub.com-0010-2014Redesign;en-US;http://www.travelandleisure.com/articles/hamptons-summer-news;2240;1;0
Sandpearl.com-0091-2016Redesign;en-US;https://www.google.com/;22481;1;0
Opalsands.com-0084-2016Redesign;en-US;http://www.beachtourism.com/opalsandsresort/;20171;1;0
Cphollywoodbeach.com-0032-2015Redesign;en-US;https://www.sunny.org/webcam/;7831;1;0
theweststreethotel.com-0115-2017Redesign;en-US;https://www.google.com/;36683;1;0
Broadmoor.com-0073-2016Redesign;en-US;http://www.coastalliving.com/travel/best-in-travel-international-vacation-value;16728;1;0
Opalsands.com-0084-2016Redesign;en-US;https://www.google.com/;20561;1;0
Casaybelresort.com-0002-2014Redesign;en-US;http://totimedia.com/community-webcam-gallery;1613;1;0
Cphollywoodbeach.com-0032-2015Redesign;en-US;https://www.google.com/;7831;1;0
Broadmoor.com-0073-2016Redesign;en-US;http://m.facebook.com/;18010;1;0
Casaybelresort.com-0002-2014Redesign;en-US;https://www.google.co.uk/;1613;1;0
Lidobeachresort.com-0106-2017Redesign;en-US;https://www.facebook.com/;28667;1;0
Theharborsidehotel.com-0114-2017Redesign;en-US;https://www.google.com/;37571;1;0
Broadmoor.com-0073-2016Redesign;en-US;http://login.nomadix.com:1111/web/portal.html;16724;1;0
Broadmoor.com-0073-2016Redesign;en-US;http://login.nomadix.com:1111/web/portal.html;16724;1;0
Galthouse.com-0042-2015Redesign;en-US;http://m.facebook.com/;31905;1;0
Oxfordclubspa.com-0068-2016Redesign;en-US;http://m.facebook.com/;15568;1;0
Galthouse.com-0042-2015Redesign;en-US;http://m.facebook.com/;31905;1;0
Casaybelresort.com-0002-2014Redesign;en-US;https://www.google.com/;1613;1;0
Hospitalityupgrade.com-0093-2016Redesign;en-US;https://www.google.com.kw/;33296;1;0
Cphollywoodbeach.com-0032-2015Redesign;en-US;https://www.sunny.org/webcam/;7831;1;0
Lidobeachresort.com-0106-2017Redesign;en-US;https://www.facebook.com/;28667;1;0
saddlebrook.com-0011-2014Redesign;en-US;http://artel116.ru/;3469;1;0
Galthouse.com-0042-2015Redesign;en-US;http://www.kfcyumcenter.com/plan-your-visit/where-to-stay;31905;1;0
saddlebrook.com-0011-2014Redesign;en-US;http://artel116.ru/;3469;1;0
Marriottkeylargo.com-0015-2014Redesign;en-US;http://www.beachcamsusa.com/fl/key-largo/key-largo-marriott-bay-resort-live-webcam;3948;1;0
Cphollywoodbeach.com-0032-2015Redesign;en-US;https://www.google.com/;7831;1;0
saddlebrook.com-0011-2014Redesign;en-US;http://artel116.ru/;3469;1;0
Cphollywoodbeach.com-0032-2015Redesign;en-US;https://www.sunny.org/webcam/;7831;1;0
Opalsands.com-0084-2016Redesign;en-US;http://www.beachtourism.com/opalsandsresort/;20171;1;0
Cphollywoodbeach.com-0032-2015Redesign;en-US;http://r.search.yahoo.com/_ylt=AwrBTvzVUbVZIOYAGSgg7YlQ##SEMICOLONDELIMITER##_ylu=X3oDMTByOHZyb21tBGNvbG8DYmYxBHBvcwMxBHZ0aWQDBHNlYwNzcg--/RV=2/RE=1505083989/RO=10/RU=http%3a//www.cphollywoodbeach.com/gallery/web-cam//RK=1/RS=mKpOqplEvfBTiNQBetZ_foCMK9I-;7831;1;0
Sandpearl.com-0091-2016Redesign;en-US;https://www.google.com/;22488;1;0
Edgewaternaples.com-0094-2016Redesign;en-US;https://www.google.com/;25239;1;0
Edgewaternaples.com-0094-2016Redesign;en-US;https://www.google.com/;25239;1;0
Sandpearl.com-0091-2016Redesign;en-US;https://www.google.com/;22488;1;0
Cphollywoodbeach.com-0032-2015Redesign;en-US;https://www.sunny.org/webcam/;7831;1;0
Cphollywoodbeach.com-0032-2015Redesign;en-US;https://www.google.ca/;7831;1;0
Broadmoor.com-0073-2016Redesign;en-US;http://login.nomadix.com:1111/web/portal.html;16724;1;0
Thecrawfordhotel.com-0074-2016Redesign;en-US;https://www.google.com/;17667;1;0
Broadmoor.com-0073-2016Redesign;en-US;http://login.nomadix.com:1111/web/portal.html;16724;1;0
Opalsands.com-0084-2016Redesign;en-US;http://www.beachtourism.com/opalsandsresort/;20171;1;0
Thecurtis.com-0079-2016Redesign;en-US;https://www.google.ca/;17981;1;0
Samosetresort.com-0113-2017Redesign;en-US;https://www.google.com/;32541;1;0
Samosetresort.com-0113-2017Redesign;en-US;https://www.google.com/;32541;1;0
Beverlyhillsresidenceinn.com-0087-2016Redesign;en-US;http://www.google.co.kr/;20999;1;0
Marriottkeylargo.com-0015-2014Redesign;en-US;http://twooceansdigital.com/services/web-cams;3948;1;0
Theloganhotel.com-0043-2015Redesign;en-US;https://www.google.com.ph/;15962;1;0
Broadmoor.com-0073-2016Redesign;en-US;https://www.bing.com/;16721;1;0
Marriottdelraybeach.com-0009-2014Redesign;en-US;https://www.google.ca/;2841;1;0
Longboatkeyclub.com-0104-2017Redesign;en-US;https://www.google.com/;28316;1;0
Broadmoor.com-0073-2016Redesign;en-US;https://www.google.com/;16721;1;0
Cphollywoodbeach.com-0032-2015Redesign;en-US;https://www.sunny.org/webcam/;7831;1;0
Cphollywoodbeach.com-0032-2015Redesign;en-US;https://www.google.de/;7831;1;0
Cphollywoodbeach.com-0032-2015Redesign;en-US;https://www.sunny.org/webcam/;7831;1;0
Cphollywoodbeach.com-0032-2015Redesign;en-US;https://www.sunny.org/webcam/;7831;1;0
Casaybelresort.com-0002-2014Redesign;en-US;https://www.google.com/;1613;1;0
Sandpearl.com-0091-2016Redesign;en-US;http://l.facebook.com/l.php;22481;1;0
Cphollywoodbeach.com-0032-2015Redesign;en-US;http://www.beachcamsusa.com/fl/hollywood/crowne-plaza-webcam-from-hollywood-fl;7831;1;0
Residenceinnlax.com-0026-2014Redesign;en-US;https://www.google.com.au/;5271;1;0
Casaybelresort.com-0002-2014Redesign;en-US;https://www.google.com/;1613;1;0
Sandpearl.com-0091-2016Redesign;en-US;http://l.facebook.com/l.php;22481;1;0
Lidobeachresort.com-0106-2017Redesign;en-US;https://www.google.com/;38883;1;0
Thesagamore.com-0112-2017Redesign;en-US;https://www.google.com/;32339;1;0
Samosetresort.com-0113-2017Redesign;en-US;https://www.google.com/;32541;1;0
Washingtondukeinn.com-0024-2014Redesign;en-US;https://www.google.com/;4524;1;0
