Broadmoor.com-0073-2016Redesign;en-US;https://www.google.com/;18010;1;0
Cphollywoodbeach.com-0032-2015Redesign;en-US;https://www.google.com/;7805;1;0
Thelodgeatwoodloch.com-0033-2015Redesign;en-US;https://www.poconomountains.com/listings/the-lodge-at-woodloch/3042/;7764;1;0
Broadmoor.com-0073-2016Redesign;en-US;http://login.nomadix.com:1111/web/portal.html;16724;1;0
Broadmoor.com-0073-2016Redesign;en-US;http://login.nomadix.com:1111/web/portal.html;16724;1;0
Broadmoor.com-0073-2016Redesign;en-US;https://www.google.com/;16721;1;0
Montaukyachtclub.com-0010-2014Redesign;en-US;https://www.google.com/;2383;1;0
Zotabeachresort.com-0090-2016Redesign;en-US;android-app://m.facebook.com/;23062;1;0
Miravalspamonarchbeach.com-0109-2017Redesign;en-US;http://www.monarchbeachresort.com/experiences/special-events/fall-activities-in-dana-point-ca/;31709;1;0
Thesagamore.com-0112-2017Redesign;en-US;https://r.search.yahoo.com/_ylt=A0LEVwsrAa5ZfhsAAgRx.9w4##SEMICOLONDELIMITER##_ylu=X3oDMTE0bGhyaDE4BGNvbG8DYmYxBHBvcwMxBHZ0aWQDVUkyRkJUM18xBHNlYwNzcg--/RV=2/RE=1504604588/RO=10/RU=https%3a//www.thesagamore.com//RK=1/RS=0K2DJlNM5mm.zbPvGvykhr62N34-;32339;1;0
Halcyonhotelcherrycreek.com-0061-2015Redesign;en-US;http://www.google.com/;22121;1;0
Zotabeachresort.com-0090-2016Redesign;en-US;http://m.facebook.com/;23062;1;0
Longboatkeyclub.com-0104-2017Redesign;en-US;https://www.google.com/;28316;1;0
Longboatkeyclub.com-0104-2017Redesign;en-US;https://www.google.com/;28316;1;0
Broadmoor.com-0073-2016Redesign;en-US;https://www.google.com/;16721;1;0
Broadmoor.com-0073-2016Redesign;en-US;https://www.google.com/;21232;1;0
Napavalleymarriott.com-0071-2016Redesign;en-US;https://www.google.com/;16432;1;0
Edgewaternaples.com-0094-2016Redesign;en-US;https://www.google.com/;25246;1;0
Broadmoor.com-0073-2016Redesign;en-US;https://www.google.com/;16721;1;0
Halcyonhotelcherrycreek.com-0061-2015Redesign;en-US;https://www.google.com/;22121;1;0
Jupiterbeachresort.com-0103-2017Redesign;en-US;https://www.google.com/;28158;1;0
Jupiterbeachresort.com-0103-2017Redesign;en-US;https://www.google.com/;28158;1;0
Sandpearl.com-0091-2016Redesign;en-US;https://www.google.com/;22532;1;0
Longboatkeyclub.com-0104-2017Redesign;en-US;http://m.facebook.com/;28316;1;0
Cocokeyorlando.com-0059-2015Redesign;en-US;https://www.google.co.uk/;12394;1;0
Monarchbeachresort.com-0092-2016Redesign;en-US;http://m.facebook.com/;22979;1;0
Miravalspamonarchbeach.com-0109-2017Redesign;en-US;http://www.miravalresorts.com/;31709;1;0
Cocokeyorlando.com-0059-2015Redesign;en-US;https://www.google.co.uk/;12394;1;0
Broadmoor.com-0073-2016Redesign;en-US;https://www.google.com/;16722;1;0
Longboatkeyclub.com-0104-2017Redesign;en-US;http://www.visitsarasota.com/resort-luxury-hotels;28316;1;0
Longboatkeyclub.com-0104-2017Redesign;en-US;http://www.visitsarasota.com/resort-luxury-hotels;28316;1;0
Sandpearl.com-0091-2016Redesign;en-US;https://www.bing.com/;22481;1;0
Lidobeachresort.com-0106-2017Redesign;en-US;http://m.facebook.com/;28714;1;0
theweststreethotel.com-0115-2017Redesign;en-US;https://www.google.com/;36683;1;0
Thesagamore.com-0112-2017Redesign;en-US;https://www.google.com/;32339;1;0
Thesagamore.com-0112-2017Redesign;en-US;https://www.google.com/;32339;1;0
Zotabeachresort.com-0090-2016Redesign;en-US;https://www.google.com/;22357;1;0
Zotabeachresort.com-0090-2016Redesign;en-US;https://www.google.com/;22357;1;0
Monarchbeachresort.com-0092-2016Redesign;en-US;https://www.google.com/;22725;1;0
