Monarchbeachresort.com-0092-2016Redesign;en-US;https://www.google.com/;22998;1;0
Monarchbeachresort.com-0092-2016Redesign;en-US;https://www.google.com/;22998;1;0
Marriottkeylargo.com-0015-2014Redesign;en-US;http://www.floridakeyswebcams.tv/marriottkeylargobay/;3948;1;0
Casaybelresort.com-0002-2014Redesign;en-US;https://www.google.com/;1571;1;0
Secretharbourvi.com-0040-2015Redesign;en-US;http://showboxdownloadmovies.com/category/app-for-movies/;9231;1;0
Secretharbourvi.com-0040-2015Redesign;en-US;https://krasivey.com.ua/eyebrows/kiev;9231;1;0
Secretharbourvi.com-0040-2015Redesign;en-US;https://vk.com/rusmart_express;9231;1;0
Theharborsidehotel.com-0114-2017Redesign;en-US;https://www.google.com/;37571;1;0
Hospitalityupgrade.com-0093-2016Redesign;en-US;https://www.google.com/;22790;1;0
Broadmoor.com-0073-2016Redesign;en-US;http://login.nomadix.com:1111/web/portal.html;16724;1;0
Broadmoor.com-0073-2016Redesign;en-US;http://login.nomadix.com:1111/web/portal.html;16724;1;0
Marriottkeylargo.com-0015-2014Redesign;en-US;https://www.google.com/;3964;1;0
Opalsands.com-0084-2016Redesign;en-US;https://www.google.com/;20561;1;0
Marriottkeylargo.com-0015-2014Redesign;en-US;http://www.floridakeyswebcams.tv/marriottkeylargobay/;3948;1;0
Longboatkeyclub.com-0104-2017Redesign;en-US;https://www.google.com/;29846;1;0
Luxehotels.com-0078-2016Redesign;en-US;https://www.google.com/;18830;1;0
saddlebrook.com-0011-2014Redesign;en-US;http://www.nail-artmaster.ru/shop.php;3385;1;0
saddlebrook.com-0011-2014Redesign;en-US;https://fabrika-schastya.moscow/vozdushnie-shary-s-dostavkoy;3385;1;0
Cphollywoodbeach.com-0032-2015Redesign;en-US;https://www.google.ca/;7831;1;0
Broadmoor.com-0073-2016Redesign;en-US;http://tpc.googlesyndication.com/safeframe/1-0-10/html/container.html;16728;1;0
Montaukyachtclub.com-0010-2014Redesign;en-US;https://www.google.com/;2405;1;0
Galthouse.com-0042-2015Redesign;en-US;http://l.facebook.com/l.php;31905;1;0
Galthouse.com-0042-2015Redesign;en-US;http://l.facebook.com/l.php;31905;1;0
Broadmoor.com-0073-2016Redesign;en-US;https://www.google.com/;16742;1;0
Denvercy.com-0036-2015Redesign;en-US;https://www.google.com/;8150;1;0
Cphollywoodbeach.com-0032-2015Redesign;en-US;https://www.google.com/;7831;1;0
Monarchbeachresort.com-0092-2016Redesign;en-US;https://www.google.com/;22998;1;0
Broadmoor.com-0073-2016Redesign;en-US;http://www.google.com/;16728;1;0
Glencovemansion.com-0058-2015Redesign;en-US;https://www.google.com/;13328;1;0
Lakeplacidlodge.com-0105-2017Redesign;en-US;https://www.google.com/;32807;1;0
Broadmoor.com-0073-2016Redesign;en-US;http://www.google.com/;18013;1;0
Broadmoor.com-0073-2016Redesign;en-US;http://login.nomadix.com:1111/web/portal.html;16724;1;0
Broadmoor.com-0073-2016Redesign;en-US;http://login.nomadix.com:1111/web/portal.html;16724;1;0
