Sandpearl.com-0091-2016Redesign;en-US;http://m.facebook.com/;30638;1;0
Hospitalityupgrade.com-0093-2016Redesign;en-US;android-app://com.google.android.googlequicksearchbox/;37631;1;0
theweststreethotel.com-0115-2017Redesign;en-US;http://www.visitmaine.net/tag/1/lodging-by-region/22/downeast;36683;1;0
Miravalspamonarchbeach.com-0109-2017Redesign;en-US;http://m.facebook.com/;33601;1;0
Miravalspamonarchbeach.com-0109-2017Redesign;en-US;http://m.facebook.com/;33601;1;0
Monarchbeachresort.com-0092-2016Redesign;en-US;https://www.google.com/;22725;1;0
Thesagamore.com-0112-2017Redesign;en-US;https://r.search.yahoo.com/_ylt=AwrBT8no6q1Z5qEAWitx.9w4##SEMICOLONDELIMITER##_ylu=X3oDMTEyYWJsZmF0BGNvbG8DYmYxBHBvcwMxBHZ0aWQDQjQ1OTBfMQRzZWMDc3I-/RV=2/RE=1504598889/RO=10/RU=https%3a//www.thesagamore.com//RK=1/RS=64KiqvVeXbgMsPRWSobL3qo7Ghg-;32339;1;0
Lakeplacidlodge.com-0105-2017Redesign;en-US;https://www.google.com/;28545;1;0
Galthouse.com-0042-2015Redesign;en-US;https://www.google.com/;10568;1;0
Broadmoor.com-0073-2016Redesign;en-US;https://www.google.com/;16724;1;0
Thelodgeatwoodloch.com-0033-2015Redesign;en-US;https://www.google.com/;7764;1;0
wentworthcom00212014redesign;en-US;https://www.google.com/;4249;1;0
Sandpearl.com-0091-2016Redesign;en-US;https://www.google.com/;22482;1;0
saddlebrook.com-0011-2014Redesign;en-US;http://www.google.com/;3385;1;0
Broadmoor.com-0073-2016Redesign;en-US;http://tpc.googlesyndication.com/safeframe/1-0-10/html/container.html;16728;1;0
Broadmoor.com-0073-2016Redesign;en-US;http://tpc.googlesyndication.com/safeframe/1-0-10/html/container.html;16728;1;0
Broadmoor.com-0073-2016Redesign;en-US;http://tpc.googlesyndication.com/safeframe/1-0-10/html/container.html;16728;1;0
Broadmoor.com-0073-2016Redesign;en-US;https://www.google.com/;18259;1;0
Cocokeyorlando.com-0059-2015Redesign;en-US;https://www.google.com/;12412;1;0
Sandpearl.com-0091-2016Redesign;en-US;https://www.google.com/;22481;1;0
Sandpearl.com-0091-2016Redesign;en-US;https://www.google.com/;22481;1;0
Theharborsidehotel.com-0114-2017Redesign;en-US;https://www.google.com/;37571;1;0
Broadmoor.com-0073-2016Redesign;en-US;https://www.google.com/;16724;1;0
Cocokeyorlando.com-0059-2015Redesign;en-US;https://www.google.com/;12394;1;0
Galthouse.com-0042-2015Redesign;en-US;https://www.google.com.au/;31905;1;0
Thelodgeatwoodloch.com-0033-2015Redesign;en-US;https://www.google.com/;7764;1;0
Broadmoor.com-0073-2016Redesign;en-US;https://www.google.co.uk/;18259;1;0
Broadmoor.com-0073-2016Redesign;en-US;https://www.google.com/;16756;1;0
Thesagamore.com-0112-2017Redesign;en-US;android-app://com.google.android.googlequicksearchbox/;32339;1;0
Newyorkpalacemeetings.com-0045-2015Redesign;en-US;http://dverimegapolis.ru/;9207;1;0
Broadmoor.com-0073-2016Redesign;en-US;http://www.google.com/;16721;1;0
Newyorkpalacemeetings.com-0045-2015Redesign;en-US;http://dverimegapolis.ru/;9207;1;0
Broadmoor.com-0073-2016Redesign;en-US;http://www.google.com/;16721;1;0
Thecrawfordhotel.com-0074-2016Redesign;en-US;https://www.google.com/;17145;1;0
