Broadmoor.com-0073-2016Redesign;en-US;http://www.fodors.com/world/north-america/usa/experiences/news/photos/10-luxurious-log-cabins-across-the-us;16731;1;0
Marriottdelraybeach.com-0009-2014Redesign;en-US;https://www.google.com/;2829;1;0
Broadmoor.com-0073-2016Redesign;en-US;http://www.fodors.com/world/north-america/usa/experiences/news/photos/10-luxurious-log-cabins-across-the-us;16731;1;0
Thelodgeatwoodloch.com-0033-2015Redesign;en-US;https://www.google.com/;7764;1;0
Samosetresort.com-0113-2017Redesign;en-US;http://start.wow.com/search;32541;1;0
Luxehotels.com-0078-2016Redesign;en-US;https://www.google.com.mx/;18830;1;0
Thecurtis.com-0079-2016Redesign;en-US;https://www.google.com/;17981;1;0
Cendyn.com-0095-2016Redesign;en-US;https://www.google.com/;26640;1;0
Theharborsidehotel.com-0114-2017Redesign;en-US;https://www.google.com/;37571;1;0
Theharborsidehotel.com-0114-2017Redesign;en-US;https://www.google.com/;37571;1;0
Cocokeyorlando.com-0059-2015Redesign;en-US;http://blog.tickets2you.com/orlandos-5-best-water-parks-for-families-with-young-kids/;12394;1;0
Broadmoor.com-0073-2016Redesign;en-US;http://login.nomadix.com:1111/web/portal.html;16724;1;0
Broadmoor.com-0073-2016Redesign;en-US;http://login.nomadix.com:1111/web/portal.html;16724;1;0
wentworthcom00212014redesign;en-US;http://www.visitnewengland.com/all/spas-and-wellness/;26679;1;0
Galthouse.com-0042-2015Redesign;en-US;https://www.google.com/;31905;1;0
Galthouse.com-0042-2015Redesign;en-US;https://www.google.com/;31905;1;0
Lakeplacidlodge.com-0105-2017Redesign;en-US;https://www.google.com/;28545;1;0
Courtyardportlandcitycenter.com-0063-2015Redesign;en-US;https://www.bing.com/;14551;1;0
Longboatkeyclub.com-0104-2017Redesign;en-US;https://www.google.com/;28316;1;0
Longboatkeyclub.com-0104-2017Redesign;en-US;https://www.google.com/;28316;1;0
Abbingtonbanquets.com-0070-2016Redesign;en-US;https://www.google.com/;15789;1;0
wentworthcom00212014redesign;en-US;https://www.google.com/;26679;1;0
Napavalleymarriott.com-0071-2016Redesign;en-US;https://www.bing.com/;18369;1;0
Halcyonhotelcherrycreek.com-0061-2015Redesign;en-US;http://haroldmagazine.com/wp-admin/post-new.php;22121;1;0
Jupiterbeachresort.com-0103-2017Redesign;en-US;http://connectivitycheck.gstatic.com/generate_204;28158;1;0
Jupiterbeachresort.com-0103-2017Redesign;en-US;http://connectivitycheck.gstatic.com/generate_204;28158;1;0
Sandpearl.com-0091-2016Redesign;en-US;https://www.google.com/;22481;1;0
Monarchbeachresort.com-0092-2016Redesign;en-US;http://m.facebook.com/;22725;1;0
Thecrawfordhotel.com-0074-2016Redesign;en-US;https://www.google.com/;17145;1;0
Broadmoor.com-0073-2016Redesign;en-US;https://www.yelp.com/;16731;1;0
Thecurtis.com-0079-2016Redesign;en-US;https://www.google.com/;17981;1;0
Halcyonhotelcherrycreek.com-0061-2015Redesign;en-US;https://www.google.com/;23193;1;0
Unionstationhotelnashville.com-0047-2015Redesign;en-US;https://www.google.com/;32226;1;0
Samosetresort.com-0113-2017Redesign;en-US;https://www.google.com/;32541;1;0
Thelodgeatwoodloch.com-0033-2015Redesign;en-US;https://www.bing.com/;7764;1;0
wentworthcom00212014redesign;en-US;http://advisors.berrydunn.com/youre-invited-6th-annual-new-england-banking-workshop;26679;1;0
Residenceinnnyc.com-0034-2015Redesign;en-US;https://www.bing.com/;7926;1;0
saddlebrook.com-0011-2014Redesign;en-US;http://www.google.com/;3385;1;0
