Theharborsidehotel.com-0114-2017Redesign;en-US;https://www.google.com/;37571;1;0
Edgewaternaples.com-0094-2016Redesign;en-US;https://www.google.com/;25239;1;0
Sandpearl.com-0091-2016Redesign;en-US;https://www.google.com/;22482;1;0
Degreerestaurant.com-0056-2015Redesign;en-US;https://www.google.com/;11598;1;0
Thecurtis.com-0079-2016Redesign;en-US;https://www.google.com/;17981;1;0
Broadmoor.com-0073-2016Redesign;en-US;https://www.google.com/;16790;1;0
Broadmoor.com-0073-2016Redesign;en-US;https://www.google.com/;16790;1;0
Longboatkeyclub.com-0104-2017Redesign;en-US;http://m.facebook.com/;28316;1;0
Broadmoor.com-0073-2016Redesign;en-US;https://www.google.com/;16763;1;0
Broadmoor.com-0073-2016Redesign;en-US;https://www.google.com/;16763;1;0
theweststreethotel.com-0115-2017Redesign;en-US;http://www.barharborwhales.com/waterfront-hotels/;36683;1;0
Monarchbeachresort.com-0092-2016Redesign;en-US;https://www.google.com/;22995;1;0
wentworthcom00212014redesign;en-US;http://r.search.yahoo.com/_ylt=A0LEVw8ZDK9Zo3AAhRJXNyoA##SEMICOLONDELIMITER##_ylu=X3oDMTEyMzdiYTkzBGNvbG8DYmYxBHBvcwMxBHZ0aWQDQjQwMzdfMQRzZWMDc3I-/RV=2/RE=1504672921/RO=10/RU=http%3a//www.wentworth.com/latitudes-waterfront//RK=1/RS=L0LEprx.7S3aLVX8MfJlVSyzpaY-;4307;1;0
Sandpearl.com-0091-2016Redesign;en-US;http://captive.apple.com/hotspot-detect.html;22481;1;0
Sandpearl.com-0091-2016Redesign;en-US;http://captive.apple.com/hotspot-detect.html;22481;1;0
Broadmoor.com-0073-2016Redesign;en-US;https://www.google.com/;17343;1;0
Opalsands.com-0084-2016Redesign;en-US;http://m.facebook.com/;28082;1;0
Lidobeachresort.com-0106-2017Redesign;en-US;https://r.search.yahoo.com/_ylt=AwrBT9aODK9ZsFMAFzpXNyoA##SEMICOLONDELIMITER##_ylu=X3oDMTEyOXQyY2tzBGNvbG8DYmYxBHBvcwM5BHZ0aWQDQjQyMTRfMQRzZWMDc3I-/RV=2/RE=1504673039/RO=10/RU=https%3a//www.lidobeachresort.com/accommodations/accessible//RK=1/RS=RVaN7LwgZp3xU7LQ1xyWtNWELY8-;30858;1;0
Casaybelresort.com-0002-2014Redesign;en-US;http://www.sanibelisland.com/hotels_and_resorts.html;1533;1;0
Opalsands.com-0084-2016Redesign;en-US;https://www.bing.com/;21642;1;0
Lakeplacidlodge.com-0105-2017Redesign;en-US;https://www.google.com/;28545;1;0
Opalsands.com-0084-2016Redesign;en-US;http://esurvey.templates.cendyn.com/eSurvey_OceanProperties/eSurvey_OpalSands/Thank_You_Page/ThankYou.asp;20171;1;0
Opalsands.com-0084-2016Redesign;en-US;http://esurvey.templates.cendyn.com/eSurvey_OceanProperties/eSurvey_OpalSands/Thank_You_Page/ThankYou.asp;20171;1;0
Opalsands.com-0084-2016Redesign;en-US;http://m.facebook.com/;21642;1;0
Treasureislandbeachresort.com-0089-2016Redesign;en-US;https://www.google.com/;22233;1;0
Meateatery.com-0080-2016Redesign;en-US;https://www.google.co.uk/;18505;1;0
Monarchbeachresort.com-0092-2016Redesign;en-US;https://www.google.com/;22995;1;0
Thesagamore.com-0112-2017Redesign;en-US;https://www.google.com/;32347;1;0
Broadmoor.com-0073-2016Redesign;en-US;https://www.google.com/;18208;1;0
Delraysandsresort.com-0097-2016Redesign;en-US;https://www.google.com/;27232;1;0
Delraysandsresort.com-0097-2016Redesign;en-US;https://www.google.com/;27232;1;0
Renaissancepittsburghpa.com-0044-2015Redesign;en-US;https://www.google.com/;9637;1;0
Broadmoor.com-0073-2016Redesign;en-US;https://www.google.com/;18259;1;0
Treasureislandbeachresort.com-0089-2016Redesign;en-US;https://www.google.com/;22233;1;0
Sandylane.com-0075-2016Redesign;en-US;https://www.google.com/;17684;1;0
Washingtondukeinn.com-0024-2014Redesign;en-US;https://www.google.com/;4759;1;0
Renaissancepittsburghpa.com-0044-2015Redesign;en-US;http://www.google.com/;9637;1;0
Theloganhotel.com-0043-2015Redesign;en-US;https://www.google.com/;23201;1;0
Chrco.com-0107-2017Redesign;en-US;http://www.chrco.ca/hotels-resorts/;29280;1;0
Theloganhotel.com-0043-2015Redesign;en-US;https://www.google.com/;23201;1;0
Chrco.com-0107-2017Redesign;en-US;https://www.hao123.com/;29280;1;0
Washingtondukeinn.com-0024-2014Redesign;en-US;https://www.google.com/;4524;1;0
Samosetresort.com-0113-2017Redesign;en-US;http://www.camdenmainevacation.com/camden-golf.php;32541;1;0
Miravalspamonarchbeach.com-0109-2017Redesign;en-US;http://www.monarchbeachresort.com/miraval-spa-dana-point/;32984;1;0
Thecurtis.com-0079-2016Redesign;en-US;https://www.google.com/;17981;1;0
theweststreethotel.com-0115-2017Redesign;en-US;https://www.google.com/;36683;1;0
Secretharbourvi.com-0040-2015Redesign;en-US;https://www.google.com/;9231;1;0
Cocokeyorlando.com-0059-2015Redesign;en-US;https://www.google.com/;12394;1;0
Cocokeyorlando.com-0059-2015Redesign;en-US;https://www.google.com/;12394;1;0
Washingtoncourthotel.com-0076-2016Redesign;en-US;https://www.google.com/;17858;1;0
