Theharborsidehotel.com-0114-2017Redesign;en-US;http://www.barharborinfo.com/Places-to-Stay/Hotel.aspx;37571;1;0
Samosetresort.com-0113-2017Redesign;en-US;https://www.google.com/;32541;1;0
theweststreethotel.com-0115-2017Redesign;en-US;https://www.google.com/;37486;1;0
Edgewaternaples.com-0094-2016Redesign;en-US;http://www.google.com/;25239;1;0
Broadmoor.com-0073-2016Redesign;en-US;http://www.fodors.com/world/north-america/usa/experiences/news/photos/10-luxurious-log-cabins-across-the-us;16731;1;0
Edgewaternaples.com-0094-2016Redesign;en-US;http://www.google.com/;25239;1;0
Galthouse.com-0042-2015Redesign;en-US;https://www.google.com/;31905;1;0
Galthouse.com-0042-2015Redesign;en-US;https://www.google.com/;31905;1;0
Treasureislandbeachresort.com-0089-2016Redesign;en-US;https://www.google.com/;22169;1;0
Treasureislandbeachresort.com-0089-2016Redesign;en-US;https://www.google.com/;22169;1;0
Oxfordclubspa.com-0068-2016Redesign;en-US;https://www.google.com/;15599;1;0
Thesagamore.com-0112-2017Redesign;en-US;https://www.google.com/;33475;1;0
Broadmoor.com-0073-2016Redesign;en-US;https://www.google.com/;18013;1;0
Broadmoor.com-0073-2016Redesign;en-US;http://tpc.googlesyndication.com/safeframe/1-0-10/html/container.html;16728;1;0
Washingtoncourthotel.com-0076-2016Redesign;en-US;https://www.google.com/;17858;1;0
Thesagamore.com-0112-2017Redesign;en-US;https://www.google.com/;32339;1;0
Thesagamore.com-0112-2017Redesign;en-US;https://www.google.com/;32339;1;0
Thesagamore.com-0112-2017Redesign;en-US;https://www.google.com/;32339;1;0
theweststreethotel.com-0115-2017Redesign;en-US;https://www.google.com/;37486;1;0
Longboatkeyclub.com-0104-2017Redesign;en-US;http://www.baysider.com/frame/webcam/4120/;35641;1;0
Sandpearl.com-0091-2016Redesign;en-US;http://www.clearwaterbeach.com/hotels.php;22481;1;0
Opalsands.com-0084-2016Redesign;en-US;http://www.beachtourism.com/opalsandsresort/;20171;1;0
Opalsands.com-0084-2016Redesign;en-US;http://www.beachtourism.com/opalsandsresort/;20171;1;0
Broadmoor.com-0073-2016Redesign;en-US;http://m.facebook.com/;17344;1;0
Thelodgeatwoodloch.com-0033-2015Redesign;en-US;https://www.google.com/;7764;1;0
Broadmoor.com-0073-2016Redesign;en-US;http://login.nomadix.com:1111/web/portal.html;16724;1;0
Broadmoor.com-0073-2016Redesign;en-US;http://login.nomadix.com:1111/web/portal.html;16724;1;0
Casaybelresort.com-0002-2014Redesign;en-US;https://www.google.com/;1613;1;0
Halcyonhotelcherrycreek.com-0061-2015Redesign;en-US;https://bizlist.com.de/;22121;1;0
Halcyonhotelcherrycreek.com-0061-2015Redesign;en-US;https://bizlist.com.de/;22121;1;0
Broadmoor.com-0073-2016Redesign;en-US;https://www.google.com/;16721;1;0
Broadmoor.com-0073-2016Redesign;en-US;https://www.google.com/;16721;1;0
Theloganhotel.com-0043-2015Redesign;en-US;https://www.google.com/;20218;1;0
Broadmoor.com-0073-2016Redesign;en-US;https://www.google.com/;16768;1;0
Broadmoor.com-0073-2016Redesign;en-US;https://www.google.com/;16724;1;0
Cendyn.com-0095-2016Redesign;en-US;https://termoshop.com.ua/termosy;26640;1;0
Broadmoor.com-0073-2016Redesign;en-US;https://www.google.com/;16721;1;0
Cphollywoodbeach.com-0032-2015Redesign;en-US;https://www.sunny.org/webcam/;7831;1;0
Longboatkeyclub.com-0104-2017Redesign;en-US;https://www.google.com/;29749;1;0
Broadmoor.com-0073-2016Redesign;en-US;https://www.google.com/;18259;1;0
Casaybelresort.com-0002-2014Redesign;en-US;https://fixup.ua/zapchasti/zapchasti-dlja-telefonov/sensornye-ehkrany;1533;1;0
saddlebrook.com-0011-2014Redesign;en-US;http://www.google.com/;4538;1;0
Thesagamore.com-0112-2017Redesign;en-US;https://www.google.com/;33535;1;0
Longboatkeyclub.com-0104-2017Redesign;en-US;http://www.baysider.com/frame/webcam/4120/;35641;1;0
Longboatkeyclub.com-0104-2017Redesign;en-US;https://www.google.ca/;28317;1;0
Longboatkeyclub.com-0104-2017Redesign;en-US;http://www.baysider.com/frame/webcam/4120/;35641;1;0
Samosetresort.com-0113-2017Redesign;en-US;https://www.google.com/;32541;1;0
Broadmoor.com-0073-2016Redesign;en-US;https://www.google.com/;18259;1;0
Galthouse.com-0042-2015Redesign;en-US;http://m.facebook.com/;31905;1;0
Galthouse.com-0042-2015Redesign;en-US;http://m.facebook.com/;31905;1;0
Casaybelresort.com-0002-2014Redesign;en-US;https://www.google.com/;1613;1;0
Opalsands.com-0084-2016Redesign;en-US;https://www.google.com/;20171;1;0
Opalsands.com-0084-2016Redesign;en-US;https://www.google.com/;20171;1;0
Edgewaternaples.com-0094-2016Redesign;en-US;https://www.google.com/;25239;1;0
Broadmoor.com-0073-2016Redesign;en-US;http://tpc.googlesyndication.com/safeframe/1-0-10/html/container.html;16728;1;0
