Thelodgeatwoodloch.com-0033-2015Redesign;en-US;http://www.google.com/;9932;1;0
Monarchbeachresort.com-0092-2016Redesign;en-US;https://www.google.com/;22725;1;0
Luxehotels.com-0078-2016Redesign;en-US;https://www.google.ca/;18830;1;0
Halcyonhotelcherrycreek.com-0061-2015Redesign;en-US;https://uncrate.com/;22121;1;0
Cocokeyorlando.com-0059-2015Redesign;en-US;https://www.google.com/;12394;1;0
Cocokeyorlando.com-0059-2015Redesign;en-US;https://www.google.com/;12394;1;0
Lakeplacidlodge.com-0105-2017Redesign;en-US;https://www.google.com/;28545;1;0
Lakeplacidlodge.com-0105-2017Redesign;en-US;https://www.google.com/;28545;1;0
Opalsands.com-0084-2016Redesign;en-US;http://www.google.com/;20171;1;0
Opalsands.com-0084-2016Redesign;en-US;http://www.google.com/;20171;1;0
Theloganhotel.com-0043-2015Redesign;en-US;http://m.facebook.com/;20218;1;0
Washingtondukeinn.com-0024-2014Redesign;en-US;https://www.google.com/;4738;1;0
Opalsands.com-0084-2016Redesign;en-US;http://m.facebook.com/;21642;1;0
Galthouse.com-0042-2015Redesign;en-US;http://m.facebook.com/;31905;1;0
Broadmoor.com-0073-2016Redesign;en-US;http://login.nomadix.com:1111/web/portal.html;16724;1;0
Broadmoor.com-0073-2016Redesign;en-US;http://login.nomadix.com:1111/web/portal.html;16724;1;0
Galthouse.com-0042-2015Redesign;en-US;http://m.facebook.com/;31905;1;0
Broadmoor.com-0073-2016Redesign;en-US;http://login.nomadix.com:1111/web/portal.html;16724;1;0
Unionstationhotelnashville.com-0047-2015Redesign;en-US;https://www.google.com/;32226;1;0
Thesagamore.com-0112-2017Redesign;en-US;android-app://com.google.android.googlequicksearchbox/https/www.google.com;32339;1;0
theweststreethotel.com-0115-2017Redesign;en-US;https://www.google.com/;36683;1;0
Thesagamore.com-0112-2017Redesign;en-US;android-app://com.google.android.googlequicksearchbox/https/www.google.com;32339;1;0
Opalsands.com-0084-2016Redesign;en-US;http://m.facebook.com/;21642;1;0
Galthouse.com-0042-2015Redesign;en-US;android-app://com.google.android.gm/;10923;1;0
Broadmoor.com-0073-2016Redesign;en-US;https://www.google.com/;21231;1;0
Broadmoor.com-0073-2016Redesign;en-US;https://www.tripadvisor.com/Hotels-g33364-Colorado_Springs_El_Paso_County_Colorado-Hotels.html;17443;1;0
Renaissancepittsburghpa.com-0044-2015Redesign;en-US;https://www.google.com/;9637;1;0
Montaukyachtclub.com-0010-2014Redesign;en-US;https://www.google.com/;2381;1;0
Broadmoor.com-0073-2016Redesign;en-US;https://search.yahoo.com/search##SEMICOLONDELIMITER##_ylc=X3oDMTFiaHBhMnJmBF9TAzIwMjM1MzgwNzUEaXRjAzEEc2VjA3NyY2hfcWEEc2xrA3NyY2hhc3Q-;16721;1;0
Broadmoor.com-0073-2016Redesign;en-US;https://search.yahoo.com/search##SEMICOLONDELIMITER##_ylc=X3oDMTFiaHBhMnJmBF9TAzIwMjM1MzgwNzUEaXRjAzEEc2VjA3NyY2hfcWEEc2xrA3NyY2hhc3Q-;16721;1;0
Washingtondukeinn.com-0024-2014Redesign;en-US;https://www.google.com/;4741;1;0
Secretharbourvi.com-0040-2015Redesign;en-US;http://www.google.com/;9231;1;0
Thelodgeatwoodloch.com-0033-2015Redesign;en-US;http://www.google.com/;9932;1;0
Monarchbeachresort.com-0092-2016Redesign;en-US;https://www.google.com/;22725;1;0
Thelodgeatwoodloch.com-0033-2015Redesign;en-US;http://www.google.com/;9932;1;0
Thecrawfordhotel.com-0074-2016Redesign;en-US;http://unionstationindenver.com/stay/;17158;1;0
Theoxfordhotel.com-0062-2015Redesign;en-US;https://www.google.com/;14325;1;0
Broadmoor.com-0073-2016Redesign;en-US;https://www.google.com/;16742;1;0
Washingtoncourthotel.com-0076-2016Redesign;en-US;https://www.bing.com/;17858;1;0
Thesagamore.com-0112-2017Redesign;en-US;http://www.fodors.com/world/north-america/usa/experiences/news/photos/10-best-christmas-season-resorts;32346;1;0
Thesagamore.com-0112-2017Redesign;en-US;http://www.fodors.com/world/north-america/usa/experiences/news/photos/10-best-christmas-season-resorts;32346;1;0
wentworthcom00212014redesign;en-US;https://www.bing.com/;26679;1;0
Sandpearl.com-0091-2016Redesign;en-US;http://www.baidu.com/;22481;1;0
Sandpearl.com-0091-2016Redesign;en-US;http://www.baidu.com/;22481;1;0
Thesagamore.com-0112-2017Redesign;en-US;http://www.google.com/;32339;1;0
Opalsands.com-0084-2016Redesign;en-US;https://reservations.opalsands.com/opalsands/availability.asp;20792;1;0
Zotabeachresort.com-0090-2016Redesign;en-US;https://www.google.com/;23062;1;0
Zotabeachresort.com-0090-2016Redesign;en-US;https://www.google.com/;23062;1;0
