Edgewaternaples.com-0094-2016Redesign;en-US;https://www.google.com/;25239;1;0
Thesagamore.com-0112-2017Redesign;en-US;https://search.yahoo.com/;32339;1;0
Unionstationhotelnashville.com-0047-2015Redesign;en-US;https://www.google.com/;32226;1;0
Thesagamore.com-0112-2017Redesign;en-US;https://www.google.com/;32351;1;0
Galthouse.com-0042-2015Redesign;en-US;https://www.google.com/;31905;1;0
Opalsands.com-0084-2016Redesign;en-US;https://reservations.opalsands.com/opalsands/;23635;1;0
Napavalleymarriott.com-0071-2016Redesign;en-US;https://www.google.com/;16432;1;0
Sandylane.com-0075-2016Redesign;en-US;https://www.google.co.uk/;17611;1;0
Sandylane.com-0075-2016Redesign;en-US;https://www.google.co.uk/;17611;1;0
Sandylane.com-0075-2016Redesign;en-US;https://www.google.co.uk/;17611;1;0
Sandylane.com-0075-2016Redesign;en-US;https://www.google.co.uk/;17611;1;0
Sandylane.com-0075-2016Redesign;en-US;https://www.google.co.uk/;17611;1;0
Jupiterbeachresort.com-0103-2017Redesign;en-US;https://www.bing.com/;28158;1;0
Edgewaternaples.com-0094-2016Redesign;en-US;https://www.google.com/;25239;1;0
Thesagamore.com-0112-2017Redesign;en-US;https://www.google.com/;32339;1;0
Samosetresort.com-0113-2017Redesign;en-US;https://www.google.com/;32541;1;0
Luxehotels.com-0078-2016Redesign;en-US;https://www.bing.com/;18830;1;0
theweststreethotel.com-0115-2017Redesign;en-US;https://www.google.com/;37486;1;0
Monarchbeachresort.com-0092-2016Redesign;en-US;https://www.google.com/;22725;1;0
Monarchbeachresort.com-0092-2016Redesign;en-US;https://www.google.com/;22725;1;0
Theloganhotel.com-0043-2015Redesign;en-US;https://www.google.ca/;20218;1;0
Sandpearl.com-0091-2016Redesign;en-US;https://www.google.com/;22481;1;0
Broadmoor.com-0073-2016Redesign;en-US;https://www.google.com/;16721;1;0
Opalsands.com-0084-2016Redesign;en-US;https://www.google.com/;20171;1;0
Hospitalityupgrade.com-0093-2016Redesign;en-US;https://app.meltwater.com/search/edit/keywordSearch/2917207;25405;1;0
Theloganhotel.com-0043-2015Redesign;en-US;https://www.google.com/;20218;1;0
Cocokeyorlando.com-0059-2015Redesign;en-US;https://www.google.com/;12394;1;0
Theharborsidehotel.com-0114-2017Redesign;en-US;https://search.aol.com/aol/search;37571;1;0
Cocokeyorlando.com-0059-2015Redesign;en-US;https://www.google.com/;12394;1;0
Theharborsidehotel.com-0114-2017Redesign;en-US;https://r.search.yahoo.com/_ylt=A0LEVvudVrBZ9YcAbVsnnIlQ##SEMICOLONDELIMITER##_ylu=X3oDMTEyNmtyMG1nBGNvbG8DYmYxBHBvcwMxBHZ0aWQDQjQ0MjlfMQRzZWMDc3I-/RV=2/RE=1504757533/RO=10/RU=https%3a//www.theharborsidehotel.com//RK=1/RS=ukMrGaXuiJraq9oOzKL6znqYh5A-;37571;1;0
Broadmoor.com-0073-2016Redesign;en-US;https://www.google.com/;18010;1;0
saddlebrook.com-0011-2014Redesign;en-US;https://www.google.com/;3385;1;0
Casaybelresort.com-0002-2014Redesign;en-US;https://www.google.com/;1613;1;0
Broadmoor.com-0073-2016Redesign;en-US;https://www.bing.com/;17443;1;0
Broadmoor.com-0073-2016Redesign;en-US;https://www.google.com/;18259;1;0
Opalsands.com-0084-2016Redesign;en-US;https://www.google.com/;20171;1;0
Sandpearl.com-0091-2016Redesign;en-US;https://www.google.com/;22481;1;0
Chrco.com-0107-2017Redesign;en-US;https://www.google.com/;29280;1;0
Sandpearl.com-0091-2016Redesign;en-US;https://www.google.com/;22481;1;0
Thesagamore.com-0112-2017Redesign;en-US;https://www.google.com/;32339;1;0
Galthouse.com-0042-2015Redesign;en-US;https://www.google.com/;10924;1;0
Cocokeyorlando.com-0059-2015Redesign;en-US;https://www.google.co.uk/;12394;1;0
Broadmoor.com-0073-2016Redesign;en-US;https://www.google.com/;16728;1;0
Cocokeyorlando.com-0059-2015Redesign;en-US;https://www.google.co.uk/;12394;1;0
Hospitalityupgrade.com-0093-2016Redesign;en-US;https://www.google.com/;25405;1;0
Napavalleymarriott.com-0071-2016Redesign;en-US;https://www.google.com/;16432;1;0
Opalsands.com-0084-2016Redesign;en-US;https://www.google.com/;20887;1;0
Thesagamore.com-0112-2017Redesign;en-US;https://www.google.com/;32339;1;0
Broadmoor.com-0073-2016Redesign;en-US;https://www.google.com/;16728;1;0
Jupiterbeachresort.com-0103-2017Redesign;en-US;https://www.google.com.ph/;28158;1;0
Monarchbeachresort.com-0092-2016Redesign;en-US;https://www.google.com/;22785;1;0
Broadmoor.com-0073-2016Redesign;en-US;https://www.google.com/;21232;1;0
Theharborsidehotel.com-0114-2017Redesign;en-US;https://search.aol.com/aol/search;37571;1;0
Galthouse.com-0042-2015Redesign;en-US;https://www.google.com/;10570;1;0
Sandylane.com-0075-2016Redesign;en-US;https://www.google.co.uk/;17611;1;0
Galthouse.com-0042-2015Redesign;en-US;https://www.google.com/;31905;1;0
Thesagamore.com-0112-2017Redesign;en-US;https://www.bing.com/;32339;1;0
Samosetresort.com-0113-2017Redesign;en-US;http://www.ophotels.com/locator/;32541;1;0
Samosetresort.com-0113-2017Redesign;en-US;http://www.ophotels.com/locator/;32541;1;0
Thecrawfordhotel.com-0074-2016Redesign;en-US;https://www.google.com/;17257;1;0
Broadmoor.com-0073-2016Redesign;en-US;http://login.nomadix.com:1111/web/portal.html;16724;1;0
Cocokeyorlando.com-0059-2015Redesign;en-US;https://www.bing.com/;12394;1;0
Chrco.com-0107-2017Redesign;en-US;https://www.google.com/;29280;1;0
Thesagamore.com-0112-2017Redesign;en-US;https://www.bing.com/;32339;1;0
