Broadmoor.com-0073-2016Redesign;en-US;https://www.google.com/;16755;1;0
Opalsands.com-0084-2016Redesign;en-US;https://www.google.com/;20171;1;0
Broadmoor.com-0073-2016Redesign;en-US;http://m.facebook.com/;18014;1;0
saddlebrook.com-0011-2014Redesign;en-US;http://www.google.com/;3385;1;0
Cphollywoodbeach.com-0032-2015Redesign;en-US;https://l.facebook.com/;8282;1;0
Longboatkeyclub.com-0104-2017Redesign;en-US;http://www.baysider.com/frame/webcam/4120/;35641;1;0
Casaybelresort.com-0002-2014Redesign;en-US;https://www.google.com/;1533;1;0
wentworthcom00212014redesign;en-US;https://www.google.co.jp/;26679;1;0
Thelodgeatwoodloch.com-0033-2015Redesign;en-US;http://www.mainlinetoday.com/Main-Line-Today/February-2015/12-Getaways-for-Couples/;7764;1;0
Opalsands.com-0084-2016Redesign;en-US;http://www.beachtourism.com/opalsandsresort/;20171;1;0
Theharborsidehotel.com-0114-2017Redesign;en-US;https://www.google.com/;37571;1;0
Theharborsidehotel.com-0114-2017Redesign;en-US;https://www.google.com/;37571;1;0
Springhillsuitesdenver.com-0060-2015Redesign;en-US;https://www.google.com/;12333;1;0
Broadmoor.com-0073-2016Redesign;en-US;http://m.facebook.com/;16790;1;0
Galthouse.com-0042-2015Redesign;en-US;https://www.google.com/;31905;1;0
Miravalspamonarchbeach.com-0109-2017Redesign;en-US;http://www.monarchbeachresort.com/;31709;1;0
Galthouse.com-0042-2015Redesign;en-US;https://www.google.com/;31905;1;0
Broadmoor.com-0073-2016Redesign;en-US;http://m.facebook.com/;18014;1;0
wentworthcom00212014redesign;en-US;https://www.google.com/;4306;1;0
Broadmoor.com-0073-2016Redesign;en-US;https://www.google.com/;16721;1;0
Broadmoor.com-0073-2016Redesign;en-US;https://www.google.com/;16721;1;0
Casaybelresort.com-0002-2014Redesign;en-US;http://m.facebook.com/;1533;1;0
Edgewaternaples.com-0094-2016Redesign;en-US;https://www.bing.com/;25239;1;0
Broadmoor.com-0073-2016Redesign;en-US;http://www.gardenofthegodscolorado.com/four-amazing-hotels-near-garden-gods/;16721;1;0
Broadmoor.com-0073-2016Redesign;en-US;http://www.gardenofthegodscolorado.com/four-amazing-hotels-near-garden-gods/;16721;1;0
saddlebrook.com-0011-2014Redesign;en-US;http://www.google.com/;3385;1;0
Broadmoor.com-0073-2016Redesign;en-US;https://www.google.com/;16755;1;0
Broadmoor.com-0073-2016Redesign;en-US;http://login.nomadix.com:1111/web/portal.html;16724;1;0
Broadmoor.com-0073-2016Redesign;en-US;http://login.nomadix.com:1111/web/portal.html;16724;1;0
Broadmoor.com-0073-2016Redesign;en-US;http://www.google.com/;16721;1;0
Miravalspamonarchbeach.com-0109-2017Redesign;en-US;https://www.google.com/;31709;1;0
Broadmoor.com-0073-2016Redesign;en-US;http://login.nomadix.com:1111/web/portal.html;16724;1;0
saddlebrook.com-0011-2014Redesign;en-US;http://www.google.com/;3385;1;0
Longboatkeyclub.com-0104-2017Redesign;en-US;http://www.baysider.com/frame/webcam/4120/;35641;1;0
Samosetresort.com-0113-2017Redesign;en-US;https://www.google.com/;32541;1;0
Sandpearl.com-0091-2016Redesign;en-US;http://lm.facebook.com/l.php;22481;1;0
Sandpearl.com-0091-2016Redesign;en-US;http://lm.facebook.com/l.php;22481;1;0
Samosetresort.com-0113-2017Redesign;en-US;https://www.google.com/;32541;1;0
saddlebrook.com-0011-2014Redesign;en-US;https://www.google.com/;3385;1;0
Renaissancepittsburghpa.com-0044-2015Redesign;en-US;https://www.google.com/;9637;1;0
Cendyn.com-0095-2016Redesign;en-US;http://www.saddlebrook.com/;26640;1;0
Lidobeachresort.com-0106-2017Redesign;en-US;http://search.xfinity.com/;28666;1;0
Miravalspamonarchbeach.com-0109-2017Redesign;en-US;https://www.google.com/;31709;1;0
Thesagamore.com-0112-2017Redesign;en-US;https://www.google.com/;32339;1;0
Casaybelresort.com-0002-2014Redesign;en-US;http://m.facebook.com/;1533;1;0
