Theharborsidehotel.com-0114-2017Redesign;en-US;https://r.search.yahoo.com/_ylt=A9mSs2bJK7VZjb4Aw2BLBQx.##SEMICOLONDELIMITER##_ylu=X3oDMTByaW11dnNvBGNvbG8DaXIyBHBvcwMxBHZ0aWQDBHNlYwNzcg--/RV=2/RE=1505074249/RO=10/RU=https%3a//www.theharborsidehotel.com//RK=1/RS=NxVRDHD.m8Gv36K1SRij7W7MiD4-;37571;1;0
Cphollywoodbeach.com-0032-2015Redesign;en-US;https://www.google.com/;7831;1;0
Cphollywoodbeach.com-0032-2015Redesign;en-US;https://www.google.ca/;7831;1;0
Sandpearl.com-0091-2016Redesign;en-US;https://www.google.co.uk/;22481;1;0
Marriottkeylargo.com-0015-2014Redesign;en-US;http://surfinggator.com/florida-keys/live-cams/live-cams.html;3948;1;0
Sandpearl.com-0091-2016Redesign;en-US;https://www.google.co.uk/;22481;1;0
Cphollywoodbeach.com-0032-2015Redesign;en-US;https://www.google.com/;7831;1;0
Sandpearl.com-0091-2016Redesign;en-US;https://www.google.co.uk/;22481;1;0
Cphollywoodbeach.com-0032-2015Redesign;en-US;android-app://com.google.android.googlequicksearchbox/;7831;1;0
Edgewaternaples.com-0094-2016Redesign;en-US;android-app://com.google.android.googlequicksearchbox/https/www.google.com;25239;1;0
Cphollywoodbeach.com-0032-2015Redesign;en-US;https://www.google.com/;7831;1;0
Edgewaternaples.com-0094-2016Redesign;en-US;android-app://com.google.android.googlequicksearchbox/https/www.google.com;25239;1;0
Opalsands.com-0084-2016Redesign;en-US;https://www.google.com/;20561;1;0
Washingtondukeinn.com-0024-2014Redesign;en-US;https://www.google.com/;5165;1;0
Marriottkeylargo.com-0015-2014Redesign;en-US;https://www.google.com/;3964;1;0
Washingtondukeinn.com-0024-2014Redesign;en-US;https://www.google.com/;5165;1;0
Cphollywoodbeach.com-0032-2015Redesign;en-US;https://www.sunny.org/webcam/;7831;1;0
Cphollywoodbeach.com-0032-2015Redesign;en-US;https://www.google.co.uk/;7831;1;0
Cphollywoodbeach.com-0032-2015Redesign;en-US;https://www.google.com/;7831;1;0
Cphollywoodbeach.com-0032-2015Redesign;en-US;http://webcamplaza.net/continents/florida.html;7831;1;0
Lidobeachresort.com-0106-2017Redesign;en-US;https://www.google.com/;28667;1;0
Cphollywoodbeach.com-0032-2015Redesign;en-US;https://www.google.ca/;7831;1;0
Cphollywoodbeach.com-0032-2015Redesign;en-US;https://www.sunny.org/webcam/;7831;1;0
Cphollywoodbeach.com-0032-2015Redesign;en-US;https://www.google.ca/;7831;1;0
Casaybelresort.com-0002-2014Redesign;en-US;https://www.google.com/;1533;1;0
Cphollywoodbeach.com-0032-2015Redesign;en-US;https://www.sunny.org/webcam/;7831;1;0
Lidobeachresort.com-0106-2017Redesign;en-US;https://www.google.com/;28666;1;0
Cphollywoodbeach.com-0032-2015Redesign;en-US;https://www.google.com/;7831;1;0
Marriottkeylargo.com-0015-2014Redesign;en-US;http://surfinggator.com/florida-keys/live-cams/live-cams.html;3948;1;0
Marriottkeylargo.com-0015-2014Redesign;en-US;http://www.google.com/;3948;1;0
Marriottkeylargo.com-0015-2014Redesign;en-US;http://www.google.com/;3964;1;0
Cphollywoodbeach.com-0032-2015Redesign;en-US;https://www.sunny.org/webcam/;7831;1;0
Marriottkeylargo.com-0015-2014Redesign;en-US;http://www.beachcamsusa.com/fl/key-largo/key-largo-marriott-bay-resort-live-webcam;3948;1;0
Cphollywoodbeach.com-0032-2015Redesign;en-US;https://www.google.com/;7831;1;0
Marriottkeylargo.com-0015-2014Redesign;en-US;http://www.beachcamsusa.com/fl/key-largo/key-largo-marriott-bay-resort-live-webcam;3964;1;0
Cphollywoodbeach.com-0032-2015Redesign;en-US;https://www.sunny.org/webcam/;7831;1;0
Marriottkeylargo.com-0015-2014Redesign;en-US;http://surfinggator.com/florida-keys/live-cams/live-cams.html;3948;1;0
Casaybelresort.com-0002-2014Redesign;en-US;https://www.google.com/;1533;1;0
Cphollywoodbeach.com-0032-2015Redesign;en-US;https://www.google.com/;7831;1;0
Cphollywoodbeach.com-0032-2015Redesign;en-US;https://www.bing.com/;7831;1;0
Longboatkeyclub.com-0104-2017Redesign;en-US;https://worldcam.eu/webcams/north-america/florida-usa/15728;28317;1;0
Cphollywoodbeach.com-0032-2015Redesign;en-US;https://www.sunny.org/webcam/;7831;1;0
Casaybelresort.com-0002-2014Redesign;en-US;http://kierunekfloryda.com/kamery-online-na-florydzie/;1613;1;0
Renaissancepittsburghpa.com-0044-2015Redesign;en-US;https://www.google.com/;9637;1;0
Casaybelresort.com-0002-2014Redesign;en-US;https://www.google.co.uk/;1533;1;0
Cphollywoodbeach.com-0032-2015Redesign;en-US;https://www.google.ca/;7831;1;0
Marriottkeylargo.com-0015-2014Redesign;en-US;http://www.beachcamsusa.com/fl/key-largo/key-largo-marriott-bay-resort-live-webcam;3948;1;0
Marriottkeylargo.com-0015-2014Redesign;en-US;http://surfinggator.com/florida-keys/live-cams/live-cams.html;3948;1;0
Marriottkeylargo.com-0015-2014Redesign;en-US;http://surfinggator.com/florida-keys/live-cams/live-cams.html;3948;1;0
Marriottkeylargo.com-0015-2014Redesign;en-US;http://surfinggator.com/florida-keys/live-cams/live-cams.html;3964;1;0
Cphollywoodbeach.com-0032-2015Redesign;en-US;https://www.google.ca/;7805;1;0
Samosetresort.com-0113-2017Redesign;en-US;https://www.google.com/;32541;1;0
Samosetresort.com-0113-2017Redesign;en-US;https://www.google.com/;32541;1;0
Casaybelresort.com-0002-2014Redesign;en-US;https://www.google.com/;1613;1;0
Cphollywoodbeach.com-0032-2015Redesign;en-US;https://www.google.com/;7831;1;0
Opalsands.com-0084-2016Redesign;en-US;https://www.google.com/;40846;1;0
Casaybelresort.com-0002-2014Redesign;en-US;https://www.google.com/;1613;1;0
Cphollywoodbeach.com-0032-2015Redesign;en-US;https://www.google.ca/;7831;1;0
Cphollywoodbeach.com-0032-2015Redesign;en-US;https://www.sunny.org/webcam/;7831;1;0
saddlebrook.com-0011-2014Redesign;en-US;https://www.google.it/;3453;1;0
Marriottkeylargo.com-0015-2014Redesign;en-US;http://surfinggator.com/florida-keys/live-cams/live-cams.html;3948;1;0
Marriottkeylargo.com-0015-2014Redesign;en-US;http://surfinggator.com/florida-keys/live-cams/live-cams.html;3964;1;0
Cphollywoodbeach.com-0032-2015Redesign;en-US;https://www.sunny.org/webcam/;7831;1;0
Cphollywoodbeach.com-0032-2015Redesign;en-US;https://www.sunny.org/webcam/;7831;1;0
Broadmoor.com-0073-2016Redesign;en-US;https://www.google.com/;18259;1;0
Cphollywoodbeach.com-0032-2015Redesign;en-US;https://www.google.com/;7831;1;0
Longboatkeyclub.com-0104-2017Redesign;en-US;https://www.google.com/;28317;1;0
Casaybelresort.com-0002-2014Redesign;en-US;https://www.google.com/;1613;1;0
Marriottkeylargo.com-0015-2014Redesign;en-US;http://surfinggator.com/florida-keys/live-cams/live-cams.html;3964;1;0
Cphollywoodbeach.com-0032-2015Redesign;en-US;https://www.sunny.org/webcam/;7831;1;0
Theharborsidehotel.com-0114-2017Redesign;en-US;https://www.google.com/;37571;1;0
Theharborsidehotel.com-0114-2017Redesign;en-US;https://www.google.com/;37571;1;0
Casaybelresort.com-0002-2014Redesign;en-US;https://www.google.com/;1613;1;0
Cocokeyorlando.com-0059-2015Redesign;en-US;https://www.google.com/;12394;1;0
Marriottkeylargo.com-0015-2014Redesign;en-US;http://twooceansdigital.com/services/web-cams;3948;1;0
Marriottkeylargo.com-0015-2014Redesign;en-US;http://twooceansdigital.com/services/web-cams;3964;1;0
Cphollywoodbeach.com-0032-2015Redesign;en-US;https://www.sunny.org/webcam/;7831;1;0
Cphollywoodbeach.com-0032-2015Redesign;en-US;https://www.sunny.org/webcam/;7831;1;0
Casaybelresort.com-0002-2014Redesign;en-US;android-app://com.google.android.googlequicksearchbox/;1533;1;0
Thelodgeatwoodloch.com-0033-2015Redesign;en-US;http://www--thelodgeatwoodloch--com.rztrkr.com/hawley-packages/midweek-magic/;7771;1;0
Lidobeachresort.com-0106-2017Redesign;en-US;https://www.google.com/;28666;1;0
Cocokeyorlando.com-0059-2015Redesign;en-US;https://www.google.com/;12394;1;0
Broadmoor.com-0073-2016Redesign;en-US;http://tpc.googlesyndication.com/safeframe/1-0-10/html/container.html;16728;1;0
Cphollywoodbeach.com-0032-2015Redesign;en-US;https://search.yahoo.com/;7831;1;0
Cphollywoodbeach.com-0032-2015Redesign;en-US;https://www.google.ca/;7831;1;0
Cphollywoodbeach.com-0032-2015Redesign;en-US;https://www.google.ca/;7831;1;0
Theharborsidehotel.com-0114-2017Redesign;en-US;https://www.google.com/;37571;1;0
Cphollywoodbeach.com-0032-2015Redesign;en-US;https://www.google.com.ar/;7831;1;0
Theharborsidehotel.com-0114-2017Redesign;en-US;https://www.google.com/;37571;1;0
Marriottkeylargo.com-0015-2014Redesign;en-US;http://www.floridakeyswebcams.tv/marriottkeylargobay/;3948;1;0
Cphollywoodbeach.com-0032-2015Redesign;en-US;https://www.google.com/;7831;1;0
Cphollywoodbeach.com-0032-2015Redesign;en-US;https://www.sunny.org/webcam/;7831;1;0
