Broadmoor.com-0073-2016Redesign;en-US;https://www.google.com/;16765;1;0
Cphollywoodbeach.com-0032-2015Redesign;en-US;https://www.google.co.uk/;7831;1;0
Broadmoor.com-0073-2016Redesign;en-US;http://login.nomadix.com:1111/web/portal.html;16724;1;0
theweststreethotel.com-0115-2017Redesign;en-US;https://www.google.ca/;37486;1;0
Broadmoor.com-0073-2016Redesign;en-US;https://www.google.com/;18259;1;0
Theloganhotel.com-0043-2015Redesign;en-US;http://www.phillymag.com/shoppist/2016/01/31/sexy-hotels-philly/;20218;1;0
Zotabeachresort.com-0090-2016Redesign;en-US;https://www.google.com/;22357;1;0
Thesagamore.com-0112-2017Redesign;en-US;https://www.google.com/;32339;1;0
Lidobeachresort.com-0106-2017Redesign;en-US;https://www.google.com/;28666;1;0
Samosetresort.com-0113-2017Redesign;en-US;http://search.findwide.com/serp;35287;1;0
Broadmoor.com-0073-2016Redesign;en-US;https://www.google.com/;16721;1;0
Thesagamore.com-0112-2017Redesign;en-US;https://www.google.com/;32348;1;0
Lidobeachresort.com-0106-2017Redesign;en-US;https://www.google.com/;28666;1;0
Lidobeachresort.com-0106-2017Redesign;en-US;https://www.google.com/;28666;1;0
wentworthcom00212014redesign;en-US;https://www.google.com/;26679;1;0
Monarchbeachresort.com-0092-2016Redesign;en-US;http://m.facebook.com/;22992;1;0
Broadmoor.com-0073-2016Redesign;en-US;http://login.nomadix.com:1111/web/portal.html;16724;1;0
Thecurtis.com-0079-2016Redesign;en-US;https://www.google.com/;17981;1;0
Broadmoor.com-0073-2016Redesign;en-US;http://login.nomadix.com:1111/web/portal.html;16724;1;0
Halcyonhotelcherrycreek.com-0061-2015Redesign;en-US;https://uncrate.com/shelter/;22121;1;0
Halcyonhotelcherrycreek.com-0061-2015Redesign;en-US;https://www.google.com/;22121;1;0
Lakeplacidlodge.com-0105-2017Redesign;en-US;https://www.google.com/;32794;1;0
Lidobeachresort.com-0106-2017Redesign;en-US;https://www.google.com/;28666;1;0
Casaybelresort.com-0002-2014Redesign;en-US;https://www.google.com/;1533;1;0
Broadmoor.com-0073-2016Redesign;en-US;https://www.google.com/;16724;1;0
Renaissancepittsburghpa.com-0044-2015Redesign;en-US;https://www.google.com/;9637;1;0
wentworthcom00212014redesign;en-US;https://www.google.com/;26679;1;0
Theharborsidehotel.com-0114-2017Redesign;en-US;https://www.google.com/;37571;1;0
Theharborsidehotel.com-0114-2017Redesign;en-US;https://www.google.com/;37571;1;0
Jupiterbeachresort.com-0103-2017Redesign;en-US;https://www.google.com/;28158;1;0
Thesagamore.com-0112-2017Redesign;en-US;https://www.google.com/;32339;1;0
Lidobeachresort.com-0106-2017Redesign;en-US;https://www.google.com/;28673;1;0
Thesagamore.com-0112-2017Redesign;en-US;http://m.facebook.com/;32339;1;0
Secretharbourvi.com-0040-2015Redesign;en-US;https://www.google.com/;9231;1;0
Montaukyachtclub.com-0010-2014Redesign;en-US;https://www.google.com/;2240;1;0
saddlebrook.com-0011-2014Redesign;en-US;https://www.google.com/;3463;1;0
Galthouse.com-0042-2015Redesign;en-US;https://s0.2mdn.net/ads/richmedia/studio/pv2/60042160/20170110091718066/index.html;10923;1;0
Cphollywoodbeach.com-0032-2015Redesign;en-US;http://www.beachcamsusa.com/fl/hollywood/crowne-plaza-webcam-from-hollywood-fl;7831;1;0
Broadmoor.com-0073-2016Redesign;en-US;https://www.google.com/;16764;1;0
Broadmoor.com-0073-2016Redesign;en-US;https://www.google.com/;16738;1;0
Renaissancepittsburghpa.com-0044-2015Redesign;en-US;http://pittsburgh.cbslocal.com/top-lists/best-luxury-hotels-in-pittsburgh/;9637;1;0
Zotabeachresort.com-0090-2016Redesign;en-US;https://www.google.com/;22357;1;0
Broadmoor.com-0073-2016Redesign;en-US;https://www.google.com/;16738;1;0
Monarchbeachresort.com-0092-2016Redesign;en-US;http://m.facebook.com/;26800;1;0
Secretharbourvi.com-0040-2015Redesign;en-US;https://www.google.com/;9231;1;0
Halcyonhotelcherrycreek.com-0061-2015Redesign;en-US;https://www.denver.org/media/recent-news/;22121;1;0
Miravalspamonarchbeach.com-0109-2017Redesign;en-US;https://l.facebook.com/;33601;1;0
Broadmoor.com-0073-2016Redesign;en-US;https://www.google.com/;16790;1;0
Miravalspamonarchbeach.com-0109-2017Redesign;en-US;http://www.monarchbeachresort.com/;31709;1;0
