Thesagamore.com-0112-2017Redesign;en-US;https://www.google.com/;32339;1;0
Miravalspamonarchbeach.com-0109-2017Redesign;en-US;http://www.miravalresorts.com/plan-your-stay/packages-specials/mind-and-body/;31709;1;0
saddlebrook.com-0011-2014Redesign;en-US;https://www.google.ca/;3630;1;0
Thelodgeatwoodloch.com-0033-2015Redesign;en-US;https://www.google.com/;7764;1;0
Miravalspamonarchbeach.com-0109-2017Redesign;en-US;http://www.monarchbeachresort.com/miraval-spa-dana-point/;32984;1;0
Opalsands.com-0084-2016Redesign;en-US;https://www.google.com/;20171;1;0
Opalsands.com-0084-2016Redesign;en-US;https://www.google.com/;20171;1;0
Theloganhotel.com-0043-2015Redesign;en-US;https://www.google.com/;20218;1;0
Washingtondukeinn.com-0024-2014Redesign;en-US;https://www.google.com/;4740;1;0
Marriottkeylargo.com-0015-2014Redesign;en-US;http://www.fla-keys.com/webcams/marriott-key-largo-bay/;3948;1;0
Marriottkeylargo.com-0015-2014Redesign;en-US;http://www.fla-keys.com/webcams/marriott-key-largo-bay/;3964;1;0
saddlebrook.com-0011-2014Redesign;en-US;https://www.google.com/;3385;1;0
Cphollywoodbeach.com-0032-2015Redesign;en-US;https://www.google.com/;7831;1;0
Broadmoor.com-0073-2016Redesign;en-US;http://m.facebook.com/;18013;1;0
Luxehotels.com-0078-2016Redesign;en-US;https://www.google.ca/;18833;1;0
Samosetresort.com-0113-2017Redesign;en-US;https://www.google.com/;32541;1;0
Luxehotels.com-0078-2016Redesign;en-US;android-app://com.google.android.googlequicksearchbox/;19307;1;0
Sandylane.com-0075-2016Redesign;en-US;https://www.google.co.uk/;17899;1;0
Washingtondukeinn.com-0024-2014Redesign;en-US;http://www.google.com/;4524;1;0
Broadmoor.com-0073-2016Redesign;en-US;https://www.google.com/;16728;1;0
Longboatkeyclub.com-0104-2017Redesign;en-US;https://www.bing.com/;35641;1;0
Thelodgeatwoodloch.com-0033-2015Redesign;en-US;https://www.google.com/;13611;1;0
Cphollywoodbeach.com-0032-2015Redesign;en-US;https://www.google.com/;7831;1;0
Sandylane.com-0075-2016Redesign;en-US;https://www.google.co.uk/;17611;1;0
Broadmoor.com-0073-2016Redesign;en-US;https://search.yahoo.com/;16721;1;0
Cocokeyorlando.com-0059-2015Redesign;en-US;https://s.yimg.com/rq/darla/3-0-1/html/r-sf.html/5438945205511609424/;40344;1;0
Thelodgeatwoodloch.com-0033-2015Redesign;en-US;https://www.google.com/;7764;1;0
Broadmoor.com-0073-2016Redesign;en-US;https://www.google.com/;17253;1;0
Renaissancepittsburghpa.com-0044-2015Redesign;en-US;https://www.google.com/;9637;1;0
Sandylane.com-0075-2016Redesign;en-US;https://www.google.co.uk/;17712;1;0
Broadmoor.com-0073-2016Redesign;en-US;http://login.nomadix.com:1111/web/portal.html;16724;1;0
Broadmoor.com-0073-2016Redesign;en-US;https://www.google.com/;16721;1;0
Broadmoor.com-0073-2016Redesign;en-US;https://www.google.com/;16721;1;0
Broadmoor.com-0073-2016Redesign;en-US;http://login.nomadix.com:1111/web/portal.html;16724;1;0
Renaissancepittsburghpa.com-0044-2015Redesign;en-US;https://www.google.com/;10040;1;0
saddlebrook.com-0011-2014Redesign;en-US;https://www.google.ca/;3385;1;0
Thelodgeatwoodloch.com-0033-2015Redesign;en-US;https://www.google.com/;40347;1;0
Thesagamore.com-0112-2017Redesign;en-US;https://www.bing.com/;32339;1;0
Theloganhotel.com-0043-2015Redesign;en-US;https://www.google.com/;20218;1;0
Halcyonhotelcherrycreek.com-0061-2015Redesign;en-US;https://www.google.com/;22121;1;0
Halcyonhotelcherrycreek.com-0061-2015Redesign;en-US;https://www.google.com/;23287;1;0
Halcyonhotelcherrycreek.com-0061-2015Redesign;en-US;https://www.google.com/;22121;1;0
Washingtoncourthotel.com-0076-2016Redesign;en-US;https://www.google.com/;17858;1;0
Sandylane.com-0075-2016Redesign;en-US;https://www.google.co.uk/;17685;1;0
Thesagamore.com-0112-2017Redesign;en-US;https://www.google.com/;32339;1;0
Broadmoor.com-0073-2016Redesign;en-US;http://login.nomadix.com:1111/web/portal.html;16724;1;0
Broadmoor.com-0073-2016Redesign;en-US;http://login.nomadix.com:1111/web/portal.html;16724;1;0
