Theharborsidehotel.com-0114-2017Redesign;en-US;https://www.google.com/;37571;1;0
Theharborsidehotel.com-0114-2017Redesign;en-US;https://www.google.com/;37571;1;0
Broadmoor.com-0073-2016Redesign;en-US;https://www.google.com/;16765;1;0
Chrco.com-0107-2017Redesign;en-US;https://www.google.ca/;29280;1;0
Broadmoor.com-0073-2016Redesign;en-US;https://www.google.com/;18259;1;0
Broadmoor.com-0073-2016Redesign;en-US;android-app://com.google.android.googlequicksearchbox/;18259;1;0
Galthouse.com-0042-2015Redesign;en-US;https://s0.2mdn.net/ads/richmedia/studio/pv2/60042160/20170110091718066/index.html;10923;1;0
Sandpearl.com-0091-2016Redesign;en-US;https://www.google.com/;22481;1;0
Renaissancepittsburghpa.com-0044-2015Redesign;en-US;https://www.google.com/;9637;1;0
Sandpearl.com-0091-2016Redesign;en-US;https://www.google.com/;22481;1;0
Cocokeyorlando.com-0059-2015Redesign;en-US;https://www.google.ca/;12394;1;0
Marriottkeylargo.com-0015-2014Redesign;en-US;https://www.google.com/;3948;1;0
Cphollywoodbeach.com-0032-2015Redesign;en-US;https://www.google.com/;7831;1;0
Broadmoor.com-0073-2016Redesign;en-US;http://tpc.googlesyndication.com/safeframe/1-0-10/html/container.html;16728;1;0
Cphollywoodbeach.com-0032-2015Redesign;en-US;https://www.sunny.org/webcam/;7831;1;0
Sandylane.com-0075-2016Redesign;en-US;https://www.google.com/;17611;1;0
Hospitalityupgrade.com-0093-2016Redesign;en-US;http://www.guestcentric.com/;22790;1;0
Bellemontfarm.com-0007-2013Redesign;en-US;http://www.google.us/search;11497;1;0
Lakeplacidlodge.com-0105-2017Redesign;en-US;https://www.google.com/;32794;1;0
Casaybelresort.com-0002-2014Redesign;en-US;https://www.google.com/;1533;1;0
Cocokeyorlando.com-0059-2015Redesign;en-US;https://www.google.com/;12410;1;0
Bellemontfarm.com-0007-2013Redesign;en-US;http://www.google.us/search;11497;1;0
Opalsands.com-0084-2016Redesign;en-US;https://www.google.com/;20171;1;0
Halcyonhotelcherrycreek.com-0061-2015Redesign;en-US;https://www.google.com/;23287;1;0
Cocokeyorlando.com-0059-2015Redesign;en-US;https://r.search.yahoo.com/_ylt=A0SO8wL9fLhZdKMALGJXNyoA##SEMICOLONDELIMITER##_ylu=X3oDMTEyaTVhcm9nBGNvbG8DZ3ExBHBvcwMxBHZ0aWQDQjM5MTlfMQRzZWMDc3I-/RV=2/RE=1505291645/RO=10/RU=https%3a//www.cocokeyorlando.com//RK=1/RS=BOU.R6ijq1Pq5lhCPdKtmtRdQ1A-;12394;1;0
Opalsands.com-0084-2016Redesign;en-US;http://dvervmoskvu.ru/;20796;1;0
Springhillsuitesdenver.com-0060-2015Redesign;en-US;https://www.google.com/;12307;1;0
Hospitalityupgrade.com-0093-2016Redesign;en-US;http://www.guestcentric.com/;22790;1;0
Opalsands.com-0084-2016Redesign;en-US;http://dvervmoskvu.ru/;20796;1;0
Opalsands.com-0084-2016Redesign;en-US;http://dvervmoskvu.ru/;20796;1;0
Lidobeachresort.com-0106-2017Redesign;en-US;https://www.google.com/;28666;1;0
Thesagamore.com-0112-2017Redesign;en-US;https://www.google.com/;32339;1;0
Thecurtis.com-0079-2016Redesign;en-US;http://www.google.com/;17981;1;0
Theharborsidehotel.com-0114-2017Redesign;en-US;https://www.google.com/;37608;1;0
Thesagamore.com-0112-2017Redesign;en-US;https://www.google.ca/;32339;1;0
Theharborsidehotel.com-0114-2017Redesign;en-US;https://www.google.com/;37571;1;0
Thesagamore.com-0112-2017Redesign;en-US;https://www.google.ca/;32339;1;0
Theharborsidehotel.com-0114-2017Redesign;en-US;https://www.google.com/;37571;1;0
Springhillsuitesdenver.com-0060-2015Redesign;en-US;https://www.google.com/;12307;1;0
Jbdukehotel.com-0086-2016Redesign;en-US;https://www.google.com/;21948;1;0
Broadmoor.com-0073-2016Redesign;en-US;http://login.nomadix.com:1111/web/portal.html;16724;1;0
Lidobeachresort.com-0106-2017Redesign;en-US;https://www.google.com/;28666;1;0
Lidobeachresort.com-0106-2017Redesign;en-US;https://www.google.com/;28666;1;0
Broadmoor.com-0073-2016Redesign;en-US;http://login.nomadix.com:1111/web/portal.html;16724;1;0
Marriottkeylargo.com-0015-2014Redesign;en-US;https://www.google.com/;3948;1;0
Sandpearl.com-0091-2016Redesign;en-US;http://www.google.com/;22481;1;0
Sandpearl.com-0091-2016Redesign;en-US;http://www.google.com/;22481;1;0
Thecurtis.com-0079-2016Redesign;en-US;https://www.google.com/;17981;1;0
Broadmoor.com-0073-2016Redesign;en-US;http://m.facebook.com/;18014;1;0
Lakeplacidlodge.com-0105-2017Redesign;en-US;https://www.google.com/;28545;1;0
Broadmoor.com-0073-2016Redesign;en-US;https://www.google.com/;16769;1;0
Broadmoor.com-0073-2016Redesign;en-US;https://www.google.com/;16769;1;0
Sandylane.com-0075-2016Redesign;en-US;https://www.google.com/;17611;1;0
