Thesagamore.com-0112-2017Redesign;en-US;https://www.google.com/;33471;1;0
Longboatkeyclub.com-0104-2017Redesign;en-US;https://www.worldcam.pl/kamery/ameryka-polnocna/floryda-usa/15728;28317;1;0
Cphollywoodbeach.com-0032-2015Redesign;en-US;https://www.google.com.ar/;7805;1;0
wentworthcom00212014redesign;en-US;http://www.ophotels.com/locator/;26679;1;0
Marriottdelraybeach.com-0009-2014Redesign;en-US;http://www.ophotels.com/locator/;2829;1;0
Marriottkeylargo.com-0015-2014Redesign;en-US;http://www.ophotels.com/locator/;3948;1;0
Broadmoor.com-0073-2016Redesign;en-US;https://www.google.com/;16721;1;0
Luxehotels.com-0078-2016Redesign;en-US;https://www.google.com/;18833;1;0
Broadmoor.com-0073-2016Redesign;en-US;https://www.google.com/;16721;1;0
Lidobeachresort.com-0106-2017Redesign;en-US;https://www.google.com/;28714;1;0
Galthouse.com-0042-2015Redesign;en-US;https://www.google.com/;31905;1;0
Galthouse.com-0042-2015Redesign;en-US;https://www.google.com/;31905;1;0
Thesagamore.com-0112-2017Redesign;en-US;https://www.google.com/;32339;1;0
Thesagamore.com-0112-2017Redesign;en-US;https://www.google.com/;32339;1;0
Galthouse.com-0042-2015Redesign;en-US;http://www.kentuckytourism.com/holidays/events.aspx;31905;1;0
saddlebrook.com-0011-2014Redesign;en-US;https://www.google.com/;3385;1;0
Montaukyachtclub.com-0010-2014Redesign;en-US;https://www.bing.com/;2386;1;0
Edgewaternaples.com-0094-2016Redesign;en-US;https://www.google.com/;25239;1;0
Edgewaternaples.com-0094-2016Redesign;en-US;https://www.google.com/;25239;1;0
Edgewaternaples.com-0094-2016Redesign;en-US;https://www.google.com/;25239;1;0
Casaybelresort.com-0002-2014Redesign;en-US;https://www.bing.com/;1533;1;0
Theoxfordhotel.com-0062-2015Redesign;en-US;https://www.google.com/;14331;1;0
Broadmoor.com-0073-2016Redesign;en-US;http://tpc.googlesyndication.com/safeframe/1-0-10/html/container.html;16728;1;0
Sandpearl.com-0091-2016Redesign;en-US;http://esurvey.templates.cendyn.com/eSurvey_OceanProperties/eSurvey_Sandpearl/Thank_You_Page/ThankYou.asp;22481;1;0
Sandpearl.com-0091-2016Redesign;en-US;http://esurvey.templates.cendyn.com/eSurvey_OceanProperties/eSurvey_Sandpearl/Thank_You_Page/ThankYou.asp;22481;1;0
