Saddlebrookprep.com-0022-2014Transfer;en-US;http://www.google.com.au/;3914;1;0
Cphollywoodbeach.com-0032-2015Redesign;en-US;https://www.google.com/;7831;1;0
Cphollywoodbeach.com-0032-2015Redesign;en-US;https://www.google.ca/;7831;1;0
Opalsands.com-0084-2016Redesign;en-US;http://www.beachtourism.com/opalsandsresort/;20171;1;0
Cocokeyorlando.com-0059-2015Redesign;en-US;https://www.google.com/;12394;1;0
Cphollywoodbeach.com-0032-2015Redesign;en-US;http://r.search.yahoo.com/_ylt=A0LEV1dmrbVZGAYAD0HBGOd_##SEMICOLONDELIMITER##_ylu=X3oDMTEzcWYwOXRxBGNvbG8DYmYxBHBvcwM5BHZ0aWQDVFBSREMwXzEEc2VjA3Ny/RV=2/RE=1505107430/RO=10/RU=http%3a//www.cphollywoodbeach.com/gallery/web-cam//RK=1/RS=kLoe3Sq4aVtgal0gzaQKd4S.TWc-;7831;1;0
Casaybelresort.com-0002-2014Redesign;en-US;http://www.google.com/;1533;1;0
Casaybelresort.com-0002-2014Redesign;en-US;https://www.google.com/;1533;1;0
Casaybelresort.com-0002-2014Redesign;en-US;https://www.google.com/;1613;1;0
Cphollywoodbeach.com-0032-2015Redesign;en-US;https://www.google.com/;7831;1;0
Washingtondukeinn.com-0024-2014Redesign;en-US;https://search.yahoo.com/;4756;1;0
Edgewaternaples.com-0094-2016Redesign;en-US;https://r.search.yahoo.com/_ylt=A9mSs2DprbVZY6sAtimA3YlQ##SEMICOLONDELIMITER##_ylu=X3oDMTEyY3BzM2QxBGNvbG8DaXIyBHBvcwMxBHZ0aWQDQjM5OTRfMQRzZWMDc3I-/RV=2/RE=1505107562/RO=10/RU=https%3a//www.edgewaternaples.com//RK=1/RS=iEOXM3s3TlgyC_PNRqJA_MOE4bM-;25239;1;0
Washingtoncourthotel.com-0076-2016Redesign;en-US;https://www.google.com/;17858;1;0
Broadmoor.com-0073-2016Redesign;en-US;http://www.google.com/;18259;1;0
saddlebrook.com-0011-2014Redesign;en-US;http://m.facebook.com/;3452;1;0
Miravalspamonarchbeach.com-0109-2017Redesign;en-US;http://www.monarchbeachresort.com/experiences/activities/monarch-beach/;33978;1;0
Broadmoor.com-0073-2016Redesign;en-US;http://www.google.com/;16721;1;0
Beverlyhillsresidenceinn.com-0087-2016Redesign;en-US;https://www.google.com/;20999;1;0
Thesagamore.com-0112-2017Redesign;en-US;http://www.lakegeorge.com/business/sagamore-670/;32339;1;0
Thesagamore.com-0112-2017Redesign;en-US;http://www.lakegeorge.com/business/sagamore-670/;32339;1;0
Thecurtis.com-0079-2016Redesign;en-US;https://www.google.com/;18823;1;0
Thesagamore.com-0112-2017Redesign;en-US;https://www.google.com/;32339;1;0
Opalsands.com-0084-2016Redesign;en-US;http://www.beachtourism.com/opalsandsresort/;20171;1;0
Thesagamore.com-0112-2017Redesign;en-US;https://www.google.com/;32339;1;0
Casaybelresort.com-0002-2014Redesign;en-US;https://www.google.com/;1613;1;0
Sandylane.com-0075-2016Redesign;en-US;https://www.google.com/;17611;1;0
Broadmoor.com-0073-2016Redesign;en-US;https://www.google.com/;18259;1;0
Casaybelresort.com-0002-2014Redesign;en-US;https://www.google.com/;1613;1;0
Marriottkeylargo.com-0015-2014Redesign;en-US;http://surfinggator.com/florida-keys/live-cams/live-cams.html;3948;1;0
Lidobeachresort.com-0106-2017Redesign;en-US;http://m.facebook.com/;28667;1;0
Galthouse.com-0042-2015Redesign;en-US;http://m.facebook.com/;31905;1;0
Lidobeachresort.com-0106-2017Redesign;en-US;http://m.facebook.com/;28667;1;0
Galthouse.com-0042-2015Redesign;en-US;http://m.facebook.com/;31905;1;0
Thesagamore.com-0112-2017Redesign;en-US;http://www.newsday.com/travel/weekend-getaways-near-new-york-city-1.5299723;32339;1;0
Thesagamore.com-0112-2017Redesign;en-US;http://www.newsday.com/travel/weekend-getaways-near-new-york-city-1.5299723;32339;1;0
Minnetonkamarriott.com-0039-2015Redesign;en-US;http://irkutsk.zrus.org/;8817;1;0
Edgewaternaples.com-0094-2016Redesign;en-US;https://www.google.com/;25239;1;0
Minnetonkamarriott.com-0039-2015Redesign;en-US;http://irkutsk.zrus.org/;8817;1;0
wentworthcom00212014redesign;en-US;https://search.yahoo.com/;26679;1;0
Broadmoor.com-0073-2016Redesign;en-US;https://www.google.com/;18010;1;0
Edgewaternaples.com-0094-2016Redesign;en-US;https://www.google.com.ar/;25239;1;0
Cphollywoodbeach.com-0032-2015Redesign;en-US;https://www.sunny.org/webcam/;7831;1;0
Longboatkeyclub.com-0104-2017Redesign;en-US;https://www.google.com/;28364;1;0
Longboatkeyclub.com-0104-2017Redesign;en-US;https://www.google.com/;28364;1;0
Cphollywoodbeach.com-0032-2015Redesign;en-US;https://www.sunny.org/webcam/;7831;1;0
Longboatkeyclub.com-0104-2017Redesign;en-US;https://www.google.com/;28317;1;0
Beverlyhillsresidenceinn.com-0087-2016Redesign;en-US;http://kaliningrad.zrus.org/;20999;1;0
Thesagamore.com-0112-2017Redesign;en-US;https://www.google.com/;32340;1;0
Sandylane.com-0075-2016Redesign;en-US;http://m.facebook.com/;17745;1;0
Broadmoor.com-0073-2016Redesign;en-US;https://www.bing.com/;22720;1;0
Casaybelresort.com-0002-2014Redesign;en-US;https://www.google.com/;1613;1;0
Napavalleymarriott.com-0071-2016Redesign;en-US;https://www.google.com/;16432;1;0
Theoxfordhotel.com-0062-2015Redesign;en-US;http://den-80202-5400.localdomain:8000/;14325;1;0
Cphollywoodbeach.com-0032-2015Redesign;en-US;https://www.sunny.org/webcam/;7831;1;0
shop.broadmoor.com-0096-2016ShoppingCart;en-US;https://www.broadmoor.com/activities/retail/;26973;1;0
Casaybelresort.com-0002-2014Redesign;en-US;https://www.google.com/;1533;1;0
Broadmoor.com-0073-2016Redesign;en-US;https://www.google.com/;18259;1;0
Delraysandsresort.com-0097-2016Redesign;en-US;https://www.google.com/;27232;1;0
Broadmoor.com-0073-2016Redesign;en-US;http://tpc.googlesyndication.com/safeframe/1-0-10/html/container.html;16728;1;0
Broadmoor.com-0073-2016Redesign;en-US;https://www.google.com/;16721;1;0
Broadmoor.com-0073-2016Redesign;en-US;http://login.nomadix.com:1111/web/portal.html;16724;1;0
Broadmoor.com-0073-2016Redesign;en-US;https://www.google.com/;16721;1;0
Glencovemansion.com-0058-2015Redesign;en-US;https://www.google.hn/;13328;1;0
Broadmoor.com-0073-2016Redesign;en-US;http://login.nomadix.com:1111/web/portal.html;16724;1;0
Casaybelresort.com-0002-2014Redesign;en-US;https://www.google.com/;1613;1;0
Cphollywoodbeach.com-0032-2015Redesign;en-US;https://www.sunny.org/webcam/;7831;1;0
Glencovemansion.com-0058-2015Redesign;en-US;https://www.google.hn/;13328;1;0
Opalsands.com-0084-2016Redesign;en-US;https://www.google.com/;40846;1;0
Longboatkeyclub.com-0104-2017Redesign;en-US;http://www.baysider.com/Webcams/United_States/Longboat_Key/Longboat_Key_Club_Lagoon_View/;35641;1;0
Cphollywoodbeach.com-0032-2015Redesign;en-US;https://www.google.com/;7805;1;0
Monarchbeachresort.com-0092-2016Redesign;en-US;https://www.google.com/;22725;1;0
Oxfordclubspa.com-0068-2016Redesign;en-US;http://m.facebook.com/;15568;1;0
Longboatkeyclub.com-0104-2017Redesign;en-US;http://www.google.co.uk/;28317;1;0
Longboatkeyclub.com-0104-2017Redesign;en-US;https://www.google.com/;28316;1;0
Beverlyhillsresidenceinn.com-0087-2016Redesign;en-US;http://kaliningrad.zrus.org/;20999;1;0
Thelodgeatwoodloch.com-0033-2015Redesign;en-US;https://www.poconomountains.com/listings/the-lodge-at-woodloch/1319/;7764;1;0
Cphollywoodbeach.com-0032-2015Redesign;en-US;https://www.google.com/;7831;1;0
Casaybelresort.com-0002-2014Redesign;en-US;https://www.google.com/;1613;1;0
Marriottkeylargo.com-0015-2014Redesign;en-US;http://www.beachcamsusa.com/fl/key-largo/key-largo-marriott-bay-resort-live-webcam;3948;1;0
Cphollywoodbeach.com-0032-2015Redesign;en-US;http://www.beachcamsusa.com/fl/hollywood/crowne-plaza-webcam-from-hollywood-fl;7831;1;0
Marriottkeylargo.com-0015-2014Redesign;en-US;http://www.beachcamsusa.com/fl/key-largo/key-largo-marriott-bay-resort-live-webcam;3964;1;0
Longboatkeyclub.com-0104-2017Redesign;en-US;https://worldcam.eu/webcams/north-america/florida-usa/15728;28317;1;0
Cphollywoodbeach.com-0032-2015Redesign;en-US;https://www.google.com/;7831;1;0
Broadmoor.com-0073-2016Redesign;en-US;http://login.nomadix.com:1111/web/portal.html;16724;1;0
Broadmoor.com-0073-2016Redesign;en-US;https://www.google.com/;16721;1;0
Bellemontfarm.com-0007-2013Redesign;en-US;https://www.google.co.uk/;1990;1;0
Broadmoor.com-0073-2016Redesign;en-US;http://login.nomadix.com:1111/web/portal.html;16724;1;0
Monarchbeachresort.com-0092-2016Redesign;en-US;http://r.search.yahoo.com/_ylt=A0SO81IUrrVZFLsAEMZXNyoA##SEMICOLONDELIMITER##_ylu=X3oDMTEyOWw5Y3RzBGNvbG8DZ3ExBHBvcwMxBHZ0aWQDQjQyMTRfMQRzZWMDc2M-/RV=2/RE=1505107605/RO=10/RU=http%3a//www.monarchbeachresort.com//RK=1/RS=T91sN9gNWG0y53mRACxo3rLjF0M-;22725;1;0
wentworthcom00212014redesign;en-US;https://www.google.com/;4306;1;0
Broadmoor.com-0073-2016Redesign;en-US;https://www.google.com/;16721;1;0
