Casaybelresort.com-0002-2014Redesign;en-US;https://www.bing.com/;1533;1;0
Lidobeachresort.com-0106-2017Redesign;en-US;android-app://com.google.android.googlequicksearchbox/;29823;1;0
Thelodgeatwoodloch.com-0033-2015Redesign;en-US;https://www.google.com/;7764;1;0
Cphollywoodbeach.com-0032-2015Redesign;en-US;https://www.sunny.org/webcam/;7831;1;0
Longboatkeyclub.com-0104-2017Redesign;en-US;https://de.worldcam.eu/webcams/north-america/florida-usa/15728;28317;1;0
Galthouse.com-0042-2015Redesign;en-US;https://www.google.co.uk/;31905;1;0
Galthouse.com-0042-2015Redesign;en-US;https://www.google.co.uk/;31905;1;0
Springhillsuitesdenver.com-0060-2015Redesign;en-US;https://www.google.com/;12307;1;0
Cphollywoodbeach.com-0032-2015Redesign;en-US;https://www.sunny.org/webcam/;7831;1;0
Bellemontfarm.com-0007-2013Redesign;en-US;http://www.thebucketlistfamily.com/;11497;1;0
Cphollywoodbeach.com-0032-2015Redesign;en-US;https://www.sunny.org/webcam/;7831;1;0
shop.broadmoor.com-0096-2016ShoppingCart;en-US;https://www.broadmoor.com/;27350;1;0
Thelodgeatwoodloch.com-0033-2015Redesign;en-US;https://www.google.com/;7764;1;0
Sandpearl.com-0091-2016Redesign;en-US;https://www.google.com/;22481;1;0
Edgewaternaples.com-0094-2016Redesign;en-US;https://www.google.es/;25239;1;0
Cphollywoodbeach.com-0032-2015Redesign;en-US;https://www.sunny.org/webcam/;7831;1;0
Edgewaternaples.com-0094-2016Redesign;en-US;https://www.google.es/;25239;1;0
Cocokeyorlando.com-0059-2015Redesign;en-US;https://res.windsurfercrs.com/ibe/index.aspx;12394;1;0
Thesagamore.com-0112-2017Redesign;en-US;https://www.bing.com/;32339;1;0
Thesagamore.com-0112-2017Redesign;en-US;http://www.cnn.com/travel/article/adirondacks-historic-lodges/index.html;32339;1;0
Galthouse.com-0042-2015Redesign;en-US;https://search.yahoo.com/;10564;1;0
Thesagamore.com-0112-2017Redesign;en-US;http://www.cnn.com/travel/article/adirondacks-historic-lodges/index.html;32339;1;0
Jbdukehotel.com-0086-2016Redesign;en-US;https://www.google.com/;21918;1;0
Monarchbeachresort.com-0092-2016Redesign;en-US;https://www.google.ch/;22725;1;0
Theoxfordhotel.com-0062-2015Redesign;en-US;https://propalliance.com/;14346;1;0
Lidobeachresort.com-0106-2017Redesign;en-US;https://www.google.com/;28666;1;0
Thecrawfordhotel.com-0074-2016Redesign;en-US;https://www.google.com/;17667;1;0
Jbdukehotel.com-0086-2016Redesign;en-US;https://www.google.com/;21918;1;0
Longboatkeyclub.com-0104-2017Redesign;en-US;https://www.google.co.uk/;28316;1;0
Cphollywoodbeach.com-0032-2015Redesign;en-US;https://www.sunny.org/webcam/;7831;1;0
Sandpearl.com-0091-2016Redesign;en-US;https://www.google.com/;22488;1;0
Broadmoor.com-0073-2016Redesign;en-US;https://r.search.yahoo.com/_ylt=A0LEVwk0KrdZZawAlCNx.9w4##SEMICOLONDELIMITER##_ylu=X3oDMTByOHZyb21tBGNvbG8DYmYxBHBvcwMxBHZ0aWQDBHNlYwNzcg--/RV=2/RE=1505204917/RO=10/RU=https%3a//www.broadmoor.com/dining/la-taverne//RK=1/RS=dUo7NE3lZRd7fP3yVFFHXwb98PI-;16766;1;0
Samosetresort.com-0113-2017Redesign;en-US;https://www.google.com/;32554;1;0
Treasureislandbeachresort.com-0089-2016Redesign;en-US;https://www.google.com/;22169;1;0
Treasureislandbeachresort.com-0089-2016Redesign;en-US;https://www.google.com/;22169;1;0
Broadmoor.com-0073-2016Redesign;en-US;https://www.google.com/;18259;1;0
Edgewaternaples.com-0094-2016Redesign;en-US;https://l.facebook.com/;25239;1;0
Edgewaternaples.com-0094-2016Redesign;en-US;https://l.facebook.com/;25239;1;0
Sandylane.com-0075-2016Redesign;en-US;https://www.google.com/;17611;1;0
Galthouse.com-0042-2015Redesign;en-US;https://www.google.com/;31905;1;0
Galthouse.com-0042-2015Redesign;en-US;https://www.google.com/;31905;1;0
Thecrawfordhotel.com-0074-2016Redesign;en-US;http://unionstationindenver.com/stay/;17667;1;0
Broadmoor.com-0073-2016Redesign;en-US;https://www.google.com/;18259;1;0
Opalsands.com-0084-2016Redesign;en-US;https://www.google.ch/;20171;1;0
Unionstationhotelnashville.com-0047-2015Redesign;en-US;https://www.google.nl/;32226;1;0
Casaybelresort.com-0002-2014Redesign;en-US;http://r.search.yahoo.com/_ylt=A0LEVr9PSrlZvwMA1c8PxQt.##SEMICOLONDELIMITER##_ylu=X3oDMTByNXM5bzY5BGNvbG8DYmYxBHBvcwMzBHZ0aWQDBHNlYwNzcg--/RV=2/RE=1505344207/RO=10/RU=http%3a//www.casaybelresort.com//RK=1/RS=zhGGTb62rK4wTAuy5IrpnQc9eIs-;1533;1;0
Theharborsidehotel.com-0114-2017Redesign;en-US;https://www.google.com/;37571;1;0
Theharborsidehotel.com-0114-2017Redesign;en-US;https://www.google.com/;37571;1;0
Luxehotels.com-0078-2016Redesign;en-US;https://www.google.com/;18833;1;0
