Lakeplacidlodge.com-0105-2017Redesign;en-US;https://www.google.com/;28545;1;0
Broadmoor.com-0073-2016Redesign;en-US;http://tpc.googlesyndication.com/safeframe/1-0-10/html/container.html;16728;1;0
Lakeplacidlodge.com-0105-2017Redesign;en-US;https://www.google.com/;28545;1;0
Cphollywoodbeach.com-0032-2015Redesign;en-US;https://www.sunny.org/webcam/;7831;1;0
Cphollywoodbeach.com-0032-2015Redesign;en-US;https://www.sunny.org/webcam/;7831;1;0
Marriottkeylargo.com-0015-2014Redesign;en-US;http://www.fla-keys.com/webcams/marriott-key-largo-bay/;3948;1;0
Broadmoor.com-0073-2016Redesign;en-US;https://s0.2mdn.net/ads/richmedia/studio/pv2/60318341/20170823124914815/index.html;18014;1;0
Marriottkeylargo.com-0015-2014Redesign;en-US;http://surfinggator.com/florida-keys/live-cams/live-cams.html;3948;1;0
Cphollywoodbeach.com-0032-2015Redesign;en-US;https://search.yahoo.com/;7831;1;0
Cendyn.com-0095-2016Redesign;en-US;http://www.prnewswire.com/news-releases/hospitality-software-leader-cendyn-hires-three-key-executives-in-response-to-rapid-global-expansion-300351041.html;26640;1;0
Marriottkeylargo.com-0015-2014Redesign;en-US;http://surfinggator.com/florida-keys/live-cams/live-cams.html;3948;1;0
Cphollywoodbeach.com-0032-2015Redesign;en-US;https://www.google.com/;7831;1;0
Hospitalityupgrade.com-0093-2016Redesign;en-US;https://www.google.co.jp/;37631;1;0
Casaybelresort.com-0002-2014Redesign;en-US;http://r.search.yahoo.com/_ylt=AwrBT4OL0rRZPA8ANfZXNyoA##SEMICOLONDELIMITER##_ylu=X3oDMTEybzdwMGZnBGNvbG8DYmYxBHBvcwM1BHZ0aWQDQjQwNzlfMQRzZWMDc3I-/RV=2/RE=1505051403/RO=10/RU=http%3a//www.casaybelresort.com/web-cam//RK=1/RS=425fU..3CQlPkEnJRb8jBI3D0MU-;1613;1;0
Marriottkeylargo.com-0015-2014Redesign;en-US;http://surfinggator.com/florida-keys/live-cams/live-cams.html;3948;1;0
Napavalleymarriott.com-0071-2016Redesign;en-US;https://www.google.com/;18286;1;0
Cphollywoodbeach.com-0032-2015Redesign;en-US;https://www.sunny.org/webcam/;7831;1;0
Luxehotels.com-0078-2016Redesign;en-US;https://www.google.com/;18833;1;0
Beverlyhillsresidenceinn.com-0087-2016Redesign;en-US;https://www.google.com/;20999;1;0
Marriottkeylargo.com-0015-2014Redesign;en-US;http://www.beachcamsusa.com/fl/key-largo/key-largo-marriott-bay-resort-live-webcam;3948;1;0
Marriottkeylargo.com-0015-2014Redesign;en-US;http://www.beachcamsusa.com/fl/key-largo/key-largo-marriott-bay-resort-live-webcam;3964;1;0
