Marriottkeylargo.com-0015-2014Redesign;en-US;http://www.ophotels.com/locator/;3948;1;0
wentworthcom00212014redesign;en-US;http://www.ophotels.com/locator/;26679;1;0
Delraysandsresort.com-0097-2016Redesign;en-US;http://www.ophotels.com/locator/;27232;1;0
Marriottkeylargo.com-0015-2014Redesign;en-US;http://www.ophotels.com/locator/;3964;1;0
wentworthcom00212014redesign;en-US;http://www.ophotels.com/locator/;4259;1;0
Lakeplacidlodge.com-0105-2017Redesign;en-US;http://www.ophotels.com/locator/;28545;1;0
Samosetresort.com-0113-2017Redesign;en-US;http://www.ophotels.com/locator/;32541;1;0
Jupiterbeachresort.com-0103-2017Redesign;en-US;http://www.ophotels.com/locator/;28158;1;0
Lidobeachresort.com-0106-2017Redesign;en-US;http://www.ophotels.com/locator/;28666;1;0
Thesagamore.com-0112-2017Redesign;en-US;http://www.ophotels.com/locator/;32339;1;0
Longboatkeyclub.com-0104-2017Redesign;en-US;http://www.ophotels.com/locator/;35641;1;0
theweststreethotel.com-0115-2017Redesign;en-US;http://www.ophotels.com/locator/;36683;1;0
Samosetresort.com-0113-2017Redesign;en-US;http://www.ophotels.com/locator/;32541;1;0
Theharborsidehotel.com-0114-2017Redesign;en-US;http://www.ophotels.com/locator/;37571;1;0
Broadmoor.com-0073-2016Redesign;en-US;https://www.google.com/;16721;1;0
Lakeplacidlodge.com-0105-2017Redesign;en-US;http://www.lakeplacid.com/do/dining/maggies-pub;28545;1;0
Broadmoor.com-0073-2016Redesign;en-US;https://www.google.com/;16721;1;0
Longboatkeyclub.com-0104-2017Redesign;en-US;https://www.google.com/;28316;1;0
Broadmoor.com-0073-2016Redesign;en-US;android-app://com.google.android.googlequicksearchbox/;18259;1;0
Broadmoor.com-0073-2016Redesign;en-US;https://www.google.com/;16728;1;0
Marriottkeylargo.com-0015-2014Redesign;en-US;http://surfinggator.com/florida-keys/live-cams/live-cams.html;3948;1;0
Broadmoor.com-0073-2016Redesign;en-US;http://login.nomadix.com:1111/web/portal.html;16724;1;0
Lakeplacidlodge.com-0105-2017Redesign;en-US;https://duckduckgo.com/;28545;1;0
Broadmoor.com-0073-2016Redesign;en-US;http://login.nomadix.com:1111/web/portal.html;16724;1;0
Lidobeachresort.com-0106-2017Redesign;en-US;https://www.google.com/;28666;1;0
saddlebrook.com-0011-2014Redesign;en-US;https://www.google.com/;3385;1;0
Lakeplacidlodge.com-0105-2017Redesign;en-US;https://www.google.com/;28545;1;0
Broadmoor.com-0073-2016Redesign;en-US;https://www.google.com/;16721;1;0
Cocokeyorlando.com-0059-2015Redesign;en-US;https://www.google.com/;12394;1;0
Theharborsidehotel.com-0114-2017Redesign;en-US;https://www.google.com/;37941;1;0
Edgewaternaples.com-0094-2016Redesign;en-US;https://www.google.ca/;25239;1;0
Monarchbeachresort.com-0092-2016Redesign;en-US;https://www.google.com/;22725;1;0
Edgewaternaples.com-0094-2016Redesign;en-US;https://www.google.ca/;25239;1;0
Edgewaternaples.com-0094-2016Redesign;en-US;https://www.google.ca/;25239;1;0
Broadmoor.com-0073-2016Redesign;en-US;http://login.nomadix.com:1111/web/portal.html;16724;1;0
Broadmoor.com-0073-2016Redesign;en-US;http://login.nomadix.com:1111/web/portal.html;16724;1;0
Washingtoncourthotel.com-0076-2016Redesign;en-US;https://www.bing.com/;17858;1;0
Broadmoor.com-0073-2016Redesign;en-US;https://mail.broadmoor.com/owa/redir.aspx;17445;1;0
Theharborsidehotel.com-0114-2017Redesign;en-US;https://www.google.com/;37571;1;0
Theharborsidehotel.com-0114-2017Redesign;en-US;https://www.google.com/;37571;1;0
Delraysandsresort.com-0097-2016Redesign;en-US;https://www.google.com/;27239;1;0
Sandylane.com-0075-2016Redesign;en-US;https://www.google.com/;17611;1;0
Broadmoor.com-0073-2016Redesign;en-US;http://r.search.yahoo.com/_ylt=AwrBT7pjqrFZs4IADhBXNyoA##SEMICOLONDELIMITER##_ylu=X3oDMTEyaXIwNGV1BGNvbG8DYmYxBHBvcwMxBHZ0aWQDQjQ1MTRfMQRzZWMDc2M-/RV=2/RE=1504844515/RO=10/RU=http%3a//www.broadmoor.com//RK=1/RS=XlmZeSX2tNSNEUx7cCPxm3TCLZU-;16721;1;0
Theharborsidehotel.com-0114-2017Redesign;en-US;https://www.google.com/;37571;1;0
Broadmoor.com-0073-2016Redesign;en-US;https://www.google.com/;21232;1;0
Broadmoor.com-0073-2016Redesign;en-US;https://www.google.com/;16721;1;0
Broadmoor.com-0073-2016Redesign;en-US;http://betweenusparents.com/;18259;1;0
Miravalspamonarchbeach.com-0109-2017Redesign;en-US;http://www.monarchbeachresort.com/;31709;1;0
Broadmoor.com-0073-2016Redesign;en-US;http://login.nomadix.com:1111/web/portal.html;16724;1;0
Broadmoor.com-0073-2016Redesign;en-US;http://login.nomadix.com:1111/web/portal.html;16724;1;0
Edgewaternaples.com-0094-2016Redesign;en-US;https://s0.2mdn.net/ads/richmedia/studio/pv2/60192413/20170510101111774/index.html;25287;1;0
Lidobeachresort.com-0106-2017Redesign;en-US;http://www.fodors.com/world/north-america/usa/florida/the-tampa-bay-area/hotels/reviews/lido-beach-resort-43795;28666;1;0
Lidobeachresort.com-0106-2017Redesign;en-US;http://www.fodors.com/world/north-america/usa/florida/the-tampa-bay-area/hotels/reviews/lido-beach-resort-43795;28666;1;0
Broadmoor.com-0073-2016Redesign;en-US;http://tpc.googlesyndication.com/safeframe/1-0-10/html/container.html;16728;1;0
Monarchbeachresort.com-0092-2016Redesign;en-US;https://www.google.com/;22725;1;0
Monarchbeachresort.com-0092-2016Redesign;en-US;https://www.google.com/;22725;1;0
Broadmoor.com-0073-2016Redesign;en-US;http://m.facebook.com/;18014;1;0
Montaukyachtclub.com-0010-2014Redesign;en-US;https://www.google.com/;2381;1;0
Galthouse.com-0042-2015Redesign;en-US;http://www.gardensmart.tv/pages.php;31905;1;0
Galthouse.com-0042-2015Redesign;en-US;http://www.gardensmart.tv/pages.php;31905;1;0
Renaissancepittsburghpa.com-0044-2015Redesign;en-US;https://www.google.com/;9637;1;0
Thesagamore.com-0112-2017Redesign;en-US;https://search.yahoo.com/;32339;1;0
wentworthcom00212014redesign;en-US;https://www.google.com/;4298;1;0
