Laxembassy.com-0008-2014Redesign;en-US;https://www.google.com/;2037;1;0
Cphollywoodbeach.com-0032-2015Redesign;en-US;android-app://com.google.android.googlequicksearchbox/;7831;1;0
Theoxfordhotel.com-0062-2015Redesign;en-US;http://den-80202-5400.localdomain:444/captiveportal_process_payment.php;14325;1;0
Residenceinnlax.com-0026-2014Redesign;en-US;https://www.google.com/;5494;1;0
Opalsands.com-0084-2016Redesign;en-US;https://www.google.com/;20171;1;0
Thecurtis.com-0079-2016Redesign;en-US;https://www.google.com/;17981;1;0
Broadmoor.com-0073-2016Redesign;en-US;https://www.google.com/;16761;1;0
Sandpearl.com-0091-2016Redesign;en-US;https://www.google.com/;22481;1;0
Sandpearl.com-0091-2016Redesign;en-US;https://www.google.com/;22481;1;0
Broadmoor.com-0073-2016Redesign;en-US;https://www.google.com/;16721;1;0
Broadmoor.com-0073-2016Redesign;en-US;https://www.google.com/;16721;1;0
Casaybelresort.com-0002-2014Redesign;en-US;http://surfinggator.com/fort-myers/cams/cams.html;1613;1;0
Montaukyachtclub.com-0010-2014Redesign;en-US;http://m.facebook.com/;2240;1;0
Miravalspamonarchbeach.com-0109-2017Redesign;en-US;http://www.monarchbeachresort.com/;31709;1;0
Broadmoor.com-0073-2016Redesign;en-US;https://www.google.com.ph/;16761;1;0
Broadmoor.com-0073-2016Redesign;en-US;https://www.google.com.ph/;16761;1;0
Broadmoor.com-0073-2016Redesign;en-US;https://tpc.googlesyndication.com/safeframe/1-0-10/html/container.html;16728;1;0
Casaybelresort.com-0002-2014Redesign;en-US;https://www.google.de/;1613;1;0
Abbingtonbanquets.com-0070-2016Redesign;en-US;https://www.google.com/;15789;1;0
Broadmoor.com-0073-2016Redesign;en-US;https://r.search.yahoo.com/cbclk2/dWU9MTkyQzg2NkQzODg5NDJBNCZ1dD0xNTA1MTA0NzI2MDAwJnVvPTE1MzE5ODM1NTg1Jmx0PTImZXM9WW84REdROEdQU196OUxQWSZqZT0xOTE1Mjk3OC05NmFiLTExZTctYTBkZS05N2YxZmIwN2EyNGUtN2ZiY2YyYjk0NzAwJnVpPTk5LjE1Ny45OC4yMCZqdD0xNTA1MTA0NzI2MjQ3JnBwPW4x/RV=2/RE=1505133526/RO=10/RU=https%3a//35001278.r.bat.bing.com/%3fld%3dd3mZESj4fVGMsC0oWOH4vR5DVUCUzIoLcWd_JT57umDTqm9rn-u4Q-qMdngQv7lF26n5E29-I1tkpyNjVt6mMLa9bTM4mj_5U_hKfHHRAewt_KVJSwF5BVA2UM9gj0WmfyxSCGGwL7S4At9If2fpHjQliLkvDRsWXdZyjqiVFY6CVNWC7w%26u%3dhttp%253a%252f%252fclickserve.dartsearch.net%252flink%252fclick%253flid%253d43700016115541598%2526ds_s_kwgid%253d58700002054496142%2526ds_e_adid%253d15319835585%2526ds_url_v%253d2/RK=1/RS=jwVbJ4PHYyLFyZ3UHQBfWByXsqA-##SEMICOLONDELIMITER##_ylt=A0LEVy1WE7ZZQk4AEaJXNyoA##SEMICOLONDELIMITER##_ylu=X3oDMTB2c2lzOGFwBGNvbG8DYmYxBHBvcwMxBHZ0aWQDBHNlYwNvdi10b3A-##SEMICOLONDELIMITER##_ylc=X3IDMgRydAMx;22720;1;0
