Broadmoor.com-0073-2016Redesign;en-US;https://www.google.com/;16764;1;0
Courtyardportlandcitycenter.com-0063-2015Redesign;en-US;https://www.google.com/;14545;1;0
Casaybelresort.com-0002-2014Redesign;en-US;https://www.google.com/;1613;1;0
Broadmoor.com-0073-2016Redesign;en-US;https://www.google.com/;16793;1;0
Broadmoor.com-0073-2016Redesign;en-US;https://www.google.com/;18259;1;0
Broadmoor.com-0073-2016Redesign;en-US;https://www.google.com/;16769;1;0
Renaissancepittsburghpa.com-0044-2015Redesign;en-US;https://www.google.com/;9637;1;0
Cocokeyorlando.com-0059-2015Redesign;en-US;https://www.google.com/;12394;1;0
Cphollywoodbeach.com-0032-2015Redesign;en-US;https://www.sunny.org/webcam/;7831;1;0
Halcyonhotelcherrycreek.com-0061-2015Redesign;en-US;https://www.google.co.uk/;22121;1;0
Broadmoor.com-0073-2016Redesign;en-US;https://www.google.com/;16751;1;0
Broadmoor.com-0073-2016Redesign;en-US;android-app://com.google.android.googlequicksearchbox/;22159;1;0
Cphollywoodbeach.com-0032-2015Redesign;en-US;https://www.bing.com/;7831;1;0
Theoxfordhotel.com-0062-2015Redesign;en-US;https://www.google.com/;14325;1;0
Monarchbeachresort.com-0092-2016Redesign;en-US;https://www.google.com/;22865;1;0
Monarchbeachresort.com-0092-2016Redesign;en-US;http://m.facebook.com/;26800;1;0
Longboatkeyclub.com-0104-2017Redesign;en-US;https://www.google.com/;28316;1;0
Lakeplacidlodge.com-0105-2017Redesign;en-US;https://www.google.com/;32795;1;0
Broadmoor.com-0073-2016Redesign;en-US;https://www.google.com/;16722;1;0
Napavalleymarriott.com-0071-2016Redesign;en-US;https://www.google.com/;16432;1;0
Renaissancepittsburghpa.com-0044-2015Redesign;en-US;https://www.google.com/;9685;1;0
Longboatkeyclub.com-0104-2017Redesign;en-US;https://www.google.com/;28316;1;0
Cphollywoodbeach.com-0032-2015Redesign;en-US;android-app://com.google.android.googlequicksearchbox/;7831;1;0
Broadmoor.com-0073-2016Redesign;en-US;http://www.colorado.com/;16790;1;0
Broadmoor.com-0073-2016Redesign;en-US;http://www.colorado.com/;16790;1;0
Sandpearl.com-0091-2016Redesign;en-US;http://www.baidu.com/;22481;1;0
Sandpearl.com-0091-2016Redesign;en-US;http://www.baidu.com/;22481;1;0
Casaybelresort.com-0002-2014Redesign;en-US;https://www.google.com/;1613;1;0
Thesagamore.com-0112-2017Redesign;en-US;https://na28.salesforce.com/;32339;1;0
Samosetresort.com-0113-2017Redesign;en-US;https://www.google.com/;32554;1;0
Halcyonhotelcherrycreek.com-0061-2015Redesign;en-US;https://www.google.com/;22121;1;0
