Cphollywoodbeach.com-0032-2015Redesign;en-US;http://www.webcamplaza.net/continents/florida.html;7831;1;0
Cphollywoodbeach.com-0032-2015Redesign;en-US;https://www.google.ca/;7831;1;0
Broadmoor.com-0073-2016Redesign;en-US;http://tpc.googlesyndication.com/safeframe/1-0-10/html/container.html;16728;1;0
Cphollywoodbeach.com-0032-2015Redesign;en-US;https://www.bing.com/;7831;1;0
Marriottkeylargo.com-0015-2014Redesign;en-US;http://twooceansdigital.com/services/web-cams;3948;1;0
Opalsands.com-0084-2016Redesign;en-US;https://www.google.se/;20171;1;0
Opalsands.com-0084-2016Redesign;en-US;https://www.google.se/;20171;1;0
saddlebrook.com-0011-2014Redesign;en-US;https://www.google.com/;3385;1;0
Cphollywoodbeach.com-0032-2015Redesign;en-US;https://www.sunny.org/webcam/;7831;1;0
Marriottkeylargo.com-0015-2014Redesign;en-US;http://www.beachcamsusa.com/fl/key-largo/key-largo-marriott-bay-resort-live-webcam;3948;1;0
Marriottkeylargo.com-0015-2014Redesign;en-US;http://www.beachcamsusa.com/fl/key-largo/key-largo-marriott-bay-resort-live-webcam;3964;1;0
Casaybelresort.com-0002-2014Redesign;en-US;http://r.search.yahoo.com/_ylt=AwrBT9QmGbVZbCcAVwVx.9w4##SEMICOLONDELIMITER##_ylu=X3oDMTByOHZyb21tBGNvbG8DYmYxBHBvcwMxBHZ0aWQDBHNlYwNzcg--/RV=2/RE=1505069478/RO=10/RU=http%3a//www.casaybelresort.com/web-cam//RK=1/RS=mS_0aCugOcdYrUQZr.KTYsA2Ugg-;1613;1;0
Cphollywoodbeach.com-0032-2015Redesign;en-US;https://www.sunny.org/webcam/;7831;1;0
Broadmoor.com-0073-2016Redesign;en-US;https://tpc.googlesyndication.com/safeframe/1-0-10/html/container.html;16728;1;0
Thelodgeatwoodloch.com-0033-2015Redesign;en-US;https://search.yahoo.com/yhs/search##SEMICOLONDELIMITER##_ylt=A0LEVvPlGLVZ2mcAxdwPxQt.##SEMICOLONDELIMITER##_ylc=X1MDMjExNDcwMDU1OQRfcgMyBGZyA3locy1hZGstYWRrX3NibnQEZ3ByaWQDdkVpWlNSRGtRU0dLUjR4VUVjb2swQQRuX3JzbHQDMARuX3N1Z2cDOQRvcmlnaW4Dc2VhcmNoLnlhaG9vLmNvbQRwb3MDMgRwcXN0cgN3b29kbG9jaCBwaW5lcwRwcXN0cmwDMTQEcXN0cmwDMzcEcXVlcnkDd29vZGxvY2glMjBwaW5lcyUyMHNwYSUyMGFuZCUyMHJlc29ydAR0X3N0bXADMTUwNTA0MDY4NgR1c2VfY2FzZQM-;8268;1;0
Cphollywoodbeach.com-0032-2015Redesign;en-US;https://www.google.com.uy/;7831;1;0
Secretharbourvi.com-0040-2015Redesign;en-US;http://l.facebook.com/l.php;9231;1;0
Longboatkeyclub.com-0104-2017Redesign;en-US;https://worldcam.eu/webcams/north-america/florida-usa/15728;28317;1;0
Marriottkeylargo.com-0015-2014Redesign;en-US;http://www.fla-keys.com/webcams/marriott-key-largo-bay/;3964;1;0
Cphollywoodbeach.com-0032-2015Redesign;en-US;https://www.google.dk/;7831;1;0
Casaybelresort.com-0002-2014Redesign;en-US;http://surfinggator.com/fort-myers/cams/cams.html;1613;1;0
Casaybelresort.com-0002-2014Redesign;en-US;http://board.bestofsanibelcaptiva.com/viewtopic.php;1613;1;0
Zotabeachresort.com-0090-2016Redesign;en-US;http://tpc.googlesyndication.com/safeframe/1-0-10/html/container.html;22357;1;0
Cphollywoodbeach.com-0032-2015Redesign;en-US;https://www.sunny.org/webcam/;7831;1;0
Zotabeachresort.com-0090-2016Redesign;en-US;http://tpc.googlesyndication.com/safeframe/1-0-10/html/container.html;22357;1;0
Cphollywoodbeach.com-0032-2015Redesign;en-US;https://www.google.com/;7831;1;0
Opalsands.com-0084-2016Redesign;en-US;https://www.google.com/;40846;1;0
Casaybelresort.com-0002-2014Redesign;en-US;http://surfinggator.com/fort-myers/cams/cams.html;1613;1;0
Broadmoor.com-0073-2016Redesign;en-US;http://tpc.googlesyndication.com/safeframe/1-0-10/html/container.html;16728;1;0
Thesagamore.com-0112-2017Redesign;en-US;https://www.google.com/;32339;1;0
Marriottkeylargo.com-0015-2014Redesign;en-US;http://surfinggator.com/florida-keys/live-cams/live-cams.html;3948;1;0
Marriottkeylargo.com-0015-2014Redesign;en-US;http://www.beachcamsusa.com/fl/key-largo/key-largo-marriott-bay-resort-live-webcam;3948;1;0
Marriottkeylargo.com-0015-2014Redesign;en-US;http://www.beachcamsusa.com/fl/key-largo/key-largo-marriott-bay-resort-live-webcam;3964;1;0
Opalsands.com-0084-2016Redesign;en-US;http://www.beachtourism.com/opalsandsresort/;20171;1;0
