Luxehotels.com-0078-2016Redesign;en-US;https://www.bing.com/;19573;1;0
Treasureislandbeachresort.com-0089-2016Redesign;en-US;https://www.bing.com/;22169;1;0
Luxehotels.com-0078-2016Redesign;en-US;https://www.google.com/;19336;1;0
theweststreethotel.com-0115-2017Redesign;en-US;http://www.acadiamagic.com/bar-harbor-lodging.html;36683;1;0
Chrco.com-0107-2017Redesign;en-US;https://www.google.com/;29280;1;0
Thesagamore.com-0112-2017Redesign;en-US;https://www.google.com/;32348;1;0
Broadmoor.com-0073-2016Redesign;en-US;https://www.bing.com/;22720;1;0
Denvercy.com-0036-2015Redesign;en-US;https://www.google.com/;8150;1;0
Casaybelresort.com-0002-2014Redesign;en-US;https://www.google.com/;1613;1;0
Chrco.com-0107-2017Redesign;en-US;https://www.google.com/;31152;1;0
Cphollywoodbeach.com-0032-2015Redesign;en-US;https://www.sunny.org/webcam/;7831;1;0
Casaybelresort.com-0002-2014Redesign;en-US;http://m.facebook.com/;1533;1;0
Thelodgeatwoodloch.com-0033-2015Redesign;en-US;https://www.google.com/;7764;1;0
Casaybelresort.com-0002-2014Redesign;en-US;https://www.google.com/;1613;1;0
Broadmoor.com-0073-2016Redesign;en-US;https://www.google.com/;18010;1;0
Broadmoor.com-0073-2016Redesign;en-US;http://login.nomadix.com:1111/web/portal.html;16724;1;0
Broadmoor.com-0073-2016Redesign;en-US;http://login.nomadix.com:1111/web/portal.html;16724;1;0
Broadmoor.com-0073-2016Redesign;en-US;https://www.tripsavvy.com/thanksgiving-weekend-getaways-with-kids-3266914;18187;1;0
theweststreethotel.com-0115-2017Redesign;en-US;https://www.google.com/;36683;1;0
Broadmoor.com-0073-2016Redesign;en-US;http://tpc.googlesyndication.com/safeframe/1-0-10/html/container.html;16728;1;0
Napavalleymarriott.com-0071-2016Redesign;en-US;http://winetrain.com/stay/;16432;1;0
Monarchbeachresort.com-0092-2016Redesign;en-US;https://www.google.com/;22725;1;0
Broadmoor.com-0073-2016Redesign;en-US;https://www.google.com/;18010;1;0
Opalsands.com-0084-2016Redesign;en-US;https://www.google.com/;20171;1;0
Cocokeyorlando.com-0059-2015Redesign;en-US;http://www.google.com/;12410;1;0
Opalsands.com-0084-2016Redesign;en-US;https://www.google.com/;20171;1;0
Broadmoor.com-0073-2016Redesign;en-US;http://www.visitcos.com/events-calendar/annual-events-holidays/christmas/;16721;1;0
Washingtondukeinn.com-0024-2014Redesign;en-US;https://www.google.com/;5165;1;0
Washingtondukeinn.com-0024-2014Redesign;en-US;https://www.google.com/;5165;1;0
Broadmoor.com-0073-2016Redesign;en-US;https://www.google.com/;18782;1;0
saddlebrook.com-0011-2014Redesign;en-US;http://m.facebook.com/;4538;1;0
Jupiterbeachresort.com-0103-2017Redesign;en-US;http://www.palmbeachpost.com/news/hurricane-irma-these-pbc-hotels-are-open/nR8qH151ZLlcqiUHMY2olJ/;28158;1;0
Delraysandsresort.com-0097-2016Redesign;en-US;https://www.google.com/;27232;1;0
Treasureislandbeachresort.com-0089-2016Redesign;en-US;https://r.search.yahoo.com/_ylt=AwrSbm4sHbhZRywAM3Zx.9w4##SEMICOLONDELIMITER##_ylu=X3oDMTByb2lvbXVuBGNvbG8DZ3ExBHBvcwMxBHZ0aWQDBHNlYwNzcg--/RV=2/RE=1505267116/RO=10/RU=https%3a//www.treasureislandbeachresort.com//RK=1/RS=0OEBQpypjAfgdQx_lpLkA6rq8v0-;22169;1;0
Jupiterbeachresort.com-0103-2017Redesign;en-US;http://www.palmbeachpost.com/news/hurricane-irma-these-pbc-hotels-are-open/nR8qH151ZLlcqiUHMY2olJ/;28158;1;0
Theoxfordhotel.com-0062-2015Redesign;en-US;https://www.google.com/;14325;1;0
