Halcyonhotelcherrycreek.com-0061-2015Redesign;en-US;https://www.google.com/;22121;1;0
Broadmoor.com-0073-2016Redesign;en-US;https://www.google.com/;18010;1;0
Napavalleymarriott.com-0071-2016Redesign;en-US;https://www.google.pt/;16432;1;0
Sandpearl.com-0091-2016Redesign;en-US;https://www.google.com/;22481;1;0
Sandpearl.com-0091-2016Redesign;en-US;https://www.google.com/;22481;1;0
Secretharbourvi.com-0040-2015Redesign;en-US;https://www.google.com/;9231;1;0
Halcyonhotelcherrycreek.com-0061-2015Redesign;en-US;https://www.google.com/;23193;1;0
Marriottkeylargo.com-0015-2014Redesign;en-US;http://surfinggator.com/florida-keys/live-cams/live-cams.html;3948;1;0
Theoxfordhotel.com-0062-2015Redesign;en-US;https://www.google.com/;14325;1;0
Broadmoor.com-0073-2016Redesign;en-US;https://www.google.com/;18208;1;0
Monarchbeachresort.com-0092-2016Redesign;en-US;https://www.google.com/;22725;1;0
Laxembassy.com-0008-2014Redesign;en-US;https://www.bing.com/;2037;1;0
Theharborsidehotel.com-0114-2017Redesign;en-US;https://www.facebook.com/;37571;1;0
Theharborsidehotel.com-0114-2017Redesign;en-US;https://www.facebook.com/;37571;1;0
Marriottkeylargo.com-0015-2014Redesign;en-US;http://www.fla-keys.com/webcams/marriott-key-largo-bay/;3948;1;0
Broadmoor.com-0073-2016Redesign;en-US;https://www.google.com/;18208;1;0
Edgewaternaples.com-0094-2016Redesign;en-US;https://www.google.com/;25239;1;0
Unionstationhotelnashville.com-0047-2015Redesign;en-US;https://www.google.com/;32226;1;0
Theoxfordhotel.com-0062-2015Redesign;en-US;https://www.google.com/;14346;1;0
Laxembassy.com-0008-2014Redesign;en-US;https://www.google.com/;2037;1;0
Edgewaternaples.com-0094-2016Redesign;en-US;https://www.google.com/;25239;1;0
Broadmoor.com-0073-2016Redesign;en-US;http://m.facebook.com/;17269;1;0
Marriottkeylargo.com-0015-2014Redesign;en-US;http://www.fla-keys.com/webcams/marriott-key-largo-bay/;3948;1;0
Napavalleymarriott.com-0071-2016Redesign;en-US;https://www.google.com/;16453;1;0
Cocokeyorlando.com-0059-2015Redesign;en-US;https://www.google.com.ph/;12394;1;0
Thesagamore.com-0112-2017Redesign;en-US;https://r.search.yahoo.com/_ylt=A0LEVzBBerBZcN8AXypx.9w4##SEMICOLONDELIMITER##_ylu=X3oDMTByOHZyb21tBGNvbG8DYmYxBHBvcwMxBHZ0aWQDBHNlYwNzcg--/RV=2/RE=1504766657/RO=10/RU=https%3a//www.thesagamore.com//RK=1/RS=YTZex3NXCL.Yd83aJvUl74zyflM-;32339;1;0
Halcyonhotelcherrycreek.com-0061-2015Redesign;en-US;https://uncrate.com/article/halcyon-hotel/;22121;1;0
Washingtondukeinn.com-0024-2014Redesign;en-US;https://www.google.com/;4740;1;0
Monarchbeachresort.com-0092-2016Redesign;en-US;https://www.google.com/;22725;1;0
Halcyonhotelcherrycreek.com-0061-2015Redesign;en-US;https://www.google.com/;23318;1;0
Broadmoor.com-0073-2016Redesign;en-US;https://l.facebook.com/l.php;18014;1;0
Broadmoor.com-0073-2016Redesign;en-US;http://login.nomadix.com:1111/web/portal.html;16724;1;0
Broadmoor.com-0073-2016Redesign;en-US;http://login.nomadix.com:1111/web/portal.html;16724;1;0
Broadmoor.com-0073-2016Redesign;en-US;http://login.nomadix.com:1111/web/portal.html;16724;1;0
Broadmoor.com-0073-2016Redesign;en-US;http://login.nomadix.com:1111/web/portal.html;16724;1;0
Broadmoor.com-0073-2016Redesign;en-US;https://www.google.com/;16721;1;0
Broadmoor.com-0073-2016Redesign;en-US;https://www.google.com/;16721;1;0
Unionstationhotelnashville.com-0047-2015Redesign;en-US;https://www.google.com/;24062;1;0
Denvercy.com-0036-2015Redesign;en-US;https://www.google.com/;8150;1;0
Lidobeachresort.com-0106-2017Redesign;en-US;https://www.bing.com/;28666;1;0
Secretharbourvi.com-0040-2015Redesign;en-US;http://www.google.com/;9231;1;0
Monarchbeachresort.com-0092-2016Redesign;en-US;https://www.google.com/;22725;1;0
saddlebrook.com-0011-2014Redesign;en-US;https://www.google.com/;4538;1;0
Monarchbeachresort.com-0092-2016Redesign;en-US;https://www.google.com/;23001;1;0
Sandpearl.com-0091-2016Redesign;en-US;https://www.google.com/;22481;1;0
saddlebrook.com-0011-2014Redesign;en-US;https://www.google.com/;3385;1;0
