Theoxfordhotel.com-0062-2015Redesign;en-US;https://www.google.com/;14333;1;0
Galthouse.com-0042-2015Redesign;en-US;https://googleads.g.doubleclick.net/pagead/ads;31905;1;0
Longboatkeyclub.com-0104-2017Redesign;en-US;https://www.google.com/;28316;1;0
Longboatkeyclub.com-0104-2017Redesign;en-US;https://www.google.com/;28316;1;0
Thesagamore.com-0112-2017Redesign;en-US;https://www.google.com/;32347;1;0
Broadmoor.com-0073-2016Redesign;en-US;https://www.google.com/;18259;1;0
Halcyonhotelcherrycreek.com-0061-2015Redesign;en-US;https://www.google.com/;23287;1;0
Broadmoor.com-0073-2016Redesign;en-US;http://tpc.googlesyndication.com/safeframe/1-0-10/html/container.html;16728;1;0
Thelodgeatwoodloch.com-0033-2015Redesign;en-US;https://www.google.com/;8254;1;0
Thecrawfordhotel.com-0074-2016Redesign;en-US;http://unionstationindenver.com/;17190;1;0
Galthouse.com-0042-2015Redesign;en-US;http://m.facebook.com/;31905;1;0
Luxehotels.com-0078-2016Redesign;en-US;https://www.google.com/;18833;1;0
Galthouse.com-0042-2015Redesign;en-US;http://m.facebook.com/;31905;1;0
Cphollywoodbeach.com-0032-2015Redesign;en-US;https://www.sunny.org/webcam/;7831;1;0
shop.broadmoor.com-0096-2016ShoppingCart;en-US;https://www.broadmoor.com/activities/retail/;26973;1;0
Miravalspamonarchbeach.com-0109-2017Redesign;en-US;http://www.monarchbeachresort.com/experiences/special-events/fall-activities-in-dana-point-ca/;36169;1;0
Monarchbeachresort.com-0092-2016Redesign;en-US;https://www.google.com/;22725;1;0
Treasureislandbeachresort.com-0089-2016Redesign;en-US;https://s0.2mdn.net/ads/richmedia/studio/pv2/60220790/20170601080649310/index.html;22169;1;0
Broadmoor.com-0073-2016Redesign;en-US;http://login.nomadix.com:1111/web/portal.html;16724;1;0
Broadmoor.com-0073-2016Redesign;en-US;http://login.nomadix.com:1111/web/portal.html;16724;1;0
Opalsands.com-0084-2016Redesign;en-US;https://www.google.ca/;20171;1;0
Thesagamore.com-0112-2017Redesign;en-US;https://www.bing.com/;32339;1;0
Opalsands.com-0084-2016Redesign;en-US;https://www.google.ca/;20171;1;0
Broadmoor.com-0073-2016Redesign;en-US;https://www.google.com/;16761;1;0
theweststreethotel.com-0115-2017Redesign;en-US;https://www.google.com/;37486;1;0
Galthouse.com-0042-2015Redesign;en-US;http://m.facebook.com/;31905;1;0
Galthouse.com-0042-2015Redesign;en-US;http://m.facebook.com/;31905;1;0
Opalsands.com-0084-2016Redesign;en-US;https://www.google.com/;20171;1;0
Theharborsidehotel.com-0114-2017Redesign;en-US;https://www.google.com/;37571;1;0
Theharborsidehotel.com-0114-2017Redesign;en-US;https://www.google.com/;37571;1;0
Cocokeyorlando.com-0059-2015Redesign;en-US;https://www.google.es/;12394;1;0
Renaissancepittsburghpa.com-0044-2015Redesign;en-US;https://www.google.com/;9637;1;0
Galthouse.com-0042-2015Redesign;en-US;https://googleads.g.doubleclick.net/pagead/ads;31905;1;0
Thecurtis.com-0079-2016Redesign;en-US;https://www.google.com/;17981;1;0
Montaukyachtclub.com-0010-2014Redesign;en-US;https://www.google.com/;2454;1;0
Galthouse.com-0042-2015Redesign;en-US;https://www.google.com/;18715;1;0
Galthouse.com-0042-2015Redesign;en-US;https://googleads.g.doubleclick.net/pagead/ads;31905;1;0
Cphollywoodbeach.com-0032-2015Redesign;en-US;https://www.google.com/;7805;1;0
Miravalspamonarchbeach.com-0109-2017Redesign;en-US;http://www.monarchbeachresort.com/;31709;1;0
Edgewaternaples.com-0094-2016Redesign;en-US;https://www.bing.com/;25239;1;0
Cphollywoodbeach.com-0032-2015Redesign;en-US;https://www.google.com.ar/;7805;1;0
Theloganhotel.com-0043-2015Redesign;en-US;http://172.20.0.1:8000/;20218;1;0
Monarchbeachresort.com-0092-2016Redesign;en-US;https://www.google.com/;22725;1;0
