Sandpearl.com-0091-2016Redesign;en-US;android-app://com.google.android.googlequicksearchbox/https/www.google.com;22481;1;0
Sandpearl.com-0091-2016Redesign;en-US;android-app://com.google.android.googlequicksearchbox/https/www.google.com;22481;1;0
Broadmoor.com-0073-2016Redesign;en-US;http://login.nomadix.com:1111/web/portal.html;16724;1;0
Broadmoor.com-0073-2016Redesign;en-US;http://login.nomadix.com:1111/web/portal.html;16724;1;0
Samosetresort.com-0113-2017Redesign;en-US;https://search.yahoo.com/;32541;1;0
Sandpearl.com-0091-2016Redesign;en-US;https://r.search.yahoo.com/_ylt=A0LEVyAMvLBZopAAYBZx.9w4##SEMICOLONDELIMITER##_ylu=X3oDMTByOHZyb21tBGNvbG8DYmYxBHBvcwMxBHZ0aWQDBHNlYwNzcg--/RV=2/RE=1504783500/RO=10/RU=https%3a//www.sandpearl.com/activities//RK=1/RS=ISFbkdO6nHMZEEgVQZRy0353uuI-;22492;1;0
Broadmoor.com-0073-2016Redesign;en-US;http://login.nomadix.com:1111/web/portal.html;16724;1;0
Broadmoor.com-0073-2016Redesign;en-US;http://login.nomadix.com:1111/web/portal.html;16724;1;0
Washingtoncourthotel.com-0076-2016Redesign;en-US;https://www.google.com/;17858;1;0
Monarchbeachresort.com-0092-2016Redesign;en-US;https://www.google.com/;22725;1;0
Broadmoor.com-0073-2016Redesign;en-US;https://www.google.com/;18259;1;0
Casaybelresort.com-0002-2014Redesign;en-US;http://www.google.com/;1533;1;0
Thesagamore.com-0112-2017Redesign;en-US;https://www.google.com/;32351;1;0
theweststreethotel.com-0115-2017Redesign;en-US;https://www.google.com/;36683;1;0
Thecurtis.com-0079-2016Redesign;en-US;http://www.google.com/;17981;1;0
Broadmoor.com-0073-2016Redesign;en-US;https://www.google.com/;16751;1;0
Broadmoor.com-0073-2016Redesign;en-US;https://www.google.com/;16721;1;0
Miravalspamonarchbeach.com-0109-2017Redesign;en-US;android-app://com.google.android.gm/;41673;1;0
Galthouse.com-0042-2015Redesign;en-US;https://s0.2mdn.net/ads/richmedia/studio/pv2/60042160/20170110091718066/index.html;10923;1;0
Broadmoor.com-0073-2016Redesign;en-US;http://login.nomadix.com:1111/web/portal.html;16724;1;0
Broadmoor.com-0073-2016Redesign;en-US;http://login.nomadix.com:1111/web/portal.html;16724;1;0
Washingtondukeinn.com-0024-2014Redesign;en-US;https://www.google.com/;4524;1;0
Washingtondukeinn.com-0024-2014Redesign;en-US;https://www.google.com/;4524;1;0
Monarchbeachresort.com-0092-2016Redesign;en-US;https://www.google.com/;22725;1;0
Napavalleymarriott.com-0071-2016Redesign;en-US;https://www.google.com/;16432;1;0
Broadmoor.com-0073-2016Redesign;en-US;https://www.google.com/;18164;1;0
Sandpearl.com-0091-2016Redesign;en-US;https://www.google.com/;25376;1;0
Sandpearl.com-0091-2016Redesign;en-US;https://www.google.com/;22481;1;0
