Jbdukehotel.com-0086-2016Redesign;en-US;https://www.google.com/;21926;1;0
Galthouse.com-0042-2015Redesign;en-US;https://www.google.com/;10609;1;0
Broadmoor.com-0073-2016Redesign;en-US;https://www.google.com/;16728;1;0
Degreerestaurant.com-0056-2015Redesign;en-US;https://www.google.com/;11598;1;0
Lakeplacidlodge.com-0105-2017Redesign;en-US;https://www.google.com/;28545;1;0
Renaissancepittsburghpa.com-0044-2015Redesign;en-US;https://www.google.com/;9637;1;0
Lakeplacidlodge.com-0105-2017Redesign;en-US;http://www.google.com/;28545;1;0
Lakeplacidlodge.com-0105-2017Redesign;en-US;http://www.google.com/;28545;1;0
Longboatkeyclub.com-0104-2017Redesign;en-US;https://www.google.com/;28316;1;0
Galthouse.com-0042-2015Redesign;en-US;https://www.google.com/;25671;1;0
Broadmoor.com-0073-2016Redesign;en-US;https://www.google.com/;18170;1;0
Thesagamore.com-0112-2017Redesign;en-US;https://www.google.com/;32339;1;0
Thesagamore.com-0112-2017Redesign;en-US;https://www.google.com/;32339;1;0
Theloganhotel.com-0043-2015Redesign;en-US;https://www.google.com/;20218;1;0
Broadmoor.com-0073-2016Redesign;en-US;https://www.google.hu/;16721;1;0
Theoxfordhotel.com-0062-2015Redesign;en-US;http://den-80202-5400.localdomain:444/captiveportal_process_payment.php;14325;1;0
Thesagamore.com-0112-2017Redesign;en-US;https://www.google.com/;32339;1;0
Casaybelresort.com-0002-2014Redesign;en-US;https://www.google.de/;1533;1;0
Thesagamore.com-0112-2017Redesign;en-US;https://www.google.com/;32339;1;0
Broadmoor.com-0073-2016Redesign;en-US;https://www.google.com/;16721;1;0
Thesagamore.com-0112-2017Redesign;en-US;https://www.google.com/;33444;1;0
Thecurtis.com-0079-2016Redesign;en-US;https://www.google.com/;17981;1;0
Thesagamore.com-0112-2017Redesign;en-US;https://www.google.com/;32339;1;0
Lakeplacidlodge.com-0105-2017Redesign;en-US;https://www.google.com/;28545;1;0
Bellemontfarm.com-0007-2013Redesign;en-US;https://www.google.com/;11497;1;0
Casaybelresort.com-0002-2014Redesign;en-US;https://www.google.com/;1613;1;0
Unionstationhotelnashville.com-0047-2015Redesign;en-US;https://www.google.com/;32226;1;0
Monarchbeachresort.com-0092-2016Redesign;en-US;https://www.google.com/;23048;1;0
