Galthouse.com-0042-2015Redesign;en-US;https://www.google.com/;31905;1;0
Galthouse.com-0042-2015Redesign;en-US;https://www.google.com/;31905;1;0
Hospitalityupgrade.com-0093-2016Redesign;en-US;http://ow.ly/lplQ30eVb2T;33544;1;0
Lidobeachresort.com-0106-2017Redesign;en-US;http://www.visitsarasota.com/resort-luxury-hotels;28666;1;0
Monarchbeachresort.com-0092-2016Redesign;en-US;https://www.google.com/;22725;1;0
Lidobeachresort.com-0106-2017Redesign;en-US;http://www.visitsarasota.com/resort-luxury-hotels;28666;1;0
Broadmoor.com-0073-2016Redesign;en-US;https://www.google.com/;16721;1;0
Broadmoor.com-0073-2016Redesign;en-US;https://www.google.com/;16721;1;0
Longboatkeyclub.com-0104-2017Redesign;en-US;http://m.facebook.com/;28371;1;0
Sandpearl.com-0091-2016Redesign;en-US;http://connectivitycheck.gstatic.com/generate_204;22481;1;0
Sandpearl.com-0091-2016Redesign;en-US;http://connectivitycheck.gstatic.com/generate_204;22481;1;0
Chrco.com-0107-2017Redesign;en-US;https://www.google.com/;29280;1;0
Galthouse.com-0042-2015Redesign;en-US;https://www.tripadvisor.com/Hotel_Review-g39604-d115090-Reviews-Galt_House_Hotel-Louisville_Kentucky.html;31905;1;0
Galthouse.com-0042-2015Redesign;en-US;https://www.google.com/;31905;1;0
Cocokeyorlando.com-0059-2015Redesign;en-US;https://res.windsurfercrs.com/ibe/checkout.aspx;12394;1;0
Sandpearl.com-0091-2016Redesign;en-US;http://m.facebook.com/;30638;1;0
Broadmoor.com-0073-2016Redesign;en-US;https://www.google.com/;16721;1;0
Jupiterbeachresort.com-0103-2017Redesign;en-US;https://www.google.com/;28167;1;0
Galthouse.com-0042-2015Redesign;en-US;https://www.tripadvisor.com/Hotel_Review-g39604-d115090-Reviews-Galt_House_Hotel-Louisville_Kentucky.html;31905;1;0
Sandpearl.com-0091-2016Redesign;en-US;https://www.google.com/;22481;1;0
Napavalleymarriott.com-0071-2016Redesign;en-US;https://www.google.com/;16432;1;0
Broadmoor.com-0073-2016Redesign;en-US;http://login.nomadix.com:1111/web/portal.html;16724;1;0
Broadmoor.com-0073-2016Redesign;en-US;http://login.nomadix.com:1111/web/portal.html;16724;1;0
Broadmoor.com-0073-2016Redesign;en-US;https://www.bing.com/;17443;1;0
Broadmoor.com-0073-2016Redesign;en-US;https://www.bing.com/;17443;1;0
saddlebrook.com-0011-2014Redesign;en-US;https://www.google.com/;3385;1;0
Zotabeachresort.com-0090-2016Redesign;en-US;http://m.facebook.com/;23062;1;0
Sandpearl.com-0091-2016Redesign;en-US;http://m.facebook.com/;30638;1;0
Sandpearl.com-0091-2016Redesign;en-US;https://www.google.com/;30638;1;0
Thecurtis.com-0079-2016Redesign;en-US;https://www.google.com/;17981;1;0
Broadmoor.com-0073-2016Redesign;en-US;https://www.google.com/;18259;1;0
Thesagamore.com-0112-2017Redesign;en-US;https://www.google.com/;32339;1;0
Cocokeyorlando.com-0059-2015Redesign;en-US;https://www.google.ca/;12414;1;0
