saddlebrook.com-0011-2014Redesign;en-US;https://cinemabox.club/terrarium-tv-app/;3385;1;0
saddlebrook.com-0011-2014Redesign;en-US;http://intan-sec.ru/sistemi-ohranno-pojarnoy-signalizacii/;3385;1;0
saddlebrook.com-0011-2014Redesign;en-US;https://filmsapk.com/norton-mobile-security/;3385;1;0
saddlebrook.com-0011-2014Redesign;en-US;http://films-app.com/plants-vs-zombies-2/;3385;1;0
Cocokeyorlando.com-0059-2015Redesign;en-US;https://www.google.com/;12410;1;0
Broadmoor.com-0073-2016Redesign;en-US;https://www.bing.com/;22720;1;0
Meateatery.com-0080-2016Redesign;en-US;https://www.google.com/;18505;1;0
theweststreethotel.com-0115-2017Redesign;en-US;http://www.google.com/;36683;1;0
Broadmoor.com-0073-2016Redesign;en-US;https://www.google.com/;16738;1;0
Samosetresort.com-0113-2017Redesign;en-US;http://4seasons.kz/index.php;32541;1;0
Broadmoor.com-0073-2016Redesign;en-US;https://www.google.com/;23743;1;0
Thecrawfordhotel.com-0074-2016Redesign;en-US;https://www.google.com/;17145;1;0
Thecrawfordhotel.com-0074-2016Redesign;en-US;https://www.google.com/;17145;1;0
Broadmoor.com-0073-2016Redesign;en-US;https://www.google.com/;16721;1;0
Galthouse.com-0042-2015Redesign;en-US;https://www.google.com/;31905;1;0
Galthouse.com-0042-2015Redesign;en-US;https://www.google.com/;31905;1;0
Sandpearl.com-0091-2016Redesign;en-US;http://4seasons.kz/index.php;22481;1;0
Edgewaternaples.com-0094-2016Redesign;en-US;https://www.google.com/;25239;1;0
Edgewaternaples.com-0094-2016Redesign;en-US;https://www.google.com/;25239;1;0
Broadmoor.com-0073-2016Redesign;en-US;http://login.nomadix.com:1111/web/portal.html;16724;1;0
Sandylane.com-0075-2016Redesign;en-US;http://4seasons.kz/index.php;17611;1;0
Broadmoor.com-0073-2016Redesign;en-US;http://login.nomadix.com:1111/web/portal.html;16724;1;0
Broadmoor.com-0073-2016Redesign;en-US;http://login.nomadix.com:1111/web/portal.html;16724;1;0
Broadmoor.com-0073-2016Redesign;en-US;http://login.nomadix.com:1111/web/portal.html;16724;1;0
Broadmoor.com-0073-2016Redesign;en-US;http://www.visitcos.com/events-calendar/annual-events-holidays/christmas/;18259;1;0
Broadmoor.com-0073-2016Redesign;en-US;http://www.visitcos.com/events-calendar/annual-events-holidays/christmas/;18259;1;0
Residenceinnlax.com-0026-2014Redesign;en-US;https://www.google.com/;5518;1;0
