Edgewaternaples.com-0094-2016Redesign;en-US;http://m.facebook.com/;25239;1;0
Renaissancepittsburghpa.com-0044-2015Redesign;en-US;https://www.google.com/;9637;1;0
Samosetresort.com-0113-2017Redesign;en-US;http://www.visitnewengland.com/all/4-and-5-star-luxury-hotels/;32541;1;0
Glencovemansion.com-0058-2015Redesign;en-US;https://www.google.com/;13340;1;0
Broadmoor.com-0073-2016Redesign;en-US;https://www.google.com/;16738;1;0
saddlebrook.com-0011-2014Redesign;en-US;https://www.google.fr/;3453;1;0
Secretharbourvi.com-0040-2015Redesign;en-US;http://www.nail-artmaster.ru/shop.php;9231;1;0
Secretharbourvi.com-0040-2015Redesign;en-US;https://fabrika-schastya.moscow/oblako-sharov-my-to-you;9231;1;0
Broadmoor.com-0073-2016Redesign;en-US;https://www.google.com/;18259;1;0
Casaybelresort.com-0002-2014Redesign;en-US;http://www.windowtocaptivasanibel.com/sanibel-captiva-web-cams/;1613;1;0
Montaukyachtclub.com-0010-2014Redesign;en-US;https://www.google.com/;2240;1;0
Cocokeyorlando.com-0059-2015Redesign;en-US;https://www.bing.com/;12394;1;0
Monarchbeachresort.com-0092-2016Redesign;en-US;https://www.google.com/;22725;1;0
Longboatkeyclub.com-0104-2017Redesign;en-US;https://www.google.ie/;28316;1;0
Edgewaternaples.com-0094-2016Redesign;en-US;http://m.facebook.com/;25239;1;0
Edgewaternaples.com-0094-2016Redesign;en-US;http://m.facebook.com/;25239;1;0
Broadmoor.com-0073-2016Redesign;en-US;http://www.google.com/;16721;1;0
Monarchbeachresort.com-0092-2016Redesign;en-US;https://www.google.com/;22725;1;0
Unionstationhotelnashville.com-0047-2015Redesign;en-US;https://www.google.com/;32226;1;0
Broadmoor.com-0073-2016Redesign;en-US;http://www.google.com/;16793;1;0
wentworthcom00212014redesign;en-US;https://www.google.com/;26679;1;0
Marriottkeylargo.com-0015-2014Redesign;en-US;http://www.fla-keys.com/webcams/marriott-key-largo-bay/;3948;1;0
Broadmoor.com-0073-2016Redesign;en-US;https://www.google.com/;16753;1;0
Delraysandsresort.com-0097-2016Redesign;en-US;http://www.ophotels.com/locator/;27232;1;0
Marriottkeylargo.com-0015-2014Redesign;en-US;http://www.ophotels.com/locator/;3948;1;0
Casaybelresort.com-0002-2014Redesign;en-US;http://www.google.com/;1649;1;0
Marriottdelraybeach.com-0009-2014Redesign;en-US;http://www.ophotels.com/locator/;2829;1;0
wentworthcom00212014redesign;en-US;http://www.ophotels.com/locator/;26679;1;0
Jupiterbeachresort.com-0103-2017Redesign;en-US;http://www.ophotels.com/locator/;28158;1;0
Lakeplacidlodge.com-0105-2017Redesign;en-US;http://www.ophotels.com/locator/;28545;1;0
Samosetresort.com-0113-2017Redesign;en-US;http://www.ophotels.com/locator/;32541;1;0
Samosetresort.com-0113-2017Redesign;en-US;http://www.ophotels.com/locator/;32541;1;0
Lidobeachresort.com-0106-2017Redesign;en-US;http://www.ophotels.com/locator/;28666;1;0
Theharborsidehotel.com-0114-2017Redesign;en-US;http://www.ophotels.com/locator/;37571;1;0
Broadmoor.com-0073-2016Redesign;en-US;http://login.nomadix.com:1111/web/portal.html;16724;1;0
Broadmoor.com-0073-2016Redesign;en-US;http://login.nomadix.com:1111/web/portal.html;16724;1;0
Longboatkeyclub.com-0104-2017Redesign;en-US;http://www.ophotels.com/locator/;35641;1;0
Broadmoor.com-0073-2016Redesign;en-US;http://xbid-prod.googleusercontent.com/ddm/bidmanager/creativePreview/retrieveCreativeAdTag;16728;1;0
Broadmoor.com-0073-2016Redesign;en-US;http://tpc.googlesyndication.com/safeframe/1-0-10/html/container.html;16728;1;0
Thesagamore.com-0112-2017Redesign;en-US;http://www.ophotels.com/locator/;32339;1;0
theweststreethotel.com-0115-2017Redesign;en-US;http://www.ophotels.com/locator/;36683;1;0
Sandpearl.com-0091-2016Redesign;en-US;https://www.google.com/;22481;1;0
Lakeplacidlodge.com-0105-2017Redesign;en-US;http://www.ophotels.com/locator/;28545;1;0
Broadmoor.com-0073-2016Redesign;en-US;http://login.nomadix.com:1111/web/portal.html;16724;1;0
Broadmoor.com-0073-2016Redesign;en-US;https://www.google.com/;16765;1;0
Washingtoncourthotel.com-0076-2016Redesign;en-US;https://www.google.com/;17858;1;0
Broadmoor.com-0073-2016Redesign;en-US;https://www.google.com/;16765;1;0
Broadmoor.com-0073-2016Redesign;en-US;http://login.nomadix.com:1111/web/portal.html;16724;1;0
Lakeplacidlodge.com-0105-2017Redesign;en-US;http://www.ophotels.com/locator/;28545;1;0
Broadmoor.com-0073-2016Redesign;en-US;https://www.google.com/;16765;1;0
Lakeplacidlodge.com-0105-2017Redesign;en-US;http://www.ophotels.com/locator/;28545;1;0
Broadmoor.com-0073-2016Redesign;en-US;https://www.google.com/;16765;1;0
Monarchbeachresort.com-0092-2016Redesign;en-US;https://www.google.com/;22725;1;0
Broadmoor.com-0073-2016Redesign;en-US;http://tpc.googlesyndication.com/safeframe/1-0-10/html/container.html;16728;1;0
Monarchbeachresort.com-0092-2016Redesign;en-US;https://search.yahoo.com/;22725;1;0
Thelodgeatwoodloch.com-0033-2015Redesign;en-US;http://princetonfound.com/2011/05/18/girlfriend-getaways-for-every-budget/;7764;1;0
Broadmoor.com-0073-2016Redesign;en-US;https://www.google.com/;18259;1;0
Samosetresort.com-0113-2017Redesign;en-US;http://www.visitnewengland.com/all/4-and-5-star-luxury-hotels/;32541;1;0
Broadmoor.com-0073-2016Redesign;en-US;https://www.google.com/;16738;1;0
Renaissancepittsburghpa.com-0044-2015Redesign;en-US;https://www.google.com/;9637;1;0
Samosetresort.com-0113-2017Redesign;en-US;http://eesti.spb.ru/ru/kultura/ostrova-estonii/ostrova-estonii-saaremaa.html;32541;1;0
Broadmoor.com-0073-2016Redesign;en-US;https://www.google.com/;16721;1;0
Cphollywoodbeach.com-0032-2015Redesign;en-US;https://www.google.ca/;7831;1;0
Samosetresort.com-0113-2017Redesign;en-US;https://1kreditzaim.ru/stati/bystroe-poluchenie-zajmov-v-mko-prakticheskie-sovety-po-vyboru-organizatsii;32541;1;0
Samosetresort.com-0113-2017Redesign;en-US;http://inteh-spb.ru/produkcziya/kompozitnaya-armatura/texnicheskie-xarakteristiki.html;32541;1;0
Montaukyachtclub.com-0010-2014Redesign;en-US;https://www.google.com/;2381;1;0
Samosetresort.com-0113-2017Redesign;en-US;http://xn--e1alcivt.xn--p1ai/molochnyye-okhladiteli,-tanki-okhladiteli,-pasterizatory;32541;1;0
Samosetresort.com-0113-2017Redesign;en-US;https://imedservice.com/program/rak-pecheni/odnostoronnyaya-gepatektomiya/;32541;1;0
Halcyonhotelcherrycreek.com-0061-2015Redesign;en-US;https://www.google.com/;23287;1;0
Broadmoor.com-0073-2016Redesign;en-US;https://www.google.com/;18259;1;0
Theoxfordhotel.com-0062-2015Redesign;en-US;https://www.bing.com/;14325;1;0
Thelodgeatwoodloch.com-0033-2015Redesign;en-US;https://www.google.com/;7764;1;0
Broadmoor.com-0073-2016Redesign;en-US;https://www.google.com/;18010;1;0
