Samosetresort.com-0113-2017Redesign;en-US;https://www.google.com/;32541;1;0
Broadmoor.com-0073-2016Redesign;en-US;http://login.nomadix.com:1111/web/portal.html;16724;1;0
Broadmoor.com-0073-2016Redesign;en-US;http://login.nomadix.com:1111/web/portal.html;16724;1;0
Galthouse.com-0042-2015Redesign;en-US;http://m.facebook.com/;31905;1;0
Washingtondukeinn.com-0024-2014Redesign;en-US;https://google.com/;4524;1;0
Broadmoor.com-0073-2016Redesign;en-US;http://login.nomadix.com:1111/web/portal.html;16724;1;0
Broadmoor.com-0073-2016Redesign;en-US;http://login.nomadix.com:1111/web/portal.html;16724;1;0
Thelodgeatwoodloch.com-0033-2015Redesign;en-US;https://www.google.com/;7764;1;0
Samosetresort.com-0113-2017Redesign;en-US;https://www.google.com/;32541;1;0
Sandpearl.com-0091-2016Redesign;en-US;https://www.google.co.uk/;22481;1;0
Sandpearl.com-0091-2016Redesign;en-US;https://www.google.co.uk/;22481;1;0
Broadmoor.com-0073-2016Redesign;en-US;https://www.google.com/;16721;1;0
Broadmoor.com-0073-2016Redesign;en-US;http://login.nomadix.com:1111/web/portal.html;16724;1;0
Broadmoor.com-0073-2016Redesign;en-US;http://login.nomadix.com:1111/web/portal.html;16724;1;0
Samosetresort.com-0113-2017Redesign;en-US;https://www.google.com/;32541;1;0
Washingtondukeinn.com-0024-2014Redesign;en-US;https://www.google.com/;4740;1;0
Samosetresort.com-0113-2017Redesign;en-US;https://www.google.com/;32541;1;0
Washingtondukeinn.com-0024-2014Redesign;en-US;https://www.google.com/;4737;1;0
Theharborsidehotel.com-0114-2017Redesign;en-US;https://www.google.com/;37581;1;0
Sandylane.com-0075-2016Redesign;en-US;https://www.google.ie/;17611;1;0
Miravalspamonarchbeach.com-0109-2017Redesign;en-US;http://www.miravalresorts.com/resort/accommodations/suites/;31709;1;0
Thecrawfordhotel.com-0074-2016Redesign;en-US;https://www.google.ca/;17145;1;0
Casaybelresort.com-0002-2014Redesign;en-US;http://www.123webcam.com/travel-15313-Usa-Florida-Sanibel-Island-2255-West-Gulf-Drive.html;1613;1;0
Cphollywoodbeach.com-0032-2015Redesign;en-US;https://www.google.com/;7831;1;0
Cphollywoodbeach.com-0032-2015Redesign;en-US;https://www.sunny.org/webcam/;7831;1;0
Longboatkeyclub.com-0104-2017Redesign;en-US;https://www.google.com/;28335;1;0
Glencovemansion.com-0058-2015Redesign;en-US;http://www.newsday.com/lifestyle/restaurants/feed-me/new-restaurant-opens-at-glen-cove-mansion-1.14102348;41652;1;0
Residenceinnnyc.com-0034-2015Redesign;en-US;https://www.google.com/;7926;1;0
Glencovemansion.com-0058-2015Redesign;en-US;https://www.google.com/;13328;1;0
Thecurtis.com-0079-2016Redesign;en-US;http://www.google.com/;17981;1;0
Theoxfordhotel.com-0062-2015Redesign;en-US;http://den-80202-5400.localdomain:444/captiveportal_process_payment.php;14325;1;0
Thesagamore.com-0112-2017Redesign;en-US;https://www.google.ca/;32339;1;0
Broadmoor.com-0073-2016Redesign;en-US;http://www.google.com/;16728;1;0
saddlebrook.com-0011-2014Redesign;en-US;https://search.yahoo.com/;3469;1;0
