Casaybelresort.com-0002-2014Redesign;en-US;https://www.google.com/;1613;1;0
Opalsands.com-0084-2016Redesign;en-US;http://www.beachtourism.com/opalsandsresort/;20171;1;0
Opalsands.com-0084-2016Redesign;en-US;https://www.google.com/;40846;1;0
Cphollywoodbeach.com-0032-2015Redesign;en-US;https://www.google.com/;7831;1;0
Cphollywoodbeach.com-0032-2015Redesign;en-US;https://www.sunny.org/webcam/;7831;1;0
Opalsands.com-0084-2016Redesign;en-US;https://www.google.com/;40846;1;0
Montaukyachtclub.com-0010-2014Redesign;en-US;https://www.google.com/;2240;1;0
Cphollywoodbeach.com-0032-2015Redesign;en-US;https://www.sunny.org/webcam/;7831;1;0
Cphollywoodbeach.com-0032-2015Redesign;en-US;https://www.sunny.org/webcam/;7831;1;0
Jbdukehotel.com-0086-2016Redesign;en-US;https://www.google.com/;21928;1;0
Lidobeachresort.com-0106-2017Redesign;en-US;https://www.google.com/;28666;1;0
Casaybelresort.com-0002-2014Redesign;en-US;https://www.bing.com/;1613;1;0
Longboatkeyclub.com-0104-2017Redesign;en-US;http://esurvey.templates.cendyn.com/eSurvey_OceanProperties/eSurvey_LongboatKey/Thank_You_Page/ThankYou.asp;28316;1;0
Longboatkeyclub.com-0104-2017Redesign;en-US;http://esurvey.templates.cendyn.com/eSurvey_OceanProperties/eSurvey_LongboatKey/Thank_You_Page/ThankYou.asp;28316;1;0
Longboatkeyclub.com-0104-2017Redesign;en-US;https://www.google.com/;28317;1;0
Casaybelresort.com-0002-2014Redesign;en-US;http://m.facebook.com/;1639;1;0
Thelodgeatwoodloch.com-0033-2015Redesign;en-US;https://www.google.com/;8390;1;0
Cphollywoodbeach.com-0032-2015Redesign;en-US;https://www.sunny.org/webcam/;7831;1;0
Opalsands.com-0084-2016Redesign;en-US;http://www.beachtourism.com/opalsandsresort/;20171;1;0
Cphollywoodbeach.com-0032-2015Redesign;en-US;https://www.sunny.org/webcam/;7831;1;0
Casaybelresort.com-0002-2014Redesign;en-US;https://www.google.com/;1613;1;0
Thesagamore.com-0112-2017Redesign;en-US;https://reservations.thesagamore.com/sagamore/m_availability.asp;32339;1;0
Cphollywoodbeach.com-0032-2015Redesign;en-US;https://www.sunny.org/webcam/;7831;1;0
Cphollywoodbeach.com-0032-2015Redesign;en-US;https://www.sunny.org/webcam/;7831;1;0
Broadmoor.com-0073-2016Redesign;en-US;https://www.google.com/;16772;1;0
Cphollywoodbeach.com-0032-2015Redesign;en-US;https://www.sunny.org/webcam/;7831;1;0
Opalsands.com-0084-2016Redesign;en-US;http://www.beachtourism.com/opalsandsresort/;20171;1;0
Longboatkeyclub.com-0104-2017Redesign;en-US;https://worldcam.eu/webcams/north-america/florida-usa/15728;28317;1;0
Casaybelresort.com-0002-2014Redesign;en-US;https://www.bing.com/;1533;1;0
Cphollywoodbeach.com-0032-2015Redesign;en-US;https://www.google.com/;7831;1;0
Opalsands.com-0084-2016Redesign;en-US;http://www.beachtourism.com/opalsandsresort/;20171;1;0
Broadmoor.com-0073-2016Redesign;en-US;http://m.facebook.com/;16790;1;0
Casaybelresort.com-0002-2014Redesign;en-US;https://www.google.com/;1533;1;0
Broadmoor.com-0073-2016Redesign;en-US;http://login.nomadix.com:1111/web/portal.html;16724;1;0
Broadmoor.com-0073-2016Redesign;en-US;http://login.nomadix.com:1111/web/portal.html;16724;1;0
Broadmoor.com-0073-2016Redesign;en-US;http://login.nomadix.com:1111/web/portal.html;16724;1;0
Opalsands.com-0084-2016Redesign;en-US;https://www.google.ca/;40846;1;0
Broadmoor.com-0073-2016Redesign;en-US;http://login.nomadix.com:1111/web/portal.html;16724;1;0
Longboatkeyclub.com-0104-2017Redesign;en-US;https://www.google.com/;28317;1;0
Broadmoor.com-0073-2016Redesign;en-US;http://login.nomadix.com:1111/web/portal.html;16724;1;0
Broadmoor.com-0073-2016Redesign;en-US;http://login.nomadix.com:1111/web/portal.html;16724;1;0
Cphollywoodbeach.com-0032-2015Redesign;en-US;https://www.google.com.br/;7831;1;0
Lidobeachresort.com-0106-2017Redesign;en-US;https://r.search.yahoo.com/_ylt=A0LEVx3Dh7ZZzTQAeAhXNyoA##SEMICOLONDELIMITER##_ylu=X3oDMTEyMWZqb2szBGNvbG8DYmYxBHBvcwMxBHZ0aWQDQjQ1MTRfMQRzZWMDc3I-/RV=2/RE=1505163331/RO=10/RU=https%3a//www.lidobeachresort.com//RK=1/RS=mAUhvYCGjp1XzMIrpLOyl2xwnN8-;28666;1;0
Casaybelresort.com-0002-2014Redesign;en-US;http://r.search.yahoo.com/_ylt=A0LEV0uHh7ZZ_JYArWdXNyoA##SEMICOLONDELIMITER##_ylu=X3oDMTEybmRjZG45BGNvbG8DYmYxBHBvcwMxBHZ0aWQDQjM5MTlfMQRzZWMDc3I-/RV=2/RE=1505163272/RO=10/RU=http%3a//www.casaybelresort.com//RK=1/RS=OA2PsSKGWZ9p8uxT_cqEa8ewJcU-;1533;1;0
Cphollywoodbeach.com-0032-2015Redesign;en-US;https://www.google.ca/;7831;1;0
Cphollywoodbeach.com-0032-2015Redesign;en-US;https://www.sunny.org/webcam/;7831;1;0
Zotabeachresort.com-0090-2016Redesign;en-US;https://www.google.com/;22357;1;0
Zotabeachresort.com-0090-2016Redesign;en-US;https://www.google.com/;22357;1;0
Samosetresort.com-0113-2017Redesign;en-US;https://www.google.com/;32541;1;0
Edgewaternaples.com-0094-2016Redesign;en-US;https://www.google.com/;25239;1;0
Longboatkeyclub.com-0104-2017Redesign;en-US;https://www.google.com/;28317;1;0
wentworthcom00212014redesign;en-US;http://r.search.yahoo.com/_ylt=AwrBT6LUh7ZZTfMAeSFXNyoA##SEMICOLONDELIMITER##_ylu=X3oDMTEyNnQ4cHI3BGNvbG8DYmYxBHBvcwMxBHZ0aWQDVUkyQzNfMQRzZWMDc3I-/RV=2/RE=1505163351/RO=10/RU=http%3a//www.wentworth.com/latitudes-waterfront//RK=1/RS=vFZ26zqMaqF3N2RsW3Gg22eLng8-;4307;1;0
Broadmoor.com-0073-2016Redesign;en-US;http://tpc.googlesyndication.com/safeframe/1-0-10/html/container.html;16728;1;0
Glencovemansion.com-0058-2015Redesign;en-US;https://www.google.com/;15514;1;0
