Cocokeyorlando.com-0059-2015Redesign;en-US;https://www.google.com/;12410;1;0
Broadmoor.com-0073-2016Redesign;en-US;https://www.google.com/;18010;1;0
Broadmoor.com-0073-2016Redesign;en-US;https://www.google.com/;21232;1;0
theweststreethotel.com-0115-2017Redesign;en-US;https://www.google.com/;36683;1;0
Marriottkeylargo.com-0015-2014Redesign;en-US;http://www.beachcamsusa.com/fl/key-largo/key-largo-marriott-bay-resort-live-webcam;3948;1;0
Broadmoor.com-0073-2016Redesign;en-US;https://r.search.yahoo.com/_ylt=AwrSbDd9.bJZvxAAPmXBGOd_##SEMICOLONDELIMITER##_ylu=X3oDMTByb2lvbXVuBGNvbG8DZ3ExBHBvcwMxBHZ0aWQDBHNlYwNzcg--/RV=2/RE=1504930301/RO=10/RU=https%3a//www.broadmoor.com/dining//RK=1/RS=D2HLY1lI_pdLI97CoL9pTwKGGkw-;16761;1;0
wentworthcom00212014redesign;en-US;https://www.google.com/;26679;1;0
Marriottkeylargo.com-0015-2014Redesign;en-US;http://www.beachcamsusa.com/fl/key-largo/key-largo-marriott-bay-resort-live-webcam;3964;1;0
theweststreethotel.com-0115-2017Redesign;en-US;https://www.google.com/;36683;1;0
Casaybelresort.com-0002-2014Redesign;en-US;https://www.google.com/;1533;1;0
Opalsands.com-0084-2016Redesign;en-US;http://www.beachtourism.com/opalsandsresort/;20171;1;0
Broadmoor.com-0073-2016Redesign;en-US;https://www.google.com/;18013;1;0
Halcyonhotelcherrycreek.com-0061-2015Redesign;en-US;https://www.google.com/;22121;1;0
wentworthcom00212014redesign;en-US;https://www.google.com/;4250;1;0
Broadmoor.com-0073-2016Redesign;en-US;http://login.nomadix.com:1111/web/portal.html;16724;1;0
Hospitalityupgrade.com-0093-2016Redesign;en-US;https://duckduckgo.com/;37631;1;0
Montaukyachtclub.com-0010-2014Redesign;en-US;https://amp-travelandleisure-com.cdn.ampproject.org/v/amp.travelandleisure.com/articles/insiders-guide-to-the-hamptons;2240;1;0
Broadmoor.com-0073-2016Redesign;en-US;https://www.google.com/;16721;1;0
Broadmoor.com-0073-2016Redesign;en-US;https://www.google.com/;16721;1;0
Unionstationhotelnashville.com-0047-2015Redesign;en-US;https://www.google.com/;32226;1;0
Montaukyachtclub.com-0010-2014Redesign;en-US;https://www.google.com/;2240;1;0
Casaybelresort.com-0002-2014Redesign;en-US;https://www.google.com/;1613;1;0
Cphollywoodbeach.com-0032-2015Redesign;en-US;https://www.sunny.org/webcam/;7831;1;0
Sandpearl.com-0091-2016Redesign;en-US;https://www.google.com/;22481;1;0
Casaybelresort.com-0002-2014Redesign;en-US;https://www.google.ca/;1613;1;0
Montaukyachtclub.com-0010-2014Redesign;en-US;http://astudiodayspa.com/;2461;1;0
Washingtondukeinn.com-0024-2014Redesign;en-US;https://ecommerce.washingtondukeinn.com/;4758;1;0
Lidobeachresort.com-0106-2017Redesign;en-US;https://www.google.ca/;28666;1;0
Cocokeyorlando.com-0059-2015Redesign;en-US;https://www.google.com/;12410;1;0
Springhillsuitesdenver.com-0060-2015Redesign;en-US;http://re.searchencrypt.com/;12307;1;0
Lidobeachresort.com-0106-2017Redesign;en-US;https://www.google.com.ar/;28666;1;0
Lidobeachresort.com-0106-2017Redesign;en-US;https://www.google.com.ar/;28666;1;0
Lakeplacidlodge.com-0105-2017Redesign;en-US;http://cleaningservices.kiev.ua/uborka-snega-tseni;28545;1;0
wentworthcom00212014redesign;en-US;http://www.marriott.com/hotels/hotel-information/fitness-spa-services/psmww-wentworth-by-the-sea-a-marriott-hotel-and-spa/;4250;1;0
Monarchbeachresort.com-0092-2016Redesign;en-US;https://www.google.com/;22725;1;0
Longboatkeyclub.com-0104-2017Redesign;en-US;http://www.baysider.com/frame/webcam/4120/;35641;1;0
Casaybelresort.com-0002-2014Redesign;en-US;https://www.google.ca/;1613;1;0
Broadmoor.com-0073-2016Redesign;en-US;https://www.bing.com/;16721;1;0
Lakeplacidlodge.com-0105-2017Redesign;en-US;https://fixup.ua/test;28545;1;0
Cocokeyorlando.com-0059-2015Redesign;en-US;http://www.google.com/;12410;1;0
Cphollywoodbeach.com-0032-2015Redesign;en-US;http://www.webcamplaza.net/continents/florida.html;7831;1;0
Glencovemansion.com-0058-2015Redesign;en-US;https://www.google.com/;41652;1;0
