Longboatkeyclub.com-0104-2017Redesign;en-US;https://worldcam.eu/webcams/north-america/florida-usa/15728;28317;1;0
Chrco.com-0107-2017Redesign;en-US;http://chp.tbe.taleo.net/chp01/ats/careers/jobSearch.jsp;29280;1;0
Chrco.com-0107-2017Redesign;en-US;http://chp.tbe.taleo.net/chp01/ats/careers/jobSearch.jsp;29280;1;0
Broadmoor.com-0073-2016Redesign;en-US;https://www.google.com/;18259;1;0
Chrco.com-0107-2017Redesign;en-US;http://chp.tbe.taleo.net/chp01/ats/careers/jobSearch.jsp;29280;1;0
Chrco.com-0107-2017Redesign;en-US;http://chp.tbe.taleo.net/chp01/ats/careers/jobSearch.jsp;29280;1;0
Chrco.com-0107-2017Redesign;en-US;http://chp.tbe.taleo.net/chp01/ats/careers/jobSearch.jsp;29280;1;0
Chrco.com-0107-2017Redesign;en-US;http://chp.tbe.taleo.net/chp01/ats/careers/jobSearch.jsp;29280;1;0
Chrco.com-0107-2017Redesign;en-US;http://chp.tbe.taleo.net/chp01/ats/careers/jobSearch.jsp;29280;1;0
Chrco.com-0107-2017Redesign;en-US;http://chp.tbe.taleo.net/chp01/ats/careers/jobSearch.jsp;29280;1;0
Chrco.com-0107-2017Redesign;en-US;http://chp.tbe.taleo.net/chp01/ats/careers/jobSearch.jsp;29280;1;0
Chrco.com-0107-2017Redesign;en-US;http://chp.tbe.taleo.net/chp01/ats/careers/jobSearch.jsp;29280;1;0
Chrco.com-0107-2017Redesign;en-US;http://chp.tbe.taleo.net/chp01/ats/careers/jobSearch.jsp;29280;1;0
Chrco.com-0107-2017Redesign;en-US;http://chp.tbe.taleo.net/chp01/ats/careers/jobSearch.jsp;29280;1;0
Chrco.com-0107-2017Redesign;en-US;http://chp.tbe.taleo.net/chp01/ats/careers/jobSearch.jsp;29280;1;0
Chrco.com-0107-2017Redesign;en-US;http://chp.tbe.taleo.net/chp01/ats/careers/jobSearch.jsp;29280;1;0
Chrco.com-0107-2017Redesign;en-US;http://chp.tbe.taleo.net/chp01/ats/careers/jobSearch.jsp;29280;1;0
Marriottkeylargo.com-0015-2014Redesign;en-US;http://surfinggator.com/florida-keys/live-cams/live-cams.html;3948;1;0
Chrco.com-0107-2017Redesign;en-US;http://chp.tbe.taleo.net/chp01/ats/careers/jobSearch.jsp;29280;1;0
Montaukyachtclub.com-0010-2014Redesign;en-US;http://m.facebook.com/;2240;1;0
Chrco.com-0107-2017Redesign;en-US;http://chp.tbe.taleo.net/chp01/ats/careers/jobSearch.jsp;29280;1;0
Chrco.com-0107-2017Redesign;en-US;http://chp.tbe.taleo.net/chp01/ats/careers/jobSearch.jsp;29280;1;0
Chrco.com-0107-2017Redesign;en-US;http://chp.tbe.taleo.net/chp01/ats/careers/jobSearch.jsp;29280;1;0
Chrco.com-0107-2017Redesign;en-US;http://chp.tbe.taleo.net/chp01/ats/careers/jobSearch.jsp;29280;1;0
Chrco.com-0107-2017Redesign;en-US;http://chp.tbe.taleo.net/chp01/ats/careers/jobSearch.jsp;29280;1;0
Chrco.com-0107-2017Redesign;en-US;http://chp.tbe.taleo.net/chp01/ats/careers/jobSearch.jsp;29280;1;0
Chrco.com-0107-2017Redesign;en-US;http://chp.tbe.taleo.net/chp01/ats/careers/jobSearch.jsp;29280;1;0
Chrco.com-0107-2017Redesign;en-US;http://chp.tbe.taleo.net/chp01/ats/careers/jobSearch.jsp;29280;1;0
saddlebrook.com-0011-2014Redesign;en-US;https://www.google.com/;3385;1;0
Chrco.com-0107-2017Redesign;en-US;http://chp.tbe.taleo.net/chp01/ats/careers/jobSearch.jsp;29280;1;0
Chrco.com-0107-2017Redesign;en-US;http://chp.tbe.taleo.net/chp01/ats/careers/jobSearch.jsp;29280;1;0
Chrco.com-0107-2017Redesign;en-US;http://chp.tbe.taleo.net/chp01/ats/careers/jobSearch.jsp;29280;1;0
Chrco.com-0107-2017Redesign;en-US;http://chp.tbe.taleo.net/chp01/ats/careers/jobSearch.jsp;29280;1;0
Chrco.com-0107-2017Redesign;en-US;http://chp.tbe.taleo.net/chp01/ats/careers/jobSearch.jsp;29280;1;0
Chrco.com-0107-2017Redesign;en-US;http://chp.tbe.taleo.net/chp01/ats/careers/jobSearch.jsp;29280;1;0
Chrco.com-0107-2017Redesign;en-US;http://chp.tbe.taleo.net/chp01/ats/careers/jobSearch.jsp;29280;1;0
Chrco.com-0107-2017Redesign;en-US;http://chp.tbe.taleo.net/chp01/ats/careers/jobSearch.jsp;29280;1;0
Chrco.com-0107-2017Redesign;en-US;http://chp.tbe.taleo.net/chp01/ats/careers/jobSearch.jsp;29280;1;0
Chrco.com-0107-2017Redesign;en-US;http://chp.tbe.taleo.net/chp01/ats/careers/jobSearch.jsp;29280;1;0
Broadmoor.com-0073-2016Redesign;en-US;https://search.yahoo.com/;18259;1;0
Chrco.com-0107-2017Redesign;en-US;http://chp.tbe.taleo.net/chp01/ats/careers/jobSearch.jsp;29280;1;0
Chrco.com-0107-2017Redesign;en-US;http://chp.tbe.taleo.net/chp01/ats/careers/jobSearch.jsp;29280;1;0
Chrco.com-0107-2017Redesign;en-US;http://chp.tbe.taleo.net/chp01/ats/careers/jobSearch.jsp;29280;1;0
Chrco.com-0107-2017Redesign;en-US;http://chp.tbe.taleo.net/chp01/ats/careers/jobSearch.jsp;29280;1;0
Broadmoor.com-0073-2016Redesign;en-US;https://www.google.com/;16721;1;0
Broadmoor.com-0073-2016Redesign;en-US;https://www.google.com/;16721;1;0
Broadmoor.com-0073-2016Redesign;en-US;http://login.nomadix.com:1111/web/portal.html;16724;1;0
Broadmoor.com-0073-2016Redesign;en-US;http://login.nomadix.com:1111/web/portal.html;16724;1;0
Saddlebrookprep.com-0022-2014Transfer;en-US;https://www.google.ca/;3914;1;0
Theharborsidehotel.com-0114-2017Redesign;en-US;https://www.bing.com/;37571;1;0
Lakeplacidlodge.com-0105-2017Redesign;en-US;http://www.nylabone.com/dog-house-chatter/2016/08/30/10-dog-friendly-vacation-destinations-on-the-east-coast/;28545;1;0
Lakeplacidlodge.com-0105-2017Redesign;en-US;http://www.nylabone.com/dog-house-chatter/2016/08/30/10-dog-friendly-vacation-destinations-on-the-east-coast/;28545;1;0
Broadmoor.com-0073-2016Redesign;en-US;http://login.nomadix.com:1111/web/portal.html;16724;1;0
Cphollywoodbeach.com-0032-2015Redesign;en-US;https://www.google.com/;7831;1;0
Broadmoor.com-0073-2016Redesign;en-US;http://login.nomadix.com:1111/web/portal.html;16724;1;0
Broadmoor.com-0073-2016Redesign;en-US;https://www.google.com/;16721;1;0
Broadmoor.com-0073-2016Redesign;en-US;https://www.google.com/;16721;1;0
Thecrawfordhotel.com-0074-2016Redesign;en-US;http://www.google.com/;17667;1;0
Lidobeachresort.com-0106-2017Redesign;en-US;http://03e.info/;29819;1;0
Thelodgeatwoodloch.com-0033-2015Redesign;en-US;http://triquetra.ru/http-triquetra-ru-home-diagnostika-traditsionnaya-kitajskaya-meditsina-kitajskaya-pulsovaya-diagnostika-html.html;7764;1;0
Zotabeachresort.com-0090-2016Redesign;en-US;https://www.souvenirua.com/;22365;1;0
Secretharbourvi.com-0040-2015Redesign;en-US;https://termoshop.com.ua/termosy;9231;1;0
Thelodgeatwoodloch.com-0033-2015Redesign;en-US;https://fixup.ua/zapchasti/zapchasti-dlja-telefonov/kamery;7764;1;0
Halcyonhotelcherrycreek.com-0061-2015Redesign;en-US;http://marjanandben.com/accommodations;22121;1;0
Longboatkeyclub.com-0104-2017Redesign;en-US;https://www.google.com/;28317;1;0
Edgewaternaples.com-0094-2016Redesign;en-US;https://www.google.com/;25239;1;0
saddlebrook.com-0011-2014Redesign;en-US;http://flryugaku.com/;3385;1;0
Unionstationhotelnashville.com-0047-2015Redesign;en-US;https://www.google.com/;32226;1;0
saddlebrook.com-0011-2014Redesign;en-US;https://www.google.com/;3453;1;0
Marriottkeylargo.com-0015-2014Redesign;en-US;http://surfinggator.com/florida-keys/live-cams/live-cams.html;3948;1;0
Longboatkeyclub.com-0104-2017Redesign;en-US;https://emerson-rus.ru/;28316;1;0
Cphollywoodbeach.com-0032-2015Redesign;en-US;https://www.google.ca/;7831;1;0
Longboatkeyclub.com-0104-2017Redesign;en-US;https://emerson-rus.ru/;28316;1;0
Broadmoor.com-0073-2016Redesign;en-US;http://login.nomadix.com:1111/web/portal.html;16724;1;0
Halcyonhotelcherrycreek.com-0061-2015Redesign;en-US;https://www.google.com/;22121;1;0
Broadmoor.com-0073-2016Redesign;en-US;http://login.nomadix.com:1111/web/portal.html;16724;1;0
Cphollywoodbeach.com-0032-2015Redesign;en-US;http://www.beachcamsusa.com/fl/hollywood/crowne-plaza-webcam-from-hollywood-fl;7831;1;0
Theoxfordhotel.com-0062-2015Redesign;en-US;http://triquetra.ru/home/meridiany-i-sosudy/meridian-serdtsa.html;14325;1;0
Broadmoor.com-0073-2016Redesign;en-US;https://www.google.com/;16721;1;0
Theoxfordhotel.com-0062-2015Redesign;en-US;https://fixup.ua/zapchasti/zapchasti-dlja-telefonov/razemy-zarjadki;14325;1;0
Thecurtis.com-0079-2016Redesign;en-US;https://www.google.com/;19395;1;0
Renaissancepittsburghpa.com-0044-2015Redesign;en-US;http://www.mandm-photography.com/;9637;1;0
Marriottkeylargo.com-0015-2014Redesign;en-US;http://www.beachcamsusa.com/fl/key-largo/key-largo-marriott-bay-resort-live-webcam;3948;1;0
Marriottkeylargo.com-0015-2014Redesign;en-US;http://www.beachcamsusa.com/fl/key-largo/key-largo-marriott-bay-resort-live-webcam;3964;1;0
Broadmoor.com-0073-2016Redesign;en-US;https://www.google.com/;16738;1;0
theweststreethotel.com-0115-2017Redesign;en-US;https://www.google.com/;36683;1;0
