Sandpearl.com-0091-2016Redesign;en-US;http://ares-pin.eu/pin.php;22481;1;0
wentworthcom00212014redesign;en-US;android-app://com.google.android.googlequicksearchbox/;26679;1;0
Cphollywoodbeach.com-0032-2015Redesign;en-US;https://www.google.de/;7831;1;0
Broadmoor.com-0073-2016Redesign;en-US;http://www.naggl.org/;16721;1;0
Cphollywoodbeach.com-0032-2015Redesign;en-US;https://www.sunny.org/webcam/;7831;1;0
wentworthcom00212014redesign;en-US;android-app://com.google.android.googlequicksearchbox/;4259;1;0
Broadmoor.com-0073-2016Redesign;en-US;http://www.naggl.org/;16721;1;0
Thesagamore.com-0112-2017Redesign;en-US;http://www.cnn.com/travel/article/adirondacks-historic-lodges/index.html;32339;1;0
saddlebrook.com-0011-2014Redesign;en-US;https://www.google.com/;4538;1;0
Thesagamore.com-0112-2017Redesign;en-US;https://www.google.ca/;32339;1;0
Thesagamore.com-0112-2017Redesign;en-US;http://www.cnn.com/travel/article/adirondacks-historic-lodges/index.html;32339;1;0
Beverlyhillsresidenceinn.com-0087-2016Redesign;en-US;https://www.google.com/;20999;1;0
Broadmoor.com-0073-2016Redesign;en-US;https://www.google.com/;18259;1;0
Napavalleymarriott.com-0071-2016Redesign;en-US;https://www.google.com/;16432;1;0
Sandylane.com-0075-2016Redesign;en-US;http://web09bsn.apps-search.com/;17708;1;0
wentworthcom00212014redesign;en-US;https://www.google.com/;4250;1;0
Thesagamore.com-0112-2017Redesign;en-US;http://www.cnn.com/travel/article/adirondacks-historic-lodges/index.html;32339;1;0
Thesagamore.com-0112-2017Redesign;en-US;http://www.cnn.com/travel/article/adirondacks-historic-lodges/index.html;32339;1;0
Thecrawfordhotel.com-0074-2016Redesign;en-US;https://www.google.com/;17145;1;0
Lehotels.com-0049-2015Transfer;en-US;https://socialmediascanner.eset.com/;19444;1;0
Longboatkeyclub.com-0104-2017Redesign;en-US;https://www.google.com/;28316;1;0
Longboatkeyclub.com-0104-2017Redesign;en-US;https://www.google.com/;28316;1;0
Galthouse.com-0042-2015Redesign;en-US;http://m.facebook.com/;31905;1;0
Miravalspamonarchbeach.com-0109-2017Redesign;en-US;http://www.monarchbeachresort.com/experiences/activities/monarch-beach/;33978;1;0
Thesagamore.com-0112-2017Redesign;en-US;http://www.cnn.com/travel/article/adirondacks-historic-lodges/index.html;32339;1;0
Thesagamore.com-0112-2017Redesign;en-US;http://www.cnn.com/travel/article/adirondacks-historic-lodges/index.html;32339;1;0
Lakeplacidlodge.com-0105-2017Redesign;en-US;http://www.cnn.com/travel/article/adirondacks-historic-lodges/index.html;28545;1;0
Lakeplacidlodge.com-0105-2017Redesign;en-US;http://www.cnn.com/travel/article/adirondacks-historic-lodges/index.html;28545;1;0
Sandpearl.com-0091-2016Redesign;en-US;http://captive.apple.com/hotspot-detect.html;22481;1;0
Sandpearl.com-0091-2016Redesign;en-US;http://captive.apple.com/hotspot-detect.html;22481;1;0
Thesagamore.com-0112-2017Redesign;en-US;https://www.google.com/;33455;1;0
Casaybelresort.com-0002-2014Redesign;en-US;https://www.google.com/;1613;1;0
Broadmoor.com-0073-2016Redesign;en-US;http://tpc.googlesyndication.com/safeframe/1-0-10/html/container.html;16728;1;0
Cphollywoodbeach.com-0032-2015Redesign;en-US;https://www.google.com/;7831;1;0
Theoxfordhotel.com-0062-2015Redesign;en-US;https://www.google.com/;14325;1;0
Broadmoor.com-0073-2016Redesign;en-US;http://login.nomadix.com:1111/web/portal.html;16724;1;0
Theoxfordhotel.com-0062-2015Redesign;en-US;https://www.google.com/;14325;1;0
Broadmoor.com-0073-2016Redesign;en-US;http://login.nomadix.com:1111/web/portal.html;16724;1;0
Thecurtis.com-0079-2016Redesign;en-US;https://www.google.com/;17981;1;0
Delraysandsresort.com-0097-2016Redesign;en-US;http://www.thepalmbeaches.com/places-to-stay;27232;1;0
Delraysandsresort.com-0097-2016Redesign;en-US;http://www.thepalmbeaches.com/places-to-stay;27232;1;0
Thelodgeatwoodloch.com-0033-2015Redesign;en-US;https://mommypoppins.com/new-york-city-kids/family-travel/quick-no-fly-getaways-for-burned-out-parents-in-the-nyc-area;7764;1;0
Broadmoor.com-0073-2016Redesign;en-US;https://www.google.com/;18259;1;0
Lakeplacidlodge.com-0105-2017Redesign;en-US;http://www.cnn.com/travel/article/adirondacks-historic-lodges/index.html;28545;1;0
Lakeplacidlodge.com-0105-2017Redesign;en-US;http://www.cnn.com/travel/article/adirondacks-historic-lodges/index.html;28545;1;0
Cphollywoodbeach.com-0032-2015Redesign;en-US;https://www.sunny.org/webcam/;7831;1;0
Longboatkeyclub.com-0104-2017Redesign;en-US;https://www.google.ca/;28316;1;0
Edgewaternaples.com-0094-2016Redesign;en-US;https://www.bing.com/;25239;1;0
Longboatkeyclub.com-0104-2017Redesign;en-US;https://www.google.ca/;28316;1;0
Chrco.com-0107-2017Redesign;en-US;https://www.google.com/;29280;1;0
Beverlyhillsresidenceinn.com-0087-2016Redesign;en-US;https://search.yahoo.com/search##SEMICOLONDELIMITER##_ylc=X3oDMTFiN25laTRvBF9TAzIwMjM1MzgwNzUEaXRjAzEEc2VjA3NyY2hfcWEEc2xrA3NyY2h3ZWI-;20999;1;0
Galthouse.com-0042-2015Redesign;en-US;http://m.facebook.com/;31905;1;0
