Longboatkeyclub.com-0104-2017Redesign;en-US;http://life-instyle.com/;28316;1;0
Luxehotels.com-0078-2016Redesign;en-US;https://www.google.com/;18833;1;0
Longboatkeyclub.com-0104-2017Redesign;en-US;http://life-instyle.com/;28316;1;0
Longboatkeyclub.com-0104-2017Redesign;en-US;http://life-instyle.com/;28316;1;0
Broadmoor.com-0073-2016Redesign;en-US;https://search.yahoo.com/;16761;1;0
Theharborsidehotel.com-0114-2017Redesign;en-US;https://outlook.live.com/;37571;1;0
Broadmoor.com-0073-2016Redesign;en-US;https://l.facebook.com/;16721;1;0
Broadmoor.com-0073-2016Redesign;en-US;https://l.facebook.com/;16721;1;0
Springhillsuitesdenver.com-0060-2015Redesign;en-US;http://rockprogblog.com/;12307;1;0
Thesagamore.com-0112-2017Redesign;en-US;http://www.newyorkupstate.com/places-to-stay/2017/07/best_resorts_hotels_upstate_ny_vacation_road_trip_family_historic.html;32339;1;0
Thesagamore.com-0112-2017Redesign;en-US;http://www.newyorkupstate.com/places-to-stay/2017/07/best_resorts_hotels_upstate_ny_vacation_road_trip_family_historic.html;32339;1;0
Galthouse.com-0042-2015Redesign;en-US;https://www.google.com/;10575;1;0
Broadmoor.com-0073-2016Redesign;en-US;https://www.google.com/;16721;1;0
Broadmoor.com-0073-2016Redesign;en-US;https://www.google.com/;16721;1;0
Jbdukehotel.com-0086-2016Redesign;en-US;http://www.google.com/;21918;1;0
Casaybelresort.com-0002-2014Redesign;en-US;https://www.google.com/;1613;1;0
Longboatkeyclub.com-0104-2017Redesign;en-US;https://www.bing.com/;28316;1;0
Galthouse.com-0042-2015Redesign;en-US;https://www.google.com/;10593;1;0
wentworthcom00212014redesign;en-US;http://www.ophotels.com/locator/;26679;1;0
Delraysandsresort.com-0097-2016Redesign;en-US;http://www.ophotels.com/locator/;27232;1;0
Marriottkeylargo.com-0015-2014Redesign;en-US;http://www.ophotels.com/locator/;3948;1;0
Jupiterbeachresort.com-0103-2017Redesign;en-US;http://www.ophotels.com/locator/;28158;1;0
Lakeplacidlodge.com-0105-2017Redesign;en-US;http://www.ophotels.com/locator/;28545;1;0
Marriottdelraybeach.com-0009-2014Redesign;en-US;http://www.ophotels.com/locator/;2829;1;0
Longboatkeyclub.com-0104-2017Redesign;en-US;http://www.ophotels.com/locator/;35641;1;0
Lidobeachresort.com-0106-2017Redesign;en-US;http://www.ophotels.com/locator/;28666;1;0
Longboatkeyclub.com-0104-2017Redesign;en-US;http://www.ophotels.com/locator/;35641;1;0
Longboatkeyclub.com-0104-2017Redesign;en-US;http://www.ophotels.com/locator/;35641;1;0
Longboatkeyclub.com-0104-2017Redesign;en-US;http://www.ophotels.com/locator/;35641;1;0
Longboatkeyclub.com-0104-2017Redesign;en-US;http://www.ophotels.com/locator/;35641;1;0
Longboatkeyclub.com-0104-2017Redesign;en-US;http://www.ophotels.com/locator/;35641;1;0
Longboatkeyclub.com-0104-2017Redesign;en-US;https://www.bing.com/;29749;1;0
Longboatkeyclub.com-0104-2017Redesign;en-US;http://www.ophotels.com/locator/;35641;1;0
Thesagamore.com-0112-2017Redesign;en-US;http://www.ophotels.com/locator/;32339;1;0
Longboatkeyclub.com-0104-2017Redesign;en-US;http://www.ophotels.com/locator/;35641;1;0
Samosetresort.com-0113-2017Redesign;en-US;http://www.ophotels.com/locator/;32541;1;0
Samosetresort.com-0113-2017Redesign;en-US;http://www.ophotels.com/locator/;32541;1;0
Theharborsidehotel.com-0114-2017Redesign;en-US;http://www.ophotels.com/locator/;37571;1;0
theweststreethotel.com-0115-2017Redesign;en-US;http://www.ophotels.com/locator/;36683;1;0
Hospitalityupgrade.com-0093-2016Redesign;en-US;https://www.google.com/;37628;1;0
Broadmoor.com-0073-2016Redesign;en-US;https://tpc.googlesyndication.com/safeframe/1-0-10/html/container.html;16728;1;0
Thecrawfordhotel.com-0074-2016Redesign;en-US;https://www.google.com/;17145;1;0
Broadmoor.com-0073-2016Redesign;en-US;http://login.nomadix.com:1111/web/portal.html;16724;1;0
Broadmoor.com-0073-2016Redesign;en-US;http://login.nomadix.com:1111/web/portal.html;16724;1;0
Halcyonhotelcherrycreek.com-0061-2015Redesign;en-US;https://s0.2mdn.net/ads/richmedia/studio/pv2/60104560/20170327092759492/index.html;22121;1;0
wentworthcom00212014redesign;en-US;https://www.google.com/;26679;1;0
Glencovemansion.com-0058-2015Redesign;en-US;http://www.google.com/;13350;1;0
Broadmoor.com-0073-2016Redesign;en-US;https://www.google.com/;21850;1;0
Cocokeyorlando.com-0059-2015Redesign;en-US;http://www.vacationfun.com/promo/index.htm;12394;1;0
Cocokeyorlando.com-0059-2015Redesign;en-US;http://www.vacationfun.com/promo/index.htm;12394;1;0
Edgewaternaples.com-0094-2016Redesign;en-US;https://www.google.com/;25239;1;0
Edgewaternaples.com-0094-2016Redesign;en-US;https://www.google.com/;25239;1;0
Hospitalityupgrade.com-0093-2016Redesign;en-US;https://www.google.ca/;25405;1;0
Lidobeachresort.com-0106-2017Redesign;en-US;https://www.google.com/;28714;1;0
Theloganhotel.com-0043-2015Redesign;en-US;http://172.20.0.1:8000/;20218;1;0
Glencovemansion.com-0058-2015Redesign;en-US;https://www.bing.com/;13328;1;0
