Halcyonhotelcherrycreek.com-0061-2015Redesign;en-US;http://www.google.com/;23287;1;0
Broadmoor.com-0073-2016Redesign;en-US;https://www.google.com/;18122;1;0
Jupiterbeachresort.com-0103-2017Redesign;en-US;https://www.google.com/;28158;1;0
Jupiterbeachresort.com-0103-2017Redesign;en-US;https://www.google.com/;28158;1;0
Broadmoor.com-0073-2016Redesign;en-US;https://l.facebook.com/;16758;1;0
Renaissancepittsburghpa.com-0044-2015Redesign;en-US;http://www.matscitech.org/housingtravel/;9637;1;0
Assuranceoperations.com-0065-2015Redesign;en-US;https://xn----dtbndd4ae7eub.top/;15289;1;0
Assuranceoperations.com-0065-2015Redesign;en-US;https://xn----dtbndd4ae7eub.top/;15289;1;0
Edgewaternaples.com-0094-2016Redesign;en-US;https://www.google.com/;25239;1;0
Edgewaternaples.com-0094-2016Redesign;en-US;https://www.google.com/;25239;1;0
Lakeplacidlodge.com-0105-2017Redesign;en-US;https://www.tastingtable.com/travel/national/best-towns-fall-travel;32794;1;0
Broadmoor.com-0073-2016Redesign;en-US;https://www.google.com/;16757;1;0
Longboatkeyclub.com-0104-2017Redesign;en-US;https://www.bing.com/;28316;1;0
Delraysandsresort.com-0097-2016Redesign;en-US;https://www.google.com/;27232;1;0
Delraysandsresort.com-0097-2016Redesign;en-US;https://www.google.com/;27232;1;0
Zotabeachresort.com-0090-2016Redesign;en-US;https://www.google.com/;22357;1;0
wentworthcom00212014redesign;en-US;https://www.google.com/;4312;1;0
Casaybelresort.com-0002-2014Redesign;en-US;https://www.google.com/;1613;1;0
Secretharbourvi.com-0040-2015Redesign;en-US;https://www.google.com/;9231;1;0
Samosetresort.com-0113-2017Redesign;en-US;https://www.google.com/;35274;1;0
Theoxfordhotel.com-0062-2015Redesign;en-US;http://m.facebook.com/;14325;1;0
Thesagamore.com-0112-2017Redesign;en-US;http://lm.facebook.com/l.php;32339;1;0
Thesagamore.com-0112-2017Redesign;en-US;http://lm.facebook.com/l.php;32339;1;0
Broadmoor.com-0073-2016Redesign;en-US;http://login.nomadix.com:1111/web/portal.html;16724;1;0
Galthouse.com-0042-2015Redesign;en-US;https://www.google.com/;31905;1;0
Broadmoor.com-0073-2016Redesign;en-US;http://login.nomadix.com:1111/web/portal.html;16724;1;0
Broadmoor.com-0073-2016Redesign;en-US;http://tpc.googlesyndication.com/safeframe/1-0-10/html/container.html;16728;1;0
Galthouse.com-0042-2015Redesign;en-US;https://www.google.com/;31905;1;0
Galthouse.com-0042-2015Redesign;en-US;https://www.google.com/;31905;1;0
Thesagamore.com-0112-2017Redesign;en-US;https://search.yahoo.com/;32339;1;0
Theharborsidehotel.com-0114-2017Redesign;en-US;https://www.google.com/;37571;1;0
Cphollywoodbeach.com-0032-2015Redesign;en-US;https://www.sunny.org/webcam/;7831;1;0
Cphollywoodbeach.com-0032-2015Redesign;en-US;https://www.sunny.org/webcam/;7831;1;0
Denvercy.com-0036-2015Redesign;en-US;https://www.google.com/;8150;1;0
Cphollywoodbeach.com-0032-2015Redesign;en-US;https://www.sunny.org/webcam/;7831;1;0
Broadmoor.com-0073-2016Redesign;en-US;https://www.google.com/;16721;1;0
Hospitalityupgrade.com-0093-2016Redesign;en-US;https://www.google.com/;37631;1;0
Broadmoor.com-0073-2016Redesign;en-US;http://obin27.blogspot.co.id/2011/06/cara-dan-aturan-berolahraga-yang-baik.html;16721;1;0
Cocokeyorlando.com-0059-2015Redesign;en-US;https://www.google.de/;12394;1;0
Longboatkeyclub.com-0104-2017Redesign;en-US;android-app://com.google.android.gm/;28316;1;0
Residenceinnnyc.com-0034-2015Redesign;en-US;https://www.google.com/;7926;1;0
Delraysandsresort.com-0097-2016Redesign;en-US;https://www.google.com/;27232;1;0
Delraysandsresort.com-0097-2016Redesign;en-US;https://www.google.com/;27232;1;0
Galthouse.com-0042-2015Redesign;en-US;https://www.bing.com/;31905;1;0
Galthouse.com-0042-2015Redesign;en-US;https://www.bing.com/;31905;1;0
Luxehotels.com-0078-2016Redesign;en-US;https://www.google.com/;18833;1;0
