Samosetresort.com-0113-2017Redesign;en-US;https://www.google.com/;32541;1;0
Chrco.com-0107-2017Redesign;en-US;https://www.google.com/;29280;1;0
Laxembassy.com-0008-2014Redesign;en-US;https://www.google.com/;2090;1;0
Luxehotels.com-0078-2016Redesign;en-US;https://www.google.com/;18833;1;0
Luxehotels.com-0078-2016Redesign;en-US;https://www.google.com/;18805;1;0
Secretharbourvi.com-0040-2015Redesign;en-US;https://www.google.com/;9385;1;0
Oxfordclubspa.com-0068-2016Redesign;en-US;https://www.google.com/;15568;1;0
wentworthcom00212014redesign;en-US;http://www.google.com/;26679;1;0
wentworthcom00212014redesign;en-US;http://www.google.com/;4259;1;0
Broadmoor.com-0073-2016Redesign;en-US;https://www.google.com/;16722;1;0
Unionstationhotelnashville.com-0047-2015Redesign;en-US;https://www.google.com/;32226;1;0
Broadmoor.com-0073-2016Redesign;en-US;https://www.google.com/;18259;1;0
Halcyonhotelcherrycreek.com-0061-2015Redesign;en-US;https://www.google.com/;22121;1;0
Edgewaternaples.com-0094-2016Redesign;en-US;https://www.bing.com/;25239;1;0
Thelodgeatwoodloch.com-0033-2015Redesign;en-US;https://www.google.com/;7764;1;0
Cphollywoodbeach.com-0032-2015Redesign;en-US;https://www.google.com/;7805;1;0
Broadmoor.com-0073-2016Redesign;en-US;http://login.nomadix.com:1111/web/portal.html;16724;1;0
Broadmoor.com-0073-2016Redesign;en-US;http://login.nomadix.com:1111/web/portal.html;16724;1;0
Monarchbeachresort.com-0092-2016Redesign;en-US;https://www.google.com/;22964;1;0
Treasureislandbeachresort.com-0089-2016Redesign;en-US;https://www.google.de/;22169;1;0
