Edgewaternaples.com-0094-2016Redesign;en-US;https://www.google.com/;25239;1;0
Sandylane.com-0075-2016Redesign;en-US;https://www.google.com/;17611;1;0
Sandylane.com-0075-2016Redesign;en-US;http://rockprogblog.com/;17675;1;0
Sandylane.com-0075-2016Redesign;en-US;http://rockprogblog.com/;17675;1;0
Broadmoor.com-0073-2016Redesign;en-US;https://www.google.com/;16721;1;0
wentworthcom00212014redesign;en-US;http://www.nhmagazine.com/Thanksgiving-Dinners-You-Dont-Have-to-Cook/;4311;1;0
Montaukyachtclub.com-0010-2014Redesign;en-US;https://www.google.com/;2240;1;0
Jupiterbeachresort.com-0103-2017Redesign;en-US;https://www.google.com/;28158;1;0
Samosetresort.com-0113-2017Redesign;en-US;http://m.facebook.com/;32541;1;0
Galthouse.com-0042-2015Redesign;en-US;https://godspeople.lpages.co/all-black-national-convention/;31905;1;0
Sandpearl.com-0091-2016Redesign;en-US;http://www.baidu.com/;22481;1;0
Sandpearl.com-0091-2016Redesign;en-US;http://www.baidu.com/;22481;1;0
Theharborsidehotel.com-0114-2017Redesign;en-US;https://www.google.com/;37571;1;0
Casaybelresort.com-0002-2014Redesign;en-US;https://www.google.com/;1613;1;0
Broadmoor.com-0073-2016Redesign;en-US;https://www.google.com/;17699;1;0
Broadmoor.com-0073-2016Redesign;en-US;http://login.nomadix.com:1111/web/portal.html;16724;1;0
Broadmoor.com-0073-2016Redesign;en-US;http://login.nomadix.com:1111/web/portal.html;16724;1;0
Cphollywoodbeach.com-0032-2015Redesign;en-US;https://www.google.com/;7831;1;0
Thesagamore.com-0112-2017Redesign;en-US;https://www.google.com/;32339;1;0
Broadmoor.com-0073-2016Redesign;en-US;http://login.nomadix.com:1111/web/portal.html;16724;1;0
Broadmoor.com-0073-2016Redesign;en-US;http://login.nomadix.com:1111/web/portal.html;16724;1;0
Casaybelresort.com-0002-2014Redesign;en-US;https://www.google.com/;1533;1;0
Broadmoor.com-0073-2016Redesign;en-US;https://www.google.com/;18259;1;0
Halcyonhotelcherrycreek.com-0061-2015Redesign;en-US;android-app://com.google.android.googlequicksearchbox/;23287;1;0
Samosetresort.com-0113-2017Redesign;en-US;https://www.google.com/;32541;1;0
Cphollywoodbeach.com-0032-2015Redesign;en-US;https://www.sunny.org/webcam/;7831;1;0
Lidobeachresort.com-0106-2017Redesign;en-US;https://www.google.com/;28666;1;0
Lidobeachresort.com-0106-2017Redesign;en-US;https://www.google.com/;28666;1;0
Samosetresort.com-0113-2017Redesign;en-US;https://www.google.com/;32542;1;0
Monarchbeachresort.com-0092-2016Redesign;en-US;https://www.google.com/;22725;1;0
Sandylane.com-0075-2016Redesign;en-US;http://www.fodors.com/world/caribbean/barbados/hotels/reviews/sandy-lane-hotel-and-golf-club-55235;17611;1;0
