Broadmoor.com-0073-2016Redesign;en-US;http://www.google.com/;18259;1;0
Broadmoor.com-0073-2016Redesign;en-US;http://login.nomadix.com:1111/web/portal.html;16724;1;0
Broadmoor.com-0073-2016Redesign;en-US;http://login.nomadix.com:1111/web/portal.html;16724;1;0
Zotabeachresort.com-0090-2016Redesign;en-US;https://www.google.com/;22357;1;0
Zotabeachresort.com-0090-2016Redesign;en-US;https://www.google.com/;22357;1;0
Cphollywoodbeach.com-0032-2015Redesign;en-US;https://www.sunny.org/webcam/;7831;1;0
Cphollywoodbeach.com-0032-2015Redesign;en-US;https://www.sunny.org/webcam/;7831;1;0
Longboatkeyclub.com-0104-2017Redesign;en-US;https://worldcam.eu/webcams/north-america/florida-usa/15728;28316;1;0
Abbingtonbanquets.com-0070-2016Redesign;en-US;https://www.google.com/;15789;1;0
theweststreethotel.com-0115-2017Redesign;en-US;https://www.google.com/;37653;1;0
theweststreethotel.com-0115-2017Redesign;en-US;https://www.google.com/;36683;1;0
Halcyonhotelcherrycreek.com-0061-2015Redesign;en-US;https://uncrate.com/2/;22121;1;0
Broadmoor.com-0073-2016Redesign;en-US;http://www.google.com/;16731;1;0
Sandpearl.com-0091-2016Redesign;en-US;https://www.google.com/;22481;1;0
Broadmoor.com-0073-2016Redesign;en-US;http://www.google.com/;16721;1;0
Longboatkeyclub.com-0104-2017Redesign;en-US;https://www.google.com/;28317;1;0
Longboatkeyclub.com-0104-2017Redesign;en-US;https://www.worldcam.pl/kamery/ameryka-polnocna/floryda-usa/15728;28317;1;0
Sandpearl.com-0091-2016Redesign;en-US;https://www.google.com/;22481;1;0
Casaybelresort.com-0002-2014Redesign;en-US;https://www.google.com/;1613;1;0
Casaybelresort.com-0002-2014Redesign;en-US;https://www.google.com/;1613;1;0
Cphollywoodbeach.com-0032-2015Redesign;en-US;https://www.sunny.org/webcam/;7831;1;0
Monarchbeachresort.com-0092-2016Redesign;en-US;https://www.google.com/;23472;1;0
Cphollywoodbeach.com-0032-2015Redesign;en-US;https://www.sunny.org/webcam/;7831;1;0
Halcyonhotelcherrycreek.com-0061-2015Redesign;en-US;https://www.google.com/;22121;1;0
Casaybelresort.com-0002-2014Redesign;en-US;http://surfinggator.com/fort-myers/cams/cams.html;1613;1;0
Thesagamore.com-0112-2017Redesign;en-US;https://www.google.com/;32339;1;0
Broadmoor.com-0073-2016Redesign;en-US;https://www.bing.com/;16793;1;0
Broadmoor.com-0073-2016Redesign;en-US;http://login.nomadix.com:1111/web/portal.html;16724;1;0
Sandpearl.com-0091-2016Redesign;en-US;https://www.google.co.uk/;22481;1;0
Longboatkeyclub.com-0104-2017Redesign;en-US;https://www.google.de/;28317;1;0
Longboatkeyclub.com-0104-2017Redesign;en-US;https://www.worldcam.pl/kamery/ameryka-polnocna/floryda-usa/15728;28317;1;0
Broadmoor.com-0073-2016Redesign;en-US;http://login.nomadix.com:1111/web/portal.html;16724;1;0
Sandpearl.com-0091-2016Redesign;en-US;https://www.google.com/;22481;1;0
Marriottkeylargo.com-0015-2014Redesign;en-US;https://www.lookr.com/de/lookout/1397936517-Key-Largo;3948;1;0
Marriottkeylargo.com-0015-2014Redesign;en-US;http://www.beachcamsusa.com/fl/key-largo/key-largo-marriott-bay-resort-live-webcam;3948;1;0
Theoxfordhotel.com-0062-2015Redesign;en-US;http://m.facebook.com/;14325;1;0
Renaissancepittsburghpa.com-0044-2015Redesign;en-US;https://www.bing.com/;10040;1;0
Broadmoor.com-0073-2016Redesign;en-US;https://www.google.com/;16724;1;0
Jupiterbeachresort.com-0103-2017Redesign;en-US;https://www.google.com/;28213;1;0
Casaybelresort.com-0002-2014Redesign;en-US;https://www.google.co.uk/;1533;1;0
Lakeplacidlodge.com-0105-2017Redesign;en-US;https://www.google.com/;28545;1;0
Thesagamore.com-0112-2017Redesign;en-US;https://www.google.com/;32339;1;0
Lakeplacidlodge.com-0105-2017Redesign;en-US;https://www.google.com/;28545;1;0
Thesagamore.com-0112-2017Redesign;en-US;https://www.google.com/;32339;1;0
Newyorkpalacemeetings.com-0045-2015Redesign;en-US;http://r.search.yahoo.com/_ylt=AwrBT9LcUbRZl_cA2gZx.9w4##SEMICOLONDELIMITER##_ylu=X3oDMTBydWNmY2MwBGNvbG8DYmYxBHBvcwM0BHZ0aWQDBHNlYwNzcg--/RV=2/RE=1505018460/RO=10/RU=http%3a//www.newyorkpalacemeetings.com/contact-us//RK=1/RS=hI2pgYzFlT5GLTD80BulYrZchA4-;9248;1;0
Longboatkeyclub.com-0104-2017Redesign;en-US;https://www.google.ca/;28316;1;0
Jupiterbeachresort.com-0103-2017Redesign;en-US;https://www.google.com/;28165;1;0
Longboatkeyclub.com-0104-2017Redesign;en-US;https://www.google.ca/;28316;1;0
Thelodgeatwoodloch.com-0033-2015Redesign;en-US;https://www.google.com/;8266;1;0
Lidobeachresort.com-0106-2017Redesign;en-US;http://www.google.com/;28666;1;0
Theharborsidehotel.com-0114-2017Redesign;en-US;http://www.barharborinfo.com/All-Members/HARBORSIDE-HOTEL,-SPA-AND-MARINA.aspx;37571;1;0
Theharborsidehotel.com-0114-2017Redesign;en-US;http://www.barharborinfo.com/All-Members/HARBORSIDE-HOTEL,-SPA-AND-MARINA.aspx;37571;1;0
Lidobeachresort.com-0106-2017Redesign;en-US;http://www.google.com/;28666;1;0
Theloganhotel.com-0043-2015Redesign;en-US;https://www.google.com/;9327;1;0
Opalsands.com-0084-2016Redesign;en-US;http://www.beachtourism.com/opalsandsresort/;20171;1;0
Monarchbeachresort.com-0092-2016Redesign;en-US;http://m.facebook.com/;22992;1;0
wentworthcom00212014redesign;en-US;https://www.google.com/;4307;1;0
Longboatkeyclub.com-0104-2017Redesign;en-US;https://worldcam.eu/webcams/north-america/florida-usa/15728;28317;1;0
Cphollywoodbeach.com-0032-2015Redesign;en-US;https://www.sunny.org/webcam/;7831;1;0
Monarchbeachresort.com-0092-2016Redesign;en-US;https://www.google.com/;22998;1;0
Monarchbeachresort.com-0092-2016Redesign;en-US;https://www.google.com.br/;22725;1;0
Marriottkeylargo.com-0015-2014Redesign;en-US;http://surfinggator.com/florida-keys/live-cams/live-cams.html;3948;1;0
Marriottkeylargo.com-0015-2014Redesign;en-US;http://surfinggator.com/florida-keys/live-cams/live-cams.html;3964;1;0
Cphollywoodbeach.com-0032-2015Redesign;en-US;https://www.google.com/;7831;1;0
Cphollywoodbeach.com-0032-2015Redesign;en-US;https://www.google.ca/;7831;1;0
Cphollywoodbeach.com-0032-2015Redesign;en-US;https://www.sunny.org/webcam/;7831;1;0
Cphollywoodbeach.com-0032-2015Redesign;en-US;https://www.google.ca/;7831;1;0
Theoxfordhotel.com-0062-2015Redesign;en-US;http://den-80202-5400.localdomain:8000/;14325;1;0
Cocokeyorlando.com-0059-2015Redesign;en-US;https://www.google.com/;12394;1;0
Longboatkeyclub.com-0104-2017Redesign;en-US;https://www.google.ca/;28316;1;0
Longboatkeyclub.com-0104-2017Redesign;en-US;https://www.google.ca/;28316;1;0
Broadmoor.com-0073-2016Redesign;en-US;http://login.nomadix.com:1111/web/portal.html;16724;1;0
Broadmoor.com-0073-2016Redesign;en-US;http://www.google.com/;16791;1;0
Broadmoor.com-0073-2016Redesign;en-US;http://login.nomadix.com:1111/web/portal.html;16724;1;0
Hospitalityupgrade.com-0093-2016Redesign;en-US;https://via-energy-cumpara.com/;33204;1;0
Marriottkeylargo.com-0015-2014Redesign;en-US;http://www.beachcamsusa.com/fl/key-largo/key-largo-marriott-bay-resort-live-webcam;3948;1;0
Cphollywoodbeach.com-0032-2015Redesign;en-US;https://www.sunny.org/webcam/;7831;1;0
Casaybelresort.com-0002-2014Redesign;en-US;https://www.google.com/;1533;1;0
Cphollywoodbeach.com-0032-2015Redesign;en-US;https://www.sunny.org/webcam/;7831;1;0
Hospitalityupgrade.com-0093-2016Redesign;en-US;https://via-energy-cumpara.com/;33204;1;0
Marriottkeylargo.com-0015-2014Redesign;en-US;http://www.beachcamsusa.com/fl/key-largo/key-largo-marriott-bay-resort-live-webcam;3948;1;0
Thesagamore.com-0112-2017Redesign;en-US;https://www.google.com/;33452;1;0
