Casaybelresort.com-0002-2014Redesign;en-US;https://www.google.com/;1613;1;0
Cphollywoodbeach.com-0032-2015Redesign;en-US;https://www.sunny.org/webcam/;7831;1;0
Longboatkeyclub.com-0104-2017Redesign;en-US;http://www.baysider.com/frame/webcam/4120/;35641;1;0
Secretharbourvi.com-0040-2015Redesign;en-US;https://www.google.com/;9231;1;0
Longboatkeyclub.com-0104-2017Redesign;en-US;https://www.google.com/;35641;1;0
Cphollywoodbeach.com-0032-2015Redesign;en-US;https://www.google.ca/;7831;1;0
Sandylane.com-0075-2016Redesign;en-US;http://r.search.yahoo.com/_ylt=A0LEVj8zvLVZK04AYt4XFwx.##SEMICOLONDELIMITER##_ylu=X3oDMTEyMXI4aHAzBHNlYwNzcgRwb3MDMQRjb2xvA2JmMQR2dGlkA0I0MzcwXzE-/RV=2/RE=1505111219/RO=10/RU=http%3a//www.sandylane.com//RK=1/RS=3wN7GNoT86po4xZ2hA73wdWCmiw-;17611;1;0
Broadmoor.com-0073-2016Redesign;en-US;https://www.google.com/;16721;1;0
Broadmoor.com-0073-2016Redesign;en-US;https://www.google.com/;16721;1;0
Broadmoor.com-0073-2016Redesign;en-US;http://m.facebook.com/;16790;1;0
Casaybelresort.com-0002-2014Redesign;en-US;http://board.bestofsanibelcaptiva.com/viewtopic.php;1613;1;0
Galthouse.com-0042-2015Redesign;en-US;https://www.google.com/;31905;1;0
Casaybelresort.com-0002-2014Redesign;en-US;https://www.google.com/;1613;1;0
Galthouse.com-0042-2015Redesign;en-US;https://www.google.com/;31905;1;0
Opalsands.com-0084-2016Redesign;en-US;https://www.yelp.com/;21540;1;0
Opalsands.com-0084-2016Redesign;en-US;https://www.yelp.com/;21540;1;0
Casaybelresort.com-0002-2014Redesign;en-US;https://www.google.co.uk/;1613;1;0
Thesagamore.com-0112-2017Redesign;en-US;https://www.google.com/;32339;1;0
Opalsands.com-0084-2016Redesign;en-US;http://www.google.com/;20171;1;0
Casaybelresort.com-0002-2014Redesign;en-US;https://www.google.com/;1613;1;0
Cphollywoodbeach.com-0032-2015Redesign;en-US;https://www.google.com/;7831;1;0
Broadmoor.com-0073-2016Redesign;en-US;http://m.facebook.com/;17344;1;0
shop.broadmoor.com-0096-2016ShoppingCart;en-US;https://www.google.com/;26973;1;0
Delraysandsresort.com-0097-2016Redesign;en-US;http://www.ophotels.com/locator/;27232;1;0
Theharborsidehotel.com-0114-2017Redesign;en-US;http://www.ophotels.com/locator/;37571;1;0
Jupiterbeachresort.com-0103-2017Redesign;en-US;http://www.ophotels.com/locator/;28158;1;0
Lakeplacidlodge.com-0105-2017Redesign;en-US;http://www.ophotels.com/locator/;28545;1;0
Napavalleymarriott.com-0071-2016Redesign;en-US;https://www.google.com/;16432;1;0
Marriottdelraybeach.com-0009-2014Redesign;en-US;http://www.ophotels.com/locator/;2829;1;0
Lidobeachresort.com-0106-2017Redesign;en-US;http://www.ophotels.com/locator/;28666;1;0
Marriottkeylargo.com-0015-2014Redesign;en-US;http://www.ophotels.com/locator/;3948;1;0
Casaybelresort.com-0002-2014Redesign;en-US;https://www.google.co.uk/;1613;1;0
Cphollywoodbeach.com-0032-2015Redesign;en-US;https://www.google.com/;7831;1;0
Samosetresort.com-0113-2017Redesign;en-US;http://www.ophotels.com/locator/;32541;1;0
Samosetresort.com-0113-2017Redesign;en-US;http://www.ophotels.com/locator/;32541;1;0
Longboatkeyclub.com-0104-2017Redesign;en-US;http://www.ophotels.com/locator/;35641;1;0
Thesagamore.com-0112-2017Redesign;en-US;http://www.ophotels.com/locator/;32339;1;0
wentworthcom00212014redesign;en-US;http://www.ophotels.com/locator/;26679;1;0
Edgewaternaples.com-0094-2016Redesign;en-US;https://www.google.com/;25239;1;0
Hi-nyc.com-0108-2017Redesogm;en-US;http://www.google.co.uk/;30109;1;0
theweststreethotel.com-0115-2017Redesign;en-US;http://www.ophotels.com/locator/;36683;1;0
Cphollywoodbeach.com-0032-2015Redesign;en-US;https://www.google.com/;7831;1;0
Casaybelresort.com-0002-2014Redesign;en-US;https://www.google.com/;1616;1;0
Opalsands.com-0084-2016Redesign;en-US;http://www.beachtourism.com/opalsandsresort/;20171;1;0
Sandpearl.com-0091-2016Redesign;en-US;https://www.google.com/;22488;1;0
Casaybelresort.com-0002-2014Redesign;en-US;https://www.google.com/;1613;1;0
Broadmoor.com-0073-2016Redesign;en-US;https://www.google.com/;16764;1;0
Cphollywoodbeach.com-0032-2015Redesign;en-US;https://www.sunny.org/webcam/;7831;1;0
Montaukyachtclub.com-0010-2014Redesign;en-US;https://www.google.com/;2381;1;0
Longboatkeyclub.com-0104-2017Redesign;en-US;https://worldcam.eu/webcams/north-america/florida-usa/15728;28317;1;0
Casaybelresort.com-0002-2014Redesign;en-US;https://www.google.com/;1613;1;0
Broadmoor.com-0073-2016Redesign;en-US;http://tpc.googlesyndication.com/safeframe/1-0-10/html/container.html;16728;1;0
Casaybelresort.com-0002-2014Redesign;en-US;https://www.google.ca/;1613;1;0
Casaybelresort.com-0002-2014Redesign;en-US;http://surfinggator.com/fort-myers/cams/cams.html;1613;1;0
Thesagamore.com-0112-2017Redesign;en-US;https://na28.salesforce.com/;32339;1;0
Thecrawfordhotel.com-0074-2016Redesign;en-US;https://www.google.com/;17192;1;0
Cphollywoodbeach.com-0032-2015Redesign;en-US;https://www.sunny.org/webcam/;7831;1;0
Thelodgeatwoodloch.com-0033-2015Redesign;en-US;https://www.google.com/;9932;1;0
Broadmoor.com-0073-2016Redesign;en-US;http://tpc.googlesyndication.com/safeframe/1-0-10/html/container.html;16728;1;0
Jupiterbeachresort.com-0103-2017Redesign;en-US;https://www.google.com/;28158;1;0
Broadmoor.com-0073-2016Redesign;en-US;http://www.google.com/;18259;1;0
Washingtoncourthotel.com-0076-2016Redesign;en-US;http://www.google.com/;17911;1;0
Cphollywoodbeach.com-0032-2015Redesign;en-US;https://www.sunny.org/webcam/;7831;1;0
Bellemontfarm.com-0007-2013Redesign;en-US;https://www.google.com/;11497;1;0
Broadmoor.com-0073-2016Redesign;en-US;https://www.google.com/;16793;1;0
Delraysandsresort.com-0097-2016Redesign;en-US;http://www.ophotels.com/locator/;27232;1;0
Broadmoor.com-0073-2016Redesign;en-US;http://tpc.googlesyndication.com/safeframe/1-0-10/html/container.html;16728;1;0
Theharborsidehotel.com-0114-2017Redesign;en-US;http://www.ophotels.com/locator/;37571;1;0
Cphollywoodbeach.com-0032-2015Redesign;en-US;https://www.google.ro/;7831;1;0
Jupiterbeachresort.com-0103-2017Redesign;en-US;http://www.ophotels.com/locator/;28158;1;0
Lakeplacidlodge.com-0105-2017Redesign;en-US;http://www.ophotels.com/locator/;28545;1;0
Lidobeachresort.com-0106-2017Redesign;en-US;http://www.ophotels.com/locator/;28666;1;0
Sandpearl.com-0091-2016Redesign;en-US;https://www.google.com/;22481;1;0
Marriottdelraybeach.com-0009-2014Redesign;en-US;http://www.ophotels.com/locator/;2829;1;0
Marriottkeylargo.com-0015-2014Redesign;en-US;http://www.ophotels.com/locator/;3948;1;0
Broadmoor.com-0073-2016Redesign;en-US;https://www.google.com/;16721;1;0
Samosetresort.com-0113-2017Redesign;en-US;http://www.ophotels.com/locator/;32541;1;0
Casaybelresort.com-0002-2014Redesign;en-US;http://surfinggator.com/fort-myers/cams/cams.html;1613;1;0
Samosetresort.com-0113-2017Redesign;en-US;http://www.ophotels.com/locator/;32541;1;0
Longboatkeyclub.com-0104-2017Redesign;en-US;http://www.ophotels.com/locator/;35641;1;0
Casaybelresort.com-0002-2014Redesign;en-US;https://www.google.com/;1613;1;0
Thesagamore.com-0112-2017Redesign;en-US;http://www.ophotels.com/locator/;32339;1;0
wentworthcom00212014redesign;en-US;http://www.ophotels.com/locator/;26679;1;0
theweststreethotel.com-0115-2017Redesign;en-US;http://www.ophotels.com/locator/;36683;1;0
Cphollywoodbeach.com-0032-2015Redesign;en-US;https://www.sunny.org/webcam/;7831;1;0
Casaybelresort.com-0002-2014Redesign;en-US;http://surfinggator.com/fort-myers/cams/cams.html;1613;1;0
Cendyn.com-0095-2016Redesign;en-US;http://www.cendynone.com/;26640;1;0
