Samosetresort.com-0113-2017Redesign;en-US;http://www.wrfr.org/;32541;1;0
Samosetresort.com-0113-2017Redesign;en-US;http://www.wrfr.org/;32541;1;0
Kittitianhill.com-0012-2014Redesign;en-US;https://www.google.ch/;2236;1;0
Sandylane.com-0075-2016Redesign;en-US;https://mojpregled.com/;17675;1;0
Chrco.com-0107-2017Redesign;en-US;https://www.google.com/;29280;1;0
Sandylane.com-0075-2016Redesign;en-US;https://mojpregled.com/;17675;1;0
Sandpearl.com-0091-2016Redesign;en-US;https://www.bing.com/;22481;1;0
Thesagamore.com-0112-2017Redesign;en-US;https://www.bing.com/;32339;1;0
Broadmoor.com-0073-2016Redesign;en-US;http://www.visitcos.com/things-to-do/itineraries/best-of-cos-itineraries/55-attractions-in-5-days/;18259;1;0
Sandpearl.com-0091-2016Redesign;en-US;https://www.google.com/;30638;1;0
Broadmoor.com-0073-2016Redesign;en-US;https://www.google.com/;16728;1;0
Broadmoor.com-0073-2016Redesign;en-US;http://tpc.googlesyndication.com/safeframe/1-0-10/html/container.html;16728;1;0
Broadmoor.com-0073-2016Redesign;en-US;https://www.google.com/;16721;1;0
Longboatkeyclub.com-0104-2017Redesign;en-US;https://www.google.com/;28316;1;0
Broadmoor.com-0073-2016Redesign;en-US;https://www.google.com/;16764;1;0
Lidobeachresort.com-0106-2017Redesign;en-US;https://www.tripadvisor.com/Hotel_Review-g34618-d85685-Reviews-Lido_Beach_Resort-Sarasota_Florida.html;28666;1;0
Lidobeachresort.com-0106-2017Redesign;en-US;https://www.tripadvisor.com/Hotel_Review-g34618-d85685-Reviews-Lido_Beach_Resort-Sarasota_Florida.html;28666;1;0
Longboatkeyclub.com-0104-2017Redesign;en-US;https://www.google.com/;28333;1;0
Edgewaternaples.com-0094-2016Redesign;en-US;http://ads.smaato.com/;37409;1;0
Theoxfordhotel.com-0062-2015Redesign;en-US;https://www.google.com/;14325;1;0
Montaukyachtclub.com-0010-2014Redesign;en-US;https://www.google.com/;2240;1;0
Thesagamore.com-0112-2017Redesign;en-US;https://www.bing.com/;33922;1;0
Theoxfordhotel.com-0062-2015Redesign;en-US;https://www.google.com/;14325;1;0
Broadmoor.com-0073-2016Redesign;en-US;https://www.google.com/;16721;1;0
Thecurtis.com-0079-2016Redesign;en-US;https://www.google.com/;17981;1;0
Thesagamore.com-0112-2017Redesign;en-US;https://www.google.com/;32339;1;0
Broadmoor.com-0073-2016Redesign;en-US;https://tpc.googlesyndication.com/safeframe/1-0-10/html/container.html;16728;1;0
Galthouse.com-0042-2015Redesign;en-US;https://www.churchilldowns.com/visit/info/hotel;31905;1;0
Oxfordclubspa.com-0068-2016Redesign;en-US;http://www.theoxfordhotel.com/;15568;1;0
Oxfordclubspa.com-0068-2016Redesign;en-US;http://www.theoxfordhotel.com/;15568;1;0
Broadmoor.com-0073-2016Redesign;en-US;http://tpc.googlesyndication.com/safeframe/1-0-10/html/container.html;16728;1;0
Thesagamore.com-0112-2017Redesign;en-US;https://www.google.com/;32359;1;0
Thesagamore.com-0112-2017Redesign;en-US;https://www.google.com/;32339;1;0
Halcyonhotelcherrycreek.com-0061-2015Redesign;en-US;https://uncrate.com/article/halcyon-hotel/;22121;1;0
Longboatkeyclub.com-0104-2017Redesign;en-US;https://www.google.com/;28316;1;0
Broadmoor.com-0073-2016Redesign;en-US;https://www.google.com/;16721;1;0
Lidobeachresort.com-0106-2017Redesign;en-US;https://www.bing.com/;28666;1;0
Broadmoor.com-0073-2016Redesign;en-US;https://www.google.com/;16721;1;0
Montaukyachtclub.com-0010-2014Redesign;en-US;http://m.facebook.com/;2240;1;0
Broadmoor.com-0073-2016Redesign;en-US;http://login.nomadix.com:1111/web/portal.html;16724;1;0
Theoxfordhotel.com-0062-2015Redesign;en-US;https://www.google.com/;14337;1;0
Secretharbourvi.com-0040-2015Redesign;en-US;https://www.google.com/;9231;1;0
Broadmoor.com-0073-2016Redesign;en-US;http://login.nomadix.com:1111/web/portal.html;16724;1;0
Longboatkeyclub.com-0104-2017Redesign;en-US;https://l.facebook.com/;28326;1;0
Sandpearl.com-0091-2016Redesign;en-US;https://www.bing.com/;22481;1;0
Marriottkeylargo.com-0015-2014Redesign;en-US;http://twooceansdigital.com/services/web-cams;3948;1;0
Broadmoor.com-0073-2016Redesign;en-US;https://www.google.com/;17253;1;0
Broadmoor.com-0073-2016Redesign;en-US;https://www.google.com/;17253;1;0
Zotabeachresort.com-0090-2016Redesign;en-US;https://www.google.com/;22357;1;0
Cphollywoodbeach.com-0032-2015Redesign;en-US;http://www.lestubins.com/cam-ras-en-floride.html;7831;1;0
Thecurtis.com-0079-2016Redesign;en-US;https://www.google.com/;19391;1;0
Treasureislandbeachresort.com-0089-2016Redesign;en-US;https://www.google.com/;22169;1;0
Treasureislandbeachresort.com-0089-2016Redesign;en-US;https://www.google.com/;22169;1;0
Thesagamore.com-0112-2017Redesign;en-US;https://www.google.com/;33466;1;0
Thesagamore.com-0112-2017Redesign;en-US;https://www.google.com/;33466;1;0
Cocokeyorlando.com-0059-2015Redesign;en-US;https://www.google.com/;12410;1;0
Theharborsidehotel.com-0114-2017Redesign;en-US;https://www.google.com/;37571;1;0
Lidobeachresort.com-0106-2017Redesign;en-US;https://www.bing.com/;28666;1;0
Lidobeachresort.com-0106-2017Redesign;en-US;https://www.google.com/;28714;1;0
