Samosetresort.com-0113-2017Redesign;en-US;http://www.ophotels.com/locator/;32541;1;0
Samosetresort.com-0113-2017Redesign;en-US;http://www.ophotels.com/locator/;32541;1;0
Thesagamore.com-0112-2017Redesign;en-US;http://www.ophotels.com/locator/;32339;1;0
Longboatkeyclub.com-0104-2017Redesign;en-US;http://www.ophotels.com/locator/;35641;1;0
Thelodgeatwoodloch.com-0033-2015Redesign;en-US;http://m.facebook.com/;7764;1;0
Thelodgeatwoodloch.com-0033-2015Redesign;en-US;https://www.google.com/;7764;1;0
Cphollywoodbeach.com-0032-2015Redesign;en-US;https://www.sunny.org/webcam/;7831;1;0
wentworthcom00212014redesign;en-US;http://www.ophotels.com/locator/;26679;1;0
wentworthcom00212014redesign;en-US;http://www.ophotels.com/locator/;4259;1;0
Galthouse.com-0042-2015Redesign;en-US;https://s0.2mdn.net/ads/richmedia/studio/pv2/60042160/20170110091718066/index.html;10923;1;0
Broadmoor.com-0073-2016Redesign;en-US;http://m.facebook.com/;16790;1;0
theweststreethotel.com-0115-2017Redesign;en-US;http://www.ophotels.com/locator/;36683;1;0
Secretharbourvi.com-0040-2015Redesign;en-US;https://www.google.com/;9231;1;0
Unionstationhotelnashville.com-0047-2015Redesign;en-US;https://www.google.com/;32226;1;0
Miravalspamonarchbeach.com-0109-2017Redesign;en-US;https://www.google.com/;33649;1;0
Cocokeyorlando.com-0059-2015Redesign;en-US;http://tpc.googlesyndication.com/safeframe/1-0-10/html/container.html;40344;1;0
Casaybelresort.com-0002-2014Redesign;en-US;https://www.google.com/;1613;1;0
Broadmoor.com-0073-2016Redesign;en-US;https://www.google.com/;17443;1;0
Cphollywoodbeach.com-0032-2015Redesign;en-US;https://www.sunny.org/webcam/;7831;1;0
Theharborsidehotel.com-0114-2017Redesign;en-US;https://www.google.com/;37571;1;0
Theharborsidehotel.com-0114-2017Redesign;en-US;https://www.google.com/;37571;1;0
Casaybelresort.com-0002-2014Redesign;en-US;https://www.google.com/;1533;1;0
Casaybelresort.com-0002-2014Redesign;en-US;https://www.google.com/;1533;1;0
Sandylane.com-0075-2016Redesign;en-US;https://www.google.com/;17611;1;0
Thesagamore.com-0112-2017Redesign;en-US;android-app://com.google.android.googlequicksearchbox/;32339;1;0
Theharborsidehotel.com-0114-2017Redesign;en-US;https://www.google.com/;37571;1;0
Galthouse.com-0042-2015Redesign;en-US;https://www.google.com/;10558;1;0
Broadmoor.com-0073-2016Redesign;en-US;http://login.nomadix.com:1111/web/portal.html;16724;1;0
Broadmoor.com-0073-2016Redesign;en-US;http://login.nomadix.com:1111/web/portal.html;16724;1;0
Galthouse.com-0042-2015Redesign;en-US;android-app://com.google.android.googlequicksearchbox/;31905;1;0
Galthouse.com-0042-2015Redesign;en-US;android-app://com.google.android.googlequicksearchbox/;31905;1;0
Hi-nyc.com-0108-2017Redesogm;en-US;https://www.google.com/;30080;1;0
Cphollywoodbeach.com-0032-2015Redesign;en-US;https://www.sunny.org/webcam/;7831;1;0
Broadmoor.com-0073-2016Redesign;en-US;https://view.contact-client.com/Addons.mvc/Addons/ViewInBrowser;16724;1;0
Thesagamore.com-0112-2017Redesign;en-US;https://www.google.com/;32339;1;0
Cphollywoodbeach.com-0032-2015Redesign;en-US;https://www.google.com/;7831;1;0
Broadmoor.com-0073-2016Redesign;en-US;https://www.google.com.au/;18259;1;0
Broadmoor.com-0073-2016Redesign;en-US;http://m.facebook.com/;20439;1;0
Cocokeyorlando.com-0059-2015Redesign;en-US;https://www.google.com/;12394;1;0
Casaybelresort.com-0002-2014Redesign;en-US;http://surfinggator.com/fort-myers/cams/cams.html;1613;1;0
Lakeplacidlodge.com-0105-2017Redesign;en-US;http://www.lakeplacid.com/lodging/lake-placid-lodge-1;28545;1;0
Lakeplacidlodge.com-0105-2017Redesign;en-US;http://www.lakeplacid.com/lodging/lake-placid-lodge-1;28545;1;0
Edgewaternaples.com-0094-2016Redesign;en-US;https://www.google.com/;25239;1;0
Edgewaternaples.com-0094-2016Redesign;en-US;https://www.google.com/;25239;1;0
Casaybelresort.com-0002-2014Redesign;en-US;https://www.google.com/;1613;1;0
Thesagamore.com-0112-2017Redesign;en-US;https://www.google.com/;32339;1;0
Thesagamore.com-0112-2017Redesign;en-US;https://www.google.com/;32339;1;0
Thelodgeatwoodloch.com-0033-2015Redesign;en-US;https://www.google.com/;8254;1;0
saddlebrook.com-0011-2014Redesign;en-US;https://www.google.com/;3457;1;0
Cphollywoodbeach.com-0032-2015Redesign;en-US;https://search.yahoo.com/;7831;1;0
Casaybelresort.com-0002-2014Redesign;en-US;https://www.google.com/;1613;1;0
Opalsands.com-0084-2016Redesign;en-US;https://www.google.com/;20171;1;0
Broadmoor.com-0073-2016Redesign;en-US;https://barbecuebible.com/barbecue-university/;17465;1;0
Broadmoor.com-0073-2016Redesign;en-US;https://www.google.com/;16766;1;0
Opalsands.com-0084-2016Redesign;en-US;https://www.google.com/;20171;1;0
Courtyardportlandcitycenter.com-0063-2015Redesign;en-US;https://www.google.com/;14545;1;0
Denvercy.com-0036-2015Redesign;en-US;https://www.google.com/;8150;1;0
Thelodgeatwoodloch.com-0033-2015Redesign;en-US;https://www.google.com/;7764;1;0
Cphollywoodbeach.com-0032-2015Redesign;en-US;android-app://com.google.android.googlequicksearchbox/;7831;1;0
Sandpearl.com-0091-2016Redesign;en-US;http://m.facebook.com/;30638;1;0
