Glencovemansion.com-0058-2015Redesign;en-US;https://www.google.com/;13328;1;0
saddlebrook.com-0011-2014Redesign;en-US;https://www.google.com/;3385;1;0
Galthouse.com-0042-2015Redesign;en-US;https://www.google.com/;31905;1;0
Theloganhotel.com-0043-2015Redesign;en-US;https://www.google.com/;20218;1;0
Casaybelresort.com-0002-2014Redesign;en-US;http://showboxpc.be/description-app-showbox-and-its-advantage/;1533;1;0
Samosetresort.com-0113-2017Redesign;en-US;https://www.google.com/;32541;1;0
Broadmoor.com-0073-2016Redesign;en-US;https://www.google.com/;21233;1;0
Broadmoor.com-0073-2016Redesign;en-US;http://m.facebook.com/;16721;1;0
Meateatery.com-0080-2016Redesign;en-US;https://google.com/;18505;1;0
Thecrawfordhotel.com-0074-2016Redesign;en-US;http://unionstationindenver.com/news-events/events/;17190;1;0
Lidobeachresort.com-0106-2017Redesign;en-US;http://l.facebook.com/l.php;28666;1;0
Glencovemansion.com-0058-2015Redesign;en-US;https://www.google.com/;13328;1;0
Galthouse.com-0042-2015Redesign;en-US;http://m.facebook.com/;31905;1;0
Broadmoor.com-0073-2016Redesign;en-US;https://s0.2mdn.net/5231234/1492451954896/TheBroadmoor_2017Q1_Wilderness_300x250.html;16728;1;0
Glencovemansion.com-0058-2015Redesign;en-US;https://www.google.com/;13340;1;0
Lidobeachresort.com-0106-2017Redesign;en-US;https://www.google.com/;28666;1;0
Lidobeachresort.com-0106-2017Redesign;en-US;https://www.google.com/;28666;1;0
Broadmoor.com-0073-2016Redesign;en-US;android-app://com.google.android.googlequicksearchbox/;16721;1;0
Courtyardportlandcitycenter.com-0063-2015Redesign;en-US;https://www.google.com/;14545;1;0
Broadmoor.com-0073-2016Redesign;en-US;https://googleads.g.doubleclick.net/pagead/ads;16728;1;0
