saddlebrook.com-0011-2014Redesign;;saddlebrook.com-0011-2014Redesign;0;1;0
Casaybelresort.com-0002-2014Redesign;;Casaybelresort.com-0002-2014Redesign;0;1;0
Lidobeachresort.com-0106-2017Redesign;;Lidobeachresort.com-0106-2017Redesign;0;1;0
Monarchbeachresort.com-0092-2016Redesign;;Monarchbeachresort.com-0092-2016Redesign;0;1;0
Longboatkeyclub.com-0104-2017Redesign;;Longboatkeyclub.com-0104-2017Redesign;0;1;0
Monarchbeachresort.com-0092-2016Redesign;;Monarchbeachresort.com-0092-2016Redesign;0;1;0
Halcyonhotelcherrycreek.com-0061-2015Redesign;;Halcyonhotelcherrycreek.com-0061-2015Redesign;0;1;0
Bellemontfarm.com-0007-2013Redesign;;Bellemontfarm.com-0007-2013Redesign;0;1;0
Broadmoor.com-0073-2016Redesign;;Broadmoor.com-0073-2016Redesign;0;1;0
Cphollywoodbeach.com-0032-2015Redesign;;Cphollywoodbeach.com-0032-2015Redesign;0;1;0
Opalsands.com-0084-2016Redesign;;Opalsands.com-0084-2016Redesign;0;1;0
Thesagamore.com-0112-2017Redesign;;Thesagamore.com-0112-2017Redesign;0;1;0
Galthouse.com-0042-2015Redesign;;Galthouse.com-0042-2015Redesign;0;1;0
Montaukyachtclub.com-0010-2014Redesign;;Montaukyachtclub.com-0010-2014Redesign;0;1;0
Casaybelresort.com-0002-2014Redesign;;Casaybelresort.com-0002-2014Redesign;0;1;0
Secretharbourvi.com-0040-2015Redesign;;Secretharbourvi.com-0040-2015Redesign;0;1;0
Broadmoor.com-0073-2016Redesign;;Broadmoor.com-0073-2016Redesign;0;1;0
Cphollywoodbeach.com-0032-2015Redesign;;Cphollywoodbeach.com-0032-2015Redesign;0;1;0
Thecrawfordhotel.com-0074-2016Redesign;;Thecrawfordhotel.com-0074-2016Redesign;0;1;0
Thesagamore.com-0112-2017Redesign;;Thesagamore.com-0112-2017Redesign;0;1;0
Casaybelresort.com-0002-2014Redesign;;Casaybelresort.com-0002-2014Redesign;0;1;0
Longboatkeyclub.com-0104-2017Redesign;;Longboatkeyclub.com-0104-2017Redesign;0;1;0
