Broadmoor.com-0073-2016Redesign;;Broadmoor.com-0073-2016Redesign;0;1;0
Zotabeachresort.com-0090-2016Redesign;;Zotabeachresort.com-0090-2016Redesign;0;1;0
Broadmoor.com-0073-2016Redesign;;Broadmoor.com-0073-2016Redesign;0;1;0
Broadmoor.com-0073-2016Redesign;;Broadmoor.com-0073-2016Redesign;0;1;0
Opalsands.com-0084-2016Redesign;;Opalsands.com-0084-2016Redesign;0;1;0
Cocokeyorlando.com-0059-2015Redesign;;Cocokeyorlando.com-0059-2015Redesign;0;1;0
Cocokeyorlando.com-0059-2015Redesign;;Cocokeyorlando.com-0059-2015Redesign;0;1;0
Sandylane.com-0075-2016Redesign;;Sandylane.com-0075-2016Redesign;0;1;0
Sandylane.com-0075-2016Redesign;;Sandylane.com-0075-2016Redesign;0;1;0
wentworthcom00212014redesign;;wentworthcom00212014redesign;0;1;0
Glencovemansion.com-0058-2015Redesign;;Glencovemansion.com-0058-2015Redesign;0;1;0
Theharborsidehotel.com-0114-2017Redesign;;Theharborsidehotel.com-0114-2017Redesign;0;1;0
Luxehotels.com-0078-2016Redesign;;Luxehotels.com-0078-2016Redesign;0;1;0
theweststreethotel.com-0115-2017Redesign;;theweststreethotel.com-0115-2017Redesign;0;1;0
Washingtondukeinn.com-0024-2014Redesign;;Washingtondukeinn.com-0024-2014Redesign;0;1;0
Broadmoor.com-0073-2016Redesign;;Broadmoor.com-0073-2016Redesign;0;1;0
Broadmoor.com-0073-2016Redesign;;Broadmoor.com-0073-2016Redesign;0;1;0
Lidobeachresort.com-0106-2017Redesign;;Lidobeachresort.com-0106-2017Redesign;0;1;0
Broadmoor.com-0073-2016Redesign;;Broadmoor.com-0073-2016Redesign;0;1;0
Broadmoor.com-0073-2016Redesign;;Broadmoor.com-0073-2016Redesign;0;1;0
Broadmoor.com-0073-2016Redesign;;Broadmoor.com-0073-2016Redesign;0;1;0
Galthouse.com-0042-2015Redesign;;Galthouse.com-0042-2015Redesign;0;1;0
Galthouse.com-0042-2015Redesign;;Galthouse.com-0042-2015Redesign;0;1;0
