wentworthcom00212014redesign;;wentworthcom00212014redesign;0;1;0
Sandpearl.com-0091-2016Redesign;;Sandpearl.com-0091-2016Redesign;0;1;0
Lidobeachresort.com-0106-2017Redesign;;Lidobeachresort.com-0106-2017Redesign;0;1;0
Cphollywoodbeach.com-0032-2015Redesign;;Cphollywoodbeach.com-0032-2015Redesign;0;1;0
Galthouse.com-0042-2015Redesign;;Galthouse.com-0042-2015Redesign;0;1;0
Saddlebrookprep.com-0022-2014Transfer;;Saddlebrookprep.com-0022-2014Transfer;0;1;0
Lidobeachresort.com-0106-2017Redesign;;Lidobeachresort.com-0106-2017Redesign;0;1;0
Broadmoor.com-0073-2016Redesign;;Broadmoor.com-0073-2016Redesign;0;1;0
Miravalspamonarchbeach.com-0109-2017Redesign;;Miravalspamonarchbeach.com-0109-2017Redesign;0;1;0
Luxehotels.com-0078-2016Redesign;;Luxehotels.com-0078-2016Redesign;0;1;0
Broadmoor.com-0073-2016Redesign;;Broadmoor.com-0073-2016Redesign;0;1;0
Broadmoor.com-0073-2016Redesign;;Broadmoor.com-0073-2016Redesign;0;1;0
Broadmoor.com-0073-2016Redesign;;Broadmoor.com-0073-2016Redesign;0;1;0
Broadmoor.com-0073-2016Redesign;;Broadmoor.com-0073-2016Redesign;0;1;0
Broadmoor.com-0073-2016Redesign;;Broadmoor.com-0073-2016Redesign;0;1;0
Broadmoor.com-0073-2016Redesign;;Broadmoor.com-0073-2016Redesign;0;1;0
Broadmoor.com-0073-2016Redesign;;Broadmoor.com-0073-2016Redesign;0;1;0
Broadmoor.com-0073-2016Redesign;;Broadmoor.com-0073-2016Redesign;0;1;0
Broadmoor.com-0073-2016Redesign;;Broadmoor.com-0073-2016Redesign;0;1;0
Broadmoor.com-0073-2016Redesign;;Broadmoor.com-0073-2016Redesign;0;1;0
Thesagamore.com-0112-2017Redesign;;Thesagamore.com-0112-2017Redesign;0;1;0
